# SA for random K-SAT
# K = 3   N = 32768   M = 114688   seed = 330715393
# alpha = 3.500000   nIter = 32768  Tmax = 0.200000
# 1:lowestUnsat  2:runTime
0 13233
0 13410
0 13186
0 13026
0 12668
0 13532
0 12649
0 12305
0 12373
0 13120
0 13234
0 13245
0 12904
0 12780
0 12878
0 13034
0 13436
0 12669
0 12932
0 13293
0 12808
0 13019
0 13233
0 12504
0 13134
0 11856
0 13585
0 12020
0 13150
0 13141
0 13055
0 12891
0 11961
0 12993
0 12446
0 13554
0 12922
0 13105
0 12054
0 12882
0 13416
0 12717
0 13109
0 12799
0 12725
0 13379
0 11937
0 13060
0 12852
0 12543
0 12294
0 12868
0 12877
0 13475
0 13369
0 12606
0 12660
0 11669
0 13203
0 12729
0 12527
0 12557
0 13175
0 12645
0 12965
0 12289
0 12479
0 12968
0 12997
0 12324
0 13232
0 13323
0 12903
0 12869
0 12971
0 13404
0 13057
0 12917
0 13154
0 13484
0 13195
0 12640
0 12448
0 12912
0 13430
0 12186
0 13079
0 13150
0 13055
0 13112
0 13411
0 12710
0 12788
0 13503
0 12876
0 13770
0 12112
0 13262
0 12769
0 13673
0 12293
0 12968
0 13000
0 13465
0 12552
0 12975
0 13108
0 13109
0 12826
0 12249
0 12495
0 13115
0 13212
0 13073
0 13378
0 12970
0 13572
0 13638
0 13275
0 12693
0 13070
0 13127
0 12797
0 12235
0 12967
0 11493
0 13141
0 13198
0 13197
0 12583
0 12828
0 12430
0 13043
0 12836
0 13376
0 12878
0 13219
0 12126
0 13233
0 12406
0 12830
0 13260
0 12925
0 12726
0 12788
0 13621
0 12395
0 13224
0 13026
0 13836
0 12634
0 12917
0 13054
0 12713
0 12611
0 12626
0 13091
0 13514
0 12798
0 12269
0 12643
0 12676
0 13245
0 12580
0 12755
0 13153
0 12990
0 13013
0 12871
0 12254
0 12289
0 12512
0 12954
0 13258
0 13566
0 12260
0 12645
0 13564
0 13112
0 12538
0 12642
0 13017
0 12760
0 12812
0 11694
0 12875
0 12856
0 12664
0 12675
0 13704
0 12280
0 12911
0 13350
0 12784
0 13332
0 13012
0 13115
0 12887
0 13096
0 12793
0 13061
0 12872
0 13047
0 13255
0 13028
0 12829
0 12955
0 13382
0 12630
0 12703
0 13123
0 13343
0 12892
0 13273
0 11938
0 13154
0 12909
0 12905
0 12466
0 12509
0 13274
0 13407
0 13278
0 13197
0 11711
0 12428
0 13202
0 12798
0 12998
0 12538
0 12767
0 13064
0 12838
0 13428
0 13010
0 12246
0 13032
0 13514
0 12151
0 12664
0 12906
0 12848
0 13295
0 12910
0 12860
0 13191
0 13122
0 13046
0 13422
0 12732
0 12283
0 12009
0 12722
0 12866
0 12260
0 12480
0 12937
0 12495
0 12859
0 12717
0 13071
0 13094
0 13000
0 12737
0 13233
0 13842
0 13490
0 12523
0 12660
0 12918
0 13168
0 13070
0 12543
0 13137
0 13197
0 12329
0 12108
0 13295
0 13049
0 13085
0 12956
0 13136
0 12171
0 13597
0 12976
0 13356
0 12897
0 12861
0 12742
0 12702
0 11726
0 11881
0 12382
0 13151
0 12951
0 13217
0 12992
0 12080
0 12724
0 12862
0 12688
0 11693
0 11256
0 12853
0 13564
0 11753
0 12961
0 12359
0 12944
0 13029
0 13538
0 12559
0 13329
0 12916
0 13110
0 13122
0 12813
0 12707
0 12422
0 13386
0 12924
0 12107
0 12904
0 12346
0 12496
0 12734
0 13331
0 11801
0 13692
0 13592
0 13371
0 13186
0 13075
0 12931
0 12858
0 12833
0 13246
0 13240
0 13050
0 12553
0 11978
0 13146
0 13418
0 13630
0 12852
0 12537
0 12849
0 12712
0 13536
0 11740
0 12911
0 12389
0 13427
0 13449
0 12537
0 13997
0 12183
0 11731
0 12655
0 12601
0 12505
0 11997
0 13396
0 13167
0 13416
0 12960
0 13204
0 12428
0 11904
0 11860
0 13378
0 12845
0 13099
0 13732
0 13479
0 12690
0 12505
0 12973
0 13899
0 12807
0 12959
0 13753
0 12711
0 12946
0 12547
0 12534
0 12884
0 12709
0 12425
0 12571
0 12648
0 12552
0 13115
0 13393
0 12576
0 13260
0 12982
0 13267
0 12707
0 13156
0 12986
0 13187
0 12976
0 12393
0 12855
0 12723
0 12865
0 13015
0 12653
0 13015
0 12736
0 12793
0 13068
0 13356
0 13468
0 12814
0 11476
0 12782
0 12700
0 12146
0 12888
0 12720
0 13835
0 13589
0 12390
0 13101
0 12743
0 13090
0 12461
0 13251
0 12304
0 13305
0 12754
0 13262
0 13062
0 13330
0 12746
0 12954
0 12475
0 11531
0 12406
0 12516
0 13464
0 12742
0 12801
0 13127
0 11766
0 11606
0 13172
0 12746
0 13399
0 13306
0 12900
0 13054
0 12990
0 12254
0 12482
0 13004
0 13563
0 12916
0 12656
0 13402
0 12723
0 12121
0 12982
0 11940
0 12864
0 13059
0 12382
0 13477
0 12327
0 13278
0 13059
0 11958
0 12759
0 12667
0 12071
0 13362
0 12971
0 13273
0 12427
0 12742
0 12933
0 12363
0 13351
0 13291
0 12339
0 13476
0 11694
0 12683
0 12677
0 12867
0 13596
0 12726
0 13302
0 11912
0 13198
0 13390
0 13583
0 12847
0 13012
0 12657
0 12655
0 12670
0 13549
0 12712
0 13025
0 12834
0 13429
0 13091
0 13308
0 12051
0 13111
0 12680
0 12349
0 13107
0 13510
0 12813
0 13014
0 13069
0 13249
0 12576
0 12619
0 12834
0 13176
0 11447
0 13470
0 13021
0 12622
0 13268
0 13241
0 13610
0 13240
0 12215
0 12895
0 12749
0 12898
0 12711
0 13405
0 12502
0 12545
0 13058
0 13061
0 12165
0 13648
0 12957
0 13004
0 13041
0 12834
0 13107
0 11146
0 13580
0 12901
0 12969
0 13772
0 12901
0 12961
0 13133
0 12242
0 12379
0 13247
0 12909
0 13545
0 12268
0 12887
0 12567
0 13369
0 12857
0 12010
0 13277
0 12973
0 13228
0 12603
0 12912
0 11825
0 13455
0 13402
0 12996
0 13073
0 12959
0 12956
0 13311
0 12378
0 12657
0 12368
0 12449
0 12399
0 12930
0 12646
0 12589
0 13124
0 12776
0 12339
0 12538
0 13038
0 13614
0 13403
0 13295
0 13327
0 12797
0 12883
0 12524
0 12807
0 12450
0 12754
0 13456
0 13254
0 12943
0 12901
0 12690
0 12435
0 12816
0 12120
0 13420
0 12970
0 13072
0 12704
0 12716
0 12174
0 12416
0 12498
0 14076
0 13192
0 12470
0 13374
0 13005
0 11821
0 13528
0 12631
0 13518
0 13182
0 13596
0 12462
0 12096
0 13038
0 12442
0 13260
0 12693
0 13134
0 13035
0 12729
0 11825
0 13271
0 13348
0 12785
0 12680
0 13373
0 12373
0 12880
0 12728
0 12776
0 13243
0 12666
0 13446
0 13234
0 13235
0 13503
0 13633
0 12809
0 13405
0 12571
0 12400
0 13525
0 12455
0 12131
0 13167
0 12414
0 13025
0 13036
0 12917
0 12878
0 12576
0 13663
0 13382
0 12822
0 12820
0 11732
0 13381
0 13068
0 12326
0 13518
0 12786
0 12668
0 12209
0 13095
0 12467
0 12515
0 12944
0 12860
0 12886
0 13361
0 13613
0 12724
0 12557
0 12505
0 13487
0 13665
0 12586
0 13276
0 12552
0 13260
0 11796
0 12839
0 13210
0 12320
0 12786
0 13171
0 12570
0 13390
0 13150
0 12675
0 12731
0 13237
0 12659
0 13313
0 12416
0 12059
0 13422
0 12760
0 12651
0 12087
0 13038
0 12629
0 12061
0 12648
0 13133
0 13025
0 13366
0 13268
0 12994
0 13193
0 12660
0 13221
0 11993
0 13216
0 14074
0 13126
0 13864
0 12950
0 12665
0 12249
0 12758
0 13485
0 13198
0 13433
0 13125
0 13112
0 12946
0 12807
0 13155
0 12577
0 12881
0 12827
0 13386
0 13046
0 12847
0 13023
0 12753
0 12688
0 13242
0 12358
0 13503
0 12265
0 13004
0 12429
0 13111
0 12893
0 12640
0 12508
0 12894
0 13082
0 12659
0 13030
0 12235
0 13610
0 12757
0 13268
0 12797
0 13056
0 12755
0 13335
0 13016
0 12478
0 11776
0 11869
0 12180
0 13228
0 12665
0 13328
0 13601
0 12307
0 13589
0 12638
0 13269
0 13018
0 12901
0 12600
0 13368
0 13399
0 13533
0 13310
0 12712
0 12628
0 12868
0 13111
0 12385
0 13062
0 13150
0 11938
0 11928
0 12602
0 12589
0 13378
0 12758
0 12773
0 12661
0 13624
0 12603
0 13111
0 12834
0 12986
0 13523
0 13200
0 12647
0 12848
0 13048
0 12839
0 12652
0 13468
0 12792
0 12908
0 12597
0 12991
0 13179
0 12430
0 12160
0 13113
0 12530
0 13288
0 12872
0 12607
0 12373
0 12303
0 12745
0 13059
0 12694
0 13598
0 13689
0 12633
0 13117
0 12989
0 12416
0 13126
0 13256
0 13481
0 12745
0 12929
0 12875
0 13234
0 12375
0 11881
0 12840
0 13017
0 12525
0 12876
0 13758
0 13595
0 13226
0 12274
0 12754
0 13416
0 12062
0 12328
0 13359
0 12219
0 12717
0 12975
0 13151
0 13008
0 13135
0 12179
0 12942
0 12865
0 12404
0 11955
0 12496
0 13023
0 13522
0 12780
0 13029
0 11879
0 12795
0 13650
0 13089
0 12158
0 12850
0 12346
0 12787
0 12658
0 12752
0 11898
0 13707
0 13409
0 13325
0 12362
0 12895
0 13029
0 12983
0 12986
0 12837
0 13057
0 12914
0 12947
0 13383
0 13441
0 12585
0 12981
0 12827
0 12700
0 13782
0 12501
0 13321
0 11932
0 13139
0 13367
0 13267
0 12115
0 12678
0 13306
0 13191
0 13691
0 12870
0 13103
0 12819
0 13460
0 12439
0 12948
0 12634
0 13249
0 13493
0 12657
0 13071
0 12701
0 12565
0 12678
0 12546
0 12927
0 13024
0 12448
0 13403
0 12672
0 13408
0 12466
0 12518
0 13255
0 13367
0 12331
0 13158
0 12887
0 13258
0 13568
0 13013
0 12867
0 12267
0 12902
0 12769
0 13083
0 11993
0 12384
0 12811
0 12035
0 12625
0 12468
0 12819
0 12428
0 12222
0 13266
0 12714
0 12084
0 12977
0 13212
0 13337
0 12705
0 12519
0 13185
0 12404
0 12470
0 13243
0 12937
0 13267
0 13399
0 12993
0 12618
0 12811
0 12865
0 12819
0 13337
0 13047
0 13670
0 13145
0 12889
0 12869
0 12843
0 12833
0 13554
0 13567
0 13133
0 11869
0 12184
0 13155
0 11688
0 12841
0 11838
0 12471
0 12857
0 12811
0 13147
0 13405
0 12815
0 13110
0 12492
0 12674
0 13017
0 12759
0 12404
0 13262
0 12192
0 12990
0 12208
0 12656
0 12264
0 13313
0 13539
0 12915
0 13097
0 12258
0 12064
0 13119
0 12721
0 12675
0 12229
0 12856
0 12776
0 12508
0 13134
0 11967
0 13343
0 13214
0 13528
0 10903
0 12081
0 13378
0 11861
0 12636
0 13598
0 13192
0 13108
0 13718
0 13255
0 12247
0 12941
0 12918
0 12214
0 12972
0 12518
0 12568
0 12526
0 12793
0 12202
0 12548
0 13090
0 13113
0 13402
0 12882
0 12975
0 12935
0 13072
0 12488
0 13588
0 13289
0 13222
0 12719
0 12815
0 12090
0 11617
0 12760
0 13012
0 13388
0 13021
0 12838
0 12580
0 12303
0 12346
0 13636
0 13527
0 12918
0 12911
0 13160
0 13193
0 13125
0 12602
0 13312
0 12630
0 12773
0 12878
0 13281
0 12702
0 13100
0 12684
0 11942
0 12369
0 13152
0 12670
0 12723
0 12839
0 12897
0 13224
0 13091
0 12744
0 11699
0 12902
0 12528
0 13050
0 11548
0 12335
0 13384
0 12428
0 12979
0 12727
0 12998
0 13209
0 12225
0 13200
0 13845
0 12848
0 12961
0 12691
0 12581
0 12552
0 13055
0 13069
0 12649
0 13068
0 13417
0 12612
0 13003
0 12696
0 12117
0 12602
0 12868
0 13186
0 13169
0 11675
0 12893
0 12993
0 12626
0 12642
0 13582
0 13376
0 12785
0 12423
0 13138
0 12089
0 13163
0 13165
0 13328
0 12655
0 12985
0 13015
0 12960
0 12583
0 12434
0 12738
0 12613
0 13149
0 12979
0 12475
0 13529
0 12665
0 12578
0 12841
0 13448
0 13435
0 13120
0 12573
0 13483
0 13528
0 13232
0 13453
0 12282
0 12900
0 12619
0 12763
0 12327
0 13026
0 12953
0 13032
0 12516
0 12620
0 12870
0 12664
0 12813
0 13060
0 13142
0 13439
0 12385
0 12873
0 13189
0 12676
0 13512
0 13277
0 12651
0 12283
0 12611
0 12476
0 12887
0 13249
0 12815
0 12628
0 12547
0 12654
0 13112
0 13038
0 12077
0 12896
0 12827
0 13167
0 12688
0 12280
0 12420
0 11687
0 13018
0 13385
0 12629
0 12918
0 12192
0 12734
0 12399
0 13668
0 12969
0 12600
0 13136
0 11998
0 13054
0 13217
0 12731
0 12899
0 12802
0 12722
0 13011
0 13179
0 13249
0 12928
0 12084
0 13021
0 12343
0 12766
0 12984
0 12936
0 13128
0 12425
0 12853
0 13017
0 12456
0 12941
0 12793
0 13309
0 12480
0 13173
0 11750
0 13404
0 12171
0 12602
0 12935
0 12113
0 13646
0 13171
0 13298
0 11840
0 11853
0 12953
0 12786
0 13023
0 12204
0 12262
0 12741
0 12291
0 12839
0 13260
0 13249
0 13280
0 13041
0 13577
0 12763
0 12273
0 13049
0 12910
0 12708
0 13232
0 13178
0 12835
0 12788
0 13135
0 12777
0 13443
0 12837
0 13735
0 12866
0 13025
0 12748
0 12389
0 13021
0 12211
0 12815
0 13001
0 12410
0 13056
0 12561
0 12941
0 13209
0 12839
0 12875
0 12583
0 12365
0 13559
0 13164
0 13162
0 12666
0 12529
0 11791
0 13292
0 12979
0 13578
0 13094
0 12804
0 12876
0 12859
0 12623
0 12993
0 12436
0 12342
0 12795
0 12866
0 12897
0 13041
0 12927
0 12784
0 12522
0 12239
0 13273
0 12978
0 12604
0 12568
0 13571
0 12510
0 12680
0 13405
0 12892
0 13469
0 12229
0 13774
0 12909
0 12482
0 13321
0 13307
0 13150
0 12672
0 12634
0 13480
0 13208
0 12965
0 12998
0 12332
0 12765
0 13217
0 11881
0 13277
0 12904
0 13616
0 11951
0 12243
0 12298
0 13044
0 13125
0 12586
0 12740
0 12693
0 12766
0 12349
0 13348
0 12911
0 13762
0 12145
0 13022
0 12881
0 12351
0 12341
0 12739
0 13037
0 12937
0 12656
0 13006
0 12646
0 12793
0 12861
0 13133
0 12492
0 12776
0 12638
0 12539
0 13275
0 12865
0 12336
0 12963
0 12958
0 12698
0 13098
0 13183
0 12727
0 12357
0 12499
0 13073
0 13049
0 12635
0 12455
0 12894
0 13018
0 12663
0 12531
0 13130
0 12675
0 12197
0 12754
0 13008
0 12023
0 12480
0 12844
0 12703
0 12288
0 12610
0 11950
0 12398
0 12866
0 12627
0 13169
0 13252
0 12661
0 12467
0 12916
0 13124
0 12177
0 12745
0 13070
0 13174
0 12164
0 12853
0 12426
0 13721
0 12532
0 13743
0 13184
0 13073
0 13138
0 12859
0 12679
0 13765
0 12963
0 11846
0 13137
0 12060
0 13327
0 13166
0 12301
0 12447
0 12699
0 13661
0 13276
0 12965
0 12758
0 11617
0 11948
0 12448
0 12372
0 13044
0 13122
0 12832
0 12930
0 13525
0 13032
0 12754
0 13048
0 12666
0 13686
0 13404
0 13041
0 13267
0 11744
0 12949
0 12957
0 13184
0 13253
0 13115
0 13097
0 13271
0 12454
0 12868
0 12388
0 12644
0 13065
0 13006
0 12790
0 12417
0 13028
0 12076
0 13259
0 12969
0 12852
0 13339
0 12813
0 12729
0 13150
0 12511
0 13216
0 13521
0 13034
0 12839
0 13084
0 13782
0 13028
0 13109
0 13051
0 12524
0 13229
0 12820
0 13131
0 13108
0 13548
0 12944
0 12859
0 12213
0 13622
0 12774
0 12522
0 12734
0 13450
0 13420
0 12905
0 12745
0 12861
0 12616
0 13407
0 13332
0 13064
0 11853
0 12669
0 13001
0 13310
0 13297
0 12939
0 13250
0 13243
0 12840
0 13011
0 13460
0 12956
0 13478
0 13332
0 12638
0 13491
0 13132
0 12433
0 12467
0 12412
0 13314
0 12818
0 11309
0 13508
0 13223
0 12854
0 12351
0 12744
0 12496
0 12782
0 13026
0 11939
0 13047
0 12610
0 13206
0 13023
0 13354
0 13754
0 12422
0 12847
0 13273
0 12372
0 12870
0 13116
0 13625
0 13186
0 13421
0 12883
0 13293
0 13077
0 12989
0 12783
0 12241
0 12314
0 12567
0 11809
0 12612
0 12727
0 13028
0 13086
0 13250
0 13198
0 12260
0 12372
0 12858
0 12636
0 13037
0 12755
0 12657
0 12190
0 12003
0 10936
0 11643
0 13099
0 13329
0 12614
0 12333
0 12882
0 12955
0 12328
0 12843
0 12249
0 13242
0 12695
0 12804
0 13073
0 12491
0 13047
0 12944
0 12538
0 12628
0 13022
0 12092
0 12558
0 12367
0 12532
0 12716
0 13343
0 12997
0 13426
0 12658
0 12970
0 12998
0 13275
0 12275
0 12968
0 12361
0 13070
0 12426
0 13374
0 13314
0 13612
0 12994
0 13716
0 12597
0 12567
0 13276
0 13514
0 13154
0 13082
0 13070
0 13356
0 13589
0 13139
0 13747
0 13596
0 13561
0 13027
0 12163
0 12339
0 13059
0 12588
0 12277
0 12040
0 12919
0 13190
0 13514
0 13287
0 12995
0 12737
0 12977
0 12857
0 12378
0 12761
0 13133
0 12400
0 12399
0 13401
0 11708
0 12832
0 13313
0 12546
0 12515
0 11462
0 12495
0 13068
0 12840
0 13250
0 12207
0 11477
0 12103
0 12735
0 13301
0 12404
0 12805
0 12684
0 12227
0 12339
0 12805
0 11978
0 12173
0 12050
0 12322
0 12860
0 11849
0 13900
0 11430
0 13126
0 12948
0 12496
0 12684
0 12705
0 12240
0 13188
0 13043
0 12909
0 12454
0 12871
0 12777
0 12402
0 12627
0 13631
0 12771
0 13290
0 13433
0 12411
0 12212
0 13369
0 12848
0 12349
0 12844
0 13131
0 13356
0 13376
0 12751
0 12077
0 13258
0 13229
0 12749
0 12595
0 13124
0 13637
0 12419
0 12995
0 13589
0 13206
0 13537
0 13156
0 12710
0 13798
0 12010
0 13151
0 13436
0 13087
0 13335
0 12702
0 12954
0 13247
0 12714
0 13240
0 12196
0 12410
0 12948
0 13113
0 13102
0 13030
0 13599
0 12954
0 13171
0 13139
0 13135
0 13173
0 12305
0 12742
0 12349
0 13417
0 12731
0 12547
0 12419
0 13334
0 12501
0 12521
0 12018
0 13099
0 12644
0 12976
0 12428
0 13130
0 12791
0 12794
0 12519
0 13112
0 12541
0 12685
0 12741
0 13187
0 11878
0 13127
0 12723
0 11989
0 12808
0 12424
0 13542
0 12437
0 13718
0 12948
0 12207
0 13325
0 13757
0 12354
0 12093
0 12584
0 12919
0 13174
0 12712
0 13042
0 12779
0 12639
0 12929
0 13221
0 13037
0 13039
0 12580
0 12519
0 13319
0 12843
0 12538
0 12942
0 12785
0 12237
0 12659
0 12690
0 12521
0 13079
0 13188
0 12919
0 12105
0 13200
0 12425
0 13199
0 13070
0 13602
0 13497
0 13446
0 13266
0 12917
0 12881
0 12981
0 12766
0 12860
0 12543
0 13389
0 13263
0 13145
0 13386
0 12950
0 13232
0 13086
0 12783
0 12613
0 13014
0 12894
0 12368
0 11933
0 13194
0 13079
0 12815
0 13140
0 13028
0 12599
0 11694
0 13330
0 13308
0 13765
0 11623
0 13736
0 12976
0 13381
0 12889
0 13362
0 12470
0 13016
0 12506
0 12865
0 13505
0 12253
0 12341
0 13467
0 12182
0 12990
0 12855
0 12723
0 13276
0 12677
0 12778
0 12464
0 12555
0 13586
0 12563
0 12635
0 12984
0 13348
0 12042
0 12981
0 13382
0 13258
0 12186
0 12586
0 12493
0 13144
0 13654
0 12475
0 12538
0 12619
0 12187
0 12363
0 12878
0 13212
0 13251
0 12938
0 13417
0 12752
0 12774
0 12194
0 12047
0 13533
0 13013
0 12793
0 13440
0 12690
0 12586
0 12784
0 12941
0 12424
0 13532
0 12659
0 13239
0 13154
0 13282
0 13060
0 13023
0 12997
0 13143
0 13010
0 13457
0 12318
0 12759
0 12735
0 12859
0 12324
0 13022
0 12697
0 13274
0 12697
0 12589
0 12522
0 13528
0 12726
0 13107
0 11920
0 13017
0 12807
0 12686
0 12914
0 12203
0 12221
0 13331
0 11465
0 13701
0 12651
0 12627
0 12896
0 13060
0 13805
0 13213
0 13004
0 13201
0 12578
0 12938
0 13259
0 13121
0 12965
0 12968
0 12980
0 11350
0 12143
0 13368
0 12494
0 12884
0 12873
0 13060
0 13057
0 12825
0 12553
0 12563
0 13688
0 12823
0 13058
0 13393
0 13473
0 12586
0 12865
0 13294
0 12298
0 12507
0 13132
0 12302
0 12099
0 12844
0 12899
0 13393
0 13393
0 13257
0 11954
0 12301
0 13151
0 12699
0 12238
0 12347
0 12866
0 12828
0 12716
0 12805
0 12747
0 13089
0 12576
0 12998
0 11950
0 12956
0 12792
0 12773
0 11905
0 13291
0 13662
0 13052
0 13446
0 12388
0 12834
0 12597
0 12897
0 12476
0 12902
0 12853
0 12830
0 13047
0 12338
0 13166
0 13210
0 12371
0 12795
0 13039
0 11959
0 12805
0 13234
0 12634
0 12858
0 13116
0 13097
0 12551
0 12309
0 12796
0 12971
0 13334
0 12804
0 12582
0 13046
0 12188
0 12500
0 12980
0 12638
0 12702
0 12684
0 12854
0 13143
0 12952
0 13511
0 12541
0 12946
0 12676
0 12872
0 13112
0 12501
0 11854
0 13152
0 12322
0 13015
0 12237
0 12284
0 11887
0 12219
0 12606
0 13063
0 12930
0 12926
0 13522
0 12810
0 13069
0 13108
0 12756
0 13284
0 13504
0 12918
0 13258
0 12166
0 12923
0 13182
0 12689
0 12709
0 12070
0 12589
0 12695
0 12758
0 13499
0 12992
0 12873
0 13387
0 12400
0 12989
0 11822
0 12795
0 12435
0 12673
0 12968
0 12819
0 13909
0 13215
0 12993
0 12451
0 12774
0 12220
0 13243
0 12740
0 12490
0 12659
0 12809
0 13476
0 12979
0 12759
0 13354
0 12775
0 13040
0 12939
0 13138
0 13210
0 12939
0 13748
0 13240
0 12815
0 12461
0 12999
0 13527
0 12065
0 12562
0 12126
0 13361
0 12921
0 12873
0 13752
0 12288
0 13108
0 13293
0 12944
0 12839
0 12606
0 12756
0 12600
0 12501
0 13137
0 12039
0 12687
0 11605
0 12860
0 12583
0 12285
0 13355
0 12544
0 12979
0 13223
0 13130
0 12915
0 12737
0 12646
0 11990
0 11454
0 12375
0 12997
0 12944
0 12515
0 12320
0 12187
0 13108
0 13438
0 13488
0 12369
0 13818
0 12746
0 12922
0 12683
0 12985
0 12863
0 12817
0 12515
0 13089
0 13239
0 13245
0 12550
0 12529
0 13182
0 12814
0 13445
0 13521
0 12917
0 13304
0 13094
0 13199
0 13210
0 12246
0 12797
0 13323
0 12129
0 11769
0 12817
0 13055
0 12277
0 13286
0 12934
0 12498
0 11722
0 13212
0 13284
0 12623
0 13009
0 13324
0 12512
0 12376
0 13042
0 12346
0 12511
0 12354
0 12320
0 12827
0 13295
0 12749
0 11743
0 12135
0 13128
0 12596
0 13184
0 13368
0 13587
0 12954
0 12730
0 13127
0 12673
0 12772
0 12830
0 12936
0 13611
0 13361
0 13038
0 11726
0 13206
0 13434
0 12895
0 13351
0 12486
0 13287
0 12336
0 12878
0 12902
0 12961
0 11936
0 12701
0 13338
0 13230
0 12930
0 13075
0 12112
0 13389
0 12850
0 12742
0 12112
0 11892
0 13823
0 13041
0 12312
0 13355
0 13134
0 13476
0 13161
0 12776
0 12875
0 12848
0 12875
0 12864
0 12435
0 13069
0 13183
0 12733
0 12804
0 11420
0 13092
0 12754
0 12727
0 13174
0 12486
0 13618
0 12682
0 13008
0 12553
0 12597
0 12738
0 11889
0 13432
0 13124
0 13145
0 13277
0 12794
0 13532
0 13410
0 12874
0 12819
0 13233
0 12654
0 12974
0 13023
0 11839
0 13001
0 12149
0 12751
0 12613
0 12512
0 12735
0 11742
0 13387
0 13468
0 13221
0 11767
0 12566
0 13160
0 12818
0 13106
0 12518
0 12163
0 12022
0 12677
0 12941
0 12873
0 12220
0 13320
0 12243
0 12656
0 12896
0 12841
0 13226
0 12686
0 12237
0 12509
0 12190
0 13337
0 12955
0 12501
0 11811
0 13258
0 12693
0 12942
0 13541
0 12674
0 13965
0 13154
0 13006
0 12585
0 12501
0 12309
0 12384
0 13658
0 13465
0 12200
0 12100
0 13085
0 12392
0 11874
0 13577
0 13119
0 12717
0 13026
0 12925
0 13236
0 12181
0 12917
0 12396
0 12677
0 12763
0 12648
0 12054
0 12257
0 12210
0 12902
0 12965
0 12318
0 12616
0 12714
0 12926
0 12847
0 13061
0 13276
0 13064
0 12660
0 12928
0 12635
0 12419
0 12165
0 13073
0 12586
0 13467
0 12588
0 13033
0 12638
0 12571
0 12329
0 13335
0 12478
0 12995
0 12900
0 13229
0 13149
0 13210
0 12851
0 13443
0 12729
0 13062
0 12810
0 12433
0 13276
0 12599
0 12715
0 13105
0 13487
0 12683
0 12957
0 12569
0 12626
0 12845
0 12712
0 12117
0 13301
0 12903
0 12490
0 13261
0 12918
0 12847
0 12551
0 13265
0 12614
0 13358
0 12322
0 13499
0 11850
0 13453
0 13046
0 12483
0 12160
0 12801
0 12943
0 12655
0 12592
0 13689
0 12945
0 13160
0 12641
0 12632
0 13323
0 13512
0 12718
0 12804
0 12510
0 13413
0 13008
0 11942
0 12095
0 12915
0 13684
0 13775
0 12117
0 12933
0 13470
0 12710
0 13173
0 13005
0 12556
0 12920
0 13538
0 12910
0 12553
0 12470
0 13198
0 13142
0 12935
0 12547
0 13418
0 12183
0 11744
0 12840
0 12332
0 13630
0 12352
0 11949
0 12734
0 13013
0 12790
0 11530
0 12374
0 12471
0 12639
0 12727
0 12498
0 13025
0 12716
0 13049
0 13338
0 12488
0 13282
0 13551
0 13030
0 13764
0 12469
0 12857
0 12811
0 13109
0 13138
0 13336
0 11496
0 13189
0 12256
0 12911
0 13469
0 13137
0 13224
0 13252
0 13300
0 13291
0 12368
0 11994
0 12979
0 12992
0 12100
0 12592
0 11977
0 13268
0 12146
0 12887
0 13605
0 12853
0 13538
0 13704
0 12861
0 13638
0 12631
0 12865
0 12731
0 12932
0 12808
0 12236
0 12681
0 12683
0 12602
0 12317
0 12793
0 13566
0 12549
0 12293
0 12804
0 12830
0 12943
0 12429
0 13257
0 13333
0 12751
0 13158
0 13091
0 12629
0 13130
0 12281
0 12589
0 13006
0 12676
0 12961
0 12850
0 11440
0 12826
0 13071
0 12562
0 13644
0 13036
0 12641
0 12777
0 13178
0 12884
0 11602
0 13471
0 12934
0 12219
0 13237
0 13002
0 12565
0 12785
0 12843
0 12621
0 12369
0 12494
0 13142
0 12480
0 13127
0 12542
0 12995
0 12483
0 12572
0 13004
0 12800
0 13680
0 12848
0 12434
0 12966
0 12906
0 12453
0 12543
0 11957
0 13632
0 13273
0 13055
0 11812
0 11441
0 13325
0 12601
0 12493
0 12413
0 12480
0 12892
0 12561
0 12785
0 13354
0 11776
0 13910
0 12230
0 12767
0 12682
0 13146
0 13191
0 12161
0 12925
0 13351
0 12130
0 12567
0 12855
0 12835
0 11866
0 12655
0 11703
0 13061
0 13274
0 13390
0 12920
0 12938
0 12274
0 12706
0 12989
0 13433
0 12559
0 12622
0 12542
0 12806
0 12017
0 12878
0 13076
0 12954
0 13163
0 11375
0 13235
0 12910
0 12953
0 12581
0 12587
0 12838
0 12517
0 12478
0 13348
0 12924
0 11634
0 12600
0 13310
0 12332
0 13259
0 12580
0 13717
0 13850
0 12744
0 13364
0 12939
0 13294
0 13331
0 13152
0 12617
0 13240
0 13119
0 13104
0 13367
0 12464
0 12972
0 12723
0 13537
0 12184
0 12798
0 13531
0 12828
0 12838
0 11694
0 12649
0 13228
0 12925
0 12870
0 12864
0 12973
0 12178
0 12885
0 12285
0 13122
0 12410
0 13099
0 12791
0 12759
0 12779
0 12990
0 13163
0 12228
0 12035
0 12503
0 12832
0 13738
0 12918
0 12712
0 12557
0 12838
0 12806
0 13797
0 13041
0 13315
0 12205
0 12013
0 13043
0 13499
0 12545
0 12591
0 12394
0 12963
0 12821
0 12878
0 13214
0 12355
0 12639
0 12176
0 12350
0 13120
0 12658
0 12689
0 12891
0 13309
0 13040
0 12980
0 12603
0 12446
0 13103
0 13029
0 12738
0 12968
0 12315
0 13360
0 12739
0 13367
0 13349
0 12871
0 12415
0 11956
0 13167
0 12414
0 12862
0 12892
0 13342
0 13397
0 13179
0 12787
0 12746
0 12991
0 13520
0 13343
0 12240
0 12555
0 12421
0 12047
0 12525
0 13400
0 13355
0 12881
0 13492
0 12641
0 13191
0 13139
0 12698
0 13245
0 13458
0 12456
0 13156
0 13333
0 12937
0 12355
0 13088
0 12952
0 12999
0 12605
0 12138
0 12694
0 13027
0 12660
0 12947
0 11922
0 13239
0 12921
0 12616
0 13300
0 12902
0 13193
0 12156
0 12922
0 13216
0 12764
0 13084
0 11634
0 12283
0 13213
0 12586
0 12515
0 11948
0 13026
0 12644
0 13124
0 12717
0 12483
0 12725
0 13293
0 13164
0 13020
0 13591
0 13275
0 12265
0 13091
0 12997
0 13134
0 13072
0 13182
0 13228
0 12647
0 12359
0 12664
0 13507
0 13204
0 12766
0 13385
0 12690
0 12891
0 12331
0 12850
0 12821
0 13228
0 13428
0 13437
0 12776
0 12636
0 13339
0 11493
0 12578
0 12988
0 13059
0 12990
0 12446
0 12654
0 13068
0 13134
0 12685
0 12828
0 12465
0 12006
0 11983
0 12957
0 12719
0 13559
0 12677
0 12776
0 12579
0 12936
0 13286
0 12622
0 12636
0 11919
0 12121
0 13512
0 12310
0 13668
0 13500
0 12268
0 13021
0 12682
0 12297
0 13232
0 12732
0 13560
0 12782
0 12968
0 13059
0 11233
0 12715
0 13393
0 13023
0 13118
0 13510
0 12138
0 13609
0 13328
0 12997
0 13310
0 13470
0 13104
0 12436
0 12524
0 13536
0 12486
0 12339
0 12630
0 12471
0 12883
0 13171
0 12605
0 12818
0 12411
0 13151
0 13029
0 12124
0 12484
0 12817
0 11872
0 12520
0 12539
0 13194
0 13196
0 12759
0 12975
0 12643
0 12876
0 11173
0 13329
0 12934
0 12977
0 13700
0 13589
0 12521
0 13429
0 11918
0 13286
0 12670
0 11884
0 12468
0 11657
0 13206
0 13115
0 12278
0 12716
0 13125
0 13178
0 13541
0 13010
0 13356
0 13368
0 12821
0 13130
0 13298
0 12478
0 12958
0 13003
0 13269
0 13008
0 12725
0 12892
0 13135
0 13343
0 12998
0 12027
0 12489
0 12662
0 13217
0 12448
0 13284
0 12429
0 13162
0 13334
0 12685
0 13045
0 13245
0 13003
0 12469
0 12010
0 12809
0 12919
0 12573
0 13136
0 12677
0 13071
0 12795
0 12511
0 12220
0 12736
0 13694
0 12852
0 12685
0 13122
0 12911
0 13154
0 13004
0 13629
0 13057
0 12305
0 12054
0 13187
0 12946
0 12900
0 12637
0 12687
0 13412
0 12484
0 12246
0 13071
0 12729
0 11831
0 12546
0 12251
0 12639
0 13181
0 12979
0 13045
0 13084
0 12302
0 12387
0 13118
0 13100
0 13356
0 13015
0 12717
0 13125
0 12883
0 12945
0 12334
0 12984
0 13235
0 12221
0 12696
0 13172
0 13012
0 13080
0 13051
0 12487
0 13144
0 13488
0 12991
0 13153
0 12463
0 12342
0 13217
0 13254
0 12645
0 12191
0 13316
0 12966
0 12559
0 13171
0 12664
0 12801
0 13323
0 12650
0 12275
0 12862
0 13269
0 12546
0 13880
0 12450
0 12687
0 12231
0 12415
0 12744
0 12977
0 12985
0 11910
0 12310
0 12811
0 12609
0 12960
0 12917
0 13206
0 12999
0 13450
0 12583
0 12216
0 12898
0 13004
0 12807
0 12865
0 13198
0 13447
0 13459
0 12613
0 13007
0 12990
0 12243
0 12516
0 12467
0 12073
0 13090
0 12348
0 12973
0 12893
0 13098
0 13471
0 12063
0 12765
0 12812
0 12918
0 13003
0 13585
0 12191
0 12687
0 12721
0 12813
0 12863
0 13030
0 13222
0 13261
0 13454
0 13468
0 12556
0 13606
0 12871
0 12706
0 12182
0 13381
0 11646
0 13374
0 12607
0 12720
0 13115
0 12385
0 13564
0 12702
0 12345
0 12249
0 12636
0 12313
0 12736
0 13461
0 13077
0 13017
0 13212
0 11969
0 12348
0 13075
0 13020
0 12579
0 12489
0 12101
0 13540
0 13086
0 12523
0 13103
0 13061
0 13540
0 12513
0 12984
0 12252
0 12713
0 12363
0 13048
0 13063
0 13048
0 12738
0 13008
0 11914
0 13399
0 13103
0 13345
0 12793
0 13017
0 12376
0 12950
0 12983
0 11757
0 13317
0 13044
0 11451
0 12417
0 13113
0 12919
0 12995
0 12361
0 12977
0 12731
0 12935
0 12991
0 12397
0 12390
0 12130
0 12573
0 13340
0 12824
0 12863
0 13375
0 13768
0 13119
0 12405
0 13411
0 13539
0 12798
0 13365
0 12403
0 12804
0 12665
0 13105
0 12693
0 13348
0 13727
0 13100
0 12650
0 12728
0 12151
0 12173
0 12486
0 12590
0 12653
0 12704
0 12314
0 12363
0 13279
0 13197
0 13232
0 13477
0 13414
0 12461
0 13150
0 11554
0 13058
0 12868
0 13074
0 12355
0 11857
0 12345
0 12784
0 12911
0 12817
0 12240
0 13279
0 12961
0 13436
0 13349
0 13033
0 12572
0 12900
0 12810
0 13078
0 12797
0 12333
0 13379
0 12809
0 13009
0 12784
0 12823
0 12201
0 13538
0 12210
0 12955
0 13211
0 13127
0 12831
0 12721
0 13323
0 12585
0 12976
0 13342
0 13237
0 13298
0 13101
0 13137
0 12374
0 12870
0 12961
0 12691
0 12852
0 12500
0 11868
0 12289
0 12810
0 12584
0 13022
0 13455
0 13432
0 12858
0 13473
0 13338
0 13427
0 12084
0 12949
0 13542
0 13086
0 12640
0 13100
0 13033
0 13194
0 12812
0 13101
0 12463
0 12977
0 13197
0 12929
0 13147
0 12473
0 12544
0 12062
0 11994
0 12646
0 13296
0 13043
0 12545
0 12223
0 12712
0 11184
0 13033
0 11589
0 12452
0 12447
0 12956
0 12913
0 13195
0 12329
0 13353
0 12893
0 13295
0 13689
0 13558
0 12756
0 13063
0 12894
0 13094
0 12928
0 13343
0 12081
0 12903
0 12553
0 12392
0 12854
0 12877
0 13213
0 13210
0 13027
0 13178
0 13122
0 13375
0 12682
0 12848
0 12680
0 13061
0 13615
0 12829
0 12758
0 13323
0 13576
0 13076
0 12516
0 12844
0 13153
0 13011
0 12126
0 13018
0 12296
0 12912
0 13472
0 12020
0 12742
0 12843
0 13054
0 13404
0 12911
0 12486
0 12470
0 12608
0 13157
0 12653
0 12681
0 12836
0 13263
0 12673
0 12706
0 13067
0 12990
0 12786
0 13159
0 12506
0 12127
0 12596
0 13399
0 12694
0 13154
0 12159
0 13760
0 13451
0 12415
0 13424
0 12954
0 12405
0 12421
0 13003
0 13085
0 12709
0 13510
0 13807
0 12208
0 12687
0 12425
0 13224
0 13638
0 13106
0 12007
0 12872
0 12777
0 11824
0 12113
0 12946
0 12087
0 12732
0 12389
0 13254
0 12444
0 13084
0 13010
0 13052
0 12920
0 13011
0 13464
0 13445
0 12527
0 13137
0 12840
0 12631
0 12721
0 12790
0 12745
0 13496
0 12407
0 13288
0 12258
0 13293
0 12649
0 12179
0 12722
0 11823
0 12611
0 11681
0 12743
0 12693
0 12893
0 13103
0 13037
0 12952
0 13005
0 12499
0 12570
0 12926
0 13460
0 12598
0 12827
0 11849
0 12694
0 13138
0 12270
0 13065
0 13477
0 12964
0 13235
0 12152
0 12953
0 13164
0 12551
0 13175
0 13191
0 13295
0 13260
0 13147
0 13782
0 12488
0 12898
0 13056
0 12664
0 13363
0 12784
0 13161
0 13304
0 12329
0 13249
0 13561
0 13211
0 13101
0 12650
0 13378
0 12539
0 12629
0 13154
0 13285
0 12283
0 13655
0 12913
0 12636
0 13209
0 12193
0 13273
0 13313
0 12976
0 12712
0 13230
0 12968
0 12771
0 11267
0 13016
0 13062
0 13097
0 13607
0 11879
0 13756
0 13276
0 13167
0 12343
0 12305
0 13038
0 12434
0 12521
0 12653
0 13132
0 12377
0 13082
0 12712
0 13312
0 12815
0 13115
0 12707
0 13039
0 13016
0 12974
0 12691
0 13252
0 12896
0 13103
0 12504
0 12756
0 12805
0 12978
0 13310
0 12365
0 12877
0 12582
0 13191
0 13168
0 12496
0 12642
0 13112
0 12734
0 13079
0 12670
0 12059
0 12719
0 12378
0 12555
0 12666
0 12842
0 13050
0 13171
0 12247
0 12359
0 12698
0 13221
0 12248
0 12264
0 12542
0 12364
0 12894
0 13442
0 12754
0 12873
0 12965
0 12814
0 12557
0 13080
0 13063
0 12952
0 13009
0 12448
0 12521
0 13366
0 12947
0 13299
0 12509
0 12318
0 12743
0 11839
0 13485
0 12813
0 11892
0 13297
0 12991
0 12483
0 12437
0 12861
0 12975
0 12650
0 13494
0 13213
0 13256
0 12721
0 13178
0 12934
0 12873
0 12644
0 13060
0 13038
0 13495
0 12964
0 12381
0 11556
0 12303
0 13061
0 12979
0 11947
0 12741
0 12581
0 12716
0 12734
0 12863
0 12621
0 13083
0 13228
0 12878
0 12140
0 12540
0 12566
0 13089
0 12821
0 12914
0 13004
0 12783
0 13021
0 12388
0 12201
0 12958
0 12248
0 12122
0 12667
0 12744
0 12957
0 12949
0 12657
0 13172
0 13254
0 13267
0 13222
0 13457
0 13327
0 13060
0 12696
0 13084
0 12876
0 13156
0 12885
0 13133
0 13066
0 12349
0 13484
0 13308
0 13153
0 13227
0 12762
0 12958
0 11619
0 12986
0 12979
0 12416
0 13131
0 12982
0 12850
0 12588
0 12557
0 12812
0 13414
0 12864
0 12322
0 13250
0 11460
0 12064
0 13688
0 13255
0 11820
0 13131
0 12895
0 12764
0 12359
0 11941
0 13294
0 12346
0 12443
0 13026
0 13194
0 12668
0 12754
0 12581
0 13050
0 12680
0 12653
0 13196
0 12448
0 13203
0 13156
0 12412
0 12494
0 12999
0 12573
0 12990
0 12623
0 13248
0 13209
0 12845
0 12552
0 12713
0 12067
0 13097
0 13002
0 11724
0 12619
0 12787
0 12441
0 13030
0 13281
0 13051
0 12725
0 12738
0 12756
0 13278
0 12952
0 12072
0 12700
0 12567
0 12875
0 12707
0 13757
0 13749
0 12883
0 13646
0 13093
0 12750
0 12639
0 13082
0 13193
0 12130
0 13288
0 13155
0 13579
0 12673
0 12109
0 11587
0 13235
0 12494
0 13014
0 12916
0 13271
0 11882
0 12386
0 12183
0 12304
0 13642
0 12842
0 12857
0 12958
0 13384
0 12126
0 12056
0 12744
0 13302
0 12928
0 12653
0 12415
0 11068
0 13198
0 12553
0 12870
0 13328
0 13601
0 12003
0 12907
0 12997
0 12425
0 13005
0 12826
0 13105
0 12217
0 12075
0 12529
0 12924
0 13134
0 13034
0 12627
0 12099
0 13194
0 13571
0 12957
0 13339
0 13326
0 13167
0 12121
0 13030
0 12950
0 12437
0 12816
0 12669
0 12898
0 12792
0 12551
0 12923
0 13650
0 12468
0 12461
0 12754
0 13018
0 13117
0 12625
0 13244
0 12759
0 12706
0 12859
0 13396
0 12485
0 13062
0 13314
0 12684
0 13465
0 12999
0 12943
0 13093
0 13162
0 12374
0 12957
0 12746
0 13094
0 12624
0 12701
0 12380
0 13108
0 13538
0 13200
0 12722
0 12803
0 12801
0 12845
0 13284
0 12816
0 12152
0 12978
0 12983
0 13132
0 12851
0 12916
0 13160
0 13563
0 12567
0 13199
0 12188
0 13136
0 12803
0 12758
0 13020
0 13441
0 13190
0 13292
0 12904
0 12503
0 13375
0 10893
0 13271
0 12731
0 12762
0 12507
0 13317
0 12936
0 12808
0 12526
0 13411
0 12653
0 12552
0 12494
0 12974
0 13515
0 13308
0 12363
0 12500
0 12660
0 13558
0 12926
0 12844
0 11812
0 12937
0 13258
0 12757
0 10914
0 12782
0 12907
0 13000
0 13244
0 13168
0 12667
0 11872
0 12312
0 13303
0 12600
0 11525
0 13283
0 13437
0 11785
0 12716
0 11907
0 12974
0 13492
0 13205
0 12641
0 13213
0 12849
0 12980
0 12783
0 12781
0 12897
0 13575
0 13172
0 13684
0 13724
0 12659
0 12647
0 12796
0 12528
0 12936
0 12110
0 13457
0 13164
0 12887
0 12561
0 12888
0 12665
0 13329
0 13544
0 12699
0 13131
0 12740
0 13306
0 12531
0 12615
0 11914
0 13056
0 13013
0 13284
0 13353
0 13488
0 12797
0 13547
0 12976
0 12418
0 12666
0 13092
0 13400
0 13194
0 13009
0 12438
0 12376
0 13487
0 13188
0 12524
0 12922
0 13230
0 12934
0 13058
0 11924
0 12736
0 12780
0 13424
0 13134
0 13064
0 12213
0 11888
0 12352
0 13413
0 12372
0 13327
0 12371
0 13311
0 12434
0 13305
0 12918
0 13381
0 13194
0 13004
0 13351
0 12374
0 12832
0 13263
0 12477
0 13176
0 12382
0 13310
0 13080
0 12508
0 13033
0 13437
0 13193
0 12392
0 12871
0 12706
0 13463
0 12289
0 12973
0 11871
0 12648
0 12679
0 13443
0 11772
0 12994
0 12945
0 12692
0 12977
0 12941
0 13193
0 13088
0 12886
0 12042
0 13763
0 11765
0 12999
0 12497
0 13042
0 13380
0 13449
0 13831
0 13059
0 13202
0 13164
0 13051
0 12482
0 13055
0 12609
0 12129
0 13260
0 13019
0 12988
0 13085
0 12873
0 12199
0 11831
0 13334
0 12555
0 12803
0 13071
0 13027
0 13444
0 13589
0 12955
0 13179
0 12730
0 13168
0 12397
0 12910
0 12589
0 12586
0 12246
0 13137
0 12960
0 12006
0 13002
0 12860
0 13321
0 12264
0 12099
0 12742
0 13295
0 13071
0 13238
0 13448
0 12800
0 12686
0 12780
0 11882
0 12817
0 11825
0 12560
0 12922
0 13082
0 12636
0 12814
0 13348
0 13543
0 12189
0 12903
0 13228
0 13203
0 13894
0 12644
0 13306
0 13386
0 13020
0 11381
0 13388
0 12841
0 13160
0 13411
0 13090
0 12347
0 13387
0 12986
0 12740
0 12762
0 12980
0 12436
0 13103
0 12654
0 12473
0 11885
0 13296
0 13062
0 13005
0 13455
0 12709
0 12850
0 13569
0 13032
0 12530
0 12944
0 12952
0 13452
0 12719
0 13198
0 13119
0 13336
0 13395
0 12441
0 13337
0 13270
0 12132
0 13230
0 12268
0 13082
0 12788
0 12650
0 13293
0 13054
0 12386
0 12175
0 12790
0 13152
0 13254
0 12929
0 13086
0 13041
0 11991
0 12378
0 12214
0 12460
0 12646
0 13246
0 12272
0 12934
0 12882
0 11782
0 13153
0 12598
0 12938
0 12818
0 13264
0 13052
0 12095
0 12292
0 13397
0 12199
0 13068
0 12597
0 12627
0 13385
0 13729
0 12238
0 13441
0 12180
0 12944
0 13155
0 12961
0 13232
0 13291
0 12698
0 13417
0 12573
0 12548
0 12986
0 12641
0 13583
0 12183
0 12177
0 13349
0 13175
0 13134
0 12371
0 12356
0 12223
0 13439
0 12680
0 13480
0 11805
0 12311
0 13308
0 12797
0 14071
0 13037
0 12491
0 12773
0 13683
0 13252
0 13111
0 12562
0 12720
0 13342
0 11623
0 11710
0 13209
0 12894
0 12274
0 12273
0 13130
0 12427
0 13264
0 12978
0 12625
0 13523
0 12927
0 12697
0 11390
0 12816
0 12378
0 12981
0 12038
0 12864
0 12975
0 12847
0 12423
0 13474
0 12374
0 12706
0 13329
0 13206
0 13123
0 12649
0 12480
0 12151
0 11103
0 12873
0 12007
0 13351
0 13144
0 12605
0 13561
0 12876
0 12778
0 11806
0 13634
0 12980
0 13873
0 13110
0 12223
0 12391
0 13220
0 12390
0 13602
0 12271
0 13210
0 12513
0 12795
0 12483
0 12974
0 13498
0 12726
0 11043
0 13477
0 12542
0 13080
0 12999
0 13035
0 12785
0 12881
0 13092
0 11975
0 11526
0 12815
0 12863
0 13279
0 13078
0 13610
0 12068
0 13234
0 12477
0 13316
0 13190
0 11828
0 12686
0 13600
0 12806
0 13004
0 13329
0 13259
0 12714
0 13046
0 12651
0 12358
0 13374
0 13584
0 13085
0 13291
0 13102
0 13198
0 12663
0 12210
0 12465
0 12376
0 13251
0 12748
0 11033
0 12564
0 13175
0 12230
0 13350
0 12777
0 12103
0 12320
0 12920
0 13326
0 13336
0 13244
0 12560
0 13150
0 13546
0 13413
0 12638
0 13091
0 11967
0 12860
0 13030
0 12505
0 13252
0 12511
0 12968
0 12799
0 13271
0 12480
0 13173
0 12255
0 12967
0 13041
0 13382
0 12651
0 12622
0 12586
0 12871
0 12725
0 12715
0 12463
0 13323
0 12087
0 11934
0 13400
0 12670
0 12892
0 13023
0 13253
0 13150
0 12226
0 12794
0 12427
0 12609
0 12210
0 12645
0 13286
0 13478
0 13150
0 12660
0 13157
0 12454
0 13063
0 13106
0 13091
0 13431
0 13022
0 12724
0 12602
0 12726
0 13311
0 11585
0 13471
0 12930
0 13472
0 13666
0 12685
0 13183
0 13174
0 12321
0 12377
0 13576
0 13352
0 13334
0 13573
0 13457
0 13073
0 12913
0 12868
0 13218
0 12023
0 13001
0 12983
0 12890
0 12046
0 12499
0 12665
0 12302
0 12610
0 12452
0 12106
0 13439
0 12467
0 12820
0 12208
0 12939
0 12810
0 13148
0 12226
0 13406
0 12653
0 12936
0 13322
0 13756
0 12449
0 12384
0 12234
0 13251
0 13637
0 12878
0 13123
0 12376
0 12031
0 12396
0 12915
0 13024
0 13334
0 12842
0 12656
0 13078
0 12931
0 12577
0 13423
0 12016
0 13200
0 13017
0 13503
0 13516
0 12267
0 13251
0 12045
0 13014
0 12124
0 11992
0 12116
0 12220
0 13066
0 13405
0 12876
0 12713
0 12359
0 12729
0 13388
0 13230
0 12616
0 12639
0 13256
0 12572
0 13269
0 12985
0 12933
0 12476
0 13136
0 12217
0 12575
0 13023
0 13060
0 12774
0 12989
0 12663
0 13493
0 13295
0 13008
0 13696
0 12962
0 13038
0 12456
0 12613
0 13311
0 13242
0 12878
0 12876
0 12864
0 13430
0 13142
0 12619
0 12787
0 12932
0 12632
0 12809
0 12234
0 13322
0 12979
0 12465
0 13101
0 13680
0 12298
0 13083
0 12954
0 12859
0 13431
0 12072
0 13208
0 12823
0 13253
0 13125
0 13590
0 12843
0 13138
0 12485
0 13177
0 13156
0 13487
0 12487
0 12483
0 12750
0 12409
0 12169
0 12869
0 12826
0 12775
0 12815
0 13224
0 13269
0 127540 13562
0 13127
0 12485
0 12657
0 12903
0 12781
0 12215
0 12309
0 12635
0 12648
0 12513
0 12447
0 11970
0 12923
0 12635
0 13078
0 13027
0 13183
0 13322
0 12771
0 12731
0 12723
0 13070
0 12798
0 12310
0 13110
0 12979
0 12640
0 12909
0 13109
0 12854
0 13620
0 12769
0 12335
0 13401
0 12192
0 13103
0 13222
0 13072
0 13714
0 13289
0 12334
0 12597
0 12162
0 13406
0 13073
0 13436
0 13054
0 12493
0 11631
0 13259
0 12576
0 12618
0 13443
0 12577
0 12679
0 12534
0 13096
0 12662
0 13301
0 13183
0 13108
0 12523
0 11672
0 12910
0 12541
0 13424
0 12686
0 11679
0 11813
0 13463
0 13212
0 13144
0 12676
0 13421
0 13473
0 12401
0 12435
0 12946
0 13352
0 12419
0 12770
0 12855
0 12058
0 13024
0 12220
0 13123
0 12470
0 13115
0 13055
0 11646
0 13320
0 13248
0 12977
0 13162
0 12968
0 13513
0 12776
0 11728
0 13415
0 13158
0 12930
0 12399
0 11884
0 12581
0 12612
0 13376
0 11885
0 13367
0 12396
0 12831
0 12324
0 12518
0 12585
0 11452
0 13122
0 12813
0 13233
0 12659
0 12036
0 13204
0 12878
0 12070
0 12761
0 13105
0 12452
0 12949
0 13130
0 12704
0 13320
0 13340
0 13353
0 12551
0 12310
0 13018
0 12930
0 12975
0 13575
0 13052
0 12892
0 13268
0 13241
0 13003
0 12909
0 12851
0 12812
0 12615
0 12823
0 12596
0 12705
0 12444
0 12908
0 12886
0 13296
0 13042
0 12967
0 13418
0 13611
0 13478
0 13550
0 13739
0 13123
0 12295
0 12864
0 13535
0 12378
0 12997
0 12466
0 13689
0 13067
0 13320
0 12409
0 13144
0 13263
0 12666
0 13084
0 12516
0 13000
0 12896
0 12962
0 13033
0 12250
0 12432
0 13441
0 12831
0 13126
0 13616
0 12806
0 12316
0 13196
0 12898
0 12819
0 12669
0 12801
0 12135
0 12679
0 12921
0 12948
0 13446
0 12794
0 12899
0 13142
0 12038
0 13167
0 12768
0 13698
0 12808
0 13166
0 13276
0 13557
0 12784
0 12837
0 13154
0 13042
0 12924
0 12957
0 12339
0 12629
0 12802
0 13692
0 12701
0 12300
0 12700
0 11890
0 13112
0 11691
0 12082
0 13420
0 12562
0 12906
0 13059
0 13268
0 13264
0 12805
0 12572
0 12856
0 13137
0 12254
0 12080
0 13200
0 13019
0 12915
0 13032
0 12593
0 12789
0 12502
0 13467
0 12823
0 12300
0 13351
0 13012
0 12581
0 12847
0 12629
0 13620
0 13573
0 13127
0 12716
0 12164
0 12215
0 13512
0 13178
0 12873
0 12198
0 12884
0 12016
0 11766
0 13055
0 12756
0 13158
0 13283
0 13016
0 12234
0 13147
0 13102
0 12949
0 13200
0 13181
0 13381
0 12944
0 13141
0 13067
0 12286
0 12394
0 13114
0 12906
0 11673
0 12145
0 12704
0 12826
0 12734
0 13461
0 13038
0 13004
0 13486
0 12035
0 13379
0 13301
0 13256
0 12200
0 13282
0 13328
0 13181
0 12928
0 12651
0 13077
0 12264
0 12743
0 12643
0 12810
0 12133
0 13519
0 13419
0 12894
0 13821
0 12861
0 12542
0 13243
0 12804
0 13224
0 12911
0 13326
0 13199
0 12587
0 12160
0 13038
0 12282
0 12564
0 13126
0 12502
0 12772
0 12747
0 12311
0 12940
0 12902
0 13219
0 13403
0 13314
0 13555
0 12630
0 13493
0 13258
0 13238
0 13089
0 11913
0 12880
0 13163
0 12304
0 13044
0 12833
0 12803
0 13122
0 13353
0 13011
0 12357
0 13509
0 13079
0 13334
0 13486
0 12299
0 13272
0 12410
0 12806
0 13226
0 13645
0 13142
0 13088
0 12938
0 12670
0 12833
0 13167
0 13226
0 13139
0 11997
0 13304
0 12447
0 12569
0 13368
0 11884
0 12256
0 11288
0 12074
0 12108
0 13532
0 11682
0 13417
0 13222
0 13386
0 12944
0 12933
0 12745
0 12895
0 12735
0 12680
0 13153
0 12249
0 13556
0 13196
0 12546
0 13524
0 12863
0 13300
0 12188
0 13068
0 13217
0 12774
0 12769
0 13168
0 12344
0 13062
0 12754
0 12607
0 13292
0 13067
0 13180
0 13013
0 13415
0 12933
0 13382
0 13191
0 12878
0 13166
0 13564
0 12557
0 12890
0 13037
0 12463
0 12522
0 12314
0 12914
0 12571
0 11862
0 13463
0 12702
0 13313
0 12739
0 12073
0 12845
0 13286
0 12385
0 13221
0 13078
0 12818
0 12823
0 12784
0 12710
0 12713
0 13102
0 12143
0 13494
0 12675
0 12911
0 12913
0 13031
0 12819
0 12371
0 12810
0 13103
0 11819
0 13279
0 13328
0 13033
0 12471
0 13116
0 12899
0 12560
0 12267
0 13479
0 13094
0 13291
0 13331
0 12970
0 12745
0 13258
0 12745
0 13083
0 12933
0 13109
0 13256
0 13137
0 12596
0 12810
0 12855
0 12610
0 12267
0 13158
0 13221
0 13453
0 12588
0 13684
0 13442
0 12835
0 13440
0 13423
0 12758
0 13464
0 13007
0 12595
0 13008
0 13178
0 13115
0 12142
0 13093
0 12761
0 12685
0 13384
0 12892
0 13771
0 13278
0 13291
0 12588
0 12565
0 13284
0 13321
0 12045
0 13003
0 13280
0 12824
0 11374
0 12806
0 12946
0 12441
0 12803
0 13174
0 13465
0 12934
0 13715
0 13071
0 13648
0 12558
0 13102
0 12642
0 12456
0 11993
0 12820
0 12347
0 13157
0 13008
0 13131
0 13455
0 12996
0 12894
0 13558
0 12829
0 13105
0 12703
0 12453
0 12462
0 12499
0 12977
0 12934
0 12168
0 12891
0 13377
0 12604
0 12292
0 12974
0 13196
0 12717
0 12677
0 12486
0 13377
0 12528
0 13071
0 13084
0 11798
0 13237
0 13315
0 12041
0 12842
0 12681
0 13230
0 13507
0 13636
0 13138
0 12462
0 12939
0 12582
0 12095
0 12521
0 12514
0 13213
0 13281
0 12863
0 13155
0 11921
0 13134
0 13435
0 13097
0 12787
0 12948
0 12473
0 12532
0 13212
0 12234
0 13376
0 12935
0 12990
0 13058
0 13391
0 12887
0 12410
0 12783
0 13231
0 12253
0 12890
0 13127
0 12982
0 13006
0 13149
0 11875
0 12729
0 12976
0 12618
0 12994
0 12466
0 13084
0 12925
0 13549
0 13206
0 13482
0 12799
0 12926
0 11821
0 12461
0 13093
0 13218
0 12619
0 12298
0 13070
0 12667
0 13502
0 12708
0 13022
0 12627
0 12372
0 13449
0 12313
0 13017
0 12582
0 12689
0 13189
0 12937
0 12615
0 11857
0 12789
0 13036
0 12163
0 12615
0 12332
0 12281
0 13206
0 12944
0 12607
0 13153
0 12637
0 13003
0 12930
0 12913
0 12708
0 13560
0 12195
0 12456
0 12914
0 12763
0 12954
0 12592
0 13336
0 12663
0 13176
0 12390
0 13336
0 12105
0 12690
0 12839
0 13520
0 12909
0 13069
0 12958
0 13535
0 13026
0 13223
0 12799
0 11794
0 12902
0 13338
0 11789
0 12672
0 12701
0 12154
0 13111
0 12964
0 12779
0 12962
0 13121
0 13476
0 13097
0 12816
0 12035
0 12869
0 12943
0 13322
0 13068
0 12823
0 12715
0 13487
0 13103
0 12958
0 13070
0 13378
0 13272
0 13177
0 11389
0 13171
0 12522
0 12340
0 13025
0 13111
0 12386
0 12565
0 12760
0 12801
0 13322
0 12702
0 12537
0 13850
0 13230
0 13218
0 13289
0 13064
0 12050
0 12882
0 13120
0 12930
0 13461
0 12910
0 13365
0 13952
0 13132
0 12699
0 12986
0 13107
0 13103
0 13135
0 11947
0 12636
0 13046
0 13292
0 13506
0 13123
0 13742
0 12652
0 13022
0 13884
0 12300
0 13302
0 12605
0 12910
0 12990
0 12857
0 13080
0 13515
0 12817
0 13121
0 13349
0 13323
0 13331
0 13312
0 13174
0 12559
0 12093
0 13170
0 12989
0 13130
0 13648
0 12724
0 12836
0 13029
0 12114
0 12936
0 13311
0 12765
0 11834
0 13005
0 13576
0 13190
0 12532
0 13415
0 12349
0 13328
0 12633
0 12074
0 13247
0 12483
0 13288
0 12083
0 12019
0 13218
0 13022
0 12901
0 12748
0 13181
0 13032
0 12200
0 13225
0 12510
0 13237
0 13409
0 13173
0 13047
0 12756
0 12773
0 13416
0 12394
0 12883
0 12232
0 12182
0 12955
0 13180
0 13038
0 12923
0 12791
0 12452
0 13869
0 12830
0 12809
0 13259
0 12829
0 11940
0 11913
0 12702
0 12367
0 11955
0 13690
0 11311
0 13017
0 11984
0 13094
0 12832
0 12881
0 12021
0 12795
0 13084
0 12205
0 12760
0 12008
0 12624
0 13179
0 13098
0 12404
0 13407
0 12243
0 12637
0 12905
0 12990
0 12947
0 13191
0 12502
0 12892
0 12737
0 12643
0 12475
0 13408
0 13013
0 12712
0 13374
0 11914
0 12786
0 11918
0 12841
0 12413
0 12899
0 12721
0 12904
0 13084
0 12741
0 13311
0 12509
0 12803
0 12839
0 13254
0 12668
0 13395
0 12557
0 13032
0 13168
0 12663
0 12410
0 13543
0 11948
0 13231
0 12418
0 12302
0 12251
0 12400
0 12924
0 12776
0 12468
0 13008
0 13107
0 12861
0 13008
0 12881
0 13110
0 12845
0 12856
0 12631
0 13475
0 13068
0 13491
0 12481
0 12659
0 12728
0 12869
0 13439
0 13040
0 11835
0 12896
0 12678
0 12937
0 12629
0 12784
0 12980
0 12495
0 12588
0 12646
0 12571
0 13418
0 12936
0 12628
0 12763
0 13071
0 12906
0 12620
0 12529
0 13163
0 13138
0 12652
0 12362
0 12750
0 12522
0 12319
0 12968
0 11785
0 13262
0 12555
0 13180
0 11878
0 12937
0 12821
0 12992
0 12937
0 13721
0 12876
0 13205
0 13045
0 11934
0 12601
0 12845
0 13423
0 12722
0 12727
0 12996
0 13273
0 12711
0 12485
0 12601
0 12904
0 12950
0 12698
0 13737
0 12529
0 12682
0 13070
0 11219
0 13029
0 12978
0 13467
0 12133
0 12741
0 12739
0 13311
0 12211
0 13434
0 12992
0 13087
0 12210
0 13001
0 12921
0 12750
0 13383
0 12539
0 13167
0 13664
0 12397
0 12880
0 13494
0 13773
0 12355
0 12178
0 13081
0 12836
0 13011
0 13375
0 12999
0 13366
0 13022
0 12668
0 11870
0 12574
0 12933
0 12623
0 13549
0 13636
0 11929
0 12804
0 12870
0 12811
0 12459
0 12541
0 13314
0 13252
