# SA for random K-SAT
# K = 3   N = 4096   M = 14336   seed = 3618770266
# alpha = 3.500000   nIter = 4096  Tmax = 0.200000
# 1:lowestUnsat  2:runTime
0 818
0 963
0 942
0 984
0 712
0 896
0 949
0 1315
0 782
0 866
0 675
0 808
0 1081
0 965
0 1075
0 767
0 859
0 1167
0 871
0 865
0 924
0 882
0 850
0 826
0 1021
0 1119
0 871
0 857
0 1202
0 960
0 916
0 890
0 849
0 839
0 992
0 928
0 1052
0 822
0 664
0 1035
0 876
0 1084
0 1111
0 840
0 1002
0 885
0 871
0 1101
0 823
0 928
0 954
0 1126
0 1109
0 1008
0 913
0 924
0 658
0 899
0 1026
0 822
0 1248
0 1050
0 955
0 985
0 1031
0 1017
0 817
0 866
0 890
0 1066
0 718
0 999
0 903
0 1023
0 1053
0 805
0 992
0 917
0 722
0 1220
0 983
0 830
0 987
0 948
0 878
0 865
0 905
0 1075
0 834
0 941
0 939
0 1020
0 961
0 912
0 1050
0 963
0 983
0 922
0 767
0 1109
0 867
0 1014
0 761
0 1152
0 818
0 913
0 984
0 917
0 850
0 699
0 779
0 890
0 999
0 802
0 916
0 888
0 868
0 980
0 766
0 1106
0 889
0 1102
0 863
0 882
0 932
0 848
0 897
0 874
0 665
0 1001
0 898
0 1077
0 964
0 914
0 856
0 550
0 1114
0 1045
0 675
0 832
0 983
0 1084
0 916
0 869
0 650
0 824
0 1070
0 1081
0 929
0 962
0 1035
0 963
0 1096
0 1130
0 1143
0 1018
0 684
0 970
0 761
0 950
0 901
0 1036
0 824
0 891
0 1065
0 858
0 752
0 972
0 1088
0 1046
0 964
0 860
0 960
0 555
0 962
0 968
0 903
0 756
0 1154
0 1010
0 903
0 768
0 967
0 1144
0 799
0 991
0 1055
0 913
0 881
0 732
0 840
0 880
0 894
0 991
0 839
0 833
0 968
0 1126
0 978
0 1067
0 814
0 1009
0 995
0 676
0 1025
0 852
0 938
0 852
0 804
0 959
0 893
0 1050
0 773
0 878
0 1089
0 1055
0 996
0 1020
0 903
0 954
0 1082
0 929
0 794
0 910
0 975
0 1118
0 916
0 950
0 785
0 938
0 1021
0 944
0 904
0 857
0 932
0 1060
0 1332
0 768
0 833
0 822
0 934
0 906
0 799
0 926
0 1078
0 1024
0 858
0 1165
0 1206
0 996
0 777
0 849
0 944
0 1017
0 808
0 823
0 790
0 690
0 927
0 1047
0 953
0 881
0 956
0 1017
0 1025
0 1098
0 958
0 950
0 710
0 959
0 913
0 953
0 1137
0 718
0 984
0 749
0 923
0 969
0 770
0 687
0 979
0 1135
0 987
0 898
0 1054
0 1105
0 957
0 1140
0 1005
0 921
0 1014
0 1130
0 924
0 974
0 823
0 901
0 963
0 781
0 854
0 842
0 792
0 965
0 815
0 813
0 1050
0 821
0 1061
0 959
0 1201
0 699
0 890
0 787
0 1065
0 803
0 1033
0 818
0 725
0 980
0 1017
0 878
0 823
0 813
0 924
0 832
0 1005
0 624
0 925
0 983
0 760
0 978
0 923
0 874
0 836
0 1062
0 969
0 1108
0 770
0 953
0 951
0 895
0 854
0 891
0 977
0 1060
0 1141
0 1125
0 841
0 1051
0 927
0 704
0 1003
0 1038
0 866
0 1141
0 1096
0 893
0 978
0 900
0 797
0 964
0 896
0 1073
0 851
0 932
0 946
0 789
0 1198
0 1066
0 1215
0 1007
0 903
0 890
0 832
0 960
0 1065
0 976
0 1174
0 745
0 939
0 950
0 1046
0 723
0 696
0 841
0 754
0 1045
0 1011
0 647
0 744
0 1049
0 908
0 1056
0 882
0 1039
0 912
0 925
0 937
0 1080
0 855
0 948
0 858
0 844
0 979
0 872
0 958
0 968
0 783
0 689
0 1044
0 883
0 965
0 922
0 805
0 659
0 883
0 1106
0 1029
0 951
0 960
0 1069
0 674
0 981
0 872
0 992
0 1121
0 985
0 997
0 917
0 866
0 1080
0 1038
0 967
0 776
0 1099
0 929
0 1145
0 1146
0 1134
0 926
0 838
0 774
0 1048
0 736
0 880
0 841
0 947
0 829
0 704
0 929
0 1026
0 558
0 742
0 890
0 1061
0 949
0 889
0 992
0 905
0 791
0 775
0 769
0 915
0 937
0 965
0 1311
0 717
0 839
0 1006
0 912
0 697
0 978
0 733
0 746
0 834
0 1040
0 1069
0 1087
0 977
0 701
0 1092
0 1034
0 919
0 848
0 863
0 919
0 947
0 761
0 811
0 959
0 940
0 984
0 789
0 1063
0 822
0 750
0 656
0 758
0 901
0 984
0 774
0 876
0 665
0 743
0 803
0 884
0 716
0 1224
0 1085
0 617
0 905
0 908
0 1147
0 840
0 987
0 715
0 798
0 646
0 1166
0 1007
0 912
0 980
0 882
0 932
0 886
0 950
0 1066
0 871
0 912
0 1001
0 850
0 1188
0 823
0 1188
0 814
0 853
0 936
0 557
0 917
0 937
0 678
0 749
0 916
0 950
0 721
0 874
0 899
0 918
0 734
0 971
0 975
0 875
0 1050
0 1012
0 727
0 940
0 1011
0 1005
0 964
0 1040
0 526
0 789
0 993
0 868
0 1004
0 966
0 1074
0 692
0 1033
0 1122
0 995
0 1027
0 695
0 1018
0 709
0 808
0 976
0 974
0 824
0 1050
0 913
0 886
0 726
0 866
0 713
0 822
0 663
0 1229
0 693
0 905
0 878
0 713
0 872
0 909
0 822
0 900
0 1102
0 627
0 824
0 887
0 742
0 1039
0 1022
0 721
0 912
0 983
0 1082
0 919
0 754
0 878
0 789
0 893
0 973
0 731
0 941
0 1121
0 1135
0 975
0 1069
0 974
0 838
0 913
0 1065
0 735
0 712
0 984
0 889
0 883
0 1129
0 917
0 996
0 974
0 954
0 819
0 927
0 1092
0 1028
0 962
0 1085
0 813
0 950
0 767
0 943
0 895
0 869
0 1254
0 1147
0 948
0 1064
0 947
0 1070
0 876
0 901
0 1000
0 780
0 868
0 834
0 941
0 805
0 679
0 893
0 933
0 1077
0 1067
0 949
0 940
0 764
0 852
0 627
0 897
0 808
0 617
0 643
0 989
0 1100
0 885
0 908
0 919
0 934
0 1158
0 826
0 773
0 988
0 953
0 1087
0 699
0 745
0 934
0 955
0 844
0 968
0 963
0 1126
0 800
0 1050
0 702
0 786
0 1027
0 873
0 971
0 922
0 620
0 1035
0 988
0 1037
0 941
0 866
0 1007
0 848
0 859
0 832
0 1120
0 1030
0 1370
0 740
0 1080
0 1096
0 867
0 946
0 933
0 1224
0 902
0 1000
0 786
0 1016
0 994
0 856
0 952
0 984
0 558
0 917
0 917
0 1014
0 663
0 1010
0 994
0 1000
0 944
0 865
0 896
0 1177
0 832
0 955
0 897
0 1009
0 1012
0 983
0 898
0 943
0 1081
0 770
0 712
0 732
0 978
0 636
0 962
0 1023
0 893
0 925
0 891
0 775
0 911
0 982
0 740
0 879
0 938
0 986
0 1078
0 999
0 663
0 804
0 863
0 879
0 987
0 1061
0 939
0 949
0 701
0 886
0 1016
0 922
0 928
0 811
0 867
0 1041
0 661
0 1161
0 1183
0 964
0 987
0 929
0 1015
0 871
0 832
0 971
0 1097
0 998
0 989
0 827
0 785
0 1072
0 973
0 987
0 1010
0 828
0 1205
0 1228
0 901
0 859
0 1026
0 976
0 936
0 966
0 1083
0 978
0 824
0 883
0 1136
0 582
0 833
0 908
0 908
0 987
0 960
0 1116
0 682
0 928
0 859
0 1184
0 1025
0 969
0 894
0 935
0 956
0 727
0 1038
0 1201
0 947
0 637
0 1004
0 756
0 856
0 798
0 841
0 1058
0 992
0 995
0 670
0 1063
0 959
0 905
0 1071
0 938
0 911
0 900
0 1105
0 855
0 885
0 834
0 801
0 1071
0 914
0 975
0 853
0 855
0 1057
0 970
0 847
0 873
0 588
0 783
0 704
0 958
0 901
0 1028
0 1082
0 829
0 874
0 906
0 864
0 1054
0 625
0 777
0 830
0 942
0 787
0 961
0 930
0 1046
0 1080
0 905
0 1079
0 870
0 794
0 1073
0 1179
0 1024
0 1066
0 1005
0 1169
0 926
0 683
0 1026
0 903
0 820
0 998
0 830
0 901
0 1060
0 898
0 974
0 1167
0 947
0 938
0 1091
0 860
0 985
0 879
0 739
0 697
0 1053
0 876
0 754
0 717
0 1007
0 902
0 747
0 1052
0 918
0 844
0 1126
0 943
0 982
0 991
0 991
0 932
0 1065
0 1036
0 1000
0 903
0 943
0 1108
0 922
0 1009
0 917
0 962
0 970
0 871
0 1089
0 821
0 1040
0 943
0 881
0 917
0 656
0 800
0 1152
0 966
0 1025
0 904
0 723
0 934
0 740
0 650
0 847
0 736
0 829
0 861
0 889
0 908
0 917
0 1043
0 967
0 1039
0 826
0 902
0 984
0 959
0 887
0 898
0 1231
0 629
0 1034
0 679
0 942
0 919
0 1004
0 1090
0 1164
0 919
0 905
0 919
0 930
0 905
0 871
0 854
0 898
0 1023
0 814
0 928
0 648
0 932
0 958
0 770
0 904
0 808
0 968
0 997
0 989
0 877
0 1060
0 947
0 965
0 991
0 1022
0 1005
0 1165
0 975
0 1157
0 1024
0 1021
0 700
0 947
0 751
0 885
0 777
0 1038
0 1107
0 866
0 862
0 961
0 942
0 1100
0 925
0 931
0 758
0 937
0 757
0 937
0 964
0 998
0 883
0 881
0 1044
0 780
0 937
0 1214
0 1010
0 932
0 1011
0 1107
0 963
0 713
0 967
0 909
0 972
0 1084
0 850
0 838
0 880
0 895
0 884
0 814
0 985
0 1028
0 984
0 922
0 880
0 889
0 1008
0 1009
0 606
0 731
0 957
0 931
0 831
0 782
0 1022
0 1076
0 823
0 591
0 958
0 661
0 1001
0 757
0 1064
0 838
0 833
0 951
0 1170
0 834
0 944
0 840
0 756
0 889
0 898
0 848
0 710
0 923
0 797
0 1209
0 897
0 909
0 1039
0 1116
0 1109
0 1024
0 888
0 911
0 846
0 973
0 859
0 1050
0 766
0 1111
0 969
0 1095
0 840
0 880
0 719
0 896
0 1038
0 813
0 839
0 867
0 883
0 1067
0 804
0 860
0 1105
0 900
0 885
0 946
0 843
0 653
0 1031
0 751
0 885
0 870
0 932
0 719
0 788
0 916
0 1018
0 801
0 962
0 1000
0 843
0 766
0 936
0 1201
0 1059
0 778
0 799
0 1001
0 835
0 802
0 941
0 964
0 1038
0 805
0 968
0 882
0 974
0 1003
0 890
0 986
0 1075
0 830
0 906
0 1005
0 1114
0 734
0 844
0 913
0 864
0 1105
0 698
0 942
0 860
0 1120
0 616
0 1052
0 766
0 985
0 871
0 736
0 832
0 896
0 831
0 870
0 969
0 824
0 965
0 940
0 639
0 701
0 962
0 856
0 1113
0 869
0 882
0 765
0 966
0 887
0 804
0 844
0 846
0 857
0 805
0 1043
0 1111
0 813
0 941
0 828
0 960
0 790
0 884
0 1030
0 901
0 926
0 1009
0 968
0 919
0 715
0 951
0 601
0 831
0 985
0 792
0 881
0 836
0 1099
0 817
0 475
0 711
0 806
0 940
0 996
0 1103
0 1008
0 955
0 1082
0 1065
0 669
0 1019
0 807
0 766
0 1120
0 638
0 1034
0 843
0 953
0 1069
0 783
0 861
0 927
0 718
0 871
0 810
0 683
0 851
0 894
0 873
0 1158
0 906
0 907
0 996
0 1001
0 1092
0 840
0 801
0 900
0 834
0 841
0 899
0 851
0 865
0 880
0 965
0 1071
0 850
0 945
0 1070
0 883
0 747
0 872
0 976
0 904
0 995
0 1061
0 1016
0 933
0 786
0 804
0 832
0 999
0 982
0 887
0 936
0 1162
0 885
0 745
0 760
0 716
0 1041
0 1106
0 805
0 787
0 715
0 1021
0 1061
0 788
0 757
0 861
0 1121
0 809
0 772
0 1089
0 867
0 1184
0 1060
0 1159
0 1210
0 947
0 849
0 795
0 798
0 768
0 957
0 983
0 700
0 901
0 798
0 889
0 929
0 758
0 811
0 717
0 966
0 947
0 699
0 849
0 918
0 837
0 981
0 811
0 776
0 623
0 876
0 980
0 978
0 689
0 554
0 1000
0 763
0 919
0 844
0 737
0 803
0 1111
0 854
0 814
0 784
0 966
0 942
0 938
0 1239
0 1026
0 995
0 1151
0 932
0 792
0 921
0 879
0 979
0 1016
0 907
0 1039
0 862
0 1089
0 1076
0 807
0 836
0 973
0 477
0 918
0 943
0 1091
0 816
0 744
0 980
0 965
0 950
0 782
0 784
0 951
0 990
0 722
0 968
0 906
0 1002
0 917
0 828
0 853
0 986
0 989
0 925
0 813
0 769
0 777
0 945
0 769
0 914
0 1003
0 1018
0 980
0 912
0 562
0 751
0 928
0 983
0 1174
0 888
0 837
0 927
0 1044
0 959
0 833
0 861
0 892
0 535
0 827
0 1073
0 915
0 779
0 995
0 989
0 950
0 798
0 951
0 975
0 778
0 728
0 916
0 1023
0 1051
0 959
0 897
0 843
0 912
0 830
0 880
0 1087
0 869
0 863
0 1075
0 854
0 864
0 971
0 861
0 886
0 979
0 948
0 837
0 878
0 882
0 1055
0 952
0 672
0 876
0 913
0 962
0 1000
0 1113
0 743
0 980
0 994
0 1087
0 790
0 1083
0 776
0 835
0 718
0 784
0 737
0 868
0 811
0 890
0 861
0 1009
0 928
0 879
0 1037
0 926
0 1018
0 746
0 915
0 854
0 751
0 1038
0 926
0 889
0 888
0 1020
0 950
0 952
0 1015
0 1033
0 836
0 871
0 947
0 1035
0 894
0 861
0 961
0 682
0 1032
0 1142
0 1005
0 923
0 953
0 1018
0 909
0 1057
0 973
0 792
0 1135
0 589
0 1077
0 886
0 719
0 1017
0 823
0 804
0 971
0 1040
0 973
0 1047
0 801
0 1115
0 962
0 1036
0 707
0 1144
0 920
0 879
0 1049
0 1045
0 852
0 972
0 1176
0 949
0 763
0 961
0 959
0 1023
0 916
0 732
0 838
0 1002
0 1049
0 919
0 992
0 866
0 756
0 826
0 789
0 1009
0 741
0 822
0 946
0 1013
0 960
0 905
0 860
0 1064
0 998
0 1082
0 980
0 740
0 987
0 878
0 1045
0 1045
0 722
0 908
0 930
0 895
0 897
0 763
0 934
0 1010
0 705
0 691
0 1133
0 624
0 840
0 1042
0 686
0 735
0 1000
0 837
0 997
0 861
0 841
0 1068
0 903
0 913
0 819
0 985
0 907
0 1123
0 960
0 685
0 1007
0 764
0 1105
0 947
0 919
0 949
0 962
0 1058
0 985
0 961
0 1071
0 1028
0 939
0 1002
0 946
0 779
0 844
0 976
0 1023
0 983
0 988
0 797
0 1057
0 977
0 694
0 855
0 1078
0 833
0 776
0 929
0 926
0 782
0 910
0 1002
0 1207
0 917
0 995
0 650
0 990
0 1015
0 912
0 960
0 865
0 1061
0 907
0 854
0 1096
0 920
0 1033
0 834
0 905
0 1044
0 989
0 731
0 963
0 837
0 821
0 847
0 918
0 1077
0 834
0 952
0 751
0 849
0 977
0 1031
0 840
0 1165
0 1052
0 904
0 1053
0 876
0 886
0 939
0 989
0 1186
0 1029
0 1042
0 986
0 1088
0 1038
0 921
0 788
0 1005
0 663
0 920
0 891
0 951
0 781
0 896
0 1086
0 660
0 855
0 841
0 920
0 952
0 871
0 1016
0 1029
0 939
0 684
0 1068
0 846
0 1085
0 1140
0 855
0 1066
0 925
0 888
0 889
0 771
0 920
0 956
0 1020
0 1010
0 1032
0 811
0 877
0 946
0 814
0 1102
0 793
0 1065
0 982
0 813
0 726
0 924
0 835
0 964
0 923
0 1094
0 566
0 1057
0 1023
0 1062
0 962
0 889
0 759
0 1006
0 978
0 868
0 1037
0 770
0 964
0 975
0 784
0 1001
0 893
0 837
0 879
0 972
0 917
0 1049
0 1012
0 1019
0 1020
0 870
0 775
0 1068
0 1093
0 902
0 1058
0 993
0 999
0 939
0 1048
0 920
0 933
0 972
0 460
0 750
0 1043
0 1058
0 871
0 922
0 1103
0 739
0 831
0 1074
0 1005
0 1027
0 790
0 923
0 664
0 982
0 872
0 725
0 742
0 827
0 725
0 1103
0 927
0 690
0 963
0 795
0 1019
0 933
0 1053
0 907
0 806
0 1090
0 1061
0 870
0 925
0 861
0 803
0 1013
0 585
0 641
0 932
0 1061
0 1054
0 1053
0 654
0 745
0 841
0 1047
0 1106
0 1001
0 879
0 822
0 830
0 933
0 970
0 829
0 1163
0 878
0 1071
0 886
0 995
0 834
0 1004
0 1003
0 1028
0 1093
0 1206
0 961
0 775
0 759
0 731
0 1011
0 747
0 737
0 721
0 982
0 927
0 1186
0 1124
0 1068
0 929
0 972
0 850
0 944
0 1056
0 731
0 943
0 1081
0 1044
0 986
0 788
0 1034
0 840
0 716
0 1173
0 769
0 655
0 1218
0 927
0 873
0 941
0 1038
0 1014
0 928
0 996
0 802
0 1014
0 1048
0 695
0 925
0 934
0 938
0 1118
0 1075
0 877
0 952
0 1119
0 963
0 775
0 860
0 977
0 894
0 860
0 945
0 720
0 789
0 1227
0 947
0 1020
0 888
0 1156
0 1105
0 995
0 1020
0 785
0 954
0 740
0 946
0 1006
0 934
0 1064
0 987
0 798
0 621
0 956
0 958
0 774
0 904
0 874
0 962
0 1117
0 1048
0 1047
0 1190
0 888
0 737
0 822
0 863
0 836
0 715
0 833
0 940
0 936
0 995
0 796
0 642
0 954
0 981
0 1065
0 959
0 912
0 729
0 759
0 918
0 588
0 970
0 977
0 982
0 819
0 1121
0 786
0 998
0 1021
0 942
0 1080
0 991
0 1060
0 697
0 1096
0 767
0 918
0 979
0 903
0 914
0 842
0 835
0 825
0 798
0 843
0 977
0 851
0 875
0 982
0 804
0 889
0 848
0 1054
0 933
0 1022
0 1004
0 1135
0 817
0 803
0 877
0 1001
0 863
0 769
0 1055
0 872
0 824
0 1054
0 1083
0 921
0 723
0 997
0 928
0 617
0 887
0 1035
0 899
0 764
0 1118
0 1059
0 926
0 766
0 877
0 838
0 970
0 855
0 817
0 912
0 1071
0 914
0 608
0 793
0 811
0 795
0 851
0 966
0 639
0 856
0 864
0 1069
0 1174
0 1030
0 1161
0 975
0 907
0 878
0 629
0 858
0 789
0 1109
0 1041
0 874
0 929
0 1033
0 964
0 925
0 771
0 958
0 1206
0 838
0 1005
0 781
0 1014
0 996
0 982
0 758
0 900
0 940
0 888
0 792
0 1008
0 1048
0 1141
0 848
0 904
0 1016
0 1062
0 785
0 685
0 698
0 1003
0 1018
0 836
0 936
0 1051
0 913
0 635
0 990
0 910
0 1113
0 1036
0 1155
0 904
0 965
0 973
0 900
0 1017
0 951
0 1005
0 919
0 899
0 1209
0 934
0 956
0 919
0 1033
0 962
0 1026
0 944
0 988
0 914
0 388
0 1057
0 1097
0 762
0 914
0 808
0 989
0 743
0 489
0 901
0 943
0 821
0 956
0 868
0 793
0 936
0 602
0 1101
0 647
0 1035
0 901
0 791
0 916
0 1159
0 1015
0 1040
0 1020
0 944
0 889
0 964
0 1011
0 832
0 780
0 890
0 916
0 782
0 911
0 946
0 903
0 878
0 703
0 894
0 828
0 981
0 830
0 790
0 1140
0 874
0 894
0 1043
0 908
0 1074
0 822
0 964
0 1014
0 755
0 945
0 536
0 916
0 935
0 939
0 1054
0 1120
0 986
0 977
0 1015
0 1030
0 1044
0 848
0 984
0 1278
0 1012
0 986
0 804
0 955
0 874
0 1092
0 1066
0 768
0 749
0 1000
0 606
0 901
0 983
0 841
0 992
0 868
0 1038
0 980
0 928
0 782
0 1034
0 798
0 1033
0 1126
0 804
0 892
0 1070
0 1057
0 646
0 1097
0 943
0 1009
0 1032
0 1007
0 1040
0 874
0 851
0 582
0 1033
0 1066
0 931
0 993
0 995
0 889
0 984
0 791
0 836
0 1037
0 1021
0 1007
0 1073
0 926
0 1107
0 1019
0 885
0 884
0 773
0 1000
0 1071
0 1065
0 1243
0 787
0 897
0 825
0 1008
0 1056
0 963
0 951
0 1040
0 1085
0 700
0 706
0 1139
0 942
0 844
0 1090
0 855
0 927
0 1045
0 970
0 928
0 805
0 941
0 968
0 817
0 844
0 998
0 870
0 925
0 1109
0 803
0 832
0 1013
0 806
0 934
0 921
0 984
0 1247
0 1000
0 787
0 1008
0 835
0 783
0 962
0 766
0 893
0 748
0 570
0 989
0 935
0 802
0 1031
0 932
0 993
0 1076
0 993
0 977
0 1009
0 708
0 1118
0 1074
0 885
0 1094
0 1090
0 761
0 1094
0 964
0 870
0 786
0 775
0 946
0 1010
0 1124
0 844
0 825
0 945
0 858
0 887
0 957
0 624
0 937
0 1138
0 646
0 999
0 994
0 1154
0 833
0 1087
0 1017
0 948
0 1025
0 1061
0 1081
0 966
0 1049
0 1020
0 1037
0 851
0 939
0 1156
0 667
0 919
0 837
0 879
0 1048
0 1022
0 882
0 861
0 1017
0 867
0 799
0 799
0 988
0 753
0 965
0 1050
0 935
0 1029
0 1027
0 927
0 715
0 1014
0 842
0 1080
0 849
0 945
0 1009
0 821
0 851
0 996
0 898
0 1039
0 991
0 1002
0 990
0 974
0 751
0 846
0 936
0 948
0 1032
0 609
0 1097
0 878
0 911
0 802
0 937
0 995
0 870
0 1098
0 795
0 988
0 872
0 1129
0 954
0 848
0 796
0 1039
0 942
0 964
0 849
0 975
0 1049
0 906
0 950
0 922
0 448
0 646
0 963
0 1155
0 948
0 877
0 965
0 659
0 1042
0 721
0 726
0 1062
0 929
0 995
0 993
0 961
0 1144
0 686
0 743
0 679
0 902
0 967
0 879
0 906
0 841
0 1175
0 1044
0 910
0 900
0 999
0 853
0 1087
0 863
0 721
0 772
0 961
0 876
0 914
0 993
0 928
0 981
0 991
0 1026
0 627
0 878
0 785
0 1061
0 896
0 818
0 982
0 903
0 822
0 881
0 1115
0 1260
0 811
0 763
0 810
0 1013
0 1092
0 975
0 1044
0 658
0 829
0 894
0 465
0 868
0 884
0 1048
0 1279
0 1115
0 662
0 813
0 1037
0 993
0 1058
0 1266
0 965
0 764
0 886
0 663
0 816
0 932
0 948
0 886
0 944
0 722
0 884
0 1022
0 869
0 912
0 928
0 835
0 1141
0 797
0 918
0 925
0 820
0 901
0 866
0 788
0 775
0 853
0 650
0 877
0 989
0 795
0 1103
0 837
0 1085
0 864
0 785
0 966
0 698
0 676
0 951
0 1076
0 981
0 1012
0 922
0 697
0 925
0 798
0 1029
0 623
0 904
0 891
0 919
0 847
0 783
0 935
0 924
0 620
0 894
0 832
0 781
0 850
0 928
0 1065
0 1107
0 840
0 810
0 757
0 894
0 1005
0 766
0 825
0 1043
0 918
0 891
0 862
0 857
0 886
0 683
0 626
0 962
0 1010
0 702
0 709
0 912
0 984
0 842
0 825
0 1008
0 904
0 880
0 946
0 1114
0 904
0 948
0 906
0 735
0 825
0 927
0 1054
0 1097
0 849
0 929
0 928
0 889
0 938
0 953
0 683
0 687
0 723
0 919
0 865
0 928
0 1109
0 923
0 722
0 780
0 1028
0 1105
0 625
0 912
0 907
0 919
0 918
0 902
0 1156
0 884
0 1438
0 1028
0 851
0 985
0 948
0 1168
0 911
0 925
0 924
0 970
0 975
0 975
0 927
0 856
0 1006
0 1016
0 938
0 998
0 931
0 1035
0 995
0 882
0 897
0 1002
0 947
0 765
0 1150
0 918
0 979
0 1078
0 915
0 690
0 836
0 938
0 878
0 1000
0 957
0 984
0 1059
0 899
0 942
0 1020
0 922
0 988
0 985
0 924
0 1034
0 817
0 1049
0 1019
0 879
0 1012
0 711
0 887
0 893
0 1073
0 865
0 883
0 855
0 687
0 756
0 1062
0 1164
0 906
0 869
0 962
0 1147
0 884
0 1105
0 1155
0 973
0 969
0 1051
0 1296
0 1124
0 916
0 978
0 1054
0 903
0 860
0 1170
0 927
0 1001
0 803
0 912
0 1054
0 982
0 719
0 1110
0 813
0 938
0 788
0 722
0 933
0 1184
0 995
0 921
0 1011
0 1128
0 920
0 863
0 900
0 1008
0 1029
0 1069
0 854
0 753
0 921
0 1231
0 839
0 1038
0 872
0 851
0 814
0 1156
0 984
0 991
0 947
0 843
0 859
0 958
0 1003
0 898
0 908
0 993
0 825
0 931
0 822
0 820
0 805
0 986
0 766
0 1191
0 935
0 857
0 1306
0 821
0 1143
0 979
0 745
0 940
0 721
0 894
0 1015
0 935
0 646
0 1095
0 969
0 937
0 941
0 842
0 1015
0 1096
0 694
0 1289
0 913
0 982
0 916
0 719
0 687
0 645
0 702
0 853
0 943
0 1111
0 835
0 977
0 887
0 747
0 1152
0 1040
0 1087
0 1077
0 866
0 904
0 887
0 942
0 909
0 936
0 933
0 914
0 756
0 966
0 942
0 1073
0 968
0 991
0 670
0 1104
0 1010
0 899
0 970
0 801
0 985
0 1007
0 927
0 933
0 955
0 795
0 838
0 921
0 988
0 943
0 1018
0 990
0 1105
0 981
0 832
0 822
0 1004
0 1029
0 811
0 927
0 1053
0 696
0 928
0 1215
0 1012
0 1167
0 791
0 927
0 907
0 1003
0 1058
0 813
0 1054
0 530
0 966
0 954
0 742
0 867
0 791
0 927
0 1024
0 792
0 864
0 980
0 780
0 855
0 999
0 866
0 603
0 736
0 1040
0 890
0 954
0 1129
0 891
0 890
0 783
0 813
0 862
0 1050
0 974
0 1034
0 961
0 846
0 988
0 1000
0 585
0 807
0 927
0 1071
0 1067
0 1067
0 815
0 966
0 921
0 962
0 809
0 789
0 905
0 744
0 1102
0 787
0 1146
0 866
0 747
0 888
0 843
0 975
0 1123
0 1098
0 849
0 1174
0 980
0 925
0 1085
0 779
0 906
0 754
0 662
0 944
0 1118
0 1031
0 1085
0 913
0 928
0 1070
0 904
0 902
0 931
0 1087
0 948
0 907
0 898
0 933
0 1033
0 1048
0 1049
0 990
0 1058
0 825
0 943
0 885
0 1107
0 968
0 908
0 791
0 842
0 820
0 979
0 791
0 799
0 1053
0 719
0 981
0 772
0 932
0 1014
0 1100
0 827
0 1026
0 865
0 1010
0 1090
0 934
0 667
0 855
0 815
0 846
0 803
0 936
0 800
0 712
0 862
0 816
0 952
0 972
0 831
0 1036
0 827
0 1052
0 803
0 735
0 871
0 994
0 766
0 1031
0 898
0 905
0 915
0 609
0 966
0 752
0 948
0 953
0 943
0 704
0 1012
0 1190
0 1096
0 957
0 858
0 916
0 796
0 810
0 953
0 1055
0 957
0 870
0 640
0 895
0 1026
0 919
0 895
0 1054
0 851
0 1118
0 896
0 1157
0 897
0 678
0 849
0 870
0 970
0 974
0 798
0 913
0 1040
0 744
0 683
0 761
0 1180
0 858
0 905
0 894
0 890
0 925
0 835
0 1016
0 861
0 811
0 850
0 826
0 795
0 859
0 1017
0 801
0 1063
0 962
0 1022
0 988
0 1242
0 797
0 1144
0 983
0 1024
0 1127
0 709
0 1252
0 960
0 831
0 902
0 1024
0 1077
0 928
0 951
0 937
0 832
0 1150
0 768
0 875
0 875
0 793
0 1043
0 991
0 896
0 876
0 822
0 767
0 1033
0 979
0 955
0 794
0 826
0 1042
0 807
0 830
0 931
0 790
0 1113
0 1153
0 878
0 979
0 1055
0 1068
0 790
0 1140
0 928
0 978
0 829
0 761
0 837
0 993
0 954
0 954
0 1041
0 1030
0 799
0 1053
0 947
0 1111
0 1156
0 839
0 1098
0 950
0 946
0 931
0 1138
0 838
0 757
0 865
0 936
0 871
0 699
0 968
0 687
0 963
0 921
0 994
0 957
0 908
0 893
0 971
0 731
0 993
0 944
0 872
0 959
0 1112
0 735
0 928
0 1085
0 915
0 882
0 963
0 941
0 929
0 734
0 984
0 931
0 1214
0 831
0 921
0 844
0 909
0 788
0 1202
0 1025
0 713
0 966
0 819
0 826
0 870
0 1102
0 972
0 1002
0 998
0 912
0 1009
0 1200
0 941
0 1009
0 1014
0 1092
0 779
0 960
0 848
0 894
0 1145
0 1000
0 1113
0 675
0 1067
0 965
0 1012
0 818
0 867
0 879
0 981
0 993
0 1163
0 912
0 911
0 808
0 1088
0 842
0 1135
0 915
0 934
0 1058
0 906
0 960
0 990
0 984
0 1042
0 972
0 843
0 802
0 1048
0 848
0 935
0 915
0 818
0 735
0 950
0 1663
0 956
0 971
0 848
0 812
0 1102
0 1018
0 893
0 1007
0 1146
0 1011
0 1213
0 981
0 981
0 1026
0 643
0 1029
0 897
0 946
0 838
0 1061
0 1005
0 933
0 644
0 1036
0 947
0 598
0 1200
0 1005
0 973
0 833
0 1216
0 882
0 786
0 1033
0 837
0 1071
0 940
0 886
0 909
0 912
0 883
0 869
0 1053
0 1038
0 997
0 862
0 833
0 1113
0 1011
0 601
0 1132
0 914
0 1175
0 898
0 747
0 870
0 940
0 808
0 849
0 945
0 811
0 914
0 794
0 1015
0 747
0 780
0 1062
0 943
0 1030
0 840
0 764
0 854
0 988
0 1015
0 899
0 948
0 829
0 937
0 1035
0 973
0 1010
0 949
0 1007
0 731
0 941
0 1033
0 828
0 953
0 893
0 823
0 1128
0 968
0 926
0 923
0 883
0 969
0 875
0 1006
0 906
0 1080
0 1099
0 779
0 1116
0 994
0 1044
0 1086
0 985
0 756
0 724
0 992
0 895
0 927
0 1206
0 893
0 873
0 755
0 733
0 855
0 888
0 787
0 891
0 740
0 925
0 909
0 862
0 947
0 729
0 1091
0 926
0 832
0 904
0 1055
0 662
0 798
0 1027
0 881
0 1023
0 1183
0 948
0 1017
0 866
0 1033
0 711
0 1017
0 1014
0 1034
0 1063
0 702
0 1097
0 762
0 738
0 948
0 970
0 863
0 713
0 888
0 1015
0 777
0 605
0 1128
0 936
0 1014
0 1002
0 729
0 939
0 859
0 1011
0 856
0 631
0 897
0 1061
0 750
0 921
0 587
0 1070
0 1002
0 837
0 736
0 914
0 1082
0 1062
0 897
0 1017
0 964
0 1029
0 1210
0 936
0 466
0 885
0 1070
0 967
0 680
0 1035
0 775
0 630
0 888
0 1162
0 1095
0 916
0 1046
0 801
0 1136
0 1059
0 750
0 738
0 951
0 853
0 656
0 1169
0 1116
0 772
0 764
0 1092
0 906
0 910
0 806
0 975
0 1178
0 1046
0 831
0 862
0 1117
0 868
0 911
0 731
0 775
0 834
0 934
0 1119
0 750
0 905
0 880
0 1083
0 984
0 891
0 1018
0 911
0 892
0 864
0 853
0 832
0 1139
0 1223
0 987
0 740
0 834
0 898
0 689
0 621
0 1032
0 1062
0 724
0 917
0 816
0 963
0 927
0 859
0 864
0 789
0 984
0 1141
0 931
0 956
0 575
0 854
0 1156
0 924
0 864
0 975
0 853
0 1009
0 855
0 1025
0 905
0 1107
0 1129
0 761
0 912
0 844
0 589
0 959
0 719
0 561
0 843
0 545
0 1059
0 1023
0 956
0 732
0 959
0 855
0 891
0 967
0 932
0 994
0 1180
0 895
0 854
0 856
0 618
0 768
0 960
0 860
0 826
0 877
0 983
0 978
0 768
0 1028
0 1133
0 806
0 676
0 335
0 886
0 838
0 1049
0 1054
0 956
0 967
0 873
0 674
0 886
0 769
0 1276
0 908
0 888
0 861
0 990
0 767
0 898
0 538
0 818
0 930
0 640
0 926
0 964
0 993
0 927
0 933
0 947
0 1118
0 967
0 924
0 1167
0 1140
0 804
0 1074
0 1151
0 981
0 853
0 940
0 664
0 994
0 785
0 961
0 670
0 1082
0 852
0 887
0 1106
0 1048
0 1011
0 992
0 858
0 1005
0 906
0 758
0 943
0 924
0 869
0 901
0 870
0 952
0 1006
0 830
0 855
0 900
0 993
0 885
0 896
0 912
0 995
0 1060
0 911
0 856
0 988
0 761
0 1028
0 913
0 1127
0 919
0 1171
0 1014
0 1004
0 774
0 838
0 950
0 962
0 875
0 1095
0 985
0 804
0 1087
0 1076
0 964
0 850
0 1068
0 886
0 865
0 884
0 914
0 1001
0 1050
0 935
0 764
0 709
0 947
0 1019
0 996
0 864
0 900
0 874
0 864
0 899
0 767
0 925
0 910
0 1045
0 1034
0 1026
0 811
0 1020
0 949
0 804
0 958
0 964
0 910
0 882
0 1003
0 1202
0 1156
0 895
0 1008
0 916
0 848
0 1068
0 808
0 1056
0 516
0 1103
0 992
0 1029
0 990
0 991
0 837
0 923
0 1055
0 938
0 760
0 875
0 917
0 867
0 1002
0 857
0 867
0 887
0 692
0 1032
0 986
0 987
0 1107
0 931
0 883
0 793
0 969
0 1046
0 764
0 727
0 1103
0 961
0 1106
0 895
0 867
0 914
0 846
0 877
0 879
0 753
0 914
0 852
0 737
0 1005
0 1023
0 886
0 879
0 824
0 883
0 842
0 1065
0 710
0 640
0 912
0 1016
0 917
0 761
0 867
0 965
0 966
0 917
0 1011
0 1007
0 853
0 959
0 1112
0 985
0 798
0 959
0 1120
0 957
0 734
0 986
0 1197
0 1122
0 1071
0 970
0 859
0 911
0 1019
0 1073
0 1039
0 862
0 1054
0 914
0 558
0 875
0 743
0 1101
0 1054
0 1089
0 763
0 1098
0 1044
0 909
0 894
0 868
0 808
0 1046
0 614
0 1000
0 796
0 1171
0 850
0 1020
0 873
0 995
0 495
0 797
0 1015
0 726
0 1050
0 1006
0 820
0 1027
0 769
0 913
0 803
0 799
0 991
0 959
0 831
0 562
0 927
0 981
0 739
0 1078
0 808
0 842
0 906
0 455
0 864
0 838
0 1010
0 717
0 1013
0 958
0 848
0 941
0 945
0 856
0 790
0 839
0 918
0 757
0 1084
0 1063
0 843
0 675
0 1039
0 923
0 956
0 983
0 1021
0 1059
0 778
0 842
0 1024
0 737
0 961
0 1010
0 843
0 811
0 917
0 1182
0 647
0 907
0 1036
0 693
0 891
0 912
0 922
0 898
0 923
0 1097
0 1058
0 924
0 1015
0 941
0 818
0 868
0 807
0 903
0 807
0 1080
0 1014
0 898
0 1143
0 975
0 1002
0 849
0 916
0 996
0 820
0 703
0 1067
0 964
0 926
0 953
0 1004
0 971
0 960
0 863
0 837
0 976
0 881
0 965
0 802
0 995
0 919
0 665
0 908
0 1068
0 705
0 767
0 968
0 397
0 1065
0 1263
0 1018
0 936
0 918
0 919
0 854
0 848
0 1165
0 986
0 1067
0 782
0 1012
0 1044
0 1015
0 805
0 826
0 804
0 1007
0 744
0 708
0 1030
0 816
0 976
0 968
0 968
0 1051
0 991
0 1027
0 1048
0 1005
0 941
0 751
0 966
0 928
0 562
0 951
0 884
0 773
0 1115
0 772
0 1048
0 909
0 1059
0 938
0 977
0 762
0 1055
0 818
0 829
0 684
0 766
0 769
0 998
0 1063
0 892
0 978
0 884
0 875
0 964
0 970
0 816
0 811
0 853
0 953
0 834
0 1151
0 814
0 914
0 930
0 969
0 1041
0 971
0 1028
0 944
0 996
0 901
0 929
0 914
0 719
0 831
0 1055
0 1014
0 927
0 1168
0 972
0 967
0 1042
0 739
0 809
0 941
0 926
0 789
0 791
0 1041
0 1106
0 886
0 1016
0 1045
0 856
0 977
0 981
0 1009
0 954
0 713
0 774
0 867
0 1000
0 954
0 1006
0 1068
0 991
0 949
0 1051
0 914
0 827
0 1289
0 973
0 964
0 726
0 794
0 907
0 971
0 930
0 773
0 1106
0 946
0 1040
0 832
0 1101
0 1006
0 979
0 1118
0 962
0 561
0 1091
0 1003
0 906
0 1150
0 989
0 879
0 966
0 1038
0 978
0 899
0 955
0 974
0 849
0 928
0 995
0 983
0 788
0 1059
0 833
0 1083
0 722
0 930
0 930
0 941
0 850
0 1007
0 706
0 743
0 890
0 863
0 839
0 715
0 743
0 913
0 976
0 755
0 993
0 1070
0 925
0 788
0 1015
0 849
0 799
0 1112
0 897
0 806
0 978
0 670
0 1090
0 1035
0 816
0 878
0 890
0 1035
0 886
0 959
0 807
0 1013
0 1123
0 867
0 530
0 985
0 980
0 803
0 950
0 1175
0 962
0 920
0 979
0 715
0 950
0 906
0 604
0 817
0 806
0 1125
0 1127
0 923
0 989
0 908
0 782
0 1001
0 869
0 971
0 893
0 767
0 883
0 933
0 989
0 1114
0 958
0 807
0 853
0 983
0 885
0 897
0 1047
0 962
0 978
0 1076
0 670
0 894
0 901
0 838
0 878
0 867
0 943
0 1031
0 951
0 850
0 1000
0 908
0 898
0 860
0 892
0 823
0 909
0 863
0 898
0 1043
0 926
0 1261
0 941
0 994
0 618
0 1083
0 964
0 1008
0 991
0 983
0 956
0 838
0 935
0 1062
0 858
0 860
0 815
0 1071
0 862
0 734
0 879
0 679
0 1032
0 734
0 1060
0 850
0 876
0 638
0 919
0 944
0 954
0 909
0 921
0 945
0 1058
0 942
0 929
0 965
0 979
0 997
0 787
0 958
0 1114
0 700
0 1039
0 768
0 1020
0 948
0 839
0 933
0 953
0 929
0 907
0 1258
0 838
0 796
0 971
0 968
0 952
0 659
0 1018
0 823
0 670
0 1010
0 989
0 1065
0 980
0 808
0 1006
0 1079
0 898
0 837
0 1034
0 824
0 766
0 910
0 845
0 869
0 999
0 936
0 1023
0 936
0 829
0 821
0 798
0 1003
0 960
0 924
0 1088
0 780
0 730
0 703
0 1127
0 860
0 1051
0 948
0 992
0 821
0 736
0 937
0 951
0 784
0 910
0 1148
0 1320
0 845
0 931
0 754
0 892
0 791
0 899
0 797
0 942
0 586
0 943
0 1136
0 945
0 871
0 1056
0 1016
0 730
0 708
0 674
0 1093
0 1108
0 1022
0 1207
0 787
0 1036
0 782
0 948
0 879
0 811
0 1087
0 815
0 1187
0 1486
0 1077
0 841
0 977
0 886
0 980
0 1135
0 810
0 928
0 942
0 979
0 968
0 839
0 956
0 1058
0 895
0 643
0 893
0 973
0 1020
0 708
0 976
0 965
0 921
0 950
0 945
0 749
0 1015
0 514
0 644
0 776
0 908
0 918
0 1161
0 858
0 1097
0 969
0 796
0 985
0 702
0 652
0 837
0 857
0 863
0 853
0 825
0 788
0 1042
0 1089
0 932
0 909
0 887
0 1087
0 977
0 766
0 903
0 1054
0 903
0 747
0 973
0 895
0 897
0 707
0 944
0 832
0 892
0 959
0 986
0 948
0 1005
0 921
0 783
0 956
0 868
0 904
0 947
0 1040
0 886
0 1025
0 790
0 1015
0 918
0 1007
0 930
0 1160
0 1183
0 1013
0 941
0 920
0 1072
0 821
0 980
0 1028
0 1034
0 1101
0 746
0 812
0 1032
0 828
0 997
0 955
0 707
0 713
0 1122
0 838
0 924
0 786
0 968
0 1180
0 574
0 1126
0 698
0 1025
0 945
0 912
0 1031
0 912
0 1011
0 783
0 720
0 881
0 1027
0 1157
0 1084
0 1024
0 897
0 1002
0 898
0 1119
0 812
0 901
0 706
0 967
0 886
0 856
0 852
0 1134
0 753
0 1036
0 1026
0 900
0 952
0 800
0 856
0 829
0 1042
0 885
0 720
0 985
0 879
0 757
0 1024
0 1024
0 743
0 978
0 682
0 874
0 984
0 711
0 546
0 1044
0 854
0 775
0 851
0 916
0 928
0 894
0 1024
0 931
0 643
0 1090
0 990
0 1031
0 858
0 777
0 463
0 947
0 1038
0 893
0 902
0 951
0 679
0 932
0 834
0 917
0 682
0 889
0 1078
0 927
0 1027
0 738
0 1095
0 978
0 1034
0 949
0 863
0 1058
0 938
0 731
0 938
0 903
0 1011
0 977
0 1084
0 908
0 920
0 992
0 682
0 749
0 1096
0 892
0 1049
0 697
0 1168
0 646
0 934
0 832
0 892
0 612
0 1121
0 1136
0 964
0 953
0 929
0 1009
0 685
0 956
0 841
0 925
0 1010
0 1024
0 1010
0 929
0 826
0 788
0 1167
0 1036
0 1005
0 721
0 1008
0 881
0 717
0 819
0 1025
0 1096
0 833
0 1095
0 812
0 875
0 1116
0 987
0 905
0 831
0 992
0 866
0 1019
0 889
0 842
0 849
0 555
0 783
0 984
0 979
0 657
0 929
0 696
0 816
0 897
0 1026
0 964
0 1120
0 846
0 832
0 1060
0 1056
0 922
0 927
0 839
0 957
0 880
0 905
0 981
0 976
0 957
0 999
0 1029
0 876
0 763
0 623
0 889
0 852
0 840
0 1141
0 918
0 983
0 1141
0 897
0 975
0 958
0 1233
0 995
0 1007
0 769
0 1078
0 709
0 1116
0 943
0 977
0 746
0 920
0 1101
0 686
0 1120
0 1016
0 946
0 1013
0 936
0 851
0 899
0 892
0 976
0 1075
0 868
0 1164
0 588
0 1078
0 1101
0 757
0 742
0 794
0 819
0 537
0 1060
0 882
0 865
0 888
0 974
0 1048
0 750
0 932
0 1105
0 881
0 1028
0 1271
0 711
0 986
0 1092
0 994
0 905
0 875
0 1171
0 939
0 1143
0 1106
0 998
0 796
0 822
0 914
0 936
0 836
0 983
0 938
0 1022
0 1043
0 1077
0 966
0 790
0 918
0 746
0 889
0 852
0 925
0 860
0 917
0 1024
0 731
0 848
0 882
0 760
0 1015
0 829
0 972
0 908
0 987
0 891
0 1011
0 902
0 846
0 822
0 781
0 844
0 1035
0 1075
0 956
0 897
0 984
0 999
0 842
0 964
0 1070
0 961
0 885
0 928
0 944
0 750
0 768
0 988
0 1014
0 819
0 1100
0 897
0 789
0 706
0 972
0 837
0 823
0 973
0 972
0 900
0 844
0 725
0 814
0 987
0 970
0 1041
0 886
0 812
0 1040
0 897
0 930
0 1091
0 786
0 1074
0 840
0 917
0 751
0 885
0 977
0 823
0 1064
0 805
0 774
0 873
0 853
0 605
0 954
0 850
0 919
0 965
0 662
0 872
0 913
0 735
0 633
0 786
0 1016
0 922
0 447
0 882
0 959
0 991
0 1042
0 1039
0 989
0 940
0 1121
0 884
0 879
0 815
0 664
0 1154
0 668
0 936
0 823
0 931
0 783
0 846
0 789
0 809
0 803
0 1055
0 889
0 861
0 930
0 1038
0 772
0 854
0 895
0 1098
0 767
0 937
0 1117
0 1001
0 1002
0 1355
0 1091
0 1016
0 951
0 886
0 843
0 1018
0 873
0 1001
0 732
0 1001
0 845
0 876
0 937
0 1069
0 936
0 856
0 965
0 868
0 1167
0 756
0 817
0 1079
0 785
0 1040
0 1033
0 834
0 934
0 849
0 821
0 927
0 880
0 1002
0 829
0 847
0 875
0 950
0 997
0 1012
0 894
0 910
0 1032
0 932
0 1035
0 979
0 985
0 904
0 980
0 1051
0 839
0 953
0 941
0 1114
0 1049
0 906
0 780
0 961
0 898
0 1037
0 947
0 796
0 765
0 1008
0 883
0 1134
0 1110
0 1031
0 973
0 942
0 831
0 1109
0 702
0 988
0 975
0 656
0 1088
0 1165
0 740
0 899
0 813
0 972
0 934
0 997
0 1181
0 1060
0 908
0 1104
0 588
0 1007
0 1170
0 800
0 918
0 889
0 917
0 1023
0 800
0 835
0 667
0 761
0 1082
0 1129
0 772
0 927
0 953
0 735
0 954
0 1109
0 902
0 986
0 978
0 775
0 800
0 893
0 933
0 929
0 882
0 856
0 839
0 1259
0 924
0 824
0 955
0 860
0 985
0 897
0 879
0 700
0 817
0 983
0 888
0 684
0 816
0 1054
0 701
0 1112
0 920
0 848
0 888
0 866
0 968
0 747
0 836
0 870
0 1096
0 1169
0 994
0 880
0 1043
0 759
0 1029
0 1291
0 943
0 912
0 933
0 828
0 1145
0 969
0 757
0 896
0 864
0 968
0 905
0 704
0 881
0 1180
0 769
0 1096
0 987
0 802
0 859
0 919
0 948
0 968
0 1006
0 699
0 922
0 928
0 848
0 1084
0 1165
0 992
0 913
0 764
0 1202
0 917
0 832
0 1056
0 991
0 932
0 1085
0 942
0 1009
0 979
0 899
0 962
0 902
0 775
0 975
0 887
0 971
0 855
0 959
0 995
0 794
0 969
0 826
0 1005
0 948
0 1001
0 917
0 1073
0 819
0 1034
0 995
0 622
0 1036
0 831
0 829
0 941
0 876
0 1179
0 899
0 743
0 973
0 872
0 942
0 992
0 911
0 1018
0 845
0 985
0 758
0 953
0 1016
0 847
0 796
0 979
0 934
0 882
0 1083
0 966
0 846
0 775
0 939
0 878
0 1021
0 706
0 1097
0 749
0 806
0 781
0 549
0 986
0 994
0 984
0 1008
0 1153
0 829
0 936
0 1290
0 1101
0 958
0 837
0 990
0 1143
0 954
0 920
0 816
0 692
0 628
0 906
0 1091
0 1070
0 1047
0 765
0 887
0 861
0 881
0 811
0 609
0 839
0 952
0 1040
0 882
0 985
0 847
0 750
0 1114
0 1044
0 942
0 898
0 818
0 805
0 673
0 923
0 948
0 908
0 990
0 835
0 921
0 853
0 897
0 896
0 785
0 831
0 766
0 1044
0 1103
0 1142
0 995
0 883
0 889
0 732
0 887
0 982
0 910
0 923
0 788
0 902
0 996
0 878
0 857
0 770
0 795
0 862
0 1110
0 962
0 987
0 1036
0 795
0 931
0 961
0 1052
0 1273
0 1054
0 984
0 860
0 910
0 825
0 1004
0 883
0 914
0 1162
0 822
0 1027
0 637
0 987
0 793
0 844
0 1028
0 991
0 1015
0 689
0 1045
0 918
0 1177
0 771
0 934
0 878
0 936
0 788
0 933
0 842
0 1040
0 1000
0 1027
0 1101
0 961
0 1071
0 1063
0 976
0 808
0 826
0 865
0 915
0 761
0 778
0 931
0 938
0 973
0 994
0 1061
0 824
0 989
0 1118
0 906
0 710
0 786
0 885
0 962
0 1014
0 790
0 469
0 1019
0 1155
0 1036
0 913
0 900
0 1010
0 946
0 839
0 914
0 1410
0 883
0 1120
0 847
0 880
0 1021
0 1047
0 909
0 1028
0 936
0 319
0 944
0 919
0 970
0 775
0 1038
0 1029
0 912
0 1057
0 532
0 573
0 879
0 1047
0 952
0 913
0 721
0 859
0 1120
0 908
0 1259
0 702
0 1061
0 937
0 903
0 986
0 792
0 1032
0 712
0 882
0 789
0 1043
0 908
0 994
0 1044
0 989
0 1012
0 805
0 974
0 918
0 802
0 941
0 975
0 994
0 1042
0 805
0 861
0 958
0 1075
0 936
0 806
0 821
0 796
0 1010
0 667
0 720
0 981
0 792
0 927
0 894
0 814
0 851
0 925
0 870
0 819
0 825
0 556
0 855
0 836
0 1068
0 883
0 730
0 1049
0 1002
0 1126
0 803
0 797
0 888
0 941
0 804
0 968
0 880
0 953
0 1046
0 773
0 801
0 968
0 684
0 977
0 826
0 900
0 836
0 1080
0 1023
0 916
0 863
0 851
0 756
0 839
0 1089
0 1007
0 1016
0 897
0 1074
0 673
0 918
0 862
0 976
0 946
0 936
0 890
0 808
0 887
0 919
0 964
0 1035
0 876
0 892
0 884
0 783
0 1078
0 958
0 837
0 1034
0 755
0 929
0 727
0 695
0 766
0 771
0 999
0 922
0 850
0 871
0 933
0 685
0 976
0 969
0 919
0 859
0 954
0 823
0 1051
0 1110
0 1000
0 800
0 907
0 967
0 877
0 923
0 895
0 1126
0 970
0 1003
0 938
0 858
0 786
0 775
0 943
0 1077
0 1062
0 805
0 920
0 824
0 901
0 915
0 973
0 1020
0 914
0 902
0 916
0 1052
0 1076
0 896
0 808
0 705
0 943
0 925
0 995
0 1169
0 959
0 620
0 929
0 955
0 982
0 778
0 1004
0 829
0 846
0 1042
0 686
0 757
0 976
0 1034
0 702
0 1067
0 748
0 938
0 1047
0 847
0 923
0 1037
0 752
0 1036
0 958
0 861
0 1098
0 966
0 1036
0 1084
0 1021
0 1050
0 993
0 837
0 1065
0 817
0 980
0 987
0 706
0 798
0 943
0 1006
0 876
0 1021
0 1006
0 970
0 996
0 817
0 820
0 1003
0 967
0 896
0 1009
0 858
0 882
0 1022
0 829
0 1192
0 1063
0 1216
0 989
0 1056
0 1009
0 932
0 920
0 937
0 909
0 824
0 834
0 1044
0 1058
0 980
0 847
0 1015
0 950
0 848
0 780
0 1113
0 927
0 1268
0 825
0 1164
0 1073
0 1083
0 778
0 938
0 860
0 1105
0 940
0 772
0 840
0 745
0 1089
0 847
0 1086
0 1142
0 858
0 930
0 957
0 734
0 943
0 925
0 975
0 1208
0 1032
0 862
0 962
0 864
0 889
0 698
0 1105
0 623
0 1249
0 1087
0 995
0 915
0 953
0 838
0 957
0 793
0 898
0 829
0 770
0 891
0 723
0 863
0 783
0 902
0 911
0 836
0 999
0 783
0 925
0 1065
0 1086
0 1024
0 995
0 973
0 928
0 902
0 852
0 562
0 882
0 796
0 974
0 935
0 879
0 654
0 1016
0 809
0 632
0 935
0 802
0 982
0 885
0 1182
0 963
0 1035
0 953
0 780
0 1021
0 960
0 974
0 920
0 982
0 1068
0 910
0 836
0 796
0 865
0 1024
0 1034
0 954
0 1101
0 924
0 785
0 966
0 1028
0 817
0 996
0 934
0 911
0 904
0 1063
0 1090
0 878
0 920
0 1041
0 752
0 1002
0 906
0 1003
0 920
0 1155
0 998
0 765
0 824
0 965
0 794
0 1005
0 919
0 698
0 942
0 956
0 875
0 866
0 792
0 1000
0 996
0 1035
0 858
0 1032
0 916
0 1022
0 969
0 737
0 1054
0 764
0 601
0 917
0 1109
0 908
0 1007
0 675
0 781
0 1019
0 864
0 793
0 922
0 1012
0 791
0 784
0 1147
0 1144
0 718
0 675
0 978
0 772
0 802
0 950
0 975
0 763
0 1142
0 1065
0 887
0 860
0 1227
0 1115
0 886
0 706
0 955
0 1293
0 954
0 715
0 1052
0 1006
0 755
0 960
0 871
0 1059
0 732
0 1165
0 704
0 944
0 866
0 936
0 1037
0 1262
0 933
0 1044
0 703
0 1055
0 840
0 779
0 1011
0 1060
0 966
0 1372
0 959
0 371
0 1017
0 787
0 1071
0 570
0 946
0 833
0 1169
0 942
0 1041
0 1006
0 863
0 1128
0 963
0 937
0 897
0 753
0 864
0 974
0 909
0 939
0 917
0 787
0 1007
0 988
0 975
0 858
0 1037
0 993
0 1089
0 1173
0 878
0 1052
0 833
0 973
0 1160
0 1100
0 1350
0 718
0 812
0 1029
0 983
0 959
0 693
0 993
0 928
0 1101
0 1008
0 1123
0 582
0 839
0 1149
0 862
0 579
0 998
0 915
0 985
0 824
0 757
0 1030
0 822
0 890
0 896
0 680
0 845
0 1110
0 774
0 591
0 1051
0 1041
0 1169
0 897
0 879
0 876
0 969
0 804
0 949
0 1043
0 805
0 831
0 713
0 917
0 867
0 866
0 912
0 986
0 919
0 1090
0 863
0 909
0 969
0 878
0 952
0 757
0 1122
0 720
0 857
0 1091
0 1073
0 1041
0 771
0 928
0 991
0 645
0 755
0 1018
0 831
0 1061
0 1045
0 842
0 965
0 882
0 1004
0 946
0 1062
0 916
0 782
0 889
0 1049
0 1032
0 1011
0 892
0 1208
0 927
0 1077
0 849
0 1042
0 769
0 866
0 1044
0 833
0 821
0 923
0 928
0 770
0 853
0 926
0 825
0 813
0 1161
0 968
0 915
0 974
0 865
0 982
0 916
0 982
0 928
0 1106
0 1070
0 851
0 746
0 664
0 1007
0 734
0 1140
0 869
0 953
0 1080
0 909
0 1163
0 1150
0 898
0 913
0 882
0 963
0 945
0 868
0 694
0 870
0 944
0 1077
0 819
0 716
0 931
0 1135
0 895
0 895
0 849
0 699
0 1020
0 1066
0 1141
0 742
0 744
0 858
0 745
0 782
0 924
0 762
0 1142
0 977
0 523
0 999
0 1184
0 938
0 688
0 982
0 860
0 956
0 1092
0 765
0 520
0 777
0 645
0 798
0 839
0 1007
0 834
0 931
0 968
0 917
0 1041
0 889
0 1054
0 868
0 935
0 988
0 880
0 944
0 1100
0 552
0 885
0 693
0 920
0 955
0 765
0 885
0 939
0 1099
0 837
0 948
0 1097
0 1132
0 888
0 1029
0 1019
0 1100
0 1108
0 1357
0 937
0 595
0 1079
0 1051
0 829
0 911
0 841
0 1042
0 1002
0 832
0 1062
0 932
0 1062
0 1055
0 1149
0 812
0 978
0 1151
0 1184
0 1072
0 829
0 757
0 858
0 960
0 713
0 779
0 876
0 1035
0 785
0 1134
0 1048
0 882
0 780
0 999
0 711
0 808
0 1030
0 1138
0 916
0 478
0 750
0 941
0 846
0 1004
0 844
0 597
0 866
0 929
0 1023
0 970
0 785
0 932
0 918
0 1074
0 1093
0 1000
0 1128
0 922
0 892
0 1146
0 552
0 685
0 1015
0 785
0 772
0 964
0 925
0 870
0 1002
0 1023
0 1242
0 725
0 806
0 826
0 944
0 935
0 979
0 866
0 1098
0 902
0 937
0 810
0 848
0 903
0 953
0 1062
0 794
0 705
0 954
0 1095
0 945
0 1011
0 973
0 821
0 956
0 857
0 692
0 859
0 786
0 639
0 1175
0 910
0 906
0 925
0 1089
0 953
0 1031
0 722
0 963
0 900
0 910
0 928
0 914
0 693
0 808
0 997
0 1088
0 905
0 910
0 1116
0 803
0 797
0 1008
0 902
0 1003
0 969
0 991
0 822
0 1048
0 1004
0 778
0 869
0 1045
0 907
0 1036
0 749
0 503
0 807
0 802
0 1075
0 1025
0 965
0 995
0 956
0 823
0 856
0 791
0 874
0 924
0 1027
0 826
0 688
0 832
0 1183
0 1091
0 1002
0 822
0 1023
0 562
0 1004
0 877
0 894
0 803
0 947
0 1053
0 872
0 932
0 895
0 883
0 1113
0 670
0 795
0 1013
0 863
0 742
0 1027
0 747
0 952
0 917
0 996
0 884
0 791
0 1040
0 1057
0 918
0 1116
0 935
0 1002
0 913
0 483
0 983
0 842
0 932
0 953
0 872
0 1155
0 1170
0 900
0 972
0 896
0 914
0 522
0 835
0 1202
0 1070
0 741
0 607
0 1066
0 974
0 1084
0 848
0 996
0 909
0 773
0 1065
0 948
0 547
0 1026
0 940
0 921
0 937
0 1218
0 994
0 951
0 1023
0 888
0 1041
0 663
0 1026
0 791
0 713
0 939
0 996
0 1102
0 819
0 837
0 974
0 791
0 1178
0 812
0 898
0 777
0 954
0 947
0 931
0 1087
0 952
0 759
0 837
0 830
0 932
0 1001
0 1022
0 1000
0 891
0 1017
0 1098
0 872
0 703
0 787
0 1050
0 870
0 841
0 672
0 818
0 1089
0 1027
0 981
0 967
0 943
0 1014
0 920
0 946
0 837
0 886
0 919
0 873
0 860
0 889
0 898
0 864
0 952
0 1096
0 855
0 1093
0 584
0 930
0 1160
0 821
0 1153
0 782
0 960
0 854
0 665
0 849
0 933
0 948
0 1110
0 821
0 1058
0 996
0 928
0 1196
0 1059
0 818
0 903
0 815
0 822
0 935
0 792
0 843
0 1098
0 1038
0 924
0 1151
0 977
0 892
0 907
0 893
0 786
0 927
0 1075
0 570
0 830
0 812
0 944
0 932
0 837
0 877
0 1056
0 913
0 977
0 1077
0 773
0 702
0 891
0 847
0 900
0 869
0 1017
0 954
0 926
0 859
0 1059
0 931
0 895
0 911
0 1095
0 912
0 959
0 887
0 952
0 1019
0 806
0 963
0 928
0 1150
0 985
0 1058
0 897
0 1077
0 830
0 908
0 971
0 924
0 911
0 873
0 853
0 917
0 704
0 1121
0 924
0 1055
0 806
0 834
0 793
0 1115
0 780
0 818
0 1157
0 659
0 992
0 889
0 994
0 883
0 769
0 992
0 970
0 918
0 1000
0 681
0 778
0 1155
0 951
0 930
0 766
0 954
0 1055
0 879
0 894
0 800
0 577
0 818
0 948
0 807
0 1334
0 797
0 1127
0 728
0 928
0 1028
0 857
0 883
0 1174
0 1065
0 960
0 1032
0 961
0 1072
0 1004
0 699
0 912
0 848
0 753
0 999
0 926
0 841
0 887
0 885
0 959
0 922
0 1071
0 681
0 1004
0 789
0 679
0 789
0 823
0 948
0 876
0 883
0 967
0 661
0 776
0 1089
0 1002
0 1045
0 1064
0 598
0 900
0 1067
0 933
0 866
0 1062
0 872
0 903
0 924
0 683
0 991
0 976
0 997
0 736
0 712
0 893
0 937
0 838
0 948
0 1077
0 1026
0 1003
0 974
0 902
0 892
0 1019
0 813
0 846
0 929
0 870
0 777
0 823
0 872
0 985
0 870
0 895
0 564
0 909
0 739
0 638
0 941
0 972
0 739
0 944
0 611
0 1036
0 1084
0 979
0 1147
0 912
0 1059
0 824
0 1003
0 652
0 702
0 925
0 970
0 948
0 1083
0 1051
0 975
0 1035
0 844
0 763
0 877
0 930
0 832
0 837
0 838
0 912
0 776
0 1148
0 874
0 1185
0 753
0 973
0 1114
0 658
0 996
0 970
0 964
0 1075
0 854
0 904
0 1118
0 918
0 933
0 1219
0 722
0 769
0 1149
0 1056
0 879
0 987
0 739
0 1000
0 1057
0 1094
0 902
0 701
0 911
0 824
0 1073
0 784
0 931
0 919
0 1083
0 988
0 1094
0 954
0 1138
0 1173
0 912
0 784
0 795
0 903
0 1173
0 872
0 929
0 967
0 949
0 883
0 818
0 798
0 1148
0 1102
0 800
0 683
0 1109
0 1000
0 960
0 1341
0 926
0 845
0 993
0 818
0 796
0 882
0 971
0 922
0 1111
0 880
0 885
0 924
0 1011
0 805
0 977
0 619
0 722
0 831
0 807
0 872
0 965
0 1053
0 932
0 880
0 731
0 906
0 937
0 736
0 837
0 856
0 880
0 698
0 894
0 861
0 872
0 870
0 1004
0 840
0 738
0 1006
0 906
0 865
0 1010
0 1117
0 1174
0 948
0 910
0 934
0 901
0 922
0 857
0 931
0 763
0 782
0 975
0 930
0 946
0 877
0 753
0 914
0 932
0 607
0 1038
0 639
0 1123
0 923
0 771
0 1068
0 1565
0 731
0 706
0 1131
0 838
0 1055
0 756
0 999
0 1013
0 1031
0 1180
0 876
0 742
0 991
0 931
0 810
0 1025
0 676
0 1059
0 832
0 1037
0 739
0 936
0 850
0 965
0 562
0 1005
0 858
0 951
0 901
0 988
0 1008
0 866
0 1072
0 1131
0 762
0 945
0 1110
0 599
0 756
0 1042
0 951
0 851
0 628
0 1001
0 868
0 875
0 451
0 919
0 821
0 960
0 931
0 1132
0 913
0 781
0 955
0 864
0 686
0 1009
0 979
0 1172
0 854
0 996
0 833
0 1166
0 828
0 859
0 1107
0 910
0 1182
0 871
0 801
0 606
0 897
0 830
0 927
0 779
0 1120
0 978
0 1023
0 1073
0 976
0 841
0 942
0 1112
0 902
0 841
0 914
0 1079
0 813
0 1040
0 872
0 846
0 852
0 663
0 983
0 1027
0 837
0 988
0 800
0 971
0 1004
0 1025
0 988
0 787
0 993
0 1157
0 699
0 1106
0 707
0 879
0 950
0 885
0 986
0 864
0 1056
0 1066
0 813
0 745
0 702
0 1067
0 858
0 1145
0 675
0 909
0 1131
0 1004
0 903
0 1088
0 1038
0 936
0 849
0 800
0 1023
0 857
0 1000
0 883
0 764
0 978
0 697
0 1067
0 879
0 958
0 847
0 860
0 948
0 1111
0 976
0 1091
0 786
0 911
0 765
0 886
0 883
0 870
0 1125
0 1148
0 878
0 1146
0 1037
0 1012
0 1080
0 936
0 1018
0 913
0 880
0 835
0 978
0 1161
0 972
0 1007
0 844
0 915
0 819
0 1158
0 986
0 792
0 740
0 1095
0 1042
0 906
0 880
0 1001
0 1009
0 919
0 890
0 1109
0 825
0 860
0 1006
0 572
0 985
0 967
0 873
0 1116
0 630
0 747
0 916
0 996
0 951
0 1246
0 488
0 810
0 1067
0 912
0 720
0 980
0 1000
0 1104
0 969
0 940
0 881
0 830
0 910
0 824
0 939
0 1014
0 692
0 953
0 935
0 718
0 933
0 958
0 844
0 797
0 1000
0 865
0 851
0 973
0 958
0 892
0 886
0 754
0 970
0 769
0 1127
0 1132
0 683
0 1062
0 727
0 937
0 755
0 1005
0 741
0 810
0 905
0 919
0 919
0 803
0 891
0 1021
0 868
0 863
0 971
0 937
0 892
0 1004
0 1107
0 838
0 806
0 782
0 739
0 926
0 920
0 799
0 864
0 876
0 797
0 864
0 940
0 937
0 594
0 642
0 983
0 951
0 769
0 965
0 931
0 978
0 915
0 1116
0 688
0 1056
0 894
0 819
0 976
0 960
0 1031
0 1010
0 1060
0 950
0 801
0 829
0 878
0 970
0 985
0 920
0 810
0 1015
0 485
0 1026
0 943
0 1095
0 1166
0 998
0 824
0 798
0 1006
0 1050
0 985
0 1039
0 1111
0 842
0 1034
0 1020
0 965
0 901
0 1033
0 930
0 945
0 889
0 1025
0 1007
0 981
0 858
0 855
0 941
0 1237
0 1057
0 1016
0 877
0 1035
0 979
0 962
0 765
0 1077
0 671
0 647
0 920
0 1062
0 875
0 855
0 936
0 975
0 1125
0 959
0 869
0 869
0 867
0 929
0 1025
0 945
0 1113
0 912
0 1134
0 1056
0 886
0 1051
0 592
0 799
0 900
0 1052
0 974
0 1097
0 770
0 1007
0 842
0 892
0 887
0 973
0 1031
0 804
0 844
0 902
0 783
0 1163
0 1026
0 1063
0 789
0 801
0 865
0 770
0 1164
0 983
0 832
0 1035
0 952
0 722
0 894
0 1176
0 765
0 1087
0 1059
0 717
0 882
0 979
0 951
0 697
0 883
0 935
0 822
0 911
0 832
0 1056
0 935
0 893
0 808
0 822
0 722
0 807
0 906
0 890
0 971
0 978
0 1094
0 1113
0 792
0 815
0 947
0 1059
0 875
0 828
0 836
0 1036
0 1049
0 813
0 943
0 855
0 1038
0 961
0 915
0 1131
0 765
0 826
0 928
0 820
0 747
0 841
0 896
0 854
0 1133
0 831
0 876
0 562
0 982
0 832
0 931
0 962
0 820
0 892
0 979
0 823
0 853
0 1097
0 989
0 734
0 894
0 854
0 897
0 959
0 1045
0 677
0 939
0 923
0 1154
0 685
0 1024
0 919
0 748
0 1106
0 1017
0 980
0 534
0 985
0 887
0 942
0 615
0 1020
0 1081
0 1049
0 829
0 711
0 1017
0 1003
0 1000
0 762
0 800
0 977
0 615
0 1023
0 1022
0 950
0 1040
0 1032
0 689
0 923
0 1015
0 771
0 931
0 757
0 955
0 931
0 895
0 917
0 1091
0 768
0 891
0 1019
0 1183
0 1182
0 1073
0 963
0 803
0 666
0 736
0 1201
0 876
0 588
0 969
0 918
0 1012
0 922
0 1023
0 812
0 895
0 1037
0 850
0 1137
0 865
0 869
0 930
0 1058
0 1062
0 811
0 876
0 935
0 826
0 914
0 664
0 1003
0 1034
0 988
0 863
0 1119
0 1100
0 915
0 952
0 1040
0 977
0 878
0 981
0 1061
0 1090
0 799
0 976
0 1069
0 792
0 751
0 675
0 772
0 755
0 820
0 1057
0 845
0 684
0 939
0 1050
0 1107
0 988
0 924
0 916
0 920
0 820
0 947
0 943
0 745
0 949
0 1015
0 848
0 611
0 744
0 859
0 976
0 1074
0 854
0 993
0 1019
0 812
0 1115
0 834
0 987
0 972
0 971
0 929
0 803
0 1084
0 1001
0 657
0 1043
0 857
0 953
0 897
0 1014
0 1023
0 672
0 985
0 877
0 1102
0 999
0 940
0 1128
0 835
0 843
0 910
0 937
0 887
0 1085
0 834
0 720
0 942
0 941
0 778
0 994
0 678
0 813
0 858
0 761
0 780
0 991
0 886
0 990
0 696
0 1168
0 746
0 824
0 865
0 1041
0 1015
0 949
0 960
0 885
0 858
0 943
0 940
0 956
0 873
0 931
0 1199
0 1073
0 911
0 719
0 875
0 865
0 999
0 1007
0 640
0 1036
0 1025
0 1030
0 724
0 859
0 990
0 618
0 919
0 1287
0 980
0 773
0 979
0 955
0 897
0 692
0 1093
0 911
0 923
0 1145
0 1097
0 1040
0 847
0 1078
0 1013
0 940
0 1103
0 945
0 687
0 770
0 672
0 767
0 1109
0 991
0 769
0 1120
0 837
0 995
0 1025
0 872
0 878
0 913
0 1184
0 1101
0 748
0 998
0 1034
0 970
0 936
0 1186
0 877
0 800
0 1081
0 946
0 992
0 956
0 1043
0 988
0 838
0 921
0 769
0 932
0 914
0 848
0 678
0 1086
0 939
0 1053
0 1056
0 1053
0 939
0 1131
0 850
0 844
0 1082
0 795
0 1019
0 584
0 846
0 1043
0 980
0 973
0 980
0 999
0 658
0 642
0 619
0 827
0 1081
0 961
0 1013
0 1001
0 649
0 908
0 838
0 865
0 890
0 684
0 1182
0 770
0 994
0 749
0 1057
0 1008
0 955
0 898
0 999
0 1027
0 908
0 1005
0 983
0 934
0 901
0 1033
0 989
0 721
0 960
0 761
0 881
0 933
0 1020
0 899
0 766
0 877
0 934
0 915
0 925
0 897
0 868
0 865
0 752
0 798
0 688
0 978
0 1144
0 891
0 1002
0 846
0 932
0 935
0 916
0 893
0 917
0 697
0 919
0 925
0 1045
0 821
0 1005
0 968
0 891
0 836
0 831
0 956
0 870
0 996
0 1114
0 895
0 835
0 957
0 622
0 712
0 1109
0 859
0 801
0 845
0 1073
0 1116
0 1100
0 1021
0 983
0 990
0 868
0 1040
0 935
0 786
0 1007
0 865
0 819
0 805
0 1085
0 945
0 844
0 875
0 880
0 812
0 786
0 923
0 962
0 966
0 1337
0 700
0 1003
0 819
0 884
0 817
0 664
0 690
0 850
0 919
0 951
0 782
0 742
0 698
0 892
0 856
0 996
0 1016
0 978
0 1138
0 1098
0 890
0 760
0 707
0 892
0 733
0 1079
0 887
0 1077
0 735
0 1085
0 904
0 791
0 879
0 798
0 1074
0 788
0 861
0 847
0 899
0 856
0 776
0 1100
0 977
0 830
0 629
0 878
0 929
0 780
0 1088
0 893
0 817
0 986
0 1055
0 1049
0 877
0 825
0 943
0 773
0 1144
0 1044
0 1140
0 804
0 934
0 859
0 1305
0 882
0 917
0 765
0 950
0 960
0 859
0 943
0 909
0 949
0 1015
0 956
0 1258
0 1028
0 1064
0 938
0 980
0 867
0 779
0 865
0 1200
0 962
0 917
0 961
0 824
0 833
0 1098
0 953
0 905
0 688
0 802
0 1078
0 845
0 1142
0 1125
0 904
0 1022
0 937
0 1004
0 805
0 1137
0 706
0 1117
0 991
0 781
0 942
0 984
0 947
0 883
0 617
0 980
0 815
0 979
0 730
0 868
0 1050
0 652
0 793
0 1258
0 846
0 1023
0 894
0 935
0 583
0 1036
0 929
0 961
0 1056
0 762
0 1001
0 932
0 781
0 930
0 936
0 1007
0 867
0 1017
0 832
0 1057
0 992
0 916
0 1025
0 979
0 887
0 987
0 1181
0 851
0 924
0 904
0 998
0 1059
0 989
0 854
0 1070
0 776
0 1012
0 1053
0 746
0 869
0 1122
0 799
0 811
0 1106
0 863
0 893
0 963
0 927
0 1109
0 949
0 1027
0 1011
0 855
0 611
0 947
0 1048
0 806
0 801
0 703
0 642
0 914
0 803
0 932
0 808
0 1093
0 848
0 1021
0 896
0 854
0 994
0 731
0 906
0 1204
0 963
0 865
0 966
0 905
0 901
0 996
0 803
0 879
0 783
0 697
0 840
0 1139
0 1050
0 838
0 844
0 1031
0 898
0 823
0 908
0 1088
0 786
0 633
0 898
0 1077
0 818
0 880
0 817
0 900
0 985
0 925
0 1284
0 789
0 761
0 664
0 877
0 559
0 986
0 894
0 880
0 903
0 687
0 893
0 940
0 1098
0 946
0 923
0 809
0 898
0 853
0 829
0 815
0 901
0 1061
0 1067
0 1015
0 939
0 920
0 841
0 678
0 1101
0 901
0 807
0 867
0 880
0 1155
0 895
0 1042
0 1000
0 898
0 846
0 974
0 1124
0 1119
0 1014
0 754
0 1009
0 949
0 742
0 1106
0 1012
0 772
0 992
0 840
0 1008
0 1165
0 796
0 672
0 841
0 982
0 1057
0 935
0 713
0 675
0 920
0 901
0 886
0 671
0 1012
0 806
0 808
0 849
0 1203
0 763
0 1026
0 775
0 694
0 1075
0 906
0 1055
0 1053
0 991
0 992
0 725
0 1085
0 868
0 839
0 1082
0 869
0 1078
0 944
0 566
0 648
0 1074
0 888
0 1018
0 866
0 886
0 895
0 1187
0 1006
0 936
0 959
0 883
0 912
0 864
0 851
0 946
0 920
0 1200
0 958
0 1006
0 835
0 1027
0 534
0 744
0 941
0 1007
0 1109
0 1024
0 933
0 693
0 1118
0 1081
0 866
0 897
0 598
0 917
0 855
0 1034
0 792
0 948
0 912
0 826
0 576
0 851
0 806
0 854
0 768
0 1114
0 1041
0 1072
0 867
0 957
0 1045
0 1030
0 970
0 985
0 910
0 1055
0 1026
0 1042
0 949
0 828
0 1002
0 879
0 802
0 899
0 852
0 960
0 1083
0 622
0 572
0 852
0 883
0 1079
0 843
0 1173
0 1068
0 1226
0 905
0 979
0 922
0 1140
0 894
0 1232
0 742
0 823
0 817
0 972
0 1084
0 965
0 912
0 891
0 800
0 877
0 793
0 1104
0 857
0 695
0 1043
0 988
0 1009
0 1023
0 971
0 1056
0 814
0 1001
0 1066
0 978
0 1059
0 1030
0 805
0 704
0 801
0 936
0 926
0 886
0 881
0 1162
0 769
0 936
0 811
0 863
0 756
0 721
0 762
0 915
0 1157
0 932
0 785
0 855
0 1007
0 956
0 909
0 617
0 1062
0 795
0 1089
0 596
0 1015
0 907
0 1032
0 856
0 1030
0 1066
0 1015
0 894
0 764
0 631
0 1156
0 842
0 775
0 994
0 1040
0 1228
0 791
0 1043
0 954
0 920
0 1134
0 627
0 1024
0 867
0 921
0 719
0 609
0 691
0 849
0 861
0 979
0 930
0 722
0 769
0 902
0 980
0 1021
0 1126
0 956
0 1193
0 953
0 935
0 897
0 983
0 959
0 862
0 1061
0 854
0 915
0 1021
0 879
0 1166
0 915
0 847
0 577
0 1004
0 1116
0 965
0 1116
0 908
0 804
0 835
0 882
0 872
0 879
0 1143
0 974
0 836
0 1067
0 916
0 883
0 707
0 1237
0 986
0 1132
0 1107
0 920
0 1161
0 782
0 657
0 678
0 998
0 956
0 996
0 943
0 978
0 755
0 1208
0 840
0 998
0 892
0 914
0 801
0 800
0 955
0 763
0 881
0 716
0 1006
0 968
0 1262
0 828
0 905
0 958
0 905
0 977
0 1016
0 903
0 928
0 899
0 952
0 620
0 827
0 875
0 588
0 1041
0 872
0 1062
0 1190
0 1130
0 709
0 1047
0 947
0 941
0 1068
0 1010
0 891
0 813
0 1042
0 969
0 947
0 730
0 856
0 973
0 951
0 995
0 1331
0 1020
0 824
0 1091
0 946
0 1033
0 867
0 909
0 1240
0 974
0 821
0 912
0 955
0 1026
0 891
0 953
0 1003
0 906
0 780
0 1091
0 981
0 910
0 985
0 755
0 745
0 758
0 980
0 1149
0 1005
0 1053
0 991
0 980
0 1112
0 893
0 865
0 568
0 896
0 947
0 763
0 1037
0 1062
0 999
0 986
0 782
0 939
0 1068
0 1027
0 1037
0 1001
0 998
0 851
0 1022
0 939
0 876
0 898
0 1116
0 937
0 916
0 841
0 888
0 1078
0 944
0 1090
0 915
0 855
0 902
0 969
0 876
0 819
0 1148
0 810
0 998
0 1083
0 839
0 1319
0 1020
0 1013
0 879
0 952
0 772
0 593
0 1030
0 896
0 932
0 907
0 837
0 1153
0 994
0 1001
0 812
0 727
0 1136
0 818
0 946
0 940
0 773
0 1033
0 1046
0 1143
0 887
0 662
0 1108
0 1311
0 1091
0 627
0 861
0 985
0 951
0 916
0 770
0 881
0 927
0 852
0 759
0 948
0 843
0 1066
0 929
0 1015
0 1193
0 944
0 875
0 820
0 1063
0 754
0 1080
0 1240
0 1030
0 946
0 974
0 981
0 1097
0 993
0 932
0 673
0 807
0 851
0 760
0 815
0 772
0 783
0 952
0 1181
0 717
0 896
0 993
0 897
0 966
0 786
0 1100
0 911
0 1062
0 965
0 699
0 969
0 782
0 980
0 944
0 877
0 1040
0 670
0 899
0 766
0 970
0 775
0 1019
0 904
0 1032
0 821
0 979
0 830
0 687
0 815
0 876
0 1037
0 983
0 1098
0 958
0 629
0 871
0 783
0 944
0 884
0 906
0 938
0 1099
0 780
0 1218
0 864
0 933
0 902
0 813
0 1132
0 886
0 820
0 882
0 1159
0 776
0 765
0 748
0 673
0 1316
0 940
0 858
0 840
0 1021
0 924
0 807
0 1039
0 722
0 1086
0 985
0 835
0 922
0 1014
0 1120
0 1144
0 1118
0 959
0 965
0 683
0 1024
0 828
0 990
0 908
0 774
0 1061
0 957
0 917
0 794
0 890
0 850
0 805
0 783
0 776
0 995
0 1039
0 795
0 1096
0 1010
0 872
0 1020
0 923
0 1006
0 939
0 942
0 966
0 913
0 1004
0 670
0 762
0 1007
0 1119
0 973
0 951
0 706
0 1038
0 1061
0 733
0 929
0 816
0 848
0 891
0 972
0 1057
0 988
0 961
0 1100
0 1079
0 1085
0 810
0 955
0 944
0 1001
0 989
0 1130
0 915
0 787
0 764
0 994
0 839
0 893
0 1141
0 709
0 760
0 824
0 732
0 809
0 810
0 1056
0 970
0 943
0 710
0 950
0 1008
0 1084
0 814
0 777
0 961
0 1060
0 981
0 929
0 1118
0 940
0 813
0 1040
0 1110
0 840
0 1008
0 733
0 890
0 831
0 938
0 1136
0 974
0 913
0 1019
0 508
0 937
0 824
0 959
0 825
0 890
0 910
0 870
0 1128
0 955
0 1021
0 950
0 885
0 916
0 781
0 961
0 926
0 827
0 999
0 822
0 947
0 880
0 1172
0 1094
0 942
0 1090
0 1107
0 1127
0 1056
0 940
0 925
0 837
0 1140
0 792
0 1103
0 870
0 923
0 1233
0 910
0 940
0 1005
0 777
0 1013
0 1138
0 1148
0 968
0 857
0 1017
0 729
0 930
0 812
0 871
0 905
0 955
0 787
0 699
0 1070
0 731
0 1078
0 943
0 874
0 843
0 821
0 882
0 1228
0 1048
0 814
0 912
0 1083
0 970
0 886
0 804
0 657
0 1057
0 646
0 827
0 842
0 691
0 1034
0 804
0 872
0 1065
0 701
0 809
0 998
0 922
0 987
0 1204
0 842
0 895
0 736
0 981
0 967
0 985
0 749
0 740
0 1070
0 1229
0 1009
0 782
0 763
0 1064
0 872
0 896
0 987
0 1155
0 920
0 1310
0 829
0 1013
0 979
0 873
0 953
0 988
0 885
0 945
0 786
0 879
0 900
0 960
0 836
0 1110
0 1089
0 891
0 790
0 1084
0 922
0 920
0 868
0 652
0 719
0 1124
0 1086
0 917
0 803
0 1038
0 904
0 1067
0 921
0 978
0 952
0 831
0 957
0 993
0 803
0 943
0 796
0 1031
0 892
0 855
0 840
0 940
0 977
0 1050
0 964
0 832
0 1009
0 975
0 977
0 863
0 970
0 782
0 1032
0 712
0 948
0 1202
0 811
0 1036
0 985
0 997
0 720
0 879
0 994
0 667
0 908
0 819
0 909
0 888
0 1010
0 1065
0 947
0 914
0 1072
0 1024
0 1053
0 759
0 937
0 932
0 1181
0 883
0 906
0 700
0 1149
0 899
0 937
0 918
0 1053
0 859
0 827
0 868
0 1003
0 874
0 716
0 661
0 861
0 927
0 937
0 784
0 1021
0 837
0 963
0 895
0 1083
0 1184
0 1103
0 1118
0 1001
0 1115
0 698
0 850
0 1206
0 902
0 784
0 1062
0 757
0 1101
0 1188
0 934
0 1014
0 832
0 946
0 917
0 1092
0 678
0 964
0 896
0 1026
0 882
0 949
0 801
0 867
0 755
0 850
0 1023
0 992
0 978
0 894
0 994
0 999
0 588
0 937
0 774
0 1192
0 841
0 918
0 830
0 948
0 821
0 923
0 758
0 1080
0 719
0 997
0 958
0 999
0 830
0 800
0 837
0 1067
0 871
0 993
0 886
0 576
0 931
0 851
0 1195
0 897
0 866
0 942
0 946
0 1011
0 1074
0 1057
0 897
0 970
0 1178
0 990
0 964
0 913
0 822
0 712
0 872
0 783
0 926
0 1070
0 1099
0 1105
0 773
0 619
0 1028
0 924
0 944
0 1096
0 761
0 741
0 1177
0 1045
0 1225
0 877
0 837
0 895
0 973
0 1118
0 885
0 1014
0 986
0 722
0 918
0 855
0 934
0 1065
0 1210
0 880
0 638
0 1169
0 697
0 972
0 815
0 967
0 920
0 942
0 769
0 929
0 836
0 805
0 837
0 990
0 966
0 828
0 884
0 1037
0 1460
0 1005
0 1019
0 933
0 725
0 986
0 975
0 999
0 1052
0 909
0 1031
0 932
0 739
0 991
0 807
0 891
0 987
0 847
0 877
0 971
0 872
0 876
0 917
0 896
0 999
0 911
0 983
0 823
0 1082
0 874
0 850
0 1014
0 988
0 924
0 1007
0 809
0 1016
0 926
0 817
0 1118
0 958
0 1256
0 995
0 969
0 1137
0 908
0 766
0 1030
0 821
0 788
0 906
0 859
0 1153
0 662
0 902
0 915
0 990
0 1005
0 1022
0 844
0 703
0 857
0 877
0 981
0 937
0 894
0 1035
0 1026
0 852
0 947
0 902
0 801
0 714
0 1123
0 939
0 963
0 725
0 1097
0 916
0 938
0 1006
0 1039
0 920
0 647
0 989
0 800
0 945
0 783
0 919
0 758
0 1168
0 735
0 1168
0 1043
0 1034
0 876
0 942
0 836
0 973
0 1101
0 763
0 968
0 760
0 998
0 943
0 801
0 826
0 798
0 737
0 854
0 849
0 1031
0 708
0 1083
0 1167
0 921
0 1039
0 805
0 820
0 728
0 1019
0 833
0 939
0 596
0 1026
0 1106
0 740
0 1076
0 906
0 892
0 717
0 901
0 1049
0 908
0 879
0 1128
0 1064
0 895
0 1122
0 936
0 940
0 955
0 919
0 964
0 1008
0 732
0 937
0 1054
0 984
0 605
0 995
0 1214
0 952
0 1032
0 793
0 1231
0 997
0 734
0 853
0 1058
0 941
0 895
0 650
0 681
0 903
0 941
0 972
0 971
0 971
0 907
0 1092
0 855
0 807
0 1087
0 743
0 1019
0 902
0 910
0 995
0 714
0 886
0 794
0 780
0 974
0 1171
0 549
0 851
0 794
0 909
0 941
0 842
0 784
0 862
0 1033
0 1083
0 953
0 1027
0 1010
0 967
0 872
0 682
0 964
0 723
0 589
0 883
0 966
0 894
0 782
0 1104
0 669
0 921
0 1040
0 846
0 963
0 982
0 1157
0 1060
0 919
0 643
0 1106
0 918
0 709
0 880
0 786
0 802
0 833
0 943
0 893
0 877
0 1020
0 774
0 987
0 927
0 969
0 830
0 749
0 927
0 1113
0 796
0 952
0 878
0 853
0 879
0 1111
0 754
0 876
0 772
0 707
0 951
0 877
0 927
0 796
0 1024
0 805
0 906
0 701
0 1029
0 1063
0 821
0 729
0 868
0 926
0 1068
0 706
0 1122
0 717
0 834
0 804
0 858
0 1012
0 1053
0 1067
0 972
0 722
0 1041
0 1025
0 925
0 778
0 1306
0 905
0 960
0 958
0 942
0 1132
0 887
0 1050
0 1031
0 869
0 983
0 1134
0 968
0 1108
0 856
0 891
0 973
0 855
0 1089
0 945
0 940
0 851
0 1133
0 548
0 1012
0 760
0 776
0 952
0 985
0 1119
0 1004
0 742
0 798
0 937
0 909
0 1065
0 824
0 850
0 1111
0 948
0 1213
0 988
0 773
0 989
0 1005
0 754
0 907
0 872
0 810
0 871
0 1030
0 917
0 737
0 958
0 1158
0 934
0 1055
0 913
0 978
0 1068
0 756
0 1062
0 914
0 554
0 868
0 1030
0 702
0 1040
0 661
0 1118
0 1044
0 1018
0 1011
0 1009
0 1154
0 932
0 931
0 1134
0 799
0 978
0 726
0 882
0 720
0 942
0 857
0 751
0 1134
0 978
0 903
0 980
0 874
0 835
0 1015
0 1110
0 907
0 901
0 1063
0 978
0 905
0 853
0 1021
0 861
0 882
0 1089
0 784
0 939
0 717
0 1031
0 914
0 1079
0 1058
0 834
0 950
0 754
0 959
0 777
0 1001
0 696
0 838
0 1011
0 1025
0 1172
0 962
0 1282
0 1071
0 765
0 650
0 785
0 684
0 660
0 966
0 977
0 889
0 767
0 908
0 755
0 823
0 944
0 874
0 956
0 934
0 961
0 779
0 1106
0 852
0 815
0 863
0 768
0 702
0 757
0 854
0 714
0 1004
0 842
0 652
0 1043
0 675
0 682
0 896
0 1078
0 1048
0 1061
0 947
0 590
0 895
0 906
0 1018
0 849
0 961
0 930
0 782
0 1189
0 940
0 1021
0 797
0 887
0 918
0 814
0 1088
0 985
0 1081
0 1080
0 397
0 1239
0 909
0 1047
0 763
0 947
0 1002
0 1044
0 939
0 839
0 943
0 927
0 1085
0 717
0 903
0 1050
0 884
0 1057
0 943
0 887
0 678
0 890
0 1295
0 878
0 911
0 1109
0 816
0 956
0 1131
0 1028
0 918
0 1034
0 771
0 1054
0 974
0 981
0 912
0 876
0 804
0 1160
0 980
0 1211
0 1211
0 1065
0 987
0 737
0 873
0 953
0 904
0 760
0 940
0 991
0 1166
0 864
0 986
0 1096
0 989
0 729
0 1067
0 977
0 892
0 785
0 1114
0 840
0 1024
0 784
0 868
0 794
0 1151
0 951
0 915
0 1014
0 926
0 1015
0 934
0 865
0 796
0 1078
0 827
0 1101
0 954
0 834
0 873
0 1112
0 819
0 881
0 903
0 841
0 972
0 892
0 959
0 968
0 1114
0 805
0 919
0 948
0 680
0 882
0 775
0 1136
0 917
0 934
0 1056
0 618
0 1156
0 985
0 679
0 933
0 860
0 750
0 846
0 942
0 765
0 957
0 968
0 798
0 975
0 659
0 777
0 954
0 901
0 655
0 1061
0 701
0 1038
0 1025
0 1049
0 958
0 995
0 965
0 850
0 523
0 992
0 984
0 888
0 878
0 1116
0 700
0 985
0 946
0 1086
0 847
0 926
0 781
0 798
0 1182
0 1072
0 1239
0 852
0 711
0 1012
0 1184
0 948
0 1040
0 1083
0 1113
0 851
0 785
0 866
0 987
0 823
0 959
0 1117
0 1056
0 710
0 922
0 776
0 912
0 856
0 878
0 1036
0 1041
0 1050
0 839
0 1071
0 800
0 998
0 974
0 928
0 1016
0 1153
0 604
0 972
0 1004
0 1142
0 973
0 1000
0 643
0 1001
0 959
0 865
0 868
0 786
0 826
0 1209
0 1269
0 931
0 1023
0 833
0 1061
0 615
0 931
0 1146
0 866
0 1009
0 925
0 793
0 1017
0 829
0 591
0 970
0 1139
0 756
0 974
0 897
0 995
0 807
0 727
0 792
0 1168
0 1216
0 1130
0 880
0 1087
0 605
0 1089
0 1035
0 1013
0 795
0 874
0 927
0 868
0 827
0 927
0 1095
0 738
0 999
0 906
0 669
0 895
0 764
0 1049
0 1008
0 1018
0 897
0 966
0 1023
0 863
0 847
0 836
0 1171
0 777
0 910
0 643
0 880
0 810
0 790
0 837
0 904
0 860
0 1078
0 992
0 926
0 856
0 1105
0 870
0 869
0 978
0 816
0 712
0 1193
0 1174
0 818
0 917
0 870
0 934
0 961
0 831
0 700
0 1054
0 618
0 992
0 864
0 796
0 743
0 1034
0 982
0 953
0 1033
0 920
0 1006
0 911
0 1032
0 858
0 885
0 893
0 905
0 668
0 904
0 1130
0 950
0 1091
0 991
0 901
0 970
0 527
0 994
0 814
0 908
0 938
0 1099
0 1022
0 825
0 935
0 731
0 864
0 789
0 766
0 967
0 979
0 865
0 999
0 1036
0 542
0 988
0 896
0 1084
0 1015
0 1092
0 1225
0 930
0 982
0 849
0 947
0 1064
0 1108
0 868
0 987
0 1110
0 804
0 1007
0 886
0 875
0 694
0 1017
0 1034
0 967
0 954
0 1021
0 963
0 906
0 1039
0 987
0 829
0 967
0 744
0 951
0 989
0 1032
0 1029
0 804
0 1099
0 1133
0 782
0 810
0 945
0 971
0 893
0 971
0 929
0 1054
0 692
0 1019
0 896
0 1198
0 974
0 1055
0 1193
0 1021
0 839
0 571
0 651
0 828
0 941
0 813
0 1032
0 1026
0 820
0 1065
0 1080
0 744
0 977
0 845
0 827
0 767
0 1069
0 855
0 754
0 815
0 976
0 774
0 934
0 1302
0 945
0 766
0 1078
0 993
0 898
0 884
0 1087
0 1115
0 889
0 882
0 1071
0 1020
0 945
0 832
0 943
0 1005
0 926
0 966
0 698
0 927
0 671
0 923
0 736
0 627
0 985
0 700
0 920
0 1040
0 873
0 649
0 1045
0 989
0 952
0 895
0 833
0 1032
0 910
0 1019
0 948
0 775
0 941
0 992
0 971
0 952
0 852
0 1054
0 941
0 840
0 914
0 1086
0 774
0 691
0 988
0 967
0 890
0 813
0 912
0 1168
0 1030
0 778
0 993
0 952
0 886
0 900
0 1085
0 955
0 839
0 892
0 875
0 868
0 1077
0 1000
0 1182
0 913
0 1085
0 1083
0 960
0 1136
0 1034
0 941
0 1011
0 1037
0 902
0 920
0 838
0 1085
0 1007
0 1077
0 884
0 814
0 1149
0 1100
0 923
0 1191
0 984
0 975
0 952
0 1097
0 1141
0 1040
0 865
0 981
0 770
0 1031
0 863
0 963
0 677
0 854
0 883
0 1041
0 764
0 870
0 954
0 971
0 817
0 1032
0 1126
0 729
0 711
0 1031
0 493
0 903
0 1020
0 833
0 978
0 1083
0 925
0 935
0 902
0 949
0 1065
0 831
0 966
0 895
0 892
0 548
0 1042
0 780
0 1165
0 962
0 913
0 956
0 1086
0 870
0 697
0 918
0 862
0 1037
0 775
0 1064
0 1046
0 995
0 743
0 877
0 746
0 872
0 919
0 989
0 812
0 1175
0 971
0 955
0 805
0 1086
0 851
0 819
0 875
0 875
0 825
0 1072
0 1092
0 746
0 1056
0 930
0 834
0 842
0 1070
0 908
0 1167
0 1060
0 984
0 886
0 879
0 708
0 931
0 897
0 1069
0 670
0 1014
0 982
0 782
0 899
0 749
0 780
0 513
0 866
0 616
0 1027
0 678
0 1124
0 942
0 937
0 890
0 999
0 913
0 878
0 981
0 871
0 1039
0 909
0 821
0 912
0 984
0 1129
0 790
0 834
0 919
0 858
0 811
0 828
0 677
0 815
0 909
0 973
0 642
0 807
0 935
0 984
0 934
0 1055
0 793
0 1198
0 966
0 982
0 1018
0 927
0 997
0 949
0 773
0 1113
0 998
0 661
0 892
0 982
0 1047
0 1204
0 883
0 932
0 1076
0 811
0 928
0 863
0 910
0 645
0 840
0 1085
0 789
0 834
0 698
0 960
0 1113
0 1139
0 946
0 671
0 940
0 729
0 824
0 674
0 895
0 949
0 1000
0 868
0 912
0 921
0 896
0 1017
0 776
0 640
0 647
0 913
0 1102
0 882
0 1066
0 890
0 1083
0 1002
0 1071
0 910
0 750
0 922
0 1002
0 908
0 764
0 1019
0 804
0 1100
0 1095
0 841
0 906
0 1065
0 821
0 992
0 935
0 1004
0 888
0 844
0 864
0 1031
0 876
0 963
0 758
0 1121
0 834
0 1113
0 970
0 927
0 795
0 972
0 542
0 1036
0 921
0 879
0 817
0 999
0 1101
0 721
0 973
0 1050
0 830
0 1029
0 1045
0 1102
0 819
0 1128
0 1033
0 959
0 698
0 810
0 1157
0 866
0 944
0 765
0 1013
0 973
0 860
0 843
0 1107
0 1160
0 838
0 845
0 1072
0 809
0 793
0 902
0 919
0 821
0 1182
0 849
0 1045
0 771
0 786
0 854
0 969
0 912
0 855
0 1092
0 910
0 952
0 927
0 886
0 835
0 1185
0 1099
0 1006
0 831
0 828
0 986
0 1035
0 846
0 861
0 1101
0 1068
0 976
0 1016
0 869
0 904
0 1283
0 1090
0 770
0 819
0 912
0 1072
0 1086
0 1050
0 914
0 828
0 746
0 818
0 971
0 804
0 824
0 911
0 899
0 751
0 825
0 827
0 827
0 740
0 1112
0 967
0 939
0 1302
0 766
0 1073
0 930
0 888
0 976
0 814
0 889
0 690
0 1194
0 641
0 886
0 812
0 959
0 637
0 959
0 857
0 738
0 923
0 966
0 873
0 1008
0 814
0 961
0 865
0 1107
0 1064
0 935
0 742
0 890
0 1008
0 796
0 836
0 761
0 888
0 824
0 1072
0 929
0 955
0 948
0 949
0 875
0 635
0 1057
0 766
0 1001
0 1092
0 993
0 808
0 897
0 786
0 1027
0 987
0 954
0 967
0 791
0 806
0 945
0 1037
0 960
0 780
0 1081
0 879
0 929
0 1049
0 931
0 842
0 902
0 995
0 914
0 952
0 962
0 658
0 985
0 952
0 771
0 935
0 849
0 1088
0 876
0 996
0 839
0 1296
0 1049
0 835
0 793
0 851
0 913
0 1013
0 935
0 767
0 1063
0 932
0 794
0 401
0 667
0 1054
0 1022
0 1007
0 1087
0 753
0 883
0 960
0 964
0 1142
0 933
0 1061
0 884
0 972
0 957
0 1132
0 889
0 782
0 840
0 1118
0 810
0 1018
0 984
0 1068
0 870
0 916
0 742
0 954
0 843
0 1041
0 911
0 697
0 937
0 805
