# SA for random K-SAT
# K = 3   N = 2048   M = 7168   seed = 4194605243
# alpha = 3.500000   nIter = 8192  Tmax = 0.200000
# 1:lowestUnsat  2:runTime
0 483
0 985
0 864
0 1153
0 682
0 96
0 928
0 772
0 750
0 612
0 954
0 1371
0 752
0 789
0 887
0 389
0 379
0 930
0 1238
0 305
0 890
0 905
0 711
0 1042
0 704
0 953
0 725
0 828
0 1522
0 674
0 680
0 872
0 1165
0 1116
0 1077
0 671
0 522
0 497
0 953
0 794
0 723
0 492
0 436
0 764
0 817
0 1507
0 1019
0 437
0 634
0 825
0 683
0 1039
0 529
0 1083
0 756
0 862
0 744
0 1095
0 699
0 849
0 897
0 941
0 1133
0 406
0 1066
0 474
0 1063
0 868
0 472
0 528
0 1107
0 830
0 892
0 249
0 308
0 324
0 613
0 900
0 654
0 825
0 719
0 1037
0 880
0 703
0 663
0 1024
0 687
0 177
0 1252
0 761
0 1171
0 849
0 802
0 451
0 442
0 779
0 503
0 500
0 671
0 1131
0 891
0 1212
0 978
0 647
0 993
0 880
0 891
0 1119
0 985
0 1225
0 1029
0 1126
0 1212
0 1109
0 184
0 1083
0 524
0 1249
0 313
0 725
0 472
0 958
0 742
0 1099
0 1300
0 911
0 851
0 644
0 880
0 585
0 942
0 1008
0 311
0 1047
0 980
0 672
0 659
0 192
0 759
0 541
0 1010
0 442
0 510
0 1331
0 959
0 519
0 434
0 1273
0 917
0 1126
0 954
0 288
0 1059
0 703
0 1082
0 787
0 853
0 1205
0 774
0 712
0 334
0 623
0 1283
0 173
0 897
0 477
0 746
0 761
0 675
0 1588
0 1035
0 1112
0 217
0 1150
0 428
0 1027
0 938
0 633
0 1042
0 379
0 719
0 957
0 624
0 992
0 559
0 1160
0 809
0 1288
0 743
0 451
0 588
0 514
0 1265
0 615
0 851
0 960
0 608
0 782
0 998
0 682
0 580
0 926
0 1262
0 1037
0 994
0 1072
0 472
0 897
0 938
0 822
0 553
0 764
0 924
0 855
0 860
0 775
0 949
0 588
0 637
0 533
0 1138
0 84
0 1247
0 955
0 306
0 893
0 1091
0 1084
0 993
0 252
0 1031
0 561
0 901
0 1068
0 762
0 1139
0 842
0 637
0 134
0 1101
0 947
0 727
0 212
0 1031
0 686
0 1197
0 761
0 273
0 488
0 1074
0 551
0 325
0 787
0 1652
0 435
0 1062
0 817
0 608
0 663
0 853
0 578
0 1126
0 1156
0 1243
0 919
0 962
0 647
0 1152
0 975
0 636
0 553
0 343
0 291
0 1179
0 445
0 745
0 640
0 796
0 680
0 742
0 191
0 944
0 382
0 515
0 748
0 893
0 738
0 1042
0 488
0 760
0 705
0 840
0 563
0 1414
0 850
0 950
0 980
0 1127
0 737
0 1023
0 922
0 418
0 883
0 553
0 813
0 855
0 509
0 462
0 710
0 1064
0 823
0 851
0 227
0 1129
0 1159
0 1129
0 1117
0 766
0 694
0 1298
0 947
0 973
0 1147
0 766
0 714
0 979
0 760
0 472
0 1059
0 756
0 1121
0 615
0 516
0 975
0 750
0 997
0 548
0 398
0 684
0 1389
0 681
0 404
0 807
0 1132
0 1357
0 1051
0 891
0 626
0 1213
0 633
0 1314
0 876
0 981
0 565
0 471
0 779
0 845
0 1007
0 908
0 575
0 493
0 343
0 336
0 840
0 360
0 309
0 476
0 906
0 847
0 1193
0 1261
0 1003
0 894
0 368
0 1176
0 926
0 777
0 767
0 775
0 251
0 980
0 959
0 914
0 889
0 954
0 936
0 1459
0 812
0 709
0 519
0 1263
0 674
0 667
0 760
0 551
0 1334
0 1207
0 509
0 924
0 1409
0 1263
0 797
0 812
0 841
0 554
0 1459
0 754
0 803
0 1190
0 1100
0 1052
0 876
0 1247
0 752
0 937
0 546
0 444
0 579
0 906
0 1212
0 701
0 545
0 1028
0 314
0 662
0 1227
0 1240
0 650
0 1082
0 862
0 590
0 234
0 834
0 1275
0 1330
0 989
0 951
0 986
0 1214
0 435
0 494
0 969
0 592
0 1023
0 573
0 1210
0 1271
0 933
0 1045
0 728
0 503
0 755
0 504
0 1277
0 749
0 479
0 1171
0 965
0 480
0 1064
0 996
0 744
0 548
0 1121
0 751
0 1109
0 637
0 509
0 985
0 561
0 812
0 901
0 779
0 781
0 1014
0 756
0 761
0 1053
0 694
0 897
0 475
0 231
0 542
0 1001
0 962
0 1358
0 1319
0 1128
0 273
0 491
0 818
0 771
0 817
0 1131
0 756
0 1048
0 973
0 1336
0 1110
0 748
0 866
0 711
0 104
0 919
0 1177
0 76
0 1183
0 990
0 553
0 317
0 1079
0 579
0 1030
0 446
0 977
0 1091
0 575
0 1024
0 803
0 768
0 937
0 1355
0 933
0 892
0 1096
0 718
0 582
0 1240
0 378
0 496
0 781
0 604
0 958
0 965
0 832
0 1395
0 1044
0 671
0 909
0 123
0 1038
0 660
0 668
0 319
0 713
0 713
0 1136
0 643
0 741
0 787
0 352
0 1015
0 785
0 639
0 858
0 453
0 976
0 769
0 889
0 1050
0 699
0 1443
0 959
0 759
0 782
0 379
0 468
0 629
0 929
0 871
0 981
0 1130
0 515
0 908
0 581
0 578
0 1162
0 663
0 378
0 692
0 419
0 1169
0 1209
0 1379
0 704
0 576
0 914
0 811
0 1080
0 599
0 193
0 991
0 387
0 488
0 1142
0 338
0 603
0 1206
0 1088
0 942
0 612
0 339
0 1106
0 1275
0 914
0 1013
0 1235
0 647
0 1435
0 654
0 619
0 1138
0 909
0 1129
0 620
0 624
0 978
0 330
0 807
0 1137
0 577
0 968
0 1065
0 758
0 1293
0 1523
0 1126
0 877
0 421
0 599
0 324
0 398
0 555
0 714
0 417
0 766
0 1074
0 1052
0 1135
0 380
0 1250
0 816
0 490
0 786
0 446
0 833
0 976
0 1202
0 717
0 607
0 865
0 1120
0 1008
0 752
0 947
0 979
0 1006
0 904
0 875
0 930
0 530
0 810
0 1164
0 767
0 1122
0 892
0 602
0 1084
0 1310
0 924
0 1154
0 1031
0 617
0 215
0 1228
0 843
0 548
0 1187
0 925
0 1104
0 1111
0 1178
0 1220
0 818
0 619
0 198
0 897
0 1179
0 622
0 1126
0 702
0 651
0 1398
0 830
0 777
0 656
0 594
0 704
0 1016
0 433
0 1005
0 970
0 1316
0 705
0 775
0 1076
0 916
0 1498
0 1006
0 918
0 1090
0 1014
0 996
0 772
0 710
0 911
0 1070
0 575
0 521
0 618
0 967
0 993
0 584
0 709
0 415
0 997
0 812
0 602
0 989
0 497
0 594
0 960
0 1049
0 927
0 614
0 1039
0 205
0 703
0 806
0 690
0 1296
0 586
0 395
0 1100
0 843
0 1019
0 697
0 1280
0 1102
0 985
0 549
0 1300
0 459
0 453
0 830
0 683
0 471
0 886
0 870
0 1246
0 393
0 275
0 1101
0 922
0 588
0 1288
0 900
0 940
0 830
0 1076
0 517
0 574
0 674
0 777
0 1234
0 1239
0 734
0 267
0 544
0 739
0 789
0 788
0 754
0 968
0 448
0 660
0 957
0 1096
0 1033
0 884
0 940
0 590
0 956
0 725
0 878
0 924
0 1106
0 900
0 927
0 483
0 659
0 672
0 1372
0 874
0 813
0 905
0 1318
0 899
0 1160
0 1139
0 729
0 592
0 964
0 685
0 1300
0 560
0 1081
0 421
0 383
0 952
0 116
0 967
0 1086
0 975
0 963
0 733
0 702
0 659
0 372
0 523
0 716
0 1173
0 719
0 831
0 1145
0 663
0 1323
0 586
0 496
0 850
0 815
0 825
0 740
0 684
0 624
0 650
0 400
0 382
0 947
0 1419
0 925
0 770
0 504
0 806
0 192
0 819
0 951
0 1139
0 914
0 893
0 922
0 574
0 995
0 1157
0 466
0 558
0 807
0 786
0 623
0 613
0 793
0 1012
0 1098
0 1181
0 234
0 1211
0 1079
0 329
0 1129
0 730
0 776
0 859
0 1058
0 36
0 353
0 562
0 621
0 1021
0 646
0 527
0 1176
0 911
0 381
0 700
0 850
0 1071
0 310
0 940
0 674
0 666
0 871
0 903
0 608
0 854
0 748
0 1183
0 1160
0 1018
0 837
0 1013
0 1335
0 862
0 1561
0 1237
0 746
0 421
0 1334
0 900
0 789
0 1088
0 285
0 1345
0 1050
0 977
0 884
0 626
0 421
0 1263
0 958
0 551
0 888
0 990
0 1107
0 477
0 1293
0 1018
0 1082
0 688
0 628
0 549
0 659
0 898
0 1221
0 403
0 954
0 331
0 344
0 926
0 872
0 1229
0 1051
0 570
0 1017
0 598
0 673
0 813
0 1361
0 434
0 789
0 979
0 1190
0 1021
0 944
0 1039
0 962
0 722
0 1039
0 1018
0 714
0 715
0 930
0 751
0 1230
0 1149
0 817
0 637
0 1179
0 874
0 1358
0 249
0 616
0 687
0 818
0 917
0 1062
0 1168
0 488
0 172
0 788
0 1196
0 887
0 835
0 806
0 930
0 916
0 1145
0 1186
0 1124
0 595
0 536
0 642
0 1094
0 947
0 777
0 1161
0 1017
0 786
0 832
0 437
0 284
0 438
0 795
0 892
0 1179
0 1075
0 1117
0 569
0 523
0 705
0 912
0 667
0 820
0 889
0 1016
0 688
0 994
0 880
0 632
0 719
0 1527
0 344
0 507
0 1169
0 523
0 979
0 909
0 655
0 739
0 1031
0 433
0 701
0 1278
0 1103
0 850
0 830
0 950
0 580
0 1296
0 666
0 774
0 1110
0 381
0 791
0 644
0 777
0 1073
0 699
0 914
0 804
0 641
0 1145
0 1212
0 316
0 1150
0 987
0 818
0 755
0 639
0 992
0 468
0 871
0 1072
0 1028
0 256
0 833
0 782
0 783
0 749
0 620
0 1148
0 510
0 967
0 1026
0 948
0 1417
0 974
0 1287
0 1224
0 515
0 930
0 1217
0 1024
0 472
0 817
0 682
0 791
0 802
0 1009
0 650
0 720
0 814
0 940
0 1051
0 947
0 1411
0 469
0 669
0 872
0 938
0 1008
0 905
0 784
0 705
0 734
0 1302
0 656
0 673
0 1003
0 891
0 1165
0 984
0 998
0 1171
0 863
0 361
0 791
0 630
0 61
0 936
0 837
0 1012
0 1218
0 241
0 985
0 853
0 880
0 754
0 1278
0 963
0 728
0 936
0 711
0 402
0 1156
0 816
0 754
0 184
0 281
0 1019
0 225
0 865
0 820
0 1016
0 1036
0 1108
0 749
0 646
0 1021
0 990
0 681
0 1090
0 1124
0 857
0 800
0 799
0 659
0 845
0 490
0 519
0 912
0 631
0 798
0 551
0 544
0 798
0 479
0 367
0 358
0 1125
0 531
0 790
0 804
0 1277
0 758
0 523
0 670
0 302
0 1071
0 1055
0 889
0 810
0 490
0 599
0 184
0 1015
0 854
0 846
0 938
0 833
0 877
0 1310
0 985
0 937
0 618
0 726
0 636
0 843
0 517
0 565
0 1233
0 805
0 599
0 688
0 1220
0 894
0 1037
0 613
0 985
0 761
0 1164
0 522
0 1133
0 707
0 964
0 1147
0 612
0 1132
0 1230
0 823
0 701
0 918
0 878
0 1197
0 955
0 1040
0 529
0 583
0 1063
0 439
0 1029
0 973
0 733
0 688
0 950
0 533
0 779
0 758
0 676
0 617
0 1125
0 945
0 863
0 892
0 687
0 718
0 872
0 860
0 561
0 747
0 581
0 494
0 1277
0 912
0 1284
0 959
0 853
0 829
0 1208
0 1340
0 821
0 928
0 1078
0 1191
0 378
0 936
0 470
0 955
0 914
0 931
0 610
0 408
0 1354
0 711
0 388
0 852
0 958
0 1274
0 1055
0 1236
0 453
0 1046
0 655
0 601
0 284
0 268
0 863
0 1179
0 1005
0 872
0 564
0 1248
0 556
0 608
0 772
0 1041
0 352
0 756
0 1009
0 1014
0 692
0 1000
0 980
0 781
0 427
0 758
0 820
0 1145
0 744
0 927
0 703
0 461
0 1083
0 1280
0 668
0 936
0 937
0 889
0 1003
0 1345
0 559
0 536
0 930
0 1256
0 273
0 993
0 962
0 939
0 1105
0 1110
0 603
0 1130
0 339
0 1092
0 785
0 1080
0 369
0 1179
0 249
0 508
0 447
0 1122
0 899
0 1193
0 1294
0 875
0 971
0 963
0 1025
0 432
0 233
0 534
0 820
0 1279
0 947
0 1054
0 1113
0 1164
0 804
0 630
0 796
0 1023
0 496
0 741
0 540
0 765
0 945
0 754
0 917
0 1180
0 910
0 709
0 655
0 985
0 800
0 867
0 1260
0 755
0 1004
0 1320
0 124
0 779
0 598
0 1003
0 1291
0 1185
0 1094
0 957
0 1043
0 915
0 755
0 918
0 1026
0 943
0 918
0 212
0 1192
0 645
0 318
0 668
0 904
0 1021
0 1056
0 672
0 569
0 490
0 517
0 444
0 918
0 236
0 841
0 935
0 871
0 937
0 1185
0 475
0 735
0 567
0 1038
0 1127
0 272
0 763
0 845
0 1043
0 636
0 800
0 901
0 790
0 695
0 819
0 881
0 746
0 864
0 793
0 470
0 1159
0 765
0 941
0 348
0 737
0 296
0 742
0 607
0 1321
0 1168
0 1023
0 765
0 1238
0 1002
0 685
0 819
0 1175
0 1144
0 792
0 927
0 1082
0 601
0 1051
0 924
0 1107
0 353
0 661
0 1290
0 998
0 938
0 1238
0 884
0 1289
0 851
0 1291
0 832
0 1029
0 949
0 977
0 1104
0 1158
0 1380
0 403
0 979
0 1162
0 986
0 1197
0 979
0 733
0 1066
0 965
0 745
0 756
0 185
0 237
0 1076
0 496
0 1065
0 1298
0 802
0 397
0 629
0 803
0 1057
0 878
0 929
0 1186
0 841
0 1278
0 575
0 1144
0 721
0 591
0 878
0 1165
0 830
0 503
0 860
0 1079
0 1126
0 1072
0 809
0 1071
0 708
0 870
0 1158
0 1064
0 544
0 570
0 778
0 893
0 426
0 900
0 957
0 1330
0 1052
0 666
0 1066
0 754
0 814
0 933
0 910
0 1172
0 875
0 585
0 827
0 667
0 705
0 1320
0 684
0 483
0 1016
0 1004
0 854
0 810
0 1128
0 1157
0 1184
0 1087
0 935
0 872
0 1080
0 498
0 816
0 939
0 794
0 1018
0 462
0 984
0 842
0 573
0 838
0 1065
0 154
0 993
0 887
0 415
0 886
0 946
0 698
0 481
0 525
0 694
0 688
0 1428
0 638
0 947
0 1009
0 860
0 988
0 808
0 1123
0 1031
0 1123
0 947
0 813
0 829
0 482
0 779
0 343
0 1440
0 572
0 1169
0 815
0 647
0 1052
0 814
0 1030
0 966
0 967
0 1192
0 701
0 608
0 616
0 838
0 949
0 319
0 707
0 809
0 947
0 983
0 1443
0 790
0 1155
0 1129
0 1024
0 1145
0 779
0 1080
0 616
0 1134
0 668
0 625
0 610
0 804
0 1007
0 807
0 614
0 1040
0 1340
0 988
0 766
0 221
0 631
0 1332
0 777
0 829
0 697
0 1128
0 372
0 520
0 905
0 689
0 1180
0 680
0 1058
0 1024
0 889
0 1463
0 613
0 742
0 850
0 861
0 743
0 838
0 1218
0 586
0 1066
0 855
0 635
0 1055
0 469
0 711
0 502
0 672
0 867
0 670
0 1118
0 734
0 523
0 755
0 873
0 977
0 592
0 653
0 1147
0 863
0 669
0 1398
0 416
0 933
0 603
0 699
0 538
0 1143
0 1178
0 1151
0 1068
0 947
0 861
0 674
0 1098
0 1127
0 557
0 142
0 1263
0 459
0 1202
0 686
0 812
0 1059
0 956
0 1051
0 1161
0 819
0 1013
0 1183
0 1076
0 1310
0 990
0 648
0 807
0 1260
0 687
0 479
0 818
0 726
0 1181
0 1046
0 913
0 853
0 686
0 378
0 987
0 1040
0 831
0 1257
0 845
0 911
0 770
0 997
0 997
0 1050
0 900
0 1248
0 774
0 904
0 946
0 396
0 1367
0 617
0 1075
0 1073
0 793
0 1091
0 802
0 943
0 904
0 1327
0 1100
0 1068
0 1105
0 726
0 1260
0 842
0 558
0 1105
0 1037
0 956
0 1039
0 820
0 1090
0 544
0 557
0 1164
0 1063
0 1056
0 824
0 425
0 929
0 1047
0 886
0 764
0 856
0 879
0 925
0 948
0 829
0 715
0 1231
0 469
0 711
0 721
0 1245
0 558
0 412
0 848
0 839
0 584
0 852
0 954
0 792
0 1201
0 826
0 847
0 408
0 1029
0 835
0 1114
0 941
0 672
0 741
0 1290
0 775
0 812
0 1111
0 367
0 1328
0 846
0 1147
0 365
0 750
0 1300
0 913
0 156
0 627
0 755
0 315
0 1158
0 802
0 299
0 570
0 781
0 234
0 940
0 550
0 1192
0 663
0 899
0 439
0 1142
0 378
0 1202
0 871
0 1076
0 893
0 1158
0 573
0 681
0 220
0 637
0 987
0 749
0 965
0 1019
0 690
0 899
0 1098
0 837
0 613
0 802
0 809
0 1291
0 673
0 1009
0 368
0 1133
0 630
0 695
0 1180
0 530
0 1086
0 897
0 1061
0 806
0 1124
0 507
0 995
0 977
0 1056
0 844
0 986
0 546
0 685
0 646
0 1116
0 803
0 1041
0 774
0 921
0 933
0 893
0 929
0 767
0 707
0 1233
0 930
0 962
0 876
0 787
0 767
0 745
0 779
0 445
0 745
0 982
0 789
0 1475
0 343
0 1241
0 780
0 1053
0 1036
0 459
0 466
0 535
0 1183
0 1384
0 1564
0 987
0 766
0 762
0 1374
0 1015
0 774
0 603
0 1371
0 462
0 787
0 958
0 536
0 859
0 552
0 818
0 113
0 939
0 693
0 834
0 735
0 833
0 516
0 870
0 703
0 1067
0 1061
0 922
0 790
0 896
0 1039
0 572
0 734
0 311
0 1089
0 942
0 1031
0 508
0 436
0 888
0 433
0 868
0 1276
0 688
0 119
0 938
0 410
0 674
0 258
0 660
0 479
0 499
0 1112
0 500
0 779
0 547
0 999
0 1413
0 1128
0 1351
0 998
0 314
0 617
0 448
0 424
0 549
0 230
0 872
0 864
0 1200
0 1029
0 1468
0 1316
0 1125
0 1324
0 688
0 900
0 1007
0 751
0 1021
0 414
0 1087
0 1244
0 1316
0 622
0 593
0 444
0 975
0 1016
0 372
0 946
0 814
0 1121
0 691
0 917
0 1074
0 1057
0 1089
0 649
0 623
0 1085
0 873
0 438
0 1270
0 1303
0 1194
0 792
0 807
0 1086
0 781
0 888
0 580
0 1080
0 775
0 1094
0 678
0 700
0 816
0 700
0 326
0 710
0 845
0 655
0 1146
0 750
0 749
0 925
0 1097
0 999
0 826
0 856
0 1123
0 812
0 688
0 977
0 1177
0 647
0 709
0 1193
0 925
0 890
0 645
0 893
0 1185
0 556
0 1211
0 618
0 826
0 753
0 757
0 989
0 743
0 1053
0 431
0 575
0 1205
0 849
0 778
0 627
0 1337
0 543
0 1009
0 1120
0 843
0 913
0 974
0 943
0 789
0 261
0 1026
0 945
0 765
0 767
0 524
0 1090
0 327
0 1218
0 1071
0 1124
0 876
0 985
0 838
0 835
0 1246
0 890
0 670
0 452
0 1109
0 760
0 915
0 1148
0 714
0 938
0 985
0 1206
0 713
0 1138
0 475
0 1181
0 1124
0 574
0 1058
0 779
0 755
0 584
0 908
0 919
0 897
0 1031
0 880
0 1186
0 591
0 406
0 1185
0 947
0 1066
0 395
0 374
0 841
0 505
0 568
0 767
0 879
0 1071
0 558
0 1261
0 734
0 703
0 482
0 871
0 1417
0 707
0 1195
0 858
0 472
0 567
0 1040
0 1063
0 674
0 545
0 962
0 1056
0 985
0 861
0 622
0 435
0 891
0 774
0 419
0 990
0 682
0 871
0 997
0 986
0 718
0 622
0 642
0 1165
0 1030
0 714
0 1359
0 960
0 779
0 880
0 1135
0 1155
0 710
0 317
0 1054
0 917
0 799
0 971
0 669
0 338
0 935
0 987
0 531
0 569
0 1155
0 1009
0 819
0 979
0 1167
0 1236
0 862
0 555
0 560
0 378
0 825
0 742
0 559
0 577
0 602
0 995
0 603
0 598
0 1082
0 1097
0 408
0 936
0 1128
0 774
0 974
0 915
0 294
0 1093
0 894
0 1156
0 784
0 953
0 637
0 985
0 1060
0 881
0 1328
0 770
0 676
0 291
0 1204
0 495
0 453
0 1042
0 760
0 420
0 1072
0 763
0 859
0 947
0 1112
0 280
0 375
0 856
0 716
0 591
0 703
0 912
0 650
0 886
0 1406
0 653
0 704
0 399
0 86
0 890
0 796
0 488
0 923
0 964
0 452
0 881
0 1421
0 788
0 913
0 743
0 1311
0 842
0 1108
0 1349
0 728
0 971
0 856
0 1049
0 1077
0 1313
0 767
0 626
0 601
0 993
0 583
0 590
0 1143
0 961
0 446
0 797
0 235
0 615
0 161
0 1185
0 1083
0 552
0 863
0 1091
0 1091
0 897
0 970
0 709
0 1071
0 757
0 1012
0 1087
0 583
0 570
0 711
0 1022
0 1182
0 899
0 794
0 723
0 588
0 239
0 939
0 1339
0 759
0 1367
0 970
0 643
0 429
0 312
0 805
0 992
0 788
0 702
0 273
0 1063
0 1011
0 1276
0 254
0 871
0 754
0 1013
0 778
0 742
0 951
0 998
0 1216
0 1047
0 969
0 563
0 866
0 979
0 910
0 659
0 1228
0 630
0 1164
0 846
0 1085
0 569
0 804
0 656
0 800
0 201
0 910
0 965
0 1141
0 952
0 839
0 1274
0 1032
0 787
0 975
0 883
0 992
0 944
0 829
0 696
0 595
0 856
0 438
0 1153
0 680
0 544
0 703
0 690
0 1281
0 782
0 934
0 469
0 606
0 801
0 524
0 1296
0 700
0 509
0 742
0 1164
0 792
0 1085
0 339
0 514
0 754
0 1173
0 804
0 981
0 694
0 472
0 1212
0 733
0 1032
0 1011
0 673
0 644
0 445
0 1138
0 800
0 722
0 764
0 675
0 1148
0 746
0 1424
0 1134
0 931
0 729
0 1199
0 720
0 694
0 574
0 1238
0 444
0 989
0 1172
0 621
0 562
0 474
0 327
0 1216
0 893
0 1203
0 822
0 545
0 1025
0 547
0 699
0 1074
0 212
0 973
0 867
0 1344
0 1081
0 860
0 1189
0 1002
0 907
0 754
0 942
0 1027
0 635
0 742
0 720
0 818
0 1099
0 892
0 648
0 823
0 734
0 1170
0 535
0 1084
0 424
0 339
0 896
0 1077
0 157
0 865
0 636
0 479
0 656
0 812
0 728
0 1182
0 1082
0 980
0 1027
0 856
0 1000
0 1330
0 1050
0 954
0 621
0 636
0 969
0 203
0 776
0 709
0 770
0 886
0 1028
0 275
0 608
0 974
0 1110
0 957
0 659
0 1058
0 451
0 1142
0 722
0 585
0 1220
0 486
0 793
0 660
0 1393
0 705
0 1026
0 766
0 965
0 651
0 834
0 1170
0 1071
0 652
0 947
0 458
0 1137
0 797
0 1092
0 1010
0 869
0 980
0 1075
0 904
0 212
0 716
0 866
0 1119
0 718
0 933
0 766
0 1167
0 627
0 749
0 1004
0 961
0 503
0 518
0 855
0 478
0 1280
0 599
0 732
0 1091
0 531
0 1057
0 746
0 471
0 604
0 379
0 462
0 870
0 550
0 811
0 830
0 684
0 514
0 1023
0 1024
0 855
0 825
0 103
0 748
0 280
0 830
0 931
0 788
0 1111
0 713
0 764
0 1084
0 481
0 681
0 922
0 403
0 709
0 545
0 1107
0 769
0 364
0 364
0 1183
0 1134
0 1062
0 881
0 463
0 1163
0 880
0 1142
0 807
0 1126
0 776
0 1146
0 985
0 459
0 686
0 591
0 476
0 1196
0 424
0 718
0 825
0 968
0 868
0 856
0 574
0 742
0 945
0 1100
0 659
0 926
0 1041
0 829
0 771
0 659
0 1226
0 431
0 521
0 769
0 929
0 763
0 611
0 986
0 643
0 1048
0 157
0 949
0 964
0 652
0 974
0 809
0 930
0 996
0 660
0 487
0 834
0 1254
0 799
0 725
0 1042
0 793
0 181
0 1270
0 838
0 765
0 1012
0 819
0 1291
0 971
0 1036
0 1261
0 992
0 791
0 919
0 724
0 775
0 1113
0 235
0 909
0 420
0 586
0 961
0 1007
0 856
0 1128
0 1164
0 803
0 865
0 1049
0 553
0 882
0 986
0 820
0 962
0 519
0 1564
0 467
0 963
0 1103
0 691
0 783
0 1009
0 601
0 1060
0 898
0 265
0 984
0 707
0 796
0 703
0 781
0 869
0 986
0 1052
0 894
0 1026
0 733
0 1104
0 286
0 985
0 619
0 413
0 424
0 718
0 767
0 821
0 879
0 574
0 762
0 989
0 1151
0 1151
0 1203
0 718
0 1065
0 368
0 858
0 696
0 1031
0 1002
0 1038
0 756
0 768
0 751
0 591
0 520
0 579
0 1234
0 897
0 599
0 867
0 768
0 661
0 998
0 648
0 1182
0 647
0 1372
0 1270
0 760
0 309
0 643
0 1007
0 906
0 515
0 983
0 574
0 614
0 655
0 821
0 1166
0 360
0 710
0 1128
0 1236
0 528
0 755
0 755
0 1194
0 606
0 780
0 762
0 661
0 677
0 531
0 821
0 821
0 1025
0 1120
0 721
0 730
0 348
0 918
0 728
0 1162
0 1100
0 684
0 633
0 1142
0 902
0 1067
0 1240
0 1006
0 947
0 817
0 662
0 995
0 717
0 1154
0 629
0 1273
0 737
0 1124
0 1195
0 334
0 1039
0 869
0 566
0 773
0 1076
0 758
0 913
0 750
0 1101
0 1301
0 1177
0 1309
0 1088
0 1249
0 619
0 1048
0 549
0 1016
0 876
0 1173
0 560
0 585
0 953
0 907
0 470
0 960
0 946
0 469
0 927
0 436
0 1013
0 1201
0 1048
0 1128
0 1079
0 284
0 436
0 840
0 1079
0 866
0 902
0 1052
0 838
0 917
0 688
0 877
0 1319
0 724
0 487
0 1074
0 1015
0 678
0 1064
0 974
0 1038
0 506
0 1180
0 531
0 1155
0 857
0 872
0 696
0 354
0 1122
0 374
0 916
0 1223
0 826
0 909
0 1071
0 811
0 496
0 914
0 927
0 872
0 1015
0 906
0 794
0 853
0 1022
0 907
0 344
0 347
0 693
0 1294
0 397
0 712
0 1093
0 933
0 532
0 1149
0 874
0 845
0 1145
0 493
0 565
0 548
0 530
0 400
0 898
0 567
0 1182
0 1047
0 440
0 577
0 1097
0 557
0 1074
0 793
0 769
0 858
0 939
0 1100
0 1280
0 974
0 722
0 737
0 1060
0 918
0 1113
0 1272
0 473
0 963
0 998
0 983
0 380
0 501
0 931
0 573
0 1170
0 619
0 704
0 1206
0 1032
0 438
0 666
0 359
0 679
0 469
0 409
0 948
0 458
0 1191
0 934
0 432
0 551
0 629
0 248
0 655
0 601
0 921
0 1146
0 1145
0 920
0 891
0 845
0 1082
0 783
0 1157
0 869
0 1213
0 1181
0 893
0 546
0 826
0 651
0 869
0 748
0 677
0 800
0 788
0 799
0 990
0 893
0 973
0 1028
0 472
0 749
0 949
0 1222
0 1040
0 689
0 207
0 473
0 322
0 1393
0 1092
0 754
0 791
0 767
0 1024
0 958
0 619
0 490
0 799
0 158
0 1286
0 714
0 979
0 698
0 720
0 989
0 609
0 741
0 882
0 874
0 256
0 953
0 740
0 1177
0 1029
0 1264
0 1352
0 1106
0 766
0 908
0 918
0 628
0 591
0 738
0 986
0 813
0 980
0 411
0 395
0 1226
0 665
0 594
0 993
0 940
0 384
0 900
0 659
0 940
0 964
0 615
0 421
0 1020
0 504
0 1176
0 869
0 1201
0 1086
0 281
0 870
0 428
0 747
0 644
0 820
0 622
0 864
0 843
0 1240
0 882
0 1100
0 687
0 1106
0 580
0 1066
0 357
0 525
0 1185
0 895
0 756
0 1009
0 1207
0 575
0 816
0 1072
0 839
0 472
0 1052
0 743
0 1162
0 647
0 1337
0 1232
0 900
0 363
0 538
0 985
0 775
0 1201
0 1326
0 852
0 923
0 455
0 1047
0 647
0 819
0 442
0 922
0 934
0 964
0 633
0 997
0 586
0 598
0 799
0 1157
0 1061
0 855
0 921
0 915
0 810
0 512
0 1109
0 891
0 967
0 680
0 950
0 1159
0 299
0 696
0 1009
0 959
0 575
0 969
0 810
0 890
0 1098
0 1073
0 1026
0 1163
0 1168
0 1204
0 779
0 651
0 695
0 942
0 798
0 1256
0 1050
0 938
0 726
0 514
0 1399
0 1646
0 825
0 482
0 1143
0 941
0 527
0 893
0 633
0 451
0 643
0 494
0 871
0 1119
0 545
0 728
0 1160
0 669
0 1167
0 1211
0 977
0 902
0 1403
0 1030
0 627
0 690
0 663
0 1074
0 1590
0 808
0 1503
0 719
0 451
0 662
0 945
0 1242
0 565
0 485
0 951
0 640
0 1013
0 575
0 596
0 480
0 641
0 1301
0 1147
0 870
0 762
0 1103
0 635
0 782
0 587
0 1483
0 366
0 683
0 911
0 989
0 829
0 972
0 502
0 1015
0 887
0 990
0 773
0 720
0 773
0 598
0 1180
0 984
0 884
0 943
0 873
0 1265
0 1151
0 674
0 1199
0 402
0 661
0 798
0 673
0 338
0 752
0 449
0 655
0 1212
0 971
0 756
0 347
0 1122
0 1163
0 653
0 657
0 503
0 1038
0 1115
0 705
0 889
0 859
0 784
0 793
0 901
0 503
0 769
0 648
0 1284
0 1226
0 750
0 1173
0 986
0 1030
0 392
0 604
0 529
0 724
0 476
0 865
0 490
0 1338
0 899
0 355
0 1177
0 995
0 909
0 843
0 763
0 966
0 885
0 1077
0 1246
0 347
0 778
0 1185
0 953
0 858
0 1099
0 843
0 1057
0 1252
0 948
0 580
0 549
0 636
0 714
0 1142
0 899
0 612
0 614
0 683
0 885
0 506
0 998
0 710
0 1055
0 1088
0 863
0 724
0 770
0 590
0 370
0 1561
0 732
0 809
0 1155
0 752
0 988
0 456
0 706
0 575
0 1043
0 1037
0 864
0 1553
0 758
0 785
0 961
0 746
0 696
0 497
0 1029
0 679
0 1267
0 799
0 666
0 308
0 841
0 940
0 606
0 1486
0 861
0 980
0 1154
0 519
0 938
0 953
0 960
0 904
0 1055
0 1104
0 784
0 835
0 547
0 1015
0 1040
0 396
0 278
0 409
0 599
0 745
0 693
0 1090
0 917
0 887
0 364
0 1185
0 916
0 708
0 1157
0 910
0 866
0 627
0 861
0 937
0 834
0 1267
0 808
0 510
0 1059
0 811
0 450
0 426
0 932
0 893
0 361
0 1143
0 1100
0 263
0 739
0 960
0 654
0 932
0 824
0 729
0 879
0 890
0 838
0 945
0 759
0 1129
0 560
0 766
0 1125
0 519
0 803
0 507
0 1040
0 470
0 943
0 1073
0 376
0 1107
0 199
0 1168
0 1026
0 643
0 867
0 355
0 450
0 528
0 1054
0 1104
0 485
0 867
0 866
0 877
0 1200
0 899
0 708
0 323
0 1156
0 1143
0 955
0 943
0 704
0 678
0 855
0 695
0 978
0 385
0 717
0 455
0 982
0 448
0 787
0 1116
0 1023
0 881
0 653
0 403
0 640
0 961
0 1062
0 766
0 304
0 1071
0 857
0 712
0 942
0 1206
0 555
0 880
0 955
0 422
0 1090
0 815
0 800
0 741
0 787
0 971
0 526
0 461
0 1196
0 815
0 433
0 529
0 1123
0 559
0 421
0 816
0 1410
0 736
0 1069
0 302
0 673
0 1014
0 872
0 872
0 981
0 553
0 528
0 923
0 749
0 572
0 627
0 819
0 707
0 539
0 1431
0 875
0 334
0 1019
0 1085
0 385
0 441
0 1144
0 898
0 1046
0 560
0 514
0 369
0 1215
0 762
0 906
0 692
0 1001
0 639
0 1340
0 313
0 654
0 1378
0 1073
0 469
0 1114
0 1175
0 1062
0 943
0 1072
0 347
0 852
0 682
0 748
0 1037
0 856
0 498
0 439
0 695
0 664
0 521
0 979
0 586
0 1163
0 1033
0 703
0 969
0 888
0 1081
0 705
0 1320
0 765
0 966
0 879
0 879
0 777
0 1183
0 621
0 719
0 747
0 678
0 767
0 184
0 1118
0 1163
0 1043
0 1052
0 507
0 1354
0 790
0 870
0 967
0 901
0 1060
0 650
0 299
0 672
0 629
0 966
0 874
0 300
0 890
0 657
0 346
0 973
0 817
0 1219
0 944
0 904
0 1509
0 1065
0 519
0 943
0 612
0 995
0 635
0 916
0 663
0 614
0 941
0 578
0 827
0 845
0 1458
0 1123
0 940
0 1149
0 1052
0 809
0 1245
0 624
0 585
0 1311
0 1059
0 698
0 727
0 1326
0 285
0 841
0 717
0 678
0 819
0 642
0 1483
0 765
0 387
0 1001
0 1029
0 681
0 1104
0 950
0 674
0 1545
0 687
0 634
0 355
0 1251
0 320
0 1211
0 1047
0 1151
0 1148
0 736
0 610
0 874
0 1292
0 1039
0 824
0 714
0 969
0 1244
0 732
0 720
0 667
0 697
0 1331
0 942
0 867
0 797
0 870
0 992
0 913
0 852
0 1299
0 1205
0 692
0 864
0 872
0 976
0 1021
0 934
0 1005
0 998
0 586
0 1016
0 876
0 586
0 1094
0 519
0 1180
0 877
0 1093
0 877
0 934
0 581
0 1162
0 674
0 889
0 438
0 617
0 1290
0 764
0 1013
0 629
0 895
0 880
0 504
0 1187
0 434
0 543
0 1080
0 548
0 859
0 1261
0 1270
0 600
0 826
0 636
0 1029
0 1052
0 889
0 367
0 651
0 487
0 963
0 902
0 1084
0 1096
0 647
0 566
0 992
0 438
0 700
0 689
0 764
0 224
0 1326
0 1256
0 1237
0 864
0 1165
0 1315
0 486
0 657
0 706
0 932
0 842
0 653
0 888
0 777
0 707
0 864
0 1243
0 1065
0 747
0 1038
0 726
0 656
0 746
0 651
0 886
0 703
0 767
0 1185
0 681
0 923
0 549
0 718
0 254
0 729
0 1360
0 604
0 293
0 936
0 516
0 802
0 1207
0 587
0 627
0 919
0 1068
0 925
0 1263
0 841
0 792
0 905
0 1090
0 564
0 812
0 998
0 1153
0 825
0 1076
0 691
0 653
0 1100
0 782
0 651
0 634
0 1003
0 1035
0 1110
0 653
0 820
0 1178
0 731
0 1031
0 1212
0 1000
0 960
0 656
0 842
0 573
0 613
0 548
0 977
0 929
0 1511
0 894
0 768
0 1209
0 1444
0 1100
0 1140
0 838
0 1283
0 709
0 801
0 573
0 785
0 497
0 626
0 547
0 627
0 1131
0 546
0 630
0 864
0 686
0 714
0 1192
0 845
0 804
0 1044
0 687
0 660
0 839
0 700
0 417
0 460
0 659
0 1008
0 985
0 529
0 743
0 873
0 807
0 1169
0 647
0 844
0 1102
0 1081
0 699
0 724
0 1215
0 716
0 785
0 773
0 434
0 986
0 713
0 938
0 668
0 995
0 960
0 1199
0 649
0 637
0 1149
0 745
0 1249
0 654
0 998
0 617
0 1052
0 945
0 548
0 437
0 957
0 821
0 1036
0 753
0 621
0 1098
0 294
0 1094
0 946
0 1520
0 1021
0 1002
0 1184
0 601
0 839
0 881
0 1009
0 1193
0 941
0 1098
0 988
0 760
0 603
0 253
0 800
0 875
0 572
0 817
0 985
0 1243
0 853
0 857
0 887
0 798
0 1171
0 1162
0 332
0 509
0 1526
0 924
0 928
0 940
0 363
0 1012
0 1307
0 551
0 1016
0 950
0 1443
0 434
0 542
0 989
0 1068
0 1037
0 564
0 1115
0 1400
0 608
0 574
0 640
0 1001
0 1235
0 1005
0 1052
0 1067
0 1023
0 646
0 757
0 1004
0 945
0 844
0 917
0 685
0 748
0 805
0 825
0 985
0 929
0 865
0 1079
0 1106
0 990
0 375
0 1118
0 618
0 616
0 1124
0 984
0 428
0 664
0 649
0 1062
0 1265
0 839
0 748
0 614
0 1110
0 1021
0 1012
0 801
0 1154
0 837
0 1023
0 1175
0 759
0 976
0 941
0 1113
0 1322
0 544
0 1245
0 891
0 915
0 1088
0 921
0 604
0 916
0 819
0 1124
0 1094
0 1172
0 1248
0 597
0 752
0 698
0 692
0 1128
0 1133
0 679
0 672
0 486
0 644
0 920
0 864
0 1026
0 964
0 782
0 1289
0 847
0 592
0 728
0 411
0 136
0 859
0 626
0 848
0 641
0 462
0 621
0 874
0 437
0 660
0 858
0 683
0 1068
0 1064
0 1146
0 567
0 798
0 636
0 969
0 1121
0 772
0 707
0 1167
0 808
0 901
0 955
0 1152
0 808
0 867
0 741
0 894
0 1246
0 680
0 679
0 314
0 1167
0 1123
0 1072
0 1101
0 374
0 1019
0 940
0 579
0 316
0 767
0 719
0 1141
0 1288
0 628
0 793
0 943
0 898
0 912
0 886
0 1103
0 759
0 740
0 1058
0 1168
0 696
0 1086
0 1264
0 1051
0 488
0 584
0 1128
0 670
0 781
0 1262
0 819
0 960
0 1148
0 679
0 395
0 812
0 1444
0 952
0 1070
0 1373
0 778
0 1014
0 988
0 1364
0 901
0 905
0 926
0 748
0 886
0 934
0 953
0 526
0 1165
0 1009
0 1163
0 754
0 941
0 876
0 968
0 953
0 964
0 1182
0 894
0 895
0 1162
0 933
0 859
0 1119
0 886
0 645
0 603
0 695
0 1041
0 752
0 1091
0 1039
0 524
0 1092
0 846
0 919
0 1121
0 1083
0 875
0 390
0 1045
0 602
0 680
0 288
0 986
0 1038
0 550
0 783
0 914
0 485
0 1255
0 557
0 784
0 290
0 1269
0 1237
0 860
0 263
0 765
0 1024
0 970
0 1063
0 1121
0 613
0 631
0 353
0 1620
0 658
0 682
0 433
0 1235
0 1011
0 1191
0 761
0 1108
0 1056
0 472
0 801
0 419
0 855
0 1067
0 369
0 670
0 132
0 926
0 206
0 1008
0 1028
0 774
0 689
0 648
0 840
0 550
0 525
0 839
0 1161
0 664
0 1061
0 942
0 1039
0 165
0 585
0 1086
0 558
0 949
0 1414
0 463
0 1193
0 1212
0 857
0 1137
0 927
0 1188
0 743
0 766
0 1048
0 988
0 1229
0 889
0 1050
0 974
0 1268
0 638
0 1315
0 1027
0 1598
0 933
0 689
0 443
0 895
0 907
0 584
0 567
0 847
0 1134
0 821
0 1068
0 1006
0 705
0 761
0 827
0 572
0 929
0 1116
0 928
0 950
0 527
0 759
0 924
0 678
0 908
0 1047
0 731
0 217
0 919
0 975
0 226
0 453
0 1044
0 880
0 1243
0 1014
0 1047
0 758
0 967
0 1163
0 958
0 887
0 875
0 1096
0 854
0 1131
0 676
0 321
0 1137
0 1106
0 1103
0 357
0 1275
0 536
0 473
0 653
0 1108
0 646
0 392
0 938
0 1012
0 1287
0 1028
0 822
0 1242
0 1177
0 1154
0 434
0 1058
0 643
0 1003
0 1461
0 532
0 977
0 780
0 948
0 933
0 625
0 732
0 675
0 930
0 889
0 102
0 800
0 1073
0 826
0 735
0 874
0 1354
0 698
0 916
0 1147
0 470
0 1029
0 1161
0 921
0 547
0 844
0 1114
0 1085
0 992
0 644
0 1120
0 1228
0 844
0 897
0 842
0 1153
0 791
0 903
0 1057
0 1223
0 926
0 920
0 317
0 683
0 823
0 939
0 1021
0 1314
0 912
0 1077
0 751
0 1123
0 364
0 1283
0 846
0 500
0 676
0 892
0 884
0 1182
0 1058
0 318
0 1256
0 663
0 1276
0 800
0 1136
0 952
0 666
0 1059
0 802
0 1202
0 705
0 1173
0 1161
0 756
0 650
0 787
0 970
0 645
0 599
0 690
0 769
0 393
0 928
0 914
0 391
0 1079
0 1153
0 838
0 136
0 614
0 937
0 1014
0 314
0 775
0 669
0 987
0 1145
0 1220
0 779
0 964
0 937
0 886
0 1250
0 1016
0 796
0 754
0 714
0 845
0 1286
0 1151
0 1122
0 860
0 667
0 998
0 676
0 771
0 727
0 1001
0 936
0 631
0 837
0 639
0 913
0 950
0 425
0 1032
0 762
0 1365
0 1350
0 1043
0 1431
0 216
0 1030
0 1081
0 700
0 815
0 789
0 1210
0 1088
0 896
0 873
0 731
0 665
0 911
0 701
0 963
0 712
0 526
0 950
0 850
0 888
0 932
0 731
0 607
0 1107
0 646
0 1033
0 1078
0 508
0 605
0 1128
0 963
0 636
0 780
0 1146
0 789
0 850
0 797
0 1010
0 898
0 696
0 1054
0 614
0 959
0 852
0 773
0 1399
0 1056
0 976
0 1142
0 1036
0 657
0 990
0 578
0 515
0 989
0 763
0 956
0 857
0 738
0 862
0 1001
0 849
0 879
0 650
0 997
0 1007
0 1000
0 847
0 629
0 955
0 942
0 903
0 453
0 906
0 766
0 870
0 1114
0 903
0 903
0 761
0 810
0 863
0 244
0 1047
0 706
0 1051
0 1164
0 869
0 512
0 757
0 1064
0 1076
0 1130
0 555
0 338
0 566
0 1129
0 663
0 1080
0 1205
0 629
0 1448
0 698
0 611
0 893
0 823
0 377
0 574
0 1005
0 602
0 995
0 571
0 431
0 964
0 773
0 1019
0 1022
0 858
0 550
0 1258
0 975
0 314
0 747
0 775
0 922
0 1063
0 740
0 592
0 593
0 303
0 800
0 1141
0 1210
0 807
0 1280
0 801
0 1245
0 564
0 840
0 1240
0 386
0 745
0 833
0 480
0 825
0 711
0 960
0 846
0 700
0 731
0 1228
0 819
0 134
0 579
0 886
0 477
0 882
0 1155
0 709
0 468
0 297
0 820
0 743
0 940
0 1066
0 1076
0 873
0 1206
0 951
0 969
0 699
0 525
0 830
0 1012
0 1238
0 1105
0 746
0 1057
0 616
0 781
0 1380
0 1025
0 719
0 1065
0 794
0 1239
0 937
0 989
0 1132
0 900
0 552
0 1108
0 736
0 946
0 871
0 669
0 717
0 1148
0 1102
0 1010
0 1170
0 747
0 675
0 730
0 584
0 1304
0 512
0 1232
0 1170
0 797
0 960
0 1240
0 764
0 790
0 362
0 966
0 664
0 863
0 1318
0 683
0 751
0 619
0 1167
0 697
0 794
0 1050
0 932
0 608
0 1133
0 1175
0 1066
0 745
0 1007
0 899
0 1305
0 424
0 664
0 592
0 1119
0 618
0 794
0 688
0 957
0 891
0 1008
0 1104
0 711
0 836
0 997
0 815
0 450
0 1107
0 710
0 530
0 1148
0 724
0 771
0 914
0 386
0 531
0 1052
0 630
0 1255
0 629
0 336
0 857
0 820
0 647
0 479
0 779
0 950
0 903
0 810
0 498
0 986
0 716
0 682
0 772
0 609
0 784
0 1086
0 842
0 1057
0 751
0 1308
0 813
0 819
0 494
0 468
0 637
0 408
0 975
0 820
0 1397
0 548
0 613
0 906
0 1403
0 900
0 510
0 948
0 654
0 806
0 1076
0 825
0 1068
0 1003
0 1020
0 769
0 584
0 875
0 612
0 954
0 604
0 317
0 745
0 494
0 767
0 913
0 1033
0 645
0 545
0 603
0 860
0 723
0 626
0 917
0 902
0 804
0 472
0 1115
0 515
0 910
0 704
0 727
0 231
0 925
0 814
0 571
0 427
0 588
0 1081
0 1195
0 1197
0 689
0 935
0 669
0 1097
0 630
0 599
0 871
0 706
0 846
0 1024
0 932
0 556
0 996
0 738
0 819
0 619
0 1203
0 935
0 1213
0 210
0 608
0 1102
0 867
0 995
0 938
0 423
0 279
0 391
0 1156
0 590
0 1154
0 970
0 32
0 931
0 716
0 100
0 525
0 428
0 1272
0 1327
0 599
0 1249
0 863
0 911
0 759
0 570
0 1076
0 713
0 988
0 439
0 705
0 565
0 488
0 1123
0 788
0 644
0 118
0 697
0 523
0 633
0 452
0 574
0 452
0 935
0 1064
0 1049
0 1494
0 1163
0 815
0 866
0 324
0 792
0 1178
0 746
0 675
0 1118
0 625
0 848
0 638
0 955
0 612
0 606
0 465
0 475
0 1023
0 1213
0 983
0 760
0 566
0 999
0 569
0 949
0 827
0 533
0 1016
0 922
0 127
0 970
0 883
0 726
0 518
0 631
0 600
0 701
0 540
0 465
0 212
0 1021
0 1128
0 391
0 1112
0 1004
0 241
0 830
0 731
0 830
0 1105
0 1232
0 993
0 409
0 1052
0 951
0 1008
0 317
0 1004
0 900
0 962
0 1123
0 707
0 669
0 600
0 473
0 772
0 952
0 764
0 636
0 1052
0 1138
0 845
0 766
0 1083
0 528
0 632
0 1254
0 808
0 662
0 1196
0 734
0 1217
0 968
0 719
0 213
0 908
0 551
0 877
0 1001
0 536
0 821
0 756
0 815
0 1088
0 734
0 907
0 855
0 1182
0 726
0 369
0 839
0 1144
0 1087
0 1337
0 673
0 621
0 954
0 713
0 687
0 553
0 756
0 1211
0 1089
0 1104
0 1133
0 133
0 1029
0 827
0 487
0 525
0 951
0 1021
0 658
0 846
0 883
0 1013
0 740
0 627
0 972
0 546
0 783
0 931
0 1106
0 1295
0 1214
0 1083
0 628
0 395
0 778
0 876
0 1043
0 598
0 877
0 1029
0 714
0 312
0 876
0 542
0 1124
0 724
0 1173
0 862
0 1195
0 512
0 1378
0 634
0 1185
0 845
0 1035
0 863
0 855
0 1081
0 1089
0 489
0 950
0 707
0 345
0 931
0 717
0 213
0 659
0 874
0 1035
0 747
0 1305
0 1110
0 616
0 1017
0 671
0 713
0 818
0 686
0 851
0 882
0 1011
0 698
0 626
0 715
0 837
0 796
0 1001
0 430
0 1021
0 675
0 744
0 1046
0 584
0 840
0 891
0 1389
0 834
0 640
0 172
0 928
0 426
0 1206
0 1263
0 976
0 464
0 1019
0 338
0 1402
0 626
0 606
0 504
0 1331
0 1356
0 476
0 1033
0 764
0 1077
0 483
0 460
0 1078
0 527
0 1271
0 453
0 645
0 550
0 503
0 605
0 912
0 776
0 1446
0 980
0 1193
0 1125
0 731
0 812
0 868
0 730
0 834
0 967
0 1058
0 896
0 1182
0 711
0 843
0 1029
0 896
0 458
0 793
0 457
0 603
0 854
0 711
0 627
0 838
0 952
0 974
0 1374
0 885
0 675
0 1252
0 565
0 1077
0 722
0 928
0 908
0 652
0 1350
0 992
0 916
0 887
0 1027
0 344
0 499
0 1096
0 814
0 1170
0 1066
0 650
0 841
0 554
0 894
0 632
0 1418
0 292
0 778
0 705
0 1070
0 1313
0 970
0 741
0 1070
0 375
0 641
0 1176
0 1371
0 993
0 430
0 725
0 730
0 156
0 1184
0 700
0 82
0 1067
0 352
0 713
0 1007
0 983
0 1388
0 539
0 892
0 731
0 1468
0 1083
0 592
0 863
0 576
0 1106
0 1069
0 646
0 660
0 450
0 1078
0 726
0 1038
0 559
0 760
0 1036
0 629
0 731
0 1385
0 272
0 222
0 976
0 286
0 572
0 501
0 829
0 534
0 874
0 806
0 906
0 608
0 600
0 758
0 604
0 782
0 702
0 762
0 936
0 1170
0 431
0 873
0 921
0 1052
0 1046
0 1072
0 595
0 727
0 788
0 485
0 612
0 1427
0 1030
0 690
0 1000
0 630
0 651
0 954
0 816
0 750
0 734
0 971
0 447
0 1238
0 880
0 793
0 982
0 1228
0 616
0 705
0 849
0 1177
0 432
0 868
0 702
0 1061
0 778
0 485
0 995
0 1052
0 1062
0 880
0 591
0 636
0 630
0 208
0 879
0 879
0 908
0 767
0 741
0 1073
0 1322
0 1079
0 753
0 865
0 962
0 1094
0 797
0 1353
0 774
0 515
0 454
0 928
0 652
0 751
0 807
0 957
0 857
0 735
0 1262
0 470
0 924
0 776
0 1544
0 497
0 437
0 299
0 885
0 1055
0 1294
0 966
0 268
0 842
0 1383
0 1106
0 1003
0 867
0 1068
0 820
0 850
0 716
0 1045
0 956
0 733
0 767
0 616
0 1110
0 749
0 599
0 414
0 1077
0 800
0 919
0 666
0 668
0 1078
0 453
0 859
0 591
0 1097
0 882
0 976
0 1048
0 922
0 1018
0 79
0 739
0 1054
0 1134
0 1398
0 862
0 402
0 819
0 1170
0 1242
0 512
0 1207
0 1327
0 918
0 1187
0 887
0 683
0 877
0 1063
0 343
0 1361
0 569
0 748
0 1068
0 1025
0 880
0 843
0 1068
0 129
0 1514
0 845
0 782
0 1115
0 1135
0 1040
0 727
0 675
0 199
0 992
0 607
0 1087
0 899
0 1274
0 645
0 1187
0 1221
0 668
0 768
0 1004
0 761
0 798
0 989
0 821
0 1350
0 893
0 1233
0 1086
0 988
0 1130
0 792
0 663
0 1288
0 1135
0 693
0 365
0 648
0 916
0 613
0 981
0 1282
0 830
0 812
0 778
0 1098
0 1038
0 1048
0 1259
0 996
0 825
0 1136
0 867
0 891
0 1042
0 488
0 1029
0 671
0 941
0 788
0 1446
0 1100
0 82
0 907
0 894
0 1237
0 1263
0 659
0 704
0 532
0 615
0 944
0 1320
0 841
0 223
0 884
0 1226
0 952
0 1001
0 690
0 793
0 1203
0 660
0 695
0 705
0 1088
0 695
0 780
0 838
0 860
0 997
0 510
0 950
0 894
0 895
0 1049
0 946
0 1347
0 869
0 645
0 1227
0 1215
0 900
0 1127
0 697
0 876
0 821
0 632
0 1122
0 1189
0 773
0 863
0 776
0 1090
0 826
0 854
0 833
0 713
0 1123
0 948
0 886
0 1643
0 538
0 981
0 363
0 1188
0 812
0 834
0 1203
0 243
0 924
0 924
0 1294
0 1031
0 1042
0 734
0 387
0 1360
0 979
0 592
0 1201
0 942
0 887
0 1193
0 652
0 584
0 1764
0 122
0 704
0 1119
0 481
0 841
0 841
0 1273
0 395
0 678
0 949
0 1183
0 462
0 801
0 841
0 839
0 671
0 1264
0 1350
0 732
0 423
0 1033
0 815
0 305
0 689
0 998
0 990
0 903
0 705
0 1056
0 821
0 583
0 1031
0 966
0 840
0 895
0 1050
0 1052
0 471
0 978
0 1123
0 944
0 618
0 719
0 1032
0 881
0 777
0 807
0 924
0 1087
0 732
0 708
0 684
0 676
0 1083
0 1181
0 746
0 1026
0 657
0 645
0 1119
0 934
0 1395
0 915
0 438
0 1222
0 932
0 821
0 694
0 727
0 1186
0 803
0 653
0 894
0 1178
0 1153
0 755
0 1102
0 1004
0 703
0 1437
0 1043
0 753
0 738
0 892
0 917
0 693
0 584
0 1046
0 1298
0 808
0 797
0 524
0 805
0 627
0 1485
0 460
0 780
0 628
0 317
0 749
0 961
0 568
0 905
0 1353
0 1249
0 819
0 824
0 675
0 959
0 1077
0 681
0 777
0 825
0 1076
0 476
0 1219
0 966
0 216
0 608
0 610
0 1030
0 1248
0 799
0 719
0 807
0 526
0 957
0 799
0 645
0 994
0 936
0 1483
0 892
0 809
0 1069
0 918
0 879
0 581
0 682
0 731
0 1067
0 906
0 1151
0 854
0 957
0 655
0 1375
0 1168
0 554
0 1002
0 625
0 1072
0 739
0 783
0 308
0 1002
0 802
0 909
0 939
0 867
0 514
0 1134
0 1023
0 855
0 436
0 634
0 956
0 656
0 1173
0 1108
0 770
0 1251
0 1186
0 898
0 309
0 484
0 1309
0 701
0 686
0 829
0 938
0 292
0 1109
0 695
0 595
0 971
0 637
0 825
0 867
0 851
0 754
0 1067
0 1022
0 798
0 762
0 709
0 185
0 1285
0 709
0 766
0 675
0 820
0 538
0 679
0 723
0 1223
0 1198
0 941
0 823
0 588
0 822
0 1103
0 1194
0 1082
0 834
0 657
0 1334
0 324
0 935
0 1100
0 1170
0 798
0 932
0 1177
0 1272
0 493
0 875
0 381
0 803
0 1130
0 337
0 436
0 1027
0 489
0 428
0 800
0 355
0 792
0 843
0 918
0 472
0 1038
0 645
0 448
0 736
0 1276
0 553
0 89
0 271
0 666
0 650
0 1143
0 487
0 906
0 996
0 1066
0 1093
0 850
0 921
0 906
0 745
0 1010
0 689
0 908
0 274
0 593
0 987
0 1327
0 582
0 161
0 585
0 548
0 797
0 870
0 880
0 823
0 770
0 1184
0 336
0 846
0 1060
0 762
0 1140
0 405
0 1284
0 718
0 829
0 648
0 702
0 691
0 795
0 1005
0 1005
0 276
0 544
0 463
0 1412
0 771
0 1521
0 566
0 911
0 1136
0 1460
0 642
0 697
0 832
0 839
0 943
0 517
0 1053
0 295
0 991
0 730
0 554
0 834
0 539
0 756
0 864
0 675
0 1190
0 1004
0 889
0 556
0 933
0 838
0 1102
0 1082
0 1076
0 1011
0 983
0 778
0 1316
0 1213
0 781
0 721
0 1264
0 360
0 855
0 465
0 1266
0 636
0 981
0 821
0 755
0 789
0 810
0 247
0 1266
0 1212
0 851
0 506
0 654
0 901
0 1104
0 1191
0 653
0 1203
0 843
0 1006
0 932
0 1220
0 663
0 435
0 549
0 979
0 793
0 1049
0 882
0 673
0 519
0 1051
0 1348
0 1016
0 1109
0 1159
0 1142
0 775
0 602
0 868
0 595
0 327
0 952
0 1131
0 516
0 759
0 857
0 1038
0 851
0 598
0 672
0 410
0 802
0 717
0 867
0 961
0 958
0 303
0 1234
0 688
0 790
0 256
0 1051
0 594
0 858
0 427
0 797
0 764
0 523
0 712
0 1184
0 797
0 870
0 1002
0 756
0 363
0 708
0 820
0 700
0 993
0 769
0 666
0 986
0 1042
0 1097
0 922
0 1240
0 888
0 794
0 805
0 452
0 1293
0 405
0 851
0 900
0 760
0 700
0 743
0 1123
0 836
0 703
0 808
0 798
0 1147
0 926
0 680
0 847
0 871
0 628
0 1186
0 844
0 926
0 1088
0 513
0 372
0 983
0 1009
0 920
0 903
0 553
0 801
0 214
0 766
0 701
0 1138
0 976
0 813
0 721
0 983
0 1004
0 520
0 611
0 757
0 798
0 1287
0 973
0 1077
0 211
0 339
0 963
0 965
0 938
0 797
0 1232
0 1075
0 881
0 670
0 1458
0 694
0 1016
0 990
0 942
0 847
0 726
0 623
0 1000
0 709
0 1139
0 998
0 788
0 939
0 1116
0 617
0 747
0 514
0 203
0 1127
0 669
0 773
0 739
0 329
0 599
0 720
0 921
0 654
0 975
0 831
0 649
0 724
0 768
0 1226
0 1077
0 919
0 353
0 1085
0 456
0 1186
0 1045
0 1109
0 537
0 722
0 469
0 846
0 1038
0 982
0 954
0 677
0 1757
0 957
0 645
0 835
0 674
0 1140
0 785
0 1014
0 1111
0 921
0 684
0 502
0 1089
0 555
0 1049
0 640
0 1080
0 1073
0 787
0 900
0 1365
0 365
0 567
0 797
0 937
0 242
0 671
0 957
0 966
0 706
0 916
0 968
0 1021
0 803
0 1007
0 1004
0 652
0 790
0 815
0 1063
0 584
0 973
0 716
0 971
0 492
0 824
0 1338
0 835
0 798
0 833
0 966
0 283
0 1071
0 1419
0 769
0 339
0 579
0 631
0 776
0 1055
0 960
0 563
0 726
0 584
0 573
0 1152
0 729
0 925
0 995
0 928
0 699
0 1148
0 1048
0 893
0 668
0 871
0 1114
0 821
0 542
0 652
0 646
0 876
0 822
0 687
0 1107
0 944
0 1297
0 578
0 773
0 1192
0 934
0 596
0 362
0 714
0 769
0 819
0 908
0 1109
0 666
0 577
0 675
0 293
0 1076
0 1147
0 1051
0 794
0 371
0 326
0 802
0 489
0 551
0 272
0 832
0 750
0 934
0 1067
0 533
0 1081
0 499
0 1317
0 1164
0 717
0 190
0 441
0 694
0 798
0 687
0 1063
0 141
0 962
0 1005
0 1114
0 875
0 1232
0 1232
0 881
0 1067
0 964
0 553
0 237
0 860
0 941
0 1155
0 364
0 1328
0 769
0 901
0 1140
0 1108
0 1086
0 977
0 635
0 927
0 1014
0 512
0 724
0 912
0 837
0 1040
0 1026
0 252
0 478
0 897
0 1153
0 808
0 1068
0 646
0 642
0 391
0 1020
0 1032
0 795
0 685
0 951
0 366
0 1155
0 774
0 797
0 502
0 810
0 548
0 839
0 1156
0 265
0 932
0 814
0 601
0 635
0 1182
0 610
0 823
0 422
0 289
0 1125
0 1030
0 805
0 586
0 1093
0 711
0 812
0 714
0 785
0 664
0 1135
0 458
0 1274
0 505
0 748
0 1523
0 925
0 870
0 678
0 716
0 997
0 928
0 827
0 1137
0 737
0 482
0 840
0 549
0 1170
0 642
0 913
0 1241
0 730
0 928
0 841
0 985
0 801
0 572
0 563
0 411
0 1020
0 614
0 1025
0 1193
0 818
0 1173
0 966
0 989
0 1041
0 745
0 1374
0 790
0 817
0 803
0 888
0 964
0 1082
0 905
0 225
0 924
0 239
0 1014
0 1232
0 419
0 1276
0 687
0 1007
0 768
0 676
0 487
0 921
0 457
0 430
0 359
0 1112
0 1015
0 915
0 702
0 1081
0 1097
0 1535
0 1242
0 939
0 472
0 1168
0 988
0 1115
0 837
0 676
0 278
0 1211
0 955
0 992
0 651
0 677
0 724
0 1129
0 1110
0 915
0 847
0 873
0 1190
0 875
0 1091
0 636
0 886
0 952
0 561
0 1045
0 732
0 740
0 1143
0 929
0 825
0 1014
0 1191
0 1165
0 249
0 1413
0 380
0 1042
0 1032
0 905
0 1159
0 473
0 274
0 646
0 556
0 711
0 753
0 817
0 1231
0 1152
0 847
0 538
0 646
0 903
0 1161
0 958
0 862
0 841
0 597
0 575
0 873
0 698
0 824
0 1095
0 776
0 962
0 714
0 779
0 895
0 945
0 797
0 722
0 1241
0 932
0 1377
0 179
0 791
0 954
0 617
0 1239
0 986
0 914
0 491
0 1026
0 768
0 364
0 807
0 1122
0 812
0 959
0 408
0 813
0 781
0 1003
0 935
0 723
0 564
0 870
0 1199
0 1022
0 1443
0 841
0 982
0 1376
0 831
0 1027
0 1009
0 1014
0 667
0 549
0 1499
0 1159
0 582
0 569
0 1135
0 756
0 1191
0 1158
0 985
0 1064
0 832
0 1072
0 920
0 987
0 1116
0 813
0 311
0 935
0 659
0 1366
0 1297
0 1068
0 840
0 1031
0 434
0 1253
0 390
0 1205
0 182
0 682
0 914
0 1129
0 989
0 833
0 710
0 592
0 1350
0 543
0 1215
0 1056
0 563
0 484
0 990
0 966
0 1054
0 656
0 942
0 996
0 393
0 467
0 1174
0 647
0 270
0 897
0 605
0 1108
0 758
0 416
0 271
0 1559
0 723
0 459
0 912
0 729
0 870
0 732
0 820
0 857
0 995
0 715
0 978
0 413
0 649
0 1413
0 894
0 929
0 783
0 766
0 1298
0 821
0 314
0 1219
0 707
0 676
0 1156
0 833
0 300
0 1046
0 628
0 767
0 1285
0 895
0 857
0 1332
0 1256
0 1193
0 1100
0 879
0 1015
0 801
0 792
0 785
0 949
0 960
0 763
0 1004
0 594
0 1130
0 837
0 1056
0 884
0 977
0 963
0 859
0 688
0 947
0 1105
0 1132
0 1109
0 445
0 1100
0 418
0 683
0 952
0 510
0 921
0 1089
0 1567
0 477
0 1016
0 660
0 454
0 1379
0 907
0 1058
0 693
0 650
0 746
0 1090
0 627
0 846
0 399
0 1168
0 593
0 272
0 1179
0 901
0 715
0 1115
0 504
0 507
0 283
0 877
0 414
0 1151
0 819
0 835
0 816
0 678
0 603
0 732
0 596
0 985
0 1343
0 1097
0 787
0 643
0 562
0 1299
0 532
0 1066
0 667
0 865
0 1106
0 1078
0 697
0 1095
0 521
0 986
0 556
0 1420
0 690
0 1007
0 384
0 605
0 1112
0 847
0 1112
0 1223
0 1123
0 789
0 741
0 938
0 461
0 328
0 733
0 537
0 1398
0 1044
0 904
0 995
0 1051
0 1425
0 571
0 952
0 1388
0 1075
0 544
0 1110
0 693
0 472
0 1105
0 840
0 795
0 1490
0 592
0 1178
0 653
0 887
0 854
0 1348
0 955
0 969
0 187
0 652
0 966
0 1082
0 934
0 818
0 976
0 154
0 781
0 698
0 1028
0 957
0 673
0 301
0 1258
0 1013
0 1160
0 1073
0 1027
0 1021
0 623
0 835
0 1077
0 626
0 830
0 683
0 1257
0 351
0 632
0 368
0 1012
0 1140
0 1275
0 926
0 1204
0 963
0 847
0 651
0 916
0 1172
0 1253
0 512
0 862
0 935
0 585
0 1008
0 367
0 919
0 569
0 1003
0 1055
0 576
0 1133
0 294
0 1006
0 1125
0 1125
0 911
0 782
0 1318
0 1125
0 846
0 490
0 377
0 1049
0 500
0 731
0 1294
0 949
0 1374
0 1141
0 1510
0 1114
0 593
0 974
0 1116
0 1043
0 663
0 654
0 1028
0 696
0 552
0 1461
0 453
0 973
0 1414
0 993
0 976
0 329
0 1058
0 277
0 1305
0 774
0 662
0 739
0 1006
0 1070
0 587
0 864
0 867
0 850
0 1070
0 896
0 981
0 987
0 436
0 952
0 642
0 1005
0 796
0 1004
0 1178
0 873
0 573
0 960
0 910
0 320
0 918
0 780
0 387
0 1056
0 794
0 1161
0 454
0 646
0 1057
0 805
0 889
0 912
0 904
0 628
0 976
0 1188
0 1146
0 1010
0 1175
0 1256
0 891
0 450
0 837
0 930
0 923
0 1009
0 630
0 960
0 742
0 483
0 898
0 1090
0 861
0 907
0 934
0 1128
0 376
0 556
0 821
0 984
0 865
0 1192
0 433
0 1000
0 1085
0 865
0 629
0 772
0 847
0 922
0 402
0 719
0 146
0 636
0 718
0 686
0 297
0 333
0 275
0 1275
0 575
0 991
0 854
0 559
0 824
0 691
0 991
0 1144
0 1207
0 1091
0 329
0 695
0 977
0 1090
0 718
0 1217
0 987
0 555
0 886
0 520
0 955
0 1336
0 664
0 611
0 953
0 562
0 598
0 1192
0 952
0 1046
0 1182
0 403
0 810
0 720
0 1026
0 841
0 574
0 950
0 378
0 869
0 905
0 1247
0 885
0 680
0 877
0 806
0 250
0 998
0 777
0 989
0 966
0 1017
0 971
0 584
0 900
0 768
0 898
0 821
0 907
0 675
0 308
0 456
0 848
0 471
0 309
0 1716
0 1117
0 684
0 733
0 891
0 354
0 624
0 1053
0 1215
0 908
0 916
0 839
0 780
0 1341
0 477
0 271
0 912
0 354
0 931
0 484
0 201
0 705
0 791
0 743
0 584
0 1136
0 1238
0 170
0 491
0 1068
0 704
0 456
0 794
0 766
0 899
0 261
0 880
0 1067
0 557
0 508
0 712
0 733
0 650
0 600
0 612
0 960
0 601
0 619
0 781
0 910
0 851
0 869
0 707
0 1076
0 895
0 855
0 1123
0 1147
0 975
0 1124
0 579
0 647
0 856
0 723
0 1025
0 774
0 987
0 615
0 651
0 970
0 332
0 951
0 982
0 891
0 668
0 960
0 693
0 1043
0 751
0 1006
0 878
0 969
0 431
0 1030
0 972
0 867
0 1050
0 1515
0 1227
0 607
0 1173
0 1016
0 733
0 1016
0 752
0 1112
0 527
0 1051
0 663
0 1283
0 926
0 381
0 841
0 698
0 1156
0 858
0 715
0 802
0 971
0 1108
0 791
0 513
0 701
0 1075
0 763
0 1016
0 718
0 598
0 882
0 761
0 1024
0 1104
0 347
0 532
0 732
0 871
0 1068
0 804
0 989
0 735
0 783
0 1005
0 767
0 948
0 1247
0 594
0 113
0 841
0 862
0 895
0 822
0 663
0 1084
0 692
0 880
0 638
0 1175
0 661
0 978
0 289
0 1157
0 599
0 606
0 194
0 411
0 863
0 724
0 1177
0 677
0 969
0 681
0 1603
0 270
0 937
0 1233
0 490
0 697
0 1315
0 514
0 972
0 1819
0 892
0 562
0 813
0 635
0 384
0 491
0 685
0 925
0 1109
0 894
0 1011
0 937
0 774
0 680
0 844
0 565
0 1150
0 754
0 869
0 850
0 787
0 889
0 915
0 556
0 430
0 810
0 452
0 732
0 719
0 1051
0 917
0 1212
0 729
0 764
0 1004
0 1141
0 1075
0 824
0 526
0 1203
0 542
0 991
0 300
0 988
0 360
0 647
0 713
0 985
0 617
0 788
0 930
0 296
0 1085
0 1284
0 1281
0 732
0 767
0 799
0 1013
0 776
0 591
0 1021
0 1128
0 791
0 845
0 648
0 911
0 928
0 425
0 668
0 434
0 503
0 1087
0 489
0 1163
0 776
0 572
0 637
0 1127
0 1112
0 539
0 1044
0 885
0 781
0 1291
0 589
0 1039
0 1078
0 1082
0 292
0 485
0 658
0 742
0 1151
0 752
0 1355
0 915
0 890
0 920
0 772
0 932
0 820
0 878
0 1437
0 1071
0 639
0 1053
0 1088
0 842
0 924
0 865
0 478
0 460
0 514
0 509
0 1019
0 1143
0 1156
0 728
0 852
0 1324
0 641
0 1029
0 753
0 673
0 778
0 555
0 423
0 1076
0 824
0 765
0 360
0 738
0 726
0 358
0 670
0 890
0 950
0 887
0 743
0 982
0 826
0 440
0 973
0 955
0 1202
0 381
0 990
0 946
0 787
0 1180
0 892
0 1059
0 859
0 609
0 902
0 1046
0 850
0 1292
0 358
0 915
0 281
0 661
0 777
0 1140
0 984
0 505
0 946
0 425
0 483
0 837
0 297
0 740
0 1397
0 892
0 921
0 1127
0 676
0 809
0 418
0 1512
0 1205
0 1138
0 496
0 1314
0 988
0 978
0 772
0 792
0 1177
0 1425
0 1266
0 441
0 476
0 1342
0 834
0 708
0 896
0 1138
0 948
0 870
0 1085
0 797
0 1008
0 1243
0 1239
0 1377
0 1040
0 1047
0 1392
0 1339
0 1060
0 1137
0 500
0 1063
0 764
0 832
0 489
0 703
0 723
0 1135
0 1179
0 881
0 669
0 1078
0 718
0 752
0 773
0 558
0 673
0 285
0 1161
0 966
0 856
0 975
0 1140
0 1054
0 549
0 653
0 608
0 597
0 326
0 899
0 1027
0 442
0 739
0 843
0 1084
0 888
0 861
0 795
0 600
0 540
0 1337
0 909
0 646
0 1169
0 969
0 888
0 794
0 1143
0 735
0 987
0 682
0 976
0 832
0 980
0 384
0 461
0 731
0 542
0 632
0 1288
0 529
0 927
0 997
0 1341
0 818
0 646
0 1352
0 859
0 817
0 1148
0 1055
0 430
0 745
0 433
0 996
0 1100
0 568
0 158
0 907
0 1158
0 1224
0 1290
0 429
0 332
0 1138
0 341
0 918
0 1277
0 498
0 1295
0 730
0 1455
0 877
0 670
0 1089
0 833
0 1127
0 937
0 846
0 782
0 525
0 1154
0 732
0 1120
0 950
0 160
0 580
0 90
0 837
0 495
0 1179
0 960
0 830
0 719
0 641
0 572
0 303
0 1153
0 744
0 797
0 590
0 961
0 196
0 955
0 872
0 1138
0 813
0 820
0 851
0 1388
0 842
0 1156
0 145
0 832
0 1383
0 691
0 584
0 946
0 952
0 568
0 805
0 709
0 1444
0 1093
0 462
0 782
0 337
0 599
0 493
0 842
0 1007
0 820
0 1026
0 989
0 819
0 1214
0 719
0 738
0 967
0 419
0 487
0 735
0 749
0 743
0 1069
0 1020
0 1003
0 1147
0 217
0 563
0 379
0 1038
0 929
0 1262
0 705
0 1128
0 692
0 998
0 345
0 874
0 1079
0 1267
0 822
0 696
0 667
0 1028
0 579
0 776
0 695
0 597
0 1132
0 732
0 1054
0 782
0 1061
0 958
0 290
0 1144
0 673
0 1218
0 957
0 380
0 536
0 808
0 909
0 772
0 448
0 597
0 689
0 1082
0 330
0 868
0 941
0 465
0 572
0 1046
0 766
0 520
0 1154
0 797
0 641
0 1129
0 631
0 1122
0 943
0 597
0 917
0 673
0 596
0 1065
0 1062
0 529
0 850
0 932
0 835
0 970
0 611
0 719
0 881
0 947
0 1080
0 1102
0 1237
0 814
0 969
0 517
0 588
0 776
0 892
0 745
0 953
0 1093
0 825
0 389
0 811
0 815
0 1189
0 592
0 657
0 742
0 398
0 722
0 994
0 770
0 900
0 525
0 939
0 928
0 652
0 775
0 762
0 1040
0 932
0 1032
0 661
0 1140
0 936
0 1119
0 962
0 621
0 920
0 1131
0 733
0 666
0 823
0 824
0 1164
0 1089
0 547
0 732
0 1533
0 761
0 830
0 911
0 1047
0 969
0 654
0 1086
0 1027
0 1239
0 938
0 1363
0 995
0 739
0 825
0 881
0 730
0 630
0 1034
0 1200
0 296
0 818
0 631
0 578
0 732
0 1173
0 989
0 777
0 982
0 1378
0 966
0 661
0 1099
0 846
0 548
0 700
0 1089
0 925
0 1037
0 874
0 485
0 956
0 741
0 858
0 463
0 763
0 755
0 506
0 810
0 1248
0 1000
0 1082
0 446
0 1481
0 757
0 991
0 424
0 936
0 805
0 1005
0 706
0 845
0 585
0 493
0 461
0 739
0 866
0 249
0 935
0 974
0 1138
0 1032
0 919
0 869
0 1182
0 911
0 1053
0 899
0 650
0 1293
0 881
0 864
0 467
0 764
0 878
0 672
0 621
0 791
0 708
0 870
0 673
0 1484
0 877
0 863
0 1207
0 766
0 606
0 686
0 797
0 888
0 1181
0 644
0 987
0 1044
0 1100
0 1104
0 951
0 1103
0 1412
0 708
0 811
0 634
0 668
0 956
0 870
0 1047
0 826
0 1203
0 603
0 809
0 948
0 1054
0 1285
0 569
0 1007
0 1238
0 705
0 1121
0 691
0 506
0 695
0 1193
0 1106
0 931
0 901
0 1005
0 1028
0 1000
0 1015
0 917
0 1123
0 801
0 1349
0 1361
0 798
0 610
0 845
0 837
0 367
0 987
0 569
0 1064
0 758
0 1354
0 726
0 293
0 731
0 571
0 1024
0 779
0 564
0 863
0 563
0 1348
0 1447
0 571
0 456
0 854
0 1206
0 1181
0 715
0 760
0 1232
0 830
0 1029
0 743
0 1091
0 553
0 669
0 784
0 1415
0 885
0 717
0 887
0 671
0 1565
0 927
0 922
0 343
0 1119
0 820
0 608
0 1197
0 544
0 956
0 807
0 1063
0 831
0 834
0 1037
0 1162
0 947
0 838
0 740
0 714
0 813
0 1167
0 684
0 1346
0 914
0 637
0 1326
0 903
0 633
0 1118
0 1051
0 563
0 710
0 973
0 1026
0 344
0 327
0 827
0 775
0 478
0 809
0 843
0 863
0 1145
0 1157
0 1105
0 1016
0 548
0 1337
0 978
0 961
0 922
0 685
0 637
0 725
0 703
0 114
0 159
0 1353
0 719
0 1087
0 958
0 912
0 829
0 905
0 964
0 925
0 1225
0 731
0 614
0 719
0 864
0 579
0 854
0 546
0 996
0 1073
0 872
0 1089
0 754
0 541
0 1020
0 1052
0 743
0 1036
0 777
0 690
0 209
0 1040
0 814
0 1172
0 675
0 1030
0 676
0 998
0 963
0 407
0 952
0 1086
0 1000
0 1326
0 1236
0 603
0 774
0 458
0 658
0 975
0 531
0 1097
0 1009
0 1038
0 1330
0 577
0 428
0 1383
0 424
0 1114
0 999
0 1022
0 809
0 970
0 1316
0 947
0 918
0 399
0 924
0 887
0 783
0 717
0 1029
0 960
0 934
0 724
0 902
0 1096
0 1045
0 1015
0 960
0 1134
0 478
0 1264
0 1239
0 304
0 1348
0 561
0 968
0 938
0 977
0 1145
0 1346
0 728
0 1159
0 769
0 409
0 331
0 895
0 905
0 638
0 859
0 285
0 546
0 1113
0 709
0 930
0 710
0 891
0 987
0 657
0 903
0 860
0 733
0 1266
0 967
0 1150
0 961
0 1178
0 759
0 519
0 707
0 728
0 615
0 410
0 1019
0 402
0 850
0 1357
0 1353
0 746
0 621
0 230
0 1129
0 1171
0 1432
0 772
0 704
0 829
0 898
0 675
0 661
0 633
0 918
0 543
0 776
0 1200
0 1020
0 1053
0 431
0 1228
0 1227
0 892
0 664
0 1044
0 670
0 1199
0 299
0 880
0 400
0 435
0 1051
0 724
0 470
0 394
0 894
0 463
0 712
0 1344
0 992
0 1057
0 579
0 292
0 1194
0 950
0 923
0 863
0 432
0 873
0 411
0 1436
0 921
0 635
0 922
0 508
0 974
0 840
0 317
0 892
0 1541
0 793
0 1070
0 717
0 1151
0 909
0 1095
0 124
0 1080
0 461
0 753
0 950
0 1218
0 668
0 810
0 600
0 465
0 1297
0 1166
0 955
0 1055
0 808
0 222
0 818
0 351
0 1253
0 813
0 579
0 1239
0 416
0 816
0 547
0 629
0 1188
0 766
0 963
0 1157
0 1125
0 1029
0 642
0 855
0 637
0 778
0 574
0 333
0 420
0 382
0 1019
0 1218
0 704
0 685
0 1193
0 774
0 611
0 646
0 943
0 659
0 224
0 1121
0 1006
0 640
0 1128
0 669
0 703
0 875
0 828
0 1290
0 881
0 998
0 789
0 998
0 1168
0 910
0 836
0 801
0 930
0 566
0 863
0 868
0 553
0 772
0 304
0 960
0 1037
0 953
0 638
0 1116
0 1311
0 1147
0 495
0 985
0 723
0 880
0 500
0 687
0 536
0 1014
0 1082
0 795
0 1098
0 1023
0 887
0 882
0 495
0 462
0 891
0 1048
0 994
0 777
0 605
0 607
0 808
0 580
0 1238
0 783
0 681
0 1099
0 742
0 1041
0 726
0 762
0 1291
0 1051
0 516
0 1289
0 969
0 993
0 888
0 655
0 853
0 404
0 516
0 1038
0 838
0 1049
0 805
0 665
0 487
0 897
0 1092
0 1046
0 377
0 602
0 943
0 1056
0 433
0 848
0 736
0 352
0 853
0 704
0 713
0 889
0 329
0 830
0 1031
0 781
0 858
0 988
0 735
0 956
0 500
0 742
0 1146
0 820
0 1404
0 528
0 705
0 833
0 682
0 886
0 881
0 706
0 262
0 1185
0 659
0 1048
0 1058
0 626
0 447
0 848
0 771
0 1355
0 922
0 635
0 846
0 962
0 1057
0 561
0 802
0 1238
0 928
0 807
0 605
0 874
0 879
0 645
0 1188
0 1071
0 241
0 780
0 877
0 444
0 616
0 1359
0 785
0 1080
0 810
0 1387
0 542
0 357
0 1140
0 678
0 539
0 891
0 1471
0 1134
0 709
0 491
0 817
0 807
0 1020
0 754
0 851
0 723
0 607
0 566
0 1158
0 877
0 597
0 1031
0 848
0 1394
0 1145
0 869
0 918
0 582
0 431
0 1338
0 642
0 788
0 698
0 733
0 671
0 965
0 1505
0 950
0 898
0 1072
0 302
0 1134
0 858
0 1075
0 686
0 744
0 686
0 941
0 920
0 838
0 146
0 595
0 1299
0 354
0 960
0 1169
0 686
0 1200
0 823
0 762
0 814
0 1205
0 825
0 796
0 762
0 743
0 238
0 801
0 818
0 755
0 1065
0 752
0 955
0 1079
0 1112
0 956
0 993
0 780
0 1089
0 689
0 1122
0 555
0 878
0 1268
0 1147
0 320
0 864
0 1292
0 228
0 532
0 1089
0 1062
0 618
0 1278
0 712
0 1188
0 946
0 608
0 941
0 935
0 755
0 483
0 683
0 579
0 747
0 929
0 734
0 521
0 836
0 609
0 999
0 799
0 1020
0 785
0 504
0 1028
0 822
0 483
0 597
0 356
0 864
0 1152
0 852
0 1068
0 877
0 438
0 605
0 501
0 879
0 984
0 947
0 878
0 497
0 458
0 514
0 737
0 1278
0 718
0 1087
0 1133
0 973
0 779
0 1147
0 946
0 980
0 616
0 726
0 1180
0 773
0 456
0 1218
0 1296
0 629
0 705
0 1137
0 1219
0 696
0 1065
0 681
0 818
0 1068
0 840
0 788
0 965
0 1226
0 938
0 498
0 1106
0 826
0 966
0 617
0 1077
0 713
0 645
0 962
0 1032
0 904
0 1184
0 759
0 394
0 1045
0 574
0 723
0 814
0 1142
0 691
0 1140
0 548
0 1294
0 1280
0 1021
0 1076
0 964
0 694
0 280
0 634
0 692
0 1018
0 1223
0 648
0 564
0 375
0 354
0 508
0 1255
0 68
0 872
0 952
0 842
0 1001
0 616
0 606
0 657
0 738
0 934
0 890
0 666
0 1195
0 1040
0 844
0 1158
0 775
0 929
0 1229
0 814
0 904
0 66
0 810
0 1124
0 1366
0 799
0 945
0 446
0 1142
0 466
0 518
0 476
0 768
0 1064
0 773
0 1197
0 1124
0 610
0 790
0 848
0 1232
0 705
0 931
0 765
0 394
0 687
0 539
0 922
0 804
0 635
0 740
0 1166
0 567
0 374
0 1287
0 584
0 672
0 915
0 901
0 444
0 1043
0 549
0 1077
0 704
0 926
0 1293
0 271
0 1137
0 754
0 1053
0 499
0 463
0 366
0 623
0 845
0 1187
0 820
0 1092
0 546
0 842
0 606
0 262
0 1018
0 885
0 895
0 443
0 769
0 846
0 616
0 1120
0 909
0 1181
0 1115
0 1099
0 1202
0 904
0 1053
0 847
0 782
0 306
0 710
0 1072
0 559
0 1277
0 874
0 1168
0 770
0 1275
0 905
0 935
0 278
0 1296
0 1152
0 1142
0 867
0 534
0 1068
0 528
0 844
0 547
0 1031
0 579
0 706
0 648
0 566
0 946
0 1163
0 1448
0 541
0 539
0 1212
0 883
0 1068
0 790
0 1041
0 1287
0 639
0 925
0 591
0 983
0 1242
0 1066
0 943
0 1016
0 862
0 625
0 1140
0 274
0 345
0 887
0 819
0 867
0 1106
0 1129
0 1361
0 833
0 649
0 658
0 1106
0 774
0 757
0 847
0 910
0 1074
0 1217
0 1196
0 1001
0 765
0 1074
0 921
0 868
0 205
0 561
0 908
0 937
0 763
0 209
0 384
0 729
0 1325
0 1032
0 857
0 579
0 1483
0 1281
0 1066
0 947
0 486
0 823
0 896
0 613
0 700
0 1133
0 1177
0 615
0 826
0 622
0 1088
0 863
0 1378
0 855
0 975
0 466
0 837
0 1015
0 1068
0 640
0 1052
0 1069
0 914
0 363
0 939
0 723
0 663
0 637
0 1288
0 882
0 815
0 1039
0 736
0 428
0 927
0 1093
0 967
0 699
0 822
0 400
0 1157
0 742
0 816
0 1032
0 542
0 816
0 1482
0 702
0 1156
0 684
0 556
0 1198
0 923
0 1354
0 771
0 1418
0 602
0 953
0 698
0 700
0 898
0 939
0 1005
0 169
0 572
0 811
0 679
0 473
0 414
0 1019
0 1369
0 507
0 411
0 950
0 1269
0 395
0 488
0 776
0 977
0 730
0 899
0 1376
0 837
0 437
0 593
0 1115
0 567
0 911
0 1104
0 916
0 371
0 632
0 351
0 1231
0 771
0 362
0 483
0 1284
0 147
0 978
0 993
0 1130
0 559
0 1141
0 106
0 689
0 1018
0 952
0 1109
0 1221
0 609
0 572
0 774
0 726
0 940
0 1022
0 1108
0 899
0 899
0 1150
0 637
0 777
0 1148
0 228
0 848
0 994
0 968
0 561
0 753
0 1362
0 454
0 295
0 841
0 809
0 672
0 840
0 509
0 757
0 544
0 929
0 615
0 1547
0 458
0 595
0 1030
0 779
0 1126
0 412
0 1018
0 907
0 865
0 580
0 936
0 636
0 154
0 826
0 392
0 473
0 253
0 944
0 761
0 747
0 796
0 964
0 409
0 398
0 419
0 591
0 124
0 714
0 1111
0 984
0 860
0 417
0 798
0 644
0 483
0 910
0 1419
0 1246
0 634
0 687
0 687
0 552
0 678
0 1304
0 959
0 964
0 1135
0 561
0 813
0 943
0 817
0 1277
0 1049
0 991
0 994
0 670
0 783
0 327
0 533
0 1115
0 304
0 865
0 820
0 353
0 1085
0 549
0 1178
0 1130
0 457
0 765
0 412
0 890
0 826
0 1103
0 808
0 262
0 919
0 1166
0 1136
0 1145
0 966
0 392
0 546
0 688
0 125
0 763
0 468
0 618
0 1242
0 832
0 730
0 310
0 859
0 584
0 1015
0 1018
0 1134
0 925
0 1430
0 1108
0 1106
0 1100
0 796
0 775
0 310
0 796
0 709
0 500
0 963
0 1065
0 991
0 1057
0 713
0 725
0 722
0 900
0 352
0 373
0 1052
0 746
0 876
0 888
0 754
0 449
0 925
0 1076
0 754
0 929
0 1053
0 1035
0 502
0 864
0 795
0 905
0 499
0 807
0 870
0 1222
0 531
0 554
0 1418
0 915
0 178
0 511
0 865
0 1386
0 1153
0 959
0 1062
0 1153
0 1316
0 264
0 1002
0 736
0 1075
0 772
0 1089
0 1281
0 873
0 819
0 989
0 1638
0 1028
0 575
0 354
0 921
0 688
0 521
0 525
0 689
0 829
0 984
0 899
0 974
0 1240
0 743
0 994
0 599
0 511
0 508
0 705
0 365
0 1148
0 818
0 850
0 1333
0 1355
0 666
0 574
0 785
0 809
0 1088
0 779
0 1274
0 1050
0 1008
0 510
0 803
0 950
0 760
0 1206
0 652
0 69
0 711
0 838
0 522
0 318
0 934
0 940
0 657
0 780
0 962
0 1001
0 903
0 893
0 1171
0 582
0 833
0 873
0 1224
0 808
0 837
0 616
0 688
0 959
0 448
0 887
0 400
0 647
0 737
0 1095
0 927
0 1321
0 926
0 583
0 899
0 1172
0 1032
0 1157
0 1020
0 1148
0 1078
0 1083
0 1169
0 882
0 875
0 964
0 491
0 459
0 448
0 511
0 1142
0 955
0 1087
0 946
0 876
0 699
0 900
0 891
0 775
0 768
0 329
0 1006
0 836
0 941
0 549
0 886
0 492
0 833
0 632
0 747
0 1204
0 809
0 894
0 717
0 928
0 1207
0 1221
0 832
0 769
0 840
0 929
0 736
0 788
0 943
0 526
0 480
0 1282
0 798
0 679
0 347
0 681
0 858
0 883
0 853
0 858
0 595
0 1209
0 1024
0 102
0 1162
0 897
0 1043
0 996
0 908
0 823
0 1065
0 789
0 751
0 601
0 527
0 479
0 510
0 282
0 629
0 473
0 898
0 536
0 592
0 1282
0 846
0 1158
0 896
0 758
0 1158
0 532
0 917
0 532
0 1214
0 767
0 859
0 931
0 819
0 858
0 711
0 995
0 1028
0 1086
0 453
0 963
0 1000
0 1149
0 842
0 917
0 744
0 1037
0 507
0 551
0 563
0 1277
0 1303
0 1135
0 859
0 772
0 798
0 564
0 610
0 576
0 996
0 522
0 940
0 733
0 822
0 860
0 833
0 1267
0 1312
0 851
0 631
0 648
0 1249
0 731
0 1191
0 727
0 711
0 1181
0 817
0 308
0 745
0 423
0 1027
0 542
0 1152
0 862
0 538
0 550
0 684
0 673
0 973
0 724
0 816
0 642
0 956
0 1025
0 800
0 893
0 822
0 898
0 1307
0 1048
0 676
0 1204
0 568
0 1163
0 606
0 956
0 291
0 882
0 430
0 903
0 1233
0 590
0 596
0 888
0 1080
0 516
0 893
0 494
0 1005
0 757
0 862
0 522
0 774
0 502
0 345
0 1336
0 788
0 887
0 1055
0 928
0 610
0 671
0 1476
0 684
0 807
0 892
0 1017
0 1038
0 1056
0 1158
0 949
0 831
0 360
0 651
0 928
0 332
0 717
0 796
0 871
0 501
0 800
0 796
0 537
0 410
0 795
0 956
0 847
0 320
0 578
0 1097
0 1034
0 1500
0 938
0 890
0 1017
0 1130
0 1066
0 1052
0 901
0 954
0 1318
0 1017
0 1065
0 1112
0 971
0 1088
0 956
0 424
0 1164
0 1010
0 691
0 726
0 863
0 777
0 1214
0 1099
0 358
0 856
0 1033
0 812
0 792
0 716
0 912
0 864
0 1168
0 894
0 529
0 307
0 863
0 313
0 598
0 1095
0 778
0 974
0 989
0 752
0 577
0 784
0 1288
0 477
0 842
0 983
0 916
0 905
0 343
0 463
0 936
0 822
0 214
0 791
0 1236
0 1146
0 570
0 837
0 580
0 1098
0 970
0 833
0 579
0 918
0 689
0 707
0 666
0 1122
0 1253
0 1134
0 934
0 650
0 375
0 799
0 860
0 758
0 1131
0 853
0 799
0 926
0 874
0 412
0 736
0 952
0 668
0 789
0 991
0 1434
0 1234
0 630
0 849
0 718
0 664
0 1040
0 1130
0 620
0 1363
0 1214
0 892
0 858
0 1158
0 1215
0 462
0 834
0 908
0 625
0 1026
0 1034
0 924
0 624
0 539
0 465
0 218
0 712
0 968
0 858
0 431
0 562
0 1173
0 754
0 636
0 201
0 496
0 1078
0 1076
0 501
0 460
0 1222
0 1142
0 591
0 1062
0 938
0 388
0 965
0 683
0 966
0 399
0 671
0 157
0 1060
0 1114
0 1185
0 728
0 798
0 1047
0 642
0 990
0 1191
0 863
0 855
0 765
0 770
0 1028
0 326
0 894
0 982
0 903
0 150
0 804
0 452
0 519
0 566
0 1095
0 667
0 934
0 795
0 922
0 931
0 627
0 392
0 1041
0 831
0 1238
0 1085
0 430
0 760
0 790
0 737
0 480
0 801
0 693
0 524
0 949
0 1145
0 796
0 592
0 962
0 505
0 950
0 361
0 1105
0 969
0 798
0 1135
0 958
0 1521
0 228
0 1005
0 857
0 847
0 817
0 425
0 742
0 1198
0 527
0 882
0 1092
0 714
0 628
0 600
0 812
0 1043
0 992
0 888
0 831
0 1037
0 385
0 918
0 1178
0 1092
0 708
0 356
0 942
0 965
0 495
0 973
0 722
0 704
0 520
0 1001
0 864
0 633
0 1398
0 447
0 880
0 837
0 312
0 772
0 1100
0 1098
0 981
0 530
0 1004
0 1048
0 415
0 594
0 548
0 606
0 1068
0 675
0 837
0 1160
0 865
0 742
0 810
0 856
0 859
0 880
0 1324
0 824
0 1065
0 1187
0 716
0 290
0 685
0 1064
0 883
0 786
0 1205
0 914
0 414
0 605
0 563
0 985
0 814
0 1180
0 823
0 407
0 709
0 1048
0 1082
0 902
0 543
0 650
0 647
0 743
0 1171
0 1300
0 844
0 1001
0 783
0 764
0 1059
0 774
0 1300
0 367
0 1031
0 647
0 991
0 484
0 934
0 1651
0 1033
0 888
0 1375
0 856
0 1165
0 874
0 683
0 1001
0 1090
0 1178
0 1164
0 680
0 1166
0 1056
0 578
0 1051
0 436
0 637
0 610
0 1034
0 931
0 766
0 862
0 457
0 948
0 1236
0 837
0 635
0 519
0 668
0 1009
0 260
0 638
0 795
0 912
0 544
0 630
0 715
0 602
0 1218
0 981
0 648
0 855
0 992
0 1003
0 1083
0 711
0 698
0 781
0 1294
0 1190
0 1455
0 1063
0 877
0 1224
0 769
0 896
0 807
0 1113
0 1280
0 514
0 1093
0 723
0 745
0 437
0 767
0 875
0 889
0 1169
0 1099
0 518
0 669
0 1163
0 883
0 453
0 727
0 961
0 909
0 1078
0 1268
0 1209
0 875
0 1055
0 395
0 717
0 568
0 923
0 738
0 470
0 1377
0 735
0 827
0 287
0 1250
0 937
0 1084
0 453
0 594
0 623
0 843
0 753
0 728
0 431
0 1167
0 1179
0 242
0 1229
0 1112
0 1004
0 712
0 833
0 894
0 1168
0 970
0 844
0 927
0 1270
0 698
0 1324
0 463
0 689
0 725
0 929
0 1024
0 1112
0 939
0 1066
0 870
0 620
0 528
0 581
0 715
0 867
0 1455
0 578
0 1138
0 865
0 769
0 1091
0 443
0 485
0 796
0 582
0 510
0 881
0 891
0 528
0 1033
0 1275
0 580
0 638
0 1031
0 268
0 1030
0 859
0 1003
0 760
0 943
0 914
0 555
0 1000
0 775
0 497
0 698
0 770
0 532
0 122
0 1014
0 671
0 1124
0 666
0 1130
0 304
0 978
0 736
0 685
0 1232
0 882
0 644
0 1182
0 600
0 992
0 457
0 824
0 819
0 830
0 232
0 1267
0 719
0 772
0 754
0 469
0 362
0 1198
0 284
0 1048
0 131
0 916
0 935
0 838
0 606
0 633
0 1097
0 1215
0 925
0 843
0 860
0 1100
0 770
0 1015
0 810
0 1050
0 974
0 1014
0 726
0 531
0 893
0 782
0 809
0 731
0 623
0 473
0 1257
0 900
0 767
0 690
0 1098
0 1033
0 981
0 714
0 950
0 733
0 1222
0 1310
0 673
0 389
0 998
0 813
0 887
0 869
0 714
0 909
0 1526
0 1262
0 458
0 864
0 668
0 830
0 682
0 934
0 769
0 1004
0 1088
0 1453
0 850
0 373
0 728
0 1067
0 790
0 1089
0 587
0 781
0 836
0 763
0 445
0 1050
0 734
0 948
0 984
0 713
0 685
0 536
0 1059
0 545
0 1054
0 680
0 1272
0 705
0 677
0 420
0 723
0 1154
0 354
0 663
0 654
0 990
0 627
0 911
0 1018
0 943
0 452
0 739
0 1162
0 1325
0 519
0 574
0 841
0 1140
0 857
0 1009
0 1268
0 775
0 933
0 275
0 602
0 978
0 1019
0 1077
0 690
0 987
0 749
0 1133
0 882
0 1363
0 746
0 787
0 1050
0 1011
0 1249
0 222
0 497
0 941
0 547
0 138
0 995
0 343
0 803
0 906
0 1117
0 353
0 1174
0 1167
0 686
0 1101
0 1183
0 917
0 847
0 884
0 1030
0 584
0 844
0 722
0 1097
0 1114
0 977
0 1240
0 557
0 707
0 1221
0 519
0 815
0 437
0 1326
0 927
0 1119
0 703
0 960
0 471
0 989
0 1043
0 1242
0 887
0 897
0 961
0 760
0 1176
0 958
0 1041
0 945
0 825
0 1132
0 412
0 1336
0 719
0 793
0 694
0 678
0 662
0 1070
0 1005
0 944
0 1053
0 578
0 547
0 931
0 905
0 469
0 971
0 900
0 1179
0 685
0 494
0 724
0 1279
0 979
0 602
0 1078
0 1118
0 976
0 918
0 999
0 1180
0 913
0 659
0 838
0 1060
0 1033
0 601
0 910
0 814
0 713
0 995
0 919
0 406
0 1369
0 566
0 1232
0 848
0 1006
0 829
0 995
0 369
0 1130
0 663
0 595
0 859
0 577
0 864
0 1479
0 880
0 674
0 1081
0 608
0 459
0 1069
0 851
0 799
0 789
0 677
0 436
0 1177
0 883
0 1237
0 932
0 1060
0 1094
0 1052
0 1245
0 471
0 757
0 965
0 1229
0 645
0 348
0 839
0 598
0 616
0 1145
0 1042
0 1077
0 1073
0 695
0 916
0 997
0 572
0 1028
0 1114
0 809
0 1143
0 1690
0 775
0 879
0 627
0 1041
0 279
0 1248
0 714
0 535
0 1061
0 677
0 624
0 1128
0 531
0 878
0 1087
0 945
0 1045
0 862
0 387
0 702
0 1073
0 1016
0 728
0 421
0 838
0 930
0 1363
0 947
0 760
0 709
0 979
0 732
0 752
0 1385
0 816
0 449
0 1166
0 786
0 1122
0 1133
0 629
0 668
0 1217
0 949
0 755
0 487
0 567
