# SA for random K-SAT
# K = 3   N = 512   M = 1792   seed = 504263363
# alpha = 3.500000   nIter = 4096  Tmax = 0.200000
# 1:lowestUnsat  2:runTime
0 237
0 26
0 178
0 33
0 41
0 39
0 67
0 96
0 83
0 86
0 27
0 58
0 16
0 41
0 26
0 27
0 30
0 81
0 26
0 25
0 43
0 66
0 80
0 71
0 90
0 84
0 48
0 76
0 83
0 76
0 32
0 21
0 116
0 65
0 36
0 217
0 65
0 39
0 93
0 28
0 99
0 58
0 106
0 19
0 172
0 68
0 63
0 127
0 123
0 86
0 69
0 58
0 104
0 15
0 32
0 102
0 81
0 83
0 31
0 61
0 54
0 127
0 62
0 38
0 31
0 58
0 74
0 92
0 126
0 64
0 94
0 177
0 25
0 24
0 15
0 80
0 41
0 49
0 104
0 41
0 161
0 19
0 61
0 108
0 13
0 39
0 22
0 54
0 40
0 236
0 39
0 37
0 67
0 11
0 33
0 10
0 53
0 73
0 32
0 18
0 42
0 63
0 33
0 147
0 71
0 50
0 36
0 55
0 29
0 128
0 126
0 64
0 75
0 81
0 62
0 64
0 24
0 18
0 38
0 28
0 261
0 27
0 59
0 385
0 37
0 206
0 95
0 83
0 35
0 60
0 156
0 36
0 47
0 116
0 38
0 52
0 41
0 12
0 33
0 22
0 79
0 81
0 80
0 45
0 139
0 59
0 28
0 61
0 10
0 46
0 158
0 23
0 21
0 32
0 108
0 109
0 34
0 80
0 105
0 58
0 28
0 32
0 131
0 46
0 50
0 242
0 40
0 27
0 26
0 17
0 106
0 63
0 45
0 53
0 100
0 14
0 216
0 57
0 66
0 26
0 64
0 16
0 22
0 14
0 16
0 71
0 30
0 15
0 28
0 155
0 29
0 183
0 61
0 71
0 30
0 54
0 28
0 58
0 75
0 124
0 28
0 15
0 249
0 26
0 32
0 377
0 110
0 27
0 34
0 41
0 56
0 63
0 54
0 21
0 27
0 24
0 123
0 103
0 78
0 125
0 95
0 57
0 125
0 25
0 116
0 18
0 28
0 28
0 25
0 126
0 85
0 65
0 46
0 25
0 32
0 28
0 41
0 39
0 103
0 59
0 34
0 96
0 30
0 49
0 98
0 114
0 21
0 14
0 90
0 150
0 25
0 62
0 148
0 72
0 31
0 118
0 45
0 62
0 35
0 71
0 56
0 50
0 25
0 20
0 46
0 117
0 44
0 55
0 63
0 59
0 18
0 103
0 20
0 110
0 82
0 60
0 98
0 16
0 30
0 69
0 64
0 49
0 21
0 57
0 115
0 39
0 66
0 79
0 18
0 44
0 57
0 67
0 91
0 30
0 49
0 31
0 75
0 44
0 52
0 21
0 72
0 104
0 36
0 85
0 161
0 62
0 143
0 36
0 42
0 25
0 85
0 247
0 97
0 25
0 79
0 89
0 19
0 36
0 156
0 20
0 109
0 22
0 76
0 87
0 53
0 66
0 85
0 132
0 63
0 34
0 17
0 129
0 57
0 97
0 214
0 27
0 100
0 62
0 55
0 16
0 87
0 18
0 15
0 55
0 58
0 141
0 51
0 87
0 16
0 57
0 50
0 79
0 78
0 19
0 57
0 39
0 66
0 57
0 41
0 32
0 80
0 60
0 106
0 101
0 198
0 23
0 27
0 24
0 117
0 8
0 15
0 156
0 16
0 20
0 18
0 104
0 48
0 40
0 41
0 81
0 47
0 30
0 85
0 161
0 93
0 93
0 87
0 26
0 15
0 30
0 73
0 89
0 15
0 66
0 40
0 35
0 55
0 73
0 21
0 47
0 68
0 35
0 119
0 41
0 220
0 205
0 39
0 60
0 81
0 76
0 52
0 133
0 24
0 57
0 38
0 28
0 45
0 67
0 101
0 56
0 35
0 21
0 100
0 114
0 81
0 55
0 38
0 38
0 25
0 57
0 41
0 149
0 138
0 48
0 116
0 43
0 34
0 112
0 37
0 59
0 46
0 119
0 51
0 25
0 64
0 104
0 113
0 60
0 323
0 221
0 20
0 150
0 55
0 85
0 58
0 56
0 60
0 16
0 91
0 30
0 62
0 50
0 29
0 79
0 25
0 34
0 66
0 46
0 15
0 34
0 109
0 75
0 41
0 76
0 7
0 63
0 25
0 109
0 24
0 66
0 52
0 174
0 55
0 211
0 97
0 74
0 42
0 112
0 74
0 22
0 61
0 67
0 22
0 51
0 89
0 161
0 154
0 84
0 85
0 47
0 6
0 58
0 116
0 66
0 123
0 44
0 54
0 114
0 48
0 73
0 68
0 106
0 158
0 24
0 24
0 17
0 52
0 35
0 20
0 26
0 33
0 46
0 30
0 110
0 55
0 57
0 82
0 45
0 88
0 32
0 23
0 120
0 29
0 48
0 49
0 60
0 84
0 179
0 24
0 81
0 121
0 23
0 68
0 42
0 19
0 92
0 49
0 49
0 103
0 64
0 122
0 116
0 35
0 141
0 46
0 121
0 42
0 128
0 102
0 52
0 11
0 35
0 62
0 64
0 51
0 95
0 157
0 68
0 72
0 28
0 16
0 37
0 21
0 14
0 25
0 55
0 84
0 70
0 106
0 66
0 23
0 48
0 23
0 84
0 30
0 83
0 30
0 86
0 24
0 136
0 76
0 15
0 94
0 93
0 70
0 29
0 26
0 66
0 46
0 196
0 52
0 13
0 53
0 43
0 153
0 76
0 183
0 92
0 66
0 103
0 126
0 246
0 72
0 30
0 58
0 100
0 20
0 21
0 190
0 82
0 257
0 38
0 35
0 13
0 39
0 68
0 65
0 38
0 39
0 29
0 124
0 27
0 36
0 80
0 30
0 147
0 60
0 19
0 68
0 56
0 69
0 23
0 41
0 79
0 51
0 14
0 75
0 44
0 25
0 29
0 30
0 578
0 25
0 46
0 319
0 40
0 72
0 28
0 36
0 56
0 95
0 48
0 25
0 42
0 26
0 167
0 79
0 107
0 45
0 95
0 81
0 16
0 222
0 45
0 17
0 141
0 42
0 20
0 58
0 28
0 49
0 156
0 35
0 18
0 41
0 92
0 63
0 41
0 42
0 49
0 45
0 76
0 152
0 59
0 17
0 308
0 106
0 47
0 88
0 20
0 59
0 24
0 23
0 238
0 83
0 114
0 131
0 237
0 69
0 60
0 99
0 31
0 92
0 157
0 199
0 106
0 27
0 16
0 47
0 141
0 45
0 20
0 25
0 77
0 29
0 153
0 231
0 181
0 79
0 46
0 82
0 63
0 36
0 69
0 51
0 45
0 71
0 19
0 38
0 18
0 47
0 63
0 32
0 38
0 46
0 143
0 33
0 36
0 51
0 70
0 39
0 26
0 88
0 54
0 20
0 29
0 73
0 43
0 141
0 170
0 39
0 53
0 27
0 26
0 56
0 292
0 51
0 37
0 112
0 146
0 106
0 26
0 69
0 23
0 65
0 179
0 81
0 152
0 45
0 34
0 12
0 95
0 113
0 120
0 137
0 22
0 71
0 84
0 104
0 101
0 11
0 16
0 15
0 73
0 11
0 22
0 17
0 60
0 27
0 47
0 67
0 111
0 78
0 118
0 83
0 157
0 13
0 28
0 137
0 100
0 47
0 33
0 11
0 237
0 37
0 90
0 57
0 32
0 18
0 75
0 166
0 17
0 55
0 55
0 37
0 19
0 154
0 26
0 23
0 33
0 94
0 59
0 93
0 96
0 41
0 161
0 122
0 67
0 41
0 95
0 23
0 26
0 35
0 96
0 22
0 18
0 66
0 118
0 60
0 62
0 133
0 39
0 120
0 151
0 177
0 114
0 33
0 67
0 67
0 52
0 41
0 136
0 93
0 62
0 30
0 145
0 125
0 57
0 25
0 86
0 69
0 14
0 39
0 136
0 64
0 79
0 19
0 113
0 197
0 78
0 31
0 61
0 92
0 13
0 17
0 30
0 38
0 243
0 235
0 77
0 33
0 219
0 14
0 11
0 58
0 28
0 71
0 30
0 53
0 75
0 22
0 48
0 9
0 91
0 248
0 135
0 32
0 15
0 157
0 38
0 28
0 25
0 42
0 32
0 96
0 55
0 25
0 28
0 88
0 9
0 66
0 257
0 30
0 234
0 61
0 110
0 38
0 36
0 80
0 99
0 28
0 46
0 50
0 65
0 44
0 27
0 34
0 23
0 127
0 37
0 65
0 168
0 154
0 60
0 49
0 108
0 20
0 28
0 19
0 52
0 31
0 55
0 53
0 23
0 112
0 23
0 93
0 24
0 67
0 34
0 34
0 59
0 11
0 97
0 49
0 21
0 81
0 210
0 40
0 141
0 79
0 69
0 85
0 17
0 30
0 61
0 71
0 57
0 38
0 67
0 73
0 22
0 48
0 95
0 22
0 32
0 294
0 38
0 88
0 90
0 86
0 79
0 12
0 29
0 56
0 175
0 116
0 12
0 30
0 47
0 122
0 40
0 58
0 14
0 18
0 99
0 16
0 40
0 56
0 71
0 125
0 128
0 30
0 36
0 40
0 36
0 123
0 58
0 16
0 28
0 81
0 12
0 58
0 57
0 33
0 34
0 43
0 44
0 10
0 23
0 17
0 136
0 66
0 43
0 19
0 16
0 90
0 22
0 82
0 151
0 23
0 158
0 42
0 45
0 61
0 84
0 126
0 99
0 25
0 60
0 46
0 19
0 71
0 28
0 140
0 92
0 18
0 33
0 49
0 28
0 48
0 147
0 39
0 56
0 53
0 18
0 9
0 55
0 45
0 14
0 36
0 124
0 146
0 14
0 72
0 18
0 25
0 108
0 53
0 108
0 30
0 58
0 92
0 41
0 96
0 46
0 44
0 38
0 15
0 81
0 56
0 31
0 21
0 52
0 90
0 46
0 94
0 102
0 59
0 43
0 57
0 48
0 60
0 205
0 169
0 83
0 74
0 42
0 34
0 31
0 67
0 74
0 47
0 19
0 178
0 32
0 145
0 44
0 47
0 28
0 83
0 33
0 20
0 39
0 40
0 36
0 150
0 16
0 40
0 28
0 167
0 33
0 31
0 104
0 32
0 13
0 51
0 26
0 31
0 76
0 46
0 33
0 79
0 133
0 82
0 19
0 27
0 110
0 40
0 44
0 42
0 11
0 46
0 35
0 98
0 24
0 40
0 327
0 112
0 101
0 71
0 42
0 22
0 9
0 110
0 115
0 44
0 44
0 19
0 101
0 106
0 180
0 371
0 68
0 31
0 68
0 42
0 48
0 48
0 51
0 30
0 39
0 57
0 58
0 167
0 81
0 62
0 143
0 45
0 63
0 48
0 46
0 37
0 132
0 69
0 48
0 58
0 82
0 53
0 44
0 72
0 43
0 26
0 25
0 72
0 11
0 31
0 32
0 350
0 93
0 37
0 42
0 26
0 21
0 42
0 25
0 49
0 21
0 35
0 108
0 12
0 33
0 114
0 77
0 74
0 67
0 184
0 95
0 20
0 89
0 91
0 23
0 180
0 47
0 86
0 198
0 60
0 18
0 94
0 21
0 76
0 106
0 63
0 26
0 37
0 47
0 31
0 147
0 61
0 236
0 37
0 185
0 174
0 407
0 24
0 100
0 72
0 42
0 48
0 38
0 153
0 24
0 243
0 62
0 46
0 64
0 17
0 78
0 49
0 83
0 44
0 66
0 70
0 145
0 14
0 63
0 68
0 17
0 24
0 103
0 202
0 49
0 102
0 129
0 43
0 48
0 12
0 14
0 77
0 17
0 26
0 50
0 57
0 68
0 26
0 103
0 25
0 111
0 34
0 15
0 83
0 34
0 61
0 76
0 112
0 79
0 23
0 118
0 27
0 60
0 79
0 29
0 75
0 88
0 70
0 70
0 93
0 20
0 34
0 51
0 27
0 54
0 31
0 45
0 53
0 22
0 75
0 128
0 28
0 36
0 51
0 125
0 21
0 52
0 20
0 338
0 64
0 102
0 49
0 68
0 60
0 16
0 80
0 94
0 81
0 52
0 30
0 39
0 27
0 89
0 117
0 18
0 67
0 65
0 87
0 32
0 21
0 120
0 68
0 59
0 99
0 29
0 30
0 62
0 107
0 140
0 43
0 28
0 42
0 43
0 58
0 176
0 17
0 23
0 122
0 27
0 38
0 29
0 25
0 23
0 266
0 80
0 76
0 45
0 48
0 213
0 66
0 69
0 51
0 90
0 15
0 103
0 18
0 52
0 31
0 40
0 27
0 35
0 65
0 38
0 71
0 29
0 43
0 51
0 50
0 29
0 29
0 175
0 72
0 29
0 50
0 127
0 18
0 48
0 40
0 57
0 40
0 27
0 105
0 17
0 158
0 18
0 128
0 44
0 19
0 89
0 49
0 62
0 212
0 33
0 15
0 29
0 50
0 61
0 58
0 24
0 277
0 51
0 59
0 38
0 31
0 98
0 71
0 10
0 12
0 92
0 35
0 76
0 26
0 64
0 17
0 18
0 49
0 31
0 103
0 39
0 22
0 34
0 225
0 56
0 87
0 69
0 136
0 74
0 52
0 113
0 44
0 58
0 138
0 78
0 21
0 47
0 13
0 74
0 111
0 28
0 95
0 56
0 64
0 73
0 397
0 19
0 29
0 59
0 140
0 90
0 147
0 75
0 92
0 51
0 93
0 119
0 139
0 146
0 84
0 94
0 133
0 193
0 115
0 89
0 21
0 35
0 54
0 115
0 61
0 151
0 30
0 96
0 55
0 117
0 42
0 64
0 156
0 57
0 125
0 65
0 31
0 17
0 45
0 128
0 31
0 50
0 25
0 35
0 29
0 120
0 69
0 52
0 156
0 39
0 287
0 75
0 98
0 90
0 61
0 29
0 34
0 36
0 131
0 23
0 30
0 106
0 72
0 47
0 19
0 201
0 48
0 48
0 54
0 14
0 61
0 54
0 105
0 51
0 246
0 34
0 49
0 70
0 117
0 33
0 173
0 30
0 138
0 76
0 87
0 87
0 29
0 187
0 79
0 53
0 19
0 23
0 80
0 70
0 49
0 84
0 67
0 14
0 128
0 170
0 29
0 92
0 34
0 117
0 73
0 56
0 59
0 121
0 47
0 34
0 39
0 13
0 65
0 11
0 20
0 30
0 81
0 29
0 47
0 110
0 74
0 183
0 22
0 135
0 34
0 23
0 66
0 39
0 138
0 53
0 119
0 140
0 16
0 32
0 52
0 34
0 47
0 76
0 121
0 28
0 59
0 177
0 51
0 20
0 122
0 121
0 82
0 258
0 21
0 36
0 75
0 62
0 93
0 36
0 74
0 22
0 16
0 186
0 74
0 15
0 25
0 97
0 89
0 32
0 226
0 107
0 19
0 22
0 79
0 124
0 141
0 101
0 24
0 24
0 62
0 64
0 54
0 30
0 139
0 38
0 87
0 152
0 32
0 34
0 49
0 36
0 65
0 58
0 313
0 18
0 32
0 102
0 64
0 32
0 306
0 38
0 60
0 9
0 77
0 62
0 54
0 55
0 49
0 108
0 32
0 206
0 158
0 54
0 70
0 41
0 65
0 25
0 40
0 48
0 42
0 72
0 85
0 47
0 14
0 15
0 25
0 41
0 154
0 93
0 36
0 105
0 28
0 23
0 132
0 95
0 162
0 148
0 40
0 52
0 143
0 128
0 67
0 28
0 113
0 93
0 20
0 21
0 45
0 226
0 19
0 30
0 23
0 83
0 29
0 30
0 112
0 110
0 13
0 55
0 60
0 79
0 109
0 142
0 48
0 19
0 27
0 69
0 61
0 36
0 45
0 30
0 21
0 31
0 45
0 115
0 72
0 69
0 31
0 77
0 69
0 55
0 194
0 51
0 195
0 23
0 36
0 78
0 43
0 26
0 35
0 52
0 98
0 160
0 72
0 50
0 67
0 43
0 11
0 11
0 175
0 52
0 137
0 39
0 139
0 24
0 257
0 30
0 25
0 47
0 26
0 79
0 52
0 22
0 24
0 66
0 48
0 49
0 34
0 103
0 179
0 31
0 46
0 72
0 97
0 80
0 13
0 83
0 56
0 36
0 115
0 29
0 47
0 247
0 134
0 62
0 93
0 12
0 74
0 11
0 75
0 33
0 51
0 39
0 44
0 246
0 31
0 16
0 128
0 19
0 88
0 89
0 19
0 61
0 195
0 28
0 63
0 44
0 92
0 143
0 31
0 76
0 57
0 36
0 49
0 94
0 39
0 61
0 142
0 53
0 12
0 100
0 92
0 22
0 94
0 50
0 147
0 37
0 46
0 167
0 9
0 64
0 120
0 56
0 41
0 43
0 232
0 328
0 97
0 43
0 137
0 30
0 181
0 22
0 41
0 156
0 92
0 34
0 96
0 45
0 122
0 108
0 237
0 107
0 73
0 97
0 43
0 51
0 11
0 137
0 53
0 65
0 28
0 65
0 92
0 31
0 102
0 117
0 29
0 139
0 71
0 30
0 29
0 79
0 33
0 185
0 19
0 42
0 25
0 135
0 35
0 23
0 141
0 55
0 53
0 36
0 28
0 55
0 71
0 80
0 40
0 91
0 46
0 46
0 50
0 48
0 36
0 21
0 31
0 152
0 57
0 59
0 13
0 52
0 99
0 38
0 204
0 50
0 281
0 25
0 72
0 287
0 36
0 97
0 47
0 52
0 59
0 75
0 68
0 36
0 25
0 74
0 198
0 191
0 94
0 183
0 47
0 24
0 70
0 122
0 40
0 64
0 34
0 20
0 79
0 59
0 31
0 94
0 49
0 77
0 69
0 59
0 101
0 88
0 80
0 132
0 108
0 155
0 92
0 52
0 71
0 100
0 117
0 44
0 91
0 85
0 65
0 21
0 94
0 170
0 86
0 72
0 22
0 29
0 30
0 22
0 41
0 159
0 104
0 19
0 210
0 27
0 17
0 124
0 12
0 254
0 36
0 41
0 55
0 87
0 23
0 141
0 113
0 123
0 75
0 31
0 43
0 6
0 69
0 64
0 44
0 269
0 165
0 73
0 24
0 43
0 58
0 105
0 59
0 14
0 99
0 97
0 78
0 193
0 50
0 20
0 51
0 82
0 14
0 10
0 143
0 125
0 24
0 16
0 139
0 78
0 29
0 21
0 121
0 42
0 18
0 29
0 52
0 33
0 7
0 40
0 32
0 61
0 151
0 51
0 33
0 59
0 40
0 37
0 64
0 107
0 50
0 20
0 19
0 33
0 133
0 78
0 142
0 148
0 33
0 72
0 161
0 44
0 100
0 58
0 51
0 85
0 84
0 86
0 35
0 40
0 46
0 27
0 47
0 16
0 86
0 79
0 21
0 115
0 125
0 43
0 45
0 21
0 234
0 81
0 200
0 23
0 108
0 35
0 35
0 155
0 46
0 26
0 79
0 44
0 67
0 99
0 67
0 20
0 46
0 44
0 29
0 20
0 14
0 102
0 41
0 160
0 144
0 76
0 75
0 45
0 45
0 29
0 101
0 62
0 88
0 42
0 247
0 17
0 28
0 138
0 28
0 91
0 27
0 13
0 67
0 47
0 30
0 49
0 188
0 15
0 98
0 73
0 64
0 225
0 33
0 22
0 149
0 53
0 63
0 87
0 36
0 14
0 17
0 82
0 92
0 40
0 338
0 25
0 21
0 152
0 46
0 39
0 65
0 49
0 35
0 75
0 102
0 18
0 154
0 58
0 83
0 58
0 30
0 47
0 65
0 23
0 124
0 173
0 22
0 88
0 39
0 24
0 30
0 18
0 70
0 66
0 239
0 31
0 24
0 40
0 117
0 18
0 21
0 80
0 37
0 59
0 54
0 13
0 127
0 187
0 136
0 40
0 68
0 27
0 101
0 74
0 45
0 84
0 53
0 57
0 106
0 180
0 23
0 91
0 44
0 168
0 35
0 39
0 76
0 57
0 191
0 100
0 44
0 28
0 88
0 25
0 198
0 27
0 180
0 44
0 179
0 68
0 68
0 94
0 63
0 13
0 111
0 173
0 161
0 33
0 14
0 25
0 14
0 48
0 24
0 27
0 74
0 22
0 36
0 65
0 105
0 53
0 62
0 75
0 33
0 61
0 46
0 51
0 43
0 64
0 17
0 61
0 19
0 65
0 58
0 27
0 98
0 23
0 151
0 69
0 10
0 63
0 56
0 44
0 62
0 65
0 40
0 73
0 35
0 69
0 36
0 23
0 16
0 52
0 26
0 55
0 63
0 109
0 65
0 59
0 124
0 120
0 74
0 56
0 65
0 89
0 53
0 27
0 35
0 70
0 35
0 37
0 15
0 12
0 83
0 92
0 29
0 226
0 62
0 11
0 144
0 66
0 50
0 78
0 155
0 100
0 88
0 78
0 12
0 43
0 28
0 35
0 167
0 42
0 83
0 91
0 36
0 29
0 18
0 26
0 79
0 29
0 23
0 41
0 56
0 14
0 61
0 57
0 99
0 143
0 104
0 80
0 39
0 63
0 36
0 37
0 43
0 37
0 35
0 18
0 122
0 81
0 68
0 58
0 24
0 46
0 97
0 65
0 34
0 135
0 24
0 56
0 71
0 70
0 98
0 55
0 219
0 42
0 46
0 51
0 44
0 10
0 17
0 39
0 239
0 57
0 34
0 153
0 71
0 167
0 39
0 37
0 82
0 23
0 84
0 218
0 56
0 214
0 59
0 16
0 54
0 42
0 52
0 19
0 18
0 46
0 45
0 34
0 139
0 54
0 21
0 64
0 117
0 45
0 106
0 75
0 46
0 75
0 63
0 61
0 75
0 46
0 42
0 292
0 284
0 51
0 29
0 67
0 66
0 326
0 109
0 20
0 239
0 33
0 35
0 79
0 46
0 60
0 46
0 42
0 24
0 35
0 57
0 51
0 27
0 27
0 94
0 47
0 65
0 12
0 23
0 48
0 54
0 47
0 179
0 46
0 28
0 25
0 40
0 13
0 128
0 22
0 19
0 73
0 70
0 27
0 88
0 179
0 51
0 22
0 112
0 56
0 63
0 100
0 35
0 167
0 36
0 102
0 47
0 18
0 27
0 85
0 172
0 34
0 118
0 30
0 16
0 77
0 60
0 50
0 105
0 141
0 37
0 117
0 168
0 46
0 33
0 54
0 19
0 44
0 54
0 63
0 54
0 104
0 51
0 109
0 44
0 41
0 42
0 52
0 146
0 65
0 34
0 114
0 111
0 60
0 87
0 76
0 99
0 23
0 106
0 121
0 18
0 46
0 84
0 155
0 73
0 25
0 61
0 37
0 12
0 128
0 92
0 64
0 50
0 31
0 53
0 68
0 64
0 37
0 101
0 24
0 107
0 72
0 144
0 125
0 72
0 59
0 68
0 44
0 55
0 124
0 101
0 51
0 126
0 41
0 24
0 45
0 36
0 82
0 95
0 134
0 60
0 28
0 35
0 56
0 63
0 146
0 19
0 16
0 73
0 56
0 102
0 128
0 64
0 32
0 23
0 66
0 239
0 33
0 39
0 41
0 40
0 25
0 91
0 82
0 11
0 131
0 132
0 185
0 44
0 34
0 93
0 25
0 83
0 40
0 41
0 76
0 35
0 59
0 148
0 53
0 35
0 22
0 55
0 64
0 71
0 114
0 37
0 69
0 59
0 116
0 267
0 33
0 161
0 51
0 120
0 62
0 42
0 108
0 51
0 17
0 39
0 25
0 113
0 24
0 92
0 68
0 42
0 62
0 22
0 47
0 28
0 32
0 45
0 54
0 99
0 301
0 53
0 125
0 56
0 485
0 44
0 157
0 99
0 40
0 66
0 97
0 56
0 46
0 67
0 31
0 44
0 20
0 60
0 120
0 68
0 25
0 80
0 36
0 55
0 47
0 31
0 27
0 82
0 36
0 101
0 28
0 129
0 129
0 46
0 61
0 43
0 62
0 201
0 87
0 99
0 33
0 44
0 43
0 57
0 23
0 44
0 69
0 17
0 21
0 24
0 78
0 19
0 10
0 37
0 50
0 172
0 34
0 169
0 26
0 15
0 35
0 33
0 55
0 122
0 28
0 66
0 70
0 29
0 20
0 28
0 16
0 13
0 17
0 36
0 86
0 291
0 53
0 92
0 87
0 63
0 38
0 71
0 123
0 258
0 94
0 29
0 53
0 80
0 16
0 62
0 7
0 39
0 88
0 29
0 55
0 27
0 27
0 107
0 56
0 60
0 80
0 45
0 94
0 25
0 60
0 54
0 31
0 133
0 77
0 59
0 89
0 34
0 180
0 44
0 58
0 65
0 27
0 126
0 26
0 62
0 25
0 99
0 104
0 54
0 182
0 74
0 28
0 52
0 39
0 86
0 63
0 12
0 100
0 22
0 110
0 69
0 87
0 23
0 55
0 92
0 68
0 31
0 209
0 40
0 20
0 27
0 27
0 44
0 68
0 36
0 118
0 16
0 75
0 95
0 95
0 85
0 25
0 333
0 88
0 169
0 144
0 38
0 55
0 145
0 135
0 84
0 49
0 43
0 22
0 14
0 72
0 27
0 40
0 132
0 25
0 32
0 136
0 31
0 24
0 98
0 42
0 37
0 46
0 134
0 97
0 190
0 85
0 160
0 101
0 61
0 29
0 74
0 50
0 65
0 76
0 49
0 97
0 57
0 74
0 87
0 71
0 15
0 137
0 13
0 21
0 69
0 71
0 28
0 27
0 74
0 78
0 33
0 44
0 50
0 39
0 123
0 60
0 43
0 169
0 65
0 46
0 109
0 51
0 34
0 96
0 119
0 20
0 80
0 48
0 145
0 88
0 65
0 29
0 144
0 33
0 89
0 145
0 19
0 40
0 38
0 51
0 83
0 50
0 112
0 39
0 32
0 31
0 69
0 52
0 54
0 149
0 67
0 109
0 47
0 75
0 44
0 26
0 79
0 72
0 24
0 29
0 62
0 7
0 101
0 97
0 50
0 37
0 84
0 51
0 75
0 23
0 41
0 74
0 97
0 55
0 90
0 68
0 95
0 236
0 17
0 166
0 60
0 93
0 38
0 44
0 127
0 164
0 12
0 59
0 71
0 89
0 31
0 28
0 81
0 180
0 52
0 161
0 17
0 114
0 67
0 11
0 39
0 63
0 14
0 22
0 49
0 55
0 39
0 23
0 66
0 62
0 95
0 141
0 44
0 39
0 10
0 32
0 109
0 60
0 42
0 29
0 124
0 27
0 111
0 13
0 103
0 23
0 26
0 43
0 81
0 47
0 20
0 40
0 110
0 26
0 95
0 40
0 112
0 33
0 26
0 139
0 50
0 150
0 187
0 208
0 61
0 31
0 31
0 75
0 85
0 153
0 104
0 54
0 19
0 76
0 27
0 33
0 12
0 53
0 83
0 51
0 42
0 248
0 186
0 24
0 63
0 36
0 38
0 48
0 109
0 19
0 64
0 26
0 67
0 88
0 74
0 91
0 86
0 56
0 91
0 35
0 237
0 109
0 65
0 168
0 15
0 54
0 19
0 51
0 99
0 70
0 30
0 211
0 58
0 62
0 33
0 164
0 41
0 46
0 24
0 43
0 71
0 30
0 86
0 60
0 76
0 109
0 158
0 61
0 140
0 106
0 133
0 38
0 47
0 28
0 87
0 7
0 17
0 112
0 95
0 117
0 37
0 50
0 110
0 26
0 50
0 18
0 42
0 61
0 40
0 69
0 53
0 77
0 59
0 55
0 78
0 43
0 23
0 76
0 57
0 70
0 20
0 36
0 55
0 92
0 20
0 125
0 57
0 67
0 33
0 92
0 243
0 103
0 30
0 166
0 66
0 81
0 40
0 9
0 123
0 30
0 45
0 218
0 129
0 57
0 46
0 103
0 14
0 50
0 22
0 61
0 35
0 96
0 57
0 90
0 13
0 55
0 36
0 163
0 74
0 29
0 65
0 172
0 52
0 182
0 71
0 50
0 30
0 44
0 50
0 23
0 46
0 78
0 26
0 77
0 102
0 37
0 23
0 91
0 25
0 15
0 71
0 52
0 48
0 26
0 155
0 152
0 61
0 85
0 103
0 181
0 96
0 20
0 14
0 61
0 302
0 26
0 46
0 37
0 22
0 112
0 25
0 68
0 26
0 51
0 94
0 53
0 94
0 40
0 46
0 64
0 49
0 50
0 49
0 115
0 40
0 93
0 251
0 34
0 27
0 102
0 27
0 78
0 30
0 52
0 143
0 123
0 15
0 60
0 62
0 12
0 29
0 30
0 19
0 32
0 39
0 13
0 20
0 46
0 39
0 105
0 41
0 82
0 175
0 92
0 113
0 67
0 36
0 85
0 88
0 12
0 9
0 17
0 25
0 118
0 86
0 34
0 67
0 31
0 60
0 115
0 40
0 30
0 48
0 24
0 62
0 88
0 18
0 138
0 15
0 22
0 17
0 23
0 67
0 32
0 32
0 27
0 64
0 28
0 54
0 102
0 38
0 182
0 42
0 25
0 14
0 39
0 62
0 48
0 23
0 138
0 29
0 60
0 155
0 126
0 29
0 317
0 17
0 47
0 12
0 56
0 97
0 22
0 13
0 85
0 65
0 86
0 77
0 225
0 23
0 21
0 134
0 15
0 87
0 31
0 90
0 33
0 108
0 23
0 92
0 87
0 52
0 57
0 15
0 69
0 32
0 15
0 44
0 11
0 104
0 213
0 61
0 51
0 25
0 112
0 47
0 43
0 235
0 172
0 75
0 37
0 21
0 32
0 37
0 45
0 13
0 22
0 40
0 42
0 58
0 82
0 105
0 48
0 8
0 53
0 58
0 22
0 21
0 62
0 26
0 83
0 86
0 102
0 56
0 50
0 31
0 82
0 71
0 98
0 87
0 53
0 47
0 16
0 25
0 121
0 92
0 98
0 48
0 56
0 120
0 21
0 26
0 175
0 48
0 78
0 15
0 127
0 9
0 22
0 21
0 70
0 85
0 88
0 41
0 19
0 25
0 118
0 40
0 58
0 168
0 85
0 59
0 83
0 102
0 41
0 67
0 8
0 52
0 16
0 43
0 45
0 62
0 107
0 13
0 46
0 42
0 84
0 127
0 95
0 49
0 93
0 67
0 43
0 51
0 73
0 94
0 31
0 26
0 106
0 20
0 103
0 75
0 44
0 60
0 36
0 95
0 25
0 30
0 17
0 29
0 54
0 44
0 21
0 53
0 62
0 38
0 41
0 43
0 49
0 78
0 67
0 67
0 36
0 63
0 20
0 85
0 36
0 86
0 23
0 60
0 47
0 25
0 103
0 94
0 18
0 134
0 178
0 35
0 93
0 38
0 43
0 24
0 30
0 129
0 57
0 40
0 53
0 41
0 28
0 16
0 17
0 69
0 93
0 24
0 160
0 44
0 19
0 35
0 106
0 34
0 51
0 40
0 67
0 18
0 18
0 54
0 62
0 58
0 39
0 14
0 67
0 103
0 68
0 48
0 77
0 50
0 81
0 53
0 182
0 20
0 24
0 95
0 32
0 27
0 66
0 74
0 62
0 28
0 49
0 17
0 93
0 124
0 133
0 109
0 20
0 97
0 38
0 63
0 66
0 102
0 15
0 58
0 18
0 59
0 64
0 42
0 43
0 27
0 52
0 88
0 155
0 43
0 34
0 85
0 135
0 69
0 54
0 254
0 39
0 50
0 43
0 21
0 34
0 50
0 17
0 168
0 105
0 37
0 77
0 42
0 73
0 19
0 125
0 75
0 32
0 27
0 16
0 47
0 79
0 202
0 55
0 47
0 33
0 43
0 108
0 22
0 72
0 59
0 85
0 53
0 249
0 37
0 45
0 34
0 32
0 52
0 31
0 29
0 34
0 113
0 37
0 32
0 26
0 20
0 42
0 53
0 31
0 72
0 95
0 48
0 77
0 141
0 16
0 47
0 62
0 113
0 47
0 65
0 30
0 70
0 71
0 32
0 100
0 102
0 42
0 41
0 90
0 93
0 48
0 85
0 39
0 52
0 65
0 23
0 72
0 32
0 35
0 150
0 169
0 65
0 36
0 62
0 63
0 138
0 51
0 65
0 323
0 85
0 69
0 45
0 10
0 89
0 24
0 44
0 38
0 29
0 80
0 28
0 49
0 44
0 78
0 11
0 56
0 25
0 45
0 120
0 179
0 23
0 25
0 25
0 100
0 33
0 71
0 74
0 60
0 92
0 15
0 248
0 46
0 48
0 52
0 187
0 21
0 22
0 36
0 16
0 73
0 18
0 97
0 86
0 56
0 26
0 54
0 65
0 27
0 55
0 55
0 69
0 44
0 66
0 61
0 252
0 42
0 107
0 27
0 28
0 65
0 15
0 76
0 43
0 38
0 47
0 68
0 36
0 132
0 64
0 119
0 144
0 120
0 235
0 79
0 22
0 23
0 143
0 27
0 86
0 35
0 41
0 57
0 26
0 42
0 34
0 101
0 115
0 84
0 68
0 65
0 14
0 57
0 16
0 138
0 28
0 166
0 128
0 43
0 57
0 146
0 53
0 22
0 34
0 107
0 24
0 148
0 112
0 112
0 101
0 74
0 48
0 9
0 70
0 222
0 167
0 140
0 18
0 28
0 71
0 55
0 37
0 326
0 40
0 26
0 77
0 172
0 34
0 41
0 36
0 12
0 124
0 31
0 104
0 14
0 27
0 41
0 51
0 66
0 72
0 20
0 60
0 34
0 49
0 81
0 40
0 111
0 137
0 191
0 91
0 33
0 7
0 88
0 24
0 33
0 24
0 10
0 49
0 16
0 153
0 124
0 25
0 33
0 59
0 37
0 81
0 23
0 66
0 17
0 65
0 9
0 35
0 21
0 76
0 111
0 60
0 103
0 15
0 62
0 107
0 65
0 80
0 173
0 40
0 15
0 21
0 36
0 35
0 37
0 119
0 48
0 111
0 51
0 79
0 30
0 206
0 29
0 160
0 149
0 40
0 49
0 97
0 39
0 55
0 19
0 75
0 72
0 53
0 65
0 29
0 79
0 109
0 70
0 80
0 72
0 157
0 85
0 82
0 140
0 78
0 36
0 91
0 180
0 53
0 77
0 34
0 59
0 31
0 106
0 197
0 29
0 67
0 86
0 25
0 19
0 16
0 85
0 62
0 64
0 140
0 137
0 111
0 130
0 61
0 335
0 58
0 253
0 27
0 66
0 86
0 42
0 29
0 380
0 61
0 59
0 58
0 19
0 156
0 57
0 24
0 117
0 41
0 182
0 63
0 117
0 232
0 73
0 68
0 225
0 33
0 83
0 174
0 32
0 39
0 45
0 25
0 78
0 50
0 32
0 86
0 35
0 83
0 102
0 161
0 53
0 66
0 45
0 189
0 89
0 32
0 104
0 35
0 55
0 37
0 415
0 40
0 26
0 72
0 31
0 27
0 35
0 12
0 13
0 185
0 15
0 59
0 39
0 71
0 60
0 33
0 92
0 29
0 43
0 44
0 157
0 68
0 108
0 32
0 80
0 21
0 170
0 106
0 70
0 77
0 52
0 49
0 81
0 27
0 110
0 58
0 127
0 46
0 38
0 39
0 31
0 46
0 12
0 77
0 39
0 20
0 101
0 35
0 47
0 48
0 13
0 35
0 180
0 45
0 30
0 93
0 44
0 58
0 23
0 22
0 56
0 24
0 98
0 42
0 49
0 50
0 66
0 75
0 54
0 40
0 84
0 25
0 31
0 99
0 55
0 57
0 25
0 42
0 76
0 93
0 32
0 41
0 97
0 47
0 25
0 51
0 75
0 49
0 204
0 49
0 38
0 40
0 49
0 62
0 33
0 68
0 145
0 18
0 52
0 169
0 142
0 38
0 100
0 95
0 48
0 21
0 13
0 88
0 40
0 81
0 77
0 79
0 42
0 36
0 100
0 22
0 393
0 29
0 17
0 50
0 90
0 46
0 90
0 279
0 69
0 116
0 58
0 56
0 139
0 17
0 20
0 116
0 34
0 61
0 25
0 36
0 45
0 21
0 65
0 164
0 32
0 64
0 70
0 42
0 41
0 38
0 54
0 27
0 21
0 121
0 80
0 121
0 53
0 99
0 11
0 61
0 54
0 49
0 49
0 19
0 50
0 53
0 25
0 144
0 104
0 22
0 99
0 77
0 48
0 107
0 137
0 124
0 39
0 27
0 38
0 61
0 80
0 89
0 30
0 195
0 37
0 30
0 84
0 48
0 56
0 70
0 110
0 69
0 50
0 30
0 60
0 85
0 13
0 57
0 15
0 23
0 87
0 23
0 206
0 58
0 61
0 62
0 117
0 165
0 67
0 107
0 39
0 24
0 35
0 27
0 92
0 12
0 151
0 71
0 23
0 48
0 61
0 60
0 34
0 229
0 27
0 41
0 150
0 43
0 98
0 115
0 18
0 64
0 27
0 22
0 34
0 21
0 50
0 29
0 77
0 70
0 59
0 64
0 47
0 179
0 16
0 60
0 37
0 128
0 81
0 13
0 33
0 42
0 14
0 55
0 20
0 45
0 36
0 90
0 52
0 70
0 40
0 40
0 92
0 77
0 17
0 171
0 50
0 21
0 25
0 25
0 50
0 83
0 173
0 12
0 64
0 60
0 75
0 129
0 96
0 65
0 299
0 13
0 117
0 69
0 69
0 66
0 89
0 134
0 9
0 36
0 136
0 44
0 67
0 26
0 109
0 26
0 34
0 72
0 29
0 31
0 71
0 80
0 17
0 58
0 30
0 28
0 24
0 25
0 125
0 153
0 67
0 65
0 192
0 38
0 42
0 58
0 127
0 31
0 176
0 24
0 48
0 40
0 28
0 73
0 52
0 68
0 73
0 132
0 53
0 64
0 167
0 67
0 29
0 46
0 22
0 85
0 15
0 38
0 162
0 59
0 86
0 44
0 34
0 47
0 22
0 37
0 17
0 50
0 124
0 81
0 175
0 40
0 189
0 62
0 59
0 34
0 32
0 43
0 59
0 55
0 35
0 120
0 131
0 69
0 99
0 251
0 52
0 89
0 71
0 30
0 148
0 65
0 33
0 18
0 100
0 41
0 108
0 23
0 25
0 52
0 174
0 102
0 52
0 123
0 17
0 160
0 31
0 80
0 37
0 24
0 35
0 122
0 123
0 74
0 87
0 39
0 88
0 48
0 86
0 17
0 55
0 55
0 81
0 73
0 7
0 70
0 120
0 22
0 155
0 41
0 54
0 93
0 44
0 53
0 42
0 79
0 104
0 158
0 78
0 85
0 28
0 38
0 92
0 23
0 60
0 8
0 61
0 88
0 18
0 72
0 69
0 47
0 40
0 41
0 24
0 69
0 32
0 52
0 33
0 23
0 24
0 19
0 212
0 40
0 38
0 11
0 98
0 40
0 94
0 29
0 145
0 30
0 12
0 77
0 100
0 22
0 20
0 27
0 116
0 91
0 126
0 59
0 25
0 23
0 44
0 34
0 86
0 93
0 69
0 40
0 16
0 67
0 86
0 65
0 29
0 27
0 89
0 54
0 80
0 70
0 43
0 89
0 7
0 37
0 28
0 37
0 53
0 46
0 19
0 86
0 12
0 33
0 50
0 43
0 136
0 236
0 38
0 93
0 152
0 35
0 13
0 47
0 12
0 39
0 27
0 37
0 252
0 126
0 79
0 57
0 28
0 126
0 80
0 171
0 67
0 51
0 75
0 17
0 90
0 36
0 107
0 84
0 82
0 90
0 11
0 118
0 24
0 55
0 126
0 56
0 13
0 18
0 52
0 52
0 91
0 25
0 59
0 97
0 26
0 16
0 24
0 16
0 58
0 24
0 17
0 44
0 110
0 71
0 47
0 38
0 63
0 44
0 79
0 68
0 125
0 39
0 41
0 120
0 223
0 20
0 30
0 136
0 74
0 27
0 242
0 55
0 124
0 446
0 59
0 39
0 92
0 26
0 102
0 48
0 85
0 64
0 244
0 33
0 54
0 69
0 80
0 13
0 31
0 47
0 32
0 92
0 65
0 39
0 28
0 51
0 73
0 172
0 72
0 45
0 38
0 53
0 70
0 45
0 35
0 120
0 32
0 29
0 38
0 71
0 75
0 13
0 119
0 72
0 78
0 70
0 47
0 125
0 25
0 56
0 70
0 40
0 57
0 42
0 75
0 25
0 17
0 168
0 72
0 31
0 87
0 38
0 28
0 175
0 158
0 67
0 106
0 30
0 16
0 71
0 207
0 24
0 29
0 811
0 50
0 63
0 38
0 30
0 113
0 127
0 40
0 42
0 22
0 83
0 59
0 57
0 53
0 49
0 96
0 13
0 48
0 75
0 44
0 37
0 35
0 90
0 42
0 30
0 36
0 19
0 39
0 120
0 155
0 111
0 14
0 36
0 50
0 30
0 104
0 66
0 116
0 134
0 39
0 36
0 61
0 22
0 205
0 74
0 33
0 23
0 229
0 38
0 40
0 97
0 193
0 99
0 49
0 137
0 44
0 70
0 109
0 12
0 12
0 100
0 28
0 78
0 29
0 131
0 31
0 39
0 17
0 49
0 20
0 74
0 91
0 24
0 35
0 23
0 90
0 47
0 67
0 148
0 41
0 63
0 54
0 164
0 29
0 45
0 44
0 21
0 18
0 70
0 13
0 31
0 40
0 22
0 92
0 53
0 11
0 50
0 75
0 63
0 37
0 67
0 47
0 43
0 110
0 94
0 54
0 9
0 132
0 36
0 88
0 20
0 128
0 130
0 31
0 85
0 29
0 47
0 24
0 80
0 41
0 38
0 53
0 51
0 41
0 260
0 70
0 40
0 32
0 97
0 37
0 108
0 54
0 93
0 121
0 192
0 15
0 109
0 27
0 38
0 29
0 32
0 57
0 153
0 80
0 151
0 87
0 256
0 26
0 114
0 162
0 37
0 69
0 46
0 39
0 29
0 31
0 144
0 22
0 61
0 55
0 104
0 26
0 121
0 50
0 60
0 135
0 52
0 36
0 42
0 81
0 82
0 90
0 99
0 87
0 15
0 61
0 69
0 149
0 43
0 16
0 59
0 85
0 104
0 73
0 95
0 17
0 25
0 23
0 90
0 27
0 50
0 124
0 33
0 66
0 142
0 11
0 88
0 138
0 51
0 38
0 42
0 21
0 70
0 46
0 198
0 32
0 42
0 31
0 49
0 74
0 31
0 40
0 31
0 70
0 34
0 44
0 71
0 83
0 58
0 27
0 303
0 48
0 74
0 47
0 264
0 29
0 63
0 78
0 38
0 172
0 20
0 49
0 68
0 90
0 30
0 20
0 24
0 115
0 30
0 61
0 36
0 113
0 74
0 17
0 230
0 237
0 146
0 193
0 43
0 81
0 30
0 48
0 139
0 22
0 107
0 223
0 29
0 57
0 25
0 51
0 82
0 153
0 31
0 168
0 142
0 27
0 69
0 47
0 19
0 43
0 27
0 85
0 21
0 19
0 36
0 21
0 65
0 92
0 398
0 96
0 18
0 59
0 46
0 36
0 96
0 43
0 27
0 52
0 86
0 102
0 177
0 59
0 95
0 25
0 74
0 48
0 22
0 46
0 63
0 212
0 133
0 53
0 332
0 26
0 59
0 88
0 25
0 78
0 40
0 115
0 24
0 52
0 150
0 144
0 111
0 42
0 60
0 30
0 34
0 37
0 21
0 48
0 96
0 25
0 89
0 35
0 129
0 73
0 22
0 37
0 86
0 40
0 58
0 23
0 40
0 54
0 72
0 51
0 194
0 18
0 22
0 24
0 43
0 45
0 144
0 87
0 110
0 44
0 108
0 26
0 135
0 56
0 112
0 127
0 47
0 53
0 71
0 56
0 145
0 44
0 92
0 38
0 156
0 49
0 187
0 42
0 36
0 176
0 34
0 19
0 19
0 140
0 20
0 48
0 87
0 44
0 247
0 60
0 108
0 75
0 122
0 14
0 60
0 189
0 100
0 47
0 29
0 54
0 84
0 50
0 12
0 115
0 88
0 209
0 37
0 36
0 75
0 55
0 23
0 47
0 61
0 35
0 42
0 69
0 96
0 50
0 23
0 105
0 80
0 123
0 235
0 95
0 106
0 24
0 570
0 36
0 46
0 46
0 148
0 61
0 30
0 81
0 91
0 101
0 82
0 241
0 60
0 137
0 52
0 57
0 33
0 31
0 33
0 34
0 112
0 52
0 38
0 16
0 17
0 40
0 74
0 28
0 54
0 21
0 19
0 59
0 95
0 83
0 57
0 99
0 111
0 83
0 38
0 27
0 61
0 40
0 64
0 93
0 110
0 20
0 24
0 31
0 87
0 122
0 108
0 79
0 37
0 16
0 21
0 37
0 26
0 43
0 82
0 35
0 42
0 84
0 17
0 29
0 97
0 25
0 18
0 30
0 64
0 18
0 37
0 10
0 116
0 66
0 31
0 26
0 67
0 81
0 68
0 53
0 26
0 46
0 13
0 51
0 235
0 24
0 43
0 171
0 27
0 32
0 82
0 51
0 37
0 15
0 86
0 110
0 134
0 22
0 46
0 19
0 68
0 22
0 34
0 134
0 51
0 65
0 47
0 40
0 11
0 21
0 58
0 78
0 41
0 45
0 58
0 60
0 12
0 96
0 32
0 47
0 25
0 41
0 160
0 20
0 52
0 35
0 26
0 122
0 33
0 24
0 29
0 134
0 16
0 27
0 181
0 189
0 40
0 88
0 44
0 186
0 41
0 46
0 12
0 11
0 118
0 117
0 37
0 32
0 30
0 37
0 45
0 23
0 48
0 246
0 40
0 37
0 70
0 74
0 37
0 27
0 43
0 33
0 70
0 42
0 32
0 74
0 144
0 26
0 200
0 123
0 23
0 11
0 23
0 59
0 35
0 29
0 128
0 46
0 549
0 43
0 12
0 27
0 45
0 34
0 52
0 29
0 43
0 15
0 105
0 73
0 36
0 270
0 30
0 155
0 57
0 180
0 40
0 80
0 43
0 48
0 109
0 131
0 344
0 52
0 21
0 172
0 29
0 60
0 48
0 59
0 33
0 52
0 34
0 52
0 93
0 272
0 35
0 57
0 12
0 24
0 61
0 41
0 18
0 82
0 62
0 18
0 66
0 34
0 141
0 16
0 23
0 49
0 215
0 164
0 87
0 54
0 72
0 80
0 43
0 92
0 58
0 55
0 170
0 157
0 83
0 123
0 14
0 24
0 88
0 34
0 30
0 53
0 52
0 72
0 137
0 76
0 104
0 81
0 124
0 52
0 50
0 27
0 97
0 67
0 21
0 124
0 32
0 58
0 63
0 21
0 16
0 13
0 23
0 29
0 320
0 100
0 180
0 92
0 26
0 54
0 47
0 45
0 51
0 48
0 53
0 39
0 25
0 102
0 58
0 36
0 135
0 57
0 154
0 62
0 37
0 41
0 186
0 59
0 15
0 146
0 21
0 44
0 99
0 27
0 109
0 101
0 49
0 142
0 14
0 23
0 107
0 31
0 16
0 139
0 196
0 42
0 44
0 36
0 65
0 40
0 77
0 26
0 170
0 87
0 17
0 30
0 36
0 68
0 116
0 15
0 52
0 67
0 88
0 67
0 23
0 140
0 16
0 25
0 26
0 36
0 10
0 22
0 40
0 59
0 106
0 15
0 47
0 143
0 30
0 79
0 22
0 21
0 101
0 158
0 35
0 78
0 29
0 109
0 44
0 67
0 108
0 53
0 26
0 65
0 30
0 10
0 22
0 57
0 52
0 74
0 146
0 59
0 27
0 140
0 14
0 84
0 105
0 11
0 37
0 37
0 30
0 17
0 111
0 46
0 153
0 103
0 44
0 64
0 104
0 85
0 26
0 23
0 41
0 26
0 40
0 39
0 77
0 185
0 58
0 34
0 31
0 68
0 57
0 279
0 52
0 33
0 21
0 92
0 17
0 34
0 52
0 150
0 69
0 132
0 128
0 53
0 146
0 24
0 103
0 25
0 27
0 83
0 44
0 25
0 50
0 39
0 73
0 34
0 32
0 19
0 19
0 57
0 65
0 59
0 53
0 57
0 62
0 35
0 65
0 78
0 331
0 61
0 61
0 20
0 45
0 24
0 21
0 39
0 97
0 60
0 23
0 82
0 28
0 55
0 76
0 24
0 68
0 123
0 49
0 25
0 170
0 41
0 21
0 28
0 81
0 66
0 17
0 17
0 16
0 73
0 81
0 66
0 30
0 74
0 19
0 30
0 15
0 36
0 70
0 30
0 109
0 47
0 40
0 175
0 77
0 98
0 140
0 29
0 87
0 59
0 41
0 106
0 48
0 23
0 137
0 96
0 40
0 64
0 438
0 56
0 42
0 41
0 68
0 74
0 87
0 10
0 203
0 39
0 45
0 29
0 49
0 41
0 51
0 61
0 25
0 111
0 72
0 44
0 46
0 46
0 48
0 63
0 15
0 29
0 77
0 12
0 48
0 16
0 94
0 129
0 110
0 21
0 69
0 218
0 115
0 16
0 33
0 74
0 43
0 41
0 47
0 45
0 62
0 14
0 52
0 66
0 50
0 180
0 60
0 45
0 83
0 81
0 55
0 20
0 37
0 273
0 27
0 47
0 51
0 54
0 84
0 160
0 51
0 36
0 82
0 44
0 21
0 52
0 29
0 37
0 23
0 147
0 114
0 25
0 175
0 77
0 68
0 58
0 50
0 60
0 21
0 24
0 136
0 29
0 51
0 34
0 23
0 41
0 26
0 76
0 99
0 40
0 122
0 62
0 173
0 97
0 83
0 17
0 61
0 36
0 43
0 29
0 47
0 52
0 138
0 29
0 38
0 11
0 128
0 11
0 51
0 37
0 37
0 25
0 98
0 70
0 21
0 53
0 59
0 85
0 59
0 66
0 50
0 131
0 52
0 41
0 81
0 204
0 23
0 27
0 96
0 87
0 17
0 27
0 62
0 101
0 11
0 75
0 82
0 51
0 30
0 57
0 70
0 173
0 65
0 62
0 107
0 14
0 34
0 82
0 14
0 13
0 113
0 17
0 34
0 20
0 17
0 79
0 43
0 110
0 81
0 27
0 82
0 8
0 98
0 67
0 35
0 58
0 51
0 196
0 99
0 69
0 50
0 120
0 35
0 9
0 26
0 302
0 41
0 50
0 69
0 9
0 156
0 28
0 80
0 76
0 97
0 43
0 22
0 20
0 33
0 87
0 30
0 33
0 73
0 17
0 81
0 33
0 27
0 52
0 90
0 162
0 281
0 14
0 49
0 29
0 32
0 47
0 33
0 16
0 78
0 60
0 21
0 92
0 92
0 43
0 63
0 75
0 35
0 64
0 23
0 123
0 60
0 17
0 36
0 74
0 129
0 20
0 22
0 44
0 78
0 16
0 124
0 32
0 13
0 81
0 74
0 88
0 88
0 30
0 96
0 72
0 37
0 32
0 13
0 74
0 67
0 31
0 139
0 105
0 63
0 51
0 84
0 13
0 50
0 17
0 27
0 179
0 27
0 111
0 178
0 37
0 85
0 97
0 192
0 19
0 80
0 78
0 129
0 166
0 22
0 57
0 124
0 32
0 46
0 115
0 39
0 99
0 68
0 46
0 59
0 85
0 179
0 191
0 51
0 18
0 147
0 110
0 12
0 18
0 124
0 16
0 77
0 78
0 127
0 107
0 57
0 48
0 34
0 108
0 27
0 21
0 33
0 90
0 26
0 145
0 29
0 11
0 40
0 203
0 39
0 14
0 68
0 155
0 26
0 38
0 21
0 67
0 63
0 83
0 71
0 101
0 26
0 52
0 217
0 76
0 62
0 97
0 47
0 53
0 34
0 27
0 168
0 37
0 47
0 77
0 88
0 64
0 54
0 76
0 46
0 51
0 83
0 53
0 148
0 120
0 30
0 18
0 26
0 186
0 84
0 52
0 52
0 102
0 94
0 37
0 134
0 74
0 27
0 30
0 14
0 108
0 59
0 98
0 48
0 133
0 145
0 25
0 110
0 31
0 89
0 90
0 35
0 79
0 8
0 22
0 203
0 53
0 57
0 91
0 32
0 33
0 53
0 56
0 64
0 63
0 61
0 127
0 23
0 48
0 159
0 71
0 95
0 18
0 70
0 32
0 61
0 90
0 54
0 85
0 36
0 26
0 75
0 27
0 64
0 97
0 116
0 40
0 38
0 76
0 134
0 22
0 82
0 123
0 29
0 19
0 112
0 92
0 317
0 31
0 67
0 46
0 40
0 51
0 21
0 18
0 43
0 51
0 27
0 37
0 73
0 59
0 62
0 40
0 35
0 14
0 56
0 38
0 41
0 530
0 37
0 15
0 35
0 51
0 58
0 39
0 122
0 57
0 92
0 36
0 95
0 23
0 201
0 135
0 44
0 29
0 47
0 119
0 39
0 34
0 49
0 133
0 78
0 85
0 71
0 49
0 85
0 22
0 45
0 18
0 192
0 73
0 131
0 91
0 25
0 53
0 119
0 82
0 89
0 39
0 84
0 82
0 254
0 35
0 59
0 206
0 123
0 180
0 35
0 60
0 25
0 30
0 76
0 61
0 32
0 24
0 123
0 30
0 134
0 136
0 29
0 33
0 93
0 77
0 71
0 256
0 103
0 96
0 79
0 76
0 56
0 48
0 20
0 28
0 17
0 117
0 28
0 124
0 26
0 12
0 54
0 24
0 47
0 76
0 213
0 34
0 100
0 50
0 38
0 118
0 96
0 59
0 24
0 18
0 29
0 44
0 32
0 99
0 95
0 37
0 52
0 33
0 110
0 55
0 42
0 20
0 75
0 26
0 85
0 141
0 75
0 34
0 156
0 58
0 55
0 27
0 227
0 27
0 196
0 122
0 89
0 61
0 20
0 47
0 166
0 110
0 22
0 80
0 85
0 29
0 85
0 137
0 57
0 42
0 44
0 32
0 21
0 80
0 37
0 70
0 23
0 24
0 40
0 72
0 66
0 30
0 63
0 103
0 95
0 99
0 73
0 72
0 142
0 49
0 85
0 42
0 20
0 24
0 17
0 54
0 49
0 34
0 115
0 76
0 47
0 40
0 78
0 194
0 59
0 44
0 189
0 144
0 44
0 120
0 151
0 58
0 45
0 131
0 111
0 37
0 88
0 234
0 34
0 126
0 22
0 86
0 27
0 28
0 11
0 70
0 133
0 91
0 146
0 93
0 33
0 41
0 42
0 74
0 382
0 49
0 111
0 42
0 21
0 91
0 64
0 58
0 26
0 15
0 25
0 56
0 95
0 41
0 100
0 30
0 32
0 22
0 86
0 20
0 96
0 226
0 68
0 67
0 37
0 29
0 43
0 210
0 33
0 41
0 63
0 265
0 71
0 130
0 76
0 31
0 99
0 153
0 102
0 56
0 50
0 65
0 70
0 92
0 15
0 284
0 9
0 31
0 54
0 24
0 109
0 136
0 18
0 21
0 66
0 67
0 122
0 43
0 41
0 86
0 32
0 79
0 77
0 25
0 27
0 34
0 78
0 53
0 26
0 91
0 52
0 71
0 34
0 39
0 33
0 105
0 38
0 57
0 91
0 87
0 12
0 24
0 110
0 59
0 96
0 13
0 167
0 41
0 20
0 331
0 72
0 20
0 141
0 42
0 256
0 46
0 32
0 25
0 41
0 52
0 85
0 87
0 109
0 19
0 30
0 67
0 133
0 84
0 77
0 81
0 27
0 46
0 56
0 17
0 107
0 125
0 189
0 13
0 79
0 28
0 48
0 181
0 131
0 37
0 86
0 299
0 23
0 39
0 70
0 38
0 25
0 118
0 53
0 51
0 37
0 53
0 61
0 70
0 26
0 16
0 93
0 147
0 29
0 40
0 220
0 28
0 25
0 26
0 50
0 102
0 26
0 6
0 116
0 95
0 81
0 36
0 36
0 11
0 27
0 93
0 28
0 326
0 87
0 195
0 67
0 20
0 90
0 86
0 46
0 47
0 55
0 16
0 35
0 69
0 15
0 120
0 33
0 158
0 34
0 59
0 40
0 92
0 105
0 165
0 17
0 48
0 169
0 23
0 68
0 18
0 89
0 54
0 19
0 78
0 26
0 279
0 37
0 99
0 32
0 30
0 51
0 55
0 34
0 138
0 71
0 57
0 67
0 87
0 93
0 159
0 16
0 80
0 103
0 28
0 50
0 66
0 200
0 25
0 39
0 48
0 43
0 41
0 116
0 49
0 165
0 38
0 131
0 24
0 34
0 90
0 75
0 14
0 40
0 48
0 35
0 419
0 13
0 36
0 21
0 55
0 210
0 11
0 274
0 25
0 53
0 61
0 82
0 112
0 338
0 92
0 38
0 28
0 23
0 75
0 44
0 37
0 60
0 109
0 106
0 53
0 30
0 104
0 53
0 37
0 56
0 13
0 116
0 103
0 14
0 296
0 25
0 23
0 26
0 39
0 29
0 28
0 33
0 84
0 34
0 51
0 21
0 77
0 38
0 76
0 27
0 40
0 184
0 86
0 66
0 48
0 124
0 26
0 32
0 51
0 15
0 18
0 40
0 34
0 103
0 31
0 48
0 36
0 25
0 178
0 23
0 57
0 57
0 178
0 48
0 41
0 70
0 33
0 53
0 61
0 58
0 172
0 82
0 83
0 81
0 30
0 28
0 80
0 63
0 43
0 38
0 169
0 134
0 42
0 54
0 49
0 132
0 176
0 225
0 39
0 67
0 35
0 73
0 94
0 24
0 188
0 62
0 28
0 24
0 45
0 60
0 71
0 83
0 23
0 141
0 35
0 58
0 104
0 32
0 60
0 26
0 20
0 41
0 47
0 123
0 51
0 52
0 40
0 108
0 66
0 102
0 54
0 88
0 16
0 34
0 11
0 104
0 51
0 42
0 38
0 44
0 45
0 64
0 130
0 50
0 119
0 61
0 22
0 110
0 168
0 97
0 100
0 62
0 18
0 198
0 91
0 19
0 25
0 38
0 67
0 18
0 78
0 156
0 43
0 82
0 51
0 44
0 127
0 52
0 62
0 144
0 89
0 21
0 65
0 13
0 85
0 16
0 27
0 55
0 61
0 83
0 52
0 36
0 46
0 22
0 73
0 24
0 46
0 37
0 114
0 33
0 20
0 31
0 29
0 149
0 54
0 42
0 84
0 18
0 53
0 17
0 163
0 59
0 65
0 141
0 96
0 60
0 56
0 49
0 74
0 35
0 29
0 115
0 62
0 129
0 39
0 74
0 85
0 19
0 29
0 98
0 167
0 87
0 45
0 22
0 133
0 194
0 126
0 37
0 99
0 50
0 62
0 39
0 96
0 116
0 42
0 75
0 80
0 92
0 132
0 17
0 41
0 38
0 76
0 52
0 30
0 61
0 159
0 112
0 67
0 30
0 156
0 45
0 59
0 126
0 35
0 40
0 44
0 46
0 44
0 19
0 137
0 57
0 171
0 28
0 85
0 26
0 45
0 61
0 70
0 47
0 134
0 10
0 38
0 115
0 32
0 160
0 185
0 48
0 90
0 207
0 88
0 68
0 97
0 90
0 61
0 89
0 149
0 87
0 32
0 13
0 21
0 32
0 245
0 40
0 27
0 26
0 23
0 80
0 27
0 97
0 30
0 100
0 23
0 82
0 38
0 69
0 31
0 94
0 53
0 179
0 84
0 56
0 30
0 57
0 65
0 88
0 21
0 126
0 44
0 40
0 19
0 16
0 41
0 12
0 72
0 23
0 75
0 113
0 36
0 40
0 41
0 96
0 49
0 106
0 77
0 9
0 67
0 75
0 65
0 61
0 18
0 203
0 40
0 59
0 200
0 46
0 36
0 116
0 54
0 33
0 32
0 69
0 81
0 96
0 63
0 31
0 97
0 51
0 17
0 109
0 38
0 26
0 56
0 16
0 69
0 20
0 35
0 78
0 51
0 58
0 40
0 49
0 53
0 87
0 155
0 15
0 26
0 53
0 12
0 39
0 72
0 55
0 35
0 91
0 56
0 59
0 37
0 131
0 96
0 28
0 17
0 53
0 103
0 127
0 110
0 21
0 35
0 123
0 24
0 39
0 93
0 80
0 178
0 79
0 17
0 24
0 23
0 29
0 59
0 51
0 339
0 43
0 65
0 63
0 103
0 44
0 138
0 48
0 29
0 122
0 101
0 23
0 22
0 32
0 144
0 53
0 50
0 101
0 54
0 141
0 79
0 106
0 24
0 68
0 63
0 257
0 10
0 49
0 88
0 17
0 15
0 73
0 46
0 71
0 84
0 51
0 31
0 182
0 74
0 35
0 82
0 45
0 46
0 35
0 79
0 64
0 132
0 37
0 65
0 25
0 242
0 63
0 78
0 49
0 49
0 53
0 103
0 142
0 92
0 43
0 25
0 215
0 352
0 27
0 32
0 17
0 11
0 29
0 31
0 19
0 118
0 105
0 109
0 37
0 36
0 23
0 251
0 19
0 148
0 57
0 55
0 56
0 49
0 24
0 121
0 73
0 129
0 27
0 55
0 65
0 82
0 90
0 45
0 103
0 54
0 74
0 57
0 56
0 16
0 56
0 43
0 61
0 101
0 60
0 14
0 31
0 118
0 20
0 37
0 33
0 23
0 132
0 72
0 37
0 40
0 23
0 24
0 33
0 49
0 67
0 117
0 34
0 32
0 48
0 43
0 40
0 48
0 150
0 99
0 57
0 24
0 52
0 79
0 64
0 18
0 103
0 35
0 29
0 64
0 40
0 80
0 13
0 21
0 36
0 48
0 35
0 121
0 17
0 36
0 107
0 30
0 81
0 156
0 72
0 16
0 27
0 115
0 57
0 23
0 34
0 55
0 57
0 20
0 116
0 97
0 18
0 53
0 87
0 128
0 26
0 26
0 27
0 290
0 44
0 134
0 46
0 17
0 52
0 31
0 96
0 49
0 29
0 38
0 23
0 39
0 113
0 74
0 82
0 16
0 116
0 49
0 52
0 74
0 14
0 67
0 121
0 33
0 50
0 53
0 26
0 85
0 88
0 30
0 70
0 37
0 41
0 65
0 77
0 34
0 35
0 30
0 57
0 28
0 113
0 44
0 8
0 93
0 143
0 79
0 60
0 69
0 12
0 41
0 39
0 141
0 109
0 44
0 52
0 64
0 28
0 35
0 13
0 61
0 194
0 18
0 42
0 22
0 121
0 51
0 115
0 82
0 14
0 15
0 44
0 71
0 98
0 19
0 58
0 50
0 42
0 32
0 67
0 9
0 23
0 51
0 14
0 92
0 47
0 50
0 52
0 59
0 18
0 182
0 96
0 63
0 93
0 113
0 25
0 42
0 18
0 68
0 75
0 10
0 56
0 53
0 21
0 219
0 70
0 23
0 101
0 56
0 107
0 85
0 52
0 29
0 43
0 109
0 108
0 52
0 86
0 20
0 17
0 18
0 25
0 19
0 53
0 164
0 20
0 53
0 56
0 195
0 16
0 30
0 54
0 171
0 83
0 20
0 47
0 24
0 38
0 104
0 75
0 55
0 22
0 20
0 74
0 112
0 38
0 172
0 41
0 23
0 44
0 44
0 27
0 23
0 157
0 51
0 129
0 34
0 90
0 29
0 54
0 32
0 18
0 17
0 62
0 158
0 25
0 44
0 71
0 27
0 76
0 164
0 24
0 60
0 61
0 143
0 45
0 87
0 72
0 411
0 12
0 24
0 13
0 25
0 65
0 131
0 231
0 24
0 63
0 21
0 70
0 119
0 13
0 17
0 107
0 58
0 74
0 41
0 41
0 72
0 30
0 42
0 46
0 205
0 138
0 34
0 195
0 47
0 85
0 71
0 239
0 169
0 15
0 41
0 81
0 98
0 71
0 40
0 122
0 130
0 78
0 83
0 20
0 153
0 44
0 74
0 54
0 38
0 25
0 62
0 110
0 51
0 78
0 33
0 69
0 31
0 187
0 43
0 17
0 36
0 45
0 37
0 29
0 28
0 18
0 123
0 27
0 29
0 130
0 12
0 61
0 29
0 55
0 40
0 42
0 23
0 86
0 109
0 23
0 47
0 25
0 55
0 35
0 99
0 56
0 140
0 51
0 99
0 32
0 103
0 35
0 68
0 102
0 34
0 25
0 40
0 41
0 283
0 85
0 38
0 130
0 54
0 45
0 182
0 42
0 27
0 79
0 85
0 60
0 213
0 27
0 110
0 93
0 54
0 148
0 39
0 374
0 38
0 283
0 98
0 45
0 57
0 50
0 118
0 17
0 133
0 67
0 22
0 103
0 35
0 16
0 99
0 183
0 45
0 29
0 22
0 39
0 16
0 295
0 82
0 23
0 24
0 55
0 60
0 17
0 68
0 21
0 143
0 73
0 29
0 36
0 33
0 28
0 75
0 104
0 76
0 14
0 80
0 22
0 22
0 39
0 29
0 16
0 20
0 112
0 27
0 28
0 41
0 24
0 62
0 58
0 40
0 135
0 37
0 87
0 32
0 26
0 41
0 111
0 110
0 222
0 49
0 21
0 101
0 71
0 73
0 35
0 52
0 65
0 15
0 134
0 64
0 42
0 85
0 57
0 164
0 56
0 53
0 180
0 67
0 55
0 52
0 35
0 61
0 40
0 13
0 20
0 85
0 40
0 6
0 33
0 43
0 39
0 20
0 54
0 120
0 39
0 13
0 31
0 231
0 133
0 21
0 16
0 129
0 190
0 125
0 159
0 50
0 123
0 42
0 92
0 235
0 80
0 28
0 155
0 29
0 91
0 15
0 75
0 94
0 48
0 21
0 43
0 19
0 79
0 69
0 27
0 57
0 46
0 89
0 43
0 24
0 32
0 45
0 88
0 27
0 81
0 13
0 158
0 131
0 113
0 149
0 51
0 317
0 50
0 48
0 32
0 64
0 74
0 43
0 122
0 50
0 30
0 93
0 18
0 30
0 91
0 26
0 35
0 66
0 45
0 107
0 59
0 61
0 89
0 34
0 20
0 116
0 96
0 20
0 47
0 65
0 162
0 166
0 63
0 24
0 65
0 30
0 76
0 66
0 39
0 19
0 24
0 49
0 107
0 99
0 19
0 146
0 89
0 67
0 43
0 91
0 44
0 33
0 42
0 160
0 75
0 53
0 20
0 51
0 66
0 42
0 64
0 129
0 102
0 40
0 121
0 139
0 34
0 283
0 159
0 196
0 669
0 134
0 71
0 27
0 52
0 52
0 93
0 60
0 38
0 45
0 38
0 38
0 75
0 41
0 76
0 232
0 87
0 117
0 141
0 44
0 31
0 62
0 11
0 114
0 220
0 57
0 74
0 29
0 24
0 19
0 22
0 192
0 51
0 37
0 38
0 143
0 14
0 108
0 67
0 30
0 87
0 18
0 138
0 61
0 102
0 71
0 21
0 121
0 45
0 183
0 54
0 22
0 106
0 120
0 51
0 27
0 41
0 87
0 15
0 63
0 200
0 107
0 39
0 43
0 202
0 36
0 16
0 42
0 75
0 70
0 99
0 310
0 254
0 24
0 57
0 166
0 53
0 32
0 91
0 68
0 48
0 101
0 90
0 204
0 76
0 43
0 86
0 140
0 49
0 58
0 30
0 51
0 65
0 74
0 120
0 32
0 20
0 108
0 202
0 61
0 25
0 19
0 69
0 180
0 31
0 154
0 45
0 60
0 63
0 25
0 29
0 65
0 67
0 27
0 55
0 54
0 19
0 88
0 125
0 36
0 66
0 125
0 52
0 26
0 153
0 88
0 18
0 15
0 46
0 263
0 251
0 77
0 95
0 24
0 19
0 28
0 298
0 32
0 64
0 59
0 53
0 74
0 30
0 12
0 253
0 48
0 75
0 110
0 83
0 165
0 48
0 86
0 54
0 163
0 184
0 163
0 116
0 14
0 11
0 11
0 41
0 9
0 47
0 47
0 54
0 81
0 193
0 38
0 62
0 42
0 53
0 28
0 72
0 46
0 34
0 15
0 40
0 40
0 97
0 71
0 70
0 74
0 31
0 27
0 42
0 14
0 73
0 78
0 72
0 35
0 36
0 96
0 55
0 204
0 51
0 281
0 34
0 55
0 86
0 55
0 205
0 49
0 28
0 90
0 70
0 35
0 58
0 81
0 91
0 154
0 35
0 109
0 44
0 75
0 50
0 15
0 57
0 28
0 54
0 73
0 104
0 29
0 90
0 99
0 12
0 17
0 159
0 93
0 56
0 68
0 61
0 58
0 661
0 67
0 71
0 80
0 180
0 145
0 172
0 41
0 60
0 74
0 89
0 32
0 30
0 46
0 119
0 53
0 32
0 98
0 79
0 115
0 35
0 53
0 69
0 45
0 82
0 45
0 34
0 78
0 23
0 11
0 46
0 18
0 18
0 17
0 139
0 263
0 36
0 67
0 440
0 41
0 13
0 52
0 120
0 27
0 63
0 33
0 45
0 169
0 112
0 43
0 24
0 11
0 17
0 182
0 102
0 35
0 73
0 91
0 28
0 50
0 170
0 19
0 27
0 196
0 15
0 34
0 37
0 67
0 256
0 49
0 82
0 131
0 43
0 71
0 36
0 102
0 69
0 225
0 34
0 132
0 39
0 20
0 14
0 109
0 153
0 105
0 21
0 35
0 38
0 43
0 52
0 95
0 98
0 36
0 135
0 19
0 181
0 27
0 48
0 60
0 91
0 81
0 129
0 58
0 87
0 68
0 325
0 49
0 28
0 44
0 117
0 31
0 131
0 80
0 160
0 93
0 101
0 39
0 48
0 117
0 275
0 41
0 57
0 308
0 24
0 37
0 37
0 87
0 59
0 15
0 29
0 47
0 40
0 24
0 27
0 76
0 53
0 49
0 36
0 43
0 56
0 52
0 62
0 48
0 45
0 25
0 57
0 41
0 18
0 42
0 39
0 77
0 111
0 124
0 18
0 96
0 91
0 90
0 41
0 109
0 41
0 52
0 90
0 27
0 33
0 76
0 17
0 440
0 42
0 14
0 49
0 81
0 118
0 58
0 148
0 75
0 68
0 21
0 24
0 63
0 75
0 64
0 46
0 85
0 41
0 40
0 130
0 62
0 46
0 31
0 35
0 44
0 98
0 60
0 56
0 19
0 81
0 32
0 74
0 14
0 21
0 87
0 152
0 71
0 37
0 103
0 74
0 63
0 104
0 38
0 59
0 46
0 74
0 63
0 62
0 39
0 66
0 122
0 50
0 63
0 39
0 40
0 49
0 46
0 18
0 24
0 78
0 22
0 23
0 95
0 90
0 25
0 108
0 84
0 119
0 116
0 14
0 31
0 40
0 15
0 55
0 123
0 11
0 138
0 33
0 7
0 136
0 41
0 97
0 16
0 69
0 35
0 35
0 21
0 31
0 11
0 60
0 29
0 39
0 15
0 108
0 21
0 86
0 62
0 31
0 104
0 50
0 48
0 158
0 82
0 32
0 38
0 29
0 49
0 36
0 43
0 41
0 193
0 150
0 38
0 54
0 76
0 32
0 58
0 72
0 24
0 16
0 80
0 80
0 63
0 75
0 80
0 140
0 141
0 82
0 76
0 115
0 43
0 91
0 14
0 24
0 30
0 152
0 55
0 77
0 34
0 36
0 110
0 58
0 49
0 76
0 69
0 141
0 91
0 33
0 80
0 49
0 35
0 48
0 30
0 12
0 153
0 193
0 11
0 46
0 100
0 237
0 20
0 14
0 86
0 65
0 192
0 124
0 31
0 71
0 57
0 125
0 87
0 47
0 9
0 106
0 62
0 28
0 92
0 19
0 22
0 105
0 82
0 75
0 35
0 40
0 65
0 37
0 97
0 56
0 27
0 50
0 38
0 16
0 175
0 66
0 47
0 265
0 67
0 32
0 99
0 29
0 40
0 26
0 40
0 25
0 50
0 135
0 36
0 200
0 36
0 36
0 78
0 66
0 34
0 59
0 28
0 21
0 59
0 41
0 17
0 34
0 16
0 81
0 93
0 29
0 47
0 41
0 134
0 21
0 56
0 26
0 58
0 19
0 48
0 58
0 101
0 54
0 21
0 77
0 20
0 104
0 76
0 39
0 23
0 112
0 32
0 55
0 48
0 38
0 20
0 40
0 65
0 101
0 32
0 25
0 79
0 141
0 77
0 15
0 45
0 123
0 23
0 29
0 76
0 104
0 101
0 57
0 63
0 29
0 11
0 65
0 195
0 75
0 46
0 63
0 16
0 40
0 200
0 15
0 36
0 52
0 119
0 126
0 22
0 121
0 61
0 49
0 116
0 161
0 103
0 41
0 88
0 111
0 73
0 65
0 23
0 25
0 30
0 79
0 59
0 43
0 51
0 52
0 95
0 127
0 23
0 129
0 18
0 144
0 25
0 64
0 40
0 73
0 22
0 36
0 32
0 48
0 139
0 60
0 142
0 108
0 119
0 22
0 78
0 27
0 10
0 28
0 52
0 47
0 28
0 74
0 62
0 29
0 40
0 18
0 49
0 27
0 198
0 18
0 27
0 116
0 56
0 97
0 37
0 13
0 18
0 54
0 24
0 39
0 36
0 98
0 28
0 36
0 86
0 29
0 49
0 29
0 28
0 82
0 54
0 87
0 32
0 54
0 89
0 40
0 32
0 13
0 126
0 24
0 54
0 136
0 39
0 12
0 41
0 63
0 52
0 12
0 66
0 106
0 94
0 89
0 33
0 51
0 67
0 47
0 75
0 48
0 90
0 25
0 94
0 133
0 61
0 28
0 63
0 61
0 62
0 70
0 43
0 78
0 17
0 35
0 19
0 233
0 40
0 88
0 103
0 25
0 15
0 34
0 99
0 19
0 59
0 9
0 19
0 50
0 108
0 26
0 62
0 57
0 59
0 67
0 49
0 69
0 41
0 45
0 75
0 77
0 43
0 16
0 68
0 45
0 50
0 149
0 139
0 86
0 51
0 34
0 27
0 20
0 272
0 64
0 48
0 156
0 144
0 256
0 78
0 73
0 22
0 18
0 91
0 129
0 119
0 34
0 17
0 213
0 23
0 43
0 56
0 20
0 70
0 178
0 53
0 83
0 25
0 60
0 45
0 15
0 356
0 40
0 114
0 104
0 92
0 101
0 71
0 29
0 50
0 57
0 58
0 86
0 13
0 55
0 59
0 50
0 23
0 68
0 52
0 55
0 50
0 170
0 37
0 70
0 104
0 29
0 31
0 51
0 11
0 143
0 96
0 83
0 25
0 90
0 850
0 41
0 39
0 21
0 89
0 92
0 27
0 105
0 25
0 119
0 31
0 17
0 117
0 36
0 84
0 33
0 75
0 33
0 106
0 85
0 68
0 57
0 99
0 45
0 55
0 68
0 27
0 345
0 25
0 16
0 27
0 131
0 33
0 30
0 53
0 30
0 61
0 134
0 18
0 36
0 52
0 55
0 49
0 27
0 127
0 92
0 125
0 82
0 28
0 43
0 73
0 35
0 13
0 67
0 74
0 172
0 23
0 316
0 88
0 32
0 182
0 38
0 74
0 29
0 122
0 34
0 21
0 80
0 61
0 103
0 28
0 222
0 56
0 10
0 101
0 195
0 21
0 13
0 41
0 65
0 64
0 166
0 46
0 30
0 52
0 115
0 26
0 96
0 47
0 154
0 141
0 44
0 23
0 35
0 53
0 44
0 211
0 185
0 66
0 17
0 55
0 88
0 30
0 53
0 43
0 11
0 153
0 13
0 59
0 22
0 20
0 239
0 16
0 44
0 67
0 61
0 79
0 107
0 109
0 104
0 43
0 97
0 84
0 69
0 18
0 54
0 55
0 82
0 69
0 38
0 23
0 173
0 15
0 69
0 29
0 112
0 58
0 75
0 54
0 44
0 67
0 63
0 63
0 101
0 28
0 88
0 68
0 439
0 118
0 66
0 42
0 146
0 116
0 106
0 72
0 31
0 150
0 19
0 58
0 18
0 53
0 58
0 116
0 31
0 158
0 87
0 61
0 16
0 97
0 22
0 107
0 71
0 54
0 66
0 57
0 51
0 61
0 15
0 96
0 20
0 161
0 29
0 88
0 101
0 21
0 56
0 42
0 69
0 21
0 18
0 30
0 37
0 89
0 72
0 19
0 54
0 48
0 19
0 84
0 114
0 17
0 91
0 35
0 47
0 52
0 84
0 36
0 50
0 103
0 25
0 52
0 43
0 43
0 21
0 88
0 81
0 41
0 45
0 28
0 64
0 81
0 19
0 242
0 22
0 55
0 126
0 79
0 31
0 105
0 33
0 87
0 22
0 55
0 91
0 40
0 48
0 14
0 29
0 44
0 143
0 79
0 53
0 39
0 67
0 22
0 122
0 28
0 21
0 25
0 63
0 136
0 100
0 21
0 32
0 38
0 29
0 52
0 131
0 118
0 170
0 71
0 25
0 38
0 19
0 122
0 26
0 29
0 45
0 221
0 26
0 65
0 84
0 89
0 32
0 32
0 43
0 84
0 45
0 108
0 38
0 47
0 90
0 78
0 81
0 39
0 78
0 56
0 74
0 66
0 82
0 61
0 103
0 31
0 87
0 64
0 48
0 62
0 36
0 25
0 40
0 93
0 81
0 13
0 29
0 40
0 43
0 53
0 34
0 67
0 84
0 54
0 90
0 37
0 27
0 414
0 37
0 23
0 11
0 52
0 58
0 64
0 14
0 51
0 435
0 39
0 67
0 10
0 57
0 530
0 29
0 28
0 99
0 139
0 151
0 24
0 144
0 48
0 45
0 86
0 210
0 86
0 43
0 99
0 151
0 77
0 123
0 102
0 118
0 169
0 31
0 98
0 51
0 41
0 70
0 109
0 46
0 20
0 12
0 99
0 96
0 29
0 28
0 25
0 59
0 61
0 76
0 35
0 42
0 26
0 34
0 138
0 44
0 172
0 73
0 13
0 66
0 83
0 81
0 40
0 79
0 79
0 17
0 36
0 49
0 34
0 93
0 57
0 82
0 133
0 48
0 41
0 49
0 91
0 118
0 102
0 27
0 17
0 17
0 34
0 32
0 47
0 102
0 34
0 30
0 87
0 60
0 60
0 72
0 42
0 51
0 69
0 198
0 151
0 73
0 69
0 103
0 182
0 97
0 142
0 81
0 23
0 55
0 159
0 59
0 28
0 61
0 164
0 39
0 119
0 84
0 85
0 33
0 61
0 86
0 42
0 48
0 33
0 30
0 39
0 171
0 35
0 41
0 141
0 94
0 45
0 43
0 93
0 29
0 61
0 135
0 46
0 88
0 48
0 163
0 79
0 7
0 143
0 92
0 16
0 43
0 38
0 62
0 33
0 73
0 42
0 40
0 53
0 157
0 99
0 51
0 45
0 67
0 39
0 16
0 45
0 131
0 239
0 104
0 96
0 54
0 91
0 37
0 23
0 21
0 56
0 44
0 155
0 30
0 50
0 119
0 69
0 39
0 35
0 78
0 32
0 52
0 110
0 55
0 33
0 39
0 162
0 37
0 14
0 85
0 124
0 60
0 45
0 172
0 85
0 106
0 82
0 60
0 46
0 108
0 53
0 77
0 62
0 15
0 15
0 195
0 37
0 112
0 116
0 40
0 105
0 37
0 44
0 30
0 81
0 17
0 77
0 59
0 174
0 37
0 34
0 185
0 12
0 207
0 61
0 53
0 137
0 24
0 80
0 45
0 58
0 57
0 134
0 20
0 153
0 23
0 23
0 81
0 12
0 88
0 67
0 39
0 151
0 44
0 18
0 57
0 18
0 60
0 34
0 39
0 52
0 65
0 25
0 98
0 83
0 88
0 33
0 168
0 97
0 80
0 38
0 17
0 131
0 62
0 25
0 42
0 43
0 94
0 92
0 194
0 34
0 62
0 31
0 45
0 7
0 42
0 93
0 14
0 41
0 35
0 48
0 126
0 30
0 107
0 121
0 30
0 32
0 36
0 65
0 31
0 42
0 51
0 10
0 93
0 23
0 29
0 26
0 45
0 75
0 34
0 102
0 31
0 77
0 73
0 20
0 266
0 60
0 45
0 130
0 77
0 181
0 316
0 110
0 69
0 25
0 182
0 20
0 15
0 106
0 42
0 183
0 82
0 55
0 44
0 32
0 54
0 37
0 20
0 139
0 14
0 65
0 183
0 17
0 34
0 77
0 168
0 112
0 97
0 174
0 80
0 31
0 138
0 77
0 24
0 22
0 117
0 48
0 74
0 33
0 61
0 79
0 32
0 114
0 39
0 22
0 120
0 39
0 73
0 35
0 90
0 69
0 20
0 12
0 94
0 128
0 97
0 33
0 35
0 108
0 83
0 26
0 45
0 33
0 137
0 76
0 17
0 172
0 60
0 28
0 27
0 14
0 35
0 53
0 108
0 72
0 40
0 37
0 68
0 104
0 38
0 106
0 49
0 29
0 68
0 79
0 72
0 47
0 64
0 24
0 16
0 56
0 56
0 39
0 53
0 73
0 73
0 70
0 101
0 100
0 43
0 71
0 27
0 39
0 66
0 27
0 71
0 57
0 101
0 121
0 58
0 54
0 31
0 20
0 161
0 6
0 104
0 103
0 80
0 80
0 31
0 62
0 55
0 27
0 49
0 17
0 51
0 70
0 37
0 142
0 41
0 63
0 13
0 34
0 65
0 74
0 16
0 47
0 74
0 25
0 124
0 8
0 75
0 22
0 95
0 81
0 57
0 119
0 37
0 117
0 79
0 41
0 142
0 156
0 111
0 11
0 95
0 16
0 42
0 145
0 87
0 48
0 116
0 132
0 23
0 24
0 48
0 115
0 18
0 30
0 30
0 274
0 137
0 104
0 101
0 95
0 40
0 23
0 49
0 25
0 73
0 28
0 27
0 23
0 73
0 28
0 44
0 66
0 71
0 15
0 85
0 55
0 93
0 68
0 58
0 91
0 88
0 29
0 13
0 42
0 33
0 194
0 66
0 21
0 12
0 28
0 87
0 149
0 78
0 104
0 52
0 104
0 16
0 30
0 81
0 58
0 19
0 55
0 95
0 112
0 17
0 12
0 83
0 78
0 92
0 33
0 46
0 63
0 186
0 22
0 41
0 138
0 35
0 105
0 125
0 73
0 71
0 77
0 67
0 83
0 56
0 10
0 60
0 62
0 37
0 59
0 77
0 58
0 23
0 44
0 73
0 50
0 68
0 150
0 34
0 60
0 78
0 91
0 46
0 192
0 42
0 21
0 37
0 76
0 48
0 41
0 101
0 125
0 18
0 85
0 89
0 112
0 27
0 104
0 31
0 225
0 60
0 12
0 89
0 38
0 30
0 48
0 158
0 96
0 104
0 77
0 51
0 98
0 114
0 18
0 77
0 6
0 25
0 90
0 65
0 110
0 32
0 109
0 137
0 39
0 28
0 47
0 35
0 18
0 39
0 27
0 56
0 12
0 17
0 91
0 20
0 81
0 171
0 101
0 71
0 133
0 73
0 54
0 44
0 16
0 98
0 67
0 48
0 91
0 107
0 76
0 56
0 63
0 60
0 142
0 55
0 62
0 101
0 72
0 30
0 76
0 145
0 69
0 32
0 72
0 25
0 27
0 44
0 15
0 131
0 57
0 53
0 74
0 68
0 27
0 45
0 99
0 199
0 38
0 18
0 57
0 95
0 41
0 155
0 20
0 37
0 42
0 36
0 108
0 42
0 154
0 88
0 64
0 46
0 43
0 36
0 34
0 37
0 18
0 17
0 19
0 63
0 149
0 83
0 45
0 45
0 72
0 147
0 98
0 62
0 32
0 47
0 118
0 65
0 45
0 21
0 148
0 113
0 82
0 76
0 64
0 87
0 21
0 139
0 144
0 154
0 26
0 184
0 71
0 78
0 18
0 25
0 33
0 134
0 91
0 61
0 59
0 96
0 101
0 68
0 136
0 28
0 136
0 12
0 69
0 60
0 32
0 22
0 71
0 137
0 28
0 20
0 36
0 164
0 78
0 174
0 242
0 38
0 82
0 244
0 83
0 32
0 102
0 67
0 100
0 184
0 82
0 55
0 45
0 35
0 60
0 65
0 62
0 63
0 11
0 15
0 105
0 24
0 76
0 74
0 93
0 87
0 18
0 171
0 83
0 50
0 55
0 24
0 59
0 17
0 71
0 26
0 213
0 130
0 15
0 18
0 73
0 26
0 68
0 19
0 42
0 78
0 57
0 31
0 47
0 94
0 105
0 61
0 51
0 47
0 51
0 53
0 46
0 68
0 100
0 48
0 90
0 184
0 25
0 63
0 12
0 51
0 22
0 74
0 254
0 50
0 57
0 239
0 58
0 71
0 87
0 37
0 30
0 80
0 28
0 67
0 47
0 10
0 80
0 70
0 84
0 66
0 99
0 42
0 141
0 109
0 61
0 63
0 46
0 88
0 25
0 30
0 66
0 75
0 40
0 48
0 110
0 60
0 81
0 82
0 92
0 156
0 55
0 37
0 67
0 36
0 137
0 30
0 145
0 64
0 57
0 63
0 60
0 50
0 82
0 66
0 21
0 144
0 171
0 61
0 52
0 51
0 12
0 163
0 135
0 66
0 59
0 37
0 80
0 38
0 57
0 69
0 57
0 29
0 19
0 132
0 92
0 150
0 39
0 144
0 42
0 135
0 16
0 113
0 87
0 42
0 24
0 40
0 58
0 35
0 170
0 160
0 57
0 53
0 44
0 45
0 170
0 131
0 120
0 69
0 67
0 52
0 55
0 179
0 113
0 206
0 27
0 140
0 35
0 38
0 53
0 29
0 138
0 59
0 31
0 42
0 29
0 72
0 36
0 61
0 134
0 217
0 114
0 20
0 70
0 79
0 27
0 37
0 15
0 41
0 115
0 72
0 93
0 166
0 28
0 24
0 60
0 89
0 91
0 45
0 28
0 95
0 17
0 36
0 58
0 143
0 47
0 82
0 110
0 15
0 45
0 45
0 41
0 133
0 191
0 61
0 60
0 45
0 65
0 58
0 35
0 72
0 26
0 34
0 25
0 37
0 76
0 16
0 110
0 53
0 333
0 26
0 121
0 225
0 26
0 58
0 29
0 52
0 38
0 38
0 120
0 30
0 120
0 42
0 20
0 38
0 156
0 153
0 80
0 121
0 32
0 39
0 47
0 10
0 11
0 39
0 40
0 53
0 104
0 111
0 41
0 119
0 99
0 31
0 24
0 109
0 56
0 70
0 67
0 87
0 96
0 43
0 42
0 21
0 28
0 16
0 60
0 29
0 22
0 12
0 45
0 27
0 29
0 52
0 37
0 33
0 82
0 54
0 62
0 15
0 62
0 84
0 87
0 126
0 19
0 21
0 37
0 19
0 73
0 43
0 58
0 40
0 142
0 186
0 95
0 25
0 80
0 27
0 41
0 125
0 65
0 58
0 44
0 140
0 44
0 264
0 144
0 247
0 66
0 60
0 167
0 45
0 64
0 106
0 196
0 13
0 94
0 48
0 350
0 25
0 43
0 16
0 145
0 37
0 51
0 35
0 75
0 25
0 68
0 65
0 38
0 18
0 113
0 29
0 90
0 40
0 149
0 23
0 34
0 22
0 58
0 48
0 105
0 39
0 82
0 28
0 40
0 68
0 115
0 17
0 60
0 108
0 258
0 20
0 172
0 46
0 87
0 58
0 51
0 61
0 114
0 29
0 21
0 68
0 60
0 27
0 105
0 106
0 85
0 124
0 113
0 44
0 14
0 38
0 42
0 85
0 61
0 157
0 148
0 43
0 27
0 51
0 33
0 104
0 127
0 41
0 274
0 83
0 280
0 51
0 28
0 44
0 47
0 47
0 220
0 62
0 44
0 37
0 104
0 58
0 40
0 54
0 39
0 37
0 91
0 164
0 175
0 59
0 70
0 134
0 41
0 118
0 240
0 87
0 47
0 218
0 213
0 100
0 31
0 29
0 62
0 22
0 51
0 132
0 31
0 53
0 45
0 39
0 41
0 43
0 58
0 25
0 66
0 70
0 85
0 19
0 107
0 89
0 93
0 63
0 53
0 56
0 25
0 282
0 67
0 62
0 129
0 50
0 46
0 36
0 52
0 31
0 33
0 45
0 17
0 102
0 63
0 34
0 57
0 104
0 45
0 108
0 82
0 84
0 166
0 56
0 78
0 64
0 41
0 72
0 20
0 101
0 85
0 31
0 24
0 31
0 35
0 70
0 31
0 108
0 39
0 83
0 37
0 102
0 45
0 117
0 79
0 60
0 82
0 54
0 53
0 38
0 30
0 35
0 15
0 131
0 21
0 52
0 67
0 116
0 66
0 48
0 53
0 84
0 25
0 315
0 76
0 44
0 140
0 19
0 247
0 83
0 96
0 41
0 67
0 119
0 67
0 33
0 38
0 20
0 126
0 51
0 74
0 91
0 29
0 30
0 104
0 57
0 32
0 44
0 31
0 22
0 137
0 26
0 43
0 33
0 25
0 107
0 246
0 27
0 90
0 127
0 72
0 56
0 22
0 79
0 65
0 28
0 53
0 57
0 81
0 96
0 159
0 223
0 26
0 28
0 48
0 26
0 14
0 50
0 97
0 35
0 66
0 67
0 24
0 16
0 19
0 18
0 58
0 72
0 123
0 87
0 14
0 22
0 74
0 62
0 166
0 117
0 13
0 166
0 62
0 19
0 75
0 41
0 51
0 53
0 28
0 391
0 141
0 43
0 15
0 21
0 70
0 59
0 110
0 48
0 40
0 21
0 25
0 169
0 67
0 22
0 19
0 20
0 76
0 40
0 16
0 46
0 105
0 127
0 69
0 22
0 48
0 77
0 27
0 45
0 58
0 45
0 235
0 24
0 31
0 77
0 87
0 25
0 54
0 19
0 56
0 26
0 16
0 63
0 107
0 65
0 171
0 54
0 42
0 51
0 39
0 24
0 119
0 23
0 90
0 30
0 86
