# SA for random K-SAT
# K = 3   N = 512   M = 1792   seed = 3401324978
# alpha = 3.500000   nIter = 512  Tmax = 0.200000
# 1:lowestUnsat  2:runTime
0 31
0 28
0 56
0 176
0 41
0 90
0 37
0 18
0 70
0 60
0 34
0 99
0 82
0 80
0 217
0 29
0 57
0 89
0 20
0 51
0 23
0 20
0 21
0 58
0 71
0 24
0 54
0 58
0 53
0 24
0 52
0 75
0 30
0 96
0 47
0 43
0 81
0 38
0 111
0 64
0 23
0 38
0 22
0 40
0 70
0 22
0 44
0 80
0 39
0 56
0 32
0 23
0 77
0 31
0 33
0 30
0 32
0 20
0 28
0 30
0 62
0 53
0 74
0 110
0 77
0 35
0 67
0 74
0 36
0 160
0 55
0 22
0 39
0 44
0 49
0 78
0 49
0 69
0 19
0 97
0 26
0 57
0 169
0 21
0 58
0 157
0 34
0 54
0 56
0 9
0 106
0 70
0 35
0 59
0 115
0 57
0 60
0 14
0 40
0 83
0 21
0 45
0 47
0 25
0 107
0 61
0 28
0 45
0 33
0 68
0 28
0 43
0 42
0 31
0 36
0 79
0 23
0 52
0 15
0 60
0 40
0 27
0 65
0 37
0 50
0 30
0 11
0 80
0 68
0 33
0 73
0 38
0 72
0 54
0 96
0 79
0 30
0 25
0 56
0 20
0 71
0 34
0 23
0 36
0 14
0 29
0 39
0 36
0 55
0 25
0 25
0 30
0 13
0 49
0 27
0 274
0 31
0 28
0 26
0 25
0 63
0 60
0 33
0 25
0 23
0 64
0 71
0 175
0 40
0 24
0 29
0 74
0 26
0 46
0 32
0 28
0 22
0 96
0 59
0 70
0 38
0 140
0 44
0 144
0 19
0 137
0 77
0 41
0 49
0 57
0 50
0 30
0 52
0 25
0 22
0 75
0 50
0 91
0 31
0 111
0 156
0 107
0 63
0 57
0 17
0 42
0 69
0 89
0 27
0 184
0 26
0 40
0 46
0 12
0 37
0 17
0 75
0 43
0 30
0 42
0 140
0 44
0 54
0 49
0 41
0 46
0 84
0 73
0 40
0 19
0 41
0 75
0 157
0 17
0 47
0 80
0 30
0 33
0 30
0 75
0 177
0 157
0 58
0 82
0 36
0 81
0 51
0 50
0 61
0 41
0 65
0 40
0 31
0 32
0 20
0 33
0 13
0 30
0 28
0 67
0 78
0 55
0 68
0 281
0 37
0 16
0 17
0 111
0 41
0 51
0 45
0 227
0 205
0 20
0 47
0 38
0 61
0 23
0 21
0 62
0 24
0 81
0 12
0 55
0 13
0 76
0 30
0 27
0 58
0 16
0 39
0 41
0 28
0 32
0 75
0 95
0 33
0 67
0 163
0 28
0 44
0 87
0 38
0 29
0 28
0 59
0 87
0 35
0 24
0 132
0 38
0 56
0 72
0 35
0 87
0 32
0 16
0 19
0 100
0 43
0 16
0 33
0 33
0 97
0 24
0 32
0 117
0 31
0 34
0 50
0 42
0 40
0 21
0 39
0 35
0 163
0 10
0 75
0 22
0 234
0 44
0 33
0 75
0 21
0 50
0 33
0 51
0 11
0 110
0 13
0 42
0 29
0 27
0 31
0 136
0 51
0 39
0 65
0 71
0 42
0 27
0 62
0 33
0 30
0 11
0 40
0 28
0 34
0 114
0 168
0 33
0 54
0 43
0 23
0 50
0 507
0 17
0 89
0 71
0 64
0 53
0 10
0 27
0 42
0 77
0 52
0 19
0 34
0 53
0 71
0 40
0 167
0 34
0 38
0 26
0 34
0 34
0 72
0 27
0 38
0 23
0 47
0 49
0 46
0 13
0 42
0 21
0 40
0 24
0 46
0 68
0 31
0 105
0 62
0 73
0 14
0 49
0 60
0 35
0 81
0 24
0 50
0 72
0 21
0 115
0 29
0 53
0 46
0 119
0 55
0 56
0 38
0 51
0 17
0 30
0 54
0 124
0 27
0 37
0 22
0 60
0 96
0 35
0 45
0 30
0 88
0 131
0 17
0 58
0 88
0 48
0 73
0 32
0 53
0 34
0 87
0 24
0 23
0 67
0 48
0 23
0 68
0 51
0 58
0 41
0 69
0 57
0 75
0 28
0 39
0 36
0 28
0 35
0 17
0 159
0 52
0 23
0 30
0 56
0 44
0 37
0 28
0 72
0 57
0 30
0 65
0 48
0 38
0 77
0 13
0 80
0 101
0 26
0 27
0 56
0 26
0 48
0 38
0 178
0 14
0 32
0 14
0 18
0 56
0 18
0 27
0 78
0 35
0 52
0 53
0 65
0 45
0 37
0 24
0 75
0 13
0 105
0 11
0 14
0 43
0 39
0 15
0 19
0 67
0 100
0 31
0 94
0 77
0 45
0 59
0 29
0 67
0 17
0 58
0 44
0 68
0 73
0 52
0 54
0 125
0 66
0 18
0 69
0 23
0 65
0 512
0 26
0 27
0 56
0 16
0 45
0 135
0 187
0 31
0 14
0 61
0 78
0 23
0 34
0 37
0 83
0 95
0 96
0 47
0 32
0 79
0 62
0 52
0 52
0 106
0 31
0 112
0 42
0 53
0 55
0 55
0 46
0 27
0 37
0 21
0 21
0 51
0 38
0 123
0 101
0 22
0 28
0 50
0 59
0 58
0 32
0 142
0 182
0 75
0 35
0 60
0 20
0 102
0 35
0 45
0 21
0 20
0 45
0 29
0 54
0 35
0 45
0 38
0 46
0 176
0 47
0 43
0 10
0 83
0 12
0 123
0 67
0 32
0 135
0 53
0 181
0 68
0 28
0 14
0 35
0 58
0 96
0 51
0 25
0 45
0 23
0 38
0 26
0 59
0 41
0 45
0 81
0 38
0 31
0 42
0 32
0 39
0 174
0 55
0 23
0 36
0 41
0 28
0 50
0 61
0 122
0 28
0 54
0 38
0 18
0 34
0 42
0 13
0 30
0 91
0 48
0 14
0 54
0 27
0 51
0 91
0 45
0 56
0 63
0 131
0 48
0 32
0 30
0 202
0 11
0 11
0 45
0 45
0 98
0 41
0 39
0 45
0 65
0 40
0 51
0 204
0 78
0 31
0 58
0 13
0 17
0 47
0 58
0 30
0 55
0 13
0 39
0 63
0 42
0 12
0 107
0 98
0 19
0 32
0 59
0 95
0 49
0 34
0 89
0 30
0 9
0 36
0 42
0 14
0 182
0 47
0 21
0 33
0 15
0 37
0 16
0 24
0 64
0 27
0 64
0 39
0 67
0 43
0 27
0 151
0 66
0 15
0 40
0 24
0 42
0 61
0 26
0 81
0 38
0 206
0 39
0 21
0 36
0 36
0 112
0 23
0 83
0 73
0 53
0 19
0 33
0 47
0 10
0 76
0 51
0 96
0 23
0 73
0 50
0 129
0 182
0 11
0 72
0 47
0 64
0 18
0 147
0 76
0 42
0 89
0 51
0 68
0 69
0 36
0 53
0 131
0 53
0 270
0 38
0 33
0 42
0 37
0 21
0 27
0 53
0 77
0 46
0 115
0 28
0 104
0 74
0 46
0 34
0 47
0 32
0 76
0 17
0 32
0 51
0 13
0 148
0 89
0 26
0 22
0 43
0 29
0 66
0 81
0 81
0 61
0 34
0 27
0 74
0 410
0 48
0 17
0 12
0 39
0 17
0 28
0 45
0 169
0 55
0 58
0 31
0 31
0 100
0 91
0 62
0 162
0 17
0 47
0 105
0 24
0 46
0 30
0 106
0 51
0 76
0 37
0 188
0 25
0 66
0 37
0 73
0 60
0 133
0 27
0 94
0 116
0 26
0 21
0 18
0 39
0 148
0 38
0 46
0 40
0 44
0 41
0 109
0 63
0 26
0 77
0 17
0 45
0 20
0 75
0 29
0 56
0 82
0 42
0 21
0 42
0 110
0 76
0 31
0 49
0 52
0 92
0 70
0 117
0 80
0 21
0 109
0 32
0 55
0 41
0 42
0 20
0 40
0 48
0 127
0 23
0 36
0 37
0 112
0 221
0 46
0 46
0 40
0 43
0 34
0 43
0 95
0 74
0 73
0 13
0 37
0 47
0 17
0 162
0 38
0 87
0 26
0 83
0 24
0 38
0 54
0 101
0 87
0 180
0 78
0 27
0 51
0 100
0 48
0 92
0 44
0 47
0 32
0 44
0 46
0 66
0 32
0 74
0 94
0 173
0 60
0 67
0 28
0 10
0 45
0 30
0 80
0 11
0 136
0 30
0 73
0 72
0 34
0 38
0 27
0 41
0 65
0 57
0 60
0 75
0 42
0 39
0 49
0 83
0 326
0 14
0 39
0 28
0 63
0 40
0 51
0 21
0 90
0 44
0 37
0 107
0 11
0 52
0 55
0 67
0 51
0 38
0 25
0 45
0 33
0 20
0 24
0 125
0 21
0 84
0 13
0 33
0 19
0 87
0 37
0 16
0 37
0 77
0 36
0 13
0 43
0 17
0 47
0 54
0 56
0 35
0 57
0 54
0 29
0 46
0 39
0 26
0 17
0 51
0 43
0 28
0 99
0 23
0 28
0 197
0 39
0 123
0 127
0 27
0 85
0 21
0 20
0 13
0 30
0 34
0 110
0 19
0 27
0 47
0 68
0 49
0 41
0 15
0 39
0 110
0 61
0 105
0 68
0 42
0 38
0 71
0 51
0 61
0 22
0 28
0 57
0 66
0 63
0 40
0 17
0 38
0 25
0 21
0 19
0 84
0 90
0 56
0 26
0 93
0 55
0 17
0 27
0 29
0 44
0 38
0 139
0 64
0 9
0 104
0 45
0 51
0 49
0 41
0 28
0 26
0 58
0 17
0 49
0 40
0 56
0 139
0 45
0 82
0 54
0 11
0 149
0 58
0 86
0 104
0 79
0 54
0 83
0 39
0 50
0 81
0 61
0 20
0 57
0 43
0 15
0 52
0 19
0 49
0 25
0 39
0 29
0 90
0 30
0 32
0 44
0 46
0 36
0 47
0 29
0 40
0 43
0 34
0 51
0 34
0 57
0 37
0 17
0 14
0 95
0 48
0 94
0 42
0 17
0 28
0 30
0 52
0 34
0 61
0 48
0 44
0 63
0 79
0 36
0 103
0 77
0 43
0 43
0 30
0 46
0 19
0 175
0 66
0 30
0 32
0 34
0 74
0 38
0 63
0 162
0 70
0 12
0 54
0 18
0 31
0 46
0 29
0 94
0 42
0 47
0 63
0 23
0 28
0 124
0 26
0 50
0 23
0 61
0 36
0 15
0 40
0 46
0 23
0 20
0 38
0 86
0 110
0 124
0 64
0 65
0 54
0 32
0 17
0 52
0 109
0 42
0 64
0 89
0 16
0 51
0 33
0 18
0 51
0 36
0 26
0 31
0 30
0 229
0 93
0 64
0 105
0 21
0 54
0 30
0 42
0 120
0 38
0 31
0 52
0 69
0 78
0 39
0 95
0 28
0 66
0 71
0 17
0 32
0 14
0 66
0 44
0 29
0 35
0 121
0 14
0 46
0 23
0 23
0 35
0 161
0 45
0 50
0 15
0 33
0 53
0 112
0 20
0 17
0 19
0 23
0 75
0 196
0 77
0 82
0 70
0 94
0 39
0 46
0 41
0 62
0 36
0 79
0 40
0 41
0 48
0 77
0 69
0 32
0 29
0 25
0 46
0 33
0 46
0 56
0 22
0 15
0 32
0 44
0 109
0 16
0 62
0 78
0 94
0 87
0 20
0 17
0 51
0 38
0 31
0 29
0 22
0 28
0 30
0 97
0 36
0 24
0 23
0 64
0 28
0 18
0 142
0 34
0 50
0 23
0 15
0 56
0 64
0 26
0 40
0 15
0 99
0 44
0 60
0 47
0 19
0 17
0 38
0 51
0 53
0 42
0 57
0 69
0 18
0 50
0 28
0 41
0 21
0 32
0 76
0 40
0 75
0 42
0 54
0 73
0 60
0 33
0 97
0 72
0 86
0 71
0 34
0 15
0 17
0 32
0 66
0 24
0 65
0 40
0 22
0 23
0 90
0 61
0 108
0 60
0 49
0 19
0 49
0 51
0 58
0 186
0 65
0 36
0 21
0 39
0 84
0 19
0 97
0 12
0 24
0 42
0 16
0 50
0 58
0 54
0 28
0 37
0 149
0 41
0 22
0 86
0 55
0 33
0 102
0 36
0 36
0 41
0 24
0 12
0 65
0 15
0 54
0 26
0 57
0 26
0 47
0 15
0 105
0 76
0 13
0 99
0 88
0 23
0 59
0 70
0 10
0 12
0 28
0 52
0 126
0 131
0 11
0 51
0 56
0 67
0 351
0 33
0 22
0 193
0 30
0 38
0 19
0 115
0 53
0 49
0 14
0 75
0 20
0 27
0 116
0 20
0 12
0 21
0 31
0 9
0 49
0 27
0 30
0 76
0 23
0 86
0 53
0 81
0 94
0 89
0 23
0 19
0 78
0 38
0 22
0 174
0 47
0 80
0 34
0 43
0 42
0 54
0 99
0 86
0 27
0 31
0 126
0 32
0 73
0 19
0 21
0 19
0 54
0 61
0 57
0 22
0 128
0 153
0 27
0 36
0 47
0 107
0 118
0 82
0 58
0 20
0 31
0 29
0 68
0 61
0 89
0 75
0 21
0 39
0 106
0 60
0 85
0 44
0 52
0 31
0 64
0 29
0 67
0 33
0 43
0 39
0 88
0 69
0 31
0 59
0 76
0 28
0 65
0 30
0 100
0 48
0 51
0 37
0 56
0 16
0 41
0 47
0 37
0 29
0 74
0 50
0 77
0 82
0 39
0 98
0 37
0 27
0 39
0 30
0 8
0 44
0 83
0 101
0 45
0 9
0 123
0 158
0 41
0 105
0 47
0 27
0 90
0 57
0 29
0 111
0 71
0 78
0 107
0 32
0 120
0 40
0 54
0 42
0 27
0 36
0 38
0 37
0 14
0 108
0 66
0 14
0 60
0 65
0 15
0 27
0 124
0 90
0 21
0 49
0 47
0 53
0 43
0 130
0 28
0 29
0 50
0 54
0 33
0 52
0 58
0 86
0 56
0 31
0 56
0 18
0 22
0 134
0 47
0 21
0 34
0 56
0 26
0 37
0 48
0 111
0 67
0 97
0 51
0 69
0 14
0 53
0 44
0 51
0 76
0 32
0 41
0 49
0 35
0 63
0 77
0 55
0 41
0 28
0 36
0 56
0 30
0 24
0 159
0 15
0 33
0 157
0 86
0 50
0 106
0 179
0 56
0 26
0 81
0 32
0 51
0 228
0 26
0 32
0 29
0 31
0 53
0 20
0 55
0 52
0 141
0 69
0 11
0 10
0 52
0 48
0 56
0 42
0 48
0 39
0 35
0 49
0 70
0 47
0 57
0 36
0 73
0 43
0 46
0 30
0 66
0 27
0 98
0 13
0 153
0 56
0 62
0 21
0 34
0 38
0 63
0 69
0 19
0 43
0 101
0 61
0 38
0 29
0 32
0 32
0 204
0 62
0 73
0 53
0 92
0 106
0 44
0 110
0 33
0 154
0 118
0 42
0 25
0 15
0 48
0 13
0 73
0 25
0 44
0 29
0 20
0 208
0 88
0 52
0 27
0 39
0 102
0 39
0 17
0 41
0 33
0 36
0 113
0 10
0 39
0 18
0 20
0 31
0 91
0 51
0 80
0 56
0 93
0 31
0 22
0 33
0 28
0 27
0 18
0 76
0 13
0 39
0 91
0 54
0 32
0 110
0 40
0 127
0 36
0 44
0 66
0 52
0 25
0 62
0 63
0 31
0 29
0 22
0 39
0 19
0 25
0 15
0 84
0 34
0 92
0 44
0 95
0 20
0 144
0 37
0 45
0 43
0 12
0 85
0 34
0 91
0 78
0 42
0 52
0 56
0 31
0 113
0 35
0 29
0 83
0 49
0 46
0 42
0 72
0 104
0 42
0 59
0 53
0 71
0 58
0 17
0 49
0 36
0 74
0 26
0 20
0 178
0 334
0 26
0 17
0 28
0 59
0 24
0 23
0 57
0 44
0 28
0 106
0 31
0 43
0 36
0 53
0 13
0 47
0 27
0 38
0 68
0 34
0 38
0 140
0 30
0 107
0 36
0 11
0 55
0 49
0 94
0 21
0 29
0 28
0 439
0 62
0 46
0 44
0 33
0 32
0 49
0 66
0 53
0 30
0 41
0 82
0 23
0 22
0 26
0 113
0 18
0 67
0 15
0 13
0 31
0 20
0 42
0 20
0 26
0 18
0 35
0 31
0 99
0 81
0 42
0 105
0 42
0 13
0 60
0 55
0 48
0 34
0 120
0 13
0 29
0 14
0 27
0 18
0 113
0 25
0 68
0 85
0 39
0 164
0 56
0 88
0 41
0 115
0 31
0 37
0 117
0 80
0 55
0 21
0 23
0 31
0 53
0 41
0 27
0 24
0 18
0 41
0 50
0 55
0 97
0 37
0 50
0 28
0 39
0 24
0 88
0 76
0 30
0 47
0 337
0 33
0 50
0 35
0 45
0 32
0 39
0 25
0 38
0 78
0 50
0 58
0 41
0 60
0 30
0 20
0 60
0 52
0 21
0 26
0 38
0 50
0 23
0 18
0 77
0 16
0 44
0 43
0 17
0 48
0 96
0 228
0 137
0 49
0 22
0 31
0 96
0 96
0 25
0 71
0 94
0 45
0 59
0 44
0 74
0 93
0 37
0 43
0 22
0 15
0 76
0 76
0 44
0 185
0 28
0 28
0 40
0 97
0 231
0 38
0 51
0 22
0 26
0 15
0 18
0 24
0 83
0 126
0 59
0 21
0 53
0 98
0 55
0 34
0 50
0 61
0 149
0 22
0 72
0 32
0 25
0 44
0 35
0 25
0 26
0 20
0 80
0 73
0 25
0 195
0 22
0 74
0 58
0 43
0 41
0 31
0 13
0 68
0 52
0 48
0 66
0 13
0 50
0 84
0 75
0 36
0 26
0 18
0 94
0 44
0 113
0 41
0 37
0 60
0 33
0 19
0 72
0 53
0 68
0 83
0 84
0 104
0 41
0 34
0 49
0 180
0 65
0 37
0 326
0 24
0 69
0 37
0 39
0 13
0 44
0 67
0 42
0 66
0 31
0 43
0 69
0 28
0 58
0 101
0 54
0 20
0 92
0 43
0 63
0 141
0 24
0 34
0 59
0 138
0 17
0 119
0 112
0 64
0 88
0 38
0 69
0 97
0 17
0 86
0 36
0 16
0 153
0 37
0 60
0 65
0 41
0 105
0 25
0 9
0 47
0 26
0 85
0 29
0 22
0 30
0 18
0 33
0 14
0 88
0 30
0 21
0 42
0 93
0 49
0 28
0 138
0 86
0 61
0 44
0 80
0 64
0 114
0 15
0 100
0 25
0 46
0 78
0 37
0 25
0 114
0 52
0 95
0 49
0 92
0 19
0 45
0 18
0 92
0 38
0 21
0 92
0 40
0 66
0 19
0 150
0 32
0 32
0 60
0 34
0 73
0 34
0 55
0 63
0 48
0 27
0 58
0 109
0 94
0 58
0 41
0 34
0 143
0 79
0 44
0 81
0 23
0 44
0 260
0 70
0 53
0 51
0 22
0 77
0 70
0 142
0 123
0 55
0 129
0 32
0 136
0 62
0 33
0 53
0 108
0 30
0 22
0 21
0 24
0 26
0 35
0 66
0 40
0 48
0 31
0 53
0 56
0 76
0 78
0 16
0 60
0 57
0 85
0 15
0 47
0 20
0 66
0 15
0 72
0 47
0 59
0 62
0 129
0 88
0 57
0 18
0 45
0 37
0 32
0 23
0 42
0 23
0 28
0 68
0 45
0 30
0 21
0 101
0 56
0 43
0 21
0 29
0 86
0 68
0 93
0 51
0 56
0 343
0 152
0 13
0 23
0 87
0 118
0 44
0 27
0 25
0 111
0 242
0 15
0 31
0 43
0 22
0 69
0 53
0 48
0 27
0 131
0 15
0 41
0 54
0 42
0 36
0 55
0 41
0 52
0 78
0 36
0 15
0 45
0 22
0 64
0 93
0 50
0 67
0 12
0 28
0 29
0 68
0 23
0 99
0 59
0 48
0 61
0 74
0 13
0 50
0 44
0 27
0 128
0 54
0 33
0 145
0 15
0 160
0 47
0 13
0 16
0 52
0 67
0 35
0 59
0 30
0 82
0 52
0 44
0 36
0 45
0 11
0 40
0 101
0 30
0 38
0 54
0 30
0 66
0 18
0 63
0 62
0 26
0 35
0 39
0 34
0 46
0 133
0 26
0 85
0 35
0 437
0 52
0 71
0 37
0 38
0 21
0 37
0 43
0 66
0 46
0 160
0 15
0 11
0 64
0 38
0 16
0 32
0 39
0 61
0 38
0 35
0 67
0 12
0 67
0 50
0 26
0 101
0 69
0 26
0 40
0 47
0 54
0 15
0 117
0 32
0 94
0 14
0 38
0 18
0 169
0 30
0 44
0 66
0 74
0 38
0 53
0 70
0 70
0 95
0 38
0 93
0 22
0 76
0 253
0 46
0 295
0 101
0 20
0 79
0 101
0 35
0 53
0 47
0 47
0 102
0 21
0 43
0 56
0 112
0 36
0 91
0 28
0 45
0 26
0 85
0 61
0 82
0 41
0 51
0 34
0 166
0 159
0 42
0 61
0 59
0 22
0 52
0 39
0 57
0 25
0 61
0 104
0 37
0 67
0 31
0 30
0 48
0 40
0 52
0 66
0 271
0 64
0 40
0 56
0 17
0 57
0 27
0 43
0 46
0 231
0 36
0 27
0 42
0 72
0 25
0 15
0 23
0 66
0 41
0 8
0 22
0 42
0 60
0 39
0 53
0 56
0 27
0 19
0 43
0 41
0 65
0 28
0 61
0 47
0 14
0 25
0 25
0 47
0 50
0 58
0 46
0 39
0 91
0 67
0 63
0 59
0 86
0 45
0 23
0 144
0 82
0 33
0 15
0 40
0 24
0 35
0 42
0 67
0 19
0 51
0 46
0 22
0 102
0 70
0 20
0 88
0 54
0 72
0 16
0 37
0 118
0 106
0 18
0 61
0 45
0 39
0 54
0 13
0 37
0 68
0 35
0 77
0 51
0 155
0 39
0 52
0 57
0 66
0 14
0 173
0 84
0 33
0 40
0 49
0 40
0 101
0 48
0 113
0 35
0 45
0 36
0 40
0 57
0 69
0 134
0 39
0 30
0 40
0 47
0 76
0 40
0 141
0 29
0 24
0 38
0 95
0 18
0 104
0 21
0 189
0 110
0 23
0 46
0 111
0 28
0 49
0 39
0 23
0 81
0 37
0 126
0 32
0 26
0 118
0 117
0 16
0 52
0 47
0 28
0 19
0 69
0 69
0 31
0 123
0 71
0 22
0 27
0 37
0 42
0 18
0 88
0 35
0 81
0 14
0 26
0 43
0 25
0 38
0 102
0 79
0 24
0 37
0 29
0 76
0 95
0 20
0 15
0 103
0 30
0 50
0 59
0 45
0 105
0 74
0 31
0 56
0 127
0 57
0 95
0 46
0 128
0 60
0 41
0 53
0 15
0 74
0 48
0 61
0 70
0 23
0 99
0 33
0 57
0 20
0 36
0 14
0 9
0 65
0 34
0 35
0 122
0 57
0 116
0 30
0 27
0 54
0 23
0 65
0 69
0 26
0 48
0 53
0 40
0 16
0 67
0 31
0 34
0 162
0 219
0 28
0 43
0 23
0 28
0 67
0 30
0 37
0 36
0 39
0 48
0 45
0 25
0 82
0 24
0 26
0 14
0 51
0 12
0 19
0 69
0 13
0 24
0 34
0 17
0 60
0 65
0 44
0 32
0 38
0 14
0 32
0 101
0 83
0 89
0 45
0 79
0 31
0 53
0 26
0 26
0 34
0 31
0 14
0 18
0 69
0 32
0 21
0 33
0 111
0 102
0 32
0 62
0 55
0 30
0 18
0 61
0 72
0 27
0 86
0 57
0 32
0 21
0 56
0 130
0 35
0 16
0 154
0 58
0 30
0 24
0 50
0 40
0 26
0 29
0 27
0 26
0 93
0 119
0 57
0 109
0 55
0 86
0 27
0 37
0 120
0 30
0 41
0 66
0 127
0 50
0 108
0 77
0 22
0 97
0 69
0 32
0 45
0 206
0 51
0 25
0 14
0 79
0 80
0 52
0 135
0 44
0 97
0 81
0 27
0 45
0 18
0 26
0 29
0 223
0 80
0 30
0 64
0 87
0 49
0 46
0 43
0 25
0 24
0 104
0 51
0 11
0 19
0 49
0 32
0 27
0 67
0 40
0 24
0 50
0 31
0 247
0 42
0 125
0 20
0 79
0 21
0 50
0 93
0 73
0 45
0 85
0 94
0 32
0 201
0 14
0 283
0 21
0 18
0 38
0 41
0 183
0 28
0 35
0 196
0 40
0 135
0 90
0 16
0 36
0 39
0 37
0 23
0 212
0 30
0 26
0 30
0 32
0 38
0 76
0 84
0 26
0 46
0 33
0 90
0 58
0 65
0 50
0 47
0 47
0 12
0 23
0 42
0 96
0 20
0 16
0 38
0 40
0 15
0 17
0 53
0 64
0 84
0 10
0 23
0 95
0 43
0 51
0 62
0 18
0 42
0 115
0 27
0 105
0 93
0 24
0 74
0 52
0 30
0 71
0 63
0 38
0 71
0 65
0 20
0 46
0 87
0 46
0 79
0 25
0 94
0 80
0 80
0 35
0 45
0 65
0 55
0 51
0 36
0 37
0 59
0 9
0 64
0 63
0 59
0 39
0 25
0 30
0 217
0 44
0 51
0 26
0 29
0 41
0 54
0 18
0 105
0 50
0 74
0 119
0 22
0 53
0 40
0 21
0 20
0 94
0 45
0 68
0 32
0 35
0 59
0 96
0 24
0 46
0 17
0 122
0 42
0 40
0 41
0 59
0 47
0 58
0 85
0 64
0 25
0 32
0 83
0 67
0 66
0 15
0 87
0 56
0 14
0 104
0 25
0 63
0 57
0 45
0 22
0 91
0 38
0 34
0 24
0 311
0 27
0 30
0 74
0 55
0 56
0 62
0 16
0 19
0 35
0 34
0 37
0 16
0 60
0 97
0 22
0 70
0 28
0 37
0 28
0 176
0 127
0 73
0 75
0 89
0 34
0 35
0 24
0 23
0 35
0 36
0 47
0 15
0 56
0 47
0 94
0 39
0 19
0 20
0 80
0 36
0 26
0 121
0 43
0 65
0 123
0 39
0 51
0 47
0 106
0 53
0 28
0 30
0 40
0 16
0 89
0 38
0 19
0 49
0 63
0 53
0 108
0 77
0 26
0 23
0 27
0 40
0 61
0 32
0 30
0 35
0 53
0 71
0 44
0 163
0 41
0 121
0 107
0 52
0 24
0 22
0 178
0 43
0 50
0 69
0 24
0 20
0 43
0 17
0 29
0 127
0 57
0 65
0 108
0 17
0 68
0 35
0 33
0 21
0 38
0 65
0 125
0 29
0 33
0 65
0 20
0 24
0 51
0 62
0 28
0 51
0 32
0 20
0 29
0 32
0 21
0 41
0 54
0 52
0 17
0 31
0 88
0 22
0 72
0 38
0 39
0 36
0 130
0 51
0 34
0 51
0 83
0 23
0 28
0 69
0 19
0 35
0 35
0 33
0 42
0 33
0 72
0 21
0 71
0 32
0 129
0 131
0 36
0 101
0 35
0 26
0 44
0 22
0 68
0 37
0 54
0 188
0 20
0 29
0 30
0 21
0 15
0 33
0 50
0 59
0 32
0 55
0 42
0 51
0 43
0 27
0 193
0 25
0 12
0 21
0 40
0 32
0 51
0 55
0 47
0 22
0 60
0 24
0 79
0 133
0 19
0 25
0 60
0 161
0 66
0 31
0 29
0 200
0 23
0 29
0 45
0 102
0 24
0 22
0 21
0 63
0 26
0 17
0 67
0 41
0 68
0 17
0 30
0 50
0 48
0 55
0 54
0 28
0 71
0 14
0 10
0 30
0 26
0 39
0 36
0 123
0 60
0 73
0 58
0 186
0 152
0 24
0 50
0 38
0 12
0 18
0 64
0 19
0 37
0 51
0 71
0 28
0 210
0 52
0 48
0 30
0 48
0 61
0 30
0 61
0 117
0 42
0 45
0 36
0 26
0 30
0 53
0 10
0 47
0 262
0 68
0 29
0 85
0 36
0 68
0 26
0 33
0 27
0 73
0 96
0 179
0 23
0 28
0 91
0 51
0 57
0 30
0 18
0 119
0 39
0 104
0 108
0 104
0 41
0 36
0 29
0 28
0 229
0 70
0 22
0 94
0 50
0 101
0 19
0 35
0 27
0 40
0 58
0 27
0 87
0 47
0 31
0 40
0 65
0 29
0 23
0 51
0 12
0 36
0 23
0 62
0 47
0 54
0 65
0 22
0 96
0 82
0 23
0 103
0 69
0 48
0 30
0 112
0 57
0 27
0 52
0 95
0 70
0 95
0 32
0 93
0 74
0 37
0 38
0 81
0 20
0 161
0 59
0 25
0 24
0 90
0 78
0 44
0 74
0 48
0 55
0 26
0 90
0 24
0 96
0 28
0 79
0 32
0 102
0 46
0 13
0 49
0 53
0 124
0 84
0 86
0 81
0 113
0 16
0 31
0 45
0 27
0 59
0 28
0 16
0 25
0 109
0 92
0 44
0 27
0 13
0 34
0 25
0 86
0 80
0 113
0 41
0 72
0 50
0 8
0 43
0 66
0 50
0 173
0 28
0 129
0 31
0 29
0 70
0 42
0 38
0 34
0 99
0 18
0 62
0 16
0 33
0 42
0 61
0 66
0 20
0 108
0 39
0 32
0 43
0 21
0 25
0 54
0 12
0 16
0 22
0 79
0 70
0 36
0 49
0 48
0 53
0 26
0 60
0 92
0 47
0 81
0 27
0 61
0 60
0 25
0 36
0 125
0 37
0 67
0 34
0 35
0 11
0 86
0 28
0 56
0 41
0 37
0 72
0 67
0 11
0 61
0 86
0 35
0 28
0 35
0 61
0 113
0 25
0 39
0 53
0 23
0 16
0 28
0 38
0 28
0 49
0 42
0 92
0 119
0 14
0 81
0 38
0 68
0 33
0 25
0 68
0 13
0 110
0 32
0 41
0 102
0 146
0 58
0 18
0 70
0 27
0 85
0 47
0 33
0 23
0 26
0 35
0 156
0 20
0 51
0 69
0 78
0 22
0 36
0 102
0 77
0 27
0 115
0 16
0 24
0 42
0 65
0 77
0 152
0 52
0 22
0 84
0 17
0 26
0 98
0 79
0 56
0 92
0 8
0 37
0 81
0 168
0 83
0 29
0 39
0 24
0 37
0 57
0 64
0 84
0 40
0 40
0 17
0 62
0 67
0 15
0 46
0 82
0 25
0 18
0 25
0 27
0 61
0 46
0 110
0 89
0 131
0 26
0 43
0 34
0 35
0 44
0 30
0 146
0 103
0 19
0 28
0 260
0 40
0 46
0 28
0 80
0 22
0 76
0 62
0 91
0 19
0 67
0 27
0 35
0 50
0 11
0 16
0 29
0 27
0 96
0 44
0 27
0 131
0 30
0 20
0 17
0 13
0 81
0 73
0 62
0 104
0 39
0 26
0 48
0 140
0 55
0 95
0 106
0 46
0 55
0 63
0 71
0 15
0 92
0 19
0 57
0 163
0 71
0 155
0 43
0 44
0 65
0 65
0 17
0 172
0 37
0 45
0 44
0 82
0 103
0 26
0 53
0 14
0 156
0 61
0 149
0 23
0 72
0 60
0 51
0 33
0 126
0 22
0 128
0 33
0 300
0 67
0 18
0 56
0 38
0 68
0 44
0 56
0 16
0 19
0 86
0 150
0 31
0 26
0 113
0 64
0 46
0 178
0 20
0 40
0 32
0 60
0 133
0 46
0 17
0 77
0 40
0 18
0 30
0 21
0 79
0 29
0 66
0 19
0 118
0 75
0 21
0 23
0 52
0 44
0 53
0 13
0 18
0 20
0 28
0 31
0 73
0 84
0 33
0 46
0 13
0 82
0 85
0 46
0 25
0 56
0 55
0 43
0 101
0 83
0 56
0 56
0 16
0 15
0 251
0 59
0 24
0 29
0 97
0 38
0 27
0 23
0 68
0 35
0 40
0 23
0 28
0 20
0 105
0 37
0 84
0 88
0 12
0 20
0 21
0 83
0 122
0 30
0 26
0 18
0 51
0 57
0 37
0 57
0 67
0 78
0 43
0 23
0 70
0 39
0 49
0 126
0 121
0 55
0 45
0 54
0 20
0 12
0 43
0 25
0 38
0 88
0 39
0 70
0 34
0 75
0 25
0 128
0 32
0 65
0 35
0 73
0 70
0 35
0 36
0 52
0 95
0 44
0 47
0 250
0 78
0 86
0 58
0 44
0 19
0 54
0 85
0 92
0 37
0 194
0 32
0 61
0 64
0 88
0 41
0 34
0 58
0 22
0 72
0 30
0 77
0 33
0 68
0 48
0 62
0 45
0 91
0 9
0 63
0 148
0 63
0 21
0 156
0 69
0 49
0 148
0 150
0 28
0 14
0 9
0 49
0 25
0 19
0 46
0 72
0 29
0 65
0 163
0 80
0 120
0 78
0 28
0 92
0 20
0 49
0 32
0 56
0 33
0 53
0 35
0 41
0 13
0 75
0 68
0 46
0 77
0 32
0 57
0 35
0 65
0 81
0 42
0 110
0 200
0 39
0 26
0 40
0 40
0 22
0 33
0 81
0 148
0 46
0 61
0 41
0 74
0 24
0 89
0 13
0 110
0 19
0 15
0 90
0 65
0 30
0 13
0 18
0 138
0 56
0 97
0 29
0 21
0 20
0 38
0 45
0 31
0 36
0 245
0 31
0 74
0 102
0 26
0 76
0 34
0 115
0 89
0 78
0 69
0 38
0 30
0 40
0 80
0 23
0 68
0 14
0 132
0 37
0 84
0 52
0 54
0 71
0 154
0 13
0 85
0 24
0 30
0 99
0 71
0 41
0 35
0 128
0 35
0 21
0 12
0 54
0 196
0 43
0 37
0 37
0 217
0 84
0 35
0 100
0 46
0 34
0 72
0 45
0 71
0 36
0 214
0 14
0 31
0 49
0 29
0 77
0 17
0 27
0 34
0 49
0 26
0 20
0 49
0 89
0 39
0 43
0 24
0 28
0 51
0 32
0 21
0 41
0 15
0 20
0 90
0 149
0 41
0 25
0 23
0 72
0 52
0 13
0 36
0 104
0 134
0 35
0 65
0 39
0 37
0 27
0 101
0 48
0 30
0 47
0 18
0 44
0 75
0 49
0 24
0 39
0 52
0 36
0 27
0 38
0 41
0 18
0 24
0 29
0 67
0 22
0 78
0 22
0 103
0 172
0 99
0 115
0 36
0 126
0 20
0 31
0 30
0 21
0 32
0 46
0 37
0 40
0 28
0 24
0 84
0 151
0 51
0 14
0 234
0 38
0 66
0 33
0 25
0 104
0 123
0 29
0 75
0 22
0 20
0 58
0 91
0 27
0 89
0 34
0 111
0 85
0 60
0 54
0 50
0 262
0 34
0 48
0 19
0 24
0 16
0 32
0 87
0 98
0 90
0 39
0 47
0 49
0 203
0 105
0 73
0 105
0 83
0 254
0 20
0 59
0 91
0 66
0 126
0 46
0 88
0 59
0 8
0 36
0 101
0 10
0 33
0 129
0 25
0 28
0 43
0 111
0 119
0 68
0 101
0 40
0 92
0 51
0 39
0 126
0 23
0 59
0 32
0 21
0 40
0 48
0 44
0 66
0 23
0 135
0 84
0 54
0 103
0 18
0 75
0 126
0 12
0 61
0 18
0 43
0 42
0 82
0 141
0 13
0 29
0 38
0 24
0 72
0 93
0 38
0 27
0 52
0 212
0 31
0 37
0 44
0 169
0 14
0 25
0 85
0 44
0 43
0 57
0 65
0 16
0 19
0 51
0 163
0 56
0 33
0 41
0 70
0 53
0 99
0 50
0 33
0 26
0 23
0 62
0 79
0 58
0 31
0 95
0 39
0 23
0 244
0 43
0 29
0 64
0 25
0 45
0 15
0 59
0 16
0 115
0 49
0 38
0 16
0 68
0 6
0 27
0 64
0 27
0 81
0 24
0 65
0 38
0 12
0 240
0 38
0 41
0 23
0 64
0 27
0 72
0 23
0 28
0 117
0 82
0 38
0 55
0 19
0 45
0 61
0 167
0 14
0 105
0 47
0 22
0 16
0 97
0 43
0 45
0 76
0 21
0 27
0 104
0 61
0 122
0 259
0 64
0 57
0 86
0 29
0 76
0 18
0 152
0 16
0 41
0 59
0 39
0 213
0 60
0 45
0 28
0 24
0 123
0 69
0 14
0 43
0 76
0 77
0 30
0 32
0 19
0 52
0 110
0 33
0 63
0 13
0 131
0 30
0 70
0 38
0 50
0 26
0 53
0 136
0 21
0 37
0 85
0 77
0 39
0 53
0 31
0 54
0 35
0 47
0 64
0 40
0 80
0 22
0 26
0 76
0 56
0 96
0 28
0 11
0 70
0 24
0 39
0 9
0 55
0 43
0 79
0 16
0 69
0 31
0 38
0 175
0 52
0 28
0 28
0 62
0 62
0 32
0 15
0 92
0 28
0 66
0 76
0 74
0 95
0 43
0 35
0 40
0 66
0 26
0 234
0 59
0 64
0 50
0 18
0 54
0 82
0 38
0 18
0 76
0 67
0 58
0 35
0 13
0 45
0 91
0 61
0 54
0 49
0 30
0 64
0 36
0 35
0 46
0 57
0 21
0 40
0 41
0 66
0 83
0 60
0 59
0 53
0 148
0 35
0 42
0 53
0 23
0 48
0 40
0 153
0 89
0 43
0 72
0 93
0 39
0 28
0 30
0 50
0 16
0 10
0 38
0 63
0 41
0 135
0 21
0 46
0 95
0 25
0 64
0 39
0 56
0 26
0 33
0 34
0 46
0 24
0 19
0 45
0 48
0 35
0 84
0 30
0 31
0 16
0 52
0 24
0 134
0 64
0 63
0 49
0 118
0 58
0 55
0 41
0 54
0 53
0 35
0 61
0 32
0 185
0 27
0 42
0 100
0 130
0 92
0 86
0 18
0 98
0 34
0 30
0 78
0 20
0 66
0 26
0 25
0 86
0 57
0 41
0 30
0 60
0 17
0 18
0 57
0 30
0 87
0 24
0 39
0 45
0 39
0 44
0 76
0 32
0 13
0 49
0 29
0 56
0 73
0 52
0 84
0 76
0 21
0 24
0 28
0 44
0 13
0 155
0 111
0 49
0 92
0 32
0 21
0 35
0 26
0 88
0 34
0 135
0 77
0 81
0 37
0 26
0 58
0 16
0 70
0 45
0 41
0 73
0 151
0 234
0 49
0 78
0 13
0 20
0 14
0 32
0 57
0 47
0 23
0 101
0 63
0 38
0 27
0 23
0 24
0 55
0 55
0 86
0 53
0 42
0 117
0 65
0 58
0 142
0 27
0 85
0 57
0 22
0 115
0 103
0 31
0 92
0 70
0 36
0 82
0 71
0 91
0 65
0 108
0 99
0 28
0 77
0 40
0 23
0 23
0 51
0 27
0 32
0 25
0 50
0 78
0 59
0 24
0 24
0 61
0 47
0 72
0 16
0 63
0 38
0 46
0 38
0 32
0 118
0 48
0 25
0 44
0 21
0 34
0 46
0 102
0 72
0 58
0 46
0 59
0 31
0 97
0 105
0 50
0 25
0 19
0 166
0 25
0 14
0 79
0 72
0 49
0 75
0 27
0 111
0 49
0 50
0 153
0 50
0 80
0 56
0 46
0 34
0 75
0 33
0 61
0 22
0 62
0 20
0 51
0 27
0 78
0 57
0 115
0 33
0 75
0 45
0 79
0 44
0 28
0 61
0 33
0 111
0 107
0 43
0 33
0 35
0 36
0 21
0 77
0 147
0 28
0 67
0 12
0 24
0 18
0 57
0 8
0 73
0 35
0 55
0 11
0 80
0 70
0 30
0 61
0 45
0 102
0 31
0 31
0 93
0 88
0 25
0 41
0 19
0 44
0 63
0 36
0 17
0 14
0 98
0 44
0 23
0 26
0 44
0 69
0 13
0 50
0 30
0 45
0 82
0 60
0 10
0 32
0 24
0 55
0 87
0 106
0 17
0 91
0 20
0 25
0 84
0 18
0 68
0 23
0 66
0 71
0 49
0 62
0 58
0 11
0 55
0 27
0 34
0 28
0 76
0 102
0 17
0 43
0 51
0 75
0 16
0 56
0 47
0 92
0 96
0 45
0 50
0 57
0 85
0 57
0 39
0 80
0 78
0 94
0 34
0 56
0 41
0 44
0 31
0 54
0 27
0 30
0 19
0 320
0 24
0 48
0 27
0 36
0 16
0 95
0 101
0 18
0 42
0 50
0 81
0 24
1 512
0 129
0 17
0 75
0 57
0 27
0 50
0 18
0 100
0 114
0 22
0 37
0 89
0 48
0 81
0 66
0 35
0 55
0 32
0 38
0 14
0 82
0 41
0 60
0 14
0 42
0 36
0 74
0 84
0 12
0 75
0 35
0 31
0 58
0 58
0 119
0 53
0 10
0 49
0 28
0 31
0 93
0 106
0 109
0 27
0 37
0 45
0 46
0 20
0 100
0 38
0 62
0 34
0 71
0 96
0 33
0 17
0 54
0 42
0 51
0 66
0 18
0 39
0 15
0 78
0 32
0 54
0 23
0 64
0 45
0 34
0 23
0 22
0 33
0 80
0 33
0 45
0 29
0 22
0 48
0 40
0 24
0 116
0 30
0 26
0 106
0 46
0 74
0 34
0 24
0 61
0 100
0 39
0 100
0 21
0 186
0 110
0 45
0 35
0 66
0 122
0 36
0 36
0 44
0 12
0 152
0 91
0 28
0 78
0 238
0 15
0 31
0 97
0 36
0 67
0 61
0 75
0 37
0 41
0 67
0 20
0 169
0 18
0 17
0 27
0 63
0 66
0 21
0 54
0 25
0 76
0 20
0 84
0 50
0 32
0 46
0 13
0 60
0 30
0 128
0 36
0 25
0 8
0 48
0 45
0 81
0 33
0 254
0 46
0 46
0 130
0 26
0 30
0 26
0 66
0 66
0 80
0 37
0 64
0 126
0 54
0 41
0 36
0 51
0 55
0 39
0 38
0 83
0 78
0 20
0 50
0 136
0 13
0 25
0 32
0 25
0 74
0 32
0 70
0 101
0 38
0 23
0 24
0 147
0 126
0 35
0 25
0 48
0 19
0 30
0 18
0 50
0 57
0 82
0 30
0 63
0 174
0 54
0 54
0 29
0 45
0 98
0 160
0 48
0 26
0 59
0 71
0 146
0 68
0 150
0 64
0 65
0 22
0 71
0 41
0 44
0 65
0 21
0 67
0 46
0 30
0 17
0 48
0 58
0 51
0 92
0 36
0 44
0 20
0 31
0 23
0 40
0 96
0 39
0 72
0 60
0 24
0 82
0 19
0 118
0 30
0 363
0 31
0 65
0 84
0 72
0 30
0 107
0 40
0 76
0 27
0 47
0 51
0 72
0 57
0 164
0 37
0 29
0 41
0 18
0 23
0 18
0 61
0 22
0 34
0 41
0 38
0 22
0 20
0 77
0 20
0 37
0 21
0 157
0 36
0 53
0 82
0 77
0 34
0 65
0 72
0 25
0 70
0 26
0 50
0 61
0 46
0 27
0 64
0 118
0 21
0 39
0 46
0 19
0 90
0 17
0 15
0 25
0 26
0 155
0 34
0 78
0 53
0 72
0 41
0 42
0 113
0 36
0 71
0 67
0 18
0 31
0 53
0 68
0 25
0 23
0 53
0 36
0 15
0 49
0 75
0 15
0 68
0 59
0 34
0 89
0 101
0 15
0 75
0 44
0 22
0 103
0 71
0 20
0 77
0 89
0 22
0 65
0 116
0 38
0 36
0 14
0 17
0 21
0 28
0 37
0 89
0 41
0 48
0 30
0 103
0 37
0 42
0 87
0 30
0 45
0 18
0 28
0 68
0 76
0 30
0 163
0 40
0 22
0 26
0 53
0 28
0 38
0 55
0 38
0 89
0 73
0 27
0 101
0 31
0 24
0 24
0 21
0 67
0 45
0 39
0 73
0 27
0 57
0 43
0 12
0 39
0 113
0 28
0 39
0 17
0 26
0 93
0 79
0 31
0 73
0 78
0 64
0 120
0 30
0 54
0 51
0 39
0 26
0 60
0 49
0 22
0 59
0 62
0 11
0 76
0 42
0 84
0 8
0 29
0 54
0 144
0 24
0 38
0 39
0 50
0 176
0 47
0 22
0 47
0 24
0 52
0 14
0 100
0 53
0 18
0 54
0 23
0 49
0 42
0 22
0 88
0 112
0 309
0 16
0 20
0 14
0 27
0 147
0 19
0 27
0 152
0 23
0 39
0 69
0 64
0 56
0 297
0 46
0 99
0 68
0 14
0 18
0 14
0 66
0 48
0 98
0 30
0 22
0 82
0 25
0 85
0 23
0 39
0 33
0 65
0 54
0 101
0 27
0 35
0 52
0 201
0 69
0 63
0 79
0 81
0 87
0 24
0 78
0 92
0 25
0 59
0 31
0 40
0 36
0 30
0 32
0 74
0 63
0 63
0 22
0 103
0 125
0 42
0 52
0 71
0 22
0 59
0 40
0 42
0 125
0 64
0 31
0 35
0 36
0 65
0 71
0 94
0 60
0 59
0 37
0 26
0 21
0 24
0 111
0 30
0 54
0 30
0 57
0 58
0 33
0 51
0 34
0 35
0 22
0 44
0 36
0 12
0 135
0 52
0 28
0 49
0 53
0 32
0 17
0 149
0 49
0 29
0 48
0 19
0 135
0 107
0 41
0 81
0 18
0 95
0 39
0 94
0 12
0 38
0 61
0 77
0 73
0 96
0 64
0 51
0 79
0 42
0 169
0 54
0 21
0 129
0 75
0 29
0 24
0 15
0 21
0 37
0 67
0 16
0 47
0 7
0 44
0 64
0 110
0 60
0 32
0 61
0 111
0 97
0 121
0 32
0 44
0 43
0 32
0 41
0 19
0 42
0 36
0 16
0 59
0 34
0 19
0 33
0 26
0 104
0 117
0 79
0 42
0 62
0 50
0 45
0 65
0 61
0 41
0 67
0 35
0 31
0 22
0 44
0 20
0 44
0 189
0 31
0 43
0 57
0 46
0 30
0 58
0 29
0 108
0 37
0 55
0 31
0 14
0 32
0 73
0 46
0 36
0 44
0 42
0 65
0 88
0 21
0 33
0 48
0 33
0 88
0 21
0 47
0 60
0 23
0 26
0 67
0 30
0 101
0 9
0 37
0 67
0 26
0 27
0 51
0 37
0 100
0 128
0 56
0 65
0 28
0 34
0 71
0 43
0 51
0 62
0 48
0 18
0 45
0 51
0 62
0 56
0 56
0 46
0 44
0 101
0 45
0 13
0 93
0 44
0 35
0 54
0 22
0 33
0 33
0 19
0 55
0 76
0 65
0 32
0 37
0 36
0 47
0 15
0 46
0 48
0 94
0 79
0 22
0 120
0 37
0 77
0 142
0 87
0 73
0 47
0 58
0 34
0 59
0 133
0 48
0 61
0 38
0 24
0 42
0 49
0 58
0 165
0 40
0 10
0 48
0 22
0 37
0 20
0 55
0 99
0 14
0 96
0 29
0 30
0 32
0 27
0 38
0 69
0 58
0 72
0 13
0 42
0 58
0 50
0 27
0 61
0 84
0 13
0 66
0 78
0 45
0 55
0 34
0 456
0 81
0 64
0 88
0 27
0 31
0 62
0 13
0 29
0 80
0 34
0 102
0 56
0 52
0 22
0 85
0 16
0 60
0 24
0 85
0 30
0 28
0 66
0 77
0 94
0 53
0 63
0 40
0 9
0 21
0 39
0 10
0 31
0 46
0 24
0 87
0 29
0 140
0 20
0 49
0 30
0 54
0 59
0 61
0 110
0 67
0 51
0 85
0 44
0 36
0 36
0 35
0 70
0 48
0 103
0 30
0 43
0 44
0 45
0 41
0 25
0 47
0 95
0 64
0 61
0 25
0 58
0 45
0 77
0 77
0 51
0 107
0 61
0 13
0 103
0 25
0 25
0 67
0 28
0 76
0 42
0 47
0 28
0 76
0 31
0 18
0 24
0 29
0 26
0 28
0 57
0 138
0 65
0 37
0 11
0 56
0 38
0 55
0 35
0 101
0 17
0 86
0 30
0 41
0 75
0 22
0 38
0 112
0 65
0 70
0 35
0 34
0 35
0 37
0 26
0 191
0 39
0 16
0 98
0 46
0 117
0 37
0 33
0 177
0 16
0 29
0 26
0 79
0 62
0 59
0 102
0 88
0 30
0 41
0 41
0 31
0 51
0 62
0 79
0 56
0 133
0 26
0 34
0 82
0 30
0 15
0 133
0 35
0 35
0 38
0 64
0 89
0 44
0 42
0 42
0 47
0 117
0 69
0 64
0 36
0 20
0 22
0 64
0 60
0 56
0 20
0 24
0 172
0 70
0 108
1 512
0 100
0 28
0 22
0 114
0 16
0 14
0 111
0 42
0 51
0 54
0 30
0 104
0 110
0 43
0 109
0 12
0 26
0 34
0 84
0 13
0 28
0 67
0 17
0 56
0 45
0 47
0 74
0 28
0 39
0 53
0 49
0 33
0 72
0 42
0 175
0 64
0 21
0 95
0 58
0 26
0 60
0 32
0 74
0 35
0 45
0 88
0 48
0 40
0 42
0 27
0 19
0 90
0 50
0 150
0 31
0 26
0 74
0 23
0 21
0 51
0 44
0 123
0 55
0 43
0 45
0 49
0 31
0 33
0 18
0 8
0 42
0 54
0 14
0 52
0 24
0 136
0 46
0 104
0 68
0 21
0 59
0 39
0 22
0 48
0 46
0 22
0 38
0 27
0 169
0 18
0 67
0 32
0 390
0 67
0 137
0 17
0 121
0 157
0 50
0 34
0 85
0 122
0 116
0 22
0 30
0 9
0 83
0 35
0 79
0 104
0 23
0 266
0 64
0 182
0 26
0 52
0 28
0 122
0 81
0 186
0 75
0 14
0 66
0 19
0 13
0 45
0 31
0 53
0 48
0 14
0 71
0 40
0 48
0 19
0 49
0 150
0 246
0 19
0 25
0 59
0 57
0 48
0 103
0 30
0 41
0 85
0 89
0 14
0 62
0 63
0 32
0 48
0 8
0 63
0 17
0 37
0 91
0 42
0 27
0 23
0 30
0 48
0 61
0 52
0 9
0 81
0 54
0 57
0 102
0 27
0 54
0 52
0 45
0 50
0 32
0 59
0 35
0 51
0 18
0 7
0 19
0 116
0 99
0 32
0 55
0 28
0 94
0 21
0 57
0 21
0 49
0 68
0 136
0 185
0 40
0 81
0 42
0 23
0 15
0 29
0 36
0 36
0 41
0 40
0 65
0 64
0 48
0 59
0 25
0 50
0 61
0 20
0 71
0 12
0 26
0 89
0 23
0 16
0 31
0 154
0 68
0 20
0 41
0 16
0 141
0 67
0 20
0 64
0 31
0 77
0 31
0 20
0 44
0 14
0 50
0 82
0 55
0 33
0 30
0 90
0 97
0 27
0 90
0 53
0 54
0 64
0 51
0 40
0 37
0 118
0 98
0 32
0 59
0 24
0 136
0 90
0 9
0 38
0 36
0 167
0 143
0 16
0 27
0 157
0 166
0 27
0 122
0 27
0 58
0 89
0 56
0 59
0 49
0 58
0 29
0 122
0 150
0 52
0 176
0 122
0 108
0 53
0 26
0 55
0 32
0 16
0 30
0 45
0 71
0 51
0 39
0 37
0 143
0 61
0 80
0 50
0 34
0 40
0 15
0 115
0 115
0 42
0 69
0 40
0 26
0 48
0 65
0 107
0 27
0 45
0 59
0 15
0 24
0 61
0 145
0 8
0 13
0 35
0 54
0 17
0 77
0 60
0 13
0 48
0 90
0 31
0 58
0 28
0 13
0 25
0 51
0 30
0 91
0 71
0 52
0 30
0 53
0 16
0 49
0 54
0 121
0 49
0 31
0 34
0 65
0 120
0 122
0 137
0 44
0 24
0 12
0 53
0 28
0 12
0 16
0 76
0 201
0 41
0 49
0 120
0 21
0 59
0 35
0 74
0 19
0 59
0 28
0 93
0 27
0 44
0 37
0 21
0 42
0 46
0 27
0 92
0 23
0 84
0 81
0 55
0 47
0 46
0 18
0 26
0 37
0 39
0 436
0 32
0 18
0 44
0 37
0 33
0 24
0 64
0 31
0 54
0 12
0 40
0 68
0 104
0 36
0 64
0 83
0 86
0 60
0 49
0 29
0 98
0 25
0 44
0 80
0 14
0 25
0 97
0 37
0 149
0 216
0 26
0 47
0 31
0 22
0 32
0 56
0 37
0 56
0 57
0 43
0 28
0 45
0 37
0 17
0 48
0 17
0 41
0 82
0 33
0 46
0 18
0 69
0 28
0 28
0 17
0 45
0 15
0 49
0 29
0 28
0 58
0 25
0 43
0 62
0 22
0 73
0 122
0 10
0 47
0 49
0 103
0 25
0 147
0 42
0 36
0 106
0 92
0 56
0 54
0 25
0 49
0 27
0 29
0 63
0 66
0 84
0 53
0 160
0 42
0 45
0 19
0 41
0 36
0 31
0 124
0 23
0 100
0 115
0 45
0 80
0 57
0 114
0 23
0 29
0 59
0 129
0 56
0 41
0 79
0 42
0 113
0 66
0 55
0 90
0 35
0 63
0 85
0 95
0 36
0 28
0 57
0 21
0 21
0 133
0 20
0 51
0 406
0 23
0 17
0 11
0 53
0 37
0 33
0 61
0 64
0 169
0 84
0 66
0 103
0 29
0 110
0 26
0 44
0 45
0 69
0 36
0 110
0 34
0 46
0 25
0 26
0 197
0 45
0 67
0 19
0 44
0 49
0 91
0 26
0 70
0 23
0 32
0 53
0 44
0 23
0 31
0 21
0 78
0 46
0 42
0 171
0 72
0 60
0 107
0 44
0 80
0 17
0 235
0 36
0 62
0 41
0 12
0 66
0 12
0 168
0 27
0 29
0 30
0 76
0 45
0 26
0 76
0 21
0 65
0 30
0 56
0 163
0 16
0 39
0 19
0 42
0 25
0 55
0 14
0 94
0 56
0 34
0 100
0 19
0 35
0 64
0 55
0 17
0 145
0 69
0 140
0 27
0 264
0 64
0 25
0 72
0 37
0 31
0 43
0 37
0 34
0 33
0 87
0 70
0 147
0 32
0 41
0 45
0 120
0 22
0 72
0 43
0 73
0 18
0 236
0 48
0 82
0 13
0 23
0 106
0 40
0 15
0 35
0 35
0 31
0 41
0 84
0 29
0 70
0 112
0 74
0 27
0 47
0 59
0 87
0 14
0 78
0 52
0 42
0 36
0 92
0 19
0 95
0 68
0 77
0 67
0 91
0 49
0 82
0 110
0 20
0 30
0 21
0 156
0 26
0 104
0 14
0 45
0 30
0 46
0 26
0 26
0 59
0 370
0 73
0 45
0 116
0 79
0 55
0 63
0 94
0 14
0 10
0 43
0 17
0 71
0 32
0 47
0 55
0 102
0 48
0 160
0 16
0 83
0 29
0 61
0 19
0 37
0 42
0 56
0 119
0 106
0 37
0 22
0 70
0 53
0 149
0 37
0 37
0 21
0 27
0 130
0 56
0 76
0 16
0 51
0 69
0 42
0 73
0 28
0 16
0 42
0 76
0 51
0 23
0 39
0 31
0 71
0 32
0 23
0 14
0 202
0 25
0 168
0 90
0 13
0 28
0 66
0 22
0 51
0 81
0 30
0 38
0 67
0 52
0 14
0 43
0 25
0 39
0 86
0 19
0 71
0 14
0 31
0 18
0 35
0 32
0 38
0 12
0 56
0 129
0 67
0 116
0 71
0 63
0 78
0 41
0 30
0 27
0 27
0 197
0 88
0 47
0 16
0 72
0 36
0 43
0 39
0 35
0 20
0 50
0 51
0 23
0 31
0 29
0 28
0 28
0 47
0 86
0 72
0 29
0 61
0 37
0 123
0 29
0 87
0 125
0 134
0 61
0 37
0 32
0 20
0 76
0 40
0 69
0 40
0 56
0 21
0 62
0 90
0 50
0 94
0 38
0 87
0 38
0 29
0 44
0 20
0 36
0 60
0 85
0 28
0 25
0 110
0 29
0 32
0 74
0 78
0 49
0 58
0 44
0 52
0 57
0 41
0 36
0 28
0 46
0 28
0 77
0 9
0 38
0 72
0 40
0 83
0 65
0 44
0 19
0 95
0 43
0 77
0 74
0 53
0 39
0 23
0 88
0 59
0 44
0 116
0 170
0 11
0 18
0 50
0 13
0 93
0 102
0 107
0 129
0 137
0 24
0 35
0 38
0 39
0 28
0 66
0 37
0 37
0 6
0 81
0 47
0 13
0 17
0 43
0 67
0 45
0 60
0 24
0 55
0 76
0 39
0 37
0 70
0 18
0 25
0 35
0 77
0 71
0 116
0 89
0 39
0 37
0 43
0 46
0 112
0 90
0 44
0 32
0 61
0 85
0 28
0 112
0 29
0 139
0 79
0 62
0 41
0 49
0 32
0 86
0 17
0 191
0 24
0 23
0 224
0 38
0 55
0 103
0 16
0 25
0 80
0 41
0 58
0 18
0 71
0 47
0 41
0 69
0 36
0 30
0 54
0 51
0 33
0 51
0 52
0 19
0 26
0 16
0 29
0 92
0 72
0 47
0 32
0 25
0 41
0 63
0 381
0 25
0 17
0 69
0 63
0 40
0 38
0 126
0 41
0 72
0 60
0 24
0 25
0 39
0 55
0 36
0 36
0 70
0 87
0 82
0 45
0 102
0 34
0 54
0 39
0 99
0 26
0 74
0 46
0 24
0 32
0 34
0 64
0 38
0 114
0 43
0 170
0 37
0 62
0 46
0 19
0 7
0 84
0 14
0 38
0 49
0 72
0 17
0 60
0 45
0 26
0 50
0 19
0 185
0 47
0 33
0 103
0 27
0 31
0 106
0 45
0 77
0 76
0 45
0 59
0 54
0 105
0 86
0 28
0 83
0 57
0 33
0 8
0 68
0 25
0 19
0 71
0 52
0 9
0 65
0 36
0 46
0 44
0 56
0 106
0 12
0 135
0 63
0 16
0 164
0 85
0 23
0 76
0 44
0 72
0 148
0 214
0 30
0 71
0 38
0 33
0 64
0 74
0 126
0 76
0 131
0 46
0 303
0 33
0 41
0 24
0 32
0 42
0 55
0 120
0 151
0 53
0 66
0 125
0 30
0 51
0 22
0 97
0 36
0 33
0 67
0 56
0 146
0 76
0 29
0 35
0 54
0 57
0 35
0 106
0 56
0 21
0 17
0 28
0 91
0 35
0 41
0 38
0 49
0 38
0 20
0 49
0 75
0 32
0 68
0 38
0 33
0 59
0 87
0 59
0 63
0 130
0 71
0 49
0 21
0 47
0 32
0 25
0 21
0 95
0 40
0 134
0 94
0 63
0 84
0 21
0 76
0 26
0 20
0 18
0 79
0 37
0 80
0 44
0 27
0 42
0 453
0 42
0 17
0 87
0 26
0 54
0 32
0 67
0 64
0 215
0 218
0 16
0 103
0 49
0 42
0 38
0 90
0 52
0 55
0 19
0 87
0 44
0 82
0 100
0 28
0 10
0 72
0 29
0 44
0 46
0 104
0 17
0 62
0 21
0 74
0 32
0 45
0 82
0 33
0 29
0 14
0 119
0 22
0 29
0 37
0 33
0 35
0 132
0 84
0 92
0 50
0 38
0 104
0 94
0 45
0 50
0 19
0 39
0 39
0 68
0 51
0 71
0 58
0 43
0 83
0 35
0 60
0 17
0 35
0 114
0 40
0 70
0 49
0 83
0 22
0 31
0 79
0 20
0 90
0 47
0 14
0 28
0 44
0 32
0 40
0 39
0 23
0 99
0 11
0 109
0 23
0 24
0 172
0 40
0 55
0 29
0 34
0 46
0 68
0 61
0 66
0 54
0 54
0 90
0 59
0 51
0 66
0 27
0 16
0 42
0 41
0 89
0 24
0 59
0 12
0 27
0 40
0 59
0 33
0 109
0 44
0 112
0 113
0 143
0 77
0 39
0 73
0 72
0 141
0 102
0 8
0 35
0 48
0 51
0 131
0 35
0 19
0 68
0 79
0 84
0 68
0 19
0 23
0 55
0 48
0 117
0 48
0 77
0 53
0 53
0 20
0 90
0 65
0 56
0 64
0 18
0 28
0 151
0 60
0 72
0 85
0 24
0 122
0 116
0 51
0 63
0 44
0 61
0 49
0 34
0 19
0 112
0 72
0 27
0 79
0 63
0 30
0 66
0 97
0 22
0 36
0 32
0 15
0 25
0 76
0 34
0 41
0 46
0 96
0 35
0 123
0 42
0 33
0 72
0 48
0 147
0 57
0 32
0 168
0 15
0 88
0 50
0 25
0 28
0 37
0 71
0 42
0 36
0 122
0 64
0 40
1 512
0 42
0 43
0 94
0 22
0 105
0 26
0 81
0 73
0 65
0 87
0 94
0 21
0 13
0 55
0 85
0 73
0 70
0 61
0 28
0 46
0 19
0 62
0 102
0 70
0 35
0 37
0 33
0 25
0 73
0 52
0 56
0 35
0 20
0 46
0 36
0 36
0 20
0 31
0 110
0 56
0 74
0 86
0 63
0 20
0 72
0 34
0 48
0 206
0 38
0 33
0 111
0 89
0 34
0 30
0 125
0 98
0 25
0 60
0 33
0 62
0 32
0 43
0 55
0 9
0 66
0 32
0 50
0 48
0 30
0 20
0 30
0 41
0 89
0 51
0 76
0 23
0 27
0 29
0 24
0 16
0 79
0 37
0 16
0 224
0 63
0 85
0 17
0 28
0 38
0 30
0 36
0 23
0 35
0 18
0 95
0 11
0 27
0 45
0 47
0 31
0 34
0 49
0 67
0 17
0 58
0 33
0 58
0 40
0 40
0 72
0 29
0 65
0 47
0 34
0 91
0 133
0 55
0 23
0 82
0 44
0 23
0 25
0 308
0 69
0 47
0 84
0 39
0 44
0 69
0 53
0 98
0 71
0 100
0 152
0 45
0 9
0 71
0 54
0 33
0 74
0 33
0 42
0 75
0 9
0 28
0 46
0 22
0 39
0 85
0 38
0 30
0 29
0 41
0 190
0 47
0 45
0 107
0 57
0 39
0 81
0 18
0 63
0 70
0 31
0 43
0 31
0 69
0 25
0 187
0 150
0 11
0 48
0 19
0 50
0 98
0 28
0 36
0 27
0 83
0 26
0 124
0 42
0 54
0 113
0 68
0 31
0 47
0 106
0 35
0 105
0 14
0 80
0 22
0 40
0 102
0 49
0 236
0 28
0 130
0 37
0 98
0 11
0 43
0 135
0 71
0 71
0 37
0 93
0 161
0 49
0 14
0 67
0 16
0 54
0 26
0 20
0 40
0 46
0 74
0 17
0 59
0 94
0 128
0 25
0 41
0 121
0 80
0 61
0 55
0 140
0 22
0 56
0 19
0 28
0 27
0 58
0 58
0 38
0 35
0 34
0 30
0 18
0 44
0 19
0 30
0 92
0 144
0 67
0 67
0 165
0 43
0 80
0 171
0 37
0 77
0 49
0 108
0 33
0 43
0 31
0 52
0 96
0 40
0 94
0 19
0 22
0 39
0 55
0 47
0 15
0 152
0 87
0 21
1 512
0 22
0 47
0 187
0 46
0 86
0 29
0 36
0 19
0 16
0 18
0 100
0 25
0 36
0 29
0 368
0 36
0 26
0 13
0 58
0 46
0 47
0 60
0 34
0 40
0 57
0 44
0 13
0 41
0 41
0 34
0 38
0 20
0 111
0 53
0 21
0 25
0 71
0 60
0 89
0 75
0 84
0 100
0 86
0 32
0 64
0 69
0 28
0 112
0 12
0 58
0 49
0 26
0 77
0 115
0 49
0 96
0 46
0 42
0 38
0 46
0 22
0 76
0 46
0 20
0 22
0 138
0 22
0 32
0 53
0 125
0 26
0 39
0 25
0 60
0 28
0 89
0 41
0 30
0 32
0 30
0 61
0 31
0 169
0 18
0 31
0 51
0 50
0 63
0 164
0 35
0 216
0 20
0 21
0 26
0 15
0 44
0 149
0 26
0 43
0 26
0 58
0 38
0 118
0 63
0 41
0 78
0 98
0 61
0 49
0 124
0 74
0 37
0 30
0 58
0 69
0 43
0 36
0 18
0 48
0 18
0 31
0 121
0 22
0 41
0 133
0 170
0 142
0 141
0 42
0 116
0 26
0 44
0 56
0 51
0 34
0 65
0 128
0 29
0 46
0 24
0 176
0 35
0 76
0 37
0 109
0 69
0 30
0 55
0 40
0 254
0 23
0 61
0 17
0 153
0 83
0 42
0 51
0 19
0 119
0 63
0 63
0 23
0 55
0 22
0 48
0 49
0 27
0 98
0 48
0 47
0 58
0 90
0 32
0 75
0 24
0 135
0 12
0 101
0 31
0 40
0 91
0 110
0 76
0 175
0 24
0 83
0 29
0 81
0 57
0 21
0 67
0 25
0 137
0 53
0 32
0 25
0 28
0 44
0 35
0 68
0 9
0 69
0 49
0 70
0 18
0 52
0 16
0 83
0 69
0 17
0 77
0 25
0 49
0 98
0 63
0 151
0 36
0 36
0 26
0 36
0 21
0 42
0 28
0 29
0 22
0 97
0 32
0 53
0 32
0 45
0 61
0 22
0 42
0 240
0 92
0 49
0 38
0 73
0 15
0 44
0 28
0 34
0 59
0 61
0 48
0 21
0 62
0 32
0 85
0 36
0 28
0 32
0 120
0 40
0 63
0 50
0 17
0 41
0 44
0 15
0 52
0 58
0 24
0 37
0 28
0 22
0 22
0 63
0 63
0 35
0 15
0 71
0 45
0 30
0 44
0 54
0 20
0 134
0 156
0 83
0 53
0 56
0 17
0 11
0 119
0 52
0 37
0 25
0 35
0 51
0 74
0 34
0 231
0 13
0 62
0 55
0 64
0 60
0 17
0 25
0 160
0 10
0 31
0 43
0 32
0 111
0 33
0 33
0 11
0 26
0 64
0 91
0 16
0 27
0 51
0 47
0 160
0 91
0 61
0 114
0 61
0 44
0 35
0 24
0 231
0 38
0 25
0 64
0 116
0 51
0 48
0 36
0 36
0 23
0 43
0 30
0 19
0 26
0 145
0 20
0 199
0 24
0 40
0 30
0 72
0 55
0 101
0 76
0 174
0 48
0 54
0 57
0 47
0 36
0 31
0 37
0 52
0 59
0 34
0 39
0 73
0 111
0 41
0 42
0 25
0 62
0 281
0 121
0 272
0 60
0 115
0 117
0 26
0 29
0 149
0 18
0 82
0 13
0 28
0 26
0 28
0 44
0 40
0 71
0 28
0 32
0 24
0 99
0 66
0 15
0 50
0 33
0 14
0 75
0 46
0 21
0 17
0 59
0 28
0 87
0 56
0 30
0 68
0 99
0 61
0 135
0 65
0 30
0 58
0 128
0 63
0 86
0 26
0 11
0 114
0 30
0 25
0 16
0 52
0 125
0 33
0 22
0 29
0 53
0 157
0 38
0 52
0 34
0 63
0 25
0 22
0 100
0 77
0 117
0 34
0 21
0 23
0 30
0 129
0 18
0 294
0 56
0 31
0 181
0 50
0 63
0 23
0 89
0 32
0 26
0 101
0 134
0 55
0 95
0 48
0 30
0 77
0 44
0 10
0 41
0 60
0 37
0 47
0 56
0 32
0 41
0 36
0 13
0 97
0 120
0 26
0 30
0 15
0 40
0 41
0 23
0 74
0 46
0 60
0 25
0 71
0 33
0 27
0 29
0 26
0 76
0 50
0 43
0 39
0 49
0 292
0 160
0 75
0 151
0 44
0 25
0 98
0 91
0 20
0 25
0 51
0 44
0 49
0 89
0 40
0 106
0 27
0 22
0 32
0 35
0 32
0 22
0 189
0 70
0 69
0 36
0 35
0 60
0 52
0 18
0 100
0 71
0 63
1 512
0 49
0 74
0 55
0 58
0 35
0 39
0 60
0 50
0 48
0 29
0 37
0 17
0 125
0 94
0 43
0 40
0 27
0 36
0 18
0 166
0 43
0 34
0 132
0 26
0 16
0 86
0 24
0 123
0 38
0 36
0 62
0 29
0 14
0 25
0 40
0 41
0 178
0 35
0 33
0 32
0 61
0 85
0 39
0 67
0 28
0 22
0 40
0 81
0 20
0 152
0 23
0 15
0 50
0 70
0 16
0 89
0 106
0 34
0 35
0 77
0 69
0 56
0 127
0 57
0 39
0 36
0 33
0 98
0 20
0 73
0 13
0 91
0 83
0 86
0 119
0 50
0 23
0 93
0 32
0 96
0 45
0 14
0 40
0 104
0 62
0 77
0 48
0 26
0 43
0 251
0 36
0 39
0 90
0 68
0 36
0 26
0 27
0 130
0 16
0 24
0 19
0 31
0 52
0 65
0 144
0 29
0 17
0 79
0 105
0 75
0 83
0 44
0 32
0 51
0 25
0 39
0 47
0 140
0 19
0 22
0 19
0 96
0 39
0 44
0 61
0 30
0 102
0 59
0 49
0 368
0 11
0 38
0 81
0 72
0 23
0 29
0 24
0 34
0 116
0 18
0 47
0 57
0 30
0 22
0 64
0 15
0 42
0 24
0 55
0 69
0 52
0 47
0 38
0 41
0 74
0 64
0 33
0 244
0 74
0 27
0 35
0 54
0 19
0 28
0 59
0 55
0 20
0 17
0 38
0 35
0 61
0 27
0 61
0 42
0 65
0 27
0 54
0 77
0 51
0 23
0 37
0 38
0 13
0 84
0 27
0 70
0 35
0 21
0 32
0 27
0 44
0 46
0 51
0 25
0 55
0 50
0 10
0 22
0 86
0 50
0 23
0 76
0 40
0 111
0 71
0 29
0 47
0 53
0 32
0 275
0 139
0 32
0 62
0 60
0 47
0 56
0 49
0 37
0 62
0 79
0 42
0 75
0 55
0 37
0 80
0 86
0 57
0 66
0 35
0 17
0 110
0 49
0 61
0 37
0 39
0 41
0 21
0 18
0 34
0 49
0 86
0 58
0 22
0 40
0 87
0 23
0 70
0 114
0 39
0 121
0 81
0 64
0 51
0 90
0 44
0 45
0 53
0 81
0 23
0 52
0 114
0 135
0 106
0 21
0 32
0 38
0 18
0 40
0 23
0 37
0 14
0 36
0 94
0 44
0 75
0 38
0 26
0 32
0 26
0 66
0 35
0 72
0 12
0 83
0 35
0 66
0 65
0 35
0 65
0 104
0 33
0 106
0 44
0 41
0 21
0 46
0 58
0 45
0 168
0 53
0 88
0 56
0 36
0 30
0 45
0 23
0 27
0 29
0 65
0 62
0 22
0 25
0 87
0 57
0 182
0 17
0 35
0 40
0 58
0 50
0 44
0 37
0 49
0 23
0 81
0 37
0 49
0 48
0 36
0 86
0 76
0 27
0 12
0 29
0 71
0 68
0 37
0 87
0 34
0 99
0 36
0 78
0 18
0 42
0 48
0 74
0 39
0 82
0 41
0 95
0 14
0 36
0 66
0 85
0 31
0 26
0 39
0 159
0 58
0 47
0 26
0 28
0 32
0 29
0 27
0 38
0 95
0 24
0 112
0 66
0 45
0 105
0 53
0 44
0 39
0 28
0 38
0 74
0 51
0 10
0 88
0 54
0 26
0 94
0 13
0 108
0 73
0 12
0 76
0 32
0 31
0 24
0 139
0 23
0 150
0 122
0 121
0 28
0 178
0 36
0 35
0 14
0 23
0 62
0 129
0 48
0 29
0 29
0 35
0 64
0 50
0 51
0 89
0 62
0 83
0 94
0 35
0 26
0 14
0 79
0 62
0 143
0 109
0 35
0 15
0 57
0 29
0 29
0 78
0 124
0 41
0 56
0 64
0 50
0 49
0 17
0 91
0 23
0 33
0 46
0 20
0 50
0 28
0 28
0 56
0 43
0 60
0 40
0 49
0 130
0 34
0 69
0 54
0 45
0 44
0 25
0 57
0 115
0 35
0 87
0 38
0 38
0 29
0 53
0 33
0 57
0 38
0 32
0 70
0 66
0 25
0 60
0 58
0 50
0 56
0 50
0 98
0 29
0 58
0 32
0 23
0 83
0 32
0 83
0 311
0 57
0 18
0 71
0 54
0 57
0 26
0 44
0 21
0 136
0 25
0 16
0 52
0 49
0 24
0 58
0 70
0 137
0 70
0 70
0 156
0 51
0 103
0 66
0 42
0 15
0 80
0 23
0 72
0 121
0 52
0 65
0 32
0 44
0 77
0 21
0 96
0 22
0 47
0 177
0 23
0 115
0 15
0 62
0 211
0 76
0 134
0 197
0 87
0 28
0 73
0 29
0 25
0 127
0 68
0 65
0 53
0 58
0 30
0 39
0 72
0 37
0 103
0 55
0 42
0 35
0 16
0 19
0 22
0 47
0 127
0 63
0 85
0 47
0 32
0 8
0 76
0 18
0 98
0 122
0 33
0 209
0 20
0 33
0 37
0 57
0 162
0 30
0 32
0 51
0 73
0 34
0 53
0 29
0 32
0 138
0 13
0 68
0 29
0 43
0 35
0 50
0 64
0 23
0 105
0 51
0 120
0 226
0 80
0 52
0 63
0 36
0 60
0 25
0 97
0 52
0 203
0 31
0 20
0 32
0 94
0 114
0 23
0 45
0 39
0 68
0 37
0 14
0 26
0 44
0 41
0 33
0 81
0 19
0 38
0 44
0 52
0 49
0 51
0 61
0 23
0 63
0 54
0 28
0 30
0 84
0 23
0 74
0 19
0 36
0 53
0 15
0 117
0 40
0 70
0 54
0 50
0 31
0 45
0 43
0 34
0 26
0 77
0 32
0 21
0 41
0 81
0 71
0 74
0 28
0 24
0 16
0 36
0 53
0 27
0 92
0 42
0 32
0 63
0 68
0 56
0 15
0 41
0 35
0 23
0 44
0 54
0 33
0 110
1 512
0 28
0 61
0 49
0 58
0 26
0 58
0 59
0 59
0 92
0 42
0 35
0 37
0 41
0 75
0 120
0 21
0 15
0 26
0 52
0 43
0 43
0 37
0 40
0 52
0 76
0 64
0 82
0 38
0 29
0 66
0 121
0 147
0 44
0 26
0 51
0 56
0 24
0 64
0 54
0 21
0 25
0 98
0 23
0 58
0 92
0 19
0 24
0 142
0 30
0 11
0 49
0 80
0 90
0 11
0 128
0 41
0 61
0 31
0 55
0 74
0 65
0 85
0 23
0 30
0 58
0 52
0 59
0 47
0 134
0 123
0 64
0 26
0 33
0 80
0 77
0 19
0 101
0 130
0 99
0 70
0 117
0 45
0 91
0 41
0 27
0 104
0 90
0 18
0 13
0 38
0 58
0 36
0 113
0 20
0 23
0 26
0 42
0 44
0 27
0 31
0 68
0 38
0 226
0 80
0 15
0 36
0 93
0 169
0 24
0 71
0 23
0 23
0 67
0 28
0 79
0 41
0 70
0 40
0 47
0 42
0 37
0 30
0 20
0 8
0 33
0 47
0 84
0 60
0 75
0 152
0 44
0 98
0 66
0 50
0 12
0 26
0 35
0 119
0 33
0 65
0 62
0 32
0 307
0 70
0 30
0 32
0 56
0 52
0 17
0 30
0 21
0 42
0 62
0 31
0 41
0 70
0 226
0 88
0 25
0 40
0 38
0 78
0 36
0 27
0 17
0 49
0 38
0 66
0 38
0 23
0 74
0 15
0 49
0 49
0 36
0 26
0 53
0 33
0 92
0 76
0 55
0 35
0 93
0 51
0 35
0 48
0 18
0 72
0 41
0 95
0 31
0 36
0 172
0 81
0 35
0 79
0 21
0 79
0 42
0 65
0 96
0 52
0 43
0 59
0 20
0 106
0 54
0 39
0 58
0 16
0 40
0 37
0 13
0 86
0 428
0 72
0 68
0 38
0 45
0 104
0 76
0 58
0 20
0 59
0 59
0 146
0 11
0 41
0 58
0 25
0 64
0 13
0 20
0 64
0 74
0 123
0 35
0 81
0 37
0 89
0 70
0 24
0 103
0 45
0 212
0 18
0 30
0 25
0 106
0 78
0 44
0 31
0 50
0 27
0 46
0 59
0 51
0 61
0 99
0 52
0 47
0 49
0 79
0 225
0 45
0 30
0 80
0 24
0 101
0 23
0 74
0 35
0 57
0 175
0 30
0 82
0 49
0 17
0 34
0 23
0 60
0 40
0 33
0 35
0 81
0 76
0 90
0 85
0 35
0 26
0 13
0 43
0 58
0 28
0 90
0 290
0 22
0 68
0 12
0 103
0 52
0 64
0 33
0 88
0 18
0 60
0 86
0 107
0 279
0 57
0 66
0 38
0 103
0 22
0 77
0 39
0 312
0 11
0 17
0 21
0 60
0 39
0 54
0 18
0 112
0 45
0 87
0 42
0 25
0 66
0 26
0 100
0 72
0 48
0 115
0 76
0 53
0 188
0 26
0 28
0 102
0 91
0 72
0 45
0 142
0 57
0 85
0 53
0 88
0 15
0 36
0 31
0 62
0 34
0 80
0 91
0 22
0 31
0 97
0 54
0 36
0 31
0 43
0 32
0 30
0 41
0 27
0 45
0 44
0 81
0 44
0 19
0 37
0 17
0 45
0 26
0 101
0 44
0 110
0 33
0 20
0 55
0 39
0 39
0 23
0 28
0 114
0 47
0 29
0 58
0 62
0 76
0 77
0 33
0 33
0 27
0 19
0 87
0 11
0 78
0 34
0 50
0 106
0 47
0 35
0 39
0 71
0 36
0 86
0 8
0 55
0 27
0 17
0 26
0 63
0 27
0 68
0 82
0 53
0 39
0 31
0 120
0 34
0 45
0 45
0 12
0 51
0 55
0 45
0 105
0 71
0 11
0 50
0 208
0 24
0 33
0 17
0 56
0 43
0 25
0 56
0 31
0 70
0 38
0 29
0 13
0 24
0 16
0 18
0 41
0 34
0 63
0 16
0 60
0 100
0 32
0 27
0 25
0 29
0 126
0 12
0 115
0 45
0 37
0 61
0 37
0 51
0 33
0 14
0 33
0 28
0 73
0 50
0 60
0 44
0 41
0 77
0 35
0 89
0 103
0 19
0 60
0 34
0 60
0 45
0 89
0 33
0 24
0 47
0 99
0 20
0 44
0 45
0 28
0 169
0 40
0 63
0 56
0 30
0 38
0 53
0 40
0 43
0 14
0 66
0 96
0 88
0 93
0 38
0 21
0 39
0 72
0 17
0 29
0 10
0 76
0 61
0 11
0 70
0 32
0 55
0 41
0 63
0 33
0 21
0 39
0 13
0 42
0 43
0 145
0 29
0 16
0 128
0 29
0 27
0 105
0 46
0 50
0 68
0 12
0 49
0 92
0 70
0 48
0 30
0 377
0 23
0 42
0 28
0 103
0 107
0 145
0 77
0 37
0 52
0 22
0 67
0 65
0 45
0 28
0 29
0 15
0 20
0 47
0 33
0 19
0 54
0 40
0 88
0 22
0 35
0 50
0 31
0 75
0 24
0 50
0 27
0 21
0 55
0 32
0 30
0 71
0 68
0 22
0 24
0 18
0 81
0 79
0 75
0 16
0 64
0 16
0 66
0 49
0 73
0 41
0 50
0 107
0 49
0 39
0 32
0 85
0 79
0 28
0 24
0 29
0 32
0 22
0 63
0 84
0 53
0 27
0 85
0 23
0 37
0 17
0 84
0 54
0 30
0 213
0 22
0 167
0 173
0 28
0 99
0 109
0 73
0 51
0 73
0 24
0 61
0 56
0 42
0 74
0 61
0 88
0 53
0 37
0 74
0 119
0 39
0 64
0 70
0 14
0 47
0 59
0 56
0 40
0 47
0 58
0 40
0 71
0 22
0 92
0 40
0 53
0 127
0 193
0 32
0 44
0 34
0 10
0 54
0 82
0 33
0 92
0 44
0 59
0 33
0 54
0 29
0 48
0 61
0 100
0 75
0 63
0 30
0 97
0 21
0 55
0 35
0 39
0 11
0 37
0 22
0 90
0 41
0 19
0 180
0 30
0 28
0 41
0 71
0 52
0 16
0 35
0 66
0 39
0 38
0 26
0 15
0 70
0 50
0 54
0 41
0 34
0 16
0 27
0 83
0 28
0 84
0 94
0 65
0 31
0 43
0 70
0 96
0 43
0 54
0 25
0 69
0 33
0 32
0 63
0 10
0 48
0 135
0 11
0 25
0 21
0 21
0 104
0 24
0 17
0 115
0 57
0 66
0 47
0 13
0 44
0 90
0 99
0 79
0 86
0 28
0 57
0 22
0 155
0 38
0 72
0 27
0 102
0 39
0 38
0 64
0 134
0 41
0 91
0 17
0 19
0 51
0 30
0 48
0 43
0 16
0 37
0 15
0 63
0 69
0 43
0 47
0 18
0 78
0 83
0 15
0 46
0 21
0 60
0 34
0 58
0 38
0 9
0 32
0 20
0 66
0 45
0 40
0 56
0 95
0 55
0 57
0 37
0 107
0 39
0 140
0 156
0 51
0 19
0 50
0 63
0 22
0 58
0 16
0 67
0 40
0 21
0 39
0 27
0 8
0 28
0 68
0 149
0 41
0 21
0 21
0 17
0 25
0 41
0 130
0 124
0 78
0 85
0 47
0 42
0 19
0 36
0 12
0 45
0 19
0 35
0 54
0 48
0 36
0 50
0 83
0 55
0 31
0 68
0 10
0 38
0 47
0 58
0 27
0 35
0 30
0 12
0 125
0 149
0 30
0 15
0 23
0 70
0 35
0 107
0 45
0 63
0 50
0 40
0 66
0 36
0 51
0 63
0 51
0 50
0 28
0 73
0 35
0 29
0 122
0 25
0 85
0 39
0 61
0 57
0 50
0 180
0 268
0 70
0 15
0 22
0 31
0 41
0 138
0 43
0 30
0 70
0 22
0 29
0 61
0 60
0 97
0 46
0 88
0 20
0 48
0 73
0 74
0 23
0 56
0 59
0 93
0 81
0 171
0 72
0 48
0 28
0 153
0 37
0 32
0 37
0 61
0 33
0 23
0 75
0 49
0 76
0 60
0 26
0 12
0 95
0 37
0 12
0 33
0 27
0 38
0 64
0 13
0 17
0 47
0 61
0 206
0 12
0 91
0 36
0 25
0 14
0 58
0 57
0 92
0 80
0 58
0 55
0 102
0 45
0 26
0 49
0 55
0 13
0 55
0 17
0 29
0 37
0 20
0 34
0 41
0 92
0 74
0 71
0 39
0 77
0 25
0 41
0 49
0 57
0 72
0 52
0 27
0 58
0 84
0 16
0 56
0 34
0 90
0 29
0 34
0 27
0 78
0 20
0 47
0 46
0 36
0 77
0 129
0 37
0 33
0 119
0 17
0 23
0 35
0 23
0 33
0 132
0 138
0 21
0 113
0 57
0 24
0 76
0 16
0 17
0 67
0 61
0 79
0 68
0 54
0 20
0 40
0 79
0 17
0 136
0 76
0 51
0 44
0 59
0 51
0 127
0 31
0 156
0 69
0 86
0 15
0 86
0 29
0 35
0 75
0 31
0 52
0 28
0 13
0 49
0 44
0 54
0 51
0 162
0 22
0 58
0 31
0 52
0 56
0 76
0 130
0 16
0 49
0 15
0 63
0 207
0 39
0 43
0 186
0 73
0 161
0 76
0 78
0 71
0 40
0 15
0 34
0 12
0 95
0 15
0 45
0 41
0 84
0 83
0 23
0 90
0 51
0 43
0 85
0 36
0 19
0 62
0 36
0 30
0 68
0 55
0 17
0 26
0 42
0 58
0 60
0 317
0 83
0 63
0 26
0 38
0 61
0 17
0 105
0 24
0 13
0 21
0 65
0 29
0 24
0 42
0 39
0 41
0 49
0 62
0 47
0 55
0 19
0 33
0 28
0 73
0 71
0 118
0 46
0 90
0 45
0 49
0 45
0 13
0 24
0 73
0 14
0 94
0 33
0 62
0 189
0 43
0 49
0 76
0 26
0 38
0 43
1 512
0 51
0 54
0 37
0 78
0 55
0 35
0 25
0 36
0 52
0 181
0 22
0 110
0 31
0 34
0 53
0 57
0 25
0 33
0 14
0 23
0 33
0 24
0 23
0 50
0 182
0 58
0 15
0 20
0 58
0 71
0 18
0 63
0 30
0 12
0 32
0 25
0 26
0 22
0 22
0 37
0 57
0 13
0 49
0 59
0 77
0 65
0 81
0 61
0 51
0 48
0 76
0 75
0 24
0 52
0 74
0 28
0 47
0 124
0 42
0 49
0 29
0 76
0 29
0 50
0 19
0 59
0 55
0 12
0 55
0 26
0 23
0 14
0 96
0 91
0 25
0 35
0 74
0 31
0 19
0 39
0 56
0 165
0 13
0 21
0 69
0 19
0 65
0 23
0 89
0 266
0 26
0 80
0 84
0 54
0 74
0 93
0 25
0 78
0 99
0 75
0 167
0 36
0 45
0 39
0 114
0 17
0 22
0 58
0 17
0 54
0 54
0 120
0 24
0 121
0 22
0 62
0 43
0 44
0 12
0 59
0 48
0 39
0 44
0 16
0 47
0 24
0 26
0 346
0 63
0 25
0 16
0 56
0 16
0 41
0 56
0 17
0 37
0 50
0 86
0 43
0 49
0 151
0 31
0 17
0 50
0 21
0 42
0 211
0 33
0 48
0 55
0 21
0 47
0 60
0 223
0 49
0 62
0 66
0 62
0 12
0 13
0 60
0 48
0 48
0 40
0 164
0 35
0 25
0 34
0 86
0 54
0 26
0 126
0 60
0 34
0 32
0 22
0 25
0 62
0 36
0 18
0 68
0 27
0 57
0 43
0 87
0 25
0 64
0 106
0 38
0 56
0 26
0 14
0 64
0 64
0 23
0 42
0 14
0 69
0 61
0 31
0 15
0 202
0 44
0 33
0 71
0 38
0 16
0 66
0 39
0 15
0 70
0 70
0 45
0 135
0 57
0 24
0 61
0 82
0 60
0 71
0 20
0 33
0 36
0 66
0 21
0 33
0 32
0 93
0 46
0 73
0 32
0 43
0 152
0 112
0 31
0 77
0 20
0 89
0 20
0 104
0 80
0 98
0 42
0 88
0 65
0 55
0 33
0 80
0 76
0 19
0 60
0 42
0 21
0 52
0 30
0 84
0 35
0 48
0 42
0 55
0 127
0 61
0 46
0 29
0 35
0 27
0 67
0 41
0 115
0 87
0 18
0 111
0 9
0 15
0 72
0 55
0 18
0 100
0 28
0 9
0 28
0 27
0 70
0 103
0 99
0 104
0 55
0 15
0 84
0 73
0 89
0 49
0 14
0 149
0 27
0 96
0 25
0 69
0 38
0 48
0 23
0 35
0 152
0 26
0 51
0 88
0 46
0 82
0 22
0 37
0 47
0 46
0 17
0 48
0 70
0 35
0 36
0 65
0 68
0 48
0 37
0 88
0 85
0 29
0 102
0 43
0 28
0 27
0 152
0 57
0 39
0 53
0 182
0 163
0 46
0 83
0 11
0 27
0 25
0 18
0 61
0 32
0 94
0 42
0 80
0 101
0 47
0 45
0 21
0 27
0 45
0 36
0 31
0 78
0 39
0 11
0 127
0 47
0 31
0 56
0 28
0 39
0 80
0 32
0 79
0 80
0 82
0 27
0 44
0 68
0 49
0 11
0 124
0 41
0 53
0 170
0 63
0 107
0 26
0 40
0 42
0 39
0 61
0 141
0 43
0 49
0 17
0 37
0 57
0 66
0 34
0 110
0 42
0 93
0 83
0 18
0 80
0 35
0 24
0 23
0 39
0 51
0 47
0 52
0 47
0 56
0 26
0 207
0 22
0 51
0 79
0 16
0 23
0 29
0 20
0 9
0 64
0 24
0 18
0 26
0 121
0 51
0 35
0 15
0 21
0 44
0 37
0 15
0 82
0 79
0 52
0 64
0 42
0 18
0 78
0 103
0 49
0 51
0 62
0 38
0 46
0 72
0 58
0 28
0 18
0 88
0 37
0 50
0 35
0 57
0 51
0 23
0 15
0 29
0 17
0 117
0 65
0 26
0 23
0 40
0 37
0 60
0 41
0 34
0 43
0 42
0 27
0 18
0 32
0 51
0 18
0 57
0 75
0 98
0 60
0 34
0 103
0 86
0 67
0 57
0 68
0 45
0 43
0 33
0 37
0 15
0 59
0 34
0 70
0 141
0 27
0 23
0 37
0 35
0 42
0 143
0 103
0 40
0 77
0 26
0 22
0 37
0 115
0 51
0 71
0 46
0 25
0 39
0 39
0 29
0 36
0 26
0 52
0 36
0 38
0 49
0 24
0 99
0 35
0 59
0 107
0 41
0 103
0 18
0 27
0 24
0 40
0 15
0 20
0 23
0 17
0 42
0 58
0 25
0 21
0 69
0 96
0 57
0 177
0 50
0 18
0 64
0 42
0 35
0 44
0 20
0 65
0 29
0 25
0 41
0 21
0 44
