# SA for random K-SAT
# K = 3   N = 1024   M = 3584   seed = 3268798172
# alpha = 3.500000   nIter = 4096  Tmax = 0.200000
# 1:lowestUnsat  2:runTime
0 80
0 267
0 231
0 91
0 719
0 322
0 166
0 67
0 156
0 144
0 85
0 105
0 568
0 107
0 157
0 154
0 84
0 75
0 122
0 391
0 125
0 102
0 119
0 28
0 86
0 276
0 88
0 355
0 161
0 55
0 293
0 133
0 246
0 377
0 206
0 157
0 67
0 364
0 214
0 308
0 115
0 202
0 114
0 292
0 257
0 120
0 192
0 180
0 235
0 220
0 129
0 81
0 168
0 119
0 481
0 94
0 154
0 92
0 85
0 348
0 325
0 53
0 433
0 587
0 178
0 124
0 277
0 190
0 407
0 41
0 320
0 53
0 220
0 73
0 342
0 69
0 144
0 119
0 309
0 265
0 188
0 271
0 383
0 145
0 104
0 301
0 100
0 110
0 256
0 180
0 29
0 170
0 108
0 166
0 185
0 68
0 381
0 162
0 176
0 164
0 105
0 212
0 177
0 131
0 69
0 207
0 146
0 95
0 169
0 399
0 53
0 301
0 109
0 117
0 209
0 192
0 386
0 194
0 345
0 145
0 275
0 76
0 194
0 34
0 77
0 57
0 140
0 135
0 281
0 87
0 402
0 64
0 259
0 84
0 102
0 354
0 112
0 80
0 300
0 77
0 158
0 65
0 196
0 49
0 186
0 273
0 81
0 197
0 121
0 162
0 140
0 245
0 215
0 75
0 102
0 42
0 74
0 104
0 371
0 63
0 166
0 85
0 514
0 310
0 49
0 179
0 74
0 37
0 172
0 79
0 125
0 125
0 265
0 249
0 199
0 330
0 251
0 64
0 46
0 235
0 242
0 96
0 189
0 179
0 101
0 139
0 431
0 140
0 49
0 45
0 116
0 76
0 201
0 241
0 247
0 256
0 84
0 305
0 353
0 440
0 143
0 163
0 139
0 185
0 418
0 27
0 193
0 71
0 171
0 158
0 128
0 168
0 52
0 116
0 131
0 41
0 102
0 49
0 424
0 76
0 389
0 280
0 177
0 365
0 264
0 204
0 302
0 121
0 376
0 198
0 129
0 121
0 190
0 179
0 140
0 36
0 195
0 136
0 352
0 127
0 154
0 93
0 152
0 48
0 84
0 410
0 148
0 106
0 192
0 365
0 68
0 213
0 102
0 313
0 278
0 201
0 286
0 117
0 171
0 146
0 253
0 230
0 108
0 110
0 179
0 79
0 197
0 189
0 108
0 260
0 82
0 314
0 43
0 269
0 340
0 91
0 230
0 116
0 87
0 110
0 99
0 166
0 173
0 115
0 342
0 147
0 256
0 131
0 233
0 209
0 174
0 275
0 217
0 81
0 199
0 190
0 42
0 121
0 298
0 84
0 191
0 265
0 83
0 152
0 122
0 54
0 364
0 197
0 161
0 304
0 52
0 377
0 259
0 190
0 283
0 293
0 218
0 337
0 69
0 340
0 119
0 55
0 361
0 62
0 187
0 233
0 47
0 243
0 186
0 141
0 96
0 162
0 125
0 161
0 81
0 324
0 126
0 221
0 241
0 61
0 308
0 126
0 114
0 259
0 245
0 79
0 203
0 231
0 130
0 193
0 100
0 69
0 83
0 228
0 192
0 240
0 331
0 246
0 246
0 379
0 126
0 256
0 316
0 236
0 286
0 325
0 116
0 91
0 43
0 95
0 175
0 196
0 222
0 195
0 53
0 32
0 436
0 201
0 151
0 270
0 62
0 111
0 50
0 147
0 112
0 91
0 72
0 78
0 197
0 151
0 188
0 317
0 190
0 274
0 132
0 279
0 244
0 29
0 116
0 187
0 130
0 203
0 213
0 211
0 20
0 129
0 180
0 190
0 244
0 74
0 66
0 459
0 144
0 324
0 395
0 260
0 162
0 324
0 214
0 223
0 52
0 182
0 28
0 185
0 250
0 146
0 437
0 746
0 83
0 56
0 203
0 54
0 234
0 121
0 170
0 268
0 158
0 28
0 115
0 126
0 176
0 58
0 140
0 195
0 131
0 60
0 283
0 359
0 76
0 62
0 380
0 57
0 127
0 105
0 217
0 213
0 339
0 175
0 166
0 406
0 74
0 168
0 106
0 89
0 156
0 427
0 217
0 326
0 202
0 105
0 136
0 229
0 78
0 369
0 384
0 225
0 49
0 120
0 127
0 178
0 66
0 147
0 103
0 225
0 231
0 256
0 257
0 263
0 506
0 128
0 164
0 428
0 232
0 406
0 177
0 152
0 42
0 257
0 296
0 154
0 122
0 152
0 64
0 173
0 65
0 185
0 124
0 96
0 36
0 212
0 125
0 108
0 284
0 78
0 173
0 432
0 394
0 26
0 189
0 158
0 340
0 25
0 178
0 87
0 365
0 199
0 180
0 289
0 336
0 90
0 28
0 168
0 177
0 42
0 359
0 104
0 88
0 71
0 189
0 306
0 284
0 28
0 186
0 54
0 215
0 111
0 310
0 95
0 147
0 436
0 81
0 128
0 261
0 176
0 237
0 181
0 71
0 117
0 55
0 148
0 189
0 134
0 192
0 74
0 219
0 173
0 229
0 304
0 76
0 167
0 218
0 174
0 156
0 84
0 55
0 88
0 278
0 157
0 119
0 65
0 105
0 213
0 185
0 43
0 128
0 189
0 53
0 148
0 179
0 283
0 49
0 151
0 158
0 145
0 155
0 494
0 170
0 160
0 333
0 165
0 112
0 66
0 85
0 60
0 129
0 103
0 201
0 160
0 139
0 131
0 162
0 284
0 96
0 80
0 120
0 458
0 204
0 382
0 55
0 73
0 129
0 85
0 122
0 109
0 73
0 328
0 214
0 369
0 94
0 57
0 69
0 293
0 310
0 202
0 126
0 230
0 149
0 45
0 70
0 162
0 30
0 222
0 113
0 72
0 80
0 87
0 48
0 324
0 86
0 173
0 367
0 111
0 322
0 168
0 93
0 148
0 314
0 187
0 307
0 145
0 273
0 134
0 115
0 300
0 24
0 130
0 84
0 329
0 64
0 220
0 146
0 156
0 168
0 100
0 174
0 162
0 232
0 122
0 242
0 335
0 34
0 46
0 296
0 65
0 37
0 158
0 263
0 249
0 181
0 251
0 269
0 230
0 152
0 274
0 245
0 189
0 164
0 158
0 180
0 101
0 324
0 101
0 199
0 94
0 120
0 224
0 377
0 70
0 106
0 328
0 145
0 200
0 114
0 178
0 222
0 29
0 163
0 316
0 208
0 198
0 191
0 161
0 180
0 280
0 111
0 164
0 28
0 105
0 89
0 165
0 93
0 302
0 304
0 102
0 232
0 233
0 183
0 101
0 95
0 130
0 464
0 206
0 202
0 84
0 129
0 217
0 89
0 46
0 83
0 160
0 78
0 145
0 44
0 153
0 54
0 137
0 330
0 239
0 158
0 125
0 58
0 82
0 221
0 133
0 165
0 193
0 368
0 547
0 369
0 137
0 314
0 323
0 186
0 96
0 412
0 78
0 84
0 501
0 391
0 156
0 268
0 161
0 16
0 298
0 117
0 161
0 126
0 353
0 188
0 377
0 149
0 112
0 100
0 85
0 241
0 267
0 228
0 244
0 120
0 39
0 231
0 72
0 97
0 87
0 94
0 87
0 403
0 80
0 182
0 100
0 178
0 325
0 152
0 61
0 124
0 105
0 209
0 154
0 124
0 180
0 253
0 88
0 64
0 231
0 74
0 211
0 384
0 214
0 312
0 227
0 137
0 143
0 288
0 106
0 42
0 135
0 182
0 334
0 49
0 76
0 208
0 165
0 229
0 165
0 181
0 30
0 50
0 74
0 108
0 134
0 82
0 56
0 148
0 79
0 63
0 253
0 145
0 186
0 139
0 245
0 132
0 387
0 110
0 118
0 241
0 71
0 287
0 62
0 159
0 147
0 244
0 245
0 85
0 163
0 98
0 325
0 181
0 93
0 69
0 342
0 385
0 90
0 173
0 53
0 120
0 86
0 237
0 345
0 265
0 84
0 204
0 42
0 169
0 193
0 214
0 70
0 159
0 114
0 253
0 395
0 42
0 38
0 76
0 61
0 98
0 130
0 628
0 370
0 38
0 209
0 182
0 71
0 250
0 162
0 101
0 77
0 98
0 459
0 86
0 146
0 319
0 166
0 94
0 302
0 254
0 326
0 62
0 250
0 35
0 81
0 77
0 104
0 225
0 170
0 229
0 50
0 254
0 132
0 71
0 163
0 229
0 244
0 162
0 98
0 156
0 162
0 209
0 223
0 125
0 318
0 119
0 408
0 175
0 358
0 136
0 234
0 59
0 95
0 460
0 20
0 324
0 107
0 134
0 162
0 141
0 111
0 225
0 35
0 130
0 323
0 136
0 176
0 244
0 150
0 74
0 345
0 101
0 101
0 237
0 60
0 60
0 191
0 268
0 182
0 301
0 125
0 201
0 107
0 113
0 194
0 84
0 172
0 61
0 235
0 294
0 154
0 90
0 496
0 605
0 115
0 202
0 216
0 157
0 145
0 126
0 369
0 195
0 201
0 104
0 30
0 277
0 413
0 218
0 123
0 359
0 131
0 351
0 199
0 291
0 143
0 270
0 197
0 75
0 318
0 256
0 116
0 353
0 37
0 479
0 48
0 178
0 313
0 246
0 397
0 22
0 120
0 180
0 107
0 196
0 210
0 148
0 55
0 212
0 260
0 49
0 522
0 303
0 279
0 213
0 17
0 175
0 241
0 70
0 158
0 64
0 78
0 225
0 83
0 197
0 101
0 193
0 37
0 108
0 91
0 60
0 217
0 180
0 267
0 47
0 126
0 102
0 134
0 101
0 147
0 39
0 262
0 429
0 275
0 488
0 202
0 132
0 230
0 145
0 108
0 83
0 30
0 481
0 213
0 87
0 289
0 224
0 153
0 137
0 35
0 256
0 434
0 87
0 277
0 38
0 193
0 273
0 93
0 47
0 185
0 543
0 331
0 131
0 296
0 47
0 119
0 63
0 99
0 55
0 184
0 140
0 293
0 219
0 171
0 324
0 133
0 112
0 221
0 164
0 62
0 94
0 154
0 306
0 177
0 77
0 135
0 155
0 230
0 185
0 412
0 188
0 293
0 257
0 122
0 235
0 359
0 212
0 480
0 160
0 104
0 264
0 135
0 93
0 171
0 167
0 339
0 153
0 323
0 311
0 111
0 405
0 71
0 184
0 112
0 114
0 142
0 52
0 265
0 162
0 49
0 106
0 182
0 244
0 254
0 236
0 96
0 148
0 157
0 26
0 202
0 150
0 239
0 144
0 75
0 72
0 313
0 155
0 717
0 122
0 103
0 138
0 120
0 168
0 244
0 212
0 141
0 271
0 357
0 100
0 66
0 301
0 153
0 186
0 126
0 318
0 122
0 324
0 87
0 310
0 504
0 397
0 155
0 60
0 128
0 27
0 79
0 214
0 293
0 112
0 152
0 231
0 223
0 199
0 133
0 79
0 244
0 280
0 182
0 39
0 182
0 77
0 178
0 139
0 153
0 242
0 106
0 169
0 121
0 77
0 273
0 217
0 128
0 113
0 164
0 90
0 252
0 122
0 92
0 172
0 109
0 116
0 75
0 224
0 252
0 26
0 205
0 82
0 269
0 94
0 214
0 177
0 294
0 169
0 214
0 73
0 111
0 112
0 170
0 133
0 175
0 157
0 356
0 31
0 96
0 132
0 202
0 200
0 124
0 338
0 31
0 151
0 132
0 211
0 240
0 694
0 332
0 150
0 194
0 265
0 78
0 251
0 129
0 255
0 221
0 187
0 185
0 153
0 130
0 172
0 86
0 247
0 309
0 124
0 120
0 107
0 311
0 156
0 200
0 158
0 109
0 355
0 113
0 119
0 288
0 64
0 452
0 367
0 104
0 130
0 64
0 94
0 172
0 157
0 108
0 319
0 237
0 148
0 369
0 193
0 239
0 77
0 432
0 245
0 75
0 236
0 182
0 65
0 192
0 98
0 165
0 94
0 432
0 165
0 290
0 308
0 116
0 187
0 87
0 67
0 116
0 246
0 63
0 200
0 266
0 80
0 81
0 103
0 114
0 288
0 70
0 344
0 148
0 136
0 59
0 248
0 376
0 102
0 128
0 309
0 31
0 84
0 154
0 107
0 236
0 180
0 127
0 229
0 268
0 54
0 271
0 89
0 78
0 176
0 301
0 213
0 109
0 200
0 141
0 111
0 219
0 194
0 130
0 227
0 466
0 205
0 253
0 225
0 180
0 370
0 238
0 117
0 111
0 83
0 123
0 284
0 223
0 289
0 184
0 36
0 80
0 131
0 273
0 425
0 158
0 53
0 136
0 155
0 139
0 319
0 63
0 224
0 39
0 118
0 496
0 44
0 204
0 278
0 80
0 134
0 289
0 81
0 529
0 283
0 123
0 481
0 133
0 144
0 44
0 112
0 148
0 230
0 618
0 147
0 312
0 81
0 83
0 59
0 137
0 181
0 197
0 158
0 128
0 179
0 142
0 333
0 139
0 93
0 333
0 197
0 128
0 55
0 76
0 93
0 193
0 28
0 85
0 184
0 392
0 118
0 299
0 175
0 253
0 261
0 291
0 61
0 62
0 134
0 85
0 203
0 66
0 116
0 254
0 229
0 270
0 346
0 316
0 34
0 52
0 139
0 121
0 273
0 154
0 101
0 181
0 193
0 159
0 359
0 494
0 200
0 206
0 75
0 175
0 167
0 408
0 47
0 66
0 330
0 136
0 200
0 281
0 188
0 246
0 291
0 190
0 230
0 176
0 182
0 251
0 105
0 112
0 218
0 178
0 305
0 136
0 95
0 149
0 299
0 256
0 381
0 159
0 215
0 195
0 107
0 163
0 106
0 279
0 394
0 299
0 64
0 210
0 151
0 99
0 253
0 209
0 276
0 112
0 63
0 43
0 56
0 130
0 51
0 166
0 71
0 250
0 28
0 298
0 62
0 48
0 329
0 124
0 214
0 303
0 422
0 86
0 106
0 60
0 299
0 183
0 174
0 113
0 210
0 279
0 106
0 133
0 254
0 48
0 71
0 124
0 296
0 97
0 57
0 182
0 231
0 223
0 95
0 50
0 291
0 390
0 81
0 340
0 135
0 197
0 99
0 439
0 197
0 65
0 219
0 361
0 272
0 84
0 217
0 84
0 34
0 108
0 238
0 119
0 186
0 218
0 361
0 99
0 363
0 213
0 301
0 162
0 135
0 166
0 222
0 149
0 80
0 178
0 61
0 176
0 158
0 153
0 60
0 57
0 264
0 89
0 233
0 165
0 218
0 282
0 334
0 184
0 109
0 232
0 159
0 98
0 69
0 190
0 198
0 75
0 224
0 377
0 174
0 218
0 118
0 163
0 98
0 140
0 32
0 68
0 273
0 296
0 276
0 191
0 49
0 46
0 163
0 397
0 303
0 88
0 228
0 23
0 119
0 84
0 112
0 81
0 204
0 118
0 521
0 110
0 74
0 96
0 66
0 252
0 199
0 157
0 175
0 84
0 335
0 89
0 57
0 341
0 141
0 216
0 118
0 92
0 27
0 95
0 201
0 105
0 569
0 162
0 92
0 99
0 366
0 119
0 68
0 384
0 77
0 185
0 211
0 219
0 257
0 211
0 300
0 53
0 124
0 177
0 85
0 310
0 291
0 277
0 173
0 133
0 65
0 124
0 324
0 179
0 271
0 126
0 322
0 165
0 222
0 220
0 126
0 93
0 117
0 117
0 293
0 123
0 61
0 176
0 184
0 256
0 145
0 161
0 128
0 138
0 382
0 133
0 297
0 149
0 77
0 443
0 175
0 55
0 144
0 85
0 222
0 276
0 236
0 328
0 256
0 294
0 141
0 99
0 167
0 190
0 202
0 61
0 73
0 308
0 210
0 309
0 123
0 171
0 106
0 118
0 368
0 64
0 237
0 118
0 264
0 259
0 427
0 134
0 240
0 311
0 171
0 38
0 118
0 277
0 146
0 238
0 226
0 284
0 113
0 69
0 114
0 303
0 43
0 177
0 282
0 47
0 80
0 200
0 261
0 174
0 263
0 179
0 165
0 32
0 190
0 286
0 280
0 221
0 130
0 96
0 175
0 106
0 104
0 105
0 341
0 150
0 242
0 216
0 263
0 152
0 388
0 70
0 220
0 80
0 82
0 132
0 314
0 105
0 126
0 253
0 46
0 317
0 269
0 182
0 176
0 235
0 371
0 174
0 328
0 238
0 294
0 374
0 143
0 207
0 386
0 379
0 83
0 139
0 63
0 135
0 273
0 106
0 129
0 69
0 108
0 43
0 94
0 233
0 116
0 244
0 127
0 173
0 76
0 222
0 265
0 260
0 235
0 173
0 235
0 63
0 215
0 198
0 58
0 290
0 116
0 145
0 179
0 224
0 159
0 225
0 231
0 624
0 151
0 176
0 207
0 180
0 128
0 141
0 302
0 103
0 71
0 109
0 69
0 148
0 180
0 499
0 119
0 108
0 162
0 282
0 98
0 128
0 168
0 245
0 164
0 98
0 372
0 220
0 83
0 172
0 25
0 298
0 252
0 122
0 152
0 161
0 110
0 165
0 92
0 28
0 203
0 168
0 34
0 123
0 291
0 83
0 110
0 255
0 103
0 94
0 146
0 126
0 435
0 129
0 248
0 114
0 148
0 199
0 141
0 177
0 321
0 138
0 210
0 246
0 174
0 224
0 59
0 73
0 46
0 104
0 159
0 156
0 79
0 59
0 135
0 145
0 159
0 143
0 98
0 284
0 59
0 142
0 144
0 49
0 17
0 151
0 282
0 85
0 121
0 333
0 178
0 172
0 90
0 130
0 202
0 146
0 178
0 165
0 44
0 151
0 43
0 113
0 53
0 146
0 101
0 573
0 52
0 179
0 220
0 119
0 145
0 232
0 153
0 124
0 259
0 203
0 36
0 333
0 192
0 43
0 163
0 319
0 169
0 104
0 132
0 134
0 52
0 150
0 361
0 212
0 168
0 65
0 91
0 206
0 90
0 167
0 105
0 609
0 123
0 169
0 79
0 33
0 27
0 224
0 194
0 187
0 240
0 82
0 96
0 301
0 185
0 310
0 164
0 314
0 256
0 70
0 201
0 377
0 190
0 137
0 313
0 205
0 70
0 325
0 186
0 156
0 287
0 216
0 246
0 74
0 261
0 72
0 304
0 80
0 234
0 172
0 176
0 37
0 60
0 253
0 242
0 239
0 251
0 341
0 217
0 233
0 191
0 121
0 238
0 254
0 163
0 182
0 88
0 81
0 137
0 124
0 176
0 147
0 110
0 124
0 312
0 44
0 431
0 120
0 127
0 230
0 111
0 184
0 89
0 75
0 187
0 123
0 58
0 59
0 234
0 161
0 300
0 80
0 292
0 179
0 161
0 95
0 242
0 70
0 116
0 88
0 125
0 296
0 122
0 230
0 248
0 469
0 114
0 310
0 165
0 182
0 115
0 119
0 81
0 308
0 104
0 181
0 260
0 251
0 31
0 114
0 133
0 415
0 353
0 124
0 339
0 73
0 112
0 83
0 284
0 117
0 55
0 55
0 29
0 100
0 145
0 59
0 121
0 88
0 112
0 82
0 59
0 93
0 208
0 362
0 273
0 175
0 104
0 119
0 102
0 139
0 477
0 154
0 196
0 175
0 120
0 65
0 146
0 89
0 217
0 84
0 178
0 147
0 59
0 223
0 122
0 203
0 182
0 188
0 161
0 108
0 293
0 148
0 47
0 419
0 38
0 212
0 48
0 260
0 126
0 68
0 76
0 200
0 253
0 47
0 70
0 74
0 310
0 69
0 209
0 265
0 33
0 57
0 178
0 191
0 259
0 188
0 384
0 215
0 357
0 215
0 116
0 42
0 119
0 110
0 224
0 119
0 182
0 231
0 75
0 237
0 60
0 237
0 84
0 409
0 306
0 147
0 283
0 272
0 309
0 191
0 209
0 236
0 71
0 64
0 91
0 432
0 135
0 280
0 208
0 193
0 114
0 121
0 338
0 420
0 116
0 156
0 160
0 121
0 138
0 93
0 254
0 160
0 351
0 50
0 419
0 170
0 195
0 128
0 60
0 104
0 53
0 168
0 317
0 378
0 68
0 45
0 260
0 105
0 515
0 110
0 197
0 97
0 85
0 397
0 46
0 102
0 112
0 97
0 300
0 368
0 198
0 261
0 129
0 72
0 161
0 132
0 68
0 115
0 131
0 311
0 158
0 186
0 220
0 60
0 473
0 209
0 92
0 192
0 299
0 76
0 127
0 266
0 272
0 74
0 135
0 102
0 73
0 207
0 322
0 435
0 105
0 347
0 213
0 182
0 142
0 82
0 167
0 233
0 273
0 123
0 365
0 205
0 342
0 173
0 465
0 47
0 182
0 287
0 92
0 130
0 246
0 195
0 155
0 297
0 82
0 161
0 47
0 432
0 72
0 399
0 222
0 185
0 104
0 74
0 60
0 139
0 352
0 226
0 220
0 153
0 164
0 228
0 385
0 311
0 269
0 309
0 241
0 183
0 282
0 186
0 259
0 132
0 302
0 281
0 78
0 353
0 91
0 208
0 112
0 56
0 68
0 270
0 93
0 43
0 54
0 284
0 55
0 87
0 98
0 142
0 156
0 150
0 260
0 345
0 55
0 330
0 215
0 288
0 367
0 247
0 97
0 54
0 147
0 412
0 268
0 419
0 109
0 207
0 55
0 300
0 239
0 304
0 100
0 298
0 118
0 93
0 522
0 302
0 70
0 289
0 209
0 145
0 132
0 249
0 34
0 395
0 122
0 86
0 164
0 168
0 96
0 407
0 262
0 157
0 162
0 300
0 118
0 180
0 211
0 155
0 270
0 330
0 113
0 237
0 64
0 217
0 170
0 124
0 78
0 70
0 196
0 248
0 307
0 310
0 196
0 263
0 34
0 346
0 225
0 137
0 200
0 181
0 254
0 86
0 113
0 402
0 182
0 78
0 260
0 75
0 168
0 190
0 236
0 267
0 330
0 274
0 93
0 27
0 274
0 417
0 88
0 212
0 204
0 278
0 152
0 130
0 170
0 225
0 276
0 324
0 283
0 318
0 123
0 75
0 135
0 231
0 303
0 108
0 82
0 74
0 26
0 148
0 265
0 43
0 93
0 231
0 49
0 329
0 119
0 158
0 302
0 161
0 73
0 222
0 256
0 118
0 398
0 167
0 58
0 125
0 71
0 141
0 187
0 172
0 254
0 100
0 128
0 188
0 251
0 96
0 156
0 44
0 245
0 195
0 211
0 114
0 152
0 111
0 321
0 365
0 218
0 262
0 487
0 189
0 273
0 82
0 465
0 231
0 178
0 273
0 131
0 168
0 110
0 127
0 85
0 52
0 78
0 299
0 221
0 214
0 194
0 24
0 205
0 140
0 164
0 131
0 96
0 81
0 60
0 232
0 115
0 223
0 576
0 157
0 274
0 95
0 242
0 225
0 190
0 325
0 73
0 103
0 105
0 221
0 31
0 112
0 270
0 294
0 192
0 192
0 62
0 85
0 137
0 79
0 189
0 261
0 249
0 48
0 134
0 219
0 222
0 47
0 318
0 70
0 111
0 245
0 225
0 95
0 312
0 63
0 180
0 109
0 193
0 53
0 179
0 350
0 119
0 376
0 196
0 311
0 431
0 472
0 204
0 172
0 69
0 219
0 258
0 152
0 192
0 62
0 240
0 125
0 97
0 182
0 389
0 275
0 228
0 294
0 140
0 82
0 152
0 287
0 297
0 105
0 184
0 147
0 224
0 51
0 128
0 38
0 54
0 299
0 61
0 152
0 287
0 217
0 427
0 152
0 186
0 98
0 149
0 269
0 281
0 159
0 237
0 196
0 148
0 83
0 45
0 38
0 167
0 390
0 95
0 202
0 275
0 138
0 86
0 140
0 83
0 132
0 353
0 116
0 232
0 255
0 231
0 210
0 95
0 261
0 28
0 178
0 240
0 51
0 243
0 174
0 166
0 630
0 94
0 187
0 214
0 257
0 59
0 254
0 67
0 511
0 117
0 76
0 113
0 137
0 137
0 263
0 116
0 51
0 103
0 111
0 73
0 271
0 123
0 79
0 260
0 330
0 252
0 266
0 446
0 96
0 337
0 144
0 45
0 85
0 107
0 291
0 319
0 87
0 134
0 208
0 126
0 156
0 110
0 224
0 362
0 126
0 91
0 62
0 230
0 79
0 170
0 52
0 265
0 151
0 151
0 221
0 127
0 286
0 157
0 145
0 189
0 77
0 354
0 171
0 508
0 195
0 66
0 216
0 267
0 311
0 119
0 53
0 59
0 384
0 156
0 391
0 85
0 472
0 159
0 78
0 203
0 141
0 88
0 55
0 91
0 198
0 314
0 399
0 106
0 171
0 75
0 134
0 169
0 178
0 56
0 213
0 291
0 335
0 263
0 279
0 224
0 382
0 100
0 305
0 236
0 130
0 270
0 47
0 109
0 72
0 235
0 108
0 184
0 110
0 87
0 255
0 118
0 43
0 347
0 245
0 188
0 278
0 384
0 240
0 279
0 119
0 25
0 207
0 163
0 183
0 49
0 40
0 111
0 191
0 264
0 295
0 166
0 60
0 106
0 343
0 132
0 457
0 168
0 178
0 81
0 262
0 251
0 233
0 109
0 254
0 148
0 192
0 197
0 53
0 40
0 56
0 53
0 205
0 281
0 306
0 95
0 201
0 77
0 228
0 230
0 74
0 155
0 138
0 109
0 45
0 116
0 153
0 162
0 158
0 39
0 307
0 394
0 135
0 173
0 51
0 271
0 62
0 342
0 388
0 201
0 292
0 125
0 79
0 352
0 230
0 294
0 50
0 162
0 117
0 340
0 79
0 69
0 206
0 216
0 153
0 310
0 256
0 187
0 258
0 285
0 272
0 304
0 39
0 187
0 158
0 84
0 45
0 146
0 520
0 251
0 301
0 53
0 529
0 146
0 199
0 251
0 129
0 256
0 71
0 311
0 100
0 42
0 168
0 135
0 122
0 533
0 224
0 365
0 161
0 76
0 298
0 422
0 88
0 140
0 478
0 42
0 77
0 186
0 356
0 197
0 104
0 161
0 158
0 259
0 164
0 19
0 189
0 38
0 75
0 265
0 129
0 336
0 241
0 114
0 198
0 170
0 160
0 55
0 86
0 343
0 183
0 92
0 169
0 40
0 194
0 199
0 58
0 232
0 256
0 146
0 168
0 78
0 66
0 183
0 182
0 371
0 113
0 116
0 106
0 126
0 241
0 80
0 109
0 28
0 148
0 122
0 92
0 122
0 127
0 174
0 227
0 331
0 59
0 58
0 91
0 139
0 243
0 81
0 111
0 330
0 229
0 231
0 93
0 70
0 214
0 55
0 310
0 135
0 40
0 128
0 398
0 97
0 92
0 251
0 256
0 124
0 198
0 334
0 199
0 143
0 206
0 174
0 251
0 172
0 129
0 76
0 223
0 68
0 175
0 158
0 194
0 109
0 225
0 275
0 232
0 377
0 167
0 41
0 185
0 163
0 27
0 65
0 64
0 228
0 428
0 510
0 332
0 230
0 56
0 219
0 399
0 270
0 357
0 134
0 160
0 150
0 94
0 128
0 408
0 260
0 76
0 204
0 100
0 310
0 394
0 142
0 355
0 118
0 126
0 106
0 125
0 288
0 96
0 156
0 76
0 251
0 70
0 72
0 185
0 290
0 174
0 85
0 139
0 330
0 281
0 122
0 429
0 235
0 158
0 276
0 290
0 82
0 229
0 342
0 270
0 113
0 83
0 265
0 73
0 513
0 437
0 170
0 202
0 262
0 151
0 110
0 223
0 130
0 357
0 370
0 212
0 55
0 125
0 212
0 110
0 144
0 170
0 119
0 302
0 180
0 195
0 100
0 30
0 76
0 137
0 232
0 102
0 290
0 87
0 75
0 143
0 66
0 73
0 356
0 83
0 110
0 230
0 77
0 69
0 95
0 133
0 376
0 234
0 406
0 151
0 306
0 186
0 199
0 184
0 174
0 130
0 214
0 434
0 276
0 112
0 203
0 208
0 104
0 166
0 100
0 58
0 300
0 127
0 54
0 285
0 76
0 39
0 201
0 70
0 156
0 223
0 151
0 179
0 184
0 344
0 307
0 105
0 164
0 284
0 179
0 82
0 172
0 159
0 423
0 159
0 280
0 38
0 259
0 225
0 278
0 251
0 130
0 302
0 32
0 262
0 412
0 47
0 128
0 343
0 147
0 81
0 229
0 198
0 95
0 188
0 222
0 43
0 592
0 84
0 184
0 145
0 78
0 477
0 174
0 296
0 161
0 34
0 99
0 166
0 345
0 275
0 119
0 444
0 63
0 216
0 199
0 100
0 231
0 114
0 130
0 69
0 156
0 270
0 349
0 317
0 377
0 196
0 52
0 69
0 98
0 166
0 319
0 245
0 302
0 138
0 232
0 244
0 235
0 101
0 173
0 92
0 68
0 84
0 102
0 172
0 183
0 265
0 108
0 45
0 226
0 172
0 290
0 438
0 183
0 37
0 247
0 181
0 188
0 216
0 300
0 149
0 169
0 184
0 163
0 71
0 77
0 270
0 240
0 174
0 208
0 211
0 123
0 301
0 224
0 320
0 129
0 182
0 160
0 276
0 206
0 62
0 143
0 60
0 98
0 207
0 64
0 121
0 78
0 216
0 56
0 323
0 99
0 316
0 91
0 181
0 402
0 203
0 143
0 143
0 261
0 129
0 270
0 112
0 189
0 251
0 144
0 211
0 290
0 28
0 272
0 205
0 154
0 189
0 164
0 98
0 134
0 117
0 262
0 79
0 522
0 287
0 78
0 92
0 48
0 65
0 99
0 305
0 187
0 64
0 155
0 310
0 71
0 116
0 92
0 289
0 97
0 39
0 161
0 116
0 112
0 79
0 85
0 263
0 206
0 123
0 420
0 261
0 167
0 250
0 196
0 75
0 284
0 202
0 136
0 193
0 234
0 49
0 172
0 107
0 244
0 350
0 228
0 297
0 286
0 170
0 440
0 274
0 380
0 57
0 84
0 180
0 123
0 265
0 142
0 150
0 149
0 137
0 161
0 124
0 211
0 87
0 171
0 310
0 169
0 112
0 139
0 91
0 232
0 228
0 159
0 112
0 191
0 322
0 172
0 262
0 79
0 346
0 137
0 301
0 318
0 121
0 255
0 151
0 417
0 150
0 289
0 135
0 67
0 246
0 130
0 88
0 192
0 137
0 30
0 148
0 295
0 165
0 372
0 236
0 133
0 121
0 215
0 131
0 279
0 79
0 112
0 355
0 128
0 92
0 137
0 225
0 293
0 89
0 205
0 209
0 74
0 135
0 110
0 118
0 147
0 67
0 160
0 308
0 81
0 263
0 189
0 146
0 303
0 133
0 35
0 256
0 129
0 33
0 63
0 138
0 130
0 86
0 64
0 494
0 288
0 89
0 329
0 46
0 234
0 188
0 199
0 109
0 122
0 228
0 181
0 52
0 100
0 532
0 56
0 161
0 165
0 220
0 205
0 329
0 174
0 257
0 136
0 127
0 101
0 285
0 397
0 112
0 124
0 306
0 119
0 272
0 104
0 34
0 149
0 145
0 150
0 185
0 168
0 142
0 66
0 182
0 204
0 97
0 209
0 117
0 145
0 230
0 23
0 198
0 132
0 120
0 259
0 74
0 229
0 212
0 181
0 122
0 222
0 115
0 129
0 138
0 308
0 128
0 246
0 145
0 216
0 140
0 153
0 232
0 99
0 88
0 277
0 276
0 184
0 122
0 47
0 133
0 163
0 86
0 97
0 376
0 378
0 60
0 87
0 409
0 189
0 340
0 105
0 355
0 275
0 117
0 88
0 91
0 219
0 283
0 86
0 68
0 129
0 79
0 214
0 238
0 376
0 202
0 63
0 198
0 128
0 122
0 189
0 125
0 377
0 111
0 188
0 377
0 166
0 235
0 128
0 182
0 110
0 134
0 145
0 249
0 51
0 238
0 270
0 152
0 326
0 220
0 80
0 282
0 286
0 103
0 144
0 190
0 47
0 134
0 204
0 206
0 170
0 213
0 170
0 66
0 81
0 90
0 112
0 355
0 340
0 60
0 126
0 188
0 61
0 225
0 91
0 94
0 271
0 87
0 71
0 107
0 54
0 501
0 77
0 219
0 242
0 277
0 326
0 318
0 204
0 60
0 185
0 117
0 334
0 180
0 198
0 251
0 111
0 158
0 335
0 65
0 181
0 337
0 314
0 66
0 368
0 356
0 149
0 153
0 491
0 216
0 141
0 92
0 163
0 154
0 89
0 200
0 92
0 42
0 288
0 160
0 233
0 153
0 149
0 100
0 112
0 329
0 152
0 119
0 183
0 102
0 152
0 106
0 122
0 218
0 152
0 50
0 184
0 99
0 49
0 46
0 67
0 348
0 238
0 140
0 131
0 132
0 154
0 67
0 243
0 215
0 130
0 288
0 84
0 136
0 42
0 112
0 248
0 106
0 166
0 217
0 235
0 149
0 91
0 213
0 246
0 489
0 271
0 488
0 279
0 436
0 33
0 84
0 313
0 149
0 51
0 339
0 190
0 122
0 82
0 202
0 113
0 127
0 209
0 393
0 80
0 349
0 253
0 197
0 155
0 241
0 299
0 129
0 321
0 64
0 411
0 249
0 461
0 253
0 157
0 188
0 89
0 339
0 299
0 170
0 110
0 102
0 53
0 309
0 157
0 201
0 180
0 339
0 119
0 239
0 83
0 86
0 223
0 183
0 68
0 109
0 172
0 416
0 320
0 291
0 75
0 39
0 144
0 298
0 128
0 241
0 463
0 237
0 158
0 281
0 228
0 238
0 151
0 53
0 292
0 186
0 166
0 314
0 29
0 212
0 217
0 255
0 286
0 121
0 237
0 258
0 145
0 117
0 309
0 176
0 152
0 135
0 416
0 128
0 257
0 48
0 178
0 327
0 276
0 149
0 99
0 139
0 213
0 327
0 172
0 49
0 341
0 227
0 157
0 65
0 168
0 184
0 56
0 166
0 304
0 203
0 133
0 208
0 115
0 167
0 213
0 178
0 137
0 295
0 345
0 125
0 347
0 36
0 137
0 30
0 119
0 319
0 55
0 295
0 374
0 127
0 76
0 106
0 58
0 252
0 40
0 373
0 219
0 344
0 215
0 38
0 172
0 214
0 99
0 159
0 171
0 87
0 159
0 26
0 55
0 373
0 124
0 247
0 517
0 146
0 205
0 97
0 340
0 56
0 205
0 300
0 288
0 71
0 144
0 41
0 131
0 79
0 137
0 52
0 67
0 55
0 278
0 245
0 40
0 210
0 290
0 116
0 66
0 82
0 481
0 135
0 376
0 192
0 175
0 48
0 78
0 599
0 202
0 63
0 240
0 111
0 232
0 90
0 91
0 195
0 100
0 186
0 190
0 236
0 91
0 337
0 216
0 28
0 182
0 36
0 64
0 230
0 191
0 197
0 216
0 225
0 197
0 60
0 64
0 269
0 96
0 98
0 78
0 71
0 267
0 356
0 259
0 220
0 243
0 119
0 17
0 96
0 199
0 37
0 78
0 74
0 50
0 136
0 111
0 67
0 123
0 41
0 209
0 221
0 293
0 323
0 85
0 180
0 206
0 142
0 98
0 110
0 367
0 238
0 460
0 229
0 59
0 174
0 141
0 186
0 180
0 109
0 229
0 160
0 405
0 77
0 120
0 96
0 315
0 192
0 90
0 190
0 180
0 143
0 100
0 294
0 260
0 159
0 140
0 197
0 249
0 278
0 211
0 315
0 209
0 108
0 307
0 193
0 181
0 39
0 77
0 99
0 119
0 220
0 259
0 174
0 306
0 164
0 99
0 339
0 199
0 83
0 99
0 164
0 119
0 281
0 357
0 59
0 321
0 150
0 208
0 354
0 197
0 283
0 154
0 52
0 319
0 126
0 312
0 236
0 117
0 86
0 133
0 131
0 148
0 200
0 269
0 96
0 145
0 272
0 127
0 237
0 339
0 181
0 73
0 227
0 116
0 145
0 194
0 314
0 105
0 145
0 140
0 342
0 180
0 196
0 304
0 292
0 253
0 57
0 258
0 49
0 154
0 116
0 197
0 71
0 89
0 80
0 75
0 113
0 294
0 249
0 237
0 298
0 347
0 247
0 283
0 142
0 149
0 267
0 122
0 268
0 221
0 73
0 107
0 294
0 23
0 225
0 248
0 221
0 308
0 216
0 403
0 108
0 80
0 218
0 236
0 263
0 287
0 217
0 65
0 161
0 33
0 287
0 152
0 221
0 377
0 275
0 404
0 71
0 77
0 96
0 247
0 84
0 91
0 193
0 184
0 240
0 114
0 35
0 283
0 138
0 130
0 123
0 129
0 137
0 220
0 276
0 280
0 259
0 190
0 231
0 192
0 119
0 200
0 165
0 125
0 36
0 75
0 66
0 108
0 251
0 229
0 319
0 141
0 178
0 168
0 194
0 55
0 271
0 160
0 245
0 245
0 255
0 162
0 102
0 185
0 237
0 80
0 81
0 375
0 350
0 268
0 179
0 13
0 256
0 214
0 189
0 355
0 259
0 107
0 72
0 197
0 346
0 122
0 112
0 101
0 126
0 257
0 214
0 62
0 155
0 271
0 86
0 147
0 147
0 250
0 86
0 132
0 166
0 138
0 143
0 161
0 140
0 129
0 115
0 94
0 115
0 121
0 167
0 139
0 28
0 129
0 139
0 84
0 55
0 62
0 356
0 189
0 96
0 472
0 62
0 217
0 284
0 153
0 196
0 109
0 93
0 250
0 189
0 114
0 127
0 217
0 209
0 340
0 127
0 67
0 62
0 117
0 363
0 59
0 291
0 215
0 295
0 218
0 294
0 103
0 487
0 257
0 29
0 203
0 146
0 319
0 160
0 86
0 149
0 274
0 402
0 240
0 124
0 228
0 67
0 190
0 169
0 58
0 340
0 314
0 40
0 392
0 126
0 251
0 218
0 160
0 81
0 141
0 228
0 327
0 352
0 68
0 54
0 243
0 85
0 120
0 212
0 107
0 144
0 261
0 59
0 163
0 178
0 233
0 300
0 414
0 333
0 235
0 124
0 266
0 162
0 36
0 121
0 33
0 185
0 97
0 115
0 345
0 306
0 51
0 234
0 356
0 135
0 106
0 138
0 108
0 156
0 166
0 123
0 210
0 176
0 213
0 195
0 198
0 120
0 454
0 232
0 46
0 44
0 278
0 200
0 312
0 496
0 139
0 255
0 209
0 359
0 320
0 207
0 57
0 199
0 100
0 305
0 134
0 203
0 45
0 34
0 39
0 268
0 31
0 354
0 354
0 393
0 250
0 149
0 36
0 102
0 428
0 229
0 263
0 143
0 223
0 71
0 44
0 311
0 172
0 248
0 68
0 125
0 140
0 37
0 186
0 156
0 298
0 89
0 74
0 129
0 265
0 58
0 88
0 77
0 352
0 266
0 102
0 367
0 135
0 165
0 42
0 183
0 66
0 373
0 394
0 141
0 86
0 254
0 150
0 199
0 94
0 150
0 269
0 275
0 94
0 192
0 297
0 362
0 46
0 195
0 147
0 174
0 185
0 193
0 242
0 493
0 170
0 344
0 255
0 282
0 123
0 230
0 255
0 466
0 176
0 207
0 203
0 74
0 140
0 158
0 307
0 212
0 108
0 251
0 478
0 307
0 173
0 83
0 143
0 243
0 47
0 190
0 209
0 165
0 365
0 344
0 71
0 87
0 94
0 159
0 202
0 137
0 22
0 458
0 236
0 395
0 176
0 145
0 173
0 244
0 90
0 236
0 186
0 236
0 90
0 62
0 92
0 94
0 261
0 153
0 47
0 123
0 168
0 140
0 104
0 189
0 156
0 60
0 47
0 79
0 114
0 147
0 176
0 100
0 263
0 87
0 22
0 182
0 400
0 208
0 78
0 145
0 151
0 177
0 80
0 150
0 83
0 138
0 81
0 65
0 63
0 34
0 23
0 138
0 98
0 32
0 114
0 265
0 307
0 119
0 191
0 306
0 295
0 96
0 138
0 46
0 130
0 224
0 398
0 227
0 211
0 156
0 56
0 242
0 481
0 285
0 264
0 106
0 129
0 172
0 52
0 108
0 114
0 207
0 67
0 159
0 132
0 77
0 308
0 382
0 207
0 238
0 177
0 298
0 328
0 166
0 359
0 105
0 129
0 183
0 189
0 184
0 483
0 286
0 230
0 283
0 77
0 82
0 181
0 47
0 154
0 53
0 79
0 281
0 182
0 137
0 257
0 116
0 288
0 261
0 520
0 207
0 263
0 206
0 65
0 283
0 61
0 96
0 210
0 104
0 397
0 293
0 57
0 53
0 122
0 211
0 266
0 316
0 61
0 121
0 102
0 119
0 316
0 247
0 83
0 128
0 66
0 235
0 141
0 218
0 160
0 158
0 151
0 59
0 108
0 86
0 149
0 236
0 335
0 46
0 98
0 86
0 287
0 28
0 281
0 147
0 202
0 102
0 201
0 163
0 67
0 51
0 338
0 459
0 38
0 195
0 143
0 195
0 85
0 216
0 71
0 182
0 150
0 324
0 88
0 17
0 106
0 437
0 259
0 79
0 36
0 207
0 129
0 239
0 248
0 98
0 231
0 106
0 107
0 86
0 152
0 64
0 83
0 362
0 454
0 70
0 184
0 156
0 202
0 82
0 51
0 86
0 188
0 173
0 132
0 68
0 201
0 143
0 116
0 287
0 138
0 315
0 111
0 124
0 210
0 87
0 105
0 200
0 299
0 185
0 233
0 148
0 262
0 47
0 82
0 225
0 334
0 82
0 108
0 25
0 64
0 243
0 105
0 415
0 213
0 341
0 294
0 80
0 166
0 192
0 236
0 20
0 339
0 249
0 246
0 102
0 197
0 179
0 225
0 154
0 82
0 89
0 131
0 28
0 159
0 18
0 202
0 257
0 46
0 171
0 253
0 104
0 126
0 223
0 100
0 98
0 52
0 42
0 136
0 324
0 119
0 201
0 171
0 198
0 232
0 390
0 174
0 118
0 144
0 95
0 175
0 187
0 254
0 94
0 226
0 28
0 204
0 70
0 177
0 107
0 44
0 133
0 314
0 91
0 58
0 345
0 114
0 145
0 81
0 137
0 130
0 143
0 234
0 136
0 59
0 106
0 172
0 168
0 364
0 236
0 101
0 61
0 317
0 385
0 70
0 364
0 312
0 297
0 223
0 97
0 104
0 236
0 105
0 75
0 166
0 247
0 194
0 183
0 159
0 90
0 91
0 165
0 156
0 45
0 213
0 290
0 21
0 76
0 135
0 268
0 257
0 84
0 113
0 336
0 112
0 56
0 256
0 231
0 260
0 189
0 112
0 288
0 162
0 108
0 279
0 101
0 236
0 104
0 57
0 131
0 244
0 377
0 259
0 184
0 269
0 318
0 100
0 103
0 107
0 189
0 88
0 88
0 47
0 176
0 225
0 267
0 159
0 159
0 382
0 195
0 254
0 86
0 112
0 326
0 149
0 105
0 274
0 35
0 180
0 237
0 144
0 169
0 98
0 233
0 401
0 281
0 295
0 205
0 113
0 250
0 107
0 314
0 285
0 381
0 41
0 50
0 46
0 65
0 98
0 219
0 93
0 275
0 49
0 152
0 43
0 64
0 142
0 297
0 245
0 172
0 148
0 219
0 240
0 129
0 311
0 332
0 254
0 162
0 343
0 216
0 178
0 239
0 106
0 170
0 453
0 195
0 172
0 181
0 291
0 245
0 228
0 155
0 176
0 141
0 114
0 302
0 142
0 277
0 242
0 112
0 230
0 199
0 47
0 61
0 133
0 68
0 89
0 253
0 94
0 231
0 188
0 96
0 341
0 67
0 106
0 133
0 102
0 300
0 59
0 75
0 140
0 681
0 176
0 168
0 188
0 22
0 392
0 147
0 346
0 486
0 228
0 285
0 48
0 213
0 186
0 192
0 76
0 308
0 260
0 123
0 105
0 125
0 27
0 262
0 203
0 166
0 248
0 164
0 144
0 125
0 213
0 124
0 265
0 49
0 118
0 164
0 220
0 141
0 542
0 188
0 171
0 150
0 382
0 143
0 236
0 61
0 132
0 293
0 218
0 157
0 178
0 273
0 242
0 220
0 234
0 364
0 174
0 145
0 219
0 120
0 300
0 122
0 77
0 129
0 225
0 59
0 253
0 296
0 120
0 409
0 222
0 122
0 298
0 168
0 181
0 102
0 183
0 43
0 126
0 197
0 290
0 269
0 494
0 209
0 100
0 108
0 81
0 175
0 32
0 246
0 318
0 195
0 207
0 316
0 107
0 279
0 558
0 167
0 105
0 405
0 202
0 102
0 249
0 238
0 398
0 142
0 376
0 114
0 311
0 331
0 118
0 105
0 69
0 114
0 120
0 81
0 412
0 264
0 348
0 36
0 427
0 126
0 99
0 204
0 55
0 175
0 122
0 183
0 73
0 224
0 101
0 202
0 194
0 90
0 130
0 74
0 283
0 262
0 259
0 186
0 153
0 57
0 214
0 208
0 196
0 74
0 104
0 168
0 259
0 193
0 75
0 156
0 252
0 140
0 149
0 109
0 233
0 120
0 90
0 106
0 85
0 57
0 91
0 42
0 108
0 282
0 80
0 293
0 489
0 90
0 215
0 210
0 96
0 173
0 260
0 234
0 18
0 216
0 75
0 646
0 112
0 239
0 132
0 115
0 291
0 163
0 244
0 248
0 266
0 304
0 128
0 60
0 343
0 332
0 302
0 242
0 215
0 583
0 182
0 171
0 103
0 120
0 168
0 406
0 142
0 256
0 30
0 49
0 268
0 447
0 114
0 415
0 88
0 195
0 190
0 106
0 302
0 328
0 156
0 93
0 131
0 120
0 752
0 167
0 51
0 206
0 117
0 56
0 132
0 442
0 110
0 152
0 284
0 40
0 142
0 107
0 247
0 218
0 121
0 129
0 29
0 152
0 260
0 91
0 170
0 199
0 158
0 350
0 92
0 151
0 145
0 135
0 61
0 118
0 205
0 75
0 35
0 243
0 169
0 185
0 422
0 114
0 199
0 170
0 255
0 144
0 188
0 100
0 230
0 216
0 76
0 395
0 361
0 193
0 308
0 87
0 281
0 438
0 141
0 226
0 351
0 241
0 236
0 261
0 108
0 93
0 201
0 150
0 93
0 27
0 170
0 205
0 136
0 137
0 40
0 169
0 51
0 137
0 187
0 339
0 137
0 140
0 158
0 240
0 83
0 280
0 231
0 90
0 149
0 243
0 162
0 126
0 130
0 157
0 138
0 155
0 186
0 152
0 77
0 144
0 155
0 91
0 255
0 65
0 281
0 109
0 142
0 187
0 158
0 167
0 227
0 53
0 299
0 289
0 107
0 228
0 448
0 195
0 163
0 623
0 143
0 115
0 85
0 234
0 204
0 111
0 131
0 214
0 220
0 381
0 197
0 208
0 48
0 160
0 78
0 127
0 129
0 84
0 106
0 174
0 92
0 172
0 125
0 15
0 68
0 117
0 152
0 71
0 53
0 121
0 174
0 187
0 167
0 252
0 263
0 333
0 106
0 147
0 43
0 110
0 43
0 173
0 77
0 35
0 64
0 285
0 132
0 41
0 61
0 174
0 191
0 329
0 72
0 192
0 220
0 169
0 107
0 179
0 141
0 158
0 120
0 741
0 290
0 111
0 121
0 92
0 243
0 54
0 106
0 237
0 183
0 183
0 138
0 123
0 140
0 184
0 198
0 141
0 199
0 273
0 116
0 520
0 174
0 128
0 194
0 272
0 138
0 300
0 36
0 502
0 233
0 224
0 24
0 514
0 301
0 65
0 107
0 246
0 152
0 185
0 126
0 182
0 355
0 186
0 150
0 89
0 135
0 71
0 220
0 293
0 58
0 191
0 95
0 239
0 184
0 117
0 185
0 86
0 160
0 31
0 117
0 103
0 152
0 248
0 241
0 44
0 106
0 108
0 159
0 364
0 172
0 274
0 208
0 447
0 108
0 121
0 227
0 128
0 144
0 532
0 156
0 58
0 169
0 134
0 170
0 179
0 114
0 105
0 203
0 225
0 71
0 68
0 274
0 44
0 75
0 145
0 114
0 295
0 191
0 250
0 174
0 52
0 191
0 165
0 201
0 377
0 59
0 91
0 290
0 291
0 252
0 83
0 107
0 171
0 251
0 200
0 134
0 172
0 138
0 84
0 272
0 159
0 95
0 78
0 535
0 232
0 289
0 88
0 195
0 85
0 109
0 350
0 69
0 43
0 56
0 221
0 54
0 196
0 182
0 167
0 243
0 65
0 166
0 222
0 101
0 201
0 116
0 86
0 198
0 106
0 207
0 109
0 136
0 307
0 88
0 104
0 139
0 261
0 218
0 97
0 39
0 377
0 84
0 183
0 94
0 137
0 213
0 247
0 353
0 276
0 78
0 322
0 82
0 140
0 213
0 245
0 113
0 108
0 152
0 338
0 74
0 195
0 240
0 118
0 106
0 189
0 95
0 153
0 132
0 214
0 75
0 137
0 367
0 472
0 35
0 438
0 160
0 206
0 208
0 272
0 86
0 306
0 214
0 275
0 136
0 136
0 52
0 186
0 343
0 64
0 133
0 199
0 248
0 140
0 30
0 218
0 119
0 79
0 105
0 56
0 127
0 140
0 51
0 259
0 68
0 289
0 216
0 375
0 157
0 195
0 324
0 302
0 512
0 239
0 188
0 112
0 234
0 122
0 177
0 275
0 231
0 137
0 86
0 205
0 434
0 302
0 411
0 129
0 169
0 46
0 216
0 216
0 292
0 54
0 251
0 111
0 325
0 99
0 61
0 259
0 180
0 257
0 89
0 253
0 526
0 281
0 157
0 112
0 142
0 120
0 126
0 127
0 177
0 302
0 38
0 272
0 570
0 157
0 188
0 452
0 159
0 56
0 54
0 229
0 50
0 104
0 178
0 45
0 79
0 117
0 206
0 217
0 135
0 127
0 19
0 120
0 59
0 260
0 37
0 183
0 89
0 196
0 52
0 67
0 168
0 216
0 105
0 235
0 170
0 234
0 199
0 109
0 267
0 405
0 169
0 142
0 159
0 94
0 217
0 214
0 180
0 388
0 342
0 241
0 63
0 165
0 58
0 100
0 216
0 368
0 170
0 244
0 58
0 130
0 116
0 107
0 86
0 185
0 154
0 327
0 194
0 142
0 29
0 163
0 201
0 366
0 296
0 40
0 54
0 249
0 79
0 58
0 207
0 328
0 136
0 161
0 162
0 310
0 100
0 325
0 43
0 112
0 195
0 59
0 104
0 260
0 271
0 52
0 92
0 23
0 58
0 142
0 90
0 179
0 172
0 306
0 213
0 445
0 151
0 251
0 97
0 210
0 92
0 43
0 126
0 254
0 208
0 142
0 161
0 414
0 235
0 182
0 345
0 118
0 91
0 104
0 170
0 140
0 88
0 228
0 128
0 50
0 298
0 162
0 117
0 179
0 349
0 129
0 129
0 220
0 301
0 319
0 301
0 491
0 28
0 240
0 164
0 180
0 350
0 65
0 36
0 95
0 119
0 259
0 354
0 249
0 149
0 168
0 172
0 362
0 247
0 138
0 255
0 181
0 113
0 310
0 325
0 231
0 69
0 54
0 106
0 111
0 179
0 201
0 118
0 186
0 79
0 97
0 220
0 327
0 229
0 243
0 92
0 202
0 318
0 78
0 134
0 270
0 316
0 199
0 234
0 57
0 179
0 29
0 140
0 260
0 107
0 165
0 161
0 132
0 99
0 255
0 276
0 153
0 269
0 170
0 147
0 199
0 153
0 170
0 171
0 701
0 212
0 208
0 192
0 91
0 216
0 165
0 343
0 135
0 28
0 275
0 169
0 121
0 144
0 256
0 112
0 288
0 177
0 351
0 355
0 169
0 101
0 14
0 381
0 56
0 138
0 65
0 106
0 35
0 129
0 84
0 259
0 137
0 546
0 79
0 281
0 360
0 190
0 125
0 266
0 75
0 196
0 91
0 104
0 215
0 253
0 320
0 130
0 398
0 60
0 66
0 114
0 247
0 199
0 93
0 208
0 267
0 188
0 161
0 248
0 55
0 35
0 470
0 253
0 35
0 185
0 139
0 202
0 205
0 175
0 176
0 187
0 167
0 167
0 160
0 88
0 58
0 145
0 80
0 125
0 100
0 264
0 47
0 258
0 201
0 155
0 163
0 98
0 185
0 86
0 222
0 153
0 233
0 71
0 81
0 147
0 130
0 358
0 57
0 148
0 150
0 111
0 81
0 299
0 307
0 51
0 253
0 87
0 570
0 215
0 323
0 264
0 128
0 337
0 314
0 154
0 439
0 348
0 446
0 182
0 118
0 99
0 96
0 176
0 420
0 209
0 122
0 68
0 180
0 215
0 79
0 559
0 179
0 89
0 136
0 333
0 539
0 379
0 86
0 257
0 127
0 99
0 116
0 199
0 298
0 245
0 297
0 62
0 170
0 169
0 140
0 467
0 109
0 304
0 171
0 47
0 81
0 62
0 109
0 102
0 191
0 159
0 19
0 217
0 147
0 209
0 104
0 59
0 74
0 220
0 120
0 99
0 33
0 67
0 96
0 187
0 102
0 230
0 192
0 66
0 370
0 220
0 207
0 181
0 90
0 197
0 475
0 410
0 74
0 64
0 230
0 569
0 174
0 43
0 128
0 86
0 290
0 67
0 489
0 235
0 254
0 61
0 54
0 302
0 368
0 168
0 195
0 38
0 234
0 144
0 177
0 285
0 80
0 133
0 143
0 185
0 85
0 58
0 145
0 112
0 279
0 213
0 155
0 172
0 196
0 382
0 62
0 262
0 331
0 283
0 38
0 296
0 199
0 332
0 310
0 104
0 186
0 101
0 148
0 122
0 86
0 41
0 378
0 154
0 362
0 83
0 192
0 132
0 56
0 367
0 78
0 55
0 166
0 305
0 121
0 90
0 163
0 30
0 170
0 39
0 80
0 41
0 173
0 215
0 175
0 122
0 425
0 246
0 81
0 178
0 195
0 143
0 399
0 310
0 85
0 178
0 217
0 302
0 100
0 269
0 197
0 376
0 298
0 302
0 191
0 245
0 25
0 163
0 388
0 119
0 289
0 57
0 115
0 175
0 566
0 32
0 97
0 212
0 294
0 224
0 276
0 256
0 184
0 162
0 153
0 248
0 259
0 560
0 173
0 129
0 80
0 46
0 158
0 206
0 205
0 82
0 167
0 100
0 137
0 268
0 268
0 38
0 87
0 177
0 120
0 173
0 279
0 158
0 121
0 90
0 180
0 105
0 188
0 346
0 173
0 262
0 121
0 221
0 127
0 166
0 154
0 52
0 197
0 209
0 122
0 296
0 166
0 123
0 105
0 204
0 71
0 103
0 128
0 195
0 45
0 97
0 88
0 72
0 180
0 410
0 69
0 91
0 180
0 293
0 161
0 260
0 375
0 87
0 213
0 255
0 228
0 139
0 291
0 103
0 92
0 390
0 139
0 52
0 133
0 202
0 85
0 91
0 78
0 257
0 371
0 168
0 270
0 117
0 40
0 104
0 239
0 180
0 34
0 315
0 252
0 135
0 100
0 145
0 239
0 124
0 337
0 204
0 28
0 264
0 230
0 280
0 161
0 83
0 489
0 296
0 237
0 264
0 177
0 134
0 284
0 88
0 227
0 452
0 91
0 46
0 130
0 26
0 115
0 28
0 78
0 55
0 308
0 267
0 181
0 177
0 584
0 297
0 205
0 254
0 109
0 236
0 165
0 57
0 106
0 182
0 98
0 118
0 189
0 196
0 366
0 170
0 103
0 123
0 54
0 171
0 106
0 132
0 124
0 139
0 97
0 112
0 141
0 109
0 409
0 151
0 209
0 288
0 39
0 155
0 274
0 135
0 156
0 97
0 176
0 47
0 85
0 156
0 112
0 124
0 169
0 176
0 346
0 110
0 277
0 121
0 142
0 62
0 48
0 63
0 407
0 136
0 717
0 144
0 302
0 324
0 89
0 119
0 91
0 292
0 175
0 197
0 152
0 176
0 198
0 61
0 238
0 97
0 207
0 329
0 132
0 164
0 176
0 173
0 150
0 121
0 155
0 93
0 123
0 279
0 201
0 45
0 328
0 124
0 185
0 429
0 225
0 67
0 208
0 135
0 253
0 206
0 115
0 207
0 17
0 57
0 83
0 108
0 231
0 276
0 129
0 389
0 125
0 123
0 136
0 201
0 198
0 662
0 188
0 128
0 37
0 210
0 96
0 151
0 105
0 296
0 317
0 164
0 91
0 225
0 89
0 163
0 161
0 242
0 61
0 122
0 50
0 376
0 116
0 103
0 405
0 248
0 392
0 468
0 141
0 158
0 310
0 88
0 57
0 137
0 262
0 354
0 144
0 230
0 66
0 237
0 99
0 193
0 127
0 110
0 181
0 53
0 71
0 41
0 241
0 95
0 62
0 113
0 99
0 69
0 270
0 168
0 85
0 365
0 312
0 211
0 215
0 100
0 162
0 159
0 177
0 379
0 172
0 385
0 126
0 189
0 196
0 322
0 78
0 229
0 246
0 129
0 147
0 316
0 302
0 287
0 125
0 228
0 124
0 75
0 174
0 100
0 283
0 306
0 66
0 108
0 139
0 99
0 178
0 217
0 263
0 120
0 357
0 214
0 202
0 88
0 375
0 149
0 131
0 201
0 152
0 126
0 245
0 81
0 307
0 214
0 87
0 83
0 78
0 84
0 150
0 124
0 107
0 180
0 289
0 108
0 154
0 166
0 135
0 267
0 208
0 190
0 169
0 139
0 165
0 74
0 335
0 47
0 60
0 178
0 254
0 135
0 151
0 201
0 168
0 201
0 383
0 112
0 151
0 382
0 210
0 214
0 243
0 357
0 159
0 233
0 354
0 149
0 120
0 68
0 100
0 279
0 119
0 153
0 97
0 343
0 212
0 69
0 126
0 374
0 120
0 84
0 265
0 240
0 218
0 199
0 131
0 189
0 311
0 152
0 290
0 240
0 107
0 47
0 135
0 45
0 227
0 316
0 288
0 235
0 149
0 442
0 241
0 230
0 58
0 269
0 130
0 92
0 79
0 59
0 93
0 282
0 295
0 63
0 69
0 337
0 199
0 78
0 75
0 163
0 39
0 134
0 223
0 103
0 124
0 135
0 229
0 75
0 224
0 173
0 54
0 124
0 208
0 140
0 468
0 123
0 63
0 90
0 234
0 285
0 27
0 143
0 87
0 155
0 340
0 379
0 116
0 168
0 217
0 209
0 62
0 174
0 101
0 255
0 220
0 167
0 441
0 234
0 189
0 278
0 103
0 83
0 252
0 385
0 209
0 311
0 56
0 29
0 88
0 136
0 68
0 122
0 244
0 286
0 243
0 280
0 223
0 127
0 31
0 85
0 117
0 145
0 137
0 154
0 211
0 431
0 121
0 41
0 245
0 71
0 166
0 181
0 164
0 89
0 240
0 45
0 436
0 187
0 176
0 149
0 75
0 250
0 157
0 26
0 145
0 236
0 104
0 195
0 325
0 386
0 138
0 103
0 192
0 61
0 123
0 315
0 515
0 57
0 284
0 26
0 237
0 213
0 233
0 195
0 177
0 48
0 215
0 111
0 155
0 223
0 182
0 330
0 358
0 281
0 247
0 241
0 332
0 39
0 393
0 124
0 236
0 86
0 157
0 183
0 92
0 177
0 285
0 245
0 129
0 70
0 130
0 67
0 124
0 130
0 86
0 147
0 185
0 445
0 489
0 222
0 216
0 275
0 74
0 103
0 193
0 152
0 210
0 212
0 89
0 145
0 304
0 243
0 82
0 138
0 101
0 267
0 231
0 36
0 89
0 176
0 218
0 229
0 149
0 37
0 456
0 135
0 163
0 90
0 129
0 316
0 88
0 163
0 201
0 290
0 68
0 25
0 406
0 69
0 374
0 147
0 35
0 243
0 174
0 249
0 129
0 71
0 396
0 285
0 199
0 276
0 259
0 429
0 198
0 435
0 88
0 150
0 189
0 267
0 108
0 319
0 225
0 193
0 198
0 92
0 203
0 129
0 169
0 72
0 146
0 402
0 414
0 296
0 170
0 532
0 263
0 196
0 255
0 67
0 120
0 46
0 46
0 138
0 179
0 55
0 181
0 66
0 221
0 118
0 103
0 262
0 206
0 72
0 237
0 177
0 80
0 333
0 156
0 171
0 145
0 137
0 315
0 35
0 135
0 197
0 318
0 98
0 112
0 38
0 84
0 177
0 109
0 125
0 95
0 63
0 218
0 85
0 106
0 48
0 353
0 70
0 89
0 18
0 243
0 196
0 333
0 137
0 74
0 159
0 175
0 344
0 261
0 76
0 170
0 229
0 84
0 121
0 192
0 42
0 208
0 218
0 276
0 107
0 257
0 170
0 174
0 171
0 510
0 66
0 200
0 74
0 103
0 218
0 103
0 102
0 114
0 95
0 224
0 217
0 240
0 259
0 169
0 68
0 309
0 182
0 110
0 265
0 95
0 150
0 46
0 90
0 74
0 206
0 122
0 46
0 68
0 487
0 141
0 121
0 148
0 196
0 357
0 253
0 271
0 207
0 59
0 110
0 112
0 361
0 496
0 82
0 186
0 421
0 288
0 183
0 418
0 70
0 332
0 465
0 71
0 262
0 109
0 101
0 291
0 266
0 132
0 235
0 108
0 87
0 121
0 91
0 215
0 167
0 63
0 223
0 242
0 201
0 96
0 73
0 198
0 167
0 195
0 149
0 225
0 287
0 77
0 155
0 64
0 174
0 149
0 124
0 112
0 82
0 223
0 133
0 188
0 387
0 167
0 110
0 130
0 251
0 30
0 48
0 691
0 282
0 189
0 124
0 309
0 136
0 194
0 181
0 116
0 273
0 122
0 37
0 57
0 109
0 96
0 591
0 130
0 170
0 209
0 100
0 159
0 131
0 215
0 241
0 89
0 108
0 236
0 351
0 150
0 83
0 109
0 197
0 74
0 286
0 159
0 221
0 211
0 297
0 117
0 193
0 94
0 121
0 47
0 79
0 231
0 264
0 141
0 225
0 51
0 97
0 105
0 208
0 47
0 212
0 124
0 153
0 170
0 221
0 83
0 75
0 33
0 72
0 224
0 421
0 195
0 230
0 85
0 168
0 63
0 127
0 397
0 35
0 56
0 153
0 38
0 280
0 282
0 223
0 484
0 137
0 69
0 300
0 194
0 277
0 221
0 209
0 65
0 244
0 272
0 164
0 82
0 311
0 410
0 288
0 56
0 64
0 82
0 123
0 111
0 66
0 41
0 124
0 229
0 117
0 233
0 51
0 155
0 130
0 205
0 544
0 87
0 85
0 165
0 173
0 470
0 130
0 98
0 102
0 63
0 212
0 204
0 67
0 70
0 113
0 53
0 213
0 75
0 189
0 349
0 195
0 289
0 176
0 227
0 442
0 106
0 108
0 279
0 305
0 138
0 218
0 292
0 27
0 77
0 170
0 54
0 260
0 219
0 138
0 108
0 116
0 186
0 198
0 544
0 168
0 230
0 52
0 33
0 202
0 414
0 142
0 142
0 165
0 147
0 112
0 140
0 272
0 157
0 210
0 63
0 181
0 101
0 175
0 277
0 302
0 83
0 169
0 223
0 282
0 56
0 250
0 288
0 299
0 54
0 322
0 44
0 144
0 67
0 204
0 256
0 80
0 344
0 70
0 60
0 71
0 154
0 157
0 292
0 304
0 412
0 115
0 281
0 138
0 119
0 156
0 192
0 100
0 69
0 347
0 188
0 106
0 147
0 305
0 471
0 215
0 159
0 65
0 183
0 157
0 154
0 344
0 146
0 127
0 143
0 260
0 156
0 55
0 205
0 254
0 87
0 261
0 41
0 456
0 234
0 29
0 242
0 96
0 342
0 339
0 200
0 122
0 27
0 305
0 187
0 190
0 79
0 40
0 61
0 57
0 324
0 163
0 29
0 209
0 372
0 110
0 203
0 221
0 92
0 138
0 156
0 78
0 97
0 322
0 149
0 85
0 225
0 211
0 93
0 222
0 119
0 90
0 51
0 148
0 130
0 306
0 67
0 157
0 188
0 31
0 144
0 126
0 62
0 80
0 334
0 160
0 98
0 170
0 304
0 43
0 475
0 333
0 120
0 72
0 201
0 195
0 143
0 272
0 362
0 706
0 142
0 122
0 63
0 176
0 30
0 353
0 126
0 287
0 177
0 242
0 232
0 272
0 165
0 171
0 68
0 92
0 198
0 298
0 136
0 114
0 53
0 90
0 170
0 139
0 20
0 198
0 99
0 153
0 47
0 185
0 76
0 193
0 223
0 211
0 120
0 289
0 252
0 309
0 175
0 205
0 275
0 321
0 86
0 251
0 321
0 81
0 156
0 189
0 86
0 381
0 206
0 69
0 325
0 284
0 287
0 123
0 109
0 137
0 180
0 92
0 39
0 384
0 161
0 340
0 416
0 271
0 205
0 100
0 112
0 158
0 108
0 211
0 57
0 181
0 241
0 252
0 127
0 237
0 219
0 178
0 239
0 175
0 156
0 132
0 155
0 61
0 208
0 122
0 319
0 25
0 50
0 157
0 132
0 160
0 106
0 110
0 123
0 70
0 183
0 166
0 265
0 72
0 88
0 128
0 92
0 406
0 58
0 44
0 210
0 131
0 151
0 361
0 104
0 113
0 231
0 115
0 250
0 116
0 251
0 124
0 148
0 439
0 111
0 245
0 144
0 47
0 225
0 288
0 420
0 238
0 69
0 154
0 243
0 183
0 39
0 267
0 125
0 648
0 81
0 319
0 233
0 173
0 167
0 215
0 61
0 109
0 412
0 173
0 278
0 93
0 222
0 109
0 252
0 124
0 167
0 95
0 153
0 195
0 222
0 100
0 49
0 88
0 333
0 85
0 179
0 94
0 104
0 190
0 111
0 143
0 194
0 198
0 162
0 89
0 205
0 161
0 115
0 559
0 249
0 106
0 103
0 74
0 264
0 385
0 56
0 245
0 428
0 178
0 156
0 129
0 75
0 226
0 194
0 73
0 241
0 45
0 157
0 350
0 122
0 276
0 281
0 133
0 160
0 100
0 84
0 78
0 83
0 116
0 82
0 240
0 169
0 341
0 284
0 208
0 67
0 182
0 412
0 144
0 187
0 144
0 50
0 89
0 71
0 128
0 286
0 30
0 113
0 308
0 362
0 66
0 138
0 236
0 156
0 123
0 60
0 364
0 150
0 192
0 60
0 121
0 148
0 133
0 215
0 196
0 240
0 121
0 124
0 206
0 143
0 59
0 159
0 62
0 177
0 70
0 280
0 138
0 208
0 291
0 205
0 153
0 147
0 68
0 49
0 238
0 264
0 351
0 130
0 121
0 136
0 175
0 304
0 205
0 151
0 321
0 154
0 210
0 36
0 173
0 98
0 200
0 316
0 51
0 672
0 259
0 97
0 208
0 228
0 60
0 38
0 232
0 381
0 251
0 165
0 88
0 334
0 142
0 105
0 133
0 121
0 257
0 85
0 110
0 388
0 346
0 91
0 219
0 87
0 103
0 74
0 204
0 372
0 42
0 94
0 40
0 180
0 175
0 111
0 154
0 101
0 50
0 113
0 99
0 190
0 74
0 151
0 137
0 162
0 133
0 142
0 101
0 143
0 199
0 174
0 159
0 289
0 79
0 197
0 156
0 415
0 267
0 283
0 58
0 126
0 362
0 337
0 130
0 177
0 290
0 201
0 215
0 191
0 125
0 162
0 146
0 243
0 99
0 186
0 115
0 164
0 323
0 52
0 21
0 50
0 51
0 232
0 168
0 266
0 55
0 211
0 305
0 57
0 68
0 336
0 167
0 55
0 62
0 180
0 99
0 209
0 200
0 275
0 229
0 216
0 149
0 166
0 153
0 113
0 133
0 339
0 269
0 342
0 42
0 207
0 297
0 54
0 317
0 318
0 192
0 267
0 108
0 258
0 182
0 376
0 55
0 85
0 264
0 78
0 95
0 329
0 460
0 33
0 86
0 75
0 112
0 85
0 156
0 84
0 101
0 58
0 325
0 300
0 228
0 174
0 294
0 310
0 250
0 124
0 290
0 163
0 145
0 328
0 183
0 236
0 106
0 195
0 48
0 165
0 200
0 151
0 226
0 108
0 234
0 168
0 153
0 321
0 208
0 195
0 211
0 86
0 309
0 179
0 507
0 286
0 363
0 141
0 124
0 196
0 220
0 336
0 196
0 104
0 325
0 254
0 116
0 103
0 145
0 111
0 350
0 253
0 166
0 348
0 161
0 22
0 109
0 67
0 53
0 133
0 187
0 173
0 244
0 169
0 339
0 405
0 30
0 223
0 172
0 189
0 241
0 480
0 66
0 331
0 191
0 98
0 115
0 84
0 125
0 112
0 366
0 151
0 34
0 264
0 122
0 287
0 156
0 141
0 73
0 125
0 144
0 235
0 68
0 21
0 468
0 207
0 53
0 260
0 287
0 173
0 221
0 158
0 187
0 87
0 364
0 307
0 138
0 98
0 156
0 148
0 90
0 192
0 185
0 441
0 301
0 70
0 92
0 90
0 33
0 280
0 208
0 114
0 465
0 142
0 181
0 61
0 37
0 256
0 597
0 118
0 133
0 154
0 238
0 302
0 121
0 368
0 344
0 238
0 307
0 230
0 187
0 288
0 80
0 41
0 453
0 178
0 58
0 39
0 30
0 99
0 279
0 231
0 185
0 185
0 301
0 73
0 311
0 55
0 311
0 280
0 28
0 190
0 59
0 62
0 328
0 233
0 371
0 21
0 58
0 144
0 221
0 117
0 182
0 267
0 400
0 592
0 258
0 132
0 432
0 103
0 422
0 175
0 226
0 302
0 83
0 92
0 275
0 248
0 156
0 35
0 281
0 116
0 359
0 45
0 22
0 296
0 189
0 273
0 115
0 224
0 159
0 191
0 45
0 70
0 162
0 119
0 70
0 185
0 218
0 156
0 202
0 146
0 89
0 204
0 273
0 425
0 120
0 155
0 49
0 111
0 139
0 133
0 119
0 233
0 322
0 89
0 296
0 199
0 63
0 150
0 249
0 168
0 464
0 174
0 107
0 135
0 167
0 32
0 96
0 108
0 112
0 202
0 137
0 133
0 285
0 142
0 327
0 160
0 80
0 300
0 109
0 111
0 218
0 204
0 114
0 95
0 60
0 219
0 91
0 84
0 154
0 67
0 240
0 77
0 33
0 177
0 370
0 486
0 86
0 315
0 314
0 261
0 67
0 128
0 138
0 202
0 228
0 184
0 46
0 114
0 359
0 37
0 266
0 340
0 132
0 98
0 133
0 105
0 228
0 128
0 112
0 75
0 187
0 302
0 220
0 114
0 52
0 332
0 132
0 249
0 87
0 118
0 161
0 124
0 327
0 167
0 145
0 197
0 91
0 43
0 111
0 164
0 211
0 169
0 128
0 68
0 57
0 168
0 160
0 111
0 118
0 217
0 178
0 362
0 41
0 175
0 23
0 35
0 207
0 220
0 103
0 67
0 74
0 191
0 205
0 183
0 63
0 335
0 177
0 212
0 168
0 208
0 200
0 204
0 312
0 181
0 36
0 112
0 160
0 373
0 115
0 265
0 448
0 117
0 292
0 108
0 67
0 230
0 226
0 103
0 343
0 384
0 80
0 82
0 114
0 303
0 277
0 241
0 140
0 54
0 30
0 184
0 253
0 348
0 77
0 60
0 61
0 211
0 42
0 205
0 106
0 59
0 145
0 228
0 180
0 61
0 90
0 100
0 167
0 210
0 135
0 202
0 187
0 331
0 169
0 101
0 152
0 102
0 118
0 367
0 113
0 236
0 69
0 138
0 182
0 325
0 142
0 148
0 97
0 209
0 107
0 386
0 239
0 157
0 213
0 457
0 73
0 125
0 164
0 240
0 88
0 219
0 302
0 396
0 223
0 33
0 165
0 267
0 81
0 77
0 172
0 143
0 161
0 146
0 289
0 233
0 123
0 108
0 125
0 205
0 501
0 111
0 208
0 382
0 79
0 149
0 192
0 136
0 170
0 313
0 80
0 123
0 182
0 59
0 694
0 189
0 68
0 273
0 44
0 156
0 521
0 265
0 189
0 90
0 254
0 133
0 101
0 173
0 106
0 251
0 376
0 333
0 108
0 41
0 222
0 176
0 166
0 87
0 85
0 57
0 293
0 120
0 376
0 99
0 146
0 77
0 211
0 288
0 245
0 78
0 293
0 251
0 219
0 133
0 205
0 59
0 249
0 127
0 165
0 80
0 158
0 318
0 117
0 123
0 41
0 202
0 329
0 323
0 127
0 74
0 101
0 135
0 57
0 120
0 92
0 159
0 331
0 239
0 132
0 228
0 162
0 268
0 353
0 262
0 288
0 64
0 21
0 383
0 31
0 146
0 246
0 232
0 173
0 98
0 308
0 308
0 65
0 190
0 292
0 339
0 92
0 134
0 314
0 140
0 124
0 162
0 180
0 155
0 430
0 280
0 79
0 67
0 213
0 141
0 205
0 119
0 71
0 102
0 182
0 90
0 264
0 163
0 53
0 255
0 299
0 139
0 51
0 77
0 264
0 206
0 254
0 95
0 291
0 105
0 28
0 108
0 48
0 115
0 145
0 150
0 240
0 218
0 249
0 231
0 143
0 44
0 73
0 289
0 502
0 225
0 160
0 36
0 245
0 223
0 167
0 217
0 159
0 368
0 56
0 178
0 329
0 87
0 107
0 269
0 172
0 139
0 77
0 259
0 191
0 253
0 381
0 199
0 383
0 194
0 108
0 298
0 313
0 126
0 215
0 130
0 42
0 179
0 101
0 288
0 285
0 246
0 177
0 91
0 61
0 56
0 87
0 187
0 78
0 108
0 67
0 95
0 153
0 157
0 95
0 130
0 288
0 79
0 207
0 276
0 360
0 93
0 216
0 577
0 361
0 163
0 220
0 147
0 89
0 274
0 106
0 54
0 291
0 121
0 294
0 219
0 195
0 205
0 443
0 66
0 190
0 267
0 235
0 187
0 101
0 50
0 287
0 204
0 252
0 275
0 214
0 138
0 149
0 312
0 56
0 127
0 154
0 71
0 76
0 302
0 146
0 35
0 222
0 79
0 93
0 70
0 225
0 190
0 120
0 255
0 130
0 114
0 206
0 274
0 101
0 351
0 32
0 138
0 77
0 215
0 226
0 499
0 411
0 289
0 284
0 255
0 191
0 160
0 99
0 217
0 330
0 278
0 241
0 92
0 327
0 337
0 145
0 225
0 162
0 387
0 120
0 231
0 207
0 246
0 203
0 115
0 79
0 349
0 228
0 240
0 77
0 130
0 110
0 30
0 102
0 112
0 72
0 177
0 105
0 451
0 206
0 100
0 244
0 200
0 236
0 469
0 40
0 86
0 160
0 209
0 196
0 45
0 187
0 295
0 136
0 282
0 94
0 49
0 126
0 267
0 195
0 210
0 161
0 111
0 169
0 47
0 95
0 108
0 180
0 85
0 119
0 217
0 199
0 131
0 62
0 82
0 222
0 149
0 204
0 180
0 304
0 65
0 150
0 143
0 205
0 26
0 176
0 306
0 211
0 384
0 372
0 79
0 155
0 105
0 44
0 177
0 192
0 166
0 115
0 269
0 51
0 89
0 127
0 47
0 49
0 257
0 264
0 79
0 91
0 152
0 201
0 309
0 204
0 47
0 30
0 282
0 241
0 116
0 121
0 194
0 105
0 192
0 163
0 167
0 235
0 345
0 289
0 359
0 244
0 286
0 42
0 97
0 49
0 111
0 266
0 168
0 120
0 391
0 235
0 90
0 109
0 243
0 209
0 380
0 199
0 96
0 90
0 291
0 70
0 217
0 321
0 240
0 124
0 236
0 109
0 284
0 41
0 392
0 48
0 184
0 134
0 283
0 309
0 360
0 47
0 184
0 149
0 101
0 272
0 32
0 75
0 131
0 398
0 86
0 141
0 136
0 122
0 235
0 264
0 82
0 176
0 24
0 345
0 204
0 173
0 137
0 136
0 175
0 390
0 31
0 157
0 201
0 71
0 827
0 162
0 196
0 329
0 210
0 238
0 174
0 135
0 296
0 489
0 124
0 102
0 55
0 22
0 346
0 351
0 107
0 188
0 107
0 233
0 222
0 275
0 75
0 123
0 210
0 377
0 79
0 406
0 623
0 146
0 164
0 15
0 262
0 138
0 182
0 263
0 69
0 174
0 84
0 158
0 54
0 160
0 96
0 352
0 82
0 73
0 98
0 54
0 133
0 171
0 83
0 98
0 204
0 35
0 300
0 309
0 131
0 258
0 219
0 113
0 99
0 312
0 350
0 100
0 96
0 71
0 326
0 74
0 187
0 146
0 187
0 471
0 256
0 169
0 72
0 70
0 125
0 181
0 97
0 99
0 52
0 144
0 156
0 48
0 185
0 184
0 147
0 199
0 351
0 71
0 99
0 68
0 288
0 219
0 157
0 123
0 361
0 48
0 145
0 446
0 170
0 399
0 125
0 194
0 210
0 421
0 200
0 258
0 145
0 92
0 195
0 91
0 376
0 115
0 266
0 58
0 178
0 52
0 78
0 135
0 157
0 49
0 84
0 329
0 302
0 488
0 108
0 258
0 47
0 111
0 203
0 214
0 377
0 226
0 213
0 198
0 60
0 198
0 233
0 155
0 207
0 343
0 159
0 176
0 133
0 81
0 327
0 38
0 189
0 142
0 19
0 74
0 169
0 138
0 352
0 111
0 175
0 106
0 72
0 130
0 198
0 80
0 339
0 43
0 177
0 131
0 192
0 223
0 315
0 86
0 135
0 75
0 56
0 364
0 36
0 90
0 217
0 489
0 255
0 123
0 142
0 250
0 150
0 110
0 162
0 291
0 79
0 125
0 70
0 174
0 282
0 109
0 303
0 262
0 127
0 492
0 272
0 90
0 121
0 95
0 201
0 68
0 154
0 73
0 83
0 132
0 395
0 137
0 233
0 138
0 105
0 131
0 87
0 193
0 291
0 78
0 214
0 302
0 43
0 213
0 106
0 112
0 83
0 63
0 88
0 242
0 198
0 118
0 140
0 167
0 132
0 151
0 286
0 156
0 472
0 139
0 75
0 138
0 77
0 64
0 359
0 158
0 123
0 77
0 95
0 215
0 213
0 220
0 78
0 155
0 100
0 141
0 51
0 135
0 186
0 72
0 95
0 397
0 90
0 180
0 594
0 59
0 253
0 236
0 167
0 54
0 40
0 45
0 262
0 134
0 276
0 330
0 93
0 183
0 193
0 84
0 91
0 46
0 268
0 234
0 321
0 90
0 421
0 67
0 228
0 232
0 117
0 128
0 147
0 213
0 92
0 211
0 156
0 38
0 311
0 59
0 219
0 339
0 94
0 132
0 228
0 312
0 84
0 60
0 208
0 358
0 286
0 315
0 97
0 69
0 222
0 105
0 143
0 88
0 97
0 303
0 180
0 182
0 69
0 237
0 145
0 207
0 364
0 191
0 324
0 589
0 178
0 126
0 169
0 234
0 88
0 66
0 171
0 177
0 373
0 118
0 63
0 37
0 288
0 393
0 324
0 227
0 177
0 141
0 263
0 162
0 281
0 50
0 102
0 173
0 224
0 152
0 226
0 287
0 77
0 252
0 169
0 69
0 80
0 195
0 136
0 308
0 159
0 155
0 518
0 212
0 211
0 97
0 329
0 174
0 138
0 176
0 163
0 342
0 13
0 29
0 303
0 56
0 138
0 101
0 229
0 220
0 45
0 112
0 285
0 231
0 101
0 197
0 159
0 114
0 242
0 73
0 150
0 126
0 198
0 411
0 207
0 98
0 158
0 220
0 250
0 77
0 116
0 192
0 59
0 130
0 182
0 55
0 278
0 72
0 154
0 197
0 309
0 233
0 301
0 310
0 152
0 362
0 161
0 140
0 149
0 128
0 78
0 168
0 166
0 39
0 224
0 46
0 235
0 75
0 106
0 165
0 106
0 164
0 118
0 180
0 54
0 74
0 174
0 287
0 93
0 96
0 204
0 59
0 101
0 49
0 96
0 141
0 180
0 122
0 176
0 234
0 390
0 296
0 115
0 70
0 80
0 310
0 261
0 154
0 224
0 77
0 142
0 220
0 149
0 212
0 126
0 121
0 247
0 42
0 75
0 455
0 185
0 197
0 19
0 206
0 258
0 323
0 138
0 218
0 111
0 149
0 487
0 319
0 102
0 138
0 76
0 155
0 216
0 63
0 112
0 367
0 189
0 95
0 92
0 32
0 170
0 115
0 69
0 219
0 105
0 378
0 272
0 109
0 71
0 115
0 104
0 79
0 142
0 77
0 354
0 62
0 211
0 212
0 497
0 87
0 248
0 201
0 249
0 151
0 142
0 282
0 104
0 140
0 133
0 149
0 82
0 152
0 106
0 79
0 267
0 69
0 434
0 200
0 345
0 257
0 273
0 246
0 134
0 100
0 175
0 137
0 100
0 123
0 168
0 111
0 214
0 122
0 133
0 303
0 95
0 66
0 189
0 98
0 341
0 191
0 224
0 188
0 62
0 182
0 47
0 260
0 75
0 89
0 38
0 127
0 112
0 227
0 222
0 108
0 197
0 167
0 112
0 236
0 266
0 140
0 368
0 144
0 17
0 541
0 151
0 77
0 27
0 99
0 125
0 150
0 80
0 88
0 117
0 178
0 88
0 143
0 218
0 357
0 319
0 266
0 268
0 145
0 277
0 172
0 263
0 128
0 383
0 115
0 153
0 98
0 227
0 55
0 343
0 401
0 209
0 204
0 236
0 229
0 76
0 223
0 265
0 333
0 42
0 164
0 72
0 120
0 113
0 71
0 173
0 138
0 82
0 116
0 94
0 23
0 226
0 351
0 162
0 98
0 277
0 85
0 106
0 148
0 308
0 134
0 157
0 120
0 70
0 137
0 208
0 229
0 128
0 103
0 218
0 355
0 211
0 303
0 161
0 250
0 271
0 216
0 231
0 226
0 226
0 97
0 69
0 270
0 94
0 175
0 125
0 180
0 179
0 59
0 155
0 118
0 260
0 121
0 83
0 260
0 263
0 169
0 160
0 388
0 370
0 262
0 129
0 397
0 184
0 154
0 88
0 321
0 116
0 119
0 73
0 131
0 90
0 120
0 298
0 72
0 145
0 400
0 381
0 304
0 201
0 187
0 204
0 88
0 121
0 212
0 141
0 30
0 102
0 65
0 67
0 149
0 172
0 253
0 230
0 126
0 147
0 283
0 131
0 59
0 97
0 325
0 127
0 58
0 172
0 192
0 285
0 179
0 326
0 104
0 111
0 46
0 85
0 234
0 40
0 294
0 183
0 98
0 214
0 176
0 192
0 67
0 101
0 180
0 401
0 122
0 129
0 127
0 546
0 307
0 281
0 262
0 96
0 203
0 101
0 236
0 98
0 250
0 264
0 95
0 233
0 171
0 46
0 79
0 144
0 115
0 49
0 163
0 154
0 239
0 63
0 234
0 400
0 156
0 292
0 191
0 65
0 158
0 231
0 95
0 78
0 112
0 228
0 280
0 295
0 150
0 333
0 131
0 231
0 80
0 34
0 315
0 194
0 263
0 109
0 90
0 263
0 323
0 140
0 216
0 121
0 76
0 153
0 97
0 200
0 73
0 100
0 289
0 333
0 145
0 174
0 168
0 379
0 201
0 130
0 77
0 180
0 104
0 57
0 161
0 60
0 109
0 107
0 136
0 18
0 233
0 109
0 94
0 348
0 307
0 223
0 100
0 293
0 35
0 191
0 144
0 477
0 291
0 293
0 70
0 70
0 91
0 334
0 185
0 248
0 95
0 101
0 209
0 223
0 253
0 188
0 120
0 112
0 216
0 41
0 128
0 121
0 131
0 47
0 191
0 278
0 46
0 110
0 541
0 238
0 311
0 154
0 72
0 268
0 102
0 178
0 258
0 132
0 237
0 95
0 191
0 239
0 272
0 134
0 106
0 103
0 103
0 53
0 180
0 303
0 222
0 103
0 43
0 154
0 78
0 166
0 237
0 214
0 200
0 286
0 243
0 373
0 223
0 163
0 328
0 109
0 30
0 226
0 434
0 81
0 75
0 368
0 68
0 266
0 260
0 30
0 113
0 376
0 402
0 139
0 125
0 371
0 78
0 160
0 239
0 71
0 177
0 111
0 77
0 64
0 143
0 148
0 382
0 134
0 81
0 39
0 143
0 140
0 209
0 68
0 124
0 165
0 260
0 102
0 55
0 326
0 336
0 166
0 181
0 149
0 163
0 161
0 184
0 301
0 245
0 323
0 293
0 100
0 193
0 174
0 252
0 242
0 228
0 232
0 192
0 191
0 242
0 211
0 36
0 122
0 155
0 47
0 227
0 176
0 206
0 122
0 383
0 283
0 113
0 207
0 221
0 375
0 165
0 82
0 414
0 292
0 117
0 84
0 51
0 211
0 188
0 72
0 125
0 166
0 180
0 147
0 124
0 86
0 208
0 21
0 159
0 59
0 101
0 39
0 152
0 205
0 317
0 176
0 59
0 24
0 140
0 93
0 158
0 28
0 154
0 376
0 149
0 81
0 140
0 73
0 190
0 185
0 333
0 219
0 185
0 125
0 369
0 171
0 37
0 52
0 133
0 226
0 162
0 340
0 217
0 202
0 285
0 247
0 178
0 171
0 134
0 310
0 68
0 391
0 62
0 48
0 124
0 300
0 222
0 132
0 269
0 302
0 263
0 45
0 270
0 174
0 366
0 117
0 193
0 397
0 338
0 222
0 159
0 245
0 189
0 79
0 187
0 46
0 102
0 215
0 317
0 350
0 179
0 445
0 121
0 593
0 91
0 87
0 213
0 123
0 253
0 288
0 64
0 300
0 170
0 77
0 85
0 164
0 246
0 241
0 108
0 218
0 72
0 211
0 46
0 131
0 285
0 322
0 432
0 87
0 197
0 141
0 146
0 86
0 278
0 194
0 74
0 239
0 147
0 83
0 71
0 103
0 156
0 236
0 207
0 56
0 188
0 87
0 236
0 122
0 79
0 65
0 68
0 86
0 263
0 273
0 111
0 268
0 241
0 137
0 301
0 310
0 243
0 352
0 220
0 119
0 185
0 256
0 137
0 315
0 103
0 170
0 73
0 172
0 326
0 169
0 199
0 170
0 209
0 141
0 401
0 329
0 101
0 300
0 200
0 93
0 208
0 150
0 189
0 182
0 151
0 153
0 205
0 345
0 114
0 67
0 75
0 135
0 209
0 367
0 281
0 78
0 22
0 340
0 364
0 236
0 215
0 559
0 318
0 43
0 110
0 60
0 208
0 216
0 18
0 67
0 52
0 461
0 138
0 330
0 243
0 210
0 121
0 124
0 288
0 257
0 147
0 294
0 362
0 138
0 196
0 238
0 77
0 172
0 156
0 73
0 217
0 126
0 86
0 81
0 275
0 286
0 79
0 140
0 59
0 215
0 267
0 47
0 62
0 117
0 231
0 122
0 85
0 119
0 278
0 402
0 24
0 255
0 175
0 78
0 76
0 271
0 325
0 123
0 55
0 216
0 656
0 139
0 115
0 148
0 366
0 245
0 175
0 113
0 100
0 220
0 290
0 334
0 285
0 102
0 161
0 105
0 72
0 212
0 219
0 149
0 237
0 107
0 56
0 250
0 102
0 202
0 282
0 173
0 84
0 73
0 78
0 51
0 96
0 133
0 443
0 140
0 203
0 86
0 75
0 59
0 100
0 257
0 110
0 77
0 139
0 233
0 196
0 244
0 101
0 165
0 180
0 278
0 189
0 237
0 88
0 60
0 178
0 194
0 99
0 162
0 553
0 59
0 94
0 239
0 182
0 181
0 151
0 183
0 239
0 136
0 126
0 348
0 45
0 116
0 395
0 161
0 74
0 166
0 89
0 345
0 221
0 373
0 132
0 508
0 108
0 354
0 84
0 167
0 91
0 223
0 227
0 245
0 214
0 251
0 220
0 378
0 212
0 111
0 107
0 26
0 140
0 194
0 65
0 70
0 246
0 168
0 193
0 161
0 73
0 64
0 22
0 69
0 139
0 192
0 207
0 285
0 43
0 94
0 81
0 279
0 370
0 128
0 92
0 394
0 110
0 227
0 180
0 201
0 112
0 298
0 104
0 268
0 78
0 67
0 47
0 360
0 201
0 180
0 92
0 180
0 285
0 261
0 228
0 183
0 221
0 125
0 115
0 360
0 55
0 65
0 129
0 307
0 252
0 57
0 237
0 292
0 141
0 155
0 195
0 228
0 96
0 152
0 150
0 223
0 201
0 122
0 322
0 123
0 399
0 216
0 151
0 288
0 297
0 186
0 108
0 249
0 108
0 227
0 53
0 343
0 157
0 42
0 101
0 193
0 321
0 224
0 171
0 103
0 392
0 361
0 33
0 350
0 25
0 49
0 263
0 263
0 185
0 151
0 203
0 98
0 88
0 123
0 35
0 98
0 201
0 163
0 314
0 298
0 142
0 171
0 209
0 58
0 194
0 228
0 125
0 103
0 160
0 76
0 104
0 65
0 99
0 417
0 71
0 117
0 135
0 97
0 92
0 180
0 104
0 167
0 24
0 36
0 54
0 146
0 149
0 229
0 83
0 113
0 91
0 472
0 557
0 116
0 238
0 242
0 102
0 310
0 125
0 97
0 283
0 171
0 102
0 318
0 390
0 60
0 258
0 163
0 158
0 103
