# SA for random K-SAT
# K = 3   N = 32768   M = 114688   seed = 3825774502
# alpha = 3.500000   nIter = 131072  Tmax = 0.200000
# 1:lowestUnsat  2:runTime
0 49223
0 49251
0 49150
0 47532
0 49844
0 46623
0 51247
0 44951
0 50201
0 51438
0 49116
0 50207
0 50431
0 49738
0 47384
0 50501
0 47313
0 47967
0 50012
0 50894
0 49896
0 48946
0 49913
0 46193
0 49952
0 49196
0 46454
0 49292
0 49691
0 48700
0 48470
0 50283
0 50543
0 50753
0 47674
0 46988
0 51375
0 49479
0 48993
0 49170
0 50895
0 48946
0 50270
0 47814
0 51024
0 50694
0 48062
0 49820
0 50166
0 49861
0 50920
0 49241
0 50133
0 47761
0 49263
0 47212
0 49674
0 48857
0 48569
0 49750
0 50633
0 50533
0 46143
0 50802
0 51520
0 51711
0 48238
0 49298
0 50636
0 48229
0 50141
0 50001
0 50717
0 51372
0 49982
0 51269
0 49975
0 49809
0 47887
0 47525
0 50899
0 49712
0 48329
0 49666
0 49896
0 48902
0 51741
0 50865
0 51605
0 48111
0 48967
0 48717
0 51179
0 49581
0 50536
0 48698
0 50011
0 47031
0 49304
0 46467
0 47626
0 50547
0 47794
0 50373
0 47184
0 50401
0 52317
0 47321
0 49764
0 50591
0 49430
0 47318
0 47001
0 50726
0 50289
0 50033
0 49614
0 50174
0 49450
0 48732
0 51449
0 47916
0 51561
0 49402
0 50169
0 48511
0 49918
0 51033
0 48758
0 47266
0 48741
0 52009
0 50309
0 50641
0 48694
0 47007
0 47652
0 49868
0 46296
0 51328
0 47967
0 49729
0 47726
0 46917
0 44878
0 50254
0 50150
0 49941
0 48038
0 52765
0 50685
0 46872
0 50916
0 51529
0 49204
0 47856
0 51561
0 49479
0 45951
0 50438
0 50198
0 51004
0 49898
0 46960
0 49944
0 47339
0 51024
0 51827
0 48925
0 47977
0 50885
0 45818
0 50070
0 47997
0 50340
0 47462
0 47580
0 50054
0 47874
0 49044
0 52151
0 50869
0 49670
0 49121
0 49301
0 47396
0 49500
0 50643
0 49062
0 46197
0 49602
0 50485
0 50300
0 50988
0 53022
0 47607
0 46910
0 45851
0 47525
0 50510
0 50122
0 51146
0 47682
0 45900
0 48648
0 51027
0 50549
0 50758
0 49411
0 47341
0 48498
0 48698
0 50000
0 45775
0 49998
0 50164
0 49771
0 49644
0 46149
0 50391
0 51560
0 50029
0 47944
0 51078
0 48848
0 47397
0 48252
0 50666
0 46874
0 47882
0 46623
0 48141
0 49316
0 47697
0 49942
0 50952
0 46497
0 49047
0 51001
0 51212
0 50101
0 49344
0 50317
0 51101
0 45297
0 51943
0 48237
0 51515
0 51144
0 50364
0 47684
0 50086
0 48623
0 51606
0 49052
0 48836
0 51996
0 48693
0 49933
0 48429
0 49232
0 51404
0 51213
0 47795
0 48870
0 50446
0 47718
0 48482
0 42590
0 49509
0 49580
0 48241
0 48158
0 46672
0 48719
0 49133
0 49743
0 48196
0 50052
0 47629
0 47097
0 50283
0 50547
0 51359
0 51117
0 50518
0 51881
0 47783
0 48768
0 50003
0 45958
0 49760
0 50480
0 49791
0 49494
0 49247
0 50286
0 49090
0 48808
0 47478
0 48323
0 48780
0 48847
0 49407
0 48526
0 49916
0 50042
0 50410
0 46582
0 50392
0 50854
0 46480
0 48921
0 52133
0 50541
0 50243
0 48588
0 48054
0 51568
0 50954
0 48857
0 52192
0 47855
0 51382
0 47889
0 48412
0 49308
0 48062
0 50275
0 49118
0 51920
0 51747
0 50009
0 50480
0 50612
0 50287
0 50860
0 50107
0 48999
0 50475
0 48874
0 50492
0 50623
0 50108
0 50309
0 50194
0 48270
0 48343
0 49849
0 49913
0 48289
0 48803
0 50841
0 50501
0 49562
0 50400
0 50729
0 49040
0 50991
0 51075
0 51907
0 49074
0 46950
0 49954
0 49189
0 50629
0 49039
0 49005
0 51775
0 51093
0 50536
0 45977
0 50480
0 50498
0 49927
0 48748
0 46940
0 50133
0 49086
0 51318
0 51044
0 46918
0 51862
0 48294
0 49811
0 49394
0 47917
0 51421
0 48621
0 45061
0 51298
0 49275
0 49704
0 45317
0 49816
0 51888
0 49503
0 49703
0 47461
0 49351
0 49702
0 48471
0 50029
0 50286
0 50702
0 49333
0 48696
0 49748
0 50249
0 47461
0 50671
0 47382
0 50257
0 50253
0 49795
0 51390
0 50386
0 49999
0 49896
0 49296
0 48837
0 49650
0 49085
0 49393
0 51885
0 47165
0 51164
0 50401
0 52167
0 48536
0 50807
0 48206
0 48285
0 49113
0 47261
0 50118
0 50025
0 51104
0 51498
0 50210
0 46373
0 48034
0 49327
0 50481
0 46690
0 49257
0 50670
0 50341
0 49867
0 48378
0 49683
0 49065
0 48811
0 49631
0 47265
0 51102
0 49723
0 50979
0 50332
0 50808
0 49945
0 48205
0 43863
0 47136
0 51168
0 51184
0 48088
0 50333
0 49505
0 51184
0 50628
0 52637
0 48990
0 46272
0 49376
0 50486
0 51091
0 48644
0 50097
0 50902
0 50559
0 50564
0 49224
0 48066
0 49415
0 49256
0 49033
0 47527
0 50552
0 51647
0 51717
0 49211
0 48300
0 50366
0 50216
0 49261
0 48078
0 50335
0 50477
0 47500
0 49543
0 48610
0 47527
0 48318
0 49416
0 50509
0 47382
0 47693
0 47552
0 50229
0 48260
0 48920
0 49878
0 48245
0 50432
0 47820
0 49920
0 49052
0 50526
0 50625
0 49422
0 47742
0 49780
0 51028
0 50012
0 47121
0 50649
0 50743
0 50368
0 51137
0 51792
0 49289
0 50501
0 49562
0 51623
0 51300
0 49557
0 51254
0 49802
0 49880
0 48351
0 47238
0 51575
0 48898
0 48867
0 51816
0 51777
0 50722
0 48662
0 46835
0 50823
0 48113
0 47526
0 51820
0 48511
0 51355
0 51421
0 50231
0 48427
0 50271
0 48669
0 48687
0 50487
0 48074
0 49738
0 45838
0 50956
0 50202
0 50396
0 51153
0 48669
0 50089
0 50911
0 51017
0 52046
0 47692
0 49277
0 49064
0 50651
0 51132
0 50130
0 50611
0 50915
0 52055
0 49152
0 51217
0 50840
0 48823
0 48653
0 51123
0 51053
0 48491
0 48105
0 47770
0 49581
0 51219
0 49742
0 49114
0 49343
0 49775
0 47753
0 47860
0 48655
0 49914
0 46241
0 49984
0 49092
0 50724
0 49479
0 50356
0 48806
0 51138
0 47035
0 46001
0 47830
0 50889
0 50719
0 48809
0 48273
0 49127
0 48560
0 50383
0 49498
0 49174
0 51164
0 50372
0 50864
0 49257
0 48133
0 51382
0 47961
0 47579
0 45451
0 48650
0 49359
0 46935
0 50871
0 48476
0 47345
0 48507
0 48031
0 48466
0 50027
0 47911
0 50151
0 51531
0 46678
0 49629
0 51900
0 48929
0 47854
0 50149
0 49231
0 49820
0 50030
0 49083
0 52145
0 50077
0 49140
0 48337
0 50824
0 50008
0 50143
0 52058
0 50798
0 50581
0 48029
0 47389
0 48160
0 47527
0 52257
0 48839
0 51134
0 48365
0 48900
0 49219
0 51060
0 50722
0 49113
0 50268
0 46004
0 48168
0 51267
0 51606
0 49960
0 47832
0 49820
0 50283
0 46924
0 49792
0 48320
0 50432
0 50981
0 50329
0 48419
0 50115
0 49895
0 47839
0 50085
0 50051
0 49764
0 48143
0 50261
0 47884
0 48340
0 47709
0 48562
0 44146
0 48055
0 51216
0 47466
0 51131
0 47082
0 48023
0 48831
0 49998
0 48774
0 51267
0 50051
0 51343
0 48973
0 47624
0 49382
0 50228
0 50858
0 47268
0 51285
0 49469
0 48376
0 48648
0 49494
0 51290
0 48394
0 48334
0 50793
0 47753
0 46327
0 50672
0 50172
0 44465
0 48990
0 52300
0 47595
0 48896
0 51060
0 50357
0 48626
0 50164
0 49635
0 47933
0 48550
0 51170
0 51508
0 50038
0 51486
0 48385
0 50978
0 48758
0 48947
0 51170
0 49607
0 47900
0 49333
0 49934
0 48138
0 49227
0 50661
0 48995
0 47897
0 47210
0 50824
0 51394
0 47867
0 49926
0 48893
0 52102
0 51545
0 51692
0 47981
0 48981
0 49936
0 48890
0 48871
0 48850
0 49708
0 49939
0 50686
0 49935
0 49549
0 45199
0 48150
0 51456
0 48966
0 52179
0 49254
0 47669
0 51753
0 47545
0 50212
0 50930
0 49133
0 48479
0 49461
0 44848
0 48712
0 49020
0 49768
0 44552
0 50191
0 51562
0 49732
0 48664
0 46033
0 49845
0 47538
0 51338
0 52396
0 49694
0 50295
0 49769
0 50028
0 51063
0 49074
0 50353
0 49706
0 51607
0 51984
0 49395
0 46884
0 49393
0 48035
0 49410
0 50757
0 50833
0 49346
0 48292
0 49542
0 48521
0 49034
0 49869
0 50232
0 51835
0 49764
0 48629
0 48959
0 47530
0 48837
0 47598
0 51115
0 49077
0 50348
0 47379
0 48679
0 50552
0 47205
0 49669
0 49295
0 46911
0 50954
0 51290
0 52372
0 47737
0 50419
0 45097
0 49218
0 50062
0 48134
0 47186
0 50576
0 47211
0 49331
0 46751
0 49847
0 50502
0 50230
0 49817
0 48036
0 48683
0 50499
0 51308
0 50270
0 50160
0 50536
0 49583
0 50335
0 49116
0 49218
0 51891
0 50801
0 50642
0 47322
0 47613
0 49141
0 47417
0 50249
0 48842
0 48827
0 50181
0 48618
0 48405
0 48366
0 50626
0 49539
0 50664
0 49746
0 46487
0 50065
0 50131
0 47684
0 49438
0 47791
0 51925
0 46466
0 48565
0 47441
0 48259
0 51383
0 47307
0 49806
0 50598
0 49139
0 50607
0 50837
0 51643
0 46760
0 51115
0 47642
0 44663
0 50694
0 50275
0 48855
0 49056
0 49305
0 50043
0 51589
0 49686
0 51123
0 48529
0 50229
0 48769
0 50547
0 48244
0 50985
0 48721
0 49913
0 50556
0 52363
0 46599
0 52653
0 50910
0 49513
0 51511
0 50344
0 51296
0 51918
0 51444
0 48623
0 51046
0 52729
0 50328
0 50358
0 51105
0 49435
0 48106
0 50618
0 47740
0 51128
0 48219
0 47800
0 49515
0 52077
0 49930
0 48775
0 47038
0 48323
0 48883
0 48611
0 49788
0 50054
0 51818
0 47426
0 49445
0 51035
0 48504
0 50045
0 48055
0 52735
0 51515
0 47394
0 48268
0 48763
0 45093
0 52072
0 48746
0 49093
0 48972
0 48040
0 49293
0 49005
0 48687
0 51464
0 50301
0 47507
0 48325
0 51734
0 50003
0 46112
0 49533
0 48199
0 49300
0 47914
0 48610
0 47592
0 49884
0 47452
0 49298
0 50110
0 49977
0 50931
0 49761
0 49033
0 51668
0 46806
0 49479
0 51301
0 49960
0 45896
0 46414
0 50011
0 48288
0 48434
0 51484
0 51191
0 50006
0 48790
0 49733
0 50439
0 46067
0 50478
0 48428
0 49225
0 47633
0 49647
0 49311
0 49323
0 51696
0 49522
0 49296
0 50511
0 49327
0 48479
0 47647
0 49541
0 51330
0 51722
0 52317
0 49243
0 49935
0 47060
0 50107
0 50484
0 49883
0 49217
0 50719
0 49143
0 46576
0 49552
0 48498
0 50965
0 46811
0 49707
0 50018
0 50503
0 49490
0 49784
0 50080
0 48934
0 51036
0 47886
0 50397
0 49413
0 47652
0 49466
0 49910
0 48276
0 51053
0 47537
0 49249
0 45626
0 50388
0 46467
0 51101
0 48044
0 50481
0 51731
0 51119
0 49804
0 49632
0 51993
0 49132
0 48674
0 46147
0 49710
0 50906
0 46372
0 49235
0 51606
0 48906
0 48961
0 47919
0 50990
0 50426
0 51211
0 48046
0 50487
0 45371
0 50001
0 48141
0 50764
0 45264
0 48431
0 47942
0 49427
0 49081
0 50068
0 50303
0 47024
0 49077
0 49560
0 48662
0 47390
0 47413
0 49995
0 49900
0 50069
0 50269
0 50020
0 50848
0 47266
0 48943
0 50666
0 50768
0 49845
0 50377
0 51978
0 49878
0 50418
0 49963
0 49957
0 47640
0 45456
0 50261
0 50298
0 51110
0 48979
0 44001
0 51427
0 49730
0 48047
0 47065
0 50317
0 49956
0 51427
0 48487
0 47026
0 50222
0 50512
0 51242
0 48586
0 51338
0 47545
0 50750
0 48636
0 50023
0 45692
0 51701
0 49304
0 47781
0 50555
0 52561
0 51317
0 48401
0 47326
0 49890
0 48602
0 50210
0 49266
0 48456
0 49906
0 48106
0 51699
0 51577
0 48362
0 48937
0 48663
0 50591
0 50405
0 49573
0 46974
0 49594
0 50337
0 46592
0 51446
0 50646
0 47233
0 50668
0 44583
0 47290
0 50132
0 48143
0 48844
0 49255
0 49130
0 48544
0 49306
0 48197
0 49882
0 48595
0 50688
0 50845
0 51947
0 50394
0 50923
0 50502
0 49002
0 49099
0 50246
0 49908
0 51828
0 48937
0 51801
0 49855
0 50572
0 50759
0 50382
0 46390
0 49453
0 51657
0 47936
0 48458
0 49533
0 52078
0 50413
0 45393
0 50277
0 46799
0 51107
0 50522
0 49758
0 51125
0 51092
0 48955
0 46978
0 48980
0 49940
0 49683
0 50910
0 49374
0 46957
0 48444
0 48436
0 51605
0 51563
0 48043
0 48253
0 49371
0 52217
0 50025
0 50572
0 50440
0 51368
0 48831
0 51233
0 44379
0 45324
0 48367
0 49208
0 51015
0 48521
0 52282
0 49390
0 51369
0 49523
0 47630
0 51849
0 48614
0 46923
0 48510
0 49161
0 49093
0 50669
0 49899
0 50175
0 49305
0 51791
0 50493
0 49359
0 50222
0 50036
0 49636
0 49425
0 50739
0 49917
0 49617
0 50866
0 48162
0 52038
0 51413
0 47026
0 51626
0 48914
0 51660
0 51130
0 48169
0 49531
0 48978
0 48355
0 48126
0 48890
0 49550
0 48738
0 49757
0 45451
0 50321
0 50171
0 49418
0 49171
0 49174
0 48281
0 50235
0 50709
0 46023
0 50974
0 49588
0 50656
0 51853
0 50710
0 49907
0 49457
0 49161
0 51461
0 51336
0 47140
0 49773
0 49577
0 49606
0 50217
0 51428
0 52036
0 50524
0 51418
0 50392
0 47696
0 50739
0 49298
0 48923
0 51942
0 51641
0 50624
0 50141
0 49366
0 50823
0 49741
0 50456
0 49833
0 48911
0 49702
0 48888
0 48067
0 51361
0 51379
0 49560
0 48938
0 51011
0 48884
0 46016
0 50293
0 48470
0 47191
0 47282
0 51077
0 51379
0 50217
0 47501
0 50650
0 50834
0 49185
0 48586
0 48127
0 50043
0 51056
0 47849
0 49808
0 46388
0 47267
0 52116
0 46705
0 50423
0 50404
0 48808
0 49742
0 49280
0 48965
0 49093
0 50226
0 49674
0 48687
0 51640
0 48404
0 47215
0 52194
0 49931
0 48482
0 50050
0 47874
0 49072
0 49834
0 48330
0 48044
0 50244
0 52055
0 48507
0 48423
0 49785
0 49923
0 52433
0 49302
0 50875
0 51530
0 50549
0 50173
0 49208
0 49710
0 48141
0 49731
0 49561
0 48107
0 48663
0 48391
0 50859
0 50604
0 49789
0 49842
0 48356
0 49378
0 49744
0 50600
0 50041
0 49536
0 49811
0 50901
0 51648
0 49365
0 48224
0 48935
0 51178
0 48392
0 48677
0 50012
0 51639
0 50012
0 51066
0 47543
0 47594
0 51338
0 49710
0 41987
0 47397
0 51395
0 49963
0 50739
0 47623
0 48585
0 49451
0 50864
0 47845
0 49370
0 49247
0 49270
0 50563
0 48523
0 51248
0 49621
0 49766
0 48569
0 51237
0 49691
0 51560
0 50404
0 49508
0 49475
0 51823
0 51675
0 51536
0 47962
0 47240
0 49970
0 50593
0 50857
0 52501
0 50570
0 50268
0 49304
0 49317
0 51384
0 48717
0 47599
0 50094
0 48940
0 47768
0 45288
0 48826
0 50897
0 46159
0 49117
0 51053
0 5030 52097
0 46195
0 47689
0 50334
0 47397
0 48922
0 49946
0 50046
0 50812
0 49324
0 50332
0 46716
0 49162
0 50167
0 50094
0 51917
0 51699
0 45459
0 51556
0 51794
0 50041
0 48491
0 48640
0 50315
0 49075
0 46412
0 51652
0 49662
0 49647
0 48796
0 49311
0 43387
0 46805
0 48767
0 49413
0 50107
0 49016
0 49916
0 47016
0 47695
0 51221
0 49527
0 46603
0 50294
0 50942
0 47294
0 49335
0 51349
0 50080
0 49245
0 50945
0 48841
0 51371
0 50162
0 47029
0 47106
0 47656
0 47016
0 49774
0 51920
0 53218
0 50153
0 46611
0 44702
0 51124
0 49188
0 46222
0 46669
0 46784
0 49399
0 47236
0 46755
0 49406
0 46684
0 51606
0 49165
0 50282
0 52394
0 46608
0 48366
0 49695
0 52106
0 46724
0 51705
0 50420
0 48565
0 46753
0 49213
0 52067
0 50106
0 48449
0 51785
0 49570
0 51039
0 49538
0 48234
0 47341
0 50854
0 50783
0 47575
0 46428
0 51241
0 51278
0 46573
0 46780
0 48714
0 48994
0 48189
0 48261
0 49187
0 50711
0 49720
0 48631
0 47874
0 48467
0 50095
0 48593
0 49961
0 49485
0 49062
0 48527
0 50476
0 49369
0 49217
0 51264
0 50254
0 49490
0 47379
0 50751
0 48509
0 49535
0 49881
0 44333
0 49142
0 50798
0 48325
0 47888
0 49173
0 49790
0 50382
0 48398
0 50492
0 50907
0 47602
0 48776
0 52585
0 49262
0 50755
0 48081
0 51187
0 48898
0 46729
0 47018
0 50167
0 51915
0 51525
0 48239
0 50238
0 51998
0 50559
0 50586
0 50605
0 47034
0 48871
0 50207
0 51632
0 50747
0 48752
0 50947
0 47746
0 51592
0 49408
0 48324
0 49059
0 51894
0 52365
0 48763
0 48604
0 51037
0 49761
0 51287
0 48746
0 51599
0 49610
0 52489
0 49331
0 50298
0 47916
0 48881
0 49987
0 49174
0 50701
0 51808
0 47122
0 51816
0 50838
0 49018
0 52105
0 48682
0 51660
0 49379
0 48252
0 48100
0 50993
0 49681
0 48390
0 45118
0 49843
0 51703
0 49817
0 50537
0 51521
0 47716
0 50519
0 49836
0 49142
0 50215
0 49604
0 47998
0 48665
0 49344
0 45028
0 50083
0 47682
0 49024
0 51279
0 46972
0 49179
0 51529
0 48704
0 51442
0 50876
0 49839
0 49565
0 49101
0 50517
0 48159
0 49932
0 50915
0 48605
0 49676
0 49824
0 46821
0 48828
0 48035
0 50551
0 52453
0 47729
0 50757
0 50345
0 48435
0 50943
0 48223
0 49995
0 50221
0 50059
0 45699
0 49654
0 49615
0 50018
0 46308
0 48485
0 47397
0 49809
0 49224
0 51228
0 48717
0 50865
0 48163
0 49824
0 52071
0 49086
0 49746
0 49103
0 49919
0 47390
0 50460
0 49605
0 49755
0 44517
0 47935
0 48043
0 47956
0 46720
0 51992
0 50485
0 50774
0 51346
0 51652
0 50203
0 48122
0 49716
0 50567
0 46627
0 48520
0 49168
0 50376
0 49305
0 48849
0 47510
0 49950
0 48843
0 49180
0 48730
0 49714
0 48102
0 49641
0 50481
0 50433
0 49242
0 48258
0 51809
0 51048
0 48484
0 49889
0 49550
0 48075
0 50997
0 51072
0 49308
0 50169
0 50814
0 48442
0 49689
0 50586
0 49466
0 47224
0 50662
0 52056
0 49764
0 50454
0 49058
0 47810
0 50764
0 49070
0 50489
0 49229
0 50125
0 50581
0 47512
0 48831
0 50174
0 51065
0 50378
0 49827
0 50259
0 50061
0 49448
0 49648
0 48490
0 50685
0 50673
0 46932
0 50991
0 52195
0 50411
0 49180
0 50358
0 49488
0 49167
0 50107
0 45688
0 50448
0 51653
0 50898
0 46480
0 46789
0 50952
0 50720
0 50521
0 49964
0 51250
0 49188
0 48718
0 51177
0 50025
0 49998
0 48298
0 51429
0 50328
0 51915
0 51342
0 52142
0 50741
0 49352
0 49247
0 51465
0 50580
0 48729
0 48930
0 49143
0 50171
0 51199
0 47439
0 49798
0 47156
0 49979
0 50518
0 49501
0 48134
0 49476
0 49567
0 47596
0 48111
0 49502
0 50709
0 50000
0 51490
0 49777
0 51856
0 46023
0 51100
0 49523
0 51208
0 49230
0 50051
0 48518
0 51039
0 50377
0 51704
0 48019
0 50419
0 51057
0 50943
0 49930
0 48574
0 46982
0 48622
0 47353
0 48251
0 51414
0 50034
0 51107
0 51401
0 49543
0 51116
0 50203
0 50754
0 48686
0 49504
0 48473
0 49730
0 47088
0 51710
0 51300
0 50010
0 51108
0 47627
0 50140
0 51071
0 46488
0 48830
0 50565
0 50149
0 47647
0 49954
0 47665
0 50909
0 50731
0 50586
0 49476
0 47357
0 47651
0 51083
0 44441
0 51928
0 49242
0 48952
0 48326
0 51885
0 48501
0 49696
0 51815
0 47777
0 49208
0 49877
0 51392
0 45792
0 50486
0 48832
0 49298
0 47712
0 50507
0 52215
0 49959
0 49833
0 49373
0 49436
0 50197
0 46497
0 51307
0 49972
0 50262
0 49701
0 48523
0 49677
0 49534
0 50604
0 48608
0 51282
0 51327
0 50284
0 50179
0 49857
0 49052
0 47775
0 50530
0 49611
0 51588
0 49721
0 49092
0 50983
0 48908
0 50182
0 47923
0 50000
0 49214
0 50984
0 48762
0 51245
0 49471
0 51019
0 49395
0 49184
0 47947
0 51185
0 49660
0 47328
0 51338
0 47463
0 48574
0 46633
0 51136
0 51699
0 50478
0 51127
0 48510
0 49592
0 50087
0 50684
0 47451
0 46686
0 47677
0 48478
0 47866
0 50365
0 50525
0 48555
0 50205
0 51352
0 48412
0 49240
0 49163
0 49679
0 48725
0 50662
0 48287
0 53068
0 49679
0 50817
0 51035
0 49240
0 48595
0 49940
0 50570
0 50444
0 50853
0 51369
0 49812
0 51696
0 48825
0 51875
0 51461
0 45781
0 47587
0 51814
0 51185
0 48639
0 49669
0 49621
0 49018
0 48586
0 50131
0 49268
0 51493
0 47981
0 50827
0 49305
0 49461
0 50872
0 48098
0 47516
0 46600
0 48463
0 45637
0 49372
0 48582
0 49077
0 47616
0 50347
0 51441
0 50971
0 50816
0 44309
0 50191
0 49722
0 50369
0 48443
0 48919
0 47518
0 49390
0 48379
0 49106
0 49815
0 51605
0 48384
0 50212
0 48931
0 49862
0 50724
0 48146
0 49130
0 48052
0 50827
0 50333
0 50024
0 49874
0 49587
0 50078
0 46684
0 50427
0 51650
0 48391
0 50177
0 49996
0 47486
0 51276
0 47144
0 51005
0 48981
0 47291
0 48279
0 46440
0 51515
0 48785
0 50901
0 50030
0 49204
0 50236
0 50789
0 44738
0 45653
0 48603
0 48484
0 49736
0 48456
0 49593
0 49473
0 50351
0 48791
0 50990
0 49433
0 50349
0 48264
0 48288
0 50640
0 49793
0 51727
0 46966
0 49398
0 51681
0 49582
0 49367
0 49104
0 49332
0 50314
0 48956
0 48890
0 50417
0 49979
0 48994
0 49213
0 47989
0 50532
0 45737
0 49664
0 48483
0 47207
0 50077
0 43508
0 48038
0 48249
0 50238
0 50229
0 47981
0 48760
0 45718
0 50497
0 46625
0 50661
0 47350
0 49432
0 47679
0 48073
0 51582
0 50314
0 42358
0 49824
0 48953
0 48259
0 50040
0 49351
0 52405
0 50024
0 48389
0 52050
0 49172
0 49743
0 49553
0 47605
0 46626
0 50099
0 50379
0 47202
0 49228
0 50387
0 51842
0 48199
0 50421
0 45929
0 50010
0 49262
0 49346
0 49321
0 50301
0 51939
0 48469
0 50264
0 47137
0 50136
0 46220
0 48970
0 51132
0 50841
0 47915
0 48891
0 47270
0 48257
0 48326
0 49063
0 49973
0 52144
0 47537
0 47226
0 49549
0 48238
0 51036
0 51574
0 50883
0 50146
0 50355
0 47060
0 50439
0 49889
0 46787
0 47248
0 47833
0 47863
0 49626
0 48517
0 49239
0 49024
0 49282
0 49081
0 50615
0 49318
0 49665
0 49861
0 49931
0 51894
0 48927
0 48149
0 50344
0 46333
0 47602
0 51604
0 50331
0 49237
0 53135
0 49683
0 49243
0 45990
0 49686
0 48981
0 49977
0 50982
0 49778
0 51877
0 51940
0 48521
0 49684
0 50361
0 47385
0 50737
0 48461
0 51956
0 45059
0 49199
0 46707
0 46897
0 46805
0 48154
0 49846
0 50189
0 50198
0 48054
0 48561
0 51023
0 50002
0 50029
0 50492
0 51793
0 47249
0 47324
0 51721
0 47149
0 49837
0 49016
0 48540
0 50226
0 47037
0 51303
0 51701
0 47669
0 50352
0 47610
0 48415
0 49341
0 52131
0 46698
0 49058
0 51146
0 50008
0 48166
0 50883
0 49965
0 50189
0 50400
0 49298
0 50528
0 50538
0 49718
0 48034
0 49304
0 48444
0 50129
0 48973
0 50597
0 48017
0 48799
0 44631
0 49952
0 49335
0 51660
0 49866
0 50513
0 50129
0 51675
0 51506
0 52064
0 49146
0 48723
0 51713
0 48842
0 47929
0 49058
0 51615
0 49961
0 50178
0 52172
0 51223
0 49473
0 45409
0 50707
0 47825
0 48353
0 49367
0 50392
0 48818
0 50789
0 47925
0 50341
0 49585
0 47187
0 49997
0 48548
0 50073
0 48621
0 51626
0 50443
0 50412
0 52034
0 51590
0 48816
0 48933
0 48823
0 47813
0 49589
0 51358
0 49701
0 51292
0 50109
0 47427
0 49964
0 49799
0 50734
0 52002
0 49924
0 47616
0 49334
0 50822
0 48302
0 49005
0 49811
0 47508
0 49820
0 49505
0 50936
0 49325
0 51320
0 50240
0 50019
0 49694
0 51535
0 50555
0 51752
0 50132
0 49242
0 50180
0 47818
0 47549
0 49486
0 50204
0 51509
0 51052
0 46756
0 46457
0 48008
0 48969
0 50286
0 49231
0 49588
0 47798
0 49685
0 48977
0 50387
0 48129
0 50299
0 51095
0 48550
0 48126
0 52480
0 43288
0 49967
0 50530
0 46378
0 46275
0 50593
0 50331
0 46472
0 49771
0 49920
0 46790
0 47652
0 46493
0 50317
0 51220
0 50606
0 50165
0 50823
0 48868
0 48342
0 51948
0 48673
0 49987
0 50375
0 47134
0 45679
0 50677
0 51448
0 51620
0 47527
0 48881
0 46863
0 44897
0 46823
0 46397
0 48909
0 50466
0 50742
0 51722
0 49747
0 47921
0 49565
0 48368
0 49176
0 49555
0 49059
0 48051
0 49138
0 48079
0 48781
0 50799
0 46440
0 51110
0 49096
0 51340
0 49853
0 50490
0 50988
0 51093
0 49380
0 50880
0 45401
0 47422
0 50206
0 48134
0 48847
0 50744
0 51601
0 46866
0 47924
0 48175
0 46967
0 52537
0 50473
0 51556
0 49422
0 46951
0 52108
0 50484
0 45251
0 49741
0 51213
0 46124
0 48705
0 48670
0 45558
0 49185
0 50189
0 49385
0 51370
0 47294
0 48351
0 49101
0 50948
0 48540
0 51012
0 49293
0 43841
0 50390
0 49917
0 47150
0 48785
0 49759
0 46903
0 47632
0 46893
0 49108
0 48717
0 51354
0 51778
0 48664
0 49280
0 50396
0 49832
0 50643
0 49764
0 48625
0 50532
0 50604
0 52848
0 50890
0 48515
0 50912
0 50880
0 50444
0 50048
0 49867
0 49204
0 50699
0 46727
0 48615
0 49668
0 50088
0 51297
0 48972
0 50575
0 52222
0 49586
0 46297
0 49016
0 50134
0 50389
0 46339
0 48716
0 51703
0 49995
0 50377
0 50307
0 49945
0 50506
0 50050
0 50640
0 50591
0 49558
0 50913
0 50828
0 45754
0 47866
0 48961
0 49882
0 50803
0 49157
0 50893
0 51707
0 49141
0 48289
0 49175
0 49064
0 50757
0 50950
0 49596
0 50312
0 51757
0 48995
0 50572
0 49411
0 47847
0 49524
0 51499
0 48841
0 47669
0 49360
0 48141
0 50223
0 52790
0 50459
0 45026
0 51483
0 48157
0 50271
0 48787
0 48554
0 49158
0 50042
0 50455
0 49716
0 48506
0 49401
0 46315
0 49859
0 47712
0 48708
0 50363
0 48891
0 48366
0 50169
0 50577
0 49165
0 50790
0 48352
0 49702
0 48844
0 47553
0 48550
0 50609
0 49781
0 48335
0 50490
0 48880
0 48072
0 48310
0 48649
0 50104
0 50389
0 48545
0 45138
0 49818
0 48277
0 46796
0 48975
0 49590
0 44854
0 50539
0 47938
0 47968
0 50242
0 48638
0 48792
0 49056
0 49417
0 48479
0 46688
0 51331
0 47194
0 49587
0 47957
0 50958
0 45162
0 49227
0 49562
0 48405
0 50345
0 51551
0 49587
0 48629
0 52262
0 50897
0 47408
0 48582
0 49844
0 49285
0 49329
0 50245
0 48442
0 47273
0 47008
0 48410
0 46151
0 50961
0 48396
0 45748
0 50202
0 51657
0 50353
0 49259
0 49714
0 49692
0 48016
0 51813
0 50665
0 46842
0 49264
0 50537
0 49822
0 51176
0 48732
0 49954
0 49264
0 51918
0 50810
0 47756
0 48885
0 49140
0 50902
0 51374
0 49395
0 50889
0 48081
0 49572
0 49123
0 51042
0 49954
0 51335
0 49693
0 49556
0 51010
0 49719
0 49221
0 48019
0 51651
0 50505
0 51528
0 49349
0 49166
0 49224
0 49056
0 51483
0 47490
0 48639
0 50352
0 49054
0 48431
0 51167
0 49691
0 50977
0 50048
0 48398
0 46718
0 48393
0 50433
0 48013
0 50182
0 50314
0 47830
0 51125
0 51362
0 47942
0 49858
0 49493
0 46980
0 49812
0 49791
0 49257
0 50764
0 48786
0 51697
0 49566
0 48908
0 50512
0 49163
0 46743
0 50898
0 49003
0 46144
0 51334
0 52257
0 49489
0 49795
0 50935
0 49992
0 47607
0 49029
0 49494
0 47602
0 50975
0 50729
0 51012
0 49559
0 50042
0 48999
0 50566
0 48232
0 49172
0 48793
0 48370
0 49081
0 50010
0 48273
0 48371
0 49928
0 50964
0 48599
0 46220
0 52834
0 52167
0 50730
0 51481
0 51222
0 49866
0 50441
0 47665
0 49515
0 51799
0 46299
0 48607
0 51059
0 47639
0 47552
0 48961
0 46115
0 50668
0 50528
0 46241
0 49027
0 48601
0 51169
0 45756
0 52018
0 48693
0 49580
0 51086
0 51973
0 50539
0 50312
0 50234
0 51501
0 48642
0 48817
0 50382
0 48569
0 45982
0 50636
0 48450
0 51660
0 48753
0 49834
0 49997
0 47870
0 49354
0 48315
0 49872
0 49588
0 48910
0 50644
0 50268
0 49588
0 49324
0 48524
0 51403
0 50711
0 50248
0 49987
0 51875
0 49523
0 50474
0 48686
0 50451
0 48463
0 47413
0 49225
0 50997
0 49066
0 51877
0 51270
0 46628
0 49783
0 50941
0 50144
0 51909
0 49318
0 47271
0 48709
0 47449
0 48857
0 46391
0 49635
0 49005
0 49897
0 47994
0 50861
0 50676
0 47059
0 49608
0 50740
0 50108
0 50195
0 52114
0 49307
0 48001
0 51773
0 48635
0 46684
0 50237
0 48497
0 49110
0 51480
0 47765
0 47548
0 51800
0 50438
0 49101
0 48047
0 49983
0 49522
0 49431
0 48161
0 49911
0 49687
0 49202
0 50234
0 51933
0 49332
0 48585
0 43806
0 44872
0 51237
0 47949
0 52215
0 51677
0 50796
0 50229
0 48760
0 50126
0 46883
0 49936
0 51690
0 52544
0 48965
0 49736
0 48606
0 50205
0 50910
0 50052
0 50045
0 50647
0 49373
0 47319
0 48087
0 48448
0 50408
0 47230
0 51068
0 51376
0 51057
0 50562
0 49458
0 52308
0 51087
0 51208
0 50280
0 49202
0 50689
0 51042
0 49647
0 50055
0 48473
0 47685
0 49337
0 47627
0 48368
0 49034
0 50369
0 51426
0 47499
0 47160
0 50675
0 52118
0 50728
0 47110
0 50396
0 50216
0 49850
0 49529
0 45240
0 50673
0 48693
0 48207
0 50739
0 50951
0 50527
0 50277
0 50031
0 50872
0 47158
0 51013
0 48514
0 48684
0 49184
0 49934
0 51555
0 47916
0 50227
0 48738
0 50129
0 50879
0 50320
0 51429
0 49153
0 51502
0 50447
0 47255
0 51928
0 50016
0 49860
0 51012
0 51766
0 52478
0 48765
0 49584
0 49615
0 51420
0 48024
0 51443
0 50969
0 50119
0 51964
0 50778
0 51714
0 49927
0 49434
0 46519
0 46537
0 49693
0 49832
0 50136
0 50958
0 47759
0 47828
0 51253
0 52714
0 52381
0 49781
0 49430
0 47931
0 50576
0 50633
0 50220
0 49212
0 51445
0 48875
0 51234
0 49811
0 47260
0 49535
0 45535
0 52378
0 47331
0 52016
0 48854
0 47106
0 50509
0 49628
0 48130
0 48023
0 52558
0 49094
0 50505
0 49633
0 48272
0 47483
0 49147
0 49743
0 50991
0 49366
0 49940
0 50212
0 51611
0 50478
0 50415
0 49130
0 47923
0 45235
0 48846
0 48786
0 43333
0 50520
0 48787
0 51765
0 47018
0 49134
0 51026
0 51653
0 47493
0 50118
0 50593
0 48454
0 47943
0 49244
0 50325
0 49083
0 51101
0 49337
0 47786
0 46739
0 53298
0 50733
0 50042
0 49259
0 49705
0 50457
0 51275
0 47242
0 50257
0 50158
0 47485
0 50753
0 47026
0 51017
0 51552
0 49850
0 50465
0 47938
0 51379
0 47436
0 50306
0 46987
0 51119
0 47862
0 48603
0 48381
0 44713
0 49350
0 52845
0 50820
0 50422
0 49994
0 50982
0 50546
0 50586
0 46447
0 51205
0 48287
0 49043
0 48794
0 48193
0 50515
0 50203
0 50467
0 51093
0 47362
0 49640
0 50251
0 49762
0 51114
0 49622
0 50459
0 45787
0 49240
0 50048
0 50422
0 49735
0 46559
0 52552
0 49718
0 49531
0 49460
0 49001
0 48786
0 47443
0 49560
0 48632
0 52116
0 50021
0 46595
0 49085
0 50565
0 49157
0 51341
0 48272
0 44983
0 51322
0 50238
0 51992
0 49170
0 50457
0 49827
0 46865
0 51846
0 45760
0 48355
0 48243
0 50640
0 49564
0 50454
0 50594
0 50898
0 51593
0 50453
0 49204
0 52083
0 49584
0 50683
0 47697
0 51439
0 46619
0 48362
0 47879
0 45318
0 50302
0 47958
0 49001
0 48256
0 50064
0 50070
0 48099
0 50896
0 49448
0 49474
0 52163
0 50023
0 50505
0 51806
0 49884
0 48301
0 50280
0 47988
0 51129
0 49946
0 48590
0 49818
0 47244
0 49985
0 49618
0 49138
0 51005
0 50024
0 50200
0 49513
0 48643
0 47982
0 47962
0 51754
0 48896
0 48120
0 49429
0 48772
0 45432
0 49652
0 48947
0 46733
0 50121
0 48986
0 51509
0 48760
0 50336
0 48859
0 52321
0 46535
0 49425
0 47088
0 51887
0 49480
0 50128
0 46461
0 49281
0 47001
0 50256
0 50773
0 49263
0 46473
0 47466
0 50350
0 48748
0 45048
0 51192
0 45497
0 49374
0 48522
0 49906
0 48569
0 43941
0 50713
0 50548
0 51102
0 50291
0 49347
0 49453
0 48493
0 48680
0 47267
0 48786
0 48989
0 51228
0 48475
0 47120
0 50936
0 48347
0 47088
0 48019
0 48269
0 50961
0 49895
0 49539
0 49593
0 50191
0 49391
0 46627
0 50247
0 49235
0 50452
0 46481
0 51670
0 47296
0 51142
0 47425
0 50425
0 47554
0 49216
0 48226
0 49778
0 50876
0 46416
0 51378
0 51870
0 48734
0 50294
0 50094
0 46107
0 48502
0 51142
0 49664
0 48420
0 48127
0 51612
0 48315
0 48287
0 51762
0 50508
0 46007
0 49735
0 50209
0 49651
0 51165
0 51883
0 47743
0 50502
0 49112
0 46747
0 49781
0 50008
0 48821
0 48937
0 51151
0 50706
0 47395
0 48818
0 49751
0 49547
0 49087
0 49575
0 48934
0 51910
0 47139
0 52100
0 49975
0 50697
0 50822
0 50722
0 46670
0 49136
0 48441
0 48915
0 50147
0 49237
0 52353
0 48852
0 46539
0 47541
0 48123
0 49563
0 49710
0 50201
0 47206
0 50593
0 49449
0 50386
0 48029
0 49889
0 51405
0 42892
0 50319
0 49657
0 49803
0 51325
0 49797
0 49121
0 49476
0 49348
0 47377
0 48744
0 51088
0 48303
0 49827
0 46922
0 49595
0 48108
0 49679
0 48265
0 49824
0 45447
0 50470
0 50406
0 51966
0 50758
0 49318
0 49026
0 48909
0 48059
0 49092
0 49579
0 51037
0 50692
0 50533
0 49139
0 48811
0 50630
0 47255
0 49174
0 50490
0 47421
0 47288
0 51591
0 49981
0 49296
0 50581
0 49998
0 47183
0 48838
0 50031
0 51975
0 46565
0 49990
0 50970
0 48955
0 48932
0 48989
0 52151
0 49688
0 46734
0 50738
0 46129
0 51189
0 48785
0 49899
0 51716
0 48058
0 48639
0 51442
0 48270
0 47826
0 49496
0 51697
0 48376
0 48881
0 50425
0 49646
0 48999
0 47362
0 49855
0 47494
0 42373
0 50645
0 49432
0 50433
0 49882
0 46709
0 49793
0 49756
0 50288
0 48595
0 50793
0 48650
0 50514
0 52415
0 51595
0 49304
0 51639
0 52200
0 50872
0 46984
0 49959
0 49417
0 51275
0 47964
0 50676
0 50813
0 50180
0 47979
0 49871
0 48607
0 45798
0 51964
0 49461
0 43877
0 49683
0 50145
0 51179
0 50001
0 51329
0 50930
0 48564
0 51045
0 49285
0 51770
0 47845
0 49870
0 51011
0 50766
0 49659
0 49869
0 49429
0 51156
0 48818
0 49378
0 50171
0 51954
0 50352
0 49587
0 51113
0 49581
0 51678
0 49212
0 49309
0 48355
0 47471
0 43744
0 44961
0 46542
0 49566
0 49233
0 50623
0 50665
0 49972
0 46286
0 49951
0 50933
0 49395
0 51219
0 49990
0 48944
0 50363
0 50485
0 49039
0 48455
0 50973
0 49050
0 50279
0 50224
0 49612
0 52178
0 46945
0 44002
0 52417
0 47760
0 49923
0 49232
0 48549
0 48984
0 45768
0 49286
0 51751
0 49584
0 51951
0 48706
0 49649
0 52029
0 48935
0 47703
0 46435
0 48446
0 49991
0 49545
0 50435
0 47212
0 49990
0 51452
0 50488
0 48258
0 51402
0 48712
0 49977
0 49230
0 48365
0 49477
0 47838
0 49817
0 48718
0 49170
0 50601
0 51700
0 49412
0 49967
0 50544
0 50987
0 49207
0 51239
0 48313
0 50912
0 50444
0 50764
0 44493
0 51109
0 49151
0 47324
0 46511
0 51777
0 51533
0 50161
0 51408
0 49179
0 48939
0 49410
0 49416
0 51142
0 48710
0 50314
0 50654
0 48421
0 50058
0 50920
0 51535
0 47094
0 49415
0 50430
0 49376
0 47696
0 51441
0 49450
0 49623
0 51690
0 50149
0 52527
0 48436
0 49521
0 51883
0 48921
0 47355
0 44922
0 50753
0 48710
0 51343
0 49749
0 48630
0 49425
0 48555
0 51448
0 51530
0 51327
0 42747
0 49024
0 51796
0 50317
0 51826
0 50853
0 50968
0 50074
0 48121
0 48334
0 47022
0 50353
0 49922
0 49807
0 49325
0 50064
0 49971
0 52309
0 48619
0 49811
0 48655
0 51664
0 48890
0 49934
0 50722
0 50533
0 49743
0 49818
0 49287
0 49715
0 48476
0 48447
0 49959
0 49718
0 49336
0 48007
0 49658
0 49092
0 48126
0 51083
0 50407
0 51088
0 51134
0 48242
0 47659
0 51300
0 48225
0 48227
0 49240
0 49428
0 51942
0 52192
0 49508
0 49858
0 49918
0 49521
0 51316
0 51457
0 50584
0 50025
0 51204
0 49163
0 50219
0 48773
0 50220
0 50266
0 50826
0 50698
0 50729
0 48430
0 49629
0 48582
0 46379
0 49310
0 51026
0 51038
0 50236
0 46569
0 49635
0 50940
0 49705
0 46727
0 50813
0 48970
0 51659
0 46528
0 51586
0 49491
0 52857
0 46585
0 51414
0 48253
0 49321
0 50038
0 49357
0 43293
0 49336
0 48017
0 51025
0 49049
0 51089
0 48500
0 49996
0 48670
0 50367
0 50359
0 48249
0 48685
0 51093
0 51570
0 49202
0 48670
0 50547
0 50958
0 50190
0 49638
0 51594
0 51660
0 49681
0 49223
0 50421
0 48751
0 47995
0 47593
0 50739
0 50021
0 49530
0 50030
0 47302
0 49135
0 49607
0 49496
0 48745
0 48591
0 49831
0 49711
0 49374
0 48384
0 48398
0 50018
0 48704
0 47603
0 50337
0 50863
0 50131
0 49864
0 47472
0 44755
0 49997
0 49941
0 50464
0 50481
0 48397
0 50288
0 51154
0 48369
0 49563
0 45812
0 48935
0 47740
0 49780
0 50237
0 48318
0 49125
0 46691
0 49300
0 50669
0 51688
0 45724
0 50137
0 47435
0 51216
0 48348
0 48704
0 50994
0 49246
0 50661
0 51270
0 48871
0 45752
0 49471
0 50294
0 49046
0 48244
0 46994
0 49061
0 51082
0 46195
0 48861
0 48750
0 46056
0 47826
0 50698
0 48943
0 49599
0 44992
0 47707
0 48207
0 47949
0 52213
0 49293
0 50018
0 51081
0 49702
0 51941
0 48649
0 51705
0 49618
0 48419
0 49183
0 49332
0 50543
0 49298
0 52338
0 47863
0 48188
0 50495
0 46678
0 49102
0 46687
0 48005
0 47657
0 48879
0 52324
0 48478
0 47839
0 50613
0 51152
0 50160
0 47484
0 49953
0 48912
0 49292
0 47187
0 49695
0 49819
0 45225
0 49304
0 48993
0 49776
0 49830
0 50521
0 48602
0 51738
0 50183
0 50861
0 49196
0 51583
0 49405
0 47010
0 45939
0 49353
0 49856
0 50195
0 50226
0 47732
0 44574
0 50420
0 50808
0 51133
0 50828
0 50874
0 47008
0 52040
0 51572
0 52443
0 50159
0 46763
0 49184
0 48713
0 52713
0 48021
0 47974
0 48644
0 48475
0 48440
0 51310
0 50504
0 46842
0 49970
0 46933
0 49494
0 49339
0 48295
0 47579
0 47763
0 49991
0 49006
0 50808
0 48587
0 48702
0 49206
0 50577
0 47735
0 50118
0 45728
0 48560
0 49373
0 50779
0 50152
0 49976
0 47457
0 51114
0 48236
0 47367
0 50690
0 50359
0 49306
0 45925
0 50412
0 52422
0 47301
0 50120
0 50304
0 50465
0 47892
0 48177
0 46870
0 49575
0 48564
0 49264
0 48981
0 48376
0 48771
0 48167
0 49883
0 46877
0 47997
0 49597
0 51060
0 50151
0 49486
0 51717
0 48376
0 46400
0 50188
0 48379
0 48069
0 48198
0 49127
0 50614
0 49541
0 47362
0 50795
0 50604
0 50884
0 49031
0 47954
0 50459
0 51647
0 49973
0 48370
0 49657
0 48626
0 50921
0 48376
0 50985
0 49109
0 49651
0 50766
0 50246
0 47757
0 47157
0 50403
0 50037
0 49164
0 50335
0 49596
0 46854
0 50237
0 50171
0 46489
0 51385
0 49952
0 48896
0 50493
0 51032
0 46139
0 50325
0 50320
0 49324
0 50035
0 48595
0 50815
0 50686
0 49324
0 49382
0 47044
0 51278
0 50610
0 50540
0 51026
0 49920
0 49897
0 47937
0 49848
0 50740
0 47528
0 48567
0 48788
0 50124
0 51647
0 50030
0 50410
0 48196
0 48686
0 50556
0 49457
0 49220
0 50823
0 48361
0 50501
0 48275
0 52384
0 49259
0 50046
0 51399
0 50099
0 49133
0 49289
0 50202
0 49526
0 48617
0 50162
0 49496
0 50336
0 44070
0 51099
0 51081
0 49958
0 50041
0 49610
0 48614
0 49198
0 49329
0 45447
0 47853
0 51302
0 50128
0 50407
0 48530
0 48798
0 48521
0 48375
0 50272
0 50165
0 50369
0 51267
0 49910
0 51246
0 51452
0 51148
0 45547
0 47669
0 47145
0 50965
0 51034
0 49238
0 50071
0 49757
0 48614
0 46811
0 49441
0 49802
0 48272
0 50196
0 49078
0 50539
0 45180
0 48659
0 50347
0 50206
0 49233
0 49789
0 47184
0 46977
0 46699
0 49640
0 49867
0 45178
0 51782
0 51723
0 51750
0 50728
0 50420
0 49802
0 49871
0 50109
0 45998
0 48043
0 51215
0 51391
0 50199
0 51641
0 49903
0 51234
0 50384
0 50727
0 48653
0 50139
0 51265
0 49651
0 48829
0 50633
0 49810
0 50195
0 47607
0 49759
0 49921
0 48550
0 48402
0 49846
0 47441
0 49717
0 50683
0 49485
0 51471
0 48830
0 48570
0 50277
0 49758
0 46575
0 49672
0 48198
0 48568
0 46238
0 45094
0 51298
0 49572
0 50926
0 49374
0 48064
0 49250
0 50863
0 48381
0 46923
0 47457
0 51006
0 51628
0 45650
0 48847
0 50029
0 52569
0 49852
0 48591
0 50928
0 48677
0 47683
0 49234
0 47840
0 50788
0 50711
0 49316
0 51526
0 48723
0 49543
0 47790
0 49284
0 48363
0 47578
0 47047
0 50041
0 49507
0 46625
0 47197
0 48523
0 50614
0 49216
0 50499
0 48445
0 47927
0 50021
0 45132
0 49869
0 49554
0 51893
0 49242
0 52015
0 45836
0 48878
0 51309
0 50501
0 49655
0 49561
0 49725
0 48899
0 50557
0 48632
0 47859
0 49979
0 49996
0 51066
0 45252
0 51771
0 48670
0 51282
0 49567
0 50466
0 49950
0 48988
0 47911
0 48799
0 49176
0 48940
0 48743
0 50814
0 49292
0 51048
0 48259
0 50124
0 46800
0 49942
0 43898
0 49729
0 48279
0 49944
0 47399
0 47514
0 50389
0 48701
0 51456
0 51382
0 48805
0 48100
0 51359
0 50171
0 50339
0 49100
0 49516
0 48657
0 49030
0 49583
0 50519
0 51992
0 47853
0 50421
0 46610
0 51633
0 49862
0 49912
0 48393
0 49097
0 51045
0 50222
0 50375
0 47930
0 46264
0 46904
0 50475
0 50207
0 51038
0 48549
0 48969
0 49395
0 51067
0 48493
0 47854
0 51384
0 50851
0 51195
0 47772
0 49840
0 47803
0 51304
0 50886
0 48903
0 49240
0 49869
0 49601
0 47958
0 51298
0 48931
0 50387
0 50804
0 48561
0 48149
0 51152
0 49475
0 45289
0 48678
0 47483
0 47717
0 51341
0 48723
0 50618
0 48916
0 48660
0 52813
0 50621
0 50215
0 48068
0 49184
0 47821
0 51280
0 50550
0 46521
0 49136
0 48316
0 52009
0 50504
0 49919
0 48285
0 48921
0 48094
0 51151
0 50637
0 49418
0 48948
0 47010
0 49818
0 50957
0 48519
0 49170
0 52342
0 50519
0 50398
0 48976
0 47485
0 49849
0 48659
0 49313
0 48376
0 48348
0 50767
0 48072
0 41499
0 50668
0 50873
0 50472
0 50866
0 50714
0 49969
0 48860
0 46939
0 50368
0 51626
0 50795
0 49298
0 45698
0 48068
0 50182
0 50170
0 48273
0 50721
0 49159
0 48683
0 51602
0 43975
0 48777
0 51136
0 48026
0 49594
0 50199
0 48967
0 51483
0 49707
0 49685
0 51813
0 49415
0 49728
0 49357
0 51035
0 48760
0 48091
0 49110
0 50808
0 49066
0 48547
0 51216
0 46189
0 45720
0 50356
0 47572
0 51544
0 50008
0 50500
0 50547
0 51117
0 51199
0 50988
0 48255
0 47847
0 48917
0 48980
0 50649
0 49230
0 52296
0 49930
0 49967
0 49504
0 50646
0 50086
0 52581
0 50375
0 51090
0 48057
0 47033
0 51410
0 50711
0 49611
0 48196
0 48644
0 48855
0 48550
0 47192
0 45249
0 50137
0 51161
0 50704
0 51024
0 51079
0 50985
0 46099
0 49640
0 51108
0 49403
0 50231
0 51027
0 51562
0 48405
0 47865
0 49067
0 49023
0 50191
0 49262
0 49946
0 48980
0 44575
0 50610
0 49430
0 50818
0 48361
0 50385
0 50390
0 49138
0 49021
0 51951
0 52301
0 50191
0 52016
0 50344
0 49689
0 48970
0 39418
0 48780
0 47929
0 49430
0 49440
0 49221
0 47876
0 49469
0 51388
0 49010
0 52002
0 50790
0 49507
0 48085
0 48416
0 50670
0 50380
0 49105
0 46649
0 47334
0 49753
0 47428
0 50300
0 51683
0 49369
0 50226
0 48773
0 49435
0 49954
0 50322
0 49250
0 52248
0 43483
0 50577
0 48957
0 49961
0 46430
0 48232
0 49684
0 50095
0 48123
0 48390
0 49347
0 50504
0 51208
0 48447
0 51565
0 50063
0 48966
0 49588
0 46859
0 48623
0 48450
0 48623
0 49083
0 51126
0 49620
0 47302
0 51084
0 47909
0 48108
0 50478
0 51171
0 50607
0 49965
0 52081
0 49642
0 51367
0 49100
0 50012
0 48325
0 50287
0 49893
0 50919
0 48709
0 50458
0 49219
0 50444
0 49415
0 50064
0 50586
0 49337
0 49010
0 50164
0 49587
0 48674
0 47973
0 50255
0 49539
0 47649
0 50720
0 50136
0 48607
0 46377
0 49316
0 48045
0 52579
0 48050
0 49051
0 49137
0 52059
0 52008
0 48453
0 48711
0 50617
0 49369
0 49240
0 49509
0 52316
0 49588
0 47106
0 51591
0 49278
0 48989
0 51368
0 51609
0 49856
0 49341
0 50736
0 49948
0 47464
0 51600
0 47958
0 50560
0 49595
0 51391
0 51141
0 47042
0 48761
0 50019
0 50626
0 49254
0 50175
0 49938
0 50100
0 48192
0 49137
0 49344
0 49739
0 50598
0 48821
0 49886
0 49765
0 50748
0 49668
0 49929
0 47262
0 49689
0 47633
0 48264
0 50247
0 48983
0 49721
0 48521
0 45611
0 48745
0 50118
0 48398
0 51288
0 51005
0 49695
0 48836
0 49659
0 51827
0 50412
0 48851
0 47384
0 48348
0 51216
0 50796
0 51019
0 49404
0 48589
0 47301
0 48519
0 48299
0 48689
0 50810
0 48099
0 49938
0 49274
0 48736
0 50720
0 49864
0 51574
0 47829
0 50755
0 49215
0 52320
0 48929
0 48367
0 48747
0 48057
0 49807
0 50546
0 49264
0 49846
0 48506
0 48468
0 47997
0 49330
0 50292
0 51233
0 50462
0 41245
0 49810
0 51230
0 49951
0 48051
0 49259
0 49132
0 51442
0 48330
0 48188
0 47059
0 50492
0 50118
0 48572
0 50694
0 48580
0 49420
0 49361
0 49874
0 50378
0 48060
0 51134
0 50696
0 45819
0 48337
0 48459
0 51113
0 49290
0 50996
0 45212
0 49082
0 50210
0 50854
0 50607
0 50524
0 50034
0 49991
0 49836
0 48890
0 50717
0 46375
0 49418
0 48045
0 47352
0 45352
0 49539
0 46437
0 49329
0 50074
0 49399
0 49225
0 51544
0 51194
0 49596
0 47889
0 49411
0 47024
0 51681
0 50280
0 49395
0 48496
0 50393
0 50601
0 49336
0 47815
0 51076
0 50176
0 49445
0 50558
0 46820
0 51453
0 49105
0 50530
0 50741
0 47202
0 49832
0 49470
0 49351
0 49998
0 47211
0 51323
0 49982
0 50363
0 47722
0 49644
0 49709
0 47974
0 44996
0 49327
0 50160
0 44839
0 49533
0 50077
0 47138
0 51336
0 50630
0 49202
0 50412
0 49570
0 48183
0 49555
0 50579
0 50430
0 49952
0 49893
0 49371
0 49275
0 48910
0 50921
0 48296
0 49940
0 49736
0 50043
0 51001
0 47839
0 49662
0 50998
0 49937
0 49391
0 50185
0 51505
0 50717
0 50789
0 49853
0 51164
0 48011
0 49262
0 48255
0 50866
0 51468
0 50089
0 47465
0 48302
0 49542
0 47135
0 47593
0 50655
0 47488
0 48053
0 49975
0 49707
0 47691
0 48764
0 48826
0 50347
0 50515
0 48984
0 44534
0 50904
0 51825
0 49282
0 48284
0 49238
0 51564
0 48602
0 49998
0 48583
0 51661
0 49353
0 50095
0 48465
0 50753
0 48830
0 50178
0 46231
0 46199
0 48576
0 48974
0 51344
0 51642
0 50837
0 49525
0 49450
0 49895
0 50553
0 51743
0 48484
0 48320
0 49203
0 51268
0 50140
0 49517
0 51780
0 48926
0 51006
0 51595
0 46852
0 51964
0 48275
0 47910
0 50008
0 47290
0 50834
0 49041
0 48097
0 47156
0 45211
0 51257
0 50438
0 50603
0 49804
0 50749
0 51332
0 50390
0 48135
0 50964
0 48373
0 50307
0 46709
0 45201
0 47762
0 50926
0 48266
0 49881
0 50919
0 49909
0 49592
0 49995
0 50482
0 49288
0 48296
0 51138
0 49506
0 50573
0 48880
0 48667
0 49497
0 50458
0 45715
0 51714
0 50276
0 50723
0 49374
0 50658
0 49280
0 47895
0 51909
0 46740
0 47744
0 50669
0 49819
0 51602
0 49843
0 50510
0 51115
0 50597
0 48610
0 49340
0 49288
0 48602
0 50893
0 50779
0 48756
0 49431
0 48136
0 50162
0 50171
0 49239
0 50020
0 51023
0 49832
0 50778
0 52351
0 48838
0 48560
0 48534
0 49850
0 51191
0 47652
0 49169
0 47787
0 51287
0 46384
0 52045
0 49536
0 49031
0 48682
0 50549
0 49879
0 50192
0 49530
0 49444
0 48955
0 50082
0 51380
0 50579
0 51453
0 50152
0 49327
0 48748
0 48500
0 49373
0 47769
0 48399
0 50638
0 47496
0 51965
0 51299
0 49240
0 46165
0 49939
0 52139
0 47804
0 49419
0 48222
0 50036
0 49504
0 50605
0 49113
0 48958
0 49246
0 50988
0 48984
0 46859
0 49062
0 51403
0 48615
0 49495
0 50053
0 49589
0 50158
0 49439
0 47895
0 50327
0 48506
0 50607
0 51041
0 49758
0 50108
0 47307
0 51534
0 50260
0 48672
0 49782
0 49807
0 50231
0 50414
0 47929
0 50719
0 48659
0 50170
0 52036
0 48930
0 49742
0 48569
0 50280
0 51238
0 48424
0 48172
0 50153
0 47456
0 49964
0 50210
0 48119
0 49584
0 51066
0 46140
0 49457
0 48577
0 49348
0 47965
0 47059
0 48672
0 49061
0 48698
0 50418
0 49369
0 49634
0 49272
0 47093
0 47301
0 49864
0 51550
0 50819
0 47466
0 49957
0 49154
0 50759
0 49938
0 50778
0 49730
0 50807
0 49172
0 50053
0 48757
0 51260
0 50351
0 49335
0 50334
0 50179
0 48829
0 49307
0 50914
0 51088
0 52134
0 46227
0 50728
0 50593
0 49075
0 50522
0 47647
0 48858
0 48327
0 49578
0 47473
0 50263
0 50179
0 47191
0 51608
0 49599
0 47274
0 45900
0 51094
0 49468
0 50803
0 50245
0 50777
0 51300
0 50749
0 49571
0 47855
0 51485
0 50281
0 48710
0 49513
0 48024
0 48589
0 49930
0 50190
0 50312
0 49100
0 51345
0 49597
0 49875
0 49321
0 49908
0 50112
0 49131
0 50076
0 49878
0 47043
0 48456
0 50871
0 50340
0 46793
0 50231
0 49257
0 45748
0 49983
0 53050
0 50559
0 49066
0 49509
0 50505
0 50580
0 49622
0 50328
0 50554
0 49657
0 47177
0 48558
0 51388
0 46962
0 46520
0 44915
0 48689
0 49351
0 50363
0 50534
0 49532
0 51290
0 50058
0 50891
0 51412
0 50861
0 50839
0 48701
0 49182
0 49087
0 48921
0 51039
0 50884
0 49152
0 50598
0 50967
0 50767
0 49344
0 51785
0 45616
0 47618
0 49688
0 51114
0 49868
0 50132
0 49465
0 47829
0 49261
0 50949
0 47502
0 50578
0 51903
0 52687
0 50929
0 49856
0 50946
0 49660
0 47878
0 48052
0 50820
0 48000
0 51389
0 50035
0 51499
0 50223
0 49794
0 49059
0 50340
0 47639
0 47260
0 49830
0 50664
0 49428
0 49049
0 46371
0 49134
0 45755
0 52091
0 49011
0 50216
0 50273
0 49671
0 49937
0 48021
0 48919
0 49068
0 51672
0 47802
0 48604
0 46213
0 50357
0 49414
0 49656
0 48712
0 51335
0 48011
0 50260
0 49274
0 50431
0 45724
0 48154
0 49022
0 49855
0 50043
0 48154
0 49088
0 48283
0 46502
0 49355
0 49557
0 51213
0 46844
0 49989
0 49822
0 48925
0 50018
0 47888
0 51041
0 49101
0 49916
0 48731
0 45590
0 49048
0 48700
0 49574
0 48069
0 47204
0 49745
0 51233
0 50920
0 50324
0 51167
0 49345
0 49858
0 48200
0 48105
0 51708
0 50045
0 49131
0 51960
0 48710
0 47486
0 51343
0 48736
0 47343
0 49284
0 51484
0 48783
0 50628
0 49670
0 46187
0 46946
0 48516
0 48340
0 48450
0 48932
0 50375
0 48846
0 50772
0 48356
0 45645
0 51658
0 48854
0 50329
0 50475
0 50439
0 48162
0 49571
0 47922
0 50545
0 50643
0 50545
0 49940
0 44453
0 51119
0 49177
0 50196
0 50882
0 47805
0 51186
0 52043
0 46950
0 47263
0 46084
0 50541
0 46393
0 50829
0 51816
0 49915
0 50776
0 49804
0 50721
0 46583
0 47930
0 49989
0 49052
0 47587
0 48303
0 51006
0 48913
0 48351
0 47351
0 51142
0 50716
0 49055
0 47564
0 48272
0 49616
0 50605
0 47441
0 48013
0 48476
0 49936
0 48533
0 50130
0 48806
0 47744
0 48772
0 51733
0 50695
0 51263
0 47249
0 47411
0 45602
0 49032
0 50328
0 50657
0 46998
0 46751
0 47581
0 48922
0 51303
0 49499
0 48856
0 48149
0 50096
0 47223
0 48533
0 51001
0 48748
0 50021
0 52609
0 47726
0 49238
0 49045
0 48995
0 50348
0 46657
0 48864
0 52365
0 46908
0 49718
0 49584
0 48733
0 49602
0 50859
0 49435
0 50424
0 49225
0 48593
0 46620
0 50654
0 47474
0 49585
0 49560
0 50387
0 45644
0 50402
0 50382
0 51278
0 49098
0 49543
0 51328
0 51405
0 48113
0 49383
0 50550
0 49704
0 49620
0 48322
0 49537
0 51215
0 49818
0 49711
0 48384
0 49824
0 49132
0 50103
0 51483
0 51269
0 48475
0 49724
0 50226
0 51149
0 49229
0 50586
0 51893
0 47119
0 48314
0 51944
0 46326
0 49337
0 50247
0 47309
0 48053
0 46633
0 51495
0 48161
0 50840
0 50281
0 50236
0 46784
0 50887
0 49980
0 50625
0 49233
0 48893
0 49518
0 48094
0 51449
0 45131
0 50470
0 50580
0 50269
0 48259
0 49359
0 49987
0 48312
0 50088
0 48025
0 48080
0 49745
0 49767
0 51910
0 51410
0 49476
0 49543
0 50864
0 50691
0 47596
0 46911
0 50062
0 51925
0 51065
0 51196
0 48083
0 50380
0 48743
0 48006
0 52687
0 50308
0 51780
0 50401
0 49923
0 50424
0 47458
0 51007
0 49770
0 51332
0 50074
0 51760
0 49767
0 49816
0 49257
0 50389
0 47809
0 51341
0 50334
0 49382
0 47605
0 51027
0 50984
0 47017
0 49624
0 49530
0 51492
0 50931
0 49857
0 50594
0 49110
0 50375
0 49916
0 49357
0 49855
0 50413
0 48064
0 51380
0 46248
0 45938
0 50775
0 49770
0 50600
0 51641
0 47542
0 51699
0 49463
0 46372
0 48473
0 48458
0 49835
0 49135
0 49340
0 48938
0 50451
0 49363
0 47716
0 49969
0 48788
0 49084
0 50686
0 49028
0 49118
0 52021
0 50459
0 47630
0 49676
0 50522
0 50959
0 49756
0 49201
0 49073
0 49578
0 46887
0 50348
0 48416
0 49590
0 47466
0 50916
0 47479
0 52097
0 49373
0 50645
0 48743
0 51398
0 51146
0 51407
0 46522
0 51339
0 49747
0 51226
0 48408
0 49216
0 47410
0 50367
0 49015
0 51258
0 49779
0 49154
0 51861
0 48336
0 48842
0 50958
0 49831
0 47758
0 45618
0 49715
0 50174
0 49711
0 49597
0 51795
0 50636
0 49185
0 48103
0 50243
0 50624
0 46676
0 50026
0 49380
0 47741
0 46569
0 48567
0 48661
0 50617
0 47059
0 49682
0 48644
0 48984
0 49825
0 50040
0 50337
0 50297
0 50965
0 49830
0 51478
0 47881
0 50596
0 49767
0 47269
0 51368
0 48995
0 51873
0 50356
0 49215
0 48523
0 46384
0 49612
0 47879
0 48482
0 49541
0 47641
0 50944
0 48313
0 49649
0 46945
0 46449
0 47574
0 51143
0 51534
0 47738
0 49635
0 49404
0 49453
0 49044
0 46514
0 51390
0 51439
0 47934
0 48273
0 48070
0 50729
0 46413
0 48616
0 50415
0 51453
0 50985
0 50599
0 51162
0 49220
0 48921
0 50285
0 49009
0 49241
0 50048
0 51617
0 48441
0 48146
0 49786
0 51642
0 50777
0 50107
0 51576
0 50021
0 49087
0 46557
0 47853
0 50765
0 49884
0 50782
0 49385
0 49418
0 49565
0 48756
0 51490
0 49736
0 48979
0 47208
0 49285
0 50254
0 50130
0 47324
0 51229
0 49161
0 51016
0 49587
0 49169
0 50534
0 48814
0 47863
0 48219
0 51456
0 49162
0 50324
0 48385
0 51292
0 46918
0 50783
0 49083
0 48966
0 48822
0 48550
0 50245
0 44354
0 48427
0 50556
0 45082
0 50248
0 51310
0 49882
0 49767
0 49233
0 49794
0 50868
0 51733
0 48830
0 46257
0 48707
0 49042
0 49063
0 49021
0 48496
0 48841
0 48622
0 48792
0 52296
0 47896
0 50204
0 51841
0 49524
0 53490
0 46828
0 50282
0 50519
0 51270
0 49873
0 47360
0 47563
0 46283
0 49389
0 46578
0 50771
0 46448
0 50416
0 49104
0 48986
0 47426
0 47699
0 46674
0 50560
0 49692
0 49423
0 49339
0 49276
0 49998
0 50539
0 48986
0 48022
0 51774
0 50711
0 51076
0 51154
0 49252
0 50845
0 49339
0 48462
0 51276
0 46529
0 48770
0 48966
0 47895
0 50739
0 49547
0 50438
0 50537
0 49820
0 50233
0 49466
0 48876
0 49529
0 49152
0 47979
0 50520
0 50809
0 49495
0 48937
0 49245
0 48626
0 52387
0 51815
0 46921
0 48271
0 44319
0 49748
0 47995
0 47305
0 50812
0 49772
0 47717
0 51685
0 49572
0 47616
0 50185
0 51677
0 48717
0 49459
0 48096
0 49822
0 50902
0 50511
0 48040
0 48620
0 48883
0 46425
0 51837
0 48668
0 50510
0 48935
0 50326
0 51154
0 49162
0 49075
0 50689
0 45535
0 49195
0 50891
0 46775
0 50172
0 47872
0 50107
0 48019
0 49586
0 50472
0 48494
0 49647
0 51425
0 50474
0 49461
0 51008
0 46448
0 49331
0 50079
0 46545
0 50875
0 50897
0 48356
0 49701
0 49460
0 51374
0 48292
0 47482
0 48832
0 48456
0 47914
0 51917
0 48713
0 49553
0 51026
0 47284
0 47115
0 47203
0 50094
0 50634
0 48121
0 44008
0 47862
0 49402
0 49396
0 48650
0 51057
0 49258
0 49202
0 48452
0 51416
0 48004
0 48812
0 49111
0 50357
0 48443
0 50430
0 51136
0 49705
0 51562
0 47439
0 51240
0 51957
0 50651
0 50571
0 49666
0 50063
0 48197
0 50891
0 48543
0 48522
0 50880
0 48220
0 50802
0 50403
0 51163
0 47795
0 49046
0 47994
0 49655
0 51096
0 48624
0 50877
0 46244
0 52821
0 50200
0 50763
0 46824
0 48982
0 47670
0 49472
0 51849
0 49988
0 48929
0 51929
0 47544
0 44564
0 48705
0 51483
0 48411
0 52074
0 49929
0 44846
0 45594
0 47884
0 50078
0 49628
0 48383
0 52399
0 45853
0 50872
0 47738
0 50098
0 51161
0 49845
0 42738
0 47915
0 50319
0 51001
0 50470
0 45913
0 49336
0 50330
0 48166
0 51537
0 49963
0 48291
0 45861
0 48048
0 51182
0 45550
0 49471
0 51281
0 48471
0 51133
0 48554
0 48259
0 47843
0 49770
0 46108
0 50391
0 50836
0 46920
0 45747
0 47651
0 47243
0 49880
0 50659
0 49996
0 46717
0 50906
0 47601
0 48031
0 48427
0 49008
0 50395
0 48984
0 48497
0 49923
0 52067
0 46812
0 50509
0 50304
0 49265
0 47688
0 49095
0 51403
0 47288
0 47655
0 45306
0 46118
0 49969
0 49809
0 49682
0 49280
0 53127
0 51825
0 48179
0 50628
0 49681
0 48984
0 51324
0 49131
0 46730
0 47541
0 50930
0 50520
0 49529
0 49334
0 49649
0 49237
0 50596
0 49648
0 47838
0 51931
0 49611
0 48806
0 50045
0 49716
0 50165
0 49030
0 50127
0 51491
0 50240
0 47597
0 50683
0 49236
0 47008
0 48355
0 49622
0 50176
0 49657
0 44387
0 47183
0 49274
0 46552
0 49645
0 46776
0 50204
0 52107
0 50031
0 50941
0 51067
0 49904
0 50159
0 50665
0 49969
0 48959
0 49807
0 48777
0 51822
0 49812
0 51011
0 48652
0 48272
0 47741
0 48679
0 49527
0 49666
0 48537
0 47130
0 50165
0 48246
0 50396
0 51395
0 50110
0 50251
0 49168
0 51028
0 48486
0 46333
0 49666
0 50084
0 49786
0 52234
0 49812
0 48602
0 50539
0 49270
0 49717
0 48315
0 50076
0 48949
0 49466
0 52260
0 49252
0 50288
0 52006
0 51205
0 51531
0 49199
0 50908
0 51972
0 48267
0 48064
0 51526
0 49409
0 51047
0 49614
0 50507
0 50179
0 48633
0 49961
0 50043
0 50148
0 51698
0 48420
0 47130
0 51603
0 49481
0 49816
0 49848
0 48898
0 51384
0 49073
0 47631
0 51434
0 50686
0 50349
0 50676
0 49929
0 51732
0 50465
0 50734
0 48659
0 47099
0 49115
0 49362
0 46845
0 50825
0 47863
0 46966
0 52389
0 48149
0 48964
0 51482
0 50617
0 47361
0 51689
0 48126
0 49956
0 49932
0 48942
0 47652
0 50226
0 49673
0 51712
0 47528
0 50923
0 49780
0 48699
0 48676
0 50742
0 48177
0 50282
0 47481
0 50509
0 48446
0 48111
0 50737
0 50776
0 49347
0 51168
0 51246
0 50392
0 48621
0 50573
0 50340
0 50323
0 50465
0 46866
0 49447
0 48674
0 50579
0 52220
0 48575
0 49106
0 49013
0 49829
0 50057
0 49362
0 50318
0 51173
0 49915
0 50653
0 49723
0 46087
0 50181
0 50121
0 48575
0 52306
0 46342
0 50729
0 47510
0 49428
0 48117
0 50316
0 50642
0 49178
0 48457
0 50579
0 49832
0 43450
0 49315
0 51421
0 51793
0 50491
0 51603
0 49423
0 48731
0 50528
0 51094
0 48514
0 50295
0 50062
0 50621
0 48879
0 48283
0 49789
0 49057
0 49021
0 47971
0 48785
0 47080
0 48986
0 51595
0 44388
0 50426
0 49318
0 46927
0 51277
0 51624
0 46898
0 51023
0 49021
0 49290
0 49611
0 49503
0 46233
0 48022
0 49755
0 51952
0 46933
0 50436
0 49300
0 50961
0 51240
0 50750
0 48591
0 49424
0 50454
0 49280
0 49261
0 48675
0 51432
0 49115
0 50217
0 48648
0 47476
0 51004
0 49586
0 50828
0 48902
0 49192
0 52141
0 48397
0 46580
0 49489
0 48619
0 50491
0 50036
0 51640
0 47631
0 48701
0 50237
0 47903
0 48978
0 48918
0 49743
0 49710
0 50128
0 49743
0 48423
0 49022
0 48288
0 50624
0 50030
0 50903
0 50774
0 50494
0 48585
0 49625
0 48633
0 47397
0 51296
0 49266
0 50015
0 49010
0 47098
0 50047
0 49492
0 51195
0 49993
0 51090
0 49026
0 49274
0 50292
0 48870
0 52105
0 51052
0 52348
0 50042
0 51325
0 50089
0 52071
0 49081
0 46898
0 49901
0 46877
0 49678
0 48959
0 50344
0 49135
0 47972
0 49781
0 49946
0 45141
0 48710
0 49567
0 51464
0 48702
0 49348
0 51158
0 51026
0 51934
0 48770
0 47098
0 51252
0 50767
0 52110
0 48525
0 47580
0 50382
0 50516
0 49285
0 49629
0 49336
0 50124
0 49432
0 44438
0 51688
0 48516
0 49797
0 49835
0 49747
0 46747
0 46318
0 49524
0 47924
0 41606
0 47149
0 49630
0 51040
0 49563
0 49149
0 51492
0 52083
0 49392
0 48793
0 50307
0 49411
0 48978
0 48920
0 52225
0 46884
0 50757
0 49649
0 49818
0 49493
0 46686
0 48175
0 45846
0 50822
0 49602
0 47745
0 50953
0 50046
0 49737
0 48001
0 46658
0 49096
0 51340
0 47283
0 50048
0 46679
0 50250
0 49052
0 48484
0 47608
0 49177
0 48157
0 49381
0 50082
0 47809
0 49300
0 47450
0 48608
0 51891
0 48136
0 50473
0 47565
0 49648
0 51070
0 50267
0 49011
0 47672
0 51695
0 49473
0 49230
0 49715
0 48304
0 50030
0 49105
0 47338
0 49627
0 50181
0 50217
0 46820
0 52083
0 48986
0 48687
0 48508
0 47983
0 46568
0 49029
0 49386
0 48059
0 47803
0 49784
0 50752
0 48717
0 50967
0 49239
0 51077
0 47800
0 51520
0 49028
0 50340
0 50179
0 46426
0 52002
0 50568
0 49262
0 50296
0 48042
0 50503
0 49020
0 50714
0 51189
0 50789
0 49089
0 52237
0 50297
0 51377
0 46388
0 50107
0 50236
0 49805
0 50952
0 49179
0 49892
0 47730
0 50842
0 48048
0 48140
0 49318
0 49517
0 51589
0 47995
0 48860
0 50737
0 47251
0 51229
0 51391
0 50541
0 48860
0 51518
0 48412
0 50450
0 51825
0 47135
0 51805
0 48784
0 51424
0 46644
0 48473
0 48250
0 50237
0 52690
0 48912
0 46769
0 48850
0 48360
0 49028
0 50163
0 49717
0 50621
0 49034
0 47682
0 51146
0 49391
0 47626
0 49221
0 50561
0 48199
0 46676
0 49593
0 50063
0 49940
0 49073
0 49254
0 51616
0 49847
0 50371
0 49123
0 51717
0 44429
0 48395
0 49717
0 45971
0 51360
0 49710
0 48927
0 49003
0 50994
0 51616
0 46942
0 48494
0 48620
0 51545
0 48948
0 49370
0 50604
0 49152
0 48209
0 47725
0 50666
0 49124
0 52040
0 49240
0 47708
0 49716
0 49990
0 50276
0 48465
0 49682
0 50177
0 46778
0 51077
0 50376
0 49089
0 51126
0 51459
0 50604
0 49034
0 51769
0 50550
0 48765
0 49230
0 48978
0 49182
0 50537
0 49162
0 45769
0 46199
0 50066
0 49866
0 52266
0 47745
0 49950
0 51376
0 49313
0 48422
0 51725
0 51472
0 48733
0 49646
0 50682
0 53248
0 49089
0 49703
0 51017
0 51686
0 52304
0 48009
0 50065
0 49636
0 49595
0 49659
0 47890
0 51264
0 50723
0 51027
0 51555
0 49331
0 47186
0 49237
0 50341
0 51542
0 50989
0 50938
0 48359
0 50126
0 51487
0 50044
0 48377
0 48684
0 45094
0 49962
0 47886
0 47783
0 51373
0 50144
0 50008
0 47740
0 46604
0 50925
0 50020
0 50761
0 49337
0 48145
0 52030
0 48048
0 48660
0 46848
0 49145
0 51207
0 47577
0 48902
0 49907
0 49456
0 47138
0 50790
0 48606
0 50278
0 50193
0 47212
0 50580
0 48414
0 47313
0 51082
0 51367
0 50004
0 49417
0 51461
0 50474
0 47041
0 50060
0 50708
0 46696
0 50677
0 48655
0 45248
0 48666
0 50179
0 49452
0 50357
0 50663
0 50425
0 50021
0 47679
0 48363
0 51042
0 50423
0 50925
0 51769
0 49553
0 46969
0 50173
0 49956
0 49828
0 47360
0 50011
0 50712
0 52835
0 48344
0 49876
0 48972
0 49263
0 49822
0 46521
0 50769
0 51431
0 50930
0 46751
0 50175
0 49994
0 49682
0 50727
0 47882
0 49083
0 48962
0 48459
0 51519
0 49309
0 50058
0 47584
0 49799
0 49228
0 50325
0 47554
0 49944
0 51687
0 49417
0 50681
0 50877
0 49170
0 50262
0 50674
0 51503
0 50499
0 51440
0 50969
0 46531
0 48044
0 47026
0 49618
0 50846
0 49599
0 51938
0 50425
0 46247
0 48277
0 48226
0 51352
0 50365
0 47766
0 48305
0 49318
0 47619
0 50665
0 51701
0 50161
0 50481
0 47339
0 47648
0 48943
0 47211
0 51625
0 48088
0 50704
0 49844
0 47568
0 50374
0 49701
0 48621
0 48293
0 48571
0 48600
0 51734
0 51111
0 50673
0 49099
0 47600
0 48297
0 51018
0 51328
0 51262
0 49509
0 46209
0 51330
0 50566
0 48130
0 46384
0 50098
0 48740
0 50969
0 50535
0 49243
0 48296
0 49267
0 48436
0 51777
0 51263
0 49799
0 48867
0 50142
0 50142
0 50098
0 49811
0 49415
0 48881
0 45839
0 47693
0 50497
0 49713
0 51503
0 47440
0 50909
0 50397
0 50169
0 51215
0 50253
0 50318
0 49218
0 45797
0 49857
0 50997
0 48379
0 50573
0 49914
0 49217
0 48317
0 49174
0 50158
0 47807
0 48911
0 48662
0 49559
0 46165
0 49245
0 50062
0 45240
0 47577
0 49131
0 48103
0 50131
0 49376
0 50859
0 50340
0 45885
0 47960
0 50599
0 49515
0 46446
0 50107
0 50202
0 47107
0 49391
0 45597
0 48692
0 48026
0 51510
0 44448
0 46798
0 50765
0 47627
0 50555
0 50451
0 48003
0 49197
0 48204
0 50052
0 48726
0 51460
0 50391
0 48624
0 51100
0 50578
0 47654
0 50003
0 50769
0 48594
0 50366
0 51680
0 50004
0 49885
0 50194
0 48092
0 47928
0 50174
0 49015
0 50208
0 51943
0 48275
0 46912
0 48593
0 49670
0 51005
0 50591
0 52076
0 50359
0 50686
0 47699
0 49613
0 50968
0 50721
0 47340
0 50328
0 49881
0 50185
0 49677
0 50982
0 48785
0 48530
0 49324
0 50707
0 49913
0 49568
0 50711
0 48135
0 49005
0 48936
0 50121
0 48980
0 50173
0 49893
0 50103
0 47358
0 50808
0 48989
0 48187
0 47878
0 48492
0 50772
0 49948
0 47489
0 47163
0 47664
0 50754
0 51946
0 48834
0 48770
0 50958
0 48196
0 49145
0 49029
0 49272
0 49303
0 47640
0 50985
0 47914
0 49084
0 51292
0 49373
0 47481
0 49426
0 51518
0 51299
0 47362
0 48709
0 49207
0 52703
0 50165
0 50814
0 48616
0 45430
0 49032
0 47731
0 52207
0 49791
0 47514
0 48808
0 50457
0 50390
0 47608
0 49587
0 48393
0 48956
0 48460
0 48663
0 49163
0 46813
0 49482
0 50640
0 47097
0 50524
0 49392
0 48314
0 50841
0 45871
0 51824
0 47934
0 49874
0 50142
0 49265
0 50356
0 53473
0 50958
0 49471
0 48413
0 49939
0 45821
0 47823
0 49316
0 48245
0 47799
0 49738
0 50610
0 51240
0 50756
0 49065
0 49917
0 50599
0 51008
0 48573
0 52062
0 51298
0 50272
0 49692
0 52555
0 50289
0 50469
0 48435
0 48068
0 47903
0 46791
0 48108
0 49039
0 51070
0 51241
0 47509
0 47374
0 47211
0 47616
0 49917
0 49288
0 49363
0 51949
0 47999
0 51244
0 51839
0 49157
0 50570
0 52158
0 48492
0 49850
0 50258
0 48575
0 50271
0 46432
0 49876
0 50511
0 49893
0 51551
0 50262
0 49068
0 50454
0 48109
0 51047
0 50321
0 52305
0 46419
0 49508
0 50833
0 51396
0 48914
0 50652
0 48481
0 49825
0 47246
0 47934
0 48689
0 47161
0 52068
0 49390
0 49914
0 52243
0 49938
0 50052
0 50092
0 49524
0 49347
0 50898
0 51720
0 51219
0 50689
0 50540
0 50287
0 48826
0 48923
0 49470
0 50257
0 49895
0 49173
0 51308
0 49554
0 49357
0 49395
0 51727
0 50652
0 46105
0 49565
0 51077
0 49017
0 50051
0 51593
0 47301
0 50118
0 49109
0 49632
0 49290
0 47649
0 49253
0 47478
0 50598
0 50680
0 47636
0 49237
0 48477
0 50235
0 46105
0 49225
0 51299
0 46278
0 47545
0 50766
0 49972
0 50962
0 51001
0 49203
0 50237
0 49105
0 52555
0 48948
0 49820
0 50296
0 44209
0 48693
0 50644
0 50695
0 51715
0 48708
0 50155
0 50014
0 48340
0 48686
0 51260
0 50085
0 49040
0 49550
0 49808
0 51240
0 48089
0 50285
0 49869
0 50785
0 50577
0 52548
0 49607
0 50548
0 47808
0 48272
0 49277
0 50506
0 48850
0 48723
0 48863
0 47548
0 49171
0 50523
0 51102
0 46428
0 48875
0 46661
0 49585
0 50231
0 49942
0 50188
0 50425
0 48802
0 49540
0 46593
0 48264
0 51534
0 48621
0 49116
0 49150
0 45270
0 49725
0 48970
0 50359
0 50868
0 50643
0 50062
0 50389
0 46452
0 49966
0 49947
0 49692
0 48739
0 51195
0 47741
0 48662
0 50246
0 45656
0 48232
0 48721
0 42407
0 51982
0 48443
0 44621
0 49015
0 49348
0 48975
0 49256
0 50169
0 50940
0 47954
0 49500
0 50044
0 49819
0 51058
0 48289
0 51489
0 50619
0 50119
0 51370
0 49028
0 50033
0 49584
0 48723
0 49260
0 49376
0 49757
0 51064
0 48159
0 48945
0 50862
0 48027
0 48009
0 50471
0 50583
0 50459
0 49648
0 49537
0 47296
0 48241
0 49245
0 46527
0 49715
0 47261
0 49735
0 50231
0 47328
0 47073
0 46338
0 49572
0 49007
0 50116
0 48811
0 48679
0 49618
0 51265
0 49989
0 48833
0 51627
0 46391
0 49147
0 49023
0 50342
0 46544
0 48288
0 50304
0 49596
0 50380
0 49193
0 45516
0 50177
0 49897
0 50297
0 48109
0 49755
0 50525
0 50665
0 50743
0 49894
0 48289
0 49501
0 50409
0 49368
0 47898
0 47720
0 51153
0 49401
0 49111
0 48481
0 50454
0 49060
0 48022
0 50173
0 50057
0 50479
0 52952
0 51680
0 50635
0 51359
0 51372
0 48277
0 48120
0 49959
0 48906
0 47775
0 48970
0 51180
0 49567
0 51097
0 48871
0 51142
0 48016
0 49145
0 48652
0 49177
0 50401
0 47631
0 48861
0 50317
0 50027
0 49519
0 49022
0 48239
0 50339
0 50721
0 50670
0 48632
0 47839
0 51251
0 51504
0 44749
0 49363
0 49296
0 51228
0 51039
0 52192
0 50328
0 49949
0 49225
0 48775
0 47658
0 49969
0 47262
0 48350
0 50447
0 49805
0 50634
0 49973
0 48428
0 47432
0 50885
0 50525
0 49911
0 44187
0 52199
0 51114
0 49898
0 49189
0 50352
0 48690
0 49492
0 48850
0 50328
0 50780
0 51945
0 50861
0 49463
0 51735
0 47685
0 51472
0 47898
0 50816
0 50326
0 46873
0 50506
0 52424
0 46997
0 48706
0 50368
0 48475
0 50237
0 46739
0 50147
0 46640
0 50566
0 50109
0 49765
0 49748
0 46779
0 49981
0 49111
0 50240
0 48609
0 51841
0 47949
0 50735
0 48767
0 46755
0 49027
0 51043
0 49395
0 48767
0 48459
0 48934
0 47760
0 46541
0 49768
0 50443
0 48812
0 52141
0 51324
0 46664
0 50905
0 51174
0 51956
0 50054
0 48674
0 48596
0 48347
0 49176
0 49726
0 49521
0 50845
0 50302
0 48070
0 51604
0 48235
0 46315
0 50796
0 49096
0 48274
0 51144
0 49615
0 49339
0 47774
0 50689
0 49076
0 50422
0 49674
0 52091
0 50717
0 49778
0 49892
0 50469
0 50787
0 51464
0 51306
0 49227
0 47647
0 50108
0 49056
0 50136
0 46784
0 48762
0 49443
0 52242
0 48646
0 51160
0 48899
0 49018
0 50259
0 52768
0 48086
0 49857
0 50562
0 47692
0 49200
0 46373
0 49587
0 49528
0 50229
0 45760
0 48050
0 50255
0 49871
0 48443
0 49446
0 45239
0 49045
0 49519
0 50714
0 50329
0 47957
0 49789
0 48458
0 47629
0 49283
0 46932
0 49671
0 48622
0 46490
0 50190
0 49438
0 48356
0 50410
0 48385
0 50030
0 51195
0 50898
0 48536
0 49805
0 46899
0 48690
0 50496
0 51751
0 49030
0 50170
0 45183
0 49564
0 50008
0 50486
0 49966
0 49031
0 48370
0 49103
0 49660
0 49233
0 50094
0 48687
0 49907
0 49992
0 48416
0 47888
0 50299
0 45998
0 51595
0 50469
0 48796
0 49312
0 47584
0 50753
0 47276
0 50554
0 48897
0 49753
0 50455
0 48161
0 48295
0 48602
0 50255
0 51522
0 48799
0 47462
0 44460
0 46603
0 50552
0 46601
0 49045
0 51400
0 48680
0 46322
0 47080
0 50216
0 50827
0 51839
0 51601
0 49338
0 50421
0 49127
0 48978
0 46630
0 50146
0 50539
0 48575
0 51641
0 47314
0 48285
0 48833
0 48855
0 49268
0 50540
0 51030
0 50042
0 47558
0 49901
0 50019
0 48445
0 48721
0 51430
0 49351
0 52004
0 46976
0 50312
0 50527
0 44630
0 48239
0 50444
0 47198
0 45102
0 48659
0 49039
0 49110
0 49157
0 50082
0 48920
0 45953
0 50797
0 48324
0 50471
0 48482
0 50790
0 47610
0 50914
0 49771
0 50131
0 50228
0 50583
0 46449
0 49719
0 49560
0 52145
0 49909
0 47423
0 50938
0 49426
0 50548
0 46150
0 48527
0 48303
0 48821
0 51145
0 48205
0 48845
0 51752
0 47761
0 48588
0 50858
0 49710
0 50521
0 49142
0 48785
0 50484
0 47653
0 46267
0 51009
0 46894
0 48325
0 50934
0 49943
0 47564
0 46257
0 50328
0 49229
0 51737
0 50418
0 49763
0 49846
0 51745
0 51304
0 52002
0 48288
0 50353
0 51153
0 47842
0 47969
0 50203
0 49799
0 50203
0 50137
0 49673
0 51144
0 48766
0 49246
0 49350
0 52133
0 50695
0 48174
0 50361
0 48750
0 47833
0 48661
0 49889
0 47421
0 47837
0 49896
0 49391
0 51838
0 50450
0 49930
0 44867
0 49525
0 46656
0 51086
0 51472
0 48784
0 44755
0 51033
0 49960
0 51767
0 50406
0 47932
0 50695
0 49156
0 50495
0 48516
0 48699
0 49949
0 48700
0 48804
0 51697
0 51822
0 48862
0 50358
0 49502
0 49552
0 50110
0 48342
0 47111
0 50685
0 52190
0 45649
0 49239
0 49621
0 50000
0 50454
0 49692
0 48393
0 47900
0 48243
0 49503
0 49817
0 49094
0 48703
0 47272
0 48861
0 49973
0 47128
0 47980
0 46075
0 48928
0 49997
0 49704
0 49726
0 46297
0 46997
0 48246
0 50451
0 48195
0 49302
0 49060
0 50961
0 51111
0 49599
0 49320
0 50446
0 49420
0 47404
0 48614
0 50021
0 50948
0 49679
0 46504
0 50919
0 49692
0 49162
0 50202
0 48669
0 49478
0 47255
0 50483
0 51242
0 48078
0 48774
0 48117
0 48022
0 49339
0 50655
0 42202
0 51717
0 51170
0 50935
0 49203
0 51501
0 49119
0 50043
0 46548
0 50418
0 52129
0 49368
0 48616
0 50544
0 46236
0 49516
0 47899
0 51184
0 49196
0 47138
0 49059
0 49363
0 49636
0 49549
0 49804
0 49972
0 47847
0 50324
0 46944
0 47818
0 50571
0 47701
0 51158
0 51942
0 47196
0 48839
0 49325
0 48933
0 51700
0 47498
0 52085
0 50462
0 50110
0 49953
0 50417
0 49875
0 52503
0 49326
0 49863
0 48036
0 48372
0 48654
0 51051
0 47020
0 50316
0 51431
0 51022
0 49042
0 52070
0 48552
0 51278
0 49718
0 50525
0 52927
0 49899
0 48867
0 50183
0 51337
0 49089
0 51003
0 49061
0 49089
0 48731
0 50481
0 47707
0 49034
0 50708
0 48964
0 49654
0 49360
0 46824
0 48142
0 51418
0 48786
0 43988
0 47618
0 50977
0 47583
0 49418
0 49343
0 48621
0 48943
0 49900
0 50155
0 49224
0 49090
0 48791
0 50778
0 50358
0 49142
0 50668
0 50323
0 48701
0 51361
0 50470
0 47799
0 48582
0 47463
0 48542
0 49258
0 47636
0 50328
0 50963
0 47621
0 50602
0 50371
0 51304
0 46828
0 49709
0 48449
0 50537
0 49983
0 49586
0 48037
0 49146
0 50186
0 48548
0 49092
0 49274
0 50029
0 49525
0 48140
0 49054
0 47551
0 51979
0 48787
0 51708
0 49289
0 49643
0 48348
0 47577
0 49374
0 51359
0 51687
0 48672
0 48094
0 51303
0 49993
0 51005
0 48981
0 48756
0 48448
0 46463
0 50095
0 50172
0 48374
0 48531
0 50167
0 49929
0 50436
0 51029
0 48647
0 47096
0 49186
0 48882
0 51616
0 50452
0 48459
0 49466
0 47858
0 48670
0 49456
0 50194
0 51262
0 49304
0 50696
0 50723
0 48162
0 50233
0 50258
0 51438
0 47121
0 49393
0 50434
0 49647
0 48700
0 50861
0 51591
0 51323
0 50336
0 51243
0 50049
0 48593
0 49290
0 49894
0 51379
0 49423
0 49015
0 52083
0 47627
0 51808
0 48803
0 50668
0 47271
0 47529
0 47782
0 52128
0 49971
0 50593
0 48585
0 50839
0 48992
0 49897
0 48441
0 50269
0 49089
0 46606
0 48165
0 48371
0 48100
0 51283
0 48076
0 50378
0 47988
0 49816
0 49171
0 45866
0 52140
0 50028
0 49608
0 51842
0 48564
0 50285
0 50492
0 50566
0 49854
0 51528
0 46022
0 49421
0 47288
0 49447
0 46846
0 47244
0 50492
0 47759
0 50154
0 52083
0 48121
0 48487
0 49495
0 48535
0 51124
0 49400
0 49159
0 50610
0 51658
0 48672
0 49932
0 51446
0 48881
0 46165
0 48182
0 51348
0 50978
0 48480
0 49476
0 48201
0 51717
0 49714
0 49331
0 50584
0 50091
0 46673
0 51314
0 50572
0 49100
0 48062
0 50802
0 50120
0 49779
0 51419
0 50240
0 46827
0 49545
0 49849
0 50993
0 52614
0 47993
0 50846
0 50375
0 49959
0 49839
0 50587
0 50156
0 50029
0 48015
0 49323
0 45465
0 48856
0 50349
0 47050
0 49538
0 48395
0 51340
0 49294
0 50637
0 50847
0 50222
0 49685
0 50518
0 48524
0 49718
0 47337
0 47676
0 50702
0 48611
0 50571
0 49637
0 50650
0 51047
0 49969
0 48792
0 50741
0 49855
0 46138
0 50187
0 50159
0 49291
0 49831
0 48772
0 50849
0 50086
0 49182
0 51059
0 45604
0 48992
0 51550
0 47604
0 51090
0 48960
0 49801
0 49658
0 48010
0 51631
0 48533
0 49347
0 50145
0 49532
0 47940
0 49478
0 44481
0 51066
0 49608
0 50792
0 47464
0 49833
0 50257
0 50905
0 45437
0 47280
0 46166
0 48848
0 48519
0 50295
0 51006
0 50688
0 49164
0 49081
0 53010
0 47857
0 50560
0 49305
0 50719
0 49330
0 47381
0 48482
0 50735
0 50022
0 49002
0 50562
0 47573
0 50284
0 50403
0 50998
0 50141
0 50323
0 50067
0 50024
0 47870
0 48657
0 49106
0 51185
0 47253
0 46406
0 48485
0 49161
0 49088
0 47926
0 49650
0 51464
0 50947
0 49612
0 49830
0 49696
0 50471
0 50750
0 52023
0 46230
0 51555
0 46791
0 47698
0 51211
0 52612
0 44845
0 51391
0 50376
0 49684
0 49860
0 49663
0 48411
0 49622
0 48269
0 49867
0 49748
0 50299
0 48427
0 51129
0 46906
0 49454
0 49864
0 49581
0 45974
0 50918
0 50873
0 50440
0 48189
0 49795
0 49272
0 48663
0 48956
0 50116
0 46978
0 49458
0 49975
0 50903
0 47535
0 50370
0 45541
0 49731
0 49929
0 49062
0 49054
0 49278
0 48966
0 51257
0 51676
0 49521
0 49864
0 49946
0 45185
0 49213
0 49243
0 48389
0 48476
0 50044
0 50472
0 50624
0 49649
0 51437
0 52711
0 49033
0 51494
0 50082
0 50802
0 50597
0 49615
0 48739
0 50372
0 49814
0 51295
0 49852
0 49716
0 50172
0 49734
0 50088
0 48360
0 51495
0 50482
0 51236
0 50882
0 47487
0 49483
0 49650
0 48769
0 49948
0 50061
0 48989
0 49168
0 50617
0 49077
0 48880
0 49354
0 48885
0 49832
0 49608
0 50498
0 50415
0 49225
0 49769
0 49866
0 50562
0 50639
0 51037
0 47103
0 50938
0 49100
0 51734
0 46209
0 49539
0 47035
0 47287
0 47888
0 49925
0 46447
0 51153
0 48211
0 50100
0 48852
0 48534
0 50063
0 48721
0 52495
0 48660
0 50205
0 49641
0 48818
0 48417
0 51456
0 51780
0 50342
0 51255
0 45743
0 50768
0 50192
0 48622
0 49556
0 51064
0 51304
0 49333
0 49591
0 50639
0 49497
0 49370
0 48084
0 52654
0 48177
0 48690
0 49939
0 49484
0 49897
0 51017
0 49891
0 51665
0 48951
0 51172
0 50531
0 50191
0 49262
0 50884
0 49730
0 47544
0 49477
0 51222
0 49378
0 51016
0 51939
0 50706
0 51520
0 51601
0 50057
0 47992
0 49010
0 49122
0 49423
0 52116
0 50799
0 49490
0 50591
0 48214
0 51952
0 51552
0 46731
0 49620
0 50125
0 50779
0 49149
0 49015
0 51037
0 48700
0 48291
0 51184
0 51731
0 46003
0 47072
0 50271
0 49838
0 50073
0 50679
0 51209
0 50771
0 47645
0 49989
0 47656
0 48151
0 48206
0 50923
0 50344
0 50428
0 50680
0 47987
0 46843
0 49841
0 49047
0 49251
0 47780
0 51123
0 50599
0 45140
0 51331
0 50310
0 48414
0 46737
0 48986
0 50400
0 50471
0 46593
0 47398
0 50012
0 50307
0 50624
0 48569
0 51043
0 48366
0 48611
0 50237
0 52646
0 48651
0 49824
0 48306
0 48391
0 51549
0 50703
0 51132
0 47929
0 49394
0 48269
0 45593
0 50017
0 48215
0 50232
0 49199
0 48952
0 47885
0 47538
0 47173
0 50293
0 49929
0 50399
0 48638
0 50628
0 48916
0 50362
0 52871
0 50264
0 49535
0 50189
0 47187
0 49680
0 49348
0 46830
0 49092
0 49663
0 49160
0 50128
0 48077
0 46735
0 51450
0 46722
0 49906
0 46784
0 47263
0 50147
0 43805
0 46810
0 49017
0 49455
0 48217
0 48635
0 50776
0 52240
0 51353
0 47876
0 50288
0 51268
0 51301
0 47712
0 49891
0 50649
0 49720
0 50274
0 49222
0 48553
0 46533
0 47917
0 50110
0 50322
0 46156
0 49839
0 49389
0 49729
0 50901
0 47610
0 52174
0 48107
0 48850
0 47115
0 48352
0 48001
0 49785
0 49870
0 48311
0 49929
0 49239
0 51770
0 50262
0 49630
0 49956
0 45623
0 48949
0 48321
0 49606
0 51218
0 50882
0 45476
0 45874
0 48938
0 50975
0 49897
0 50854
0 48720
0 51226
0 47667
0 49498
0 49412
0 51151
0 50758
0 48749
0 51732
0 50227
0 50110
0 49192
0 52642
0 48106
0 47339
0 49741
0 48915
0 47960
0 50041
0 49032
0 50724
0 48457
0 50191
0 52445
0 51309
0 50914
0 50009
0 48775
0 48048
0 49312
0 49614
0 49100
0 49332
0 49777
0 50592
0 47644
0 49177
0 50466
0 50615
0 48282
0 49782
0 48427
0 48928
0 49714
0 51708
0 49636
0 48620
0 51203
0 49699
0 49629
0 50268
0 49857
0 48347
0 49857
0 47371
0 46407
0 48964
0 47826
0 49560
0 48348
0 48565
0 51160
0 50874
0 48380
0 50968
0 48737
0 50886
0 49710
0 47726
0 50903
0 51702
0 50422
0 49941
0 49673
0 48816
0 50618
0 50058
0 49205
0 47701
0 45662
0 46469
0 50162
0 47590
0 51017
0 49023
0 51135
0 49944
0 47414
0 50552
0 48585
0 48551
0 51866
0 49732
0 47406
0 46566
0 49670
0 49185
0 49344
0 48187
0 48739
0 48080
0 51627
0 50406
0 50241
0 51011
0 47000
0 51046
0 45716
0 49056
0 48276
0 51055
0 49649
0 50451
0 48847
0 48259
0 48985
0 49622
0 47217
0 50489
0 48346
0 48563
0 48047
0 51653
0 49477
0 50989
0 48604
0 50514
0 49881
0 47971
0 49675
0 51251
0 48959
0 50220
0 51095
0 49272
0 47090
0 48255
0 48899
0 49765
0 47985
0 50229
0 50562
0 49952
0 52093
0 49596
0 47814
0 50580
0 51683
0 47600
0 49770
0 49854
0 49749
0 50023
0 48949
0 50619
0 51963
0 52744
0 49990
0 49868
0 50361
0 50882
0 51436
0 48981
0 48439
0 49956
0 50184
0 48502
0 49544
0 50221
0 49472
0 51972
0 48724
0 48617
0 51073
0 51110
0 43381
0 48402
0 51993
0 50546
0 48243
0 48978
0 51264
0 50293
0 51289
0 47759
0 50949
0 50309
0 49758
0 48994
0 46242
0 46286
0 47860
0 49277
0 48853
0 49978
0 48538
0 50166
0 47997
0 50868
0 51495
0 49551
0 48981
0 48130
0 49050
0 49303
0 49703
0 51363
0 50650
0 44019
0 50004
0 51497
0 48710
0 50463
0 47688
0 49680
0 47327
0 47801
0 50175
0 48072
0 52412
0 49233
0 50946
0 51739
0 50298
0 50148
0 48987
0 51475
0 49639
0 49307
0 51081
0 48142
0 50253
0 48923
0 49437
0 50666
0 46465
0 51527
0 47513
0 47563
0 50121
0 50263
0 50507
0 50466
0 49640
0 52217
0 50080
0 51239
0 48538
0 51544
0 49775
0 48050
0 45428
0 51725
0 48448
0 50059
0 48131
0 51621
0 48053
0 51270
0 52169
0 49506
0 47862
0 50407
0 49718
0 50710
0 50065
0 48588
0 48371
0 51883
0 48916
0 46431
0 50836
0 48085
0 49184
0 47375
0 49962
0 48357
0 50282
0 50811
0 47939
0 48475
0 48168
0 47599
0 47808
0 49476
0 48348
0 51196
0 48470
0 49256
0 51727
0 48330
0 50819
0 51093
0 50437
0 49808
0 46979
0 49417
0 48738
0 51043
0 50206
0 50045
0 51794
0 51295
0 48805
0 49008
0 50341
0 50890
0 48612
0 46962
0 50724
0 47451
0 52757
0 46641
0 50952
0 49246
0 51574
0 50418
0 47422
0 50710
0 49473
0 48944
0 51829
0 51871
0 49431
0 48563
0 48847
0 47598
0 48019
0 49127
0 50484
0 50510
0 49691
0 49012
0 48662
0 47900
0 48519
0 50116
0 50415
0 48710
0 51088
0 48036
0 48087
0 50406
0 49610
0 47899
0 50914
0 48325
0 49734
0 47286
0 49221
0 45261
0 50673
0 47662
0 49300
0 47764
0 48261
0 51233
0 51454
0 49439
0 49578
0 49562
0 48712
0 47562
0 50790
0 47753
0 51225
0 50400
0 51124
0 46107
0 49796
0 48959
0 51344
0 50283
0 44802
0 48656
0 48270
0 49635
0 48676
0 51440
0 49650
0 48611
0 43417
0 50544
0 48561
0 51877
0 49351
0 50059
0 51212
0 46686
0 48404
0 47481
0 48418
0 50542
0 49329
0 47904
0 49379
0 51289
0 47554
0 48673
0 50774
0 47235
0 50036
0 47977
0 46425
0 51963
0 49317
0 45567
0 44756
0 50849
0 49568
0 48354
0 48274
0 48656
0 49067
0 47966
0 50300
0 51504
0 49153
0 51448
0 52133
0 49108
0 49874
0 48725
0 47733
0 49289
0 49016
0 50480
0 52497
0 51364
0 49608
0 50277
0 47774
0 51114
0 50432
0 48272
0 49858
0 51386
0 48444
0 51525
0 51550
0 49969
0 50737
0 49997
0 48899
0 49739
0 48950
0 47805
0 50378
0 50399
0 47660
0 52342
0 50024
0 47445
0 48442
0 49392
0 51593
0 48726
0 48586
0 48184
0 49700
0 51161
