# SA for random K-SAT
# K = 3   N = 256   M = 896   seed = 117487202
# alpha = 3.500000   nIter = 2048  Tmax = 0.200000
# 1:lowestUnsat  2:runTime
0 23
0 19
0 81
0 53
0 15
0 30
0 13
0 13
0 19
0 14
0 9
0 44
0 41
0 18
0 14
0 52
0 42
0 35
0 38
0 13
0 31
0 22
0 18
0 33
0 25
0 21
0 47
0 24
0 15
0 19
0 22
0 6
0 8
0 5
0 12
0 28
0 25
0 13
0 61
0 23
0 23
0 21
0 25
0 23
0 11
0 20
0 47
0 11
0 66
0 8
0 9
0 22
0 8
0 58
0 9
0 27
0 20
0 28
0 11
0 28
0 49
0 12
0 109
0 14
0 19
0 23
0 37
0 9
0 73
0 15
0 24
0 10
0 60
0 18
0 49
0 22
0 6
0 61
0 22
0 25
0 9
0 57
0 39
0 56
0 46
0 10
0 21
0 18
0 18
0 74
0 86
0 25
0 32
0 25
0 164
0 124
0 16
0 30
0 53
0 25
0 51
0 49
0 69
0 29
0 60
0 24
0 47
0 17
0 128
0 29
0 49
0 16
0 23
0 28
0 42
0 56
0 19
0 12
0 29
0 25
0 19
0 89
0 20
0 60
0 22
0 25
0 11
0 13
0 142
0 25
0 13
0 8
0 33
0 47
0 63
0 265
0 44
0 134
0 11
0 51
0 11
0 45
0 47
0 9
0 45
0 278
0 32
0 80
0 71
0 26
0 14
0 38
0 11
0 8
0 21
0 21
0 7
0 36
0 94
0 12
0 44
0 10
0 64
0 38
0 25
0 64
0 88
0 60
0 17
0 161
0 39
0 28
0 42
0 19
0 10
0 24
0 17
0 14
0 13
0 47
0 50
0 79
0 34
0 32
0 24
0 10
0 31
0 107
0 17
0 6
0 87
0 63
0 60
0 40
0 20
0 9
0 25
0 11
0 112
0 17
0 28
0 17
0 16
0 9
0 24
0 15
0 37
0 14
0 20
0 17
0 29
0 18
0 40
0 22
0 40
0 9
0 15
0 16
0 19
0 8
0 16
0 41
0 22
0 12
0 54
0 25
0 71
0 41
0 9
0 12
0 29
0 11
0 75
0 7
0 58
0 53
0 20
0 21
0 19
0 25
0 81
0 52
0 26
0 15
0 24
0 63
0 31
0 12
0 69
0 21
0 75
0 27
0 41
0 20
0 32
0 71
0 21
0 37
0 53
0 14
0 10
0 27
0 63
0 25
0 70
0 25
0 47
0 34
0 13
0 76
0 14
0 14
0 44
0 59
0 57
0 31
0 45
0 24
0 25
0 45
0 31
0 24
0 21
0 81
0 20
0 19
0 10
0 15
0 100
0 14
0 47
0 373
0 23
0 71
0 18
0 9
0 12
0 26
0 7
0 7
0 35
0 16
0 33
0 27
0 20
0 12
0 52
0 62
0 10
0 16
0 20
0 26
0 26
0 40
0 31
0 48
0 25
0 7
0 12
0 23
0 8
0 21
0 29
0 94
0 21
0 69
0 55
0 10
0 36
0 34
0 49
0 34
0 33
0 20
0 18
0 21
0 16
0 11
0 14
0 194
0 25
0 56
0 47
0 12
0 16
0 84
0 11
0 58
0 75
0 75
0 51
0 74
0 10
0 23
0 29
0 52
0 200
0 23
0 43
0 12
0 74
0 16
0 12
0 41
0 38
0 17
0 23
0 16
0 23
0 22
0 19
0 23
0 7
0 69
0 29
0 12
0 19
0 8
0 8
0 34
0 18
0 59
0 21
0 15
0 16
0 27
0 11
0 32
0 23
0 10
0 94
0 13
0 64
0 18
0 29
0 11
0 29
0 100
0 74
0 57
0 13
0 14
0 4
0 16
0 21
0 35
0 17
0 69
0 183
0 14
0 74
0 10
0 30
0 33
0 62
0 13
0 46
0 18
0 36
0 12
0 40
0 110
0 65
0 24
0 129
0 29
0 23
0 55
0 8
0 33
0 14
0 30
0 32
0 54
0 338
0 29
0 57
0 38
0 15
0 100
0 25
0 10
0 19
0 44
0 81
0 10
0 35
0 30
0 24
0 23
0 68
0 26
0 10
0 13
0 44
0 29
0 80
0 64
0 80
0 41
0 12
0 39
0 71
0 63
0 25
0 8
0 69
0 17
0 22
0 92
0 70
0 23
0 16
0 7
0 29
0 23
0 20
0 12
0 88
0 24
0 11
0 10
0 26
0 19
0 109
0 42
0 11
0 43
0 15
0 22
0 30
0 16
0 16
0 18
0 7
0 80
0 75
0 15
0 8
0 7
0 24
0 32
0 49
0 33
0 85
0 22
0 17
0 17
0 22
0 19
0 22
0 22
0 13
0 57
0 6
0 110
0 24
0 8
0 27
0 159
0 7
0 30
0 11
0 42
0 19
0 8
0 32
0 122
0 5
0 27
0 38
0 38
0 40
0 16
0 32
0 23
0 18
0 9
0 29
0 59
0 95
0 147
0 21
0 15
0 191
0 9
0 44
0 19
0 126
0 13
0 21
0 39
0 30
0 33
0 75
0 28
0 6
0 58
0 11
0 23
0 99
0 15
0 22
0 10
0 80
0 32
0 12
0 98
0 35
0 6
0 135
0 8
0 18
0 21
0 25
0 6
0 71
0 11
0 56
0 56
0 5
0 20
0 27
0 54
0 39
0 89
0 8
0 40
0 79
0 74
0 10
0 12
0 12
0 48
0 28
0 68
0 9
0 17
0 11
0 48
0 121
0 9
0 16
0 26
0 63
0 14
0 45
0 11
0 50
0 9
0 21
0 47
0 23
0 11
0 12
0 31
0 23
0 58
0 67
0 43
0 29
0 47
0 16
0 13
0 72
0 29
0 19
0 16
0 17
0 33
0 150
0 52
0 12
0 16
0 30
0 33
0 11
0 65
0 25
0 25
0 19
0 32
0 12
0 180
0 170
0 21
0 25
0 11
0 72
0 6
0 106
0 80
0 23
0 163
0 7
0 46
0 19
0 11
0 16
0 27
0 11
0 27
0 39
0 15
0 15
0 51
0 16
0 77
0 30
0 82
0 30
0 44
0 42
0 17
0 22
0 6
0 27
0 20
0 20
0 15
0 15
0 22
0 26
0 15
0 62
0 51
0 20
0 22
0 56
0 23
0 51
0 21
0 21
0 11
0 34
0 58
0 51
0 46
0 29
0 19
0 89
0 26
0 9
0 10
0 25
0 59
0 50
0 7
0 16
0 38
0 111
0 11
0 26
0 14
0 31
0 72
0 83
0 13
0 84
0 46
0 18
0 24
0 15
0 33
0 21
0 18
0 40
0 19
0 63
0 19
0 50
0 35
0 115
0 17
0 68
0 20
0 40
0 10
0 42
0 31
0 36
0 24
0 53
0 280
0 11
0 17
0 28
0 8
0 44
0 24
0 35
0 12
0 5
0 14
0 41
0 47
0 52
0 26
0 8
0 52
0 5
0 38
0 91
0 15
0 10
0 10
0 20
0 12
0 64
0 30
0 68
0 44
0 10
0 11
0 20
0 12
0 157
0 147
0 35
0 15
0 81
0 67
0 26
0 17
0 13
0 18
0 27
0 52
0 40
0 35
0 33
0 15
0 32
0 132
0 56
0 76
0 60
0 7
0 22
0 16
0 29
0 18
0 16
0 33
0 13
0 50
0 70
0 19
0 12
0 23
0 13
0 19
0 68
0 14
0 192
0 40
0 16
0 18
0 63
0 74
0 24
0 28
0 12
0 19
0 20
0 78
0 38
0 40
0 20
0 162
0 16
0 45
0 13
0 53
0 23
0 30
0 50
0 12
0 18
0 59
0 21
0 15
0 45
0 24
0 46
0 36
0 20
0 169
0 60
0 8
0 14
0 34
0 54
0 34
0 78
0 115
0 182
0 41
0 56
0 7
0 10
0 12
0 14
0 25
0 17
0 183
0 127
0 18
0 12
0 66
0 11
0 24
0 47
0 26
0 15
0 16
0 24
0 65
0 29
0 12
0 14
0 32
0 14
0 77
0 55
0 55
0 35
0 15
0 16
0 20
0 27
0 31
0 34
0 38
0 36
0 13
0 19
0 14
0 15
0 10
0 28
0 14
0 18
0 32
0 176
0 12
0 11
0 33
0 28
0 15
0 30
0 31
0 23
0 37
0 33
0 55
0 45
0 28
0 29
0 10
0 47
0 94
0 48
0 12
0 12
0 35
0 75
0 29
0 9
0 58
0 22
0 29
0 10
0 101
0 13
0 17
0 23
0 12
0 37
0 10
0 12
0 13
0 23
0 39
0 8
0 43
0 26
0 6
0 16
0 24
0 16
0 88
0 138
0 25
0 19
0 15
0 196
0 15
0 8
0 75
0 121
0 12
0 165
0 27
0 8
0 40
0 25
0 84
0 32
0 9
0 36
0 78
0 71
0 59
0 29
0 90
0 16
0 25
0 68
0 57
0 18
0 122
0 53
0 9
0 10
0 14
0 48
0 48
0 23
0 88
0 41
0 18
0 18
0 49
0 15
0 76
0 44
0 29
0 108
0 131
0 55
0 21
0 42
0 23
0 64
0 23
0 61
0 29
0 182
0 92
0 52
0 48
0 29
0 9
0 128
0 31
0 67
0 69
0 91
0 20
0 27
0 36
0 36
0 105
0 12
0 93
0 54
0 14
0 10
0 16
0 10
0 19
0 28
0 22
0 100
0 65
0 93
0 9
0 29
0 69
0 43
0 69
0 18
0 18
0 7
0 33
0 14
0 9
0 51
0 27
0 31
0 38
0 37
0 18
0 8
0 28
0 76
0 81
0 12
0 23
0 40
0 36
0 36
0 8
0 29
0 68
0 13
0 59
0 14
0 58
0 6
0 57
0 66
0 22
0 57
0 19
0 23
0 59
0 16
0 73
0 12
0 15
0 100
0 72
0 48
0 42
0 12
0 11
0 61
0 44
0 33
0 16
0 17
0 7
0 32
0 16
0 18
0 18
0 13
0 34
0 7
0 10
0 16
0 18
0 41
0 18
0 15
0 9
0 23
0 26
0 54
0 50
0 28
0 33
0 23
0 10
0 12
0 23
0 47
0 43
0 9
0 56
0 11
0 27
0 20
0 27
0 11
0 41
0 57
0 75
0 97
0 10
0 31
0 80
0 45
0 9
0 12
0 23
0 11
0 42
0 32
0 35
0 12
0 25
0 9
0 89
0 28
0 29
0 34
0 26
0 49
0 14
0 67
0 9
0 27
0 12
0 39
0 15
0 38
0 20
0 155
0 13
0 67
0 15
0 27
0 103
0 60
0 45
0 44
0 36
0 38
0 17
0 73
0 27
0 24
0 29
0 34
0 42
0 110
0 14
0 13
0 22
0 27
0 86
0 19
0 28
0 13
0 68
0 15
0 57
0 15
0 20
0 50
0 37
0 29
0 68
0 20
0 9
0 25
0 13
0 13
0 19
0 31
0 21
0 14
0 30
0 31
0 24
0 12
0 32
0 33
0 9
0 34
0 6
0 21
0 9
0 27
0 15
0 33
0 70
0 6
0 13
0 39
0 27
0 449
0 11
0 18
0 6
0 106
0 7
0 39
0 36
0 11
0 102
0 9
0 39
0 53
0 26
0 51
0 32
0 48
0 21
0 41
0 96
0 88
0 15
0 14
0 5
0 36
0 44
0 31
0 64
0 37
0 31
0 6
0 10
0 33
0 15
0 32
0 57
0 89
0 28
0 32
0 164
0 43
0 36
0 30
0 9
0 17
0 36
0 76
0 30
0 86
0 12
0 58
0 12
0 13
0 31
0 195
0 29
0 42
0 18
0 37
0 38
0 33
0 29
0 17
0 6
0 24
0 43
0 49
0 22
0 30
0 34
0 105
0 30
0 44
0 24
0 33
0 13
0 71
0 22
0 37
0 12
0 18
0 52
0 9
0 37
0 11
0 12
0 84
0 49
0 38
0 17
0 69
0 35
0 25
0 109
0 7
0 10
0 30
0 51
0 33
0 6
0 31
0 9
0 65
0 22
0 42
0 8
0 136
0 28
0 50
0 31
0 58
0 100
0 56
0 49
0 18
0 23
0 14
0 57
0 17
0 18
0 21
0 5
0 38
0 18
0 30
0 57
0 26
0 26
0 10
0 12
0 18
0 41
0 19
0 67
0 32
0 26
0 15
0 68
0 36
0 17
0 14
0 22
0 44
0 70
0 16
0 14
0 38
0 28
0 38
0 9
0 35
0 58
0 46
0 53
0 84
0 23
0 11
0 60
0 15
0 124
0 26
0 28
0 27
0 16
0 34
0 11
0 19
0 33
0 37
0 19
0 42
0 24
0 67
0 42
0 51
0 97
0 16
0 46
0 7
0 27
0 16
0 38
0 29
0 47
0 22
0 34
0 14
0 376
0 125
0 9
0 26
0 215
0 56
0 23
0 14
0 37
0 72
0 24
0 19
0 23
0 186
0 79
0 7
0 31
0 14
0 25
0 34
0 25
0 32
0 43
0 548
0 15
0 52
0 33
0 23
0 10
0 39
0 17
0 86
0 20
0 21
0 85
0 59
0 34
0 61
0 11
0 90
0 52
0 6
0 11
0 41
0 30
0 142
0 54
0 52
0 13
0 42
0 15
0 49
0 5
0 13
0 8
0 9
0 109
0 71
0 38
0 21
0 47
0 134
0 39
0 41
0 9
0 23
0 32
0 8
0 12
0 7
0 79
0 11
0 20
0 69
0 24
0 87
0 23
0 17
0 63
0 16
0 97
0 33
0 47
0 44
0 16
0 22
0 60
0 41
0 198
0 15
0 35
0 69
0 21
0 8
0 36
0 72
0 14
0 70
0 71
0 35
0 12
0 226
0 31
0 10
0 28
0 21
0 32
0 71
0 41
0 29
0 8
0 46
0 19
0 61
0 54
0 121
0 35
0 7
0 13
0 32
0 11
0 22
0 41
0 15
0 14
0 16
0 9
0 13
0 18
0 53
0 39
0 25
0 25
0 56
0 96
0 50
0 25
0 29
0 14
0 18
0 69
0 16
0 18
0 29
0 16
0 142
0 88
0 19
0 19
0 28
0 42
0 18
0 86
0 16
0 18
0 31
0 46
0 7
0 14
0 106
0 17
0 56
0 61
0 19
0 23
0 40
0 16
0 22
0 76
0 50
0 20
0 7
0 52
0 133
0 15
0 63
0 37
0 66
0 82
0 45
0 20
0 11
0 8
0 50
0 40
0 53
0 12
0 22
0 7
0 94
0 52
0 32
0 11
0 115
0 82
0 27
0 11
0 40
0 104
0 25
0 15
0 19
0 16
0 33
0 16
0 20
0 26
0 28
0 35
0 52
0 65
0 32
0 7
0 35
0 98
0 22
0 30
0 108
0 50
0 39
0 35
0 26
0 12
0 41
0 10
0 13
0 49
0 23
0 10
0 10
0 55
0 641
0 6
0 339
0 14
0 72
0 11
0 51
0 21
0 16
0 7
0 53
0 37
0 36
0 40
0 54
0 21
0 52
0 30
0 19
0 21
0 16
0 57
0 39
0 50
0 13
0 9
0 62
0 37
0 11
0 42
0 39
0 61
0 20
0 155
0 10
0 94
0 14
0 16
0 69
0 46
0 12
0 20
0 11
0 56
0 10
0 115
0 10
0 85
0 33
0 78
0 20
0 68
0 63
0 38
0 23
0 60
0 11
0 22
0 56
0 20
0 54
0 12
0 68
0 64
0 8
0 73
0 77
0 35
0 10
0 24
0 14
0 24
0 12
0 148
0 10
0 189
0 32
0 52
0 19
0 35
0 31
0 7
0 61
0 7
0 7
0 8
0 19
0 17
0 59
0 89
0 32
0 50
0 11
0 185
0 61
0 12
0 38
0 4
0 9
0 29
0 13
0 49
0 13
0 33
0 20
0 148
0 12
0 41
0 33
0 35
0 10
0 14
0 21
0 70
0 16
0 17
0 13
0 27
0 57
0 21
0 8
0 61
0 200
0 39
0 41
0 706
0 22
0 21
0 15
0 26
0 11
0 20
0 83
0 35
0 56
0 105
0 8
0 37
0 37
0 14
0 86
0 61
0 22
0 27
0 62
0 26
0 9
0 63
0 22
0 30
0 18
0 26
0 14
0 21
0 18
0 64
0 9
0 17
0 34
0 45
0 12
0 58
0 12
0 12
0 25
0 31
0 62
0 26
0 24
0 25
0 36
0 12
0 24
0 39
0 10
0 16
0 10
0 20
0 13
0 11
0 41
0 25
0 47
0 16
0 17
0 33
0 80
0 30
0 21
0 133
0 43
0 8
0 30
0 36
0 27
0 20
0 8
0 71
0 30
0 35
0 8
0 68
0 26
0 98
0 24
0 25
0 17
0 33
0 39
0 83
0 11
0 11
0 44
0 17
0 19
0 5
0 39
0 19
0 39
0 71
0 16
0 108
0 195
0 38
0 14
0 9
0 43
0 81
0 122
0 24
0 93
0 32
0 36
0 71
0 10
0 24
0 152
0 69
0 7
0 62
0 23
0 19
0 54
0 10
0 47
0 27
0 30
0 26
0 15
0 14
0 7
0 26
0 11
0 17
0 16
0 29
0 31
0 53
0 83
0 27
0 25
0 10
0 23
0 23
0 40
0 33
0 8
0 29
0 45
0 16
0 24
0 105
0 47
0 22
0 74
0 23
0 17
0 47
0 31
0 22
0 8
0 64
0 17
0 11
0 11
0 47
0 29
0 18
0 68
0 8
0 41
0 30
0 28
0 16
0 100
0 13
0 18
0 19
0 19
0 39
0 24
0 11
0 19
0 53
0 41
0 36
0 31
0 79
0 51
0 23
0 16
0 16
0 41
0 31
0 15
0 120
0 14
0 27
0 18
0 130
0 20
0 45
0 42
0 28
0 36
0 38
0 30
0 29
0 9
0 15
0 52
0 103
0 32
0 177
0 73
0 222
0 33
0 32
0 24
0 20
0 40
0 34
0 13
0 10
0 17
0 8
0 32
0 49
0 11
0 447
0 151
0 16
0 15
0 244
0 4
0 18
0 15
0 32
0 30
0 24
0 36
0 56
0 18
0 23
0 44
0 19
0 25
0 65
0 98
0 52
0 14
0 15
0 61
0 18
0 19
0 29
0 41
0 33
0 59
0 13
0 23
0 38
0 10
0 43
0 52
0 7
0 86
0 67
0 91
0 38
0 45
0 13
0 33
0 28
0 20
0 23
0 19
0 20
0 10
0 14
0 41
0 34
0 98
0 30
0 34
0 41
0 23
0 13
0 81
0 17
0 19
0 40
0 48
0 39
0 22
0 387
0 7
0 14
0 155
0 38
0 15
0 32
0 24
0 28
0 41
0 26
0 26
0 11
0 28
0 27
0 32
0 10
0 105
0 9
0 5
0 43
0 7
0 48
0 19
0 39
0 15
0 25
0 14
0 101
0 50
0 12
0 10
0 115
0 8
0 41
0 11
0 14
0 15
0 29
0 18
0 138
0 17
0 33
0 16
0 29
0 75
0 16
0 10
0 19
0 71
0 9
0 27
0 12
0 42
0 30
0 54
0 12
0 219
0 25
0 48
0 131
0 18
0 26
0 45
0 45
0 11
0 49
0 68
0 24
0 20
0 21
0 10
0 13
0 10
0 20
0 25
0 47
0 59
0 5
0 35
0 12
0 26
0 15
0 90
0 25
0 8
0 46
0 8
0 13
0 30
0 21
0 28
0 20
0 7
0 46
0 15
0 127
0 45
0 14
0 71
0 47
0 9
0 23
0 53
0 14
0 31
0 11
0 20
0 39
0 5
0 8
0 45
0 94
0 10
0 47
0 19
0 26
0 38
0 21
0 15
0 25
0 20
0 16
0 49
0 44
0 10
0 30
0 12
0 64
0 100
0 16
0 14
0 17
0 43
0 23
0 8
0 33
0 212
0 17
0 21
0 49
0 26
0 21
0 71
0 365
0 8
0 36
0 24
0 31
0 20
0 11
0 37
0 49
0 107
0 16
0 18
0 8
0 26
0 28
0 51
0 21
0 30
0 16
0 7
0 55
0 48
0 31
0 12
0 12
0 58
0 61
0 7
0 15
0 36
0 95
0 12
0 11
0 43
0 20
0 20
0 19
0 14
0 44
0 109
0 31
0 19
0 33
0 7
0 61
0 48
0 109
0 16
0 21
0 71
0 8
0 18
0 14
0 35
0 131
0 24
0 16
0 115
0 27
0 25
0 11
0 46
0 12
0 8
0 20
0 11
0 66
0 15
0 43
0 23
0 29
0 44
0 49
0 22
0 96
0 34
0 39
0 26
0 38
0 26
0 13
0 19
0 9
0 56
0 135
0 38
0 31
0 201
0 55
0 55
0 29
0 36
0 59
0 41
0 34
0 30
0 10
0 56
0 114
0 28
0 23
0 65
0 41
0 25
0 12
0 28
0 52
0 18
0 35
0 38
0 90
0 35
0 26
0 90
0 80
0 14
0 14
0 72
0 46
0 21
0 38
0 69
0 28
0 28
0 51
0 21
0 33
0 43
0 120
0 18
0 51
0 82
0 28
0 13
0 20
0 56
0 21
0 115
0 42
0 74
0 11
0 11
0 41
0 38
0 42
0 28
0 64
0 77
0 35
0 15
0 91
0 25
0 158
0 11
0 66
0 32
0 20
0 20
0 13
0 140
0 11
0 7
0 21
0 6
0 17
0 272
0 28
0 36
0 52
0 15
0 25
0 17
0 18
0 36
0 14
0 252
0 51
0 7
0 32
0 69
0 148
0 26
0 95
0 143
0 59
0 81
0 22
0 15
0 10
0 5
0 21
0 150
0 87
0 14
0 18
0 95
0 68
0 19
0 59
0 18
0 52
0 25
0 22
0 31
0 18
0 11
0 41
0 10
0 12
0 15
0 29
0 8
0 30
0 13
0 121
0 10
0 44
0 64
0 35
0 17
0 14
0 28
0 18
0 27
0 128
0 16
0 32
0 6
0 38
0 28
0 22
0 17
0 52
0 63
0 24
0 25
0 25
0 76
0 10
0 16
0 13
0 93
0 28
0 6
0 24
0 35
0 42
0 27
0 30
0 7
0 20
0 56
0 174
0 52
0 37
0 54
0 19
0 15
0 8
0 8
0 24
0 11
0 27
0 19
0 50
0 61
0 38
0 23
0 89
0 38
0 27
0 35
0 21
0 41
0 14
0 20
0 215
0 19
0 34
0 26
0 19
0 10
0 25
0 21
0 30
0 16
0 12
0 70
0 30
0 27
0 93
0 185
0 54
0 32
0 49
0 38
0 6
0 14
0 7
0 32
0 7
0 16
0 14
0 19
0 63
0 70
0 13
0 50
0 10
0 20
0 89
0 56
0 15
0 31
0 40
0 7
0 22
0 7
0 22
0 89
0 23
0 99
0 30
0 60
0 92
0 27
0 39
0 20
0 21
0 138
0 46
0 21
0 34
0 89
0 10
0 51
0 38
0 29
0 58
0 34
0 159
0 26
0 20
0 31
0 26
0 17
0 12
0 7
0 27
0 16
0 49
0 58
0 15
0 20
0 25
0 33
0 12
0 20
0 35
0 122
0 40
0 35
0 41
0 63
0 15
0 51
0 62
0 87
0 46
0 27
0 23
0 21
0 19
0 44
0 38
0 131
0 139
0 61
0 7
0 70
0 39
0 47
0 131
0 59
0 70
0 28
0 169
0 9
0 22
0 12
0 68
0 20
0 170
0 27
0 40
0 52
0 119
0 29
0 38
0 14
0 62
0 46
0 87
0 20
0 50
0 18
0 14
0 51
0 59
0 19
0 21
0 8
0 12
0 42
0 76
0 31
0 10
0 71
0 19
0 45
0 31
0 32
0 11
0 14
0 8
0 42
0 8
0 28
0 56
0 12
0 29
0 43
0 17
0 14
0 8
0 21
0 11
0 46
0 17
0 21
0 12
0 8
0 35
0 36
0 28
0 17
0 48
0 77
0 81
0 12
0 23
0 39
0 1126
0 27
0 35
0 27
0 18
0 17
0 15
0 147
0 47
0 40
0 28
0 106
0 80
0 37
0 38
0 10
0 110
0 55
0 62
0 15
0 9
0 114
0 35
0 15
0 8
0 92
0 90
0 20
0 19
0 15
0 14
0 22
0 6
0 16
0 44
0 101
0 13
0 80
0 93
0 14
0 16
0 47
0 24
0 22
0 29
0 11
0 8
0 40
0 12
0 99
0 12
0 30
0 47
0 18
0 32
0 64
0 114
0 12
0 25
0 15
0 22
0 38
0 9
0 48
0 10
0 9
0 25
0 19
0 45
0 137
0 33
0 15
0 10
0 31
0 17
0 25
0 10
0 24
0 35
0 63
0 12
0 10
0 20
0 378
0 27
0 17
0 19
0 29
0 63
0 74
0 86
0 99
0 417
0 58
0 13
0 29
0 15
0 22
0 74
0 13
0 11
0 26
0 59
0 83
0 25
0 402
0 71
0 113
0 112
0 68
0 30
0 59
0 17
0 16
0 15
0 83
0 13
0 28
0 45
0 26
0 100
0 89
0 21
0 33
0 50
0 17
0 20
0 35
0 76
0 70
0 39
0 12
0 12
0 22
0 23
0 197
0 88
0 13
0 23
0 10
0 18
0 35
0 9
0 22
0 82
0 122
0 5
0 20
0 15
0 32
0 31
0 22
0 24
0 7
0 109
0 40
0 17
0 23
0 40
0 31
0 85
0 26
0 39
0 20
0 31
0 16
0 77
0 18
0 11
0 65
0 26
0 8
0 59
0 21
0 12
0 176
0 27
0 24
0 8
0 19
0 13
0 14
0 26
0 13
0 9
0 23
0 19
0 45
0 97
0 113
0 17
0 154
0 26
0 9
0 75
0 14
0 27
0 8
0 89
0 58
0 55
0 36
0 202
0 49
0 121
0 29
0 23
0 1691
0 111
0 19
0 16
0 19
0 30
0 13
0 10
0 15
0 82
0 19
0 37
0 30
0 180
0 34
0 73
0 29
0 11
0 22
0 17
0 13
0 13
0 26
0 24
0 8
0 199
0 7
0 16
0 109
0 36
0 57
0 24
0 21
0 10
0 16
0 18
0 45
0 320
0 32
0 11
0 25
0 17
0 73
0 74
0 115
0 17
0 17
0 31
0 75
0 26
0 11
0 43
0 17
0 7
0 50
0 25
0 13
0 4
0 38
0 9
0 18
0 9
0 143
0 6
0 122
0 117
0 61
0 96
0 15
0 17
0 8
0 10
0 8
0 12
0 26
0 41
0 8
0 5
0 52
0 36
0 14
0 44
0 22
0 17
0 23
0 5
0 117
0 19
0 18
0 24
0 14
0 8
0 16
0 38
0 29
0 30
0 50
0 26
0 13
0 80
0 28
0 71
0 14
0 14
0 46
0 21
0 10
0 40
0 17
0 13
0 84
0 24
0 26
0 13
0 53
0 55
0 43
0 59
0 116
0 42
0 9
0 40
0 27
0 6
0 149
0 31
0 12
0 8
0 92
0 22
0 24
0 58
0 53
0 35
0 20
0 10
0 41
0 33
0 28
0 8
0 22
0 69
0 17
0 20
0 16
0 97
0 31
0 18
0 15
0 23
0 151
0 23
0 15
0 43
0 20
0 88
0 55
0 11
0 18
0 59
0 29
0 25
0 114
0 33
0 39
0 11
0 37
0 42
0 29
0 73
0 21
0 37
0 19
0 21
0 8
0 22
0 50
0 45
0 35
0 16
0 34
0 19
0 34
0 11
0 39
0 45
0 18
0 15
0 133
0 22
0 91
0 25
0 64
0 21
0 41
0 61
0 5
0 25
0 39
0 11
0 10
0 35
0 46
0 10
0 61
0 62
0 13
0 42
0 22
0 29
0 46
0 20
0 8
0 233
0 90
0 31
0 73
0 24
0 30
0 21
0 12
0 236
0 26
0 65
0 122
0 81
0 36
0 37
0 67
0 10
0 70
0 8
0 165
0 66
0 11
0 37
0 42
0 26
0 33
0 30
0 29
0 28
0 7
0 36
0 89
0 23
0 9
0 28
0 29
0 43
0 14
0 38
0 24
0 24
0 37
0 24
0 28
0 17
0 12
0 13
0 16
0 9
0 11
0 46
0 40
0 145
0 38
0 12
0 35
0 10
0 21
0 20
0 44
0 141
0 23
0 11
0 38
0 15
0 26
0 16
0 21
0 39
0 47
0 40
0 6
0 28
0 15
0 36
0 12
0 23
0 34
0 24
0 38
0 30
0 25
0 19
0 313
0 9
0 23
0 52
0 24
0 6
0 6
0 24
0 13
0 60
0 17
0 117
0 28
0 27
0 10
0 78
0 6
0 33
0 20
0 33
0 25
0 21
0 25
0 17
0 35
0 12
0 57
0 15
0 55
0 10
0 28
0 9
0 10
0 119
0 9
0 37
0 25
0 31
0 34
0 19
0 24
0 13
0 18
0 11
0 13
0 14
0 118
0 11
0 115
0 17
0 34
0 27
0 32
0 22
0 47
0 61
0 28
0 8
0 18
0 18
0 19
0 76
0 20
0 32
0 29
0 36
0 66
0 10
0 16
0 20
0 64
0 60
0 11
0 38
0 47
0 12
0 30
0 8
0 48
0 8
0 153
0 12
0 65
0 16
0 16
0 35
0 11
0 8
0 36
0 63
0 129
0 11
0 19
0 26
0 34
0 44
0 37
0 67
0 26
0 18
0 57
0 10
0 88
0 12
0 19
0 17
0 22
0 22
0 26
0 26
0 212
0 58
0 19
0 55
0 25
0 87
0 37
0 32
0 10
0 66
0 33
0 12
0 10
0 19
0 68
0 15
0 40
0 116
0 68
0 37
0 18
0 71
0 31
0 21
0 31
0 14
0 22
0 25
0 8
0 15
0 34
0 97
0 16
0 24
0 31
0 21
0 20
0 18
0 75
0 48
0 15
0 138
0 6
0 11
0 33
0 15
0 11
0 21
0 214
0 21
0 40
0 24
0 35
0 16
0 14
0 111
0 27
0 37
0 23
0 24
0 40
0 8
0 20
0 17
0 6
0 29
0 23
0 62
0 15
0 88
0 80
0 27
0 18
0 56
0 16
0 60
0 12
0 8
0 11
0 20
0 31
0 107
0 23
0 56
0 14
0 14
0 34
0 17
0 18
0 9
0 13
0 14
0 25
0 7
0 16
0 88
0 40
0 67
0 11
0 30
0 59
0 82
0 14
0 17
0 144
0 20
0 12
0 116
0 17
0 56
0 39
0 76
0 10
0 58
0 21
0 52
0 19
0 37
0 12
0 16
0 11
0 70
0 28
0 28
0 67
0 7
0 64
0 19
0 81
0 32
0 22
0 9
0 60
0 59
0 59
0 14
0 22
0 18
0 15
0 11
0 30
0 15
0 23
0 28
0 15
0 28
0 31
0 58
0 11
0 23
0 27
0 28
0 39
0 20
0 11
0 102
0 26
0 9
0 43
0 21
0 26
0 15
0 52
0 31
0 13
0 88
0 27
0 26
0 9
0 39
0 26
0 25
0 24
0 40
0 10
0 39
0 50
0 51
0 32
0 19
0 52
0 16
0 7
0 62
0 64
0 11
0 11
0 30
0 188
0 66
0 23
0 22
0 17
0 22
0 145
0 10
0 55
0 5
0 11
0 43
0 52
0 11
0 59
0 51
0 27
0 12
0 23
0 5
0 75
0 32
0 16
0 108
0 11
0 17
0 38
0 12
0 13
0 12
0 13
0 23
0 18
0 54
0 27
0 16
0 84
0 27
0 15
0 6
0 26
0 22
0 12
0 77
0 37
0 13
0 270
0 19
0 26
0 39
0 30
0 26
0 27
0 59
0 29
0 25
0 17
0 15
0 12
0 29
0 21
0 15
0 130
0 56
0 42
0 34
0 50
0 16
0 10
0 47
0 61
0 16
0 18
0 49
0 6
0 23
0 7
0 52
0 63
0 34
0 127
0 42
0 64
0 94
0 115
0 34
0 31
0 11
0 34
0 27
0 36
0 127
0 20
0 18
0 15
0 20
0 47
0 126
0 55
0 6
0 22
0 340
0 13
0 11
0 32
0 24
0 22
0 52
0 37
0 33
0 35
0 20
0 34
0 20
0 13
0 38
0 20
0 73
0 9
0 33
0 50
0 31
0 144
0 14
0 28
0 46
0 17
0 30
0 7
0 17
0 58
0 35
0 30
0 18
0 35
0 55
0 101
0 9
0 18
0 159
0 35
0 13
0 17
0 19
0 30
0 42
0 8
0 19
0 93
0 17
0 11
0 12
0 31
0 39
0 25
0 67
0 102
0 27
0 17
0 9
0 19
0 31
0 10
0 29
0 152
0 8
0 24
0 36
0 51
0 36
0 12
0 39
0 62
0 13
0 10
0 29
0 58
0 8
0 19
0 240
0 8
0 81
0 57
0 34
0 25
0 34
0 135
0 7
0 33
0 14
0 14
0 71
0 28
0 31
0 11
0 17
0 12
0 18
0 17
0 29
0 781
0 30
0 42
0 18
0 9
0 10
0 38
0 29
0 19
0 141
0 161
0 132
0 7
0 16
0 10
0 27
0 69
0 27
0 72
0 29
0 7
0 55
0 72
0 43
0 33
0 13
0 15
0 20
0 32
0 16
0 34
0 48
0 52
0 12
0 28
0 44
0 15
0 21
0 24
0 36
0 57
0 101
0 17
0 41
0 29
0 20
0 22
0 142
0 31
0 102
0 24
0 38
0 7
0 54
0 9
0 41
0 39
0 70
0 17
0 30
0 47
0 22
0 99
0 24
0 31
0 15
0 15
0 35
0 14
0 122
0 33
0 40
0 20
0 21
0 43
0 14
0 9
0 68
0 10
0 26
0 27
0 27
0 4
0 60
0 31
0 21
0 17
0 85
0 33
0 22
0 29
0 11
0 24
0 28
0 32
0 14
0 19
0 62
0 24
0 72
0 28
0 10
0 9
0 18
0 14
0 191
0 56
0 138
0 22
0 55
0 65
0 37
0 17
0 19
0 25
0 31
0 22
0 50
0 61
0 44
0 27
0 117
0 31
0 337
0 65
0 54
0 35
0 7
0 145
0 25
0 58
0 143
0 34
0 55
0 92
0 19
0 15
0 44
0 27
0 22
0 47
0 8
0 15
0 12
0 28
0 11
0 16
0 18
0 38
0 15
0 96
0 14
0 33
0 117
0 7
0 16
0 13
0 35
0 5
0 20
0 26
0 34
0 60
0 48
0 49
0 133
0 32
0 10
0 27
0 14
0 153
0 12
0 21
0 11
0 14
0 6
0 11
0 32
0 19
0 10
0 13
0 42
0 74
0 31
0 85
0 78
0 20
0 94
0 33
0 14
0 32
0 85
0 17
0 76
0 40
0 44
0 99
0 28
0 33
0 47
0 5
0 24
0 62
0 49
0 142
0 13
0 18
0 23
0 15
0 11
0 8
0 53
0 14
0 33
0 20
0 26
0 29
0 7
0 107
0 26
0 11
0 87
0 24
0 35
0 26
0 38
0 19
0 14
0 17
0 34
0 21
0 15
0 13
0 8
0 13
0 7
0 35
0 29
0 40
0 11
0 45
0 12
0 48
0 110
0 169
0 36
0 33
0 12
0 27
0 58
0 20
0 20
0 24
0 7
0 238
0 18
0 16
0 9
0 36
0 49
0 24
0 22
0 7
0 47
0 19
0 36
0 23
0 19
0 236
0 41
0 24
0 33
0 73
0 13
0 25
0 21
0 8
0 34
0 62
0 55
0 29
0 93
0 32
0 99
0 44
0 95
0 61
0 8
0 31
0 133
0 24
0 55
0 9
0 41
0 160
0 4
0 36
0 41
0 25
0 9
0 9
0 159
0 26
0 28
0 23
0 62
0 53
0 15
0 37
0 56
0 20
0 14
0 40
0 10
0 28
0 29
0 29
0 18
0 26
0 22
0 18
0 8
0 38
0 14
0 30
0 44
0 12
0 12
0 22
0 18
0 35
0 14
0 109
0 11
0 14
0 52
0 10
0 14
0 17
0 111
0 8
0 11
0 39
0 89
0 25
0 37
0 34
0 19
0 21
0 9
0 55
0 9
0 24
0 9
0 32
0 22
0 12
0 26
0 25
0 17
0 14
0 41
0 17
0 211
0 21
0 105
0 15
0 16
0 79
0 65
0 12
0 106
0 44
0 193
0 6
0 18
0 27
0 18
0 21
0 50
0 95
0 23
0 19
0 10
0 25
0 196
0 40
0 12
0 10
0 11
0 25
0 29
0 19
0 86
0 14
0 22
0 28
0 99
0 16
0 45
0 24
0 14
0 78
0 10
0 11
0 35
0 23
0 44
0 13
0 53
0 10
0 12
0 19
0 13
0 14
0 9
0 18
0 42
0 55
0 49
0 26
0 17
0 13
0 7
0 14
0 128
0 44
0 23
0 67
0 16
0 17
0 49
0 38
0 19
0 13
0 14
0 23
0 63
0 158
0 99
0 112
0 41
0 10
0 24
0 16
0 23
0 15
0 12
0 6
0 45
0 109
0 42
0 59
0 260
0 27
0 106
0 37
0 49
0 132
0 46
0 14
0 20
0 33
0 90
0 42
0 114
0 83
0 62
0 12
0 11
0 24
0 26
0 16
0 26
0 20
0 6
0 109
0 13
0 95
0 15
0 21
0 41
0 26
0 23
0 63
0 12
0 18
0 12
0 18
0 9
0 10
0 55
0 290
0 81
0 46
0 57
0 21
0 24
0 29
0 82
0 20
0 22
0 130
0 8
0 24
0 22
0 12
0 62
0 24
0 10
0 10
0 14
0 26
0 188
0 40
0 74
0 10
0 24
0 30
0 18
0 77
0 18
0 111
0 47
0 23
0 22
0 11
0 21
0 14
0 30
0 9
0 115
0 22
0 31
0 49
0 8
0 122
0 18
0 146
0 47
0 84
0 107
0 71
0 29
0 13
0 36
0 23
0 8
0 79
0 37
0 94
0 16
0 43
0 9
0 145
0 12
0 31
0 22
0 48
0 7
0 26
0 80
0 14
0 24
0 43
0 16
0 6
0 38
0 49
0 29
0 21
0 8
0 35
0 44
0 98
0 41
0 87
0 8
0 9
0 61
0 50
0 13
0 25
0 7
0 24
0 56
0 19
0 19
0 28
0 31
0 14
0 107
0 32
0 11
0 71
0 27
0 126
0 78
0 16
0 33
0 21
0 130
0 37
0 20
0 17
0 34
0 21
0 20
0 124
0 16
0 10
0 28
0 12
0 13
0 166
0 11
0 7
0 160
0 23
0 34
0 20
0 13
0 26
0 30
0 31
0 88
0 12
0 18
0 44
0 29
0 67
0 25
0 12
0 17
0 37
0 77
0 46
0 21
0 27
0 33
0 16
0 73
0 29
0 45
0 10
0 17
0 124
0 70
0 13
0 32
0 27
0 25
0 7
0 34
0 64
0 34
0 26
0 24
0 41
0 21
0 12
0 15
0 166
0 15
0 16
0 38
0 27
0 20
0 9
0 16
0 5
0 19
0 66
0 67
0 44
0 14
0 44
0 60
0 29
0 17
0 10
0 17
0 42
0 10
0 107
0 65
0 29
0 42
0 11
0 42
0 60
0 8
0 71
0 50
0 28
0 61
0 38
0 34
0 20
0 20
0 33
0 9
0 8
0 33
0 75
0 22
0 15
0 192
0 10
0 20
0 5
0 32
0 36
0 26
0 21
0 14
0 304
0 27
0 113
0 21
0 36
0 23
0 24
0 9
0 143
0 24
0 159
0 48
0 14
0 20
0 30
0 30
0 19
0 13
0 86
0 26
0 10
0 16
0 42
0 25
0 8
0 25
0 74
0 12
0 28
0 22
0 8
0 66
0 25
0 42
0 15
0 36
0 289
0 48
0 12
0 35
0 18
0 19
0 100
0 42
0 69
0 36
0 9
0 17
0 13
0 24
0 13
0 41
0 5
0 37
0 26
0 21
0 11
0 107
0 14
0 79
0 24
0 62
0 29
0 18
0 20
0 70
0 13
0 44
0 57
0 11
0 17
0 135
0 66
0 136
0 10
0 22
0 21
0 15
0 24
0 43
0 6
0 12
0 15
0 37
0 67
0 6
0 91
0 33
0 14
0 77
0 52
0 31
0 45
0 32
0 20
0 131
0 41
0 38
0 18
0 38
0 48
0 54
0 79
0 83
0 20
0 146
0 27
0 6
0 19
0 33
0 21
0 31
0 14
0 14
0 53
0 25
0 8
0 31
0 91
0 31
0 42
0 39
0 22
0 25
0 68
0 6
0 63
0 73
0 22
0 35
0 6
0 27
0 23
0 68
0 19
0 133
0 201
0 27
0 50
0 21
0 20
0 68
0 39
0 19
0 17
0 163
0 126
0 29
0 17
0 24
0 18
0 46
0 63
0 14
0 89
0 24
0 31
0 32
0 18
0 17
0 25
0 313
0 21
0 27
0 17
0 6
0 44
0 12
0 41
0 13
0 43
0 9
0 52
0 20
0 34
0 21
0 28
0 67
0 140
0 87
0 20
0 18
0 12
0 17
0 31
0 9
0 59
0 28
0 14
0 14
0 50
0 39
0 12
0 27
0 32
0 17
0 17
0 8
0 28
0 24
0 199
0 10
0 25
0 23
0 78
0 37
0 76
0 40
0 16
0 11
0 48
0 9
0 53
0 153
0 23
0 19
0 39
0 26
0 48
0 16
0 38
0 23
0 15
0 63
0 30
0 41
0 35
0 15
0 26
0 40
0 115
0 42
0 29
0 14
0 19
0 15
0 45
0 24
0 14
0 21
0 29
0 6
0 20
0 19
0 11
0 21
0 25
0 36
0 31
0 42
0 11
0 20
0 16
0 100
0 135
0 15
0 39
0 13
0 21
0 33
0 14
0 31
0 166
0 49
0 69
0 42
0 9
0 17
0 19
0 18
0 20
0 12
0 68
0 24
0 112
0 18
0 109
0 28
0 89
0 17
0 25
0 75
0 25
0 9
0 52
0 15
0 30
0 103
0 160
0 14
0 10
0 28
0 15
0 24
0 11
0 39
0 35
0 28
0 11
0 57
0 19
0 24
0 27
0 10
0 104
0 66
0 59
0 17
0 30
0 61
0 52
0 32
0 22
0 68
0 10
0 10
0 17
0 10
0 108
0 59
0 72
0 14
0 12
0 10
0 34
0 42
0 58
0 24
0 40
0 67
0 16
0 24
0 29
0 75
0 61
0 7
0 25
0 30
0 84
0 16
0 161
0 104
0 18
0 20
0 61
0 9
0 9
0 16
0 71
0 25
0 9
0 25
0 72
0 12
0 80
0 36
0 7
0 37
0 44
0 23
0 16
0 24
0 6
0 8
0 56
0 50
0 17
0 99
0 35
0 8
0 42
0 30
0 7
0 11
0 11
0 20
0 23
0 22
0 69
0 34
0 31
0 52
0 43
0 64
0 26
0 16
0 11
0 39
0 13
0 47
0 23
0 61
0 14
0 81
0 23
0 34
0 22
0 29
0 25
0 8
0 17
0 65
0 94
0 26
0 18
0 16
0 19
0 41
0 23
0 37
0 59
0 80
0 23
0 22
0 68
0 20
0 46
0 17
0 37
0 47
0 65
0 15
0 12
0 30
0 15
0 36
0 20
0 41
0 31
0 16
0 17
0 31
0 21
0 16
0 62
0 12
0 18
0 18
0 66
0 79
0 70
0 30
0 13
0 6
0 28
0 12
0 32
0 32
0 94
0 16
0 11
0 11
0 11
0 19
0 19
0 10
0 27
0 17
0 13
0 86
0 28
0 82
0 5
0 31
0 10
0 9
0 11
0 9
0 19
0 25
0 23
0 60
0 21
0 34
0 10
0 197
0 23
0 13
0 12
0 17
0 20
0 15
0 56
0 22
0 45
0 16
0 175
0 41
0 17
0 66
0 58
0 38
0 33
0 68
0 17
0 72
0 21
0 64
0 53
0 19
0 11
0 63
0 57
0 32
0 4
0 12
0 20
0 56
0 71
0 11
0 281
0 20
0 86
0 33
0 7
0 32
0 11
0 9
0 20
0 77
0 57
0 33
0 34
0 17
0 10
0 20
0 7
0 22
0 171
0 7
0 49
0 11
0 37
0 31
0 108
0 37
0 18
0 8
0 22
0 17
0 8
0 12
0 24
0 15
0 17
0 67
0 109
0 28
0 18
0 17
0 33
0 23
0 109
0 9
0 15
0 10
0 17
0 77
0 21
0 56
0 12
0 54
0 17
0 6
0 16
0 30
0 18
0 12
0 140
0 71
0 42
0 37
0 38
0 8
0 13
0 74
0 25
0 31
0 84
0 73
0 15
0 29
0 7
0 10
0 249
0 16
0 30
0 20
0 70
0 5
0 41
0 79
0 25
0 11
0 27
0 19
0 180
0 7
0 28
0 16
0 23
0 6
0 40
0 9
0 15
0 97
0 18
0 37
0 32
0 30
0 22
0 60
0 11
0 12
0 41
0 9
0 25
0 13
0 49
0 109
0 48
0 20
0 19
0 68
0 44
0 38
0 27
0 4
0 47
0 73
0 91
0 60
0 16
0 26
0 147
0 60
0 5
0 34
0 133
0 17
0 12
0 26
0 53
0 15
0 27
0 22
0 39
0 14
0 14
0 101
0 52
0 25
0 16
0 10
0 22
0 21
0 46
0 16
0 9
0 29
0 31
0 14
0 115
0 19
0 45
0 63
0 765
0 36
0 15
0 17
0 18
0 202
0 46
0 28
0 20
0 10
0 46
0 10
0 41
0 39
0 52
0 13
0 9
0 11
0 83
0 38
0 37
0 29
0 49
0 82
0 13
0 16
0 35
0 82
0 18
0 17
0 19
0 24
0 44
0 39
0 30
0 12
0 19
0 16
0 81
0 21
0 20
0 50
0 28
0 18
0 55
0 20
0 48
0 20
0 15
0 36
0 140
0 29
0 56
0 42
0 37
0 6
0 184
0 39
0 184
0 9
0 42
0 29
0 19
0 16
0 51
0 13
0 25
0 79
0 24
0 24
0 38
0 10
0 40
0 79
0 13
0 48
0 16
0 29
0 39
0 17
0 25
0 14
0 24
0 114
0 30
0 16
0 50
0 21
0 99
0 43
0 19
0 43
0 137
0 28
0 93
0 34
0 16
0 10
0 15
0 24
0 36
0 39
0 24
0 22
0 10
0 12
0 96
0 10
0 38
0 13
0 184
0 125
0 31
0 10
0 28
0 35
0 11
0 25
0 13
0 23
0 17
0 37
0 34
0 37
0 83
0 7
0 21
0 27
0 42
0 8
0 91
0 59
0 18
0 29
0 21
0 43
0 101
0 18
0 30
0 23
0 13
0 80
0 8
0 57
0 253
0 12
0 14
0 98
0 21
0 62
0 17
0 43
0 89
0 73
0 129
0 15
0 26
0 65
0 17
0 49
0 21
0 99
0 27
0 20
0 13
0 6
0 26
0 32
0 17
0 28
0 52
0 57
0 49
0 54
0 21
0 23
0 15
0 51
0 12
0 32
0 81
0 56
0 31
0 49
0 62
0 21
0 37
0 146
0 23
0 45
0 10
0 61
0 39
0 102
0 17
0 125
0 42
0 95
0 19
0 20
0 25
0 8
0 163
0 19
0 64
0 14
0 27
0 71
0 12
0 14
0 21
0 42
0 79
0 27
0 17
0 10
0 48
0 8
0 16
0 15
0 7
0 58
0 27
0 42
0 50
0 14
0 58
0 37
0 8
0 20
0 12
0 14
0 32
0 57
0 146
0 19
0 12
0 28
0 67
0 13
0 24
0 49
0 92
0 26
0 61
0 20
0 25
0 30
0 31
0 46
0 14
0 75
0 61
0 19
0 7
0 107
0 14
0 64
0 18
0 88
0 11
0 23
0 10
0 14
0 57
0 106
0 19
0 11
0 29
0 35
0 26
0 11
0 19
0 29
0 47
0 59
0 112
0 155
0 57
0 38
0 16
0 27
0 11
0 68
0 16
0 28
0 54
0 12
0 24
0 27
0 16
0 65
0 28
0 8
0 63
0 7
0 18
0 14
0 13
0 13
0 14
0 20
0 52
0 16
0 29
0 13
0 67
0 9
0 13
0 129
0 53
0 167
0 8
0 49
0 14
0 67
0 38
0 27
0 66
0 10
0 6
0 17
0 106
0 22
0 18
0 22
0 48
0 20
0 79
0 24
0 11
0 19
0 95
0 38
0 10
0 14
0 84
0 100
0 36
0 38
0 11
0 70
0 19
0 364
0 89
0 14
0 20
0 16
0 8
0 27
0 35
0 18
0 7
0 16
0 9
0 14
1 2048
0 79
0 11
0 48
0 19
0 8
0 40
0 87
0 11
0 28
0 20
0 51
0 43
0 18
0 44
0 27
0 14
0 15
0 31
0 28
0 8
0 18
0 53
0 21
0 23
0 22
0 43
0 21
0 39
0 22
0 10
0 24
0 15
0 20
0 16
0 161
0 28
0 29
0 137
0 6
0 39
0 10
0 15
0 14
0 36
0 17
0 9
0 35
0 100
0 68
0 12
0 68
0 12
0 8
0 14
0 31
0 13
0 39
0 49
0 11
0 66
0 40
0 8
0 74
0 9
0 67
0 36
0 68
0 43
0 47
0 51
0 18
0 121
0 39
0 16
0 18
0 36
0 59
0 137
0 48
0 369
0 7
0 30
0 8
0 8
0 33
0 8
0 32
0 62
0 33
0 38
0 28
0 72
0 26
0 59
0 19
0 13
0 60
0 100
0 16
0 19
0 33
0 27
0 43
0 9
0 31
0 9
0 24
0 19
0 35
0 20
0 76
0 12
0 28
0 42
0 45
0 10
0 250
0 25
0 34
0 38
0 71
0 21
0 91
0 24
0 13
0 30
0 34
0 22
0 72
0 10
0 119
0 24
0 260
0 13
0 14
0 98
0 10
0 22
0 5
0 216
0 15
0 27
0 14
0 9
0 39
0 38
0 25
0 16
0 7
0 40
0 38
0 51
0 70
0 43
0 32
0 15
0 26
0 68
0 74
0 100
0 63
0 23
0 60
0 48
0 31
0 26
0 74
0 32
0 15
0 7
0 56
0 49
0 25
0 11
0 17
0 10
0 12
0 20
0 42
0 15
0 11
0 19
0 93
0 11
0 87
0 46
0 8
0 9
0 25
0 27
0 39
0 102
0 42
0 6
0 45
0 64
0 7
0 62
0 13
0 31
0 11
0 50
0 49
0 13
0 8
0 28
0 35
0 23
0 15
0 21
0 9
0 107
0 7
0 21
0 23
0 27
0 45
0 73
0 26
0 4
0 10
0 10
0 88
0 18
0 26
0 88
0 26
0 14
0 28
0 42
0 23
0 57
0 47
0 32
0 6
0 26
0 87
0 55
0 59
0 16
0 24
0 12
0 18
0 18
0 101
0 53
0 58
0 16
0 26
0 124
0 33
0 15
0 31
0 48
0 60
0 48
0 36
0 12
0 82
0 23
0 44
0 20
0 95
0 91
0 65
0 42
0 56
0 20
0 23
0 47
0 34
0 20
0 11
0 39
0 34
0 16
0 13
0 37
0 68
0 9
0 25
0 52
0 58
0 8
0 25
0 33
0 43
0 30
0 48
0 109
0 37
0 48
0 33
0 63
0 51
0 46
0 24
0 67
0 11
0 7
0 186
0 16
0 14
0 20
0 23
0 209
0 88
0 51
0 21
0 11
0 101
0 45
0 12
0 22
0 5
0 77
0 39
0 15
0 50
0 30
0 141
0 99
0 35
0 19
0 41
0 27
0 27
0 16
0 50
0 23
0 10
0 66
0 11
0 34
0 51
0 15
0 39
0 32
0 43
0 32
0 22
0 21
0 15
0 57
0 28
0 28
0 35
0 11
0 7
0 27
0 60
0 37
0 10
0 21
0 53
0 29
0 15
0 17
0 44
0 47
0 53
0 114
0 6
0 19
0 74
0 46
0 50
0 33
0 237
0 12
0 93
0 21
0 25
0 8
0 18
0 56
0 16
0 30
0 13
0 40
0 66
0 50
0 35
0 53
0 64
0 28
0 5
0 19
0 13
0 25
0 40
0 17
0 18
0 12
0 7
0 7
0 24
0 20
0 23
0 17
0 10
0 50
0 43
0 13
0 10
0 22
0 10
0 43
0 16
0 28
0 6
0 13
0 75
0 13
0 48
0 26
0 30
0 47
0 13
0 63
0 50
0 14
0 8
0 45
0 47
0 20
0 33
0 16
0 23
0 91
0 12
0 11
0 20
0 31
0 77
0 38
0 20
0 12
0 125
0 7
0 12
0 229
0 102
0 13
0 48
0 83
0 22
0 55
0 38
0 20
0 21
0 39
0 36
0 19
0 8
0 46
0 38
0 22
0 47
0 29
0 32
0 18
0 14
0 126
0 9
0 47
0 36
0 30
0 45
0 14
0 9
0 8
0 6
0 22
0 14
0 18
0 17
0 37
0 59
0 63
0 11
0 15
0 37
0 15
0 13
0 14
0 39
0 70
0 42
0 42
0 47
0 20
0 14
0 32
0 68
0 38
0 98
0 21
0 33
0 62
0 37
0 21
0 17
0 28
0 24
0 19
0 19
0 43
0 20
0 33
0 31
0 22
0 43
0 47
0 58
0 14
0 73
0 71
0 37
0 118
0 11
0 69
0 14
0 108
0 29
0 27
0 11
0 42
0 14
0 12
0 11
0 44
0 23
0 19
0 28
0 45
0 40
0 27
0 17
0 30
0 26
0 15
0 15
0 18
0 22
0 134
0 78
0 27
0 22
0 41
0 89
0 11
0 22
0 10
0 11
0 10
0 139
0 22
0 32
0 13
0 22
0 8
0 12
0 28
0 36
0 24
0 10
0 18
0 14
0 13
0 55
0 28
0 65
0 22
0 65
0 11
0 18
0 7
0 58
0 21
0 19
0 53
0 21
0 69
0 43
0 48
0 14
0 16
0 50
0 10
0 6
0 46
0 114
0 16
0 43
0 31
0 19
0 15
0 153
0 43
0 8
0 102
0 60
0 61
0 26
0 12
0 14
0 43
0 11
0 72
0 29
0 14
0 14
0 24
0 50
0 15
0 15
0 22
0 58
0 83
0 7
0 44
0 27
0 25
0 39
0 58
0 10
0 37
0 13
0 26
0 11
0 46
0 36
0 50
0 25
0 21
0 27
0 28
0 19
0 11
0 6
0 19
0 15
0 27
0 29
0 67
0 33
0 56
0 6
0 11
0 78
0 16
0 48
0 35
0 10
0 96
0 11
0 43
0 26
0 9
0 82
0 49
0 50
0 21
0 65
0 45
0 86
0 24
0 84
0 11
0 44
0 12
0 19
0 67
0 20
0 20
0 18
0 8
0 14
0 11
0 237
0 26
0 67
0 45
0 27
0 86
0 23
0 21
0 38
0 56
0 36
0 28
0 25
0 39
0 27
0 34
0 59
0 167
0 17
0 21
0 25
0 119
0 39
0 17
0 72
0 24
0 15
0 40
0 53
0 41
0 39
0 25
0 41
0 27
0 9
0 37
0 42
0 19
0 26
0 25
0 157
0 12
0 28
0 14
0 46
0 13
0 10
0 72
0 37
0 46
0 15
0 49
0 22
0 45
0 56
0 148
0 82
0 24
0 10
0 29
0 13
0 38
0 39
0 39
0 19
0 27
0 10
0 36
0 12
0 31
0 8
0 20
0 24
0 117
0 22
0 7
0 16
0 37
0 6
0 16
0 35
0 19
0 7
0 38
0 16
0 22
0 27
0 16
0 14
0 14
0 29
0 10
0 14
0 15
0 28
0 15
0 53
0 17
0 16
0 34
0 15
0 153
0 32
0 204
0 112
0 70
0 34
0 7
0 22
0 81
0 18
0 15
0 41
0 13
0 63
0 41
0 26
0 18
0 15
0 88
0 19
0 26
0 19
0 6
0 110
0 270
0 6
0 38
0 10
0 15
0 28
0 28
0 66
0 12
0 13
0 20
0 14
0 15
0 15
0 128
0 33
0 33
0 13
0 10
0 109
0 14
0 18
0 73
0 25
0 24
0 26
0 36
0 10
0 23
0 27
0 34
0 54
0 22
0 24
0 14
0 15
0 22
0 172
0 14
0 27
0 68
0 55
0 31
0 84
0 16
0 36
0 24
0 16
0 29
0 36
0 21
0 77
0 44
0 37
0 15
0 22
0 33
0 13
0 22
0 12
0 74
0 37
0 23
0 24
0 108
0 33
0 13
0 14
0 13
0 19
0 63
0 27
0 81
0 17
0 13
0 46
0 23
0 21
0 21
0 22
0 141
0 25
0 8
0 23
0 65
0 8
0 73
0 50
0 17
0 13
0 36
0 12
0 7
0 41
0 11
0 25
0 12
0 15
0 48
0 13
0 36
0 56
0 37
0 16
0 65
0 72
0 62
0 7
0 19
0 19
0 12
0 35
0 8
0 17
0 33
0 20
0 47
0 12
0 20
0 11
0 58
0 47
0 65
0 8
0 42
0 39
0 20
0 11
0 19
0 114
0 63
0 50
0 27
0 35
0 47
0 11
0 74
0 25
0 16
0 38
0 46
0 23
0 17
0 27
0 72
0 15
0 35
0 82
0 28
0 106
0 56
0 17
0 58
0 20
0 90
0 68
0 34
0 23
0 274
0 95
0 38
0 9
0 55
0 27
0 52
0 8
0 8
0 17
0 26
0 12
0 69
0 37
0 55
0 43
0 19
0 17
0 12
0 39
0 23
0 7
0 22
0 17
0 18
0 80
0 10
0 23
0 105
0 33
0 83
0 97
0 8
0 18
0 26
0 9
0 9
0 23
0 23
0 39
0 41
0 19
0 22
0 97
0 44
0 157
0 145
0 68
0 55
0 13
0 30
0 22
0 14
0 51
0 38
0 35
0 8
0 54
0 22
0 10
0 30
0 31
0 34
0 25
0 57
0 9
0 37
0 6
0 8
0 15
0 27
0 93
0 18
0 31
0 16
0 12
0 62
0 16
0 7
0 58
0 11
0 18
0 27
0 54
0 9
0 16
0 10
0 32
0 9
0 173
0 15
0 11
0 8
0 20
0 27
0 24
0 15
0 44
0 24
0 13
0 14
0 29
0 69
0 65
0 223
0 12
0 17
0 27
0 16
0 15
0 13
0 24
0 15
0 26
0 49
0 38
0 16
0 38
0 69
0 83
0 24
0 24
0 16
0 18
0 35
0 56
0 8
0 83
0 9
0 13
0 12
0 47
0 25
0 8
0 74
0 60
0 97
0 13
0 22
0 18
0 46
0 24
0 25
0 28
0 10
0 69
0 21
0 9
0 100
0 9
0 22
0 21
0 23
0 34
0 15
0 32
0 29
0 87
0 5
0 108
0 33
0 23
0 47
0 22
0 46
0 46
0 28
0 55
0 27
0 11
0 38
0 7
0 15
0 29
0 14
0 23
0 14
0 16
0 11
0 24
0 17
0 50
0 22
0 79
0 22
0 31
0 39
0 16
0 36
0 18
0 10
0 9
0 27
0 17
0 41
0 18
0 24
0 43
0 73
0 50
0 64
0 33
0 49
0 112
0 58
0 130
0 37
0 19
0 52
0 12
0 35
0 54
0 30
0 27
0 131
0 36
0 48
0 10
0 141
0 32
0 46
0 20
0 32
0 18
0 61
0 35
0 65
0 54
0 9
0 8
0 26
0 75
0 8
0 14
0 21
0 38
0 41
0 20
0 20
0 12
0 23
0 44
0 14
0 13
0 40
0 83
0 58
0 52
0 20
0 15
0 47
0 19
0 74
0 148
0 8
0 60
0 52
0 21
0 27
0 43
0 8
0 19
0 42
0 50
0 105
0 17
0 74
0 11
0 32
0 16
0 32
0 14
0 120
0 20
0 55
0 18
0 67
0 50
0 22
0 70
0 18
0 61
0 35
0 70
0 46
0 16
0 116
0 29
0 70
0 86
0 53
0 59
0 125
0 8
0 75
0 69
0 22
0 8
0 12
0 12
0 13
0 36
0 68
0 20
0 14
0 13
0 9
0 23
0 155
0 14
0 50
0 83
0 14
0 28
0 31
0 11
0 52
0 27
0 13
0 91
0 52
0 47
0 29
0 38
0 65
0 8
0 19
0 39
0 44
0 29
0 16
0 42
0 16
0 11
0 25
0 6
0 7
0 11
0 20
0 8
0 35
0 15
0 15
0 6
0 36
0 20
0 59
0 43
0 35
0 96
0 93
0 53
0 76
0 7
0 42
0 41
0 22
0 33
0 59
0 18
0 77
0 17
0 38
0 237
0 5
0 111
0 16
0 22
0 32
0 33
0 77
0 14
0 86
0 19
0 78
0 5
0 12
0 28
0 89
0 42
0 21
0 35
0 100
0 33
0 18
0 44
0 15
0 9
0 5
0 12
0 15
0 48
0 8
0 14
0 31
0 49
0 22
0 12
0 17
0 38
0 73
0 59
0 20
0 71
0 8
0 16
0 9
0 12
0 51
0 41
0 19
0 19
0 133
0 38
0 16
0 12
0 51
0 14
0 13
0 99
0 25
0 13
0 12
0 16
0 9
0 14
0 10
0 138
0 36
0 19
0 160
0 10
0 46
0 12
0 29
0 31
0 11
0 34
0 15
0 38
0 10
0 33
0 38
0 62
0 32
0 38
0 12
0 6
0 17
0 31
0 81
0 76
0 33
0 11
0 16
0 14
0 210
0 135
0 36
0 70
0 23
0 7
0 17
0 27
0 37
0 26
0 30
0 291
0 24
0 14
0 11
0 174
0 25
0 28
0 88
0 53
0 70
0 18
0 33
0 34
0 23
0 12
0 56
0 14
0 15
0 30
0 10
0 25
0 20
0 15
0 19
0 21
0 13
0 31
0 37
0 9
0 25
0 35
0 11
0 10
0 51
0 7
0 46
0 58
0 21
0 24
0 20
0 73
0 8
0 121
0 61
0 60
0 8
0 68
0 14
0 42
0 10
0 31
0 34
0 23
0 60
0 38
0 6
0 46
0 35
0 21
0 62
0 289
0 17
0 21
0 8
0 15
0 16
0 12
0 12
0 21
0 8
0 12
0 51
0 15
0 53
0 33
0 10
0 72
0 11
0 111
0 11
0 69
0 33
0 14
0 5
0 59
0 13
0 122
0 8
0 27
0 118
0 11
0 12
0 79
0 9
0 31
0 20
0 12
0 18
0 21
0 55
0 36
0 34
0 41
0 32
0 35
0 61
0 13
0 42
0 8
0 83
0 49
0 25
0 42
0 16
0 51
0 10
0 59
0 67
0 36
0 46
0 6
0 25
0 43
0 64
0 48
0 15
0 6
0 30
0 18
0 86
0 42
0 45
0 20
0 14
0 12
0 38
0 10
0 25
0 79
0 82
0 18
0 12
0 20
0 62
0 31
0 19
0 11
0 56
0 10
0 53
0 12
0 28
0 29
0 57
0 15
0 313
0 49
0 20
0 21
0 18
0 16
0 37
0 28
0 42
0 44
0 77
0 63
0 46
0 51
0 17
0 36
0 91
0 12
0 69
0 71
0 22
0 56
0 16
0 15
0 33
0 65
0 14
0 33
0 42
0 112
0 94
0 13
0 21
0 22
0 64
0 50
0 30
0 18
0 40
0 17
0 92
0 18
0 16
0 21
0 27
0 82
0 9
0 11
0 22
0 31
0 44
0 75
0 17
0 11
0 40
0 16
0 44
0 75
0 104
0 32
0 26
0 25
0 17
0 22
0 55
0 64
0 39
0 59
0 108
0 52
0 34
0 24
0 123
0 33
0 10
0 29
0 9
0 29
0 43
0 106
0 12
0 11
0 32
0 12
0 64
0 23
0 28
0 21
0 14
0 44
0 33
0 9
0 25
0 19
0 10
0 18
0 40
0 62
0 17
0 31
0 17
0 13
0 37
0 21
0 27
0 45
0 38
0 15
0 27
0 17
0 110
0 9
0 16
0 33
0 25
0 55
0 30
0 21
0 52
0 22
0 7
0 30
0 24
0 35
0 54
0 88
0 13
0 86
0 13
0 117
0 19
0 17
0 33
0 31
0 53
0 10
0 9
0 17
0 17
0 11
0 10
0 47
0 18
0 26
0 36
0 54
0 26
0 35
0 20
0 66
0 52
0 14
0 13
0 20
0 15
0 23
0 18
0 25
0 6
0 23
0 9
0 41
0 93
0 19
0 67
0 29
0 40
0 54
0 14
0 8
0 22
0 73
0 15
0 30
0 18
0 8
0 44
0 46
0 13
0 16
0 23
0 120
0 25
0 146
0 22
0 78
0 53
0 23
0 15
0 56
0 18
0 43
0 19
0 28
0 6
0 27
0 23
0 21
0 26
0 98
0 24
0 25
0 66
0 16
0 32
0 64
0 45
0 39
0 44
0 19
0 24
0 22
0 66
0 8
0 37
0 29
0 16
0 19
0 142
0 129
0 18
0 54
0 44
0 14
0 200
0 77
0 27
0 19
0 15
0 7
0 14
0 107
0 25
0 51
0 21
0 13
0 25
0 10
0 98
0 14
0 28
0 16
0 49
0 22
0 36
0 23
0 48
0 27
0 36
0 38
0 138
0 237
0 12
0 105
0 5
0 85
0 20
0 49
0 80
0 9
0 102
0 28
0 44
0 9
0 34
0 23
0 16
0 40
0 8
0 9
0 16
0 73
0 26
0 14
0 52
0 104
0 15
0 50
0 22
0 30
0 12
0 44
0 19
0 38
0 104
0 30
0 101
0 28
0 16
0 44
0 50
0 5
0 42
0 28
0 35
0 29
0 11
0 24
0 449
0 108
0 22
0 27
0 47
0 8
0 21
0 15
0 87
0 36
0 12
0 27
0 23
0 52
0 23
0 26
0 31
0 15
0 44
0 74
0 22
0 35
0 17
0 43
0 8
0 34
0 16
0 27
0 354
0 11
0 59
0 379
0 17
0 49
0 68
0 37
0 31
0 68
0 32
0 46
0 59
0 14
0 27
0 35
0 11
0 38
0 14
0 28
0 52
0 30
0 47
0 65
0 19
0 25
0 46
0 244
0 155
0 15
0 20
0 28
0 14
0 14
0 11
0 18
0 12
0 9
0 127
0 13
0 46
0 198
0 17
0 46
0 16
0 27
0 61
0 124
0 16
0 13
0 47
0 60
0 7
0 32
0 8
0 475
0 10
0 26
0 66
0 22
0 13
0 28
0 133
0 42
0 9
0 44
0 20
0 17
0 106
0 40
0 24
0 103
0 61
0 45
0 31
0 10
0 34
0 13
0 44
0 33
0 89
0 13
0 42
0 56
0 21
0 39
0 74
0 12
0 11
0 64
0 78
0 119
0 41
0 23
0 34
0 37
0 33
0 32
0 21
0 9
0 15
0 44
0 34
0 15
0 50
0 37
0 63
0 12
0 12
0 19
0 15
0 160
0 19
0 9
0 43
0 24
0 19
0 42
0 143
0 35
0 71
0 13
0 65
0 49
0 15
0 28
0 27
0 7
0 21
0 14
0 129
0 12
0 10
0 28
0 36
0 23
0 11
0 20
0 95
0 16
0 29
0 48
0 45
0 104
0 16
0 39
0 66
0 125
0 6
0 28
0 63
0 14
0 53
0 48
0 42
0 13
0 20
0 23
0 117
0 26
0 8
0 24
0 95
0 37
0 11
0 194
0 50
0 59
0 50
0 28
0 13
0 41
0 58
0 118
0 31
0 28
0 37
0 89
0 31
0 15
0 15
0 19
0 525
0 59
0 21
0 18
0 11
0 27
0 24
0 56
0 6
0 10
0 17
0 54
0 8
0 20
0 24
0 11
0 18
0 87
0 13
0 34
0 13
0 21
0 21
0 18
0 14
0 14
0 10
0 31
0 61
0 13
0 19
0 15
0 17
0 25
0 15
0 31
0 36
0 27
0 21
0 10
0 91
0 22
0 12
0 78
0 36
0 8
0 13
0 24
0 36
0 22
0 44
0 12
0 34
0 33
0 33
0 222
0 79
0 9
0 36
0 28
0 176
0 33
0 16
0 58
0 41
0 41
0 9
0 29
0 105
0 39
0 94
0 68
0 142
0 51
0 19
0 95
0 124
0 28
0 38
0 11
0 82
0 50
0 27
0 15
0 30
0 37
0 16
0 113
0 30
0 10
0 7
0 91
0 70
0 122
0 17
0 61
0 32
0 19
0 71
0 32
0 43
0 45
0 16
0 20
0 9
0 11
0 73
0 15
0 130
0 25
0 12
0 79
0 13
0 161
0 42
0 46
0 16
0 73
0 14
0 10
0 40
0 65
0 87
0 40
0 4
0 27
0 8
0 70
0 10
0 9
0 72
0 37
0 32
0 14
0 17
0 13
0 9
0 30
0 87
0 55
0 47
0 34
0 9
0 19
0 64
0 45
0 36
0 19
0 100
0 45
0 23
0 16
0 48
0 59
0 129
0 35
0 103
0 22
0 9
0 11
0 7
0 22
0 34
0 52
0 11
0 110
0 19
0 40
0 21
0 56
0 45
0 14
0 44
0 21
0 102
0 96
0 22
0 18
0 15
0 13
0 29
0 30
0 23
0 10
0 17
0 16
0 29
0 22
0 32
0 52
0 57
0 30
0 13
0 106
0 36
0 40
0 22
0 58
0 38
0 42
0 68
0 15
0 14
0 10
0 33
0 15
0 102
0 16
0 248
0 19
0 28
0 11
0 10
0 24
0 41
0 25
0 20
0 23
0 12
0 34
0 23
0 21
0 37
0 50
0 13
0 28
0 119
0 23
0 97
0 21
0 25
0 36
0 14
0 13
0 23
0 29
0 17
0 27
0 33
0 31
0 23
0 24
0 26
0 34
0 77
0 11
0 21
0 7
0 91
0 31
0 61
0 14
0 12
0 6
0 216
0 23
0 21
0 29
0 181
0 11
0 56
0 7
0 16
0 246
0 124
0 10
0 4
0 47
0 20
0 5
0 28
0 47
0 12
0 127
0 13
0 38
0 31
0 18
0 63
0 119
0 22
0 13
0 20
0 30
0 29
0 25
0 12
0 8
0 7
0 15
0 26
0 8
0 97
0 36
0 116
0 90
0 14
0 62
0 22
0 11
0 11
0 27
0 74
0 8
0 56
0 13
0 28
0 25
0 18
0 24
0 22
0 19
0 13
0 38
0 115
0 34
0 43
0 37
0 50
0 33
0 60
0 37
0 12
0 100
0 24
0 373
0 30
0 27
0 17
0 22
0 32
0 36
0 8
0 62
0 16
0 17
0 18
0 24
0 45
0 52
0 167
0 10
0 14
0 26
0 17
0 17
0 10
0 26
0 17
0 12
0 40
0 13
0 42
0 50
0 34
0 15
0 16
0 12
0 33
0 34
0 79
0 16
0 10
0 11
0 12
0 26
0 10
0 46
0 14
0 14
0 11
0 7
0 39
0 5
0 15
0 26
0 5
0 67
0 108
0 114
0 32
0 28
0 30
0 13
0 16
0 27
0 15
0 8
0 36
0 10
0 23
0 43
0 48
0 11
0 53
0 18
0 16
0 40
0 46
0 41
0 25
0 79
0 29
0 55
0 21
0 33
0 39
0 12
0 22
0 21
0 29
0 117
0 22
0 10
0 11
0 40
0 17
0 22
0 21
0 17
0 10
0 49
0 39
0 21
0 49
0 97
0 27
0 17
0 15
0 91
0 65
0 17
0 75
0 32
0 27
0 19
0 50
0 16
0 156
0 35
0 57
0 11
0 14
0 27
0 79
0 31
0 16
0 34
0 19
0 98
0 18
0 32
0 7
0 13
0 16
0 11
0 7
0 9
0 28
0 34
0 13
0 47
0 40
0 19
0 24
0 31
0 60
0 56
0 114
0 40
0 20
0 83
0 132
0 26
0 21
0 28
0 81
0 11
0 409
0 14
0 510
0 7
0 25
0 33
0 69
0 30
0 15
0 54
0 114
0 134
0 21
0 27
0 34
0 33
0 17
0 18
0 40
0 29
0 24
0 32
0 38
0 77
0 41
0 23
0 11
0 8
0 11
0 20
0 58
0 7
0 8
0 35
0 10
0 23
0 16
0 61
0 39
0 33
0 183
0 23
0 30
0 69
0 33
0 71
0 119
0 26
0 40
0 35
0 19
0 28
0 19
0 25
0 201
0 12
0 12
0 58
0 133
0 46
0 43
0 122
0 25
0 66
0 10
0 14
0 18
0 11
0 14
0 22
0 36
0 10
0 13
0 172
0 94
0 18
0 31
0 49
0 22
0 14
0 12
0 16
0 28
0 106
0 33
0 63
0 41
0 25
0 94
0 42
0 96
0 36
0 23
0 5
0 10
0 31
0 37
0 45
0 39
0 9
0 35
0 14
0 35
0 82
0 43
0 20
0 16
0 12
0 23
0 22
0 20
0 91
0 11
0 23
0 143
0 19
0 37
0 58
0 75
0 96
0 12
0 18
0 10
0 14
0 25
0 9
0 22
0 10
0 42
0 8
0 20
0 14
0 7
0 139
0 45
0 44
0 25
0 32
0 26
0 7
0 39
0 13
0 32
0 52
0 12
0 28
0 64
0 14
0 135
0 39
0 7
0 96
0 10
0 115
0 11
0 55
0 59
0 29
0 112
0 9
0 27
0 14
0 49
0 19
0 8
0 31
0 347
0 33
0 128
0 99
0 36
0 113
0 24
0 31
0 17
0 72
0 89
0 44
0 17
0 48
0 31
0 46
0 38
0 20
0 23
0 38
0 55
0 37
0 36
0 27
0 72
0 12
0 33
0 97
0 13
0 99
0 17
0 13
0 25
0 91
0 10
0 35
0 33
0 32
0 11
0 19
0 93
0 25
0 4
0 48
0 32
0 22
0 82
0 12
0 8
0 26
0 35
0 37
0 9
0 41
0 37
0 37
0 6
0 42
0 14
0 50
0 120
0 15
0 6
0 8
0 39
0 33
0 34
0 49
0 20
0 272
0 77
0 39
0 97
0 41
0 7
0 21
0 35
0 31
0 12
0 16
0 35
0 19
0 34
0 9
0 15
0 15
0 15
0 11
0 26
0 13
0 14
0 15
0 99
0 52
0 133
0 41
0 11
0 6
0 122
0 15
0 23
0 6
0 35
0 46
0 83
0 17
0 15
0 14
0 28
0 16
0 104
0 108
0 30
0 22
0 30
0 22
0 16
0 28
0 15
0 17
0 10
0 6
0 16
0 19
0 26
0 14
0 19
0 38
0 10
0 8
0 34
0 53
0 17
0 25
0 170
0 108
0 13
0 8
0 96
0 28
0 47
0 52
0 6
0 8
0 32
0 38
0 8
0 18
0 12
0 20
0 62
0 15
0 9
0 634
0 276
0 44
0 9
0 42
0 108
0 77
0 99
0 80
0 15
0 9
0 16
0 21
0 36
0 11
0 11
0 51
0 27
0 22
0 22
0 37
0 36
0 10
0 41
0 14
0 30
0 27
0 53
0 26
0 188
0 26
0 70
0 25
0 15
0 6
0 64
0 53
0 29
0 32
0 6
0 9
0 31
0 15
0 26
0 18
0 8
0 73
0 14
0 23
0 16
0 21
0 11
0 38
0 17
0 10
0 68
0 23
0 6
0 29
0 30
0 141
0 17
0 46
0 10
0 18
0 30
0 181
0 20
0 21
0 62
0 27
0 30
0 28
0 30
0 13
0 57
0 28
0 153
0 4
0 29
0 24
0 108
0 89
0 8
0 10
0 51
0 56
0 18
0 24
0 41
0 25
0 23
0 15
0 17
0 39
0 36
0 10
0 162
0 19
0 15
0 23
0 30
0 20
0 34
0 25
0 40
0 74
0 93
0 23
0 13
0 36
0 89
0 18
0 9
0 75
0 5
0 13
0 23
0 25
0 10
0 50
0 59
0 25
0 52
0 30
0 20
0 13
0 14
0 6
0 14
0 13
0 69
0 7
0 32
0 42
0 23
0 24
0 23
0 35
0 26
0 99
0 105
0 8
0 46
0 86
0 50
0 74
0 24
0 27
0 22
0 41
0 21
0 172
0 19
0 51
0 6
0 11
0 134
0 25
0 17
0 85
0 101
0 7
0 20
0 86
0 52
0 52
0 6
0 12
0 26
0 17
0 20
0 49
0 24
0 22
0 18
0 52
0 23
0 77
0 16
0 48
0 87
0 14
0 30
0 43
0 14
0 14
0 48
0 11
0 67
0 12
0 28
0 46
0 94
0 14
0 12
0 42
0 18
0 51
0 30
0 26
0 43
0 10
0 14
0 22
0 82
0 15
0 41
0 14
0 24
0 37
0 22
0 57
0 14
0 15
0 27
0 11
0 5
0 72
0 9
0 32
0 25
0 32
0 15
0 37
0 29
0 1118
0 15
0 83
0 32
0 25
0 92
0 10
0 8
0 17
0 38
0 110
0 41
0 23
0 40
0 35
0 36
0 25
0 96
0 26
0 15
0 21
0 20
0 23
0 18
0 40
0 11
0 33
0 28
0 9
0 44
0 24
0 17
0 35
0 45
0 15
0 83
0 17
0 70
0 8
0 10
0 8
0 8
0 22
0 30
0 35
0 68
0 10
0 15
0 33
0 18
0 7
0 20
0 45
0 20
0 12
0 31
0 8
0 24
0 53
0 22
0 89
0 21
0 52
0 24
0 10
0 37
0 28
0 92
0 11
0 26
0 13
0 19
0 18
0 18
0 16
0 38
0 80
0 19
0 52
0 23
0 22
0 24
0 6
0 26
0 7
0 10
0 21
0 9
0 75
0 13
0 7
0 75
0 37
0 4
0 108
0 10
0 44
0 10
0 27
0 18
0 64
0 8
0 23
0 14
0 17
0 8
0 13
0 31
0 59
0 34
0 90
0 21
0 5
0 42
0 19
0 82
0 36
0 15
0 16
0 85
0 26
0 21
0 30
0 9
0 12
0 65
0 80
0 40
0 105
0 23
0 12
0 42
0 20
0 43
0 19
0 90
0 50
0 13
0 17
0 31
0 16
0 10
0 69
0 25
0 67
0 34
0 22
0 46
0 18
0 9
0 19
0 50
0 40
0 48
0 16
0 10
0 53
0 23
0 63
0 15
0 17
0 10
0 82
0 24
0 35
0 90
0 23
0 44
0 24
0 14
0 8
0 40
0 12
0 66
0 56
0 57
0 14
0 39
0 131
0 17
0 10
0 40
0 26
0 23
0 41
0 14
0 18
0 46
0 145
0 29
0 17
0 22
0 16
0 142
0 13
0 50
0 10
0 35
0 19
0 29
0 24
0 39
0 85
0 14
0 10
0 17
0 70
0 17
0 23
0 30
0 9
0 14
0 15
0 73
0 34
0 10
0 99
0 36
0 27
0 31
0 15
0 32
0 18
0 51
0 14
0 15
0 13
0 21
0 13
0 32
0 33
0 9
0 15
0 36
0 23
0 21
0 34
0 22
0 116
0 12
0 9
0 94
0 10
0 72
0 43
0 43
0 90
0 7
0 14
0 20
0 19
0 58
0 21
0 18
0 39
0 22
0 9
0 39
0 8
0 18
0 114
0 12
0 53
0 17
0 76
0 13
0 55
0 27
0 26
0 131
0 120
0 17
0 6
0 37
0 42
0 8
0 12
0 10
0 19
0 47
0 34
0 80
0 49
0 66
0 8
0 237
0 9
0 36
0 30
0 11
0 15
0 186
0 20
0 13
0 17
0 77
0 11
0 13
0 47
0 27
0 56
0 31
0 8
0 59
0 31
0 9
0 19
0 34
0 31
0 15
0 29
0 23
0 24
0 33
0 17
0 16
0 36
0 40
0 227
0 20
0 27
0 34
0 13
0 28
0 74
0 11
0 51
0 8
0 37
0 20
0 53
0 9
0 10
0 8
0 19
0 11
0 53
0 7
0 78
0 24
0 10
0 24
0 44
0 77
0 15
0 18
0 22
0 22
0 39
0 18
0 15
0 25
0 24
0 10
0 8
0 66
0 28
0 23
0 13
0 10
0 18
0 37
0 18
0 36
0 36
0 32
0 17
0 16
0 9
0 41
0 32
0 57
0 39
0 162
0 65
0 36
0 30
0 24
0 13
0 21
0 21
0 110
0 7
0 21
0 47
0 118
0 110
0 62
0 32
0 66
0 43
0 22
0 7
0 31
0 14
0 16
0 10
0 19
0 31
0 107
0 9
0 69
0 14
0 19
0 50
0 44
0 54
0 22
0 8
0 20
0 48
0 52
0 67
0 14
0 29
0 26
0 51
0 20
0 27
0 127
0 47
0 103
0 45
0 35
0 8
0 11
0 45
0 26
0 11
0 62
0 46
0 47
0 199
0 21
0 11
0 10
0 247
0 27
0 58
0 58
0 29
0 12
0 5
0 39
0 10
0 48
0 37
0 8
0 9
0 28
0 73
0 23
0 32
0 20
0 20
0 8
0 695
0 10
0 13
0 12
0 29
0 37
0 11
0 30
0 17
0 12
0 16
0 14
0 14
0 22
0 19
0 69
0 23
0 28
0 42
0 17
0 12
0 9
0 13
0 18
0 23
0 29
0 30
0 9
0 17
0 15
0 18
0 43
0 89
0 49
0 19
0 25
0 261
0 25
0 70
0 22
0 30
0 60
0 17
0 30
0 22
0 41
0 23
0 10
0 9
0 28
0 10
0 32
0 21
0 116
0 56
0 49
0 32
0 56
0 25
0 43
0 32
0 25
0 31
0 72
0 77
0 74
0 87
0 31
0 19
0 34
0 46
0 23
0 29
0 95
0 134
0 30
0 37
0 9
0 7
0 35
0 91
0 22
0 28
0 30
0 55
0 15
0 20
0 31
0 50
0 275
0 38
0 15
0 26
0 18
0 33
0 22
0 59
0 88
0 16
0 19
0 28
0 38
0 174
0 51
0 9
0 17
0 41
0 48
0 28
0 69
0 22
0 11
0 47
0 39
0 15
0 18
0 22
0 14
0 17
0 17
0 25
0 17
0 24
0 30
0 9
0 48
0 83
0 69
0 33
0 25
0 12
0 8
0 17
0 21
0 81
0 17
0 11
0 34
0 97
0 26
0 24
0 18
0 31
0 17
0 5
0 10
0 32
0 41
0 57
0 21
0 55
0 75
0 17
0 11
0 34
0 53
0 32
0 9
0 23
0 24
0 18
0 9
0 9
0 36
0 21
0 89
0 11
0 14
0 56
0 8
0 24
0 56
0 36
0 24
0 11
0 9
0 17
0 31
0 45
0 31
0 24
0 31
0 108
0 27
0 54
0 33
0 29
0 76
0 57
0 50
0 95
0 80
0 158
0 14
0 9
0 45
0 35
0 74
0 18
0 57
0 13
0 13
0 9
0 11
0 27
0 41
0 16
0 114
0 44
0 21
0 23
0 50
0 13
0 104
0 35
0 15
0 25
0 68
0 89
0 18
0 14
0 45
0 26
0 33
0 14
0 55
0 9
0 37
0 4
0 33
0 22
0 48
0 29
0 15
0 49
0 13
0 10
0 17
0 50
0 13
0 27
0 153
0 16
0 9
0 88
0 19
0 19
0 38
0 10
0 22
0 20
0 44
0 7
0 66
0 13
0 36
0 14
0 25
0 26
0 15
0 37
0 152
0 74
0 46
0 23
0 26
0 27
0 104
0 42
0 23
0 66
0 23
0 22
0 17
0 58
0 104
0 36
0 127
0 129
0 48
0 98
0 43
0 60
0 42
0 9
0 9
0 11
0 85
0 19
0 41
0 51
0 11
0 26
0 37
0 6
0 20
0 8
0 22
0 88
0 37
0 44
0 15
0 64
0 72
0 25
0 28
0 39
0 11
0 31
0 38
0 14
0 52
0 41
0 36
0 24
0 29
0 59
0 43
0 49
0 58
0 207
0 48
0 65
0 34
0 53
0 5
0 20
0 9
0 24
0 22
0 16
0 62
0 29
0 53
0 31
0 28
0 12
0 18
0 71
0 11
0 14
0 22
0 24
0 40
0 43
0 25
0 10
0 60
0 63
0 41
0 72
0 46
0 11
0 55
0 32
0 30
0 24
0 6
0 34
0 15
0 47
0 6
0 15
0 26
0 23
0 12
0 45
0 34
0 45
0 44
0 11
0 15
0 21
0 15
0 41
0 13
0 11
0 14
0 178
0 97
0 37
0 33
0 63
0 10
0 25
0 68
0 32
0 59
0 15
0 68
0 10
0 102
0 8
0 74
0 21
0 28
0 235
0 44
0 8
0 29
0 43
0 95
0 6
0 21
0 19
0 125
0 7
0 8
0 32
0 19
0 46
0 39
0 19
0 25
0 22
0 29
0 12
0 122
0 29
0 14
0 15
0 10
0 38
0 84
0 37
0 52
0 28
0 37
0 44
0 17
0 40
0 18
0 24
0 9
0 40
0 12
0 79
0 50
0 9
0 84
0 49
0 55
0 24
0 41
0 47
0 18
0 73
0 28
0 279
0 43
0 13
0 25
0 16
0 43
0 31
0 13
0 50
0 52
0 28
0 27
0 153
0 28
0 21
0 42
0 65
0 20
0 25
0 21
0 27
0 144
0 21
0 22
0 51
0 67
0 17
0 64
0 7
0 10
0 8
0 42
0 33
0 11
0 727
0 25
0 43
0 40
0 12
0 45
0 37
0 110
0 30
0 16
0 55
0 70
0 14
0 10
0 33
0 9
0 91
0 8
0 70
0 5
0 14
0 54
0 9
0 22
0 21
0 83
0 18
0 9
0 19
0 30
0 41
0 42
0 58
0 10
0 35
0 85
0 19
0 31
0 7
0 16
0 10
0 27
0 14
0 70
0 81
0 24
0 34
0 20
0 62
0 85
0 14
0 46
0 34
0 52
0 149
0 43
0 13
0 24
0 38
0 20
0 140
0 14
0 26
0 24
0 37
0 36
0 22
0 7
0 16
0 69
0 73
0 103
0 73
0 11
0 7
0 58
0 29
0 48
0 63
0 14
0 12
0 19
0 57
0 30
0 11
0 12
0 21
0 94
0 18
0 10
0 59
0 10
0 50
0 33
0 333
0 34
0 5
0 23
0 167
0 29
0 61
0 10
0 16
0 88
0 48
0 22
0 23
0 15
0 24
0 41
0 25
0 17
0 24
0 32
0 158
0 51
0 16
0 93
0 17
0 53
0 30
0 8
0 31
0 57
0 18
0 10
0 56
0 17
0 9
0 49
0 14
0 14
0 20
0 24
0 18
0 44
0 10
0 37
0 10
0 87
0 72
0 21
0 11
0 26
0 32
0 30
0 16
0 35
0 64
0 10
0 18
0 29
0 36
0 151
0 69
0 19
0 43
0 45
0 11
0 64
0 22
0 193
0 6
0 12
0 37
0 74
0 69
0 25
0 185
0 8
0 21
0 9
0 20
0 109
0 12
0 71
0 24
0 47
0 14
0 13
0 32
0 33
0 16
0 22
0 157
0 18
0 22
0 42
0 48
0 33
0 21
0 24
0 15
0 10
0 81
0 14
0 34
0 13
0 12
0 27
0 29
0 99
0 89
0 8
0 17
0 32
0 19
0 82
0 23
0 27
0 19
0 27
0 42
0 8
0 309
0 10
0 11
0 72
0 18
0 33
0 14
0 31
0 39
0 34
0 16
0 13
0 324
0 39
0 41
0 12
0 15
0 46
0 24
0 61
0 10
0 6
0 88
0 46
0 27
0 28
0 57
0 24
0 31
0 49
0 10
0 31
0 42
0 26
0 10
0 18
0 41
0 9
0 23
0 40
0 25
0 16
0 94
0 28
0 11
0 23
0 11
0 9
0 6
0 354
0 15
0 103
0 107
0 46
0 57
0 24
0 40
0 34
0 5
0 27
0 13
0 35
0 52
0 5
0 41
0 26
0 13
0 74
0 19
0 12
0 18
0 16
0 33
0 16
0 7
0 39
0 38
0 10
0 7
0 33
0 91
0 29
0 10
0 30
0 10
0 12
0 22
0 14
0 20
0 33
0 34
0 37
0 46
0 40
0 61
0 25
0 41
0 27
0 23
0 47
0 36
0 51
0 32
0 33
0 89
0 26
0 20
0 79
0 46
0 10
0 42
0 56
0 6
0 54
0 13
0 101
0 44
0 72
0 21
0 13
0 46
0 15
0 34
0 53
0 15
0 49
0 10
0 40
0 53
0 7
0 26
0 12
0 13
0 40
0 26
0 32
0 19
0 31
0 22
0 29
0 24
0 58
0 19
0 15
0 22
0 11
0 34
0 64
0 66
0 41
0 267
0 32
0 76
0 12
0 173
0 53
0 86
0 99
0 21
0 12
0 27
0 73
0 7
0 40
0 55
0 12
0 35
0 17
0 51
0 20
0 31
0 16
0 54
0 16
0 21
0 10
0 61
0 46
0 44
0 7
0 148
0 32
0 25
0 32
0 19
0 9
0 13
0 35
0 30
0 13
0 24
0 64
0 20
0 32
0 12
0 9
0 7
0 15
0 49
0 10
0 27
0 14
0 25
0 90
0 30
0 35
0 42
0 9
0 14
0 50
0 17
0 69
0 59
0 15
0 5
0 22
0 31
0 111
0 38
0 16
0 20
0 8
0 19
0 36
0 80
0 11
0 57
0 56
0 18
0 42
0 62
0 8
0 98
0 13
0 57
0 51
0 43
0 18
0 14
0 28
0 121
0 55
0 19
0 142
0 65
0 34
0 12
0 43
0 62
0 149
0 62
0 80
0 23
0 62
0 18
0 19
0 58
0 135
0 16
0 7
0 13
0 15
0 18
0 16
0 53
0 73
0 47
0 26
0 16
0 47
0 31
0 18
0 33
0 12
0 190
0 77
0 16
0 64
0 55
0 14
0 119
0 18
0 47
0 18
0 28
0 26
0 20
0 56
0 18
0 9
0 87
0 6
0 12
0 34
0 51
0 68
0 21
0 14
0 41
0 23
0 11
0 91
0 110
0 22
0 11
0 18
0 93
0 45
0 28
0 36
0 20
0 34
0 13
0 17
0 6
0 17
0 39
0 164
0 31
0 86
0 18
0 19
0 16
0 23
0 35
0 103
0 28
0 23
0 14
0 98
0 68
0 13
0 11
0 34
0 144
0 12
0 68
0 48
0 34
