# SA for random K-SAT
# K = 3   N = 2048   M = 7424   seed = 4147270231
# alpha = 3.625000   nIter = 2048  Tmax = 0.200000
# 1:lowestUnsat  2:runTime
0 278
0 423
0 501
0 302
0 365
0 373
0 289
0 446
0 441
0 573
0 491
0 354
0 496
0 477
0 381
0 259
0 292
0 247
0 385
0 304
0 536
0 222
0 549
0 508
0 507
0 431
0 371
0 442
0 408
0 411
0 342
0 325
0 398
0 473
0 490
0 386
0 712
0 370
0 225
0 531
0 443
0 348
0 264
0 368
0 424
0 301
0 513
0 267
0 230
0 396
0 489
0 421
0 356
0 419
0 337
0 324
0 250
0 399
0 617
0 544
0 251
0 125
0 269
0 774
0 363
0 315
0 439
0 416
0 436
0 303
0 264
0 388
0 326
0 775
0 403
0 594
0 793
0 325
0 421
0 526
0 335
0 497
0 416
0 423
0 300
0 328
0 293
0 379
0 342
0 273
0 312
0 359
0 346
0 460
0 503
0 328
0 640
0 214
0 328
0 335
0 454
0 440
0 436
0 270
0 281
0 503
0 475
0 331
0 675
0 534
0 279
0 410
0 356
0 433
0 416
0 317
0 223
0 414
0 600
0 454
0 778
0 362
0 404
0 339
0 414
0 441
0 427
0 110
0 327
0 907
0 235
0 377
0 319
0 462
0 151
0 346
0 253
0 412
0 416
0 351
0 478
0 389
0 334
0 361
0 390
0 485
0 217
0 331
0 522
0 273
0 362
0 158
0 222
0 321
0 461
0 255
0 397
0 368
0 391
0 787
0 311
0 428
0 510
0 307
0 452
0 330
0 342
0 587
0 456
0 259
0 420
0 497
0 343
0 380
0 348
0 199
0 389
0 356
0 274
0 307
0 199
0 393
0 372
0 430
0 469
0 342
0 293
0 239
0 260
0 453
0 349
0 250
0 373
0 501
0 546
0 244
0 418
0 262
0 424
0 330
0 235
0 458
0 807
0 317
0 431
0 698
0 482
0 384
0 342
0 371
0 285
0 376
0 309
0 229
0 403
0 245
0 250
0 380
0 390
0 362
0 457
0 405
0 437
0 342
0 494
0 341
0 371
0 401
0 384
0 195
0 415
0 373
0 470
0 420
0 323
0 334
0 214
0 320
0 476
0 383
0 775
0 445
0 473
0 387
0 233
0 466
0 391
0 320
0 324
0 526
0 408
0 186
0 488
0 319
0 593
0 469
0 460
0 368
0 235
0 492
0 256
0 354
0 370
0 573
0 504
0 282
0 441
0 336
0 274
0 403
0 381
0 409
0 271
0 395
0 311
0 340
0 387
0 591
0 583
0 361
0 350
0 277
0 422
0 368
0 273
0 502
0 469
0 424
0 436
0 299
0 577
0 453
0 384
0 377
0 313
0 321
0 264
0 523
0 306
0 369
0 496
0 388
0 519
0 408
0 300
0 433
0 336
0 271
0 233
0 380
0 463
0 395
0 396
0 190
0 467
0 982
0 414
0 293
0 354
0 252
0 388
0 413
0 224
0 373
0 328
0 520
0 387
0 487
0 503
0 348
0 576
0 406
0 296
0 234
0 304
0 309
0 256
0 362
0 249
0 318
0 252
0 380
0 541
0 406
0 362
0 268
0 580
0 386
0 347
0 359
0 462
0 562
0 428
0 302
0 271
0 887
0 247
0 686
0 360
0 345
0 356
0 378
0 602
0 402
0 436
0 492
0 334
0 586
0 276
0 355
0 231
0 214
0 444
0 320
0 367
0 195
0 264
0 262
0 352
0 315
0 452
0 531
0 306
0 274
0 485
0 726
0 294
0 297
0 550
0 676
0 264
0 455
0 256
0 534
0 319
0 322
0 417
0 267
0 344
0 315
0 319
0 984
0 373
0 434
0 469
0 228
0 437
0 386
0 330
0 247
0 392
0 485
0 406
0 397
0 320
0 610
0 354
0 406
0 368
0 561
0 266
0 388
0 246
0 298
0 349
0 478
0 559
0 505
0 858
0 246
0 528
0 361
0 425
0 613
0 154
0 141
0 355
0 349
0 350
0 257
0 338
0 374
0 514
0 456
0 322
0 556
0 439
0 335
0 362
0 475
0 366
0 766
0 210
0 364
0 456
0 379
0 413
0 461
0 293
0 1253
0 385
0 142
0 311
0 699
0 453
0 290
0 439
0 333
0 526
0 142
0 462
0 392
0 301
0 224
0 524
0 289
0 251
0 405
0 297
0 564
0 532
0 356
0 483
0 373
0 259
0 747
0 325
0 826
0 433
0 428
0 438
0 429
0 411
0 287
0 342
0 491
0 239
0 542
0 347
0 393
0 386
0 385
0 358
0 453
0 391
0 361
0 393
0 396
0 289
0 455
0 231
0 192
0 430
0 232
0 430
0 351
0 386
0 282
0 446
0 616
0 604
0 301
0 492
0 386
0 344
0 441
0 336
0 333
0 386
0 370
0 368
0 303
0 554
0 502
0 398
0 338
0 451
0 329
0 385
0 245
0 440
0 370
0 475
0 241
0 561
0 352
0 380
0 404
0 396
0 515
0 388
0 456
0 342
0 317
0 274
0 218
0 306
0 267
0 329
0 457
0 449
0 321
0 467
0 353
0 427
0 508
0 425
0 486
0 338
0 242
0 406
0 455
0 384
0 415
0 514
0 279
0 402
0 300
0 316
0 491
0 332
0 396
0 353
0 131
0 331
0 320
0 455
0 268
0 349
0 417
0 402
0 417
0 482
0 242
0 459
0 457
0 206
0 441
0 539
0 276
0 225
0 314
0 489
0 323
0 425
0 438
0 333
0 324
0 468
0 400
0 273
0 242
0 378
0 415
0 370
0 496
0 467
0 266
0 463
0 343
0 461
0 386
0 421
0 454
0 441
0 649
0 435
0 289
0 274
0 397
0 392
0 423
0 901
0 363
0 301
0 464
0 266
0 494
0 315
0 217
0 253
0 336
0 367
0 373
0 557
0 318
0 350
0 330
0 452
0 319
0 411
0 257
0 415
0 300
0 430
0 480
0 330
0 408
0 290
0 401
0 334
0 533
0 313
0 252
0 523
0 446
0 471
0 243
0 429
0 550
0 238
0 433
0 304
0 328
0 388
0 413
0 291
0 370
0 691
0 290
0 448
0 589
0 506
0 340
0 385
0 464
0 526
0 403
0 227
0 531
0 407
0 407
0 300
0 520
0 373
0 553
0 359
0 226
0 422
0 475
0 323
0 535
0 376
0 402
0 370
0 410
0 417
0 318
0 354
0 433
0 424
0 412
0 364
0 556
0 514
0 287
0 387
0 349
0 193
0 380
0 336
0 195
0 483
0 661
0 292
0 152
0 311
0 393
0 316
0 488
0 292
0 337
0 557
0 437
0 685
0 527
0 494
0 595
0 593
0 355
0 341
0 368
0 426
0 440
0 249
0 615
0 393
0 337
0 383
0 200
0 317
0 371
0 502
0 487
0 411
0 297
0 488
0 179
0 643
0 321
0 278
0 323
0 419
0 403
0 448
0 356
0 447
0 475
0 455
0 202
0 385
0 382
0 312
0 295
0 230
0 1550
0 547
0 315
0 270
0 505
0 584
0 148
0 395
0 341
0 375
0 371
0 113
0 228
0 390
0 361
0 625
0 730
0 280
0 272
0 429
0 357
0 525
0 408
0 622
0 445
0 489
0 266
0 360
0 469
0 428
0 862
0 406
0 334
0 310
0 231
0 285
0 590
0 269
0 787
0 462
0 366
0 366
0 352
0 490
0 621
0 501
0 366
0 428
0 433
0 438
0 534
0 454
0 406
0 389
0 334
0 422
0 424
0 295
0 451
0 517
0 345
0 455
0 276
0 366
0 466
0 404
0 332
0 500
0 570
0 170
0 250
0 506
0 243
0 283
0 395
0 451
0 381
0 343
0 439
0 493
0 204
0 402
0 237
0 259
0 549
0 498
0 401
0 266
0 392
0 277
0 284
0 262
0 420
0 460
0 387
0 203
0 428
0 460
0 303
0 273
0 424
0 825
0 379
0 245
0 483
0 299
0 254
0 411
0 394
0 531
0 581
0 364
0 356
0 327
0 315
0 344
0 576
0 434
0 590
0 375
0 352
0 513
0 432
0 557
0 492
0 413
0 423
0 387
0 534
0 220
0 174
0 413
0 780
0 307
0 458
0 385
0 426
0 291
0 442
0 408
0 589
0 340
0 533
0 633
0 372
0 378
0 272
0 351
0 267
0 447
0 483
0 534
0 368
0 394
0 316
0 472
0 233
0 299
0 401
0 243
0 314
0 334
0 284
0 366
0 199
0 254
0 327
0 465
0 299
0 441
0 544
0 526
0 382
0 351
0 492
0 337
0 331
0 269
0 289
0 378
0 354
0 444
0 324
0 554
0 310
0 424
0 507
0 727
0 351
0 387
0 347
0 714
0 286
0 264
0 400
0 412
0 390
0 491
0 326
0 362
0 350
0 512
0 264
0 381
0 505
0 286
0 324
0 392
0 477
0 310
0 296
0 263
0 409
0 260
0 314
0 380
0 427
0 535
0 288
0 277
0 417
0 454
0 294
0 308
0 121
0 439
0 362
0 424
0 337
0 267
0 337
0 417
0 322
0 395
0 478
0 447
0 433
0 544
0 384
0 381
0 392
0 384
0 517
0 457
0 314
0 429
0 1013
0 408
0 259
0 338
0 431
0 545
0 521
0 261
0 470
0 420
0 244
0 322
0 520
0 520
0 368
0 444
0 855
0 496
0 354
0 366
0 285
0 545
0 439
0 386
0 449
0 493
0 522
0 215
0 348
0 305
0 326
0 403
0 315
0 640
0 305
0 321
0 480
0 557
0 374
0 463
0 371
0 617
0 224
0 553
0 544
0 500
0 464
0 376
0 409
0 592
0 276
0 406
0 459
0 485
0 459
0 259
0 286
0 373
0 385
0 231
0 506
0 1177
0 377
0 220
0 195
0 332
0 441
0 244
0 296
0 435
0 514
0 338
0 396
0 412
0 510
0 301
0 374
0 349
0 284
0 537
0 391
0 303
0 316
0 336
0 229
0 432
0 491
0 654
0 370
0 564
0 507
0 395
0 495
0 214
0 353
0 655
0 398
0 338
0 308
0 402
0 221
0 302
0 553
0 479
0 360
0 225
0 354
0 272
0 402
0 291
0 506
0 481
0 474
0 252
0 428
0 351
0 434
0 377
0 399
0 496
0 398
0 518
0 524
0 496
0 261
0 299
0 545
0 287
0 277
0 499
0 399
0 506
0 461
0 314
0 772
0 425
0 603
0 258
0 406
0 230
0 305
0 457
0 482
0 402
0 363
0 399
0 339
0 654
0 326
0 356
0 519
0 396
0 231
0 440
0 305
0 373
0 259
0 355
0 309
0 257
0 404
0 397
0 328
0 377
0 344
0 487
0 331
0 409
0 335
0 99
0 445
0 272
0 359
0 545
0 288
0 542
0 343
0 346
0 436
0 399
0 304
0 364
0 512
0 475
0 281
0 294
0 544
0 525
0 401
0 422
0 372
0 357
0 399
0 638
0 801
0 387
0 242
0 260
0 306
0 241
0 326
0 345
0 951
0 416
0 505
0 315
0 994
0 452
0 572
0 512
0 391
0 457
0 264
0 565
0 211
0 542
0 339
0 303
0 447
0 332
0 345
0 505
0 414
0 229
0 475
0 412
0 570
0 393
0 648
0 427
0 399
0 334
0 692
0 268
0 459
0 381
0 273
0 372
0 317
0 173
0 450
0 458
0 360
0 369
0 308
0 288
0 442
0 395
0 323
0 349
0 311
0 632
0 366
0 355
0 349
0 321
0 400
0 414
0 675
0 309
0 523
0 538
0 453
0 318
0 373
0 310
0 392
0 307
0 337
0 426
0 402
0 329
0 327
0 382
0 260
0 333
0 338
0 715
0 292
0 377
0 400
0 563
0 413
0 349
0 419
0 452
0 342
0 266
0 386
0 339
0 408
0 385
0 506
0 381
0 429
0 480
0 471
0 372
0 338
0 401
0 441
0 303
0 389
0 386
0 462
0 495
0 211
0 463
0 448
0 116
0 309
0 545
0 420
0 445
0 387
0 301
0 296
0 370
0 678
0 333
0 761
0 320
0 311
0 393
0 300
0 302
0 282
0 350
0 457
0 315
0 434
0 286
0 576
0 835
0 284
0 320
0 675
0 324
0 418
0 563
0 247
0 404
0 580
0 445
0 397
0 412
0 516
0 464
0 515
0 289
0 324
0 439
0 285
0 612
0 580
0 454
0 458
0 449
0 557
0 396
0 365
0 236
0 400
0 376
0 601
0 340
0 323
0 475
0 168
0 362
0 331
0 536
0 421
0 477
0 435
0 372
0 326
0 390
0 402
0 264
0 334
0 357
0 455
0 481
0 373
0 400
0 422
0 333
0 310
0 359
0 371
0 293
0 316
0 245
0 371
0 397
0 262
0 323
0 227
0 409
0 486
0 359
0 527
0 496
0 345
0 263
0 378
0 464
0 549
0 330
0 374
0 706
0 248
0 349
0 457
0 605
0 315
0 295
0 577
0 371
0 349
0 541
0 396
0 429
0 288
0 249
0 574
0 542
0 412
0 338
0 341
0 529
0 628
0 316
0 432
0 424
0 343
0 489
0 420
0 288
0 445
0 500
0 481
0 167
0 332
0 450
0 468
0 358
0 390
0 360
0 547
0 322
0 365
0 495
0 234
0 432
0 427
0 380
0 303
0 391
0 412
0 277
0 511
0 269
0 536
0 386
0 482
0 820
0 263
0 154
0 398
0 456
0 486
0 260
0 526
0 488
0 465
0 611
0 559
0 388
0 392
0 327
0 1222
0 456
0 340
0 185
0 340
0 246
0 459
0 361
0 546
0 445
0 431
0 579
0 400
0 521
0 578
0 315
0 888
0 444
0 231
0 386
0 368
0 459
0 223
0 378
0 601
0 367
0 387
0 417
0 328
0 498
0 344
0 388
0 568
0 467
0 412
0 442
0 329
0 356
0 397
0 383
0 405
0 358
0 231
0 257
0 154
0 236
0 210
0 332
0 641
0 359
0 393
0 505
0 273
0 522
0 341
0 519
0 706
0 369
0 288
0 555
0 557
0 294
0 242
0 354
0 418
0 378
0 392
0 383
0 590
0 562
0 393
0 477
0 336
0 254
0 508
0 262
0 630
0 627
0 398
0 362
0 414
0 455
0 242
0 578
0 390
0 424
0 906
0 497
0 153
0 455
0 401
0 331
0 413
0 409
0 191
0 487
0 199
0 422
0 368
0 265
0 314
0 281
0 367
0 385
0 319
0 294
0 271
0 288
0 250
0 480
0 554
0 724
0 365
0 606
0 305
0 613
0 475
0 311
0 363
0 256
0 326
0 395
0 442
0 212
0 295
0 252
0 357
0 495
0 343
0 378
0 362
0 431
0 392
0 421
0 455
0 366
0 363
0 259
0 386
0 442
0 445
0 381
0 325
0 488
0 476
0 885
0 360
0 246
0 417
0 411
0 276
0 614
0 364
0 301
0 379
0 331
0 364
0 439
0 482
0 508
0 266
0 499
0 246
0 456
0 769
0 411
0 308
0 335
0 338
0 483
0 331
0 243
0 384
0 161
0 459
0 386
0 340
0 344
0 408
0 283
0 217
0 411
0 205
0 529
0 358
0 411
0 524
0 313
0 541
0 372
0 327
0 339
0 296
0 564
0 429
0 319
0 457
0 392
0 254
0 763
0 359
0 310
0 649
0 275
0 496
0 391
0 513
0 245
0 287
0 805
0 371
0 390
0 350
0 144
0 293
0 220
0 427
0 325
0 118
0 317
0 503
0 373
0 414
0 358
0 363
0 233
0 319
0 236
0 416
0 307
0 277
0 428
0 246
0 279
0 398
0 320
0 335
0 275
0 372
0 522
0 364
0 424
0 366
0 464
0 399
0 412
0 376
0 429
0 454
0 337
0 398
0 260
0 358
0 442
0 473
0 281
0 393
0 327
0 513
0 605
0 424
0 262
0 141
0 357
0 447
0 512
0 462
0 348
0 337
0 372
0 436
0 336
0 512
0 417
0 369
0 305
0 307
0 507
0 692
0 172
0 290
0 489
0 545
0 426
0 279
0 617
0 419
0 324
0 385
0 422
0 270
0 435
0 496
0 405
0 256
0 470
0 395
0 398
0 428
0 309
0 370
0 422
0 338
0 387
0 372
0 363
0 397
0 370
0 268
0 466
0 445
0 222
0 270
0 292
0 363
0 367
0 419
0 456
0 255
0 490
0 519
0 579
0 394
0 397
0 449
0 550
0 322
0 328
0 454
0 378
0 402
0 427
0 272
0 289
0 398
0 437
0 272
0 315
0 410
0 367
0 354
0 230
0 456
0 363
0 410
0 311
0 315
0 274
0 512
0 372
0 416
0 468
0 298
0 431
0 329
0 400
0 417
0 421
0 396
0 446
0 516
0 171
0 145
0 502
0 348
0 437
0 592
0 420
0 128
0 359
0 323
0 391
0 494
0 279
0 420
0 374
0 490
0 322
0 354
0 331
0 319
0 346
0 391
0 258
0 317
0 255
0 386
0 359
0 600
0 525
0 376
0 480
0 367
0 235
0 259
0 440
0 230
0 414
0 344
0 337
0 302
0 450
0 178
0 283
0 352
0 379
0 366
0 519
0 614
0 341
0 293
0 378
0 566
0 325
0 344
0 319
0 401
0 501
0 278
0 505
0 220
0 246
0 415
0 470
0 360
0 361
0 538
0 441
0 478
0 397
0 238
0 541
0 291
0 299
0 349
0 245
0 353
0 576
0 415
0 496
0 176
0 385
0 299
0 217
0 288
0 310
0 568
0 487
0 286
0 390
0 402
0 198
0 405
0 364
0 667
0 214
0 507
0 328
0 271
0 264
0 311
0 390
0 589
0 141
0 530
0 345
0 414
0 338
0 450
0 271
0 297
0 282
0 444
0 293
0 419
0 369
0 201
0 687
0 383
0 398
0 284
0 333
0 317
0 365
0 400
0 245
0 520
0 472
0 294
0 281
0 516
0 431
0 403
0 150
0 313
0 343
0 427
0 646
0 592
0 431
0 458
0 531
0 515
0 475
0 332
0 169
0 417
0 429
0 445
0 481
0 399
0 339
0 536
0 595
0 258
0 323
0 334
0 401
0 613
0 443
0 451
0 202
0 600
0 495
0 238
0 331
0 413
0 362
0 390
0 347
0 433
0 294
0 312
0 536
0 254
0 230
0 326
0 333
0 403
0 359
0 403
0 489
0 361
0 487
0 503
0 346
0 423
0 550
0 334
0 344
0 939
0 454
0 469
0 427
0 428
0 421
0 466
0 532
0 508
0 419
0 448
0 333
0 627
0 473
0 322
0 471
0 310
0 477
0 242
0 507
0 468
0 664
0 413
0 400
0 409
0 709
0 378
0 171
0 359
0 325
0 298
0 734
0 387
0 475
0 427
0 1075
0 405
0 392
0 383
0 364
0 328
0 381
0 643
0 554
0 447
0 434
0 502
0 459
0 701
0 213
0 579
0 486
0 428
0 369
0 200
0 470
0 388
0 322
0 308
0 549
0 472
0 433
0 404
0 455
0 288
0 312
0 329
0 295
0 448
0 331
0 335
0 404
0 374
0 404
0 421
0 516
0 414
0 518
0 261
0 323
0 278
0 402
0 401
0 313
0 363
0 313
0 484
0 345
0 270
0 512
0 508
0 472
0 477
0 461
0 390
0 355
0 634
0 322
0 358
0 366
0 176
0 465
0 445
0 626
0 400
0 148
0 269
0 456
0 92
0 256
0 483
0 531
0 259
0 533
0 359
0 438
0 573
0 523
0 213
0 671
0 417
0 428
0 304
0 422
0 222
0 302
0 477
0 625
0 426
0 275
0 454
0 438
0 393
0 371
0 440
0 205
0 433
0 319
0 432
0 297
0 396
0 250
0 422
0 420
0 277
0 360
0 363
0 423
0 354
0 529
0 466
0 821
0 577
0 414
0 557
0 380
0 449
0 530
0 481
0 532
0 483
0 428
0 528
0 480
0 434
0 300
0 459
0 429
0 261
0 393
0 420
0 463
0 472
0 392
0 419
0 347
0 184
0 377
0 276
0 339
0 404
0 352
0 436
0 391
0 357
0 514
0 398
0 315
0 738
0 488
0 374
0 442
0 383
0 429
0 481
0 450
0 285
0 322
0 545
0 300
0 579
0 309
0 384
0 465
0 388
0 344
0 346
0 454
0 383
0 306
0 400
0 394
0 236
0 532
0 355
0 750
0 320
0 434
0 410
0 446
0 356
0 394
0 552
0 515
0 558
0 348
0 312
0 427
0 461
0 277
0 414
0 349
0 226
0 660
0 439
0 614
0 347
0 396
0 444
0 309
0 419
0 195
0 313
0 537
0 362
0 276
0 248
0 549
0 274
0 530
0 473
0 499
0 641
0 246
0 224
0 587
0 476
0 374
0 512
0 468
0 245
0 389
0 419
0 399
0 652
0 367
0 498
0 353
0 304
0 240
0 457
0 505
0 318
0 395
0 313
0 391
0 276
0 240
0 585
0 324
0 646
0 333
0 392
0 387
0 254
0 446
0 327
0 403
0 229
0 645
0 208
0 408
0 369
0 301
0 377
0 708
0 297
0 362
0 590
0 468
0 528
0 446
0 299
0 389
0 423
0 408
0 605
0 240
0 338
0 393
0 295
0 311
0 367
0 315
0 633
0 386
0 382
0 495
0 296
0 717
0 353
0 456
0 385
0 304
0 412
0 338
0 569
0 532
0 525
0 398
0 409
0 369
0 570
0 248
0 500
0 281
0 311
0 454
0 396
0 481
0 429
0 528
0 313
0 196
0 300
0 247
0 362
0 679
0 274
0 182
0 323
0 353
0 349
0 386
0 433
0 425
0 515
0 322
0 471
0 422
0 284
0 531
0 272
0 556
0 418
0 398
0 447
0 250
0 539
0 380
0 680
0 372
0 590
0 308
0 398
0 369
0 382
0 333
0 266
0 435
0 394
0 380
0 286
0 454
0 342
0 423
0 356
0 264
0 493
0 282
0 398
0 407
0 182
0 223
0 512
0 451
0 411
0 362
0 296
0 433
0 478
0 275
0 576
0 322
0 620
0 738
0 378
0 241
0 371
0 548
0 396
0 448
0 235
0 362
0 551
0 546
0 382
0 615
0 266
0 340
0 402
0 297
0 325
0 438
0 299
0 490
0 464
0 267
0 276
0 249
0 700
0 456
0 286
0 387
0 248
0 375
0 459
0 412
0 404
0 169
0 395
0 404
0 552
0 728
0 359
0 425
0 659
0 430
0 336
0 381
0 470
0 430
0 382
0 381
0 361
0 412
0 248
0 234
0 449
0 385
0 415
0 604
0 347
0 333
0 469
0 358
0 501
0 441
0 444
0 442
0 268
0 370
0 444
0 353
0 493
0 548
0 406
0 404
0 479
0 361
0 495
0 355
0 360
0 502
0 223
0 418
0 395
0 356
0 382
0 436
0 303
0 325
0 291
0 510
0 269
0 416
0 297
0 337
0 350
0 742
0 394
0 370
0 321
0 215
0 237
0 445
0 420
0 353
0 319
0 218
0 295
0 251
0 457
0 431
0 311
0 550
0 354
0 302
0 318
0 525
0 354
0 390
0 261
0 321
0 508
0 328
0 532
0 795
0 440
0 233
0 365
0 293
0 349
0 285
0 330
0 307
0 462
0 193
0 359
0 491
0 294
0 405
0 334
0 326
0 325
0 312
0 290
0 162
0 411
0 380
0 146
0 427
0 396
0 427
0 323
0 384
0 237
0 339
0 317
0 521
0 334
0 470
0 384
0 426
0 263
0 570
0 301
0 275
0 323
0 269
0 315
0 395
0 390
0 324
0 266
0 376
0 365
0 273
0 459
0 367
0 407
0 136
0 586
0 326
0 461
0 734
0 491
0 468
0 514
0 453
0 422
0 384
0 400
0 551
0 312
0 456
0 526
0 504
0 225
0 387
0 305
0 623
0 472
0 455
0 588
0 327
0 212
0 414
0 515
0 562
0 354
0 434
0 191
0 312
0 198
0 278
0 433
0 554
0 243
0 279
0 301
0 367
0 336
0 413
0 485
0 394
0 516
0 529
0 403
0 412
0 264
0 378
0 234
0 493
0 335
0 546
0 297
0 355
0 459
0 321
0 428
0 318
0 461
0 431
0 388
0 366
0 521
0 343
0 362
0 328
0 335
0 359
0 275
0 506
0 471
0 326
0 281
0 398
0 504
0 354
0 429
0 424
0 375
0 304
0 580
0 431
0 538
0 433
0 340
0 469
0 288
0 349
0 253
0 453
0 467
0 347
0 272
0 297
0 331
0 477
0 266
0 417
0 302
0 435
0 305
0 329
0 391
0 427
0 821
0 332
0 425
0 348
0 1019
0 356
0 242
0 248
0 457
0 408
0 355
0 280
0 303
0 319
0 456
0 305
0 711
0 404
0 395
0 331
0 428
0 480
0 363
0 463
0 258
0 344
0 297
0 503
0 312
0 466
0 298
0 267
0 343
0 298
0 338
0 289
0 572
0 725
0 490
0 493
0 571
0 367
0 492
0 321
0 342
0 534
0 282
0 320
0 458
0 392
0 413
0 537
0 299
0 357
0 306
0 252
0 389
0 482
0 391
0 483
0 292
0 344
0 471
0 471
0 291
0 484
0 330
0 474
0 396
0 509
0 352
0 493
0 371
0 332
0 348
0 457
0 473
0 479
0 268
0 391
0 338
0 224
0 360
0 334
0 322
0 403
0 407
0 535
0 359
0 607
0 465
0 464
0 417
0 523
0 422
0 311
0 774
0 193
0 278
0 265
0 188
0 313
0 482
0 521
0 485
0 503
0 247
0 401
0 470
0 287
0 430
0 462
0 200
0 329
0 499
0 448
0 456
0 313
0 310
0 569
0 325
0 357
0 551
0 248
0 448
0 438
0 688
0 259
0 547
0 527
0 270
0 393
0 269
0 439
0 201
0 123
0 218
0 117
0 492
0 563
0 490
0 354
0 371
0 334
0 382
0 365
0 364
0 389
0 537
0 361
0 349
0 435
0 347
0 381
0 390
0 154
0 917
0 218
0 520
0 426
0 137
0 263
0 345
0 533
0 268
0 326
0 185
0 467
0 557
0 441
0 296
0 478
0 356
0 380
0 888
0 767
0 399
0 386
0 448
0 413
0 381
0 425
0 551
0 141
0 205
0 477
0 362
0 337
0 391
0 420
0 248
0 492
0 319
0 396
0 313
0 480
0 375
0 423
0 496
0 336
0 428
0 335
0 444
0 307
0 398
0 476
0 183
0 432
0 442
0 338
0 240
0 182
0 143
0 466
0 410
0 308
0 315
0 404
0 541
0 335
0 296
0 291
0 309
0 438
0 433
0 261
0 342
0 308
0 901
0 488
0 359
0 424
0 375
0 398
0 527
0 295
0 450
0 430
0 436
0 377
0 439
0 516
0 506
0 434
0 434
0 279
0 343
0 268
0 266
0 322
0 306
0 312
0 254
0 375
0 214
0 605
0 288
0 215
0 430
0 452
0 405
0 285
0 337
0 207
0 497
0 108
0 579
0 467
0 392
0 200
0 425
0 455
0 361
0 375
0 325
0 260
0 519
0 441
0 273
0 437
0 384
0 456
0 305
0 316
0 269
0 455
0 362
0 380
0 409
0 575
0 375
0 309
0 321
0 340
0 261
0 370
0 142
0 409
0 234
0 236
0 367
0 254
0 303
0 302
0 525
0 336
0 419
0 264
0 407
0 424
0 166
0 341
0 291
0 292
0 480
0 532
0 350
0 507
0 374
0 342
0 383
0 436
0 145
0 285
0 243
0 628
0 390
0 339
0 344
0 439
0 242
0 403
0 496
0 132
0 568
0 357
0 378
0 454
0 487
0 365
0 310
0 480
0 389
0 342
0 406
0 529
0 516
0 193
0 413
0 223
0 432
0 447
0 351
0 364
0 375
0 341
0 278
0 297
0 337
0 366
0 294
0 319
0 506
0 439
0 404
0 331
0 289
0 374
0 383
0 399
0 384
0 324
0 661
0 343
0 256
0 407
0 405
0 349
0 457
0 628
0 355
0 449
0 356
0 240
0 452
0 432
0 395
0 357
0 553
0 366
0 270
0 405
0 328
0 655
0 389
0 511
0 137
0 778
0 247
0 321
0 431
0 430
0 412
0 396
0 484
0 239
0 413
0 373
0 456
0 476
0 113
0 344
0 373
0 312
0 261
0 555
0 280
0 780
0 404
0 323
0 358
0 473
0 384
0 349
0 247
0 640
0 475
0 377
0 332
0 466
0 381
0 500
0 291
0 703
0 339
0 206
0 296
0 334
0 425
0 646
0 515
0 285
0 295
0 466
0 315
0 295
0 415
0 384
0 507
0 334
0 344
0 430
0 404
0 254
0 470
0 460
0 506
0 465
0 396
0 230
0 269
0 325
0 424
0 371
0 334
0 328
0 423
0 324
0 365
0 456
0 127
0 410
0 432
0 435
0 650
0 203
0 395
0 344
0 384
0 486
0 278
0 390
0 525
0 188
0 273
0 239
0 729
0 347
0 424
0 357
0 287
0 490
0 296
0 335
0 513
0 412
0 343
0 365
0 444
0 284
0 213
0 248
0 959
0 358
0 435
0 160
0 553
0 410
0 460
0 458
0 548
0 200
0 580
0 286
0 294
0 264
0 494
0 384
0 444
0 318
0 534
0 284
0 382
0 403
0 470
0 128
0 407
0 284
0 580
0 394
0 328
0 382
0 329
0 428
0 389
0 629
0 418
0 451
0 353
0 504
0 333
0 322
0 417
0 278
0 329
0 235
0 353
0 623
0 298
0 419
0 568
0 449
0 318
0 459
0 289
0 364
0 359
0 309
0 474
0 380
0 342
0 313
0 275
0 373
0 419
0 323
0 276
0 359
0 407
0 486
0 251
0 289
0 366
0 375
0 274
0 371
0 351
0 628
0 526
0 390
0 478
0 255
0 478
0 420
0 363
0 302
0 212
0 288
0 274
0 397
0 402
0 463
0 127
0 432
0 417
0 213
0 544
0 307
0 359
0 393
0 432
0 312
0 428
0 418
0 451
0 227
0 366
0 394
0 445
0 628
0 539
0 300
0 214
0 310
0 426
0 371
0 365
0 289
0 470
0 640
0 345
0 303
0 455
0 330
0 399
0 385
0 466
0 445
0 472
0 472
0 525
0 347
0 299
0 541
0 243
0 362
0 479
0 358
0 485
0 394
0 395
0 502
0 168
0 398
0 450
0 415
0 439
0 230
0 553
0 358
0 403
0 315
0 371
0 408
0 579
0 158
0 343
0 444
0 476
0 359
0 324
0 514
0 460
0 379
0 483
0 351
0 384
0 378
0 421
0 434
0 311
0 260
0 308
0 389
0 434
0 940
0 362
0 217
0 535
0 391
0 413
0 375
0 454
0 358
0 387
0 336
0 246
0 435
0 377
0 274
0 326
0 202
0 304
0 441
0 521
0 374
0 376
0 477
0 340
0 285
0 373
0 339
0 490
0 164
0 614
0 413
0 218
0 365
0 443
0 267
0 472
0 360
0 266
0 399
0 338
0 184
0 441
0 404
0 204
0 501
0 458
0 445
0 439
0 609
0 334
0 242
0 550
0 288
0 408
0 269
0 332
0 488
0 392
0 397
0 360
0 356
0 419
0 331
0 395
0 455
0 355
0 328
0 440
0 385
0 258
0 276
0 386
0 402
0 334
0 305
0 413
0 424
0 489
0 544
0 524
0 176
0 296
0 816
0 399
0 316
0 330
0 347
0 362
0 202
0 491
0 166
0 404
0 312
0 464
0 436
0 250
0 326
0 379
0 175
0 327
0 361
0 405
0 388
0 293
0 323
0 390
0 394
0 283
0 281
0 301
0 512
0 525
0 328
0 572
0 291
0 367
0 298
0 402
0 514
0 348
0 234
0 378
0 280
0 508
0 624
0 378
0 421
0 733
0 218
0 416
0 420
0 316
0 385
0 389
0 315
0 227
0 406
0 646
0 1026
0 415
0 309
0 380
0 222
0 285
0 560
0 510
0 465
0 459
0 402
0 364
0 506
0 509
0 1157
0 416
0 444
0 390
0 327
0 485
0 541
0 445
0 404
0 312
0 369
0 322
0 292
0 418
0 399
0 386
0 443
0 320
0 366
0 547
0 566
0 320
0 647
0 459
0 357
0 312
0 456
0 429
0 439
0 423
0 532
0 264
0 406
0 548
0 460
0 466
0 443
0 365
0 460
0 386
0 438
0 311
0 486
0 420
0 298
0 359
0 395
0 326
0 552
0 849
0 409
0 434
0 416
0 214
0 439
0 383
0 376
0 407
0 317
0 535
0 296
0 296
0 497
0 320
0 756
0 360
0 321
0 461
0 210
0 271
0 201
0 470
0 239
0 404
0 402
0 413
0 350
0 375
0 446
0 195
0 387
0 402
0 530
0 309
0 453
0 381
0 530
0 375
0 447
0 419
0 275
0 339
0 310
0 578
0 477
0 280
0 487
0 428
0 558
0 429
0 647
0 399
0 626
0 243
0 349
0 383
0 354
0 268
0 307
0 584
0 410
0 638
0 363
0 199
0 274
0 474
0 251
0 351
0 539
0 436
0 263
0 1132
0 443
0 416
0 372
0 436
0 294
0 364
0 317
0 489
0 397
0 356
0 254
0 778
0 275
0 357
0 452
0 449
0 544
0 380
0 459
0 402
0 462
0 419
0 377
0 495
0 272
0 343
0 265
0 428
0 315
0 851
0 352
0 570
0 386
0 323
0 428
0 363
0 484
0 521
0 250
0 432
0 339
0 369
0 512
0 420
0 377
0 301
0 428
0 361
0 261
0 230
0 396
0 464
0 362
0 402
0 315
0 412
0 469
0 344
0 475
0 345
0 283
0 341
0 197
0 571
0 297
0 244
0 215
0 408
0 177
0 473
0 486
0 485
0 485
0 597
0 414
0 520
0 287
0 442
0 715
0 365
0 397
0 519
0 512
0 300
0 368
0 334
0 481
0 589
0 364
0 415
0 379
0 399
0 262
0 373
0 290
0 355
0 370
0 274
0 351
0 351
0 425
0 300
0 358
0 375
0 675
0 400
0 447
0 311
0 430
0 398
0 188
0 353
0 498
0 373
0 382
0 353
0 335
0 412
0 300
0 242
0 500
0 314
0 301
0 477
0 349
0 218
0 238
0 336
0 389
0 271
0 174
0 388
0 241
0 227
0 397
0 414
0 334
0 486
0 340
0 245
0 239
0 242
0 449
0 266
0 442
0 265
0 504
0 821
0 420
0 253
0 404
0 299
0 387
0 404
0 498
0 452
0 260
0 340
0 405
0 483
0 493
0 352
0 247
0 359
0 624
0 466
0 460
0 264
0 329
0 464
0 413
0 360
0 571
0 272
0 468
0 276
0 328
0 494
0 308
0 474
0 861
0 353
0 1035
0 276
0 475
0 433
0 424
0 342
0 397
0 360
0 384
0 318
0 416
0 302
0 372
0 359
0 360
0 415
0 398
0 399
0 429
0 256
0 346
0 293
0 206
0 442
0 349
0 421
0 405
0 309
0 379
0 1061
0 230
0 229
0 592
0 390
0 747
0 256
0 280
0 348
0 451
0 239
0 418
0 311
0 504
0 329
0 463
0 315
0 305
0 381
0 371
0 338
0 598
0 283
0 219
0 602
0 500
0 544
0 391
0 470
0 499
0 500
0 522
0 393
0 311
0 362
0 379
0 359
0 290
0 380
0 324
0 407
0 781
0 294
0 540
0 381
0 226
0 256
0 447
0 602
0 353
0 398
0 285
0 368
0 478
0 462
0 467
0 362
0 331
0 366
0 536
0 277
0 261
0 510
0 428
0 409
0 442
0 385
0 283
0 414
0 339
0 386
0 324
0 348
0 378
0 366
0 457
0 648
0 277
0 356
0 568
0 504
0 408
0 96
0 492
0 245
0 451
0 537
0 241
0 417
0 181
0 279
0 297
0 602
0 264
0 380
0 290
0 294
0 443
0 235
0 451
0 657
0 231
0 440
0 381
0 502
0 249
0 224
0 412
0 210
0 513
0 467
0 358
0 312
0 138
0 363
0 525
0 492
0 589
0 372
0 201
0 478
0 505
0 431
0 239
0 349
0 512
0 321
0 538
0 548
0 510
0 331
0 471
0 278
0 221
0 456
0 446
0 217
0 319
0 339
0 359
0 156
0 452
0 418
0 329
0 491
0 294
0 377
0 339
0 367
0 388
0 402
0 298
0 498
0 854
0 387
0 406
0 338
0 458
0 621
0 448
0 419
0 255
0 312
0 408
0 368
0 497
0 444
0 323
0 520
0 478
0 180
0 387
0 394
0 474
0 418
0 458
0 414
0 413
0 344
0 466
0 492
0 320
0 371
0 362
0 265
0 522
0 406
0 370
0 334
0 497
0 410
0 304
0 486
0 461
0 368
0 377
0 431
0 486
0 341
0 914
0 518
0 186
0 486
0 380
0 262
0 340
0 214
0 339
0 432
0 320
0 234
0 398
0 415
0 285
0 351
0 389
0 399
0 325
0 383
0 525
0 380
0 489
0 357
0 405
0 431
0 272
0 404
0 428
0 167
0 329
0 462
0 356
0 387
0 314
0 437
0 449
0 307
0 700
0 325
0 418
0 260
0 288
0 394
0 235
0 458
0 377
0 291
0 288
0 501
0 440
0 363
0 448
0 180
0 298
0 508
0 379
0 425
0 335
0 350
0 329
0 246
0 354
0 390
0 375
0 305
0 381
0 155
0 515
0 368
0 350
0 651
0 394
0 247
0 347
0 334
0 557
0 252
0 359
0 283
0 422
0 377
0 343
0 396
0 488
0 325
0 440
0 365
0 356
0 323
0 278
0 487
0 352
0 314
0 490
0 277
0 266
0 320
0 289
0 493
0 576
0 484
0 378
0 486
0 346
0 448
0 490
0 402
0 381
0 261
0 462
0 342
0 562
0 277
0 378
0 352
0 347
0 158
0 358
0 378
0 254
0 346
0 286
0 295
0 470
0 195
0 425
0 491
0 475
0 362
0 718
0 432
0 319
0 278
0 539
0 293
0 376
0 508
0 458
0 408
0 396
0 362
0 453
0 406
0 391
0 190
0 464
0 191
0 431
0 529
0 242
0 309
0 275
0 216
0 250
0 529
0 496
0 564
0 164
0 465
0 475
0 253
0 137
0 480
0 330
0 305
0 402
0 444
0 413
0 308
0 422
0 655
0 415
0 458
0 472
0 531
0 307
0 382
0 440
0 335
0 620
0 327
0 221
0 236
0 503
0 441
0 541
0 496
0 633
0 276
0 357
0 495
0 352
0 341
0 491
0 350
0 391
0 461
0 768
0 381
0 455
0 386
0 386
0 291
0 391
0 480
0 215
0 473
0 233
0 233
0 436
0 412
0 454
0 320
0 305
0 572
0 722
0 349
0 404
0 483
0 498
0 387
0 462
0 346
0 351
0 331
0 397
0 337
0 291
0 383
0 570
0 471
0 396
0 337
0 374
0 547
0 481
0 341
0 333
0 649
0 435
0 440
0 359
0 262
0 510
0 348
0 438
0 320
0 340
0 294
0 432
0 332
0 355
0 365
0 563
0 457
0 436
0 348
0 365
0 395
0 402
0 246
0 514
0 394
0 357
0 278
0 456
0 485
0 276
0 436
0 267
0 542
0 274
0 172
0 442
0 306
0 309
0 533
0 416
0 417
0 452
0 611
0 350
0 385
0 269
0 456
0 455
0 433
0 302
0 459
0 256
0 220
0 383
0 360
0 433
0 370
0 286
0 304
0 391
0 423
0 168
0 368
0 515
0 564
0 392
0 559
0 439
0 321
0 416
0 468
0 430
0 165
0 655
0 310
0 426
0 425
0 287
0 324
0 388
0 485
0 381
0 558
0 369
0 354
0 437
0 351
0 239
0 387
0 262
0 492
0 495
0 481
0 293
0 596
0 526
0 138
0 385
0 404
0 655
0 417
0 222
0 220
0 216
0 305
0 297
0 347
0 333
0 364
0 466
0 281
0 233
0 658
0 403
0 395
0 533
0 327
0 395
0 226
0 529
0 275
0 332
0 585
0 521
0 350
0 401
0 553
0 506
0 341
0 498
0 294
0 519
0 505
0 264
0 145
0 412
0 458
0 391
0 438
0 404
0 495
0 343
0 801
0 502
0 336
0 495
0 648
0 476
0 488
0 425
0 359
0 394
0 386
0 368
0 304
0 210
0 259
0 383
0 631
0 267
0 285
0 365
0 360
0 210
0 358
0 318
0 306
0 235
0 562
0 552
0 399
0 508
0 311
0 365
0 465
0 365
0 530
0 333
0 400
0 528
0 348
0 309
0 366
0 476
0 448
0 249
0 381
0 409
0 599
0 447
0 386
0 302
0 308
0 460
0 389
0 383
0 501
0 528
0 433
0 446
0 556
0 222
0 343
0 461
0 461
0 408
0 497
0 245
0 346
0 285
0 723
0 326
0 358
0 326
0 512
0 326
0 432
0 423
0 388
0 198
0 440
0 471
0 413
0 383
0 314
0 112
0 567
0 575
0 416
0 297
0 280
0 359
0 299
0 431
0 266
0 345
0 271
0 452
0 263
0 373
0 145
0 349
0 507
0 451
0 420
0 789
0 374
0 560
0 416
0 491
0 325
0 372
0 545
0 395
0 445
0 193
0 507
0 293
0 375
0 249
0 294
0 423
0 271
0 389
0 375
0 257
0 362
0 480
0 342
0 302
0 445
0 410
0 360
0 492
0 359
0 547
0 300
0 417
0 372
0 493
0 228
0 589
0 352
0 247
0 312
0 419
0 1590
0 271
0 272
0 341
0 418
0 417
0 385
0 445
0 422
0 420
0 609
0 604
0 280
0 576
0 306
0 106
0 337
0 245
0 319
0 544
0 310
0 628
0 335
0 198
0 488
0 172
0 328
0 544
0 327
0 459
0 279
0 384
0 373
0 435
0 460
0 438
0 192
0 320
0 653
0 566
0 337
0 509
0 317
0 230
0 320
0 364
0 378
0 493
0 311
0 278
0 371
0 332
0 284
0 373
0 437
0 354
0 469
0 481
0 469
0 212
0 431
0 114
0 418
0 362
0 371
0 270
0 501
0 346
0 323
0 405
0 375
0 462
0 588
0 448
0 567
0 512
0 328
0 365
0 633
0 384
0 264
0 471
0 379
0 557
0 475
0 297
0 580
0 455
0 597
0 308
0 256
0 495
0 452
0 475
0 384
0 430
0 272
0 273
0 322
0 396
0 427
0 489
0 230
0 357
0 350
0 245
0 185
0 395
0 496
0 332
0 395
0 196
0 343
0 310
0 564
0 238
0 472
0 527
0 450
0 488
0 313
0 261
0 348
0 345
0 324
0 439
0 486
0 355
0 408
0 355
0 554
0 415
0 290
0 238
0 589
0 313
0 458
0 304
0 277
0 580
0 336
0 321
0 394
0 368
0 348
0 337
0 437
0 374
0 338
0 286
0 304
0 732
0 228
0 413
0 294
0 354
0 336
0 367
0 566
0 216
0 644
0 459
0 562
0 331
0 316
0 348
0 414
0 378
0 310
0 212
0 446
0 162
0 367
0 297
0 276
0 136
0 473
0 504
0 459
0 324
0 423
0 432
0 270
0 300
0 340
0 403
0 392
0 602
0 368
0 335
0 247
0 449
0 292
0 237
0 246
0 342
0 373
0 241
0 380
0 384
0 550
0 379
0 419
0 495
0 388
0 426
0 415
0 861
0 404
0 280
0 336
0 418
0 565
0 248
0 271
0 718
0 570
0 367
0 243
0 327
0 344
0 444
0 498
0 348
0 389
0 462
0 302
0 427
0 531
0 315
0 362
0 381
0 527
0 327
0 428
0 499
0 448
0 362
0 295
0 424
0 238
0 529
0 277
0 364
0 504
0 331
0 314
0 411
0 357
0 277
0 310
0 403
0 419
0 316
0 445
0 326
0 336
0 827
0 728
0 640
0 494
0 385
0 430
0 580
0 441
0 430
0 422
0 344
0 427
0 445
0 388
0 322
0 406
0 395
0 331
0 278
0 346
0 450
0 344
0 439
0 349
0 427
0 755
0 252
0 298
0 385
0 505
0 398
0 389
0 432
0 347
0 362
0 552
0 388
0 393
0 323
0 395
0 381
0 329
0 458
0 263
0 237
0 236
0 404
0 537
0 438
0 503
0 345
0 440
0 442
0 313
0 423
0 388
0 478
0 528
0 424
0 255
0 391
0 359
0 478
0 560
0 918
0 236
0 661
0 373
0 342
0 478
0 292
0 538
0 416
0 475
0 693
0 294
0 315
0 503
0 466
0 281
0 381
0 350
0 368
0 464
0 334
0 359
0 368
0 400
0 365
0 557
0 573
0 477
0 471
0 494
0 417
0 427
0 305
0 276
0 407
0 380
0 387
0 414
0 460
0 229
0 271
0 405
0 405
0 430
0 424
0 322
0 456
0 471
0 437
0 242
0 382
0 288
0 314
0 342
0 326
0 309
0 362
0 678
0 462
0 236
0 279
0 148
0 553
0 393
0 388
0 376
0 483
0 249
0 355
0 586
0 579
0 622
0 322
0 395
0 304
0 481
0 424
0 338
0 325
0 237
0 376
0 388
0 327
0 219
0 370
0 243
0 348
0 365
0 309
0 464
0 437
0 315
0 480
0 595
0 563
0 705
0 282
0 405
0 364
0 353
0 642
0 331
0 315
0 326
0 342
0 178
0 696
0 347
0 475
0 436
0 339
0 364
0 310
0 382
0 268
0 383
0 435
0 313
0 272
0 380
0 420
0 421
0 330
0 522
0 517
0 396
0 330
0 483
0 686
0 389
0 485
0 242
0 285
0 299
0 434
0 373
0 450
0 336
0 335
0 373
0 573
0 721
0 326
0 704
0 342
0 373
0 327
0 223
0 460
0 589
0 429
0 395
0 411
0 524
0 243
0 504
0 346
0 301
0 187
0 308
0 183
0 483
0 353
0 287
0 357
0 405
0 417
0 347
0 452
0 571
0 404
0 482
0 411
0 488
0 438
0 433
0 384
0 339
0 589
0 590
0 502
0 478
0 454
0 275
0 308
0 566
0 481
0 411
0 258
0 459
0 439
0 470
0 349
0 395
0 425
0 412
0 416
0 391
0 618
0 440
0 368
0 227
0 834
0 310
0 504
0 371
0 274
0 332
0 673
0 243
0 369
0 369
0 181
0 328
0 318
0 574
0 462
0 524
0 416
0 377
0 558
0 393
0 331
0 810
0 305
0 365
0 426
0 311
0 433
0 432
0 301
0 397
0 363
0 550
0 469
0 430
0 569
0 316
0 404
0 516
0 217
0 385
0 353
0 360
0 530
0 411
0 313
0 288
0 594
0 329
0 462
0 395
0 457
0 263
0 447
0 349
0 419
0 470
0 416
0 457
0 431
0 386
0 314
0 462
0 329
0 319
0 313
0 334
0 299
0 360
0 402
0 346
0 211
0 320
0 237
0 402
0 91
0 462
0 360
0 380
0 341
0 531
0 491
0 312
0 359
0 419
0 369
0 335
0 547
0 410
0 328
0 343
0 408
0 447
0 373
0 365
0 262
0 355
0 468
0 221
0 567
0 373
0 320
0 413
0 447
0 397
0 415
0 406
0 413
0 725
0 579
0 370
0 464
0 514
0 328
0 833
0 611
0 276
0 428
0 530
0 194
0 528
0 477
0 341
0 548
0 250
0 380
0 258
0 528
0 223
0 512
0 465
0 374
0 468
0 438
0 555
0 1189
0 332
0 334
0 313
0 349
0 545
0 388
0 371
0 279
0 498
0 495
0 198
0 455
0 298
0 837
0 623
0 438
0 287
0 405
0 435
0 360
0 302
0 384
0 254
0 252
0 384
0 449
0 408
0 264
0 293
0 383
0 326
0 350
0 368
0 581
0 301
0 468
0 390
0 504
0 387
0 196
0 482
0 408
0 333
0 412
0 459
0 389
0 584
0 458
0 694
0 473
0 572
0 456
0 292
0 389
0 606
0 296
0 507
0 472
0 352
0 469
0 343
0 588
0 367
0 368
0 629
0 411
0 413
0 328
0 266
0 465
0 358
0 421
0 427
0 410
0 394
0 441
0 387
0 942
0 412
0 418
0 380
0 649
0 431
0 426
0 297
0 360
0 307
0 253
0 338
0 228
0 331
0 615
0 350
0 302
0 404
0 496
0 300
0 346
0 405
0 322
0 412
0 366
0 517
0 277
0 338
0 318
0 450
0 315
0 206
0 318
0 408
0 209
0 297
0 216
0 324
0 417
0 468
0 403
0 365
0 265
0 434
0 309
0 356
0 500
0 268
0 341
0 428
0 352
0 346
0 384
0 195
0 551
0 321
0 387
0 576
0 436
0 427
0 431
0 348
0 470
0 382
0 439
0 481
0 416
0 698
0 215
0 378
0 304
0 405
0 368
0 378
0 331
0 449
0 362
0 286
0 341
0 760
0 845
0 405
0 396
0 431
0 320
0 521
0 249
0 359
0 274
0 285
0 724
0 259
0 425
0 219
0 606
0 304
0 374
0 375
0 259
0 239
0 323
0 396
0 422
0 421
0 305
0 268
0 421
0 385
0 413
0 441
0 421
0 284
0 385
0 508
0 392
0 585
0 405
0 354
0 364
0 395
0 349
0 429
0 323
0 392
0 392
0 380
0 376
0 598
0 228
0 814
0 460
0 253
0 309
0 376
0 103
0 359
0 624
0 360
0 459
0 464
0 401
0 279
0 427
0 687
0 354
0 332
0 495
0 351
0 357
0 547
0 674
0 395
0 580
0 291
0 514
0 464
0 217
0 268
0 693
0 355
0 448
0 646
0 398
0 510
0 333
0 327
0 344
0 273
0 498
0 354
0 534
0 613
0 310
0 364
0 298
0 219
0 292
0 617
0 381
0 391
0 200
0 209
0 346
0 282
0 426
0 534
0 338
0 406
0 437
0 489
0 275
0 393
0 571
0 511
0 661
0 491
0 334
0 278
0 260
0 359
0 337
0 422
0 269
0 346
0 313
0 463
0 774
0 482
0 334
0 515
0 448
0 210
0 497
0 334
0 492
0 313
0 315
0 1235
0 282
0 291
0 165
0 442
0 428
0 333
0 401
0 351
0 339
0 229
0 391
0 530
0 369
0 603
0 385
0 240
0 506
0 294
0 352
0 119
0 416
0 334
0 502
0 301
0 439
0 308
0 346
0 460
0 209
0 263
0 284
0 462
0 366
0 201
0 462
0 392
0 627
0 525
0 486
0 399
0 448
0 409
0 482
0 316
0 398
0 226
0 443
0 320
0 428
0 502
0 275
0 346
0 265
0 426
0 248
0 331
0 228
0 312
0 420
0 435
0 321
0 413
0 368
0 346
0 372
0 367
0 424
0 398
0 433
0 407
0 328
0 309
0 336
0 381
0 439
0 427
0 357
0 181
0 286
0 336
0 281
0 200
0 376
0 197
0 323
0 504
0 253
0 490
0 486
0 441
0 407
0 515
0 305
0 337
0 418
0 376
0 521
0 370
0 714
0 276
0 524
0 381
0 285
0 822
0 233
0 444
0 908
0 310
0 393
0 326
0 346
0 379
0 228
0 230
0 305
0 536
0 355
0 155
0 452
0 448
0 257
0 463
0 278
0 407
0 627
0 356
0 367
0 444
0 615
0 419
0 375
0 359
0 462
0 206
0 363
0 340
0 510
0 378
0 415
0 304
0 477
0 397
0 324
0 221
0 344
0 491
0 334
0 439
0 352
0 453
0 430
0 321
0 461
0 313
0 434
0 467
0 298
0 602
0 208
0 336
0 691
0 495
0 353
0 375
0 437
0 391
0 535
0 113
0 528
0 475
0 565
0 602
0 457
0 731
0 488
0 373
0 325
0 462
0 291
0 243
0 318
0 275
0 488
0 542
0 631
0 448
0 280
0 456
0 298
0 283
0 258
0 383
0 687
0 441
0 353
0 325
0 281
0 245
0 317
0 208
0 407
0 405
0 264
0 367
0 378
0 466
0 379
0 330
0 355
0 84
0 396
0 272
0 338
0 208
0 322
0 341
0 257
0 716
0 415
0 249
0 219
0 480
0 580
0 547
0 305
0 236
0 364
0 400
0 458
0 372
0 531
0 576
0 512
0 235
0 372
0 245
0 337
0 348
0 420
0 410
0 297
0 253
0 391
0 426
0 410
0 519
0 332
0 283
0 421
0 480
0 397
0 478
0 539
0 376
0 448
0 142
0 392
0 356
0 392
0 328
0 351
0 399
0 298
0 474
0 400
0 380
0 399
0 292
0 537
0 491
0 487
0 260
0 582
0 456
0 501
0 158
0 610
0 271
0 375
0 463
0 442
0 426
0 395
0 377
0 388
0 470
0 360
0 355
0 441
0 264
0 424
0 335
0 421
0 355
0 332
0 284
0 410
0 407
0 433
0 294
0 296
0 366
0 366
0 575
0 443
0 252
0 318
0 375
0 463
0 328
0 407
0 405
0 571
0 183
0 543
0 488
0 401
0 462
0 469
0 341
0 499
0 324
0 229
0 614
0 570
0 447
0 245
0 342
0 384
0 319
0 374
0 305
0 391
0 360
0 313
0 327
0 725
0 525
0 428
0 495
0 350
0 365
0 366
0 498
0 332
0 416
0 461
0 389
0 416
0 437
0 380
0 297
0 473
0 511
0 435
0 465
0 341
0 598
0 385
0 381
0 297
0 445
0 532
0 267
0 382
0 329
0 487
0 434
0 268
0 726
0 359
0 1704
0 521
0 416
0 319
0 513
0 605
0 522
0 461
0 439
0 370
0 1075
0 326
0 490
0 358
0 394
0 438
0 415
0 249
0 349
0 681
0 560
0 380
0 431
0 415
0 475
0 346
0 542
0 374
0 434
0 427
0 494
0 307
0 270
0 566
0 425
0 596
0 267
0 409
0 332
0 473
0 195
0 358
0 357
0 497
0 246
0 439
0 423
0 428
0 300
0 413
0 245
0 837
0 511
0 396
0 252
0 552
0 472
0 547
0 427
0 438
0 312
0 410
0 395
0 413
0 550
0 406
0 411
0 351
0 412
0 350
0 188
0 325
0 515
0 269
0 630
0 156
0 567
0 301
0 358
0 298
0 658
0 442
0 507
0 506
0 438
0 262
0 329
0 576
0 375
0 448
0 582
0 315
0 254
0 403
0 484
0 238
0 269
0 423
0 348
0 360
0 267
0 454
0 311
0 409
0 302
0 285
0 445
0 254
0 313
0 376
0 450
0 282
0 394
0 479
0 310
0 449
0 295
0 194
0 380
0 527
0 438
0 453
0 361
0 495
0 403
0 211
0 413
0 441
0 337
0 612
0 534
0 301
0 279
0 594
0 359
0 478
0 507
0 360
0 507
0 308
0 301
0 431
0 515
0 531
0 353
0 423
0 411
0 485
0 247
0 331
0 426
0 424
0 188
0 186
0 423
0 492
0 411
0 283
0 424
0 447
0 418
0 532
0 347
0 483
0 462
0 264
0 363
0 271
0 435
0 467
0 259
0 318
0 387
0 706
0 269
0 425
0 511
0 303
0 307
0 319
0 218
0 218
0 347
0 350
0 435
0 524
0 336
0 334
0 360
0 487
0 464
0 285
0 381
0 460
0 296
0 410
0 271
0 304
0 438
0 356
0 570
0 336
0 388
0 268
0 613
0 475
0 254
0 313
0 490
0 464
0 377
0 346
0 615
0 129
0 407
0 585
0 586
0 226
0 267
0 617
0 453
0 319
0 232
0 458
0 281
0 462
0 333
0 480
0 339
0 550
0 359
0 438
0 356
0 488
0 438
0 790
0 282
0 423
0 452
0 458
0 339
0 551
0 265
0 489
0 317
0 465
0 390
0 381
0 354
0 467
0 559
0 699
0 470
0 341
0 511
0 183
0 306
0 530
0 308
0 227
0 151
0 461
0 655
0 349
0 416
0 506
0 343
0 346
0 247
0 398
0 434
0 344
0 265
0 353
0 283
0 435
0 358
0 341
0 468
0 347
0 426
0 284
0 291
0 335
0 450
0 63
0 521
0 162
0 432
0 400
0 217
0 477
0 465
0 329
0 308
0 487
0 452
0 447
0 467
0 295
0 421
0 339
0 471
0 390
0 356
0 409
0 501
0 144
0 447
0 475
0 351
0 315
0 366
0 490
0 281
0 293
0 456
0 196
0 534
0 231
0 635
0 477
0 346
0 291
0 535
0 374
0 310
0 778
0 482
0 544
0 521
0 467
0 369
0 363
0 462
0 566
0 301
0 295
0 320
0 417
0 250
0 372
0 290
0 527
0 362
0 533
0 470
0 463
0 486
0 302
0 415
0 483
0 275
0 433
0 294
0 355
0 487
0 489
0 306
0 373
0 357
0 155
0 295
0 332
0 523
0 568
0 835
0 348
0 532
0 504
0 528
0 345
0 364
0 276
0 383
0 424
0 313
0 529
0 404
0 438
0 481
0 407
0 111
0 330
0 372
0 367
0 345
0 384
0 584
0 278
0 368
0 249
0 392
0 294
0 362
0 921
0 450
0 346
0 471
0 495
0 356
0 260
0 284
0 571
0 364
0 508
0 499
0 543
0 742
0 276
0 360
0 432
0 344
0 292
0 541
0 254
0 225
0 410
0 371
0 364
0 580
0 419
0 301
0 440
0 417
0 418
0 421
0 453
0 288
0 666
0 465
0 385
0 389
0 288
0 355
0 580
0 438
0 365
0 148
0 518
0 302
0 541
0 233
0 386
0 479
0 382
0 205
0 159
0 367
0 239
0 432
0 471
0 487
0 375
0 246
0 410
0 536
0 420
0 371
0 331
0 557
0 329
0 393
0 461
0 266
0 315
0 513
0 543
0 454
0 412
0 321
0 434
0 476
0 572
0 428
0 339
0 347
0 321
0 440
0 477
0 506
0 319
0 423
0 219
0 452
0 495
0 456
0 332
0 317
0 202
0 448
0 349
0 306
0 476
0 386
0 272
0 342
0 439
0 410
0 286
0 465
0 435
0 600
0 147
0 319
0 331
0 391
0 598
0 301
0 521
0 307
0 707
0 395
0 402
0 475
0 724
0 490
0 390
0 432
0 443
0 423
0 303
0 418
0 356
0 184
0 291
0 491
0 366
0 542
0 342
0 361
0 289
0 400
0 476
0 309
0 307
0 461
0 264
0 422
0 285
0 371
0 486
0 418
0 233
0 300
0 332
0 269
0 556
0 329
0 545
0 256
0 231
0 437
0 275
0 235
0 288
0 341
0 396
0 356
0 384
0 288
0 292
0 513
0 244
0 279
0 144
0 512
0 523
0 283
0 442
0 243
0 510
0 307
0 354
0 266
0 187
0 435
0 183
0 381
0 362
0 370
0 272
0 280
0 394
0 355
0 329
0 626
0 429
0 486
0 336
0 197
0 238
0 332
0 613
0 521
0 293
0 293
0 328
0 405
0 444
0 193
0 358
0 254
0 531
0 313
0 411
0 316
0 636
0 339
0 291
0 340
0 408
0 217
0 411
0 339
0 366
0 225
0 537
0 443
0 402
0 254
0 395
0 402
0 431
0 499
0 424
0 371
0 411
0 351
0 425
0 397
0 356
0 553
0 400
0 358
0 286
0 324
0 371
0 377
0 461
0 172
0 444
0 273
0 355
0 633
0 342
0 606
0 314
0 345
0 335
0 522
0 327
0 532
0 413
0 307
0 490
0 396
0 161
0 251
0 285
0 335
0 762
0 415
0 314
0 397
0 492
0 384
0 351
0 537
0 452
0 291
0 323
0 379
0 233
0 228
0 283
0 390
0 399
0 405
0 372
0 347
0 390
0 661
0 512
0 761
0 435
0 388
0 619
0 490
0 277
0 300
0 343
0 569
0 344
0 392
0 489
0 248
0 500
0 256
0 421
0 427
0 409
0 463
0 324
0 532
0 698
0 460
0 670
0 534
0 372
0 409
0 771
0 351
0 282
0 225
0 346
0 365
0 215
0 419
0 260
0 379
0 478
0 341
0 303
0 262
0 258
0 184
0 456
0 401
0 315
0 242
0 286
0 478
0 233
0 377
0 261
0 456
0 327
0 559
0 590
0 363
0 201
0 603
0 411
0 178
0 545
0 441
0 442
0 510
0 205
0 308
0 386
0 424
0 359
0 220
0 600
0 352
0 317
0 189
0 352
0 418
0 470
0 558
0 319
0 427
0 367
0 236
0 503
0 453
0 625
0 386
0 437
0 357
0 787
0 319
0 341
0 281
0 270
0 427
0 382
0 421
0 413
0 450
0 1480
0 459
0 410
0 456
0 657
0 448
0 258
0 495
0 399
0 361
0 382
0 268
0 1125
0 603
0 542
0 319
0 500
0 288
0 262
0 323
0 314
0 435
0 394
0 461
0 388
0 341
0 388
0 1108
0 293
0 282
0 366
0 398
0 373
0 457
0 418
0 602
0 448
0 509
0 300
0 404
0 319
0 331
0 385
0 202
0 415
0 583
0 428
0 331
0 420
0 274
0 383
0 474
0 607
0 335
0 370
0 178
0 427
0 420
0 294
0 389
0 296
0 492
0 196
0 545
0 268
0 324
0 296
0 420
0 826
0 346
0 550
0 423
0 373
0 315
0 466
0 424
0 395
0 411
0 378
0 370
0 472
0 284
0 451
0 556
0 323
0 1156
0 599
0 311
0 795
0 369
0 438
0 432
0 449
0 370
0 612
0 407
0 472
0 272
0 313
0 352
0 400
0 464
0 503
0 688
0 405
0 127
0 382
0 437
0 511
0 390
0 435
0 308
0 400
0 326
0 486
0 408
0 402
0 288
0 575
0 424
0 430
0 366
0 459
0 387
0 332
0 606
0 385
0 391
0 465
0 254
0 487
0 394
0 260
0 535
0 425
0 428
0 352
0 378
0 401
0 120
0 296
0 453
0 392
0 365
0 240
0 329
0 382
0 517
0 538
0 384
0 331
0 320
0 294
0 364
0 546
0 383
0 396
0 317
0 302
0 311
0 457
0 376
0 315
0 497
0 453
0 356
0 684
0 361
0 328
0 238
0 278
0 306
0 469
0 370
0 364
0 258
0 379
0 350
0 647
0 580
0 416
0 441
0 389
0 349
0 324
0 417
0 490
0 435
0 402
0 409
0 471
0 396
0 570
0 453
0 442
0 337
0 342
0 221
0 242
0 402
0 230
0 442
0 446
0 321
0 573
0 255
0 279
0 237
0 343
0 323
0 195
0 538
0 859
0 295
0 361
0 478
0 343
0 191
0 542
0 406
0 706
0 420
0 421
0 323
0 300
0 526
0 346
0 420
0 589
0 397
0 229
0 270
0 568
0 301
0 352
0 334
0 379
0 629
0 388
0 678
0 287
0 422
0 383
0 715
0 345
0 475
0 451
0 359
0 367
0 212
0 354
0 320
0 415
0 545
0 340
0 277
0 418
0 420
0 829
0 373
0 377
0 317
0 357
0 287
0 492
0 458
0 250
0 449
0 356
0 375
0 305
0 274
0 540
0 205
0 444
0 396
0 348
0 398
0 298
0 432
0 214
0 412
0 318
0 427
0 500
0 501
0 412
0 450
0 493
0 559
0 408
0 451
0 308
0 428
0 385
0 436
0 297
0 419
0 467
0 417
0 449
0 477
0 364
0 238
0 293
0 280
0 519
0 285
0 364
0 378
0 480
0 412
0 493
0 307
0 296
0 564
0 357
0 419
0 334
0 480
0 531
0 330
0 249
0 465
0 410
0 260
0 372
0 479
0 373
0 352
0 464
0 444
0 435
0 279
0 608
0 418
0 588
0 428
0 337
0 429
0 630
0 331
0 397
0 341
0 494
0 111
0 251
0 341
0 263
0 297
0 532
0 403
0 663
0 165
0 177
0 426
0 462
0 379
0 464
0 266
0 489
0 288
0 195
0 413
0 261
0 410
0 457
0 211
0 442
0 324
0 537
0 268
0 252
0 377
0 421
0 270
0 408
0 232
0 626
0 498
0 417
0 368
0 258
0 278
0 274
0 404
0 289
0 326
0 456
0 300
0 481
0 225
0 463
0 412
0 328
0 325
0 445
0 430
0 436
0 375
0 413
0 410
0 283
0 384
0 400
0 547
0 406
0 345
0 104
0 306
0 323
0 412
0 498
0 250
0 482
0 431
0 421
0 381
0 272
0 1306
0 505
0 279
0 414
0 338
0 345
0 436
0 443
0 309
0 613
0 358
0 567
0 391
0 500
0 340
0 568
0 272
0 328
0 343
0 397
0 328
0 284
0 458
0 367
0 382
0 474
0 272
0 453
0 308
0 490
0 425
0 434
0 269
0 634
0 366
0 344
0 468
0 369
0 288
0 550
0 280
0 241
0 349
0 377
0 346
0 502
0 425
0 460
0 451
0 607
0 309
0 409
0 348
0 431
0 391
0 254
0 442
0 526
0 408
0 299
0 309
0 341
0 321
0 398
0 411
0 310
0 91
0 384
0 542
0 402
0 344
0 423
0 340
0 298
0 254
0 353
0 397
0 607
0 268
0 602
0 394
0 696
0 440
0 350
0 530
0 290
0 157
0 371
0 296
0 383
0 333
0 430
0 397
0 329
0 411
0 415
0 507
0 542
0 438
0 460
0 584
0 148
0 568
0 560
0 368
0 507
0 279
0 468
0 456
0 454
0 524
0 617
0 205
0 403
0 398
0 310
0 291
0 361
0 479
0 652
0 399
0 356
0 205
0 258
0 661
0 432
0 193
0 349
0 395
0 490
0 636
0 347
0 441
0 409
0 290
0 350
0 266
0 334
0 373
0 462
0 418
0 481
0 389
0 481
0 511
0 497
0 294
0 415
0 438
0 512
0 432
0 514
0 313
0 354
0 277
0 682
0 327
0 467
0 327
0 536
0 431
0 230
0 146
0 478
0 316
0 493
0 435
0 240
0 283
0 352
0 302
0 303
0 382
0 540
0 592
0 306
0 432
0 429
0 350
0 206
0 235
0 407
0 291
0 401
0 255
0 558
0 316
0 276
0 420
0 252
0 412
0 419
0 572
0 430
0 307
0 306
0 373
0 346
0 710
0 388
0 379
0 909
0 580
0 467
0 494
0 350
0 204
0 499
0 440
0 500
0 518
0 583
0 240
0 340
0 429
0 410
0 177
0 181
0 304
0 398
0 336
0 415
0 631
0 391
0 258
0 361
0 361
0 295
0 448
0 288
0 224
0 202
0 314
0 443
0 355
0 329
0 351
0 390
0 244
0 331
0 765
0 390
0 291
0 452
0 500
0 409
0 422
0 436
0 409
0 337
0 139
0 264
0 268
0 352
0 438
0 308
0 517
0 478
0 459
0 456
0 335
0 395
0 336
0 353
0 335
0 367
0 427
0 545
0 165
0 442
0 402
0 571
0 418
0 325
0 360
0 547
0 488
0 331
0 456
0 314
0 442
0 494
0 440
0 566
0 328
0 318
0 299
0 281
0 470
0 447
0 593
0 651
0 239
0 404
0 239
0 297
0 441
0 454
0 427
0 344
0 372
0 303
0 369
0 502
0 435
0 412
0 429
0 491
0 513
0 231
0 746
0 379
0 610
0 430
0 327
0 347
0 542
0 441
0 379
0 295
0 216
0 398
0 319
0 390
0 381
0 441
0 381
0 231
0 452
0 485
0 413
0 316
0 633
0 273
0 255
0 521
0 385
0 439
0 311
0 412
0 575
0 412
0 494
0 374
0 438
0 399
0 280
0 346
0 433
0 288
0 291
0 329
0 385
0 414
0 378
0 374
0 412
0 656
0 553
0 597
0 377
0 321
0 405
0 326
0 255
0 401
0 346
0 655
0 377
0 446
0 429
0 470
0 388
0 396
0 996
0 454
0 493
0 292
0 218
0 475
0 392
0 423
0 307
0 338
0 321
0 411
0 312
0 293
0 243
0 413
0 169
0 445
0 133
0 539
0 393
0 306
0 370
0 369
0 348
0 136
0 312
0 436
0 355
0 349
0 373
0 195
0 440
0 392
0 297
0 206
0 550
0 475
0 465
0 312
0 580
0 913
0 507
0 487
0 546
0 188
0 431
0 356
0 359
0 446
0 333
0 297
0 362
0 136
0 311
0 441
0 452
0 223
0 312
0 426
0 349
0 361
0 397
0 443
0 414
0 449
0 322
0 434
0 680
0 340
0 319
0 161
0 420
0 301
0 448
0 453
0 291
0 379
0 400
0 130
0 478
0 354
0 409
0 448
0 446
0 879
0 497
0 365
0 243
0 362
0 283
0 477
0 368
0 362
0 497
0 435
0 358
0 385
0 400
0 485
0 292
0 326
0 297
0 281
0 542
0 432
0 427
0 366
0 569
0 542
0 281
0 438
0 614
0 204
0 452
0 371
0 381
0 522
0 338
0 384
0 151
0 337
0 367
0 321
0 418
0 263
0 433
0 255
0 431
0 293
0 437
0 681
0 228
0 411
0 293
0 448
0 574
0 628
0 295
0 475
0 368
0 323
0 449
0 316
0 318
0 416
0 252
0 316
0 309
0 490
0 301
0 459
0 540
0 524
0 224
0 329
0 480
0 240
0 375
0 439
0 367
0 402
0 395
0 509
0 399
0 432
0 304
0 568
0 373
0 411
0 419
0 393
0 451
0 523
0 431
0 499
0 374
0 433
0 381
0 328
0 337
0 571
0 438
0 434
0 370
0 595
0 344
0 385
0 347
0 382
0 597
0 279
0 371
0 418
0 377
0 324
0 384
0 340
0 558
0 479
0 457
0 233
0 365
0 502
0 212
0 366
0 338
0 493
0 383
0 549
0 387
0 441
0 338
0 362
0 481
0 344
0 297
0 251
0 190
0 280
0 352
0 387
0 357
0 668
0 514
0 448
0 324
0 387
0 497
0 375
0 506
0 349
0 473
0 318
0 299
0 289
0 471
0 470
0 377
0 210
0 122
0 375
0 305
0 378
0 243
0 450
0 403
0 444
0 367
0 928
0 284
0 371
0 395
0 479
0 451
0 479
0 373
0 173
0 512
0 396
0 519
0 460
0 443
0 461
0 482
0 548
0 332
0 421
0 393
0 283
0 251
0 308
0 524
0 319
0 599
0 597
0 472
0 370
0 332
0 333
0 274
0 417
0 212
0 258
0 365
0 489
0 567
0 205
0 286
0 291
0 241
0 426
0 776
0 379
0 568
0 347
0 391
0 458
0 265
0 529
0 205
0 262
0 230
0 305
0 387
0 610
0 417
0 327
0 563
0 478
0 398
0 286
0 434
0 328
0 445
0 294
0 309
0 397
0 369
0 391
0 420
0 392
0 217
0 271
0 87
0 500
0 346
0 342
0 319
0 331
0 650
0 509
0 251
0 463
0 490
0 532
0 299
0 628
0 513
0 376
0 484
0 606
0 353
0 341
0 329
0 455
0 367
0 269
0 393
0 465
0 440
0 701
0 343
0 234
0 360
0 166
0 271
0 728
0 235
0 442
0 632
0 551
0 513
0 146
0 141
0 481
0 602
0 314
0 285
0 302
0 333
0 421
0 236
0 349
0 260
0 340
0 507
0 464
0 430
0 288
0 678
0 406
0 415
0 433
0 323
0 620
0 276
0 435
0 612
0 402
0 473
0 478
0 344
0 429
0 312
0 285
0 253
0 434
0 449
0 342
0 515
0 533
0 606
0 410
0 268
0 617
0 235
0 573
0 243
0 423
0 342
0 453
0 364
0 425
0 267
0 413
0 417
0 455
0 499
0 355
0 548
0 288
0 510
0 423
0 540
0 189
0 220
0 788
0 483
0 432
0 248
0 371
0 436
0 282
0 168
0 414
0 353
0 421
0 350
0 267
0 470
0 566
0 566
0 644
0 224
0 358
0 455
0 355
0 346
0 425
0 739
0 285
0 279
0 455
0 408
0 449
0 333
0 220
0 325
0 473
0 288
0 527
0 424
0 539
0 283
0 787
0 326
0 326
0 432
0 268
0 314
0 313
0 417
0 428
0 311
0 402
0 307
0 332
0 426
0 304
0 368
0 358
0 324
0 392
0 455
0 250
0 193
0 250
0 406
0 229
0 275
0 437
0 403
0 310
0 560
0 268
0 506
0 454
0 545
0 406
0 523
0 401
0 413
0 488
0 283
0 331
0 308
0 380
0 438
0 310
0 455
0 379
0 563
0 825
0 443
0 267
0 413
0 330
0 287
0 265
0 205
0 317
0 393
0 280
0 439
0 321
0 448
0 565
0 315
0 1064
0 414
0 480
0 355
0 427
0 344
0 188
0 342
0 470
0 368
0 339
0 274
0 304
0 566
0 237
0 572
0 263
0 274
0 437
0 501
0 243
0 456
0 502
0 410
0 411
0 662
0 394
0 423
0 171
0 370
0 331
0 461
0 352
0 329
0 536
0 473
0 399
0 425
0 218
0 773
0 373
0 384
0 200
0 332
0 375
0 408
0 335
0 681
0 478
0 338
0 442
0 407
0 315
0 345
0 478
0 506
0 498
0 230
0 427
0 656
0 392
0 368
0 562
0 418
0 475
0 101
0 225
0 467
0 295
0 249
0 295
0 284
0 327
0 286
0 441
0 521
0 274
0 357
0 426
0 402
0 607
0 476
0 549
0 277
0 313
0 391
0 482
0 195
0 329
0 372
0 479
0 502
0 285
0 369
0 386
0 271
0 227
0 341
0 297
0 568
0 249
0 312
0 381
0 331
0 261
0 385
0 351
0 469
0 325
0 436
0 237
0 348
0 326
0 528
0 362
0 327
0 511
0 421
0 492
0 310
0 342
0 675
0 420
0 392
0 580
0 431
0 474
0 613
0 197
0 472
0 551
0 373
0 527
0 488
0 187
0 714
0 359
0 569
0 410
0 490
0 355
0 444
0 237
0 537
0 258
0 116
0 449
0 347
0 317
0 375
0 561
0 583
0 429
0 387
0 343
0 405
0 467
0 273
0 486
0 341
0 610
0 541
0 673
0 458
0 396
0 393
0 510
0 492
0 418
0 311
0 261
0 621
0 474
0 341
0 78
0 342
0 379
0 342
0 374
0 310
0 352
0 276
0 506
0 369
0 475
0 570
0 1434
0 454
0 565
0 435
0 227
0 419
0 399
0 548
0 471
0 480
0 353
0 357
0 450
0 429
0 394
0 684
0 267
0 456
0 424
0 508
0 329
0 384
0 312
0 389
0 453
0 429
0 236
0 272
0 426
0 364
0 564
0 331
0 622
0 596
0 338
0 560
0 293
0 452
0 385
0 350
0 337
0 231
0 500
0 378
0 304
0 239
0 434
0 257
0 270
0 405
0 384
0 348
0 525
0 305
0 426
0 481
0 338
0 394
0 396
0 351
0 447
0 380
0 478
0 327
0 288
0 352
0 555
0 434
0 678
0 461
0 203
0 558
0 594
0 303
0 251
0 458
0 280
0 495
0 397
0 239
0 448
0 365
0 258
0 579
0 355
0 372
0 485
0 347
0 442
0 260
0 571
0 535
0 438
0 415
0 452
0 447
0 451
0 403
0 422
0 280
0 351
0 472
0 385
0 463
0 322
0 439
0 270
0 430
0 595
0 395
0 302
0 221
0 420
0 244
0 466
0 137
0 385
0 433
0 366
0 412
0 290
0 134
0 453
0 467
0 532
0 451
0 476
0 332
0 424
0 419
0 422
0 417
0 481
0 613
0 268
0 564
0 237
0 393
0 449
0 203
0 335
0 438
0 1034
0 365
0 459
0 380
0 247
0 657
0 414
0 436
0 476
0 325
0 458
0 318
0 323
0 360
0 484
0 384
0 376
0 421
0 443
0 533
0 281
0 466
0 578
0 434
0 321
0 436
0 404
0 390
0 265
0 260
0 405
0 376
0 630
0 437
0 525
0 355
0 320
0 263
0 630
0 399
0 450
0 692
0 445
0 528
0 1220
0 290
0 338
0 377
0 394
0 565
0 283
0 904
0 442
0 278
0 636
0 410
0 450
0 303
0 236
0 367
0 395
0 412
0 383
0 357
0 325
0 282
0 185
0 417
0 393
0 200
0 659
0 429
0 370
0 519
0 364
0 531
0 705
0 370
0 83
0 361
0 388
0 319
0 248
0 547
0 476
0 440
0 369
0 242
0 273
0 426
0 372
0 367
0 338
0 322
0 338
0 562
0 296
0 451
0 365
0 395
0 212
0 275
0 335
0 212
0 369
0 472
0 357
0 459
0 296
0 408
0 417
0 370
0 311
0 419
0 440
0 397
0 255
0 627
0 208
0 251
0 367
0 328
0 376
0 585
0 431
0 375
0 394
0 517
0 519
0 353
0 783
0 249
0 254
0 554
0 383
0 363
0 526
0 542
0 487
0 449
0 326
0 392
0 455
0 548
0 321
0 387
0 366
0 374
0 288
0 421
0 434
0 405
0 612
0 751
0 418
0 454
0 486
0 366
0 437
0 347
0 266
0 564
0 411
0 558
0 327
0 234
0 491
0 704
0 605
0 369
0 372
0 464
0 346
0 439
0 355
0 300
0 401
0 345
0 274
0 467
0 239
0 519
0 516
0 462
0 518
0 629
0 268
0 561
0 548
0 380
0 608
0 799
0 286
0 331
0 397
0 380
0 378
0 470
0 241
0 399
0 307
0 214
0 248
0 385
0 437
0 266
0 411
0 349
0 338
0 443
0 343
0 284
0 373
0 262
0 351
0 447
0 350
0 485
0 256
0 275
0 275
0 404
0 618
0 408
0 381
0 453
0 330
0 183
0 507
0 396
0 495
0 395
0 442
0 274
0 673
0 363
0 319
0 391
0 417
0 467
0 256
0 532
0 535
0 269
0 373
0 408
0 242
0 365
0 535
0 377
0 335
0 276
0 269
0 397
0 373
0 356
0 514
0 385
0 488
0 350
0 232
0 262
0 544
0 412
0 350
0 307
0 691
0 431
0 442
0 472
0 439
0 388
0 376
0 445
0 390
0 390
0 305
0 434
0 372
0 378
0 369
0 389
0 467
0 389
0 442
0 437
0 339
0 484
0 518
0 308
0 344
0 295
0 434
0 299
0 440
0 291
0 472
0 333
0 438
0 266
0 336
0 364
0 496
0 359
0 421
0 524
0 614
0 362
0 471
0 564
0 302
0 481
0 389
0 460
0 249
0 260
0 339
0 241
0 261
0 267
0 742
0 406
0 403
0 351
0 355
0 456
0 380
0 386
0 348
0 367
0 344
0 419
0 362
0 399
0 378
0 482
0 344
0 453
0 229
0 531
0 194
0 468
0 365
0 606
0 380
0 307
0 286
0 385
0 241
0 290
0 428
0 435
0 597
0 316
0 401
0 480
0 402
0 379
0 364
0 536
0 424
0 297
0 349
0 356
0 233
0 290
0 591
0 432
0 425
0 325
0 581
0 389
0 356
0 521
0 147
0 426
0 397
0 529
0 262
0 183
0 444
0 299
0 626
0 454
0 356
0 269
0 407
0 418
0 666
0 269
0 248
0 338
0 407
0 312
0 345
0 327
0 394
0 308
0 417
0 346
0 481
0 389
0 595
0 332
0 475
0 287
0 406
0 407
0 386
0 458
0 960
0 424
0 459
0 329
0 267
0 410
0 513
0 352
0 407
0 453
0 450
0 279
0 556
0 281
0 352
0 435
0 390
0 451
0 344
0 369
0 344
0 190
0 655
0 275
0 284
0 427
0 685
0 462
0 226
0 321
0 345
0 442
0 307
0 377
0 375
0 469
0 440
0 281
0 506
0 481
0 480
0 307
0 224
0 477
0 264
0 433
0 380
0 322
0 522
0 474
0 639
0 278
0 310
0 558
0 508
0 551
0 367
0 416
0 328
0 387
0 370
0 395
0 506
0 388
0 383
0 350
0 409
0 315
0 373
0 348
0 545
0 354
0 488
0 396
0 408
0 257
0 308
0 332
0 310
0 245
0 463
0 459
0 482
0 423
0 446
0 480
0 307
0 390
0 294
0 400
0 301
0 279
0 374
0 327
0 384
0 550
0 301
0 361
0 556
0 394
0 323
0 331
0 324
0 312
0 410
0 338
0 470
0 446
0 372
0 257
0 364
0 624
0 491
0 456
0 344
0 173
0 546
0 234
0 1174
0 547
0 248
0 439
0 531
0 443
0 346
0 290
0 314
0 471
0 375
0 386
0 283
0 360
0 433
0 540
0 415
0 369
0 367
0 494
0 517
0 306
0 400
0 483
0 253
0 305
0 448
0 416
0 338
0 263
0 440
0 382
0 620
0 363
0 350
0 432
0 528
0 278
0 363
0 370
0 408
0 690
0 590
0 321
0 442
0 507
0 449
0 345
0 646
0 784
0 370
0 292
0 611
0 323
0 620
0 544
0 361
0 319
0 206
0 517
0 301
0 266
0 246
0 362
0 272
0 305
0 490
0 330
0 462
0 673
0 478
0 245
0 377
0 410
0 293
0 451
0 1247
0 601
0 353
0 300
0 434
0 313
0 347
0 190
0 475
0 319
0 296
0 438
0 434
0 339
0 359
0 580
0 493
0 534
0 337
0 555
0 352
0 634
0 378
0 301
0 446
0 482
0 484
0 256
0 363
0 521
0 386
0 383
0 436
0 736
0 354
0 239
0 191
0 586
0 284
0 500
0 275
0 280
0 372
0 439
0 564
0 389
0 452
0 587
0 460
0 320
0 412
0 436
0 579
0 367
0 439
0 562
0 355
0 403
0 285
0 348
0 424
0 508
0 324
0 368
0 359
0 713
0 430
0 445
0 359
0 393
0 474
0 651
0 391
0 273
0 461
0 489
0 337
0 226
0 286
0 337
0 592
0 546
0 229
0 366
0 572
0 341
0 531
0 488
0 193
0 233
0 395
0 328
0 294
0 440
0 415
0 401
0 293
0 302
0 253
0 522
0 539
0 291
0 160
0 191
0 234
0 364
0 323
0 326
0 304
0 375
0 362
0 505
0 453
0 364
0 312
0 326
0 229
0 326
0 214
0 410
0 323
0 458
0 545
0 349
0 158
0 424
0 944
0 457
0 371
0 507
0 557
0 345
0 370
0 510
0 239
0 312
0 352
0 777
0 373
0 294
0 430
0 364
0 468
0 323
0 668
0 528
0 522
0 288
0 330
0 699
0 273
0 315
0 447
0 410
0 646
0 484
0 386
0 533
0 232
0 410
0 441
0 382
0 501
0 383
0 263
0 360
0 311
0 231
0 606
0 338
0 413
0 304
0 373
0 383
0 400
0 349
0 370
0 308
0 418
0 480
0 353
0 422
0 311
0 407
0 607
0 342
0 659
0 446
0 577
0 324
0 296
0 305
0 502
0 319
0 349
0 540
0 488
0 284
0 338
0 642
0 334
0 472
0 263
0 423
0 549
0 393
0 397
0 164
0 461
0 467
0 301
0 428
0 459
0 270
0 317
0 317
0 353
0 382
0 403
0 332
0 366
0 771
0 291
0 425
0 526
0 262
0 341
0 490
0 438
0 394
0 414
0 402
0 337
0 395
0 401
0 275
0 614
0 399
0 593
0 551
0 338
0 352
0 272
0 570
0 376
0 355
0 489
0 468
0 446
0 297
0 557
0 401
0 341
0 380
0 555
0 142
0 280
0 235
0 587
0 298
0 514
0 326
0 406
0 489
0 342
0 487
0 799
0 462
0 520
0 322
0 460
0 422
0 379
0 551
0 356
0 503
0 344
0 264
0 510
0 278
0 407
0 385
0 299
0 338
0 298
0 370
0 374
0 328
0 411
0 261
0 366
0 360
0 617
0 278
0 396
0 404
0 642
0 516
0 507
0 666
0 440
0 298
0 402
0 351
0 399
0 401
0 384
0 350
0 301
0 255
0 349
0 358
0 579
0 280
0 720
0 386
0 425
0 330
0 483
0 420
0 324
0 371
0 285
0 433
0 185
0 299
0 418
0 257
0 502
0 231
0 314
0 540
0 408
0 235
0 463
0 228
0 403
0 384
0 273
0 279
0 323
0 188
0 482
0 468
0 373
0 400
0 357
0 485
0 461
0 526
0 390
0 539
0 533
0 659
0 297
0 372
0 228
0 280
0 485
0 291
0 325
0 492
0 369
0 386
0 391
0 352
0 367
0 295
0 562
0 597
0 511
0 544
0 346
0 374
0 490
0 313
0 294
0 203
0 382
0 306
0 554
0 716
0 405
0 424
0 385
0 331
0 470
0 256
0 265
0 374
0 406
0 423
0 494
0 268
0 348
0 435
0 247
0 271
0 511
0 277
0 417
0 354
0 360
0 300
0 304
0 262
0 245
0 350
0 383
0 336
0 484
0 390
0 147
0 573
0 278
0 497
0 369
0 359
0 266
0 249
0 364
0 193
0 422
0 229
0 140
0 199
0 339
0 467
0 255
0 434
0 816
0 412
0 315
0 393
0 393
0 685
0 1333
0 502
0 322
0 419
0 431
0 409
0 472
0 333
0 483
0 469
0 322
0 313
0 523
0 444
0 334
0 514
0 754
0 399
0 546
0 169
0 465
0 465
0 482
0 268
0 365
0 320
0 363
0 282
0 184
0 476
0 312
0 567
0 522
0 234
0 299
0 291
0 283
0 355
0 471
0 343
0 359
0 482
0 314
0 479
0 474
0 501
0 352
0 402
0 466
0 429
0 351
0 401
0 382
0 679
0 262
0 728
0 423
0 474
0 432
0 363
0 481
0 459
0 572
0 369
0 447
0 440
0 452
0 452
0 308
0 445
0 441
0 641
0 294
0 466
0 700
0 412
0 508
0 361
0 493
0 458
0 269
0 356
0 495
0 360
0 272
0 375
0 375
0 293
0 258
0 447
0 531
0 288
0 377
0 452
0 569
0 296
0 264
0 363
0 591
0 382
0 407
0 485
0 365
0 376
0 215
0 268
0 344
0 418
0 333
0 333
0 496
0 189
0 267
0 498
0 357
0 414
0 359
0 258
0 506
0 270
0 701
0 286
0 381
0 326
0 285
0 350
0 586
0 422
0 297
0 309
0 448
0 363
0 370
0 397
0 400
0 194
0 311
0 532
0 495
0 300
0 394
0 322
0 200
0 429
0 426
0 348
0 413
0 481
0 423
0 400
0 419
0 418
0 395
0 504
0 458
0 401
0 287
0 448
0 446
0 427
0 338
0 345
0 511
0 557
0 302
0 436
0 252
0 442
0 451
0 492
0 437
0 441
0 123
0 373
0 266
0 333
0 410
0 729
0 264
0 237
0 426
0 482
0 301
0 421
0 384
0 437
0 295
0 327
0 644
0 465
0 451
0 425
0 615
0 510
0 291
0 363
0 653
0 601
0 329
0 275
0 473
0 292
0 276
0 475
0 377
0 483
0 343
0 385
0 551
0 297
0 306
0 336
0 228
0 397
0 230
0 561
0 212
0 483
0 501
0 407
0 408
0 214
0 451
0 293
0 804
0 339
0 534
0 548
0 472
0 332
0 849
0 511
0 340
0 374
0 477
0 243
0 358
0 325
0 344
0 378
0 330
0 431
0 379
0 366
0 488
0 385
0 432
0 253
0 396
0 494
0 376
0 607
0 414
0 292
0 415
0 343
0 164
0 364
0 322
0 527
0 1047
0 458
0 385
0 581
0 462
0 345
0 451
0 372
0 377
0 287
0 403
0 316
0 592
0 451
0 468
0 377
0 458
0 272
0 390
0 385
0 447
0 265
0 335
0 360
0 445
0 353
0 291
0 415
0 271
0 682
0 212
0 305
0 470
0 249
0 428
0 447
0 1026
0 308
0 456
0 382
0 290
0 384
0 411
0 357
0 471
0 367
0 400
0 440
0 679
0 230
0 386
0 323
0 433
0 377
0 563
0 394
0 474
0 305
0 489
0 435
0 382
0 464
0 481
0 422
0 350
0 399
0 333
0 464
0 375
0 341
0 422
0 335
0 442
0 200
0 315
0 551
0 135
0 359
0 321
0 625
0 350
0 407
0 220
0 459
0 323
0 497
0 383
0 364
0 555
0 324
0 555
0 351
0 265
0 345
0 456
0 488
0 354
0 381
0 441
0 239
0 361
0 353
0 331
0 404
0 691
0 405
0 270
0 404
0 357
0 357
0 444
0 383
0 474
0 440
0 554
0 594
0 256
0 515
0 415
0 416
0 261
0 271
0 364
0 899
0 447
0 461
0 576
0 140
0 493
0 658
0 394
0 566
0 647
0 340
0 267
0 366
0 364
0 361
0 692
0 418
0 228
0 557
0 413
0 455
0 396
0 338
0 534
0 313
0 446
0 294
0 597
0 357
0 461
0 324
0 379
0 449
0 347
0 614
0 236
0 311
0 437
0 426
0 457
0 484
0 285
0 361
0 374
0 511
0 185
0 429
0 413
0 207
0 462
0 431
0 458
0 565
0 562
0 293
0 227
0 356
0 280
0 398
0 439
0 300
0 506
0 400
0 305
0 281
0 467
0 288
0 541
0 395
0 345
0 454
0 437
0 553
0 367
0 507
0 396
0 354
0 370
0 328
0 216
0 410
0 290
0 277
0 538
0 223
0 282
0 459
0 747
0 429
0 277
0 348
0 336
0 446
0 245
0 406
0 354
0 537
0 321
0 692
0 399
0 411
0 317
0 225
0 450
0 307
0 228
0 523
0 400
0 665
0 331
0 386
0 531
0 427
0 338
0 449
0 392
0 241
0 308
0 812
0 504
0 407
0 321
0 375
0 395
0 414
0 401
0 565
0 350
0 538
0 438
0 599
0 261
0 844
0 553
0 253
0 407
0 156
0 483
0 328
0 409
0 382
0 255
0 413
0 478
0 338
0 237
0 509
0 297
0 456
0 378
0 319
0 348
0 305
0 278
0 451
0 512
0 337
0 458
0 620
0 475
0 644
0 371
0 435
0 474
0 613
0 303
0 318
0 371
0 381
0 486
0 502
0 239
0 334
0 632
0 296
0 512
0 279
0 517
0 308
0 300
0 446
0 578
0 268
0 619
0 325
0 647
0 346
0 355
0 430
0 351
0 653
0 681
0 400
0 478
0 392
