# SA for random K-SAT
# K = 3   N = 256   M = 928   seed = 2903580993
# alpha = 3.625000   nIter = 2048  Tmax = 0.200000
# 1:lowestUnsat  2:runTime
0 17
0 13
0 47
0 105
0 46
0 11
0 67
0 30
0 21
0 168
0 27
0 67
0 17
0 19
0 30
0 43
0 17
0 12
0 97
0 62
0 115
0 91
0 43
0 15
0 131
0 34
0 31
0 72
0 19
0 10
0 76
0 22
0 26
0 30
0 16
0 33
0 13
0 24
0 23
0 1250
0 68
0 28
0 76
0 33
0 23
0 177
0 134
0 18
0 31
0 69
0 52
0 70
0 37
0 13
0 77
0 17
0 59
0 34
0 53
0 16
0 117
0 14
0 48
0 22
0 10
0 217
0 14
0 71
0 255
0 60
0 51
0 15
0 39
0 77
0 98
0 22
0 62
0 7
0 40
0 8
0 15
0 12
0 33
0 25
0 773
0 17
0 43
0 85
0 657
0 161
0 112
0 18
0 281
0 83
0 18
0 14
0 22
0 23
0 58
0 102
0 66
0 11
0 30
0 17
0 42
0 81
0 17
0 251
0 61
0 37
0 339
0 36
0 30
0 83
0 12
0 111
0 17
0 30
0 15
0 82
0 43
0 74
0 61
0 48
0 45
0 137
0 60
0 15
0 27
0 48
0 13
0 45
0 68
0 119
0 37
0 24
0 35
0 103
0 36
0 28
0 13
0 135
0 218
0 51
0 68
0 35
0 28
0 27
0 34
0 54
0 27
0 167
0 23
0 20
0 9
0 94
0 31
0 13
0 78
0 8
0 56
0 17
0 19
0 44
0 37
0 11
0 30
0 106
0 140
0 52
0 54
0 25
0 109
0 15
0 24
0 63
0 50
0 990
0 21
0 16
0 30
0 38
0 49
0 25
0 126
0 9
0 16
0 14
0 26
0 26
0 62
0 168
0 1128
0 52
0 8
0 13
0 73
0 23
0 86
0 12
0 18
0 53
0 65
0 18
0 7
0 110
0 52
0 70
0 18
0 98
0 107
0 9
0 21
0 46
0 11
0 53
0 14
0 17
0 65
0 58
0 14
0 275
0 42
0 39
0 29
0 24
0 40
0 107
0 68
0 19
0 127
0 122
0 34
0 18
0 77
0 148
0 19
0 124
0 69
0 18
0 59
0 10
0 89
0 17
0 18
0 34
0 38
0 54
0 8
0 69
0 10
0 53
0 171
0 237
0 31
0 34
0 53
0 107
0 10
0 54
0 28
0 23
0 48
0 54
0 18
0 8
0 48
0 31
0 56
0 78
0 189
0 12
0 26
0 127
0 176
0 22
0 30
0 125
0 51
0 7
0 87
0 56
0 97
0 52
0 32
0 88
0 23
0 24
0 30
0 95
0 43
0 13
0 24
0 48
0 118
0 82
0 24
0 23
0 90
0 72
0 41
0 30
0 17
0 51
0 84
0 82
0 47
0 45
0 139
0 28
0 42
0 9
0 310
0 9
0 10
0 89
0 62
0 26
0 96
0 49
0 38
0 15
0 18
0 27
0 70
0 152
0 174
0 65
0 20
0 44
0 177
0 99
0 43
0 436
0 558
0 55
0 58
0 39
0 28
0 24
0 20
0 162
0 118
0 30
0 43
0 27
0 18
0 106
0 28
0 19
0 38
0 432
0 19
0 219
0 253
0 91
0 10
0 39
0 16
0 26
0 17
0 14
0 10
0 61
0 39
0 12
0 149
0 9
0 44
0 77
0 57
0 22
0 79
0 172
0 37
0 33
0 28
0 11
0 27
0 39
0 214
0 18
0 19
0 207
0 40
0 19
0 52
0 48
0 63
0 41
0 42
0 110
0 54
0 68
0 18
0 42
0 289
0 44
0 28
0 54
0 246
0 276
0 22
0 124
0 8
0 19
0 294
0 48
0 31
0 6
0 28
0 68
0 188
0 30
0 92
0 173
0 22
0 23
0 26
0 29
0 49
0 129
0 23
0 17
0 28
0 63
0 137
0 70
0 10
0 194
0 118
0 9
0 122
0 148
0 52
0 48
0 50
0 95
0 13
0 155
0 179
0 15
0 47
0 40
0 59
0 232
0 14
0 11
0 12
0 88
0 15
0 64
0 10
0 25
0 49
0 36
0 14
0 62
0 34
0 24
0 27
0 33
0 25
0 242
0 23
0 39
0 81
0 26
0 27
0 13
0 48
0 26
0 19
0 49
0 31
0 33
0 117
0 25
0 83
0 87
0 98
0 33
0 306
0 71
0 18
0 21
0 24
0 22
0 118
0 14
0 16
0 12
0 79
0 110
0 16
0 42
0 89
0 23
0 7
0 150
0 20
0 72
0 37
0 239
0 13
0 15
0 24
0 54
0 122
0 87
0 32
0 43
0 120
0 48
0 55
0 139
0 5
0 133
0 67
0 176
1 2048
0 45
0 211
0 101
0 84
0 85
0 62
0 269
0 159
0 30
0 17
0 44
0 47
0 33
0 150
0 248
0 162
0 27
0 29
0 38
0 321
0 159
0 29
0 39
0 33
0 16
0 5
0 24
0 38
0 109
0 150
0 55
0 58
0 50
0 28
0 94
0 165
0 31
0 19
0 81
0 34
0 29
0 243
0 38
0 19
0 28
0 30
0 31
0 36
0 32
0 13
0 15
0 209
0 95
0 171
0 83
0 21
0 11
0 22
0 30
0 47
0 94
0 23
0 92
0 78
0 60
0 32
0 17
0 44
0 26
0 136
0 19
0 104
0 196
0 26
0 187
0 21
0 665
0 79
0 43
0 58
0 37
0 37
0 113
0 27
0 51
0 76
0 21
0 14
0 126
0 8
0 94
0 315
0 36
0 36
0 63
0 34
0 145
0 278
0 61
0 71
0 17
0 43
0 76
0 39
0 107
0 136
0 18
0 16
0 259
0 14
0 26
0 17
0 47
0 574
0 204
0 46
0 20
0 96
0 17
0 18
0 31
0 26
0 58
0 32
0 54
0 31
0 29
0 17
0 31
0 18
0 439
0 53
0 22
0 29
0 18
0 47
0 22
0 14
0 19
0 71
0 1645
0 130
0 809
0 7
0 17
0 8
0 14
0 8
0 33
0 113
0 17
0 37
0 45
0 672
0 51
0 46
0 155
0 38
0 39
0 76
0 25
0 10
0 89
0 35
0 11
0 98
0 22
0 37
0 8
0 249
0 47
0 225
0 33
0 41
0 41
0 95
0 58
0 23
0 131
0 40
0 70
0 57
0 26
0 28
1 2048
0 33
0 18
0 206
0 151
0 22
0 172
0 176
0 14
0 20
0 56
0 86
0 39
0 50
0 16
0 338
0 209
0 160
0 7
0 10
0 84
0 81
0 26
0 112
0 14
0 29
0 132
0 15
0 42
0 26
0 17
0 7
0 228
0 82
0 10
0 262
0 31
0 9
0 26
0 25
0 31
0 50
0 31
0 180
0 35
0 33
0 37
0 290
0 90
0 12
0 8
0 83
0 33
0 227
0 13
0 26
0 69
0 37
0 19
0 589
0 19
0 66
0 94
0 177
0 25
0 53
0 134
0 13
0 136
0 21
0 96
0 54
0 62
0 69
0 20
0 45
0 32
0 16
0 143
0 118
0 92
0 27
0 261
0 8
0 88
0 32
0 246
0 140
0 37
0 14
0 39
0 69
0 53
0 14
0 29
0 8
0 15
0 653
0 39
0 103
0 108
0 23
0 48
0 12
0 17
0 40
0 324
0 6
0 124
0 105
0 23
0 98
0 607
0 15
0 180
0 185
0 20
0 120
0 30
0 104
0 47
0 106
0 24
0 202
0 64
0 21
0 16
0 38
0 93
0 43
0 86
0 23
0 38
0 20
0 31
0 90
0 25
0 17
0 69
0 25
0 145
0 89
0 24
0 126
0 110
0 39
0 11
0 178
0 23
0 44
0 60
0 44
0 35
0 63
0 55
0 7
0 13
0 95
0 6
0 28
0 12
0 19
0 48
0 27
0 14
0 14
0 12
0 140
0 104
0 33
0 48
0 1137
0 182
0 14
0 6
0 14
0 46
0 33
0 50
0 26
0 316
0 152
0 15
0 40
0 39
0 323
0 34
0 214
0 109
0 16
0 27
0 11
0 82
0 78
0 20
0 11
0 9
0 132
0 49
0 21
0 210
0 25
0 56
0 11
0 25
0 122
0 33
0 20
0 11
0 31
0 56
0 18
0 35
0 7
0 13
0 44
0 152
0 41
0 217
0 98
0 33
0 114
0 45
0 125
0 68
0 52
0 155
0 12
0 42
0 51
0 58
0 21
0 50
0 53
0 23
0 30
0 24
0 34
0 15
0 126
0 11
0 291
0 63
0 53
0 22
0 28
0 40
1 2048
0 159
0 23
0 19
0 54
0 12
0 12
0 23
0 131
0 71
0 24
0 13
0 7
0 60
0 54
0 24
0 14
0 118
0 29
0 57
0 60
0 54
0 29
0 50
0 32
0 18
0 277
0 276
0 12
0 17
0 34
0 83
0 28
0 28
0 51
0 63
0 23
0 66
0 43
0 20
0 23
0 121
0 54
0 15
0 37
0 29
0 137
0 33
0 26
0 36
0 23
0 10
0 62
0 13
0 8
0 24
0 150
0 26
0 55
0 35
0 22
0 17
0 27
0 40
0 9
0 29
0 59
0 31
0 9
0 178
0 91
0 13
0 10
0 59
0 62
0 55
0 24
0 51
0 16
0 11
0 19
0 53
0 32
0 43
0 19
0 18
0 32
0 30
0 20
0 166
0 92
0 77
0 155
0 35
0 23
0 23
0 24
0 42
0 28
0 36
0 39
0 66
0 27
0 65
0 53
0 36
0 71
0 23
0 121
0 37
0 128
0 58
0 13
0 49
0 17
0 181
0 18
0 40
0 22
0 32
0 31
0 360
0 21
0 529
0 43
0 4
0 13
0 18
0 116
0 6
0 84
0 93
0 34
0 34
0 37
0 16
0 29
0 50
0 87
0 16
0 10
0 25
0 41
0 10
0 35
0 25
0 16
0 93
0 73
0 30
0 51
0 50
0 24
0 120
0 15
0 82
0 33
0 87
0 41
0 13
0 48
0 243
0 31
0 21
0 12
0 67
0 18
0 73
0 34
0 62
0 13
0 73
0 78
0 54
0 28
0 42
0 21
0 26
0 64
0 21
0 31
0 124
0 110
0 17
0 41
0 17
0 30
0 16
0 19
0 13
0 21
0 34
0 36
0 9
0 78
0 91
0 110
0 70
0 14
0 100
0 17
0 134
0 113
0 10
0 26
0 79
0 28
0 52
0 178
0 55
0 63
0 56
0 57
0 41
0 14
0 15
0 78
0 58
0 15
0 25
1 2048
0 75
0 54
0 27
0 55
0 735
0 13
0 147
0 15
0 196
0 108
0 182
0 25
0 115
0 20
0 57
0 74
0 22
0 8
0 22
0 112
0 183
0 28
0 50
0 23
0 205
0 11
0 18
0 24
0 28
0 64
0 39
0 38
0 13
0 17
0 51
0 43
0 14
0 24
0 12
0 41
0 236
0 460
0 24
0 197
0 70
0 177
0 23
0 100
0 511
0 57
0 63
0 42
0 144
0 17
0 80
0 58
0 9
0 156
0 67
0 6
0 18
0 102
0 49
0 52
0 111
0 38
0 27
0 119
0 15
0 48
0 43
0 57
0 26
0 85
0 41
0 96
0 15
0 22
0 75
0 928
0 30
0 93
0 11
0 68
0 24
0 16
0 148
0 165
0 63
0 20
0 51
0 67
0 23
0 53
0 68
0 231
0 15
0 174
0 25
0 48
0 43
0 59
0 16
0 13
0 84
0 18
0 10
0 81
0 22
0 138
0 11
0 18
0 80
0 18
0 42
0 70
0 28
0 68
0 24
0 105
0 21
0 36
0 13
0 441
0 80
0 114
0 100
0 46
0 31
0 51
0 129
0 31
0 45
0 43
0 211
0 36
0 27
0 30
0 15
0 21
0 11
0 22
0 25
0 4
0 28
0 6
0 98
0 19
0 13
0 38
0 60
0 48
0 107
0 81
0 38
0 255
0 21
0 62
0 20
0 101
0 28
0 26
0 32
0 20
0 19
0 32
0 34
0 51
0 13
0 7
0 32
0 29
0 22
0 28
0 112
0 10
0 40
0 27
0 128
0 51
0 102
0 25
0 26
0 129
0 71
0 15
0 8
0 19
0 6
0 23
0 47
0 15
0 123
0 1687
0 91
0 325
0 181
0 97
0 14
0 142
0 35
0 71
0 46
0 153
0 21
0 37
0 61
0 16
0 38
0 37
0 23
0 37
0 225
0 49
0 12
0 80
0 40
0 11
0 31
0 62
0 98
0 42
0 20
0 17
0 36
0 13
0 20
0 80
0 94
0 10
0 4
0 9
0 27
0 232
0 23
0 16
0 12
0 122
0 46
0 17
0 78
0 11
0 279
0 41
0 22
0 37
0 24
0 40
0 7
0 105
0 43
0 23
0 116
0 37
0 47
0 297
0 137
0 15
0 56
0 760
0 29
0 48
0 10
0 12
0 29
0 33
0 38
0 44
0 95
0 139
0 29
0 24
0 66
0 34
0 16
0 13
0 25
0 25
0 101
0 37
0 259
0 38
0 48
0 23
0 53
0 30
0 28
0 98
0 15
0 43
0 33
0 53
0 21
0 67
0 106
0 19
0 17
0 72
0 21
0 15
0 57
0 42
0 15
0 19
0 16
0 22
0 119
0 64
0 25
0 45
0 16
0 20
0 47
0 49
0 30
0 35
0 15
0 13
0 106
0 13
0 33
0 35
0 133
0 9
0 5
0 117
0 39
0 24
0 17
0 144
0 17
0 29
0 27
0 84
0 83
0 151
0 15
0 47
0 55
0 34
0 16
0 73
0 34
0 32
0 118
0 21
0 78
0 63
0 14
0 76
0 97
0 85
0 195
0 10
0 14
0 60
0 37
0 10
0 271
0 105
0 28
0 172
0 23
0 51
0 58
0 32
0 14
0 20
0 57
0 33
0 14
0 36
0 24
0 49
0 34
0 13
0 77
0 97
0 43
0 231
0 44
0 18
0 58
0 64
0 21
0 111
0 59
0 47
0 23
0 97
0 50
0 21
0 39
0 265
0 56
0 99
0 115
0 73
0 36
0 46
0 34
0 26
0 19
0 79
0 5
0 86
0 11
0 106
0 74
0 70
0 21
0 108
0 29
0 8
0 34
0 14
0 15
0 257
0 32
0 87
0 57
0 39
0 80
0 9
0 18
0 32
0 52
0 56
0 24
0 219
0 40
0 30
0 24
0 49
0 28
0 28
0 82
0 13
0 27
0 31
0 29
0 21
0 16
0 32
0 34
0 4
0 8
0 376
0 39
0 96
0 220
0 29
0 22
0 19
0 1080
0 74
0 28
0 58
0 14
0 16
0 22
0 20
0 69
0 33
0 31
0 22
0 15
0 10
0 21
0 26
0 24
0 23
0 1337
0 51
0 11
0 38
0 17
0 38
0 28
0 44
0 11
0 214
0 36
0 12
0 27
0 157
0 87
0 127
0 24
0 19
0 29
0 11
0 63
0 8
0 19
0 246
0 97
0 13
0 153
0 16
0 22
0 51
0 8
0 145
0 25
0 140
0 15
0 15
0 38
0 101
0 55
0 74
0 10
0 57
0 242
0 13
0 22
0 17
0 19
0 22
0 19
0 134
0 124
0 18
0 286
0 13
0 46
0 105
0 33
0 279
0 23
0 106
0 24
0 23
0 16
0 20
0 173
0 22
0 26
0 29
0 28
0 40
0 206
0 149
0 24
0 48
0 84
0 11
0 145
0 27
0 328
0 54
0 18
0 95
0 80
0 101
0 16
0 67
0 136
0 237
0 472
0 36
0 33
0 153
0 118
0 12
0 14
0 41
0 12
0 189
0 43
0 20
0 125
0 158
0 40
0 33
0 19
0 12
0 167
0 16
0 16
0 276
0 62
0 35
0 21
0 42
0 8
0 14
0 36
0 116
0 151
0 23
0 15
0 294
0 27
0 54
0 209
0 15
0 12
0 224
0 127
0 44
0 23
0 116
0 63
0 23
0 36
0 138
0 137
0 34
0 23
0 51
0 36
0 109
0 8
0 9
0 16
0 74
0 23
0 16
0 79
0 14
0 17
0 41
0 23
0 202
0 84
0 20
0 47
0 12
0 152
0 70
0 52
0 286
0 53
0 30
0 33
0 25
0 41
0 92
0 24
0 270
0 45
0 40
0 20
0 54
0 26
0 82
0 44
0 63
0 21
0 144
0 318
0 91
0 28
0 26
0 46
0 27
0 34
0 8
0 35
0 158
0 55
0 73
0 32
0 56
0 70
0 21
0 24
0 204
0 20
0 58
0 64
0 47
0 166
0 55
0 65
0 25
0 21
0 141
0 17
0 41
0 22
0 19
0 20
0 22
0 77
0 43
0 45
0 65
0 66
0 46
0 81
0 25
0 11
0 9
0 86
0 49
0 73
0 105
0 17
0 24
0 36
0 11
0 15
0 95
0 29
0 21
0 8
0 32
0 30
0 38
0 40
0 8
0 57
0 679
0 46
0 26
0 57
0 16
0 52
0 58
0 32
0 51
0 13
0 85
0 61
0 25
0 27
0 95
0 223
0 74
0 14
0 29
0 40
0 42
0 7
0 34
0 16
0 37
0 59
0 19
0 56
0 51
0 56
0 57
0 70
0 225
0 39
0 22
0 88
0 6
0 48
0 36
0 45
0 28
0 36
0 80
0 332
0 79
0 258
0 8
0 38
0 44
0 28
0 105
0 109
0 14
0 15
0 32
0 50
0 49
0 83
0 43
0 45
0 38
0 19
0 37
0 53
0 108
0 30
0 83
0 84
0 20
0 338
0 74
0 135
0 44
0 18
0 82
0 34
0 51
0 37
0 13
0 12
0 35
0 132
0 177
0 40
0 222
0 66
0 27
0 18
0 20
0 40
0 24
0 43
0 44
0 165
0 725
0 55
0 25
0 40
0 15
0 80
0 151
0 33
0 17
0 187
0 29
0 32
0 37
0 38
0 932
0 41
0 58
0 56
0 32
0 33
0 148
0 50
0 23
0 17
0 295
0 19
0 153
0 32
0 10
0 33
0 63
0 82
0 102
0 24
0 150
0 73
0 56
0 56
0 102
0 21
0 39
0 16
0 35
0 90
0 74
0 75
0 68
0 19
0 82
0 76
0 25
0 40
0 22
0 56
0 11
0 41
0 101
0 97
0 18
0 13
0 52
0 225
0 33
0 71
0 93
1 2048
0 43
0 42
0 35
0 38
0 78
0 25
0 45
0 27
0 30
0 38
0 185
0 164
0 29
0 34
0 52
0 13
0 56
0 59
0 33
0 101
0 43
0 34
0 118
0 18
0 34
0 12
0 43
0 38
0 294
0 16
0 90
0 177
0 53
0 26
0 86
0 117
0 22
0 11
0 11
0 107
0 49
0 64
0 37
0 69
0 26
0 34
0 86
0 21
0 35
0 11
0 122
0 19
0 21
0 58
0 241
0 5
0 56
0 91
0 83
0 15
0 19
0 33
0 11
0 111
0 96
0 30
0 40
0 92
0 140
0 200
0 89
0 26
0 35
0 20
0 51
0 40
0 45
0 243
0 57
0 57
0 96
0 45
0 103
0 101
0 43
0 17
0 50
0 19
0 38
0 37
0 38
0 135
0 91
0 16
0 160
0 48
0 17
0 14
0 150
0 86
0 50
0 23
0 82
0 14
0 164
0 38
0 31
0 20
0 60
0 161
0 80
0 25
0 92
0 38
0 46
0 46
0 23
0 31
0 34
0 20
0 35
0 19
0 30
0 27
0 27
0 61
0 17
0 19
0 8
0 26
0 25
0 89
0 31
0 23
0 28
0 45
0 205
0 44
0 11
0 238
0 55
0 222
0 25
0 54
0 12
0 37
0 37
0 38
0 147
0 23
0 46
0 28
0 118
0 95
0 38
0 117
0 26
0 10
0 144
0 10
0 30
0 108
0 10
0 19
0 36
0 13
0 74
0 96
0 99
0 53
0 101
0 43
0 27
0 35
0 37
0 17
0 39
0 9
0 11
0 29
0 25
0 65
0 9
0 118
0 10
0 53
0 18
0 119
0 27
0 63
0 43
0 54
0 69
0 20
0 17
0 103
0 63
0 40
0 20
0 7
0 129
0 310
0 46
0 12
0 20
0 27
0 52
0 34
0 115
0 40
0 24
0 115
0 272
0 124
0 94
0 62
0 119
0 27
0 48
0 17
0 67
0 5
0 47
0 113
0 36
0 33
0 35
0 15
0 191
0 16
0 16
0 61
0 25
0 205
0 44
0 63
0 147
0 16
0 14
0 53
0 41
0 24
0 36
0 11
0 62
0 93
0 28
0 301
0 22
0 45
0 19
0 39
0 77
0 18
0 47
0 20
0 25
0 10
0 114
0 22
0 86
0 74
0 150
0 18
0 41
0 80
0 381
0 76
0 8
0 31
0 180
0 40
0 9
0 36
0 115
0 16
0 179
0 60
0 18
0 17
0 55
0 58
0 103
0 130
0 192
0 23
0 41
0 18
0 106
0 28
0 65
0 33
0 26
0 50
0 12
0 59
0 71
0 419
0 28
0 8
0 41
0 92
0 29
0 25
0 81
0 15
0 156
0 20
0 23
0 60
0 17
0 52
0 29
0 10
0 8
0 85
0 12
0 48
0 17
0 43
0 68
0 57
0 100
0 83
0 108
0 49
0 149
0 14
0 11
0 119
0 13
0 9
0 70
0 60
0 56
0 15
0 103
0 31
0 63
0 10
0 31
0 30
0 18
0 50
0 127
0 46
0 15
0 52
0 10
0 55
0 18
0 20
0 9
0 60
0 42
0 28
0 15
0 18
0 47
0 217
0 71
0 16
0 95
0 947
0 13
0 45
0 41
0 93
0 34
0 16
0 63
0 103
0 65
0 53
0 21
0 16
0 16
0 131
0 138
0 34
0 29
0 16
0 122
0 346
0 31
0 170
0 13
0 8
0 48
0 76
0 49
0 23
0 18
0 39
0 22
0 30
0 70
0 28
0 206
0 73
0 22
0 61
0 41
0 11
0 42
0 84
0 117
0 50
0 43
0 26
0 381
0 35
0 23
0 111
0 41
0 78
0 24
0 34
0 191
0 77
0 20
0 50
0 240
0 57
0 219
0 62
0 51
0 33
0 72
0 14
0 12
0 47
0 15
0 14
0 257
0 12
0 98
0 31
0 18
0 28
0 41
0 149
0 58
0 99
0 40
0 8
0 114
0 109
0 15
0 36
0 175
0 19
0 102
0 26
0 39
0 148
0 27
0 115
0 44
0 24
0 36
0 216
0 330
0 32
0 22
0 37
0 60
0 33
0 59
0 41
0 10
0 27
0 147
0 105
0 9
0 17
0 24
0 6
0 16
0 22
0 175
0 77
0 76
0 19
0 72
0 62
0 22
0 54
0 35
0 26
0 19
0 40
0 69
0 29
0 24
0 51
0 66
0 15
0 32
0 11
0 484
0 50
0 27
0 147
0 81
0 190
0 97
0 40
0 41
0 22
0 37
0 126
0 47
0 10
0 12
0 100
0 38
0 13
0 15
0 105
0 153
0 20
0 22
0 22
0 19
0 52
0 31
0 161
0 122
0 32
0 22
0 19
0 9
0 42
0 37
0 20
0 133
0 34
0 57
0 25
0 7
0 128
0 12
0 74
0 25
0 7
0 30
0 83
0 11
0 23
0 33
0 75
0 20
0 467
0 140
0 25
0 68
0 72
0 25
1 2048
0 78
0 13
0 13
0 105
0 31
0 28
0 13
0 68
0 81
0 13
0 39
0 314
0 119
0 84
0 62
0 83
0 39
1 2048
0 16
0 226
0 24
0 47
0 20
0 19
0 65
0 22
0 13
0 60
0 175
0 184
0 35
0 52
0 16
0 30
0 27
0 188
0 21
0 115
0 38
0 125
0 126
0 220
0 25
0 79
0 12
0 109
0 36
0 14
0 19
0 16
0 370
0 80
0 196
0 16
0 165
0 136
0 14
0 90
0 14
0 63
0 10
0 49
0 205
0 5
0 10
0 29
0 32
0 32
0 20
0 13
0 20
0 57
0 178
0 55
0 52
0 21
0 6
0 19
0 16
0 81
0 43
0 79
0 52
0 114
0 9
0 32
0 136
0 21
0 69
0 39
0 18
0 13
0 10
0 36
0 19
0 27
0 6
0 56
0 15
0 23
0 23
0 44
0 20
0 63
0 86
0 88
0 63
0 112
0 56
0 42
0 105
0 109
0 20
0 57
0 27
0 47
0 17
0 15
0 136
0 87
0 218
0 185
0 12
0 28
0 21
0 50
0 13
0 31
0 34
0 13
0 35
0 144
0 142
0 155
0 45
0 74
0 78
0 93
0 38
0 39
0 23
0 69
0 138
0 136
0 178
0 24
0 111
0 63
0 51
0 24
0 19
0 25
0 38
0 86
0 29
0 26
0 52
0 60
0 272
0 32
0 35
0 44
0 78
0 29
0 25
0 38
0 82
0 145
0 21
0 58
0 23
0 55
0 16
0 15
0 8
0 19
0 34
0 83
0 73
0 93
0 16
0 20
0 34
0 114
0 21
1 2048
0 64
0 78
0 35
0 6
0 58
0 38
0 25
0 13
0 10
0 10
0 51
0 10
0 19
0 106
0 36
0 120
0 18
0 42
0 21
0 29
0 134
0 35
0 26
0 46
0 35
0 12
0 57
0 28
0 132
0 60
0 141
0 82
0 45
0 133
0 19
0 14
0 23
0 41
0 17
0 18
0 206
0 56
0 36
0 164
0 35
0 35
0 82
0 116
0 18
0 35
0 32
0 114
0 76
0 34
0 14
0 18
0 15
0 24
0 17
0 72
0 13
0 57
0 10
0 24
0 108
0 186
0 8
0 74
0 139
0 23
0 24
0 49
0 4
0 44
0 58
0 142
0 30
0 7
0 43
0 11
0 75
0 23
0 16
0 16
0 11
0 27
0 23
0 55
0 5
0 19
0 12
0 68
0 42
0 30
0 67
0 220
0 27
0 441
0 55
0 26
0 66
0 59
0 31
0 217
0 30
0 50
0 30
0 14
0 136
0 37
0 23
0 10
0 40
0 69
0 23
0 10
0 22
0 25
0 44
0 31
0 39
0 21
0 81
0 116
0 11
0 5
0 32
0 123
0 74
0 149
0 32
0 38
0 107
0 216
0 18
0 58
0 20
0 48
0 408
0 58
0 25
0 32
0 149
0 46
0 99
0 52
0 13
0 18
0 31
0 20
0 47
0 88
0 89
0 22
0 94
0 469
0 162
0 44
0 21
0 101
0 100
0 44
0 41
0 66
0 18
0 13
0 14
0 20
0 114
0 16
0 55
0 96
0 333
0 70
0 92
0 76
0 47
0 17
0 119
0 137
0 28
0 53
0 26
0 43
0 10
0 470
0 78
0 32
0 25
0 52
0 6
0 24
0 26
0 17
0 70
0 143
0 56
0 30
0 90
0 22
0 16
0 31
0 15
0 31
0 93
0 10
0 15
0 17
0 19
0 195
0 57
0 7
0 34
0 25
0 345
0 75
0 106
0 12
0 37
0 51
0 28
0 12
0 63
0 141
0 45
0 77
0 80
0 89
0 63
0 89
0 45
0 30
0 30
0 16
0 26
0 25
0 17
0 68
0 12
0 10
0 22
0 58
0 23
0 59
0 585
0 14
0 46
0 10
0 78
0 102
0 72
0 25
0 25
0 108
0 27
0 18
0 48
0 30
0 22
0 92
0 192
0 599
0 142
0 34
0 97
0 21
0 23
0 14
0 23
0 50
0 40
0 159
0 30
0 30
0 52
0 36
0 52
0 78
0 9
0 12
0 8
0 292
0 31
0 17
0 19
0 79
0 32
0 92
0 9
0 24
0 20
0 25
0 19
0 7
0 18
0 54
0 10
0 21
0 43
0 89
0 267
0 60
0 15
0 106
0 112
0 101
0 87
0 111
0 18
0 19
0 97
0 39
0 33
0 16
0 21
0 27
0 35
0 37
0 22
0 39
0 18
0 78
0 22
0 36
0 53
0 26
0 9
0 30
0 61
0 83
0 13
0 45
0 88
0 33
0 851
0 33
0 9
0 12
0 69
0 30
0 87
0 24
0 304
0 39
0 15
0 15
0 15
0 46
0 9
0 31
1 2048
0 19
0 210
0 18
0 9
0 12
0 74
0 24
0 592
0 237
0 12
0 20
0 34
0 14
0 70
0 37
0 44
0 23
0 39
0 122
0 13
0 103
0 7
0 53
0 42
0 73
0 38
0 12
0 24
0 83
0 96
0 23
0 18
0 11
0 52
0 112
0 73
0 10
0 85
0 66
0 15
0 39
0 96
0 86
0 130
0 22
0 35
0 28
0 9
0 31
0 79
0 124
0 90
0 30
0 15
0 130
0 21
0 24
0 84
0 46
0 15
0 47
0 61
0 43
0 32
0 40
0 116
0 41
0 29
0 60
0 22
0 31
0 133
0 26
0 25
0 20
0 39
0 133
0 17
0 77
0 152
0 19
0 128
0 65
0 42
0 29
0 56
0 47
0 77
0 14
0 9
0 23
0 32
0 14
0 132
0 20
0 13
0 68
0 87
1 2048
0 18
0 15
0 67
0 62
0 50
0 20
0 27
0 10
0 209
0 48
0 47
0 33
0 116
0 8
0 32
0 34
0 104
0 22
0 64
0 41
0 25
0 43
0 42
0 38
0 91
0 76
0 44
0 31
0 39
0 9
0 11
0 25
0 50
0 15
0 70
0 47
0 124
0 48
0 42
0 9
0 19
0 52
0 15
0 424
0 31
0 8
0 21
0 78
0 116
0 102
0 82
0 31
0 94
0 23
0 34
0 15
0 23
0 20
0 24
0 394
0 59
0 65
0 24
0 141
0 32
0 72
0 175
0 106
0 29
0 20
0 29
0 84
0 28
0 24
0 25
0 18
0 31
0 67
0 71
0 531
0 37
0 25
0 133
0 63
0 199
0 102
0 62
0 70
0 98
0 30
0 15
0 8
0 9
0 26
0 16
0 19
0 60
0 23
0 278
0 47
0 60
0 98
0 29
0 32
0 56
0 31
0 148
0 998
0 30
0 80
0 23
0 85
0 73
0 78
0 26
0 43
0 60
0 33
0 51
0 65
0 22
0 18
0 94
0 61
0 33
0 83
0 16
0 46
0 101
0 107
0 60
0 21
0 72
0 32
0 18
0 33
0 96
0 77
0 80
0 19
0 40
0 24
0 135
0 77
0 87
0 46
0 8
0 160
0 50
0 22
0 24
0 52
0 23
0 35
0 100
0 273
0 157
0 25
0 20
0 168
0 25
0 79
0 53
0 23
0 52
0 11
0 159
0 92
0 25
0 59
0 53
0 53
0 7
0 38
0 96
0 129
0 29
0 116
0 26
0 55
0 8
0 7
0 7
0 17
0 16
0 53
0 26
0 58
0 153
0 16
0 20
0 25
0 15
0 17
0 33
0 37
0 83
0 143
0 14
0 29
0 116
0 125
0 62
0 40
0 15
0 47
0 546
0 18
0 32
0 74
0 65
0 21
0 26
0 47
0 50
0 34
0 39
0 136
0 12
0 33
0 38
0 87
0 49
0 24
0 35
0 68
0 27
0 20
0 234
0 21
0 22
0 19
0 57
0 69
0 7
0 56
0 76
0 27
0 26
0 24
0 32
0 124
0 137
0 29
0 106
0 104
0 28
0 15
0 43
0 15
0 20
0 29
0 75
0 40
0 60
0 23
0 52
0 70
0 12
0 76
0 36
0 15
0 30
0 50
0 37
0 19
0 54
0 354
0 79
0 30
0 6
0 46
0 75
0 96
0 75
0 10
0 22
0 16
0 40
0 17
0 11
0 43
0 5
0 90
0 28
0 185
0 49
0 21
0 23
0 14
0 52
0 15
0 172
0 27
0 18
0 25
0 36
0 86
0 18
0 42
0 8
0 26
0 18
0 26
0 66
0 52
0 145
0 8
0 19
0 142
0 130
0 34
0 25
0 11
0 39
0 35
0 222
0 14
0 94
0 17
0 26
0 27
0 50
0 23
0 19
0 50
0 39
0 52
0 15
0 29
0 11
0 79
0 26
0 25
0 10
0 23
0 169
0 95
0 22
0 23
0 346
0 156
0 155
0 61
0 46
0 37
0 31
0 119
0 35
0 43
0 15
0 102
0 126
0 30
0 27
0 31
0 45
0 32
0 657
0 14
0 20
0 88
0 38
0 80
0 12
0 67
0 42
0 13
0 115
0 10
0 52
0 53
0 55
0 22
0 40
0 39
0 139
0 74
0 41
0 180
0 15
0 18
0 27
0 16
0 81
0 82
0 28
0 29
0 100
0 13
0 16
0 23
0 32
0 88
0 70
0 21
0 12
0 50
0 54
0 44
0 144
0 22
0 20
0 65
0 115
0 48
0 13
0 21
0 88
0 42
0 40
0 53
0 54
0 9
0 30
0 12
0 30
0 99
0 241
0 21
0 30
0 47
0 40
0 62
0 135
0 192
0 27
0 23
0 56
0 16
0 83
0 19
0 28
0 150
0 21
0 68
0 29
0 29
0 26
0 240
0 30
0 54
0 26
0 7
0 35
0 115
0 98
0 135
0 78
0 30
0 18
0 79
0 59
0 37
0 38
0 58
0 25
0 22
0 18
0 59
0 23
0 25
0 72
0 92
0 14
0 186
0 37
0 44
0 147
0 91
0 5
0 82
0 420
0 16
0 15
0 24
0 33
0 20
0 22
0 14
0 35
0 65
0 49
0 111
0 30
0 485
0 129
0 50
0 21
0 123
0 362
0 21
0 178
0 20
0 38
0 37
0 53
0 64
0 27
0 29
0 23
0 128
0 55
0 192
0 68
0 57
0 28
0 13
0 29
0 26
0 23
0 28
0 36
0 27
0 115
0 95
0 60
0 98
0 29
0 27
0 61
0 89
0 19
0 39
0 104
0 26
0 19
0 19
0 30
0 63
0 44
0 53
0 319
0 50
0 124
0 27
0 16
0 184
0 60
0 28
0 138
0 198
0 21
0 232
0 21
0 33
0 32
0 38
0 70
0 45
0 201
0 83
0 50
0 312
0 49
0 25
0 34
0 46
0 165
0 23
0 9
0 34
0 253
0 77
0 27
0 88
0 33
0 20
0 43
0 101
0 22
0 102
0 9
0 22
0 16
0 75
0 25
0 50
0 22
0 18
0 15
0 23
0 95
0 9
0 10
0 19
0 7
0 31
0 57
0 25
0 51
0 21
0 92
0 99
0 23
0 102
0 55
0 21
0 27
0 30
0 93
0 40
0 18
0 18
0 13
0 20
0 38
0 707
0 114
0 19
0 43
0 29
0 10
0 105
0 61
0 142
0 37
0 86
0 97
0 836
0 55
0 126
0 35
0 44
0 35
0 25
0 17
0 19
0 31
0 7
0 15
0 8
0 715
0 108
0 83
0 15
0 25
0 9
0 11
0 29
0 26
0 41
0 12
0 59
0 55
0 41
0 93
0 21
0 40
0 61
0 18
0 407
0 45
0 45
0 75
0 45
0 98
0 22
0 37
0 25
0 39
0 149
0 16
0 127
0 72
0 130
0 36
0 15
0 46
0 29
0 824
0 48
0 104
0 37
0 19
0 20
0 54
0 55
0 21
0 49
0 21
0 71
0 69
0 28
0 56
0 19
0 119
0 27
0 36
0 43
0 10
0 13
0 25
0 14
0 72
0 54
0 37
0 15
0 50
0 65
0 24
0 14
0 217
0 32
0 26
0 40
0 21
0 13
0 34
0 42
0 53
0 12
0 27
0 52
0 15
0 24
0 206
0 27
0 9
0 19
0 19
0 80
0 34
0 18
0 64
0 17
0 29
0 73
0 53
0 73
0 59
0 76
0 61
0 26
0 227
0 21
0 14
0 76
0 28
0 13
0 18
0 71
0 20
0 141
0 9
0 39
0 118
0 42
0 8
0 179
0 108
0 448
0 45
0 14
0 79
0 11
0 49
0 30
0 80
0 23
0 21
0 13
0 54
0 24
0 31
0 205
0 57
0 110
0 238
0 130
0 76
0 243
0 36
0 60
0 59
0 119
0 52
0 43
0 11
0 36
0 47
0 133
0 17
0 166
0 15
0 209
0 81
0 40
0 277
0 47
0 65
0 36
0 39
0 42
0 16
0 70
0 52
0 225
0 46
0 223
0 29
0 50
0 19
0 28
0 18
0 27
0 48
0 19
0 24
0 211
0 55
0 18
0 47
0 71
0 17
0 13
0 36
0 61
0 39
0 93
0 93
0 36
0 32
0 12
0 67
0 77
0 107
0 59
0 11
0 52
0 32
0 8
0 134
0 49
0 39
0 44
0 13
0 62
0 73
0 22
0 12
0 6
0 32
0 207
0 163
0 10
0 80
0 54
0 20
0 84
0 28
0 35
0 14
0 46
0 193
0 15
0 193
0 15
0 216
0 68
0 41
0 26
0 24
0 94
0 70
0 26
0 50
0 10
0 74
0 48
0 147
0 55
0 56
0 22
0 52
0 76
0 34
0 63
0 267
0 22
0 38
0 18
0 25
0 64
0 86
0 26
0 66
0 38
0 11
0 11
0 297
0 45
0 149
0 24
0 20
0 34
0 69
0 110
0 19
0 72
0 34
0 53
0 51
0 90
0 99
0 44
0 56
0 31
0 46
0 36
0 20
0 28
0 21
0 20
0 12
0 34
0 24
0 27
0 7
0 49
0 8
0 57
0 9
0 46
0 12
0 54
0 30
0 32
0 53
0 53
0 27
0 120
0 31
0 189
0 40
0 29
0 11
0 12
0 17
0 33
0 15
0 14
0 6
0 45
0 8
0 29
0 64
0 31
0 16
0 78
0 20
0 26
0 62
0 8
0 14
0 12
0 36
0 16
0 98
0 54
0 15
0 38
0 41
0 69
0 124
0 20
0 19
0 8
0 56
0 11
0 36
0 23
0 72
0 21
0 12
0 29
0 22
0 22
0 39
0 20
0 11
0 68
0 159
0 89
0 347
0 26
0 46
0 207
0 36
0 56
0 101
0 12
0 10
0 89
0 80
0 275
0 62
0 62
0 84
0 17
0 19
0 10
0 254
0 68
0 23
0 18
0 104
0 14
0 17
0 145
0 91
0 29
0 23
0 11
0 13
0 13
0 141
0 49
0 49
0 34
0 74
0 39
0 27
0 34
0 42
0 17
0 187
0 93
0 50
0 44
0 18
0 27
0 74
0 43
0 42
0 71
0 46
0 28
0 15
0 13
0 56
0 69
0 73
0 16
0 108
0 25
0 12
0 42
0 53
0 77
0 35
0 61
0 176
0 14
0 12
0 29
0 17
0 9
0 22
0 48
0 49
0 33
0 13
0 248
0 39
0 32
0 151
0 21
0 38
0 53
0 50
0 107
0 9
0 164
0 22
0 196
0 30
0 6
0 117
0 92
0 186
0 104
0 41
0 19
0 12
0 10
0 28
0 30
0 19
0 15
0 9
0 63
0 1931
0 37
0 39
0 46
0 183
0 25
0 29
0 189
0 42
0 10
0 28
0 19
1 2048
0 133
0 24
0 19
0 43
0 40
0 44
0 263
0 36
0 27
0 6
0 8
0 14
0 188
0 22
0 119
0 27
0 69
0 7
0 38
0 24
0 31
0 28
0 67
0 104
0 47
0 6
0 21
0 71
0 22
0 16
0 61
0 89
0 18
0 11
0 17
0 55
0 110
0 28
0 20
0 81
0 175
0 42
0 30
0 11
0 81
0 97
0 85
0 27
0 292
0 37
0 64
0 31
0 42
0 8
0 360
0 86
0 11
0 28
0 94
0 22
0 23
0 61
0 134
0 54
0 20
0 19
0 112
0 36
0 24
0 12
0 43
0 35
0 79
0 146
0 223
0 107
0 83
0 21
0 209
0 12
0 85
0 62
0 28
0 20
0 23
0 28
0 109
0 20
0 15
0 32
0 24
0 95
0 24
0 1089
0 14
0 54
0 47
0 59
0 18
0 496
0 20
0 21
0 30
0 23
0 22
0 10
0 13
0 48
0 19
0 41
0 49
0 26
0 49
0 34
0 30
0 7
0 150
0 40
0 54
0 209
0 162
0 100
0 19
0 36
0 42
0 90
0 76
0 89
0 29
0 148
0 79
0 22
0 977
0 33
0 31
0 119
0 266
0 36
0 71
0 11
0 117
0 177
0 14
0 86
0 75
0 51
0 29
0 110
0 138
0 17
0 245
0 44
0 29
0 61
0 56
0 50
0 137
0 50
0 28
0 145
0 54
0 40
0 24
0 16
0 93
0 14
0 17
0 66
0 91
0 75
0 79
0 63
0 65
0 86
0 34
0 26
0 55
0 34
0 229
0 23
0 50
0 39
0 140
0 12
0 71
0 85
0 88
0 111
0 6
0 42
0 11
0 82
0 44
0 24
0 53
0 155
0 27
0 57
0 49
0 43
0 46
0 36
0 48
0 43
0 91
0 12
0 17
0 16
0 51
0 114
0 53
0 41
0 35
0 30
0 58
0 218
0 135
0 42
0 45
0 55
0 45
0 53
0 80
0 16
0 55
0 48
0 78
0 22
0 59
0 61
0 53
0 74
0 60
0 16
0 200
0 13
0 67
0 72
0 50
0 16
0 15
0 54
0 45
0 60
0 51
0 98
0 15
0 14
0 14
0 7
0 17
0 29
0 71
0 46
0 90
0 37
0 12
0 26
0 32
0 35
0 18
0 46
0 14
0 16
0 118
0 23
0 33
0 174
0 47
0 85
0 20
0 87
0 34
0 32
0 114
0 42
0 32
0 78
0 33
0 73
0 50
0 130
0 103
0 63
0 135
0 111
0 47
0 52
0 46
0 19
0 143
0 109
0 42
0 168
0 93
0 35
0 20
0 42
0 12
0 123
0 40
0 72
0 20
0 48
0 218
0 19
0 9
0 48
0 54
0 23
0 42
0 52
0 120
0 14
0 138
0 87
0 100
0 119
0 71
0 46
0 35
0 98
0 352
0 159
0 25
0 22
0 21
0 223
0 26
0 22
0 60
0 99
1 2048
0 9
0 11
0 59
0 30
0 118
0 7
0 16
0 299
0 10
0 136
0 8
0 17
0 82
0 24
0 108
0 92
0 122
0 5
0 40
0 56
0 58
0 68
0 38
0 113
0 314
0 163
0 62
0 72
0 34
0 40
0 31
0 107
0 200
0 25
0 16
0 85
0 552
0 52
0 90
0 26
0 17
0 246
0 15
0 12
0 64
0 15
0 24
0 9
0 23
0 34
0 12
0 34
0 30
0 83
0 69
0 17
0 11
0 45
0 10
0 29
0 53
0 13
0 57
0 54
0 33
0 14
0 217
0 13
0 300
0 11
0 156
0 173
0 11
0 118
0 282
0 49
0 11
0 34
0 31
0 28
0 35
0 46
0 215
0 133
0 42
0 51
0 32
0 136
0 76
0 41
0 9
0 45
0 59
0 66
0 56
0 14
0 76
0 15
0 19
0 81
0 81
0 44
0 33
0 10
0 112
0 72
0 139
0 62
0 25
0 386
0 97
0 33
0 42
0 36
0 72
0 20
0 176
0 15
0 30
0 72
0 19
0 206
0 89
0 130
0 129
0 51
0 28
0 52
0 29
0 39
0 11
0 117
0 84
0 61
0 27
0 11
0 60
0 38
0 42
0 41
0 57
0 45
0 123
0 7
0 21
0 26
0 246
0 39
0 20
0 175
0 236
0 33
0 146
0 38
0 31
0 46
0 27
0 73
0 28
0 61
0 12
0 92
0 24
0 98
0 23
0 190
0 45
0 11
0 155
0 38
0 35
0 152
0 36
0 21
0 12
0 18
0 88
0 57
0 26
0 58
0 115
0 90
0 88
0 45
0 65
0 33
0 27
0 28
0 19
0 57
0 30
0 15
0 22
0 18
0 49
0 40
0 37
0 56
0 39
0 19
0 54
0 15
0 55
0 84
0 125
0 10
0 30
0 25
0 31
0 25
0 110
0 59
0 24
0 49
0 17
0 28
0 64
0 12
0 52
0 299
0 24
0 71
0 20
0 50
0 26
0 47
0 24
0 58
0 87
0 19
0 19
0 49
0 13
0 12
0 16
0 82
0 26
0 48
0 95
0 29
0 47
0 154
0 14
0 70
0 21
0 23
0 54
0 66
0 33
0 18
0 13
0 55
0 119
0 34
0 42
0 18
0 19
0 22
0 8
0 44
0 49
0 47
0 65
0 25
0 37
0 86
0 31
0 33
0 15
0 39
0 10
0 63
0 53
0 16
0 161
0 133
0 30
0 37
0 14
0 5
0 28
0 206
0 409
0 10
0 18
0 126
0 10
0 108
0 30
0 237
0 44
0 122
0 11
0 10
0 49
0 48
0 25
0 19
0 41
0 11
0 30
0 13
0 53
0 135
0 36
0 7
0 27
0 51
0 68
0 23
0 18
0 26
0 12
0 17
0 72
0 30
0 99
0 77
0 26
0 10
0 58
0 70
0 23
0 27
0 21
0 29
0 31
0 40
0 49
0 24
0 51
0 100
0 39
0 9
0 19
0 30
0 23
0 78
0 84
0 15
0 18
0 20
0 17
0 171
0 13
0 212
0 40
0 40
0 47
0 19
0 9
0 143
0 7
0 60
0 75
0 84
0 49
0 42
0 14
0 45
0 41
0 16
0 46
0 84
0 20
0 30
0 23
0 27
0 7
0 12
0 13
0 7
0 64
0 40
0 23
0 215
0 23
0 21
0 22
0 32
0 87
0 72
0 22
0 113
0 99
0 181
0 54
0 37
0 21
0 123
0 110
0 8
0 142
0 22
0 81
0 201
0 18
0 76
0 57
0 41
0 82
0 86
0 15
0 113
0 94
0 93
0 33
0 264
0 40
0 24
0 92
0 35
0 39
0 35
0 105
0 50
0 115
0 80
0 28
0 119
0 31
0 92
0 34
0 61
0 18
0 63
0 29
0 63
0 11
0 436
0 32
0 53
0 17
0 255
0 52
0 69
0 168
0 101
0 51
0 18
0 23
0 41
0 25
0 21
0 25
0 43
0 25
0 132
0 145
0 16
0 110
0 91
0 9
0 9
0 103
0 33
0 36
0 64
0 19
0 15
0 71
0 37
0 40
0 63
0 61
0 45
0 14
0 8
0 30
0 68
0 102
0 72
0 100
0 43
0 71
0 133
0 70
0 27
0 68
0 17
0 31
0 364
0 38
0 35
0 8
0 14
0 58
0 64
0 81
0 68
0 19
0 11
0 32
0 134
0 38
0 20
0 13
0 35
0 20
0 177
0 63
0 50
0 27
0 37
0 22
0 83
0 68
0 30
0 41
0 98
0 25
0 15
0 107
0 79
0 94
0 25
0 21
0 87
0 46
0 86
0 24
0 26
0 38
0 21
0 174
0 49
0 24
0 17
0 662
0 101
0 16
0 72
0 92
0 128
0 15
0 55
0 222
0 197
0 20
0 35
0 13
0 136
0 32
0 34
0 24
0 256
0 42
0 31
0 48
0 25
0 45
0 76
0 78
0 31
0 45
0 18
0 9
0 37
0 31
0 70
0 33
0 101
0 31
0 13
0 19
0 14
0 36
0 75
0 87
0 30
0 8
0 18
0 14
0 19
0 162
0 85
0 55
0 14
0 34
0 140
0 13
0 82
0 67
0 19
0 144
0 29
0 20
0 141
0 18
0 15
0 38
0 264
0 22
0 55
0 29
0 150
0 32
0 43
0 153
0 66
0 106
0 23
0 39
0 72
0 25
0 167
0 65
0 117
0 26
0 30
0 31
0 81
0 121
0 29
0 93
0 57
0 112
0 21
0 12
0 68
0 55
0 40
0 45
0 654
0 31
0 206
0 19
0 185
0 130
0 19
0 8
0 11
0 18
0 25
0 21
0 15
0 16
0 17
0 22
0 8
0 23
0 68
0 6
0 43
0 105
0 52
0 39
0 68
0 165
0 38
0 41
0 247
0 34
0 52
0 169
0 30
0 15
0 112
0 8
0 20
0 34
0 28
0 83
0 23
0 142
0 15
0 36
0 40
0 38
0 26
0 26
1 2048
0 31
0 39
0 62
0 111
0 8
0 40
0 444
0 38
0 31
0 63
0 30
0 59
0 21
0 18
0 7
0 37
0 16
0 20
0 55
0 98
0 21
0 16
0 24
0 35
0 87
0 89
0 50
0 11
0 69
0 153
0 23
0 36
0 132
0 24
0 105
0 36
0 51
0 237
0 57
0 76
0 27
0 58
0 50
0 39
0 50
0 49
0 41
0 241
0 13
0 129
0 17
0 35
0 99
0 250
0 32
0 25
0 10
0 8
0 20
0 36
0 74
0 28
0 57
0 128
0 136
0 13
0 50
0 10
0 67
0 7
0 49
0 6
0 30
0 53
0 21
0 20
0 61
0 96
0 45
0 13
0 328
0 167
0 79
0 163
0 34
0 156
0 15
0 9
0 21
0 25
0 20
0 14
0 22
0 24
0 17
0 9
0 64
0 23
0 283
0 83
0 31
0 30
0 86
0 17
0 25
0 31
0 61
0 178
0 13
0 82
0 7
0 19
0 58
0 375
0 49
0 12
0 67
0 34
0 44
0 46
0 24
0 56
0 82
0 175
0 80
0 8
0 19
0 110
0 76
0 27
0 218
0 65
0 230
0 43
0 83
0 181
0 9
0 20
0 181
0 17
0 125
0 44
0 47
0 41
0 27
0 27
0 194
0 136
0 46
0 150
0 191
0 11
0 275
0 267
0 30
0 34
0 17
0 29
0 39
0 46
0 29
0 61
0 11
0 33
0 19
0 86
0 42
0 13
0 14
0 12
0 35
0 205
0 51
0 295
0 34
0 19
0 101
0 50
0 207
0 49
0 35
0 52
0 162
0 31
0 49
0 29
0 27
0 11
0 167
0 15
0 47
0 16
0 19
0 77
0 51
0 206
0 428
0 22
0 33
0 29
0 47
0 12
0 244
0 64
0 39
0 34
0 57
0 12
0 45
0 134
0 51
0 267
0 9
0 12
0 6
0 62
0 53
0 9
0 16
0 30
0 76
0 45
0 105
0 166
0 5
0 9
0 26
0 15
0 16
0 328
0 81
0 18
0 28
0 49
0 87
0 30
0 83
0 24
0 89
0 159
0 30
0 35
0 87
0 24
0 42
0 31
0 30
0 20
0 76
0 25
0 49
0 43
0 184
0 50
0 21
0 10
0 8
0 69
0 35
0 41
0 46
0 64
0 19
0 117
0 92
0 136
0 24
0 79
0 9
0 72
0 86
0 35
0 12
0 81
0 51
0 313
0 37
0 30
0 15
0 87
0 48
0 62
0 37
0 25
0 29
0 28
0 43
0 138
0 92
0 30
0 63
0 21
0 78
0 56
0 18
0 15
0 48
0 52
0 85
0 11
0 29
0 82
0 11
0 28
0 137
0 110
0 14
0 57
0 116
0 31
0 26
0 127
0 20
0 16
0 599
0 40
0 36
0 43
0 141
0 36
0 45
0 8
0 20
0 100
0 24
0 46
0 27
0 235
0 9
0 66
0 18
0 29
0 15
0 28
0 19
0 21
0 216
0 124
0 44
0 13
0 57
0 15
0 40
0 36
0 67
0 14
0 22
0 58
0 22
0 48
0 86
0 155
0 49
0 47
0 62
0 20
0 18
0 26
0 157
0 37
0 20
0 78
0 12
0 19
0 181
0 35
0 25
0 10
0 6
0 12
0 31
0 15
0 10
0 64
0 40
0 16
0 77
0 98
0 34
0 22
0 114
0 32
0 36
0 48
0 32
0 214
0 40
0 39
0 351
0 87
0 37
0 187
0 13
0 13
0 50
0 24
0 34
0 29
0 24
0 68
0 32
0 13
0 61
0 317
0 61
0 60
0 191
0 94
0 6
0 78
0 37
0 27
0 35
0 24
0 11
0 295
0 44
0 37
0 28
0 62
0 72
0 92
0 377
0 37
0 26
0 72
0 232
0 14
0 14
0 329
0 30
0 19
0 65
0 31
0 9
0 59
0 53
0 62
0 20
0 75
0 36
0 259
0 117
0 25
0 19
0 24
0 44
0 92
0 74
0 46
0 41
0 14
0 87
0 25
0 110
0 9
0 57
0 20
0 157
0 23
0 61
0 79
0 31
0 39
0 316
0 120
0 133
0 14
0 42
0 11
0 41
0 93
0 46
0 32
0 68
0 14
0 73
0 54
0 110
0 22
0 72
0 60
0 14
0 8
0 30
0 328
0 168
0 24
0 37
0 30
0 44
0 17
0 28
0 27
0 6
0 34
0 24
0 25
0 65
0 6
0 143
0 36
0 93
0 89
0 118
0 14
0 58
0 47
0 43
0 254
0 14
0 53
0 72
0 42
0 30
0 151
0 33
0 144
0 32
0 10
0 47
0 48
0 27
0 6
0 52
0 25
0 7
0 96
0 69
0 128
0 85
0 43
0 34
0 18
0 36
0 70
0 70
0 65
0 43
0 6
0 13
0 42
0 432
0 43
0 104
0 17
0 30
0 60
0 21
0 20
0 66
0 36
0 34
0 186
0 77
0 120
0 58
0 51
0 392
0 50
0 14
0 74
0 37
0 18
0 26
0 81
0 16
0 17
0 34
0 51
0 20
0 21
0 77
0 40
0 33
0 15
0 20
0 92
0 24
0 27
0 23
0 62
0 31
0 96
0 15
0 234
0 37
0 95
0 8
0 165
0 71
0 13
0 37
0 20
0 12
0 24
0 18
0 105
0 23
0 69
0 81
0 19
0 29
0 19
0 169
0 6
0 192
0 94
0 36
0 39
0 19
0 101
0 681
0 66
0 27
0 33
0 11
0 65
0 24
0 16
0 13
0 28
0 76
0 15
0 10
0 222
0 31
0 22
0 78
0 66
0 37
0 155
0 22
0 47
0 70
0 29
0 54
0 33
0 50
0 19
0 8
0 55
0 9
0 37
0 87
0 41
0 31
0 129
0 187
0 15
0 11
0 20
0 70
0 26
0 18
0 190
0 65
0 43
0 54
0 127
0 29
0 43
0 20
0 7
0 20
0 115
0 32
0 36
0 39
0 19
0 18
0 60
0 22
0 72
0 28
0 94
0 18
0 48
0 45
0 12
0 74
0 24
0 121
0 128
0 57
0 224
0 20
0 67
0 65
0 70
0 49
0 47
0 40
0 45
0 12
0 28
0 17
0 26
0 20
0 21
0 20
0 12
0 69
0 155
0 111
0 17
0 150
0 23
0 27
0 70
0 37
0 30
0 75
0 71
0 43
0 215
0 9
0 11
0 25
0 15
0 15
0 87
0 23
0 43
0 177
0 17
0 9
0 82
0 34
0 49
0 7
0 199
0 395
0 20
0 113
0 12
0 74
0 47
0 10
0 84
0 36
0 54
0 23
0 21
0 58
0 38
0 8
0 45
0 54
0 114
0 33
0 197
0 77
0 118
0 68
0 86
0 23
0 17
0 21
0 30
0 30
0 40
0 46
0 21
0 17
0 39
0 196
0 27
0 20
0 29
0 49
0 48
0 56
0 267
0 14
0 148
0 56
0 5
0 21
0 17
0 15
0 151
0 153
0 88
0 27
0 73
0 32
0 70
0 69
0 15
0 342
0 30
0 369
0 21
0 12
0 12
0 31
0 38
0 18
0 56
0 40
0 7
0 114
0 72
0 14
0 10
0 139
0 144
0 53
0 10
0 27
0 43
0 15
0 11
0 39
0 44
0 86
0 10
0 44
0 63
0 76
0 64
0 110
0 19
0 39
0 27
0 22
0 82
0 75
0 21
0 108
0 47
0 12
0 90
0 116
0 30
0 78
0 36
0 20
0 33
0 109
0 42
0 102
0 86
0 12
0 25
0 103
0 46
0 72
0 229
0 86
0 70
0 82
0 88
0 173
0 31
0 25
0 14
0 12
0 95
0 129
0 81
0 20
0 36
0 19
0 76
0 29
0 16
0 33
0 21
0 68
0 56
0 11
0 39
0 31
0 67
0 67
0 23
0 49
0 30
0 21
0 45
0 178
0 39
0 163
0 7
0 21
0 13
0 47
0 85
0 77
0 15
0 107
0 14
0 115
0 36
0 34
0 10
0 19
0 45
0 131
0 35
0 27
0 29
0 65
0 11
0 72
0 66
0 53
0 35
0 38
0 30
0 21
0 82
0 64
0 49
0 23
0 18
0 80
0 35
0 51
0 45
0 15
0 25
0 28
0 140
0 45
0 15
0 36
0 22
0 17
0 17
0 162
0 120
0 213
0 20
0 27
0 33
0 150
0 158
0 45
0 183
0 15
0 19
0 38
0 144
0 7
0 8
0 146
0 27
0 47
0 29
0 23
0 22
0 124
0 42
0 14
0 21
0 27
0 31
0 5
0 31
0 7
0 131
0 36
0 6
0 37
0 30
0 22
0 48
0 53
0 37
0 160
0 51
0 46
0 22
0 21
0 10
0 58
0 36
0 32
0 38
0 42
0 115
0 113
0 45
0 12
0 20
0 205
0 178
0 24
0 234
0 18
0 6
0 44
0 106
0 25
0 78
0 111
0 52
0 100
0 132
0 16
0 57
0 101
0 12
0 75
0 61
0 170
0 141
0 63
0 27
0 58
0 23
0 198
0 24
0 34
0 30
0 53
0 287
0 14
0 46
0 37
0 105
0 238
0 31
0 60
0 61
0 30
0 132
0 20
0 90
0 176
0 501
0 1863
0 31
0 15
0 47
0 33
0 97
0 152
0 63
0 27
0 24
0 8
0 84
0 26
0 32
0 16
0 37
0 64
0 19
0 39
0 41
0 122
0 92
0 41
0 109
0 32
0 67
0 32
0 35
0 38
0 102
0 95
0 18
0 40
0 12
0 294
0 19
0 63
0 6
0 11
0 102
0 111
0 28
0 180
0 69
0 27
0 24
0 185
0 23
0 78
0 21
0 13
0 46
0 28
0 132
0 31
0 107
1 2048
0 16
0 31
0 49
0 35
0 11
0 20
0 27
0 38
0 26
0 25
0 33
0 23
0 34
0 80
0 42
0 41
0 23
0 63
0 41
0 98
0 21
0 34
0 20
0 306
0 49
0 311
0 42
0 49
0 54
0 44
0 36
0 55
0 40
0 28
0 61
0 26
0 61
0 16
0 107
0 21
0 36
0 74
0 39
0 39
0 65
0 27
0 14
0 52
0 52
0 193
0 37
0 58
0 26
0 40
0 254
0 162
0 173
0 36
0 54
0 29
0 85
0 78
0 16
0 34
0 116
0 45
0 63
0 11
0 25
0 37
0 34
0 95
0 43
0 36
0 73
0 15
0 19
0 48
0 212
0 19
0 92
0 8
0 51
0 37
0 90
0 22
0 12
0 14
0 32
0 14
0 72
0 61
0 89
0 36
0 8
0 47
0 40
0 28
0 7
0 27
0 41
0 211
0 31
0 77
0 27
0 33
0 167
0 35
0 174
0 43
0 26
0 87
0 164
0 1218
0 62
0 45
0 260
0 22
0 886
0 6
0 45
0 19
0 269
0 69
0 39
0 13
0 32
0 11
0 32
0 153
0 64
0 67
0 24
0 24
0 4
0 111
0 98
0 82
0 254
0 41
0 7
0 17
0 16
0 12
0 47
0 11
0 47
0 200
0 130
0 14
0 19
0 246
0 179
0 180
0 27
0 41
0 39
0 79
0 31
0 8
0 22
0 19
0 66
0 33
0 34
0 58
0 13
0 22
0 87
0 22
0 70
0 143
0 41
0 55
0 5
0 48
0 152
0 11
0 103
0 41
0 102
0 104
0 51
0 42
0 24
0 19
0 64
0 78
0 35
0 24
0 45
0 52
0 31
0 95
0 72
0 59
0 18
0 122
0 34
0 53
0 35
0 104
0 81
0 35
0 24
0 34
0 24
0 107
0 76
0 61
0 109
0 37
0 123
0 26
0 198
0 18
0 228
0 62
0 43
0 9
0 86
0 111
0 59
0 27
0 202
0 527
0 13
0 8
0 46
0 8
0 187
0 9
0 37
0 37
0 48
0 9
0 28
0 216
0 68
0 92
0 41
0 13
0 15
0 36
0 430
0 27
0 41
0 55
0 362
0 253
0 26
0 14
0 44
0 41
0 138
0 116
0 20
0 39
0 40
0 35
0 235
0 49
0 35
0 72
0 38
0 121
0 80
0 44
0 143
0 154
0 82
0 51
0 12
0 34
0 43
0 122
0 100
0 41
0 16
0 181
0 24
0 21
0 93
0 14
0 22
0 10
0 69
0 252
0 8
0 12
0 65
0 40
0 12
0 19
0 13
0 31
0 16
0 116
0 29
0 81
0 39
0 8
0 56
0 26
0 19
0 48
0 57
0 13
0 115
0 39
0 55
0 56
0 10
0 364
0 49
0 174
0 28
0 20
0 142
0 60
0 94
0 86
0 21
0 95
0 55
0 129
0 22
0 11
0 17
0 61
0 57
0 77
0 10
0 148
0 64
0 42
0 24
0 315
0 6
0 11
0 23
0 102
0 20
0 106
0 35
0 13
0 63
0 99
0 90
0 8
0 36
0 41
0 61
0 18
0 123
0 73
0 73
0 24
0 28
0 45
0 62
0 13
0 74
0 203
0 6
0 123
0 18
0 35
0 31
0 74
0 22
0 47
0 36
0 28
0 21
0 13
0 19
0 46
0 33
0 90
0 24
0 29
0 32
0 35
0 18
0 101
0 49
0 58
0 66
0 33
0 17
0 12
0 167
0 8
0 88
0 63
0 80
0 94
0 10
0 19
0 15
0 37
0 8
0 19
0 16
0 70
0 115
0 43
0 90
0 50
0 91
0 159
0 55
0 9
0 6
0 8
0 204
0 121
0 22
0 119
0 40
0 36
0 201
0 38
0 17
0 89
0 33
0 26
0 103
0 54
0 16
0 54
0 19
0 27
0 24
0 38
0 24
0 43
0 39
0 74
0 94
0 7
0 120
0 47
0 27
0 104
0 32
0 32
0 394
0 11
0 19
0 19
0 92
0 21
0 253
0 43
0 58
0 157
0 24
0 15
0 68
0 111
0 44
0 106
0 21
0 93
0 24
0 30
0 133
0 13
0 52
0 23
0 148
0 23
0 200
0 23
0 55
0 20
0 14
0 15
0 28
0 38
0 21
0 203
0 251
0 37
0 37
0 41
0 153
0 88
0 106
0 25
0 171
0 25
0 17
0 117
0 179
0 11
0 35
0 28
0 42
0 93
0 149
0 308
0 33
0 40
0 114
0 67
0 41
0 68
0 54
0 35
0 6
0 27
0 47
0 16
0 20
0 21
0 29
0 16
0 44
0 219
0 10
0 9
0 43
0 71
0 12
0 11
0 117
0 27
0 14
0 31
0 213
0 98
0 12
0 127
0 30
0 105
0 23
0 53
0 29
0 98
0 159
0 7
0 37
0 78
0 19
0 37
0 17
0 418
0 12
0 7
0 19
0 35
0 17
0 5
0 13
0 277
0 87
0 40
0 93
0 46
0 16
0 90
0 66
0 26
0 61
0 51
0 98
0 16
0 126
0 39
0 11
0 73
0 49
0 23
0 34
0 29
0 29
0 11
0 105
0 15
0 251
0 203
0 25
0 32
0 42
0 73
0 69
0 92
0 57
0 17
0 62
0 33
0 46
0 553
0 19
0 22
0 25
0 15
0 22
0 45
0 211
0 28
0 71
0 35
0 70
0 151
0 30
0 33
0 134
0 49
0 68
0 50
0 35
0 42
0 11
0 35
0 56
0 56
0 30
0 33
0 19
0 100
0 26
0 25
0 55
0 18
0 64
0 11
0 23
0 284
0 20
0 97
0 64
0 98
0 62
0 21
0 50
0 12
0 45
0 80
0 26
0 105
0 152
0 80
0 60
0 33
0 50
0 25
0 31
0 85
0 9
0 18
0 20
0 54
0 21
0 23
0 71
0 10
0 41
0 17
0 54
0 54
0 12
0 61
0 67
0 16
0 39
0 52
0 92
0 12
0 185
0 44
0 99
0 17
0 124
0 237
0 15
0 120
0 21
0 268
0 19
0 57
0 18
0 63
0 190
0 36
0 91
0 7
0 99
0 55
0 29
0 26
0 334
0 22
0 24
0 60
0 127
0 8
0 18
0 22
0 226
0 40
0 124
0 329
0 9
0 7
0 22
0 23
0 21
0 150
0 217
0 112
0 63
0 11
0 28
0 11
0 10
0 30
0 79
0 101
0 97
0 29
0 77
0 96
0 48
0 19
0 88
0 57
0 50
0 15
0 33
0 26
0 19
0 33
0 24
0 16
0 93
1 2048
0 70
0 53
0 37
0 21
0 92
0 34
0 30
0 14
0 120
0 93
0 37
0 10
0 51
0 50
0 49
0 13
0 38
0 28
0 40
0 113
0 44
0 33
0 12
0 135
0 25
0 14
0 29
0 13
0 135
0 69
0 55
0 14
0 56
0 16
0 31
0 121
0 58
0 49
0 26
0 17
0 21
0 11
0 8
0 158
0 10
0 47
0 103
0 24
0 108
0 44
0 24
0 76
0 136
0 34
0 41
0 32
0 30
0 88
0 99
0 21
0 99
0 142
0 22
0 15
0 13
0 16
0 25
0 11
0 41
0 78
0 25
0 41
0 25
0 28
0 72
0 26
0 50
0 50
0 127
0 20
0 11
0 20
0 26
0 86
0 32
0 106
0 77
0 48
0 18
0 25
0 83
0 7
0 26
0 48
0 50
0 30
0 81
0 23
0 55
0 198
0 34
0 13
0 15
0 10
0 50
0 93
0 74
0 34
0 167
0 36
0 18
0 18
0 84
0 70
0 33
0 11
0 14
0 25
0 19
0 58
0 44
0 22
0 66
0 37
0 19
0 16
0 40
0 16
0 95
0 31
0 101
0 31
0 90
0 38
0 28
0 63
0 45
0 32
0 67
0 72
0 13
0 22
0 105
0 59
0 8
0 18
0 17
0 68
0 110
0 23
0 49
0 17
0 29
0 152
0 28
0 16
0 17
0 95
0 11
0 9
0 14
0 65
0 20
0 236
0 51
0 34
0 63
0 18
0 13
0 17
0 38
0 32
0 59
0 15
0 12
0 41
0 52
0 13
0 55
0 46
0 138
0 13
0 17
0 12
0 272
0 11
0 24
0 120
0 17
0 40
0 40
0 38
0 87
0 18
0 66
0 12
0 71
0 44
0 22
0 14
1 2048
0 18
0 120
0 85
0 53
0 31
0 32
0 40
0 77
0 39
0 18
0 114
0 52
0 12
0 21
0 92
0 43
0 89
0 17
0 287
0 62
0 61
0 30
0 82
0 69
0 121
0 13
0 109
0 92
0 17
0 6
0 11
0 128
0 68
0 6
0 9
0 117
0 83
0 32
0 41
0 22
0 25
0 68
0 20
0 31
0 213
0 65
0 28
0 64
0 7
0 110
0 139
0 14
0 21
0 99
0 44
0 26
0 29
0 10
0 17
0 8
0 7
0 7
0 39
0 55
0 12
0 36
0 30
0 99
0 101
0 57
0 33
0 13
0 26
0 35
0 8
0 20
0 128
0 13
0 112
0 10
0 64
0 46
0 161
0 114
0 23
0 66
0 18
0 106
0 83
0 15
0 23
0 42
0 17
0 45
0 34
0 130
0 25
0 183
0 12
0 42
0 66
0 32
0 28
0 9
0 111
0 18
0 133
0 31
0 31
0 58
0 89
0 135
0 11
0 62
0 26
0 22
0 52
0 62
0 56
0 20
0 19
0 27
0 11
0 13
0 46
0 80
0 15
0 25
0 24
0 61
0 68
0 133
0 70
0 40
0 86
0 94
0 55
0 11
0 46
0 11
0 55
0 11
0 47
0 8
0 10
0 44
0 138
0 43
0 6
0 34
0 67
0 31
0 33
0 72
0 78
0 34
0 24
0 36
0 105
0 133
0 69
0 34
0 44
0 48
0 106
0 17
0 19
0 185
0 366
0 60
0 30
0 406
0 109
0 40
0 19
0 117
0 42
0 16
0 11
0 17
0 76
0 46
0 128
0 10
0 87
0 7
0 49
0 34
0 23
0 11
0 36
0 80
0 56
0 43
0 15
0 9
0 24
0 56
0 113
0 152
0 35
0 201
0 16
0 33
0 6
0 18
0 42
0 76
0 31
0 17
0 42
0 22
0 40
0 189
0 98
0 35
0 38
0 16
0 59
0 97
0 73
0 388
0 49
0 40
0 128
0 33
0 21
0 30
0 75
0 185
0 47
0 40
0 24
0 38
0 70
0 14
0 166
0 273
0 19
0 78
0 45
0 12
0 28
0 12
0 58
0 75
0 336
0 9
0 15
0 26
0 14
0 49
0 9
0 63
0 10
0 206
0 51
0 32
0 7
0 35
0 38
0 22
0 6
0 15
0 27
0 44
0 12
0 13
0 79
0 33
0 96
0 62
0 19
0 6
0 76
0 64
0 61
0 65
0 42
0 72
0 16
0 24
0 22
0 30
0 54
0 35
0 23
0 30
0 65
0 13
0 28
0 36
0 24
0 11
0 78
0 29
0 35
0 96
0 97
0 38
0 32
0 54
0 27
0 44
0 75
0 23
0 26
0 12
0 15
0 13
0 46
0 16
0 32
0 22
0 18
0 99
0 30
0 280
0 19
0 144
0 48
0 6
0 13
0 43
0 50
0 27
0 24
0 24
0 34
0 52
0 11
0 116
0 17
0 15
0 35
0 40
0 13
0 83
0 109
0 5
0 73
0 18
0 179
0 64
0 28
0 33
0 552
0 164
0 15
0 40
0 43
0 22
0 35
0 10
0 10
0 82
0 17
0 25
0 154
0 44
0 59
0 53
0 233
0 96
0 39
0 25
0 61
0 21
0 22
0 45
0 87
0 68
0 17
0 70
0 40
0 70
0 30
0 38
0 14
0 319
0 29
0 118
0 11
0 13
0 109
0 164
0 65
0 11
0 38
0 5
0 39
0 131
0 43
0 38
0 30
0 29
0 13
0 84
0 128
0 18
0 68
0 122
0 25
0 42
0 37
0 54
0 111
0 108
0 12
0 34
0 87
0 48
0 25
0 14
0 57
0 40
0 59
0 28
0 43
0 35
0 265
0 44
0 1324
0 25
0 65
0 39
0 95
0 19
0 28
0 40
0 128
0 10
0 32
0 61
0 48
0 12
0 34
0 12
0 28
0 18
0 19
0 35
0 13
0 21
0 152
0 78
0 30
0 72
0 485
0 88
0 111
0 14
0 188
0 29
0 134
0 72
0 88
0 15
0 17
0 59
0 37
0 8
0 97
0 12
0 91
0 27
0 46
0 11
0 79
0 80
0 12
0 130
0 24
0 35
0 62
0 42
0 95
0 22
0 49
0 15
0 19
0 103
0 16
0 107
0 23
0 36
0 27
0 28
0 144
0 24
0 22
0 55
0 16
0 33
0 19
0 51
0 25
0 160
0 49
0 56
0 53
0 57
0 64
0 58
0 92
0 24
0 351
0 70
0 57
0 86
0 46
0 35
0 32
0 317
0 22
0 30
0 32
0 13
0 40
0 30
0 73
0 39
0 37
0 95
0 13
0 30
0 45
0 28
0 306
0 36
0 7
0 30
0 32
0 15
0 10
0 18
0 74
0 16
0 249
0 11
0 26
0 32
0 18
0 28
0 44
0 14
0 308
0 26
0 21
0 17
0 7
0 36
0 61
0 77
0 28
0 24
0 33
0 46
0 70
0 43
0 34
0 34
0 28
0 51
0 38
0 34
0 12
0 9
0 16
0 26
0 151
0 48
0 24
0 83
0 57
0 98
0 113
0 56
0 152
0 49
0 108
0 110
0 13
0 153
0 39
0 86
0 40
0 40
0 35
0 67
0 28
0 95
0 19
0 11
0 169
0 21
0 29
0 106
0 33
0 41
0 13
0 128
0 22
0 16
0 72
0 245
0 250
0 38
0 11
0 17
0 76
0 87
0 26
0 169
0 401
0 60
0 57
0 100
0 31
0 81
0 26
0 24
0 78
0 100
0 71
0 322
0 71
0 43
0 38
0 10
0 18
0 58
0 58
0 18
0 29
0 14
0 18
0 120
0 177
0 43
0 9
0 98
0 29
0 50
0 61
0 41
0 30
0 88
0 133
0 39
0 11
0 13
0 28
0 70
0 53
0 44
0 124
0 19
0 47
0 28
0 187
0 34
0 38
0 170
0 28
0 52
0 236
0 11
0 66
0 26
0 9
0 32
0 73
0 6
0 23
0 47
0 23
0 37
0 75
0 34
0 42
0 97
0 82
0 186
0 20
0 85
0 165
0 65
0 92
0 24
0 52
0 16
0 49
0 41
0 67
0 88
0 16
0 590
0 61
0 23
0 102
0 81
0 20
0 10
0 17
0 57
0 60
0 192
0 224
0 76
0 66
1 2048
0 60
1 2048
0 81
0 113
0 19
0 15
0 17
0 71
0 23
0 66
0 38
0 31
0 53
0 14
0 40
0 28
0 64
0 130
0 123
0 40
0 15
0 37
0 23
0 30
0 68
0 379
0 7
0 87
0 222
0 38
0 32
0 53
0 120
1 2048
0 46
0 19
0 22
0 15
0 14
0 88
0 195
0 40
0 36
0 134
0 38
0 96
0 43
0 21
0 64
0 85
0 33
0 31
0 8
0 22
0 81
0 10
0 16
0 228
0 50
0 22
0 38
0 20
0 20
0 108
0 52
0 42
0 36
0 85
0 31
0 34
0 78
0 24
0 17
0 30
0 83
0 55
0 197
0 47
0 80
0 15
0 9
0 18
0 11
0 14
0 93
0 30
0 9
0 26
0 78
0 11
0 60
0 57
0 23
0 16
0 24
0 197
0 22
0 22
0 55
0 52
0 94
0 8
0 107
0 11
0 146
0 16
0 23
0 157
0 18
0 16
0 26
0 31
0 42
0 10
0 101
0 52
0 16
0 220
0 9
0 13
0 51
0 37
0 110
0 68
0 273
0 170
0 36
0 78
0 14
0 21
0 163
0 172
0 15
0 34
0 33
0 50
0 13
0 54
0 26
0 38
0 138
0 57
0 87
0 9
0 20
0 415
0 11
0 60
0 195
0 10
0 71
0 12
0 69
0 149
0 161
0 25
0 79
0 145
0 436
0 12
0 44
0 88
0 178
0 47
0 37
0 35
0 27
0 12
0 16
0 15
0 33
0 68
0 35
0 45
0 251
0 17
0 14
0 18
0 27
0 52
0 22
0 166
0 20
0 15
0 59
0 100
0 20
0 73
0 27
0 68
0 426
0 42
0 26
0 17
0 25
0 50
0 25
0 177
0 7
0 34
0 37
0 75
0 38
0 39
0 71
0 165
0 98
0 14
0 46
0 38
0 57
0 42
0 31
0 11
0 51
0 25
0 19
0 14
0 73
0 82
0 46
0 19
0 35
0 26
0 58
0 31
0 52
0 204
0 20
0 59
0 72
0 26
0 24
0 18
0 13
0 29
0 24
0 80
0 433
0 70
0 21
0 18
0 104
0 127
0 26
0 33
0 35
0 22
0 26
0 20
0 36
0 31
0 38
0 42
0 8
0 8
0 35
0 167
0 429
0 27
0 60
0 39
0 17
0 26
0 45
0 40
0 25
0 78
0 25
0 14
0 64
0 89
0 43
0 47
0 31
0 189
0 146
0 56
0 112
0 33
0 38
0 230
0 36
0 15
0 76
0 72
0 40
0 47
0 12
0 72
0 9
0 21
0 18
0 129
0 105
0 138
0 14
0 6
0 28
0 12
0 98
0 14
0 35
0 73
0 70
0 19
0 17
0 67
0 37
0 81
0 46
0 25
0 10
0 10
0 12
0 7
0 70
0 21
0 34
0 7
0 28
0 34
0 59
0 105
0 58
0 116
0 37
0 37
0 7
0 64
0 13
1 2048
0 63
0 19
0 137
0 131
0 45
0 29
0 111
0 27
0 31
0 89
0 7
0 41
0 122
0 33
0 24
0 14
0 52
0 113
0 42
0 50
1 2048
0 58
0 15
0 91
0 21
0 34
0 49
0 89
0 17
0 167
0 17
0 28
0 263
0 95
0 76
0 17
0 262
0 21
0 35
0 52
0 39
0 17
0 165
0 94
0 9
0 256
0 35
0 71
0 27
0 32
0 13
0 122
0 83
0 20
0 25
0 26
0 39
0 76
0 27
0 283
0 31
0 42
0 33
0 136
0 17
0 79
0 22
0 95
0 30
0 9
0 28
0 99
0 24
0 19
0 6
0 7
0 79
0 124
0 19
0 11
0 29
0 33
0 58
0 24
0 29
0 67
0 122
0 23
0 76
0 20
0 231
0 75
0 129
0 102
0 12
0 28
0 8
0 53
0 159
0 13
0 22
0 61
0 161
0 7
0 25
0 93
0 118
0 97
0 92
0 22
0 141
0 164
0 18
0 61
0 8
0 51
0 41
0 173
0 55
0 42
0 70
0 23
0 39
0 70
0 20
0 167
0 31
0 50
0 24
0 59
0 44
0 28
0 10
0 99
0 26
0 121
0 392
0 149
0 9
0 93
0 197
0 88
0 86
0 46
0 41
0 110
0 55
0 16
0 100
0 84
0 11
0 14
0 40
0 32
0 53
0 14
0 41
0 142
0 15
0 29
0 271
0 94
0 24
0 15
0 14
0 70
0 92
0 30
0 83
0 129
0 16
0 21
0 38
0 19
0 38
0 29
0 25
1 2048
0 37
0 10
0 18
0 31
0 37
0 15
0 110
0 56
0 37
0 7
0 32
0 17
0 105
0 56
0 171
0 13
0 39
0 135
0 21
0 45
0 375
0 18
0 66
0 95
0 11
0 16
0 45
0 44
0 45
0 37
0 89
0 73
0 161
0 55
0 27
0 6
0 88
0 14
0 31
0 45
0 71
0 118
0 146
0 111
0 32
0 82
0 68
0 16
0 236
0 7
0 12
0 18
0 41
0 128
0 32
0 89
0 116
0 32
0 8
0 75
0 25
0 52
0 194
0 27
0 107
0 95
0 52
0 55
0 28
0 11
0 14
0 66
0 62
0 25
0 24
0 35
0 12
0 70
0 35
0 9
0 57
0 8
0 34
0 20
0 36
0 132
0 230
0 36
0 19
0 34
0 19
0 165
0 32
0 16
0 15
0 14
0 88
0 75
0 32
0 108
0 44
0 25
0 45
0 13
0 59
0 28
0 99
0 66
0 27
0 13
0 48
0 34
0 19
0 26
0 13
0 39
0 22
0 66
0 51
0 21
0 38
0 89
0 56
0 28
0 57
0 21
0 14
0 185
0 153
0 31
0 57
0 9
0 33
0 24
0 15
0 28
0 28
0 9
0 84
0 112
0 22
0 86
0 118
0 143
0 40
0 13
0 86
0 78
0 114
0 60
0 86
0 22
0 7
0 123
0 10
0 22
0 8
0 16
0 584
0 39
0 53
0 13
0 14
0 170
0 52
0 41
0 138
0 72
0 67
0 77
0 78
0 17
0 17
0 82
0 91
0 51
0 18
0 106
0 38
0 15
0 40
0 14
0 42
0 695
0 275
0 120
0 66
0 25
0 9
0 28
0 15
0 42
0 14
0 35
0 178
0 28
0 28
0 108
0 18
0 23
0 87
0 54
0 12
0 97
0 18
0 34
0 99
0 38
0 161
0 124
0 154
0 74
0 467
0 60
0 56
0 79
0 104
0 20
0 13
0 88
0 69
0 60
0 26
0 15
0 34
0 26
0 48
0 26
0 25
0 21
0 156
0 65
0 30
0 93
0 113
0 13
0 25
0 40
0 38
0 25
0 114
0 90
0 19
0 31
0 45
0 45
0 62
0 11
0 8
0 28
0 121
0 102
0 104
0 41
0 37
0 12
0 33
0 14
0 72
0 59
0 19
0 1828
0 258
0 65
0 27
0 20
0 18
0 12
0 325
0 110
0 18
0 83
0 23
0 17
0 15
0 113
0 27
0 12
0 31
0 18
0 15
0 48
0 107
0 293
0 12
0 21
0 108
0 70
0 95
0 19
0 40
0 88
0 83
0 10
0 27
0 10
0 16
0 105
0 23
0 66
0 35
0 187
0 22
0 43
0 105
0 62
0 30
0 17
0 127
0 111
0 10
0 21
0 116
0 11
0 115
0 84
0 33
0 55
0 33
0 16
0 21
0 27
0 167
0 11
0 14
0 25
0 17
0 44
0 25
0 148
0 7
0 37
0 21
0 36
0 12
0 11
0 25
0 132
0 26
0 69
0 20
0 43
0 37
0 22
0 22
0 32
0 71
0 29
0 25
0 160
0 243
0 58
0 21
0 55
0 21
0 71
0 57
0 67
0 48
0 235
0 15
0 24
0 22
0 22
0 22
0 16
0 25
0 74
0 73
0 121
0 27
0 129
0 15
0 35
0 57
0 55
0 47
0 11
0 179
0 97
0 8
0 47
0 16
0 45
0 29
0 36
0 20
0 37
0 19
0 10
0 50
0 6
0 18
0 57
0 70
0 10
0 28
0 34
0 24
0 48
0 31
0 47
0 51
0 75
0 72
0 80
0 17
0 34
0 52
0 10
0 21
0 35
0 13
0 96
0 37
0 31
0 12
0 13
0 31
0 17
0 33
0 22
0 45
0 30
0 135
0 14
0 21
0 138
0 250
0 78
0 8
0 58
0 70
0 12
0 17
0 21
0 30
0 19
0 15
0 104
0 369
0 73
0 17
0 14
0 22
0 42
0 69
0 22
0 12
0 54
0 68
0 53
0 355
1 2048
0 161
0 11
0 24
0 34
0 211
0 257
0 47
0 7
0 93
0 31
0 9
0 28
0 57
0 9
0 43
0 56
0 54
0 32
0 31
0 25
0 48
0 178
0 72
0 38
0 113
0 25
0 69
0 58
0 48
0 79
0 90
0 40
0 126
0 22
0 7
0 11
0 39
0 24
0 55
0 42
0 16
0 29
0 16
0 12
0 22
0 19
0 106
0 10
0 109
0 11
0 92
0 24
0 59
0 75
0 77
0 12
0 44
0 205
0 10
0 111
0 31
0 18
0 97
0 32
0 37
0 34
0 54
0 31
0 13
0 33
0 32
0 12
0 643
0 26
0 62
0 242
0 22
0 14
0 39
0 16
0 33
0 42
0 69
0 41
0 18
0 132
0 20
0 33
0 172
0 21
0 74
0 35
0 70
0 13
0 65
0 9
0 21
0 46
0 94
0 16
0 50
0 79
0 20
0 44
0 15
0 99
0 310
0 154
0 13
0 120
0 39
0 162
0 216
0 64
0 210
0 16
0 45
0 22
0 40
0 98
0 22
0 77
0 69
0 9
0 147
0 38
0 50
0 29
0 40
0 34
0 12
0 30
0 14
0 24
0 10
0 269
0 60
0 187
0 129
0 16
0 25
0 29
0 77
0 57
0 72
0 569
0 41
0 32
0 7
0 128
0 51
0 27
0 59
0 28
0 96
0 9
0 43
0 7
0 12
0 60
0 47
0 74
0 60
0 59
0 42
0 305
0 34
0 70
0 72
0 546
0 285
0 96
0 38
0 29
0 109
0 34
0 58
0 54
0 22
1 2048
0 60
1 2048
0 15
0 19
0 31
0 15
0 22
0 56
0 16
0 155
0 13
0 42
0 34
0 10
0 67
0 159
0 39
0 71
0 251
0 20
0 263
0 24
0 15
0 21
0 24
0 33
0 64
0 152
0 142
0 21
0 21
0 19
0 50
0 48
0 71
0 71
0 6
1 2048
0 110
0 29
0 44
0 23
0 21
0 12
0 133
0 125
0 276
0 28
0 47
0 68
0 138
0 22
0 110
0 1043
0 251
0 13
0 45
0 81
0 72
0 151
0 39
0 29
0 37
0 11
0 72
0 13
0 43
0 52
0 36
0 38
0 62
0 11
0 48
0 23
0 45
0 76
0 25
0 12
0 16
0 66
0 9
0 9
0 82
0 84
0 126
0 13
0 142
0 71
0 53
0 15
0 32
0 19
0 92
0 55
0 12
0 44
0 28
0 125
0 74
0 22
0 19
0 39
0 55
0 26
0 47
0 28
0 110
0 59
0 92
0 25
0 87
0 14
0 32
0 64
0 26
0 97
0 62
0 41
0 8
0 30
0 30
0 27
0 22
0 13
0 112
0 64
0 35
0 69
0 34
0 130
0 262
0 80
0 21
0 26
0 11
0 9
0 12
0 25
0 19
0 160
0 9
0 20
0 42
0 59
0 790
0 21
0 37
0 96
0 17
0 23
0 16
0 37
0 33
0 26
0 27
0 131
0 18
0 76
0 32
0 17
0 26
0 11
0 16
0 68
0 34
0 158
0 33
0 22
0 21
0 46
0 38
0 35
0 18
0 199
0 17
0 339
0 95
0 18
0 20
0 29
0 83
0 61
0 98
0 38
0 70
0 15
0 22
0 26
0 71
0 24
0 65
0 10
0 54
0 13
0 183
0 227
0 99
0 15
0 20
0 319
0 46
0 28
0 19
0 22
0 42
0 144
0 10
0 50
0 62
0 8
0 16
0 68
0 27
0 52
0 84
0 23
0 30
0 174
0 124
0 15
0 17
0 66
0 12
0 54
0 15
0 11
0 140
0 120
0 60
0 210
0 7
0 19
0 43
0 82
0 87
0 59
0 72
0 100
0 16
0 37
0 17
0 16
0 26
0 46
0 67
0 73
0 15
0 48
0 21
0 178
0 25
0 62
0 495
0 14
0 93
0 44
0 353
0 15
0 193
0 98
0 31
0 28
0 128
0 87
0 19
0 97
0 108
0 53
0 43
0 28
0 47
0 77
0 67
0 238
0 10
0 13
0 67
0 42
0 56
0 108
0 41
0 35
0 30
0 27
0 45
0 81
0 117
0 18
0 59
0 28
0 71
0 82
0 11
0 21
0 33
0 9
0 77
0 79
0 13
0 30
0 7
0 47
0 24
0 56
0 312
0 15
0 22
0 12
0 41
0 20
0 52
0 56
0 29
0 13
0 49
0 55
0 39
0 32
0 22
0 128
0 28
0 75
0 48
0 72
0 172
0 60
0 10
0 32
0 35
0 70
0 88
0 54
0 57
0 37
0 10
0 206
0 143
1 2048
0 61
0 34
0 38
0 73
0 32
0 16
0 116
0 29
0 65
0 131
0 29
0 14
0 36
0 69
0 49
0 51
0 41
0 56
0 44
0 15
0 57
0 17
0 10
0 167
0 22
0 13
0 56
0 202
0 29
0 28
0 6
0 69
0 38
0 55
0 44
0 112
0 279
0 39
0 144
0 197
0 34
0 89
0 27
0 26
0 17
0 61
0 50
0 16
0 52
0 55
0 16
0 12
0 27
0 41
0 79
0 15
0 91
0 155
0 120
0 40
0 10
0 133
0 120
0 23
0 169
0 10
0 121
0 75
0 18
0 105
0 31
0 27
0 65
0 103
0 29
0 23
0 17
0 79
0 35
0 43
0 289
0 51
0 17
0 62
0 27
0 65
0 160
0 206
0 171
0 67
0 92
0 18
0 45
0 78
0 93
0 96
0 70
0 169
0 21
0 353
0 26
0 36
0 46
0 61
0 117
0 49
0 128
0 47
0 51
0 120
0 8
0 19
0 32
0 44
0 105
0 206
0 26
0 93
0 76
0 16
0 17
0 22
0 109
0 38
0 25
0 27
0 91
0 69
0 82
0 30
0 19
0 59
0 13
0 34
0 8
0 26
0 14
0 107
0 35
0 33
0 100
0 63
0 120
0 71
0 59
0 53
0 245
0 47
0 30
0 41
0 38
0 81
0 52
0 54
0 81
0 15
0 39
0 31
0 19
0 35
0 119
0 54
0 33
0 17
0 59
0 116
0 40
0 65
0 25
0 84
0 65
0 52
0 69
0 35
0 14
0 24
0 16
0 13
0 34
0 163
0 121
0 4
0 20
0 452
0 25
0 68
0 41
0 140
0 42
0 141
0 14
0 166
0 15
0 57
0 35
0 113
0 9
0 24
0 40
0 24
0 20
0 37
0 36
0 44
0 92
0 23
0 7
0 128
0 22
0 20
0 22
0 23
0 29
0 195
0 87
0 29
0 126
0 13
0 161
0 249
0 27
0 94
0 56
0 45
0 17
0 46
0 117
0 17
0 36
0 45
0 60
0 11
0 114
0 11
0 166
0 18
0 35
0 60
0 222
0 102
0 19
0 27
0 37
0 21
0 10
0 8
0 70
0 80
0 150
0 77
0 86
0 35
0 19
0 45
0 132
0 105
0 34
0 69
0 18
0 51
0 150
0 27
0 14
0 28
0 106
0 50
0 219
0 191
0 23
0 127
0 101
0 19
0 78
0 40
0 31
0 27
0 40
0 29
0 17
0 22
0 747
0 52
0 13
0 133
0 58
0 34
0 44
0 24
0 63
0 30
0 91
0 54
0 55
0 176
0 148
0 12
0 127
0 15
0 88
0 67
0 11
0 144
0 79
0 27
0 64
0 206
0 10
0 12
0 24
0 57
0 312
0 15
0 141
0 76
0 40
0 10
0 142
0 22
0 31
0 27
0 113
0 198
0 44
0 107
0 91
0 57
0 25
0 22
0 28
0 12
0 25
0 46
0 157
0 32
0 109
0 103
0 94
0 22
0 79
0 28
0 114
0 132
0 116
0 56
0 45
0 9
0 88
0 76
0 153
0 16
0 176
0 9
0 22
0 13
0 83
0 16
0 31
0 20
0 37
0 111
0 13
0 93
0 17
0 63
0 50
0 51
0 653
0 13
0 11
0 32
0 163
0 27
0 11
0 56
0 17
0 10
0 11
0 73
0 885
0 29
0 46
0 46
0 33
0 292
0 24
0 60
0 71
0 44
0 31
0 83
0 61
0 90
0 47
0 41
0 233
0 35
0 65
0 29
0 63
0 23
0 30
0 40
0 91
0 30
0 24
0 65
0 163
0 44
0 168
0 82
0 63
0 23
0 40
0 90
0 42
0 13
0 21
0 18
0 19
0 184
