# SA for random K-SAT
# K = 3   N = 16384   M = 61440   seed = 4276487457
# alpha = 3.750000   nIter = 65536  Tmax = 0.200000
# 1:lowestUnsat  2:runTime
0 19896
0 22771
0 23356
0 22791
0 22561
0 23310
0 22936
0 22255
0 22499
0 22974
0 21698
0 23705
0 21762
0 23592
0 22289
0 24025
0 23809
0 24270
0 23241
0 22740
0 22269
0 21096
0 22309
0 23165
0 24186
0 23149
0 21853
0 22594
0 22971
0 21257
0 22562
0 20629
0 22630
0 24049
0 21760
0 23674
0 22781
0 22554
0 22536
0 21352
0 22443
0 23451
0 22618
0 23148
0 22377
0 23295
0 22369
0 22267
0 23703
0 23622
0 23144
0 23049
0 22992
0 21078
0 21758
0 24657
0 21207
0 22810
0 21529
0 22436
0 23449
0 21635
0 22668
0 22669
0 23222
0 22012
0 22790
0 22541
0 23768
0 22814
0 21540
0 23373
0 21570
0 24032
0 23849
0 23781
0 24633
0 22313
0 23298
0 22575
0 21772
0 23954
0 22125
0 23134
0 22860
0 23148
0 22094
0 22667
0 22547
0 23791
0 22466
0 22496
0 21993
0 22729
0 23445
0 22038
0 22165
0 23686
0 21525
0 21363
0 22225
0 23599
0 22829
0 20355
0 23052
0 21614
0 23185
0 23518
0 21533
0 23120
0 23731
0 23272
0 22826
0 21207
0 23524
0 22047
0 21207
0 22668
0 23925
0 23855
0 22143
0 23449
0 19800
0 22738
0 24831
0 23351
0 22327
0 22536
0 22996
0 20777
0 19976
0 20837
0 21591
0 20364
0 19475
0 23963
0 22008
0 22216
0 21943
0 22524
0 23595
0 22995
0 22581
0 24160
0 22578
0 22532
0 22206
0 24017
0 22090
0 21625
0 20984
0 22939
0 20308
0 20392
0 22636
0 22820
0 23727
0 22385
0 21398
0 22942
0 20655
0 22863
0 20963
0 23413
0 23374
0 23322
0 22826
0 23780
0 22692
0 20173
0 22922
0 20680
0 23413
0 21664
0 23393
0 23164
0 23247
0 22037
0 22751
0 21164
0 22994
0 21967
0 22334
0 22779
0 22872
0 23394
0 22470
0 23091
0 24220
0 21713
0 23238
0 23469
0 23405
0 23408
0 23666
0 21894
0 23528
0 23433
0 22848
0 23092
0 22430
0 21114
0 22295
0 22539
0 22441
0 22111
0 22636
0 20978
0 23012
0 25780
0 21047
0 22819
0 21750
0 22808
0 22476
0 24392
0 20350
0 20477
0 23402
0 20680
0 23004
0 22814
0 22366
0 22624
0 19246
0 22511
0 21641
0 24050
0 22290
0 23142
0 21884
0 21860
0 23178
0 23308
0 20908
0 23659
0 24059
0 20489
0 20677
0 22870
0 22941
0 20392
0 24611
0 24162
0 24853
0 22457
0 23384
0 23809
0 21735
0 24881
0 22839
0 21370
0 19726
0 22808
0 23206
0 23167
0 22433
0 23460
0 23050
0 23219
0 24164
0 23467
0 21934
0 23029
0 21935
0 24132
0 22136
0 23027
0 23075
0 20655
0 23565
0 22745
0 22858
0 21876
0 24276
0 21728
0 22399
0 19782
0 21898
0 21952
0 23279
0 19935
0 22863
0 23356
0 21739
0 23719
0 23400
0 21915
0 22031
0 23309
0 22056
0 23331
0 22072
0 22441
0 23126
0 20207
0 23600
0 20135
0 22787
0 22129
0 20259
0 24324
0 21220
0 21222
0 23365
0 23403
0 22972
0 22020
0 20356
0 22019
0 25018
0 21808
0 22692
0 22952
0 22874
0 23317
0 22377
0 21456
0 18469
0 23498
0 24697
0 22480
0 23237
0 22541
0 22007
0 22576
0 24014
0 24526
0 22021
0 20600
0 22335
0 24726
0 23203
0 23460
0 23519
0 22745
0 22726
0 21357
0 21688
0 23131
0 21658
0 22101
0 20815
0 19272
0 24084
0 23650
0 23190
0 23904
0 23408
0 23289
0 21673
0 22198
0 22865
0 23176
0 22100
0 23669
0 22849
0 21465
0 22617
0 23466
0 21644
0 23044
0 23592
0 22489
0 21374
0 21971
0 22968
0 24277
0 23942
0 22427
0 22061
0 22406
0 22531
0 23343
0 22957
0 20683
0 22186
0 23443
0 21694
0 22719
0 23343
0 23842
0 22554
0 21743
0 23543
0 22136
0 23123
0 22455
0 22592
0 20628
0 22386
0 23349
0 24291
0 23558
0 23948
0 22037
0 23594
0 22253
0 23342
0 23731
0 23623
0 22997
0 23833
0 23493
0 23296
0 22918
0 22846
0 22467
0 23234
0 23077
0 24308
0 22051
0 23921
0 23044
0 22791
0 23234
0 23034
0 22372
0 20412
0 22361
0 23154
0 23200
0 20896
0 23439
0 21569
0 23135
0 23409
0 22563
0 24840
0 22429
0 21332
0 22336
0 23014
0 22115
0 21223
0 20669
0 21842
0 22113
0 23574
0 21015
0 23242
0 23805
0 22199
0 22975
0 22816
0 23521
0 23334
0 22150
0 23571
0 22984
0 22181
0 23447
0 20357
0 20836
0 21913
0 21663
0 22251
0 21115
0 22330
0 22382
0 22880
0 23343
0 20748
0 22039
0 25049
0 22243
0 23963
0 22047
0 23005
0 23148
0 22422
0 22589
0 22204
0 23762
0 22526
0 22152
0 20497
0 24696
0 23047
0 21522
0 21246
0 21922
0 21762
0 22489
0 23162
0 21841
0 21485
0 21388
0 21702
0 22540
0 22518
0 20044
0 22062
0 22335
0 22459
0 23337
0 21208
0 23923
0 21399
0 23556
0 23317
0 21173
0 21923
0 21078
0 23529
0 20309
0 22652
0 22182
0 21438
0 22179
0 23821
0 20906
0 21447
0 23668
0 23760
0 22704
0 24121
0 22525
0 23218
0 22400
0 23983
0 22969
0 21241
0 23094
0 21243
0 19175
0 23179
0 24564
0 24509
0 22885
0 22830
0 21625
0 23650
0 21950
0 20860
0 23114
0 22853
0 22959
0 21919
0 22391
0 23056
0 22416
0 22897
0 20962
0 22965
0 23478
0 21565
0 23322
0 24004
0 22932
0 23002
0 22022
0 22998
0 23881
0 23048
0 23651
0 22451
0 23138
0 23644
0 23267
0 21814
0 23166
0 22278
0 21814
0 22479
0 21619
0 19503
0 22422
0 23515
0 21880
0 22645
0 23252
0 22443
0 21880
0 23103
0 22278
0 19930
0 23497
0 24851
0 22076
0 23711
0 23311
0 22404
0 19171
0 22657
0 22756
0 20728
0 23747
0 23511
0 22096
0 23939
0 23121
0 23294
0 23554
0 22721
0 21765
0 22750
0 22545
0 22775
0 22428
0 21790
0 22973
0 21773
0 21086
0 23619
0 23883
0 23046
0 22543
0 21862
0 21836
0 21714
0 23718
0 23155
0 23750
0 22371
0 23857
0 24271
0 22852
0 22891
0 23485
0 24566
0 22576
0 22548
0 22711
0 23049
0 22351
0 21162
0 23273
0 23074
0 23461
0 22419
0 21733
0 22750
0 22907
0 20849
0 23629
0 22038
0 22138
0 22589
0 21651
0 22948
0 20448
0 21622
0 21315
0 19884
0 21946
0 24115
0 22360
0 23363
0 24156
0 22283
0 23677
0 24189
0 23227
0 22134
0 20440
0 21259
0 24023
0 22966
0 24992
0 22784
0 22283
0 19809
0 20881
0 21426
0 23177
0 23090
0 24124
0 22928
0 21010
0 22731
0 23422
0 23173
0 21745
0 21957
0 23248
0 24625
0 24130
0 22269
0 21905
0 21870
0 25146
0 24152
0 23689
0 23146
0 22978
0 21747
0 19541
0 23080
0 23875
0 21937
0 22426
0 22595
0 20173
0 23037
0 21116
0 21380
0 20871
0 23904
0 22906
0 24220
0 23646
0 22692
0 24400
0 21919
0 23692
0 22764
0 23313
0 20605
0 23477
0 23794
0 22967
0 22522
0 21186
0 22287
0 23383
0 23598
0 23727
0 22887
0 24001
0 23470
0 23665
0 23164
0 21024
0 22862
0 23713
0 24408
0 22747
0 23519
0 22569
0 23634
0 22126
0 21804
0 23532
0 22779
0 21846
0 23101
0 23225
0 23462
0 22685
0 22119
0 22752
0 22336
0 23970
0 23245
0 22276
0 23037
0 22450
0 23739
0 23606
0 23788
0 21305
0 22323
0 24561
0 22358
0 22779
0 23473
0 21798
0 23885
0 22961
0 21913
0 23591
0 24113
0 23415
0 24775
0 20802
0 22303
0 22966
0 21790
0 24679
0 20571
0 21643
0 22744
0 24249
0 23446
0 21425
0 22671
0 23099
0 22640
0 22634
0 22434
0 22269
0 22552
0 19841
0 20425
0 22925
0 22812
0 21854
0 23304
0 21533
0 23217
0 20923
0 22114
0 23508
0 22250
0 21153
0 22915
0 22824
0 20954
0 22871
0 21741
0 22932
0 22457
0 21859
0 22921
0 23999
0 20110
0 21547
0 24223
0 23039
0 23274
0 23124
0 22757
0 23064
0 23891
0 22473
0 22719
0 23784
0 23568
0 23158
0 24593
0 18301
0 22529
0 20996
0 20983
0 24247
0 23168
0 23491
0 23044
0 23222
0 21769
0 23279
0 22678
0 22945
0 21592
0 20928
0 23039
0 22906
0 22356
0 22418
0 22987
0 24117
0 22542
0 21524
0 24574
0 18195
0 22548
0 22017
0 21669
0 24446
0 23499
0 21398
0 23460
0 21356
0 22672
0 22636
0 23070
0 22974
0 23246
0 23056
0 20375
0 22794
0 21417
0 21743
0 23268
0 23123
0 22033
0 20816
0 24051
0 19230
0 23175
0 22072
0 21975
0 22135
0 21592
0 23100
0 21489
0 20971
0 25268
0 22792
0 22868
0 22668
0 21543
0 22574
0 22066
0 20509
0 23142
0 24312
0 21193
0 22324
0 23550
0 19560
0 23253
0 22071
0 23451
0 21643
0 23021
0 20766
0 22833
0 23203
0 23476
0 22531
0 24977
0 22174
0 23536
0 22500
0 21920
0 21958
0 23366
0 23549
0 23075
0 22539
0 22963
0 22736
0 23266
0 21017
0 23175
0 23532
0 23631
0 22665
0 22402
0 19717
0 21196
0 22077
0 20810
0 21782
0 22604
0 21662
0 23315
0 22921
0 22644
0 22892
0 21759
0 19847
0 21787
0 21643
0 21964
0 23640
0 22515
0 21815
0 24245
0 21793
0 21919
0 24055
0 23419
0 26540
0 23857
0 24385
0 24029
0 22681
0 22518
0 22660
0 22313
0 22920
0 21173
0 23233
0 22774
0 22161
0 24763
0 22106
0 22671
0 22717
0 23452
0 23354
0 23204
0 23400
0 24065
0 22788
0 24400
0 22837
0 21821
0 23191
0 22628
0 23075
0 21255
0 22277
0 24309
0 23679
0 22313
0 22586
0 22265
0 22764
0 23260
0 23004
0 22648
0 22696
0 21528
0 22236
0 23269
0 22713
0 22401
0 22560
0 20998
0 21761
0 22761
0 22856
0 23503
0 22504
0 20325
0 22830
0 23128
0 22695
0 21326
0 22313
0 23566
0 23010
0 23374
0 22991
0 23682
0 22638
0 22514
0 23140
0 21481
0 24366
0 22812
0 22578
0 22963
0 23510
0 21135
0 20670
0 23264
0 22185
0 23721
0 23430
0 20514
0 22319
0 22141
0 23095
0 23732
0 23388
0 24167
0 22717
0 22309
0 24999
0 23446
0 21213
0 22921
0 22604
0 22225
0 23902
0 22269
0 22700
0 22284
0 24725
0 22510
0 22705
0 22252
0 21907
0 21352
0 23967
0 21715
0 23232
0 23262
0 22421
0 21806
0 23833
0 21726
0 22622
0 23628
0 23768
0 22572
0 22412
0 22496
0 23269
0 22525
0 24152
0 23214
0 22888
0 23072
0 23880
0 22659
0 24265
0 23548
0 23953
0 23436
0 22092
0 23653
0 23083
0 23528
0 23238
0 23881
0 23058
0 22319
0 21541
0 21667
0 21953
0 23062
0 22760
0 23267
0 20301
0 21454
0 20927
0 23244
0 22300
0 23110
0 23370
0 22199
0 22259
0 22232
0 22392
0 24357
0 22674
0 22856
0 20920
0 20943
0 20697
0 22694
0 22226
0 24148
0 21968
0 20445
0 23456
0 22114
0 23428
0 22612
0 21219
0 22556
0 23282
0 23356
0 23677
0 20452
0 23199
0 22316
0 22891
0 23385
0 20358
0 23203
0 22105
0 22165
0 22970
0 21585
0 21717
0 22239
0 22898
0 23176
0 21417
0 23039
0 22137
0 22934
0 22724
0 23861
0 20849
0 24247
0 21847
0 25266
0 21603
0 23260
0 21732
0 23709
0 20467
0 20375
0 23040
0 23102
0 21195
0 23170
0 22137
0 20560
0 22703
0 24123
0 23955
0 20673
0 23086
0 23232
0 21638
0 23037
0 23172
0 21950
0 22681
0 22823
0 24187
0 21485
0 21707
0 23256
0 23092
0 22986
0 22420
0 23616
0 23042
0 22339
0 23287
0 21800
0 24471
0 21892
0 22785
0 23050
0 22577
0 22906
0 23215
0 23032
0 24161
0 19424
0 23998
0 24533
0 24252
0 20694
0 22591
0 22379
0 21546
0 21403
0 22970
0 22521
0 21750
0 22358
0 22623
0 23590
0 22620
0 23771
0 23821
0 24546
0 22576
0 22765
0 22103
0 23265
0 20915
0 22643
0 21747
0 21815
0 20449
0 22666
0 20820
0 22750
0 23049
0 22820
0 19426
0 23136
0 21896
0 21937
0 23931
0 23774
0 23493
0 23578
0 23725
0 23149
0 23362
0 22417
0 22823
0 22250
0 23073
0 22011
0 22966
0 23079
0 23126
0 22485
0 24968
0 22417
0 24534
0 23608
0 22963
0 19671
0 23686
0 24033
0 23514
0 21661
0 23390
0 23484
0 23060
0 22630
0 22888
0 22460
0 23360
0 20965
0 22313
0 24290
0 22169
0 23488
0 23112
0 20737
0 22173
0 21095
0 23336
0 23473
0 22912
0 24409
0 21955
0 22618
0 23593
0 23332
0 23284
0 22240
0 22210
0 23177
0 22505
0 18958
0 22362
0 23008
0 22039
0 22700
0 21035
0 23055
0 23528
0 21688
0 19061
0 23025
0 21885
0 23375
0 23119
0 21959
0 23520
0 23949
0 23088
0 23528
0 20609
0 22552
0 21988
0 22995
0 22790
0 21264
0 23569
0 23064
0 20684
0 21502
0 21368
0 22947
0 22401
0 22173
0 22197
0 23162
0 22910
0 22595
0 22379
0 23502
0 20055
0 23830
0 22300
0 24096
0 24064
0 22796
0 21318
0 23133
0 22315
0 21826
0 22425
0 22941
0 22537
0 23172
0 23547
0 21985
0 21819
0 23278
0 23102
0 23180
0 23628
0 21069
0 22729
0 22511
0 21831
0 22748
0 19455
0 22938
0 22512
0 23762
0 23697
0 23392
0 20449
0 22141
0 22943
0 20597
0 22753
0 23954
0 22575
0 21508
0 23141
0 22477
0 22366
0 22539
0 23686
0 22568
0 24701
0 22586
0 24074
0 21991
0 23468
0 22574
0 22014
0 22088
0 22323
0 23773
0 22690
0 22591
0 22036
0 23076
0 23291
0 23849
0 21497
0 21803
0 23776
0 24139
0 21871
0 20304
0 23359
0 22876
0 23317
0 22568
0 22784
0 21881
0 22360
0 22578
0 20389
0 22652
0 22642
0 23495
0 22806
0 23266
0 23467
0 22537
0 20917
0 22611
0 22031
0 23200
0 23154
0 23188
0 22151
0 23637
0 22163
0 23722
0 22792
0 21991
0 22260
0 21941
0 23756
0 22246
0 22441
0 23763
0 23283
0 24108
0 22809
0 22423
0 21750
0 22378
0 22247
0 23764
0 21574
0 23666
0 21326
0 23067
0 21127
0 22332
0 24250
0 23638
0 22023
0 21580
0 21211
0 23176
0 21260
0 23153
0 22243
0 22845
0 21579
0 23638
0 23452
0 22536
0 22159
0 22879
0 23932
0 21529
0 22399
0 21358
0 23617
0 21807
0 21014
0 23238
0 22869
0 24102
0 21105
0 21875
0 22329
0 22405
0 22851
0 23189
0 22907
0 21694
0 23379
0 20305
0 24367
0 21961
0 23044
0 23689
0 22576
0 22514
0 22717
0 23851
0 23772
0 23708
0 21797
0 23079
0 22013
0 22793
0 22417
0 24181
0 22556
0 22005
0 22653
0 23643
0 21960
0 22461
0 21909
0 23327
0 22579
0 23355
0 22493
0 21579
0 22429
0 21671
0 22474
0 22994
0 22060
0 23190
0 22071
0 22645
0 23435
0 23863
0 21475
0 23720
0 22639
0 24063
0 23417
0 23172
0 22894
0 23806
0 21816
0 23712
0 22591
0 23199
0 22540
0 24159
0 21919
0 22083
0 23900
0 21942
0 24104
0 24242
0 24377
0 21638
0 24187
0 23328
0 22157
0 22906
0 20213
0 23323
0 22348
0 23034
0 23272
0 22572
0 22243
0 23653
0 21486
0 23909
0 23655
0 22969
0 21045
0 22650
0 22376
0 23022
0 22627
0 22798
0 21656
0 22688
0 21787
0 22709
0 21109
0 23710
0 22008
0 22703
0 22016
0 23432
0 22819
0 23128
0 22225
0 22176
0 21401
0 22042
0 22564
0 23374
0 22026
0 22503
0 21315
0 22597
0 23419
0 23396
0 23937
0 22576
0 22223
0 22961
0 22308
0 22714
0 20552
0 23181
0 22963
0 23520
0 22352
0 21903
0 23213
0 22344
0 22409
0 21115
0 24283
0 19714
0 23462
0 22205
0 22493
0 22708
0 21657
0 22169
0 22629
0 21968
0 22586
0 22251
0 23290
0 21367
0 22291
0 21951
0 22276
0 20224
0 22880
0 23370
0 21659
0 21107
0 21896
0 19709
0 20662
0 22824
0 23441
0 22980
0 23253
0 22544
0 21131
0 23486
0 21934
0 21604
0 21472
0 20150
0 21117
0 23954
0 22971
0 23836
0 20707
0 22512
0 23085
0 23196
0 22988
0 21388
0 21073
0 22708
0 23535
0 22941
0 23179
0 22286
0 20560
0 22464
0 23304
0 19890
0 23872
0 22173
0 21845
0 20904
0 21905
0 23443
0 22885
0 23504
0 22863
0 24383
0 22888
0 23718
0 21062
0 22723
0 24200
0 22131
0 22308
0 22588
0 22272
0 21337
0 23110
0 21943
0 20940
0 21738
0 24034
0 23179
0 21890
0 24316
0 21944
0 23757
0 21975
0 24125
0 23746
0 24301
0 23836
0 23202
0 21436
0 22719
0 23994
0 20975
0 22055
0 21424
0 22306
0 23769
0 22113
0 22942
0 23093
0 21381
0 22783
0 23852
0 23524
0 21932
0 23540
0 22317
0 23996
0 23354
0 22526
0 23665
0 23555
0 21463
0 22024
0 21741
0 23233
0 21740
0 24467
0 25522
0 22211
0 23318
0 21580
0 21570
0 22956
0 22684
0 22155
0 23217
0 22824
0 23658
0 22806
0 19731
0 19784
0 23164
0 22031
0 25133
0 24193
0 23247
0 23837
0 23794
0 21855
0 23922
0 21929
0 22408
0 21811
0 22887
0 24049
0 21990
0 23435
0 22136
0 23016
0 22416
0 23251
0 23856
0 22904
0 21005
0 23014
0 22009
0 23683
0 24176
0 25275
0 21431
0 23911
0 22651
0 22968
0 23647
0 23442
0 22642
0 21952
0 23621
0 20339
0 22746
0 19535
0 24501
0 22278
0 23357
0 24898
0 23149
0 24659
0 22946
0 22248
0 22706
0 23499
0 23610
0 21268
0 22893
0 22025
0 21835
0 22229
0 22552
0 22342
0 22280
0 23030
0 22080
0 23527
0 23835
0 21319
0 22127
0 21343
0 22747
0 23548
0 23364
0 20591
0 23648
0 21830
0 23284
0 23728
0 20956
0 23248
0 21629
0 22831
0 22760
0 23632
0 24620
0 22519
0 22809
0 21924
0 23564
0 21071
0 22198
0 24180
0 21405
0 21508
0 24007
0 21997
0 23143
0 22953
0 22477
0 23784
0 23182
0 23236
0 25487
0 22121
0 21506
0 20580
0 23287
0 22402
0 23769
0 22277
0 24013
0 22849
0 20639
0 23174
0 22289
0 25393
0 23333
0 22554
0 22506
0 22203
0 21860
0 25030
0 23596
0 23401
0 23478
0 22217
0 22755
0 23291
0 22786
0 21252
0 23386
0 23433
0 24508
0 22881
0 22268
0 23092
0 23332
0 22130
0 23842
0 22013
0 20863
0 22480
0 23959
0 24808
0 23187
0 22076
0 22139
0 22044
0 22879
0 21566
0 21928
0 23966
0 22460
0 22916
0 22237
0 22570
0 23231
0 23401
0 21521
0 23246
0 23316
0 22446
0 22717
0 23156
0 22177
0 23828
0 22604
0 22488
0 23886
0 23211
0 23312
0 22310
0 23530
0 23218
0 22003
0 23180
0 22312
0 20261
0 23211
0 21841
0 23458
0 23189
0 23154
0 22259
0 22181
0 22381
0 20322
0 23680
0 23102
0 22032
0 23222
0 21407
0 19434
0 23805
0 19456
0 22280
0 21831
0 20111
0 25421
0 23519
0 22594
0 19733
0 22936
0 22639
0 23402
0 23274
0 22976
0 22736
0 23394
0 22362
0 22170
0 21589
0 21967
0 24030
0 21052
0 20827
0 23206
0 21747
0 23572
0 21963
0 22788
0 22575
0 21266
0 22457
0 22472
0 21975
0 23408
0 22368
0 23400
0 23935
0 23150
0 23342
0 23758
0 23061
0 23139
0 22975
0 23258
0 22548
0 20707
0 22806
0 25095
0 22552
0 22158
0 23710
0 23017
0 22590
0 22173
0 24792
0 25829
0 22599
0 22227
0 22148
0 23117
0 22926
0 22831
0 22138
0 21849
0 25968
0 23093
0 24279
0 23298
0 22911
0 23501
0 23945
0 24615
0 22546
0 23744
0 23910
0 24315
0 20632
0 22115
0 23650
0 23281
0 21050
0 21654
0 21814
0 22568
0 22439
0 22851
0 23350
0 22313
0 22506
0 22744
0 22689
0 22958
0 22372
0 21413
0 22801
0 22880
0 23780
0 21744
0 23640
0 20478
0 22838
0 22188
0 21717
0 22061
0 24352
0 22994
0 22596
0 23720
0 22648
0 24035
0 24414
0 22891
0 23027
0 23190
0 24620
0 23583
0 22576
0 22966
0 21517
0 20946
0 20907
0 21982
0 23218
0 22918
0 22478
0 23367
0 23440
0 22766
0 23401
0 23962
0 23058
0 23363
0 23941
0 23380
0 19034
0 24405
0 22615
0 23965
0 22345
0 23237
0 22974
0 23335
0 22873
0 23499
0 23522
0 22645
0 23456
0 23859
0 23157
0 22050
0 22567
0 20754
0 23044
0 23071
0 20958
0 22844
0 22933
0 21843
0 21275
0 23170
0 23133
0 23164
0 23860
0 22986
0 23677
0 20050
0 24450
0 21576
0 21925
0 22631
0 21977
0 24027
0 22091
0 23314
0 22972
0 24492
0 23543
0 22994
0 22254
0 22608
0 21460
0 22633
0 22477
0 21561
0 22733
0 21302
0 24417
0 23149
0 24193
0 23276
0 23057
0 21314
0 23678
0 23388
0 21695
0 23926
0 22661
0 21656
0 23080
0 21508
0 23961
0 21583
0 23421
0 22771
0 23404
0 24514
0 22182
0 22513
0 21715
0 23211
0 22578
0 23383
0 22474
0 23856
0 22275
0 22339
0 22015
0 22438
0 24190
0 21963
0 22021
0 21446
0 23007
0 20841
0 22892
0 22453
0 24565
0 21718
0 24485
0 21388
0 23158
0 23794
0 23342
0 22256
0 22866
0 22896
0 22281
0 23649
0 22782
0 23994
0 20840
0 21441
0 22110
0 22601
0 22674
0 21703
0 22059
0 22236
0 22903
0 23488
0 24383
0 24005
0 21946
0 20871
0 21907
0 22310
0 23310
0 23385
0 22000
0 24310
0 22992
0 22239
0 25728
0 22126
0 23073
0 20946
0 21694
0 22311
0 21709
0 22891
0 23363
0 23958
0 24425
0 23742
0 24515
0 23085
0 22850
0 22773
0 23345
0 22373
0 22935
0 22226
0 21958
0 23030
0 22230
0 23732
0 20644
0 20020
0 21957
0 20734
0 21070
0 22884
0 23653
0 22859
0 23363
0 22954
0 22659
0 22669
0 22929
0 23804
0 22048
0 24060
0 23810
0 22314
0 23732
0 23291
0 22328
0 21136
0 21635
0 23177
0 24511
0 22981
0 22964
0 23724
0 22271
0 21055
0 23377
0 23349
0 23818
0 22715
0 22862
0 22025
0 22742
0 23278
0 22273
0 21399
0 22552
0 21912
0 22332
0 23135
0 22809
0 23342
0 22191
0 23088
0 22145
0 21326
0 23835
0 22568
0 21175
0 23781
0 22005
0 23058
0 20715
0 23487
0 22305
0 22528
0 22930
0 20722
0 23855
0 24049
0 23562
0 22240
0 21927
0 23861
0 23697
0 19961
0 23291
0 19463
0 23458
0 23283
0 23404
0 22942
0 24927
0 23053
0 22987
0 23469
0 22742
0 23058
0 23612
0 22641
0 22930
0 22299
0 21924
0 23492
0 23073
0 21820
0 22975
0 22227
0 23165
0 23064
0 21247
0 22257
0 20743
0 22315
0 23009
0 21670
0 22905
0 20820
0 22965
0 22385
0 23468
0 24044
0 24451
0 21075
0 22104
0 21797
0 25737
0 22252
0 22127
0 24693
0 23380
0 21533
0 23301
0 20303
0 24054
0 22781
0 22950
0 21310
0 21593
0 23596
0 21492
0 22408
0 24637
0 23449
0 22936
0 23835
0 23035
0 22034
0 19829
0 21716
0 22523
0 23477
0 23837
0 22655
0 20458
0 22418
0 23518
0 22647
0 20188
0 23539
0 22397
0 23263
0 22276
0 21873
0 23916
0 23622
0 21968
0 22248
0 23535
0 25161
0 24052
0 22817
0 23407
0 23318
0 22757
0 22940
0 22642
0 22483
0 24231
0 23541
0 21921
0 22508
0 22993
0 22342
0 22575
0 21914
0 22693
0 23852
0 23090
0 23167
0 24060
0 23253
0 23086
0 21288
0 20956
0 24010
0 23555
0 22711
0 22347
0 22295
0 23072
0 23105
0 22174
0 22427
0 20690
0 23800
0 21568
0 21628
0 23092
0 22630
0 22529
0 22256
0 22723
0 22747
0 22807
0 21907
0 21550
0 24218
0 23853
0 23687
0 20427
0 22426
0 21330
0 23398
0 21411
0 23491
0 22973
0 23374
0 23551
0 23270
0 24535
0 23386
0 23574
0 21762
0 23165
0 22463
0 23737
0 22830
0 22718
0 23249
0 20925
0 23340
0 22683
0 20312
0 21992
0 22585
0 24334
0 22258
0 21449
0 22997
0 23041
0 23994
0 23962
0 22481
0 23004
0 22432
0 21231
0 23220
0 22508
0 23630
0 22645
0 21920
0 22025
0 21680
0 22627
0 23423
0 21532
0 22963
0 22428
0 23254
0 21589
0 23028
0 23096
0 23550
0 23245
0 24202
0 22372
0 21612
0 23210
0 22481
0 21462
0 20373
0 21847
0 22752
0 23564
0 23368
0 22304
0 22137
0 24423
0 24008
0 22879
0 23743
0 22884
0 22266
0 22449
0 22869
0 20308
0 21831
0 22715
0 21686
0 22445
0 22535
0 22167
0 21694
0 22478
0 22888
0 22133
0 24113
0 22514
0 21900
0 20898
0 23123
0 22220
0 20733
0 22411
0 23050
0 23504
0 23489
0 24134
0 22915
0 22398
0 22779
0 21332
0 22190
0 21647
0 24162
0 22833
0 21997
0 24243
0 23993
0 20726
0 22141
0 22540
0 22431
0 23734
0 22856
0 23481
0 21872
0 21383
0 22247
0 22210
0 22997
0 23588
0 23153
0 21274
0 23407
0 21447
0 21800
0 21439
0 22518
0 21970
0 24538
0 20777
0 22712
0 22529
0 21772
0 22663
0 24115
0 22369
0 22016
0 24324
0 24087
0 23047
0 23034
0 22820
0 23237
0 22985
0 21257
0 22730
0 23084
0 24615
0 21908
0 22576
0 21706
0 22822
0 23045
0 21705
0 22525
0 21100
0 22792
0 23460
0 23559
0 22539
0 22460
0 21577
0 23398
0 23696
0 24538
0 22019
0 21631
0 22645
0 23371
0 25239
0 22339
0 22273
0 23930
0 24052
0 23513
0 22702
0 23372
0 23413
0 24837
0 23064
0 22685
0 22449
0 23399
0 21853
0 23960
0 21995
0 21670
0 21849
0 22267
0 23889
0 23643
0 23054
0 24964
0 21196
0 22408
0 23466
0 22818
0 22538
0 23845
0 24660
0 25159
0 22852
0 20536
0 21458
0 22990
0 23766
0 23885
0 22793
0 22795
0 22787
0 23250
0 23356
0 22305
0 23311
0 21165
0 22301
0 23534
0 23209
0 22115
0 23293
0 21847
0 21585
0 23076
0 21053
0 22804
0 21289
0 23128
0 23055
0 21145
0 20865
0 22307
0 24527
0 22157
0 24224
0 23767
0 23431
0 21841
0 23296
0 21760
0 22376
0 23260
0 23568
0 21732
0 23205
0 21041
0 22643
0 20086
0 23802
0 22814
0 22460
0 23816
0 20820
0 22366
0 22436
0 21893
0 22868
0 21994
0 21925
0 21517
0 21234
0 22214
0 23582
0 22577
0 22463
0 22554
0 23388
0 22320
0 21092
0 23064
0 22350
0 19323
0 21123
0 22050
0 24313
0 22967
0 21731
0 23754
0 23781
0 22836
0 23385
0 23437
0 23290
0 20374
0 22559
0 22389
0 20634
0 22601
0 22782
0 22297
0 23254
0 21184
0 22397
0 22140
0 19929
0 21003
0 20040
0 23052
0 22239
0 21183
0 19604
0 23525
0 21624
0 22669
0 23299
0 22057
0 22615
0 22463
0 22172
0 21658
0 22825
0 24000
0 21137
0 25136
0 20898
0 23154
0 23097
0 23073
0 23247
0 22148
0 23718
0 22946
0 22619
0 20507
0 22596
0 21733
0 23943
0 21786
0 23996
0 23087
0 23520
0 23038
0 24506
0 22158
0 23328
0 22444
0 22986
0 24711
0 25759
0 23142
0 22965
0 23434
0 25617
0 21476
0 24071
0 23833
0 23394
0 24094
0 21593
0 23605
0 23262
0 23079
0 23755
0 23922
0 23311
0 22358
0 23161
0 22740
0 22978
0 20695
0 24336
0 23682
0 22841
0 23263
0 23549
0 23822
0 22414
0 22317
0 23838
0 24993
0 22404
0 23337
0 22228
0 20372
0 20767
0 24182
0 22242
0 25499
0 22003
0 23491
0 20728
0 24368
0 21308
0 22598
0 24980
0 21709
0 21782
0 23810
0 19970
0 22988
0 23507
0 22255
0 23613
0 22377
0 22843
0 24911
0 22908
0 22789
0 23275
0 22203
0 23078
0 22711
0 21887
0 24389
0 23146
0 22016
0 24263
0 23676
0 21905
0 23322
0 21691
0 20904
0 22608
0 22528
0 20690
0 21649
0 23020
0 22500
0 22290
0 21671
0 22413
0 21715
0 22333
0 22517
0 19644
0 22339
0 22780
0 22136
0 22266
0 20214
0 23776
0 22444
0 22821
0 22871
0 22930
0 22883
0 22551
0 22381
0 23299
0 23081
0 23149
0 22383
0 22276
0 22232
0 23257
0 23277
0 22677
0 23037
0 22644
0 23586
0 21692
0 22813
0 23309
0 21048
0 24038
0 23145
0 21347
0 22719
0 22735
0 21974
0 22287
0 24689
0 23709
0 21510
0 23860
0 23155
0 22008
0 23668
0 24569
0 21894
0 23284
0 22537
0 23738
0 22238
0 22047
0 22152
0 24412
0 21829
0 23517
0 23866
0 22926
0 21117
0 21909
0 23027
0 23883
0 22363
0 20841
0 23075
0 22016
0 23177
0 24506
0 21371
0 21604
0 23943
0 21753
0 22372
0 23362
0 23817
0 22301
0 23270
0 22070
0 22858
0 22549
0 22739
0 23459
0 21901
0 22576
0 21566
0 25827
0 22307
0 22188
0 22012
0 21288
0 22815
0 23246
0 23657
0 21476
0 23928
0 23028
0 22234
0 24208
0 23053
0 23576
0 21382
0 23297
0 23717
0 21441
0 23837
0 21678
0 22695
0 22460
0 22627
0 22342
0 22403
0 21633
0 20731
0 24147
0 23803
0 24058
0 22441
0 20145
0 22579
0 22607
0 20656
0 21982
0 22869
0 22083
0 22915
0 23286
0 21594
0 23937
0 22517
0 22799
0 20030
0 22351
0 23253
0 22369
0 23464
0 23245
0 22233
0 21948
0 22643
0 22690
0 22546
0 22051
0 22391
0 22258
0 23051
0 22248
0 20664
0 21804
0 22744
0 21730
0 22652
0 21602
0 21304
0 21869
0 23401
0 23141
0 23865
0 23285
0 22279
0 21634
0 23445
0 22844
0 23312
0 22767
0 23510
0 22769
0 23294
0 23645
0 22208
0 23249
0 23886
0 19731
0 23873
0 21686
0 22838
0 22514
0 20315
0 22914
0 21693
0 24005
0 23218
0 22826
0 22581
0 22211
0 21907
0 23938
0 23814
0 21521
0 21774
0 22204
0 21587
0 22414
0 23766
0 21138
0 24565
0 21982
0 21023
0 24871
0 22668
0 23014
0 21898
0 23802
0 21099
0 20562
0 23236
0 21946
0 23566
0 22911
0 23701
0 21852
0 23384
0 22240
0 23128
0 21538
0 22670
0 23707
0 21776
0 23266
0 22986
0 21855
0 22519
0 22440
0 23071
0 21680
0 21927
0 22258
0 23888
0 23645
0 23415
0 22876
0 23497
0 23343
0 25407
0 22033
0 21953
0 22794
0 22438
0 22052
0 23161
0 23418
0 22893
0 22355
0 22641
0 23596
0 23755
0 21613
0 22770
0 21578
0 23944
0 23079
0 22907
0 21423
0 21314
0 21466
0 23973
0 21715
0 24499
0 21144
0 23593
0 23733
0 20419
0 22617
0 23903
0 23781
0 22015
0 23442
0 22217
0 22220
0 21842
0 23225
0 22965
0 22599
0 21691
0 23768
0 21300
0 22115
0 22570
0 23582
0 21445
0 23735
0 22772
0 23999
0 23424
0 22748
0 22360
0 20658
0 21827
0 22377
0 23184
0 23133
0 23368
0 22833
0 24313
0 22587
0 22610
0 21055
0 22639
0 22155
0 21548
0 22693
0 24537
0 22288
0 21015
0 22394
0 22177
0 23084
0 24146
0 22575
0 23330
0 23262
0 22797
0 22310
0 23452
0 23340
0 23090
0 24179
0 23287
0 22902
0 22039
0 24269
0 21889
0 21776
0 21600
0 21736
0 22323
0 22562
0 22400
0 21682
0 24066
0 23042
0 22499
0 23167
0 23005
0 22114
0 23086
0 23466
0 23619
0 22892
0 23288
0 22809
0 22367
0 23100
0 21690
0 23290
0 20963
0 24726
0 21281
0 22941
0 24301
0 21674
0 21747
0 21819
0 21798
0 23167
0 23956
0 21968
0 22961
0 22175
0 22053
0 24040
0 23429
0 22037
0 23416
0 22618
0 22655
0 22503
0 22427
0 22908
0 23680
0 23809
0 21842
0 22217
0 22253
0 23124
0 23219
0 23625
0 23590
0 22101
0 21583
0 20971
0 23248
0 20601
0 22915
0 23579
0 22134
0 24318
0 21938
0 23459
0 24292
0 24669
0 23354
0 24908
0 23499
0 21444
0 23754
0 21219
0 23883
0 23642
0 22354
0 21788
0 22924
0 23994
0 23759
0 23060
0 22434
0 22480
0 25053
0 22367
0 21573
0 22977
0 22850
0 23707
0 23375
0 22091
0 22268
0 21777
0 22532
0 22997
0 23422
0 23558
0 23523
0 20240
0 21258
0 22975
0 22009
0 22842
0 22409
0 22888
0 23156
0 21800
0 22459
0 24570
0 23563
0 23323
0 24115
0 23791
0 23636
0 23203
0 22437
0 22589
0 23364
0 21388
0 22199
0 23527
0 23473
0 22827
0 22780
0 22473
0 23032
0 22286
0 23287
0 22822
0 23023
0 23260
0 22774
0 23266
0 24745
0 22619
0 21729
0 22786
0 23397
0 22575
0 24175
0 23943
0 22813
0 21934
0 24381
0 23705
0 22449
0 23341
0 22854
0 23406
0 22535
0 22789
0 21430
0 22585
0 25063
0 21159
0 22728
0 24134
0 22783
0 23294
0 23980
0 21849
0 22628
0 21874
0 22441
0 23414
0 22201
0 22765
0 21717
0 21114
0 22585
0 21228
0 23352
0 20488
0 22315
0 23197
0 22131
0 23387
0 22282
0 24493
0 20397
0 23831
0 22373
0 22692
0 21697
0 24059
0 23839
0 22481
0 22085
0 21500
0 23605
0 21561
0 24103
0 22365
0 23432
0 22867
0 21776
0 23004
0 22906
0 21457
0 20597
0 20817
0 22818
0 20983
0 23876
0 21773
0 22818
0 21857
0 23672
0 23948
0 21092
0 23781
0 22018
0 22168
0 21921
0 23566
0 22349
0 21474
0 24477
0 23148
0 22359
0 18205
0 23004
0 23096
0 22683
0 21188
0 22718
0 22734
0 23700
0 22539
0 22707
0 18812
0 23706
0 22764
0 22919
0 22635
0 22419
0 23231
0 22204
0 24630
0 23265
0 22871
0 24112
0 22448
0 21922
0 21460
0 21601
0 21918
0 23979
0 21155
0 22419
0 23086
0 23934
0 23737
0 24330
0 23172
0 22585
0 22859
0 21938
0 22251
0 24878
0 23280
0 22959
0 23914
0 20751
0 23077
0 22078
0 23149
0 21839
0 21431
0 22043
0 23001
0 22901
0 22260
0 22263
0 22797
0 23922
0 22866
0 23034
0 22643
0 22915
0 23710
0 23505
0 21788
0 21913
0 19680
0 23165
0 22349
0 22249
0 21819
0 22836
0 20936
0 21373
0 23096
0 22532
0 26061
0 21203
0 21900
0 21372
0 24070
0 23448
0 23997
0 22427
0 23934
0 23842
0 23339
0 22463
0 23226
0 22195
0 23137
0 24022
0 22622
0 23295
0 22411
0 24249
0 22196
0 22801
0 22288
0 25083
0 23469
0 22430
0 22990
0 22442
0 22385
0 21878
0 22433
0 23310
0 23152
0 22594
0 22616
0 23510
0 21210
0 23951
0 22758
0 22842
0 21384
0 22210
0 23026
0 19138
0 23547
0 25101
0 22961
0 24376
0 23596
0 22735
0 22247
0 22602
0 23007
0 23456
0 23828
0 19553
0 22813
0 23028
0 22813
0 21206
0 22499
0 22786
0 20685
0 24353
0 22700
0 23634
0 20873
0 21760
0 22638
0 23265
0 23863
0 22816
0 23487
0 22733
0 22093
0 23543
0 22751
0 22185
0 22261
0 23973
0 24257
0 21092
0 23876
0 23599
0 23204
0 20674
0 22061
0 24160
0 21994
0 21260
0 23792
0 23287
0 21769
0 21888
0 23151
0 23735
0 23098
0 22166
0 21100
0 23162
0 23029
0 21303
0 23167
0 22286
0 22488
0 23588
0 24958
0 23767
0 23322
0 22607
0 21120
0 21318
0 23531
0 22695
0 23189
0 22789
0 23396
0 22323
0 23689
0 23129
0 22214
0 22783
0 24778
0 23627
0 21866
0 23968
0 23218
0 23336
0 22306
0 21780
0 21621
0 23031
0 23560
0 23643
0 22397
0 21378
0 23701
0 22862
0 23072
0 22223
0 22981
0 21971
0 23351
0 20603
0 21754
0 22551
0 23663
0 22628
0 21415
0 21924
0 22999
0 22948
0 22877
0 22216
0 24324
0 23251
0 22387
0 20343
0 23343
0 22820
0 22674
0 21504
0 23342
0 22464
0 23520
0 22383
0 21636
0 23898
0 21641
0 22218
0 21644
0 22949
0 21491
0 22497
0 22895
0 22651
0 20210
0 23131
0 23524
0 22028
0 21305
0 23618
0 23904
0 21358
0 21014
0 23503
0 22064
0 18040
0 22612
0 23550
0 22337
0 20443
0 20652
0 21675
0 22216
0 22896
0 24227
0 22134
0 23178
0 23152
0 23065
0 24171
0 22239
0 22995
0 23599
0 23869
0 22646
0 22105
0 24582
0 23295
0 23543
0 24736
0 19768
0 24165
0 22932
0 22667
0 21067
0 21831
0 24491
0 23008
0 22373
0 22636
0 18805
0 22815
0 21865
0 22516
0 23088
0 23185
0 22823
0 22328
0 22584
0 22915
0 23387
0 23433
0 23039
0 23475
0 22680
0 22062
0 23914
0 23505
0 24114
0 21619
0 22941
0 21410
0 23804
0 20027
0 22908
0 23555
0 21998
0 22973
0 24533
0 25572
0 25443
0 22291
0 22483
0 21715
0 22204
0 21862
0 23355
0 22727
0 23779
0 19095
0 22049
0 23721
0 21333
0 23303
0 17392
0 23582
0 19777
0 20559
0 22819
0 22652
0 22794
0 20334
0 21569
0 23684
0 21434
0 23149
0 22928
0 22035
0 23224
0 23314
0 22762
0 22712
0 24173
0 23178
0 21565
0 25074
0 23214
0 23624
0 21957
0 22074
0 24810
0 22080
0 23604
0 22865
0 21542
0 22989
0 23460
0 23526
0 23811
0 22877
0 21968
0 22294
0 21329
0 22607
0 21666
0 23667
0 22015
0 21849
0 22619
0 22193
0 22688
0 22151
0 23062
0 22489
0 20616
0 22017
0 23363
0 20875
0 23534
0 24100
0 22775
0 23550
0 21083
0 22632
0 20353
0 22574
0 24065
0 23326
0 21101
0 21318
0 23587
0 21468
0 22169
0 22766
0 24307
0 24175
0 21859
0 23598
0 22665
0 22033
0 22955
0 21582
0 21604
0 23449
0 23470
0 22518
0 22574
0 22005
0 20758
0 21240
0 20943
0 21955
0 21864
0 23309
0 21450
0 24197
0 23022
0 21222
0 24012
0 22056
0 22626
0 22985
0 21941
0 22692
0 22275
0 23118
0 19401
0 21488
0 25146
0 22340
0 22836
0 23962
0 21384
0 22322
0 24252
0 23736
0 22056
0 23733
0 22563
0 22980
0 22856
0 24544
0 21941
0 24578
0 23604
0 22426
0 21800
0 22014
0 22531
0 25424
0 22446
0 23887
0 25141
0 21248
0 22711
0 22468
0 22048
0 21100
0 24399
0 22187
0 22495
0 22067
0 20163
0 22854
0 23860
0 21648
0 23997
0 22770
0 23732
0 23097
0 22117
0 23552
0 22843
0 23735
0 23955
0 20746
0 21233
0 21692
0 24072
0 22794
0 21382
0 22616
0 21048
0 22869
0 22033
0 21815
0 23964
0 22375
0 23287
0 23073
0 22329
0 21590
0 22163
0 23122
0 23736
0 23327
0 22870
0 23211
0 20440
0 22002
0 23804
0 22639
0 22543
0 20909
0 22301
0 21956
0 22968
0 20415
0 21770
0 22276
0 23785
0 20546
0 22647
0 22380
0 23294
0 21255
0 22955
0 20797
0 22241
0 23071
0 22774
0 23007
0 23515
0 23448
0 22126
0 23143
0 22724
0 22453
0 23297
0 23578
0 22944
0 22389
0 21539
0 23089
0 23733
0 22722
0 23055
0 21212
0 21223
0 23419
0 20257
0 22184
0 24607
0 22028
0 23265
0 23497
0 23734
0 21178
0 25580
0 20420
0 19875
0 23810
0 20863
0 23428
0 20325
0 23724
0 22544
0 21449
0 22048
0 21603
0 24832
0 23232
0 22661
0 19042
0 21646
0 21541
0 21548
0 22691
0 24287
0 23984
0 19533
0 20757
0 23184
0 23765
0 24076
0 22874
0 22114
0 21558
0 22868
0 22794
0 22306
0 22479
0 22296
0 22571
0 22652
0 22716
0 23871
0 22696
0 22599
0 23120
0 22727
0 22755
0 25109
0 23231
0 23865
0 23847
0 22382
0 23476
0 21789
0 22748
0 22117
0 22983
0 22110
0 23770
0 22925
0 23762
0 21756
0 22974
0 23633
0 23757
0 21051
0 22227
0 25030
0 23572
0 22614
0 24213
0 24161
0 22488
0 23865
0 23339
0 22562
0 22585
0 20065
0 21850
0 20922
0 23766
0 23771
0 24485
0 22305
0 26209
0 21330
0 22478
0 21635
0 23447
0 21931
0 22427
0 22061
0 22807
0 24628
0 22851
0 22383
0 21282
0 21510
0 22686
0 21054
0 22083
0 21543
0 23211
0 23639
0 22765
0 23536
0 22437
0 23668
0 22034
0 22368
0 22430
0 23274
0 23262
0 21878
0 21533
0 22848
0 23300
0 22743
0 22286
0 23535
0 22148
0 23843
0 22812
0 22452
0 20745
0 22520
0 24077
0 24099
0 23421
0 22568
0 22627
0 22396
0 22583
0 22259
0 19046
0 21638
0 22872
0 22189
0 23831
0 23435
0 24191
0 20654
0 23584
0 22627
0 23024
0 23612
0 23770
0 22778
0 23936
0 22452
0 23132
0 23032
0 22746
0 22964
0 20744
0 21923
0 20196
0 24183
0 23198
0 23748
0 22328
0 22513
0 21380
0 23517
0 23444
0 24719
0 19293
0 22665
0 21703
0 21809
0 23834
0 23608
0 23861
0 22388
0 22724
0 22368
0 22231
0 21171
0 24496
0 23711
0 23474
0 24019
0 22365
0 23225
0 21944
0 21197
0 21797
0 22684
0 22479
0 23295
0 23522
0 23204
0 22293
0 22157
0 21645
0 23489
0 22306
0 22895
0 22943
0 22318
0 23627
0 22168
0 20339
0 21944
0 20682
0 23153
0 21520
0 21205
0 22519
0 24096
0 20859
0 22629
0 24271
0 23996
0 21326
0 21691
0 23261
0 23904
0 23805
0 24586
0 21945
0 23413
0 22853
0 21972
0 22764
0 23279
0 23012
0 22364
0 23868
0 20972
0 20983
0 22717
0 22901
0 23692
0 21908
0 23905
0 22460
0 21596
0 22388
0 24025
0 23225
0 24096
0 22532
0 21815
0 23409
0 20199
0 20271
0 22909
0 23911
0 23153
0 21302
0 22922
0 21827
0 22783
0 23363
0 20800
0 23599
0 21629
0 21700
0 21672
0 22193
0 21455
0 22054
0 24772
0 22811
0 23039
0 21496
0 23454
0 24122
0 25448
0 23486
0 22843
0 21911
0 24445
0 21569
0 23657
0 23147
0 22591
0 23085
0 21992
0 22988
0 24552
0 21734
0 22859
0 21221
0 23141
0 23421
0 21885
0 23787
0 23407
0 23726
0 23183
0 21843
0 22961
0 22005
0 23559
0 22520
0 21581
0 24054
0 22713
0 23269
0 21509
0 23134
0 20911
0 21930
0 21895
0 22352
0 22374
0 22275
0 22426
0 21597
0 23419
0 19779
0 23586
0 25718
0 22723
0 23189
0 21931
0 23101
0 21529
0 23501
0 21159
0 21276
0 20390
0 23742
0 22503
0 21954
0 23291
0 20884
0 22315
0 21376
0 21546
0 21956
0 23494
0 21225
0 23049
0 22490
0 22543
0 22517
0 19306
0 22923
0 21964
0 23564
0 21847
0 20588
0 21175
0 21009
0 23169
0 24106
0 22190
0 21240
0 23116
0 18530
0 21684
0 22572
0 22561
0 22955
0 21963
0 22320
0 23044
0 23535
0 22347
0 23585
0 23823
0 23235
0 20703
0 21526
0 23763
0 23008
0 23496
0 23000
0 24658
0 22548
0 22739
0 23775
0 22924
0 23573
0 22651
0 21905
0 21864
0 22598
0 21324
0 22215
0 23052
0 23501
0 23626
0 22559
0 23878
0 22606
0 21206
0 23002
0 21533
0 23693
0 22565
0 22820
0 20682
0 23382
0 21611
0 21080
0 22262
0 21972
0 21508
0 22627
0 19626
0 17798
0 23952
0 21294
0 24709
0 22256
0 20277
0 22754
0 22539
0 21212
0 24335
0 22583
0 22970
0 20246
0 22727
0 22709
0 23351
0 22776
0 23339
0 21036
0 23655
0 21202
0 24623
0 22244
0 22512
0 21971
0 22978
0 21526
0 23294
0 22536
0 23570
0 22076
0 22869
0 22104
0 21827
0 22683
0 22936
0 23398
0 21586
0 22464
0 22469
0 22644
0 20545
0 23699
0 22805
0 22137
0 22341
0 22698
0 22381
0 23398
0 24038
0 22162
0 21035
0 21869
0 20565
0 20919
0 25017
0 23433
0 22581
0 23386
0 22676
0 22451
0 23888
0 22443
0 22101
0 20168
0 23291
0 23380
0 19838
0 22352
0 23056
0 23816
0 23383
0 22053
0 21697
0 22469
0 22990
0 23203
0 23500
0 23868
0 22324
0 22788
0 20760
0 20527
0 23148
0 22698
0 21221
0 21361
0 22816
0 22806
0 22783
0 20369
0 21172
0 23392
0 23117
0 22394
0 23904
0 23972
0 21742
0 19390
0 23162
0 21847
0 21574
0 22910
0 23250
0 22469
0 24283
0 22283
0 21847
0 21792
0 22415
0 22057
0 23296
0 24028
0 22733
0 25100
0 20383
0 22013
0 23748
0 22605
0 24036
0 22384
0 23116
0 20955
0 20535
0 21972
0 23290
0 23187
0 23767
0 22421
0 22107
0 21422
0 23083
0 22878
0 22145
0 21943
0 24274
0 23362
0 23244
0 20547
0 21339
0 23512
0 23041
0 22298
0 23038
0 19366
0 23982
0 22622
0 22857
0 21595
0 21977
0 22914
0 24122
0 23359
0 23084
0 23490
0 22621
0 21675
0 24091
0 23492
0 23233
0 23204
0 22406
0 22398
0 23765
0 21234
0 22480
0 22499
0 20384
0 24347
0 21840
0 22789
0 23083
0 22074
0 22822
0 24315
0 22654
0 23434
0 23065
0 24488
0 23444
0 23233
0 22312
0 21000
0 21637
0 22760
0 21636
0 22540
0 21128
0 21012
0 21433
0 22177
0 22241
0 21518
0 21710
0 24139
0 19008
0 23290
0 22245
0 21590
0 22521
0 20522
0 22178
0 23596
0 24118
0 21193
0 23086
0 20109
0 23014
0 21947
0 23270
0 23340
0 22464
0 23724
0 23250
0 20858
0 21939
0 22609
0 23986
0 22470
0 22244
0 23284
0 23150
0 22947
0 22467
0 19949
0 22231
0 23398
0 23449
0 22257
0 23829
0 23418
0 23525
0 21098
0 24762
0 23686
0 21688
0 23410
0 21438
0 20547
0 22330
0 23611
0 22855
0 22948
0 21750
0 21682
0 21670
0 23467
0 22964
0 23369
0 23574
0 22312
0 22209
0 21585
0 23532
0 22946
0 22105
0 22226
0 24135
0 22850
0 23273
0 23770
0 21019
0 22476
0 21429
0 21926
0 21071
0 20974
0 23952
0 22338
0 24197
0 22417
0 22849
0 19146
0 21682
0 24064
0 23449
0 23012
0 23398
0 23996
0 22440
0 22035
0 22062
0 20246
0 23342
0 22829
0 22818
0 22983
0 23713
0 22024
0 22681
0 20766
0 24218
0 24899
0 22922
0 22127
0 22713
0 25251
0 21767
0 21752
0 21828
0 23120
0 21979
0 24476
0 23649
0 22857
0 22726
0 22144
0 23687
0 22063
0 22536
0 22345
0 24131
0 21810
0 22845
0 23519
0 22551
0 23354
0 21115
0 22493
0 23250
0 21349
0 21016
0 20921
0 22630
0 23488
0 22823
0 23640
0 22840
0 22689
0 23055
0 22536
0 20580
0 22758
0 23169
0 23041
0 20621
0 21852
0 22554
0 22774
0 21569
0 23316
0 22096
0 24157
0 22172
0 21783
0 21498
0 23625
0 22697
0 23269
0 23213
0 22380
0 23207
0 24304
0 23260
0 22175
0 22087
0 22253
0 24550
0 22930
0 22260
0 22752
0 23078
0 22538
0 20896
0 22061
0 23349
0 22165
0 21266
0 22570
0 22729
0 23104
0 20130
0 21526
0 23247
0 23657
0 24319
0 23764
0 23688
0 22802
0 23191
0 23894
0 22948
0 23159
0 23088
0 22099
0 21665
0 20916
0 21514
0 23237
0 22329
0 23583
0 20483
0 21502
0 18322
0 21421
0 23315
0 20971
0 22750
0 20129
0 23471
0 22527
0 22953
0 21769
0 24534
0 25259
0 20063
0 22153
0 22762
0 24308
0 21248
0 24665
0 22316
0 21315
0 23271
0 23165
0 21069
0 22850
0 24354
0 19924
0 22111
0 23431
0 21798
0 22867
0 21915
0 22465
0 23352
0 21514
0 22550
0 21960
0 21889
0 24164
0 22853
0 21917
0 22328
0 21152
0 22978
0 20261
0 23332
0 23099
0 23213
0 21997
0 21745
0 23497
0 22608
0 23855
0 22728
0 21615
0 22368
0 23761
0 21983
0 24149
0 23708
0 22425
0 20490
0 22229
0 23899
0 22118
0 23999
0 23539
0 21266
0 23474
0 22780
0 24468
0 22436
0 22419
0 22783
0 23949
0 22927
0 19409
0 24126
0 23762
0 22562
0 22005
0 22654
0 20748
0 22083
0 22045
0 21809
0 22635
0 24352
0 24680
0 21788
0 24423
0 23481
0 21911
0 23409
0 23329
0 22973
0 22321
0 21844
0 21983
0 19569
0 21909
0 22838
0 23123
0 20912
0 21732
0 21230
0 23664
0 22540
0 21496
0 21196
0 22839
0 22954
0 22511
0 23308
0 22240
0 22160
0 21069
0 22913
0 21789
0 23077
0 20522
0 22292
0 22754
0 22415
0 24296
0 21285
0 21417
0 21382
0 23594
0 22240
0 20677
0 22612
0 23225
0 24124
0 21467
0 22430
0 23479
0 20991
0 21951
0 21123
0 23601
0 21688
0 23154
0 22495
0 24207
0 22099
0 22571
0 22827
0 24259
0 21832
0 21604
0 22677
0 22724
0 22825
0 21831
0 21425
0 22809
0 22278
0 21210
0 22903
0 22041
0 24244
0 23684
0 23053
0 22420
0 21986
0 21907
0 23219
0 23875
0 22254
0 23456
0 22251
0 23520
0 22483
0 22198
0 22494
0 24391
0 23436
0 21993
0 22657
0 22394
0 22699
0 21944
0 22342
0 24227
0 19499
0 23313
0 22667
0 22559
0 20847
0 22909
0 21112
0 21653
0 21994
0 23274
0 23338
0 22003
0 22065
0 22423
0 22483
0 22080
0 23400
0 24074
0 22612
0 21808
0 22449
0 21006
0 20941
0 22606
0 23308
0 21733
0 21503
0 21802
0 22285
0 23536
0 21439
0 20673
0 21937
0 22477
0 23484
0 22024
0 23132
0 22966
0 32782
0 21513
0 22396
0 21779
0 21828
0 25879
0 22224
0 23329
0 20646
0 21888
0 22480
0 21450
0 22082
0 22143
0 21894
0 22106
0 24219
0 22067
0 22291
0 21229
0 23236
0 23003
0 24349
0 23512
0 23968
0 22793
0 23176
0 23021
0 22054
0 22955
0 22823
0 22701
0 22239
0 24254
0 23531
0 23503
0 23444
0 20982
0 22958
0 23491
0 21310
0 24605
0 23669
0 23637
0 22332
0 22451
0 23282
0 21793
0 24291
0 22394
0 21847
0 23579
0 23989
0 21482
0 21962
0 22987
0 21113
0 22857
0 20981
0 24238
0 23625
0 24400
0 22747
0 22713
0 22090
0 26396
0 21418
0 22289
0 23514
0 22124
0 24995
0 23093
0 20734
0 22656
0 24824
0 22207
0 22690
0 23012
0 23254
0 24118
0 22574
0 22874
0 22754
0 22602
0 23179
0 20931
0 22605
0 23451
0 22484
0 23459
0 22324
0 22053
0 23323
0 22179
0 22783
0 22234
0 22383
0 23185
0 22730
0 22939
0 22960
0 22011
0 23362
0 22621
0 23711
0 22044
0 24036
0 24189
0 23539
0 22725
0 22805
0 22111
0 22780
0 21327
0 23161
0 21450
0 23153
0 22302
0 21553
0 22159
0 22813
0 22493
0 23106
0 20162
0 22727
0 23643
0 22039
0 21934
0 23583
0 22355
0 22908
0 22734
0 23451
0 21700
0 23566
0 23797
0 23281
0 23984
0 23817
0 23657
0 24763
0 21671
0 22743
0 22052
0 20868
0 21232
0 23123
0 23412
0 22728
0 24363
0 21682
0 21958
0 23221
0 22837
0 22564
0 23676
0 21602
0 21510
0 22999
0 24545
0 21790
0 22499
0 21299
0 23625
0 22039
0 23262
0 21245
0 23254
0 23188
0 22340
0 22436
0 23188
0 22222
0 21984
0 22610
0 23044
0 21700
0 23478
0 21970
0 22504
0 21410
0 20765
0 22939
0 23374
0 21570
0 23727
0 21951
0 21510
0 25656
0 21388
0 24060
0 22889
0 22270
0 22840
0 22191
0 23025
0 24372
0 22560
0 23077
0 20708
0 21592
0 23075
0 22569
0 21704
0 21896
0 22224
0 22052
0 21533
0 23169
0 21992
0 23058
0 23732
0 24046
0 23351
0 23640
0 21926
0 22677
0 22204
0 23714
0 22959
0 22730
0 23583
0 21182
0 23190
0 20467
0 22969
0 21092
0 21861
0 20841
0 22443
0 21758
0 22573
0 23552
0 23599
0 22984
0 22130
0 22604
0 24080
0 22810
0 20548
0 23260
0 20968
0 22402
0 23807
0 22166
0 22348
0 22648
0 21645
0 21502
0 22536
0 22993
0 24242
0 21482
0 22689
0 20879
0 23380
0 23169
0 23086
0 23453
0 22571
0 21649
0 21409
0 23155
0 24022
0 23147
0 22713
0 23297
0 19843
0 22293
0 21473
0 23135
0 23399
0 22285
0 22190
0 22646
0 23034
0 24406
0 22699
0 20933
0 21329
0 21886
0 21066
0 21787
0 24458
0 23750
0 22809
0 22523
0 22631
0 22806
0 22762
0 24061
0 22767
0 22986
0 23287
0 22703
0 21578
0 21487
0 22721
0 22529
0 23867
0 23504
0 23803
0 22487
0 20853
0 24663
0 23795
0 25088
0 25346
0 22390
0 21948
0 22354
0 22710
0 22561
0 24391
0 22005
0 22471
0 21798
0 22230
0 22782
0 22581
0 20853
0 20453
0 23047
0 22526
0 20939
0 23636
0 22461
0 22322
0 22843
0 21143
0 23199
0 23304
0 21427
0 22832
0 23496
0 21460
0 21360
0 23827
0 22376
0 21984
0 22476
0 22709
0 22620
0 20983
0 23565
0 22440
0 23793
0 23244
0 22577
0 23320
0 23472
0 21536
0 23232
0 22819
0 22817
0 24004
0 23900
0 22094
0 21653
0 23142
0 23117
0 21778
0 22617
0 21808
0 22700
0 23097
0 24043
0 21921
0 23811
0 21688
0 22381
0 22277
0 24239
0 23385
0 23700
0 19583
0 23520
0 22724
0 22318
0 22729
0 22307
0 23325
0 21858
0 23134
0 23273
0 22659
0 22679
0 22580
0 21465
0 23053
0 23487
0 23324
0 22347
0 20672
0 23380
0 23176
0 21979
0 20744
0 22942
0 21401
0 22260
0 23387
0 23418
0 22144
0 21286
0 24653
0 22042
0 23296
0 22240
0 21560
0 22914
0 21855
0 25396
0 20650
0 21974
0 22545
0 22099
0 23193
0 23001
0 22548
0 23458
0 22675
0 22732
0 22403
0 23787
0 21697
0 22933
0 20083
0 21980
0 23230
0 22046
0 19818
0 22563
0 23460
0 21730
0 21911
0 23369
0 22669
0 21810
0 23159
0 24056
0 24252
0 23325
0 22375
0 21183
0 22752
0 20320
0 22691
0 23440
0 23029
0 23879
0 23287
0 22390
0 21234
0 22604
0 22824
0 23503
0 23146
0 23099
0 21383
0 21669
0 21966
0 19775
0 22050
0 22229
0 23421
0 23966
0 23757
0 22206
0 23508
0 21994
0 22799
0 23450
0 22401
0 24063
0 23468
0 24756
0 23012
0 23990
0 23589
0 22344
0 23641
0 22359
0 23927
0 21994
0 21062
0 22631
0 22807
0 22638
0 21410
0 23659
0 22711
0 20607
0 23351
0 23875
0 22706
0 22340
0 22866
0 22078
0 23380
0 22770
0 20349
0 22707
0 22272
0 22536
0 20540
0 24031
0 23843
0 24037
0 22390
0 21759
0 23616
0 20776
0 23838
0 22809
0 22786
0 22593
0 21897
0 23178
0 23323
0 21594
0 22709
0 22128
0 23623
0 22603
0 23282
0 22767
0 22821
0 21125
0 22870
0 23049
0 22297
0 21336
0 24104
0 23767
0 23622
0 20509
0 23735
0 21580
0 21437
0 27893
0 21326
0 22362
0 23138
0 21839
0 21389
0 22401
0 21703
0 21882
0 22910
0 23841
0 23567
0 22773
0 21500
0 23089
0 21856
0 21734
0 22538
0 22512
0 23950
0 23590
0 22284
0 23918
0 23984
0 23377
0 23332
0 22676
0 23177
0 22937
0 21934
0 21977
0 21263
0 22376
0 23689
0 22681
0 22854
0 22392
0 22553
0 23473
0 22902
0 22884
0 22200
0 25989
0 23002
0 22648
0 22152
0 20665
0 24586
0 23460
0 23356
0 21928
0 22715
0 22483
0 22803
0 21926
0 23961
0 24972
0 20222
0 22526
0 21054
0 19552
0 20470
0 22330
0 21661
0 22274
0 22839
0 20740
0 20675
0 22515
0 21170
0 23354
0 22385
0 22326
0 21015
0 22463
0 22742
0 23496
0 21974
0 23212
0 22804
0 23481
0 22805
0 22658
0 24229
0 23317
0 22929
0 21903
0 23083
0 21962
0 20605
0 23930
0 21875
0 23158
0 23206
0 19675
0 23161
0 22973
0 23805
0 21053
0 23372
0 22866
0 19219
0 21662
0 23162
0 22944
0 21845
0 22631
0 23247
0 23663
0 23344
0 22271
0 23117
0 22825
0 22967
0 23054
0 23257
0 22467
0 20925
0 22125
0 23137
0 21771
0 23882
0 21819
0 22254
0 23416
0 21365
0 23254
0 23039
0 20272
0 22596
0 24063
0 22178
0 22518
0 22528
0 19813
0 22557
0 23448
0 22914
0 21289
0 22260
0 24578
0 23484
0 23825
0 23137
0 22595
0 22734
0 22720
0 22206
0 23269
0 22869
0 21267
0 23211
0 22466
0 22878
0 23354
0 22435
0 21453
0 22140
0 20640
0 22184
0 22556
0 22493
0 23024
0 21777
0 23231
0 22185
0 22463
0 23427
0 23300
0 22891
0 22544
0 21433
0 23698
0 21357
0 23987
0 22077
0 21532
0 22604
0 21487
0 23282
0 22989
0 22881
0 22763
0 22735
0 22468
0 22732
0 22760
0 23371
0 22855
0 20948
0 22749
0 22337
0 21955
0 21351
0 21640
0 21809
0 21740
0 22240
0 23719
0 22876
0 22251
0 22671
0 20901
0 24057
0 22877
0 21094
0 23180
0 20661
0 22947
0 24300
0 23080
0 22330
0 21880
0 23209
0 22432
0 22843
0 23079
0 22110
0 23941
0 22106
0 21992
0 23373
0 22522
0 20536
0 22400
0 23914
0 22437
0 20406
0 23028
0 22464
0 21372
0 22430
0 21302
0 22748
0 23048
0 22057
0 22379
0 24258
0 25329
0 22556
0 21299
0 22578
0 24039
0 22435
0 19604
0 22234
0 23465
0 21339
0 24767
0 22491
0 22983
0 21682
0 20311
0 22904
0 22790
0 22938
0 21642
0 22166
0 22731
0 24377
0 23855
0 22445
0 19980
0 22649
0 21709
0 20786
0 21449
0 21539
0 21170
0 21682
0 23507
0 22510
0 22585
0 24519
0 24515
0 21121
0 21452
0 23717
0 22795
0 20879
0 21335
0 24017
0 22473
0 23820
0 23954
0 21847
0 23261
0 21886
0 21982
0 21480
0 21899
0 22734
0 22179
0 25548
0 23775
0 22637
0 23389
0 23403
0 22580
0 22551
0 22312
0 22683
0 22968
0 23117
0 21764
0 20906
0 22072
0 24507
0 21993
0 23790
0 21004
0 23339
0 22315
0 23401
0 23522
0 21304
0 22916
0 22083
0 22883
0 20963
0 22973
0 21602
0 23280
0 22580
0 22163
0 23378
0 24874
0 23271
0 20424
0 22524
0 24021
0 22240
0 22533
0 22498
0 22526
0 23784
0 22002
0 21872
0 23049
0 24286
0 20972
0 22334
0 22348
0 20990
0 23152
0 23596
0 22257
0 21709
0 22981
0 23671
0 23349
0 22338
0 22629
0 23048
0 23618
0 21986
0 23023
0 22430
0 23911
0 22673
0 22826
0 21634
0 20894
0 24311
0 22444
0 20899
0 22691
0 21530
0 22572
0 21510
0 21885
0 24544
0 23072
0 24280
0 23307
0 23687
0 21685
0 22351
0 23186
0 22038
0 22944
0 21544
0 23457
0 20734
0 22992
0 21098
0 21914
0 23335
0 24105
0 23334
0 22048
0 23739
0 22431
0 23457
0 21344
0 24024
0 22873
0 22909
0 22727
0 23492
0 23225
0 23679
0 22065
0 21146
0 21001
0 21460
0 23270
0 22337
0 21216
0 22961
0 23920
0 21826
0 22537
0 21857
0 22359
0 23222
0 22769
0 22787
0 23470
0 21362
0 21924
0 22860
0 20920
0 21148
0 23121
0 24446
0 23032
0 21617
0 23196
0 23554
0 23208
0 22762
0 22853
0 20342
0 21527
0 20886
0 23066
0 21493
0 23640
0 20505
0 21646
0 23310
0 22111
0 22727
0 21592
0 22962
0 22407
0 23675
0 24049
0 22237
0 22329
0 24163
0 20936
0 23938
0 24125
0 23345
0 22522
0 22417
0 22595
0 22883
0 23044
0 23034
0 22740
0 22064
0 23876
0 21395
0 23648
0 23530
0 21887
0 23670
0 23228
0 22536
0 22806
0 19926
0 21079
0 22661
0 20902
0 21619
0 20500
0 23225
0 23868
0 20439
0 22332
0 23838
0 22617
0 24620
0 23317
0 22747
0 22288
0 22534
0 24464
0 22015
0 22201
0 23678
0 24110
0 21443
0 21355
0 22568
0 23559
0 21421
0 22642
0 22302
0 23905
0 23421
0 22478
0 23238
0 23014
0 22595
0 22653
0 23213
0 24207
0 23519
0 21708
0 23464
0 21608
0 23532
0 22477
0 23936
0 22433
0 24032
0 20688
0 21419
0 22685
0 23505
0 21224
0 20802
0 22388
0 22147
0 23573
0 21543
0 21290
0 22781
0 22449
0 23190
0 23135
0 21772
0 19560
0 23262
0 22175
0 24110
0 22298
0 23571
0 22599
0 22092
0 23314
0 22957
0 25307
0 22308
0 22966
0 22584
0 22238
0 24099
0 22065
0 21197
0 21434
0 23851
0 24951
0 23101
0 21830
0 23352
0 21535
0 21214
0 23729
0 23665
0 23092
0 21698
0 23497
0 22582
0 21680
0 26206
0 21882
0 23005
0 23262
0 22640
0 20613
0 21559
0 22408
0 21815
0 22604
0 21805
0 25243
0 21813
0 22941
0 22662
0 23282
0 22682
0 22154
0 21095
0 24592
0 22503
0 22240
0 24854
0 23832
0 20890
0 22586
0 23415
0 22041
0 23730
0 21831
0 24800
0 22903
0 23810
0 21075
0 21179
0 22058
0 22897
0 22400
0 21717
0 22501
0 21342
0 21594
0 21627
0 22265
0 23895
0 24176
0 22876
0 20518
0 23133
0 22995
0 23659
0 23417
0 23291
0 22890
0 21343
0 22924
0 24213
0 24500
0 23424
0 24156
0 23067
0 22655
0 21886
0 23535
0 23865
0 23064
0 23476
0 23702
0 22426
0 22032
0 24729
0 21545
0 22304
0 23562
0 22055
0 22179
0 21325
0 21201
0 23196
0 22717
0 23106
0 21312
0 21257
0 22907
0 23232
0 24404
0 23685
0 21926
0 23040
0 22497
0 23925
0 22601
0 20823
0 23290
0 22372
0 21800
0 23447
0 23745
0 21318
0 23183
0 22770
0 22528
0 23192
0 20961
0 23451
0 24682
0 23646
0 24032
0 23476
0 23571
0 22554
0 21959
0 23276
0 23900
0 23781
0 22744
0 23796
0 23169
0 21168
0 24256
0 22114
0 21336
0 23498
0 22231
0 22616
0 21143
0 21371
0 23631
0 22869
0 22309
0 22360
0 21116
0 22024
0 23300
0 21897
0 23724
0 23109
0 24099
0 23507
0 22664
0 24097
0 23349
0 23858
0 23167
0 22817
0 23800
0 22737
0 24096
0 23044
0 20741
0 23425
0 22434
0 23082
0 23558
0 21121
0 22664
0 20337
0 23170
0 23287
0 22286
0 22492
0 20193
0 22182
0 20929
0 23251
0 22569
0 19404
0 23859
0 23969
0 24146
0 23516
0 20893
0 23285
0 21739
0 22790
0 22029
0 21092
0 22103
0 21724
0 30239
0 23125
0 23260
0 19745
0 22689
0 22648
0 23388
0 22276
0 23248
0 21181
0 20765
0 23247
0 21755
0 22648
0 22782
0 22165
0 23623
0 22158
0 21760
0 23172
0 23472
0 22979
0 23379
0 23131
0 23757
0 24282
0 21394
0 22550
0 22700
0 23745
0 22938
0 23000
0 21835
0 20376
0 21843
0 24646
0 21995
0 23654
0 23103
0 21298
0 22509
0 20684
0 20844
0 22260
0 23765
0 22524
0 23610
0 22900
0 22363
0 21222
0 23146
0 23131
0 23206
0 21337
0 21711
0 22518
0 22741
0 22549
0 21556
0 23354
0 21972
0 21162
0 22519
0 23990
0 23145
0 24725
0 22433
0 22690
0 21782
0 23533
0 22389
0 22232
0 21917
0 23093
0 23419
0 23828
0 21598
0 22842
0 23772
0 20790
0 22239
0 21860
0 22008
0 22402
0 23088
0 23449
0 21753
0 22105
0 22125
0 22262
0 21162
0 23834
0 24361
0 22555
0 22429
0 23660
0 22574
0 22578
0 24244
0 23720
0 22919
0 23305
0 23122
0 23191
0 23130
0 20218
0 22229
0 23590
0 23119
0 22361
0 22012
0 20255
0 22908
0 21595
0 22353
0 22214
0 20686
0 20967
0 23370
0 22899
0 22627
0 22244
0 23419
0 23137
0 21724
0 23679
0 22785
0 22335
0 23846
0 22699
0 22004
0 23266
0 23723
0 22142
0 22904
0 22624
0 23073
0 24060
0 23340
0 22892
0 24108
0 24117
0 21887
0 22982
0 21140
0 23301
0 21731
0 22106
0 22769
0 20785
0 24986
0 22854
0 22665
0 23332
0 22601
0 25170
0 21097
0 22940
0 21483
0 23574
0 21044
0 22960
0 21864
0 23706
0 22881
0 22952
0 21593
0 21401
0 22678
0 21910
0 22731
0 21856
0 22207
0 24848
0 21429
0 22429
0 23029
0 22609
0 20957
0 22198
0 23138
0 22891
0 21562
0 22482
0 21163
0 22678
0 23288
0 23201
0 23773
0 21667
0 23470
0 24055
0 24080
0 23623
0 22209
0 24229
0 21021
0 22705
0 21245
0 23372
0 24147
0 22756
0 22979
0 22874
0 22941
0 20380
0 23712
0 20898
0 22049
0 23443
0 24846
0 21296
0 21850
0 23351
0 23285
0 22956
0 20013
0 23678
0 23290
0 19443
0 24582
0 22703
0 22088
0 24349
0 22164
0 23913
0 23625
0 23421
0 22363
0 24356
0 22477
0 22297
0 23242
0 24104
0 23107
0 22424
0 21864
0 24679
0 23128
0 22186
0 22588
0 23470
0 22493
0 21914
0 21275
0 20443
0 22555
0 22692
0 22953
0 21638
0 22973
0 23428
0 24434
0 23434
0 24166
0 22481
0 22585
0 23091
0 23049
0 18850
0 19019
0 21975
0 22878
0 23744
0 21680
0 21335
0 23352
0 22658
0 21279
0 23380
0 21016
0 22663
0 21652
0 23041
0 21502
0 21320
0 23327
0 23619
0 22149
0 25029
0 21539
0 21857
0 22484
0 22798
0 22443
0 23134
0 19496
0 21925
0 23158
0 22785
0 24114
0 23197
0 23253
0 23250
0 22156
0 22955
0 23114
0 20537
0 23782
0 23191
0 22213
0 21694
0 22750
0 19257
0 23613
0 23131
0 26153
0 21877
0 23673
0 21708
0 20950
0 20775
0 22766
0 22295
0 22168
0 21365
0 21963
0 24663
0 21380
0 23249
0 21202
0 24333
0 19679
0 24567
0 21254
0 22893
0 23219
0 19597
0 21599
0 23217
0 24854
0 23369
0 20737
0 21732
0 25092
0 23836
0 23919
0 23265
0 21659
0 24085
0 24889
0 22660
0 22737
0 22706
0 21527
0 22253
0 23340
0 19432
0 23826
0 22480
0 23831
0 21316
0 22303
0 22816
0 25747
0 23317
0 22344
0 23094
0 23199
0 21720
0 20675
0 22623
0 20404
0 23560
0 21567
0 23345
0 22179
0 22552
0 22248
0 23031
0 21992
0 23362
0 21075
0 22682
0 24111
0 20787
0 21538
0 22158
0 24038
0 21139
0 20813
0 23369
0 23658
0 22704
0 21421
0 22341
0 20404
0 21300
0 21835
0 23306
0 22820
0 23728
0 21789
0 23608
0 24402
0 20965
0 22425
0 22923
0 22843
0 23047
0 22866
0 23850
0 20297
0 23586
0 20726
0 22400
0 21428
0 21630
0 23398
0 23196
0 22354
0 21504
0 22998
0 22338
0 22692
0 21340
0 23569
0 22333
0 23134
0 21704
0 23088
0 23248
0 23361
0 23207
0 23973
0 20194
0 22167
0 21023
0 22118
0 21333
0 22961
0 20568
0 21812
0 21405
0 22955
0 22515
0 23367
0 23612
0 21712
0 23498
0 23250
0 22588
0 23538
0 23657
0 22547
0 22317
0 22496
0 24699
0 24330
0 19751
0 22642
0 22097
0 18895
0 22461
0 22444
0 21905
0 22972
0 22383
0 23864
0 23950
0 22272
0 22419
0 23232
0 21268
0 20992
0 18398
0 23209
0 22732
0 22852
0 23033
0 22200
0 22727
0 22650
0 22913
0 22525
0 21953
0 23076
0 22877
0 22635
0 23514
0 23413
0 21711
0 22505
0 23660
0 23413
0 23574
0 23024
0 23375
0 23794
0 22991
0 22026
0 23456
0 23281
0 24867
0 23278
0 23575
0 23259
0 21437
0 22556
0 21017
0 22672
0 21563
0 23358
0 22588
0 23185
0 22715
0 20197
0 23151
0 21044
0 23781
0 21669
0 23092
0 21147
0 22658
0 23828
0 21984
0 21457
0 22412
0 23656
0 20769
0 22197
0 22040
0 23691
0 21689
0 24358
0 22710
0 23809
0 23982
0 23450
0 22802
0 22716
0 22797
0 21931
0 22443
0 24811
0 22301
0 21052
0 22051
0 21411
0 23283
0 21682
0 22601
0 23819
0 23940
0 22826
0 22525
0 21761
0 22610
0 22944
0 22365
0 23427
0 23019
0 21628
0 21626
0 22878
0 19582
0 24240
0 23937
0 22100
0 24029
0 23656
0 24248
0 23199
0 23201
0 21907
0 20723
0 24829
0 21750
0 22699
0 24287
0 23109
0 26074
0 22154
0 21849
0 21317
0 22518
0 25114
0 21564
0 22408
0 21777
0 22635
0 21418
0 23815
0 20739
0 22755
0 26578
0 23658
0 23102
0 20805
0 22127
0 23543
0 23227
0 20352
0 24178
0 23870
0 23054
0 22870
0 23043
0 22671
0 21520
0 22732
0 21395
0 23392
0 23956
0 22895
0 21351
0 22977
0 23882
0 22502
0 23204
0 20595
0 23560
0 23371
0 21864
0 22073
0 23342
0 22380
0 22887
0 22078
0 24122
0 21801
0 22532
0 22630
0 23315
0 22410
0 23465
0 22576
0 20954
0 21785
0 24378
0 21619
0 23413
0 21013
0 23051
0 23107
0 21453
0 21745
0 22571
0 21402
0 21876
0 23203
0 23136
0 22473
0 21112
0 21303
0 22996
0 22782
0 21744
0 23114
0 22778
0 23822
0 22993
0 22678
0 23157
0 23327
0 23460
0 22146
0 22796
0 21260
0 22146
0 23432
0 22128
0 22553
0 22504
0 22704
0 22790
0 22290
0 23083
0 23221
0 21814
0 23310
0 23216
0 21375
0 22631
0 24617
0 21272
0 23363
0 23682
0 23379
0 20661
0 25125
0 22387
0 22885
0 22820
0 23354
0 21488
0 23736
0 22513
0 23394
0 22819
0 22680
0 22026
0 19213
0 20439
0 21354
0 22158
0 23292
0 22070
0 23331
0 22967
0 21705
0 23666
0 24058
0 22389
0 22734
0 21796
0 21192
0 21183
0 20528
0 21743
0 23503
0 23466
0 21509
0 22990
0 21947
0 22339
0 22602
0 22129
0 22778
0 21448
0 20714
0 23325
0 23251
0 22977
0 21398
0 23494
0 22904
0 20273
0 23390
0 23313
0 23146
0 24114
0 22506
0 21986
0 23535
0 22295
0 21276
0 23946
0 23447
0 22796
0 24833
0 23338
0 22383
0 22890
0 21602
0 21165
0 23422
0 23524
0 22587
0 22512
0 22634
0 22933
0 22594
0 23247
0 21944
0 21968
0 22350
0 21727
0 22708
0 22223
0 21164
0 23061
0 22930
0 23679
0 23568
0 25799
0 21184
0 22740
0 23275
0 22174
0 24036
0 22894
0 23213
0 23316
0 21605
0 23407
0 22991
0 22723
0 23167
0 19963
0 21159
0 23660
0 21384
0 23556
0 22288
0 22078
0 22986
0 23155
0 22296
0 21715
0 20382
0 22974
0 23026
0 22851
0 22593
0 22313
0 22094
0 24524
0 24122
0 22403
0 24310
0 20675
0 23259
0 22075
0 23116
0 22821
0 22932
0 22892
0 23812
0 22758
0 23883
0 23325
0 21149
0 22136
0 22210
0 22363
0 21422
0 21838
0 22405
0 23083
0 22546
0 22954
0 22641
0 23062
0 23054
0 23172
0 21115
0 22455
0 22290
0 22483
0 20667
0 23885
0 23379
0 21989
0 24026
0 23895
0 22618
0 23876
0 23240
0 22717
0 23372
0 24034
0 21167
0 21096
0 22307
0 22355
0 22683
0 22095
0 23114
0 21247
0 22679
0 24169
0 22280
0 22954
0 22634
0 23047
0 24382
0 22257
0 18788
0 21745
0 22738
0 24107
0 23142
0 23618
0 24663
0 22068
0 23689
0 23593
0 23954
0 22625
0 22028
0 22181
0 23056
0 22514
0 22635
0 22700
0 22821
0 23800
0 22532
0 23751
0 21975
0 23524
0 23138
0 23790
0 22893
0 23593
0 23109
0 23156
0 20442
0 21114
0 21259
0 23837
0 22904
0 21771
0 23468
0 22977
0 24885
0 22688
0 21310
0 22401
0 23321
0 20814
0 24261
0 24216
0 22978
0 22675
0 21839
0 22624
0 22495
0 23018
0 24272
0 21186
0 23711
0 23509
0 20073
0 23195
0 23150
0 22003
0 21671
0 23120
0 22015
0 22766
0 24629
0 22151
0 20216
0 22268
0 22425
0 24021
0 23527
0 22700
0 21681
0 23287
0 21772
0 23495
0 24787
0 23756
0 20698
0 23777
0 22323
0 23092
0 22085
0 24408
0 22675
0 22500
0 20932
0 22354
0 18756
0 23532
0 23339
0 22079
0 24300
0 24137
0 22942
0 23407
0 23014
0 22996
0 23237
0 22359
0 22941
0 23887
0 22508
0 22097
0 22443
0 22624
0 23003
0 22552
0 22835
0 21531
0 23481
0 23001
0 21319
0 24279
0 22354
0 24294
0 23380
0 21999
0 22703
0 20502
0 23269
0 22869
0 22494
0 22708
0 21146
0 21114
0 22223
0 22802
0 22813
0 21540
0 23718
0 23362
0 20943
0 24164
0 22971
0 22477
0 24024
0 25969
0 23695
0 24031
0 22560
0 24088
0 22832
0 24289
0 23159
0 22372
0 22452
0 21143
0 22333
0 22678
0 22952
0 23305
0 22590
0 22779
0 20556
0 22967
0 23676
0 22291
0 24286
0 23414
0 23857
0 22115
0 25029
0 23498
0 23772
0 21247
0 22811
0 18790
0 20579
0 23061
0 23756
0 21581
0 21713
0 21736
0 21863
0 22952
0 22667
0 21441
0 23495
0 24194
0 22654
0 23624
0 21256
0 22977
0 21117
0 23472
0 22663
0 22239
0 22079
0 20505
0 22066
0 23858
0 20971
0 22780
0 23145
0 19052
0 22212
0 22161
0 22038
0 19713
0 22980
0 21686
0 20511
0 23919
0 23292
0 22466
0 24811
0 22219
0 23106
0 21935
0 21443
0 20108
0 21673
0 20777
0 22818
0 24043
0 22693
0 23956
0 22290
0 20995
0 22802
0 22687
0 21438
0 22243
0 22235
0 22011
0 21789
0 21630
0 23366
0 24237
0 21640
0 21104
0 23033
0 22702
0 23717
0 22761
0 24051
0 22504
0 24005
0 22491
0 21063
0 20926
0 23994
0 24279
0 21224
0 23679
0 22692
0 24317
0 23030
0 23193
0 21996
0 23550
0 23977
0 23451
0 23129
0 22137
0 23450
0 22686
0 21778
0 24415
0 23651
0 21478
0 25177
0 22884
0 24112
0 22054
0 22431
0 24533
0 24213
0 21427
0 23455
0 22903
0 21344
0 24145
0 24659
0 23933
0 23080
0 19809
0 21624
0 20366
0 23803
0 23444
0 23864
0 22101
0 25556
0 22572
0 23823
0 22554
0 22850
0 22993
0 23266
0 21063
0 23382
0 22422
0 21774
0 24395
0 23224
0 21917
0 24014
0 22832
0 23450
0 22474
0 24589
0 21750
0 21414
0 21715
0 24490
0 22357
0 22176
0 22846
0 22646
0 21962
0 22209
0 23525
0 20123
0 23611
0 21775
0 23392
0 21680
0 20594
0 20230
0 23027
0 25038
0 23184
0 22063
0 22982
0 24455
0 22245
0 22074
0 22777
0 23487
0 22128
0 21792
0 22645
0 23309
0 22576
0 23752
0 22417
0 24468
0 20979
0 24227
0 21034
0 23316
0 23721
0 23539
0 20998
0 22657
0 23432
0 22619
0 22528
0 21425
0 20871
0 23318
0 23989
0 23009
0 21565
0 23668
0 23475
0 21894
0 22666
0 23244
0 22905
0 24135
0 22464
0 22056
0 24668
0 22538
0 23466
0 22566
0 23516
0 20942
0 21688
0 22616
0 21954
0 25314
0 24363
0 22553
0 21492
0 23394
0 23013
0 22259
0 21530
0 22772
0 21801
0 22738
0 22057
0 19160
0 21101
0 20571
0 23650
0 22180
0 22466
0 21814
0 22694
0 22896
0 24617
0 22767
0 22470
0 21823
0 21711
0 22708
0 23932
0 22167
0 22766
0 23047
0 22879
0 22870
0 21249
0 22950
0 22451
0 19711
0 23590
0 23286
0 23325
0 22737
0 20657
0 23975
0 23204
0 22367
0 24040
0 23388
0 23643
0 21849
0 23681
0 23152
0 22858
0 20320
0 22554
0 22924
0 24606
0 22484
0 23203
0 22502
0 24687
0 22250
0 21157
0 22233
0 22003
0 23965
0 21681
0 22967
0 24549
0 21273
0 21824
0 23290
0 22541
0 21861
0 22638
0 21340
0 23801
0 23755
0 22562
0 23466
0 24437
0 22377
0 22618
0 22854
0 22011
0 22119
0 21308
0 21958
0 22358
0 21935
0 23113
0 22318
0 21733
0 20590
0 20589
0 22260
0 24416
0 22669
0 20915
0 22194
0 23359
0 23350
0 23336
0 21682
0 22592
0 22968
0 23105
0 24541
0 23123
0 23157
0 22487
0 22405
0 22788
0 21792
0 23044
0 21928
0 21531
0 21870
0 22303
0 24288
0 23144
0 23219
0 23338
0 22967
0 22711
0 22351
0 22980
0 23225
0 22411
0 22879
0 22585
0 23324
0 21862
0 23891
0 23505
0 18923
0 23303
0 22022
0 23742
0 22327
0 23698
0 24945
0 22619
0 23511
0 23981
0 23692
0 22855
0 21947
0 21941
0 24430
0 22988
0 22566
0 21864
0 22004
0 23446
0 23313
0 22876
0 23801
0 23237
0 21672
0 23435
0 22230
0 22704
0 23243
0 22952
0 22715
0 21131
0 20715
0 23434
0 24023
0 21325
0 23108
0 24027
0 20929
0 22001
0 22352
0 22400
0 24066
0 23722
0 22072
0 23110
0 21466
0 25304
0 22838
0 21240
0 24344
0 21593
0 23252
0 24269
0 23175
0 22150
0 22887
0 23742
0 22299
0 23511
0 20427
0 24216
0 23556
0 24354
0 21376
0 23052
0 23130
0 22541
0 20702
0 22772
0 23333
0 23534
0 23777
0 23211
0 21341
0 22427
0 22704
0 23554
0 22285
0 23274
0 21247
0 21366
0 22147
0 22052
0 23319
0 23881
0 22387
0 21455
0 22377
0 22843
0 21159
0 21636
0 23753
0 23357
0 24375
0 23376
0 20973
0 23523
0 21746
0 22294
0 23636
0 21430
0 22544
0 23805
0 22717
0 23354
0 23873
0 21537
0 22812
0 24109
0 20956
0 23390
0 22606
0 22260
0 22383
0 20003
0 22845
0 23324
0 24870
0 22809
0 22868
0 20471
0 22907
0 22417
0 22971
0 21509
0 20981
0 22858
0 24228
0 22738
0 21573
0 22108
0 24256
0 22358
0 22050
0 22701
0 23520
0 22906
0 24357
0 20185
0 23942
0 22812
0 23334
0 22414
0 20825
0 22964
0 22922
0 20216
0 22524
0 21549
0 23748
0 22083
0 20796
0 21857
0 23437
0 19512
0 23253
0 22814
0 20541
0 22659
0 22947
0 21581
0 22910
0 23175
0 23699
0 21989
0 23660
0 23953
0 22892
0 22977
0 22364
0 22859
0 24397
0 18853
0 22880
0 22093
0 22468
0 22116
0 22239
0 22515
0 22867
0 22674
0 21368
0 20839
0 22966
0 20801
0 21273
0 22099
0 21356
0 22230
0 22833
0 22429
0 21917
0 22543
0 25427
0 23450
0 23307
0 23851
0 20826
0 22011
0 21601
0 21455
0 21689
0 21511
0 22454
0 22849
0 21362
0 21584
0 19408
0 22324
0 22271
0 23604
0 21455
0 21198
0 22151
0 21632
0 21968
0 22958
0 22988
0 22263
0 22428
0 20528
0 22457
0 21913
0 23127
0 22258
0 23458
0 24474
0 23173
0 22846
0 23355
0 24832
0 21423
0 22365
0 21761
0 22723
0 23000
0 22728
0 21462
0 22175
0 21555
0 22790
0 22932
0 23105
0 22125
0 20560
0 23766
0 22273
0 22850
0 23815
0 21903
0 23720
0 23438
0 21984
0 21909
0 23005
0 22616
0 24432
0 22009
0 22002
0 22694
0 22681
0 21977
0 20177
0 23916
0 22747
0 23653
0 23041
0 23845
0 23422
0 24532
0 23285
0 22849
0 24078
0 22790
0 21502
0 22001
0 22174
0 23595
0 22999
0 23433
0 22900
0 23356
0 20457
0 24291
0 23277
0 20819
0 23240
0 21924
0 20566
0 22325
0 23382
0 21658
0 22122
0 22479
0 23717
0 24555
0 22841
0 23448
0 21838
0 21986
0 22291
0 23667
0 22490
0 22698
0 20911
0 22357
0 22798
0 24666
0 23469
0 22742
0 24426
0 23279
0 23879
0 21172
0 23015
0 22777
0 22053
0 24448
0 22413
0 21523
0 24220
0 23102
0 24354
0 22619
0 22122
0 21672
0 22576
0 21596
0 20839
0 22435
0 24372
0 22562
0 23505
0 22884
0 22966
0 23662
0 23317
0 23719
0 22995
0 25769
0 21122
0 23063
0 22813
0 22332
0 22248
0 24806
0 23507
0 23237
0 23203
0 22479
0 23713
0 22103
0 21849
0 22820
0 20898
0 22301
0 22876
0 20084
0 22256
0 22554
0 22569
0 23626
0 22382
0 22120
0 22978
0 23042
0 22268
0 21331
0 22901
0 24380
0 22738
0 22317
0 23913
0 22593
0 21498
0 23694
0 22207
0 22651
0 21656
0 22131
0 22448
0 21941
0 23190
0 25095
0 22588
0 21968
0 21864
0 22887
0 21942
0 22375
0 23790
0 22408
0 21510
0 21261
0 20366
0 22687
0 23885
0 22797
0 23036
0 22735
0 21883
0 18395
0 22204
0 21095
0 21766
0 21423
0 22549
0 23839
0 23198
0 22226
0 22765
0 22293
0 22701
0 22183
0 23354
0 23586
0 21197
0 23981
0 23797
0 20676
0 22818
0 22841
0 23418
0 22941
0 22902
0 20578
0 22437
0 21544
0 23966
0 23325
0 24350
0 21549
0 23096
0 23045
0 23380
0 23499
0 21500
0 23834
0 19118
0 22603
0 22866
0 22586
0 23248
0 22783
0 23051
0 20331
0 22900
0 23955
0 23217
0 22081
0 23495
0 21051
0 23098
0 22259
0 21983
0 22160
0 23585
0 22359
0 22269
0 23262
0 24073
0 21902
0 21281
0 23968
0 25411
0 22178
0 21249
0 22257
0 22215
0 22317
0 22698
0 22241
0 22740
0 23944
0 23102
0 22044
0 19897
0 22387
0 21480
0 20164
0 22044
0 22265
0 22965
0 23738
0 21149
0 24098
0 22298
0 22960
0 22519
0 22950
0 22889
0 21998
0 22455
0 23725
0 23817
0 22822
0 22912
0 22019
0 21752
0 22001
0 24119
0 23907
0 22635
0 22358
0 23027
0 23155
0 24599
0 22230
0 20839
0 23501
0 22900
0 22573
0 22722
0 22624
0 22125
0 22224
0 21634
0 20072
0 20688
0 22368
0 20988
0 21468
0 23103
0 22217
0 22217
0 21569
0 21344
0 23742
0 21410
0 22246
0 22801
0 24292
0 20300
0 23297
0 23242
0 22736
0 19577
0 24121
0 24306
0 22477
0 22382
0 22650
0 22525
0 22918
0 24289
0 22411
0 22051
0 24012
0 22235
0 21698
0 20208
0 21714
0 22290
0 22382
0 22000
0 22677
0 23491
0 23821
0 23307
0 22763
0 23012
0 24051
0 24538
0 21789
0 24141
0 22973
0 23413
0 24009
0 22878
0 21063
0 23708
0 24092
0 22898
0 22960
0 20799
0 22565
0 22666
0 23520
0 24667
0 21745
0 23316
0 23322
0 22219
0 23102
0 23024
0 22872
0 23837
0 21121
0 23209
0 22816
0 22051
0 21353
0 21738
0 21726
0 23214
0 22396
0 21696
0 21429
0 23757
0 24578
0 22843
0 23528
0 23125
0 23523
0 22926
0 20870
0 22802
0 24338
0 23127
0 23218
0 23447
0 22868
0 23060
0 22745
0 23751
0 21667
0 22741
0 23103
0 21305
0 22818
0 24013
0 23155
0 21841
0 21999
0 22776
0 23058
0 23982
0 23867
0 23430
0 23139
0 22137
0 22590
0 22135
0 23964
0 23496
0 23173
0 22258
0 24074
0 23424
0 23659
0 22016
0 21106
0 24705
0 24964
0 22425
0 22476
0 23951
0 22977
0 22897
0 22060
0 19892
0 20476
0 22885
0 22546
0 23374
0 23823
0 22482
0 23275
0 23991
0 21009
0 24002
0 23701
0 24077
0 21797
0 23102
0 24202
0 23636
0 22724
0 22485
0 21844
0 23515
0 23186
0 22035
0 19859
0 23263
0 23960
0 22258
0 22922
0 23384
0 23128
0 22202
0 21290
0 22677
0 22755
0 21742
0 22225
0 23558
0 22215
0 24548
0 21736
0 22655
0 21445
0 22424
0 22832
0 24996
0 24081
0 22937
0 22473
0 22484
0 22371
0 22702
0 22719
0 22727
0 22508
0 22486
0 20421
0 22996
0 22302
0 22728
0 22380
0 23766
0 20674
0 22872
0 22402
0 22228
0 23127
0 22495
0 26824
0 23098
0 23155
0 21698
0 22289
0 21963
0 22820
0 22488
0 22409
0 23173
0 22246
0 24458
0 22460
0 22669
0 22283
0 24038
0 22724
0 24081
0 23569
0 23368
0 24623
0 22369
0 22523
0 22408
0 24732
0 23741
0 22414
0 23337
0 22024
0 23435
0 22443
0 18434
0 24138
0 25295
0 21793
0 21036
0 23074
0 22891
0 20700
0 22904
0 21088
0 23525
0 24029
0 22099
0 22785
0 21031
0 23043
0 21925
0 23628
0 22008
0 22775
0 23341
0 22864
0 22429
0 22885
0 21626
0 23822
0 23154
0 23151
0 22934
0 24216
0 23278
0 23525
0 23352
0 23801
0 22831
0 23425
0 23805
0 23733
0 22520
0 23341
0 21059
0 21811
0 24032
0 23011
0 24093
0 23965
0 22657
0 21891
0 19329
0 24022
0 22054
0 23424
0 20930
0 21801
0 23741
0 24347
0 22783
0 22501
0 24302
0 23117
0 22420
0 21641
0 21840
0 22384
0 23109
0 23386
0 22886
0 23389
0 20382
0 24202
0 22513
0 22183
0 21849
0 22936
0 22177
0 22750
0 20919
0 23318
0 22968
0 21271
0 22447
0 22322
0 22282
0 23288
0 22612
0 22593
0 23844
0 24924
0 22888
0 22523
0 22846
0 22095
0 23209
0 21013
0 23497
0 22670
0 20932
0 23483
0 23215
0 23050
0 22398
0 38692
0 22666
0 22545
0 21824
0 22824
0 20817
0 23074
0 23012
0 22655
0 23765
0 22631
0 21692
0 22014
0 23306
0 21951
0 22062
0 22259
0 21081
0 21893
0 24118
0 21120
0 22723
0 23390
0 23655
0 22519
0 22569
0 21762
0 21755
0 22804
0 22505
0 21108
0 23674
0 23162
0 21605
0 20888
0 23913
0 21671
0 23168
0 22999
0 22927
0 23650
0 25631
0 23909
0 22442
0 24571
0 21845
0 21680
0 22243
0 23685
0 23442
0 22503
0 22697
0 22041
0 22195
0 22129
0 22977
0 23938
0 23731
0 23909
0 22193
0 22286
0 20872
0 21467
0 22513
0 22665
0 21987
0 23449
0 22868
0 20976
0 21874
0 22744
0 21855
0 22222
0 21957
0 23533
0 23768
0 22950
0 23496
0 24858
0 22728
0 24297
0 21807
0 22532
0 22100
0 22476
0 23009
0 23438
0 24164
0 23207
0 21149
0 22804
0 22820
0 23470
0 21646
0 22922
0 21914
0 21965
0 23500
0 21489
0 22039
0 23649
0 22844
0 22063
0 20891
0 20222
0 20269
0 22666
0 21937
0 23557
0 22408
0 23366
0 24249
0 21463
0 20215
0 23732
0 21633
0 23161
0 23909
0 23706
0 23092
0 23164
0 22250
0 22094
0 20227
0 23619
0 22729
0 22157
0 23384
0 21452
0 23259
0 22875
0 25265
0 22880
0 23933
0 23368
0 22733
0 23149
0 22577
0 20328
0 22949
0 23807
0 23318
0 23641
0 23571
0 22813
0 21700
0 22242
0 22847
0 22484
0 23468
0 21570
0 21821
0 22544
0 23922
0 22801
0 21573
0 22111
0 22938
0 21767
0 22703
0 21762
0 22277
0 22281
0 23891
0 22197
0 22458
0 21038
0 23691
0 22129
0 22465
0 20444
0 22268
0 23215
0 21494
0 22610
0 22556
0 23766
0 23202
0 22331
0 23147
0 21591
0 24373
0 21574
0 22589
0 20560
0 23113
0 23638
0 22129
0 24028
0 22675
0 21053
0 22137
0 20498
0 22379
0 22966
0 22491
0 23077
0 23011
0 22210
0 21877
0 23413
0 23622
0 22633
0 23166
0 22733
0 20370
0 21740
0 23993
0 22753
0 23949
0 23767
0 22904
0 22945
0 21353
0 23953
0 21468
0 24425
0 21846
0 23332
0 23417
0 23206
0 22684
0 21949
0 23333
0 21422
0 22685
0 23465
0 22716
0 20847
0 21706
0 22535
0 22707
0 22960
0 22962
0 21836
0 22145
0 23195
0 21984
0 23556
0 22158
0 20566
0 23571
0 22839
0 23664
0 21775
0 23034
0 20932
0 22680
0 20814
0 23348
0 22184
0 22408
0 23580
0 23710
0 23064
0 22402
0 23139
0 23368
0 23379
0 24542
0 22464
0 23577
0 21501
0 21570
0 22408
0 21708
0 22345
0 22011
0 22393
0 23271
0 21910
0 22946
0 23574
0 23516
0 23862
0 23048
0 23491
0 23216
0 22634
0 24317
0 19959
0 23248
0 24844
0 22020
0 23474
0 23292
0 23142
0 22909
0 22560
0 23525
0 24040
0 21736
0 24818
0 23456
0 23209
0 21865
0 22527
0 21976
0 22498
0 22194
0 22486
0 21421
0 23376
0 22138
0 21068
0 23742
0 22586
0 24233
0 24569
0 24341
0 23017
0 23057
0 24300
0 21935
0 21538
0 21791
0 20232
0 23740
0 22935
0 20374
0 23026
0 25292
0 24644
0 22683
0 26175
0 24373
0 21533
0 23421
0 22625
0 22192
0 23942
0 21815
0 21612
0 21837
0 22581
0 21327
0 20905
0 23115
0 24315
0 21231
0 22693
0 22902
0 21167
0 23595
0 23292
0 21179
0 22726
0 20255
0 21958
0 24226
0 22425
0 24631
0 20459
0 19527
0 23572
0 23435
0 23251
0 21526
0 21818
0 23503
0 22518
0 21409
0 21736
0 23613
0 23865
0 20664
0 23029
0 21752
0 24587
0 23862
0 23058
0 22298
0 21625
0 19992
0 22347
0 23022
0 21574
0 20447
0 22548
0 21391
0 23849
0 23587
0 23956
0 21589
0 22749
0 23089
0 21954
0 23153
0 22468
0 23787
0 22557
0 23658
0 23174
0 23155
0 22193
0 23273
0 22118
0 23034
0 23220
0 22588
0 22374
0 21564
0 21638
0 23001
0 23278
0 21412
0 24599
0 20566
0 22499
0 23120
0 21743
0 23232
0 21819
0 23051
0 21621
0 23702
0 23917
0 21277
0 23864
0 22233
0 23252
0 22424
0 23749
0 23296
0 22288
0 21105
0 24369
0 22135
0 23535
0 22250
0 24026
0 22564
0 21721
0 23518
0 20781
0 23023
0 23067
0 24215
0 23621
0 24143
0 22403
0 23873
0 22259
0 22574
0 22481
0 21285
0 21128
0 22102
0 24117
0 23421
0 23452
0 22294
0 22792
0 19763
0 22810
0 21491
0 22529
0 22716
0 22257
0 22940
0 23069
0 20863
0 24101
0 22654
0 22775
0 21565
0 21904
0 22828
0 21971
0 23368
0 24010
0 22921
0 23026
0 23343
0 23408
0 24207
0 23140
0 23761
0 21601
0 22631
0 22899
0 23796
0 22667
0 21683
0 23170
0 21995
0 21777
0 22585
0 22918
0 23915
0 23920
0 22901
0 23159
0 23098
0 22619
0 22592
0 23401
0 22725
0 21731
0 22675
0 22895
0 22927
0 22434
0 24179
0 21577
0 23491
0 22913
0 22548
0 21389
0 22417
0 21081
0 23818
0 22590
0 21454
0 22958
0 20764
0 22146
0 22389
0 21740
0 20499
0 22430
0 22326
0 22605
0 19425
0 24209
0 22295
0 23321
0 21613
0 21308
0 20916
0 22093
0 23713
0 22777
0 22522
0 23196
0 22462
0 20611
0 22617
0 21770
0 23844
0 24251
0 23124
0 21351
0 23002
0 21826
0 23261
0 21176
0 22557
0 21127
0 20791
0 22605
0 23666
0 22068
0 23662
0 20953
0 22254
0 22651
0 22611
0 25792
0 22376
0 21984
0 21023
0 23027
0 23889
0 21655
0 22583
0 24171
0 22846
0 23233
0 23621
0 22250
0 23152
0 21950
0 22976
0 22872
0 22974
0 24176
0 23850
0 23919
0 19834
0 22982
0 23452
0 21636
0 19811
0 22746
0 23446
0 20791
0 23252
0 22847
0 19948
0 23726
0 23390
0 24635
0 21374
0 23656
0 25840
0 21722
0 23369
0 23054
0 22318
0 22628
0 24210
0 24062
0 23343
0 22168
0 22094
0 21713
0 20469
0 21355
0 23069
0 19970
0 20353
0 22896
0 25138
0 22373
0 23521
0 21864
0 23606
0 23057
0 21521
0 23020
0 21717
0 21629
0 23637
0 22388
0 22199
0 22295
0 23318
0 23454
0 23545
0 23396
0 22058
0 24305
0 21752
0 23098
0 23319
0 23177
0 23562
0 20452
0 23138
0 22068
0 22453
0 23319
0 21639
0 23399
0 23915
0 21294
0 23165
0 23665
0 21632
0 21610
0 24534
0 24161
0 22096
0 24289
0 23041
0 22207
0 24084
0 23522
0 23939
0 23013
0 23613
0 20523
0 23497
0 22816
0 23635
0 21315
0 21950
0 23244
0 24446
0 22629
0 20900
0 22883
0 22584
0 21338
0 23823
0 23199
0 22871
0 24767
0 22371
0 22072
0 22255
0 23081
0 20769
0 23158
0 24675
0 21156
0 21911
0 24274
0 22908
0 22346
0 23805
0 24084
0 20376
0 21658
0 23594
0 22368
0 22574
0 24018
0 21218
0 20949
0 21415
0 22861
0 22623
0 23475
0 22805
0 22446
0 22038
0 21236
0 23983
0 22376
0 21715
0 22546
0 23082
0 23767
0 21270
0 22381
0 23777
0 23851
0 23555
0 21715
0 20455
0 24859
0 20685
0 21897
0 21239
0 22757
0 19612
0 23899
0 23205
0 20520
0 22926
0 21859
0 22065
0 21963
0 21915
0 20947
0 24598
0 23929
0 24143
0 24236
0 21217
0 22490
0 20275
0 21075
0 24122
0 22436
0 24039
0 21135
0 22899
0 22986
0 22506
0 23229
0 23454
0 24452
0 24948
0 22970
0 23755
0 22928
0 23573
0 22787
0 21984
0 21280
0 23784
0 22209
0 21758
0 23276
0 20828
0 21982
0 22934
0 22746
0 23999
0 23459
0 24256
0 22440
0 21123
0 22732
0 22522
0 22913
0 23581
0 23983
0 20319
0 22918
0 22030
0 25018
0 22089
0 20730
0 21149
0 22883
0 23936
0 25047
0 23476
0 22821
0 22914
0 24174
0 21661
0 23572
0 23554
0 24148
0 22712
0 21235
0 22432
0 23310
0 22267
0 24548
0 22172
0 23233
0 23309
0 23424
0 21044
0 22408
0 23012
0 23091
0 21782
0 22790
0 22619
0 22918
0 23368
0 24122
0 25033
0 24137
0 22757
0 23769
0 22087
0 24070
0 22760
0 22320
0 22946
0 23429
0 23138
0 23884
0 22226
0 23181
0 23132
0 22904
0 22163
0 22201
0 23008
0 23404
0 23963
0 22834
0 22464
0 22848
0 21885
0 23987
0 24294
0 22492
0 23632
0 20923
0 22764
0 22010
0 23481
0 22155
0 22446
0 22534
0 22460
0 24189
0 22053
0 21608
0 22288
0 21784
0 23412
0 22464
0 20719
0 21613
0 21765
0 21349
0 20298
0 22856
0 24137
0 23219
0 23598
0 23768
0 19734
0 20690
0 23948
0 21573
0 21388
0 21676
0 23941
0 22380
0 22691
0 22587
0 20783
0 20216
0 23139
0 22326
0 24636
0 22859
0 22097
0 23034
0 22332
0 24617
0 22519
0 21642
0 22915
0 20977
0 21094
0 24809
0 23806
0 24972
0 23144
0 21682
0 21709
0 22607
0 20775
0 22575
0 22069
0 25158
0 21387
0 23506
0 23293
0 22907
0 23241
0 20738
0 23529
0 22218
0 24712
0 22249
0 24048
0 21867
0 23080
0 22905
0 23330
0 22249
0 22385
0 21306
0 23294
0 22531
0 20925
0 23192
0 21541
0 22237
0 23269
0 23129
0 22737
0 23457
0 22890
0 23888
0 21570
0 22678
0 23692
0 21807
0 23206
0 23849
0 19265
0 22730
0 25056
0 21206
0 23498
0 21796
0 22688
0 22117
0 22991
0 24659
0 22345
0 22263
0 21927
0 22979
0 24034
0 21715
0 23603
0 21254
0 23603
0 21686
0 21156
0 24168
0 22723
0 22910
0 23545
0 24489
0 21760
0 22119
0 22075
0 24326
0 23365
0 20912
0 22451
0 23233
0 22607
0 21970
0 23310
0 21966
0 24175
0 22195
0 22884
0 23178
0 22252
0 20015
0 23839
0 23318
0 22541
0 22737
0 23152
0 21010
0 21723
0 22522
0 23559
0 21727
0 22328
0 22542
0 22148
0 23929
0 23341
0 21072
0 23281
0 21663
0 22909
0 22833
0 23135
0 22737
0 23443
0 20706
0 23476
0 22932
0 23767
0 23544
0 23394
0 23007
0 20340
0 21830
0 23323
0 23179
0 20821
0 21866
0 23987
0 22205
0 22862
0 22864
0 22576
0 21261
0 23539
0 24344
0 23717
0 22000
0 22757
0 25362
0 22422
0 22409
0 23642
0 23611
0 22368
0 21957
0 23914
0 23891
0 23333
0 22682
0 22327
0 20328
0 21861
0 23284
0 22500
0 23549
0 22539
0 22467
0 22778
0 23369
0 21458
0 22865
0 23082
0 21991
0 22626
0 23463
0 20678
0 23115
0 23818
0 22791
0 22442
0 21345
0 23123
0 20488
0 22423
0 21572
0 23220
0 23710
0 23219
0 23746
0 21682
0 22180
0 22528
0 23061
0 23900
0 23685
0 21847
0 21458
0 23101
0 23223
0 22573
0 22386
0 22592
0 22562
0 22278
0 21423
0 22393
0 21675
0 22614
0 23215
0 21402
0 22061
0 23757
0 22597
0 24394
0 24238
0 23929
0 21911
0 22239
0 22790
0 19800
0 23230
0 23297
0 22993
0 23015
0 23494
0 22143
0 23534
0 22547
0 22050
0 22917
0 23417
0 22143
0 23343
0 22741
0 22257
0 21226
0 24068
0 24159
0 22540
0 22701
0 22728
0 22801
0 22050
0 21599
0 23168
0 22124
0 22468
0 24970
0 24219
0 23033
0 23580
0 20870
0 21424
0 22899
0 22530
0 22555
0 23100
0 23156
0 22708
0 25350
0 23499
0 23143
0 24717
0 22236
0 23134
0 23279
0 24116
0 21968
0 22542
0 22868
0 24093
0 24351
0 21994
0 24798
0 23232
0 23187
0 22864
0 22843
0 23364
0 25875
0 24736
0 23871
0 23524
0 19838
0 22892
0 23487
0 20519
0 24485
0 24667
0 20534
0 23793
0 21637
0 23797
0 23837
0 22563
0 22880
0 23947
0 24419
0 19362
0 24267
0 21746
0 22947
0 22646
0 23677
0 22764
0 22211
0 22172
0 22353
0 22275
0 21736
0 23485
0 22670
0 22233
0 21633
0 22899
0 22716
0 22661
0 24196
0 22035
0 23105
0 23448
0 23236
0 21864
0 22514
0 22514
0 22115
0 22608
0 24745
0 23687
0 22377
0 23868
0 20290
0 22748
0 23218
0 22300
0 22393
0 21321
0 23131
0 21530
0 23331
0 23936
0 21793
0 21934
0 22497
0 23348
0 22600
0 21898
0 21728
0 22315
0 21698
0 21978
0 23036
0 22803
0 22931
0 23199
0 23113
0 23502
0 22243
0 22286
0 23826
0 21031
0 22526
0 21403
0 22644
0 20259
0 25146
0 21201
0 21683
0 22314
0 23993
0 20656
0 23524
0 22575
0 21429
0 24299
0 22801
0 23855
0 21696
0 22745
0 22246
0 22580
0 23438
0 25465
0 20683
0 23821
0 22266
0 20308
0 23809
0 21588
0 23975
0 22189
0 23594
0 22602
0 20398
0 23954
0 23038
0 20419
0 22861
0 22977
0 23314
0 23867
0 22363
0 22946
0 21639
0 23123
0 22177
0 23480
0 21606
0 22992
0 23598
0 22810
0 23558
0 21505
0 22395
0 21587
0 22821
0 22742
0 21871
0 23406
0 21995
0 20571
0 22925
0 20351
0 22220
0 22660
0 22053
0 22716
0 22091
0 24279
0 22013
0 23632
0 20512
0 23308
0 21671
0 23071
0 22840
0 22492
0 20734
0 22071
0 24068
0 21940
0 23619
0 23206
0 23277
0 21782
0 23068
0 22999
0 22617
0 22344
0 25405
0 21908
0 21993
0 23043
0 23509
0 22751
0 22840
0 23703
0 21336
0 21915
0 23021
0 23111
0 21924
0 22202
0 22357
0 23957
0 22209
0 20419
0 22203
0 22994
0 22526
0 20968
0 23291
0 22416
0 20644
0 23447
0 24160
0 22354
0 22436
0 20837
0 22989
0 19376
0 22995
0 24044
0 23596
0 22678
0 24366
0 23501
0 23373
0 22692
0 22044
0 23754
0 22841
0 21846
0 23234
0 22094
0 21770
0 25555
0 22561
0 22017
0 21514
0 23934
0 23008
0 21093
0 22620
0 24020
0 21560
0 18684
0 20808
0 23274
0 22348
0 22286
0 23603
0 21312
0 23167
0 21293
0 24560
0 22678
0 23150
0 22934
0 24473
0 22802
0 23648
0 24450
0 22078
0 22359
0 23260
0 21092
0 23794
0 22589
0 22052
0 21643
0 22714
0 22779
0 22549
0 22485
0 20811
0 21823
0 23470
0 22633
0 21972
0 22291
0 23949
0 23937
0 22188
0 22666
0 23414
0 21121
0 20440
0 23260
0 23077
0 22587
0 23682
0 20848
0 24210
0 22577
0 20205
0 22899
0 23281
0 23937
0 22779
0 23985
0 22256
0 22669
0 23011
0 23549
0 22452
0 23112
0 22742
0 23678
0 22085
0 24131
0 22201
0 22378
0 21662
0 23317
0 22978
0 23116
0 21541
0 22541
0 22927
0 22429
0 21565
0 22028
0 23468
0 22469
0 22709
0 21462
0 23114
0 23686
0 24201
0 23563
0 23322
0 22439
0 20403
0 20741
0 23040
0 23414
0 22613
0 23947
0 23265
0 23369
0 22610
0 22846
0 22853
0 22928
0 24650
0 23191
0 23789
0 22232
0 22138
0 20580
0 23408
0 21348
0 22123
0 21438
0 21862
0 20913
0 22862
0 23044
0 22352
0 21500
0 24096
0 20665
0 22481
0 22943
0 22632
0 22267
0 23485
0 22615
0 21845
0 22034
0 22567
0 22403
0 23341
0 22400
0 23159
0 22364
0 22313
0 23844
0 23714
0 21400
0 21099
0 20612
0 21446
0 21724
0 22229
0 21583
0 22807
0 24683
0 22978
0 21014
