# SA for random K-SAT
# K = 3   N = 512   M = 1920   seed = 1456567052
# alpha = 3.750000   nIter = 512  Tmax = 0.200000
# 1:lowestUnsat  2:runTime
0 67
0 22
0 101
1 512
1 512
0 81
0 168
0 39
0 31
0 68
0 122
0 83
0 118
0 122
1 512
0 198
0 52
1 512
0 163
0 29
0 67
0 68
0 74
0 66
0 78
0 38
0 21
0 89
0 451
0 60
0 29
0 511
0 44
0 28
0 213
0 138
0 63
0 162
0 232
0 202
0 51
0 80
0 327
0 266
0 101
0 91
0 79
0 70
0 92
1 512
0 24
0 42
0 160
0 94
0 119
0 182
0 79
0 222
0 119
0 152
0 247
1 512
0 53
1 512
0 243
0 201
0 175
0 118
0 27
0 133
0 65
0 149
0 117
0 19
0 162
1 512
0 196
0 61
0 105
1 512
1 512
0 40
0 58
0 80
0 143
0 196
0 51
0 47
0 260
0 46
0 64
0 193
0 77
0 31
0 375
0 57
0 29
0 230
0 217
0 137
1 512
0 70
0 94
0 110
0 163
0 66
0 132
1 512
0 111
0 477
0 44
0 56
0 118
0 137
0 511
0 44
0 128
0 167
0 125
0 91
0 45
0 85
0 229
0 90
0 91
0 152
0 78
0 61
0 29
0 123
0 485
2 512
0 195
0 72
0 439
0 101
0 43
0 99
0 284
0 19
0 30
1 512
0 65
0 107
1 512
0 144
0 199
0 152
1 512
0 109
1 512
0 100
0 467
0 70
0 123
0 146
0 47
0 54
0 98
0 93
0 63
0 77
0 334
0 222
0 218
0 174
0 405
1 512
0 35
0 248
0 67
0 53
0 99
0 50
0 101
0 202
1 512
0 59
0 40
1 512
0 49
0 48
1 512
0 256
0 291
0 145
0 55
0 30
1 512
0 47
0 42
0 101
0 150
0 246
0 195
0 28
0 92
0 32
0 90
0 108
0 235
0 167
0 112
0 194
1 512
0 73
0 410
1 512
0 207
0 224
0 25
0 116
0 66
0 128
0 46
1 512
0 122
0 52
0 54
0 184
0 101
0 51
0 38
1 512
0 54
0 86
1 512
0 43
0 122
0 50
0 299
0 218
0 46
1 512
0 52
0 149
0 61
0 114
0 75
0 52
0 69
0 124
0 69
0 424
0 70
0 156
0 238
0 178
0 115
0 49
0 124
0 187
0 82
0 376
0 141
0 45
0 78
0 227
0 122
0 102
0 90
0 398
1 512
0 92
0 274
1 512
0 376
0 112
0 28
0 47
0 119
0 279
0 305
0 72
0 40
0 181
0 335
0 97
0 108
0 145
0 60
1 512
0 126
0 181
0 502
0 107
0 121
0 97
0 88
0 277
1 512
0 51
0 30
0 83
0 281
0 56
0 34
0 131
0 74
0 89
0 80
0 66
0 57
0 90
0 63
0 134
0 89
0 63
0 147
0 115
0 116
0 136
1 512
0 67
0 39
0 57
2 512
0 26
0 205
0 306
0 135
0 74
0 139
0 53
0 78
0 202
0 132
0 19
0 39
0 118
0 203
0 66
0 40
0 119
0 101
0 53
0 20
0 80
0 189
1 512
0 29
0 51
0 59
0 180
0 63
0 98
0 48
0 276
1 512
0 75
0 136
0 286
0 409
0 106
0 116
0 139
0 15
0 53
0 99
0 185
0 296
0 94
0 67
0 78
0 94
0 16
0 155
0 34
0 88
0 182
0 74
0 77
0 196
1 512
0 385
0 83
0 108
0 52
0 176
0 463
0 95
0 94
0 442
0 117
0 181
0 44
0 20
1 512
1 512
0 179
0 38
0 432
0 155
0 483
1 512
1 512
0 101
0 81
0 142
0 82
0 42
0 45
0 25
0 143
0 134
0 394
1 512
0 279
0 209
0 127
0 305
0 68
0 32
0 89
0 125
0 56
0 85
0 443
0 139
0 297
0 47
0 35
0 152
0 93
0 216
0 37
0 39
0 65
0 231
0 429
1 512
1 512
0 95
0 193
0 129
1 512
0 128
1 512
0 93
0 330
0 37
1 512
1 512
1 512
0 60
0 53
0 139
1 512
0 137
0 56
0 159
0 205
0 157
0 43
0 131
0 37
0 313
0 280
0 73
0 46
0 127
0 30
0 65
0 34
0 338
1 512
0 75
0 56
0 171
0 47
0 182
0 109
1 512
0 46
0 444
0 339
1 512
0 40
0 33
0 113
0 110
0 378
0 80
0 102
0 92
0 182
0 75
0 74
0 44
0 87
0 56
0 186
0 94
0 34
0 387
1 512
2 512
0 67
0 140
0 23
0 96
0 318
2 512
1 512
0 55
0 95
0 100
0 55
1 512
0 122
0 336
1 512
1 512
1 512
0 374
0 44
0 120
0 465
0 142
0 66
2 512
0 47
1 512
0 75
0 160
0 248
0 49
1 512
0 82
0 69
0 36
0 108
0 107
0 183
0 37
1 512
0 335
0 171
0 255
0 134
0 94
0 352
0 146
0 79
0 28
1 512
0 35
0 254
1 512
0 66
0 175
0 62
0 130
0 121
0 72
0 117
0 158
0 49
0 254
0 79
0 37
0 97
0 43
0 45
0 171
0 62
0 471
0 157
0 90
0 243
0 248
0 26
0 133
0 99
1 512
0 166
0 392
0 62
0 58
0 510
0 143
0 47
0 38
2 512
0 302
0 126
0 99
0 26
0 240
0 47
0 127
0 61
0 148
0 29
0 136
1 512
0 33
1 512
0 205
0 122
0 87
0 31
0 171
0 36
0 76
1 512
0 99
1 512
0 26
0 53
0 70
0 66
0 112
0 58
1 512
0 69
0 21
0 211
0 133
0 91
0 39
0 68
0 176
0 93
0 158
0 65
1 512
1 512
1 512
0 158
0 101
0 135
1 512
0 106
1 512
0 301
0 96
0 136
0 55
0 87
1 512
0 74
0 112
1 512
0 48
1 512
2 512
0 86
1 512
0 270
0 33
0 154
0 344
0 22
0 78
0 84
0 32
1 512
0 50
0 41
0 26
0 82
0 100
0 217
0 126
2 512
0 71
0 34
1 512
0 87
0 113
0 101
0 27
0 93
0 284
0 51
0 106
0 76
1 512
0 199
0 92
0 127
0 108
0 31
0 50
0 28
0 68
0 239
0 26
0 86
0 133
0 40
0 200
0 88
0 100
0 86
0 61
0 357
0 64
0 105
0 41
0 81
0 93
0 219
0 45
0 50
0 181
0 138
0 224
1 512
0 89
0 76
0 148
1 512
0 178
1 512
0 58
0 79
0 50
0 224
0 42
0 106
0 160
0 28
0 47
0 121
0 53
0 23
0 67
0 270
0 420
0 33
0 38
0 75
0 59
1 512
1 512
0 42
0 399
0 36
0 124
0 140
0 117
0 221
0 193
0 97
0 91
0 115
0 62
0 234
0 92
0 70
0 33
0 36
0 113
0 104
0 424
0 100
0 54
0 163
0 93
0 290
0 52
0 82
0 232
0 179
0 91
0 198
1 512
0 165
0 90
0 108
0 36
0 54
0 64
0 198
0 79
0 36
0 324
1 512
0 217
0 74
0 162
0 53
0 66
0 50
0 92
0 326
0 50
0 90
0 102
0 33
0 213
0 170
0 54
0 106
0 91
0 101
0 108
0 273
0 91
0 88
0 63
0 44
0 44
1 512
0 107
0 426
0 76
0 96
0 122
1 512
0 225
0 103
0 73
0 40
0 64
0 179
0 131
0 322
2 512
0 101
0 58
0 339
0 26
0 306
0 28
0 232
0 349
0 115
0 25
0 42
0 247
0 215
0 156
0 58
0 77
0 56
0 88
0 148
0 112
0 207
0 63
0 163
0 34
0 58
0 130
0 20
0 79
0 114
0 215
0 90
0 62
0 214
0 59
2 512
0 227
1 512
0 69
1 512
0 213
2 512
0 98
0 35
0 91
0 42
0 266
0 80
0 104
0 30
0 58
0 52
0 170
0 147
0 78
0 82
0 74
0 226
0 213
0 104
0 383
0 183
0 77
0 63
0 440
1 512
0 80
0 415
0 19
0 150
0 38
0 98
1 512
0 76
0 157
0 61
0 128
0 105
0 90
0 405
0 187
0 35
0 203
0 507
0 156
0 40
0 143
0 182
0 214
0 94
0 416
2 512
0 220
0 82
0 64
1 512
0 109
0 49
0 218
0 64
0 213
0 215
0 59
0 147
0 125
0 118
0 81
0 269
0 48
0 134
1 512
0 41
0 334
0 112
0 216
0 65
0 66
0 60
0 220
0 136
0 242
0 267
0 106
0 107
0 26
0 398
0 222
0 494
0 40
1 512
0 56
0 57
0 63
0 264
1 512
0 70
1 512
0 109
1 512
0 369
0 474
1 512
0 228
0 92
0 49
1 512
0 54
0 30
1 512
0 413
0 144
2 512
0 50
0 28
0 161
0 192
0 49
1 512
0 402
0 55
0 107
1 512
0 41
0 142
0 59
0 318
0 68
0 83
0 329
0 124
0 63
0 181
0 109
0 241
1 512
1 512
0 96
0 41
0 129
1 512
0 42
0 44
0 103
0 32
0 58
0 292
0 24
0 195
0 71
0 249
0 63
0 148
0 144
1 512
0 201
0 72
0 129
1 512
0 57
0 262
0 429
0 121
0 171
0 272
0 114
0 133
0 199
0 118
0 105
0 34
0 88
0 172
0 116
0 37
0 224
0 47
0 101
0 66
0 100
0 137
0 177
0 269
0 57
0 82
0 34
0 119
0 84
1 512
0 96
0 26
0 330
0 383
0 81
0 88
0 174
0 251
0 92
0 46
0 95
0 122
0 136
0 19
0 118
0 237
1 512
0 117
0 84
0 28
0 104
0 130
0 44
0 61
0 174
0 323
0 173
0 242
0 17
0 128
0 109
0 119
0 108
0 339
0 35
0 119
0 168
0 85
0 124
0 79
0 115
0 76
0 158
0 86
0 73
1 512
0 81
0 307
0 366
0 40
0 48
0 68
0 44
0 115
0 58
0 36
3 512
0 191
0 44
0 49
0 83
0 27
0 109
0 141
0 28
0 57
0 45
0 25
0 58
0 102
1 512
0 469
0 45
0 381
0 43
0 129
0 141
0 255
0 61
0 66
0 344
0 70
0 128
0 46
0 91
0 63
0 190
0 57
0 30
0 157
0 32
0 188
0 112
0 288
0 187
0 108
0 459
0 61
0 89
0 197
0 90
0 41
0 69
0 56
0 71
0 238
0 96
0 152
1 512
0 72
0 80
0 63
0 57
0 135
0 48
0 73
1 512
0 82
0 53
0 29
0 375
2 512
0 252
0 162
0 104
0 183
0 57
1 512
0 130
0 82
0 72
0 218
0 33
0 27
0 22
0 451
0 114
0 102
0 190
0 223
0 208
0 74
0 102
0 331
0 75
0 39
0 157
0 94
0 125
1 512
0 22
0 31
0 166
0 225
0 106
0 23
0 83
0 224
0 105
1 512
0 87
0 339
0 274
0 104
0 53
0 106
0 63
0 101
0 74
0 116
0 36
0 86
0 56
0 177
0 46
0 22
1 512
0 20
0 33
0 388
0 262
0 94
0 37
1 512
0 22
0 142
0 89
0 39
0 199
0 38
0 483
0 179
1 512
0 19
0 57
0 67
0 62
0 171
0 358
0 110
0 66
0 83
0 62
0 218
0 74
0 54
0 100
0 66
0 71
0 315
0 108
0 184
0 240
0 52
0 101
0 258
0 191
0 81
0 487
0 293
1 512
1 512
0 125
1 512
0 47
1 512
0 134
0 42
0 104
0 70
0 52
1 512
0 88
0 119
0 22
0 111
0 180
0 208
0 183
0 231
0 127
0 98
0 72
0 145
0 211
0 247
0 84
0 472
0 62
0 243
0 225
0 105
0 471
0 89
0 53
0 93
0 273
0 95
0 97
0 90
0 66
0 62
1 512
0 52
0 226
0 102
0 240
0 140
0 78
1 512
0 94
0 39
1 512
0 149
0 89
0 126
0 62
0 311
0 37
0 132
0 338
0 106
0 336
0 69
0 72
0 86
0 36
0 314
0 45
0 103
0 16
0 83
0 170
0 162
0 40
0 29
0 106
0 197
0 32
0 22
0 386
2 512
0 66
0 23
0 225
0 66
0 49
1 512
0 138
0 220
0 161
0 174
0 19
0 210
0 176
0 33
0 77
0 135
0 153
0 216
0 144
0 105
0 396
1 512
0 115
0 126
0 20
1 512
0 91
0 402
0 144
0 170
0 99
0 411
0 150
0 206
0 66
0 79
0 19
0 88
0 28
0 25
0 136
0 52
1 512
0 141
0 110
0 113
0 86
0 400
1 512
0 114
0 80
0 29
0 388
1 512
0 154
1 512
0 184
0 108
0 98
0 92
0 22
0 69
1 512
0 104
0 211
0 61
1 512
0 67
0 299
0 143
0 103
0 56
0 58
1 512
0 74
0 60
0 88
0 89
0 148
0 89
0 58
0 107
0 206
0 104
0 62
0 58
0 62
0 40
0 266
0 105
0 155
0 39
0 156
1 512
0 129
0 104
0 125
0 26
0 116
0 73
0 42
0 101
0 82
0 109
0 24
0 23
0 41
0 32
1 512
0 329
0 202
0 237
0 74
0 53
0 65
0 81
0 90
0 70
0 128
0 81
0 98
1 512
0 81
0 115
0 126
2 512
0 72
0 247
0 131
0 67
0 44
0 108
0 53
1 512
0 62
0 57
0 265
0 90
0 52
0 55
0 112
0 77
0 238
0 48
0 396
0 341
0 318
0 74
0 115
0 20
0 206
0 63
0 91
0 75
0 50
0 109
0 20
1 512
0 58
0 50
0 195
0 83
0 191
0 111
0 156
0 259
0 108
0 57
0 36
0 37
0 175
1 512
0 124
1 512
0 100
0 42
0 24
0 70
0 162
0 80
1 512
0 157
0 143
0 60
0 116
0 87
0 202
0 88
0 63
0 36
0 151
0 89
0 23
1 512
0 99
0 31
0 34
0 27
0 88
0 114
0 116
0 173
0 60
0 200
1 512
0 79
0 138
0 46
0 83
0 263
1 512
0 196
0 48
0 118
0 67
0 27
0 185
0 126
0 120
0 79
0 193
0 56
0 145
0 331
0 61
2 512
0 233
0 52
0 69
1 512
1 512
0 89
0 46
0 47
0 51
0 210
0 20
0 210
0 94
0 216
0 147
0 52
0 432
0 109
0 100
0 106
0 116
2 512
0 126
0 289
0 98
1 512
0 143
1 512
1 512
0 151
0 164
1 512
0 100
0 374
0 42
0 63
0 126
0 78
0 170
0 27
0 48
0 79
0 466
0 74
0 273
0 105
0 45
0 140
0 54
0 57
0 114
0 268
0 72
0 146
0 169
0 463
0 100
0 178
0 108
0 84
0 263
0 254
0 394
0 63
0 84
0 83
0 47
0 332
0 46
0 61
0 192
0 392
0 327
0 39
0 233
0 104
0 219
0 178
0 45
0 83
0 92
1 512
0 74
1 512
1 512
0 173
0 85
0 112
0 72
0 77
3 512
0 89
0 54
0 225
0 41
0 441
0 227
0 181
1 512
0 303
0 293
0 138
0 67
0 359
0 154
1 512
0 119
0 34
0 45
0 359
1 512
0 39
0 131
0 385
0 52
0 278
0 105
0 360
0 30
0 89
1 512
0 67
0 166
0 53
0 87
0 116
0 69
1 512
0 36
2 512
0 47
0 46
0 90
0 161
2 512
0 387
0 30
0 66
0 96
0 95
0 140
1 512
0 33
0 215
0 166
0 142
2 512
0 77
2 512
0 408
0 115
0 110
0 67
0 35
0 103
0 133
0 22
0 94
0 119
0 172
0 48
1 512
0 34
0 80
0 132
0 192
0 374
0 34
0 264
0 110
0 116
0 102
0 133
0 137
0 85
0 242
0 147
0 448
1 512
0 32
0 240
0 88
0 47
0 17
0 305
0 15
0 41
0 30
0 73
0 115
1 512
0 94
0 170
0 50
0 106
0 83
0 216
0 101
0 325
0 21
0 99
0 60
0 369
0 171
0 29
0 33
0 55
0 26
0 202
1 512
2 512
0 149
0 123
2 512
0 64
0 77
0 110
0 122
0 84
0 311
0 79
0 139
1 512
0 42
0 68
0 467
0 50
0 99
0 112
0 132
0 119
0 137
0 163
0 162
0 146
2 512
1 512
0 43
0 97
0 119
0 224
0 158
0 343
0 37
0 154
0 56
0 129
0 188
0 115
0 199
0 98
0 51
0 26
0 133
0 71
0 33
0 59
0 49
1 512
0 49
0 108
0 182
0 228
0 36
0 186
0 313
0 89
1 512
0 75
0 111
0 162
0 48
0 56
0 47
0 258
0 74
0 87
0 105
0 44
0 330
0 92
0 42
0 189
0 80
0 85
0 186
0 81
0 479
0 91
0 72
0 24
1 512
0 29
0 116
0 149
0 62
1 512
0 158
0 86
0 47
0 70
0 45
0 63
0 69
0 393
1 512
0 33
0 17
0 74
0 330
0 256
0 97
0 35
0 484
0 52
0 255
0 148
0 89
0 385
0 76
1 512
0 207
0 47
0 284
0 80
0 91
0 193
0 202
0 106
0 192
0 127
0 198
0 99
0 262
0 459
1 512
0 69
0 158
0 134
0 98
0 181
0 71
0 78
0 169
0 49
0 240
0 36
0 44
0 97
0 289
0 210
1 512
0 135
0 198
0 74
0 136
0 84
0 139
0 55
0 158
0 84
0 89
0 354
0 109
1 512
0 97
0 202
0 61
0 13
0 53
0 75
0 54
0 25
0 161
0 334
0 62
0 76
0 43
0 93
0 112
0 232
1 512
1 512
0 14
0 223
0 74
0 405
0 51
1 512
0 68
0 19
1 512
0 145
0 73
0 264
0 70
0 39
0 68
0 156
0 80
0 91
0 135
0 84
0 54
1 512
0 56
0 58
0 135
0 156
0 37
0 100
0 162
0 181
0 40
0 144
0 468
0 81
0 138
0 64
0 54
0 71
0 222
0 80
0 73
0 152
0 104
0 94
0 364
0 197
0 201
0 46
0 264
0 51
0 166
0 380
1 512
0 72
0 59
0 75
0 56
0 126
0 193
0 129
0 154
0 38
1 512
0 92
0 270
1 512
0 254
0 51
0 74
0 115
0 56
0 153
0 39
0 64
0 35
0 141
2 512
0 333
0 83
1 512
0 175
0 99
0 233
0 229
0 105
0 35
0 448
1 512
0 87
0 429
0 157
0 185
0 130
0 74
0 289
1 512
0 86
1 512
1 512
0 152
0 381
0 234
0 46
0 75
0 45
0 184
0 108
0 36
0 43
0 206
0 248
0 47
0 124
1 512
0 217
0 162
0 112
0 128
0 88
0 42
0 53
0 211
0 124
0 187
0 219
0 340
0 101
0 33
0 95
0 54
0 61
1 512
1 512
0 87
0 118
0 28
0 376
0 159
0 146
1 512
1 512
0 37
0 101
0 97
0 83
0 73
0 96
0 248
0 234
0 89
0 61
0 84
0 223
1 512
0 141
0 93
0 92
0 39
1 512
0 167
0 42
0 54
0 89
0 43
1 512
0 47
0 96
0 200
0 115
0 104
0 75
0 27
0 25
0 121
0 280
1 512
0 98
0 212
0 52
0 113
0 205
0 81
0 70
0 100
0 230
0 37
0 26
0 112
0 38
0 200
0 146
0 67
0 137
0 126
0 159
0 48
0 244
0 104
0 49
1 512
0 133
0 147
0 106
0 110
1 512
0 53
0 157
0 209
0 144
0 27
0 117
0 122
0 154
0 221
1 512
0 319
1 512
0 55
0 174
0 32
0 148
0 149
0 101
0 70
0 122
1 512
0 159
0 85
0 75
0 70
1 512
1 512
0 95
0 80
0 148
0 130
0 46
0 94
0 56
0 17
0 41
1 512
0 101
0 181
0 117
0 55
0 47
0 193
0 47
1 512
0 79
0 142
0 116
0 122
2 512
0 80
0 308
0 56
0 79
0 84
0 204
0 134
0 322
0 89
0 188
0 117
0 86
0 89
0 103
0 238
1 512
2 512
0 445
1 512
0 248
1 512
0 236
0 239
0 67
0 52
0 440
0 83
0 101
0 99
0 110
0 99
0 39
0 51
0 98
0 106
1 512
0 72
0 139
0 251
0 89
0 33
0 155
0 168
0 101
0 300
0 105
0 271
0 80
0 34
0 302
0 41
0 246
0 109
0 167
1 512
0 95
1 512
2 512
0 54
1 512
0 64
0 141
0 207
0 298
0 93
0 71
0 29
0 174
0 199
0 128
0 131
0 221
0 124
0 167
0 134
0 41
0 188
0 441
0 179
0 84
0 44
0 390
1 512
0 219
0 116
0 77
0 46
0 77
0 229
1 512
1 512
0 125
0 82
0 78
0 80
0 48
0 87
0 136
0 144
1 512
0 93
0 92
0 196
0 356
2 512
0 59
0 123
0 301
0 31
0 93
1 512
0 70
0 169
0 37
0 44
1 512
0 141
0 99
0 79
1 512
0 118
0 60
0 267
0 96
0 42
0 17
1 512
0 34
0 111
0 79
0 53
2 512
0 287
0 61
0 59
0 85
0 316
0 62
0 249
0 72
0 129
0 44
0 173
1 512
1 512
0 181
0 47
0 36
1 512
0 149
0 18
0 132
0 48
0 50
0 100
0 159
0 224
0 154
0 89
1 512
0 62
0 56
0 88
0 277
0 159
0 212
1 512
0 66
0 23
0 35
0 97
0 197
0 129
0 35
0 49
0 33
0 162
0 31
0 56
0 146
0 83
0 240
0 66
0 16
0 72
0 58
0 40
0 256
2 512
1 512
0 302
0 162
0 150
0 104
0 78
0 91
2 512
1 512
1 512
1 512
1 512
0 118
1 512
0 76
0 46
0 109
0 41
0 316
0 93
0 202
0 270
0 48
0 41
0 81
0 154
0 223
0 88
0 210
0 20
0 76
0 64
0 86
0 150
0 332
0 202
0 285
0 471
0 122
0 167
0 45
0 289
0 52
0 27
0 107
1 512
0 17
0 330
0 35
0 347
0 23
0 126
0 170
0 184
0 45
0 102
0 153
0 157
0 78
0 145
0 35
0 147
0 90
0 29
0 35
0 201
0 49
0 137
0 250
0 29
1 512
0 35
0 23
0 110
0 50
0 125
0 80
0 18
0 222
0 206
0 307
0 36
0 383
0 99
0 60
0 53
1 512
0 247
0 123
0 202
0 163
0 31
0 71
0 42
0 122
0 63
0 33
0 21
1 512
0 386
0 116
0 288
0 171
0 137
0 59
0 83
0 123
1 512
0 306
0 485
0 129
0 325
0 115
0 111
0 85
0 99
0 93
0 30
0 92
0 33
0 58
0 373
0 270
0 99
0 28
0 24
0 508
0 52
0 34
0 73
0 151
0 148
0 44
0 120
0 96
0 241
0 30
0 33
0 67
0 74
0 122
1 512
0 207
0 138
0 133
0 268
1 512
0 131
0 66
0 25
0 169
0 53
0 437
0 168
0 101
0 79
1 512
0 109
0 115
0 239
0 393
0 116
0 65
0 241
0 48
0 63
0 156
0 457
1 512
0 82
0 183
0 86
0 69
0 106
0 363
0 244
0 89
0 239
0 42
0 25
0 85
0 111
0 51
0 26
0 75
0 72
0 146
0 86
0 89
0 120
0 72
0 134
0 28
0 150
0 179
0 459
0 185
0 156
0 107
0 133
0 204
0 254
0 43
0 189
0 32
0 45
0 83
0 195
0 13
0 86
1 512
0 482
0 59
0 87
0 134
1 512
0 112
0 140
0 113
0 158
0 175
1 512
0 45
0 351
0 112
0 90
0 77
0 194
0 44
0 109
0 218
0 50
0 106
0 41
0 53
0 359
0 33
0 133
1 512
0 209
0 93
0 124
0 220
1 512
0 226
0 177
0 72
0 30
0 103
0 15
1 512
0 269
0 177
0 90
1 512
0 71
0 65
1 512
0 231
0 169
0 75
1 512
0 50
0 93
0 318
0 88
0 77
0 152
0 229
0 161
0 35
1 512
0 104
0 77
0 146
1 512
0 142
0 137
0 54
0 321
0 115
0 32
0 190
0 103
0 163
0 17
0 63
0 106
1 512
0 57
0 110
0 92
0 34
0 47
0 31
0 214
0 75
0 16
1 512
0 242
0 354
0 89
0 488
0 165
0 205
1 512
0 254
1 512
0 103
0 39
0 155
0 95
0 35
0 88
0 241
0 34
0 83
0 86
1 512
1 512
0 142
0 53
1 512
0 140
0 34
1 512
0 130
0 181
0 281
0 81
0 259
0 263
1 512
0 47
1 512
0 106
0 88
0 223
0 100
0 55
0 15
2 512
0 57
0 329
0 108
0 75
1 512
0 20
0 231
0 202
0 119
0 370
0 287
0 77
1 512
0 99
0 36
0 76
0 71
0 95
0 65
0 124
0 293
0 69
0 62
0 55
1 512
0 188
1 512
0 436
0 101
0 136
0 301
0 94
1 512
0 252
0 148
0 49
0 79
2 512
0 60
0 49
0 81
0 102
0 173
0 32
0 37
0 129
1 512
0 24
0 118
0 100
0 98
0 51
0 150
0 125
0 113
0 151
0 240
0 184
1 512
0 55
0 60
0 76
0 71
0 123
0 454
0 79
0 135
0 272
0 31
0 60
0 115
0 224
0 111
0 272
0 141
0 50
0 299
0 103
0 190
0 166
1 512
0 85
0 113
0 121
0 169
0 37
1 512
1 512
0 46
0 200
0 24
0 32
0 82
0 95
0 200
0 110
0 51
0 42
1 512
0 103
0 104
0 68
1 512
0 109
0 116
0 433
0 54
0 144
0 75
0 63
0 76
0 63
0 118
0 28
0 50
0 239
0 28
0 107
0 131
0 158
0 78
0 95
0 124
0 232
0 44
0 224
0 99
1 512
0 136
0 82
0 72
0 77
0 65
0 37
0 60
0 337
0 66
0 100
0 165
0 119
0 169
0 47
0 46
0 21
1 512
0 55
0 41
0 368
0 262
0 195
0 78
0 225
0 177
0 59
0 62
0 112
0 133
0 53
0 45
1 512
0 338
0 72
0 199
0 124
0 130
0 94
0 35
0 228
0 92
0 62
0 121
0 107
1 512
0 88
0 109
0 53
0 149
0 42
0 61
0 81
0 158
0 48
0 138
0 62
0 51
0 145
0 49
0 282
0 43
0 137
1 512
0 207
0 313
1 512
0 89
0 54
0 446
0 111
0 42
0 115
0 27
0 174
0 27
0 108
0 31
0 93
1 512
0 297
0 68
0 109
1 512
0 121
0 95
0 133
1 512
0 256
0 100
1 512
0 182
0 80
0 71
0 140
0 193
0 127
0 334
0 102
0 63
0 18
0 134
0 49
1 512
0 334
0 241
0 120
0 92
1 512
0 311
0 231
0 191
0 20
0 26
0 39
0 126
0 84
0 82
0 327
0 82
0 175
1 512
0 161
1 512
0 49
0 57
0 121
0 325
0 97
0 52
0 249
0 61
0 173
0 177
0 204
0 245
0 37
0 44
0 229
0 85
0 33
0 194
0 107
1 512
0 94
0 128
0 24
0 95
0 39
0 180
0 84
0 123
0 222
0 97
0 79
0 127
0 47
0 127
0 267
0 103
0 38
0 108
1 512
0 63
0 50
0 214
0 25
0 463
0 174
0 124
0 26
1 512
0 17
0 58
0 367
0 159
0 302
0 90
0 34
0 327
0 46
0 85
0 77
0 286
0 112
0 161
0 288
0 76
0 85
0 155
1 512
0 108
0 204
0 65
0 75
0 188
1 512
0 61
0 43
0 134
0 122
0 367
0 89
0 106
0 95
0 142
0 160
0 116
0 76
0 85
0 41
0 179
0 127
0 138
0 52
0 40
0 361
0 45
0 87
0 47
0 65
0 171
0 120
0 99
1 512
0 54
0 112
0 62
0 235
0 151
0 68
0 97
0 229
0 119
0 253
0 209
1 512
1 512
0 46
0 99
0 87
0 95
0 201
1 512
1 512
0 63
1 512
0 42
0 50
0 265
0 248
0 44
0 281
0 145
0 41
0 104
0 94
0 50
0 28
0 38
0 160
0 30
0 260
1 512
0 39
0 503
1 512
1 512
0 100
0 221
0 65
0 43
0 135
0 184
0 87
0 44
0 213
0 168
0 93
1 512
0 131
0 110
0 220
0 203
0 44
0 82
0 111
0 77
0 25
0 183
0 105
0 137
0 276
0 170
0 52
0 44
0 87
0 83
0 65
0 235
0 129
0 40
0 131
0 198
0 118
0 25
0 36
0 238
0 99
0 21
0 217
0 486
0 128
1 512
0 74
0 57
0 86
0 84
0 30
0 100
0 57
0 181
0 243
0 306
0 75
0 34
0 67
0 153
0 68
0 60
0 43
1 512
0 79
0 42
0 19
0 38
0 101
0 81
1 512
0 84
0 60
0 127
0 375
1 512
0 51
0 114
0 73
0 409
0 86
0 91
0 112
0 194
0 72
0 74
1 512
0 58
0 42
0 86
0 30
0 75
0 28
0 106
0 71
0 232
0 132
0 30
0 106
0 201
0 109
0 147
0 198
0 120
0 77
0 95
0 311
0 107
0 309
0 365
0 92
0 307
0 141
0 24
0 113
0 122
0 129
1 512
0 228
0 90
0 133
0 160
0 238
0 134
0 116
0 73
0 427
0 111
0 128
0 118
0 24
0 100
0 109
0 77
0 30
1 512
0 110
0 102
1 512
0 217
0 245
0 99
0 114
0 81
0 53
0 127
0 27
2 512
0 103
0 22
0 88
0 113
0 36
0 72
2 512
0 75
1 512
0 371
0 61
0 35
0 181
0 81
0 167
0 191
0 146
0 171
0 99
0 55
0 162
1 512
0 85
0 63
0 107
0 336
0 133
0 154
0 46
0 88
0 64
0 54
0 146
0 97
0 84
0 210
0 56
0 94
0 27
0 434
0 69
0 125
0 291
0 168
1 512
0 148
0 173
0 123
0 98
0 287
0 160
0 104
0 177
0 48
0 108
0 45
0 71
0 28
0 48
0 142
0 79
0 179
0 55
0 70
0 38
0 102
0 171
0 300
0 52
0 45
0 418
0 90
0 80
1 512
0 90
0 141
0 350
0 158
0 50
0 97
0 88
0 170
0 344
0 48
0 34
0 205
0 120
0 176
0 35
0 55
0 130
0 114
0 239
0 83
0 46
0 105
0 136
0 88
0 73
0 69
0 81
0 184
0 112
0 34
0 15
0 46
1 512
0 132
0 29
2 512
0 58
0 49
0 13
0 64
0 271
0 152
0 174
0 89
0 98
0 102
0 117
0 118
0 56
0 265
0 189
0 315
0 275
0 161
0 171
0 44
0 163
0 264
0 123
1 512
0 65
0 166
0 498
0 24
0 41
1 512
0 57
0 160
0 120
0 64
0 73
0 181
0 25
0 55
0 105
0 46
0 74
0 458
1 512
0 237
0 90
0 75
0 167
0 93
0 67
0 356
0 79
0 57
0 38
0 79
0 307
0 132
0 101
0 70
0 138
0 192
1 512
1 512
0 195
0 31
0 68
1 512
0 69
0 72
0 102
0 93
0 189
0 65
0 113
2 512
0 120
1 512
0 48
0 55
0 202
0 97
0 24
0 53
0 289
0 122
0 137
0 189
1 512
0 92
0 210
0 43
0 63
0 94
0 68
0 221
0 188
0 327
0 37
0 234
0 18
0 375
0 65
0 56
0 263
0 164
0 79
0 39
0 35
0 296
0 39
0 132
0 56
0 130
0 207
0 54
0 169
0 223
0 77
0 38
0 100
0 43
0 67
1 512
0 55
0 224
0 119
0 116
0 379
0 208
0 141
0 247
0 204
0 85
0 59
0 84
0 168
0 132
0 323
0 93
0 248
0 83
0 38
0 48
0 453
0 259
0 57
0 109
0 73
1 512
0 95
0 90
1 512
0 157
0 101
0 425
0 34
0 44
0 284
0 57
0 65
0 221
0 98
1 512
0 62
0 44
0 19
0 197
0 53
0 369
3 512
0 62
1 512
0 93
1 512
0 339
0 70
0 350
1 512
1 512
0 240
0 70
0 133
1 512
0 36
0 47
0 69
0 207
0 79
0 265
0 76
0 202
0 79
0 102
0 227
0 31
0 301
0 261
0 108
0 115
0 166
0 29
0 123
0 166
0 216
0 79
0 120
0 95
0 92
0 72
0 108
0 34
0 43
0 160
0 96
0 154
0 34
1 512
0 222
0 97
0 165
0 196
0 48
0 47
0 239
1 512
0 165
0 133
0 191
0 17
0 57
0 53
0 279
1 512
0 109
0 75
0 77
0 63
0 74
1 512
0 176
0 223
0 71
0 56
0 282
0 94
0 54
0 78
0 464
0 395
0 86
0 159
0 110
0 125
0 104
0 158
0 135
0 56
0 192
1 512
0 244
0 449
1 512
0 50
0 68
0 79
0 171
0 81
0 49
0 188
0 15
0 94
0 205
0 224
0 30
0 104
0 95
0 136
0 95
0 126
1 512
0 234
0 132
1 512
0 217
0 158
0 168
0 80
2 512
0 442
0 402
0 43
0 140
1 512
1 512
0 168
1 512
0 274
0 98
1 512
1 512
0 278
0 125
0 51
0 77
0 155
0 63
0 203
1 512
0 141
0 52
0 113
0 151
0 168
1 512
0 67
0 132
0 89
0 265
0 45
0 62
0 65
0 48
0 374
0 95
0 188
0 38
1 512
0 180
0 488
0 108
0 159
0 193
0 154
0 47
0 40
0 302
2 512
0 103
0 30
0 230
0 44
0 61
0 115
0 79
0 25
1 512
0 116
0 148
0 51
0 68
0 75
0 21
0 303
0 43
0 34
0 92
0 431
0 285
1 512
0 70
0 34
0 54
1 512
0 101
0 225
0 281
1 512
1 512
0 115
0 188
0 181
0 81
0 65
0 504
0 28
0 15
0 46
0 122
1 512
0 97
0 60
0 32
0 186
0 78
0 50
0 39
0 85
0 148
0 122
0 65
0 51
0 130
0 45
0 105
1 512
0 104
0 188
0 118
1 512
0 47
1 512
0 38
0 229
0 73
0 145
0 49
0 106
1 512
0 16
0 51
0 117
0 208
0 62
0 313
1 512
0 106
0 380
0 30
0 166
1 512
0 71
0 104
0 413
0 210
0 193
1 512
0 73
0 61
0 52
1 512
0 308
0 41
0 421
1 512
0 472
0 113
0 25
0 64
0 102
0 104
0 63
0 85
0 119
0 184
0 50
0 31
0 141
0 93
0 64
0 190
0 491
0 27
0 196
0 189
0 131
0 163
0 120
1 512
0 133
0 245
0 52
0 504
0 53
0 174
0 72
0 110
0 150
0 60
0 196
0 183
0 113
0 79
0 311
0 211
0 123
1 512
0 32
0 66
1 512
0 93
0 39
0 32
0 110
0 149
0 45
0 221
0 24
0 461
0 40
0 104
0 110
0 72
0 60
2 512
0 60
0 41
1 512
0 46
1 512
1 512
0 104
0 64
0 269
0 137
0 184
0 38
0 130
0 242
0 91
0 321
0 335
0 53
0 30
0 113
0 30
0 115
0 36
1 512
0 92
0 48
0 97
0 257
0 109
0 307
0 28
0 118
0 190
1 512
0 29
0 41
0 45
0 236
0 96
0 51
0 75
0 169
0 408
1 512
0 181
0 35
0 97
0 188
0 122
0 30
0 351
0 72
0 61
0 251
0 333
1 512
0 122
0 162
0 116
0 63
0 117
0 53
0 230
0 24
0 89
0 160
0 131
0 369
0 35
0 155
0 76
0 465
0 63
0 81
0 81
0 84
0 167
0 82
0 92
0 154
0 100
0 68
0 127
0 112
0 190
0 167
0 100
1 512
0 43
1 512
0 54
0 60
0 161
0 22
0 178
0 333
0 21
0 105
0 126
0 67
0 97
0 96
0 266
1 512
0 157
0 25
0 114
0 106
0 477
1 512
0 53
0 77
0 83
0 155
0 75
0 77
0 92
0 127
0 162
0 117
0 57
0 188
0 226
0 36
0 125
0 101
0 81
0 25
1 512
0 188
0 72
0 303
0 99
0 206
0 78
0 29
0 265
0 88
0 132
1 512
0 171
0 293
0 131
0 72
1 512
0 93
0 99
0 97
0 113
1 512
0 409
0 124
0 232
0 9
0 46
0 143
1 512
0 42
0 77
0 61
0 47
0 487
0 79
0 153
0 65
0 401
0 75
0 244
0 42
0 249
0 274
0 70
0 116
0 282
0 241
0 468
0 41
0 70
0 91
0 82
0 82
1 512
0 241
0 133
0 35
1 512
0 65
0 64
0 139
1 512
0 48
0 82
0 85
0 65
0 47
0 341
0 58
0 62
0 58
1 512
0 118
0 92
0 265
0 125
0 237
0 115
0 181
0 169
0 12
0 57
0 66
0 158
1 512
0 247
0 96
0 470
0 38
0 83
0 450
0 87
0 92
0 33
0 24
0 238
0 170
0 242
0 278
0 37
0 35
0 82
1 512
0 211
1 512
0 167
0 83
0 124
0 72
0 99
0 85
0 159
0 315
0 75
0 17
0 129
0 105
0 463
0 11
1 512
0 40
1 512
0 191
1 512
0 65
2 512
0 79
0 143
0 101
0 33
0 124
0 70
1 512
0 47
0 78
0 119
0 62
0 361
0 75
0 216
0 55
0 223
0 160
0 158
0 56
0 164
0 60
0 77
0 15
0 441
0 278
0 178
0 91
0 186
0 26
0 42
0 60
0 73
0 141
0 23
0 139
0 72
0 130
0 159
0 61
1 512
0 116
0 15
1 512
0 309
0 54
0 191
0 33
0 41
0 328
0 113
0 97
0 70
0 45
0 105
0 72
0 100
0 64
0 83
0 58
0 73
0 113
0 68
0 119
0 70
0 103
0 67
0 91
0 73
0 159
1 512
1 512
0 128
0 97
0 324
0 102
0 64
0 161
0 224
0 172
0 34
0 40
0 157
0 173
1 512
0 105
1 512
1 512
1 512
0 42
0 453
0 43
0 48
0 87
0 118
0 128
1 512
0 154
0 198
0 418
0 57
1 512
0 65
0 47
0 357
0 192
0 82
1 512
0 27
0 335
0 66
0 190
0 102
2 512
0 42
0 20
0 99
0 125
0 50
0 128
1 512
0 286
0 67
0 24
0 124
0 425
0 459
0 117
0 207
0 125
0 361
0 82
0 177
0 177
0 58
0 230
0 115
0 73
0 34
0 94
1 512
0 235
0 25
0 196
0 58
0 65
0 94
0 42
0 26
0 23
0 167
0 72
0 120
0 93
0 67
0 41
1 512
0 149
0 37
0 55
0 108
0 89
0 45
0 142
0 374
0 82
0 181
0 474
0 186
0 246
0 179
0 54
0 98
0 303
0 83
0 131
0 325
0 505
0 217
0 132
0 155
0 47
0 164
0 163
0 101
1 512
0 277
0 89
0 145
0 34
0 337
0 39
0 159
0 226
0 102
0 81
0 434
0 92
0 63
0 132
0 199
0 191
0 287
0 328
0 194
0 90
0 357
0 53
1 512
0 166
0 117
0 173
0 38
0 71
0 28
0 56
0 211
0 58
0 151
0 139
0 143
0 38
0 121
0 46
0 151
0 15
0 273
0 7
0 211
0 59
0 371
0 150
0 40
0 59
0 83
0 36
0 55
0 57
0 240
0 225
0 227
0 107
0 73
1 512
0 132
0 262
0 87
0 253
0 213
0 96
0 298
0 96
0 275
0 267
0 147
0 129
0 132
0 103
1 512
0 26
0 231
0 48
0 78
0 237
1 512
0 151
0 41
0 81
0 58
0 75
0 407
1 512
0 100
0 181
0 137
0 50
0 35
0 77
0 80
0 107
0 202
0 135
0 25
0 155
0 88
1 512
0 121
0 191
1 512
0 26
0 114
0 78
0 87
0 186
1 512
0 190
0 62
0 130
0 88
0 183
0 78
0 59
0 32
0 46
0 123
0 202
0 24
0 59
0 48
0 80
0 71
0 356
0 112
0 56
0 138
0 86
0 62
0 162
0 117
1 512
0 80
0 103
0 119
0 36
0 379
1 512
0 165
0 201
0 94
0 49
0 201
0 28
0 95
0 159
0 149
0 241
0 62
0 72
0 176
0 70
0 63
0 56
0 95
0 84
0 80
1 512
0 141
0 77
0 148
0 80
1 512
0 160
0 28
0 303
0 44
0 473
0 91
0 87
0 60
0 37
0 152
0 142
0 428
0 91
0 75
0 48
0 108
0 165
0 107
0 200
0 78
0 34
0 75
0 160
0 174
0 37
0 33
0 191
0 118
0 29
0 437
0 147
0 175
0 61
0 97
0 154
0 417
0 245
0 32
0 65
0 56
0 104
0 64
0 58
0 19
0 67
0 46
0 96
0 106
0 106
0 53
0 103
0 59
0 55
0 97
0 69
0 259
0 72
0 66
1 512
0 68
0 73
0 218
0 74
0 19
0 260
0 23
0 128
0 254
0 269
0 89
1 512
0 64
0 120
0 38
1 512
0 250
0 36
0 77
0 47
0 114
0 93
0 424
0 44
0 163
0 65
0 293
0 117
0 52
0 112
0 95
0 129
0 34
0 65
0 67
0 125
0 69
0 76
0 99
0 99
0 192
0 88
0 86
0 202
0 44
0 88
0 31
0 132
1 512
0 307
0 127
0 221
0 61
0 48
0 143
0 136
0 58
0 101
0 35
0 80
0 166
1 512
0 87
1 512
0 62
0 153
0 266
0 63
0 66
0 57
0 144
0 198
0 470
0 34
0 507
0 104
0 77
0 61
0 229
0 59
0 48
0 114
0 156
0 189
0 180
0 377
0 79
0 26
0 57
0 78
1 512
0 33
0 52
0 154
0 116
0 40
0 477
0 119
0 108
0 45
0 173
0 62
0 270
0 98
0 76
0 53
0 168
0 38
0 186
0 60
0 48
0 66
0 49
0 365
0 42
0 139
1 512
0 173
0 57
0 245
1 512
0 108
0 23
0 69
0 91
0 36
0 84
0 168
0 65
0 365
0 40
0 38
0 133
0 43
0 63
0 211
1 512
0 18
0 176
0 29
0 39
0 193
0 76
0 28
0 64
0 83
0 138
0 74
0 56
0 86
0 86
0 81
2 512
0 65
1 512
0 95
0 82
0 160
0 111
0 142
1 512
0 61
0 100
0 404
0 96
0 81
0 88
1 512
0 131
0 89
0 58
0 183
1 512
0 291
0 24
0 124
0 87
0 64
1 512
0 59
0 111
0 82
0 68
0 92
0 82
0 129
0 123
1 512
0 58
0 152
0 32
0 65
0 26
0 146
0 66
0 51
0 59
0 23
0 153
0 132
0 35
1 512
1 512
1 512
0 138
0 35
0 72
0 262
0 71
0 250
0 499
1 512
0 108
0 54
0 14
0 96
0 74
0 43
0 43
0 153
0 216
0 88
0 194
0 239
0 63
0 98
0 69
0 68
1 512
1 512
0 193
0 115
0 84
0 111
0 31
0 28
0 108
0 264
0 143
0 56
0 87
1 512
0 479
0 79
0 387
0 27
0 104
0 68
1 512
0 71
0 68
0 99
0 16
0 115
0 148
0 56
0 40
1 512
0 173
0 227
0 61
0 104
0 48
0 172
0 82
0 35
0 90
1 512
0 96
0 66
1 512
1 512
0 73
0 78
1 512
0 157
0 65
0 30
0 239
0 269
0 455
0 27
0 88
0 114
0 88
0 63
0 124
0 130
0 95
0 58
1 512
0 286
0 40
0 448
0 153
0 77
0 238
0 237
0 45
0 94
0 198
0 284
0 61
0 276
0 31
0 89
1 512
0 51
0 193
1 512
0 28
0 39
0 73
0 56
0 183
0 91
0 215
0 143
0 37
0 109
0 181
0 107
0 138
0 163
0 41
0 66
0 60
0 139
0 103
0 120
1 512
0 124
0 105
0 30
0 339
0 155
0 27
0 80
0 30
0 71
0 83
0 73
0 43
0 42
0 106
0 203
0 66
0 282
0 105
0 180
0 246
0 113
0 111
0 70
0 187
0 83
0 184
0 97
1 512
0 74
0 151
0 112
0 57
0 46
0 93
1 512
0 196
0 209
0 132
0 47
0 147
0 83
0 92
0 89
0 172
0 151
1 512
0 244
0 63
0 429
0 224
0 70
0 136
1 512
0 82
0 43
1 512
0 31
0 67
0 176
0 64
0 36
0 52
0 303
0 88
0 110
0 146
0 26
1 512
0 23
0 134
0 38
0 148
0 196
0 117
0 46
0 282
0 117
0 60
0 270
0 59
0 93
0 137
0 75
0 63
2 512
0 55
0 105
0 28
0 43
0 353
0 166
0 93
0 38
0 65
0 85
0 141
0 205
0 418
0 65
0 194
0 70
0 28
0 122
0 116
0 129
0 62
1 512
0 63
0 66
0 308
0 391
0 223
0 62
0 128
0 126
0 70
0 68
0 107
0 107
0 71
0 77
0 215
0 465
0 77
0 58
0 236
0 155
0 49
0 217
0 61
0 146
0 154
0 62
0 228
1 512
0 60
0 68
0 43
0 215
0 34
0 141
0 63
0 44
0 159
1 512
0 139
0 66
0 295
0 53
0 137
0 267
0 33
0 67
0 111
0 109
0 97
1 512
0 44
0 77
0 53
0 157
0 129
0 127
0 65
0 166
0 259
0 232
1 512
0 320
0 67
0 235
0 366
0 65
1 512
0 73
0 43
0 163
0 68
0 61
0 161
2 512
0 97
0 133
0 30
0 67
0 146
1 512
0 177
1 512
0 32
0 155
0 364
0 80
0 149
0 81
0 219
0 344
1 512
0 103
0 257
0 38
1 512
0 59
0 161
0 172
0 92
0 203
1 512
0 60
0 228
0 82
0 271
0 175
0 71
0 282
0 331
0 44
0 38
0 62
0 40
0 45
0 233
0 61
0 42
0 48
1 512
0 144
0 32
0 37
0 123
0 51
0 58
1 512
0 87
0 124
0 52
0 460
0 156
0 92
0 98
0 113
0 39
0 108
0 171
0 24
0 477
0 67
0 93
0 281
0 32
0 62
0 25
0 57
0 109
0 65
0 22
0 34
0 353
0 204
0 95
1 512
0 214
0 66
0 281
0 112
0 245
0 63
0 169
0 147
0 145
0 113
0 308
0 66
0 89
0 84
1 512
0 89
0 112
0 45
0 158
0 101
0 25
0 38
0 170
0 213
1 512
1 512
0 100
0 36
0 186
0 159
0 10
0 80
0 178
0 255
0 117
1 512
0 287
0 180
0 107
1 512
0 100
0 25
0 236
0 266
0 42
0 192
0 327
0 117
0 136
0 83
0 156
0 70
0 213
0 64
0 246
0 252
2 512
1 512
0 129
0 81
0 152
0 284
0 125
0 237
0 99
0 116
0 229
1 512
0 85
0 86
0 21
0 113
0 86
0 43
1 512
0 156
0 347
1 512
0 54
0 169
0 60
0 89
0 133
0 259
0 95
0 44
0 98
0 39
0 36
0 108
0 96
0 232
0 97
0 60
0 315
0 67
0 67
0 368
0 189
0 47
0 58
0 228
0 283
1 512
0 80
0 87
0 60
0 130
0 81
0 68
0 35
0 36
0 30
0 71
0 106
0 61
0 123
0 243
0 218
0 24
0 34
0 138
0 85
0 121
0 24
0 225
0 117
0 144
0 110
0 100
0 249
0 257
0 83
0 85
0 112
2 512
0 70
0 53
0 193
1 512
1 512
0 190
0 295
0 191
0 152
0 132
0 101
0 139
0 109
0 128
0 369
0 123
0 138
0 218
0 175
0 288
1 512
0 90
0 214
0 456
0 140
1 512
0 43
0 137
0 244
0 32
1 512
0 49
1 512
0 127
0 28
0 52
0 377
0 96
0 174
0 426
0 180
0 33
0 155
0 118
0 151
0 352
0 165
0 418
0 221
0 108
0 172
1 512
0 125
0 134
0 91
0 61
0 170
0 215
0 335
0 36
1 512
0 56
1 512
0 353
0 68
0 44
0 60
0 52
0 358
0 93
0 76
0 390
0 144
0 80
1 512
0 299
0 180
0 60
1 512
0 197
0 80
0 385
1 512
0 165
0 125
0 86
0 195
0 100
0 208
0 36
0 149
0 28
0 96
0 303
0 152
0 65
1 512
0 154
0 158
0 103
1 512
0 502
0 45
0 245
0 194
0 50
0 259
0 171
0 207
0 288
0 94
0 48
0 22
0 141
0 89
0 75
0 91
0 58
0 106
0 50
0 37
0 102
0 284
0 53
0 24
0 316
1 512
0 167
0 187
0 88
0 172
0 203
0 107
0 56
1 512
0 471
0 60
0 142
0 109
0 181
0 205
0 99
0 83
0 331
0 95
0 91
0 65
0 38
0 124
0 56
0 231
0 170
0 444
0 73
0 318
0 106
0 248
1 512
0 141
0 37
0 131
1 512
0 47
1 512
0 94
0 36
0 53
0 31
0 57
0 19
0 63
0 52
0 65
0 34
0 87
0 155
0 192
0 30
0 50
0 127
0 159
0 175
0 78
0 52
0 188
1 512
0 170
0 68
0 71
0 243
0 264
1 512
0 375
0 83
0 66
0 195
0 28
0 188
0 409
0 44
0 417
1 512
0 191
0 114
0 60
0 78
0 127
0 56
0 123
0 68
0 53
0 78
0 108
0 172
0 110
0 100
0 119
1 512
0 167
0 116
0 307
0 55
0 78
0 117
0 145
1 512
1 512
0 163
0 91
0 243
0 111
0 341
0 117
0 65
0 131
0 50
0 90
0 183
0 61
0 470
0 9
0 450
0 108
0 99
1 512
0 280
0 114
0 77
0 39
0 35
0 101
0 125
0 64
0 95
0 126
0 37
0 39
0 25
0 22
0 193
0 52
0 211
0 274
0 102
0 324
0 53
0 52
0 80
0 104
0 47
0 136
0 68
0 61
0 416
0 61
1 512
0 91
0 396
0 92
0 48
0 75
0 180
0 109
0 104
0 74
0 142
0 128
0 106
0 84
0 129
0 295
0 177
0 189
0 83
0 404
0 57
1 512
1 512
1 512
0 197
1 512
0 21
0 166
0 142
0 48
0 108
0 41
1 512
0 148
1 512
1 512
0 184
0 219
0 100
0 33
1 512
1 512
0 120
0 214
0 64
0 366
0 35
0 100
1 512
0 339
0 205
0 138
0 209
0 187
0 61
0 401
0 49
0 48
0 19
1 512
0 384
1 512
0 52
0 115
0 86
0 39
0 33
0 66
0 174
0 282
0 209
0 78
0 153
0 45
0 37
1 512
0 32
0 59
0 144
0 279
0 333
0 59
0 492
0 53
0 83
0 88
0 141
1 512
0 115
0 118
1 512
0 324
1 512
0 39
0 38
0 279
0 69
0 246
0 36
1 512
0 149
0 100
0 106
0 16
0 107
0 37
0 205
0 100
0 339
0 261
0 27
0 124
0 39
0 38
0 26
1 512
0 109
1 512
0 76
0 164
0 50
0 157
0 214
0 45
0 83
0 158
0 206
0 40
0 56
0 282
0 59
1 512
0 269
0 282
0 228
1 512
0 236
0 154
0 39
0 48
0 73
0 111
0 102
0 69
0 28
0 106
0 29
0 187
0 206
0 42
0 85
0 159
0 51
0 113
1 512
0 368
0 46
1 512
0 74
0 50
0 177
0 210
0 114
0 95
0 165
0 46
0 109
0 110
0 137
0 89
0 110
0 101
0 189
0 96
0 206
0 26
0 133
0 292
0 75
0 460
0 73
0 374
0 482
0 43
0 101
0 45
0 179
0 121
0 59
0 120
0 76
0 197
0 25
0 132
0 186
0 120
0 98
0 32
0 48
0 32
0 38
1 512
0 125
0 143
0 106
0 195
0 45
0 400
0 43
0 92
0 98
0 58
0 50
0 30
0 82
0 91
0 254
0 146
0 196
0 45
0 36
0 64
0 189
0 92
0 35
0 50
0 57
0 33
0 22
0 40
0 68
0 67
0 132
0 28
0 66
0 258
0 27
0 180
0 110
0 258
0 60
0 414
0 321
0 90
0 70
0 74
0 219
0 113
0 76
0 201
0 50
0 133
0 138
1 512
0 26
0 124
0 69
0 95
2 512
0 48
0 23
0 67
0 142
0 337
0 114
0 101
0 44
0 106
0 147
0 111
1 512
0 64
1 512
0 44
0 44
0 44
0 56
0 118
0 79
0 244
0 342
0 137
0 313
0 46
0 156
0 275
0 196
0 54
0 241
0 35
1 512
0 116
0 87
0 220
0 361
0 161
0 43
1 512
0 59
0 26
0 504
0 175
0 151
1 512
1 512
0 84
0 22
0 60
0 71
0 117
0 85
0 107
1 512
0 254
0 71
0 44
0 258
0 254
1 512
0 134
0 314
0 67
0 136
0 98
0 111
0 170
0 59
0 19
0 319
0 120
0 254
0 28
0 42
0 74
0 88
0 68
0 50
0 100
0 112
0 22
0 244
0 136
0 311
0 27
0 20
0 84
0 92
0 52
0 18
0 87
0 126
0 473
1 512
0 86
0 426
0 54
0 80
0 85
0 65
0 226
0 14
0 235
0 36
0 64
0 157
0 58
0 61
0 68
2 512
0 182
0 46
0 69
0 134
0 97
0 175
0 30
0 189
0 77
0 28
0 104
0 292
0 62
0 100
0 242
0 356
0 83
0 179
0 70
0 87
0 33
0 30
0 215
0 138
0 125
0 294
0 139
0 322
0 170
0 59
0 167
0 248
0 147
0 163
0 372
0 43
0 173
1 512
0 143
1 512
1 512
0 99
0 110
0 33
0 191
0 198
0 98
2 512
0 51
0 131
0 118
0 165
0 183
0 403
0 346
0 140
2 512
0 145
0 356
0 130
0 72
0 204
0 490
0 89
0 48
0 234
0 299
0 103
0 110
0 83
0 97
1 512
0 381
0 243
0 135
0 184
0 37
1 512
0 49
0 41
0 97
0 143
0 62
0 23
0 169
0 87
0 237
0 200
0 156
0 114
0 66
0 135
0 111
0 237
0 77
1 512
0 57
0 89
0 48
0 195
0 501
0 18
0 136
0 335
0 201
0 61
0 85
0 275
0 183
2 512
0 88
0 165
0 181
0 23
0 46
1 512
1 512
0 239
0 99
0 185
0 90
1 512
0 137
0 72
0 177
1 512
0 67
0 148
0 109
0 127
0 219
0 276
0 211
0 226
0 86
0 238
0 413
0 41
0 133
0 90
0 133
0 57
0 203
0 92
1 512
0 111
0 148
0 27
0 81
1 512
0 142
0 23
0 87
0 27
0 74
0 120
0 90
0 66
0 33
1 512
0 154
0 73
1 512
1 512
0 33
0 97
0 96
0 46
0 27
0 135
0 40
0 18
0 451
0 181
1 512
0 39
0 233
0 272
0 26
0 171
0 138
0 213
0 201
0 70
0 268
0 60
1 512
0 28
0 47
0 153
0 234
0 93
0 406
0 156
0 51
0 16
0 72
0 185
1 512
0 259
0 148
1 512
0 444
0 217
1 512
0 100
1 512
1 512
0 376
0 59
0 92
0 67
0 151
0 131
0 62
0 417
0 30
0 279
0 51
0 27
0 101
0 39
0 256
1 512
1 512
0 145
0 232
0 42
0 258
0 191
0 72
0 38
0 253
0 57
0 207
0 133
0 94
0 21
0 486
0 217
1 512
0 58
0 60
0 69
0 84
0 109
1 512
0 117
1 512
0 42
0 88
0 66
0 78
0 208
0 23
0 117
0 58
1 512
0 43
1 512
0 49
0 74
0 172
1 512
0 453
1 512
0 230
0 143
0 110
1 512
0 452
0 80
0 326
0 42
0 116
0 126
0 105
0 151
0 30
0 153
1 512
0 98
0 237
0 160
0 114
0 484
1 512
0 50
0 169
0 54
0 43
0 135
0 452
0 53
0 198
0 49
0 191
0 93
0 386
0 62
0 116
0 39
0 257
0 99
0 493
0 359
0 102
0 57
0 212
0 81
0 233
0 312
0 61
0 211
0 82
0 149
0 104
0 38
0 43
0 163
1 512
0 40
0 58
0 85
0 125
0 135
1 512
0 236
0 106
0 50
1 512
0 402
0 247
0 110
0 137
0 156
0 59
0 41
0 177
0 358
0 113
0 116
0 56
0 100
0 27
0 104
0 241
0 344
0 16
0 67
0 48
0 83
0 167
0 120
0 166
0 157
0 321
0 49
0 180
0 90
0 274
1 512
0 117
0 106
0 147
1 512
0 104
0 75
0 85
1 512
0 49
0 146
1 512
0 449
0 77
0 70
0 28
0 94
0 43
0 41
0 122
0 59
0 87
0 246
0 66
0 330
0 119
0 95
0 260
0 154
0 100
0 140
0 392
0 66
0 31
0 65
0 187
0 27
0 96
0 117
0 211
0 178
0 49
0 304
0 175
0 46
0 96
0 163
0 107
0 104
0 122
0 36
0 199
0 79
0 122
1 512
0 387
1 512
1 512
0 128
0 182
0 139
0 50
0 97
0 70
1 512
0 52
0 144
0 121
1 512
0 90
0 92
1 512
0 58
0 72
0 125
0 170
0 399
0 206
1 512
0 263
0 137
0 49
0 121
1 512
0 210
0 222
0 164
0 350
0 71
0 39
0 441
0 89
0 56
0 69
0 149
0 52
0 223
0 20
0 210
0 38
0 71
0 33
0 166
0 30
0 29
0 29
0 101
0 164
0 77
0 89
0 94
0 49
0 70
0 69
0 49
0 136
1 512
0 65
0 96
0 313
1 512
0 87
0 167
0 238
0 109
0 200
0 127
0 19
0 341
0 21
0 54
0 60
0 119
0 324
0 84
0 82
0 270
0 49
0 97
0 84
0 76
0 60
0 160
1 512
0 66
0 76
1 512
0 52
0 236
0 51
1 512
1 512
0 186
0 197
0 483
0 111
0 47
0 173
0 28
0 323
0 88
0 56
0 116
0 96
0 51
0 44
0 79
0 48
0 148
0 489
0 147
0 54
0 127
0 213
0 133
0 20
0 153
0 45
0 109
0 181
0 150
0 40
0 66
0 41
0 188
0 27
0 261
0 134
0 118
0 93
0 258
1 512
0 133
0 264
0 497
0 327
0 439
0 146
0 158
0 205
0 144
0 66
0 106
0 153
0 185
1 512
0 318
0 512
0 325
1 512
0 116
1 512
0 81
0 49
0 120
0 201
0 113
0 98
0 65
0 423
0 219
0 80
0 109
0 126
0 285
0 96
0 99
0 156
1 512
0 83
2 512
0 101
1 512
0 168
0 36
0 82
0 76
0 194
0 70
0 110
0 104
0 54
0 61
0 120
0 179
1 512
0 65
0 93
0 64
0 64
0 292
0 47
0 368
0 110
0 58
0 52
0 213
0 121
0 70
0 375
0 52
1 512
0 57
0 41
0 424
0 69
0 85
0 173
0 58
0 107
0 123
0 22
0 78
1 512
0 83
0 171
0 168
0 40
0 137
0 165
0 220
0 204
0 434
0 184
0 31
0 366
0 201
0 114
0 306
0 86
0 113
0 103
0 126
0 111
0 494
0 209
1 512
0 31
0 241
2 512
0 78
0 331
0 180
0 157
0 184
0 397
0 82
0 412
0 36
0 62
0 62
0 270
1 512
0 91
0 89
0 131
0 82
1 512
0 84
0 110
0 89
0 94
0 113
0 115
0 138
0 65
0 216
1 512
0 89
2 512
0 280
0 164
0 64
0 70
0 161
0 143
0 109
0 119
0 434
0 509
0 425
0 42
0 215
0 301
0 47
0 43
0 114
0 280
0 42
0 56
0 74
0 85
0 109
0 114
0 111
0 43
0 199
0 108
0 250
0 30
0 202
0 92
0 115
0 17
0 87
1 512
0 52
0 67
0 107
0 33
0 102
0 117
0 81
0 352
0 206
0 93
1 512
0 118
0 52
0 297
0 242
0 237
0 128
0 238
0 409
0 46
0 135
0 87
0 72
0 73
0 40
0 119
0 41
0 77
1 512
0 40
0 147
0 382
0 78
0 88
0 329
0 95
0 40
1 512
0 35
0 121
0 84
1 512
0 110
0 75
0 231
0 196
0 393
0 53
0 157
0 143
0 148
0 87
0 122
0 74
0 123
0 66
0 55
0 491
0 122
1 512
0 43
0 241
0 236
0 204
0 75
0 93
0 62
0 90
0 42
1 512
0 28
0 200
0 129
0 82
0 110
0 140
0 117
0 96
0 43
0 62
0 92
0 52
0 389
0 221
0 93
0 104
0 183
0 160
0 197
0 50
0 179
0 271
1 512
0 131
0 128
0 113
0 36
1 512
0 80
0 80
0 23
1 512
0 98
0 59
0 154
0 70
0 277
0 57
0 376
1 512
0 80
0 124
0 116
0 101
0 29
0 166
0 16
0 64
0 139
0 179
0 119
0 92
0 37
0 68
0 17
0 19
0 111
0 323
0 25
1 512
0 46
0 168
0 218
0 26
0 76
0 49
0 254
0 191
1 512
1 512
0 193
0 73
0 142
0 88
0 178
0 64
0 24
0 508
0 95
0 319
0 138
0 46
1 512
0 83
0 46
0 228
0 65
0 121
0 97
0 162
0 34
0 56
0 21
0 99
0 42
1 512
0 63
0 130
0 154
0 276
0 112
1 512
0 91
0 64
0 143
0 41
0 161
0 215
0 37
0 157
0 63
0 191
0 268
0 83
0 205
0 29
0 100
0 276
0 191
2 512
0 233
0 128
0 84
0 178
0 87
0 109
0 100
0 117
0 34
1 512
0 31
2 512
0 77
0 376
0 132
0 110
0 86
0 68
1 512
0 53
1 512
0 55
0 14
0 95
0 269
0 182
0 150
0 207
0 68
1 512
0 77
0 97
0 36
0 443
0 46
0 173
0 167
0 256
0 237
0 137
0 130
0 43
0 85
0 127
0 109
0 73
0 143
0 92
0 87
0 146
0 98
0 335
0 109
1 512
0 37
0 101
0 110
0 249
0 446
0 76
0 132
0 92
0 443
0 266
0 54
0 489
1 512
0 271
0 114
0 264
0 87
0 218
0 52
0 165
2 512
0 44
1 512
1 512
0 50
0 25
0 110
0 71
1 512
1 512
0 117
0 313
0 68
1 512
1 512
1 512
0 129
1 512
0 79
0 121
0 118
0 83
0 151
0 158
0 208
1 512
0 173
0 83
0 35
0 123
0 101
0 150
0 126
0 142
0 140
0 32
0 217
0 164
0 29
0 182
0 42
0 93
0 96
0 33
0 43
0 100
0 92
0 256
0 122
0 102
0 48
0 36
0 72
0 116
0 57
0 136
0 55
1 512
0 104
0 78
0 167
1 512
0 102
0 71
0 105
0 91
0 100
0 255
0 70
0 156
0 194
0 43
1 512
0 184
0 39
0 121
0 490
0 70
1 512
0 164
0 59
0 55
0 262
0 108
0 306
0 89
0 95
0 96
0 90
0 167
0 29
0 52
0 71
0 31
0 49
0 78
0 202
0 69
0 68
0 144
0 259
0 189
0 163
0 185
0 235
0 65
0 214
0 99
0 52
0 54
0 15
0 115
0 76
0 82
0 171
0 72
2 512
0 78
0 81
0 49
0 202
0 178
0 97
0 90
1 512
0 407
0 35
0 90
0 188
0 130
0 17
0 77
0 44
0 62
0 49
1 512
0 52
1 512
0 122
1 512
0 254
1 512
0 94
0 41
0 238
0 88
0 122
0 352
0 49
0 117
0 84
0 181
0 27
0 100
0 231
0 438
0 141
0 87
0 87
1 512
0 60
0 93
0 43
0 202
0 66
0 33
0 40
1 512
0 73
0 185
0 379
0 77
0 141
0 424
0 102
0 80
0 114
0 110
0 78
0 55
0 253
0 77
0 96
1 512
0 48
0 47
0 437
0 48
0 64
0 58
0 183
0 469
0 300
0 289
0 149
0 50
0 131
0 63
0 174
0 237
1 512
0 156
0 157
0 412
0 175
0 157
0 67
0 150
0 61
0 147
0 192
1 512
1 512
0 37
0 132
0 109
0 122
0 55
0 45
0 91
0 54
0 83
0 34
0 127
0 84
0 234
0 112
0 91
0 84
0 81
0 43
0 65
0 130
0 348
0 134
0 76
0 371
0 272
0 64
0 246
0 413
0 279
0 40
0 88
0 56
0 368
0 148
0 71
0 69
0 47
0 48
0 442
0 92
0 290
0 371
0 155
0 97
0 115
0 81
0 96
0 85
0 63
0 43
0 63
0 109
1 512
0 18
0 102
0 52
0 180
0 88
0 473
0 76
0 48
0 47
0 135
0 99
1 512
0 36
0 172
2 512
0 220
0 117
0 29
0 56
0 312
1 512
0 66
1 512
0 508
0 82
0 87
0 225
1 512
0 44
0 232
0 63
0 36
0 118
0 330
0 32
0 136
0 152
0 69
0 164
0 69
0 101
0 45
0 91
0 86
0 33
0 117
0 35
1 512
0 111
0 32
0 94
0 358
0 149
1 512
0 133
0 295
0 101
0 105
0 424
0 141
0 209
0 23
0 60
0 179
0 55
1 512
0 74
0 130
0 224
0 234
0 76
0 49
2 512
0 429
1 512
0 54
0 49
0 118
0 60
0 121
1 512
0 103
0 54
0 93
0 97
0 180
1 512
0 304
0 98
0 77
0 107
0 162
0 426
0 35
0 81
0 46
0 20
0 19
0 70
0 56
0 157
0 65
0 82
0 210
0 126
0 56
1 512
0 71
1 512
0 58
0 63
0 135
0 180
0 146
0 152
0 73
0 58
0 99
0 276
0 97
0 37
0 34
0 160
0 124
1 512
1 512
0 112
0 44
0 142
0 72
0 153
0 357
0 199
0 440
1 512
0 165
0 71
0 222
0 74
0 168
1 512
0 138
0 52
0 108
0 72
0 98
0 36
0 206
0 64
0 127
0 179
0 25
0 196
1 512
0 377
0 38
0 121
0 50
0 114
0 111
0 91
0 102
1 512
0 65
0 185
0 58
0 34
0 143
0 91
0 114
0 58
0 55
0 390
0 125
0 180
0 202
0 26
0 279
1 512
0 181
0 80
0 174
1 512
0 154
0 370
0 84
0 76
0 53
0 126
0 89
0 49
0 52
0 48
0 445
0 181
0 121
0 72
0 68
0 147
2 512
0 129
1 512
0 117
0 164
0 109
0 160
0 125
0 56
0 95
0 51
0 25
0 66
0 78
0 67
0 166
0 73
0 192
0 32
0 185
0 64
0 61
0 144
0 130
0 30
0 107
0 71
1 512
0 432
0 57
0 98
0 211
0 124
0 99
0 192
0 100
0 247
0 77
0 80
0 93
0 229
1 512
0 210
0 402
0 57
0 47
0 159
0 31
0 201
0 71
0 21
0 47
0 47
0 62
1 512
0 96
0 410
0 36
0 276
0 75
1 512
0 263
0 58
0 90
0 233
0 78
0 143
0 191
0 445
0 62
0 231
0 461
0 40
0 347
0 57
0 97
0 167
0 66
0 70
0 97
0 115
0 427
0 37
0 50
0 215
0 312
0 244
0 39
0 73
0 120
0 48
0 363
0 93
0 94
0 182
0 133
1 512
1 512
0 93
0 159
0 369
1 512
0 192
0 406
1 512
0 171
0 77
0 50
0 79
0 55
0 114
1 512
0 76
1 512
0 104
1 512
0 99
1 512
1 512
0 69
0 54
0 59
0 44
0 149
0 49
1 512
0 62
0 83
0 49
1 512
0 73
0 66
0 43
0 79
0 54
0 91
0 200
0 88
0 152
0 69
0 74
0 231
0 79
0 371
0 35
0 428
1 512
0 31
0 67
0 70
0 166
0 406
0 82
0 77
0 89
0 148
0 60
0 298
0 96
0 61
0 72
0 71
0 191
0 23
0 232
0 210
0 411
0 147
0 43
0 220
0 104
0 91
0 302
1 512
0 101
0 103
0 194
0 389
0 136
0 161
1 512
0 61
0 42
0 34
0 108
0 56
0 194
0 176
0 189
0 23
0 151
0 89
0 198
0 196
0 179
0 120
0 33
0 222
0 33
1 512
0 225
0 152
0 144
0 206
1 512
1 512
0 138
0 49
0 240
0 86
0 291
0 382
0 72
0 25
0 184
1 512
0 76
1 512
0 302
0 84
0 157
0 300
0 109
0 114
0 69
0 243
0 231
0 104
0 255
0 37
0 67
0 98
0 112
0 75
0 52
0 99
0 237
1 512
0 265
0 12
0 220
1 512
0 93
0 62
0 236
0 247
2 512
0 54
0 315
0 454
0 47
0 36
0 96
0 167
0 314
0 168
0 57
0 29
0 396
0 121
0 83
0 240
0 104
0 40
0 415
0 105
0 114
0 198
0 117
0 157
0 61
1 512
1 512
0 135
0 143
0 95
0 52
0 29
0 30
0 116
0 91
0 114
0 83
1 512
0 54
1 512
0 132
2 512
0 444
0 73
0 66
0 117
0 169
0 66
0 143
0 48
0 87
0 73
0 198
0 62
0 50
0 126
0 94
0 128
0 42
0 49
0 73
1 512
0 139
0 358
0 105
0 47
0 24
0 162
0 150
0 186
0 386
0 69
0 64
1 512
0 58
0 88
0 32
0 108
0 260
0 180
0 91
0 84
0 341
0 121
0 142
0 232
1 512
0 80
0 86
0 185
0 109
0 125
0 305
0 72
0 220
0 323
0 141
0 108
1 512
1 512
0 66
0 89
0 38
0 49
0 94
0 79
0 27
1 512
0 175
0 122
0 149
0 172
0 194
0 242
0 138
0 66
0 137
0 160
0 404
0 132
0 132
0 130
0 63
0 92
1 512
1 512
0 73
0 152
0 73
0 214
0 100
0 97
0 112
0 41
1 512
0 68
1 512
0 97
0 162
0 67
0 335
0 42
2 512
0 93
1 512
0 123
0 149
0 61
1 512
0 51
0 133
0 61
0 195
0 398
0 121
1 512
0 90
0 132
0 67
0 313
0 26
2 512
0 83
0 56
0 64
0 69
0 62
0 95
0 61
0 128
0 202
0 84
1 512
0 73
0 135
0 100
1 512
0 299
0 203
0 72
0 145
0 187
0 101
0 108
0 86
0 87
0 172
0 45
0 56
1 512
0 233
0 157
0 262
0 190
2 512
0 243
0 48
0 102
0 184
1 512
0 57
0 241
0 43
0 88
0 84
0 169
1 512
0 406
0 76
0 41
0 17
0 112
0 77
0 86
0 58
0 133
0 264
0 155
0 165
0 238
0 78
0 88
0 83
0 239
0 86
0 55
0 151
0 125
0 49
0 60
0 89
0 83
0 40
0 174
0 90
0 71
0 175
0 97
0 182
0 159
0 167
0 48
0 126
0 114
0 138
0 185
0 60
1 512
0 174
0 97
0 109
0 62
1 512
0 92
0 81
0 89
0 200
1 512
0 121
0 504
0 100
0 77
0 89
0 89
1 512
0 188
0 34
0 144
0 54
0 124
0 85
0 112
0 414
0 60
0 71
0 116
0 147
0 99
0 105
0 57
0 161
0 138
0 177
0 79
0 182
0 112
0 156
0 244
0 78
0 108
0 261
0 88
0 206
0 218
0 336
0 97
0 240
0 138
0 86
0 73
0 58
1 512
1 512
1 512
0 79
1 512
0 52
0 460
0 83
0 265
0 302
0 156
0 127
0 42
0 139
0 153
0 122
0 62
0 144
0 57
0 77
2 512
1 512
0 84
0 368
0 147
0 415
0 170
0 107
0 100
0 140
0 124
0 23
0 285
0 235
0 337
0 379
0 212
0 91
0 136
0 26
0 431
1 512
1 512
0 237
0 169
0 229
0 203
0 499
0 49
0 136
0 233
0 119
0 55
0 235
0 166
0 16
0 72
0 92
0 96
0 58
0 316
0 246
0 93
0 49
0 148
0 30
0 487
0 249
0 172
1 512
0 249
0 72
0 65
2 512
0 108
0 58
0 47
0 180
0 39
1 512
0 474
1 512
0 237
0 38
0 150
0 89
0 90
0 439
0 199
0 483
0 36
0 61
0 15
0 407
1 512
0 446
0 20
0 106
0 496
0 66
1 512
0 109
0 179
0 69
0 116
0 257
0 250
0 56
0 40
0 60
0 39
1 512
0 88
0 70
0 351
0 59
2 512
1 512
0 53
0 157
0 59
0 140
0 53
0 153
0 133
0 131
0 45
0 22
0 40
0 126
0 37
0 105
0 73
0 65
0 104
1 512
0 47
0 20
0 230
0 310
0 384
0 143
0 26
0 115
0 44
0 44
0 138
1 512
0 70
1 512
0 58
0 100
0 188
1 512
0 79
0 183
0 484
0 226
1 512
0 172
0 36
0 362
0 51
0 130
0 55
0 28
1 512
0 216
0 96
0 37
0 28
0 43
0 88
0 257
0 64
0 40
0 82
0 51
0 48
0 112
0 108
0 362
0 48
0 442
0 158
0 91
0 74
0 173
0 23
0 69
1 512
0 67
0 247
0 99
0 134
1 512
0 257
0 80
0 41
0 101
0 154
0 287
0 93
1 512
0 92
0 120
0 58
0 202
0 111
0 104
1 512
0 126
1 512
1 512
0 28
0 141
0 30
0 77
0 108
0 77
0 199
0 138
1 512
0 132
0 55
2 512
0 65
0 193
0 79
0 31
0 66
0 134
0 215
0 383
0 190
0 501
0 43
0 450
0 54
0 140
0 181
0 112
0 87
0 214
1 512
0 50
0 326
0 367
0 61
0 159
0 278
0 44
0 133
0 64
0 128
0 44
0 77
0 34
0 234
0 47
0 61
0 21
0 93
0 41
0 131
0 39
0 70
0 163
0 143
0 177
0 101
1 512
0 82
0 121
0 33
0 80
1 512
0 423
0 254
0 161
0 96
0 62
0 48
0 165
0 65
0 11
0 107
0 158
0 60
0 333
0 37
0 42
1 512
0 290
0 165
1 512
0 192
0 43
0 151
0 236
0 84
0 74
0 118
0 57
0 436
0 47
0 44
1 512
0 195
0 258
0 109
0 79
0 84
0 24
0 219
0 417
0 31
0 276
0 143
0 88
0 112
0 193
1 512
0 32
0 26
1 512
1 512
0 67
0 511
0 96
0 37
0 127
0 67
0 31
0 114
0 126
0 71
0 499
0 90
0 74
0 37
0 121
0 149
0 69
1 512
0 109
0 128
0 117
0 94
0 155
0 235
0 123
0 101
0 183
0 362
0 210
0 108
0 307
1 512
0 63
2 512
0 127
0 153
0 135
0 66
0 72
0 247
0 104
0 178
1 512
0 52
0 57
0 55
0 94
0 242
0 117
0 315
0 391
0 164
0 117
0 14
0 134
0 229
0 91
0 270
0 54
0 84
0 186
0 406
0 350
0 29
0 46
0 76
0 49
0 142
0 82
0 219
0 120
0 74
0 118
0 92
0 118
0 73
0 14
0 90
0 119
0 68
0 102
0 164
0 162
0 14
0 113
0 29
0 88
0 61
0 94
0 38
0 130
0 43
1 512
0 160
0 306
0 243
0 41
1 512
0 110
0 122
0 83
0 37
0 142
0 46
0 203
0 288
0 32
0 359
0 71
0 250
0 323
0 19
0 199
0 42
0 386
0 139
0 246
0 162
0 366
0 81
0 118
0 79
0 56
1 512
0 183
0 64
0 51
0 52
0 55
0 154
0 33
0 259
0 89
0 72
0 69
0 46
0 112
0 29
0 240
0 73
0 133
0 106
0 198
0 158
1 512
0 30
0 113
0 199
0 90
0 43
0 121
0 218
0 74
1 512
0 77
0 190
0 43
0 43
0 168
0 124
2 512
0 265
0 372
0 159
0 62
1 512
0 35
0 75
0 59
0 124
0 103
0 39
0 176
0 21
1 512
1 512
0 101
0 125
0 202
0 82
0 28
0 203
0 338
0 23
0 107
0 233
0 104
0 81
0 61
0 314
0 144
0 494
0 116
0 311
0 167
0 145
0 61
1 512
1 512
0 148
0 109
0 146
0 101
0 436
0 108
0 286
0 237
1 512
1 512
0 73
0 148
0 145
0 329
0 84
0 299
0 171
0 47
0 89
0 55
0 44
0 16
2 512
0 225
1 512
0 80
1 512
1 512
0 99
0 45
1 512
0 23
0 153
0 311
0 71
0 226
0 24
0 54
0 87
0 96
3 512
0 33
2 512
0 131
1 512
0 141
0 53
1 512
0 204
0 288
1 512
0 195
0 42
0 90
0 22
0 157
0 101
0 96
0 91
0 119
0 185
0 125
0 142
0 43
0 134
1 512
0 110
0 33
0 195
0 59
0 355
0 80
0 124
0 167
0 95
0 53
1 512
0 73
0 62
0 269
0 359
0 32
0 17
2 512
1 512
0 57
0 107
0 72
0 75
0 45
0 47
0 60
0 41
0 374
0 81
0 39
0 298
0 214
0 39
0 95
0 60
0 47
0 161
0 124
0 97
0 151
0 192
1 512
0 179
2 512
0 437
0 94
0 102
0 54
1 512
1 512
0 59
0 92
0 125
1 512
0 234
1 512
0 21
0 32
0 36
0 117
1 512
0 168
0 230
0 393
0 133
0 51
0 26
0 73
0 112
0 163
0 43
0 101
0 133
0 95
1 512
0 205
0 331
0 182
0 65
0 173
1 512
0 274
0 146
0 45
0 26
0 92
0 93
0 105
0 65
0 18
0 142
0 63
0 274
1 512
0 500
0 339
2 512
0 36
0 45
0 95
0 503
0 161
0 32
0 22
0 102
0 23
0 46
1 512
1 512
0 38
0 22
0 183
0 189
0 31
0 76
0 38
0 109
0 46
0 76
0 82
1 512
0 79
0 56
0 14
1 512
0 490
0 71
0 32
0 370
0 15
0 53
0 189
0 82
2 512
0 129
0 38
0 39
0 35
0 162
0 203
0 197
0 53
0 48
1 512
0 77
0 190
0 148
0 97
0 221
0 242
0 231
0 86
0 152
0 68
0 46
0 119
0 108
0 183
0 49
1 512
0 61
1 512
0 38
0 413
0 135
0 70
0 165
1 512
0 39
0 59
0 49
0 51
0 88
0 71
1 512
0 83
0 141
0 118
0 205
0 35
2 512
0 96
0 97
0 243
0 50
0 36
0 73
0 102
0 152
0 67
0 131
1 512
0 90
0 71
0 75
0 219
0 243
0 511
0 83
0 43
0 72
0 46
0 212
0 86
0 167
0 152
0 255
1 512
0 230
1 512
0 117
0 82
0 51
0 89
0 69
0 153
0 98
0 33
0 206
0 145
0 77
0 186
0 54
0 118
0 78
0 203
0 49
0 77
0 24
0 135
0 45
1 512
0 230
0 89
0 118
1 512
0 226
0 92
0 47
0 78
0 134
1 512
0 49
0 181
0 132
0 71
0 74
0 22
0 57
1 512
0 42
1 512
0 245
0 38
0 432
0 208
0 207
0 238
0 113
0 129
0 240
0 98
0 75
0 17
0 103
0 57
0 83
0 70
1 512
0 72
0 127
0 108
0 349
0 125
0 90
0 137
0 84
0 74
0 46
0 81
0 51
0 27
0 73
0 76
0 277
0 44
0 187
0 83
0 241
0 138
0 59
0 30
0 131
0 55
0 27
0 44
0 205
0 62
0 144
0 127
0 130
0 27
1 512
0 84
0 170
0 42
0 75
0 119
0 61
0 381
0 75
0 131
0 46
0 229
0 231
0 259
1 512
0 461
0 64
0 250
0 50
1 512
0 80
0 34
0 108
0 132
0 140
0 96
0 83
0 180
0 292
1 512
0 69
0 97
0 287
1 512
0 61
0 188
0 39
1 512
0 153
0 140
0 129
0 201
0 335
0 61
1 512
0 132
0 377
0 39
0 54
0 40
0 52
0 118
0 169
0 41
0 505
0 193
0 82
0 66
0 474
0 107
0 134
0 155
0 97
0 454
0 57
0 101
0 25
0 111
0 188
0 108
0 153
0 159
1 512
1 512
0 102
0 38
0 32
0 201
0 407
0 109
0 91
0 51
0 98
0 69
0 38
0 81
0 36
0 66
0 163
0 353
0 100
0 204
0 346
0 226
0 60
0 106
0 405
0 276
1 512
1 512
0 33
0 365
0 67
0 129
0 507
0 112
0 63
0 57
1 512
0 136
0 149
0 202
0 57
0 147
0 211
0 39
0 28
0 206
0 238
0 168
0 453
0 67
0 30
0 165
0 31
0 43
0 138
0 86
0 168
0 65
0 112
0 106
0 55
0 15
0 73
1 512
0 49
1 512
0 199
0 134
0 265
0 42
0 121
0 118
0 178
0 140
0 65
0 141
1 512
0 313
0 61
0 331
0 111
0 77
0 49
0 358
1 512
0 333
0 134
0 58
0 70
0 139
0 62
0 205
0 48
1 512
0 173
1 512
0 190
0 238
0 146
0 75
1 512
0 76
0 46
0 116
0 168
0 69
1 512
0 352
2 512
0 379
0 364
0 178
0 119
0 53
0 113
0 416
0 106
0 47
1 512
0 28
1 512
0 72
0 106
1 512
0 15
0 322
0 467
0 95
0 59
0 69
0 135
0 26
0 47
0 110
1 512
0 285
0 191
0 167
0 117
0 81
0 217
1 512
0 76
3 512
0 72
0 190
0 103
0 103
0 43
0 148
0 46
0 45
1 512
0 222
0 119
0 193
0 14
0 129
0 84
2 512
0 105
0 89
0 172
0 56
0 211
0 111
0 151
0 63
1 512
0 187
0 76
0 126
0 153
0 56
0 128
0 149
0 98
0 79
0 106
1 512
0 92
0 210
0 179
0 209
2 512
0 159
0 82
0 187
0 175
0 158
0 132
0 295
0 96
0 118
0 141
1 512
0 73
2 512
0 418
0 149
1 512
0 86
0 52
0 40
0 94
0 139
0 227
0 130
0 20
1 512
0 220
0 95
1 512
0 283
0 179
0 67
0 126
0 52
0 40
0 146
0 104
0 37
0 56
0 46
0 37
0 49
0 460
0 69
0 94
0 220
0 142
0 57
0 142
0 166
0 57
0 135
0 230
0 68
0 52
0 256
0 75
0 190
0 64
1 512
0 187
0 78
0 129
0 78
0 65
0 76
0 82
0 88
0 90
0 121
0 82
0 120
0 172
0 55
0 72
0 291
0 220
1 512
0 270
0 100
0 243
0 58
0 143
1 512
0 337
0 91
1 512
0 176
0 105
0 59
0 55
0 410
0 59
0 151
0 84
0 196
0 103
0 50
0 36
0 56
0 72
0 71
0 23
0 163
0 94
0 104
0 237
0 44
0 132
0 22
0 152
0 103
0 99
0 105
0 40
0 25
0 244
0 78
0 181
0 46
0 188
0 200
0 76
0 133
0 323
0 76
0 118
0 122
0 212
0 495
0 123
0 137
1 512
0 128
0 47
0 119
0 35
1 512
0 101
0 22
0 142
0 83
0 223
0 16
0 70
0 92
0 50
1 512
0 125
1 512
0 60
0 170
0 25
1 512
0 166
0 98
0 288
0 67
0 187
1 512
0 68
0 99
0 178
0 23
0 148
0 140
0 224
0 58
0 33
0 378
0 36
0 46
1 512
0 81
0 23
0 69
0 115
0 208
0 73
0 99
0 43
0 280
0 100
0 131
0 31
0 126
0 69
0 149
0 157
0 50
0 17
0 160
0 75
0 100
0 17
0 101
0 41
0 33
2 512
0 119
0 155
0 60
0 98
0 48
0 170
0 181
0 70
0 48
0 484
0 344
0 37
1 512
0 60
0 124
1 512
0 55
0 70
0 137
0 123
0 48
1 512
0 128
0 68
0 123
0 192
0 74
0 416
0 141
0 129
0 113
0 65
0 19
0 157
0 63
0 233
0 118
0 100
0 28
1 512
0 186
0 67
0 68
1 512
0 77
0 39
1 512
0 36
0 67
0 68
0 53
0 132
0 35
0 72
0 48
0 287
0 245
0 105
0 177
0 60
0 62
0 349
0 86
0 160
0 66
0 61
0 82
0 162
0 56
0 35
0 84
0 152
0 348
0 20
0 231
0 110
0 236
0 350
0 93
0 172
0 75
1 512
0 58
0 126
0 160
0 344
0 112
0 193
0 496
0 70
0 247
0 111
0 32
0 25
1 512
0 57
1 512
0 312
0 93
0 173
0 59
0 125
0 109
0 144
0 238
0 103
0 29
0 294
0 27
0 134
0 63
0 77
0 84
1 512
0 42
0 124
0 272
0 33
0 102
0 46
0 58
0 232
0 210
0 425
0 37
1 512
0 86
0 343
0 39
0 334
0 55
0 13
0 96
1 512
0 197
0 82
0 82
0 60
0 74
0 22
0 91
0 57
0 176
0 78
1 512
1 512
0 109
0 26
0 61
0 44
0 106
0 123
0 55
1 512
0 184
0 33
0 62
0 107
0 61
1 512
0 121
0 82
0 68
0 150
0 179
1 512
0 69
0 275
0 38
0 178
0 109
0 148
0 356
0 38
0 82
0 244
0 44
0 51
0 477
0 57
0 118
0 46
0 160
1 512
0 133
1 512
0 167
0 325
0 141
0 330
0 48
0 163
0 65
0 252
0 147
0 160
1 512
0 80
0 37
0 67
1 512
0 74
0 72
0 33
0 292
0 168
0 156
0 22
0 38
0 126
0 60
0 231
0 54
0 149
0 79
0 151
0 37
0 64
0 183
0 41
0 179
1 512
0 163
0 124
0 96
0 71
0 107
0 511
0 71
0 78
0 110
0 68
1 512
0 178
0 70
0 209
2 512
0 113
1 512
0 116
0 220
0 65
0 71
1 512
0 153
1 512
0 207
0 108
0 92
0 96
0 115
0 27
0 79
0 74
0 109
0 49
0 67
0 34
1 512
0 63
0 26
0 222
0 115
0 196
0 512
0 45
0 55
0 400
0 43
0 144
0 395
0 45
1 512
0 197
1 512
2 512
0 68
0 103
0 35
0 64
0 84
0 27
0 139
0 40
0 90
0 116
0 44
1 512
0 211
0 133
0 122
0 360
0 24
0 18
0 228
0 95
0 241
0 204
0 106
0 130
0 177
0 94
0 109
0 48
0 130
0 281
0 70
0 342
0 25
0 67
0 189
0 170
0 376
0 57
0 135
0 215
0 43
0 132
0 61
0 134
0 97
0 65
0 143
0 37
0 189
0 481
0 80
0 79
0 22
0 25
0 207
0 156
1 512
0 152
0 153
0 75
0 27
0 318
2 512
1 512
0 244
0 209
0 83
0 150
0 316
1 512
0 107
0 36
0 40
0 98
0 340
0 271
0 13
0 75
1 512
0 166
0 92
0 110
1 512
0 127
0 178
1 512
0 67
0 52
0 119
1 512
1 512
0 449
0 84
0 57
0 68
0 172
0 91
0 26
0 248
0 65
0 186
0 63
0 20
0 72
0 94
0 129
0 98
0 29
0 115
0 138
1 512
0 20
0 139
0 153
0 310
0 35
0 173
0 213
0 22
0 232
0 415
0 143
0 43
0 61
0 85
0 99
0 139
0 106
0 28
0 248
0 79
0 247
0 87
0 228
0 98
0 221
0 67
0 87
0 459
0 98
0 80
0 154
0 101
0 157
0 80
0 108
0 48
0 175
0 139
0 70
0 136
0 127
0 169
0 99
0 154
0 97
0 51
0 342
1 512
0 500
0 127
0 151
0 152
0 61
0 35
2 512
0 97
0 46
0 130
0 470
0 50
1 512
0 46
0 29
0 56
0 35
0 57
0 188
0 91
0 204
0 126
0 211
0 150
0 109
0 96
0 68
0 85
0 74
0 333
0 83
0 69
0 64
0 92
0 242
0 49
0 103
0 453
0 206
0 79
0 53
0 185
1 512
0 90
0 112
0 171
0 73
0 146
0 50
0 66
0 201
0 230
0 68
0 138
0 217
0 131
0 148
0 76
0 61
0 183
0 207
0 198
0 60
0 186
0 154
0 179
0 95
0 42
0 36
0 146
0 71
0 64
0 214
1 512
0 23
0 137
0 134
0 122
0 105
0 152
0 42
0 89
0 104
0 136
0 84
0 90
0 368
0 169
0 149
0 63
0 147
0 134
0 239
0 188
0 133
0 67
0 158
0 71
0 22
0 472
0 67
0 31
0 28
0 166
0 19
1 512
1 512
0 73
0 63
0 153
0 68
0 152
0 166
0 118
0 66
0 207
0 140
0 254
0 36
0 32
0 37
0 188
0 40
0 336
1 512
0 83
0 170
0 430
0 374
0 107
0 78
0 35
0 45
0 484
0 114
0 201
2 512
0 61
0 51
0 160
0 172
0 19
0 183
1 512
0 161
1 512
0 255
0 84
0 105
0 179
0 225
0 47
0 90
0 77
0 106
0 98
0 41
0 207
0 53
0 138
0 101
0 45
0 96
0 98
0 40
0 313
0 97
0 316
0 203
0 42
0 93
0 45
0 49
0 329
0 311
0 20
1 512
0 23
1 512
0 30
0 43
0 53
0 57
1 512
1 512
0 150
0 118
0 75
0 66
0 57
0 119
0 175
0 21
0 328
0 100
0 388
0 130
0 41
0 105
0 71
0 65
1 512
1 512
0 36
0 13
0 57
0 244
0 33
0 44
0 130
0 92
0 41
0 26
0 422
0 54
0 91
0 109
0 119
1 512
0 127
0 143
0 178
0 128
0 51
0 154
0 45
0 121
0 281
0 118
0 68
0 100
0 386
0 121
0 44
0 98
0 18
1 512
0 71
0 173
1 512
0 97
0 192
0 50
0 125
1 512
0 117
1 512
0 133
1 512
1 512
0 57
0 105
1 512
0 19
1 512
1 512
0 180
0 81
0 116
0 47
0 44
0 43
1 512
0 175
0 133
0 85
0 271
0 147
0 120
0 68
0 384
0 128
0 35
1 512
0 237
1 512
1 512
0 398
0 76
0 39
0 94
0 165
0 135
0 76
0 136
0 110
1 512
