# SA for random K-SAT
# K = 3   N = 4096   M = 15360   seed = 1600754127
# alpha = 3.750000   nIter = 1024  Tmax = 0.200000
# 1:lowestUnsat  2:runTime
1 1024
0 497
0 458
0 492
0 709
0 372
0 337
0 405
2 1024
0 467
0 406
0 307
0 382
0 312
0 872
0 531
0 540
1 1024
2 1024
0 363
0 517
0 477
0 347
0 421
0 339
0 491
0 557
0 338
0 499
0 476
0 436
0 314
0 485
0 808
0 418
0 535
1 1024
0 563
0 350
0 394
3 1024
0 481
0 416
0 842
0 302
0 294
0 1020
0 422
0 583
0 376
2 1024
0 456
0 486
0 725
0 793
0 943
0 493
1 1024
0 230
0 470
0 367
1 1024
1 1024
0 415
0 306
0 343
0 553
0 380
0 366
0 283
0 436
0 944
0 426
1 1024
0 446
0 336
0 401
0 360
0 595
0 445
0 379
0 416
0 396
0 419
0 649
0 651
0 464
0 497
0 830
0 420
0 322
0 398
0 594
0 416
0 400
0 591
0 656
0 493
0 740
0 627
0 861
0 463
0 411
0 434
0 370
0 639
0 287
0 780
0 990
0 412
0 299
0 296
0 425
0 513
0 317
1 1024
0 887
0 287
0 372
0 370
0 379
0 287
0 340
0 498
0 341
0 378
0 352
0 478
0 682
0 916
0 330
0 374
0 833
0 870
0 389
0 554
0 367
0 434
0 665
0 406
2 1024
0 293
0 396
0 437
0 532
0 406
0 286
0 345
0 471
0 427
0 989
0 485
1 1024
0 783
0 356
0 480
0 294
0 900
0 709
1 1024
0 546
0 557
0 472
0 347
0 353
0 430
0 668
0 399
0 636
0 732
0 451
0 651
0 419
0 360
0 369
0 332
0 301
0 745
0 348
0 516
0 350
0 450
0 348
0 525
0 374
0 687
0 308
0 504
1 1024
0 364
0 464
0 603
0 335
1 1024
0 639
0 651
0 384
0 300
0 530
0 562
0 526
1 1024
0 362
0 474
0 316
0 426
0 572
0 398
0 345
0 744
0 349
0 355
0 564
0 767
0 466
0 363
0 402
0 541
0 327
0 470
0 440
0 733
0 667
0 442
0 319
0 305
1 1024
0 492
0 408
0 398
0 330
0 914
0 393
0 812
0 282
0 278
0 275
0 789
0 362
0 996
1 1024
0 306
0 308
0 675
0 368
0 341
0 530
0 473
0 356
0 575
0 299
1 1024
0 529
0 427
0 508
0 360
0 510
0 489
0 319
1 1024
0 468
0 468
0 416
0 360
0 315
0 417
0 424
0 613
1 1024
0 563
0 461
1 1024
0 364
0 345
0 554
0 428
0 258
0 275
0 515
0 858
0 845
0 715
0 365
0 478
0 595
0 719
0 507
0 466
0 335
0 408
0 527
0 803
0 387
0 379
0 288
0 402
0 535
0 285
0 409
0 962
0 636
0 386
0 712
0 684
0 563
0 905
0 302
0 448
0 833
0 456
0 502
0 420
0 582
0 813
0 395
1 1024
0 448
0 868
0 394
0 440
0 367
0 763
0 551
0 351
0 503
0 384
0 910
0 463
0 292
0 222
0 612
0 468
0 322
0 596
0 353
1 1024
0 446
0 511
0 345
0 293
0 702
0 547
0 435
0 360
0 537
0 353
0 459
0 561
0 362
0 710
0 468
0 310
0 508
0 420
0 738
0 758
0 375
0 623
0 410
0 478
0 586
0 529
0 325
0 976
0 400
0 475
0 516
1 1024
0 406
0 309
0 379
0 355
0 784
0 740
0 421
0 613
0 492
0 608
0 330
0 395
0 675
0 280
0 620
1 1024
0 323
0 272
0 426
0 602
0 736
0 338
0 489
0 322
0 406
0 351
0 441
0 411
0 277
1 1024
0 313
0 762
0 523
0 459
0 508
0 316
0 474
0 951
0 546
0 301
1 1024
0 479
0 402
0 284
0 477
0 510
0 404
0 625
1 1024
0 375
0 702
0 333
0 534
0 482
0 344
1 1024
0 439
0 367
0 682
0 531
0 479
0 489
0 446
0 462
0 380
0 342
0 754
0 1023
0 623
0 437
1 1024
0 581
0 444
0 646
0 631
0 380
0 604
0 606
0 860
0 288
0 303
1 1024
0 598
0 372
0 564
0 745
1 1024
0 406
0 369
1 1024
0 466
0 566
0 492
0 430
0 326
0 564
0 497
1 1024
0 344
0 852
0 615
0 426
0 413
0 381
0 454
0 662
0 524
0 221
0 416
0 332
0 592
0 356
0 311
0 512
0 794
0 437
0 361
0 604
0 295
0 607
0 319
0 683
0 528
0 475
0 437
0 367
0 840
0 417
0 723
0 290
0 900
0 320
0 542
0 361
0 366
0 445
0 613
0 322
0 359
0 336
0 492
0 399
0 291
0 333
0 796
0 413
0 580
0 702
0 432
0 635
0 523
0 496
0 397
0 335
0 528
0 816
0 436
0 540
0 389
0 407
0 558
0 965
0 444
0 772
0 344
0 331
0 420
0 405
0 358
0 361
1 1024
0 342
0 538
0 590
0 350
0 352
0 502
0 469
0 409
0 806
0 387
0 763
0 863
0 654
0 502
0 527
0 484
0 509
1 1024
0 295
0 320
0 485
0 408
0 372
0 934
0 906
0 382
0 301
0 532
0 495
0 316
1 1024
0 483
0 461
0 582
0 588
0 369
1 1024
0 375
0 468
0 361
0 304
0 330
0 541
0 669
0 334
0 433
0 450
0 441
0 507
0 531
0 542
0 574
0 285
0 586
0 473
0 805
0 690
0 449
0 646
0 456
0 390
0 362
0 898
0 402
0 319
0 509
0 296
1 1024
0 516
0 398
0 954
0 441
0 530
0 463
0 591
0 469
0 371
0 355
0 376
0 417
1 1024
0 670
0 709
0 328
0 384
0 442
0 329
0 392
0 487
0 450
0 590
0 490
0 365
0 395
0 477
0 343
0 365
0 379
0 445
0 535
0 388
0 228
0 586
0 406
0 362
0 434
0 624
0 978
0 438
0 641
0 507
0 440
0 529
0 468
0 899
0 600
1 1024
0 588
0 285
0 601
0 625
0 508
1 1024
0 476
0 326
0 368
0 430
0 481
0 451
0 314
0 853
0 277
0 313
0 260
0 547
0 316
0 287
0 339
0 563
0 530
0 403
0 320
0 461
0 364
1 1024
0 342
0 501
0 438
0 403
1 1024
0 523
0 558
0 442
0 568
0 353
0 660
0 349
0 950
0 374
0 539
0 252
0 536
0 839
0 396
0 457
0 396
0 364
1 1024
0 557
0 606
0 822
0 650
0 314
0 311
0 404
0 439
0 470
0 331
0 493
1 1024
0 399
0 455
0 273
0 735
0 280
0 518
1 1024
0 446
0 935
1 1024
0 437
0 364
0 467
0 416
0 410
0 437
0 343
0 333
0 414
0 386
0 574
0 482
0 391
0 656
1 1024
0 461
0 353
0 505
0 477
0 478
0 460
0 336
0 498
0 427
0 568
0 382
0 435
0 298
0 373
0 418
1 1024
0 348
0 373
0 354
0 498
0 555
0 386
0 512
0 302
0 594
0 718
0 335
0 429
0 338
0 603
0 353
0 462
0 353
0 391
0 782
0 389
0 623
0 447
0 206
0 758
0 360
0 344
0 489
0 463
0 509
0 395
0 459
0 328
0 955
0 523
0 549
0 301
0 355
0 473
0 693
0 593
0 654
0 486
0 873
1 1024
0 418
0 694
0 394
0 488
0 527
0 599
0 525
0 523
0 414
0 551
0 940
0 595
0 421
0 476
0 466
0 587
0 413
0 299
0 473
0 606
0 359
0 415
0 502
1 1024
0 434
0 551
0 978
0 475
0 406
0 331
0 780
0 347
0 439
0 413
0 661
0 465
0 326
0 285
0 510
0 436
0 528
0 365
0 455
0 403
0 386
0 446
0 416
0 644
0 296
0 357
0 368
0 360
0 425
0 444
0 587
0 426
0 1016
0 368
0 415
0 422
0 492
0 379
0 319
0 879
1 1024
0 271
0 345
1 1024
0 582
0 791
0 332
0 400
0 642
1 1024
0 565
0 321
0 339
0 536
0 365
0 364
0 507
0 368
0 673
0 385
0 387
0 685
0 423
0 803
0 804
0 533
0 724
0 411
0 559
0 462
0 460
0 359
0 279
0 483
0 401
0 353
0 376
0 409
0 517
0 364
0 335
0 996
0 397
0 343
0 375
0 407
1 1024
0 541
1 1024
0 356
0 488
0 305
0 599
0 516
0 389
0 391
0 438
0 620
0 566
0 424
0 386
0 361
0 302
0 720
0 493
0 617
0 807
0 496
0 326
0 581
0 577
0 530
1 1024
0 473
0 642
0 970
0 903
0 402
0 432
0 489
0 534
0 408
0 307
0 801
0 530
0 325
0 358
0 453
0 466
0 355
0 573
0 272
0 352
0 397
0 982
1 1024
0 983
1 1024
0 434
0 396
0 878
0 319
1 1024
0 452
0 345
0 467
0 433
0 579
0 641
0 266
0 562
0 356
0 871
0 535
0 981
0 386
0 556
0 490
0 354
0 563
0 452
0 660
0 355
0 334
0 337
0 447
0 558
0 433
0 540
0 291
0 315
0 581
1 1024
0 520
0 334
0 638
0 447
0 390
0 413
0 575
0 403
1 1024
0 656
0 349
0 472
0 318
0 250
0 897
0 384
0 367
0 583
0 597
0 357
0 527
1 1024
0 361
0 525
0 368
0 339
0 519
0 300
0 491
0 287
0 346
0 224
1 1024
0 775
0 414
0 377
0 440
0 396
0 439
0 414
0 697
0 326
0 528
0 636
0 455
0 618
0 309
0 336
0 347
0 449
0 343
0 408
0 583
0 650
0 345
1 1024
0 459
0 343
2 1024
0 537
0 266
0 867
0 792
0 336
0 670
0 367
0 348
0 316
0 593
0 484
0 462
0 563
1 1024
0 656
0 237
0 540
0 414
0 364
0 389
0 601
0 414
1 1024
0 631
0 365
0 321
0 275
0 353
0 1000
0 495
0 251
0 318
1 1024
0 360
0 551
0 378
0 364
0 577
0 275
0 370
0 620
0 371
0 488
0 472
0 724
0 483
0 459
0 681
0 415
0 578
0 424
0 398
0 327
0 960
0 702
0 368
0 641
1 1024
0 671
0 348
0 530
1 1024
0 418
0 438
0 336
0 378
0 624
0 728
1 1024
0 396
0 446
0 440
0 456
0 501
0 497
0 339
0 342
0 496
0 430
0 529
0 324
1 1024
0 412
0 593
0 498
0 337
0 496
0 279
0 325
0 609
0 724
0 530
0 352
0 1004
0 339
0 381
0 337
0 394
0 750
0 424
0 375
0 474
0 382
0 652
1 1024
0 318
0 383
0 762
0 398
0 333
0 343
0 556
0 284
0 494
0 350
0 638
0 587
0 411
0 422
0 682
0 686
0 723
0 406
1 1024
1 1024
0 495
0 818
0 410
0 587
0 448
1 1024
0 518
0 437
0 784
0 410
0 544
0 479
0 421
0 410
0 274
0 345
0 402
0 420
0 462
0 590
0 412
0 765
0 528
0 724
0 376
0 647
0 398
0 426
0 346
0 322
0 854
0 439
1 1024
0 376
0 866
0 444
0 634
0 331
0 312
0 367
0 467
0 315
0 298
1 1024
0 543
0 593
0 445
0 306
1 1024
0 425
0 291
0 592
0 576
0 276
0 1009
1 1024
0 618
0 354
0 379
0 250
0 707
0 420
1 1024
0 358
0 548
0 423
0 417
0 799
0 666
0 658
0 351
0 364
0 410
0 326
0 362
0 429
0 566
0 683
0 585
0 400
0 345
0 348
0 292
0 381
0 477
0 402
1 1024
0 435
0 758
1 1024
0 522
0 322
0 741
1 1024
0 807
0 585
0 377
0 439
0 310
0 462
0 397
0 509
0 224
0 401
0 367
0 324
0 413
0 368
0 337
0 496
0 702
0 216
1 1024
0 377
0 449
1 1024
0 413
0 564
0 582
0 385
0 319
0 575
0 304
0 756
0 353
0 640
0 521
0 786
0 522
0 302
1 1024
0 790
0 316
0 579
0 357
0 441
0 590
0 520
0 467
0 271
0 405
0 829
0 540
0 628
0 358
0 364
0 387
0 589
0 378
0 304
0 467
0 302
0 292
0 494
0 896
0 514
0 880
0 730
0 345
0 505
0 389
0 357
0 332
0 549
0 421
0 417
0 420
1 1024
0 316
0 448
0 323
0 716
0 640
0 388
0 385
0 452
0 529
0 386
0 399
0 686
0 338
0 611
0 513
0 319
0 431
0 350
0 506
0 727
0 439
0 454
0 454
0 361
0 469
0 306
0 322
0 407
0 500
0 349
0 415
0 988
0 345
0 654
0 420
0 447
0 310
0 335
0 363
0 746
0 807
0 330
0 1016
0 586
0 403
0 531
0 312
1 1024
0 553
0 321
0 351
0 338
0 515
0 741
0 359
0 348
0 307
0 298
0 492
0 685
0 642
1 1024
0 476
0 367
0 302
0 332
0 581
0 444
0 286
0 282
0 475
0 472
0 574
0 353
0 435
0 333
0 420
0 452
0 772
0 949
0 616
0 853
0 454
0 326
0 266
0 501
0 220
0 745
0 741
0 647
0 313
0 504
0 320
0 441
0 608
0 1010
0 340
0 275
0 416
0 338
0 495
0 859
0 307
0 357
0 653
1 1024
0 839
1 1024
0 401
0 399
1 1024
0 750
0 683
0 333
0 668
0 336
0 413
0 376
0 646
0 279
0 384
0 662
0 756
0 508
0 599
0 620
0 287
0 356
0 425
0 450
0 521
0 410
0 832
1 1024
0 352
0 376
0 307
0 489
0 473
0 328
0 412
0 394
0 414
0 730
1 1024
0 353
0 570
0 351
0 574
0 630
0 535
0 331
0 483
0 406
0 367
0 423
0 434
0 662
0 451
1 1024
0 827
0 403
0 342
0 403
0 490
0 567
0 882
0 344
0 367
0 351
0 537
0 739
0 357
0 983
0 638
0 285
0 510
0 320
0 391
0 367
0 435
0 255
0 316
0 511
0 923
1 1024
0 353
0 478
0 462
1 1024
0 330
0 419
0 467
0 317
0 424
0 358
0 472
1 1024
0 384
0 586
0 350
0 333
0 320
0 355
0 328
0 304
0 528
0 379
0 364
0 608
0 366
0 340
0 493
0 631
1 1024
0 477
0 382
0 398
0 450
0 432
1 1024
0 509
0 542
0 591
0 651
0 411
0 427
0 451
1 1024
0 300
0 376
0 524
1 1024
1 1024
0 353
0 736
0 437
0 569
0 371
0 825
0 479
0 388
0 495
0 538
0 380
0 775
0 321
0 755
0 408
0 378
0 401
0 403
0 514
0 338
0 780
0 381
0 463
0 405
0 386
0 536
1 1024
0 427
0 317
0 450
0 332
0 323
0 771
0 515
0 342
0 247
0 532
0 344
0 1004
0 875
1 1024
0 325
0 557
1 1024
0 558
0 516
0 358
1 1024
0 374
0 600
0 669
0 500
0 663
0 481
0 557
0 667
0 939
0 403
0 513
0 635
0 464
0 882
0 353
0 555
0 505
0 356
1 1024
0 625
0 298
0 456
0 393
0 438
0 268
0 728
0 589
0 1024
0 399
1 1024
0 534
0 391
0 253
0 352
0 557
0 353
0 310
0 382
0 399
0 229
0 502
0 289
0 402
0 650
0 516
0 991
0 633
0 457
0 467
0 326
0 704
0 359
0 550
0 391
0 276
0 326
0 539
0 348
0 856
0 676
0 932
0 404
0 575
0 515
0 320
0 401
0 278
0 946
0 472
0 268
0 543
0 559
0 419
0 539
0 371
0 370
0 551
0 346
0 361
1 1024
1 1024
0 367
0 348
1 1024
0 515
0 419
0 291
0 417
0 476
0 676
1 1024
0 299
0 862
0 447
0 309
0 514
0 641
0 523
0 366
0 277
0 436
0 430
0 378
0 548
0 379
0 499
1 1024
0 302
1 1024
0 381
0 338
0 367
0 290
0 608
2 1024
0 550
0 529
0 467
0 509
1 1024
0 772
0 441
0 713
1 1024
0 441
0 559
0 369
0 310
0 357
0 873
0 459
0 342
0 526
0 734
1 1024
0 360
0 649
0 341
0 444
0 347
0 338
0 417
0 324
0 314
0 336
2 1024
0 432
0 383
0 384
0 488
0 452
1 1024
0 537
0 306
0 306
0 930
0 608
0 557
0 431
0 395
0 436
0 403
0 548
1 1024
0 941
0 738
0 591
0 926
0 334
0 500
0 707
0 366
0 873
0 536
0 648
0 407
0 535
0 930
0 423
0 563
0 432
0 702
0 472
0 507
0 518
0 275
0 349
0 384
0 382
0 980
0 412
1 1024
0 310
0 372
0 500
0 418
0 370
0 551
0 442
0 451
0 585
0 789
0 338
0 435
0 403
0 479
0 432
0 410
1 1024
0 544
0 339
0 450
0 779
0 519
0 596
0 844
0 293
0 341
0 395
0 556
0 425
0 328
0 325
0 297
0 524
0 474
0 374
1 1024
0 594
1 1024
0 397
0 397
0 327
0 487
0 937
0 714
0 473
0 434
0 316
0 510
0 364
0 428
0 420
0 877
0 626
0 480
0 449
0 324
0 517
0 454
0 484
0 387
0 609
0 335
0 461
0 469
0 490
0 438
1 1024
0 310
0 385
0 282
0 991
0 470
0 293
0 333
0 693
0 351
0 632
1 1024
0 337
0 482
0 600
0 434
0 900
0 358
0 532
0 463
0 385
0 472
0 283
0 390
0 382
1 1024
0 598
0 552
0 441
0 548
0 307
0 455
0 502
0 809
0 428
0 464
0 554
0 347
0 615
0 459
0 960
0 322
0 596
0 346
0 398
1 1024
0 638
0 334
0 340
0 385
0 385
0 346
0 691
0 545
1 1024
0 964
1 1024
0 469
0 330
0 373
0 830
0 320
0 719
0 519
0 275
0 342
1 1024
0 439
1 1024
0 529
0 506
0 651
1 1024
0 382
0 712
0 413
0 514
0 306
0 431
0 313
0 415
0 496
0 431
0 544
0 380
1 1024
0 311
0 682
1 1024
0 522
0 287
0 532
0 262
0 706
0 425
0 877
0 601
0 323
0 376
0 386
1 1024
0 584
0 495
0 694
1 1024
0 529
1 1024
0 357
0 667
0 669
1 1024
0 618
0 563
0 343
0 876
0 385
0 402
0 506
0 368
0 396
0 489
0 458
0 511
0 603
0 460
0 487
0 586
0 321
0 567
0 445
0 838
0 605
0 477
1 1024
0 390
0 426
0 438
0 384
0 591
0 451
0 410
0 330
0 285
0 428
0 548
0 266
0 298
0 396
0 901
0 368
0 508
0 641
0 462
0 358
0 924
0 476
0 381
0 488
1 1024
0 654
0 521
0 549
0 412
0 329
0 381
0 780
0 443
0 367
0 474
0 257
0 940
0 406
0 432
0 371
0 715
0 262
0 573
0 288
0 323
0 319
0 331
0 484
1 1024
0 429
0 355
0 441
0 252
0 293
1 1024
0 824
0 549
0 583
0 525
0 266
0 664
0 308
0 311
0 332
0 441
0 594
0 347
1 1024
1 1024
0 665
0 405
0 991
0 323
0 538
0 298
0 623
0 456
0 434
0 346
0 364
0 329
0 444
0 524
0 992
1 1024
0 614
0 354
1 1024
0 864
0 606
0 776
0 584
0 439
0 340
0 283
1 1024
0 718
0 749
0 529
0 362
0 377
0 490
0 497
0 556
0 486
0 544
0 675
0 874
0 680
0 553
0 304
0 893
0 325
0 364
0 938
0 450
0 409
0 375
1 1024
0 495
0 318
0 581
0 563
0 334
1 1024
0 377
0 507
0 413
0 586
0 382
0 388
0 492
0 334
0 388
0 341
0 440
0 600
0 573
0 370
1 1024
0 812
0 571
0 354
0 489
0 597
0 461
1 1024
0 638
0 269
0 276
0 396
0 388
0 436
0 318
0 401
0 604
0 415
0 316
0 418
0 304
0 584
0 502
0 415
0 308
0 267
0 390
0 863
0 403
0 533
0 418
0 465
0 408
1 1024
0 431
0 433
0 315
0 537
0 569
0 432
0 689
0 425
0 356
0 308
0 627
0 765
0 359
0 371
0 758
0 509
0 359
0 498
0 517
0 352
0 639
0 464
0 266
0 419
0 672
0 455
0 582
0 270
0 549
0 345
0 877
0 447
0 320
0 460
0 288
0 597
0 379
0 1002
0 461
0 307
0 637
0 545
0 422
0 792
0 399
0 542
0 519
0 332
0 621
0 324
0 496
0 537
1 1024
1 1024
0 341
0 313
0 310
0 884
0 204
0 776
0 518
0 281
0 706
0 454
0 539
0 581
0 287
0 490
0 302
0 332
0 551
0 511
0 303
0 353
0 323
0 317
0 292
0 436
0 367
0 534
0 344
0 418
0 542
0 285
1 1024
0 667
0 347
0 596
0 405
0 324
0 343
0 788
0 474
0 367
0 333
0 484
0 360
0 858
0 354
0 663
0 341
0 631
0 423
0 349
1 1024
0 353
0 449
0 533
0 550
0 794
0 429
0 604
0 363
0 757
0 367
0 698
0 360
0 346
0 252
0 839
0 292
0 304
0 747
0 910
0 461
0 583
1 1024
0 294
0 879
0 374
0 377
0 472
0 564
0 469
0 738
1 1024
0 817
0 413
0 772
0 389
0 604
0 571
0 324
0 377
0 482
0 608
0 476
0 423
0 378
0 664
0 627
0 456
0 725
1 1024
0 360
0 476
0 395
0 766
0 736
0 287
0 335
0 521
0 350
0 322
0 484
0 614
0 609
0 758
0 475
0 429
0 294
0 868
0 477
0 397
0 317
0 683
0 447
1 1024
0 690
0 359
0 409
0 472
0 417
0 602
0 491
0 371
0 330
0 339
0 868
0 345
0 372
0 472
0 574
0 397
0 592
0 984
0 335
0 381
0 334
0 381
0 395
0 594
0 474
0 453
0 382
0 464
0 411
0 363
0 699
0 353
1 1024
0 423
0 327
1 1024
0 316
0 444
0 475
0 339
0 517
0 509
0 348
0 647
0 334
0 769
0 555
0 614
0 912
0 286
0 423
0 365
0 470
0 324
0 420
0 338
0 465
0 650
0 363
0 918
0 438
0 310
0 466
0 345
0 557
0 357
0 480
0 728
0 474
0 605
0 910
0 462
0 573
0 749
0 452
0 713
0 332
1 1024
0 389
0 386
0 489
0 343
0 621
0 369
0 662
0 460
0 542
1 1024
0 438
0 699
0 415
0 807
0 593
1 1024
0 451
0 431
1 1024
0 331
0 536
0 426
0 809
0 408
0 611
0 345
0 798
0 396
0 584
0 511
0 444
0 303
0 422
0 435
0 394
0 349
0 468
0 486
0 260
0 496
0 469
0 412
0 522
0 501
0 500
0 868
0 454
0 491
0 618
0 332
0 329
0 696
0 663
0 228
0 416
0 513
0 482
0 379
0 356
0 358
0 592
1 1024
0 627
1 1024
0 410
0 260
0 448
1 1024
0 431
0 296
0 402
1 1024
0 451
0 884
0 303
0 658
0 377
1 1024
0 552
0 671
0 721
0 289
0 622
0 875
0 427
0 273
0 396
0 307
1 1024
0 428
0 507
0 421
0 484
0 649
0 432
1 1024
0 300
0 335
0 436
0 473
0 313
0 330
0 719
0 405
0 506
0 430
0 278
0 422
0 636
0 551
0 297
0 677
0 524
0 627
0 599
0 946
1 1024
0 516
0 423
0 402
0 330
0 349
0 376
0 439
0 398
0 461
0 289
0 464
0 368
0 379
1 1024
0 314
0 618
0 536
0 803
0 1009
0 274
0 451
0 332
0 321
0 389
0 599
0 335
0 474
0 613
0 357
0 543
0 624
0 388
0 367
0 696
0 336
0 591
0 386
0 603
0 328
0 674
1 1024
0 505
0 356
0 387
0 340
1 1024
0 565
0 694
0 725
0 409
0 400
0 511
0 341
0 301
0 538
0 820
0 411
0 326
0 368
1 1024
0 778
0 577
0 292
0 556
0 403
0 317
0 521
0 321
0 459
1 1024
0 316
0 335
0 414
0 952
0 437
0 448
0 381
0 482
0 662
0 691
0 395
0 404
0 759
0 439
0 979
0 356
0 355
0 985
0 400
0 526
1 1024
0 672
0 578
0 335
0 406
0 327
0 452
1 1024
0 404
0 412
0 374
0 687
0 481
0 485
0 321
0 660
0 366
0 428
0 462
0 444
0 905
0 882
0 313
0 406
0 370
0 396
0 471
0 386
0 360
0 408
0 836
0 478
0 339
0 589
1 1024
0 321
0 472
0 621
0 479
0 445
0 289
1 1024
0 570
0 270
0 471
0 386
0 688
0 383
0 407
0 712
0 495
0 219
0 435
0 482
0 799
0 481
0 439
0 188
1 1024
0 405
0 483
0 609
0 374
0 343
0 405
0 793
1 1024
0 332
0 465
0 555
0 477
0 375
0 354
0 388
0 337
0 398
0 371
0 305
0 532
0 360
0 336
0 256
0 572
0 326
0 434
0 440
0 918
1 1024
0 397
0 319
0 534
0 509
0 414
1 1024
0 596
0 553
0 493
0 436
0 359
0 340
0 286
0 276
0 348
0 383
0 800
0 485
0 493
0 240
0 399
0 586
0 400
0 300
0 854
0 797
0 853
0 508
0 880
0 463
0 284
0 314
0 254
0 461
0 672
0 426
0 577
0 411
1 1024
0 376
0 424
0 410
0 317
0 392
0 625
0 419
0 472
0 393
0 535
0 455
0 340
1 1024
1 1024
0 412
1 1024
0 336
0 469
0 353
0 375
0 462
0 697
0 480
0 796
0 349
0 380
0 344
0 438
0 334
0 589
0 427
0 551
0 463
0 445
0 310
0 366
0 576
1 1024
0 874
0 370
0 512
0 725
0 305
0 319
0 662
0 332
1 1024
0 914
0 382
0 320
0 411
0 918
0 500
0 668
0 487
0 811
0 322
0 376
0 380
0 360
0 437
0 528
0 501
0 408
0 368
0 329
0 439
0 802
0 386
0 401
0 643
0 456
0 670
0 314
1 1024
0 402
0 353
0 459
0 495
0 322
0 465
0 331
0 285
0 667
0 459
0 561
0 523
0 471
0 702
0 429
0 405
0 469
0 536
0 411
0 349
0 789
0 441
0 741
0 805
0 556
0 675
1 1024
0 603
0 297
0 344
0 464
0 400
0 380
0 884
0 346
0 679
0 371
0 466
0 304
0 415
0 302
0 646
0 431
0 845
0 483
0 919
0 291
0 534
0 718
0 352
0 362
0 554
0 437
0 623
0 377
0 404
0 357
0 321
0 425
0 427
0 335
0 371
0 352
0 347
0 516
0 904
0 746
0 400
0 464
0 432
0 324
0 299
0 347
0 416
0 343
0 420
0 454
0 544
0 686
0 349
0 544
0 287
0 405
0 400
0 752
0 380
0 400
2 1024
0 801
0 673
0 828
0 681
0 326
0 395
0 335
0 510
0 365
0 248
0 472
1 1024
1 1024
0 360
0 552
0 470
0 661
0 558
0 376
0 616
0 496
0 372
0 555
0 321
0 410
0 371
0 929
0 326
0 522
0 500
0 443
0 736
0 361
0 535
0 889
1 1024
0 751
0 453
0 370
0 378
0 313
0 436
0 510
0 404
1 1024
0 704
0 361
0 316
0 312
0 349
0 741
0 493
0 415
0 397
0 426
0 315
0 428
0 357
0 316
0 374
0 399
0 915
0 491
0 718
0 376
0 397
0 638
1 1024
0 423
0 449
0 488
0 325
0 659
1 1024
0 453
0 567
0 399
0 506
0 569
0 467
0 369
0 380
0 544
0 356
0 338
0 418
0 484
0 365
0 758
0 895
0 437
0 562
0 636
0 486
0 910
0 445
0 451
0 564
0 666
0 600
0 347
0 327
0 428
0 922
1 1024
0 744
0 383
0 510
0 348
0 496
1 1024
0 366
0 633
0 696
0 594
0 688
0 613
0 552
0 499
0 593
0 407
0 633
0 368
0 328
0 538
0 521
0 452
0 379
0 656
1 1024
0 427
0 550
0 317
0 733
0 407
0 328
0 353
0 399
0 918
0 510
0 345
1 1024
0 343
0 318
0 329
0 304
0 494
0 741
0 488
0 338
0 953
0 999
0 477
0 229
1 1024
0 542
0 328
1 1024
0 647
0 510
0 458
0 755
0 340
0 444
0 401
0 442
0 735
0 542
0 942
0 611
0 521
0 651
0 369
0 446
0 424
0 392
0 357
0 380
0 333
0 704
0 802
0 491
0 733
0 339
0 379
0 560
0 357
0 395
0 369
0 888
0 1017
0 516
0 394
0 423
0 397
0 597
0 449
0 252
0 727
0 320
0 833
0 967
0 486
0 747
0 304
0 561
0 643
0 487
0 551
0 641
0 530
0 668
0 744
0 353
0 516
0 553
1 1024
0 602
0 402
0 349
0 384
0 822
1 1024
0 364
0 347
0 615
0 509
0 377
0 360
0 515
0 392
0 541
0 276
0 356
0 605
1 1024
0 284
0 458
0 373
0 390
0 348
0 326
0 488
1 1024
1 1024
0 497
0 543
0 925
0 550
0 549
0 261
1 1024
1 1024
0 427
0 561
0 336
0 402
0 521
0 390
0 293
0 293
0 556
0 878
0 310
0 390
0 422
0 356
0 499
1 1024
0 642
0 588
0 400
0 286
0 263
0 500
1 1024
0 340
0 344
0 436
0 357
0 397
0 504
0 482
0 524
1 1024
0 555
0 629
0 369
0 351
0 402
0 383
0 373
0 636
1 1024
0 376
0 697
0 557
1 1024
0 320
0 237
0 422
0 440
0 389
0 459
0 922
0 354
0 322
0 476
0 306
0 245
0 929
0 465
0 367
0 643
0 404
0 350
0 561
0 513
0 742
0 690
0 404
0 662
0 390
0 891
0 340
0 646
0 448
0 391
0 555
0 440
0 574
0 428
0 304
0 612
0 368
0 379
0 430
0 612
0 543
1 1024
0 319
0 419
0 558
0 486
0 596
0 473
0 433
0 380
0 368
0 375
0 629
1 1024
0 997
0 481
0 350
0 466
0 435
1 1024
0 392
0 477
0 363
0 391
0 429
0 535
0 409
0 936
0 462
0 456
0 684
0 366
0 557
0 376
0 463
0 547
0 645
0 631
0 584
0 945
0 439
0 520
0 330
0 325
0 409
0 315
0 419
0 348
0 408
0 780
0 394
0 975
0 439
0 905
1 1024
0 346
0 379
0 618
0 484
0 570
0 413
0 396
0 797
0 620
0 372
0 503
0 542
0 518
0 306
0 303
0 575
0 401
0 286
0 401
0 543
1 1024
1 1024
0 304
0 425
0 368
0 797
0 299
0 357
0 999
0 351
0 328
0 502
0 821
0 328
0 882
0 437
0 327
0 678
0 385
0 536
0 607
0 509
0 441
0 392
0 406
0 522
1 1024
0 332
0 800
0 551
0 556
0 389
0 820
0 622
0 603
0 849
0 389
1 1024
0 487
0 420
1 1024
0 524
0 511
0 338
0 884
0 629
0 390
0 446
0 288
0 604
0 316
0 404
0 796
0 415
0 299
0 496
1 1024
1 1024
0 440
0 394
0 751
0 310
0 327
0 540
0 351
0 516
0 570
0 643
0 534
0 358
0 406
0 851
0 445
1 1024
0 403
0 488
0 473
0 359
1 1024
0 292
0 337
0 446
0 482
0 589
0 623
0 468
1 1024
0 334
0 409
0 396
0 680
0 290
0 348
0 654
0 440
0 412
0 755
0 367
0 410
0 593
0 356
0 352
0 337
0 438
0 301
0 860
0 359
0 368
0 408
0 331
0 416
0 351
0 405
0 528
0 930
0 510
0 451
0 253
1 1024
0 331
0 445
0 433
1 1024
0 375
1 1024
0 437
0 414
0 330
0 670
1 1024
0 383
0 272
0 963
0 319
0 471
0 544
0 387
0 499
0 490
0 572
0 336
0 354
0 335
0 780
0 579
0 421
0 382
0 754
0 411
0 423
0 409
0 382
0 411
0 311
1 1024
0 376
0 502
0 595
0 744
0 450
0 395
0 461
0 402
0 309
0 394
0 603
0 323
0 476
0 832
0 359
0 325
0 442
0 402
0 288
0 360
1 1024
0 284
0 442
0 528
0 755
0 455
0 525
0 328
0 383
0 505
0 308
0 484
0 659
1 1024
0 722
0 733
0 389
0 535
0 300
0 255
0 430
0 789
0 420
0 833
0 381
0 280
0 732
2 1024
0 510
0 732
0 467
1 1024
0 289
0 350
0 458
0 516
0 1005
0 922
0 481
0 491
0 366
0 456
0 623
1 1024
0 284
0 629
0 359
0 574
0 677
0 561
0 562
0 375
0 492
1 1024
0 468
0 698
0 386
0 353
0 322
1 1024
0 956
0 449
0 434
0 486
0 414
0 909
0 375
0 275
1 1024
0 659
0 399
0 509
0 464
0 484
0 643
0 409
0 401
0 468
0 719
2 1024
0 658
0 411
0 426
0 408
0 582
0 367
1 1024
0 515
1 1024
0 418
0 848
0 391
0 550
0 361
0 476
0 463
0 411
0 362
0 532
0 1000
0 338
0 607
0 372
0 398
0 295
0 899
0 402
0 358
0 424
0 399
0 369
0 671
0 462
0 416
1 1024
0 328
0 857
0 372
0 289
0 604
0 575
1 1024
0 503
0 479
0 322
0 497
0 445
0 455
0 566
0 309
0 367
0 347
0 359
0 456
0 421
0 726
0 372
0 381
0 778
0 475
0 433
0 421
0 399
0 509
0 600
0 384
0 722
0 420
0 452
0 540
0 376
0 411
1 1024
0 547
0 410
0 359
0 381
0 455
1 1024
0 322
0 359
0 407
0 361
0 380
0 349
0 599
0 307
0 509
0 628
0 419
0 474
0 629
0 415
0 498
0 325
1 1024
0 426
0 546
0 508
0 305
0 482
0 316
0 367
1 1024
0 670
0 551
0 364
0 376
0 401
0 621
0 821
0 531
0 325
0 589
0 348
0 762
0 358
0 490
0 344
0 645
0 444
0 459
1 1024
0 495
0 478
0 859
0 561
0 330
0 414
0 335
0 481
0 262
0 309
0 486
0 312
0 366
0 238
0 446
0 374
0 538
0 429
0 410
0 359
0 341
0 651
1 1024
0 273
0 610
0 495
0 472
0 463
0 313
0 430
0 562
0 535
0 432
0 360
0 324
0 524
0 361
0 453
0 307
0 262
0 371
0 382
0 733
0 347
0 381
0 335
0 264
0 528
0 384
0 396
0 422
0 373
0 385
0 512
1 1024
0 326
0 420
0 886
0 318
0 470
0 371
0 357
0 316
0 292
0 526
0 472
0 434
0 367
0 333
0 339
0 313
0 210
0 499
0 813
0 539
0 731
1 1024
0 582
0 342
1 1024
0 440
0 424
0 444
0 421
0 696
0 801
0 336
0 896
0 540
0 662
0 319
0 418
0 482
0 665
0 347
0 597
1 1024
0 500
0 321
0 966
0 326
0 376
1 1024
0 326
0 298
0 510
0 384
0 305
0 385
0 385
1 1024
0 353
0 426
0 750
0 281
0 568
0 430
0 387
0 391
0 356
0 513
0 396
0 341
0 600
0 399
0 416
1 1024
0 325
0 427
0 603
0 438
0 480
0 330
0 487
0 401
0 310
0 487
0 648
0 385
0 356
0 676
0 604
0 828
0 672
0 291
0 464
0 484
0 450
0 681
0 650
0 465
0 530
0 702
0 714
0 883
0 393
0 485
0 356
0 594
0 297
0 651
0 311
0 419
0 318
0 378
0 252
0 488
0 439
0 413
0 360
0 283
1 1024
0 484
0 760
0 367
0 403
2 1024
0 504
0 900
0 378
0 319
0 750
0 448
0 373
0 522
0 412
0 402
0 590
0 526
0 971
0 383
0 319
0 659
0 763
0 521
0 417
0 422
0 413
0 362
0 433
0 522
0 404
0 430
0 304
0 686
0 494
0 350
0 359
0 1009
0 473
0 577
0 388
0 476
0 590
0 574
1 1024
0 528
0 479
0 381
0 352
0 358
0 712
0 370
0 417
0 427
0 545
0 272
0 376
0 409
0 642
0 340
0 583
0 500
0 344
0 326
0 973
0 515
0 484
1 1024
0 548
0 428
0 811
0 334
0 486
0 572
0 398
0 489
1 1024
0 510
0 502
2 1024
0 407
0 736
0 532
0 579
0 521
1 1024
0 453
0 375
0 663
0 496
0 379
0 279
0 387
0 968
0 356
0 432
0 488
0 315
0 989
0 292
0 463
0 520
0 1005
1 1024
0 337
1 1024
0 678
0 492
0 289
1 1024
0 364
0 444
0 478
0 332
1 1024
0 718
0 327
0 649
0 477
0 425
0 637
0 594
0 293
0 348
0 546
0 718
0 332
0 305
0 482
0 282
0 213
0 627
0 368
0 493
0 508
0 974
0 341
0 381
0 414
0 555
0 536
0 533
0 328
0 328
0 370
0 471
0 567
0 359
0 490
0 606
0 531
0 386
0 565
0 540
0 635
2 1024
1 1024
1 1024
0 376
0 269
0 710
1 1024
0 330
0 740
0 846
0 541
0 490
0 385
0 818
0 615
0 516
0 421
0 517
0 614
0 347
0 450
0 387
0 357
0 899
0 346
0 324
0 301
0 460
0 371
0 539
0 578
0 465
1 1024
0 322
0 347
0 969
0 214
0 331
0 689
0 323
0 479
0 500
0 717
0 395
0 540
0 339
0 430
0 624
0 271
0 752
0 468
0 422
0 396
0 419
0 478
0 533
0 324
0 584
0 338
0 416
0 420
0 356
0 477
0 459
0 605
0 449
0 485
0 335
0 441
0 515
0 742
0 766
0 343
0 314
0 408
0 328
0 367
0 633
0 405
0 414
0 361
0 716
0 499
0 336
0 736
0 391
0 470
0 486
0 387
0 251
0 375
0 368
0 338
0 393
0 335
0 516
0 544
0 392
0 351
0 380
0 829
0 351
1 1024
0 537
0 715
0 337
0 533
0 256
0 549
0 353
0 612
0 498
0 467
0 453
1 1024
1 1024
0 452
0 448
1 1024
0 674
0 343
0 559
0 257
0 372
0 850
0 537
0 594
0 656
0 366
0 270
0 394
1 1024
0 1006
0 473
0 808
0 367
0 254
0 479
0 1001
0 475
0 604
0 544
0 498
0 624
0 470
1 1024
0 392
0 799
0 440
2 1024
0 309
0 812
0 481
1 1024
0 446
0 378
0 619
0 965
0 448
1 1024
0 499
0 647
0 520
0 475
0 413
0 875
0 622
0 672
0 378
0 325
0 506
0 967
0 333
0 421
0 365
0 427
0 391
0 352
0 304
0 405
0 409
0 513
0 447
0 522
0 320
0 422
0 428
0 568
0 417
0 385
0 499
0 426
0 314
0 694
0 558
0 658
0 725
0 586
0 529
0 270
0 459
0 483
0 375
0 644
0 302
0 455
0 612
0 447
0 438
1 1024
0 318
0 764
0 603
0 574
0 878
0 369
0 439
0 460
0 406
0 375
0 556
0 554
0 427
0 380
0 800
0 304
0 365
0 451
0 421
0 475
0 694
0 615
0 425
1 1024
0 266
0 459
0 549
1 1024
0 650
0 525
0 518
0 576
0 432
0 870
0 364
0 283
0 418
0 342
0 611
0 592
0 273
0 500
0 474
0 371
0 510
0 457
0 294
0 559
0 486
0 956
0 468
0 474
0 356
0 359
0 377
0 389
0 403
0 390
0 623
0 306
0 219
0 370
0 517
0 553
0 433
0 272
0 482
0 671
0 369
0 285
0 314
0 329
0 361
0 495
0 474
0 336
0 649
0 459
0 542
0 441
0 570
0 465
0 546
0 412
0 868
0 573
0 864
0 500
0 761
0 342
0 464
0 660
0 443
0 351
0 489
0 302
0 463
0 377
0 452
0 371
0 454
0 306
1 1024
0 374
0 301
0 345
0 457
0 612
0 498
0 349
0 378
0 543
0 506
0 346
0 528
0 434
0 791
0 353
0 418
0 534
1 1024
0 399
1 1024
0 510
0 485
1 1024
0 431
0 604
0 616
0 998
0 856
0 343
0 530
0 501
0 601
0 403
0 425
0 500
0 433
0 504
0 276
0 431
0 827
0 390
0 378
0 432
0 576
0 827
0 414
0 487
0 330
0 350
0 331
0 558
0 421
1 1024
1 1024
0 1007
0 553
0 516
0 342
0 361
0 475
0 378
0 577
0 707
0 575
0 422
0 346
0 407
0 329
0 308
0 635
0 387
0 347
0 407
1 1024
0 343
0 331
0 675
0 611
1 1024
0 405
0 325
0 687
0 335
0 332
0 945
0 423
0 328
0 435
0 760
0 413
0 361
0 326
0 351
1 1024
0 513
0 380
0 340
0 437
0 718
0 500
0 415
0 425
0 737
0 606
0 469
0 327
0 715
0 367
1 1024
0 640
0 363
0 418
0 361
0 408
0 772
0 642
0 541
1 1024
0 346
0 472
0 388
1 1024
0 492
0 370
0 267
0 351
0 581
0 1021
0 684
0 621
0 395
0 432
0 497
0 486
0 522
0 381
0 524
0 456
0 399
0 322
0 299
0 564
0 691
1 1024
0 375
0 822
0 371
0 486
0 646
0 533
1 1024
0 473
0 941
0 465
0 452
0 260
0 659
0 455
0 440
0 380
0 1013
0 462
0 399
1 1024
0 370
1 1024
0 366
0 368
0 368
0 371
0 508
0 469
1 1024
0 387
0 371
0 498
0 455
0 334
0 973
0 607
0 344
0 459
0 604
0 962
0 458
0 794
0 339
0 463
0 339
0 362
1 1024
0 419
0 499
0 439
0 407
0 367
0 776
0 514
0 646
0 385
0 294
0 501
0 777
0 360
0 532
0 351
0 392
0 885
0 250
0 239
0 567
0 634
0 352
1 1024
0 445
0 406
0 306
0 379
0 512
0 695
0 295
0 338
0 520
0 540
0 370
0 354
0 379
0 565
0 238
0 934
1 1024
0 387
0 417
0 858
0 410
0 481
0 361
0 329
0 315
0 456
0 459
0 417
0 321
0 655
0 336
0 629
0 415
0 473
0 893
0 284
0 749
0 270
0 355
0 488
0 369
0 384
0 320
0 402
0 483
0 229
0 575
0 346
0 616
0 791
0 437
0 306
0 546
0 607
0 555
0 515
1 1024
0 500
0 368
0 283
0 455
0 436
0 377
0 377
0 610
0 372
0 627
0 394
1 1024
0 609
0 299
0 519
0 318
0 582
0 399
0 522
0 462
0 508
0 472
0 443
0 547
1 1024
0 398
0 371
0 359
0 312
0 568
0 328
0 423
0 355
0 554
0 402
0 554
0 562
0 436
0 636
0 571
0 827
0 422
0 669
0 815
0 343
1 1024
0 366
0 502
0 465
0 566
0 275
0 466
1 1024
0 257
0 1011
0 371
0 713
0 918
0 456
0 645
0 383
0 638
0 417
0 386
0 726
0 487
0 322
0 410
0 510
0 293
0 508
0 546
0 521
0 940
1 1024
0 459
0 977
0 315
0 310
0 431
0 565
0 830
0 706
0 305
0 647
0 296
0 375
0 360
0 732
0 556
0 279
0 337
0 467
0 385
0 596
0 734
0 307
0 523
0 323
0 561
0 330
0 344
0 462
0 418
1 1024
0 680
0 652
0 367
0 696
0 311
0 503
0 365
0 387
0 357
0 474
0 300
0 518
0 690
0 656
0 495
0 546
0 542
0 387
0 372
0 813
0 453
1 1024
0 663
0 413
1 1024
0 513
0 402
0 364
0 334
0 355
0 563
0 398
0 583
0 331
0 467
0 301
0 297
0 378
0 435
0 499
0 419
0 701
1 1024
0 788
0 380
0 729
0 478
0 486
0 632
0 442
0 810
0 400
0 327
0 410
0 856
0 934
0 603
0 799
1 1024
0 534
0 391
0 938
0 524
0 388
0 349
0 407
0 636
0 471
0 521
0 821
0 299
0 424
0 581
0 443
0 497
0 664
0 478
0 272
0 356
0 422
0 350
0 594
0 343
0 753
0 266
0 400
0 373
0 476
0 426
0 480
0 421
0 462
0 354
0 377
0 322
0 416
0 466
0 428
0 376
0 316
0 497
1 1024
0 667
0 468
0 400
0 356
0 493
0 573
0 472
0 628
0 407
0 471
0 452
0 760
0 339
0 332
0 476
0 397
0 841
0 521
0 545
0 328
0 680
0 548
0 316
0 305
0 270
0 324
0 306
0 375
0 909
0 347
0 278
0 981
0 388
0 334
0 355
0 718
0 730
0 453
0 515
0 851
0 592
0 429
0 474
0 492
0 457
0 812
0 612
0 482
0 602
0 754
0 335
1 1024
0 469
0 596
0 473
0 419
0 358
0 351
0 886
0 507
0 377
0 500
0 475
0 486
0 377
0 999
0 575
0 361
0 490
0 729
0 367
1 1024
0 759
0 389
0 664
0 523
1 1024
0 320
0 294
0 574
0 553
0 644
0 556
0 408
0 470
0 518
0 885
0 574
0 354
0 303
0 324
0 356
0 656
0 392
0 406
1 1024
0 406
0 316
0 642
0 750
0 406
0 385
0 352
0 889
0 343
0 626
0 468
0 494
0 556
0 258
0 344
0 309
0 412
1 1024
0 368
0 576
0 752
0 388
0 983
0 561
0 687
0 379
0 424
0 726
0 882
0 372
1 1024
0 620
0 654
0 341
0 452
0 571
1 1024
0 368
0 467
0 395
1 1024
0 633
0 819
0 581
0 716
0 676
0 297
0 525
0 664
0 542
0 468
1 1024
0 558
0 662
0 486
0 454
0 364
0 462
0 290
0 403
0 461
1 1024
0 380
1 1024
0 505
0 364
0 648
0 357
0 324
0 427
0 457
0 556
0 364
0 507
0 517
0 875
0 314
0 783
0 317
0 629
1 1024
0 324
1 1024
0 545
0 298
0 294
0 401
0 403
0 353
1 1024
0 453
0 343
0 490
0 346
0 603
0 373
0 381
0 462
0 329
1 1024
0 360
0 381
1 1024
0 318
0 766
0 388
0 509
0 407
0 657
0 361
0 511
1 1024
1 1024
0 401
0 394
0 637
0 590
0 279
0 456
0 512
0 349
0 407
0 410
0 493
0 603
0 439
0 365
0 638
0 469
0 498
0 683
0 341
0 385
0 430
0 687
0 802
0 673
0 368
0 498
0 336
1 1024
0 344
0 366
0 360
0 546
0 383
0 774
0 428
0 346
0 284
0 854
0 770
0 357
0 441
0 707
0 373
0 324
0 352
0 519
0 396
0 371
0 704
0 869
0 609
0 405
0 724
0 338
0 674
0 488
0 376
0 377
0 349
1 1024
0 800
0 321
0 607
0 843
0 604
0 615
0 460
0 504
0 343
0 364
0 349
0 313
0 426
0 288
0 507
0 474
0 468
0 234
0 475
0 519
0 731
0 320
0 835
0 478
0 389
1 1024
0 395
0 342
0 644
0 446
1 1024
0 359
0 774
0 793
0 668
0 472
0 316
0 328
0 170
0 256
0 518
0 278
0 309
0 404
0 347
1 1024
0 400
0 681
0 650
0 388
0 615
0 517
0 434
0 420
0 641
0 694
0 550
0 603
0 336
0 814
0 399
0 502
0 604
0 501
0 587
0 399
0 482
0 555
0 320
0 273
0 352
0 252
0 383
0 657
0 242
0 482
0 426
0 367
0 656
0 308
0 507
0 305
0 334
0 432
0 481
0 521
0 347
0 481
0 407
0 390
0 335
0 422
0 379
0 907
0 362
0 329
0 352
0 394
1 1024
0 631
0 453
0 358
0 316
0 845
0 618
0 496
0 358
0 897
0 384
0 322
0 339
0 398
0 484
0 622
0 419
0 292
0 414
0 362
0 581
0 550
1 1024
0 567
0 843
0 551
1 1024
0 631
0 302
1 1024
0 388
0 453
0 497
1 1024
0 553
0 527
0 801
0 351
0 302
0 537
0 361
0 381
0 381
0 319
0 409
0 280
0 400
0 362
0 342
0 616
0 572
0 571
0 740
0 574
0 383
0 790
0 368
0 352
0 481
0 497
0 567
1 1024
0 648
0 564
1 1024
0 538
0 503
0 354
0 400
0 460
0 411
0 821
0 405
0 656
0 518
0 453
0 352
0 297
0 711
0 731
0 484
0 424
1 1024
0 233
0 309
1 1024
0 356
0 568
0 409
0 275
0 597
0 346
1 1024
0 524
0 826
0 779
0 411
0 491
0 407
0 505
0 300
0 501
0 422
0 365
0 388
0 356
0 279
0 556
0 289
0 685
0 341
0 461
0 931
0 401
0 432
0 324
0 489
0 731
0 961
0 626
0 350
0 483
0 504
0 504
0 596
0 851
0 327
0 476
1 1024
0 464
0 674
0 832
0 249
0 714
0 438
0 318
0 248
0 607
0 807
0 398
0 349
0 359
0 601
0 444
0 604
0 386
0 358
0 408
0 459
0 340
0 642
0 317
2 1024
0 426
0 419
0 285
0 365
0 794
0 680
0 468
0 348
0 469
0 309
0 359
0 477
1 1024
0 425
0 305
0 329
0 484
0 421
0 367
0 370
0 281
0 671
0 423
0 374
0 427
1 1024
0 492
0 751
0 384
0 389
0 940
0 606
0 335
0 371
0 496
0 373
0 471
0 523
0 504
0 262
0 502
0 386
1 1024
0 430
0 366
0 426
0 438
0 431
0 425
0 383
0 844
0 368
0 381
0 482
0 387
0 743
0 728
0 384
0 470
0 423
0 342
0 773
0 398
0 500
0 470
0 392
0 687
0 371
0 468
0 337
0 565
0 409
0 426
0 273
1 1024
0 459
0 268
0 442
0 386
0 575
0 465
0 408
0 393
0 254
0 667
0 340
0 795
0 453
1 1024
0 622
0 560
1 1024
0 457
0 412
0 428
0 372
0 516
0 502
1 1024
1 1024
0 788
0 450
0 450
0 379
0 427
1 1024
0 464
0 305
0 499
0 271
0 383
0 344
0 347
0 565
0 447
0 625
0 650
0 709
0 550
0 431
0 585
0 584
0 385
0 340
0 340
0 275
0 399
0 339
0 528
0 366
0 457
1 1024
0 416
0 785
0 411
0 423
0 374
0 608
0 551
0 389
0 332
0 394
1 1024
0 540
0 376
0 378
0 407
0 440
0 479
0 274
0 774
0 1019
0 408
0 578
0 496
0 790
0 531
0 345
1 1024
0 316
0 454
0 536
0 378
0 426
0 449
0 587
0 342
0 461
0 432
0 347
0 358
0 346
0 468
0 462
0 947
0 503
0 342
0 413
0 447
0 451
0 508
0 791
0 700
0 803
0 391
0 482
0 564
0 518
0 475
0 438
0 451
0 397
0 751
0 458
0 464
0 422
0 579
0 325
0 280
0 518
0 381
1 1024
0 393
0 315
0 341
0 322
1 1024
0 788
0 583
0 327
0 581
0 451
0 601
0 387
0 280
0 394
0 341
0 366
0 562
0 473
0 354
1 1024
0 642
0 372
0 854
0 357
0 320
0 254
0 358
0 647
0 632
0 332
0 852
0 388
0 622
0 356
0 823
0 489
0 664
0 267
0 859
0 369
0 907
0 336
0 304
1 1024
0 846
0 510
0 422
0 365
0 480
0 288
0 651
0 547
0 236
0 640
0 292
0 432
1 1024
0 308
0 343
0 428
0 877
0 382
0 597
0 578
0 447
0 772
0 520
0 407
0 329
0 398
1 1024
0 498
0 687
0 498
0 342
0 562
1 1024
0 390
0 793
0 529
0 500
1 1024
0 892
0 737
0 417
0 259
0 586
0 380
0 373
0 878
0 538
0 340
0 443
0 335
1 1024
1 1024
1 1024
0 435
0 406
0 319
0 379
0 453
0 704
0 483
0 342
0 418
0 459
0 546
0 803
0 353
0 443
0 709
0 456
0 385
0 360
0 319
0 418
0 413
0 251
0 308
0 386
0 548
0 346
0 432
0 346
0 421
0 428
0 842
0 745
0 598
0 374
0 515
0 497
0 308
0 368
0 496
0 291
0 672
0 653
0 887
0 287
0 735
0 374
0 903
0 459
1 1024
0 323
0 415
0 492
1 1024
0 336
0 388
0 448
0 484
0 918
0 416
0 493
0 412
0 510
0 384
0 589
0 656
0 564
0 289
0 392
0 350
0 384
0 488
0 845
0 372
0 278
0 390
0 430
0 499
0 502
0 372
0 604
0 398
0 528
0 393
0 275
0 476
0 309
0 384
0 304
0 648
0 325
0 655
0 619
0 448
0 300
0 846
0 716
0 383
0 308
0 401
0 377
0 382
0 311
0 794
0 748
0 539
0 444
0 585
0 422
0 257
0 635
0 800
0 340
0 640
1 1024
0 662
0 537
0 267
0 315
0 388
0 314
0 389
0 769
0 891
0 361
0 750
0 423
0 482
0 391
0 445
0 357
0 361
1 1024
0 349
0 535
0 339
1 1024
0 362
0 536
0 395
0 441
0 610
0 981
0 692
0 298
1 1024
0 862
0 592
0 658
0 411
1 1024
0 605
0 287
0 401
0 927
0 192
1 1024
0 738
0 557
0 502
0 629
0 936
0 320
0 380
0 379
0 326
0 352
0 568
0 551
0 476
0 798
1 1024
0 443
0 304
0 520
0 476
0 711
0 595
0 284
0 299
1 1024
0 444
0 481
1 1024
0 667
0 458
0 383
0 363
0 384
0 459
1 1024
0 513
0 496
0 280
0 542
0 401
0 432
0 372
0 504
0 563
0 328
0 537
0 331
0 571
0 355
0 784
0 321
1 1024
0 437
0 466
0 434
0 351
0 364
0 377
1 1024
0 405
0 487
0 323
0 336
0 372
0 421
0 363
0 287
0 461
0 885
0 599
0 354
0 430
1 1024
0 415
0 395
0 695
1 1024
1 1024
0 612
0 290
0 493
0 437
0 663
0 333
0 659
0 716
0 367
0 647
0 604
0 339
0 517
0 769
0 417
0 538
0 307
0 298
0 846
0 600
0 872
0 408
0 491
0 282
0 390
0 562
0 651
0 563
0 687
0 352
0 807
0 979
0 628
0 347
0 270
0 404
0 473
0 345
0 385
0 316
0 480
0 488
0 414
0 568
0 540
1 1024
0 517
0 314
0 396
0 797
0 851
0 347
0 331
0 510
0 438
0 537
0 335
0 827
0 310
0 501
0 382
0 416
0 838
0 539
0 552
0 458
0 468
0 503
0 341
0 311
0 324
0 360
0 707
0 408
0 537
1 1024
0 327
0 594
0 668
0 443
0 344
0 294
0 393
0 394
0 496
0 514
0 567
0 365
0 441
0 330
0 432
0 669
0 597
1 1024
0 574
0 273
0 602
0 335
0 304
0 775
0 570
0 373
0 890
0 364
0 322
0 433
0 575
0 602
0 343
0 420
0 353
0 310
0 597
0 351
0 377
1 1024
0 337
0 433
0 339
0 425
0 597
0 514
0 584
0 325
0 770
0 943
0 468
0 990
0 358
0 448
0 428
0 435
0 391
0 351
1 1024
1 1024
0 424
0 276
0 313
0 480
0 564
0 446
0 433
0 242
0 312
0 438
0 560
0 439
0 372
0 591
1 1024
0 529
0 419
0 466
0 445
0 672
1 1024
0 957
0 667
0 428
0 479
0 834
1 1024
0 611
0 472
0 478
0 364
0 423
0 727
0 345
0 766
1 1024
0 358
1 1024
0 622
0 377
1 1024
0 403
0 540
0 297
0 529
0 598
0 360
0 750
1 1024
0 289
0 596
0 821
0 302
0 332
0 335
0 359
0 415
0 408
0 310
2 1024
0 436
0 498
0 332
0 542
0 341
0 443
0 519
0 257
0 626
0 581
0 740
0 446
0 441
0 282
0 270
0 342
0 771
0 399
0 380
0 353
0 416
0 454
1 1024
0 506
0 350
0 631
0 317
0 330
0 455
0 320
0 374
1 1024
0 679
0 461
0 294
0 393
1 1024
0 350
0 743
0 408
0 341
0 418
0 473
0 328
0 562
0 595
0 538
0 503
0 273
0 439
0 308
0 398
0 550
0 399
0 566
0 590
0 389
0 522
0 536
0 445
1 1024
0 960
0 568
0 536
0 361
0 552
0 694
0 376
0 793
0 653
0 513
0 788
0 428
0 500
0 832
0 512
0 392
0 301
0 372
0 367
0 330
0 315
0 436
0 841
0 672
1 1024
0 343
0 398
0 487
0 329
0 343
0 524
0 928
1 1024
0 453
0 717
0 454
0 500
0 493
1 1024
0 365
0 699
0 466
0 364
0 352
0 394
0 818
0 278
0 540
0 312
0 723
0 405
0 458
0 358
0 557
0 338
0 838
0 307
0 398
0 426
0 364
0 414
1 1024
0 445
0 1014
0 271
0 385
0 300
0 435
0 401
0 408
0 556
0 451
0 540
0 535
0 424
0 373
0 546
0 396
0 300
0 500
0 663
0 463
0 551
0 397
0 437
0 569
0 462
0 632
0 593
0 364
0 383
0 621
0 395
0 745
0 382
0 388
0 285
0 485
0 1011
0 615
0 688
0 366
0 280
0 666
0 712
0 353
0 513
0 767
0 343
0 849
0 762
1 1024
0 489
0 354
0 332
0 665
0 383
0 435
0 551
0 367
0 469
0 770
1 1024
0 439
0 670
0 628
0 369
0 540
0 599
0 755
0 445
0 652
0 472
0 349
0 455
0 469
0 423
0 389
0 571
0 374
0 317
0 571
0 510
0 514
0 306
0 306
0 804
0 479
0 421
0 516
1 1024
0 439
0 420
0 456
0 634
0 296
0 735
0 373
0 473
0 430
0 349
0 554
0 356
0 679
0 431
0 482
0 374
1 1024
0 462
0 656
0 394
0 557
0 950
0 571
0 495
0 335
0 433
0 374
0 268
0 362
1 1024
0 311
0 303
0 527
0 351
0 678
0 440
1 1024
0 385
0 532
0 507
0 392
0 343
0 501
0 430
0 332
0 939
0 668
1 1024
0 476
0 334
0 852
0 546
0 634
0 526
0 454
0 504
0 281
0 358
0 394
0 635
0 554
0 480
0 410
0 1004
0 337
0 835
0 784
0 380
0 352
0 521
0 492
0 369
1 1024
0 674
0 402
0 418
0 551
0 315
0 397
0 658
1 1024
0 530
0 268
0 360
0 261
0 880
0 954
0 393
0 936
0 949
1 1024
0 421
0 579
0 819
1 1024
0 514
0 452
0 367
0 436
0 777
0 406
0 460
0 432
0 280
0 581
0 383
0 495
0 369
0 616
0 450
0 346
0 282
0 630
0 501
0 319
0 339
0 323
0 452
0 307
0 363
0 792
0 649
0 301
0 634
0 919
0 505
0 386
0 457
0 353
0 383
0 283
0 524
0 365
0 894
0 747
0 455
0 699
0 385
0 865
0 528
1 1024
0 376
0 320
0 388
0 360
0 1001
0 487
0 352
0 609
0 593
0 336
0 906
0 384
0 279
0 498
0 317
0 273
0 817
0 411
2 1024
0 304
0 441
0 424
0 373
0 345
0 353
0 806
0 467
0 381
0 403
1 1024
0 614
0 620
0 426
0 419
0 517
0 456
0 668
0 523
0 705
0 335
1 1024
0 609
0 610
0 591
0 759
0 731
0 476
0 292
0 440
0 666
0 399
0 393
1 1024
0 971
0 453
0 361
0 482
0 657
0 275
0 607
0 403
0 467
0 442
0 987
0 419
0 321
0 471
0 504
0 478
0 473
0 364
0 901
0 388
0 861
0 582
0 289
0 931
0 872
0 366
0 430
0 405
0 601
0 768
0 381
0 733
0 519
0 417
0 516
0 239
0 294
0 344
0 509
0 423
0 531
0 592
0 315
0 870
0 467
0 397
0 493
0 416
0 681
0 623
0 455
0 370
0 385
0 426
0 340
0 419
1 1024
0 333
0 385
0 439
0 653
0 433
0 479
0 451
0 430
0 438
0 641
0 471
0 408
0 440
0 432
0 765
0 441
0 429
0 308
0 528
0 541
0 417
1 1024
0 283
0 426
0 319
0 435
0 818
0 323
0 439
0 442
0 265
0 788
0 384
0 433
0 923
0 574
0 423
0 838
0 403
0 452
0 359
0 374
0 698
0 437
0 790
0 409
0 938
0 319
0 606
0 405
0 457
0 387
1 1024
0 331
0 515
0 598
0 481
0 409
0 396
0 365
0 299
0 598
0 286
0 466
0 764
0 581
0 375
0 498
0 512
0 242
0 429
0 444
0 329
0 420
0 456
0 972
0 355
0 442
0 639
0 344
0 326
0 266
0 590
0 445
0 375
0 328
0 703
0 527
0 355
0 263
2 1024
0 396
0 436
0 346
0 554
0 310
0 302
0 293
0 401
0 545
0 313
1 1024
0 384
0 225
0 518
0 347
0 365
0 491
0 590
0 402
0 347
0 288
0 339
0 519
0 514
0 457
0 411
0 480
0 522
0 343
0 345
0 524
0 544
0 818
0 397
0 497
0 807
0 419
0 586
0 297
0 967
0 541
0 625
0 338
0 410
0 862
1 1024
0 443
0 386
0 346
0 535
0 476
0 340
0 697
0 363
0 853
0 325
0 496
0 289
0 457
0 469
0 309
0 420
0 608
0 347
0 972
0 499
0 272
0 529
0 583
0 820
0 570
0 641
0 552
0 298
0 335
1 1024
0 407
0 505
0 382
0 466
0 356
0 577
0 515
0 432
0 365
0 352
0 311
0 446
0 640
0 299
0 600
0 307
0 421
0 264
0 607
0 514
0 428
0 482
0 293
0 691
0 431
0 287
0 428
0 525
0 313
0 350
0 247
0 633
0 620
0 301
0 472
0 784
0 824
0 554
0 300
0 569
0 434
0 892
0 514
0 694
0 706
0 753
0 644
0 379
0 239
0 317
0 559
0 338
0 554
0 423
0 419
0 648
0 412
0 378
0 392
0 900
0 417
0 325
0 351
0 413
0 576
0 373
1 1024
0 569
0 763
0 605
0 426
0 541
0 375
0 799
0 659
0 262
0 382
0 708
0 401
0 355
0 481
0 392
0 314
0 649
1 1024
0 398
0 454
0 331
0 315
0 338
0 607
0 431
0 396
1 1024
0 335
0 724
0 406
0 327
0 355
1 1024
0 375
0 386
0 942
0 587
0 348
0 610
0 400
0 505
0 298
0 618
0 374
1 1024
0 412
0 697
1 1024
1 1024
0 374
0 451
0 383
0 634
1 1024
0 827
0 263
0 378
0 279
0 429
0 553
0 419
1 1024
0 781
0 299
0 616
0 474
0 875
0 547
0 529
0 509
0 768
0 650
0 445
0 348
0 427
0 516
0 326
0 332
1 1024
0 350
0 669
0 583
0 710
2 1024
0 510
0 383
0 676
0 389
0 308
0 482
0 759
0 461
0 282
0 399
0 619
0 459
0 536
0 402
0 295
0 430
0 407
0 463
1 1024
0 362
0 560
0 619
0 304
0 501
0 505
0 394
0 377
0 677
0 770
0 697
0 672
0 924
0 652
0 683
0 339
0 536
0 410
0 406
0 438
0 841
0 346
0 406
0 318
0 354
0 377
0 329
0 282
0 375
0 373
0 555
0 319
0 572
0 556
0 560
0 548
0 891
1 1024
0 352
0 499
0 710
0 718
0 621
0 579
0 402
0 427
0 442
0 501
0 431
1 1024
1 1024
0 394
0 414
0 389
0 389
0 414
0 404
0 335
0 1024
0 494
0 635
0 476
0 441
0 528
0 400
0 342
0 368
0 404
0 513
0 384
0 502
0 890
0 628
0 374
0 353
0 546
0 365
0 372
0 439
0 429
0 361
1 1024
0 611
0 634
0 340
0 437
0 444
0 339
0 647
0 514
0 695
1 1024
0 472
0 435
0 431
0 429
0 413
0 363
0 317
0 652
0 468
0 428
0 456
0 847
0 347
1 1024
0 651
0 399
0 392
0 442
0 414
0 378
0 455
0 548
1 1024
0 567
0 313
1 1024
0 699
0 454
0 461
0 425
0 780
0 684
0 365
1 1024
0 837
0 503
0 353
0 601
1 1024
0 929
0 600
1 1024
0 469
0 874
0 479
0 281
0 414
0 356
0 819
0 352
0 433
0 391
0 340
0 462
0 778
0 383
0 380
0 651
0 456
0 960
0 721
0 365
0 352
1 1024
0 387
0 394
0 395
0 670
0 292
0 344
0 530
0 369
0 554
0 580
0 317
0 348
0 511
0 378
0 526
0 332
0 313
0 506
0 424
0 355
0 477
0 600
0 303
0 477
0 457
0 344
0 654
0 762
0 701
0 461
0 909
1 1024
0 403
0 659
0 331
1 1024
0 473
0 582
0 441
0 664
0 496
0 1003
1 1024
0 337
0 361
0 404
0 381
0 338
1 1024
0 295
1 1024
0 393
0 383
0 497
0 448
0 352
0 727
0 606
0 438
0 339
0 283
0 498
0 320
0 653
0 541
0 637
0 433
0 375
0 550
0 586
0 469
0 443
0 250
0 402
0 631
1 1024
0 333
0 633
0 606
0 509
0 584
0 657
0 343
0 927
1 1024
0 417
0 326
0 438
0 269
1 1024
0 740
0 365
0 455
0 903
0 526
0 471
0 263
0 333
0 528
0 922
0 489
0 311
0 594
0 323
0 614
0 378
0 428
0 361
0 499
0 383
0 629
0 365
0 476
0 375
0 885
0 520
0 469
0 380
0 390
0 728
0 380
0 971
0 743
1 1024
0 355
1 1024
0 561
0 586
1 1024
0 784
0 290
0 787
0 334
0 531
0 504
1 1024
0 415
0 655
0 422
0 297
0 386
0 446
0 289
0 353
0 284
0 432
0 337
0 263
0 565
0 366
0 412
0 502
0 494
0 488
0 340
0 536
0 439
0 256
0 714
0 615
0 406
0 428
0 351
0 379
0 410
0 584
1 1024
2 1024
0 591
0 642
0 402
0 396
0 335
0 555
0 338
1 1024
0 382
0 624
0 768
0 519
0 437
0 663
0 647
0 353
0 656
0 318
0 329
0 559
0 409
0 615
0 383
0 495
0 337
0 660
0 517
0 386
0 523
0 373
0 682
0 519
0 660
0 324
0 702
0 488
0 410
0 879
0 906
0 471
0 457
0 268
1 1024
0 482
0 570
0 592
0 345
0 479
0 495
0 548
0 527
0 367
0 376
0 307
0 462
0 473
0 499
0 556
0 393
0 672
0 271
0 443
0 525
0 668
0 354
0 476
0 644
0 334
0 388
0 425
0 514
0 443
0 731
0 377
0 521
0 384
0 378
0 347
0 425
0 490
0 535
0 327
0 466
0 379
0 321
0 338
0 376
0 849
0 421
0 394
0 370
1 1024
0 826
0 841
0 350
0 362
0 779
0 566
0 419
0 341
0 590
0 337
0 265
0 569
0 467
0 418
0 415
0 365
0 595
0 610
0 399
0 371
0 528
0 269
0 304
0 812
0 369
0 438
0 649
0 411
0 363
0 444
1 1024
0 944
0 627
0 874
0 275
1 1024
0 499
0 808
0 719
0 383
0 901
0 546
0 787
0 426
0 628
0 370
0 365
0 290
0 821
0 505
0 419
0 362
0 390
0 390
0 309
0 377
0 961
0 358
0 397
0 663
0 699
1 1024
0 624
0 389
0 426
1 1024
0 362
0 854
0 314
0 285
0 375
0 426
0 402
0 761
0 476
0 252
0 386
0 552
0 413
0 414
0 856
0 216
0 327
0 386
0 432
0 360
0 345
0 468
0 229
0 411
0 621
0 737
0 402
0 930
0 407
0 377
0 400
1 1024
0 347
0 515
0 236
1 1024
0 453
1 1024
0 748
1 1024
1 1024
0 377
0 414
0 364
0 332
1 1024
0 994
0 404
0 809
0 348
0 377
1 1024
0 402
0 374
0 460
0 369
0 407
0 451
0 375
0 486
0 720
0 368
0 613
0 456
1 1024
0 437
0 536
0 667
0 429
0 751
0 441
0 292
0 766
0 772
0 282
0 431
0 881
0 370
0 592
0 511
0 679
0 423
0 411
0 500
0 231
0 478
0 658
0 604
0 346
0 581
0 812
0 375
0 393
0 467
0 352
0 418
0 355
0 500
0 509
0 407
0 368
0 614
0 443
0 350
0 393
0 587
0 343
0 549
0 344
0 406
0 357
0 455
0 332
0 489
0 642
0 591
1 1024
0 561
0 440
0 309
0 418
0 404
0 429
0 316
0 394
0 332
0 416
0 697
0 364
0 541
0 561
0 357
0 818
0 744
0 713
0 454
0 514
1 1024
0 509
0 479
0 412
0 328
0 536
0 435
0 432
0 287
0 545
0 368
0 490
1 1024
0 331
0 415
0 295
0 666
0 907
0 470
0 635
0 353
0 345
0 643
1 1024
0 821
0 570
0 409
0 358
0 778
0 496
0 333
0 302
0 402
0 457
0 816
0 522
0 450
0 400
0 721
0 407
0 366
0 656
0 248
1 1024
0 630
0 495
0 442
0 963
0 410
0 348
0 392
0 871
0 572
0 707
0 423
0 395
0 303
0 327
0 565
0 330
0 437
0 536
0 594
0 237
0 445
0 307
0 342
0 790
0 330
0 313
0 610
0 658
0 523
0 320
0 377
0 446
0 560
0 273
0 469
0 539
0 305
0 688
0 426
0 352
0 429
0 256
0 330
0 847
0 362
0 619
0 549
0 553
0 545
0 316
0 333
0 724
0 455
0 518
0 370
0 341
0 456
0 315
0 390
0 317
0 642
0 366
1 1024
0 296
0 283
0 479
0 258
0 382
0 495
0 869
0 295
0 513
0 339
0 293
0 349
0 535
0 425
0 640
0 577
0 308
0 521
0 447
0 464
0 666
0 637
0 528
0 518
1 1024
0 586
0 485
0 373
1 1024
0 833
0 498
0 442
0 589
0 265
0 741
0 391
0 386
0 360
0 343
1 1024
0 361
0 389
0 477
0 459
0 462
0 418
0 495
1 1024
0 546
0 341
0 839
0 509
0 344
0 520
0 443
0 691
0 414
0 442
0 374
0 467
0 463
1 1024
0 464
0 404
0 309
0 542
0 344
0 871
0 335
0 309
0 420
0 658
0 478
0 396
1 1024
0 450
0 615
0 308
0 480
0 474
0 399
0 451
0 531
0 328
0 433
0 381
0 340
0 346
0 519
0 323
0 357
0 459
0 539
0 502
0 848
0 370
0 497
0 575
0 335
0 583
0 804
0 666
0 755
0 357
0 649
0 364
0 529
0 424
0 328
0 494
0 886
0 313
0 504
0 1016
0 522
0 368
0 461
0 202
0 416
0 262
0 532
1 1024
2 1024
0 975
0 514
0 408
0 789
0 406
0 375
0 728
0 448
0 448
0 436
0 655
0 363
0 401
0 482
0 417
0 388
0 430
0 355
0 478
0 350
0 712
0 418
0 351
0 428
0 332
0 301
0 319
0 630
0 433
0 647
0 542
0 359
0 304
0 497
0 470
0 398
0 301
0 1020
0 380
0 460
0 454
0 625
0 346
0 386
0 833
0 358
0 899
0 443
0 569
0 371
0 548
0 383
0 783
0 409
0 725
0 630
0 692
0 286
0 546
0 444
1 1024
0 559
0 315
0 535
0 377
0 290
0 327
0 670
0 798
0 447
1 1024
0 903
0 321
0 384
0 376
0 320
0 1018
0 452
0 306
0 515
0 430
0 371
0 546
0 422
0 649
0 443
0 400
0 488
0 503
0 431
0 447
0 317
0 367
0 394
0 656
0 461
1 1024
1 1024
0 497
1 1024
0 421
0 252
0 285
0 339
1 1024
0 284
0 338
0 567
0 420
0 666
0 548
0 810
0 361
0 424
0 945
0 539
0 623
0 309
0 384
0 336
0 727
1 1024
0 902
0 613
0 375
0 481
0 293
0 320
0 306
0 444
1 1024
0 391
0 562
0 723
0 451
0 395
0 459
0 516
0 533
0 1009
0 577
0 360
0 519
0 477
1 1024
0 785
0 488
1 1024
0 381
0 525
0 524
0 377
0 376
0 635
0 844
0 810
0 293
0 490
0 430
0 352
1 1024
0 423
0 306
0 568
0 288
0 333
0 459
0 403
0 444
0 442
0 375
0 357
0 326
0 381
1 1024
0 336
0 540
0 394
0 501
0 365
0 701
0 355
0 316
0 434
0 484
0 658
0 320
0 318
0 271
0 390
0 964
0 460
0 330
0 339
0 360
0 328
0 461
0 437
0 645
0 492
0 572
0 379
0 435
0 595
0 431
0 470
0 630
0 438
1 1024
0 592
0 427
0 433
0 475
0 601
0 271
0 738
0 779
0 576
0 427
0 558
0 284
1 1024
0 473
0 484
0 718
0 332
0 421
0 466
0 701
0 341
0 425
0 373
0 582
0 497
0 535
0 350
0 467
0 416
1 1024
0 418
0 404
0 600
0 298
0 307
0 302
0 414
0 912
0 914
0 746
0 336
0 607
0 314
0 550
0 374
0 264
1 1024
0 464
0 310
0 628
0 342
0 787
0 449
0 370
0 634
0 356
0 1017
0 327
0 692
0 528
0 508
0 454
0 545
0 488
0 424
0 394
0 322
0 403
0 756
0 386
0 427
1 1024
0 956
0 725
0 454
0 548
0 777
0 524
0 616
0 402
0 558
0 336
0 251
0 594
0 397
0 709
0 368
0 335
0 467
0 444
0 581
0 473
0 504
0 468
0 407
0 873
0 416
0 456
0 404
0 271
0 358
0 445
0 389
1 1024
0 874
0 915
0 684
0 635
0 490
0 348
0 687
0 563
1 1024
0 450
0 550
0 248
0 694
0 586
0 523
0 299
0 369
1 1024
0 306
0 687
0 573
0 352
0 482
0 518
0 208
0 480
0 428
0 644
0 603
0 467
0 756
0 474
0 385
0 354
1 1024
0 346
0 378
0 549
0 435
0 672
0 871
0 448
0 776
0 433
0 393
0 448
0 359
0 397
0 285
0 430
0 398
0 429
0 393
0 416
0 460
0 524
0 320
0 533
0 313
0 445
0 544
1 1024
0 530
0 894
0 717
0 341
0 390
0 355
0 667
0 363
0 247
0 368
0 708
0 686
0 576
0 572
0 406
1 1024
0 398
0 947
0 386
0 454
0 496
0 503
0 398
0 595
0 352
0 320
0 428
0 499
0 372
0 972
0 641
1 1024
0 356
0 387
0 809
0 348
0 964
0 576
0 527
0 998
0 381
0 674
1 1024
0 383
0 359
0 424
0 315
1 1024
1 1024
0 495
1 1024
0 613
0 530
0 537
0 418
0 449
0 485
0 738
0 613
0 552
0 485
1 1024
0 223
0 391
0 445
0 474
0 414
0 414
0 327
0 641
0 577
0 323
0 502
0 441
0 320
0 453
0 457
0 544
0 620
0 403
0 427
0 356
0 500
0 393
0 352
0 384
0 938
0 476
1 1024
1 1024
0 413
1 1024
0 530
0 550
0 424
0 457
1 1024
0 337
0 440
0 472
0 334
0 261
0 354
0 373
0 425
0 481
0 336
0 423
1 1024
0 763
0 736
0 535
0 437
0 301
0 438
0 624
0 333
0 311
0 540
0 300
0 464
0 426
0 350
0 578
0 355
0 616
0 864
0 330
0 285
0 385
0 599
0 466
0 452
0 754
0 411
0 351
0 421
0 367
0 683
0 379
0 591
0 273
0 601
0 444
0 503
1 1024
0 273
0 604
0 491
0 772
0 309
0 431
0 428
0 672
0 570
0 430
0 392
0 349
1 1024
0 649
1 1024
0 530
0 280
0 983
0 545
0 312
0 321
0 313
0 448
0 486
1 1024
0 461
0 341
1 1024
0 393
1 1024
0 482
0 407
0 776
0 517
0 364
0 479
0 344
0 411
0 536
0 527
0 459
0 415
0 596
0 667
0 282
0 457
0 346
0 325
0 849
0 470
0 421
0 349
0 346
0 647
0 509
0 498
0 582
0 666
0 285
0 400
0 369
0 426
0 494
0 350
0 401
0 503
0 429
0 321
0 384
0 433
0 534
0 361
0 416
0 329
0 424
0 277
0 297
0 426
1 1024
0 388
0 414
0 783
0 566
0 571
0 657
0 472
0 734
0 343
0 393
0 808
0 852
0 750
0 486
0 909
0 501
0 379
0 599
0 405
0 336
0 867
0 434
0 286
0 496
0 775
1 1024
0 384
0 370
0 347
0 425
0 570
0 338
0 438
0 545
0 466
0 437
0 295
0 456
0 481
0 525
0 474
0 811
0 863
0 494
0 395
0 380
0 363
0 365
0 333
0 432
0 653
0 472
0 417
0 421
0 497
1 1024
0 425
0 439
0 515
0 319
1 1024
0 685
0 441
0 355
0 426
0 409
0 743
0 512
0 384
0 863
0 354
0 553
0 408
1 1024
0 451
0 285
0 397
0 445
0 366
0 292
0 556
0 370
0 326
0 309
0 464
0 432
0 544
0 319
0 300
0 663
0 393
0 931
0 347
0 569
0 308
0 408
0 497
0 431
0 617
0 350
1 1024
0 280
0 388
0 319
0 512
0 530
0 442
0 356
0 639
0 352
0 681
0 405
0 506
1 1024
0 316
0 333
0 323
0 470
0 508
0 389
0 472
0 715
0 338
0 995
0 806
0 433
0 368
0 316
0 318
0 317
0 451
0 370
0 294
0 366
0 430
0 611
0 546
0 417
0 251
1 1024
0 940
0 416
0 589
0 367
0 556
0 270
1 1024
0 489
0 655
0 320
0 343
0 323
0 311
0 281
0 268
0 553
0 756
0 502
0 765
1 1024
0 378
0 483
0 322
1 1024
0 837
0 517
0 315
0 444
0 332
0 453
0 472
0 431
0 439
0 528
0 305
0 696
0 528
0 1000
0 712
0 578
0 459
0 861
0 487
0 738
0 219
1 1024
0 284
0 395
0 487
0 641
0 360
0 268
0 501
0 546
0 425
0 648
0 450
0 470
0 447
0 511
0 356
0 486
0 268
0 540
1 1024
0 606
0 664
0 345
1 1024
0 516
0 499
0 464
0 281
0 914
0 428
0 543
0 689
0 498
0 542
0 721
0 299
0 645
0 382
0 291
1 1024
0 492
0 336
0 320
0 651
0 285
0 447
0 387
0 829
0 474
0 661
0 617
0 365
1 1024
0 339
0 389
0 664
0 587
0 479
0 465
0 511
0 282
0 603
0 478
0 923
0 559
0 400
0 310
0 853
0 618
0 766
0 346
0 538
0 383
1 1024
0 531
0 391
0 424
0 355
0 398
0 422
0 391
0 452
0 510
0 487
0 464
0 415
0 658
0 445
0 610
0 484
0 449
0 337
0 398
0 571
0 659
0 452
0 374
0 455
0 608
0 370
0 422
1 1024
0 253
0 355
0 356
0 483
0 496
0 313
0 659
0 816
0 631
0 384
0 350
0 354
0 590
0 737
0 536
1 1024
0 289
0 718
0 315
0 434
0 531
0 361
0 448
0 618
0 460
0 531
0 343
0 392
0 438
0 454
0 547
0 245
0 497
0 365
0 840
0 410
0 469
0 884
0 582
0 441
0 587
0 481
1 1024
0 305
0 261
1 1024
0 912
0 363
0 379
0 462
0 629
1 1024
0 604
0 671
0 356
0 690
0 342
0 583
0 478
0 295
0 436
0 800
0 412
1 1024
0 809
0 618
0 485
0 419
0 736
0 537
0 501
0 351
0 461
0 501
0 517
0 488
0 632
0 483
0 712
0 479
0 355
0 383
0 638
0 553
0 347
0 415
1 1024
0 208
1 1024
0 1023
0 340
0 443
0 292
0 394
0 566
0 536
0 341
0 393
0 772
0 391
0 341
0 348
0 1010
0 247
0 812
0 345
0 564
0 477
0 348
0 288
0 474
0 508
0 862
1 1024
0 608
0 414
0 375
0 539
0 320
0 457
0 315
0 807
0 643
0 359
0 499
1 1024
0 385
0 291
0 600
0 712
0 433
1 1024
1 1024
0 496
0 497
0 322
0 485
0 543
0 480
1 1024
0 510
0 618
0 361
0 865
0 412
0 570
0 544
0 506
0 434
0 519
0 311
0 679
1 1024
0 372
0 341
0 363
0 690
0 708
0 786
0 427
0 358
0 511
0 354
0 464
0 491
0 581
0 513
0 932
0 398
0 419
0 596
0 585
0 370
0 939
0 414
0 318
0 385
0 306
0 508
1 1024
0 573
0 707
0 522
0 374
0 554
0 317
0 496
0 528
0 521
0 593
0 633
0 570
0 450
0 429
0 369
0 405
0 306
0 427
0 756
0 336
0 552
0 480
1 1024
0 295
0 309
0 785
0 502
0 476
0 402
0 407
0 477
0 311
0 858
0 592
0 495
0 457
0 273
0 377
0 473
0 401
1 1024
0 343
0 442
0 470
0 508
0 695
0 394
0 519
0 289
0 561
0 550
0 507
0 801
0 435
0 903
0 341
0 573
0 258
0 369
0 518
0 465
0 915
0 528
0 579
0 883
0 399
0 352
0 565
1 1024
0 682
0 336
0 440
0 640
0 476
0 572
0 326
0 523
0 658
0 467
0 543
0 380
0 351
0 483
0 486
0 551
0 321
0 957
0 650
0 382
0 393
0 721
0 905
0 457
1 1024
1 1024
0 773
0 572
0 491
0 470
0 383
0 430
1 1024
0 447
0 557
0 393
0 577
0 355
0 343
0 942
0 698
0 849
0 369
0 672
1 1024
0 349
0 339
0 492
0 325
0 555
0 820
0 447
0 532
0 369
0 300
0 949
0 293
0 387
0 313
0 305
0 342
0 605
0 247
0 496
1 1024
0 361
0 478
0 405
0 419
0 471
0 744
0 438
0 621
0 373
0 722
0 517
0 347
0 267
0 493
0 347
0 689
1 1024
0 506
0 347
0 833
0 578
0 517
0 290
0 496
0 887
0 752
0 482
0 580
1 1024
0 308
0 303
0 368
0 285
0 637
0 417
0 440
0 370
0 406
0 467
0 723
0 668
0 680
0 464
0 401
0 770
0 723
0 352
0 512
0 468
0 536
0 487
0 350
0 614
0 504
1 1024
0 770
0 334
1 1024
0 365
0 566
0 480
0 422
0 344
1 1024
0 356
0 422
0 493
0 326
0 628
0 407
0 377
0 367
0 294
0 707
0 515
0 637
0 705
0 613
0 303
0 307
0 401
0 358
0 977
0 488
0 936
0 418
0 427
0 550
0 457
0 710
1 1024
0 519
0 622
0 930
0 352
1 1024
0 421
0 387
0 463
0 376
0 308
0 770
0 419
0 334
0 437
0 335
0 468
0 387
0 549
0 753
0 595
0 344
0 644
0 376
0 222
0 360
0 685
0 320
0 413
0 412
0 448
0 436
0 514
0 409
0 696
0 358
0 389
0 397
0 473
0 504
0 359
1 1024
0 506
0 532
0 596
0 345
0 678
0 563
0 432
0 361
0 503
0 486
0 418
0 315
0 289
0 499
0 698
0 305
0 439
0 483
1 1024
0 463
0 364
0 932
0 436
0 348
1 1024
0 421
0 369
0 631
0 530
0 397
0 501
0 388
0 553
0 427
1 1024
0 345
0 371
0 435
0 313
0 676
0 444
0 291
0 416
0 508
0 519
0 685
0 581
0 503
0 517
1 1024
0 590
0 344
0 385
0 733
0 437
0 678
0 396
0 420
0 551
0 752
0 417
0 490
0 537
0 309
0 502
0 385
0 502
0 413
0 486
0 428
0 320
0 363
0 355
0 371
0 530
0 309
0 327
0 646
0 573
0 352
0 461
0 366
0 626
0 307
0 244
0 641
0 328
0 524
0 410
0 397
0 543
0 339
0 425
0 347
0 378
0 335
0 825
0 394
0 368
0 934
0 481
0 519
0 335
0 321
0 349
0 907
0 464
0 576
0 295
0 442
0 343
0 344
0 289
0 410
0 527
0 389
0 225
0 771
0 876
0 600
0 504
0 585
0 709
0 298
0 319
0 383
0 661
0 471
0 508
0 314
1 1024
0 364
1 1024
0 380
0 484
0 389
0 414
0 432
0 790
0 449
0 973
0 323
0 653
0 1013
0 426
0 391
0 314
1 1024
0 623
0 268
0 831
1 1024
0 553
0 721
0 553
0 906
0 478
0 380
0 358
0 717
0 450
0 955
0 490
0 446
0 542
0 407
0 542
0 619
0 554
0 336
0 326
0 521
0 414
0 535
0 570
0 849
0 316
0 424
0 553
0 345
0 379
0 521
0 435
0 314
1 1024
1 1024
0 953
0 324
0 405
0 344
0 432
0 531
0 738
0 323
0 629
0 609
0 493
0 421
0 537
0 422
0 587
0 747
0 428
0 373
0 338
0 478
0 263
0 663
0 497
0 446
0 281
1 1024
0 456
0 384
0 567
0 414
0 439
0 997
0 704
0 436
0 605
0 739
0 425
0 451
0 362
0 386
0 548
0 374
0 312
0 619
0 360
0 336
0 352
0 274
0 400
0 854
0 311
0 652
0 301
0 399
0 465
1 1024
0 339
0 1003
0 460
0 677
0 616
0 446
0 701
1 1024
0 306
0 484
0 388
1 1024
0 498
0 745
1 1024
0 403
0 597
0 440
0 788
0 303
0 728
0 390
1 1024
0 745
0 344
0 532
0 501
1 1024
0 359
0 282
0 845
0 415
0 428
0 349
0 530
0 716
0 321
0 277
0 490
0 777
0 368
0 977
0 492
0 810
0 757
0 607
0 391
0 423
0 250
2 1024
0 316
0 372
0 594
0 592
0 532
0 577
0 668
0 575
0 768
0 608
0 471
0 768
0 247
0 420
1 1024
0 894
0 397
0 476
0 452
0 588
0 627
0 400
0 545
0 351
0 585
0 331
0 960
0 438
0 363
0 614
0 353
0 980
0 360
0 522
0 446
0 552
0 622
1 1024
0 434
0 393
0 290
0 907
0 451
0 354
0 500
0 450
0 470
0 457
0 292
0 457
0 590
0 401
0 397
0 506
0 355
0 296
0 453
0 549
0 440
0 394
0 524
0 320
0 395
0 451
0 559
0 542
0 436
0 585
0 421
0 726
0 409
0 563
0 341
0 280
0 551
0 830
0 371
0 456
0 373
0 482
0 503
0 519
0 639
0 387
0 415
0 695
0 360
0 319
0 340
0 431
0 566
1 1024
0 395
0 589
0 380
0 481
0 704
0 353
0 406
0 331
0 322
0 464
0 736
1 1024
0 409
0 363
0 422
0 454
0 992
0 415
0 547
0 490
0 316
0 443
1 1024
0 383
0 346
0 696
0 484
0 356
0 946
1 1024
0 821
0 947
1 1024
0 550
0 520
0 359
0 396
0 253
0 590
0 442
0 325
0 933
0 237
0 286
0 664
0 260
0 484
0 530
0 979
0 639
0 267
0 436
0 667
0 393
0 528
0 495
0 383
0 561
0 849
0 309
0 377
0 430
0 466
0 325
0 705
0 381
0 553
0 412
0 321
0 521
0 769
0 416
0 500
0 726
0 578
0 394
0 426
0 532
0 856
1 1024
0 310
0 514
0 420
0 886
0 492
0 607
0 365
0 496
0 481
0 444
0 529
0 536
0 473
0 403
0 255
0 330
0 502
0 236
0 586
0 373
0 601
0 650
0 306
0 818
0 728
0 270
0 656
0 361
0 550
0 573
0 352
0 424
0 631
0 286
0 374
0 612
0 517
0 354
0 963
0 309
0 356
0 257
0 283
0 512
0 590
0 360
0 418
0 459
0 376
0 414
1 1024
0 536
0 308
0 388
0 368
0 489
0 704
1 1024
0 488
0 377
0 455
0 353
0 525
0 344
0 582
0 391
1 1024
0 386
0 393
0 342
0 611
0 422
0 670
0 571
0 377
0 445
0 891
0 793
0 575
0 503
0 370
0 534
0 558
0 452
0 660
0 657
0 414
0 333
0 373
0 678
0 549
0 506
0 432
0 618
0 401
0 446
0 668
0 519
0 640
0 374
0 358
0 345
0 447
0 476
0 837
0 582
0 321
0 740
0 641
0 759
0 484
0 925
0 340
0 414
0 315
0 759
0 944
0 620
0 394
0 373
0 532
0 294
0 583
0 315
0 557
0 329
0 369
0 681
0 397
0 880
0 359
0 353
0 394
0 454
0 405
0 884
0 317
0 477
0 565
1 1024
0 414
0 463
0 450
0 264
0 840
0 361
0 331
0 339
0 725
2 1024
0 296
0 435
0 305
0 672
0 827
0 380
0 354
0 709
0 546
0 299
0 528
0 401
0 351
0 327
0 347
0 278
0 660
0 333
1 1024
0 633
0 233
0 421
0 506
0 613
0 449
0 518
0 378
0 450
0 459
0 661
1 1024
0 710
0 361
0 332
0 712
0 743
0 432
0 287
0 290
0 370
0 560
1 1024
0 498
0 301
0 356
0 348
0 765
0 338
0 304
0 486
0 610
0 463
1 1024
0 346
0 520
0 429
1 1024
0 389
0 906
0 593
0 391
1 1024
0 506
0 716
0 677
0 378
1 1024
0 758
0 381
0 667
0 580
0 445
0 303
1 1024
0 483
1 1024
0 686
0 331
0 315
0 482
0 333
0 422
0 569
0 547
0 282
0 595
0 288
0 393
0 459
1 1024
0 342
0 361
0 484
1 1024
0 471
0 430
0 425
0 392
0 353
0 496
0 463
0 336
0 417
0 291
0 821
0 516
0 486
0 637
1 1024
0 381
0 327
0 619
0 584
0 453
0 387
0 327
0 537
0 368
0 426
0 689
0 362
0 607
0 555
0 703
0 513
0 893
0 968
0 744
1 1024
0 421
0 391
0 371
0 559
0 902
0 514
0 424
0 384
0 289
0 297
1 1024
0 534
0 491
0 499
0 423
0 262
0 331
0 956
0 650
0 461
0 452
0 395
0 553
0 445
0 505
0 448
0 378
2 1024
0 670
0 310
1 1024
0 468
0 511
0 330
0 483
0 396
0 338
0 412
0 421
0 487
0 363
0 618
0 346
0 853
0 377
0 345
0 984
0 476
0 590
0 849
0 424
0 366
0 342
0 304
0 500
0 891
0 249
0 438
0 373
0 383
0 388
0 657
0 332
0 636
0 330
0 1022
0 513
0 436
0 540
0 580
0 762
0 594
0 393
0 453
0 296
0 812
0 615
0 361
0 616
0 434
1 1024
0 597
0 689
0 419
0 412
0 383
1 1024
0 518
0 351
1 1024
0 466
0 374
0 354
0 429
0 495
0 348
0 410
0 499
0 990
0 338
0 600
0 393
0 720
0 377
0 420
0 402
0 277
0 909
0 440
0 467
0 267
1 1024
0 418
1 1024
0 425
0 517
0 397
0 361
0 708
0 370
0 717
0 871
0 515
0 441
1 1024
0 426
0 529
0 545
0 394
0 524
0 536
0 864
0 778
0 879
0 1015
0 379
0 570
0 579
0 500
0 372
0 255
0 474
1 1024
0 540
0 601
0 434
2 1024
0 342
0 423
0 381
0 805
0 325
0 372
0 662
0 376
1 1024
0 457
0 386
0 425
0 343
1 1024
1 1024
0 652
0 416
0 815
0 342
