# SA for random K-SAT
# K = 3   N = 1024   M = 3840   seed = 3457169130
# alpha = 3.750000   nIter = 8192  Tmax = 0.200000
# 1:lowestUnsat  2:runTime
0 858
0 207
0 464
0 564
0 230
0 208
0 834
0 232
0 704
0 1498
0 525
0 217
0 879
0 487
0 804
0 238
0 321
0 323
0 722
0 316
0 149
0 349
0 482
0 179
0 399
0 125
0 894
0 138
0 533
0 322
0 767
0 435
0 269
0 382
0 553
0 1247
0 575
0 490
0 284
0 122
0 82
0 682
0 906
0 414
0 1183
0 576
0 461
0 449
0 531
0 432
0 1215
0 775
0 603
0 305
0 627
0 803
0 437
0 1599
0 426
0 97
0 1104
0 353
0 235
0 546
0 487
0 189
0 40
0 267
0 677
0 1631
0 378
0 295
0 383
0 970
0 546
0 543
0 752
0 429
0 1047
0 495
0 262
0 466
0 1083
0 892
0 463
0 713
0 751
0 502
0 430
0 830
0 183
0 499
0 910
0 1200
0 810
0 1291
0 368
0 226
0 254
0 616
0 479
0 262
0 568
0 678
0 580
0 1027
0 647
0 677
0 392
0 107
0 773
0 169
0 832
0 448
0 599
0 191
0 160
0 424
0 490
0 509
0 511
0 858
0 542
0 736
0 718
0 402
0 338
0 138
0 848
0 235
0 269
0 335
0 654
0 588
0 273
0 400
0 803
0 601
0 294
0 413
0 311
0 499
0 224
0 798
0 619
0 616
0 709
0 263
0 655
0 496
0 349
0 202
0 689
0 387
0 657
0 214
0 707
0 704
0 474
0 477
0 558
0 300
0 1092
0 292
0 956
0 511
0 364
0 1197
0 1924
0 228
0 335
0 418
0 115
0 431
0 461
0 802
0 384
0 446
0 322
0 613
0 599
0 689
0 405
0 582
0 361
0 363
0 1112
0 456
0 1417
0 680
0 136
0 150
0 490
0 463
0 548
0 377
0 1203
0 110
0 918
0 1271
0 1037
0 657
0 665
0 412
0 243
0 447
0 753
0 346
0 255
0 117
0 216
0 315
0 554
0 462
0 845
0 493
0 1274
0 1838
0 974
0 556
0 952
0 972
0 421
0 360
0 634
0 372
0 642
0 494
0 1122
0 580
0 107
0 658
0 1127
0 589
0 747
0 393
0 850
0 419
0 387
0 233
0 341
0 386
0 380
0 644
0 709
0 607
0 702
0 512
0 399
0 465
0 141
0 297
0 425
0 531
0 259
0 553
0 540
0 102
0 138
0 497
0 232
0 205
0 159
0 235
0 406
0 482
0 238
0 862
0 915
0 819
0 1231
0 406
0 401
0 265
0 242
0 200
0 507
0 766
0 486
0 387
0 1766
0 603
0 1021
0 430
0 448
0 338
0 332
0 774
0 106
0 197
0 93
0 1369
0 179
0 222
0 886
0 514
0 211
0 1188
0 370
0 1019
0 392
0 534
0 217
0 544
0 1709
0 500
0 784
0 961
0 86
0 581
0 2154
0 960
0 346
0 1128
0 289
0 835
0 709
0 350
0 250
0 658
0 388
0 396
0 154
0 647
0 234
0 702
0 119
0 200
0 520
0 600
0 508
0 400
0 204
0 722
0 720
0 228
0 335
0 586
0 1027
0 666
0 37
0 446
0 625
0 410
0 153
0 242
0 860
0 982
0 890
0 504
0 216
0 413
0 117
0 172
0 551
0 365
0 965
0 693
0 806
0 680
0 381
0 344
0 341
0 995
0 437
0 249
0 208
0 282
0 261
0 777
0 164
0 263
0 1049
0 417
0 411
0 196
0 506
0 310
0 398
0 254
0 417
0 533
0 670
0 1805
0 1341
0 230
0 663
0 328
0 490
0 479
0 613
0 453
0 228
0 439
0 299
0 233
0 517
0 366
0 582
0 246
0 349
0 651
0 69
0 462
0 224
0 453
0 663
0 194
0 380
0 956
0 767
0 328
0 500
0 274
0 471
0 99
0 257
0 1458
0 342
0 212
0 622
0 545
0 331
0 180
0 1029
0 527
0 813
0 1079
0 812
0 863
0 286
0 733
0 516
0 595
0 280
0 572
0 364
0 464
0 433
0 401
0 1017
0 794
0 251
0 396
0 407
0 514
0 394
0 825
0 688
0 183
0 727
0 169
0 144
0 152
0 765
0 594
0 824
0 453
0 454
0 717
0 747
0 271
0 209
0 905
0 300
0 331
0 715
0 1914
0 612
0 456
0 396
0 725
0 561
0 233
0 821
0 511
0 470
0 1142
0 597
0 286
0 936
0 933
0 1240
0 186
0 552
0 200
0 260
0 782
0 304
0 1072
0 380
0 508
0 1742
0 1012
0 490
0 311
0 96
0 388
0 179
0 193
0 956
0 83
0 475
0 259
0 649
0 488
0 723
0 580
0 388
0 440
0 418
0 938
0 490
0 504
0 560
0 208
0 851
0 851
0 641
0 483
0 594
0 553
0 918
0 649
0 356
0 251
0 302
0 138
0 314
0 134
0 643
0 825
0 408
0 683
0 248
0 479
0 535
0 907
0 344
0 283
0 1624
0 552
0 228
0 142
0 346
0 406
0 284
0 1409
0 169
0 375
0 188
0 996
0 725
0 169
0 209
0 1371
0 749
0 617
0 1357
0 310
0 339
0 1247
0 169
0 754
0 153
0 174
0 309
0 613
0 967
0 288
0 353
0 840
0 287
0 565
0 287
0 1254
0 1045
0 587
0 454
0 486
0 855
0 705
0 558
0 296
0 1002
0 224
0 889
0 706
0 442
0 234
0 86
0 186
0 121
0 396
0 401
0 262
0 413
0 469
0 525
0 131
0 899
0 401
0 430
0 652
0 334
0 207
0 341
0 430
0 608
0 502
0 736
0 1878
0 1075
0 356
0 517
0 87
0 270
0 183
0 518
0 420
0 1215
0 1364
0 572
0 420
0 339
0 257
0 162
0 880
0 607
0 467
0 626
0 801
0 793
0 255
0 407
0 620
0 1180
0 207
0 838
0 554
0 826
0 550
0 229
0 233
0 534
0 574
0 284
0 483
0 336
0 370
0 462
0 670
0 455
0 722
0 908
0 1000
0 87
0 1467
0 442
0 413
0 274
0 354
0 381
0 1403
0 365
0 192
0 299
0 670
0 249
0 370
0 237
0 479
0 485
0 388
0 429
0 392
0 1332
0 213
0 212
0 272
0 223
0 805
0 523
0 1571
0 466
0 686
0 626
0 283
0 861
0 519
0 377
0 410
0 389
0 429
0 628
0 557
0 474
0 1016
0 582
0 524
0 134
0 552
0 671
0 2201
0 468
0 688
0 232
0 324
0 424
0 704
0 510
0 340
0 276
0 291
0 174
0 780
0 75
0 343
0 166
0 407
0 358
0 60
0 527
0 524
0 898
0 533
0 162
0 317
0 140
0 387
0 689
0 637
0 1009
0 455
0 587
0 523
0 287
0 358
0 413
0 375
0 680
0 612
0 348
0 520
0 1189
0 361
0 377
0 583
0 248
0 481
0 1119
0 327
0 687
0 622
0 1109
0 551
0 257
0 256
0 281
0 451
0 519
0 486
0 391
0 401
0 129
0 139
0 924
0 467
0 384
0 778
0 151
0 1463
0 734
0 886
0 414
0 843
0 558
0 660
0 577
0 466
0 495
0 391
0 1067
0 320
0 50
0 438
0 250
0 1142
0 903
0 405
0 215
0 841
0 174
0 339
0 188
0 600
0 225
0 429
0 629
0 293
0 1479
0 412
0 333
0 692
0 411
0 869
0 1610
0 880
0 163
0 558
0 554
0 478
0 662
0 227
0 847
0 842
0 283
0 327
0 771
0 248
0 898
0 455
0 551
0 86
0 279
0 635
0 1505
0 543
0 653
0 507
0 832
0 366
0 204
0 111
0 343
0 532
0 216
0 250
0 215
0 297
0 605
0 369
0 281
0 533
0 409
0 823
0 609
0 224
0 162
0 184
0 193
0 798
0 624
0 174
0 1839
0 1456
0 543
0 383
0 362
0 512
0 246
0 398
0 121
0 598
0 568
0 214
0 235
0 312
0 579
0 265
0 476
0 437
0 936
0 376
0 952
0 72
0 283
0 896
0 631
0 1159
0 417
0 216
0 972
0 220
0 798
0 736
0 1708
0 323
0 207
0 494
0 244
0 197
0 874
0 971
0 340
0 476
0 276
0 556
0 422
0 673
0 580
0 346
0 432
0 1076
0 473
0 379
0 519
0 724
0 713
0 215
0 717
0 746
0 465
0 410
0 521
0 217
0 280
0 150
0 392
0 682
0 736
0 419
0 192
0 822
0 692
0 111
0 1153
0 275
0 761
0 318
0 580
0 499
0 710
0 396
0 102
0 240
0 370
0 386
0 372
0 672
0 210
0 60
0 81
0 203
0 187
0 514
0 223
0 1213
0 484
0 746
0 250
0 398
0 625
0 646
0 391
0 691
0 460
0 901
0 301
0 477
0 140
0 110
0 344
0 646
0 396
0 778
0 406
0 1269
0 411
0 569
0 371
0 417
0 206
0 642
0 829
0 468
0 354
0 1544
0 420
0 88
0 691
0 432
0 917
0 221
0 1607
0 467
0 575
0 362
0 393
0 542
1 8192
0 686
0 1725
0 343
0 469
0 305
0 1150
0 251
0 260
0 74
0 206
0 416
0 1004
0 637
0 599
0 194
0 496
0 268
0 618
0 1751
0 576
0 549
0 397
0 480
0 380
0 607
0 336
0 675
0 479
0 657
0 547
0 460
0 411
0 385
0 1021
0 407
0 301
0 715
0 298
0 693
0 443
0 912
0 312
0 549
0 945
0 179
0 112
0 412
0 575
0 840
0 550
0 79
0 410
0 815
0 244
0 696
0 642
0 729
0 796
0 118
0 280
0 277
0 605
0 541
0 533
0 118
0 306
0 452
0 1235
0 979
0 380
0 159
0 223
0 605
0 562
0 209
0 157
0 452
0 370
0 369
0 1086
0 509
0 342
0 3196
0 451
0 464
0 1131
0 256
0 429
0 289
0 226
0 383
0 647
0 517
0 508
0 219
0 335
0 192
0 1076
0 691
0 540
0 616
0 292
0 516
0 230
0 632
0 773
0 750
0 333
0 641
0 332
0 382
0 542
0 898
0 432
0 2457
0 400
0 714
0 203
0 1222
0 539
0 240
0 200
0 509
0 531
0 996
0 1393
0 582
0 367
0 260
0 624
0 1017
0 689
0 1178
0 398
0 178
0 721
0 316
0 693
0 262
0 248
0 668
0 781
0 702
0 620
0 310
0 186
0 528
0 392
0 362
0 289
0 267
0 492
0 398
0 178
0 411
0 736
0 494
0 427
0 415
0 1043
0 626
0 403
0 80
0 376
0 432
0 555
0 206
0 502
0 470
0 235
0 610
0 156
0 1442
0 666
0 635
0 61
0 407
0 146
0 195
0 536
0 398
0 574
0 461
0 476
0 315
0 156
0 173
0 1075
0 337
0 1262
0 283
0 744
0 202
0 313
0 724
0 371
0 572
0 696
0 263
0 537
0 1730
0 1106
0 600
0 1569
0 334
0 319
0 411
0 193
0 422
0 314
0 206
0 382
0 236
0 883
0 218
0 179
0 489
0 1239
0 1319
0 268
0 547
0 181
0 144
0 791
0 775
0 283
0 1106
0 866
0 1003
0 110
0 624
0 492
0 934
0 586
0 1071
0 77
0 399
0 1282
0 262
0 231
0 416
0 335
0 931
0 579
0 481
0 1260
0 997
0 690
0 743
0 452
0 436
0 219
0 342
0 966
0 444
0 194
0 443
0 588
0 386
0 1471
0 405
0 367
0 418
0 262
0 401
0 515
0 237
0 740
0 782
0 176
0 82
0 769
0 1338
0 523
0 323
0 1091
0 494
0 118
0 1166
0 1449
0 703
0 680
0 763
0 175
0 307
0 618
0 373
0 712
0 636
0 439
0 542
0 450
0 359
0 128
0 865
0 1117
0 682
0 370
0 681
0 485
0 172
0 493
0 454
0 700
0 433
0 702
0 1145
0 184
0 820
0 233
0 416
0 323
0 341
0 443
0 593
0 439
0 346
0 329
0 759
0 617
0 478
0 464
0 407
0 230
0 939
0 394
0 1041
0 500
0 438
0 313
0 272
0 2150
0 643
0 303
0 1119
0 157
0 168
0 267
0 229
0 252
0 61
0 352
0 757
0 702
0 590
0 173
0 601
0 698
0 274
0 214
0 1409
0 205
0 242
0 69
0 193
0 946
0 267
0 412
0 307
0 380
0 526
0 374
0 571
0 175
0 704
0 159
0 271
0 156
0 240
0 596
0 416
0 324
0 233
0 130
0 298
0 883
0 1099
0 395
0 672
0 313
0 421
0 595
0 88
0 1213
0 347
0 278
0 324
0 611
0 1260
0 632
0 561
0 326
0 541
0 280
0 345
0 88
0 1073
0 906
0 528
0 915
0 624
0 1357
0 721
0 523
0 1545
0 1127
0 576
0 292
0 595
0 1502
0 646
0 486
0 459
0 1028
0 506
0 871
0 694
0 1199
0 631
0 282
0 405
0 978
0 715
0 330
0 128
0 675
0 542
0 733
0 958
0 472
0 400
0 775
0 565
0 133
0 652
0 600
0 585
0 938
0 697
0 148
0 316
0 282
0 1070
0 682
0 283
0 203
0 501
0 177
0 395
0 574
0 387
0 590
0 749
0 392
0 992
0 321
0 570
0 743
0 122
0 1177
0 1434
0 591
0 661
0 522
0 1627
0 348
0 444
0 294
0 716
0 1343
0 454
0 913
0 1052
0 236
0 303
0 408
0 535
0 596
0 493
0 408
0 819
0 314
0 201
0 223
0 753
0 159
0 465
0 523
0 282
0 323
0 267
0 268
0 1739
0 317
0 1420
0 403
0 919
0 458
0 316
0 1199
0 76
0 480
0 578
0 2972
0 355
0 110
0 793
0 373
0 345
0 455
0 339
0 820
0 115
0 270
0 336
0 507
0 257
0 387
0 706
0 449
0 423
0 1314
0 364
0 320
0 279
0 391
0 524
0 610
0 388
0 341
0 459
0 790
0 747
0 1346
0 291
0 395
0 790
0 676
0 748
0 193
0 510
0 472
0 1096
0 1769
0 494
0 296
0 552
0 215
0 542
0 831
0 628
0 287
0 470
0 536
0 176
0 293
0 231
0 544
0 669
0 1272
0 545
0 528
0 693
0 158
0 1230
0 477
0 702
0 208
0 440
0 634
0 430
0 415
0 78
0 256
0 222
0 753
0 1595
0 408
0 1161
0 916
0 120
0 345
0 495
0 293
0 569
0 1148
0 197
0 401
0 85
0 418
0 445
0 996
0 380
0 594
0 2815
0 1073
0 194
0 479
0 633
0 370
0 436
0 747
0 316
0 217
0 1590
0 839
0 240
0 735
0 1041
0 1029
0 572
0 370
0 796
0 231
0 356
0 574
0 502
0 125
0 796
0 468
0 622
0 120
0 711
0 319
0 482
0 349
0 940
0 804
0 491
0 509
0 998
0 436
0 329
0 430
0 378
0 640
0 328
0 308
0 709
0 195
0 332
0 1094
0 159
0 229
0 182
0 461
0 240
0 357
0 2484
0 605
0 1089
0 307
0 411
0 220
0 129
0 723
0 361
0 412
0 541
0 872
0 388
0 306
0 270
0 1258
0 324
0 762
0 250
0 77
0 633
0 442
0 1595
0 342
0 141
0 310
0 305
0 629
0 133
0 1332
0 1025
0 391
0 460
0 798
0 745
0 567
0 261
0 832
0 90
0 433
0 582
0 354
0 52
0 1471
0 636
0 642
0 348
0 20
0 778
0 585
0 597
0 593
0 636
0 327
0 741
0 500
0 730
0 516
0 535
0 1189
0 355
0 808
0 192
0 480
0 495
0 250
0 476
0 366
0 269
0 387
0 944
0 89
0 631
0 679
0 937
0 478
0 282
0 230
0 207
0 87
0 489
0 299
0 576
0 720
0 1041
0 218
0 687
0 122
0 541
0 623
0 427
0 302
0 322
0 475
0 514
0 459
0 422
0 421
0 2014
0 704
0 180
0 473
0 556
0 238
0 976
0 232
0 1120
0 530
0 449
0 756
0 83
0 365
0 178
0 709
0 481
0 246
0 787
0 221
0 125
0 391
0 665
0 779
0 650
0 277
0 1010
0 645
0 614
0 568
0 527
0 564
0 913
0 331
0 328
0 221
0 1002
0 1220
0 705
0 340
0 715
0 893
0 847
0 1048
0 1586
0 1100
0 340
0 82
0 575
0 489
0 568
0 241
0 304
0 78
0 212
0 141
0 393
0 1021
0 400
0 1272
0 637
0 794
0 794
0 339
0 569
0 1253
0 276
0 579
0 1734
0 501
0 793
0 602
0 1031
0 803
0 77
0 406
0 662
0 135
0 712
0 137
0 1674
0 797
0 555
0 235
0 382
0 491
0 224
0 418
0 767
0 645
0 211
0 593
0 389
0 345
0 479
0 475
0 510
0 298
0 738
0 365
0 321
0 92
0 887
0 517
0 476
0 354
0 836
0 262
0 580
0 1038
0 188
0 251
0 251
0 958
0 90
0 1347
0 1117
0 635
0 469
0 606
0 593
0 629
0 256
0 149
0 210
0 504
0 423
0 314
0 678
0 524
0 361
0 546
0 247
0 237
0 279
0 434
0 296
0 472
0 372
0 292
0 663
0 193
0 531
0 688
0 1405
0 311
0 1155
0 280
0 395
0 451
0 377
0 772
0 559
0 128
0 231
0 580
0 408
0 1183
0 660
0 412
0 1118
0 377
0 202
0 466
0 357
0 379
0 616
0 584
0 1385
0 865
0 577
0 825
0 296
0 829
0 265
0 879
0 198
0 521
0 405
0 333
0 540
0 271
0 405
0 1180
0 377
0 796
0 637
0 234
0 787
0 1199
0 776
0 616
0 1149
0 727
0 222
0 131
0 264
0 376
0 411
0 365
0 950
0 591
0 382
0 811
0 494
0 1617
0 791
0 413
0 410
0 709
0 545
0 862
0 1001
0 365
0 447
0 183
0 867
0 214
0 373
0 1282
0 176
0 1195
0 292
0 490
0 582
0 270
0 1136
0 232
0 372
0 861
0 162
0 502
0 419
0 465
0 380
0 758
0 336
0 832
0 466
0 355
0 436
0 259
0 178
0 1053
0 372
0 710
0 758
0 705
0 266
0 300
0 88
0 322
0 850
0 643
0 561
0 502
0 410
0 748
0 567
0 116
0 604
0 878
0 792
0 1328
0 352
0 412
0 400
0 657
0 645
0 365
0 508
0 559
0 75
0 233
0 77
0 391
0 379
0 869
0 265
0 679
0 258
0 365
0 240
0 600
0 1101
0 651
0 495
0 650
0 749
0 487
0 136
0 541
0 552
0 347
0 764
0 426
0 167
0 652
0 252
0 673
0 1711
0 102
0 527
0 367
0 201
0 1173
0 428
0 1259
0 224
0 760
0 589
0 196
0 1293
0 332
0 371
0 205
0 495
0 655
0 451
0 651
0 294
0 501
0 273
0 350
0 385
0 1930
0 203
0 895
0 225
0 630
0 318
0 171
0 834
0 809
0 559
0 402
0 668
0 532
0 361
0 349
0 905
0 993
0 348
0 298
0 609
0 448
0 876
0 478
0 525
0 639
0 234
0 733
0 294
0 471
0 686
0 777
0 261
0 122
0 613
0 348
0 358
0 129
0 587
0 902
0 944
0 156
0 962
0 173
0 60
0 333
0 1130
0 892
0 364
0 924
0 466
0 493
0 738
0 195
0 606
0 280
0 542
0 1026
0 630
0 423
0 493
0 312
0 186
0 165
0 1138
0 53
0 282
0 233
0 402
0 451
0 999
0 1609
0 352
0 693
0 455
0 1500
0 299
0 276
0 587
0 99
0 464
0 299
0 527
0 716
0 673
0 384
0 144
0 682
0 747
0 607
0 306
0 383
0 260
0 1104
0 430
0 444
0 455
0 784
0 476
0 258
0 231
0 1197
0 449
0 263
0 988
0 536
0 370
0 321
0 364
0 516
0 222
0 243
0 310
0 410
0 716
0 1321
0 66
0 1509
0 1013
0 757
0 530
0 947
0 666
0 461
0 1194
0 761
0 1274
0 482
0 525
0 770
0 1291
0 765
0 608
0 406
0 719
0 630
0 262
0 257
0 685
0 2321
0 528
0 1313
0 891
0 349
0 71
0 460
0 244
0 817
0 374
0 338
0 647
0 232
0 200
0 563
0 702
0 683
0 161
0 749
0 307
0 594
0 548
0 370
0 578
0 567
0 232
0 735
0 401
0 665
0 1693
0 1050
0 1096
0 723
0 589
0 857
0 525
0 434
0 410
0 257
0 434
0 481
0 324
0 187
0 230
0 552
0 450
0 353
0 486
0 207
0 739
0 149
0 967
0 816
0 355
0 936
0 396
0 299
0 484
0 869
0 325
0 470
0 1929
0 707
0 261
0 675
0 814
0 418
0 846
0 1171
0 209
0 823
0 284
0 388
0 71
0 632
0 338
0 176
0 367
0 51
0 707
0 590
0 475
0 332
0 354
0 504
0 194
0 992
0 1151
0 828
0 223
0 436
0 886
0 130
0 231
0 383
0 766
0 1102
0 219
0 288
0 173
0 239
0 984
0 516
0 300
0 200
0 482
0 259
0 1006
0 1237
0 142
0 49
0 454
0 1100
0 192
0 246
0 263
0 420
0 388
0 460
0 218
0 333
0 2409
0 577
0 952
0 506
0 728
0 648
0 314
0 270
0 868
0 661
0 756
0 1191
0 708
0 1285
0 405
0 597
0 632
0 589
0 941
0 624
0 1133
0 668
0 51
0 261
0 405
0 305
0 236
0 1016
0 1448
0 789
0 994
0 564
0 520
0 814
0 166
0 925
0 650
0 503
0 1435
0 345
0 1190
0 521
0 396
0 49
0 148
0 288
0 415
0 437
0 250
0 210
0 1037
0 542
0 484
0 286
0 1325
0 487
0 414
0 432
0 447
0 344
0 296
0 351
0 242
0 325
0 507
0 404
0 402
0 846
0 764
0 180
0 655
0 244
0 2313
0 557
0 335
0 1044
0 180
0 331
0 416
0 60
0 744
0 604
0 229
0 142
0 2008
0 1039
0 176
0 284
0 2022
0 40
0 791
0 336
0 526
0 190
0 716
0 642
0 506
0 1601
0 112
0 1111
0 305
0 1744
0 796
0 654
0 132
0 660
0 121
0 449
0 720
0 262
0 219
0 439
0 981
0 284
0 427
0 244
0 395
0 176
0 667
0 434
0 319
0 144
0 745
0 420
0 432
0 247
0 498
0 307
0 381
0 208
0 327
0 472
0 568
0 134
0 621
0 353
0 514
0 234
0 434
0 324
0 742
0 677
0 923
0 281
0 940
0 1089
0 1743
0 62
0 523
0 925
0 253
0 336
0 487
0 300
0 300
0 369
0 662
0 436
0 251
0 542
0 407
0 754
0 1049
0 130
0 294
0 482
0 957
0 464
0 637
0 848
0 530
0 339
0 508
0 214
0 336
0 537
0 301
0 550
0 693
0 343
0 848
0 147
0 902
0 1500
0 2101
0 152
0 156
0 408
0 6629
0 913
0 246
0 360
0 309
0 239
0 662
0 292
0 123
0 410
0 321
0 361
0 322
0 916
0 1244
0 305
0 148
0 478
0 306
0 362
0 323
0 507
0 579
0 591
0 366
0 1241
0 623
0 711
0 546
0 676
0 734
0 702
0 591
0 1123
0 619
0 331
0 569
0 627
0 1165
0 217
0 341
0 276
0 599
0 281
0 250
0 556
0 375
0 530
0 172
0 309
0 640
0 361
0 281
0 252
0 845
0 376
0 323
0 332
0 480
0 537
0 669
0 1039
0 327
0 435
0 785
0 510
0 490
0 378
0 966
0 490
0 1545
0 531
0 2919
0 136
0 679
0 470
0 564
0 527
0 764
0 339
0 630
0 260
0 384
0 1098
0 719
0 178
0 542
0 1438
0 880
0 441
0 433
0 746
0 956
0 494
0 790
0 179
0 403
0 823
0 329
0 556
0 1227
0 1622
0 499
0 111
0 632
0 536
0 817
0 343
0 472
0 584
0 319
0 276
0 910
0 762
0 599
0 371
0 131
0 330
0 291
0 713
0 1094
0 555
0 568
0 321
0 520
0 548
0 681
0 589
0 96
0 654
0 747
0 733
0 448
0 504
0 565
0 695
0 428
0 613
0 151
0 307
0 393
0 495
0 417
0 201
0 586
0 244
0 646
0 513
0 507
0 575
0 1197
0 76
0 816
0 517
0 362
0 760
0 536
0 279
0 810
0 469
0 115
0 301
0 891
0 87
0 669
0 1062
0 494
0 356
0 373
0 595
0 518
0 224
0 1462
0 223
0 354
0 1210
0 388
0 477
0 760
0 189
0 1217
0 313
0 875
0 473
0 256
0 188
0 138
0 604
0 914
0 190
0 120
0 430
0 755
0 1103
0 451
0 519
0 484
0 516
0 518
0 291
0 464
0 617
0 774
0 905
0 373
0 182
0 363
0 222
0 418
0 815
0 192
0 104
0 1318
0 228
0 744
0 1285
0 117
0 81
0 383
0 437
0 593
0 643
0 246
0 931
0 587
0 1695
0 561
0 406
0 836
0 995
0 423
0 380
0 838
0 745
0 171
0 431
0 205
0 358
0 127
0 663
0 1150
0 195
0 86
0 290
0 399
0 414
0 581
0 386
0 977
0 234
0 124
0 312
0 941
0 418
0 448
0 631
0 881
0 354
0 753
0 166
0 93
0 803
0 707
0 658
0 550
0 615
0 160
0 706
0 712
0 1356
0 534
0 890
0 497
0 125
0 267
0 549
0 1003
0 810
0 679
0 359
0 297
0 431
0 655
0 347
0 190
0 364
0 380
0 551
0 349
0 645
0 512
0 803
0 528
0 1550
0 1061
0 184
0 667
0 1028
0 714
0 688
0 308
0 176
0 520
0 538
0 530
0 505
0 581
0 515
0 537
0 475
0 338
0 329
0 812
0 349
0 326
0 469
0 926
0 535
0 458
0 536
0 354
0 605
0 215
0 132
0 638
0 624
0 187
0 471
0 498
0 406
0 509
0 1244
0 288
0 517
0 546
0 246
0 324
0 1510
0 445
0 415
0 813
0 297
0 688
0 794
0 915
0 562
0 541
0 437
0 1379
0 259
0 741
0 611
0 394
0 998
0 560
0 274
0 891
0 410
0 452
0 196
0 260
0 359
0 807
0 605
0 50
0 84
0 578
0 759
0 258
0 367
0 197
0 620
0 263
0 660
0 476
0 251
0 265
0 446
0 405
0 406
0 546
0 422
0 442
0 695
0 247
0 247
0 953
0 95
0 671
0 482
0 550
0 302
0 135
0 1143
0 425
0 189
0 789
0 242
0 607
0 277
0 536
0 477
0 1015
0 850
0 459
0 933
0 596
0 1008
0 136
0 1136
0 1187
0 343
0 1039
0 298
0 642
0 516
0 91
0 189
0 718
0 267
0 165
0 1679
0 506
0 819
0 818
0 384
0 44
0 149
0 779
0 692
0 724
0 240
0 460
0 366
0 455
0 487
0 710
0 669
0 583
0 302
0 1347
0 1060
0 488
0 123
0 789
0 1796
0 600
0 1006
0 1612
0 103
0 423
0 112
0 374
0 222
0 692
0 641
0 739
0 325
0 560
0 41
0 691
0 76
0 482
0 165
0 1123
0 1182
0 945
0 316
0 531
0 139
0 378
0 701
0 581
0 46
0 760
0 351
0 154
0 1109
0 969
0 218
0 829
0 931
0 945
0 1238
0 596
0 654
0 516
0 758
0 1065
0 199
0 435
0 559
0 827
0 577
0 607
0 626
0 705
0 412
0 325
0 330
0 1048
0 481
0 351
0 193
0 263
0 2859
0 655
0 112
0 459
0 226
0 676
0 653
0 90
0 924
0 455
0 485
0 613
0 261
0 167
0 648
0 743
0 756
0 618
0 827
0 566
0 307
0 1730
0 306
0 932
0 254
0 535
0 150
0 306
0 244
0 898
0 134
0 232
0 332
0 128
0 270
0 314
0 563
0 392
0 656
0 1744
0 569
0 1041
0 186
0 346
0 436
0 186
0 372
0 184
0 1403
0 307
0 708
0 1802
0 697
0 630
0 235
0 1113
0 232
0 305
0 681
0 532
0 676
0 675
0 470
0 326
0 213
0 657
0 416
0 999
0 356
0 187
0 509
0 610
0 286
0 559
0 984
0 429
0 724
0 178
0 846
0 491
0 249
0 618
0 472
0 343
0 349
0 754
0 641
0 1374
0 1179
0 548
0 633
0 953
0 569
0 507
0 821
0 407
0 397
0 546
0 695
0 185
0 412
0 590
0 253
0 202
0 517
0 140
0 472
0 505
0 581
0 265
0 608
0 892
0 265
0 136
0 671
0 363
0 754
0 143
0 1065
0 1031
0 137
0 1523
0 258
0 253
0 197
0 649
0 510
0 522
0 393
0 544
0 431
0 487
0 784
0 315
0 316
0 649
0 402
0 332
0 625
0 905
0 1591
0 317
0 429
0 1211
0 1222
0 838
0 305
0 368
0 800
0 434
0 277
0 298
0 640
0 895
0 1099
0 1035
0 468
0 595
0 372
0 347
0 308
0 480
0 198
0 405
0 120
0 394
0 401
0 673
0 472
0 528
0 566
0 229
0 307
0 883
0 472
0 390
0 227
0 238
0 431
0 785
0 343
0 286
0 502
0 402
0 683
0 95
0 1464
0 436
0 144
0 284
0 1007
0 749
0 1095
0 2098
0 658
0 366
0 144
0 269
0 221
0 587
0 77
0 309
0 204
0 466
0 242
0 106
0 521
0 552
0 178
0 690
0 268
0 287
0 277
0 534
0 457
0 203
0 482
0 340
0 173
0 217
0 168
0 812
0 324
0 645
0 393
0 185
0 518
0 741
0 216
0 492
0 318
0 295
0 846
0 453
0 64
0 244
0 456
0 344
0 246
0 933
0 336
0 423
0 327
0 211
0 314
0 687
0 213
0 445
0 433
0 812
0 648
0 365
0 848
0 498
0 807
0 897
0 385
0 767
0 539
0 965
0 681
0 1226
0 284
0 445
0 702
0 320
0 323
0 577
0 866
0 1206
0 197
0 398
0 165
0 472
0 564
0 443
0 1374
0 1301
0 1401
0 186
0 455
0 325
0 496
0 197
0 214
0 322
0 344
0 305
0 646
0 1308
0 887
0 532
0 621
0 381
0 808
0 1166
0 1239
0 638
0 318
0 586
0 568
0 1157
0 319
0 505
0 823
0 448
0 737
0 501
0 723
0 160
0 356
0 336
0 663
0 596
0 238
0 138
0 134
0 727
0 116
0 782
0 384
0 59
0 190
0 376
0 619
0 516
0 290
0 358
0 1610
0 593
0 300
0 386
0 456
0 622
0 264
0 875
0 3854
0 655
0 626
0 266
0 270
0 508
0 456
0 1232
0 192
0 125
0 218
0 461
0 1078
0 622
0 1147
0 950
0 799
0 279
0 620
0 367
0 62
0 156
0 501
0 1613
0 252
0 369
0 246
0 280
0 122
0 957
0 474
0 678
0 111
0 567
0 501
0 457
0 416
0 324
0 892
0 518
0 207
0 2176
0 604
0 330
0 1141
0 164
0 471
0 648
0 1356
0 349
0 425
0 617
0 313
0 1233
0 299
0 329
0 625
0 1036
0 229
0 52
0 448
0 308
0 597
0 99
0 629
0 528
0 447
0 324
0 4558
0 79
0 287
0 1196
0 363
0 63
0 527
0 370
0 357
0 503
0 208
0 364
0 805
0 808
0 871
0 298
0 196
0 316
0 388
0 283
0 585
0 900
0 548
0 472
0 841
0 194
0 834
0 377
0 104
0 498
0 260
0 457
0 583
0 435
0 285
0 427
0 675
0 668
0 165
0 780
0 1167
0 574
0 568
0 268
0 344
0 244
0 104
0 2076
0 1007
0 173
0 685
0 985
0 509
0 325
0 606
0 336
0 1025
0 497
0 220
0 551
0 503
0 1197
0 991
0 635
0 313
0 197
0 821
0 289
0 74
0 98
0 489
0 386
0 1117
0 1274
0 487
0 792
0 553
0 658
0 307
0 240
0 96
0 592
0 881
0 839
0 566
0 541
0 712
0 672
0 182
0 423
0 660
0 809
0 249
0 406
0 123
0 266
0 844
0 343
0 319
0 851
0 420
0 447
0 272
0 279
0 127
0 243
0 460
0 525
0 816
0 479
0 249
0 372
0 732
0 620
0 233
0 158
0 214
0 408
0 566
0 611
0 275
0 2198
0 587
0 1414
0 346
0 405
0 363
0 770
0 305
0 496
0 147
0 227
0 839
0 772
0 192
0 404
0 531
0 721
0 705
0 586
0 194
0 209
0 995
0 312
0 830
0 620
0 323
0 237
0 5130
0 850
0 1053
0 613
0 766
0 274
0 757
0 227
0 52
0 1150
0 975
0 351
0 121
0 1034
0 780
0 307
0 739
0 301
0 500
0 215
0 564
0 618
0 669
0 607
0 619
0 657
0 169
0 501
0 637
0 384
0 557
0 797
0 967
0 957
0 684
0 457
0 610
0 281
0 741
0 82
0 209
0 70
0 765
0 700
0 706
0 569
0 355
0 1144
0 626
0 247
0 239
0 500
0 279
0 310
0 1009
0 487
0 281
0 311
0 470
0 413
0 249
0 901
0 433
0 370
0 779
0 130
0 1123
0 272
0 372
0 192
0 728
0 396
0 395
0 3183
0 299
0 164
0 329
0 148
0 454
0 203
0 365
0 233
0 275
0 286
0 188
0 151
0 493
0 1156
0 144
0 580
0 544
0 704
0 691
0 334
0 620
0 684
0 820
0 147
0 151
0 293
0 510
0 337
0 806
0 416
0 365
0 204
0 340
0 747
0 349
0 617
0 913
0 322
0 604
0 220
0 884
0 139
0 294
0 486
0 864
0 221
0 251
0 259
0 337
0 1420
0 438
0 1172
0 440
0 92
0 375
0 359
0 508
0 675
0 643
0 884
0 469
0 331
0 521
0 632
0 538
0 549
0 2283
0 430
0 898
0 77
0 850
0 323
0 833
0 391
0 399
0 749
0 695
0 363
0 737
0 82
0 562
0 171
0 1331
0 44
0 452
0 470
0 529
0 887
0 577
0 1186
0 1264
0 243
0 1186
0 195
0 732
0 156
0 406
0 410
0 533
0 96
0 634
0 497
0 106
0 583
0 826
0 347
0 268
0 775
0 620
0 1501
0 1034
0 414
0 398
0 1091
0 90
0 509
0 498
0 556
0 1064
0 706
0 218
0 1329
0 472
0 576
0 600
0 363
0 339
0 1345
0 454
0 315
0 632
0 90
0 970
0 843
0 171
0 546
0 165
0 305
0 1361
0 620
0 1212
0 637
0 1298
0 166
0 1408
0 794
0 294
0 417
0 277
0 470
0 691
0 252
0 198
0 429
0 667
0 652
0 421
0 1487
0 211
0 684
0 473
0 705
0 351
0 1173
0 1641
0 841
0 934
0 465
0 701
0 276
0 577
0 468
0 76
0 394
0 508
0 65
0 403
0 345
0 119
0 589
0 378
0 203
0 1606
0 767
0 1047
0 793
0 216
0 168
0 875
0 356
0 353
0 649
0 1115
0 468
0 749
0 778
0 130
0 176
0 1563
0 145
0 724
0 849
0 167
0 235
0 121
0 330
0 943
0 280
0 999
0 471
0 285
0 347
0 584
0 657
0 497
0 1070
0 561
0 295
0 465
0 371
0 305
0 638
0 487
0 581
0 904
0 1056
0 645
0 372
0 434
0 558
0 102
0 330
0 1160
0 500
0 621
0 555
0 285
0 1033
0 192
0 480
0 309
0 507
0 545
0 636
0 228
0 702
0 1046
0 691
0 915
0 952
0 1232
0 503
0 672
0 748
0 1071
0 327
0 182
0 436
0 404
0 657
0 416
0 464
0 1040
0 737
0 1011
0 444
0 549
0 349
0 598
0 1014
0 1034
0 1127
0 460
0 203
0 973
0 400
0 61
0 835
0 210
0 570
0 585
0 482
0 367
0 364
0 598
0 677
0 490
0 780
0 1055
0 471
0 556
0 1030
0 175
0 184
0 647
0 153
0 202
0 851
0 1405
0 826
0 1761
0 660
0 105
0 620
0 166
0 523
0 687
0 584
0 97
0 2192
0 1354
0 414
0 231
0 513
0 503
0 358
0 466
0 584
0 985
0 301
0 1006
0 165
0 286
0 462
0 858
0 306
0 612
0 1243
0 449
0 1100
0 887
0 659
0 269
0 308
0 177
0 615
0 853
0 792
0 497
0 113
0 349
0 301
0 249
0 1026
0 557
0 850
0 264
0 505
0 1046
0 719
0 436
0 377
0 205
0 923
0 1154
0 917
0 327
0 428
0 1092
0 957
0 278
0 162
0 256
0 565
0 310
0 196
0 1668
0 348
0 1109
0 900
0 883
0 564
0 150
0 126
0 375
0 572
0 102
0 100
0 571
0 467
0 284
0 580
0 207
0 461
0 501
0 1523
0 672
0 427
0 339
0 576
0 574
0 672
0 99
0 1780
0 295
0 542
0 315
0 372
0 272
0 213
0 585
0 592
0 498
0 1106
0 795
0 701
0 1368
0 97
0 321
0 575
0 576
0 514
0 145
0 235
0 261
0 649
0 408
0 278
0 995
0 323
0 575
0 410
0 160
0 414
0 472
0 533
0 285
0 466
0 785
0 106
0 258
0 535
0 523
0 408
0 114
0 816
0 561
0 504
0 631
0 1074
0 1026
0 415
0 919
0 128
0 342
0 1077
0 350
0 613
0 457
0 425
0 515
0 124
0 923
0 649
0 459
0 1107
0 567
0 590
0 223
0 1101
0 279
0 484
0 295
0 946
0 438
0 242
0 261
0 421
0 1300
0 191
0 775
0 739
0 654
0 780
0 651
0 451
0 766
0 2595
0 1039
0 679
0 584
0 371
0 264
0 118
0 160
0 270
0 727
0 642
0 812
0 298
0 203
0 162
0 482
0 1416
0 611
0 796
0 671
0 273
0 810
0 843
0 314
0 858
0 446
0 351
0 233
0 349
0 423
0 222
0 548
0 907
0 343
0 1192
0 977
0 359
0 684
0 457
0 725
0 802
0 436
0 117
0 193
0 513
0 1353
0 330
0 544
0 410
0 1016
0 574
0 149
0 678
0 1065
0 416
0 759
0 202
0 382
0 384
0 954
0 415
0 970
0 246
0 723
0 386
0 972
0 473
0 723
0 298
0 1197
0 440
0 153
0 295
0 438
0 119
0 827
0 318
0 717
0 146
0 919
0 677
0 1977
0 447
0 976
0 287
0 807
0 317
0 483
0 858
0 414
0 927
0 598
0 384
0 229
0 131
0 454
0 269
0 291
0 398
0 1143
0 913
0 363
0 332
0 589
0 326
0 228
0 169
0 448
0 484
0 505
0 94
0 544
0 870
0 1373
0 453
0 652
0 553
0 303
0 943
0 273
0 353
0 619
0 750
0 267
0 310
0 1367
0 614
0 679
0 701
0 898
0 352
0 440
0 699
0 458
0 671
0 551
0 896
0 136
0 462
0 613
0 276
0 533
0 430
0 664
0 386
0 519
0 398
0 487
0 545
0 957
0 1246
0 272
0 164
0 1302
0 404
0 1119
0 280
0 353
0 155
0 955
0 490
0 645
0 963
0 220
0 476
0 622
0 475
0 371
0 199
0 48
0 129
0 759
0 675
0 434
0 502
0 782
0 930
0 518
0 1144
0 195
0 64
0 932
0 1073
0 244
0 366
0 387
0 987
0 473
0 328
0 736
0 252
0 67
0 120
0 144
0 241
0 1198
0 657
0 744
0 536
0 824
0 513
0 1107
0 693
0 938
0 603
0 500
0 773
0 317
0 376
0 283
0 740
0 320
0 741
0 969
0 357
0 867
0 698
0 703
0 663
0 463
0 188
0 311
0 355
0 981
0 341
0 584
0 647
0 572
0 1051
0 64
0 728
0 670
0 505
0 545
0 495
0 147
0 625
0 392
0 556
0 430
0 453
0 207
0 312
0 1388
0 322
0 179
0 264
0 816
0 714
0 1113
0 1252
0 490
0 581
0 519
0 147
0 2084
0 1075
0 380
0 205
0 187
0 191
0 147
0 102
0 320
0 283
0 412
0 590
0 754
0 989
0 90
0 681
0 545
0 549
0 572
0 481
0 634
0 79
0 477
0 366
0 601
0 362
0 814
0 832
0 411
0 425
0 187
0 77
0 1579
0 339
0 396
0 233
0 1264
0 240
0 321
0 299
0 369
0 400
0 412
0 441
0 77
0 858
0 354
0 893
0 307
0 323
0 684
0 1541
0 1793
0 480
0 495
0 2114
0 796
0 559
0 343
0 360
0 693
0 490
0 444
0 85
0 326
0 522
0 1211
0 824
0 409
0 370
0 213
0 169
0 292
0 194
0 514
0 207
0 735
0 838
0 447
0 982
0 897
0 204
0 347
0 368
0 440
0 566
0 246
0 165
0 428
0 208
0 542
0 232
0 330
0 254
0 422
0 236
0 512
0 678
0 184
0 456
0 343
0 541
0 286
0 306
0 554
0 142
0 294
0 886
0 562
0 572
0 377
0 106
0 255
0 536
0 607
0 377
0 289
0 477
0 654
0 882
0 394
0 483
0 534
0 757
0 208
0 447
0 686
0 649
0 768
0 537
0 44
0 347
0 556
0 297
0 755
0 419
0 1093
0 481
0 593
0 394
0 600
0 786
0 719
0 469
0 378
0 576
0 115
0 851
0 319
0 857
0 633
0 359
0 1562
0 43
0 404
0 476
0 330
0 174
0 235
0 583
0 956
0 426
0 644
0 405
0 135
0 440
0 411
0 729
0 475
0 308
0 721
0 490
0 576
0 870
0 306
0 191
0 482
0 835
0 265
0 838
0 249
0 594
0 461
0 174
0 389
0 456
0 183
0 969
0 452
0 845
0 624
0 253
0 534
0 315
0 795
0 282
0 383
0 615
0 525
0 555
0 408
0 45
0 856
0 417
0 2675
0 528
0 79
0 621
0 709
0 341
0 327
0 260
0 129
0 296
0 841
0 477
0 489
0 337
0 146
0 507
0 329
0 806
0 450
0 569
0 65
0 295
0 79
0 377
0 1160
0 397
0 247
0 751
0 407
0 452
0 755
0 187
0 766
0 426
0 1418
0 371
0 389
0 676
0 920
0 465
0 768
0 348
0 682
0 123
0 510
0 518
0 913
0 351
0 157
0 375
0 1392
0 950
0 288
0 1058
0 538
0 372
0 1358
0 504
0 191
0 343
0 1343
0 600
0 306
0 248
0 690
0 916
0 991
0 488
0 575
0 458
0 522
0 1116
0 486
0 854
0 339
0 472
0 1485
0 1196
0 916
0 1056
0 673
0 694
0 221
0 816
0 136
0 151
0 132
0 214
0 437
0 258
0 1175
0 118
0 981
0 306
0 579
0 622
0 128
0 1009
0 360
0 880
0 435
0 1469
0 164
0 455
0 1290
0 135
0 474
0 259
0 1169
0 155
0 536
0 708
0 525
0 289
0 451
0 990
0 1321
0 403
0 325
0 518
0 344
0 304
0 685
0 637
0 171
0 1040
0 513
0 477
0 489
0 466
0 82
0 621
0 720
0 770
0 463
0 662
0 850
0 554
0 344
0 497
0 829
0 880
0 334
0 414
0 526
0 219
0 431
0 283
0 453
0 224
0 353
0 200
0 476
0 260
0 492
0 385
0 197
0 1135
0 125
0 382
0 409
0 813
0 130
0 446
0 308
0 682
0 494
0 214
0 557
0 179
0 406
0 963
0 255
0 587
0 287
0 107
0 625
0 938
0 551
0 511
0 1063
0 942
0 481
0 170
0 154
0 161
0 410
0 329
0 1533
0 1278
0 1025
0 702
0 267
0 889
0 482
0 1089
0 235
0 588
0 276
0 636
0 1668
0 1493
0 1039
0 273
0 563
0 660
0 518
0 1548
0 175
0 342
0 306
0 598
0 92
0 403
0 467
0 612
0 603
0 329
0 242
0 203
0 473
0 148
0 683
0 1083
0 1017
0 296
0 1289
0 412
0 635
0 186
0 510
0 444
0 680
0 410
0 267
0 390
0 450
0 267
0 249
0 282
0 767
0 551
0 925
0 663
0 645
0 518
0 401
0 604
0 111
0 622
0 841
0 385
0 174
0 580
0 563
0 1135
0 230
0 113
0 471
0 66
0 517
0 74
0 409
0 483
0 628
0 1101
0 694
0 579
0 501
0 741
0 785
0 88
0 599
0 2068
0 782
0 503
0 1208
0 475
0 450
0 444
0 911
0 788
0 743
0 740
0 413
0 313
0 668
0 1386
0 201
0 371
0 211
0 442
0 205
0 382
0 863
0 387
0 395
0 781
0 302
0 347
0 504
0 430
0 492
0 1071
0 336
0 523
0 72
0 376
0 639
0 434
0 706
0 156
0 128
0 729
0 501
0 722
0 530
0 512
0 451
0 826
0 346
0 1349
0 756
0 1289
0 547
0 162
0 314
0 354
0 997
0 1199
0 564
0 404
0 713
0 193
0 607
0 1211
0 506
0 294
0 731
0 495
0 156
0 549
0 210
0 1303
0 724
0 1155
0 325
0 852
0 44
0 2583
0 369
0 894
0 736
0 258
0 204
0 208
0 442
0 1554
0 490
0 907
0 265
0 383
0 90
0 1580
0 189
0 672
0 508
0 279
0 369
0 182
0 570
0 127
0 381
0 1718
0 1344
0 583
0 817
0 133
0 109
0 913
0 776
0 1625
0 461
0 137
0 586
0 307
0 197
0 520
0 834
0 535
0 654
0 699
0 220
0 1419
0 436
0 124
0 1038
0 1605
0 492
0 283
0 247
0 629
0 861
0 1498
0 172
0 704
0 467
0 1085
0 864
0 539
0 1792
0 329
0 618
0 1484
0 291
0 565
0 259
0 210
0 1305
0 403
0 176
0 519
0 301
0 887
0 449
0 369
0 767
0 458
0 360
0 612
0 503
0 685
0 199
0 596
0 255
0 385
0 993
0 858
0 156
0 484
0 566
0 457
0 742
0 399
0 768
0 716
0 157
0 1043
0 850
0 590
0 296
0 796
0 789
0 56
0 462
0 357
0 525
0 276
0 560
0 355
0 406
0 169
0 268
0 1476
0 588
0 155
0 164
0 487
0 1219
0 174
0 119
0 390
0 193
0 310
0 539
0 474
0 178
0 492
0 119
0 375
0 233
0 878
0 263
0 532
0 1424
0 707
0 157
0 629
0 459
0 724
0 642
0 112
0 613
0 1102
0 1153
0 644
0 446
0 228
0 1026
0 567
0 665
0 528
0 613
0 508
0 954
0 485
0 129
0 399
0 968
0 1043
0 997
0 228
0 249
0 179
0 176
0 405
0 159
0 1675
0 117
0 1374
0 333
0 167
0 154
0 161
0 676
0 1036
0 675
0 158
0 666
0 1608
0 919
0 1201
0 349
0 282
0 226
0 884
0 100
0 218
0 306
0 675
0 427
0 1652
0 1308
0 495
0 734
0 844
0 616
0 498
0 558
0 345
0 466
0 573
0 859
0 628
0 234
0 685
0 231
0 552
0 306
0 1290
0 2451
0 286
0 98
0 560
0 338
0 1595
0 1092
0 454
0 322
0 277
0 707
0 665
0 244
0 922
0 670
0 440
0 530
0 215
0 672
0 1662
0 475
0 507
0 359
0 513
0 649
0 928
0 1001
0 288
0 450
0 212
0 359
0 288
0 384
0 484
0 1015
0 105
0 523
0 475
0 468
0 1176
0 177
0 305
0 973
0 1596
0 438
0 496
0 445
0 389
0 384
0 552
0 357
0 543
0 507
0 640
0 807
0 194
0 259
0 570
0 391
0 608
0 339
0 709
0 250
0 284
0 288
0 750
0 527
0 384
0 1447
0 264
0 600
0 671
0 451
0 656
0 639
0 468
0 770
0 695
0 692
0 730
0 486
0 326
0 75
0 241
0 725
0 499
0 160
0 1353
0 933
0 1322
0 576
0 324
0 117
0 202
0 765
0 360
0 342
0 284
0 1367
0 514
0 529
0 544
0 1095
0 503
0 239
0 727
0 171
0 996
0 1105
0 220
0 380
0 1122
0 484
0 566
0 655
0 390
0 336
0 324
0 978
0 1050
0 367
0 183
0 386
0 974
0 607
0 528
0 509
0 249
0 236
0 690
0 182
0 660
0 594
0 211
0 300
0 758
0 294
0 943
0 398
0 735
0 594
0 445
0 941
0 509
0 692
0 165
0 783
0 285
0 178
0 345
0 210
0 976
0 369
0 661
0 735
0 229
0 798
0 783
0 361
0 100
0 399
0 251
0 1190
0 430
0 212
0 763
0 465
0 67
0 745
0 280
0 420
0 651
0 711
0 212
0 733
0 469
0 591
0 149
0 467
0 1843
0 114
0 258
0 458
0 623
0 532
0 632
0 605
0 584
0 678
0 160
0 853
0 971
0 366
0 105
0 585
0 576
0 447
0 565
0 330
0 785
0 1084
0 880
0 511
0 774
0 129
0 379
0 829
0 559
0 453
0 1503
0 733
0 353
0 393
0 532
0 378
0 476
0 411
0 425
0 210
0 1217
0 1176
0 447
0 512
0 1319
0 425
0 111
0 1111
0 849
0 231
0 458
0 583
0 298
0 612
0 457
0 172
0 703
0 300
0 1007
0 892
0 561
0 543
0 1089
0 445
0 1100
0 189
0 622
0 591
0 530
0 210
0 498
0 627
0 281
0 441
0 202
0 515
0 892
0 595
0 177
0 478
0 970
0 123
0 676
0 641
0 585
0 300
0 382
0 238
0 567
0 303
0 1308
0 229
0 988
0 268
0 809
0 146
0 195
0 287
0 91
0 1367
0 568
0 1113
0 265
0 480
0 437
0 257
0 1101
0 183
0 768
0 860
0 577
0 268
0 386
0 899
0 575
0 751
0 563
0 295
0 432
0 581
0 604
0 816
0 759
0 686
0 642
0 238
0 301
0 811
0 613
0 405
0 911
0 305
0 216
0 775
0 219
0 584
0 699
0 276
0 925
0 367
0 580
0 407
0 478
0 539
0 322
0 413
0 334
0 146
0 1431
0 1508
0 432
0 238
0 218
0 362
0 1114
0 397
0 698
0 341
0 249
0 515
0 616
0 129
0 530
0 1081
0 344
0 1537
0 954
0 1397
0 196
0 490
0 495
0 152
0 278
0 553
0 552
0 505
0 216
0 717
0 424
0 414
0 327
0 211
0 399
0 333
0 394
0 696
0 195
0 746
0 311
0 501
0 466
0 412
0 367
0 472
0 866
0 765
0 349
0 584
0 143
0 505
0 518
0 394
0 118
0 519
0 443
0 135
0 282
0 934
0 574
0 1480
0 597
0 497
0 450
0 374
0 285
0 626
0 823
0 721
0 332
0 660
0 346
0 333
0 201
0 137
0 697
0 1156
0 395
0 683
0 1200
0 898
0 668
0 396
0 454
0 895
0 197
0 4565
0 795
0 249
0 110
0 434
0 768
0 477
0 551
0 472
0 1350
0 404
0 445
0 270
0 275
0 433
0 898
0 428
0 278
0 287
0 448
0 552
0 649
0 607
0 136
0 350
0 448
0 641
0 474
0 715
0 404
0 384
0 538
0 1162
0 130
0 794
0 558
0 926
0 774
0 259
0 269
0 354
0 281
0 585
0 434
0 610
0 465
0 263
0 312
0 381
0 849
0 418
0 761
0 618
0 726
0 449
0 1229
0 350
0 359
0 213
0 989
0 114
0 567
0 668
0 369
0 272
0 503
0 245
0 779
0 743
0 193
0 241
0 1307
0 207
0 185
0 383
0 575
0 698
0 822
0 626
0 397
0 291
0 717
0 603
0 535
0 498
0 325
0 686
0 573
0 516
0 287
0 451
0 446
0 761
0 316
0 403
0 1332
0 845
0 697
0 853
0 263
0 1705
0 509
0 1029
0 402
0 446
0 219
0 459
0 170
0 239
0 887
0 889
0 268
0 975
0 922
0 667
0 595
0 909
0 431
0 1026
0 265
0 306
0 266
0 531
0 1355
0 168
0 417
0 76
0 520
0 667
0 727
0 599
0 789
0 711
0 905
0 505
0 165
0 334
0 96
0 423
0 595
0 461
0 1325
0 570
0 902
0 959
0 751
0 250
0 371
0 1460
0 1190
0 1098
0 429
0 1121
0 534
0 1192
0 493
0 338
0 268
0 873
0 481
0 2220
0 525
0 289
0 167
0 507
0 908
0 489
0 182
0 357
0 540
0 217
0 499
0 982
0 662
0 143
0 478
0 120
0 470
0 197
0 715
0 349
0 3325
0 154
0 439
0 499
0 223
0 429
0 516
0 577
0 369
0 1077
0 829
0 746
0 675
0 325
0 583
0 311
0 685
0 501
0 956
0 283
0 575
0 845
0 384
0 184
0 294
0 396
0 370
0 1250
0 857
0 477
0 727
0 1016
0 749
0 585
0 407
0 453
0 528
0 729
0 836
0 1036
0 129
0 596
0 326
0 181
0 134
0 260
0 387
0 485
0 53
0 456
0 212
0 428
0 106
0 529
0 516
0 594
0 535
0 845
0 873
0 415
0 286
0 553
0 523
0 962
0 1090
0 318
0 413
0 950
0 471
0 462
0 1342
0 834
0 576
0 431
0 750
0 1001
0 662
0 391
0 177
0 563
0 359
0 417
0 1027
0 744
0 904
0 157
0 799
0 855
0 1415
0 152
0 1294
0 168
0 314
0 562
0 271
0 438
0 791
0 520
0 670
0 428
0 381
0 69
0 640
0 793
0 612
0 759
0 227
0 434
0 370
0 121
0 248
0 412
0 293
0 631
0 1670
0 761
0 311
0 1080
0 2172
0 243
0 290
0 1687
0 661
0 903
0 623
0 407
0 250
0 294
0 719
0 331
0 525
0 459
0 694
0 464
0 68
0 236
0 417
0 393
0 241
0 773
0 758
0 328
0 374
0 885
0 2155
0 451
0 240
0 763
0 195
0 728
0 1312
0 285
0 192
0 305
0 636
0 420
0 515
0 276
0 652
0 505
0 458
0 115
0 695
0 1105
0 975
0 120
0 795
0 1091
0 70
0 381
0 576
0 420
0 110
0 743
0 711
0 903
0 148
0 417
0 576
0 312
0 404
0 613
0 393
0 466
0 662
0 854
0 1120
0 167
0 377
0 284
0 1360
0 420
0 253
0 505
0 741
0 1395
0 1531
0 806
0 636
0 763
0 416
0 383
0 483
0 1230
0 378
0 615
0 860
0 567
0 468
0 287
0 1548
0 496
0 843
0 557
0 565
0 346
0 855
0 503
0 439
0 349
0 1199
0 185
0 378
0 128
0 760
0 186
0 306
0 327
0 401
0 197
0 672
0 259
0 958
0 288
0 497
0 898
0 294
0 522
0 719
0 281
0 375
0 135
0 286
0 1033
0 627
0 1615
0 616
0 456
0 321
0 895
0 743
0 540
0 1481
0 416
0 1404
0 584
0 935
0 461
0 446
0 186
0 1014
0 736
0 769
0 1718
0 1306
0 990
0 249
0 439
0 189
0 1449
0 342
0 767
0 378
0 613
0 843
0 133
0 423
0 482
0 803
0 229
0 88
0 305
0 513
0 253
0 101
0 482
0 745
0 420
0 274
0 167
0 256
0 306
0 335
0 671
0 558
0 330
0 289
0 651
0 518
0 411
0 1098
0 301
0 631
0 660
0 252
0 822
0 872
0 464
0 281
0 645
0 379
0 336
0 230
0 413
0 417
0 589
0 254
0 300
0 684
0 247
0 464
0 625
0 1236
0 233
0 237
0 1383
0 1039
0 175
0 204
0 991
0 100
0 346
0 513
0 418
0 321
0 225
0 645
0 773
0 499
0 1030
0 633
0 738
0 383
0 429
0 1434
0 759
0 773
0 222
0 876
0 697
0 394
0 1031
0 383
0 222
0 824
0 286
0 197
0 718
0 978
0 984
0 422
0 176
0 399
0 1361
0 1036
0 289
0 446
0 245
0 556
0 210
0 874
0 587
0 644
0 625
0 215
0 242
0 261
0 507
0 980
0 228
0 346
0 484
0 189
0 638
0 52
0 434
0 483
0 1046
0 798
0 364
0 122
0 562
0 306
0 1072
0 265
0 1014
0 101
0 620
0 805
0 298
0 562
0 98
0 216
0 415
0 704
0 486
0 308
0 395
0 219
0 448
0 436
0 910
0 870
0 217
0 180
0 1057
0 2368
0 617
0 283
0 1013
0 394
0 572
0 233
0 426
0 625
0 371
0 1027
0 618
0 82
0 739
0 826
0 100
0 889
0 267
0 573
0 348
0 679
0 414
0 406
0 614
0 385
0 1112
0 1044
0 583
0 269
0 833
0 469
0 499
0 867
0 304
0 71
0 241
0 278
0 418
0 274
0 1011
0 892
0 432
0 474
0 989
0 329
0 84
0 230
0 178
0 322
0 392
0 541
0 633
0 590
0 487
0 628
0 334
0 139
0 540
0 557
0 111
0 668
0 429
0 616
0 334
0 373
0 997
0 355
0 197
0 322
0 797
0 1633
0 390
0 1264
0 517
0 895
0 858
0 736
0 376
0 425
0 355
0 382
0 645
0 769
0 1199
0 444
0 275
0 343
0 333
0 537
0 501
0 1348
0 937
0 558
0 1279
0 571
0 186
0 379
0 637
0 3276
0 1178
0 624
0 317
0 242
0 204
0 400
0 1173
0 25
0 332
0 826
0 821
0 758
0 500
0 1192
0 347
0 739
0 602
0 422
0 568
0 374
0 469
0 437
0 342
0 744
0 914
0 911
0 1024
0 516
0 65
0 378
0 84
0 1093
0 1320
0 334
0 261
0 721
0 341
0 476
0 374
0 396
0 676
0 1123
0 893
0 912
0 934
0 558
0 1449
0 238
0 258
0 548
0 208
0 58
0 324
0 176
0 935
0 467
0 394
0 620
0 322
0 1158
0 610
0 200
0 694
0 251
0 568
0 870
0 434
0 179
0 1183
0 345
0 252
0 417
0 1576
0 269
0 604
0 538
0 94
0 519
0 221
0 754
0 222
0 387
0 458
0 262
0 199
0 648
0 419
0 536
0 380
0 915
0 268
0 333
0 744
0 209
0 152
0 313
0 658
0 479
0 346
0 385
0 347
0 539
0 244
0 775
0 1098
0 558
0 274
0 394
0 609
0 410
0 1274
0 700
0 169
0 437
0 345
0 263
0 476
0 1151
0 711
0 302
0 1640
0 448
0 412
0 295
0 175
0 440
0 240
0 854
0 307
0 264
0 706
0 291
0 496
0 355
0 710
0 1999
0 637
0 282
0 635
0 488
0 424
0 471
0 180
0 683
0 783
0 588
0 751
0 127
0 802
0 894
0 291
0 56
0 507
0 355
0 362
0 350
0 143
0 806
0 751
0 287
0 202
0 694
0 194
0 326
0 291
0 701
0 201
0 371
0 658
0 138
0 663
0 561
0 602
0 439
0 194
0 752
0 816
0 94
0 867
0 226
0 843
0 1227
0 955
0 989
0 361
0 789
0 877
0 379
0 402
0 211
0 1635
0 389
0 202
0 582
0 447
0 125
0 496
0 290
0 636
0 30
0 531
0 108
0 1274
0 687
0 281
0 264
0 434
0 221
0 710
0 481
0 262
0 390
0 453
0 345
0 302
0 377
0 515
0 239
0 1420
0 330
0 1235
0 206
0 369
0 297
0 913
0 875
0 859
0 300
0 363
0 894
0 213
0 169
0 514
0 738
0 831
0 408
0 709
0 572
0 162
0 463
0 577
0 584
0 390
0 953
0 1274
0 511
0 562
0 384
0 362
0 341
0 387
0 638
0 332
0 557
0 690
0 527
0 639
0 664
0 130
0 444
0 757
0 547
0 260
0 560
0 494
0 286
0 346
0 488
0 687
0 522
0 528
0 415
0 2475
0 145
0 493
0 423
0 230
0 284
0 491
0 343
0 691
0 176
0 1262
0 266
0 372
0 609
0 340
0 151
0 770
0 820
0 210
0 556
0 139
0 886
0 1139
0 292
0 176
0 281
0 198
0 541
0 760
0 304
0 300
0 714
0 510
0 503
0 1744
0 923
0 533
0 606
0 723
0 311
0 428
0 126
0 333
0 1303
0 126
0 170
0 331
0 446
0 504
0 1476
0 449
0 374
0 153
0 556
0 525
0 1545
0 127
0 622
0 734
0 562
0 576
0 805
0 908
0 1038
0 96
0 699
0 507
0 490
0 1200
0 895
0 567
0 506
0 453
0 473
0 331
0 958
0 923
0 793
0 620
0 381
0 743
0 349
0 151
0 265
0 568
0 460
0 461
0 266
0 744
0 229
0 511
0 1560
0 257
0 136
0 802
0 340
0 627
0 174
0 411
0 537
0 406
0 564
0 946
0 292
0 796
0 883
0 280
0 626
0 1187
0 127
0 1092
0 734
0 364
0 323
0 507
0 790
0 609
0 624
0 811
0 694
0 253
0 506
0 403
0 2297
0 489
0 595
0 135
0 268
0 223
0 248
0 612
0 1743
0 1171
0 257
0 913
0 85
0 342
0 701
0 612
0 640
0 1386
0 82
0 1082
0 219
0 508
0 403
0 372
0 1567
0 533
0 360
0 628
0 438
0 623
0 2385
0 333
0 273
0 819
0 280
0 557
0 507
0 273
0 241
0 208
0 426
0 1097
0 876
0 650
0 139
0 273
0 1014
0 809
0 811
0 722
0 632
0 94
0 365
0 411
0 512
0 323
0 1176
0 745
0 1133
0 337
0 455
0 168
0 316
0 1266
0 234
0 376
0 891
0 753
0 621
0 126
0 639
0 1061
0 315
0 689
0 816
0 940
0 783
0 225
0 798
0 492
0 909
0 126
0 1190
0 400
0 730
0 553
0 501
0 1233
0 245
0 145
0 1201
0 743
0 570
0 916
0 716
0 682
0 150
0 47
0 504
0 553
0 192
0 234
0 430
0 140
0 393
0 148
0 295
0 249
0 328
0 693
0 519
0 597
0 120
0 65
0 242
0 742
0 574
0 683
0 620
0 207
0 273
0 635
0 424
0 557
0 1180
0 914
0 99
0 1246
0 191
0 259
0 103
0 635
0 665
0 1291
0 309
0 1136
0 291
0 411
0 337
0 1039
0 888
0 953
0 535
0 202
0 299
0 227
0 558
0 290
0 321
0 114
0 122
0 78
0 1757
0 178
0 1213
0 410
0 168
0 382
0 443
0 627
0 251
0 623
0 518
0 309
0 1046
0 297
0 124
0 570
0 607
0 622
0 167
0 389
0 403
0 1273
0 409
0 192
0 700
0 225
0 598
0 793
0 194
0 1234
0 1344
0 208
0 789
0 758
0 741
0 426
0 242
0 165
0 452
0 743
0 152
0 773
0 619
0 341
0 942
0 192
0 1181
0 948
0 371
0 340
0 261
0 640
0 479
0 280
0 726
0 386
0 473
0 817
0 220
0 316
0 317
0 840
0 398
0 137
0 603
0 482
0 198
0 279
0 680
0 83
0 547
0 2503
0 853
0 272
0 1007
0 743
0 1212
0 617
0 462
0 512
0 465
0 391
0 379
0 549
0 214
0 246
0 201
0 556
0 368
0 513
0 578
0 291
0 133
0 568
0 990
0 405
0 654
0 499
0 703
0 746
0 132
0 352
0 710
0 210
0 743
0 596
0 262
0 156
0 1048
0 363
0 179
0 284
0 414
0 403
0 244
0 463
0 316
0 497
0 104
0 320
0 461
0 459
0 268
0 664
0 750
0 396
0 605
0 420
0 822
0 678
0 252
0 594
0 699
0 940
0 946
0 1005
0 188
0 435
0 935
0 586
0 599
0 90
0 1009
0 241
0 629
0 451
0 827
0 334
0 461
0 600
0 247
0 882
0 314
0 533
0 639
0 387
0 559
0 572
0 676
0 752
0 891
0 1333
0 1919
0 757
0 502
0 1161
0 412
0 360
0 1137
0 618
0 250
0 834
0 543
0 744
0 599
0 726
0 1061
0 567
0 802
0 152
0 174
0 963
0 297
0 350
0 693
0 354
0 245
0 96
0 793
0 283
0 246
0 159
0 1145
0 638
0 121
0 772
0 309
0 628
0 704
0 500
0 377
0 521
0 386
0 738
0 161
0 464
0 243
0 423
0 857
0 365
1 8192
0 120
0 314
0 819
0 595
0 427
0 492
0 1555
0 689
0 165
0 147
0 1090
0 455
0 970
0 472
0 387
0 159
0 251
0 124
0 933
0 476
0 426
0 714
0 526
0 78
0 551
0 382
0 152
0 558
0 536
0 201
0 1052
0 550
0 159
0 855
0 145
0 196
0 756
0 164
0 461
0 291
0 440
0 700
0 651
0 556
0 562
0 766
0 428
0 126
0 672
0 1682
0 1187
0 326
0 350
0 307
0 406
0 275
0 383
0 273
0 565
0 196
0 910
0 639
0 701
0 434
0 425
0 545
0 452
0 314
0 145
0 669
0 1177
0 175
0 486
0 738
0 235
0 891
0 630
0 297
0 635
0 341
0 1134
0 219
0 654
0 341
0 625
0 447
0 427
0 777
0 541
0 1021
0 1157
0 471
0 417
0 643
0 1033
0 195
0 573
0 409
0 318
0 458
0 490
0 322
0 600
0 225
0 696
0 458
0 354
0 545
0 198
0 1088
0 388
0 254
0 872
0 598
0 125
0 1408
0 148
0 833
0 803
0 250
0 906
0 372
0 342
0 605
0 1298
0 425
0 283
0 669
0 1152
0 2730
0 365
0 390
0 275
0 1232
0 1044
0 177
0 111
0 128
0 124
0 997
0 434
0 621
0 735
0 307
0 548
0 73
0 543
0 1262
0 672
0 555
0 482
0 1318
0 250
0 346
0 924
0 110
0 569
0 795
0 294
0 277
0 246
0 298
0 288
0 929
0 1248
0 119
0 461
0 358
0 642
0 1558
0 72
0 996
0 378
0 197
0 186
0 420
0 697
0 354
0 837
0 1123
0 499
0 283
0 213
0 151
0 363
0 846
0 320
0 773
0 238
0 317
0 491
0 1466
0 435
0 506
0 298
0 270
0 216
0 314
0 186
0 665
0 556
0 1316
0 112
0 862
0 664
0 466
0 320
0 595
0 211
0 862
0 1076
0 833
0 519
0 721
0 417
0 392
0 483
0 169
0 210
0 435
0 882
0 229
0 669
0 505
0 316
0 222
0 309
0 149
0 502
0 199
0 277
0 794
0 376
0 215
0 652
0 486
0 865
0 655
0 562
0 712
0 472
0 544
0 1732
0 421
0 143
0 477
0 448
0 882
0 1079
0 253
0 362
0 250
0 885
0 471
0 465
0 244
0 374
0 365
0 336
0 1643
0 282
0 272
0 1419
0 408
0 2322
0 489
0 1018
0 494
0 497
0 106
0 753
0 203
0 622
0 450
0 908
0 413
0 137
0 908
0 374
0 422
0 270
0 375
0 485
0 460
0 94
0 756
0 651
0 424
0 759
0 482
0 191
0 967
0 262
0 879
0 554
0 185
0 370
0 210
0 360
0 230
0 493
0 104
0 789
0 664
0 244
0 893
0 492
0 465
0 726
0 584
0 49
0 497
0 150
0 1185
0 171
0 380
0 568
0 331
0 516
0 546
0 255
0 1026
0 578
0 118
0 504
0 354
0 1827
0 511
0 409
0 290
0 403
0 300
0 319
0 922
0 166
0 688
0 138
0 713
0 107
0 117
0 280
0 422
0 767
0 242
0 755
0 459
0 372
0 508
0 1130
0 579
0 380
0 584
0 619
0 261
0 466
0 501
0 1076
0 217
0 721
0 209
0 241
0 465
0 236
0 678
0 505
0 848
0 135
0 759
0 398
0 116
0 867
0 1304
0 1467
0 648
0 678
0 769
0 145
0 507
0 326
0 454
0 714
0 195
0 417
0 123
0 293
0 731
0 901
0 270
0 76
0 381
0 942
0 274
0 459
0 482
0 733
0 458
0 313
0 67
0 607
0 341
0 461
0 121
0 529
0 240
0 364
0 132
0 736
0 491
0 274
0 274
0 803
0 387
0 274
0 420
0 710
0 344
0 775
0 442
0 471
0 396
0 1137
0 684
0 564
0 375
0 467
0 544
0 546
0 572
0 373
0 876
0 877
0 1053
0 392
0 760
0 409
0 524
0 396
0 118
0 812
0 556
0 339
0 549
0 476
0 613
0 268
0 223
0 618
0 154
0 175
0 896
0 1475
0 442
0 401
0 822
0 781
0 379
0 482
0 484
0 793
0 1158
0 259
0 436
0 1309
0 471
0 394
0 56
0 753
0 182
0 550
0 341
0 433
0 161
0 643
0 858
0 324
0 354
0 379
0 641
0 376
0 309
0 680
0 593
0 222
0 619
0 207
0 106
0 769
0 639
0 276
0 485
0 177
0 62
0 118
0 343
0 388
0 810
0 451
0 1081
0 1233
0 409
0 709
0 1439
0 193
0 956
0 310
0 416
0 1063
0 570
0 897
0 283
0 237
0 649
0 1033
0 555
0 620
0 250
0 876
0 903
0 487
0 423
0 1062
0 248
0 309
0 185
0 469
0 315
0 222
0 1429
0 283
0 458
0 294
0 616
0 949
0 496
0 508
0 686
0 594
0 62
0 67
0 181
0 146
0 681
0 522
0 144
0 1207
0 491
0 189
0 296
0 457
0 1053
0 516
0 285
0 573
0 567
0 226
0 470
0 470
0 985
0 526
0 326
0 251
0 188
0 437
0 424
0 547
0 697
0 1190
0 584
0 1744
0 1072
0 2413
0 472
0 1447
0 889
0 296
0 921
0 683
0 318
0 597
0 790
0 1802
0 546
0 1071
0 594
0 320
0 962
0 559
0 509
0 1110
0 421
0 749
0 471
0 535
0 250
0 893
0 602
0 462
0 496
0 988
0 1008
0 667
0 298
0 290
0 397
0 423
0 459
0 246
0 843
0 893
0 554
0 1011
0 634
0 764
0 635
0 844
0 315
0 867
0 721
0 511
0 476
0 497
0 442
0 857
0 546
0 405
0 514
0 661
0 1283
0 632
0 921
0 907
0 1256
0 846
0 567
0 831
0 1158
0 998
0 402
0 221
0 730
0 979
0 197
0 825
0 855
0 429
0 118
0 827
0 23
0 150
0 946
0 231
0 392
0 546
0 417
0 647
0 242
0 683
0 693
0 373
0 44
0 303
0 415
0 191
0 510
0 1044
0 700
0 194
0 637
0 689
0 407
0 464
0 183
0 1170
0 965
0 664
0 700
0 404
0 603
0 204
0 271
0 888
0 592
0 1012
0 448
0 297
0 516
0 615
0 497
0 627
0 244
0 567
0 912
0 1374
0 507
0 666
0 721
0 415
0 421
0 363
0 782
0 334
0 707
0 220
0 887
0 200
0 1698
0 509
0 117
0 458
0 382
0 652
0 614
0 466
0 190
0 290
0 879
0 292
0 519
0 627
0 77
0 462
0 1641
0 1156
0 655
0 929
0 48
0 562
0 552
0 568
0 425
0 302
0 323
0 221
0 1220
0 1145
0 298
0 574
0 763
0 675
0 764
0 548
0 198
0 868
0 308
0 404
0 376
0 649
0 264
0 298
0 624
0 208
0 522
0 560
0 1080
0 243
0 305
0 192
0 505
0 367
0 297
0 338
0 1146
0 950
0 308
0 1112
0 1785
0 109
0 231
0 213
0 993
0 769
0 396
0 437
0 227
0 409
0 615
0 108
0 233
0 224
0 807
0 223
0 1747
0 1114
0 722
0 149
0 412
0 854
0 430
0 376
0 1063
0 1038
0 551
0 364
0 370
0 802
0 406
0 691
0 265
0 235
0 590
0 339
0 197
0 1263
0 1077
0 545
0 457
0 40
0 322
0 263
0 658
0 555
0 518
0 341
0 1761
0 712
0 119
0 1022
0 1448
0 125
0 786
0 1182
0 238
0 387
0 395
0 153
0 970
0 280
0 700
0 106
0 288
0 707
0 209
0 699
0 216
0 459
0 979
0 180
0 202
0 1385
0 625
0 275
0 865
0 349
0 307
0 365
0 458
0 762
0 789
0 569
0 928
0 259
0 790
0 535
0 606
0 1108
0 568
0 1098
0 936
0 659
0 100
0 1411
0 105
0 568
0 888
0 276
0 395
0 380
0 601
0 777
0 642
0 171
0 383
0 750
0 334
0 666
0 710
0 565
0 542
0 965
0 848
0 281
0 222
0 530
0 743
0 509
0 473
0 625
0 607
0 395
0 281
0 683
0 207
0 1127
0 566
0 213
0 929
0 1019
0 966
0 207
0 92
0 1086
0 1184
0 274
0 922
0 945
0 453
0 532
0 311
0 795
0 360
0 2915
0 1042
0 704
0 1311
0 291
0 362
0 397
0 732
0 930
0 521
0 91
0 202
0 1133
0 350
0 299
0 379
0 316
0 441
0 942
0 364
0 522
0 439
0 310
0 137
0 584
0 464
0 1014
0 183
0 53
0 666
0 324
0 311
0 339
0 877
0 622
0 2215
0 324
0 1009
0 654
0 555
0 759
0 3412
0 801
0 498
0 200
0 156
0 506
0 745
0 495
0 539
0 526
0 1458
0 298
0 741
0 308
0 179
0 592
0 678
0 897
0 612
0 728
0 335
0 329
0 265
0 1278
0 165
0 660
0 345
0 411
0 304
0 844
0 242
0 320
0 618
0 273
0 527
0 252
0 253
0 409
0 108
0 231
0 263
0 314
0 506
0 739
0 792
0 186
0 647
0 299
0 412
0 819
0 962
0 124
0 310
0 303
0 487
0 42
0 149
0 1095
0 490
0 1022
0 695
0 697
0 702
0 1219
0 145
0 401
0 1001
0 285
0 418
0 788
0 613
0 452
0 914
0 926
0 934
0 594
0 123
0 359
0 717
0 1169
0 541
0 528
0 753
0 345
0 166
0 1029
0 1029
0 316
0 455
0 504
0 1364
0 357
0 205
0 908
0 147
0 1102
0 283
0 752
0 462
0 871
0 861
0 582
0 278
0 830
0 429
0 300
0 301
0 321
0 945
0 584
0 685
0 241
0 224
0 321
0 557
0 313
0 672
0 849
0 322
0 265
0 391
0 507
0 331
0 400
0 306
0 682
0 406
0 441
0 145
0 240
0 777
0 523
0 925
0 412
0 417
0 208
0 342
0 141
0 742
0 431
0 693
0 2202
0 1036
0 2358
0 844
0 661
0 751
0 475
0 1957
0 616
0 454
0 1258
0 175
0 838
0 354
0 346
0 865
0 470
0 1490
0 598
0 521
0 373
0 255
0 113
0 781
0 894
0 423
0 230
0 886
0 408
0 308
0 673
0 785
0 1083
0 268
0 1470
0 573
0 188
0 553
0 258
0 123
0 235
0 327
0 286
0 225
0 1415
0 329
0 743
0 146
0 295
0 249
0 457
0 113
0 504
0 393
0 206
0 983
0 462
0 1685
0 647
0 567
0 236
0 630
0 515
0 278
0 495
0 231
0 300
0 129
0 371
0 169
0 529
0 702
0 657
0 733
0 188
0 674
0 440
0 310
0 1472
0 207
0 442
0 302
0 2038
0 816
0 566
0 741
0 900
0 877
0 606
0 232
0 332
0 613
0 568
0 580
0 507
0 131
0 180
0 380
0 1306
0 995
0 919
0 793
0 181
0 616
0 585
0 567
0 286
0 1165
0 617
0 453
0 428
0 218
0 925
0 171
0 731
0 923
0 962
0 890
0 1093
0 355
0 773
0 278
0 91
0 625
0 279
0 516
0 187
0 743
0 84
0 753
0 244
0 477
0 589
0 239
0 790
0 112
0 446
0 398
0 482
0 367
0 639
0 558
0 471
0 843
0 1081
0 687
0 357
0 393
0 310
0 1307
0 218
0 546
0 647
0 880
0 432
0 217
0 254
0 578
0 549
0 788
0 451
0 526
0 229
0 337
0 575
0 316
0 923
0 758
0 403
0 466
0 852
0 718
0 747
0 291
0 616
0 1383
0 907
0 315
0 368
0 197
0 1000
0 360
0 834
0 463
0 783
0 397
0 475
0 280
0 706
0 267
0 321
0 103
0 1337
0 1010
0 481
0 559
0 486
0 839
0 596
0 4303
0 518
0 938
0 1263
0 647
0 1296
0 896
0 497
0 797
0 466
0 242
0 726
0 111
0 774
0 505
0 445
0 1225
0 1666
0 560
0 460
0 605
0 448
0 696
0 714
0 210
0 193
0 554
0 621
0 275
0 1404
0 104
0 506
0 438
0 240
0 328
0 625
0 920
0 644
0 144
0 829
0 976
0 440
0 952
0 568
0 618
0 523
0 703
0 221
0 109
0 451
0 629
0 837
0 417
0 394
0 383
0 519
0 294
0 334
0 629
0 622
0 270
0 798
0 442
0 168
0 292
0 643
0 550
0 168
0 392
0 816
0 472
0 562
0 418
0 299
0 343
0 635
0 1001
0 249
0 313
0 743
0 307
0 710
0 436
0 385
0 322
0 688
0 332
0 201
0 622
0 461
0 449
0 110
0 250
0 271
0 177
0 840
0 431
0 166
0 440
0 706
0 1322
0 727
0 444
0 1025
0 723
0 2181
0 651
0 360
0 259
0 203
0 612
0 528
0 220
0 344
0 654
0 1480
0 333
0 678
0 502
0 990
0 498
0 715
0 880
0 734
0 382
0 309
0 548
0 389
0 438
0 271
0 604
0 298
0 421
0 387
0 489
0 709
0 598
0 245
0 418
0 1055
0 565
0 426
0 570
0 531
0 212
0 73
0 841
0 256
0 391
0 116
0 157
0 399
0 961
0 425
0 470
0 5409
0 602
0 564
0 128
0 404
0 417
0 377
0 125
0 320
0 731
0 1099
0 165
0 924
0 221
0 430
0 695
0 319
0 216
0 933
0 756
0 1016
0 1186
0 496
0 967
0 237
0 259
0 388
0 33
0 253
0 454
0 291
0 257
0 875
0 501
0 234
0 120
0 587
0 310
0 621
0 484
0 1046
0 206
0 300
0 1498
0 875
0 1166
0 579
0 359
0 650
0 296
0 870
0 595
0 508
0 311
0 736
0 1080
0 327
0 443
0 1177
0 721
0 565
0 405
0 604
0 1273
0 700
0 467
0 682
0 197
0 138
0 469
0 175
0 195
0 180
0 521
0 786
0 188
0 509
0 644
0 275
0 342
0 107
0 317
0 373
0 461
0 1505
0 675
0 2532
0 610
0 249
0 658
0 1044
0 313
0 383
0 604
0 670
0 1030
0 686
0 153
0 892
0 218
0 770
0 1872
0 499
0 554
0 623
0 510
0 152
0 191
0 869
0 782
0 643
0 840
0 538
0 542
0 560
0 266
0 983
0 150
0 1297
0 261
0 784
0 324
0 302
0 331
0 487
0 202
0 1338
0 162
0 445
0 252
0 559
0 287
0 417
0 1375
0 331
0 294
0 719
0 382
0 487
0 514
0 660
0 1303
0 454
0 290
0 485
0 500
0 631
0 1805
0 756
0 620
0 370
0 144
0 624
0 4426
0 65
0 961
0 554
0 953
0 694
0 316
0 400
0 334
0 263
0 974
0 863
0 297
0 923
0 141
0 268
0 380
0 228
0 192
0 413
0 872
0 302
0 168
0 1095
0 553
0 45
0 503
0 91
0 842
0 162
0 299
0 270
0 207
0 1178
0 1101
0 199
0 267
0 917
0 350
0 1002
0 689
0 757
0 475
0 619
0 252
0 805
0 583
0 352
0 529
0 747
0 1146
0 1036
0 804
0 498
0 123
0 590
0 435
0 384
0 284
0 911
0 1052
0 218
0 714
0 578
0 147
0 1346
0 1292
0 180
0 295
0 416
0 511
0 423
0 495
0 132
0 551
0 1122
0 473
0 390
0 285
0 532
0 433
0 758
0 683
0 401
0 780
0 589
0 611
0 439
0 177
0 634
0 242
0 730
0 197
0 382
0 881
0 394
0 264
0 1011
0 679
0 226
0 2770
0 217
0 1554
0 221
0 381
0 672
0 1212
0 319
0 813
0 453
0 217
0 806
0 179
0 293
0 638
0 344
0 229
0 374
0 524
0 348
0 1384
0 395
0 818
0 835
0 301
0 649
0 499
0 414
0 913
0 565
0 942
0 937
0 233
0 350
0 600
0 760
0 159
0 697
0 352
0 1054
0 309
0 395
0 184
0 143
0 547
0 302
0 922
0 172
0 578
0 398
0 211
0 1103
0 190
0 236
0 1274
0 300
0 259
0 245
0 327
0 251
0 346
0 1079
0 817
0 163
0 727
0 613
0 995
0 779
0 430
0 800
0 318
0 151
0 403
0 585
0 2618
0 269
0 399
0 717
0 747
0 328
0 548
0 286
0 309
0 485
0 272
0 503
0 1531
0 342
0 695
0 236
0 763
0 250
0 723
0 354
0 518
0 317
0 828
0 663
0 154
0 498
0 957
0 259
0 360
0 105
0 859
0 555
0 663
0 526
0 430
0 1134
0 238
0 608
0 619
0 290
0 671
0 368
0 272
0 213
0 134
0 139
0 662
0 955
0 515
0 2378
0 615
0 340
0 612
0 434
0 402
0 864
0 350
0 312
0 512
0 199
0 882
0 846
0 188
0 1469
0 760
0 394
0 221
0 371
0 1493
0 362
0 448
0 962
0 319
0 293
0 205
0 1557
0 825
0 161
0 421
0 606
0 941
0 263
0 239
0 1113
0 190
0 537
0 620
0 509
0 596
0 340
0 649
0 452
0 514
0 315
0 475
0 1038
0 597
0 464
0 685
0 551
0 692
0 60
0 768
0 1377
0 586
0 513
0 668
0 552
0 415
0 634
0 247
0 1251
0 633
0 493
0 283
0 1358
0 305
0 909
0 322
0 578
0 150
0 364
0 980
0 571
0 347
0 282
0 351
0 1018
0 267
0 1365
0 736
0 334
0 797
0 730
0 651
0 650
0 253
0 515
0 55
0 213
0 210
0 544
0 452
0 355
0 603
0 401
0 881
0 617
0 1012
0 1044
0 512
0 523
0 412
0 1039
0 774
0 328
0 1042
0 556
0 659
0 427
0 883
0 523
0 161
0 343
0 499
0 324
0 591
0 529
0 616
0 598
0 1968
0 783
0 148
0 1638
0 2243
0 1111
0 524
0 411
0 233
0 391
0 932
0 750
0 698
0 641
0 171
0 588
0 398
0 509
0 69
0 93
0 504
0 351
0 315
0 657
0 842
0 248
0 884
0 366
0 626
0 420
0 668
0 185
0 1318
0 330
0 432
0 665
0 643
0 500
0 455
0 460
0 756
0 1282
0 192
0 950
0 564
0 239
0 796
0 921
0 652
0 144
0 502
0 444
0 557
0 3318
0 169
0 604
0 453
0 514
0 353
0 947
0 388
0 510
0 1082
0 1107
0 924
0 172
0 951
0 1353
0 422
0 977
0 367
0 686
0 319
0 652
0 292
0 282
0 154
0 609
0 187
0 337
0 585
0 514
0 308
0 331
0 548
0 177
0 1228
0 205
0 960
0 241
0 493
0 502
0 93
0 93
0 919
0 556
0 386
0 582
0 463
0 725
0 323
0 824
0 1047
0 772
0 457
0 529
0 455
0 408
0 600
0 612
0 1700
0 702
0 652
0 515
0 131
0 153
0 619
0 349
0 1062
0 692
0 700
0 390
0 786
0 260
0 652
0 414
0 924
0 690
0 202
0 586
0 671
0 922
0 1878
0 280
0 595
0 661
0 1379
0 430
0 484
0 411
0 269
0 224
0 356
0 318
0 190
0 153
0 810
0 246
0 451
0 83
0 926
0 966
0 633
0 861
0 1261
0 381
0 810
0 374
0 767
0 1089
0 523
0 583
0 529
0 133
0 198
0 120
0 625
0 1348
0 353
0 438
0 1156
0 421
0 732
0 508
0 310
0 458
0 690
0 454
0 795
0 464
0 630
0 446
0 1319
0 858
0 580
0 1882
0 328
0 433
0 604
0 315
0 284
0 277
0 587
0 787
0 412
0 1407
0 1126
0 736
0 188
0 747
0 671
0 1039
0 247
0 412
0 115
0 419
0 355
0 412
0 283
0 383
0 849
0 530
0 525
0 183
0 527
0 219
0 325
0 302
0 138
0 410
0 476
0 717
0 504
0 625
0 802
0 119
0 486
0 86
0 3486
0 1598
0 975
0 280
0 964
0 1540
0 2254
0 1305
0 210
0 717
0 708
0 80
0 957
0 306
0 887
0 1048
0 1188
0 637
0 464
0 1354
0 198
0 439
0 267
0 86
0 1048
0 431
0 628
0 259
0 419
0 590
0 891
0 598
0 192
0 445
0 1862
0 165
0 567
0 291
0 497
0 881
0 365
0 640
0 504
0 394
0 362
0 403
0 452
0 401
0 171
0 257
0 346
0 164
0 494
0 438
0 312
0 399
0 1339
0 673
0 148
0 580
0 241
0 166
0 302
0 129
0 412
0 191
0 1117
0 786
0 279
0 277
0 896
0 1161
0 181
0 95
0 91
0 479
0 661
0 31
0 355
0 375
0 164
0 104
0 412
0 270
0 207
0 681
0 709
0 285
0 847
0 611
0 895
0 500
0 844
0 509
0 385
0 922
0 338
0 253
0 340
0 395
0 423
0 832
0 488
0 243
0 177
0 763
0 192
0 1253
0 290
0 1725
0 450
0 703
0 545
0 103
0 384
0 347
0 302
0 649
0 942
0 515
0 739
0 404
0 197
0 628
0 1128
0 113
0 452
0 554
0 285
0 492
0 212
0 627
0 688
0 65
0 505
0 473
0 201
0 575
0 470
0 410
0 1235
0 147
0 435
0 1702
0 913
0 1146
0 456
0 278
0 1407
0 106
0 239
0 646
0 333
0 608
0 315
0 401
0 228
0 235
0 328
0 461
0 596
0 311
0 149
0 511
0 308
0 280
0 364
0 217
0 561
0 504
0 498
0 626
0 518
0 148
0 864
0 371
0 189
0 647
0 209
0 530
0 566
0 737
0 253
0 544
0 728
0 428
0 288
0 312
0 593
0 770
0 343
0 231
0 225
0 368
0 1120
0 805
0 166
0 138
0 117
0 824
0 175
0 423
0 317
0 133
0 1219
0 926
0 92
0 168
0 277
0 223
0 331
0 343
0 533
0 661
0 381
0 352
0 706
0 342
0 792
0 742
0 163
0 610
0 172
0 1053
0 302
0 238
0 458
0 1431
0 807
0 318
0 168
0 280
0 767
0 505
0 648
0 690
0 655
0 644
0 291
0 1082
0 740
0 596
0 766
0 513
0 943
0 731
0 361
0 176
0 601
0 158
0 543
0 138
0 333
0 204
0 598
0 434
0 369
0 552
0 605
0 510
0 169
0 377
0 257
0 215
0 566
0 525
0 945
0 845
0 193
0 266
0 896
0 416
0 750
0 605
0 779
0 237
0 966
0 401
0 144
0 367
0 159
0 466
0 127
0 941
0 331
0 655
0 422
0 1523
0 464
0 460
0 592
0 1374
0 842
0 266
0 420
0 270
0 1509
0 532
0 726
0 186
0 385
0 225
0 220
0 139
0 376
0 457
0 397
0 320
0 916
0 490
0 233
0 116
0 370
0 320
0 430
0 415
0 524
0 1339
0 699
0 1476
0 490
0 493
0 680
0 236
0 423
0 975
0 650
0 844
0 510
0 1168
0 715
0 418
0 132
0 132
0 146
0 664
0 1675
0 398
0 175
0 381
0 581
0 283
0 341
0 803
0 344
0 469
0 675
0 207
0 251
0 975
0 363
0 585
0 1199
0 274
0 1230
0 1028
0 503
0 484
0 1477
0 1177
0 183
0 571
0 635
0 552
0 148
0 389
0 635
0 997
0 441
0 174
0 983
0 414
0 566
0 214
0 447
0 350
0 498
0 316
0 796
0 337
0 576
0 107
0 627
0 378
0 860
0 817
0 262
0 1132
0 339
0 592
0 385
0 760
0 227
0 192
0 386
0 344
0 429
0 337
0 369
0 229
0 252
0 474
0 559
0 612
0 221
0 1067
0 168
0 518
0 932
0 397
0 160
0 199
0 1145
0 622
0 485
0 217
0 229
0 420
0 1555
0 1413
0 740
0 834
0 558
0 879
0 299
0 313
0 664
0 424
0 317
0 945
0 668
0 372
0 242
0 559
0 397
0 390
0 883
0 389
0 512
0 419
0 590
0 938
0 636
0 649
0 328
0 475
0 651
0 380
0 540
0 577
0 164
0 708
0 230
0 306
0 644
0 945
0 308
0 593
0 305
0 907
0 742
0 3059
0 978
0 436
0 659
0 412
0 166
0 333
0 618
0 367
0 604
0 118
0 477
0 300
0 85
0 342
0 1601
0 492
0 592
0 660
0 499
0 579
0 368
0 184
0 364
0 1292
0 446
0 750
0 932
0 392
0 406
0 266
0 260
0 236
0 466
0 499
0 462
0 912
0 279
0 872
0 696
0 322
0 739
0 913
0 185
0 543
0 570
0 255
0 1029
0 714
0 714
0 664
0 420
0 292
0 155
0 285
0 401
0 511
0 542
0 266
0 359
0 310
0 671
0 101
0 423
0 602
0 1410
0 446
0 417
0 805
0 1520
0 447
0 486
0 680
0 99
0 318
0 162
0 257
0 394
0 275
0 676
0 535
0 410
0 489
0 604
0 510
0 569
0 1060
0 217
0 1119
0 296
0 531
0 517
0 589
0 453
0 1158
0 205
0 128
0 503
0 399
0 679
0 1231
0 258
0 291
0 654
0 361
0 144
0 708
0 422
0 497
0 144
0 433
0 1037
0 196
0 839
0 562
0 371
0 649
0 400
0 365
0 1125
0 999
0 1260
0 505
0 336
0 219
0 360
0 367
0 165
0 127
0 573
0 439
0 462
0 279
0 422
0 618
0 415
0 677
0 823
0 133
0 650
0 242
0 616
0 294
0 441
0 1411
0 368
0 40
0 360
0 534
0 714
0 619
0 182
0 455
0 200
0 478
0 708
0 621
0 244
0 325
0 472
0 392
0 494
0 384
0 379
0 573
0 396
0 387
0 396
0 950
0 261
0 412
0 216
0 550
0 353
0 400
0 661
0 1026
0 113
0 592
0 770
0 353
0 478
0 527
0 1038
0 433
0 254
0 430
0 292
0 880
0 1103
0 1006
0 767
0 403
0 881
0 325
0 274
0 466
0 297
0 485
0 224
0 758
0 406
0 285
0 551
0 437
0 1073
0 529
0 357
0 304
0 666
0 813
0 587
0 645
0 463
0 624
0 159
0 762
0 443
0 537
0 296
0 763
0 1604
0 365
0 500
0 132
0 185
0 566
0 450
0 345
0 885
0 218
0 422
0 340
0 588
0 694
0 770
0 213
0 662
0 730
0 903
0 564
0 292
0 205
0 1513
0 736
0 856
0 854
0 476
0 729
0 1265
0 108
0 710
0 422
0 438
0 279
0 517
0 430
0 276
0 258
0 1222
0 382
0 723
0 518
0 568
0 423
0 272
0 359
0 380
0 427
0 446
0 1035
0 232
0 698
0 274
0 126
0 552
0 515
0 743
0 1056
0 480
0 75
0 635
0 412
0 504
0 512
0 313
0 610
0 995
0 422
0 150
0 264
0 524
0 500
0 1122
0 513
0 793
0 195
0 214
0 101
0 618
0 438
0 2977
0 839
0 673
0 435
0 286
0 613
0 400
0 389
0 691
0 419
0 177
0 602
0 489
0 362
0 809
0 226
0 427
0 783
0 278
0 238
0 838
0 752
0 2279
0 251
0 75
0 482
0 666
0 784
0 89
0 732
0 500
0 596
0 696
0 1635
0 506
0 72
0 117
0 1130
0 481
0 749
0 472
0 564
0 572
0 335
0 657
0 129
0 381
0 758
0 95
0 1125
0 620
0 284
0 91
0 269
0 401
0 242
0 513
0 177
0 477
0 447
0 203
0 1083
0 467
