# SA for random K-SAT
# K = 3   N = 1024   M = 3968   seed = 2542141035
# alpha = 3.875000   nIter = 1024  Tmax = 0.200000
# 1:lowestUnsat  2:runTime
1 1024
0 364
1 1024
0 577
1 1024
0 197
0 189
0 669
0 436
0 464
0 933
0 317
0 415
0 858
0 294
0 505
0 274
0 375
1 1024
0 487
0 629
0 593
0 344
0 367
1 1024
1 1024
0 885
0 327
0 514
1 1024
0 504
2 1024
0 217
0 733
1 1024
0 110
0 664
1 1024
1 1024
2 1024
1 1024
0 245
1 1024
0 181
0 283
1 1024
0 983
0 206
0 410
2 1024
1 1024
0 556
1 1024
0 291
0 838
0 132
0 245
0 190
0 388
0 223
0 414
0 313
0 524
0 791
0 716
0 741
1 1024
0 841
0 408
0 304
2 1024
1 1024
0 543
0 662
0 560
0 793
0 376
0 916
0 302
1 1024
0 112
3 1024
2 1024
0 194
0 256
0 314
1 1024
0 258
0 323
0 582
0 661
1 1024
0 380
0 346
0 365
0 382
2 1024
0 557
1 1024
0 511
0 655
0 695
1 1024
0 966
0 173
0 262
0 926
1 1024
0 325
0 270
1 1024
0 421
2 1024
0 97
0 424
0 648
1 1024
0 290
0 301
0 172
0 200
0 249
1 1024
0 198
1 1024
1 1024
0 223
0 185
1 1024
0 368
0 480
0 203
0 804
1 1024
1 1024
1 1024
0 481
1 1024
0 131
0 800
3 1024
0 367
0 806
0 316
0 277
1 1024
1 1024
0 449
0 411
1 1024
0 259
0 304
1 1024
0 385
1 1024
1 1024
0 268
1 1024
1 1024
3 1024
0 238
0 124
0 419
0 377
0 355
0 131
0 252
0 828
0 161
0 224
0 219
1 1024
1 1024
0 767
1 1024
0 404
0 941
0 435
0 317
0 575
0 242
1 1024
1 1024
0 149
0 879
0 541
1 1024
2 1024
0 589
0 734
0 569
0 225
1 1024
1 1024
0 849
0 888
0 209
0 279
0 982
2 1024
1 1024
0 267
0 334
0 339
0 294
0 115
0 189
1 1024
0 209
0 108
0 462
1 1024
0 374
1 1024
0 391
0 282
0 407
0 209
0 413
0 623
0 807
1 1024
1 1024
0 357
0 341
0 257
0 365
1 1024
1 1024
2 1024
0 541
1 1024
0 635
2 1024
1 1024
1 1024
0 1016
0 238
0 249
0 478
0 245
0 506
0 448
2 1024
0 287
0 473
2 1024
0 365
0 320
0 678
0 173
1 1024
0 231
0 194
2 1024
1 1024
1 1024
0 143
0 485
0 359
2 1024
0 425
0 166
1 1024
0 896
0 350
0 766
0 217
1 1024
1 1024
0 653
0 563
0 461
0 561
1 1024
0 197
0 351
0 577
0 252
0 231
0 650
0 138
0 391
0 292
0 477
0 306
0 403
1 1024
0 925
0 243
1 1024
0 150
0 890
0 313
1 1024
0 218
0 812
0 264
0 373
0 343
0 323
0 567
0 436
0 203
0 384
0 296
0 315
0 356
0 174
0 214
1 1024
2 1024
0 780
1 1024
1 1024
0 211
1 1024
0 197
0 414
0 629
0 231
0 380
0 542
3 1024
0 133
0 803
0 334
0 202
0 275
1 1024
0 859
1 1024
0 332
0 247
0 435
0 536
0 636
0 983
4 1024
0 731
0 188
0 598
0 167
0 451
0 472
0 229
0 264
0 253
1 1024
0 187
0 445
0 482
0 126
0 492
1 1024
0 252
0 244
0 112
0 124
0 131
0 950
0 562
0 567
0 222
0 914
1 1024
1 1024
0 537
1 1024
1 1024
0 794
0 234
0 160
0 256
0 436
0 582
0 130
1 1024
0 411
0 154
0 571
0 178
0 308
1 1024
0 411
0 282
0 506
0 429
0 288
0 212
0 492
0 199
0 301
2 1024
0 699
0 129
1 1024
0 323
0 286
0 861
0 379
0 152
0 676
1 1024
0 163
0 264
1 1024
0 223
0 673
1 1024
1 1024
0 298
1 1024
0 233
0 284
0 621
0 824
1 1024
0 200
0 137
2 1024
0 448
0 223
0 142
0 89
0 148
0 449
1 1024
0 329
0 303
0 940
0 157
0 874
0 350
1 1024
0 905
1 1024
0 145
1 1024
1 1024
0 440
0 416
0 410
0 201
0 345
0 442
1 1024
2 1024
1 1024
0 659
1 1024
0 469
2 1024
1 1024
1 1024
0 392
0 395
0 197
1 1024
0 183
1 1024
1 1024
0 191
1 1024
0 334
0 157
0 525
1 1024
0 169
1 1024
1 1024
0 180
0 162
0 400
0 656
0 603
1 1024
0 355
1 1024
0 944
0 703
0 338
0 213
1 1024
0 646
0 177
0 262
2 1024
0 661
0 261
0 175
0 305
0 286
0 314
1 1024
0 227
1 1024
1 1024
0 422
0 85
0 291
0 256
1 1024
0 206
3 1024
0 323
1 1024
2 1024
0 125
1 1024
0 260
0 318
1 1024
1 1024
0 208
0 231
1 1024
0 253
0 476
0 411
1 1024
0 452
0 261
0 585
2 1024
1 1024
2 1024
1 1024
0 499
2 1024
0 910
0 482
0 501
0 235
0 863
1 1024
0 210
0 1017
0 506
0 691
0 204
0 925
0 748
0 668
0 277
0 399
1 1024
0 552
0 730
1 1024
0 408
0 228
0 80
0 370
0 379
0 574
0 920
0 562
0 276
0 311
0 794
0 153
0 260
0 407
0 374
0 260
0 791
1 1024
0 399
0 551
0 346
0 541
1 1024
0 667
0 222
0 657
0 515
1 1024
0 188
0 156
0 694
0 626
0 215
0 217
0 200
1 1024
1 1024
0 209
2 1024
0 993
0 329
0 590
0 455
0 462
0 383
0 244
0 378
0 177
0 442
0 367
0 593
0 325
0 510
0 157
0 697
0 232
1 1024
1 1024
0 274
0 622
0 272
0 130
0 197
0 875
1 1024
0 481
0 124
0 556
1 1024
0 321
0 199
0 428
0 295
0 129
1 1024
1 1024
0 388
1 1024
1 1024
2 1024
2 1024
0 182
0 163
0 400
1 1024
0 152
1 1024
1 1024
0 442
0 570
0 509
0 226
0 366
1 1024
0 618
1 1024
1 1024
0 639
0 166
1 1024
0 894
0 270
0 823
0 302
0 290
0 181
1 1024
0 524
1 1024
1 1024
1 1024
0 245
0 253
0 122
0 197
0 409
0 480
0 325
1 1024
0 124
0 746
0 156
1 1024
0 458
1 1024
0 225
0 163
0 295
0 265
0 413
0 163
0 148
0 146
0 484
1 1024
0 283
0 993
0 260
0 236
1 1024
0 226
0 656
3 1024
0 335
2 1024
0 153
0 564
0 182
0 252
2 1024
0 255
0 277
0 443
0 206
1 1024
0 254
2 1024
0 283
0 554
0 166
0 265
0 868
0 598
1 1024
1 1024
0 651
0 390
0 313
0 418
0 187
0 247
0 311
1 1024
0 110
0 949
0 250
0 180
0 837
0 405
0 240
3 1024
0 427
0 805
0 189
1 1024
1 1024
0 547
0 191
0 357
0 600
0 987
0 695
0 287
0 703
0 270
0 208
1 1024
1 1024
0 824
1 1024
0 266
0 114
0 341
0 211
0 388
0 458
1 1024
2 1024
0 278
0 135
0 506
0 198
0 127
1 1024
0 80
1 1024
0 356
0 253
0 507
2 1024
0 958
1 1024
1 1024
0 173
1 1024
0 168
0 365
0 786
0 206
0 614
0 287
0 297
0 247
0 178
0 152
0 256
1 1024
0 473
0 989
2 1024
1 1024
0 542
0 96
0 208
0 472
0 335
0 720
0 160
0 420
1 1024
0 220
0 534
1 1024
0 412
0 258
0 551
0 163
4 1024
0 663
0 741
0 921
0 113
0 598
0 344
1 1024
2 1024
1 1024
0 306
0 65
1 1024
1 1024
0 504
2 1024
0 361
0 692
1 1024
1 1024
0 266
0 262
1 1024
2 1024
0 292
1 1024
1 1024
0 505
1 1024
0 876
0 574
0 718
0 351
0 226
0 481
0 632
0 450
0 256
1 1024
0 244
1 1024
0 418
0 415
0 235
0 592
0 258
1 1024
2 1024
1 1024
1 1024
0 221
0 636
0 262
0 446
0 305
0 866
0 438
0 484
0 217
0 311
0 346
1 1024
0 177
0 357
0 448
0 556
1 1024
0 358
0 521
0 443
0 249
0 475
1 1024
1 1024
0 368
0 215
1 1024
0 300
0 117
0 236
0 1020
0 266
0 426
0 125
0 299
0 507
0 272
0 261
0 297
0 158
0 436
0 343
0 429
1 1024
2 1024
0 477
0 803
1 1024
0 187
0 403
0 183
0 212
2 1024
0 553
0 253
0 486
0 97
0 618
0 197
0 190
1 1024
1 1024
0 220
0 379
1 1024
0 709
0 790
0 301
0 298
0 502
1 1024
0 792
1 1024
0 585
0 318
0 260
1 1024
1 1024
0 187
0 863
2 1024
0 436
0 265
1 1024
0 127
0 105
1 1024
0 289
0 409
1 1024
2 1024
1 1024
0 531
1 1024
0 889
0 93
1 1024
0 785
0 150
0 215
0 120
0 192
1 1024
0 685
0 429
0 248
0 294
1 1024
0 244
0 73
1 1024
1 1024
1 1024
1 1024
0 179
0 440
0 171
1 1024
0 252
0 232
0 511
1 1024
1 1024
0 201
0 595
1 1024
0 500
0 198
0 354
0 200
0 351
0 299
0 248
0 459
0 329
1 1024
1 1024
1 1024
0 147
0 225
0 87
0 121
0 635
0 538
1 1024
0 939
0 293
0 136
0 283
1 1024
0 234
1 1024
0 86
0 816
0 433
0 372
0 751
1 1024
0 372
0 694
0 130
0 994
2 1024
1 1024
1 1024
0 119
1 1024
2 1024
0 287
1 1024
0 146
0 735
1 1024
1 1024
2 1024
0 680
0 405
1 1024
0 187
0 375
0 481
1 1024
0 323
0 643
0 266
0 333
0 472
2 1024
0 282
0 215
0 598
0 152
0 224
0 561
0 497
0 247
2 1024
3 1024
1 1024
0 163
0 287
0 140
0 889
0 697
0 261
0 1000
0 139
0 213
0 693
1 1024
0 942
0 250
0 177
0 320
1 1024
0 424
0 233
1 1024
0 299
1 1024
0 1013
0 408
1 1024
0 233
1 1024
0 233
2 1024
2 1024
1 1024
0 173
1 1024
1 1024
2 1024
1 1024
0 200
2 1024
0 578
1 1024
0 256
0 522
0 624
0 128
0 435
0 234
0 407
0 618
1 1024
0 771
0 624
1 1024
0 282
0 180
0 199
0 333
0 338
1 1024
1 1024
0 292
0 530
2 1024
0 385
0 260
1 1024
0 507
3 1024
0 412
1 1024
1 1024
2 1024
0 284
1 1024
0 132
0 281
0 611
1 1024
1 1024
0 789
0 451
0 933
0 749
0 320
1 1024
1 1024
1 1024
0 647
0 215
1 1024
0 322
0 527
1 1024
0 283
0 397
0 490
0 389
1 1024
1 1024
1 1024
0 486
0 837
0 487
0 470
0 428
1 1024
1 1024
0 386
0 835
0 375
0 304
0 267
0 349
0 524
0 150
0 234
0 272
0 416
0 341
0 456
1 1024
0 394
1 1024
0 513
0 731
0 483
1 1024
0 489
1 1024
0 814
0 627
0 345
1 1024
1 1024
1 1024
1 1024
0 372
0 269
0 273
1 1024
0 237
0 224
0 285
0 366
1 1024
1 1024
0 485
0 456
0 313
1 1024
0 226
0 412
1 1024
0 121
0 501
1 1024
0 221
0 407
1 1024
0 89
0 579
0 663
3 1024
0 117
1 1024
0 606
0 609
0 185
0 967
1 1024
0 228
0 445
0 97
0 307
0 190
1 1024
0 326
1 1024
1 1024
0 296
0 119
0 284
0 190
0 559
1 1024
1 1024
0 193
1 1024
0 424
0 319
3 1024
2 1024
0 250
0 445
0 227
0 315
1 1024
0 135
0 984
1 1024
0 229
0 955
0 336
0 294
0 318
0 253
0 297
0 283
1 1024
0 169
0 235
0 182
0 121
0 377
0 632
1 1024
1 1024
0 331
0 220
0 167
0 474
1 1024
0 671
1 1024
1 1024
0 299
0 972
0 641
0 1009
0 525
1 1024
2 1024
1 1024
0 210
0 597
0 953
0 587
0 980
0 232
0 497
1 1024
0 307
0 325
0 238
1 1024
2 1024
1 1024
1 1024
1 1024
0 300
1 1024
2 1024
0 265
1 1024
2 1024
0 349
1 1024
0 184
1 1024
0 884
0 270
1 1024
0 360
0 317
3 1024
0 710
1 1024
0 559
0 491
0 224
0 659
2 1024
0 630
0 220
1 1024
0 212
0 911
0 886
0 255
0 563
2 1024
0 289
0 191
0 599
0 978
0 390
0 137
0 171
0 311
0 216
0 407
0 603
1 1024
0 154
0 398
0 905
0 879
0 535
0 513
1 1024
0 399
0 217
0 831
0 449
0 497
0 106
0 138
1 1024
1 1024
0 579
1 1024
0 927
0 125
0 562
0 233
0 256
1 1024
0 507
0 966
2 1024
0 830
1 1024
0 222
0 272
0 355
0 574
0 262
0 296
1 1024
0 196
0 874
0 927
0 325
0 307
1 1024
0 774
0 231
0 695
0 358
1 1024
0 393
0 263
1 1024
0 164
0 287
0 665
0 444
0 649
0 110
2 1024
0 395
0 768
4 1024
0 243
0 305
0 306
0 306
0 269
1 1024
0 275
1 1024
0 214
1 1024
0 611
0 741
0 642
0 427
0 227
0 255
1 1024
1 1024
1 1024
0 878
1 1024
0 535
0 357
0 151
0 470
0 260
0 627
0 374
0 195
0 487
0 361
0 588
1 1024
0 328
1 1024
0 649
1 1024
0 386
0 147
0 161
0 298
0 415
0 256
0 427
1 1024
1 1024
1 1024
1 1024
0 371
0 920
1 1024
0 343
0 264
2 1024
1 1024
0 250
0 154
0 209
0 596
0 513
2 1024
0 795
0 397
0 196
1 1024
0 534
0 378
0 253
0 217
2 1024
2 1024
0 184
1 1024
0 277
0 550
0 369
0 199
0 428
0 247
0 239
0 222
0 121
1 1024
1 1024
0 452
1 1024
0 217
0 686
1 1024
0 367
0 198
0 299
1 1024
0 327
1 1024
0 975
0 323
0 163
0 197
0 577
0 238
0 493
0 295
1 1024
0 786
0 274
0 318
0 190
0 190
0 138
0 814
0 365
0 353
0 119
0 241
0 884
0 228
1 1024
0 434
0 519
0 353
1 1024
0 155
0 428
0 582
2 1024
1 1024
1 1024
0 423
0 431
0 309
0 275
0 267
0 144
1 1024
0 539
0 126
0 1015
0 171
0 362
0 734
0 439
2 1024
0 765
0 802
1 1024
0 229
0 129
0 174
0 269
1 1024
1 1024
1 1024
1 1024
0 93
0 289
1 1024
0 231
1 1024
0 589
0 561
0 253
0 445
0 282
1 1024
1 1024
0 165
0 752
0 225
0 110
0 366
0 318
0 990
0 634
0 186
0 307
1 1024
1 1024
0 354
0 193
1 1024
0 45
0 557
0 342
2 1024
1 1024
0 316
0 757
1 1024
2 1024
0 682
2 1024
1 1024
0 264
0 296
0 112
1 1024
0 543
0 221
0 612
0 199
1 1024
0 369
0 111
1 1024
0 257
0 231
1 1024
0 294
0 206
1 1024
0 218
0 715
0 324
0 532
0 392
1 1024
2 1024
0 258
0 393
0 754
1 1024
3 1024
1 1024
0 248
0 358
0 315
0 409
0 161
0 933
0 382
0 290
2 1024
1 1024
0 329
0 560
0 341
2 1024
0 283
1 1024
0 285
0 178
1 1024
0 521
0 200
0 408
0 119
0 480
0 207
0 875
0 386
0 825
2 1024
0 615
0 225
1 1024
0 822
1 1024
0 508
0 332
0 261
0 204
0 113
0 317
0 186
0 278
0 303
0 760
0 214
0 912
2 1024
0 630
0 383
0 244
0 88
2 1024
0 477
0 257
0 358
1 1024
0 225
0 346
0 1001
0 277
1 1024
0 275
0 388
0 202
0 784
0 528
0 397
0 651
0 168
0 370
2 1024
0 184
0 419
0 393
0 566
0 198
1 1024
2 1024
0 862
1 1024
0 205
0 158
3 1024
0 167
0 522
1 1024
0 251
0 216
0 553
0 236
1 1024
0 347
0 146
0 97
0 938
0 644
0 154
2 1024
0 346
0 86
0 784
0 387
0 375
0 408
0 226
0 125
1 1024
1 1024
0 173
0 232
0 395
1 1024
1 1024
0 824
0 297
0 210
0 300
1 1024
0 358
0 313
5 1024
0 306
0 465
1 1024
1 1024
0 381
0 591
0 879
0 343
2 1024
0 232
2 1024
1 1024
0 184
0 294
0 473
0 330
0 475
1 1024
0 351
0 391
0 122
0 142
1 1024
1 1024
0 370
0 316
0 698
0 410
0 172
1 1024
0 369
0 484
0 673
0 254
2 1024
1 1024
1 1024
0 292
0 878
1 1024
0 661
0 127
0 248
0 729
1 1024
1 1024
0 425
0 392
0 135
1 1024
0 767
2 1024
0 341
1 1024
0 107
0 248
0 111
0 987
1 1024
0 315
0 200
1 1024
0 316
0 891
1 1024
0 581
1 1024
0 293
0 629
1 1024
0 145
0 271
0 498
0 147
1 1024
0 420
0 289
0 459
0 242
0 231
0 609
2 1024
0 402
0 554
1 1024
0 224
0 495
0 104
0 681
1 1024
1 1024
0 246
0 164
1 1024
0 404
1 1024
0 843
1 1024
0 286
0 406
1 1024
0 684
1 1024
0 112
1 1024
0 237
0 204
0 279
0 260
2 1024
0 190
1 1024
0 427
0 564
0 205
1 1024
0 473
0 505
0 556
0 283
0 282
0 361
1 1024
0 378
0 350
0 139
0 957
1 1024
0 268
0 505
0 157
0 205
1 1024
0 92
1 1024
1 1024
0 457
0 99
0 326
0 353
0 478
0 140
0 549
1 1024
1 1024
0 573
0 585
0 234
0 550
0 460
0 231
0 313
0 293
1 1024
0 158
0 367
0 455
0 382
1 1024
0 299
1 1024
0 234
0 260
0 928
1 1024
2 1024
1 1024
0 518
0 199
1 1024
0 363
0 616
0 147
0 141
1 1024
0 401
0 927
0 269
1 1024
1 1024
0 313
0 292
1 1024
0 286
1 1024
0 236
2 1024
0 293
0 802
1 1024
0 161
0 633
0 448
0 563
0 886
0 124
0 500
0 637
0 1000
2 1024
0 241
0 194
0 209
0 157
0 268
0 804
0 446
1 1024
0 372
0 265
0 458
0 309
0 925
0 599
0 491
0 91
0 389
0 372
0 471
0 248
3 1024
1 1024
0 258
0 168
0 387
1 1024
0 379
0 427
0 186
3 1024
0 765
1 1024
0 483
0 704
0 738
0 942
0 174
1 1024
0 91
1 1024
0 698
0 81
0 314
1 1024
0 730
1 1024
0 572
1 1024
0 320
0 589
0 253
0 343
0 218
0 463
0 434
0 418
0 340
1 1024
0 685
0 148
0 290
0 167
1 1024
0 1007
1 1024
0 280
0 297
3 1024
0 984
0 341
0 253
0 468
0 391
0 230
0 923
0 95
0 328
0 551
0 572
1 1024
0 460
1 1024
3 1024
0 367
1 1024
2 1024
1 1024
1 1024
0 670
0 995
1 1024
0 152
0 698
1 1024
1 1024
2 1024
0 151
0 326
0 496
0 595
0 153
0 220
0 211
2 1024
2 1024
0 171
0 161
0 318
0 316
0 127
0 371
0 703
0 187
0 740
0 474
0 275
0 566
0 638
0 358
0 64
0 301
0 603
0 903
0 376
1 1024
0 377
0 291
0 844
1 1024
0 181
0 331
0 181
0 288
0 990
0 149
0 373
2 1024
1 1024
0 472
0 221
0 108
0 640
0 201
0 511
1 1024
0 305
0 172
0 522
1 1024
1 1024
0 214
0 204
0 500
0 94
0 382
0 820
0 250
0 70
0 391
2 1024
0 63
0 431
0 424
0 372
0 209
0 396
0 918
1 1024
1 1024
1 1024
0 210
0 374
1 1024
2 1024
0 433
0 141
2 1024
1 1024
0 418
1 1024
0 934
0 872
0 521
0 941
0 369
0 913
0 430
1 1024
0 255
0 331
1 1024
0 191
0 917
0 153
2 1024
0 602
0 260
0 541
0 371
1 1024
0 350
1 1024
0 354
2 1024
0 937
0 267
0 638
0 245
0 376
0 537
0 421
1 1024
1 1024
0 359
0 404
0 334
0 510
0 137
0 825
1 1024
0 251
0 806
0 86
0 453
0 425
0 787
0 477
1 1024
0 765
2 1024
0 361
1 1024
0 319
0 488
1 1024
0 901
0 216
0 410
0 173
1 1024
0 132
0 89
0 149
1 1024
0 113
0 126
1 1024
1 1024
0 227
0 159
0 198
0 191
0 473
2 1024
3 1024
0 230
1 1024
0 551
1 1024
0 199
0 292
1 1024
0 450
0 353
0 147
0 299
1 1024
0 759
0 318
0 519
0 1013
0 143
0 470
0 154
1 1024
1 1024
0 383
0 259
1 1024
0 296
0 728
1 1024
1 1024
1 1024
1 1024
0 243
0 274
1 1024
0 107
0 311
0 214
0 521
0 525
0 167
0 739
0 462
1 1024
0 145
0 303
0 292
0 73
0 126
1 1024
0 588
1 1024
1 1024
0 263
1 1024
0 679
0 213
0 390
2 1024
0 925
1 1024
0 208
0 166
1 1024
0 669
3 1024
1 1024
0 671
0 522
1 1024
0 290
0 253
0 279
0 300
0 258
2 1024
0 434
0 555
2 1024
0 331
1 1024
0 567
0 948
0 309
0 258
0 303
0 530
0 310
0 360
0 128
0 219
1 1024
1 1024
1 1024
0 119
2 1024
2 1024
1 1024
0 818
0 233
1 1024
1 1024
0 917
0 523
0 275
1 1024
0 352
0 999
0 165
0 429
0 623
1 1024
0 170
0 392
1 1024
0 398
0 252
0 112
0 369
0 334
0 965
0 746
0 261
1 1024
0 490
1 1024
0 82
0 327
2 1024
0 260
0 704
1 1024
0 804
0 470
0 965
0 246
1 1024
0 189
0 225
1 1024
1 1024
0 117
0 700
0 521
0 342
0 406
1 1024
2 1024
0 156
0 270
1 1024
0 364
0 502
0 331
3 1024
1 1024
0 367
2 1024
1 1024
0 191
0 241
0 401
0 603
0 106
0 156
0 596
0 174
0 188
0 975
0 231
0 431
1 1024
0 293
0 508
0 496
0 642
1 1024
0 570
0 608
0 328
1 1024
2 1024
1 1024
0 315
0 519
0 635
1 1024
0 672
0 177
0 220
0 276
0 237
0 295
0 378
0 353
1 1024
0 678
0 695
0 453
2 1024
0 185
0 648
0 248
0 368
0 256
0 955
0 404
0 617
0 292
0 67
0 192
1 1024
0 176
0 193
1 1024
0 142
2 1024
0 838
0 151
0 980
0 305
0 268
1 1024
0 654
0 109
0 468
1 1024
0 311
1 1024
1 1024
0 489
0 230
1 1024
1 1024
0 247
0 626
2 1024
0 91
0 181
0 285
0 263
0 162
0 560
0 86
1 1024
0 379
0 182
0 383
0 235
0 262
0 279
0 221
0 475
0 509
1 1024
0 316
0 228
0 311
0 373
0 94
0 510
0 561
1 1024
0 315
0 336
0 214
0 405
2 1024
0 751
0 356
0 118
0 134
2 1024
0 463
0 930
0 192
0 753
0 764
1 1024
0 277
1 1024
0 822
0 547
1 1024
1 1024
2 1024
0 103
0 445
0 170
0 442
0 275
0 254
0 372
0 338
0 340
0 234
0 325
0 832
0 256
0 935
0 236
0 469
0 330
0 104
0 316
0 272
0 246
1 1024
0 703
0 199
0 285
0 470
0 351
1 1024
1 1024
0 270
1 1024
0 797
1 1024
0 83
0 357
0 214
1 1024
0 131
0 225
0 292
0 257
0 325
0 345
0 310
0 278
0 709
1 1024
0 317
1 1024
0 162
2 1024
0 433
0 280
1 1024
0 249
1 1024
0 158
0 253
0 569
0 595
0 156
2 1024
0 563
1 1024
1 1024
0 199
2 1024
0 714
1 1024
0 166
1 1024
0 170
0 245
1 1024
1 1024
1 1024
1 1024
0 101
0 211
0 334
1 1024
0 368
0 168
0 324
1 1024
0 327
0 192
0 259
0 187
0 446
0 171
0 114
0 123
0 237
1 1024
0 626
0 259
1 1024
1 1024
0 640
1 1024
0 614
1 1024
0 472
1 1024
0 163
0 420
1 1024
0 384
0 441
0 242
1 1024
0 179
0 543
0 371
0 945
1 1024
0 215
0 642
0 172
0 192
0 128
1 1024
0 232
0 220
0 149
0 908
0 366
0 202
0 128
1 1024
0 517
0 403
0 136
0 795
0 136
1 1024
0 573
1 1024
0 445
0 400
1 1024
0 201
0 667
0 193
2 1024
0 189
2 1024
0 263
1 1024
0 331
0 858
0 234
1 1024
0 500
0 677
0 241
0 488
1 1024
0 649
0 635
1 1024
1 1024
0 307
1 1024
0 312
0 154
0 269
0 397
0 820
0 950
0 893
0 497
0 241
0 998
1 1024
0 483
0 462
0 86
0 248
0 199
1 1024
0 345
0 199
1 1024
0 177
0 463
0 323
0 854
0 114
2 1024
0 306
1 1024
0 274
0 441
0 265
0 750
0 441
0 321
2 1024
0 850
0 190
0 761
1 1024
0 767
0 474
0 1014
0 135
0 422
0 192
1 1024
1 1024
0 342
0 288
1 1024
0 297
0 167
1 1024
0 363
1 1024
0 580
0 279
0 628
1 1024
0 951
0 113
1 1024
0 129
0 291
0 441
0 745
0 360
1 1024
0 592
0 342
0 874
0 536
0 638
1 1024
0 583
0 249
0 390
0 130
0 242
0 610
2 1024
0 511
0 569
0 378
0 581
0 204
0 120
0 168
0 304
2 1024
0 159
0 655
0 490
1 1024
2 1024
1 1024
0 328
0 928
0 486
0 327
1 1024
1 1024
0 361
1 1024
0 546
0 390
0 311
2 1024
1 1024
0 175
1 1024
0 601
0 245
1 1024
0 395
0 164
0 115
0 337
2 1024
0 459
0 225
1 1024
0 168
0 288
0 407
0 435
0 242
0 293
1 1024
0 521
0 604
0 71
0 581
0 525
0 693
1 1024
0 197
0 293
1 1024
0 197
0 62
0 497
0 290
0 165
1 1024
1 1024
0 709
0 355
1 1024
0 385
0 192
1 1024
1 1024
0 239
1 1024
0 876
1 1024
0 219
0 286
0 207
0 255
0 103
0 604
0 209
0 207
0 788
2 1024
0 841
1 1024
1 1024
1 1024
0 216
0 124
1 1024
2 1024
2 1024
0 758
1 1024
1 1024
0 165
2 1024
0 452
1 1024
0 743
0 837
0 251
0 620
0 270
1 1024
1 1024
1 1024
1 1024
0 169
0 795
0 239
1 1024
0 99
0 275
0 453
0 150
0 190
0 190
0 294
0 189
2 1024
1 1024
0 174
0 324
0 524
0 397
1 1024
0 402
0 478
1 1024
0 221
0 350
1 1024
2 1024
0 264
0 235
1 1024
0 379
0 850
0 698
0 295
2 1024
0 325
0 404
1 1024
0 272
0 180
0 793
1 1024
0 453
0 144
2 1024
0 202
0 155
0 260
0 835
2 1024
1 1024
0 258
0 155
0 313
1 1024
1 1024
1 1024
0 234
0 517
0 779
0 612
1 1024
0 490
0 141
0 631
0 485
1 1024
0 392
1 1024
0 623
1 1024
0 218
0 376
0 858
0 474
0 340
0 385
1 1024
1 1024
1 1024
1 1024
0 475
0 231
0 511
1 1024
0 97
0 494
0 275
0 420
0 840
0 222
0 389
0 429
0 293
0 349
0 225
0 165
2 1024
0 584
0 378
0 403
0 238
1 1024
0 724
1 1024
0 706
0 224
0 327
1 1024
0 713
1 1024
0 157
0 254
1 1024
0 497
1 1024
0 213
3 1024
2 1024
0 377
0 344
2 1024
0 214
0 391
1 1024
3 1024
0 541
0 381
1 1024
0 815
2 1024
0 151
0 124
0 366
0 239
0 379
1 1024
2 1024
1 1024
0 541
1 1024
0 190
0 556
0 109
0 548
1 1024
0 312
2 1024
0 302
1 1024
1 1024
0 310
0 395
0 208
1 1024
0 236
0 160
0 140
0 300
4 1024
0 137
0 646
0 640
1 1024
0 179
0 305
0 433
0 759
0 649
0 42
0 305
0 136
0 227
1 1024
0 210
1 1024
0 223
0 796
0 531
1 1024
1 1024
0 456
0 719
0 551
0 570
0 347
0 388
1 1024
0 225
1 1024
0 760
2 1024
1 1024
0 381
0 279
0 287
0 505
0 353
1 1024
0 130
0 512
1 1024
0 196
0 241
0 114
1 1024
0 200
0 392
0 263
0 838
1 1024
0 431
0 854
0 660
0 601
0 390
0 186
0 579
1 1024
1 1024
0 139
0 760
1 1024
1 1024
1 1024
0 385
1 1024
1 1024
1 1024
0 616
0 715
0 263
1 1024
0 689
0 517
0 730
1 1024
0 429
1 1024
0 678
1 1024
0 868
0 225
0 305
1 1024
0 905
1 1024
0 216
1 1024
0 445
0 133
0 885
0 193
0 286
0 879
1 1024
0 261
0 459
0 744
0 242
0 116
0 229
0 521
2 1024
0 579
0 201
0 736
0 622
0 241
1 1024
0 792
1 1024
2 1024
0 346
1 1024
0 75
1 1024
1 1024
0 527
0 261
0 975
2 1024
0 457
0 141
0 128
0 539
0 268
0 227
1 1024
2 1024
0 535
0 381
0 394
0 591
0 395
1 1024
0 636
0 542
1 1024
1 1024
0 232
0 188
0 339
0 103
0 257
0 278
0 856
0 289
0 222
0 199
0 324
0 941
0 197
0 706
0 184
0 263
0 943
0 240
0 402
1 1024
0 335
0 89
0 236
1 1024
0 445
0 226
2 1024
0 753
0 142
0 718
0 541
0 494
2 1024
0 961
0 105
1 1024
0 242
0 473
1 1024
0 405
1 1024
0 918
0 265
0 175
0 338
1 1024
0 330
1 1024
0 517
1 1024
2 1024
0 352
0 895
0 1005
0 182
2 1024
0 651
0 393
0 1009
0 204
0 207
0 349
0 539
1 1024
0 317
0 899
0 79
2 1024
0 138
0 264
0 485
0 462
0 1001
0 286
0 301
0 518
0 328
0 345
0 856
0 305
0 199
0 692
0 311
0 313
0 611
1 1024
0 169
1 1024
0 969
0 398
0 657
0 312
0 410
0 355
0 315
0 166
2 1024
0 243
0 225
0 154
0 477
0 215
2 1024
1 1024
0 444
1 1024
0 549
0 268
0 669
0 572
2 1024
0 268
0 829
0 415
0 225
0 767
0 40
0 471
2 1024
4 1024
0 120
1 1024
2 1024
1 1024
0 484
0 567
0 129
0 424
0 316
0 211
0 444
0 419
1 1024
0 391
0 302
0 900
0 211
0 220
0 241
0 494
0 393
1 1024
1 1024
1 1024
1 1024
1 1024
0 150
0 290
0 955
1 1024
1 1024
0 970
1 1024
0 119
1 1024
0 210
0 85
1 1024
0 429
0 924
0 275
1 1024
0 213
0 843
0 266
0 158
0 305
1 1024
2 1024
1 1024
0 873
1 1024
0 999
0 448
0 975
0 256
0 236
1 1024
0 311
1 1024
1 1024
0 168
0 389
1 1024
0 731
0 880
1 1024
1 1024
1 1024
0 924
1 1024
0 433
0 288
0 457
0 113
0 244
0 603
0 789
2 1024
0 197
1 1024
0 179
0 380
0 260
1 1024
1 1024
1 1024
0 320
0 198
0 747
0 910
1 1024
0 254
0 119
2 1024
0 399
0 216
1 1024
1 1024
0 293
0 832
0 392
0 682
0 753
0 167
0 250
0 401
0 776
1 1024
0 394
0 728
0 598
1 1024
0 232
0 131
0 525
0 366
0 225
0 748
1 1024
0 551
0 527
0 320
0 337
0 272
1 1024
0 495
0 483
0 203
0 327
0 612
0 351
0 515
0 255
1 1024
0 625
0 403
1 1024
0 83
2 1024
0 151
0 442
0 311
0 217
0 683
0 505
0 978
0 292
0 223
0 365
1 1024
2 1024
3 1024
1 1024
0 175
0 331
0 83
0 377
0 391
1 1024
1 1024
0 294
1 1024
1 1024
0 514
1 1024
0 881
1 1024
1 1024
2 1024
0 303
1 1024
0 459
0 639
0 243
0 993
1 1024
0 113
0 207
0 273
0 405
0 857
1 1024
1 1024
0 296
0 173
0 564
0 147
1 1024
0 462
0 742
3 1024
0 258
0 412
0 461
1 1024
1 1024
0 224
1 1024
0 371
0 211
3 1024
0 308
2 1024
0 729
0 340
0 583
0 108
0 513
0 440
0 396
0 445
1 1024
1 1024
0 414
0 199
0 92
0 477
0 450
0 475
2 1024
0 746
0 272
0 402
0 531
0 362
0 302
0 194
0 818
0 387
0 197
0 123
1 1024
0 454
3 1024
0 359
0 340
1 1024
3 1024
1 1024
0 867
1 1024
0 593
0 142
0 674
0 605
0 216
0 763
0 210
0 620
0 684
0 317
0 351
0 572
0 279
0 321
0 261
0 870
0 392
1 1024
0 305
0 299
0 373
0 241
0 551
1 1024
1 1024
0 553
2 1024
0 900
0 202
1 1024
0 308
0 749
0 199
0 336
1 1024
0 327
1 1024
0 433
0 157
0 241
0 236
1 1024
0 299
0 264
0 938
0 437
0 331
0 131
0 723
0 270
0 462
1 1024
1 1024
0 368
0 78
0 323
0 513
2 1024
0 226
0 526
0 1021
0 525
0 314
3 1024
0 937
1 1024
0 446
1 1024
1 1024
0 388
0 416
0 649
0 503
1 1024
0 739
0 259
0 147
0 217
0 215
0 244
0 138
0 164
0 149
0 203
1 1024
0 974
0 170
1 1024
0 736
0 516
2 1024
0 153
0 180
1 1024
0 192
0 527
0 346
2 1024
0 441
0 338
0 925
2 1024
1 1024
0 398
0 286
1 1024
1 1024
0 186
0 387
1 1024
0 346
0 218
1 1024
0 619
0 783
0 381
1 1024
0 210
1 1024
0 359
0 739
0 292
1 1024
0 332
0 467
2 1024
1 1024
1 1024
0 448
1 1024
1 1024
1 1024
0 533
1 1024
1 1024
0 399
0 459
1 1024
0 444
0 299
0 210
0 129
0 500
0 308
0 141
0 214
0 315
1 1024
0 756
0 529
2 1024
0 247
0 84
0 442
1 1024
0 90
0 128
0 145
0 152
0 912
1 1024
0 238
1 1024
2 1024
0 164
0 163
0 364
0 566
0 788
0 200
0 187
0 346
0 299
0 100
0 355
0 343
0 348
0 724
0 255
0 327
1 1024
1 1024
0 283
0 449
0 391
1 1024
2 1024
0 311
0 659
0 271
0 470
0 214
1 1024
0 194
0 294
2 1024
0 307
0 455
0 323
0 342
2 1024
0 442
0 186
0 495
0 251
0 186
0 562
1 1024
2 1024
3 1024
0 372
0 353
0 122
0 459
0 411
3 1024
0 183
1 1024
0 196
0 546
0 190
0 164
0 289
1 1024
0 400
0 296
0 569
2 1024
1 1024
0 269
1 1024
0 294
1 1024
1 1024
1 1024
0 298
0 276
1 1024
2 1024
2 1024
0 169
0 369
2 1024
0 452
0 402
0 276
0 609
0 289
0 230
0 342
0 839
0 296
0 362
0 244
0 555
1 1024
0 936
1 1024
0 763
2 1024
0 157
0 627
1 1024
0 405
1 1024
0 435
1 1024
0 289
0 130
0 857
0 216
0 817
1 1024
0 403
0 655
0 156
1 1024
0 240
0 540
0 123
0 388
1 1024
1 1024
0 379
0 191
1 1024
0 641
0 298
0 147
0 153
0 842
0 239
0 270
0 513
0 158
0 380
0 146
2 1024
0 192
0 820
0 617
0 232
1 1024
1 1024
0 135
0 290
2 1024
0 978
0 235
2 1024
0 213
0 201
0 129
1 1024
0 248
0 389
0 261
0 350
0 205
0 237
0 432
0 370
0 755
0 216
0 165
0 219
0 272
0 901
0 243
0 379
1 1024
0 429
0 314
0 495
0 527
1 1024
0 186
1 1024
0 485
0 393
0 181
0 392
0 51
0 239
0 124
0 670
0 345
1 1024
0 461
0 166
0 180
0 180
0 137
0 492
1 1024
0 395
1 1024
0 560
1 1024
0 377
0 635
0 600
0 973
0 245
1 1024
0 283
0 334
0 198
0 240
1 1024
0 512
0 440
0 188
1 1024
0 368
1 1024
0 171
0 496
0 451
0 456
0 573
2 1024
0 196
0 768
0 378
0 319
0 740
0 466
1 1024
0 619
0 271
0 483
0 364
1 1024
0 446
0 329
2 1024
3 1024
2 1024
0 523
1 1024
0 711
0 180
0 867
1 1024
0 658
0 953
1 1024
0 111
0 244
0 728
0 345
0 263
0 1007
0 285
2 1024
0 971
0 231
0 242
0 177
0 188
1 1024
2 1024
0 839
0 369
0 295
0 387
0 135
0 200
0 382
2 1024
0 793
0 692
0 470
0 579
0 574
0 394
0 97
0 993
0 193
2 1024
0 647
0 678
0 833
0 149
0 579
0 181
0 215
2 1024
0 147
0 157
1 1024
0 338
0 330
0 110
0 196
1 1024
0 194
1 1024
1 1024
1 1024
0 703
0 387
0 110
0 101
1 1024
0 254
1 1024
1 1024
1 1024
0 199
0 652
0 247
1 1024
0 681
0 1020
0 257
1 1024
0 479
0 359
0 501
0 103
2 1024
1 1024
0 166
0 240
0 481
0 137
0 145
0 216
0 325
0 574
0 508
0 575
0 177
0 509
1 1024
1 1024
1 1024
0 108
0 672
0 207
0 281
0 174
1 1024
1 1024
0 244
1 1024
0 797
0 557
1 1024
0 415
0 140
0 505
0 238
0 386
1 1024
0 552
0 666
0 264
0 170
0 425
0 209
0 318
1 1024
0 257
0 473
0 435
1 1024
0 643
0 245
0 120
0 150
0 207
1 1024
2 1024
0 207
0 274
1 1024
0 337
1 1024
0 429
0 304
1 1024
0 342
1 1024
0 138
1 1024
0 537
0 126
0 226
0 287
1 1024
0 227
0 729
2 1024
0 345
1 1024
1 1024
0 131
1 1024
1 1024
1 1024
1 1024
1 1024
0 382
1 1024
0 394
1 1024
0 262
1 1024
0 181
1 1024
0 278
0 757
1 1024
0 177
1 1024
1 1024
2 1024
0 252
0 124
0 192
1 1024
1 1024
0 710
0 776
0 378
0 257
0 312
0 570
0 659
0 212
0 347
0 472
0 588
0 434
1 1024
1 1024
1 1024
0 187
0 367
0 662
0 257
0 487
0 683
0 968
1 1024
0 778
0 329
0 777
0 650
0 313
1 1024
0 552
1 1024
0 646
0 273
2 1024
0 187
0 139
0 604
0 510
0 394
0 244
0 321
0 411
0 494
0 824
0 316
1 1024
1 1024
1 1024
0 482
0 783
0 780
1 1024
1 1024
0 565
0 1003
1 1024
0 711
2 1024
0 594
0 567
0 37
0 746
1 1024
0 314
1 1024
0 438
0 453
1 1024
0 284
0 842
1 1024
1 1024
0 170
0 292
0 207
0 659
1 1024
0 350
1 1024
2 1024
0 485
1 1024
0 151
0 285
0 307
1 1024
0 507
0 494
1 1024
2 1024
0 475
0 668
0 297
0 330
0 160
0 679
0 371
0 345
0 234
2 1024
0 347
0 288
0 282
0 275
0 890
0 394
0 326
1 1024
0 260
0 279
1 1024
1 1024
2 1024
0 906
0 91
1 1024
1 1024
0 121
0 469
0 342
0 277
1 1024
2 1024
0 366
0 516
0 530
0 602
0 321
0 134
0 394
1 1024
1 1024
0 763
0 554
0 382
0 648
0 248
0 315
0 569
0 794
0 209
1 1024
0 402
0 646
1 1024
1 1024
0 463
0 634
0 244
0 232
0 163
1 1024
0 239
0 752
0 912
1 1024
0 89
0 348
0 431
0 505
0 615
0 437
2 1024
0 281
0 171
0 270
1 1024
0 901
0 436
0 244
0 170
2 1024
0 512
0 262
0 513
1 1024
1 1024
0 721
0 473
0 177
0 411
0 362
0 587
1 1024
1 1024
0 621
0 227
0 257
1 1024
0 294
0 294
0 232
0 413
1 1024
0 744
0 161
0 364
2 1024
0 722
0 125
2 1024
0 383
0 290
0 927
0 628
0 410
0 486
0 536
1 1024
0 759
0 830
0 289
0 681
1 1024
0 160
1 1024
0 369
2 1024
0 260
0 422
0 594
2 1024
0 90
0 215
1 1024
0 168
0 210
0 327
0 268
1 1024
1 1024
1 1024
0 294
2 1024
0 370
1 1024
0 642
0 257
1 1024
0 554
0 223
0 472
0 380
0 636
0 389
1 1024
0 245
0 609
1 1024
0 198
3 1024
0 714
2 1024
0 222
1 1024
1 1024
0 281
1 1024
0 239
0 359
0 240
0 150
1 1024
1 1024
1 1024
0 438
0 159
0 712
0 380
0 173
0 244
0 160
1 1024
0 930
0 413
0 704
1 1024
0 349
0 189
1 1024
0 192
0 1014
0 328
0 807
0 357
0 564
1 1024
0 183
0 132
1 1024
0 308
0 155
0 552
0 191
0 335
0 284
0 941
0 133
1 1024
0 367
1 1024
0 203
0 258
0 408
0 147
0 570
0 238
1 1024
1 1024
0 236
0 684
0 357
0 262
0 426
1 1024
0 281
0 249
0 199
0 177
0 407
0 681
0 99
1 1024
0 429
0 280
0 324
2 1024
0 562
0 402
1 1024
0 330
0 1008
1 1024
0 372
0 338
1 1024
0 346
0 601
0 225
0 417
0 556
4 1024
1 1024
1 1024
0 603
0 317
1 1024
2 1024
0 310
0 168
0 602
0 465
0 130
1 1024
0 692
0 418
1 1024
1 1024
0 304
0 247
1 1024
1 1024
0 375
0 864
2 1024
0 638
0 268
2 1024
0 179
0 442
0 289
0 151
1 1024
0 212
0 528
1 1024
0 672
1 1024
0 344
1 1024
0 226
0 541
2 1024
0 335
2 1024
0 431
1 1024
0 495
0 69
0 259
0 261
0 457
0 174
0 159
0 168
1 1024
0 322
0 506
0 299
0 207
2 1024
2 1024
0 271
0 117
0 729
0 454
0 428
0 773
0 218
2 1024
1 1024
1 1024
0 310
0 963
2 1024
1 1024
1 1024
0 810
0 311
1 1024
1 1024
0 933
0 490
1 1024
0 208
0 278
0 803
0 425
0 890
0 339
0 518
0 280
0 449
0 635
0 296
0 348
0 434
0 132
0 117
0 224
0 918
0 337
0 376
0 151
1 1024
0 917
2 1024
0 170
0 924
0 495
0 163
1 1024
0 145
0 198
0 873
0 627
0 92
0 195
0 531
0 212
0 386
0 391
2 1024
0 328
0 154
0 307
0 249
0 154
0 395
0 247
1 1024
1 1024
0 315
1 1024
0 330
0 138
0 686
0 675
1 1024
3 1024
0 183
0 118
0 117
0 692
1 1024
0 533
1 1024
0 184
0 279
0 314
0 737
0 456
0 640
2 1024
0 154
0 320
1 1024
0 743
1 1024
0 315
1 1024
0 777
0 330
0 98
0 238
0 192
0 343
0 177
0 65
0 379
0 142
0 328
0 388
1 1024
0 857
0 245
0 779
0 477
1 1024
1 1024
1 1024
0 631
0 415
1 1024
0 851
1 1024
1 1024
0 566
0 898
0 165
0 250
0 380
0 760
0 268
0 240
0 297
0 250
0 220
0 471
0 319
0 124
0 101
0 861
0 306
0 179
0 449
0 593
1 1024
0 114
1 1024
0 195
1 1024
0 222
2 1024
0 168
0 555
0 629
0 338
0 251
0 641
0 150
0 170
1 1024
0 275
0 449
0 402
0 333
0 320
0 731
0 236
0 229
0 366
0 726
1 1024
1 1024
0 445
0 576
0 143
0 221
0 376
0 990
0 252
0 510
0 243
0 463
1 1024
0 669
0 181
1 1024
1 1024
1 1024
0 230
0 119
0 315
0 380
0 502
1 1024
0 476
0 541
0 758
2 1024
0 408
0 566
0 924
0 330
0 328
1 1024
0 331
1 1024
0 246
0 281
0 614
0 467
0 569
1 1024
0 411
0 576
1 1024
1 1024
0 730
0 828
0 567
0 257
0 174
0 297
0 357
0 192
0 317
1 1024
0 924
0 360
0 224
0 282
0 210
2 1024
0 247
1 1024
0 988
0 236
0 346
1 1024
0 190
0 462
1 1024
1 1024
2 1024
1 1024
0 776
0 231
0 208
0 351
0 237
0 308
0 234
0 290
1 1024
0 196
0 357
0 104
0 258
2 1024
2 1024
1 1024
1 1024
1 1024
0 281
2 1024
2 1024
1 1024
0 168
1 1024
0 222
2 1024
1 1024
0 151
0 315
0 299
0 418
0 339
0 278
0 484
0 447
1 1024
1 1024
0 528
0 677
1 1024
0 328
1 1024
1 1024
0 303
0 303
0 754
0 220
0 315
0 245
0 265
0 172
0 223
0 179
0 500
0 184
1 1024
0 889
0 282
1 1024
1 1024
0 86
0 255
0 419
0 290
1 1024
1 1024
0 812
1 1024
0 397
0 610
0 494
0 355
0 540
0 274
0 932
0 445
2 1024
0 150
1 1024
0 543
1 1024
1 1024
1 1024
0 815
0 385
0 302
1 1024
0 129
0 165
0 783
0 501
0 226
0 513
1 1024
0 293
0 497
0 422
1 1024
0 591
1 1024
0 532
0 151
1 1024
1 1024
1 1024
0 625
2 1024
0 283
1 1024
0 647
1 1024
0 133
0 268
0 414
0 180
0 270
2 1024
0 384
0 242
0 306
1 1024
0 475
2 1024
0 1011
0 529
0 240
0 646
0 238
0 319
0 258
1 1024
0 207
0 998
0 356
0 248
2 1024
0 271
0 158
0 133
1 1024
0 916
2 1024
2 1024
0 143
1 1024
0 326
0 239
0 380
0 419
0 583
0 263
0 396
0 182
2 1024
0 194
0 212
0 114
0 236
2 1024
0 267
0 957
1 1024
0 326
0 419
0 376
1 1024
0 753
0 394
1 1024
0 977
2 1024
1 1024
0 311
1 1024
0 679
1 1024
0 532
0 512
0 368
0 445
0 333
0 698
0 393
0 418
1 1024
0 639
0 507
0 127
1 1024
1 1024
0 308
0 242
0 279
0 679
1 1024
0 221
0 363
0 500
0 176
0 379
0 844
0 241
1 1024
0 144
0 261
0 130
2 1024
1 1024
1 1024
0 331
1 1024
0 483
0 217
2 1024
0 343
0 435
0 978
0 208
0 291
0 388
0 767
0 208
0 154
1 1024
0 320
0 254
0 160
0 314
0 310
0 211
0 819
0 343
1 1024
0 840
0 949
0 165
0 294
0 517
1 1024
0 517
1 1024
0 271
2 1024
0 497
0 598
0 223
3 1024
0 221
0 989
0 290
0 333
0 338
1 1024
0 406
1 1024
0 449
0 336
1 1024
0 338
0 209
0 425
0 564
0 596
0 138
0 505
2 1024
1 1024
1 1024
0 123
0 349
0 134
2 1024
0 160
1 1024
0 451
1 1024
0 472
1 1024
2 1024
0 178
0 487
0 394
0 202
0 255
0 199
0 130
0 106
1 1024
0 695
0 528
2 1024
1 1024
0 159
0 308
0 370
0 467
0 594
0 681
0 297
0 311
0 307
0 206
0 638
0 633
0 229
1 1024
0 262
0 500
0 566
0 326
0 216
1 1024
1 1024
0 846
1 1024
0 173
0 228
1 1024
0 466
0 620
0 257
0 192
0 162
0 310
1 1024
0 395
0 194
0 407
0 292
0 203
0 442
0 171
0 309
0 517
0 242
1 1024
0 437
0 202
0 569
0 85
0 243
0 481
0 666
1 1024
0 339
0 166
1 1024
0 120
0 379
0 352
0 215
1 1024
0 252
0 130
0 589
0 234
0 848
0 153
0 852
0 359
0 179
0 367
4 1024
1 1024
0 672
2 1024
0 380
0 161
0 171
1 1024
0 869
1 1024
1 1024
0 571
0 325
0 255
0 314
0 563
0 176
1 1024
1 1024
0 439
0 134
1 1024
0 263
0 127
2 1024
0 293
0 239
0 153
1 1024
0 454
0 445
0 255
1 1024
0 438
1 1024
1 1024
0 175
0 471
0 242
1 1024
1 1024
0 985
0 385
0 466
1 1024
0 306
0 258
0 999
1 1024
0 633
1 1024
0 547
0 435
0 252
0 358
0 125
0 324
0 818
0 319
0 251
1 1024
0 253
0 309
0 424
1 1024
0 387
0 164
0 384
0 397
1 1024
0 298
0 165
1 1024
0 181
0 375
1 1024
0 1006
0 248
2 1024
1 1024
0 801
0 204
1 1024
1 1024
2 1024
0 76
0 231
1 1024
0 304
2 1024
1 1024
0 261
1 1024
1 1024
0 224
2 1024
0 166
0 305
0 189
0 353
1 1024
0 384
1 1024
0 618
1 1024
0 134
0 196
0 422
0 303
2 1024
1 1024
0 665
0 406
0 323
2 1024
0 484
1 1024
1 1024
0 442
1 1024
0 134
1 1024
1 1024
0 374
1 1024
1 1024
0 190
1 1024
0 432
1 1024
1 1024
0 272
3 1024
1 1024
0 235
1 1024
0 380
0 490
0 267
0 187
0 170
0 514
0 375
0 289
1 1024
0 243
0 985
0 384
0 554
2 1024
0 228
0 415
0 519
1 1024
0 391
0 266
0 360
2 1024
0 705
1 1024
1 1024
0 290
0 607
0 793
0 697
0 441
0 155
0 254
0 1015
0 736
0 483
1 1024
0 278
0 673
0 537
0 675
0 350
0 246
1 1024
0 347
0 263
0 187
1 1024
1 1024
0 530
1 1024
0 200
3 1024
1 1024
0 453
1 1024
0 295
1 1024
0 433
0 377
0 334
0 314
1 1024
0 290
0 404
1 1024
0 918
0 321
0 684
0 430
0 390
0 621
0 422
0 435
0 295
1 1024
0 344
1 1024
0 245
0 257
0 212
0 288
0 270
2 1024
0 344
0 334
0 944
0 475
0 323
0 260
0 190
0 159
0 261
0 794
1 1024
0 775
1 1024
0 136
0 245
1 1024
0 697
0 684
1 1024
0 248
0 555
0 572
2 1024
1 1024
1 1024
0 177
0 307
0 165
3 1024
0 238
0 209
1 1024
0 228
0 241
1 1024
0 283
0 473
0 210
3 1024
0 221
0 242
0 184
0 328
0 515
1 1024
0 300
0 316
1 1024
0 594
0 285
0 217
0 620
0 551
0 259
0 184
0 307
0 289
0 245
0 424
0 275
0 210
1 1024
1 1024
1 1024
0 420
1 1024
1 1024
0 250
0 413
0 135
0 380
0 233
0 909
1 1024
0 282
0 744
0 207
1 1024
1 1024
0 237
0 594
0 560
0 161
0 483
1 1024
0 602
0 225
0 284
1 1024
0 272
0 561
0 189
0 157
1 1024
0 255
0 169
0 159
0 294
1 1024
0 374
1 1024
0 564
0 202
0 254
0 368
1 1024
0 322
0 308
0 88
0 443
1 1024
1 1024
1 1024
1 1024
0 193
0 631
0 386
0 466
1 1024
1 1024
1 1024
0 229
0 430
0 389
0 589
0 412
0 869
1 1024
0 275
0 214
0 94
0 225
0 406
1 1024
1 1024
2 1024
0 1022
0 174
1 1024
0 413
0 871
1 1024
0 397
1 1024
0 495
2 1024
2 1024
0 379
0 363
2 1024
0 267
0 260
0 767
2 1024
0 327
0 249
1 1024
0 171
1 1024
0 268
0 258
1 1024
0 387
0 767
0 161
0 236
1 1024
0 399
0 291
1 1024
0 310
0 248
1 1024
1 1024
0 350
0 885
0 197
0 533
0 253
1 1024
0 264
2 1024
1 1024
0 214
0 264
1 1024
1 1024
1 1024
0 395
0 809
1 1024
0 228
0 470
1 1024
1 1024
0 486
1 1024
1 1024
0 194
1 1024
1 1024
0 239
0 292
0 406
0 327
0 217
0 110
1 1024
0 731
0 176
0 202
0 374
0 285
1 1024
1 1024
0 290
0 262
0 254
0 128
1 1024
0 408
0 856
0 717
0 276
1 1024
0 860
0 417
0 704
1 1024
1 1024
0 641
0 925
0 463
0 426
0 126
0 222
0 403
0 264
0 653
0 711
0 338
0 856
1 1024
1 1024
0 520
1 1024
0 287
0 253
0 440
1 1024
0 964
0 725
0 946
1 1024
0 357
0 190
0 376
1 1024
0 114
0 990
0 175
0 419
0 494
0 418
0 272
0 471
1 1024
0 251
0 276
0 131
0 550
0 279
0 234
1 1024
1 1024
0 309
1 1024
0 461
1 1024
0 186
0 290
1 1024
1 1024
0 457
1 1024
0 310
0 685
0 321
0 183
1 1024
1 1024
0 269
0 745
0 673
0 637
0 1000
0 431
1 1024
0 253
0 303
1 1024
1 1024
0 640
1 1024
0 641
0 266
2 1024
0 401
0 274
0 210
0 681
0 486
0 470
0 384
0 612
0 398
0 149
1 1024
2 1024
0 260
0 278
0 348
0 879
1 1024
0 948
0 237
0 226
1 1024
0 266
0 151
0 293
0 188
2 1024
1 1024
1 1024
0 332
2 1024
0 252
0 235
0 257
1 1024
0 518
0 317
0 713
0 173
0 408
0 221
0 298
0 279
1 1024
1 1024
0 138
1 1024
0 624
1 1024
2 1024
0 199
0 325
0 254
0 572
1 1024
1 1024
0 278
0 295
0 914
0 345
1 1024
1 1024
1 1024
0 165
0 268
0 732
1 1024
0 254
3 1024
1 1024
0 607
0 658
2 1024
0 164
0 219
0 540
0 234
1 1024
0 245
1 1024
0 781
1 1024
0 284
0 241
1 1024
0 264
1 1024
0 808
2 1024
0 189
1 1024
0 557
0 444
0 448
0 280
0 535
0 391
0 361
0 373
1 1024
0 411
0 609
0 305
0 297
0 153
0 711
0 654
0 708
0 158
0 200
0 394
0 756
1 1024
0 269
1 1024
1 1024
0 246
0 615
0 62
0 237
1 1024
0 447
0 584
0 472
1 1024
1 1024
0 210
1 1024
1 1024
0 177
0 349
0 533
0 300
1 1024
0 492
0 271
0 258
2 1024
0 314
2 1024
0 358
0 314
2 1024
0 288
1 1024
0 212
0 496
0 224
0 961
0 223
0 246
1 1024
0 271
0 1024
1 1024
0 122
1 1024
1 1024
1 1024
0 297
2 1024
0 396
1 1024
1 1024
0 589
0 516
2 1024
0 196
0 236
0 168
0 164
1 1024
2 1024
0 298
0 564
0 250
0 240
1 1024
1 1024
0 303
1 1024
0 368
1 1024
0 770
0 299
0 444
1 1024
0 286
0 672
0 245
0 110
0 703
0 194
0 301
1 1024
0 345
0 857
0 563
0 221
0 431
0 117
1 1024
0 248
1 1024
0 828
1 1024
0 269
0 482
1 1024
1 1024
0 452
0 401
0 336
1 1024
0 963
1 1024
0 241
1 1024
1 1024
0 289
1 1024
0 707
0 228
1 1024
1 1024
1 1024
1 1024
0 505
1 1024
0 378
0 377
0 845
0 390
0 269
0 230
0 342
1 1024
0 282
0 232
0 274
0 691
1 1024
0 204
0 403
0 240
0 159
0 300
3 1024
0 479
0 248
0 424
1 1024
0 1010
0 246
0 354
1 1024
2 1024
1 1024
0 262
0 368
0 794
0 373
0 556
1 1024
1 1024
0 431
0 886
0 276
3 1024
0 615
1 1024
0 170
1 1024
0 478
2 1024
0 326
0 906
0 600
1 1024
0 752
0 267
0 164
0 360
0 1022
0 210
0 761
0 512
0 422
2 1024
0 113
0 469
0 814
0 393
0 166
0 160
1 1024
0 766
0 209
1 1024
0 288
0 313
0 269
0 363
0 332
0 732
0 146
0 240
0 741
0 834
0 355
0 207
0 194
0 264
1 1024
1 1024
5 1024
0 1001
1 1024
0 288
0 793
0 507
0 419
0 120
0 153
0 87
0 562
0 231
0 687
3 1024
1 1024
0 466
1 1024
0 628
1 1024
0 347
1 1024
0 431
1 1024
0 473
1 1024
1 1024
1 1024
0 114
0 183
0 378
0 199
0 191
0 324
0 228
2 1024
0 228
1 1024
1 1024
0 339
0 545
0 295
0 257
0 205
1 1024
2 1024
0 196
1 1024
0 583
3 1024
0 618
0 186
0 269
1 1024
2 1024
0 325
0 330
0 422
0 454
0 739
0 163
1 1024
0 748
1 1024
1 1024
0 132
1 1024
2 1024
1 1024
0 223
0 347
0 72
1 1024
1 1024
1 1024
1 1024
0 695
1 1024
0 213
0 437
0 470
1 1024
0 368
0 438
2 1024
0 128
0 398
1 1024
0 185
0 291
1 1024
0 595
0 359
0 308
0 406
0 925
0 671
1 1024
1 1024
0 206
0 560
0 212
0 90
0 714
0 530
0 265
0 802
0 442
0 202
0 308
1 1024
0 296
0 152
1 1024
0 549
1 1024
0 920
2 1024
0 104
2 1024
0 839
2 1024
0 948
0 727
0 888
0 1019
0 172
0 232
0 261
0 334
0 292
0 947
0 247
0 450
2 1024
0 857
1 1024
0 268
3 1024
1 1024
0 245
0 190
0 362
0 412
1 1024
0 367
0 656
0 844
0 717
1 1024
0 174
0 115
0 343
1 1024
0 111
0 283
0 473
0 155
0 397
0 456
0 246
0 135
0 297
0 277
1 1024
0 497
0 244
1 1024
1 1024
0 361
0 627
0 624
1 1024
0 109
1 1024
0 685
0 398
0 315
0 703
0 250
1 1024
0 856
1 1024
1 1024
0 524
0 264
0 612
0 211
1 1024
0 159
0 682
1 1024
0 293
0 719
0 678
0 240
1 1024
3 1024
0 279
0 95
1 1024
2 1024
2 1024
0 99
0 361
0 211
0 377
0 259
1 1024
1 1024
0 298
0 199
0 629
0 303
0 126
0 472
0 508
0 320
0 332
0 216
0 598
1 1024
0 274
1 1024
0 536
0 500
4 1024
0 276
0 127
0 260
0 132
0 659
0 270
0 467
3 1024
0 376
0 264
1 1024
0 563
2 1024
0 541
0 195
0 889
1 1024
0 177
0 68
0 596
1 1024
1 1024
0 324
0 398
0 865
0 164
1 1024
0 524
0 182
0 290
0 179
0 392
0 382
1 1024
1 1024
0 64
0 143
0 541
0 344
2 1024
0 160
0 484
0 488
0 320
0 288
0 289
0 64
0 265
0 213
0 372
0 108
0 280
0 268
0 481
0 297
2 1024
0 735
0 416
0 201
0 230
0 288
1 1024
0 295
1 1024
0 327
0 296
0 570
0 258
1 1024
0 228
0 441
0 157
0 218
0 89
1 1024
0 209
1 1024
0 129
0 582
0 185
0 394
1 1024
1 1024
1 1024
0 269
0 448
3 1024
0 166
0 303
1 1024
0 107
0 586
0 510
1 1024
0 551
1 1024
2 1024
0 516
1 1024
1 1024
1 1024
0 290
0 726
0 441
0 434
0 575
1 1024
0 443
1 1024
0 308
1 1024
0 589
2 1024
0 476
0 465
0 362
0 359
0 489
0 342
1 1024
0 211
2 1024
0 146
0 981
0 181
0 177
0 364
0 241
0 381
0 499
1 1024
0 309
0 597
1 1024
0 187
1 1024
0 537
0 436
1 1024
0 974
1 1024
0 297
0 648
0 432
0 505
0 230
0 249
0 212
1 1024
0 257
0 376
1 1024
1 1024
0 440
0 184
1 1024
0 277
1 1024
0 384
1 1024
1 1024
0 630
0 996
0 184
0 477
0 336
0 309
0 269
0 644
1 1024
2 1024
0 302
2 1024
1 1024
1 1024
0 754
0 283
1 1024
0 750
0 153
1 1024
0 595
0 306
0 266
0 168
0 327
0 285
0 295
0 108
1 1024
0 284
0 489
2 1024
0 275
2 1024
0 119
0 935
0 568
0 267
0 997
0 202
0 293
1 1024
1 1024
0 528
0 157
0 630
1 1024
2 1024
0 256
0 267
1 1024
0 261
0 127
3 1024
0 145
0 238
0 329
1 1024
0 446
0 274
0 441
1 1024
1 1024
0 879
1 1024
0 582
0 495
0 425
0 259
0 372
2 1024
0 314
0 480
0 205
1 1024
0 343
1 1024
0 491
0 698
0 248
0 758
0 924
0 607
0 456
1 1024
0 283
2 1024
0 352
0 310
1 1024
0 587
0 218
0 200
0 394
0 256
0 89
0 471
1 1024
0 367
0 314
0 393
0 899
1 1024
1 1024
1 1024
0 135
0 300
0 365
0 328
0 292
0 261
0 587
0 277
0 113
0 180
0 614
0 352
0 247
0 166
0 133
2 1024
1 1024
0 187
1 1024
1 1024
0 207
0 506
1 1024
0 418
0 657
1 1024
0 254
0 1005
0 513
0 380
1 1024
0 216
1 1024
0 498
0 332
0 302
0 255
0 257
0 481
0 576
0 438
0 476
0 410
0 377
0 342
0 442
2 1024
0 459
0 153
0 254
0 126
0 794
0 308
0 260
0 567
0 233
0 176
0 341
0 627
0 544
1 1024
0 727
0 198
0 228
2 1024
0 518
0 972
1 1024
0 84
0 964
3 1024
1 1024
0 853
0 353
0 828
0 172
1 1024
0 631
0 93
2 1024
0 439
0 258
0 230
0 223
0 196
1 1024
0 77
0 372
0 157
0 203
1 1024
0 407
0 524
1 1024
1 1024
0 519
0 309
0 248
0 460
0 285
0 441
0 265
0 379
0 574
0 310
0 480
0 337
0 484
1 1024
0 201
0 442
1 1024
0 609
1 1024
1 1024
0 280
0 1003
0 305
0 198
1 1024
0 558
0 431
0 347
1 1024
1 1024
0 1001
0 223
1 1024
0 479
0 189
0 180
1 1024
1 1024
0 330
0 206
1 1024
0 172
0 493
0 426
0 812
1 1024
0 182
0 123
0 119
2 1024
0 199
0 150
2 1024
0 736
0 275
0 232
1 1024
0 255
0 250
1 1024
0 673
0 493
0 310
0 326
0 560
0 318
0 425
0 694
3 1024
0 149
0 323
0 702
0 214
0 169
0 767
0 377
0 159
0 287
0 261
0 487
1 1024
0 363
0 221
2 1024
0 278
0 161
0 377
1 1024
0 573
0 368
0 308
4 1024
1 1024
1 1024
0 327
1 1024
1 1024
1 1024
0 302
2 1024
1 1024
0 136
0 139
0 727
0 334
0 336
0 379
0 713
0 315
1 1024
0 219
1 1024
0 807
0 265
1 1024
0 285
0 411
0 354
1 1024
0 1024
0 332
0 449
2 1024
0 988
0 189
1 1024
0 153
0 259
0 430
1 1024
0 642
0 273
1 1024
0 406
0 107
1 1024
0 314
0 404
0 362
1 1024
1 1024
0 418
1 1024
0 403
0 316
0 188
0 655
3 1024
0 261
0 511
0 170
0 815
0 348
2 1024
0 898
2 1024
0 459
0 111
1 1024
0 350
0 462
0 217
1 1024
0 178
0 318
0 936
0 194
0 543
0 257
0 254
0 436
1 1024
0 942
0 164
0 175
0 288
0 411
0 453
0 344
0 226
1 1024
0 262
0 500
0 220
1 1024
0 331
0 381
0 503
0 207
0 226
1 1024
0 252
0 647
0 119
0 469
2 1024
1 1024
0 376
1 1024
0 692
0 212
0 360
0 332
0 963
1 1024
0 100
0 210
0 180
0 161
0 123
0 983
0 219
3 1024
0 487
0 479
0 208
0 310
0 388
0 631
0 337
0 630
0 190
0 107
0 226
0 150
0 120
0 179
0 752
2 1024
0 182
0 225
0 259
0 466
0 284
0 164
0 110
0 320
1 1024
2 1024
1 1024
0 544
0 350
0 259
1 1024
0 97
1 1024
0 158
1 1024
0 617
0 241
0 803
0 918
0 384
1 1024
0 248
2 1024
1 1024
0 329
0 221
0 486
0 376
0 510
0 98
0 311
0 506
1 1024
0 245
0 276
0 378
0 646
0 337
0 490
1 1024
0 631
0 356
0 362
1 1024
0 421
0 186
0 259
1 1024
0 808
0 275
2 1024
1 1024
1 1024
0 163
0 419
1 1024
0 259
1 1024
0 712
0 348
0 267
0 536
2 1024
1 1024
0 523
0 145
0 171
0 251
0 337
2 1024
1 1024
0 423
0 179
0 504
1 1024
0 978
0 400
1 1024
0 154
0 89
0 281
2 1024
0 160
0 131
0 268
0 222
0 710
0 264
0 403
1 1024
0 469
0 195
1 1024
1 1024
0 711
0 455
0 409
0 153
1 1024
0 961
0 182
0 168
1 1024
0 838
0 852
0 184
0 582
0 220
0 547
0 214
0 150
0 317
1 1024
1 1024
2 1024
0 200
0 425
0 1009
1 1024
0 323
1 1024
1 1024
2 1024
0 275
0 487
1 1024
0 400
0 646
0 182
0 370
1 1024
0 103
0 252
1 1024
2 1024
0 477
0 413
0 425
0 582
1 1024
0 160
0 423
0 518
1 1024
0 538
0 365
1 1024
2 1024
2 1024
0 563
0 424
0 847
0 446
0 605
1 1024
0 209
1 1024
0 350
0 213
0 749
1 1024
0 252
0 295
0 286
0 165
0 228
1 1024
0 172
0 431
1 1024
0 811
0 389
0 255
1 1024
1 1024
0 387
0 889
0 154
1 1024
0 328
0 460
1 1024
1 1024
0 251
0 457
0 213
1 1024
0 221
0 73
0 216
0 214
0 129
0 484
0 265
1 1024
0 595
2 1024
1 1024
0 721
0 654
2 1024
0 497
0 375
1 1024
1 1024
0 194
1 1024
0 251
0 804
0 425
1 1024
1 1024
0 762
0 285
0 451
0 191
0 350
0 711
0 476
1 1024
0 993
0 482
0 819
0 214
0 282
2 1024
0 171
1 1024
0 674
2 1024
0 366
0 751
2 1024
0 718
0 365
0 354
0 489
0 230
1 1024
0 598
0 163
0 318
1 1024
0 164
0 554
0 220
0 666
0 362
0 139
0 312
1 1024
0 235
0 153
0 324
0 286
0 572
0 387
2 1024
0 377
1 1024
0 954
0 157
0 785
2 1024
0 335
1 1024
1 1024
0 77
1 1024
0 240
0 220
0 690
0 1019
0 199
0 396
0 398
0 495
2 1024
0 652
0 622
2 1024
0 271
0 791
0 597
1 1024
0 160
0 821
2 1024
0 874
0 170
0 168
2 1024
0 318
0 394
0 79
1 1024
0 365
1 1024
0 60
0 112
0 420
0 128
0 649
1 1024
0 539
1 1024
2 1024
0 326
1 1024
0 265
0 374
0 340
0 235
0 296
0 541
0 458
0 431
0 658
0 464
0 989
1 1024
3 1024
1 1024
0 144
0 413
1 1024
2 1024
0 735
1 1024
0 243
0 285
1 1024
0 545
1 1024
0 600
0 192
0 532
1 1024
1 1024
1 1024
0 444
2 1024
1 1024
0 383
0 973
0 106
0 244
2 1024
0 304
1 1024
0 462
1 1024
0 501
0 344
0 350
0 823
0 753
0 253
0 313
0 148
0 374
0 137
2 1024
1 1024
1 1024
0 481
0 144
0 416
0 689
0 449
0 367
0 47
1 1024
0 413
0 569
1 1024
0 267
0 977
1 1024
0 135
0 793
1 1024
0 585
0 111
0 288
0 316
0 209
1 1024
0 526
0 230
1 1024
0 129
0 760
3 1024
0 153
0 652
0 246
0 499
0 430
0 470
0 488
0 342
1 1024
0 544
0 502
0 273
0 148
0 307
0 243
0 258
0 742
1 1024
0 398
0 148
1 1024
1 1024
2 1024
1 1024
0 329
0 669
0 709
0 598
1 1024
0 801
1 1024
0 617
0 338
0 448
2 1024
0 589
0 497
0 258
0 370
1 1024
0 390
0 377
0 151
0 539
0 520
2 1024
0 213
0 192
1 1024
0 456
1 1024
1 1024
0 443
0 101
1 1024
1 1024
0 193
2 1024
0 355
0 281
1 1024
0 680
0 416
0 192
0 199
0 368
0 654
1 1024
0 907
0 194
0 923
0 597
0 165
0 237
0 334
1 1024
0 601
0 235
1 1024
0 714
0 308
0 97
0 260
0 302
0 310
1 1024
0 319
1 1024
0 195
1 1024
1 1024
0 194
0 928
1 1024
0 551
2 1024
0 593
0 332
0 920
1 1024
1 1024
1 1024
1 1024
0 204
1 1024
0 414
1 1024
0 448
2 1024
0 261
1 1024
0 271
0 314
0 236
0 1024
0 469
0 595
1 1024
0 127
0 319
0 260
1 1024
1 1024
0 252
0 559
0 519
0 602
0 262
0 359
3 1024
0 737
0 642
0 376
1 1024
1 1024
0 141
1 1024
0 189
0 227
1 1024
1 1024
1 1024
0 460
0 185
1 1024
2 1024
0 411
0 428
1 1024
0 359
0 884
1 1024
0 774
1 1024
0 789
1 1024
1 1024
0 164
0 224
0 318
2 1024
0 155
0 623
1 1024
0 330
0 299
0 231
1 1024
0 785
0 601
0 329
1 1024
1 1024
1 1024
0 886
1 1024
0 142
0 349
0 229
1 1024
1 1024
0 335
1 1024
0 237
0 273
0 230
0 173
0 186
0 397
0 350
0 340
0 807
0 333
2 1024
0 432
1 1024
0 378
0 294
0 238
0 441
1 1024
1 1024
2 1024
0 330
1 1024
1 1024
0 997
0 295
0 175
0 721
2 1024
1 1024
3 1024
1 1024
1 1024
0 535
0 367
1 1024
0 315
0 199
0 177
1 1024
0 390
0 226
0 294
1 1024
1 1024
1 1024
0 681
0 282
1 1024
1 1024
0 461
1 1024
0 326
3 1024
1 1024
1 1024
1 1024
0 730
0 227
0 258
0 336
0 626
0 348
0 380
1 1024
0 685
0 641
0 105
0 265
0 218
0 933
1 1024
1 1024
0 362
0 597
0 480
0 266
1 1024
0 270
1 1024
1 1024
0 319
0 405
0 553
1 1024
2 1024
1 1024
0 364
0 331
2 1024
0 568
1 1024
0 417
2 1024
0 100
1 1024
1 1024
0 761
0 742
0 289
1 1024
0 183
2 1024
0 161
2 1024
0 312
0 161
0 366
1 1024
0 489
0 132
0 415
0 866
1 1024
0 239
0 658
0 521
0 294
0 699
0 223
0 272
0 242
0 323
0 143
0 661
0 318
0 101
0 217
0 501
0 336
1 1024
0 215
0 311
0 254
1 1024
1 1024
0 472
1 1024
0 141
0 102
1 1024
0 210
1 1024
0 435
1 1024
0 512
0 217
0 320
0 407
1 1024
0 177
0 459
0 328
0 306
1 1024
2 1024
1 1024
0 680
0 466
1 1024
0 920
0 474
0 534
0 331
0 296
2 1024
0 186
0 377
1 1024
1 1024
0 166
0 326
0 406
0 386
0 279
0 352
0 754
0 171
0 229
0 231
0 472
1 1024
0 528
0 709
0 295
3 1024
0 310
0 382
0 109
0 582
1 1024
0 381
0 262
2 1024
0 588
0 241
0 185
1 1024
0 233
0 99
0 219
1 1024
1 1024
2 1024
1 1024
0 445
0 292
0 544
0 245
0 137
0 227
0 124
0 789
0 671
0 355
0 678
1 1024
0 169
0 218
0 153
0 836
0 365
0 567
0 483
1 1024
1 1024
0 257
0 667
0 494
0 270
0 900
2 1024
2 1024
0 626
1 1024
0 829
0 76
1 1024
0 197
1 1024
0 189
0 454
0 156
0 327
1 1024
0 174
0 537
0 512
0 323
0 145
0 513
0 224
0 279
0 122
0 313
0 299
0 238
0 378
2 1024
0 334
1 1024
1 1024
1 1024
0 174
0 348
0 130
0 180
0 172
0 734
1 1024
0 177
3 1024
0 686
0 432
0 286
1 1024
1 1024
0 244
0 390
0 1007
0 756
0 345
0 722
0 983
0 313
0 111
0 168
0 206
0 563
0 186
0 228
0 312
0 197
0 273
0 204
1 1024
0 270
0 313
1 1024
1 1024
0 340
0 374
0 372
1 1024
0 225
0 326
2 1024
1 1024
0 421
0 338
0 282
0 448
0 282
0 414
0 413
1 1024
1 1024
0 244
0 349
0 354
0 511
2 1024
0 398
0 154
1 1024
0 328
0 434
0 629
2 1024
1 1024
0 332
0 731
1 1024
0 569
0 406
3 1024
0 470
0 211
0 761
0 308
0 335
0 993
0 158
0 334
1 1024
0 54
1 1024
0 250
0 154
1 1024
0 441
0 928
0 158
1 1024
0 35
1 1024
0 599
0 631
0 207
0 287
0 332
2 1024
1 1024
0 315
1 1024
0 701
0 189
1 1024
1 1024
0 163
1 1024
1 1024
0 471
0 167
0 677
1 1024
1 1024
2 1024
0 319
0 436
0 109
1 1024
2 1024
1 1024
0 86
0 461
0 170
0 112
0 470
1 1024
0 197
0 205
0 436
1 1024
1 1024
0 685
0 296
0 328
0 224
0 847
0 203
1 1024
0 328
2 1024
2 1024
0 244
1 1024
0 296
0 462
0 96
1 1024
1 1024
0 216
0 167
0 271
1 1024
0 245
2 1024
1 1024
0 369
0 256
0 173
0 653
1 1024
0 1006
0 809
1 1024
0 776
0 447
0 339
0 61
0 297
0 295
0 849
0 270
0 214
0 199
0 161
1 1024
1 1024
0 550
0 497
0 205
0 142
0 132
0 202
0 476
0 630
1 1024
0 866
0 854
1 1024
1 1024
2 1024
0 267
0 63
1 1024
1 1024
0 424
0 629
1 1024
0 248
0 806
0 504
0 170
2 1024
0 514
0 250
0 185
0 1003
0 130
0 308
0 574
0 775
0 258
1 1024
0 446
1 1024
0 644
1 1024
0 784
0 474
0 207
0 482
0 464
0 199
0 189
0 632
0 802
0 174
1 1024
0 168
1 1024
0 402
0 939
1 1024
1 1024
1 1024
0 159
0 376
0 168
0 315
0 604
0 363
1 1024
1 1024
0 337
0 194
0 208
1 1024
2 1024
0 189
0 144
0 383
0 905
2 1024
0 162
0 238
1 1024
0 523
1 1024
1 1024
0 228
0 153
1 1024
0 671
0 228
0 323
2 1024
0 274
2 1024
0 542
0 186
0 111
0 431
0 268
0 125
1 1024
1 1024
0 269
0 682
3 1024
0 582
0 889
1 1024
0 395
0 375
0 106
1 1024
0 172
1 1024
0 881
0 348
0 268
1 1024
0 840
0 328
1 1024
0 682
0 196
2 1024
1 1024
1 1024
0 377
0 350
1 1024
0 943
2 1024
0 261
0 271
0 469
0 374
0 796
0 298
0 638
0 182
0 127
0 274
2 1024
0 503
0 299
0 249
1 1024
0 814
1 1024
0 761
0 534
1 1024
0 819
0 414
0 662
1 1024
0 183
0 1017
2 1024
0 281
0 992
0 888
0 353
1 1024
1 1024
0 202
0 488
0 884
0 528
0 238
0 528
0 64
0 175
1 1024
1 1024
0 798
0 262
0 354
0 627
0 160
0 881
0 713
0 198
0 187
1 1024
0 790
0 336
0 392
1 1024
0 800
0 78
0 124
0 345
0 167
0 261
0 177
0 374
0 475
1 1024
0 238
1 1024
0 283
0 193
0 239
0 208
0 231
0 234
1 1024
1 1024
1 1024
1 1024
0 366
2 1024
0 304
1 1024
0 132
0 774
3 1024
0 172
0 104
0 259
0 521
1 1024
0 481
0 321
0 690
0 265
0 388
0 370
2 1024
0 694
0 380
0 487
0 61
0 748
0 341
2 1024
0 263
1 1024
0 235
0 882
0 146
0 416
1 1024
0 419
1 1024
0 153
0 121
0 179
1 1024
0 202
0 180
0 254
1 1024
1 1024
0 436
0 606
1 1024
0 908
0 274
0 253
1 1024
0 786
0 517
0 125
0 133
0 877
0 146
0 351
0 353
0 359
0 423
0 392
0 211
0 252
0 510
2 1024
0 124
0 479
0 205
0 506
0 40
0 672
0 390
0 405
0 160
0 119
0 470
2 1024
0 381
0 208
0 295
0 199
1 1024
0 258
0 701
1 1024
3 1024
0 404
0 334
1 1024
2 1024
0 251
0 305
1 1024
0 115
1 1024
0 585
0 206
0 172
0 502
1 1024
2 1024
0 247
0 494
1 1024
1 1024
0 334
0 444
2 1024
0 210
0 293
1 1024
0 707
0 695
0 491
1 1024
0 118
1 1024
0 229
0 363
0 572
0 479
0 232
0 201
0 342
0 570
1 1024
0 366
0 417
1 1024
0 221
0 360
0 547
1 1024
0 271
0 100
0 212
0 584
0 238
1 1024
0 188
0 161
0 296
0 216
1 1024
0 730
0 723
0 721
0 507
0 101
0 852
0 184
0 231
0 491
1 1024
0 147
0 226
0 247
0 153
1 1024
0 236
0 218
1 1024
0 190
1 1024
2 1024
0 338
1 1024
0 235
0 213
0 373
1 1024
1 1024
1 1024
0 500
0 132
0 911
0 425
0 160
1 1024
0 316
0 1011
0 620
1 1024
1 1024
0 269
0 341
0 188
0 253
1 1024
0 706
0 444
0 278
0 789
0 265
0 619
0 867
0 473
0 682
0 135
0 558
0 148
1 1024
0 171
0 368
0 197
0 378
0 133
0 402
0 451
1 1024
0 450
1 1024
0 299
1 1024
1 1024
1 1024
1 1024
0 533
1 1024
1 1024
1 1024
0 674
0 257
0 179
0 185
0 161
0 838
0 446
1 1024
0 342
0 989
2 1024
0 327
0 446
0 977
0 209
0 388
1 1024
0 443
0 434
0 310
0 148
0 415
0 230
0 355
0 237
0 808
2 1024
0 442
0 459
1 1024
1 1024
2 1024
1 1024
0 564
1 1024
0 641
0 964
0 627
0 699
0 613
0 676
0 420
0 585
1 1024
0 556
0 173
0 410
0 223
1 1024
0 125
0 634
0 423
1 1024
0 679
2 1024
1 1024
0 619
0 328
0 199
0 125
1 1024
0 522
0 657
0 294
0 407
2 1024
0 933
0 917
0 397
0 744
2 1024
0 993
0 477
1 1024
0 228
0 372
1 1024
0 247
0 581
0 356
0 135
0 633
0 191
0 517
0 301
1 1024
1 1024
0 201
0 258
1 1024
0 208
0 346
1 1024
0 172
0 286
0 291
0 331
0 240
0 251
0 505
1 1024
0 326
0 471
0 626
0 176
1 1024
0 158
2 1024
0 537
0 367
0 335
0 910
0 179
0 115
0 818
1 1024
0 353
0 232
1 1024
0 1006
0 173
1 1024
0 294
0 886
0 351
1 1024
0 251
0 194
0 217
1 1024
0 377
0 135
0 343
1 1024
0 180
0 248
0 199
0 663
0 228
2 1024
0 263
0 312
0 429
0 277
1 1024
0 235
1 1024
0 602
0 103
1 1024
1 1024
0 132
1 1024
2 1024
0 471
0 127
0 516
1 1024
0 560
0 573
0 972
0 136
1 1024
0 183
0 177
1 1024
1 1024
0 318
0 317
0 190
0 607
0 180
0 1002
0 446
0 522
1 1024
0 694
0 107
0 498
1 1024
1 1024
2 1024
0 413
3 1024
1 1024
0 335
1 1024
0 88
0 415
0 400
0 312
0 278
0 236
1 1024
2 1024
1 1024
2 1024
1 1024
0 223
0 918
0 198
2 1024
0 305
0 240
1 1024
0 275
0 173
0 459
0 852
0 866
0 807
1 1024
0 523
1 1024
1 1024
0 286
0 153
0 434
1 1024
0 251
0 652
0 269
1 1024
0 631
0 429
2 1024
0 134
1 1024
0 330
1 1024
0 261
0 366
0 547
0 213
0 392
0 354
0 859
0 949
1 1024
0 429
0 422
0 172
0 560
2 1024
0 364
1 1024
0 210
0 200
0 789
2 1024
1 1024
0 85
0 494
0 213
0 334
0 279
0 364
1 1024
0 234
0 781
0 503
2 1024
0 780
0 95
0 233
1 1024
0 442
0 238
0 226
1 1024
0 183
1 1024
0 359
0 877
1 1024
0 346
0 272
3 1024
0 302
0 472
0 339
0 861
0 147
1 1024
2 1024
0 202
0 134
1 1024
0 338
1 1024
1 1024
0 299
0 154
0 279
0 196
1 1024
0 315
0 644
0 350
1 1024
0 949
0 381
0 214
0 463
0 458
2 1024
0 429
0 264
1 1024
1 1024
0 601
0 358
0 226
1 1024
1 1024
0 285
1 1024
0 202
0 333
0 430
0 328
0 166
1 1024
1 1024
0 824
0 280
0 609
0 514
1 1024
1 1024
0 393
0 892
0 388
0 293
0 215
2 1024
0 390
0 140
0 276
0 174
0 115
0 302
2 1024
0 331
0 413
0 355
0 224
0 863
0 683
0 531
0 276
0 365
0 211
3 1024
0 537
1 1024
0 647
0 239
0 113
0 291
0 410
0 200
1 1024
0 653
0 956
0 512
0 189
0 256
1 1024
0 174
0 720
1 1024
0 150
0 198
1 1024
0 631
0 301
0 345
1 1024
0 80
0 293
0 391
0 175
1 1024
1 1024
0 928
0 648
0 850
0 205
0 327
0 205
0 381
0 191
0 973
0 365
0 283
1 1024
0 752
1 1024
0 120
0 505
0 886
1 1024
0 130
0 145
0 342
0 324
1 1024
1 1024
0 584
1 1024
0 457
0 996
0 137
0 587
0 238
0 154
0 430
0 246
0 1005
0 372
1 1024
0 689
2 1024
0 823
2 1024
0 705
0 363
0 724
0 390
0 920
0 289
0 383
1 1024
0 294
1 1024
1 1024
0 286
0 245
1 1024
0 721
0 158
0 499
0 822
0 127
0 493
0 454
1 1024
0 346
0 341
1 1024
0 65
0 783
0 428
0 526
0 329
0 309
0 833
0 472
0 322
0 334
0 248
0 201
0 634
1 1024
0 196
0 160
1 1024
0 463
0 805
0 416
2 1024
0 364
1 1024
0 162
0 124
1 1024
0 389
0 168
0 146
0 483
0 313
2 1024
0 391
0 176
0 747
0 554
0 194
2 1024
0 885
0 484
0 330
1 1024
0 811
0 340
0 227
1 1024
0 298
0 143
1 1024
2 1024
0 59
1 1024
0 208
0 326
0 243
1 1024
1 1024
0 703
0 629
1 1024
0 195
2 1024
0 232
0 361
0 546
1 1024
0 263
0 262
0 573
1 1024
0 208
0 489
1 1024
0 171
0 482
0 360
1 1024
0 1006
0 202
0 917
1 1024
0 271
0 379
0 391
1 1024
0 119
0 570
1 1024
0 429
1 1024
0 267
0 284
0 306
0 123
1 1024
1 1024
1 1024
0 219
0 117
0 569
1 1024
0 525
0 247
0 188
0 87
0 379
1 1024
0 385
0 281
0 306
1 1024
0 344
0 320
0 179
0 815
0 413
0 352
0 210
0 207
0 230
0 245
0 268
0 257
0 450
0 311
1 1024
0 654
0 258
0 371
1 1024
1 1024
1 1024
0 414
0 280
0 826
1 1024
0 225
1 1024
1 1024
0 286
0 474
0 717
0 562
0 325
0 209
0 306
1 1024
0 711
0 359
0 580
0 348
0 184
0 634
0 312
0 227
1 1024
1 1024
0 504
0 133
0 125
0 953
1 1024
1 1024
0 320
0 505
0 250
0 684
0 195
0 501
0 536
0 147
0 760
0 95
1 1024
0 444
1 1024
1 1024
0 900
1 1024
0 770
0 363
0 988
0 204
0 490
1 1024
1 1024
0 259
0 406
1 1024
0 229
0 362
0 183
0 227
0 626
1 1024
2 1024
0 430
1 1024
0 222
1 1024
0 151
0 931
0 312
1 1024
1 1024
0 604
0 349
0 133
0 300
0 214
0 355
0 160
0 298
0 464
0 371
0 500
0 226
0 350
0 371
0 113
1 1024
1 1024
0 154
0 306
1 1024
0 234
1 1024
0 450
0 156
1 1024
1 1024
0 185
0 343
0 118
2 1024
0 245
0 383
0 116
1 1024
0 539
1 1024
0 312
1 1024
0 357
0 311
0 955
0 295
0 427
0 219
0 186
0 319
0 226
1 1024
0 312
0 151
0 326
1 1024
1 1024
0 755
0 161
0 425
0 131
2 1024
3 1024
0 202
0 326
0 214
1 1024
0 266
1 1024
0 917
0 231
2 1024
1 1024
0 161
0 525
0 551
0 360
1 1024
0 471
1 1024
0 758
0 295
1 1024
0 430
1 1024
0 476
0 154
0 140
0 498
0 262
3 1024
0 258
0 411
0 720
0 184
0 178
0 896
0 292
1 1024
0 706
0 499
0 306
0 461
2 1024
0 254
0 296
2 1024
2 1024
1 1024
0 185
0 225
0 126
0 158
0 497
1 1024
1 1024
0 765
0 892
0 140
0 868
2 1024
0 164
1 1024
0 671
0 379
0 67
0 624
0 340
0 250
0 732
0 407
0 472
0 371
0 723
2 1024
0 419
0 266
0 117
0 791
0 147
0 367
0 272
0 216
0 642
0 266
1 1024
0 274
1 1024
0 751
0 497
1 1024
0 355
1 1024
0 181
0 342
0 972
0 373
0 346
0 417
0 738
0 336
1 1024
0 306
0 203
0 285
0 336
0 153
0 649
0 498
0 190
0 161
0 259
0 97
0 561
0 180
0 473
1 1024
0 519
0 274
0 203
0 365
0 200
0 375
1 1024
1 1024
1 1024
0 800
0 98
0 229
3 1024
0 860
1 1024
0 661
1 1024
1 1024
1 1024
0 210
0 93
2 1024
0 200
1 1024
0 455
0 528
0 302
0 1000
0 283
0 572
0 261
1 1024
0 547
0 805
1 1024
1 1024
0 1019
0 160
1 1024
0 188
0 380
0 229
0 545
1 1024
0 448
0 322
0 259
0 182
1 1024
1 1024
1 1024
0 153
0 749
0 221
2 1024
0 236
1 1024
0 295
0 542
0 396
1 1024
2 1024
0 493
1 1024
0 907
0 391
0 851
1 1024
0 562
0 918
0 555
0 242
0 144
0 465
1 1024
0 139
0 359
0 580
0 256
1 1024
1 1024
2 1024
0 109
0 546
1 1024
1 1024
0 230
0 150
0 210
0 223
1 1024
0 155
1 1024
0 419
0 444
1 1024
0 225
0 299
0 155
0 601
1 1024
0 600
0 817
2 1024
0 127
1 1024
0 310
0 600
2 1024
0 429
0 547
0 350
0 213
0 664
0 451
1 1024
0 384
0 238
0 222
0 472
1 1024
0 51
1 1024
1 1024
1 1024
1 1024
0 333
0 606
0 342
0 296
0 253
0 250
0 814
0 868
0 235
0 857
0 281
1 1024
0 882
2 1024
1 1024
0 804
0 350
0 490
0 255
1 1024
0 261
0 727
0 151
1 1024
0 40
3 1024
1 1024
0 240
0 155
0 208
0 133
0 160
0 507
0 112
1 1024
2 1024
0 972
1 1024
0 245
0 123
0 167
0 145
1 1024
0 996
1 1024
0 265
0 226
0 311
0 623
0 209
0 266
0 189
0 317
1 1024
0 359
1 1024
0 407
1 1024
1 1024
0 341
1 1024
0 191
0 60
3 1024
0 238
0 204
0 228
1 1024
0 429
0 625
2 1024
1 1024
0 229
0 777
1 1024
1 1024
1 1024
1 1024
1 1024
0 172
1 1024
0 518
0 343
0 578
0 343
1 1024
3 1024
0 310
1 1024
1 1024
0 485
1 1024
0 604
1 1024
1 1024
0 343
0 555
0 212
0 173
1 1024
1 1024
0 892
0 762
1 1024
1 1024
1 1024
0 482
1 1024
0 208
0 203
0 554
0 289
1 1024
0 117
0 185
0 672
0 432
0 276
0 255
1 1024
0 574
0 304
1 1024
2 1024
0 490
1 1024
1 1024
1 1024
0 587
1 1024
0 297
0 923
1 1024
1 1024
0 532
0 229
1 1024
0 295
0 797
1 1024
0 203
0 405
0 539
0 591
0 138
0 192
1 1024
0 329
0 543
0 191
0 315
1 1024
2 1024
1 1024
0 313
0 180
0 190
0 443
0 879
1 1024
0 447
0 213
0 223
1 1024
0 397
1 1024
0 567
0 541
0 453
0 383
0 941
0 222
0 699
0 332
0 628
0 210
0 400
0 245
0 414
0 1020
0 319
0 369
0 676
0 317
0 990
1 1024
1 1024
0 205
0 284
0 835
0 322
0 266
0 720
0 312
0 441
0 418
0 631
1 1024
0 382
1 1024
0 303
0 234
1 1024
0 160
0 278
0 141
0 251
1 1024
0 462
0 305
0 157
0 598
0 564
0 228
0 319
0 168
0 177
0 149
0 217
0 468
1 1024
0 432
0 588
0 743
0 478
1 1024
0 310
0 215
0 741
0 349
0 375
0 682
0 301
0 310
2 1024
0 597
0 294
1 1024
0 203
0 328
1 1024
0 178
0 225
1 1024
0 899
0 351
0 463
1 1024
0 190
0 519
0 260
2 1024
0 307
0 358
1 1024
0 319
0 360
0 604
0 250
1 1024
0 142
2 1024
0 335
0 204
1 1024
0 209
1 1024
0 558
2 1024
2 1024
0 495
0 127
0 186
1 1024
0 133
0 196
0 641
2 1024
5 1024
1 1024
1 1024
1 1024
0 646
0 374
0 124
0 297
0 748
0 173
0 390
0 164
0 956
0 400
0 376
0 378
0 281
0 181
1 1024
1 1024
0 552
0 639
0 152
0 352
0 502
0 239
0 427
1 1024
1 1024
1 1024
0 152
0 349
0 132
0 64
0 177
0 262
0 434
1 1024
0 70
0 221
0 773
0 392
0 362
0 254
1 1024
1 1024
0 159
0 142
0 324
0 456
0 581
1 1024
0 951
1 1024
1 1024
0 84
0 87
0 672
0 373
0 171
0 129
0 341
0 381
1 1024
0 183
1 1024
0 429
0 142
2 1024
1 1024
0 644
0 816
0 387
1 1024
0 215
1 1024
0 162
0 616
0 505
3 1024
0 129
0 151
1 1024
0 396
0 232
0 145
1 1024
0 850
0 451
0 358
0 329
0 1007
0 58
0 194
0 408
1 1024
0 815
0 473
0 143
2 1024
1 1024
0 298
0 126
0 133
0 249
0 156
1 1024
2 1024
2 1024
0 507
1 1024
0 866
0 298
0 274
0 316
0 619
0 255
0 349
0 274
1 1024
1 1024
0 155
0 694
0 38
0 358
1 1024
1 1024
1 1024
0 302
0 116
1 1024
0 232
0 619
0 322
0 1015
0 363
1 1024
0 311
1 1024
0 343
0 580
0 386
0 248
0 338
0 282
0 489
0 130
1 1024
0 367
0 344
1 1024
0 471
0 288
1 1024
0 157
0 229
0 562
0 646
0 415
2 1024
0 385
1 1024
0 412
0 264
1 1024
1 1024
1 1024
0 370
0 230
0 263
1 1024
0 33
0 522
0 753
0 402
0 516
1 1024
0 321
1 1024
3 1024
0 894
0 219
1 1024
1 1024
0 398
0 301
0 285
0 367
1 1024
0 365
0 624
0 170
0 264
0 63
0 357
0 221
0 526
0 413
1 1024
1 1024
1 1024
0 142
0 525
0 285
0 680
0 742
0 239
0 455
0 500
0 165
0 492
0 335
1 1024
0 285
4 1024
1 1024
0 225
1 1024
0 462
1 1024
0 280
0 136
0 530
0 791
0 463
0 841
0 149
1 1024
1 1024
0 304
0 342
0 656
0 425
1 1024
0 211
2 1024
2 1024
0 339
2 1024
0 137
0 126
0 247
0 502
1 1024
0 245
1 1024
0 302
0 821
1 1024
0 615
0 363
0 170
0 551
0 208
0 580
3 1024
1 1024
0 1001
1 1024
1 1024
0 108
0 147
0 239
1 1024
2 1024
0 491
0 321
1 1024
1 1024
0 601
0 265
0 343
2 1024
0 401
0 275
0 290
0 290
0 459
1 1024
1 1024
2 1024
0 149
0 532
0 346
0 232
1 1024
0 1022
0 525
0 237
0 361
0 319
0 317
1 1024
0 177
1 1024
0 276
0 81
0 139
0 158
0 604
0 226
0 363
1 1024
0 148
0 122
3 1024
1 1024
0 704
1 1024
0 146
0 313
0 155
0 386
2 1024
2 1024
0 385
0 335
0 292
1 1024
1 1024
0 318
0 301
1 1024
0 246
1 1024
0 1024
4 1024
0 223
0 315
1 1024
0 378
0 546
0 260
0 261
0 196
1 1024
0 323
1 1024
0 346
0 344
2 1024
0 343
1 1024
0 484
1 1024
0 384
0 352
0 328
1 1024
0 527
0 595
1 1024
0 325
0 379
0 264
1 1024
0 175
1 1024
0 136
0 385
1 1024
1 1024
0 195
2 1024
0 640
1 1024
1 1024
1 1024
0 451
0 745
1 1024
0 185
2 1024
0 460
0 327
1 1024
0 339
1 1024
0 194
0 414
0 419
0 148
0 269
2 1024
0 250
1 1024
0 368
1 1024
0 301
0 160
0 534
1 1024
0 500
0 207
0 525
0 664
0 202
0 468
1 1024
1 1024
0 126
1 1024
1 1024
0 719
0 395
0 254
1 1024
0 252
0 310
2 1024
1 1024
0 160
1 1024
0 704
1 1024
0 154
0 487
0 275
1 1024
0 137
0 433
0 749
3 1024
0 258
0 379
0 104
0 339
0 667
0 309
1 1024
0 324
0 368
0 953
0 388
0 395
1 1024
0 947
0 358
0 390
0 316
0 162
0 211
0 198
0 270
1 1024
0 213
0 603
0 984
0 142
0 224
0 887
0 980
1 1024
3 1024
0 539
0 262
1 1024
3 1024
0 932
0 520
0 84
0 287
0 292
0 300
0 322
0 224
1 1024
0 215
0 368
0 795
0 423
0 244
0 956
0 92
0 163
0 303
0 279
0 209
1 1024
0 172
0 261
0 367
0 481
1 1024
0 531
0 832
1 1024
0 402
1 1024
0 689
0 629
1 1024
0 906
3 1024
0 359
0 309
1 1024
0 338
0 289
2 1024
0 800
0 185
0 381
0 248
1 1024
0 321
1 1024
1 1024
0 232
0 1008
1 1024
0 882
0 336
1 1024
0 313
0 216
0 740
0 283
0 555
1 1024
0 206
0 952
0 470
0 509
1 1024
1 1024
0 688
0 653
1 1024
0 224
0 203
1 1024
0 369
0 205
0 270
0 640
0 680
1 1024
1 1024
0 623
0 227
0 223
0 420
0 241
0 826
1 1024
1 1024
1 1024
0 240
0 308
0 439
0 713
1 1024
0 149
0 697
0 237
2 1024
0 338
0 388
