# SA for random K-SAT
# K = 3   N = 16384   M = 63488   seed = 2746489597
# alpha = 3.875000   nIter = 65536  Tmax = 0.200000
# 1:lowestUnsat  2:runTime
0 25056
0 25525
0 23355
0 25126
0 28485
0 23739
0 23803
0 24554
0 25619
0 23921
0 25690
0 22278
0 23001
0 23285
0 26646
0 23160
0 27968
0 24569
0 19716
0 23423
0 26276
0 24809
0 20524
0 25005
0 22992
0 26018
0 23921
0 23911
0 23986
0 25275
0 25187
0 24654
0 29704
0 24064
0 23308
0 27418
0 23323
0 21557
0 21138
0 23372
0 24511
0 26333
0 24861
0 32559
0 24929
0 22205
0 22303
0 24678
0 26487
0 25477
0 23982
0 24316
0 24977
0 26121
0 22174
0 23949
0 23474
0 24479
0 24583
0 24305
0 25083
0 24096
0 23617
0 20642
0 24167
0 22786
0 24503
0 23371
0 24355
0 27001
0 28141
0 24622
0 23888
0 23617
0 27810
0 23936
0 24164
0 22529
0 25796
0 25540
0 23019
0 26940
0 29795
0 22216
0 23445
0 22950
0 23533
0 21903
0 27425
0 24788
0 25326
0 24378
0 26320
0 25015
0 25171
0 27131
0 24697
0 25231
0 24049
0 31535
0 20532
0 23406
0 24100
0 22316
0 21821
0 28173
0 24055
0 26409
0 52697
0 25503
0 28594
0 27446
0 25110
0 24140
0 24700
0 25554
0 24437
0 25591
0 26759
0 24801
0 22666
0 23401
0 23680
0 21093
0 23277
0 25545
0 22515
0 24113
0 24816
0 22216
0 24776
0 24333
0 22772
0 24567
0 23833
0 23888
0 23384
0 23652
0 22930
0 24078
0 25999
0 23450
0 24151
0 23024
0 24284
0 24144
0 24374
0 23018
0 25459
0 23460
0 24356
0 25151
0 25086
0 24493
0 24471
0 24862
0 22773
0 23970
0 23212
0 23731
0 24561
0 23333
0 24639
0 25919
0 21676
0 25371
0 21997
0 25040
0 23700
0 29386
0 24130
0 23527
0 24969
0 24637
0 22617
0 24090
0 25239
0 27339
0 25349
0 24005
0 50389
0 24215
0 26977
0 25056
0 25627
0 22599
0 28565
0 24589
0 24235
0 23931
0 26839
0 23566
0 25615
0 27384
0 24840
0 21315
0 23851
0 25944
0 22155
0 23115
0 21065
0 24198
0 22764
0 22021
0 24343
0 24195
0 23558
0 24920
0 23732
0 23650
0 23634
0 28332
0 25996
0 27979
0 23020
0 24639
0 26129
0 24439
0 23625
0 25749
0 24188
0 23997
0 24283
0 22866
0 24658
0 22701
0 23904
0 27839
0 22868
0 22547
0 30521
0 19733
0 25599
0 25179
0 23763
0 26684
0 21749
0 24075
0 23385
0 20654
0 24511
0 25969
0 25876
0 24141
0 25604
0 24285
0 25280
0 22596
0 25598
0 24119
0 24701
0 24758
0 22813
0 24599
0 24748
0 23963
0 22944
0 23221
0 33722
0 26983
0 23307
0 25627
0 24456
0 31826
0 22246
0 23143
0 23935
0 26655
0 21641
0 22105
0 21515
0 22213
0 25530
0 25213
0 25147
0 25412
0 23973
0 26894
0 24877
0 25851
0 23417
0 23244
0 24739
0 24194
0 25638
0 24298
0 24448
0 25336
0 22710
0 24455
0 23979
0 23782
0 21736
0 26789
0 22995
0 27140
0 23596
0 23618
0 23418
0 23989
0 24260
0 26073
0 23205
0 25284
0 23269
0 24483
0 25780
0 28051
0 25044
0 26512
0 24368
0 24423
0 21110
0 21019
0 23245
0 26009
0 22995
0 22844
0 24864
0 21972
0 24600
0 23465
0 23915
0 24971
0 24813
0 23814
0 25936
0 25332
0 28833
0 26984
0 29734
0 22519
0 24662
0 24594
0 64858
0 25005
0 26684
0 24092
0 23315
0 23007
0 25975
0 24942
0 26652
0 23876
0 26056
0 24219
0 22857
0 21914
0 25116
0 25030
0 24798
0 25792
0 24012
0 25038
0 23472
0 24686
0 21346
0 23004
0 22064
0 33879
0 23849
0 25599
0 23605
0 25208
0 23419
0 26632
0 24605
0 21459
0 25031
0 24177
0 30215
0 26578
0 22795
0 24384
0 24533
0 24508
0 23914
0 25832
0 23391
0 25326
0 26102
0 27609
0 23431
0 25965
0 24000
0 24220
0 23421
0 23923
0 30221
0 24662
0 23201
0 23743
0 23165
0 24594
0 27776
0 24832
0 23450
0 25284
0 23002
0 24653
0 26969
0 24444
0 22221
0 22396
0 25001
0 22769
0 22935
0 25958
0 24539
0 24922
0 23255
0 29246
0 25468
0 23143
0 22976
0 25162
0 33699
0 24462
0 23546
0 24722
0 26072
0 23753
0 24922
0 26641
0 22474
0 24117
0 27473
0 22991
0 27376
0 25268
0 23359
0 27611
0 25914
0 23917
0 24853
0 26042
0 24766
0 24808
0 23542
0 27683
0 25470
0 23756
0 24302
0 24681
0 23027
0 24370
0 24441
0 24249
0 26216
0 21389
0 22836
0 24123
0 24717
0 24352
0 23344
0 22308
0 24416
0 23473
0 25027
0 24793
0 24209
0 21918
0 21457
0 22194
0 26637
0 24009
0 23784
0 22786
0 23645
0 24671
0 23835
0 26175
0 23287
0 24235
0 22477
0 25278
0 22722
0 24562
0 24701
0 23224
0 25169
0 31957
0 25372
0 23641
0 23919
0 23698
0 25512
0 24366
0 25318
0 25169
0 25489
0 22637
0 26468
0 23960
0 26182
0 29018
0 23441
0 24423
0 23425
0 25967
0 23651
0 24614
0 29859
0 24747
0 24621
0 26929
0 24114
0 25053
0 27139
0 25627
0 24750
0 23824
0 24980
0 23030
0 23480
0 26919
0 24910
0 23926
0 22648
0 25219
0 24027
0 29910
0 22687
0 27185
0 24572
0 23592
0 24723
0 23639
0 24466
0 27040
0 36708
0 24419
0 23303
0 23800
0 22142
0 24753
0 24431
0 24839
0 25143
0 24161
0 23176
0 25315
0 24169
0 20936
0 25861
0 26322
0 24074
0 22826
0 24564
0 25310
0 24595
0 22445
0 26335
0 24865
0 24121
0 28956
0 23542
0 25476
0 24840
0 22722
0 25585
0 27785
0 25260
0 24765
0 24162
0 25358
0 23574
0 23540
0 22248
0 25363
0 25284
0 23166
0 26687
0 23059
0 24472
0 26333
0 25198
0 24546
0 26924
0 22022
0 22494
0 24559
0 26038
0 25268
0 26021
0 24520
0 31381
0 25517
0 23232
0 25548
0 23350
0 22884
0 24845
0 23862
0 22751
0 26922
0 26580
0 23302
0 26589
0 23791
0 26311
0 23480
0 22750
0 22707
0 22515
0 24642
0 22399
0 24668
0 23695
0 23215
0 25106
0 23784
0 24381
0 23085
0 26252
0 22009
0 24345
0 21306
0 26741
0 24561
0 24998
0 21436
0 26002
0 25827
0 22638
0 25768
0 22775
0 21873
0 22152
0 21907
0 27986
0 24202
0 22320
0 24212
0 24894
0 26056
0 22478
0 23848
0 22771
0 24644
0 25496
0 25031
0 23580
0 24866
0 24902
0 22656
0 26278
0 25965
0 22641
0 23379
0 22325
0 25173
0 23027
0 23375
0 26581
0 29999
1 65536
0 24544
0 24078
0 22917
0 24138
0 27526
0 24904
0 23529
0 26530
0 24794
0 25438
0 23749
0 23674
0 24892
0 31693
0 23308
0 24548
0 23259
0 23281
0 23999
0 26173
0 23656
0 24043
0 23608
0 22679
0 22497
0 24468
0 25663
0 25598
0 23319
0 25332
0 24890
0 25709
0 21788
0 27096
0 23073
0 24354
0 23774
0 22778
0 23689
0 27511
0 25831
0 24237
0 24325
0 22835
0 22487
0 23454
0 25891
0 23766
0 22838
0 23678
0 23707
0 22377
0 23536
0 22514
0 21392
0 25333
0 23825
0 28097
0 25127
0 28718
0 22999
0 27464
0 23692
0 25079
0 22695
0 23881
0 24144
0 26368
0 23548
0 26109
0 23508
0 24973
0 26187
0 24780
0 24026
0 25518
0 24599
0 22883
0 29897
0 24290
0 22266
0 26261
0 24572
0 24256
0 35007
0 23399
0 25199
0 25179
0 25579
0 28622
0 24528
0 22384
0 23671
0 25987
0 23184
0 23174
0 23342
0 25866
0 24972
0 31168
0 22382
0 24144
0 24328
0 23153
0 31514
0 24145
0 24093
0 26404
0 24511
0 23461
0 23585
0 29396
0 23948
0 23220
0 24910
0 25841
0 23268
0 27164
0 25413
0 25588
0 26453
0 30560
0 26020
0 24312
0 25295
0 21640
0 23760
0 23240
0 24028
0 24802
0 21726
0 23843
0 20371
0 24224
0 26034
0 24872
0 23082
0 23121
0 24328
0 23468
0 19815
0 54536
0 35142
0 26184
0 22574
0 23955
0 24628
0 20893
0 21631
0 29333
0 28781
0 22823
0 24540
0 23064
0 29965
0 24353
0 28049
0 22700
0 24140
0 24000
0 24590
0 26386
0 23907
0 22539
0 25800
0 25575
0 24001
0 23566
0 23403
0 26050
0 25068
0 25245
0 24130
0 22377
0 23463
0 29952
0 24346
0 22390
0 33265
0 25675
0 23476
0 25116
0 21734
0 24278
0 21331
0 25373
0 24899
0 24177
0 26815
0 24659
0 23404
0 24212
0 26430
0 26156
0 25347
0 24876
0 28064
0 24506
0 24246
0 27346
0 24883
0 25306
0 23944
0 23942
0 22445
0 22162
0 27159
0 24301
0 21494
0 26196
0 24931
0 22866
0 21956
0 24170
0 23750
0 25276
0 28717
0 24021
0 29837
0 22156
0 22591
0 23647
0 23722
0 25146
0 24851
0 25779
0 27931
0 26265
0 21725
0 26553
0 24715
0 31207
0 25328
0 24427
0 25324
0 25175
0 23936
0 23778
0 24458
0 26965
0 23870
0 23822
0 25326
0 24267
0 24989
0 26151
0 24432
0 25931
0 31156
0 25908
0 24105
0 22816
0 26832
0 24061
0 23408
0 32419
0 24745
0 25531
0 23373
0 26439
0 24351
0 25091
0 21066
0 24590
0 24297
0 46152
0 25379
0 25658
0 24999
0 22455
0 23367
0 24317
0 22549
0 23064
0 24888
0 24694
0 23840
0 24121
0 23225
0 24433
0 24514
0 23864
0 24819
0 20389
0 23897
0 27275
0 24744
0 24885
0 26055
0 24985
0 26609
0 22987
0 29727
0 24207
0 26396
0 21826
0 26833
0 24422
0 22949
0 27583
0 23544
0 24128
0 23909
0 22116
0 24335
0 25252
0 24291
0 22503
0 26935
0 24346
0 25651
0 23594
0 24383
0 23000
0 24142
0 24978
0 23857
0 22716
0 24128
0 23245
0 27304
0 24380
0 25757
0 24334
0 24848
0 24552
0 23901
0 32606
0 26339
0 24825
0 41148
0 22520
0 25729
0 24939
0 22170
0 25242
0 24189
0 24780
0 23249
0 23708
0 27899
0 23980
0 20712
0 23808
0 25112
0 28139
0 28565
0 23881
0 22204
0 25321
0 23054
0 26754
0 27574
0 24220
0 24549
0 23035
0 23300
0 23448
0 22605
0 24224
0 24346
0 24378
0 25638
0 22625
0 25918
0 23443
0 24352
0 24245
0 23456
0 24131
0 25375
0 23594
0 24564
0 25976
0 24093
0 25529
0 23413
0 23565
0 23303
0 22436
0 23232
0 23421
0 26865
0 23562
0 23278
0 22114
0 25062
0 24793
0 24453
0 23855
0 26023
0 23052
0 23332
0 22578
0 25149
0 22432
0 23868
0 26646
0 30349
0 23645
0 24022
0 22889
0 22108
0 23662
0 23907
0 24777
0 20065
0 22703
0 25398
0 24971
0 24237
0 24931
0 24433
0 25633
0 24121
0 23467
0 22251
0 25248
0 40083
0 23639
0 23610
0 24509
0 25338
0 25408
0 23078
0 23542
0 21724
0 23820
0 24424
0 23296
0 22969
0 24094
0 25366
0 23277
0 24440
0 23796
0 22904
0 23682
0 21573
0 26610
0 44344
0 23035
0 29591
0 22941
0 21420
0 28925
0 26538
0 23793
0 23148
0 30022
0 21882
0 22856
0 24587
0 22225
0 27424
0 24672
0 23602
0 22577
0 23836
0 25818
0 24361
0 24786
0 30276
0 23695
0 25405
0 25260
0 24610
0 23478
0 22819
0 24231
0 24199
0 25412
0 24059
0 25703
0 25529
0 24251
0 26093
0 25906
0 24041
0 23273
0 24063
0 23169
0 24896
0 34702
0 25105
0 21986
0 24472
0 26505
0 23930
0 22943
0 23362
0 23159
0 24472
0 24178
0 22766
0 23670
0 22803
0 22156
0 23862
0 30892
0 24568
0 22470
0 23653
0 26460
0 23261
0 25783
0 22296
0 24312
0 23619
0 22463
0 23408
0 25254
0 25677
0 22707
0 22982
0 23683
0 26559
0 23251
0 23842
0 23220
0 26049
0 25156
0 23951
0 20682
0 23857
0 25010
0 24888
0 23375
0 23141
0 22627
0 22338
0 23894
0 26010
0 23615
0 22066
0 24520
0 24706
0 24860
0 23515
0 26274
0 25758
0 23172
0 22545
0 23975
0 25204
0 27709
0 25089
0 23999
0 22840
0 23955
0 23445
0 27581
0 24351
0 26441
0 25043
0 25256
0 40397
0 23125
0 23941
0 23812
0 26277
0 24902
0 24121
0 25983
0 24654
0 24204
0 23519
0 28171
0 22225
0 25943
0 23220
0 22835
0 26453
0 25151
0 22633
0 23028
0 23978
0 22491
0 23884
0 24258
0 23886
0 23745
0 21270
0 24808
0 23208
0 25783
0 24878
0 28206
0 20941
0 21735
0 23630
0 25153
0 23777
0 25284
0 23154
0 25831
0 28131
0 22698
0 23080
0 24262
0 28023
0 22138
0 25918
0 25091
0 23503
0 28753
0 23697
0 26237
0 25709
0 24567
0 22243
0 23490
0 26373
0 24892
0 22531
0 22371
0 23869
0 26895
0 27114
0 25852
0 25348
0 24253
0 23787
0 25107
0 23342
0 26563
0 25822
0 23747
0 24761
0 23950
0 28453
0 23240
0 23904
0 26345
0 23647
0 24353
0 22726
0 21379
0 24188
0 24726
0 28527
0 26710
0 27358
0 23386
0 24282
0 27013
0 25369
0 24057
0 23121
0 23184
0 25967
0 28358
0 23430
0 24147
0 23578
0 22678
0 24628
0 25692
0 23954
0 25950
0 24359
0 31289
0 26990
0 23684
0 25551
0 25097
0 23729
0 24852
0 22997
0 28372
0 25701
0 23894
0 25209
0 22663
0 25556
0 22826
0 24689
0 23310
0 24362
0 24089
0 24002
0 25850
0 26727
0 24111
0 23468
0 23717
0 23625
0 24460
0 21218
0 23064
0 23981
0 23725
0 24358
0 24487
0 25937
0 23726
0 22746
0 25532
0 23348
0 28467
0 32044
0 23253
0 22459
0 23922
0 27886
0 22499
0 22700
0 21337
0 21652
0 23204
0 25124
0 24158
0 25984
0 26950
0 25484
0 23367
0 25243
0 22570
0 22029
0 22752
0 24269
0 24150
0 24388
0 23962
0 25218
0 22231
0 26350
0 26547
0 23136
0 22805
0 24968
0 25184
0 23534
0 25264
0 25666
0 23338
0 25023
0 23044
0 21220
0 21097
0 24635
0 24912
0 22651
0 22770
0 22468
0 24253
0 22654
0 24082
0 29853
0 22898
0 24169
0 25903
0 21713
0 26300
0 22532
0 23743
0 27381
0 24009
0 23503
0 51746
0 33150
0 23102
0 27266
0 24446
0 23113
0 25142
0 23776
0 24364
0 31103
0 25556
0 23574
0 26237
0 23880
0 23569
0 23696
0 26070
0 26429
0 25323
0 25292
0 24377
0 23987
0 23269
0 23355
0 25588
0 26118
0 24712
0 22410
0 22073
0 20851
0 22727
0 20693
0 28035
0 21047
0 25251
0 23874
0 23588
0 22320
0 26497
0 24348
0 26302
0 23774
0 24740
0 25057
0 22879
0 23763
0 23903
0 31689
0 23402
0 23952
0 28051
0 23436
0 23694
0 24091
0 26134
0 24292
0 22951
0 25234
0 25596
0 24474
0 23224
0 21557
0 24382
0 23769
0 24877
0 24073
0 24304
0 22719
0 25071
0 22149
0 23888
0 24592
0 25380
0 47613
0 23299
0 23921
0 20889
0 30053
0 25976
0 23854
0 25167
0 23414
0 25451
0 24497
0 23801
0 23062
0 23529
0 25145
0 32848
0 24658
0 27464
0 24464
0 24929
0 21967
0 23738
0 23176
0 22565
0 25250
0 30012
0 25119
0 27790
0 23677
0 23159
0 23412
0 20947
0 27817
0 22990
0 28136
0 23251
0 26030
0 22425
0 24575
0 26990
0 22553
0 25918
0 25624
0 23734
0 25952
0 24951
0 23630
0 24470
0 41105
0 23410
0 21651
0 22267
0 22057
0 27393
0 27804
0 23536
0 21860
0 25106
0 25933
0 24968
0 24342
0 23759
0 24083
0 26370
0 25951
0 31427
0 23290
0 22361
0 25503
0 25205
0 22560
0 22664
0 25756
0 24621
0 24580
0 24806
0 23295
0 24221
0 24758
0 24590
0 23614
0 23693
0 26598
0 23578
0 23276
0 25747
0 27863
0 23301
0 23356
0 23300
0 28203
0 25338
0 23776
0 22384
0 24354
0 24914
0 23283
0 24739
0 26976
0 25314
0 23995
0 23205
0 24416
0 24357
0 24397
0 22691
0 25540
0 23848
0 26212
0 24710
0 28162
0 25657
0 23332
0 24502
0 25829
0 28811
0 29082
0 25834
0 23236
0 21955
0 24211
0 28391
0 24509
0 23669
0 26926
0 24989
0 24826
0 25326
0 22667
0 24137
0 23318
0 23856
0 23086
0 23098
0 24527
0 23973
0 25016
0 26394
0 26866
0 21666
0 26647
0 23949
0 22078
0 23717
0 24036
0 24885
0 22477
0 24638
0 25626
0 26065
0 23098
0 25161
0 28072
0 25146
0 23118
0 39487
0 25929
0 24753
0 22306
0 22486
0 22747
0 23150
0 24558
0 23063
0 23163
0 23916
0 26804
0 27526
0 21800
0 23154
0 24595
0 25697
0 25460
0 21031
0 25804
0 26296
0 23724
0 24130
0 25071
0 38430
0 22360
0 22015
0 34028
0 24794
0 22297
0 23066
0 26065
0 23935
0 24815
0 23501
0 24387
0 23901
0 23678
0 25070
0 24143
0 21762
0 22908
0 22061
0 24059
0 26361
0 24437
0 23809
0 24083
0 23303
0 24228
0 24514
0 23366
0 26049
0 23005
0 22995
0 25319
0 23364
0 24976
0 22832
0 23388
0 22438
0 21638
0 24420
0 21930
0 23790
0 24352
0 23139
0 25133
0 23930
0 25221
0 25781
0 23534
0 22204
0 21920
0 25532
0 25747
0 23253
0 20737
0 24479
0 22512
0 23092
0 26522
0 23191
0 22623
0 26783
1 65536
0 23244
0 23905
0 23678
0 21355
0 27187
0 24611
0 21632
0 24982
0 23671
0 21032
0 24705
0 25452
0 24366
0 23028
0 22376
0 24505
0 27032
0 23948
0 22344
0 24122
0 21838
0 21894
0 24166
0 25381
0 22728
0 23732
0 24235
0 24367
0 24150
0 24583
0 23884
0 25220
0 21151
0 28410
0 20625
0 24615
0 24369
0 23656
0 22465
0 24842
0 24235
0 26335
0 24621
0 24171
0 22914
0 24440
0 23659
0 24213
0 23291
0 23052
0 24479
0 27215
0 27262
0 26469
0 25141
0 24237
0 24784
0 25649
0 23534
0 23506
0 23288
0 23153
0 22854
0 23946
0 25071
0 26452
0 23275
0 26399
0 23564
0 25430
0 26441
0 25966
0 24090
0 22806
0 23359
0 23804
0 23915
0 21946
0 24588
0 25013
0 22433
0 25412
0 25626
0 23691
0 24156
0 22620
0 24153
0 24763
0 26592
0 23265
0 23437
0 20834
0 23730
0 23058
0 23869
0 22780
0 26461
0 22535
0 24600
0 28655
0 24249
0 23626
0 23589
0 23398
0 25391
0 26170
0 22836
0 24976
0 27092
0 26617
0 22826
0 25750
0 24922
0 26683
0 29021
0 23524
0 22780
0 22537
0 23338
0 22904
0 22955
0 24155
0 24969
0 22998
0 24101
0 23541
0 26578
0 25360
0 24026
0 26001
0 21227
0 27744
0 24009
0 22344
0 24213
0 25065
0 22976
0 23692
0 22065
0 23978
0 24974
0 22415
0 24986
0 25188
0 25252
0 24265
0 23987
0 21931
0 24945
0 22823
0 22332
0 25620
0 25019
0 24026
0 21947
0 24933
0 34942
0 23724
0 24714
0 23427
0 26858
0 33144
0 25021
0 23937
0 25508
0 23092
0 23824
0 23525
0 23288
0 25065
0 26721
0 25269
0 27604
0 22859
0 23886
0 25113
0 23236
0 27462
0 25886
0 22173
0 24188
0 23226
0 22829
0 24176
0 24291
0 24159
0 24580
0 26473
0 24416
0 24476
0 22718
0 23508
0 24364
0 28367
0 24695
0 24477
0 23125
0 21683
0 23735
0 37241
0 24789
0 23839
0 22964
0 22386
0 24650
0 25152
0 23788
0 24801
0 23115
0 22617
0 24037
0 25739
0 21498
0 24106
0 22545
0 25160
0 23880
0 22962
0 32079
0 21484
0 23433
0 23916
0 23950
0 22983
0 25126
0 25745
0 23395
0 26223
0 23524
0 39093
0 22762
0 22903
0 23235
0 23239
0 25572
0 21835
0 24486
0 22451
0 25149
0 24214
0 24507
0 26019
0 23887
0 25249
0 22996
0 24798
0 21214
0 24884
0 24728
0 27460
0 26158
0 24672
0 21144
0 23087
0 24236
0 23234
0 23713
0 28120
0 25186
0 24134
0 24173
0 26140
0 23673
0 22323
0 27238
0 24864
0 22990
0 22424
0 21591
0 25744
0 23896
0 25925
0 23032
0 23961
0 24476
0 23147
0 27246
0 23525
0 22567
0 24839
0 24940
0 25228
0 21357
0 25373
0 24366
0 24798
0 25291
0 24332
0 25959
0 23160
0 23089
0 22295
0 24044
0 23657
0 26496
0 23198
0 24372
0 24837
0 22194
0 24111
0 24804
0 24462
0 20285
0 23408
0 24367
0 23864
0 25858
0 24158
0 23563
0 24235
0 26323
0 22311
0 22970
0 24368
0 23953
0 23548
0 24045
0 22786
0 23054
0 23444
0 23699
0 22726
0 25429
0 22780
0 25175
0 23226
0 23175
0 24324
0 25598
0 26841
0 23484
0 25379
0 24624
0 24575
0 25294
0 24681
0 23261
0 25067
0 22420
0 24354
0 23305
0 22257
0 25574
0 23301
0 26382
0 22923
0 26458
0 21893
0 20685
0 24531
0 23731
0 23742
0 24131
0 21991
0 25108
0 22943
0 26534
0 32251
0 23552
0 23077
0 23509
0 23855
0 24307
0 24577
0 21184
0 25261
0 21361
0 24246
0 23978
0 22235
0 24199
0 24640
0 27904
0 24772
0 21946
0 27005
0 27440
0 31773
0 22945
0 26463
0 26045
0 21478
0 28258
0 22404
0 24036
0 23904
0 24573
0 21589
0 25169
0 23567
0 23263
0 21824
0 23756
0 24856
0 24660
0 27023
0 23910
0 23215
0 21758
0 22155
0 24901
0 29945
0 24261
0 22876
0 24628
0 25269
0 25199
0 23209
0 24521
0 26159
0 24417
0 25482
0 24597
1 65536
0 24486
0 25180
0 26267
0 24939
0 25192
0 23692
0 24345
0 24194
0 28199
0 24513
0 25069
0 22933
0 25513
0 24122
0 22777
0 27524
0 30138
0 25690
0 24852
0 24892
0 23473
0 23001
0 23954
0 22082
0 22019
0 29624
0 24396
0 26470
0 22045
0 27547
0 25236
0 24304
0 24895
0 25591
0 24243
0 23505
0 23230
0 22920
0 23576
0 24172
0 22687
0 26219
0 25761
0 21833
0 24344
0 25532
0 25991
0 22484
0 24790
0 25532
0 24449
0 21721
0 25348
0 27639
0 25089
0 23015
0 24056
0 21848
0 22137
0 25362
0 27256
0 25530
0 26166
0 25399
0 22884
0 28361
0 24276
0 30750
0 23797
0 23079
0 26597
0 25143
0 23136
0 22636
0 23363
0 22169
0 22959
0 28321
0 26080
0 24257
0 24966
0 24374
0 25736
0 24383
0 24794
0 25945
0 25008
0 24089
0 27191
0 26724
0 25570
0 24463
0 22527
0 25333
0 24731
0 57377
0 22380
0 25160
0 27118
0 24182
0 26749
0 24632
0 26991
0 19831
0 24489
0 19527
0 22779
0 22862
0 22424
0 22193
0 23714
0 25353
0 24958
0 24432
0 23966
0 24320
0 24873
0 26731
0 23707
0 24022
0 23485
0 25428
0 36177
0 24960
0 23698
0 24081
0 25643
0 23652
0 24008
0 23441
0 25224
0 24215
0 24083
0 25031
0 26284
0 22381
0 23771
0 26323
0 24243
0 24405
0 23116
0 23941
0 24527
0 23090
0 23803
0 23871
0 24459
0 21168
0 25997
0 25087
0 24140
0 23723
0 23840
0 23862
0 23631
0 26124
0 23249
0 25238
0 21412
0 28324
0 22661
0 23864
0 22409
0 25180
0 24149
0 23854
0 23625
0 24568
0 26056
0 20155
0 26474
0 23407
0 25648
0 26725
0 26135
0 23383
0 26240
0 25689
0 26019
0 22552
0 24459
0 25709
0 27390
0 22547
0 25252
0 25226
0 26370
0 29115
0 24904
0 26935
0 23038
0 23058
0 36054
0 25738
0 23135
0 23090
0 27499
0 23640
0 28839
0 28313
0 24249
0 23050
0 23060
0 40717
0 27945
0 21965
0 25199
0 23036
0 23899
0 24885
0 26298
0 23077
0 24639
0 21083
0 24701
0 23744
0 23035
0 33295
0 33168
0 25008
0 25146
0 28054
0 24679
0 29342
0 22421
0 25015
0 24277
0 22830
0 26190
0 24143
0 24642
0 27514
0 23927
0 23802
0 24633
0 22846
0 25305
0 24229
0 28065
0 24017
0 24278
0 23012
0 22085
0 23512
0 27474
0 26747
0 23271
0 23156
0 25046
0 21591
0 24559
0 25684
0 22978
0 26215
0 24762
0 26684
0 21737
0 23922
0 23765
0 24477
0 25838
0 25036
0 28443
0 28676
0 25893
0 25221
0 27421
0 26064
0 24802
0 25981
0 21611
0 23923
0 23007
0 25857
0 23848
0 22183
0 22788
0 28679
0 24332
0 24991
0 22942
0 22575
0 22542
0 23702
0 23784
0 27019
0 25759
0 23578
0 24366
0 24561
0 26417
0 22900
0 23808
0 25121
0 27304
0 24915
0 26109
0 21999
0 24485
0 23117
0 24168
0 35437
0 22766
0 23981
0 24338
0 23488
0 21423
0 20692
0 26094
0 27380
0 24072
0 27083
0 25962
0 25633
0 28847
0 22894
0 23768
0 23157
0 23046
0 22365
0 24261
0 24843
0 24153
0 25144
0 22830
0 23463
0 24195
0 23637
0 24571
0 21526
0 32627
0 23252
0 28175
0 24037
0 24103
0 24207
0 24035
0 25125
0 27436
0 27331
0 23772
0 22360
0 22618
0 22556
0 25258
0 23568
0 24400
0 23019
0 21517
0 25318
0 27743
0 20576
0 22458
0 21503
0 22840
0 25061
0 24817
0 23620
0 27599
0 26439
0 22935
0 28932
0 27009
0 25524
0 30460
0 23946
0 21925
0 23666
0 25098
0 25761
0 24568
0 24370
0 24786
0 23249
0 21761
0 22797
0 24815
0 23836
0 23764
0 23051
0 22086
0 25461
0 22520
0 25989
0 22131
0 27584
0 25087
0 22489
0 23400
0 25021
0 23218
0 24510
0 23864
0 23709
0 24586
0 23058
0 25069
0 22798
0 26847
0 23769
0 23920
0 33518
0 23221
0 24452
0 27566
0 24635
0 23821
0 23209
0 23048
0 24095
0 25527
0 25957
0 22893
0 24993
0 27285
0 25315
0 23422
0 25781
0 22042
0 22859
0 21696
0 24062
0 23996
0 21666
0 25223
0 23525
0 21897
0 24760
0 27904
0 24118
0 25242
0 27405
0 23945
0 23496
0 24429
0 23746
0 25914
0 23732
0 20478
0 23355
0 24691
0 23736
0 22372
0 23178
0 21214
0 23657
0 25474
0 24356
0 22781
0 23091
0 20938
0 24251
0 24185
0 21044
0 28091
0 25661
0 25628
0 24073
0 23485
0 24576
0 24403
0 24054
0 24777
0 23320
0 23304
0 26148
0 24529
0 24030
0 23380
0 25285
0 24933
0 26806
0 26237
0 23528
0 24736
0 26608
0 24280
0 30383
0 24322
0 23640
0 23909
0 25708
0 21215
0 24380
0 24008
0 24345
0 24682
0 26977
0 24294
0 22139
0 23722
0 23433
0 21878
0 22264
0 22740
0 26416
0 23893
0 22712
0 24543
0 32298
0 25261
0 24174
0 24500
0 25107
0 23420
0 22681
0 27468
0 24392
0 25171
0 24364
0 23065
0 22137
0 22588
0 23287
0 28152
0 25462
0 22080
0 26390
0 22085
0 24411
0 36260
0 23630
0 26154
0 23080
0 24783
0 23171
0 26674
0 24073
0 28081
0 31349
0 22082
0 24975
0 23756
0 31172
0 24422
0 25014
0 25974
0 23384
0 24746
0 25636
0 25048
0 34006
0 20889
0 25167
0 21638
0 23907
0 23997
0 25746
0 21842
0 23085
0 28211
0 22628
0 22063
0 21886
0 24380
0 24936
0 23786
0 26247
0 24980
0 25433
0 25176
0 27151
0 23742
0 27359
0 23641
0 24154
0 26719
0 23519
0 19753
0 26201
0 24875
0 24872
0 23909
0 26644
0 24869
0 21892
0 24557
0 24361
0 24767
0 25130
0 24383
0 23958
0 22643
0 24815
0 22897
0 25078
0 21700
0 23780
0 20568
0 23039
0 25384
0 23772
0 24681
0 38464
0 24290
0 23768
0 23006
0 25010
0 24439
0 23443
0 23649
0 22369
0 25105
0 24070
0 23888
0 24061
0 24923
0 23446
0 25696
0 22939
0 27148
0 24097
0 25465
0 24167
0 23760
0 23786
0 26218
0 24673
0 23270
0 24130
0 23406
0 25180
0 24102
0 24928
0 26401
0 24859
0 24279
0 27101
0 23345
0 24602
0 26315
0 23862
0 24083
0 23574
0 24884
0 22199
0 48490
0 23343
0 23242
0 22393
0 23687
0 25485
0 23414
0 23112
0 23947
0 22926
0 23958
0 23344
0 25739
0 22721
0 30473
0 23364
0 22432
0 24368
0 25943
0 23929
0 28851
0 22974
0 23341
0 23287
0 23498
0 25501
0 24159
0 23409
0 24722
0 29232
0 22725
0 23809
0 24132
0 24712
0 23710
0 24983
0 21585
0 24320
0 29876
0 22716
0 26222
0 27910
0 25967
0 26569
0 24815
0 21464
0 22982
0 23549
0 24408
0 25246
0 24480
0 27520
0 23475
0 24938
0 24989
0 23674
0 24716
0 24775
0 24399
0 26277
0 22893
0 25657
0 24431
0 24190
0 29854
0 24530
0 24880
0 22998
0 28589
0 23770
0 24220
0 23718
0 24563
0 23244
0 22449
0 23110
0 22927
0 23697
0 24540
0 22436
0 27188
0 22147
0 23002
0 21438
0 31725
0 30414
0 21716
0 26430
0 26119
0 22112
0 24574
0 24918
0 25435
0 19556
0 23815
0 24104
0 22219
0 23900
0 22284
0 22875
0 23082
0 23825
0 26811
0 23339
0 24426
0 25419
0 23149
0 21205
0 23559
0 22449
0 25859
0 23200
0 24189
0 25693
0 24682
0 23963
0 23522
0 24017
0 23760
0 26941
0 24564
0 25029
0 27450
0 24114
0 23031
0 23693
0 25777
0 24070
0 22842
0 22815
0 25824
0 24245
0 24814
0 31488
0 21021
0 21751
0 23047
0 25894
0 24345
0 23852
0 27728
0 22705
0 27148
0 24287
0 22886
0 22736
0 22049
0 22058
0 28983
0 23970
0 24895
0 28121
0 24706
0 22730
0 24790
0 22958
0 22831
0 23544
0 27912
0 23109
0 23606
0 26323
0 22481
0 24166
0 24607
0 22971
0 34002
0 21664
0 28023
0 24216
0 23064
0 25571
0 27412
0 25648
0 25059
0 23867
0 25640
0 25129
0 26827
0 23841
0 24204
0 23409
0 24580
0 23353
0 22537
0 25960
0 23952
0 25385
0 23638
0 25588
0 23398
0 26557
0 23400
0 23435
0 23656
0 30269
0 26921
0 22692
0 24000
0 22848
0 22235
0 23404
0 23042
0 24044
0 23974
0 24095
0 22286
0 23590
0 30275
0 23275
0 23305
0 23618
0 24969
0 21914
0 20973
0 23973
0 22622
0 23901
0 25369
0 23326
0 21421
0 23774
0 27443
0 24861
0 27077
0 24325
0 23279
0 25141
0 27131
0 23526
0 32864
0 29287
0 25493
0 23824
0 25797
0 25956
0 25419
0 22484
0 24620
0 22863
0 25951
0 25383
0 26530
0 24046
0 23188
0 23972
0 26029
0 20869
0 23150
0 24765
0 24772
0 25726
0 26572
0 27531
0 24842
0 24690
0 21523
0 25074
0 26032
0 24993
0 24992
0 24978
0 22174
0 23530
0 29858
0 24262
0 27248
0 25100
0 23837
0 23682
0 22549
0 24602
0 25438
0 26949
0 24318
0 23907
0 23931
0 24305
0 22195
0 28337
0 19148
0 24171
0 25374
0 24303
0 24989
0 24663
0 25900
0 23398
0 23405
0 23624
0 23314
0 33931
0 25067
0 23838
0 24502
0 26244
0 38111
0 20925
0 21890
0 24829
0 22741
0 24829
0 22709
0 23301
0 22156
0 26144
0 22475
0 25902
0 25039
0 23660
0 25398
0 23888
0 23153
0 25342
0 23849
0 39474
0 27580
0 24371
0 23084
0 23272
0 25414
0 26343
0 25582
0 23161
0 24444
0 23423
0 23431
0 23142
0 24812
0 24868
0 24975
0 24571
0 25971
0 26033
0 23257
0 24544
0 22956
0 26350
0 23294
0 22282
0 24947
0 25071
0 22903
0 23267
0 23815
0 27004
0 25163
0 25807
0 25432
0 24637
0 25894
0 24399
0 26148
0 21791
0 22946
0 27619
0 23992
0 26277
0 25237
0 25660
0 24357
0 23314
0 23731
0 23482
0 25466
0 23884
0 23773
0 21767
0 24319
0 23329
0 22605
0 23754
0 22774
0 26274
0 26328
0 24615
0 33296
0 56579
0 26260
0 26432
0 26467
0 21239
0 26476
0 24259
0 24013
0 24261
0 24316
0 26046
0 26519
0 24936
0 23864
0 25181
0 23465
0 21811
0 25799
0 26292
0 21742
0 23096
0 22513
0 25397
0 23787
0 24726
0 25168
0 24403
0 23698
0 22609
0 23902
0 22648
0 24059
0 26412
0 30485
0 25721
0 22286
0 20387
0 28895
0 25339
0 20809
0 24682
0 25678
0 24988
0 22130
0 22875
0 28421
0 22088
0 21973
0 21891
0 22523
0 23552
0 24666
0 26255
0 23962
0 23897
0 25056
0 22502
0 25276
0 28236
0 24657
0 25520
0 25707
0 22769
0 24651
0 24354
0 25193
0 24810
0 23671
0 24546
0 24724
0 24549
0 24362
0 22413
0 23415
0 25022
0 24854
0 23807
0 24674
0 24819
0 22039
0 23283
0 24128
0 22742
0 23171
0 24908
0 22664
0 24216
0 24596
0 24142
0 25230
0 24811
0 20988
0 22876
0 22989
0 24689
0 25931
0 24417
0 24665
0 23076
0 22537
0 22926
0 23012
0 21784
0 24443
0 23675
0 21357
0 25339
0 23585
0 24333
0 25627
0 24611
0 24464
0 23638
0 22487
0 26206
0 31967
0 22986
0 24636
0 24143
0 26080
0 24552
0 25731
0 23157
0 22571
0 23986
0 22963
0 25159
0 24683
0 25074
0 23993
0 24035
0 23848
0 25003
0 22900
0 28337
0 24979
0 23600
0 22986
0 25173
0 23521
0 25517
0 23214
0 25318
0 23235
0 25289
0 23649
0 21696
0 27242
0 24298
0 23306
0 22668
0 23540
0 22811
0 23662
0 23045
0 21951
0 22589
0 23636
0 24632
0 24462
0 23179
0 25872
0 23073
0 24366
0 23917
0 22356
0 24823
0 25542
0 23571
0 24004
0 23545
0 28040
0 24656
0 24653
0 22575
0 24201
0 23952
0 28326
0 24495
0 24566
0 23598
0 23581
0 24523
0 28081
0 21741
0 23895
0 24933
0 25517
0 24259
0 23111
0 23590
0 22539
0 21784
0 22946
0 23329
0 28763
0 23186
0 22144
0 24619
0 22546
0 25611
0 21437
0 25025
0 24490
0 26391
0 24319
0 23537
0 24669
0 24412
0 25079
0 24276
0 22953
0 23018
0 22822
0 25072
0 23409
0 24685
0 26718
0 23843
0 23782
0 25997
0 25217
0 24633
0 23504
0 25937
0 22677
0 26736
0 24538
0 23745
0 29334
0 25294
0 22180
0 25297
0 23841
0 26161
0 24029
0 24083
0 25617
0 24529
0 25449
0 26652
0 24246
0 25227
0 24579
0 25525
0 24587
0 25994
0 24395
0 24271
0 22695
0 28239
0 23238
0 23999
0 22771
0 23222
0 24256
0 22710
0 26984
0 22830
0 24742
0 25441
0 24787
0 23875
0 23494
0 23319
0 23346
0 23962
0 24740
0 25267
0 22895
0 23531
0 23055
0 22695
0 23801
0 22712
0 23721
0 21718
0 25000
0 26808
0 23428
0 22975
0 23322
0 28832
0 25775
0 23763
0 24502
0 24570
0 23468
0 25339
0 23891
0 21142
0 22858
0 25120
0 23573
0 22766
0 24874
0 26205
0 23262
0 25850
0 26868
0 25760
0 24070
0 29838
0 23506
0 22818
0 27205
0 25758
0 27088
0 22110
0 22738
0 27369
0 22975
0 24720
0 23530
0 30647
0 23584
0 18726
0 22925
0 24849
0 24006
0 24192
0 25121
0 24001
0 23345
0 21320
0 24721
0 25110
0 25760
0 21537
0 23857
0 20897
0 24599
0 22558
0 19283
0 24114
0 24022
0 24688
0 24675
0 22855
0 28259
0 26719
0 25630
0 25535
0 24345
0 25128
0 29559
0 25096
0 21921
0 24293
0 26298
0 27590
0 25381
0 24223
0 24558
0 26575
0 25670
0 24744
0 24284
0 24584
0 22578
0 22582
0 20895
0 27789
0 23336
0 23990
0 24662
0 25302
0 22912
0 26211
0 23243
0 25621
0 23603
0 23933
0 22558
0 26133
0 24515
0 23220
0 25307
0 23719
0 23655
0 23840
0 22858
0 24699
0 23085
0 25625
0 23399
0 26818
0 25780
0 23214
0 23937
0 26354
0 22716
0 23679
0 23211
0 25437
0 24087
0 26270
0 23982
0 24099
0 23366
0 26451
0 23715
0 23198
0 24932
0 22434
0 23476
0 22735
0 27545
0 29650
0 22439
0 30217
0 28096
0 24873
0 24588
0 24681
0 21657
0 22113
0 24467
0 22174
0 23775
0 23840
0 27011
0 26040
0 23575
0 23481
0 24904
0 20010
0 21181
0 24598
0 25830
0 22989
0 25665
0 23820
0 24710
0 24099
0 24223
0 22640
0 24876
0 25519
0 23426
0 23224
0 24609
0 25348
0 22705
0 24198
0 23877
0 24089
0 24106
0 24778
0 22020
0 24255
0 25235
0 29410
0 24586
0 22048
0 24184
0 23861
0 23930
0 26354
0 36008
0 24468
0 23767
0 22212
0 24131
0 24724
0 22800
0 25580
0 27388
0 26626
0 23033
0 23892
0 28684
0 24188
0 22942
0 22763
0 24199
0 24149
0 24246
0 25296
0 21849
0 25891
0 24142
0 25121
0 25352
0 25004
0 23573
0 23252
0 23323
0 23735
0 24878
0 24660
0 25584
0 22065
0 24631
0 25943
0 22223
0 24271
0 22672
0 23743
0 24475
0 24148
0 23022
0 24736
0 25284
0 26710
0 29869
0 24285
0 25510
0 23939
0 24820
0 25082
0 22853
0 25110
0 23975
0 24240
0 23418
0 22841
0 24975
0 23519
0 24674
0 22939
0 25500
0 26670
0 30932
0 24893
0 24008
0 29986
0 26567
0 25350
0 23242
0 22474
0 22848
0 24264
0 24306
0 23583
0 22417
0 21845
0 22086
0 22794
0 24211
0 20662
0 23403
0 27960
0 24086
0 24772
0 26278
0 24407
0 21135
0 24241
0 22329
0 23886
0 24712
0 24796
0 23974
0 22270
0 24462
0 24842
0 31017
0 24608
0 29579
0 23841
0 21453
0 23759
0 24796
0 25515
0 23102
0 20744
0 24366
0 24994
0 24148
0 24294
0 21623
0 22971
0 22958
0 23000
0 23189
0 22891
0 23432
0 25186
0 29084
0 25773
0 22914
0 23227
0 23640
0 25768
0 24808
0 25205
0 26023
0 27855
0 33788
0 24885
0 22298
0 22262
0 24008
0 23808
0 24415
0 22963
0 25488
0 25155
0 21523
0 21518
0 25465
0 30060
0 23375
0 25612
0 24742
0 23019
0 23533
0 26655
0 31258
0 24179
0 25421
0 21688
0 23975
0 27935
0 23739
0 22387
0 24357
0 23660
0 22800
0 23873
0 25341
0 23904
0 21688
0 22647
0 22455
0 23181
0 28305
0 25489
0 25503
0 24206
0 28054
0 24158
0 24045
0 22517
0 26494
0 22447
0 30260
0 29470
0 23014
0 24923
0 25341
0 26697
0 23956
0 24032
0 26875
0 26838
0 25994
0 24306
0 25469
0 23069
0 23394
0 27078
0 23829
0 26815
0 25220
0 25376
0 22345
0 25731
0 23137
0 23441
0 25200
0 21874
0 23985
0 23123
0 25046
0 21016
0 24541
0 26982
0 23305
0 24163
0 28084
0 23581
0 23629
0 24494
0 26715
0 22897
0 22437
0 24410
0 27422
0 21576
0 32769
0 23558
0 22736
0 25259
0 22361
0 21903
0 26719
0 26649
0 22360
0 23592
0 22633
0 24834
0 24775
0 25692
0 25651
0 24389
0 21943
0 24646
0 22802
0 26790
0 24873
0 22593
0 22463
0 25856
0 23785
0 23880
0 24960
0 23369
0 23601
0 23745
0 24422
0 23407
0 24811
0 24724
0 23311
0 25362
0 25939
0 25139
0 24684
0 24477
0 26261
0 25895
0 23150
0 25788
0 24679
0 22266
0 24428
0 27447
0 27934
0 23191
0 24387
0 25963
0 24204
0 22260
0 25559
0 28349
0 24790
0 26380
0 23588
0 25286
0 24274
0 26151
0 24447
0 23630
0 25881
0 24040
0 24266
0 22363
0 23408
0 24453
0 23517
0 24463
0 24293
0 22380
0 22554
0 25124
0 23687
0 25207
0 22164
0 27091
0 23776
0 22266
0 24278
0 24144
0 24279
0 23347
0 24938
0 23358
0 23271
0 27899
0 24726
0 22283
0 25092
0 21047
0 23355
0 26592
0 22448
0 22787
0 23715
0 24359
0 25745
0 23411
0 25402
0 26088
0 24290
0 24199
0 27985
0 26035
0 22920
0 24923
0 23254
0 23082
0 23084
0 25744
0 23658
0 25319
0 23927
0 25006
0 23786
0 24201
0 24013
0 23976
0 22261
0 24027
0 23316
0 24429
0 25540
0 25016
0 22780
0 24650
0 22002
0 25865
0 23989
0 25257
0 29630
0 22539
0 22790
0 23282
0 23507
0 26891
0 27236
0 23456
0 23490
0 22098
0 24280
0 23571
0 24697
0 23217
0 25480
0 23237
0 25735
0 23701
0 22542
0 24549
0 24902
0 25678
0 21820
0 25788
0 25001
0 25010
0 30291
0 22948
0 31588
0 24082
0 24321
0 23983
0 24788
0 25154
0 23186
0 24715
0 24420
0 22915
0 25805
0 37756
0 23969
0 25080
0 21086
0 24174
0 27190
0 23273
0 28150
0 21664
0 24825
0 24860
0 25482
0 25731
0 22469
0 25030
0 24827
0 24276
0 24131
0 24026
0 24056
0 25138
0 24981
0 22834
0 27849
0 24267
0 24878
0 24552
0 22980
0 23574
0 24307
0 25530
0 22537
0 25337
0 24226
0 24191
0 24202
0 23121
0 23043
0 24665
0 24455
0 24142
0 21851
0 23379
0 23777
0 23961
0 25056
0 22816
0 23763
0 23941
0 23897
0 24069
0 23560
0 22825
0 23993
0 24314
0 25664
0 24611
0 20630
0 23284
0 24536
0 22688
0 21377
0 24441
0 24155
0 23651
0 25005
0 22620
0 22154
0 23240
0 24810
0 23492
0 22313
0 24856
0 24276
0 24164
0 25608
0 24191
0 23460
0 22932
0 21297
0 22854
0 24819
0 25864
0 24151
0 26126
0 24916
0 25151
0 23765
0 25260
0 24752
0 24308
0 26361
0 26687
0 21579
0 24879
0 24165
0 26490
0 25059
0 23900
0 25289
0 23519
0 24090
0 25264
0 23049
0 22849
0 25019
0 24708
0 24192
0 23813
0 24123
0 29459
0 27049
0 21119
0 25173
0 22853
0 23896
0 25321
0 23109
0 25068
0 22371
0 25245
0 23420
0 30096
0 25372
0 24556
0 23161
0 23718
0 26200
0 25665
0 27648
0 25049
0 25356
0 24594
0 23367
0 25427
0 23378
0 25632
0 23849
0 23476
0 23564
0 27105
0 23908
0 24822
0 23822
0 26354
0 21845
0 24767
0 26614
0 23876
0 25206
0 23045
0 25570
0 25029
0 23843
0 24270
0 23726
0 21850
0 24986
0 24142
0 23412
0 23796
0 22837
0 24291
0 22408
0 23515
0 23240
0 21850
0 25139
0 24690
0 22887
0 24747
0 21971
0 24931
0 24935
0 23846
0 24183
0 25807
0 24452
0 24265
0 22820
0 26198
0 27462
0 24891
0 25870
0 23499
0 23588
0 23257
0 25041
0 26505
0 24293
0 23113
0 22932
0 25565
0 24624
0 39321
0 24495
0 23332
0 23445
0 23261
0 23073
0 23900
0 24369
0 24763
0 25130
0 23067
0 22844
0 24570
0 30910
0 27210
0 23301
0 24379
0 21998
0 25584
0 23422
0 23670
0 27089
0 24693
0 23131
0 24870
0 22775
0 26454
0 23718
0 23874
0 22294
0 24976
0 23114
0 24437
0 25935
0 24764
0 24292
0 25809
0 24141
0 23402
0 25630
0 23232
0 23524
0 26757
0 23887
0 25674
0 23420
0 24106
0 23937
0 24877
0 24914
0 22672
0 23836
0 20994
0 22875
0 23677
0 22062
0 25970
0 24701
0 24966
0 22847
0 25283
0 24895
0 22624
0 21833
0 21770
0 25059
0 29132
0 21789
0 24197
0 24148
0 22913
0 25155
0 22133
0 28121
0 23945
0 25983
0 22613
0 22293
0 24130
0 23058
0 24825
0 23072
0 23701
0 27701
0 22609
0 25051
0 23101
0 24254
0 22039
0 25417
0 25049
0 23346
0 24596
0 22988
0 25169
0 27147
0 24121
0 23177
0 21655
0 23501
0 23916
0 24505
0 25661
0 24766
0 23507
0 25230
0 25332
0 25961
0 22753
0 27088
0 23074
0 20433
0 28694
0 24101
0 24898
0 27319
0 26302
0 27183
0 41979
0 25090
0 24521
0 25266
0 26824
0 22990
0 25077
0 28569
0 22820
0 24786
0 25280
0 24303
0 23596
0 24930
0 23428
0 24323
0 25068
0 26428
0 24905
0 21690
0 25478
0 23279
0 22761
0 23497
0 27105
0 24872
0 24809
0 25331
0 22405
0 27306
0 26829
0 23549
0 25610
0 23809
0 22350
0 23172
0 23925
0 23120
0 24692
0 23521
0 23881
0 24326
0 24336
0 23676
0 25253
0 24628
0 23444
0 23833
0 21279
0 24373
0 24122
0 21745
0 23199
0 24562
0 25071
0 25331
0 27682
0 26703
0 23924
0 23881
0 23436
0 24097
0 21871
0 23835
0 23655
0 24674
0 25021
0 22934
0 25599
0 24541
0 22978
0 25153
0 25146
0 26156
0 23618
0 23976
0 23445
0 26837
0 23707
0 22229
0 24350
0 24159
0 22634
0 23713
0 24603
0 24943
0 24941
0 23445
0 23065
0 24099
0 19644
0 24057
0 26910
0 24294
0 24552
0 25809
0 24694
0 25161
0 25239
0 26538
0 25276
0 24475
0 22548
0 24951
0 24829
0 25881
0 24416
0 23854
0 24630
0 23096
0 24365
0 24978
0 24663
0 23809
0 22456
0 25712
0 26463
0 21691
0 23277
0 22221
0 20267
0 23817
0 24727
0 27920
0 24151
0 24647
0 28552
0 27675
0 30765
0 23421
0 25151
0 25132
0 25155
0 25125
0 23624
0 25855
0 23424
0 24000
0 26912
0 24577
0 23293
0 24819
0 24953
0 23148
0 24819
0 22484
0 24307
0 23521
0 23997
0 28876
0 24387
0 22381
0 24415
0 26672
0 23565
0 24301
0 24339
0 23097
0 22373
0 22479
0 31737
0 26648
0 27700
0 25601
0 25212
0 22288
0 23218
0 20886
0 25609
0 25698
0 23173
0 23538
0 24931
0 24897
0 23004
0 22958
0 27338
0 23558
0 24685
0 21298
0 22219
0 24266
0 23844
0 25906
0 26115
0 24870
0 22537
0 30384
0 23706
0 23833
0 23725
0 23110
0 23618
0 23968
0 27133
0 23873
0 23639
0 25394
0 23530
0 24799
0 24567
0 23641
0 25244
0 23070
0 27965
0 22713
0 28864
0 23457
0 21065
0 27771
0 25793
0 24981
0 28957
0 24748
0 23540
0 21765
0 24439
0 26356
0 26682
0 25936
0 23395
0 23104
0 24944
0 24412
0 32058
0 24123
0 23556
0 23169
0 23850
0 24648
0 24570
0 24643
0 29482
0 23093
0 24396
0 22517
0 23410
0 24290
0 23968
0 22460
0 24408
0 24817
0 29220
0 25193
0 23519
0 23477
0 23980
0 25791
0 23857
0 23125
0 26919
0 33398
0 23494
0 24051
0 24486
0 23610
0 25746
0 22534
0 21590
0 27364
0 25176
0 23782
0 23813
0 22569
0 26313
0 23570
0 25395
0 26290
0 21329
0 23910
0 22059
0 24719
0 24044
0 23999
0 25368
0 24204
0 23056
0 23887
0 23323
0 23375
0 23714
0 24023
0 23708
0 24561
0 23468
0 23649
0 25536
0 23213
0 24572
0 31953
0 24126
0 35521
0 24594
0 22583
0 24687
0 23953
0 26554
0 27628
0 23396
0 23443
0 25370
0 24011
0 27350
0 23770
0 35662
0 23667
0 28144
0 23687
0 23046
0 24482
0 23736
0 21824
0 22926
0 23594
0 23048
0 24893
0 24897
0 21096
0 22591
0 24932
0 28742
0 22859
0 26554
0 22301
0 22858
0 24146
0 23466
0 25914
0 24784
0 24698
0 22058
0 26090
0 23160
0 26200
0 22620
0 25010
0 22251
0 24984
0 25872
0 22978
0 25427
0 22491
0 28424
0 25204
0 26043
0 23981
0 23813
0 23871
0 23785
0 26878
0 24841
0 23336
0 24144
0 22719
0 24706
0 24545
0 22788
0 25931
0 21298
0 23911
0 23261
0 27972
0 22362
0 25855
0 22371
0 20895
0 26940
0 22021
0 23376
0 25946
0 27976
0 24507
0 25045
0 23704
0 22984
0 23347
0 25217
0 23001
0 24038
0 25613
0 23039
0 26484
0 25470
0 28007
0 24873
0 24934
0 23699
0 25806
0 25489
0 23641
0 24652
0 23259
0 25251
0 23701
0 24528
0 23193
0 25127
0 25622
1 65536
0 24784
0 23488
0 21810
0 24778
0 23117
0 25995
0 23143
0 22751
0 25025
0 23229
0 22936
0 30507
0 23356
0 23327
0 27072
0 22043
0 23915
0 21991
0 22494
0 23993
0 22858
0 26916
0 23439
0 23761
0 23505
0 23374
0 25058
0 24908
0 23938
0 24040
0 25078
0 23566
0 24445
0 25578
0 26840
0 23193
0 24751
0 23654
0 25221
0 23982
0 25848
0 24288
0 25459
0 23394
0 24765
0 20667
0 25114
0 25077
0 23258
0 28304
0 26685
0 25656
0 23353
0 25569
0 25358
0 27064
0 25516
0 25319
0 24586
0 24017
0 23575
0 22652
0 24552
0 24754
0 25732
0 26324
0 21805
0 24036
0 25063
0 24985
0 22792
0 22816
0 26128
0 24923
0 22595
0 27740
0 23684
0 24918
0 25495
0 24567
0 24448
0 22024
0 23943
0 23594
0 21538
0 24581
0 22783
0 23773
0 25922
0 24221
0 23119
0 24212
0 22217
0 26253
0 23624
0 28468
0 24268
0 26323
0 23770
0 22890
0 24294
0 25051
0 23558
0 23871
0 25947
0 24996
0 24112
0 23872
0 22935
0 24221
0 27626
0 26339
0 27202
0 31850
0 20105
0 24307
0 24644
0 23474
0 25693
0 23124
0 28649
0 20561
0 25109
0 26196
0 25446
0 23841
0 24138
0 23602
0 24046
0 26994
0 24812
0 23453
0 27551
0 27078
0 26514
0 23780
0 21729
0 22624
0 22525
0 22390
0 24813
0 24882
0 22039
0 24937
0 24552
0 25465
0 24377
0 22240
0 24869
0 22377
0 23968
0 34040
0 23340
0 26350
0 24573
0 23425
0 24341
0 25676
0 23411
0 25119
0 23389
0 28636
0 25601
0 22434
0 22954
0 23815
0 23206
0 23078
0 23091
0 24346
0 25521
0 30636
0 22345
0 24490
0 25144
0 21008
0 24576
0 25842
0 22977
0 20240
0 30640
0 24622
0 33574
0 25077
0 22917
0 25494
0 24473
0 25603
0 22133
0 28521
0 23270
0 25522
0 24961
0 23101
0 24338
0 24900
0 28671
0 25207
0 25204
0 43277
0 27797
0 23828
0 24201
0 25563
0 23830
0 30054
0 24181
0 25886
0 26452
0 25326
0 25198
0 23178
0 26144
0 24496
0 22860
0 26500
0 25861
0 24452
0 23908
0 25645
0 22861
0 23216
0 22142
0 22143
0 26403
0 29635
0 24216
0 24867
0 22755
0 22311
0 25583
0 27194
0 23248
0 26444
0 22038
0 24373
0 22244
0 23976
0 25516
0 27940
0 24065
0 25331
0 24536
0 24884
0 22367
0 23696
0 24636
0 23693
0 27606
0 43730
0 24362
0 23176
0 23642
0 24091
0 24199
0 24783
0 24476
0 31026
0 27842
0 25838
0 21340
0 25549
0 22433
0 26866
0 24774
0 24375
0 25572
0 22828
0 24188
0 24802
0 26469
0 23139
0 26694
0 24523
0 20476
0 22928
0 25138
0 24669
0 37331
0 21620
0 24127
0 24599
0 22253
0 23072
0 23872
0 24517
0 21475
0 25142
0 24257
0 23973
0 26881
0 24102
0 22568
0 29326
0 24502
0 22522
0 25641
0 23853
0 23609
0 29630
0 23844
0 26169
0 22754
0 24049
0 25494
0 23356
0 23919
0 23378
0 22954
0 22802
0 23283
0 21876
0 23737
0 24454
0 22810
0 25805
0 26793
0 23635
0 21768
0 23956
0 24674
0 23415
0 23844
0 25740
0 26230
0 23716
0 23117
0 23950
0 24349
0 23094
0 23561
0 25346
0 22203
0 22364
0 27048
0 26352
0 22738
0 24620
0 24657
0 24691
0 21067
0 23416
0 20043
0 25630
0 22358
0 24070
0 22943
0 23963
0 23604
0 26333
0 22246
0 24289
0 24033
0 32586
0 24170
0 22268
0 23847
0 24285
0 24207
0 23915
0 26604
0 23216
0 22115
0 32157
0 23630
0 23737
0 23502
0 20658
0 24170
0 28325
0 25191
0 21250
0 26527
0 25276
0 25846
0 25651
0 27468
0 24289
0 27180
0 23101
0 27418
0 23533
0 24030
0 23247
0 23582
0 24408
0 24426
0 23932
0 26610
0 25576
0 22427
0 24784
0 24370
0 27326
0 22164
0 24510
0 36806
0 25565
0 24560
0 25327
0 26730
0 22693
0 25846
0 25642
0 24367
0 23083
0 24932
0 26533
0 22260
0 23954
0 24182
0 27180
0 24198
0 20538
0 26399
0 23359
0 22334
0 25027
0 23562
0 27384
0 24566
0 22947
0 26926
0 24657
0 24154
0 22127
0 25083
0 23756
0 27700
0 21512
0 27963
0 23598
0 23857
0 29586
0 21511
0 24899
0 25091
0 22567
0 23983
0 24986
0 24646
0 25968
0 23868
0 22252
0 27456
0 23113
0 25858
0 22530
0 25441
0 24729
0 26866
0 22015
0 23832
0 23652
0 24043
0 25327
0 22751
0 24767
0 26785
0 26895
0 24390
0 24960
0 24888
0 25020
0 24943
0 25209
0 23843
0 25812
0 23730
0 21769
0 23725
0 24174
0 24121
0 24169
0 41585
0 22942
0 61710
0 22526
0 23126
0 26186
0 23529
0 24884
0 23479
0 24826
0 25057
0 27032
0 25698
0 24727
0 24753
0 24561
0 25802
0 23365
0 27315
0 23419
0 26286
0 24799
0 26876
0 29374
0 24982
0 25331
0 23694
0 24482
0 28558
0 24301
0 27260
0 23652
0 25584
0 22799
0 22931
0 24196
0 24548
0 24484
0 23661
0 22569
0 24268
0 22298
0 24863
0 23963
0 23769
0 24812
0 23500
0 22662
0 24657
0 22596
0 23950
0 28692
0 22180
0 32388
0 24666
0 24710
0 22276
0 22422
0 23647
0 24848
0 22845
0 24352
0 23910
0 27677
0 28558
0 24597
0 23415
0 26454
0 24060
0 24642
0 25502
0 23487
0 24008
0 24838
0 26423
0 24068
0 23860
0 25438
0 26292
0 25327
0 24681
0 23811
0 26694
0 24490
0 23880
0 24114
0 21646
0 24311
0 25089
0 29802
0 23668
0 32317
0 25971
0 24109
0 23933
0 21443
0 27024
0 22862
0 26303
0 23186
0 22819
0 25114
0 24428
0 24703
0 23313
0 25307
0 23538
0 21687
0 25248
0 25698
0 22008
0 24364
0 23666
0 26012
0 21727
0 23700
0 24282
0 24465
0 23512
0 29747
0 28251
0 22923
0 22216
0 24103
0 24202
0 22594
0 27245
0 24360
0 27161
0 25815
0 23151
0 24703
0 21376
0 25742
0 30428
0 22360
0 26309
0 24383
0 23842
0 23358
0 26663
0 28525
0 21861
0 21453
0 25474
0 27301
0 22850
0 21054
0 23566
0 23460
0 24366
0 25408
0 25068
0 24427
0 29134
0 23556
0 23553
0 24476
0 24844
0 23204
0 26818
0 31609
0 23407
0 22904
0 26081
0 24386
0 23358
0 24521
0 26032
0 26482
0 24331
0 26702
0 24607
0 26652
0 25252
0 22896
0 23522
0 23431
0 28776
0 24175
0 23871
0 22820
0 25090
0 24195
0 24880
0 26034
0 23905
0 24405
0 24149
0 24924
0 22349
0 25236
0 31694
0 24727
0 23449
0 24025
0 24856
0 23593
0 20974
0 22109
0 22789
0 23172
0 28713
0 25305
0 24910
0 27240
0 23092
0 23575
0 24789
0 27566
0 24605
0 24521
0 23029
0 22782
0 22582
0 24831
0 23680
0 25990
0 23248
0 24681
0 24324
0 23314
0 23397
0 26406
0 25037
0 25160
0 24518
0 27004
0 25538
0 23353
0 23446
0 23354
0 24650
0 24021
0 25736
0 22716
0 25676
0 24239
0 24568
0 25295
0 28102
0 23501
0 27687
0 23599
0 25521
0 24822
0 26387
0 23520
0 25087
0 24875
0 24868
0 23666
0 23259
0 22789
0 24424
0 27111
0 24027
0 32746
0 22027
0 22296
0 25399
0 23534
0 25469
0 26368
0 27873
0 23680
0 24132
0 24278
0 26491
0 22881
0 22948
0 23925
0 23304
0 24023
0 26625
0 24047
0 25893
0 27753
0 23443
0 22885
0 24842
0 22005
0 25374
0 24535
0 21909
0 23305
0 24099
0 23382
0 28707
0 23054
0 25491
0 23832
0 31039
0 25390
0 24344
0 22673
0 21464
0 23027
0 25385
0 35770
0 25565
0 27381
0 26841
0 24660
0 24725
0 23721
0 24916
0 23010
0 24935
0 24714
0 26834
0 23135
0 23173
0 23743
0 26001
0 25336
0 23290
0 24323
0 23830
0 24518
0 23735
0 22811
0 24926
0 26109
0 25916
0 24275
0 31206
0 23580
0 28480
0 32271
0 22784
0 22436
0 22514
0 24762
0 24976
0 28224
0 23336
0 23546
0 24525
0 23000
0 24698
0 25889
0 25117
0 25010
0 24019
0 27891
0 25080
0 23093
0 23311
0 23308
0 24194
0 23467
0 24269
0 24548
0 21665
0 25006
0 26356
0 22901
0 23139
0 23841
0 24591
0 22529
0 27824
0 23179
0 23911
0 23591
0 25970
0 22651
0 23167
0 22980
0 23218
0 24486
0 26207
0 23275
0 24080
0 20210
0 25537
0 23806
0 25066
0 24574
0 20535
0 22218
0 24080
0 26930
0 22924
0 23540
0 25507
0 24986
0 21467
0 22908
0 24663
0 22229
0 25179
0 25304
0 24448
0 23877
0 24142
0 23266
0 25602
0 23465
0 24983
0 24941
0 25060
0 24975
0 22786
0 25382
0 23319
0 22977
0 24195
0 22932
0 24302
0 24999
0 24994
0 25062
0 24937
0 22137
0 25891
0 28338
0 24781
0 24789
0 25742
0 22816
0 24992
0 23861
0 25164
0 24130
0 23781
0 25542
0 23827
0 25117
0 26512
0 24567
0 23684
0 23730
0 26639
0 23968
0 29549
0 23551
0 23364
0 23326
0 22951
0 24663
0 22406
0 24172
0 25438
0 33750
0 23699
0 24966
0 23713
0 24809
0 23258
0 25811
0 24464
0 27670
0 28587
0 23738
0 21524
0 21097
0 25372
0 23260
0 20473
0 24657
0 24244
0 23354
0 28905
0 23769
0 24228
0 30939
0 24631
0 23958
0 26134
0 27229
0 24825
0 24768
0 22658
0 23338
0 28145
0 25746
0 23675
0 21347
0 22257
0 21699
0 27437
0 21919
0 22771
0 23118
0 29337
0 24486
0 27485
0 25406
0 25023
0 22841
0 23289
0 23402
0 26179
0 25157
0 24635
0 25202
0 24411
0 23523
0 26240
0 22853
0 25093
0 23600
0 24241
0 25091
0 24857
0 23308
0 24135
0 23819
0 23573
0 25880
0 33511
0 41448
0 33785
0 25617
0 24591
0 24009
0 23910
0 24256
0 28128
0 23676
0 23115
0 25034
0 22469
0 24014
0 27282
0 24149
0 24195
0 22926
0 23979
0 25075
0 25920
0 30992
0 25292
0 24612
0 24957
0 27677
0 24815
0 24153
0 24526
0 24010
0 22226
0 23904
0 23313
0 25155
0 23954
0 23044
0 23088
0 24769
0 24239
0 22018
0 24295
0 25176
0 23777
0 24129
0 25097
0 26301
0 28051
0 24842
0 24681
0 24237
0 23082
0 23823
0 23313
0 24655
0 26119
0 27408
0 22827
0 24120
0 23725
0 25859
0 24350
0 24472
0 23650
0 24273
0 26662
0 23686
0 22017
0 25434
0 22967
0 25125
0 24125
0 26034
0 24764
0 26636
0 25474
0 27929
0 24122
0 26393
0 23837
0 26982
0 23665
0 25474
0 24908
0 23511
0 24627
0 25540
0 23877
0 22479
0 24579
0 24582
0 25232
0 24037
0 25639
0 28433
0 21205
0 25591
0 22975
0 26304
0 31081
0 23095
0 40057
0 25703
0 25107
0 24254
0 22830
0 22659
0 26187
0 24634
0 23561
0 26050
0 21348
0 24721
0 24839
0 21844
0 24393
0 25842
0 21432
0 21924
0 22000
0 22610
0 25815
0 24170
0 26149
0 24260
0 20397
0 25482
0 27597
0 26934
0 22069
0 26018
0 21620
0 26688
0 23497
0 24087
0 25198
0 24000
0 24556
0 23371
0 25290
0 23176
0 24323
0 23493
0 22995
0 24042
0 26435
0 23185
0 24443
0 27016
0 24708
0 25510
0 23871
0 24746
0 23842
0 29622
0 23311
0 23886
0 27170
0 22752
0 26004
0 26579
0 24533
0 25292
0 25590
0 23273
0 26786
0 23535
0 22839
0 24081
0 23138
0 24060
0 22546
0 24977
0 24204
0 25333
0 23748
0 23582
0 24816
0 24008
0 25677
0 23699
0 25139
0 23499
0 25979
0 25151
0 24304
0 22738
0 26922
0 25355
0 25101
0 23701
0 22356
0 24411
0 21382
0 25563
0 25487
0 26094
0 24858
0 21094
0 22656
0 23770
0 25194
0 24514
0 29372
0 26166
0 25481
0 23486
0 24244
0 23054
0 23831
0 23816
0 24455
0 22709
0 25582
0 23860
0 23086
0 24399
0 22402
0 22830
0 23287
0 23976
0 24285
0 24147
0 21445
0 24164
0 25913
0 23825
0 23217
0 31849
0 26386
0 23830
0 25128
0 24111
0 24489
0 22789
0 22708
0 23476
0 28967
0 22333
0 25130
0 23294
0 24911
0 22980
0 24718
0 25756
0 24250
0 35223
0 38788
0 22993
0 22731
0 23702
0 23769
0 23858
0 23875
0 22307
0 24823
0 25047
0 22042
0 23700
0 24735
0 23136
0 31499
0 22488
0 23643
0 24887
0 28892
0 23286
0 25029
0 24336
0 22234
0 25367
0 24434
0 23950
0 21777
0 22968
0 23872
0 24610
0 24909
0 23982
0 23586
0 40396
0 24665
0 22006
0 23133
0 24593
0 22736
0 23753
0 25101
0 22370
0 24677
0 27473
0 26768
0 23700
0 24222
0 24405
0 24861
0 26743
0 25815
0 25199
0 28520
0 24711
0 26208
0 22996
0 29565
0 25428
0 26481
0 24946
0 45732
0 25495
0 23767
0 25540
0 24388
0 26160
0 23386
0 23874
0 26243
0 24597
0 40421
0 25107
0 27416
0 24984
0 21704
0 23540
0 23404
0 23786
0 24061
0 24973
0 24321
0 27732
0 25590
0 22861
0 23401
0 24415
0 25269
0 23469
0 22741
0 24560
0 24457
0 26114
0 23724
0 24710
0 23859
0 26147
0 25935
0 24395
0 26334
0 23417
0 22241
0 25368
0 22727
0 22143
0 24054
0 27147
0 22181
0 24834
0 22333
0 22659
0 24207
0 23661
0 24475
0 29520
0 26302
0 26091
0 21262
0 25377
0 24719
0 25348
0 26283
0 26007
0 23214
0 26441
0 27616
0 25188
0 25155
0 23161
0 24902
0 28040
0 25673
0 26614
0 24930
0 23337
0 23848
0 23776
0 21735
0 22848
0 24338
0 27720
0 24359
0 23861
0 24404
0 23293
0 23808
0 22454
0 25660
0 23051
0 22933
0 23969
0 25591
0 24189
0 26346
0 25177
0 23287
0 26891
0 23355
0 21506
0 23084
0 23620
0 25236
0 25840
0 26982
0 33996
0 27868
0 22736
0 23604
0 26178
0 24351
0 23829
0 23164
0 23093
0 24302
0 24683
0 24420
0 27107
0 23654
0 20387
0 22378
0 23378
0 24068
0 23901
0 21730
0 25517
0 24105
0 24168
0 32973
0 24560
0 22928
0 23559
0 28142
0 26399
0 27840
0 23375
0 22846
0 23984
0 21696
0 23402
0 23525
0 21399
0 23959
0 23520
0 23099
0 25091
0 23944
0 26150
0 23659
0 24698
0 22494
0 23327
0 23388
0 24268
0 24804
0 27496
0 24976
0 25429
0 24578
0 25365
0 22849
0 26296
0 25957
0 23772
0 23071
0 24173
0 22191
0 24173
0 24123
0 26697
0 25502
0 22557
0 24424
0 24123
0 24672
0 21603
0 22815
0 22639
0 28180
0 24873
0 27494
0 24364
0 25263
0 25559
0 23669
0 25459
0 21354
0 25675
0 23587
0 24630
0 28527
0 25559
0 26474
0 25284
0 23012
0 22931
0 21317
0 24085
0 25599
0 22717
0 24883
0 23878
0 24422
0 21475
0 26036
0 22145
0 27161
0 24991
0 30159
0 23661
0 31290
0 22917
0 24168
0 24561
0 25588
0 23370
0 22750
0 24083
0 22650
0 24019
0 26167
0 23587
0 26166
0 23260
0 24036
0 27572
0 24150
0 25665
0 23626
0 23945
0 21781
0 24701
0 23748
0 24372
0 24279
0 24186
0 24973
0 23391
0 22879
0 23142
0 25769
0 22892
0 23967
0 21687
0 23555
0 22461
0 29067
0 21013
0 24038
0 23833
0 24790
0 24676
0 23466
0 24266
0 21865
0 25954
0 22936
0 26294
0 23453
0 25299
0 22828
0 24667
0 23728
0 26337
0 25718
0 24354
0 25140
0 26691
0 24487
0 25112
0 23660
0 24953
0 25601
0 24177
0 27525
0 22921
0 21743
0 26862
0 23075
0 25328
0 25134
0 24168
0 24633
0 24055
0 25668
0 23615
0 25183
0 23248
0 24593
0 23550
0 25000
0 22554
0 25462
0 32701
0 23190
0 28873
0 23656
0 23481
0 24672
0 24704
0 26641
0 21899
0 23638
0 22418
0 26213
0 24079
0 20924
0 23166
0 24932
0 24050
0 23563
0 26429
0 23505
0 23017
0 23856
0 21821
0 24772
0 24117
0 22953
0 24598
0 22896
0 25266
0 25529
0 25120
0 25124
0 26839
0 30460
0 25670
0 23950
0 24783
0 25350
0 21893
0 24257
0 25675
0 27896
0 24346
0 24686
0 25826
0 25425
0 23372
0 24561
0 24308
0 24471
0 25192
0 18773
0 23182
0 24918
0 36205
0 25171
0 24106
0 23139
0 22550
0 21299
0 29466
0 24101
0 22009
0 21903
0 24593
0 23705
0 24793
0 23997
0 22053
0 26265
0 24025
0 24380
0 21566
0 26671
0 24214
0 26539
0 24312
0 21794
0 24678
0 26364
0 23685
0 27062
0 23029
0 23205
0 23096
0 23825
0 23762
0 22592
0 23119
0 22952
0 21338
0 23942
0 26442
0 24357
0 25074
0 24777
0 25492
0 26356
0 22232
0 25624
0 26029
0 24202
0 22609
0 21381
0 25128
0 25598
0 24267
0 26746
0 48484
0 23621
0 25847
0 24388
0 22753
0 22390
0 26415
0 22595
0 21340
0 23039
0 24166
0 22383
0 22844
0 24549
0 24449
0 23774
0 26090
0 25256
0 23321
0 23167
0 21345
0 25671
0 24084
0 24141
0 22159
0 24906
0 24307
0 24173
0 22238
0 21828
0 24930
0 26261
0 23853
0 24272
0 27492
0 23310
0 24066
0 23366
0 23422
0 23487
0 25374
0 22435
0 25206
0 23076
0 23298
0 26424
0 23686
0 23540
0 26810
0 23956
0 22636
0 23611
0 23825
0 27306
0 23837
0 23857
0 28201
0 24351
0 26261
0 25411
0 23690
0 26109
0 24966
0 24733
0 25989
0 23336
0 23130
0 23492
0 24870
0 24961
0 23647
0 24113
0 22948
0 23587
0 23728
0 21838
0 24800
0 24162
0 24581
0 24150
0 26356
0 24997
0 24429
0 24325
0 25632
0 23370
0 23284
0 25458
0 26121
0 23589
0 23170
0 23309
0 26893
0 25492
0 24245
0 25189
0 24268
0 22771
0 24715
0 24733
0 23161
0 22497
0 24582
0 24340
0 22941
0 23872
0 26391
0 30352
0 23789
0 26421
0 26275
0 23618
0 23223
0 29193
0 24298
0 32901
0 25141
0 20371
0 25295
0 23458
0 23199
0 25955
0 25392
0 22660
0 22856
0 24720
0 24877
0 22148
0 33583
0 23174
0 25293
0 24320
0 25731
0 24918
0 24195
0 23558
0 24186
0 23370
0 24481
0 22782
0 23540
0 24795
0 24615
0 24686
0 23373
0 21707
0 24972
0 24128
0 23218
0 23448
0 23413
0 26040
0 23362
0 25487
0 24527
0 23648
0 26694
0 22579
0 23711
0 22442
0 24083
0 24983
0 23872
0 25719
0 26007
0 24588
0 22771
0 24529
0 22563
0 23988
0 25755
0 24754
0 24075
0 24965
0 26716
0 24016
0 25181
0 25114
0 24375
0 23926
0 24814
0 22962
0 24031
0 23609
0 25160
0 24091
0 25228
0 24372
0 24039
0 24153
0 22936
0 23143
0 24690
0 25744
0 25392
0 21003
0 27260
0 21282
0 26226
0 23844
0 22243
0 22492
0 22299
0 24643
0 31620
0 23965
0 26141
0 24418
0 23319
0 23668
0 25453
0 23861
0 27016
0 22401
0 22953
0 29666
0 24343
0 24711
0 21826
0 23617
0 24341
0 22362
0 23231
0 29300
0 23111
0 24265
0 23630
0 27363
0 21682
0 24510
0 21811
0 26099
0 24740
0 24492
0 36490
0 24341
0 24123
0 28010
0 23259
0 24449
0 24023
0 23227
0 25202
0 24042
0 21283
0 23909
0 23823
0 25348
0 25303
0 25388
0 25097
0 24702
0 23699
0 24025
0 23879
0 26296
0 23978
0 28716
0 25548
0 22842
0 27108
0 24040
0 24425
0 26424
0 24207
0 24743
0 24263
0 23894
0 24976
0 23445
0 25413
0 23408
0 24076
0 27563
0 23219
0 23240
0 24196
0 25501
0 22551
0 23763
0 26194
0 26148
0 24380
0 22419
0 22999
0 23816
0 24015
0 32871
0 24851
0 22204
0 22744
0 27914
0 21857
0 24623
0 25652
0 23880
0 21807
0 22143
0 23421
0 27033
0 24243
0 26736
0 24507
0 26112
0 23116
0 22882
0 24364
0 22684
0 24969
0 23631
0 24127
0 25881
0 23184
0 21987
0 23114
0 25897
0 23288
0 23301
1 65536
0 23897
0 23675
0 25175
0 23973
0 25317
0 24049
0 22765
0 22068
0 22399
0 24312
0 21960
0 22762
0 24918
0 52931
0 24692
0 23492
0 23549
0 29494
0 23752
0 22956
0 25141
0 24322
0 25917
0 22951
0 25616
0 24798
0 24789
0 24724
0 26739
0 23703
0 26191
0 21623
0 25585
0 23600
0 25524
0 24482
0 26086
0 23792
0 23167
0 22453
0 24603
0 22648
0 26032
0 24359
0 25865
0 24814
0 22934
0 24550
0 23497
0 26013
0 24971
0 29237
0 23407
0 24047
0 24899
0 19939
0 29120
0 23776
0 21688
0 24935
0 22697
0 32756
0 23093
0 24884
0 23113
0 25780
0 22820
0 25885
0 25199
0 26380
0 23555
0 22703
0 30274
0 26013
0 26780
0 24032
0 23885
0 27044
0 21579
0 24535
0 24846
0 25335
0 24415
0 23641
0 23800
0 22908
0 23557
0 21609
0 27206
0 24820
0 27035
0 26651
0 23542
0 23916
0 23111
0 24758
0 22816
0 27239
0 23916
0 23978
0 22753
0 29096
0 26566
0 23151
0 32881
0 23898
0 22672
0 23935
0 24776
0 23732
0 22681
0 23833
0 22986
0 25073
0 24101
0 25933
0 22715
0 25146
0 22198
0 24001
0 26506
0 23599
0 22654
0 22609
0 23269
0 23913
0 23141
0 25655
0 24561
0 25561
0 24142
0 23930
0 23830
0 24402
0 25245
0 24366
0 26498
0 23369
0 24790
0 21164
0 23115
0 22936
0 34954
0 23375
0 26145
0 22482
0 24724
0 24775
0 19976
0 24185
0 22703
0 24231
0 22068
0 25125
0 21142
0 26837
0 28645
0 27043
0 24289
0 27680
0 24602
0 22534
0 22994
0 23263
0 23784
0 27184
0 21811
0 23709
0 21682
0 24821
0 24283
0 23273
0 23183
0 26646
0 22332
0 21482
0 23960
0 28154
0 23057
0 24836
0 24285
0 24857
0 23442
0 22168
0 28232
0 26024
0 23539
0 24888
0 21252
0 25844
0 26081
0 20589
0 24999
0 24279
0 21360
0 25318
0 24250
0 23576
0 22261
0 21880
0 24448
0 25661
0 24072
0 34776
0 25505
0 23624
0 24852
0 22448
0 22636
0 23640
0 24049
0 25398
0 25687
0 22374
0 24721
0 21423
0 24973
0 23507
0 21950
0 24502
0 23152
0 24514
0 24416
0 26336
0 24695
0 32575
0 24835
0 23742
0 22313
0 22483
0 23930
0 22420
0 24136
0 22346
0 25835
0 25147
0 26086
0 23258
0 24215
0 25180
0 26005
0 24673
0 25351
0 24619
0 24025
0 24907
0 24557
0 25512
0 24569
0 27525
0 21846
0 24953
0 23466
0 24908
0 24900
0 25174
0 22404
0 23696
0 24753
0 26550
0 24849
0 23239
0 26379
0 24137
0 23978
0 25032
0 27288
0 22291
0 22507
0 27299
0 24267
0 24397
0 24934
0 25787
0 36521
0 24031
0 23119
0 27743
0 23745
0 22859
0 24815
0 22995
0 24947
0 23679
0 28023
0 23474
0 23388
0 22581
0 23882
0 29100
0 25459
0 24495
0 24993
0 23295
0 22526
0 23653
0 25533
0 23242
0 23718
0 22219
0 25202
0 23343
0 32747
0 24791
0 24050
0 24301
0 25310
0 25093
0 24545
0 23411
0 22336
0 24251
0 22211
0 23699
0 25175
0 24246
0 23388
0 24397
0 24231
0 23573
0 26000
0 27712
0 21535
0 24498
0 21888
0 24676
0 27199
0 25632
0 34995
0 24804
0 25287
0 24191
0 26251
0 22902
0 24789
0 28771
0 24544
0 22886
0 25064
0 24452
0 23392
0 21630
0 24702
0 25397
0 27528
0 22862
0 25174
0 25969
0 22486
0 22250
0 23234
0 26497
0 24410
0 21780
0 24900
0 24988
0 23684
0 23755
0 26647
0 25808
0 22325
0 25254
0 27104
0 24295
0 23916
0 23558
0 25520
0 23805
0 25467
0 26818
0 25590
0 25368
0 24975
0 23736
0 25690
0 23924
0 22576
0 28178
0 21269
0 25385
0 25740
0 25512
0 24076
0 24267
0 23831
0 21458
0 28957
0 23718
0 23939
0 25214
0 23877
0 23403
0 24791
0 23164
0 32626
0 25933
0 21268
0 22637
0 24313
0 26847
0 23052
0 24201
0 25492
0 23496
0 23802
0 25918
0 23587
0 24009
0 23564
0 23537
0 27756
0 22970
0 23012
0 24051
0 23339
0 25211
0 23350
0 24753
0 23842
0 23454
0 23603
0 24152
0 24174
0 43592
0 23624
0 22764
0 39961
0 23588
0 24076
0 23992
0 25214
0 23246
0 22699
0 30605
0 24649
0 25170
0 24808
0 25367
0 25440
0 23504
0 24273
0 25816
0 23468
0 22405
0 23546
0 25508
0 23535
0 23288
0 25542
0 24659
0 23548
0 23243
0 23622
0 24180
0 25061
0 23951
0 22672
0 25292
0 24164
0 23771
0 29538
0 23981
0 24032
0 24155
0 26575
0 22037
0 25043
0 25398
0 24234
0 23665
0 24951
0 26280
0 23068
0 28321
0 23594
0 24142
0 23217
0 21923
0 24398
0 24926
0 24502
0 24706
0 29100
0 27204
0 24455
0 23386
0 26061
0 21697
0 25574
0 24969
0 24867
0 25964
0 27130
0 23962
0 24500
0 22725
0 22290
0 22058
0 29568
0 24630
0 24075
0 25944
0 22308
0 24184
0 23670
0 22679
0 24735
0 24539
0 25214
0 22943
0 22815
0 24218
0 25072
0 21469
0 24009
0 26144
0 24599
0 25601
0 25115
0 26391
0 24647
0 21813
0 23984
0 23890
0 24870
0 23461
0 24015
0 24416
0 23481
0 24081
0 25100
0 28244
0 25696
0 25692
0 24261
0 22805
0 24005
0 27438
0 25551
0 25037
0 22728
0 23901
0 23745
0 24200
0 23468
0 23490
0 23847
0 22722
0 23437
0 24077
0 22984
0 24840
0 22115
0 26481
0 24019
0 24567
0 26537
0 26244
0 27189
0 24223
0 24494
0 22712
0 21498
0 23760
0 23885
0 27500
0 24111
0 23194
0 23373
0 24407
0 23780
0 23803
0 23486
0 23343
0 23860
0 24203
0 32884
0 26175
0 24688
0 25527
0 24378
0 22898
0 22378
0 25628
0 23374
0 26327
0 23212
0 24132
0 27018
0 22130
0 23939
0 22947
0 23803
0 24069
0 25831
0 23674
0 27974
0 22379
0 24849
0 24683
0 25256
0 23886
0 24181
0 24749
0 29860
0 23063
0 28592
0 25737
0 24810
0 22164
0 23942
0 25304
0 28269
0 24202
0 27628
0 25419
0 20906
0 25213
0 22599
0 21986
0 23310
0 22116
0 25865
0 25852
0 25368
0 23886
0 22331
0 25124
0 25429
0 28933
0 28426
0 25287
0 22602
0 23027
0 20253
0 24280
0 22903
0 24994
0 24165
0 23549
0 24138
0 23630
0 25000
0 24123
0 25614
0 24750
0 26085
0 23766
0 25344
0 24681
0 32569
0 24528
0 23757
0 26019
0 24779
0 22846
0 23923
0 25425
0 24636
0 26065
0 26016
0 25094
0 22811
0 25324
0 22120
0 23262
0 23765
0 23404
0 22910
0 23503
0 24749
0 22133
0 29200
0 23264
0 23579
0 26713
0 22741
0 23991
0 23726
0 27134
0 23917
0 24997
0 24168
0 24909
0 24180
0 25059
0 22413
0 21938
0 26840
0 24410
0 24152
0 26873
0 21974
0 24101
0 28182
0 24606
0 24012
0 24538
0 23304
0 23868
0 50941
0 22151
0 21866
0 23867
0 25752
0 21463
0 22483
0 23336
0 23105
0 22141
0 22769
0 23131
0 24974
0 24897
0 24054
0 25088
0 23542
0 23623
0 30514
0 23185
0 24216
0 25225
0 22044
0 24017
0 23542
0 25412
0 29902
0 24700
0 26266
0 28253
0 21723
0 22110
0 24977
0 25677
0 30095
0 24296
0 25704
0 22140
0 26160
0 29781
0 25009
0 24768
0 26068
0 25843
0 26374
0 22976
0 23689
0 25172
0 22888
0 23820
0 21477
0 26666
0 24205
0 23130
0 22216
0 23423
0 23370
0 24905
0 25272
0 28348
0 24569
0 22282
0 22547
0 23373
0 23703
0 23397
0 26071
0 23057
0 22611
0 26241
0 22405
0 25458
0 23423
0 21828
0 22989
0 22935
0 30062
0 23421
0 24210
0 24327
0 25249
0 29545
0 23209
0 25691
0 24254
0 26751
0 23447
0 23897
0 25104
1 65536
0 25422
0 23127
0 26493
0 27454
0 24336
0 23573
0 25385
0 25063
0 24006
0 25953
0 24659
0 29573
0 25415
0 24722
0 32251
0 21833
0 24438
0 27144
0 24302
0 23841
0 28203
0 24639
0 22903
0 22795
0 24557
0 23667
0 28629
0 22909
0 25244
0 26451
0 24006
0 27293
0 23667
0 21787
0 22925
0 24628
0 25311
0 24528
0 29358
0 24535
0 22813
0 24044
0 23648
0 25775
0 25515
0 24995
0 24793
0 23578
0 26553
0 24607
0 24554
0 22487
0 21053
0 23091
0 21524
0 23510
0 23987
0 23010
0 23789
0 26746
0 25628
0 22267
0 26471
0 25275
0 20848
0 22700
0 22000
0 28618
0 23214
0 24817
0 24254
0 23965
0 25700
0 28587
0 24387
0 22877
0 21288
0 25394
0 25642
0 25388
0 24254
0 24007
0 22000
0 26839
0 24486
0 21297
0 23761
0 22974
0 24387
0 22460
0 22866
0 22579
0 25155
0 23127
0 31297
0 25245
0 22304
0 25887
0 24353
0 23846
0 22306
0 29820
0 23212
0 22788
0 23834
0 23835
0 25881
0 24307
0 23481
0 21189
0 25007
0 24027
0 25243
0 23374
0 24390
0 25311
0 24647
0 22805
0 26396
0 25258
0 27676
0 27930
0 23307
0 27538
0 23840
0 23405
0 27995
0 23786
0 25110
0 25380
0 26982
0 24296
0 26578
0 24138
0 24427
0 26717
0 23740
0 24324
0 29818
0 24893
0 24303
0 24148
0 24312
0 24143
0 24834
0 24575
0 22718
0 23269
0 25827
0 23893
0 24717
0 31857
0 23372
0 21941
0 28285
0 22689
0 25285
0 23666
0 24932
0 24813
0 20003
0 56494
0 23034
0 24703
0 30070
0 24657
0 23661
0 23685
0 26839
0 22020
0 22602
0 25008
0 22213
0 27638
0 24677
0 23434
0 26694
0 22025
0 27331
0 23599
0 24695
0 23288
0 23780
0 24813
0 24412
0 23797
0 24036
0 26787
0 23177
0 22804
0 24666
0 22493
0 23560
0 23372
0 24113
0 25634
0 21485
0 25241
0 24161
0 25559
0 25219
0 23354
0 26558
0 23482
0 26167
0 22675
0 24350
0 25257
0 25322
0 23387
0 22209
0 23230
0 27458
0 23775
0 22344
0 25716
0 28200
0 26123
0 23491
0 23129
0 23890
0 23958
0 24901
0 24003
0 22628
0 26256
0 23044
0 29443
0 22934
0 21968
0 27533
0 23443
0 20964
0 24381
0 21824
0 24832
0 24071
0 23466
0 24751
0 26029
0 21467
0 23940
0 23258
0 24592
0 24107
0 25919
0 26137
0 25095
0 26128
0 24065
0 25706
0 27050
0 20501
0 24128
0 41773
0 23641
0 23395
0 24460
0 25858
0 22567
0 26012
0 22791
0 24655
0 23636
0 29803
0 21918
0 24945
0 28909
0 24731
0 23402
0 24032
0 25840
0 23714
0 22729
0 24263
0 24731
0 23957
0 23107
0 24189
0 24007
0 38295
0 23784
0 23830
0 22804
0 23836
0 26120
0 25481
0 30351
0 23149
0 30078
0 24749
0 26094
0 23238
0 22702
0 24846
0 24908
0 30244
0 23417
0 23329
0 27966
0 22835
0 24009
0 27087
0 23256
0 25802
0 24570
0 23490
0 26605
0 23137
0 22789
0 24482
0 23918
0 23993
0 25647
0 23572
0 24218
0 22844
0 24081
0 24088
0 22664
0 20686
0 22280
0 21516
0 23608
0 24169
0 26119
0 25733
0 23495
0 25573
0 24136
0 23388
0 25797
0 25831
0 28776
0 24605
0 21986
0 22959
0 24686
0 25482
0 21464
0 22756
0 25829
0 24347
0 23857
0 25052
0 24368
0 32057
0 63831
0 25387
0 21378
0 20793
0 23503
0 23468
0 26409
0 24384
0 25538
0 25322
0 23403
0 23464
0 23205
0 25228
0 26916
0 24779
0 21816
0 24085
0 26678
0 23127
0 24397
0 24217
0 24755
0 24489
0 25066
0 25636
0 23924
0 23741
0 23253
0 24004
0 25302
0 26523
0 23836
0 23918
0 25448
0 24802
0 23679
0 23990
0 25205
0 22885
0 26122
0 24845
0 23309
0 23803
0 25503
0 24163
0 23732
0 26483
0 28560
0 26035
0 22625
0 27245
0 25074
0 24576
0 22342
0 23911
0 24997
0 24661
0 25886
0 25222
0 24150
0 26860
0 25944
0 29525
0 26443
0 28988
0 23926
0 25533
0 24070
0 20538
0 26326
0 25127
0 21511
0 25122
0 25205
0 23313
0 46211
0 21226
0 23387
0 23285
0 23152
0 18606
0 23811
0 25091
0 20938
0 24962
0 24665
0 23850
0 22728
0 22968
0 23459
0 21193
0 22431
0 23574
0 28601
0 23989
0 37283
0 24503
0 25934
0 24606
0 21576
0 23558
0 25044
0 22905
0 24283
0 23713
0 27046
0 26388
0 23404
0 24808
0 24433
0 23847
0 26606
0 24094
0 24911
0 25045
0 23642
0 23360
0 24452
0 24682
0 21222
0 23886
0 23716
0 25599
0 23050
0 22321
0 26426
0 24475
0 24147
0 23749
0 24610
0 31497
0 24153
0 25737
0 22193
0 24990
0 23500
0 22682
0 25318
0 23459
0 25632
0 25215
0 25644
0 26713
0 24674
0 24202
0 24341
0 22142
0 22544
0 23143
0 26144
0 22720
0 26477
0 22975
0 23474
0 23400
0 21107
0 24766
0 27087
0 24173
0 23973
0 22753
0 24100
0 23556
0 23435
0 24254
0 21271
0 22889
0 24203
0 24254
0 24152
0 23789
0 25940
0 23622
0 24864
0 23527
0 24225
0 21177
0 22814
0 25966
0 22524
0 30879
0 23928
0 23965
0 23972
0 25182
0 24274
0 24915
0 24558
0 23197
0 27343
0 26776
0 23751
0 23960
0 27475
0 27021
0 25894
0 24648
0 29331
0 24444
0 25314
0 22184
0 23158
0 23067
0 23597
0 23852
0 25094
0 26124
0 24447
0 28378
0 24693
0 24070
0 22043
0 24608
0 24039
0 22390
0 26102
0 25039
0 26610
0 26094
0 24962
0 23573
0 21985
0 25149
0 24603
0 24592
0 26837
0 23301
0 23432
0 24622
0 24654
0 23374
0 24013
0 23473
0 22663
0 24486
0 24496
0 24241
0 22105
0 24957
0 23644
0 22649
0 25153
0 26591
0 28461
0 25865
0 28670
0 21752
0 24434
0 22474
0 24161
0 24242
0 24399
0 27897
0 24873
0 23162
0 23245
0 24360
0 25446
0 22524
0 22160
0 20988
0 25306
0 26062
0 24598
0 26526
0 23768
0 24590
0 25116
0 24112
0 24544
0 21761
0 23924
0 24697
0 22548
0 22541
0 24959
0 23770
0 22483
0 24459
0 24373
0 23881
0 23355
0 23393
0 29568
0 25821
0 25139
0 25271
0 25855
0 23215
0 28050
0 21931
0 23722
0 23576
0 24026
0 23024
0 23429
0 23742
0 26436
0 24917
0 22311
0 27122
0 23887
0 23405
0 24182
0 25565
0 23023
0 23489
0 22455
0 27825
0 23578
0 22886
0 22749
0 24975
0 22535
0 26436
0 24135
0 31437
0 30737
0 23912
0 23275
0 27095
0 22299
0 24258
0 24634
0 27174
0 27156
0 26161
0 26442
0 25970
0 26700
0 30131
0 24133
0 23464
0 25324
0 22584
0 21740
0 22601
0 23819
0 21877
0 22608
0 26245
0 23271
0 25849
0 23893
0 22487
0 25175
0 24452
0 24686
0 22584
0 24258
0 25079
0 23370
0 23787
0 27742
0 25747
0 22382
0 28126
0 25495
0 23203
0 23156
0 23282
0 24572
0 24720
0 24191
0 25109
0 23297
0 30390
0 22984
0 21088
0 24637
0 25754
0 23509
0 25153
0 24345
0 23398
0 27237
0 22161
0 24067
0 23425
0 24676
0 43288
0 22345
0 23322
0 23004
0 24282
0 22462
0 23963
0 27676
0 24987
0 25229
0 24114
0 23137
0 24228
0 25101
0 21720
0 23095
0 25266
0 23124
0 25889
0 24205
0 24516
0 23918
0 25161
0 25232
0 21485
0 23358
0 23436
0 23849
0 24593
0 23609
0 26418
0 23572
0 25233
0 26351
0 24315
0 23241
0 25263
0 23348
0 24060
0 22460
0 23008
0 22205
0 23360
0 23357
0 23586
0 24279
0 26429
0 25560
0 28596
0 24420
0 23015
0 24697
0 24121
0 22704
0 25432
0 23451
0 24511
0 23473
0 24197
0 23595
0 23041
0 25804
0 23068
0 24410
0 24990
0 22453
0 26724
0 24330
0 24917
0 23371
0 25181
0 25579
0 24999
0 23420
0 22044
0 23953
0 22574
0 24038
0 24062
0 24680
0 22875
0 25928
0 27053
0 25534
0 23872
0 27520
0 24983
0 24932
0 22432
0 24964
0 28977
0 24321
0 26280
0 21934
0 22470
0 24053
0 24439
0 24366
0 23043
0 25701
0 23760
0 22950
0 22689
0 30921
0 25763
0 22781
0 23303
0 25369
0 23844
0 21823
0 23786
0 25655
0 22817
0 23928
0 25375
0 23982
0 26848
0 24870
0 23483
0 24100
0 21144
0 24595
0 21231
0 24653
0 24507
0 22890
0 24518
0 22929
0 23786
0 28930
0 22960
0 26990
0 24947
0 20792
0 25797
0 25189
0 25441
0 26651
0 29897
0 26386
0 22172
0 26829
0 27109
0 23357
0 23609
0 22929
0 22698
0 24540
0 24811
0 31637
0 24890
0 22879
0 24029
0 23383
0 30639
0 26159
0 25571
0 28770
0 23885
0 24390
0 25957
0 25274
0 22891
0 23876
0 23594
0 21476
0 27445
0 23527
0 22760
0 30279
0 23065
0 24287
0 24673
0 25327
0 23700
0 22215
0 24222
0 24597
0 23770
0 23005
0 24633
0 28784
0 21804
0 24942
0 21457
0 24136
0 26190
0 25265
0 24088
0 25262
0 20366
0 23099
0 24271
0 24341
0 25337
0 24861
0 23739
0 24612
0 24091
0 24946
0 23410
0 25803
0 22088
0 23718
0 32453
0 23579
0 32465
0 24806
0 24266
0 25462
0 24110
0 25575
0 24364
0 25380
0 24627
0 25731
0 36549
0 22338
0 25655
0 23726
0 23111
0 24720
0 24942
0 23888
0 23670
0 24433
0 27554
0 20354
0 24944
0 22684
0 24666
0 23018
0 23911
0 26367
0 25765
0 25702
0 25744
0 23175
0 22970
0 25009
0 39080
0 25295
0 25258
0 25220
0 23487
0 23662
0 23993
0 24824
0 24802
0 23917
0 22425
0 20978
0 24145
0 21093
0 23559
0 24550
0 26053
0 23660
0 24008
0 26939
0 24618
0 26352
0 25070
0 25349
0 22263
0 24505
0 24535
0 38758
0 23092
0 24665
0 24380
0 23470
0 25852
0 25935
0 24261
0 25521
0 23979
0 25881
0 25300
0 25479
0 25920
0 22986
0 23413
0 22945
0 22025
0 24187
0 25142
0 25964
0 24539
0 24072
0 25456
0 20522
0 24474
0 25303
0 24479
0 23122
0 23217
0 23531
0 23038
0 28758
0 25039
0 21689
0 23925
0 25864
0 23706
0 23488
0 24011
0 22419
0 27399
0 26024
0 23317
0 23876
0 25816
0 26889
0 25417
0 22373
0 25663
0 23122
0 23256
0 25511
0 25193
0 23650
0 25271
0 24400
0 24702
0 24196
0 24090
0 24788
0 24242
0 24869
0 24199
0 25268
0 25476
0 24756
0 26182
0 25193
0 22871
0 23468
0 25181
0 24408
0 24070
0 23822
0 21761
0 25016
0 24642
0 29464
0 23984
0 23700
0 27493
0 23666
0 24948
0 23725
0 22818
0 24726
0 23487
0 22992
0 24618
0 25094
0 22425
0 24210
0 20430
0 26341
0 24356
0 26989
0 23298
0 23515
0 25241
0 25456
0 30452
0 24006
0 25423
0 24167
0 25843
0 21916
0 26534
0 24779
0 22056
0 22441
0 22779
0 24285
0 24877
0 24983
0 26875
0 21682
0 25678
0 25060
0 26638
0 22582
0 25981
0 20988
0 25136
0 25684
0 25089
0 24544
0 26368
0 23007
0 25590
0 24476
0 24367
0 24591
0 24290
0 22650
0 23620
0 23003
0 26197
0 25770
0 24108
0 24208
0 23357
0 24521
0 25993
0 27155
0 25028
0 27227
0 23228
0 24980
0 23981
0 20705
0 23455
0 24073
0 25156
0 23395
0 25505
0 26106
0 21702
0 22930
0 24033
0 24796
0 25520
0 24141
0 25809
0 23862
0 22491
0 33140
0 24246
0 24550
0 23854
0 22080
0 22479
0 24905
0 23906
0 24036
0 24159
0 23415
0 25995
0 30475
0 24057
0 26166
0 26920
0 24912
0 25133
0 25203
0 25745
0 26176
0 24549
0 25660
0 25714
0 21563
0 25065
0 23773
0 22330
0 23001
0 24715
0 26020
0 22353
0 23761
0 24188
0 24903
0 24291
0 27382
0 25510
0 23820
0 22718
0 23464
0 24859
0 25912
0 23280
0 24725
0 21984
0 22486
0 25033
0 24417
0 25314
0 23002
0 23401
0 23633
0 25771
0 21880
0 24502
0 23210
0 24627
0 49312
0 22413
0 22384
0 23735
0 27818
0 25639
0 23215
0 36005
0 24415
0 24883
0 22099
0 23364
0 22964
0 21988
0 26169
0 24646
0 24496
0 28335
0 24641
0 23129
0 26161
0 23475
0 27602
0 22823
0 23955
0 23934
0 22605
0 24755
0 23498
0 24044
0 23983
0 24375
0 25423
0 24126
0 24802
0 22248
0 24155
0 23257
0 21030
0 22584
0 23636
0 24128
0 22458
0 25884
0 23630
0 25413
0 29187
0 24753
0 25212
0 24817
0 30454
0 24447
0 24166
0 23839
0 23357
0 26808
0 25166
0 26741
0 22780
0 20948
0 25258
0 39818
0 27525
0 24267
0 29350
0 22986
0 23194
0 22381
0 24133
0 23393
0 23281
0 23647
0 31263
0 22889
0 24895
0 23902
0 24061
0 24404
0 25834
0 22793
0 24583
0 22572
0 23650
0 21410
0 26023
0 23091
0 24105
0 24812
0 24678
0 23730
0 23050
0 21787
0 22048
0 23940
0 25022
0 23073
1 65536
0 25236
0 26402
0 23735
0 25559
0 24988
0 21234
0 23026
0 24146
0 22604
0 22901
0 19745
0 24160
0 24124
0 26554
0 24980
0 23026
0 26011
0 23438
0 24502
0 33882
0 24564
0 25807
0 23505
0 23761
0 23654
0 24139
0 23963
0 26182
0 24753
0 22265
0 26544
0 24845
0 22646
0 23525
0 23072
0 24214
0 23046
0 22923
0 24767
0 31957
0 23707
0 24116
0 23272
0 25288
0 25574
0 22769
0 22818
0 23087
0 25565
0 24252
0 22846
0 22871
0 24548
0 25202
0 23652
0 23465
0 49432
0 21620
0 31875
0 24788
0 24124
0 23191
0 23780
0 26037
0 22401
0 22617
0 22325
0 23161
0 24134
0 26534
0 25175
0 22425
0 24015
0 25535
0 25770
0 22075
0 22857
0 22613
0 24701
0 23428
0 23149
0 25337
0 25054
0 25738
0 28552
0 23994
0 23992
0 22909
0 25070
0 25024
0 24407
0 26286
0 21177
0 25781
0 24968
0 27936
0 25814
0 26795
0 23558
0 24069
0 22896
0 25173
0 21954
0 25815
0 22330
0 23108
0 23202
0 22555
0 23939
0 24887
0 23002
0 26175
0 24661
0 24021
0 25026
0 29342
0 23677
0 22950
0 21801
0 21991
0 24980
0 23107
0 23941
0 24246
0 23481
0 22870
0 23266
0 23526
0 22278
0 24255
0 30753
0 30587
0 22494
0 24438
0 27260
0 22552
0 23526
0 23477
0 23423
0 22646
0 23529
0 23998
0 24351
0 23849
0 22559
0 24514
0 27432
0 22070
0 27360
0 23958
0 24772
0 25099
0 24143
0 22189
0 26670
0 24618
0 23426
0 23472
0 23309
0 25324
0 22699
0 24655
0 23334
0 23570
0 27562
0 23905
0 23851
0 25337
0 24507
0 25043
0 23819
0 26159
0 22350
0 25683
0 22877
0 23966
0 22534
0 24363
0 28071
0 26337
0 26374
0 23770
0 21820
0 24236
0 26134
0 28692
0 27274
0 22841
0 27741
0 24723
0 23113
0 22872
0 21666
0 24988
0 22742
0 25116
0 23579
0 23680
0 25327
0 21481
0 23111
0 25896
0 23930
0 26046
0 24041
0 25041
0 21991
0 24568
0 25653
0 23446
0 24096
0 23177
0 24324
0 26118
0 23009
0 27952
0 28940
0 24787
0 25236
0 24103
0 27647
0 25480
0 25748
0 23345
0 24492
0 24123
0 26905
0 25157
0 23573
0 23828
0 24117
0 24174
0 24321
0 25980
0 23865
0 21431
0 22668
0 29845
0 25053
0 51934
0 21551
0 25506
0 23045
0 24102
0 24992
0 23243
0 24624
0 37046
0 23867
0 22728
0 27072
0 27306
0 23376
0 24458
0 24765
0 23798
0 24856
0 25589
0 24273
0 24002
0 26458
0 23606
0 24857
0 19697
0 24493
0 23006
0 23897
0 22932
0 23826
0 27454
0 24499
0 21798
0 23326
0 24859
0 22486
0 26273
0 23211
0 23874
0 24493
0 23739
0 25086
0 22546
0 21859
0 23168
0 24862
0 23904
0 23017
0 27243
0 25045
0 24307
0 23023
0 20597
0 24116
0 25965
0 29490
0 21912
0 25956
0 23919
0 26024
0 26093
0 24389
0 30136
0 24788
0 26538
0 26903
0 23760
0 24125
0 23853
0 24396
0 28662
0 25052
0 23762
0 23332
0 25074
0 24258
0 26223
0 22332
0 24219
0 23302
0 24959
0 27674
0 22325
0 22453
0 22666
0 25277
0 22928
0 21901
0 23976
0 24119
0 25011
0 23744
0 25186
0 26312
0 23678
0 21690
0 23896
0 23122
0 25044
0 24717
0 23874
0 22467
0 23005
0 24514
0 22568
0 24772
0 23771
0 24357
0 26833
0 22789
0 22962
0 23190
0 36633
0 21701
0 25641
0 25968
0 23150
0 23902
0 23261
0 24643
0 28772
0 24990
0 24271
0 23131
0 24904
0 24995
0 24445
0 27293
0 29861
0 24289
0 22816
0 25415
0 24114
0 25343
0 25919
0 24585
0 20797
0 24055
0 23547
0 23333
0 23597
0 22678
0 23562
0 24792
0 24513
0 22734
0 24786
0 24499
0 21800
0 23405
0 28867
0 23701
0 22526
0 23440
0 24760
0 23655
0 28102
0 23560
0 22570
0 25685
0 23587
0 27566
0 27019
0 23447
0 24328
0 24100
0 24407
0 23587
0 22879
0 25519
0 24139
0 23650
0 24626
0 24243
0 25007
0 23796
0 25038
0 23984
0 24296
0 28152
0 24072
0 24681
0 26244
0 24488
0 23156
0 25627
0 21495
0 23212
0 22781
0 24133
0 24906
0 48349
0 23392
0 29349
0 23333
0 23891
0 24475
0 28750
0 25678
0 24651
0 24093
0 33048
0 26061
0 21979
0 22340
0 32560
0 22594
0 25696
0 24993
0 25139
0 22597
0 25995
0 24002
0 24342
0 25279
0 24073
0 21275
0 24453
0 23286
0 25246
0 23732
0 25875
0 25986
0 22036
0 26108
0 22937
0 23021
0 24647
0 22594
0 23870
0 24797
0 29986
0 22760
0 27765
0 23942
0 23131
0 23759
0 23285
0 25502
0 28952
0 25437
0 23126
0 22246
0 25838
0 28775
0 26563
0 24484
0 24173
0 23960
0 23049
0 26980
0 24413
0 24174
0 23781
0 23892
0 23664
0 24933
0 21987
0 23986
0 26034
0 27383
0 23603
0 27509
0 24233
0 24555
0 30444
0 25134
0 24556
0 23335
0 23308
0 23420
0 24739
0 24365
0 29300
0 25031
0 24589
0 23490
0 22429
0 25871
0 23351
0 25591
0 21550
0 22341
0 22278
0 24619
0 22203
0 27671
0 27862
0 22655
0 24929
0 27011
0 20782
0 23459
0 27215
0 25634
0 23274
0 25807
0 25536
0 23847
0 25886
0 22381
0 24901
0 24133
0 26070
0 25639
0 26530
0 24087
0 26356
0 26558
0 23273
0 24264
0 23147
0 24187
0 23080
0 22931
0 23213
0 22232
0 23596
0 25160
0 24670
0 23529
0 26077
0 23525
0 26870
0 25115
0 24463
0 27095
0 24659
0 24142
0 21921
0 24761
0 24732
0 24591
0 22835
0 23491
0 23770
0 24963
0 24885
0 22497
0 24433
0 23961
0 26471
0 23502
0 21134
0 23154
0 21481
0 22724
0 25444
0 24930
0 25467
0 22941
0 23146
0 25002
0 24299
0 23091
0 23612
0 22887
0 24077
0 25571
0 23382
0 28659
0 22684
0 24341
0 24460
0 24247
0 25641
0 21710
0 26068
0 24672
0 22382
0 24887
0 24880
0 28323
0 25130
0 23024
0 25009
0 22611
0 22048
0 24235
0 24880
0 24475
0 24106
0 23394
0 23872
0 23816
0 23773
0 25544
0 23990
0 24340
0 23594
0 25428
0 23992
0 23282
0 25212
0 26308
0 25452
0 26990
0 22291
0 24924
0 23233
0 25703
0 25265
0 27159
0 24247
0 23703
0 24790
0 23354
0 24610
0 24606
0 24394
0 23658
0 26170
0 25823
0 26207
0 22620
0 23004
0 23496
0 22625
0 29967
0 24973
0 24156
0 22265
0 24297
0 21991
0 23335
0 23627
0 24419
0 29022
0 24688
0 24860
0 24965
0 27223
0 23842
0 23133
0 23965
0 26784
0 24561
0 24710
0 25490
0 24564
0 27199
0 31373
0 24934
0 23707
0 27114
0 27215
0 23955
0 23926
0 25312
0 22105
0 23099
0 23685
0 22739
0 23233
0 33740
0 23618
0 25586
0 21862
0 24362
0 27418
0 24087
0 25229
0 26188
0 22153
0 25297
0 21415
0 25107
0 25092
0 24539
0 25186
0 24433
0 26331
0 21977
0 23317
0 23918
0 23545
0 24789
0 24790
0 20658
0 23943
0 23764
0 22992
0 26400
0 25767
0 26377
0 24361
0 22915
0 24741
0 24122
0 22585
0 27157
0 26926
0 41620
0 23413
0 27390
0 24180
0 25416
0 25392
0 24903
0 23727
0 24594
0 25650
0 24519
0 23420
0 24441
0 24528
0 25385
0 23271
0 24281
0 22580
0 24776
0 24497
0 24029
0 26723
0 25032
0 22005
0 24234
0 22371
0 23688
0 24109
0 21023
0 23568
0 23484
0 24806
0 20882
0 24721
0 23536
0 24484
0 23432
0 21002
0 23466
0 24714
0 24855
0 23789
0 23197
0 28766
0 22963
0 23789
0 23128
0 26555
0 22096
0 23753
0 23823
0 28228
0 24088
0 23190
0 23997
0 23247
0 24427
0 24977
0 22784
0 22560
0 23686
0 24593
0 23371
0 24057
0 25007
0 23994
0 26194
0 26748
0 24705
0 26747
0 23505
0 24930
0 23645
0 24525
0 24310
0 27295
0 28325
0 23809
0 23914
0 23126
0 25665
0 24414
0 30683
0 24646
0 24447
0 23824
0 23913
0 27423
0 23087
0 26761
0 30035
0 25932
0 24434
0 33869
0 23499
0 24871
0 23103
0 27087
0 23798
0 26411
0 23860
0 21310
0 25520
0 24382
0 29145
0 21981
0 22615
0 26742
0 23272
0 25098
0 25170
0 24455
0 21085
0 22502
0 23775
0 23623
0 21196
0 24697
0 26365
0 22390
0 25236
0 25055
0 24343
0 24617
0 23817
0 25787
0 22909
0 23225
0 23818
0 23327
0 22410
0 23686
0 24044
0 25169
0 23718
0 23447
0 23907
0 24550
0 35360
0 23156
0 26345
0 21558
0 22816
0 22883
0 23647
0 21717
0 21439
0 23728
0 25947
0 22595
0 22633
0 26984
0 24486
0 23145
0 24211
0 24010
0 24141
0 23809
0 25155
0 23914
0 26373
0 23572
0 24205
0 23792
0 23652
0 24642
0 23524
0 24448
0 25664
0 24465
0 23181
0 23048
0 23913
0 23218
0 24689
0 23074
0 23710
0 24050
0 23626
0 24300
0 23452
0 23973
0 22078
0 24227
0 24722
0 22433
0 24473
0 24117
0 24140
0 23955
0 24590
0 26872
0 23645
0 25728
0 24190
0 22558
0 22245
0 24070
0 22347
0 25284
0 23185
0 28407
0 21370
0 23400
0 23130
0 24806
0 24332
0 22597
0 25156
0 23316
0 24588
0 24427
0 23618
0 37856
0 20642
0 21638
0 25708
0 27073
0 24887
0 25805
0 24429
0 23497
0 24414
0 24325
0 36866
0 24008
0 24345
0 24294
0 29484
0 23709
0 23821
0 24772
0 24783
0 25400
0 33387
0 22320
0 24450
0 23320
0 22986
0 24352
0 25968
0 24239
0 22935
0 22719
0 21170
0 23663
0 26697
0 24104
0 26095
0 23755
0 25985
0 23768
0 23554
0 24853
0 23835
0 23661
0 25544
0 22770
0 25926
0 22382
0 26070
0 24114
0 26303
0 23458
0 25977
0 25228
0 25900
0 29027
0 25215
0 25665
0 25209
0 25001
0 24408
0 23766
0 24192
0 27741
0 24757
0 23266
0 23775
0 23292
0 23167
0 24147
0 24920
0 25042
0 28618
0 23727
0 24648
0 24292
0 23389
0 24803
0 23055
0 24706
0 23786
0 25421
0 23175
0 22190
0 25752
0 24411
0 22363
0 24844
0 23540
0 23134
0 27071
0 25475
0 27589
0 24364
0 23244
0 25029
0 24477
0 23176
0 23443
0 25230
0 24333
0 22554
0 30552
0 25384
0 23484
0 23264
0 21619
0 23617
0 21573
0 26195
0 25390
0 23955
0 24795
0 23766
0 23656
0 28152
0 26392
0 25600
0 26562
0 23493
0 23549
0 23839
0 24331
0 23370
0 26086
0 24669
0 26773
0 23170
0 21408
0 25080
0 24889
0 24288
0 21533
0 25139
0 25046
0 23708
0 24334
0 24998
0 24123
0 22548
0 25455
0 23493
0 20355
0 23839
0 25191
0 24313
0 22059
0 25102
0 22960
0 22429
0 25000
0 24566
0 23675
0 23251
0 23392
0 23841
0 23473
0 23894
0 27891
0 26247
0 23922
0 28729
0 24752
0 25964
0 23292
0 24011
0 25870
0 24844
0 22028
0 26054
0 24712
0 22949
0 26183
0 26018
0 23802
0 25831
0 23706
0 24698
0 24276
0 20379
0 29799
0 24793
0 24505
0 26468
0 22177
0 30569
0 23399
0 20734
0 23347
0 23055
0 26271
0 25618
0 23867
0 24077
0 24100
0 25596
0 22988
0 25385
0 24667
0 23265
0 26146
0 24770
0 22407
0 24554
0 24084
0 24093
0 22895
0 24533
0 25841
0 24042
0 22507
0 24387
0 27167
0 21314
0 24583
0 25954
0 22833
0 23839
0 23764
