# SA for random K-SAT
# K = 3   N = 1024   M = 3968   seed = 4169714466
# alpha = 3.875000   nIter = 512  Tmax = 0.200000
# 1:lowestUnsat  2:runTime
1 512
1 512
1 512
2 512
2 512
0 324
0 295
0 246
0 148
0 241
0 169
1 512
3 512
0 304
1 512
0 136
0 402
1 512
2 512
0 100
0 145
3 512
0 330
0 129
2 512
0 266
1 512
1 512
0 106
0 375
0 141
0 321
0 286
1 512
0 75
1 512
0 198
2 512
1 512
1 512
0 130
1 512
0 97
1 512
2 512
0 123
1 512
1 512
2 512
0 416
2 512
0 120
0 162
2 512
1 512
1 512
2 512
1 512
2 512
0 231
1 512
1 512
1 512
0 67
0 138
1 512
0 145
1 512
1 512
1 512
0 310
0 122
1 512
2 512
1 512
0 132
0 168
0 397
0 242
2 512
1 512
0 253
0 397
0 264
2 512
4 512
0 497
1 512
0 96
2 512
0 185
0 235
2 512
1 512
0 201
1 512
1 512
3 512
1 512
1 512
3 512
0 415
0 159
0 196
1 512
2 512
0 204
0 356
0 130
0 202
0 248
0 202
2 512
1 512
1 512
0 397
2 512
0 129
0 71
1 512
0 144
0 512
1 512
2 512
3 512
1 512
0 124
0 494
1 512
1 512
0 237
1 512
0 377
2 512
0 165
0 482
0 489
1 512
1 512
0 107
0 89
1 512
2 512
0 204
1 512
0 93
0 390
3 512
0 462
0 372
1 512
1 512
0 115
0 318
1 512
0 347
0 209
1 512
0 286
0 404
1 512
1 512
0 441
3 512
1 512
0 275
0 276
0 221
0 117
0 413
3 512
0 428
2 512
0 181
1 512
0 270
1 512
0 259
0 77
1 512
1 512
0 421
0 157
0 500
0 304
1 512
0 261
2 512
2 512
1 512
1 512
0 90
0 184
1 512
1 512
0 177
0 134
1 512
0 251
1 512
0 236
1 512
0 137
1 512
0 115
0 277
1 512
1 512
3 512
1 512
1 512
2 512
2 512
0 247
0 126
1 512
1 512
0 125
2 512
0 158
0 460
0 234
1 512
0 281
0 242
0 384
0 301
0 140
1 512
1 512
0 296
0 304
0 207
1 512
1 512
0 177
1 512
2 512
0 138
1 512
1 512
0 214
0 121
1 512
2 512
1 512
2 512
0 399
1 512
0 453
1 512
1 512
1 512
1 512
0 156
3 512
0 197
0 410
1 512
0 285
0 204
1 512
1 512
0 284
1 512
0 354
0 473
0 278
0 184
0 126
0 141
1 512
0 147
2 512
3 512
0 150
0 139
0 152
0 461
0 112
0 164
0 173
0 148
0 110
0 424
0 129
1 512
1 512
1 512
1 512
1 512
1 512
0 179
0 237
0 408
1 512
0 322
1 512
1 512
1 512
0 503
1 512
0 190
1 512
2 512
1 512
3 512
1 512
2 512
1 512
0 201
1 512
0 357
0 279
0 245
1 512
0 379
0 479
1 512
2 512
1 512
2 512
1 512
0 186
1 512
0 244
0 75
0 373
0 254
0 233
1 512
1 512
1 512
0 214
0 491
2 512
2 512
0 280
0 139
0 321
0 117
1 512
2 512
1 512
3 512
2 512
0 353
0 255
1 512
1 512
0 268
0 469
0 403
1 512
0 88
0 347
1 512
1 512
0 389
1 512
1 512
0 223
0 157
0 324
0 359
0 294
1 512
1 512
2 512
0 502
1 512
1 512
0 332
1 512
0 506
1 512
1 512
1 512
0 125
1 512
0 195
0 443
0 378
2 512
0 160
1 512
0 242
0 355
0 338
0 246
0 249
1 512
0 210
0 173
1 512
0 126
2 512
0 97
0 148
0 221
2 512
1 512
0 362
0 224
0 220
1 512
2 512
0 441
1 512
0 45
0 276
1 512
1 512
0 224
2 512
0 329
1 512
0 277
0 138
1 512
0 253
0 174
0 152
1 512
0 387
1 512
3 512
0 444
0 349
0 282
0 100
0 379
1 512
1 512
0 240
1 512
1 512
1 512
0 271
3 512
0 340
1 512
0 133
0 475
1 512
1 512
3 512
1 512
0 378
0 104
0 365
0 288
0 450
1 512
0 184
0 449
0 317
2 512
1 512
0 237
0 157
0 344
0 238
0 122
0 90
0 190
1 512
0 293
1 512
1 512
3 512
0 189
1 512
2 512
0 148
0 79
0 430
4 512
0 259
2 512
1 512
0 499
0 184
0 135
0 135
1 512
1 512
0 224
0 442
0 183
0 237
2 512
3 512
0 350
0 262
0 275
0 216
3 512
0 247
0 86
0 170
0 253
1 512
1 512
0 476
0 146
0 207
0 292
0 418
3 512
2 512
1 512
2 512
0 190
1 512
0 412
0 179
2 512
0 462
2 512
1 512
0 362
0 129
0 169
0 247
1 512
1 512
0 120
0 118
0 372
1 512
2 512
1 512
0 166
0 152
1 512
0 409
5 512
1 512
0 55
1 512
1 512
0 139
1 512
0 322
1 512
2 512
0 373
0 95
1 512
0 406
0 370
0 183
0 90
1 512
1 512
2 512
0 336
0 208
0 193
2 512
0 372
0 395
1 512
1 512
1 512
4 512
1 512
3 512
0 312
0 415
2 512
1 512
0 145
0 146
0 130
0 221
0 502
1 512
0 149
1 512
0 444
1 512
1 512
0 220
0 174
1 512
2 512
1 512
0 119
0 150
0 69
1 512
0 145
1 512
1 512
0 327
0 222
0 232
0 207
2 512
0 274
0 138
0 478
0 449
2 512
1 512
1 512
1 512
0 98
2 512
0 180
1 512
0 293
2 512
4 512
0 297
0 343
0 468
0 353
1 512
2 512
0 136
0 152
0 214
1 512
0 252
0 360
0 511
2 512
0 262
1 512
0 110
0 428
0 115
1 512
0 451
0 58
0 146
0 170
0 446
1 512
0 278
1 512
0 224
3 512
3 512
0 243
2 512
1 512
2 512
1 512
0 132
0 110
0 164
2 512
1 512
1 512
1 512
1 512
1 512
1 512
0 455
1 512
0 137
1 512
0 366
0 423
0 481
0 246
0 154
0 193
1 512
0 173
1 512
1 512
2 512
1 512
2 512
0 168
0 88
0 194
0 167
1 512
0 443
2 512
1 512
0 251
0 301
0 193
1 512
0 389
1 512
1 512
0 424
4 512
0 285
1 512
0 223
0 344
0 112
0 121
1 512
0 221
0 187
0 392
1 512
0 174
1 512
2 512
2 512
0 190
0 162
0 125
0 184
1 512
3 512
0 285
1 512
2 512
0 277
0 325
0 124
2 512
0 329
2 512
1 512
1 512
0 251
0 366
1 512
0 185
1 512
1 512
0 476
0 241
1 512
1 512
1 512
0 317
2 512
0 303
0 87
0 135
1 512
0 191
2 512
0 222
1 512
1 512
0 416
2 512
1 512
1 512
1 512
1 512
1 512
1 512
1 512
1 512
0 429
1 512
0 400
2 512
0 274
2 512
2 512
0 307
1 512
0 141
0 254
0 149
0 279
1 512
0 241
0 236
2 512
0 320
1 512
0 306
2 512
1 512
1 512
2 512
1 512
0 229
1 512
0 216
0 150
0 138
1 512
1 512
4 512
0 305
0 191
0 92
0 440
0 431
0 493
0 234
0 155
0 406
0 285
0 325
0 441
0 195
3 512
1 512
0 264
2 512
2 512
0 211
1 512
1 512
1 512
0 318
1 512
0 147
1 512
2 512
1 512
1 512
0 75
1 512
0 155
0 232
1 512
0 114
1 512
0 131
0 395
2 512
0 343
0 83
3 512
0 201
3 512
1 512
0 188
0 312
0 318
0 250
0 144
0 100
0 287
0 253
0 251
1 512
0 438
1 512
1 512
0 414
1 512
1 512
0 301
1 512
0 257
1 512
1 512
0 308
2 512
0 127
1 512
2 512
1 512
0 278
0 197
2 512
0 154
1 512
1 512
0 213
2 512
1 512
0 106
0 416
0 398
0 274
0 422
0 399
2 512
1 512
1 512
1 512
0 270
0 169
1 512
1 512
0 117
0 454
0 32
1 512
0 103
0 215
3 512
1 512
1 512
1 512
1 512
0 101
0 209
1 512
1 512
2 512
1 512
0 108
1 512
1 512
1 512
0 113
0 506
4 512
0 101
0 160
1 512
0 471
0 506
0 194
0 278
0 222
0 403
1 512
0 102
1 512
0 206
1 512
3 512
0 506
1 512
1 512
0 194
0 295
0 205
0 204
1 512
0 202
2 512
0 443
0 334
4 512
1 512
3 512
0 301
0 169
0 112
0 145
0 210
0 243
0 266
0 389
1 512
1 512
0 89
0 130
1 512
1 512
1 512
2 512
0 317
0 312
0 152
0 199
0 154
1 512
0 197
0 410
4 512
3 512
0 290
0 140
0 89
0 326
0 91
0 95
0 148
1 512
0 135
1 512
0 248
2 512
0 199
0 390
1 512
0 180
0 147
1 512
0 195
1 512
1 512
1 512
3 512
0 184
1 512
0 124
0 84
0 38
2 512
0 441
1 512
0 435
0 147
1 512
1 512
0 306
0 432
1 512
0 139
0 448
0 211
0 183
0 269
0 188
0 225
0 183
0 259
0 453
1 512
1 512
2 512
2 512
1 512
1 512
2 512
0 398
0 143
1 512
0 179
3 512
2 512
0 499
1 512
1 512
0 506
0 223
0 354
2 512
1 512
1 512
4 512
0 181
5 512
3 512
1 512
4 512
3 512
1 512
0 276
1 512
4 512
0 139
0 244
1 512
2 512
2 512
1 512
1 512
0 129
0 430
2 512
1 512
1 512
0 164
0 255
2 512
0 148
0 100
0 303
1 512
2 512
0 499
0 352
0 193
0 353
0 285
2 512
0 207
0 344
0 243
1 512
0 335
2 512
1 512
1 512
3 512
1 512
2 512
2 512
1 512
0 225
1 512
0 241
2 512
0 310
0 142
3 512
0 95
1 512
1 512
0 88
1 512
4 512
0 313
0 219
2 512
1 512
4 512
1 512
0 397
1 512
2 512
0 413
1 512
1 512
2 512
0 456
0 198
1 512
0 147
0 237
0 197
1 512
0 252
1 512
0 307
0 104
0 375
0 445
1 512
3 512
1 512
3 512
0 315
1 512
1 512
0 229
2 512
0 85
1 512
1 512
0 122
0 313
0 116
0 427
3 512
0 425
1 512
1 512
0 81
1 512
0 319
0 231
1 512
4 512
0 470
0 116
0 463
0 87
2 512
1 512
0 93
2 512
2 512
1 512
0 173
2 512
1 512
0 166
0 224
2 512
0 277
2 512
0 309
0 168
1 512
0 193
1 512
1 512
0 163
0 235
0 335
2 512
1 512
0 251
1 512
0 145
1 512
1 512
1 512
0 501
0 196
3 512
0 173
0 164
1 512
1 512
3 512
0 228
0 242
0 262
2 512
1 512
0 81
0 356
0 188
1 512
2 512
1 512
0 284
2 512
0 186
1 512
0 243
1 512
0 201
0 261
0 309
0 78
0 425
3 512
1 512
0 275
0 207
1 512
0 291
3 512
0 416
1 512
1 512
1 512
0 201
0 200
1 512
1 512
2 512
3 512
0 325
0 359
2 512
2 512
0 469
2 512
1 512
2 512
0 173
0 324
0 319
0 182
0 375
0 233
0 260
0 179
0 341
0 164
0 66
2 512
0 173
0 146
0 344
0 341
0 147
0 231
0 254
1 512
0 194
1 512
1 512
0 190
0 316
0 145
0 139
0 197
1 512
2 512
0 285
0 119
0 147
2 512
0 386
0 224
1 512
1 512
2 512
2 512
0 225
0 176
0 175
0 282
0 471
0 120
0 66
1 512
1 512
0 271
0 318
0 237
1 512
1 512
0 127
1 512
0 483
0 244
0 219
0 149
0 204
0 320
1 512
0 510
1 512
0 67
2 512
2 512
0 325
2 512
0 197
0 293
0 104
0 256
0 120
2 512
0 157
0 304
1 512
0 318
0 245
1 512
2 512
0 252
1 512
1 512
0 429
1 512
0 150
1 512
0 141
1 512
2 512
2 512
0 404
1 512
0 391
2 512
2 512
0 210
1 512
0 255
0 262
2 512
1 512
0 340
1 512
1 512
1 512
0 450
1 512
2 512
1 512
0 211
1 512
0 124
0 264
0 157
1 512
0 403
1 512
0 160
0 162
2 512
0 418
2 512
0 324
1 512
1 512
0 219
1 512
1 512
0 419
0 319
0 129
1 512
0 125
0 100
1 512
3 512
0 391
0 274
0 461
0 199
1 512
0 341
0 405
0 420
0 479
4 512
2 512
1 512
1 512
0 216
0 166
0 123
0 191
2 512
1 512
0 392
1 512
1 512
0 278
0 421
1 512
0 158
2 512
1 512
0 298
0 282
2 512
0 472
0 126
0 203
1 512
3 512
1 512
1 512
0 333
1 512
0 140
1 512
1 512
1 512
1 512
1 512
0 203
2 512
0 361
0 237
0 211
3 512
0 99
1 512
1 512
0 135
1 512
0 226
3 512
0 92
0 251
1 512
1 512
1 512
1 512
0 81
0 114
1 512
0 186
0 206
0 274
1 512
2 512
0 338
0 131
0 305
0 155
0 122
0 182
1 512
1 512
1 512
0 229
1 512
3 512
1 512
0 199
1 512
0 287
0 154
2 512
1 512
2 512
3 512
1 512
0 261
1 512
1 512
1 512
0 362
1 512
1 512
1 512
1 512
1 512
0 122
1 512
0 131
1 512
1 512
0 333
1 512
0 404
1 512
0 362
0 130
1 512
1 512
0 392
0 258
1 512
0 292
1 512
0 130
1 512
1 512
0 479
0 315
0 370
2 512
2 512
1 512
0 502
0 90
0 251
1 512
0 500
1 512
0 137
0 169
0 326
3 512
1 512
0 164
0 410
1 512
0 511
0 335
1 512
2 512
0 107
1 512
1 512
1 512
3 512
2 512
0 187
0 321
1 512
0 123
1 512
0 134
0 234
1 512
1 512
0 320
1 512
0 253
0 211
0 488
0 344
0 443
0 250
0 164
1 512
0 144
0 288
0 343
1 512
1 512
1 512
0 211
0 309
0 323
2 512
0 452
0 293
0 153
0 136
0 236
0 209
0 194
2 512
0 330
2 512
0 228
0 206
0 152
1 512
0 119
0 167
0 166
2 512
2 512
1 512
2 512
0 509
0 419
3 512
0 144
1 512
0 439
0 351
0 284
0 306
0 329
1 512
2 512
0 149
1 512
2 512
1 512
3 512
3 512
1 512
0 244
0 354
0 378
4 512
1 512
0 346
2 512
0 486
2 512
0 482
1 512
0 199
0 240
1 512
0 386
4 512
0 357
2 512
2 512
0 146
0 164
1 512
2 512
1 512
2 512
1 512
0 84
0 444
1 512
0 140
1 512
1 512
0 385
0 418
1 512
1 512
1 512
0 409
1 512
0 417
0 151
0 308
0 138
0 391
0 107
0 78
0 311
1 512
0 125
0 92
1 512
1 512
1 512
1 512
1 512
0 95
0 206
1 512
1 512
2 512
0 120
1 512
1 512
0 221
0 171
1 512
0 450
1 512
0 391
0 129
0 486
0 153
1 512
1 512
1 512
1 512
1 512
1 512
0 118
0 141
0 67
2 512
1 512
0 279
2 512
2 512
0 215
1 512
3 512
0 339
1 512
2 512
0 257
1 512
1 512
1 512
2 512
1 512
0 153
0 130
0 222
0 94
2 512
0 228
1 512
0 231
0 164
0 84
0 322
1 512
0 83
1 512
4 512
1 512
0 228
2 512
2 512
1 512
1 512
0 232
0 371
1 512
0 274
0 170
0 471
0 254
0 386
1 512
1 512
0 479
1 512
0 140
0 256
0 162
0 230
3 512
1 512
0 210
0 243
0 219
0 201
3 512
0 445
0 138
2 512
0 306
1 512
1 512
0 402
0 156
0 136
2 512
2 512
0 163
2 512
3 512
2 512
2 512
0 145
0 326
0 224
0 204
0 415
1 512
2 512
1 512
1 512
3 512
0 228
0 237
1 512
0 199
1 512
1 512
0 418
3 512
0 347
2 512
1 512
1 512
1 512
0 451
1 512
2 512
0 334
0 72
1 512
0 260
2 512
0 130
0 244
0 123
0 427
0 329
2 512
1 512
1 512
0 127
2 512
0 185
0 421
0 192
0 221
1 512
0 156
1 512
0 230
3 512
0 142
1 512
3 512
0 319
1 512
0 502
0 506
2 512
1 512
0 162
0 219
1 512
0 239
0 82
0 178
0 326
2 512
1 512
3 512
0 389
1 512
1 512
0 155
1 512
0 110
0 211
0 462
1 512
0 140
0 269
1 512
1 512
0 387
2 512
1 512
1 512
2 512
0 175
0 222
0 227
0 138
0 167
1 512
0 183
1 512
1 512
1 512
0 381
0 315
0 99
0 282
2 512
5 512
1 512
1 512
1 512
1 512
1 512
1 512
0 139
0 417
1 512
2 512
0 506
0 405
0 281
1 512
1 512
0 298
1 512
1 512
5 512
1 512
0 296
0 356
3 512
0 357
4 512
2 512
1 512
2 512
1 512
1 512
1 512
1 512
0 95
0 355
1 512
0 165
0 404
4 512
0 249
0 261
2 512
1 512
0 198
0 180
0 105
2 512
0 212
1 512
1 512
2 512
0 215
0 53
2 512
1 512
0 241
2 512
1 512
0 356
0 338
2 512
1 512
1 512
0 100
0 180
0 317
1 512
0 258
1 512
2 512
3 512
0 129
0 205
2 512
0 335
0 234
0 263
0 174
0 239
3 512
0 127
0 193
0 226
2 512
0 161
0 252
2 512
1 512
0 254
0 82
1 512
0 287
1 512
1 512
3 512
0 131
0 501
0 302
2 512
1 512
2 512
0 147
2 512
1 512
2 512
0 355
2 512
0 207
1 512
0 290
0 493
0 350
1 512
1 512
2 512
0 180
4 512
0 371
1 512
0 234
1 512
1 512
2 512
0 198
1 512
0 217
1 512
1 512
3 512
2 512
0 79
0 127
0 87
0 247
1 512
2 512
4 512
0 212
0 476
2 512
0 199
0 445
2 512
2 512
0 404
1 512
1 512
0 172
0 204
0 362
0 182
0 331
0 454
1 512
1 512
0 194
1 512
1 512
0 283
0 367
0 130
0 322
1 512
0 208
1 512
0 133
0 249
1 512
2 512
0 222
0 157
0 182
0 221
1 512
0 81
0 268
1 512
0 263
0 388
0 241
0 107
0 377
1 512
1 512
1 512
0 199
0 343
0 107
0 247
1 512
1 512
1 512
0 167
0 484
0 304
1 512
0 145
0 189
1 512
1 512
1 512
0 237
3 512
2 512
2 512
0 284
0 120
2 512
1 512
0 169
1 512
0 307
2 512
0 108
1 512
0 415
1 512
0 254
0 385
2 512
1 512
1 512
1 512
1 512
0 195
1 512
0 90
1 512
1 512
1 512
1 512
1 512
1 512
1 512
1 512
2 512
0 212
1 512
0 411
0 407
1 512
0 357
0 379
2 512
1 512
1 512
1 512
1 512
1 512
0 237
0 365
1 512
0 461
0 241
0 510
2 512
2 512
0 183
0 110
0 237
0 299
0 406
1 512
0 156
0 294
1 512
1 512
1 512
0 208
0 257
1 512
1 512
0 400
1 512
0 136
0 230
2 512
1 512
2 512
2 512
1 512
1 512
0 77
1 512
2 512
1 512
1 512
1 512
0 303
0 259
0 230
1 512
1 512
0 262
0 222
0 247
2 512
2 512
0 94
1 512
0 211
0 359
0 97
0 173
1 512
0 239
2 512
4 512
1 512
2 512
0 157
1 512
0 348
1 512
0 237
2 512
1 512
1 512
1 512
0 299
1 512
3 512
3 512
0 231
0 383
1 512
0 496
1 512
2 512
3 512
2 512
2 512
0 174
1 512
0 436
2 512
1 512
0 126
2 512
1 512
0 249
0 306
1 512
0 155
0 406
0 117
1 512
1 512
0 68
0 178
2 512
0 139
0 128
0 372
2 512
1 512
1 512
0 140
0 371
1 512
1 512
1 512
1 512
0 130
1 512
2 512
0 173
0 397
0 128
0 135
0 210
1 512
1 512
3 512
1 512
0 304
0 191
2 512
0 224
1 512
1 512
0 372
0 139
1 512
1 512
1 512
2 512
0 334
1 512
0 91
1 512
1 512
1 512
2 512
1 512
1 512
1 512
0 227
0 338
3 512
3 512
0 199
0 131
1 512
2 512
0 492
0 207
0 465
0 166
0 280
0 146
0 87
0 191
1 512
0 207
1 512
1 512
1 512
1 512
0 384
0 202
1 512
2 512
0 184
0 413
0 327
0 421
0 115
2 512
2 512
1 512
0 91
0 366
0 151
1 512
1 512
0 323
2 512
1 512
2 512
1 512
2 512
2 512
1 512
1 512
2 512
1 512
0 361
1 512
0 410
0 338
0 375
1 512
0 428
2 512
0 137
0 231
2 512
1 512
0 209
0 405
0 391
0 489
0 91
0 252
1 512
2 512
1 512
0 321
1 512
2 512
0 119
0 484
1 512
1 512
0 302
0 81
0 123
1 512
0 225
0 156
2 512
1 512
0 222
1 512
1 512
0 400
0 112
1 512
0 156
2 512
0 227
2 512
1 512
0 476
0 277
1 512
0 464
0 86
0 146
0 210
1 512
1 512
2 512
0 127
0 146
3 512
1 512
0 204
0 113
0 160
2 512
0 62
1 512
0 429
0 157
0 178
0 178
0 495
3 512
0 420
0 227
0 312
0 252
0 138
1 512
1 512
1 512
0 111
0 271
3 512
0 447
1 512
0 333
0 167
0 421
0 154
0 187
3 512
0 77
1 512
1 512
1 512
1 512
1 512
0 155
1 512
0 103
0 387
1 512
2 512
3 512
3 512
0 270
0 98
3 512
0 245
0 128
2 512
0 344
0 102
0 382
1 512
2 512
2 512
0 185
1 512
0 223
1 512
0 457
0 323
0 170
1 512
0 318
0 228
2 512
1 512
1 512
3 512
3 512
0 125
1 512
0 454
1 512
0 238
0 462
1 512
1 512
1 512
0 144
0 177
0 150
0 169
0 125
0 279
0 226
0 230
2 512
3 512
3 512
1 512
2 512
0 418
3 512
2 512
0 285
0 131
0 120
1 512
0 103
0 218
1 512
4 512
0 254
0 95
1 512
2 512
2 512
0 222
0 200
0 171
1 512
0 113
1 512
0 119
0 351
2 512
0 94
0 124
2 512
0 222
1 512
0 251
1 512
0 450
2 512
1 512
1 512
1 512
1 512
2 512
0 237
0 281
2 512
0 249
0 165
1 512
0 58
1 512
1 512
0 259
0 238
0 356
0 174
0 219
0 148
0 177
1 512
0 281
3 512
1 512
2 512
1 512
1 512
3 512
1 512
0 99
1 512
1 512
1 512
1 512
0 220
2 512
0 170
2 512
0 192
2 512
0 362
0 468
0 463
2 512
1 512
0 175
0 464
3 512
1 512
1 512
1 512
0 201
0 156
0 113
1 512
1 512
0 101
2 512
2 512
1 512
2 512
0 166
2 512
0 171
2 512
0 493
1 512
0 176
0 278
0 116
0 356
3 512
0 239
1 512
0 174
1 512
2 512
1 512
0 468
0 504
2 512
0 171
0 150
2 512
1 512
0 140
0 146
2 512
0 245
0 413
2 512
0 110
1 512
3 512
1 512
0 193
0 224
1 512
0 241
1 512
0 172
0 145
1 512
3 512
2 512
1 512
3 512
0 231
2 512
0 165
2 512
1 512
2 512
0 203
0 211
0 177
0 438
0 193
0 375
1 512
2 512
2 512
2 512
1 512
0 128
0 138
2 512
0 301
0 485
0 418
1 512
1 512
1 512
0 171
0 136
0 190
0 384
1 512
0 414
1 512
2 512
0 393
1 512
1 512
0 369
0 323
1 512
0 104
0 164
1 512
0 174
0 101
1 512
2 512
1 512
1 512
0 278
0 353
0 233
0 249
0 240
0 216
0 448
0 265
1 512
0 183
1 512
1 512
3 512
0 112
0 226
0 185
1 512
0 126
0 197
1 512
1 512
1 512
3 512
2 512
0 424
2 512
1 512
0 157
0 211
0 240
0 158
0 228
0 430
0 402
0 180
3 512
0 185
1 512
1 512
0 489
1 512
2 512
1 512
0 306
0 275
1 512
0 119
1 512
0 131
1 512
0 344
3 512
1 512
2 512
1 512
1 512
1 512
1 512
1 512
0 103
0 159
0 270
0 414
0 211
0 136
2 512
1 512
1 512
0 139
1 512
0 131
0 246
0 188
0 241
1 512
1 512
0 346
1 512
2 512
1 512
2 512
1 512
1 512
0 210
0 122
0 220
0 347
1 512
1 512
1 512
2 512
2 512
0 173
2 512
0 152
0 270
3 512
0 280
2 512
1 512
0 336
1 512
0 346
1 512
0 141
1 512
1 512
0 447
1 512
1 512
2 512
1 512
1 512
1 512
0 399
0 157
0 300
0 257
0 391
0 231
1 512
0 296
1 512
0 376
1 512
1 512
2 512
0 491
2 512
0 332
0 127
0 231
1 512
1 512
1 512
0 180
1 512
0 337
0 401
0 413
0 89
0 121
0 364
2 512
1 512
0 368
0 411
1 512
0 441
2 512
0 153
0 126
2 512
1 512
0 439
0 105
1 512
0 206
0 294
0 269
1 512
0 177
2 512
0 350
0 314
1 512
1 512
2 512
0 301
0 145
0 136
0 273
0 115
2 512
0 438
1 512
1 512
1 512
0 99
0 322
0 147
0 447
0 330
0 228
1 512
1 512
1 512
0 348
1 512
1 512
0 132
1 512
2 512
0 127
1 512
0 293
2 512
2 512
0 189
0 219
0 119
0 264
1 512
1 512
1 512
1 512
1 512
0 109
1 512
1 512
1 512
0 203
1 512
1 512
0 441
2 512
0 180
0 463
2 512
2 512
1 512
1 512
1 512
1 512
0 135
0 372
0 150
0 249
0 233
2 512
1 512
0 238
0 298
0 262
0 505
2 512
2 512
0 256
2 512
0 86
1 512
2 512
1 512
0 324
2 512
0 156
2 512
2 512
2 512
2 512
0 65
1 512
1 512
1 512
0 134
0 238
1 512
3 512
0 345
1 512
2 512
3 512
1 512
0 161
2 512
0 347
0 433
0 313
0 326
1 512
0 329
2 512
2 512
3 512
1 512
0 97
0 157
0 126
0 231
2 512
2 512
0 447
2 512
1 512
1 512
0 216
1 512
1 512
1 512
2 512
0 118
0 160
0 511
1 512
1 512
0 423
0 179
1 512
0 234
1 512
1 512
1 512
1 512
0 156
1 512
0 291
0 202
1 512
1 512
4 512
0 181
2 512
0 290
3 512
0 149
0 119
0 289
0 191
0 251
0 100
2 512
2 512
0 376
0 125
1 512
2 512
1 512
1 512
1 512
4 512
0 125
0 304
0 407
1 512
1 512
2 512
0 192
1 512
0 414
1 512
1 512
0 163
0 186
1 512
0 310
0 294
1 512
0 300
2 512
1 512
1 512
1 512
0 232
0 168
0 482
0 101
1 512
2 512
2 512
0 294
1 512
1 512
1 512
1 512
0 244
0 387
0 121
0 218
3 512
0 91
0 484
2 512
0 416
1 512
1 512
0 122
0 182
0 212
2 512
1 512
0 105
0 257
2 512
0 419
0 451
0 511
0 213
0 312
0 175
0 389
0 265
1 512
0 198
2 512
0 161
4 512
1 512
0 197
0 250
0 217
0 211
0 308
0 281
1 512
0 79
0 459
2 512
1 512
3 512
2 512
0 198
0 171
1 512
2 512
1 512
0 262
0 145
0 87
0 241
0 375
1 512
3 512
2 512
0 163
1 512
2 512
0 208
1 512
1 512
0 125
1 512
2 512
0 76
0 196
0 444
0 179
1 512
1 512
0 219
2 512
2 512
1 512
1 512
1 512
1 512
1 512
1 512
0 276
0 135
1 512
4 512
2 512
0 241
1 512
0 123
0 267
1 512
1 512
0 386
3 512
1 512
0 359
1 512
0 418
0 313
2 512
0 281
0 116
0 181
2 512
0 169
2 512
0 323
0 340
0 281
0 197
2 512
0 157
0 170
0 320
0 152
0 300
1 512
0 278
1 512
2 512
0 282
1 512
1 512
0 182
0 333
0 316
0 212
0 129
2 512
0 80
0 124
1 512
0 236
0 204
0 267
2 512
0 200
1 512
1 512
1 512
2 512
0 158
0 344
0 325
1 512
1 512
1 512
1 512
1 512
1 512
0 293
1 512
0 183
0 192
0 461
1 512
0 234
1 512
0 296
0 428
0 152
1 512
0 476
0 210
0 167
1 512
0 198
0 325
0 111
3 512
1 512
0 132
1 512
0 360
0 492
0 121
0 251
0 426
0 313
0 311
0 53
4 512
2 512
0 215
2 512
0 108
1 512
0 253
2 512
1 512
0 123
1 512
1 512
2 512
0 461
2 512
1 512
1 512
0 473
0 485
0 121
2 512
1 512
0 358
0 184
3 512
3 512
0 235
3 512
0 347
0 289
0 485
0 227
0 428
0 250
0 110
0 387
1 512
1 512
1 512
1 512
0 492
2 512
0 300
2 512
2 512
0 173
0 203
1 512
0 49
1 512
0 406
2 512
0 231
3 512
1 512
1 512
0 96
1 512
1 512
1 512
0 301
0 461
0 151
3 512
2 512
0 130
0 144
1 512
0 274
4 512
0 261
1 512
1 512
1 512
1 512
2 512
1 512
1 512
0 322
0 495
1 512
0 85
0 275
3 512
0 189
0 139
0 337
0 99
0 141
1 512
1 512
0 474
1 512
1 512
0 272
0 111
0 146
1 512
0 176
1 512
0 212
0 207
0 284
2 512
2 512
1 512
1 512
0 193
1 512
0 327
0 271
3 512
1 512
0 326
1 512
1 512
0 142
2 512
2 512
0 180
1 512
0 218
0 427
0 448
0 96
2 512
1 512
0 245
0 99
2 512
1 512
2 512
1 512
0 344
1 512
0 153
1 512
1 512
0 146
0 394
1 512
1 512
0 160
3 512
2 512
0 199
0 99
0 302
1 512
0 153
0 123
1 512
0 124
0 462
1 512
0 198
0 72
0 78
2 512
1 512
0 199
2 512
1 512
0 259
1 512
0 418
0 491
1 512
2 512
2 512
0 280
1 512
4 512
1 512
1 512
0 183
1 512
1 512
2 512
0 234
1 512
0 486
1 512
0 369
0 116
1 512
0 256
2 512
1 512
0 190
0 163
1 512
0 200
1 512
0 208
0 94
3 512
2 512
0 175
2 512
0 185
1 512
1 512
1 512
1 512
2 512
2 512
0 357
3 512
2 512
0 292
0 177
0 479
0 75
0 148
1 512
0 131
0 424
1 512
0 105
0 349
2 512
1 512
1 512
1 512
1 512
0 112
0 176
0 118
2 512
1 512
2 512
1 512
1 512
0 224
0 446
0 227
1 512
1 512
1 512
0 307
0 146
1 512
0 101
1 512
0 116
0 165
0 413
2 512
0 169
0 419
0 142
1 512
0 455
2 512
2 512
2 512
0 421
1 512
2 512
1 512
1 512
1 512
3 512
0 270
0 210
0 346
0 339
0 381
1 512
2 512
3 512
2 512
3 512
3 512
0 220
1 512
2 512
1 512
1 512
1 512
0 175
2 512
1 512
0 89
0 224
0 426
1 512
1 512
2 512
1 512
0 133
1 512
1 512
1 512
0 458
1 512
0 330
0 92
1 512
0 439
1 512
0 199
0 122
2 512
0 137
0 440
0 291
1 512
0 400
0 264
1 512
3 512
2 512
0 165
1 512
1 512
0 401
0 323
0 165
2 512
0 509
0 359
2 512
0 423
0 289
2 512
1 512
0 187
1 512
0 173
1 512
0 171
0 371
2 512
2 512
1 512
1 512
1 512
0 177
1 512
0 242
0 135
3 512
0 311
1 512
0 252
2 512
0 303
1 512
2 512
1 512
0 464
1 512
0 220
0 150
2 512
0 133
2 512
0 194
0 273
0 391
0 246
0 355
0 155
1 512
1 512
1 512
1 512
1 512
1 512
1 512
0 154
0 232
3 512
0 179
0 203
0 342
0 293
0 313
1 512
1 512
0 115
0 144
1 512
1 512
0 265
0 131
2 512
1 512
0 102
0 374
3 512
2 512
1 512
0 284
0 505
0 390
1 512
0 391
0 211
1 512
0 165
2 512
0 149
0 184
1 512
1 512
2 512
0 189
0 103
5 512
1 512
2 512
1 512
1 512
3 512
0 309
2 512
1 512
1 512
0 212
0 155
0 252
1 512
1 512
0 144
1 512
1 512
0 215
0 331
1 512
1 512
2 512
0 146
0 393
1 512
1 512
5 512
1 512
0 245
1 512
2 512
1 512
0 455
2 512
1 512
0 196
0 179
2 512
0 202
0 485
2 512
1 512
0 302
0 501
1 512
1 512
2 512
1 512
1 512
1 512
1 512
0 82
0 129
0 396
0 372
0 171
1 512
1 512
1 512
0 89
0 137
2 512
0 288
1 512
0 206
0 90
0 179
1 512
0 126
1 512
2 512
1 512
0 358
2 512
1 512
0 336
0 122
1 512
1 512
0 510
1 512
1 512
0 349
2 512
0 179
1 512
0 264
2 512
1 512
1 512
1 512
1 512
0 195
2 512
0 216
1 512
0 203
0 155
0 155
1 512
0 442
0 281
3 512
1 512
1 512
0 220
0 168
1 512
0 457
0 372
1 512
0 219
1 512
1 512
2 512
2 512
1 512
4 512
0 157
2 512
1 512
0 268
0 174
1 512
1 512
1 512
1 512
1 512
1 512
1 512
0 143
1 512
0 43
0 243
1 512
1 512
1 512
0 505
1 512
1 512
2 512
0 253
2 512
1 512
0 415
0 371
0 511
0 378
1 512
2 512
1 512
0 132
2 512
0 159
0 460
0 173
2 512
1 512
0 281
0 171
0 128
0 114
1 512
4 512
0 197
0 374
0 262
1 512
0 482
0 122
0 178
0 177
0 142
0 438
0 162
0 471
2 512
0 134
0 97
0 104
1 512
0 506
1 512
0 310
0 160
0 319
1 512
1 512
1 512
0 99
0 198
1 512
0 97
0 78
1 512
1 512
1 512
1 512
1 512
1 512
0 320
0 466
0 414
5 512
0 271
2 512
1 512
0 341
0 315
1 512
1 512
1 512
1 512
2 512
1 512
1 512
0 256
0 355
0 360
2 512
1 512
0 120
0 76
0 112
0 173
0 308
0 511
1 512
2 512
0 426
0 472
1 512
2 512
0 290
4 512
1 512
0 437
2 512
2 512
0 319
0 290
0 347
2 512
1 512
1 512
0 330
0 277
0 119
0 446
1 512
0 125
0 271
0 256
0 428
1 512
2 512
2 512
0 204
1 512
0 105
1 512
1 512
0 446
0 499
0 160
0 476
1 512
0 450
0 118
0 336
0 221
1 512
0 228
0 282
0 323
1 512
1 512
2 512
0 206
2 512
1 512
2 512
1 512
1 512
3 512
0 103
0 227
0 86
3 512
2 512
0 185
1 512
1 512
1 512
1 512
1 512
2 512
2 512
0 448
0 81
2 512
0 155
1 512
0 316
3 512
0 181
0 183
0 113
0 277
0 88
1 512
0 223
0 184
1 512
2 512
1 512
0 132
0 185
1 512
0 471
1 512
0 458
0 173
0 122
0 237
1 512
1 512
0 185
0 178
0 260
1 512
1 512
0 313
0 184
1 512
1 512
0 135
1 512
1 512
0 121
3 512
0 222
1 512
0 503
1 512
1 512
0 157
2 512
2 512
1 512
2 512
0 81
0 91
1 512
1 512
0 86
0 369
0 167
0 372
0 288
1 512
0 233
0 348
0 163
1 512
0 120
1 512
0 360
1 512
3 512
2 512
0 282
1 512
0 186
1 512
0 97
1 512
1 512
0 429
0 96
1 512
0 316
2 512
0 55
0 148
3 512
0 121
0 372
2 512
0 471
2 512
1 512
2 512
1 512
0 292
0 136
0 367
1 512
0 186
2 512
0 240
0 97
0 227
0 335
1 512
0 256
0 128
0 304
0 237
0 425
0 211
2 512
0 134
0 112
0 151
1 512
1 512
1 512
1 512
2 512
0 242
0 224
1 512
0 244
0 190
0 383
4 512
0 377
0 242
0 146
0 415
1 512
1 512
0 107
0 346
0 282
1 512
0 243
1 512
3 512
0 187
0 324
0 256
1 512
0 211
1 512
0 493
0 216
2 512
0 172
2 512
0 133
0 158
1 512
0 180
0 121
2 512
1 512
1 512
1 512
2 512
1 512
1 512
3 512
1 512
1 512
2 512
0 203
0 217
5 512
0 153
0 418
1 512
0 284
1 512
1 512
1 512
0 145
1 512
1 512
0 462
1 512
2 512
3 512
1 512
0 171
1 512
1 512
2 512
1 512
0 196
0 195
0 214
0 406
1 512
1 512
0 173
0 223
1 512
1 512
2 512
1 512
0 168
0 509
0 428
1 512
0 168
0 343
1 512
0 278
0 272
1 512
2 512
0 213
0 160
0 214
0 60
1 512
0 89
1 512
0 167
2 512
2 512
1 512
1 512
0 300
0 252
1 512
0 204
0 226
0 209
0 168
0 225
1 512
0 503
2 512
2 512
0 96
0 77
0 176
0 445
0 298
0 330
0 136
0 261
0 233
2 512
0 384
0 130
1 512
0 143
0 121
0 328
2 512
0 183
0 246
1 512
1 512
0 467
3 512
1 512
0 264
2 512
0 213
1 512
0 344
1 512
0 260
2 512
1 512
3 512
0 122
0 264
2 512
2 512
1 512
2 512
1 512
0 210
0 113
2 512
3 512
0 271
1 512
1 512
0 341
0 300
2 512
4 512
0 253
0 327
1 512
1 512
2 512
2 512
0 337
2 512
1 512
1 512
1 512
1 512
1 512
1 512
0 306
0 328
0 306
1 512
0 55
2 512
0 188
0 386
2 512
0 153
1 512
0 116
1 512
0 354
0 273
0 279
0 88
0 89
1 512
1 512
0 155
1 512
0 318
0 261
1 512
3 512
0 293
0 223
1 512
0 274
1 512
1 512
2 512
0 387
0 417
2 512
0 286
0 265
1 512
0 369
0 215
1 512
0 102
1 512
0 150
0 231
2 512
4 512
0 360
0 455
1 512
0 241
1 512
0 214
0 258
1 512
0 278
0 484
0 158
0 425
0 509
2 512
0 254
1 512
0 50
2 512
1 512
0 187
1 512
1 512
2 512
0 140
0 181
0 241
1 512
0 256
0 172
2 512
0 226
0 130
1 512
2 512
3 512
1 512
0 438
0 267
0 393
2 512
3 512
0 237
1 512
0 85
0 162
0 165
0 512
1 512
0 170
1 512
0 346
0 230
1 512
1 512
1 512
1 512
0 121
0 329
0 133
1 512
1 512
0 418
0 327
0 180
2 512
1 512
0 346
0 125
3 512
1 512
0 324
1 512
1 512
1 512
1 512
2 512
2 512
0 152
2 512
1 512
0 342
1 512
0 110
0 172
1 512
2 512
1 512
0 114
1 512
2 512
0 247
1 512
0 420
0 144
0 242
2 512
0 105
0 369
1 512
0 298
0 327
0 204
2 512
0 148
0 169
1 512
0 160
0 201
0 149
0 156
0 98
1 512
2 512
1 512
2 512
0 226
0 191
0 141
1 512
2 512
0 122
2 512
1 512
0 215
0 183
3 512
0 222
0 236
0 52
2 512
0 194
0 242
1 512
1 512
0 187
0 266
1 512
1 512
2 512
1 512
0 354
1 512
1 512
1 512
0 217
1 512
2 512
1 512
0 376
1 512
2 512
1 512
0 248
0 252
1 512
2 512
0 320
0 127
0 337
0 74
0 115
1 512
0 152
0 334
0 297
0 409
3 512
3 512
0 385
0 192
1 512
0 167
1 512
3 512
1 512
0 404
1 512
0 127
1 512
0 213
0 380
1 512
2 512
1 512
2 512
0 312
1 512
0 125
0 295
1 512
1 512
4 512
0 158
2 512
1 512
0 130
0 176
2 512
0 101
0 242
1 512
1 512
0 237
0 215
1 512
1 512
2 512
0 341
1 512
0 194
3 512
1 512
0 298
0 475
0 217
2 512
2 512
0 206
2 512
1 512
1 512
1 512
2 512
0 159
1 512
2 512
1 512
1 512
1 512
0 110
1 512
0 166
1 512
0 222
2 512
1 512
1 512
2 512
0 358
0 364
0 313
2 512
2 512
1 512
0 195
1 512
0 221
1 512
2 512
4 512
2 512
0 95
1 512
0 130
0 196
0 98
0 448
1 512
0 372
2 512
1 512
2 512
0 115
0 437
0 327
0 244
1 512
0 154
0 261
0 352
0 340
2 512
0 261
0 393
2 512
2 512
0 470
1 512
1 512
0 274
0 318
2 512
0 259
0 373
0 140
1 512
0 237
1 512
1 512
1 512
1 512
0 215
0 82
0 53
1 512
0 308
1 512
0 296
0 111
2 512
3 512
2 512
0 258
0 49
0 302
1 512
1 512
0 82
0 324
0 128
0 119
2 512
1 512
2 512
1 512
1 512
0 296
1 512
0 213
3 512
0 228
0 116
1 512
0 383
0 166
2 512
2 512
1 512
0 385
0 328
2 512
0 252
1 512
0 94
3 512
1 512
1 512
2 512
0 241
2 512
1 512
1 512
0 433
0 448
1 512
1 512
1 512
0 225
1 512
0 305
1 512
2 512
0 323
0 285
0 79
0 213
1 512
0 129
0 330
3 512
0 461
0 191
0 164
0 424
1 512
1 512
1 512
2 512
0 112
1 512
0 312
0 159
0 179
0 82
1 512
1 512
0 498
0 294
0 198
0 99
0 226
0 414
0 307
1 512
2 512
3 512
1 512
0 200
0 295
0 392
0 104
0 444
0 384
0 102
2 512
1 512
0 495
0 282
1 512
1 512
1 512
0 169
1 512
1 512
0 235
0 101
0 103
0 86
0 112
3 512
4 512
0 361
1 512
0 167
2 512
2 512
1 512
0 175
0 191
0 159
0 104
1 512
0 163
0 210
0 430
3 512
0 123
0 440
3 512
0 116
0 204
0 274
0 214
2 512
0 236
1 512
0 332
0 241
1 512
1 512
1 512
1 512
1 512
3 512
1 512
0 158
2 512
0 178
2 512
1 512
0 103
0 473
2 512
0 507
0 249
0 424
1 512
1 512
0 145
1 512
0 441
0 401
2 512
2 512
0 179
0 203
0 142
0 360
1 512
0 191
3 512
0 429
0 254
1 512
0 173
2 512
0 374
1 512
1 512
0 490
4 512
1 512
1 512
0 317
1 512
0 332
0 149
0 384
0 135
0 241
0 297
0 183
0 438
2 512
2 512
0 161
0 447
1 512
1 512
1 512
1 512
1 512
0 111
0 152
2 512
2 512
0 225
1 512
0 211
0 106
0 241
1 512
1 512
1 512
2 512
0 132
0 366
0 388
2 512
0 120
2 512
0 283
2 512
2 512
0 406
2 512
1 512
0 316
0 234
0 193
0 346
2 512
0 62
0 112
1 512
2 512
0 193
2 512
0 306
0 141
2 512
2 512
2 512
0 366
0 396
2 512
1 512
0 435
0 493
0 498
2 512
1 512
0 171
0 346
1 512
0 249
0 458
0 112
0 235
1 512
1 512
1 512
2 512
1 512
2 512
0 349
0 504
1 512
1 512
1 512
0 144
0 279
0 183
0 207
0 144
0 223
1 512
2 512
1 512
0 204
2 512
0 438
1 512
0 224
0 209
1 512
0 119
0 90
0 512
3 512
0 83
0 392
0 447
0 279
0 413
0 486
1 512
2 512
0 196
1 512
0 161
0 177
0 237
2 512
1 512
0 186
3 512
0 298
1 512
2 512
0 108
1 512
1 512
0 146
1 512
0 163
0 205
1 512
0 148
1 512
1 512
2 512
5 512
0 327
0 468
2 512
1 512
0 371
0 331
1 512
2 512
0 306
1 512
0 509
0 259
0 206
0 404
2 512
2 512
2 512
1 512
0 106
0 126
0 166
0 370
1 512
0 236
0 196
1 512
0 296
1 512
4 512
0 328
1 512
0 148
0 330
2 512
3 512
0 272
3 512
1 512
0 160
1 512
2 512
2 512
1 512
0 139
1 512
0 267
0 231
0 280
1 512
1 512
0 310
1 512
0 119
2 512
2 512
2 512
0 361
1 512
1 512
0 416
0 261
0 154
1 512
1 512
0 52
2 512
0 168
0 367
2 512
0 244
1 512
3 512
2 512
1 512
0 333
0 190
1 512
0 248
0 471
2 512
0 58
0 99
3 512
0 170
1 512
1 512
5 512
0 194
0 226
2 512
1 512
1 512
0 232
1 512
0 234
1 512
1 512
2 512
0 473
0 477
0 163
0 400
1 512
0 262
0 202
4 512
0 452
2 512
1 512
3 512
4 512
1 512
1 512
0 381
1 512
1 512
2 512
4 512
3 512
0 357
2 512
0 184
0 355
1 512
0 220
0 294
2 512
0 138
1 512
0 265
0 162
1 512
3 512
0 167
0 118
1 512
0 412
1 512
1 512
0 121
1 512
0 221
1 512
0 402
0 253
0 119
0 184
0 107
2 512
0 115
0 332
0 358
1 512
2 512
0 111
0 133
3 512
0 216
1 512
0 299
0 321
0 298
2 512
0 307
3 512
0 219
1 512
2 512
2 512
0 74
0 269
1 512
2 512
0 384
1 512
1 512
0 378
0 233
1 512
1 512
1 512
1 512
0 365
0 334
2 512
1 512
0 109
0 296
1 512
0 380
0 295
1 512
3 512
1 512
0 141
1 512
1 512
1 512
1 512
1 512
0 225
1 512
1 512
2 512
0 346
0 170
3 512
0 81
0 128
0 140
2 512
0 247
1 512
2 512
3 512
0 327
0 407
0 175
3 512
0 116
1 512
0 266
4 512
1 512
1 512
1 512
0 204
0 99
0 283
1 512
0 136
0 178
0 263
0 182
0 125
0 189
0 234
0 405
1 512
1 512
1 512
0 463
1 512
0 164
0 166
1 512
2 512
0 228
0 281
0 385
1 512
3 512
0 147
0 195
2 512
2 512
1 512
2 512
1 512
0 376
3 512
1 512
2 512
0 171
0 353
0 418
2 512
0 62
1 512
1 512
0 164
1 512
0 110
0 155
1 512
0 78
0 497
0 204
1 512
2 512
1 512
1 512
0 355
2 512
0 109
0 193
2 512
0 51
1 512
1 512
1 512
0 224
2 512
3 512
1 512
1 512
1 512
1 512
0 264
1 512
2 512
0 166
2 512
0 192
1 512
6 512
1 512
4 512
1 512
0 239
0 60
0 508
1 512
0 315
0 95
0 211
0 505
2 512
1 512
1 512
0 151
0 282
0 179
1 512
0 247
1 512
0 283
0 172
2 512
1 512
3 512
2 512
1 512
0 402
0 112
0 293
1 512
0 282
0 479
1 512
2 512
0 218
0 265
2 512
1 512
1 512
1 512
0 139
0 378
1 512
2 512
1 512
1 512
1 512
0 297
0 191
1 512
1 512
1 512
0 140
2 512
2 512
2 512
0 198
5 512
0 466
0 116
1 512
0 86
1 512
1 512
0 206
1 512
1 512
0 277
1 512
0 294
0 218
0 382
0 267
1 512
0 348
0 200
2 512
0 263
0 189
0 386
2 512
1 512
0 275
0 196
1 512
1 512
0 235
0 117
1 512
1 512
0 106
0 174
0 397
0 299
1 512
0 262
0 459
1 512
4 512
0 221
2 512
1 512
1 512
2 512
1 512
0 433
0 95
0 124
0 399
0 239
2 512
1 512
1 512
4 512
2 512
1 512
1 512
1 512
0 339
2 512
2 512
1 512
1 512
0 329
3 512
1 512
2 512
1 512
0 475
0 471
1 512
0 183
3 512
0 451
2 512
0 200
2 512
2 512
0 211
2 512
0 121
1 512
1 512
1 512
1 512
1 512
0 124
1 512
0 200
0 132
0 61
0 162
0 141
2 512
0 259
1 512
1 512
0 92
0 150
1 512
0 384
0 225
1 512
3 512
1 512
1 512
0 137
2 512
0 264
0 329
0 248
1 512
1 512
0 148
0 181
0 149
2 512
0 278
0 498
1 512
2 512
1 512
0 483
1 512
0 345
2 512
0 438
1 512
1 512
0 439
2 512
0 241
0 320
4 512
2 512
0 189
1 512
0 499
3 512
1 512
1 512
1 512
0 399
1 512
0 269
0 269
1 512
2 512
0 428
2 512
1 512
1 512
0 216
2 512
1 512
2 512
0 194
0 112
2 512
2 512
0 414
1 512
1 512
0 399
1 512
1 512
0 380
0 381
1 512
1 512
0 318
0 300
0 147
1 512
0 289
0 147
1 512
1 512
0 59
0 112
0 92
0 166
2 512
5 512
0 207
2 512
1 512
2 512
2 512
0 325
0 222
1 512
0 239
1 512
0 202
0 153
1 512
2 512
1 512
0 106
0 147
0 493
0 344
2 512
2 512
1 512
0 182
0 214
1 512
3 512
1 512
1 512
1 512
0 206
1 512
2 512
2 512
0 95
0 508
0 384
0 166
3 512
0 238
0 489
2 512
2 512
1 512
2 512
0 138
2 512
0 501
0 275
0 142
2 512
1 512
3 512
1 512
2 512
0 123
0 359
3 512
1 512
1 512
0 173
0 98
2 512
1 512
0 80
0 424
0 322
0 192
0 183
0 444
0 157
0 406
0 122
0 375
0 104
1 512
1 512
2 512
1 512
1 512
1 512
0 507
1 512
2 512
0 309
1 512
0 181
1 512
0 159
1 512
1 512
0 190
0 442
0 134
1 512
0 290
1 512
1 512
2 512
0 240
1 512
2 512
2 512
1 512
0 140
0 398
1 512
3 512
0 299
0 231
0 243
1 512
0 180
2 512
0 156
0 474
2 512
1 512
0 238
0 258
0 267
1 512
0 180
2 512
1 512
0 188
0 111
1 512
0 158
0 249
1 512
2 512
0 402
3 512
0 291
0 111
1 512
2 512
0 418
0 289
1 512
0 97
3 512
0 120
0 371
2 512
0 306
0 234
0 341
2 512
1 512
0 92
0 124
3 512
1 512
0 200
1 512
1 512
2 512
0 221
0 206
1 512
1 512
2 512
1 512
1 512
0 488
1 512
3 512
0 434
2 512
2 512
1 512
0 413
1 512
0 385
1 512
0 246
0 219
1 512
1 512
0 359
1 512
0 255
1 512
1 512
4 512
0 178
0 250
2 512
1 512
0 508
0 205
0 267
2 512
0 196
0 116
0 125
3 512
1 512
0 394
0 260
3 512
1 512
0 175
0 174
0 142
0 262
1 512
0 233
3 512
0 301
1 512
3 512
1 512
0 188
0 320
2 512
1 512
1 512
0 345
0 135
2 512
2 512
0 283
1 512
2 512
2 512
0 186
1 512
0 420
0 175
2 512
1 512
0 483
0 263
0 153
0 172
0 428
1 512
3 512
1 512
0 285
0 441
1 512
1 512
0 154
0 277
1 512
1 512
0 272
0 294
3 512
1 512
0 428
1 512
0 128
1 512
1 512
0 147
0 210
0 476
0 412
0 198
0 408
0 150
0 92
0 430
0 228
0 191
0 245
2 512
2 512
1 512
0 247
0 163
0 130
0 342
1 512
1 512
0 385
0 227
0 157
1 512
0 232
0 455
0 220
0 153
3 512
2 512
1 512
1 512
0 363
1 512
0 174
1 512
2 512
0 254
0 379
0 460
1 512
0 315
4 512
1 512
1 512
3 512
0 276
0 446
1 512
0 267
0 348
1 512
1 512
0 468
1 512
0 343
1 512
0 298
1 512
0 224
0 177
1 512
2 512
0 292
0 186
1 512
1 512
2 512
1 512
0 335
1 512
0 294
0 353
3 512
0 151
2 512
1 512
0 480
1 512
0 240
1 512
0 470
0 330
0 234
0 243
0 126
0 109
0 388
1 512
2 512
0 453
1 512
0 192
0 120
0 216
1 512
1 512
1 512
0 365
0 508
0 156
0 158
1 512
2 512
1 512
0 497
0 411
0 269
0 449
0 264
1 512
0 333
0 254
0 290
0 189
2 512
1 512
0 114
0 494
0 329
0 124
1 512
0 476
1 512
0 356
3 512
1 512
0 298
0 183
2 512
1 512
0 347
0 233
3 512
0 103
0 191
1 512
0 249
0 443
2 512
0 380
0 249
1 512
0 254
1 512
0 254
0 442
0 266
2 512
1 512
0 165
1 512
0 447
0 356
1 512
1 512
0 351
3 512
1 512
2 512
2 512
1 512
0 191
0 136
1 512
0 131
0 209
0 302
6 512
0 413
1 512
1 512
1 512
1 512
1 512
0 262
1 512
1 512
0 386
0 344
0 485
0 380
1 512
1 512
0 195
2 512
2 512
0 199
0 151
0 246
1 512
0 178
1 512
1 512
0 257
2 512
3 512
1 512
1 512
0 229
1 512
1 512
1 512
0 495
0 381
1 512
0 299
1 512
2 512
0 351
0 500
1 512
0 340
1 512
0 318
2 512
0 237
1 512
1 512
2 512
0 212
1 512
0 376
2 512
2 512
0 150
2 512
0 53
1 512
1 512
0 169
1 512
2 512
0 195
1 512
0 199
2 512
0 292
0 417
1 512
0 156
3 512
0 410
0 215
3 512
0 308
1 512
1 512
0 140
1 512
0 211
1 512
1 512
0 199
1 512
0 349
0 273
1 512
0 357
0 291
1 512
1 512
0 178
1 512
0 251
2 512
1 512
0 173
1 512
2 512
2 512
1 512
0 377
1 512
1 512
1 512
0 272
0 230
1 512
1 512
1 512
0 153
2 512
0 140
2 512
5 512
0 237
2 512
0 287
0 457
0 293
1 512
0 373
2 512
0 379
2 512
0 173
0 117
0 304
3 512
1 512
0 473
1 512
0 79
1 512
2 512
2 512
1 512
1 512
0 218
1 512
0 346
0 313
6 512
0 159
0 115
0 397
0 187
0 262
1 512
1 512
0 259
1 512
1 512
1 512
1 512
1 512
0 128
0 208
1 512
0 300
2 512
0 255
1 512
2 512
2 512
2 512
1 512
0 82
2 512
4 512
0 259
0 344
0 441
0 65
1 512
0 382
1 512
0 169
1 512
2 512
1 512
1 512
1 512
1 512
0 352
0 133
1 512
1 512
2 512
1 512
1 512
0 58
0 205
0 264
1 512
1 512
2 512
0 74
1 512
0 194
1 512
0 240
0 175
0 135
0 232
0 390
1 512
0 96
0 136
0 304
0 308
0 499
0 258
1 512
0 414
0 316
0 193
0 245
0 146
2 512
0 253
1 512
1 512
1 512
1 512
3 512
1 512
0 509
0 180
0 136
0 146
1 512
2 512
2 512
5 512
0 274
0 236
0 179
0 423
0 272
0 307
1 512
5 512
2 512
0 185
0 171
3 512
0 219
1 512
0 437
1 512
0 151
1 512
0 321
0 434
1 512
0 455
0 171
1 512
0 149
3 512
0 201
1 512
1 512
0 205
0 378
0 341
3 512
1 512
0 137
0 324
0 152
0 135
0 306
1 512
1 512
1 512
0 278
1 512
3 512
2 512
3 512
0 168
0 277
1 512
0 226
2 512
0 195
0 171
0 244
1 512
2 512
1 512
0 188
0 250
3 512
0 116
0 231
0 314
0 241
1 512
1 512
1 512
1 512
1 512
1 512
2 512
0 388
0 250
1 512
1 512
3 512
1 512
0 123
2 512
0 399
3 512
0 478
0 125
1 512
0 111
0 352
1 512
0 174
0 164
0 414
3 512
1 512
0 100
1 512
1 512
1 512
1 512
1 512
2 512
2 512
1 512
2 512
0 501
1 512
0 470
1 512
1 512
1 512
0 111
1 512
1 512
0 392
2 512
4 512
0 438
1 512
1 512
2 512
0 128
0 108
1 512
0 250
0 232
0 443
0 144
0 271
0 494
1 512
0 279
0 133
2 512
0 191
0 205
0 299
0 107
0 162
2 512
0 209
0 157
2 512
2 512
0 398
0 394
0 346
0 183
0 188
0 325
0 137
0 338
1 512
0 235
1 512
0 119
0 338
1 512
0 342
2 512
2 512
0 255
1 512
0 225
2 512
0 163
0 318
0 103
2 512
1 512
1 512
2 512
1 512
0 348
1 512
3 512
1 512
2 512
1 512
0 215
0 158
0 137
1 512
1 512
0 124
2 512
0 263
0 337
0 124
0 459
0 249
2 512
0 373
0 182
0 418
0 231
0 176
1 512
0 399
1 512
0 179
0 58
2 512
1 512
0 151
0 134
1 512
0 296
1 512
0 165
0 190
1 512
0 176
0 232
0 204
0 192
1 512
1 512
0 180
0 178
0 233
1 512
0 119
1 512
0 512
2 512
0 262
1 512
0 362
0 478
0 198
0 98
0 267
2 512
0 279
0 405
0 205
2 512
1 512
0 325
0 197
1 512
2 512
0 215
0 330
2 512
0 136
0 340
2 512
0 204
0 468
0 91
0 167
0 99
1 512
0 261
0 214
0 248
1 512
0 471
1 512
0 502
1 512
0 152
1 512
1 512
0 167
0 163
0 167
0 334
0 457
1 512
0 284
0 140
0 220
0 388
2 512
0 170
0 177
0 165
0 186
3 512
0 127
3 512
1 512
1 512
0 382
0 117
0 188
1 512
0 372
3 512
1 512
0 85
2 512
0 368
0 143
2 512
3 512
0 186
0 284
1 512
0 255
2 512
1 512
1 512
1 512
0 198
0 264
0 180
0 255
0 128
0 381
1 512
1 512
2 512
2 512
1 512
1 512
0 302
0 459
0 147
0 181
0 180
0 118
2 512
1 512
0 295
1 512
1 512
1 512
1 512
3 512
0 226
0 488
3 512
1 512
2 512
2 512
0 300
0 465
2 512
0 169
0 224
0 262
0 86
0 491
1 512
1 512
1 512
1 512
0 208
0 150
1 512
1 512
1 512
0 197
1 512
1 512
0 397
2 512
0 184
1 512
0 468
0 157
1 512
0 210
1 512
1 512
1 512
2 512
1 512
0 512
1 512
1 512
0 373
0 278
0 486
0 166
2 512
0 80
0 271
1 512
0 429
0 289
0 273
1 512
0 313
0 132
0 331
0 162
1 512
0 377
0 174
0 489
0 263
2 512
0 356
1 512
1 512
1 512
2 512
1 512
1 512
1 512
2 512
2 512
0 449
0 199
1 512
0 92
1 512
2 512
2 512
0 117
0 311
0 508
0 154
2 512
0 190
0 92
3 512
0 267
3 512
0 498
2 512
1 512
0 144
3 512
0 229
0 176
0 334
0 241
1 512
0 272
1 512
0 382
0 81
2 512
1 512
0 352
0 86
1 512
0 242
0 279
0 392
0 207
1 512
1 512
0 318
2 512
0 71
0 177
1 512
1 512
0 86
1 512
1 512
2 512
0 185
1 512
2 512
0 361
0 353
0 257
0 243
1 512
0 248
2 512
0 489
0 221
0 94
1 512
2 512
1 512
0 375
0 355
1 512
0 352
1 512
0 140
1 512
1 512
2 512
0 405
0 89
2 512
1 512
0 186
1 512
1 512
0 190
0 200
1 512
1 512
1 512
0 105
1 512
0 209
1 512
0 111
1 512
1 512
3 512
1 512
0 145
3 512
0 122
1 512
2 512
0 261
1 512
0 245
1 512
0 383
1 512
1 512
1 512
1 512
1 512
0 291
1 512
0 47
0 256
1 512
0 349
2 512
1 512
2 512
0 116
1 512
0 512
1 512
1 512
0 472
2 512
1 512
1 512
1 512
0 193
1 512
0 92
0 431
0 302
1 512
0 138
1 512
0 388
3 512
0 182
0 494
0 291
0 160
1 512
1 512
1 512
2 512
2 512
2 512
1 512
0 215
1 512
0 435
0 487
0 106
1 512
0 368
3 512
3 512
0 215
0 166
0 288
1 512
0 344
0 241
0 316
0 99
2 512
0 442
0 168
0 462
1 512
1 512
0 100
1 512
0 236
2 512
0 325
0 222
0 445
0 169
0 93
1 512
3 512
1 512
4 512
0 277
2 512
0 191
0 315
0 131
3 512
0 180
0 311
0 52
1 512
0 311
1 512
0 486
0 254
0 81
1 512
0 459
0 234
1 512
1 512
0 325
0 200
0 385
0 412
1 512
0 177
0 150
2 512
0 234
0 309
1 512
1 512
0 371
0 235
0 173
2 512
0 185
1 512
0 270
2 512
0 468
0 238
1 512
0 262
0 178
2 512
1 512
0 257
0 104
1 512
0 209
1 512
1 512
1 512
4 512
1 512
2 512
2 512
1 512
0 125
0 276
2 512
0 388
0 432
1 512
1 512
4 512
0 129
1 512
1 512
1 512
0 504
2 512
2 512
1 512
1 512
0 255
0 107
1 512
2 512
2 512
0 423
1 512
2 512
2 512
0 88
1 512
0 226
0 192
1 512
2 512
1 512
0 234
0 182
1 512
0 270
1 512
0 263
1 512
0 240
1 512
3 512
1 512
0 243
1 512
0 128
0 176
1 512
1 512
3 512
0 483
1 512
1 512
0 123
1 512
0 432
0 218
2 512
2 512
0 374
1 512
1 512
0 437
0 176
0 49
0 212
3 512
0 176
0 243
1 512
1 512
1 512
1 512
2 512
0 159
1 512
2 512
0 442
0 164
0 165
0 102
0 340
0 381
0 260
0 337
1 512
1 512
0 165
0 151
1 512
0 275
1 512
0 192
0 338
0 265
0 264
0 128
1 512
0 441
0 397
0 204
0 380
1 512
1 512
1 512
1 512
1 512
0 382
0 478
0 264
0 284
1 512
0 64
0 428
4 512
0 257
1 512
2 512
1 512
1 512
1 512
2 512
0 233
1 512
1 512
1 512
2 512
1 512
0 103
2 512
0 229
1 512
0 116
0 172
0 160
0 165
0 183
0 297
1 512
0 292
0 191
0 91
1 512
1 512
0 127
2 512
0 376
1 512
0 150
1 512
1 512
1 512
0 170
0 207
2 512
1 512
1 512
0 396
0 304
1 512
0 240
3 512
3 512
0 100
1 512
0 375
0 181
2 512
1 512
0 215
1 512
2 512
1 512
0 119
0 170
4 512
0 144
2 512
0 331
1 512
1 512
2 512
0 283
1 512
1 512
0 399
0 407
0 178
2 512
0 174
1 512
0 502
0 278
1 512
0 108
1 512
2 512
0 232
1 512
0 452
1 512
0 359
1 512
2 512
0 138
1 512
0 232
0 110
0 251
0 246
0 451
1 512
1 512
1 512
0 413
3 512
1 512
1 512
0 185
0 76
0 314
1 512
0 329
0 301
0 341
0 247
2 512
1 512
0 264
0 222
0 101
1 512
2 512
0 140
0 277
2 512
2 512
2 512
0 228
0 245
2 512
0 142
2 512
1 512
1 512
1 512
1 512
1 512
1 512
1 512
0 125
1 512
1 512
3 512
0 345
0 449
1 512
0 274
2 512
2 512
1 512
4 512
1 512
0 380
1 512
1 512
0 460
1 512
0 258
1 512
1 512
0 304
0 474
0 199
0 430
2 512
3 512
0 466
0 259
1 512
0 75
0 178
0 136
1 512
0 276
0 196
2 512
0 303
1 512
1 512
2 512
1 512
1 512
2 512
1 512
2 512
0 470
0 336
0 161
1 512
0 234
0 142
1 512
0 343
0 119
3 512
0 448
0 240
1 512
1 512
3 512
1 512
1 512
3 512
1 512
0 104
0 227
1 512
1 512
4 512
2 512
0 206
0 438
0 469
1 512
3 512
3 512
0 132
1 512
0 439
0 206
0 175
1 512
0 357
0 148
0 104
2 512
1 512
0 397
0 216
0 123
0 452
0 277
1 512
0 351
1 512
0 285
1 512
0 111
0 306
0 264
1 512
0 378
1 512
1 512
1 512
0 208
2 512
1 512
1 512
0 188
0 248
0 334
0 180
0 218
0 294
0 359
2 512
1 512
0 366
1 512
0 136
0 117
1 512
0 179
0 292
0 92
2 512
0 356
0 229
1 512
1 512
3 512
2 512
2 512
1 512
2 512
4 512
1 512
1 512
0 197
2 512
3 512
0 375
0 278
0 209
1 512
1 512
0 283
1 512
1 512
0 137
2 512
0 466
0 308
1 512
0 312
1 512
0 356
0 299
2 512
0 181
2 512
0 478
0 221
1 512
1 512
1 512
0 143
1 512
1 512
0 454
1 512
1 512
0 198
1 512
1 512
2 512
1 512
0 198
1 512
0 115
0 232
1 512
1 512
0 203
0 120
1 512
0 388
0 343
0 287
0 109
1 512
1 512
0 111
2 512
3 512
0 247
1 512
1 512
0 488
0 187
1 512
1 512
0 233
0 76
0 118
2 512
1 512
1 512
2 512
0 277
1 512
0 279
0 261
1 512
2 512
0 246
0 165
2 512
0 177
1 512
1 512
0 124
0 114
1 512
1 512
0 402
1 512
0 473
2 512
0 166
1 512
0 391
0 222
1 512
0 419
1 512
2 512
2 512
0 381
1 512
3 512
1 512
2 512
3 512
0 290
1 512
2 512
1 512
0 443
0 126
1 512
2 512
0 122
0 149
0 243
2 512
0 504
1 512
0 207
0 104
2 512
2 512
1 512
0 185
0 61
1 512
0 281
1 512
1 512
2 512
0 326
1 512
0 327
0 326
0 215
1 512
0 280
1 512
0 101
0 292
0 319
0 293
1 512
1 512
0 471
0 315
0 94
4 512
1 512
0 276
0 226
2 512
1 512
2 512
0 192
0 229
0 196
2 512
0 226
2 512
2 512
1 512
1 512
0 419
0 141
0 269
0 154
0 373
0 255
1 512
0 123
1 512
0 225
0 421
1 512
0 273
0 93
0 239
0 245
1 512
2 512
1 512
1 512
0 476
1 512
2 512
0 300
0 217
1 512
0 119
1 512
0 259
0 321
2 512
0 296
1 512
0 255
1 512
2 512
2 512
3 512
1 512
0 431
0 325
1 512
2 512
1 512
2 512
1 512
1 512
2 512
0 422
0 291
3 512
3 512
0 189
3 512
0 266
0 177
0 319
0 241
0 246
0 269
0 143
1 512
0 299
0 185
0 58
0 310
1 512
1 512
0 303
0 138
1 512
0 156
0 246
0 142
0 332
0 325
1 512
1 512
1 512
0 58
1 512
0 251
0 210
1 512
1 512
0 169
0 169
2 512
1 512
0 279
2 512
1 512
0 226
0 285
3 512
0 437
0 250
1 512
0 350
0 423
0 364
0 260
1 512
0 244
0 252
1 512
0 405
1 512
1 512
1 512
0 288
0 233
0 468
0 137
1 512
0 170
1 512
2 512
1 512
1 512
1 512
0 414
0 119
1 512
0 262
1 512
0 234
2 512
1 512
0 250
3 512
0 272
0 255
0 139
1 512
7 512
2 512
0 143
0 288
1 512
2 512
0 428
3 512
0 215
1 512
0 162
2 512
0 468
1 512
1 512
1 512
0 284
1 512
1 512
1 512
1 512
0 232
2 512
0 444
0 274
4 512
0 360
1 512
4 512
1 512
0 181
2 512
2 512
2 512
0 246
0 124
1 512
3 512
3 512
1 512
0 140
0 165
0 229
0 178
1 512
1 512
1 512
1 512
0 469
4 512
0 101
0 266
1 512
1 512
0 204
0 107
1 512
1 512
0 216
1 512
0 133
0 406
0 222
2 512
0 150
0 305
0 211
0 278
1 512
0 419
0 256
0 296
1 512
0 224
0 382
1 512
1 512
0 270
2 512
0 87
1 512
0 248
0 452
0 347
2 512
0 286
2 512
2 512
1 512
0 241
3 512
0 272
1 512
1 512
1 512
2 512
0 447
3 512
0 205
0 126
1 512
1 512
2 512
0 275
1 512
2 512
0 295
0 365
0 142
0 302
1 512
2 512
0 132
0 234
1 512
0 80
1 512
0 317
0 358
2 512
0 230
1 512
0 408
1 512
2 512
1 512
2 512
2 512
0 339
0 331
0 421
1 512
2 512
1 512
0 163
1 512
0 356
1 512
0 103
1 512
2 512
2 512
1 512
0 396
0 208
3 512
1 512
0 105
2 512
0 408
1 512
3 512
0 225
1 512
1 512
3 512
1 512
1 512
0 433
0 244
0 87
1 512
2 512
0 177
1 512
0 266
1 512
2 512
1 512
2 512
1 512
0 226
0 196
2 512
0 186
1 512
0 491
0 113
0 168
1 512
0 396
0 259
0 147
1 512
0 252
0 149
0 115
1 512
3 512
0 116
0 225
1 512
0 213
0 203
1 512
3 512
2 512
0 89
1 512
1 512
0 161
2 512
0 265
0 318
0 259
0 110
1 512
1 512
0 360
0 223
2 512
2 512
1 512
1 512
0 227
0 196
1 512
1 512
2 512
0 182
1 512
2 512
0 270
0 186
2 512
0 152
0 267
0 442
1 512
1 512
2 512
1 512
0 428
0 327
1 512
0 512
0 394
0 188
1 512
2 512
0 124
0 228
1 512
1 512
0 74
0 242
0 475
2 512
1 512
1 512
0 451
1 512
2 512
2 512
0 158
1 512
1 512
0 212
0 169
1 512
1 512
2 512
0 342
1 512
2 512
1 512
0 219
2 512
0 278
2 512
0 170
0 367
1 512
0 335
1 512
0 464
2 512
2 512
1 512
0 218
1 512
2 512
0 111
1 512
1 512
0 171
1 512
1 512
2 512
2 512
2 512
1 512
2 512
1 512
1 512
2 512
2 512
2 512
2 512
1 512
0 279
2 512
2 512
0 378
4 512
1 512
1 512
1 512
1 512
0 174
0 181
0 198
0 163
0 456
4 512
0 353
0 95
0 210
2 512
1 512
1 512
0 98
0 388
0 384
0 53
0 208
1 512
0 219
1 512
2 512
0 114
0 170
0 268
1 512
1 512
1 512
2 512
1 512
1 512
0 132
5 512
1 512
1 512
1 512
2 512
1 512
2 512
0 304
1 512
2 512
0 289
0 120
0 490
0 487
0 275
0 186
0 112
1 512
0 280
1 512
0 280
2 512
1 512
1 512
0 242
1 512
1 512
1 512
1 512
1 512
2 512
0 399
0 342
0 110
0 162
1 512
0 247
2 512
2 512
1 512
0 208
0 237
0 245
0 169
1 512
4 512
0 224
0 309
2 512
0 188
1 512
1 512
1 512
0 306
0 239
0 266
0 500
1 512
1 512
3 512
0 198
1 512
0 414
1 512
0 117
0 468
1 512
0 214
0 289
2 512
0 165
0 426
0 244
3 512
0 178
4 512
0 116
2 512
0 327
1 512
1 512
1 512
1 512
0 202
2 512
0 320
0 104
1 512
0 484
1 512
0 363
2 512
0 84
0 332
0 425
0 314
0 345
0 387
3 512
2 512
1 512
0 136
3 512
1 512
3 512
0 321
0 250
2 512
0 275
1 512
0 322
0 226
0 304
1 512
1 512
0 223
2 512
1 512
1 512
0 277
0 69
3 512
1 512
1 512
1 512
0 219
0 385
0 170
1 512
0 335
1 512
1 512
1 512
0 286
2 512
1 512
0 108
0 311
0 108
0 135
3 512
0 99
0 85
1 512
1 512
0 281
0 227
1 512
1 512
0 238
0 262
0 160
0 196
0 294
0 153
3 512
0 194
0 191
1 512
1 512
1 512
1 512
1 512
1 512
1 512
1 512
0 495
0 221
0 276
0 108
0 254
0 252
1 512
0 339
0 132
0 347
0 87
0 91
0 141
1 512
1 512
0 473
0 372
1 512
0 271
1 512
2 512
0 180
1 512
0 196
0 269
3 512
0 311
0 169
0 143
0 251
2 512
2 512
0 112
3 512
0 172
1 512
3 512
0 205
1 512
0 425
0 41
3 512
2 512
1 512
4 512
2 512
1 512
0 232
0 352
1 512
0 72
2 512
2 512
1 512
1 512
0 95
0 508
0 293
0 489
0 307
0 158
1 512
1 512
1 512
1 512
1 512
0 146
0 237
1 512
1 512
0 199
0 504
0 263
2 512
0 330
0 270
3 512
1 512
4 512
1 512
0 120
1 512
0 405
0 198
0 267
1 512
2 512
0 110
1 512
3 512
0 384
1 512
4 512
4 512
1 512
0 426
1 512
1 512
1 512
0 240
1 512
0 137
1 512
0 411
1 512
0 456
3 512
1 512
1 512
1 512
2 512
0 464
0 93
0 217
0 469
0 191
0 139
1 512
0 261
1 512
1 512
2 512
1 512
0 288
2 512
0 177
0 374
0 143
1 512
0 325
1 512
0 384
0 343
0 138
2 512
0 496
0 67
0 209
0 177
0 154
3 512
1 512
0 173
2 512
2 512
1 512
0 308
0 162
0 181
0 289
1 512
0 269
0 315
1 512
1 512
1 512
0 149
3 512
0 196
1 512
1 512
0 249
1 512
1 512
0 459
1 512
0 122
1 512
0 330
0 183
1 512
0 115
1 512
0 252
2 512
2 512
0 72
0 87
0 448
0 122
0 72
0 294
0 428
0 169
1 512
2 512
2 512
0 423
0 437
1 512
0 475
0 509
0 458
1 512
0 302
2 512
1 512
0 266
2 512
0 125
0 303
0 100
0 220
1 512
0 260
1 512
0 191
1 512
1 512
0 220
1 512
0 152
2 512
1 512
1 512
1 512
1 512
0 425
1 512
1 512
0 64
0 137
4 512
1 512
0 234
0 493
0 139
0 91
0 356
0 359
0 149
1 512
0 294
1 512
3 512
0 136
0 108
1 512
2 512
0 352
0 225
0 507
2 512
0 167
1 512
1 512
0 351
0 423
0 239
0 168
0 176
0 254
0 85
0 136
0 183
2 512
1 512
1 512
0 312
0 234
1 512
1 512
0 168
0 257
0 394
0 234
4 512
0 229
1 512
1 512
1 512
0 252
4 512
0 105
0 257
0 146
0 121
2 512
2 512
0 86
0 432
0 259
1 512
2 512
0 211
0 141
0 216
0 166
1 512
1 512
0 403
1 512
1 512
0 267
1 512
0 116
0 175
2 512
1 512
0 269
0 194
2 512
1 512
2 512
0 283
2 512
0 120
0 142
0 200
0 240
1 512
1 512
1 512
1 512
1 512
2 512
1 512
0 404
0 176
1 512
1 512
3 512
0 319
0 416
0 214
1 512
0 93
1 512
1 512
1 512
1 512
2 512
1 512
1 512
0 128
1 512
0 109
1 512
2 512
0 196
2 512
2 512
1 512
2 512
0 231
0 202
0 321
1 512
0 339
2 512
0 124
1 512
2 512
2 512
0 285
0 241
0 132
1 512
0 408
0 445
3 512
0 151
0 175
0 334
0 256
2 512
0 425
0 145
1 512
0 357
0 218
0 169
2 512
1 512
0 503
1 512
2 512
0 62
0 236
3 512
0 442
0 358
3 512
0 311
0 449
0 211
1 512
0 203
1 512
0 103
0 285
1 512
0 190
4 512
2 512
1 512
0 407
1 512
0 152
2 512
0 318
0 186
1 512
0 189
1 512
0 404
0 111
2 512
3 512
1 512
0 91
0 274
1 512
0 483
1 512
1 512
1 512
2 512
0 283
0 206
0 282
3 512
0 174
1 512
1 512
2 512
0 86
0 151
1 512
1 512
2 512
0 414
2 512
2 512
2 512
1 512
1 512
0 235
3 512
2 512
0 305
2 512
0 484
4 512
1 512
0 123
1 512
0 194
1 512
0 307
1 512
0 202
1 512
0 175
0 424
1 512
1 512
2 512
1 512
0 222
0 364
0 358
3 512
1 512
1 512
0 112
0 220
0 295
1 512
0 325
1 512
0 463
0 258
0 426
1 512
0 442
0 61
0 259
1 512
1 512
1 512
1 512
0 201
0 221
2 512
2 512
0 290
2 512
1 512
0 367
2 512
1 512
1 512
0 199
0 213
2 512
0 311
0 421
2 512
2 512
0 139
1 512
1 512
0 505
0 297
0 368
1 512
0 245
1 512
1 512
0 108
0 215
1 512
4 512
1 512
2 512
1 512
1 512
2 512
1 512
2 512
1 512
0 245
2 512
1 512
1 512
1 512
0 236
0 150
1 512
1 512
0 345
0 433
1 512
2 512
2 512
2 512
0 115
1 512
0 226
0 445
1 512
0 489
2 512
2 512
0 134
0 189
1 512
0 404
0 115
0 200
1 512
2 512
0 449
0 215
0 142
1 512
0 125
0 459
0 465
1 512
2 512
3 512
0 123
2 512
0 323
0 297
1 512
1 512
1 512
0 424
0 166
0 249
2 512
0 377
0 114
1 512
0 495
0 128
0 312
1 512
0 334
2 512
2 512
0 226
0 416
1 512
2 512
0 493
0 100
1 512
0 225
1 512
1 512
0 198
0 155
0 80
0 158
0 287
1 512
0 225
0 234
1 512
2 512
1 512
0 171
2 512
0 88
0 182
3 512
2 512
0 325
1 512
0 348
1 512
1 512
0 417
1 512
0 468
3 512
0 157
1 512
0 302
1 512
0 136
0 188
2 512
0 489
2 512
0 162
1 512
1 512
0 174
0 201
0 241
0 413
3 512
0 234
1 512
0 322
0 85
2 512
1 512
2 512
3 512
0 396
0 472
0 369
1 512
3 512
1 512
1 512
0 378
0 70
0 207
0 330
0 267
0 156
0 116
0 272
2 512
0 315
0 448
0 294
0 296
1 512
0 159
2 512
0 195
0 110
1 512
0 71
1 512
0 313
0 493
0 228
1 512
0 104
2 512
3 512
0 251
1 512
3 512
1 512
0 112
3 512
3 512
1 512
0 202
1 512
0 472
1 512
0 193
0 270
1 512
1 512
1 512
2 512
0 149
0 252
1 512
0 305
0 208
0 293
2 512
1 512
0 407
1 512
1 512
2 512
0 249
0 114
0 258
0 348
2 512
0 207
2 512
0 147
1 512
1 512
1 512
1 512
0 182
0 488
0 440
0 456
1 512
1 512
1 512
1 512
0 148
0 217
0 181
0 378
0 429
1 512
0 382
0 489
1 512
0 469
0 206
0 194
2 512
0 242
0 509
5 512
0 138
1 512
4 512
0 190
1 512
2 512
1 512
1 512
1 512
0 162
0 272
0 214
0 168
2 512
1 512
3 512
4 512
0 298
1 512
0 359
0 496
2 512
0 229
1 512
0 141
0 125
1 512
1 512
0 198
1 512
2 512
1 512
4 512
0 83
0 341
0 196
0 221
3 512
2 512
0 148
0 437
1 512
0 495
0 302
0 158
0 94
0 429
1 512
0 205
0 141
1 512
0 147
2 512
2 512
0 73
1 512
0 98
2 512
0 252
1 512
0 120
3 512
0 186
0 307
1 512
0 167
1 512
2 512
0 176
0 226
0 145
0 160
1 512
1 512
1 512
0 380
0 465
2 512
2 512
1 512
1 512
0 313
1 512
0 222
1 512
1 512
1 512
0 133
0 206
0 226
2 512
0 176
0 257
0 470
0 409
1 512
1 512
0 450
3 512
1 512
1 512
1 512
1 512
0 302
1 512
2 512
0 234
0 217
1 512
0 249
1 512
0 370
1 512
0 249
1 512
3 512
1 512
1 512
0 394
0 91
1 512
0 288
0 196
0 208
0 413
0 299
0 140
2 512
0 193
0 218
2 512
1 512
1 512
0 156
0 94
1 512
0 196
0 211
0 239
0 319
0 203
2 512
3 512
1 512
0 149
1 512
0 201
0 340
1 512
0 211
0 286
0 222
0 408
0 155
0 64
1 512
0 248
2 512
0 281
0 123
0 138
1 512
1 512
0 312
2 512
1 512
1 512
0 175
0 296
1 512
3 512
1 512
0 263
2 512
0 76
1 512
1 512
1 512
3 512
0 174
0 146
1 512
2 512
0 248
0 404
0 437
1 512
0 94
3 512
1 512
0 78
2 512
0 141
0 44
1 512
0 137
1 512
1 512
1 512
0 276
0 378
0 165
1 512
2 512
1 512
0 112
0 337
0 139
0 233
1 512
1 512
2 512
0 401
0 382
0 406
0 183
1 512
0 206
1 512
1 512
1 512
0 472
0 439
1 512
0 171
0 224
1 512
0 291
1 512
0 257
0 178
0 146
1 512
1 512
1 512
0 360
1 512
1 512
0 193
0 234
1 512
1 512
3 512
0 201
0 203
1 512
1 512
0 209
1 512
0 284
2 512
1 512
2 512
0 310
3 512
1 512
0 369
1 512
0 166
1 512
2 512
1 512
2 512
1 512
0 192
1 512
2 512
0 278
1 512
0 207
0 185
0 406
0 244
0 451
0 242
1 512
1 512
3 512
0 380
1 512
2 512
1 512
2 512
1 512
1 512
0 327
1 512
0 365
0 286
0 167
2 512
0 133
0 192
0 137
0 158
1 512
1 512
0 348
1 512
4 512
0 194
1 512
0 210
2 512
0 439
0 328
1 512
1 512
0 496
1 512
2 512
0 110
1 512
1 512
0 297
1 512
2 512
0 481
0 125
2 512
1 512
1 512
0 250
3 512
2 512
2 512
1 512
1 512
0 447
0 220
0 113
3 512
0 369
2 512
0 285
4 512
1 512
0 275
0 143
2 512
2 512
0 109
0 394
0 111
1 512
0 495
0 328
2 512
0 286
2 512
2 512
0 189
0 133
2 512
2 512
0 243
1 512
1 512
0 255
0 237
2 512
0 218
1 512
1 512
0 71
1 512
2 512
0 69
0 389
0 191
3 512
0 117
0 148
1 512
2 512
0 194
0 79
0 408
0 118
0 112
0 220
1 512
1 512
0 237
0 201
0 193
0 350
2 512
2 512
0 206
1 512
0 482
1 512
0 247
0 109
0 304
2 512
0 124
1 512
1 512
0 167
0 146
0 48
0 402
1 512
0 158
0 466
1 512
0 394
1 512
2 512
0 505
1 512
1 512
1 512
0 192
0 131
1 512
0 152
1 512
0 207
1 512
0 162
0 166
0 189
0 109
3 512
0 114
1 512
0 261
0 455
4 512
4 512
1 512
0 216
1 512
1 512
0 219
2 512
0 120
1 512
0 159
1 512
0 328
1 512
0 265
2 512
3 512
0 393
3 512
0 183
1 512
0 298
2 512
0 396
1 512
2 512
1 512
0 293
0 291
0 477
0 157
1 512
1 512
1 512
1 512
0 68
0 344
0 235
0 437
0 171
0 120
0 107
0 226
2 512
0 325
0 143
0 174
3 512
0 227
1 512
2 512
0 289
0 166
1 512
1 512
1 512
2 512
0 151
1 512
0 296
0 71
0 162
0 223
1 512
1 512
1 512
2 512
0 100
1 512
0 189
1 512
0 365
2 512
0 456
1 512
4 512
3 512
1 512
1 512
1 512
1 512
0 128
2 512
2 512
1 512
1 512
0 192
0 367
1 512
4 512
0 197
1 512
0 269
0 440
1 512
1 512
0 114
0 336
0 403
0 451
0 192
0 165
0 324
1 512
1 512
1 512
0 426
0 229
2 512
0 161
0 226
3 512
1 512
1 512
0 152
1 512
0 367
0 196
0 237
0 146
2 512
1 512
3 512
2 512
0 105
2 512
0 147
0 170
0 347
1 512
0 273
0 192
0 155
2 512
0 329
0 130
3 512
0 202
0 284
0 173
0 198
2 512
2 512
1 512
0 164
0 268
1 512
1 512
1 512
2 512
4 512
0 275
2 512
0 167
2 512
0 182
0 309
0 394
1 512
0 256
0 342
0 286
1 512
2 512
0 226
2 512
0 327
1 512
1 512
2 512
0 371
0 397
0 229
0 255
0 209
2 512
0 371
0 311
2 512
0 419
0 340
1 512
1 512
2 512
0 326
3 512
1 512
4 512
0 360
0 286
0 299
0 408
0 266
0 252
0 378
1 512
0 238
0 222
0 259
2 512
0 173
1 512
1 512
0 382
1 512
1 512
2 512
0 200
1 512
0 257
0 96
3 512
2 512
0 127
1 512
0 299
0 285
1 512
0 181
1 512
0 179
1 512
2 512
0 209
1 512
0 256
1 512
0 214
1 512
2 512
0 243
1 512
1 512
1 512
0 170
0 137
0 302
0 129
1 512
0 386
0 251
0 140
0 322
1 512
0 265
0 115
0 135
0 387
1 512
0 264
0 186
2 512
0 371
0 181
0 109
0 288
0 429
0 149
0 195
0 66
1 512
1 512
3 512
1 512
1 512
0 330
0 258
2 512
1 512
4 512
0 150
0 263
0 158
3 512
1 512
2 512
1 512
0 234
3 512
0 202
2 512
1 512
1 512
1 512
0 165
1 512
1 512
3 512
1 512
0 261
1 512
2 512
1 512
0 313
1 512
1 512
0 161
2 512
1 512
0 314
2 512
0 359
1 512
1 512
0 315
0 138
0 268
0 375
0 267
1 512
0 131
0 284
1 512
0 426
3 512
0 57
0 215
2 512
1 512
1 512
0 215
0 238
1 512
0 345
1 512
2 512
1 512
1 512
1 512
1 512
0 323
0 273
1 512
0 228
0 150
1 512
0 140
0 268
0 149
1 512
3 512
0 275
1 512
0 392
0 473
1 512
1 512
2 512
1 512
0 355
1 512
2 512
0 102
0 184
1 512
0 431
0 393
0 160
3 512
0 277
0 371
1 512
0 166
0 69
1 512
1 512
0 500
1 512
0 115
0 454
0 391
0 135
0 277
1 512
1 512
0 247
0 177
2 512
2 512
0 425
0 406
0 198
1 512
1 512
1 512
0 292
3 512
0 222
0 224
1 512
1 512
4 512
1 512
1 512
0 312
1 512
1 512
1 512
0 235
0 450
0 286
0 295
0 337
0 185
1 512
1 512
0 113
0 343
3 512
0 208
3 512
2 512
0 268
0 389
2 512
1 512
0 242
0 395
0 96
1 512
0 258
3 512
2 512
0 301
0 284
0 494
0 78
0 170
1 512
0 257
0 164
0 194
0 498
0 192
3 512
0 267
0 481
2 512
0 155
0 132
0 343
3 512
0 141
0 167
0 310
1 512
0 164
1 512
0 261
0 119
0 165
0 217
2 512
0 158
0 414
1 512
0 306
0 244
0 158
1 512
0 90
0 500
0 127
0 202
0 220
1 512
1 512
1 512
0 137
0 437
1 512
1 512
1 512
0 182
0 147
0 280
1 512
1 512
0 323
0 106
1 512
1 512
1 512
2 512
1 512
1 512
1 512
0 163
0 507
1 512
2 512
3 512
1 512
1 512
0 499
0 161
1 512
1 512
0 371
1 512
0 134
0 91
0 353
1 512
0 317
0 190
1 512
0 341
1 512
1 512
0 289
1 512
2 512
2 512
2 512
0 305
1 512
0 201
2 512
0 106
0 78
1 512
0 273
3 512
1 512
1 512
1 512
0 150
3 512
0 131
1 512
2 512
0 272
1 512
3 512
3 512
1 512
2 512
0 380
0 210
0 428
1 512
3 512
1 512
0 216
0 129
2 512
0 255
0 142
2 512
0 89
2 512
0 223
0 243
2 512
2 512
0 334
1 512
1 512
2 512
1 512
2 512
0 191
1 512
1 512
1 512
2 512
0 79
0 187
0 271
1 512
0 210
1 512
1 512
1 512
1 512
0 239
1 512
0 351
0 313
1 512
0 489
2 512
1 512
0 154
1 512
0 300
1 512
1 512
2 512
0 73
0 198
0 218
0 113
0 297
0 243
0 376
3 512
1 512
1 512
0 87
2 512
4 512
0 240
1 512
0 279
0 293
3 512
1 512
2 512
0 112
2 512
0 310
1 512
1 512
0 417
2 512
0 196
1 512
1 512
1 512
0 206
0 229
0 499
0 321
1 512
0 88
0 413
2 512
1 512
1 512
0 147
0 226
0 473
0 184
0 186
1 512
0 463
1 512
0 372
0 235
1 512
0 196
1 512
0 117
0 137
1 512
2 512
0 120
0 67
0 412
1 512
0 226
2 512
0 234
0 379
1 512
1 512
3 512
0 160
1 512
1 512
0 405
0 209
0 192
0 265
0 350
1 512
1 512
1 512
1 512
0 483
1 512
2 512
0 377
0 123
0 339
0 183
2 512
2 512
1 512
0 129
2 512
2 512
0 196
0 174
0 145
0 122
0 75
1 512
2 512
3 512
2 512
1 512
0 146
0 367
0 421
0 365
0 362
0 184
0 419
1 512
0 503
0 129
1 512
0 220
1 512
1 512
0 196
0 227
0 304
2 512
1 512
1 512
1 512
0 127
1 512
0 322
1 512
0 450
0 285
2 512
1 512
0 166
0 314
0 448
0 218
1 512
3 512
1 512
0 82
0 385
1 512
1 512
0 255
0 264
0 192
0 126
3 512
0 253
0 141
0 378
0 175
0 444
0 191
0 449
1 512
0 141
1 512
1 512
2 512
4 512
0 322
2 512
0 336
0 176
0 295
1 512
2 512
0 184
1 512
0 173
0 374
2 512
0 171
0 139
1 512
0 163
0 473
1 512
1 512
2 512
2 512
1 512
2 512
1 512
1 512
0 121
1 512
2 512
2 512
1 512
0 434
0 261
0 154
0 118
0 375
0 241
0 164
1 512
0 474
2 512
1 512
0 94
1 512
0 458
2 512
1 512
1 512
1 512
0 163
1 512
1 512
2 512
1 512
0 378
0 431
1 512
2 512
0 449
4 512
3 512
1 512
0 185
0 250
0 450
1 512
0 433
1 512
0 266
2 512
0 78
0 238
2 512
0 252
0 262
0 211
0 175
0 268
1 512
1 512
1 512
2 512
0 303
0 216
2 512
1 512
0 327
0 234
0 146
0 147
0 495
2 512
1 512
0 118
0 144
0 395
0 173
0 248
2 512
1 512
2 512
0 241
2 512
1 512
1 512
3 512
0 170
1 512
3 512
0 122
2 512
0 511
