# SA for random K-SAT
# K = 3   N = 1024   M = 3968   seed = 2436043241
# alpha = 3.875000   nIter = 4096  Tmax = 0.200000
# 1:lowestUnsat  2:runTime
0 1090
0 476
0 321
0 529
0 692
0 222
1 4096
0 1097
0 466
0 1021
0 658
0 602
0 1092
0 190
0 1217
0 776
0 1178
0 837
0 592
0 1334
0 333
0 1144
0 445
0 638
0 223
0 401
0 485
1 4096
0 610
0 675
0 1064
0 3170
0 279
0 867
0 455
0 470
0 337
0 668
0 443
0 1370
0 1781
0 497
0 352
0 1069
0 708
0 396
0 379
2 4096
0 1588
0 943
0 324
0 784
0 880
0 618
0 349
0 723
0 1035
0 656
0 509
0 692
0 726
0 1162
0 367
0 1030
0 586
0 1144
0 1102
0 196
0 594
1 4096
0 1053
0 279
0 870
0 308
0 473
0 346
0 183
0 406
0 773
0 633
0 913
0 359
0 904
0 299
0 233
0 924
0 335
0 2541
0 856
0 457
0 628
0 1092
0 613
0 436
0 504
0 1143
0 292
0 1633
0 1559
0 356
0 423
0 837
0 585
0 2270
0 944
0 1282
0 614
0 523
0 559
0 388
0 423
0 950
0 608
0 403
0 2240
0 288
0 891
1 4096
0 433
0 521
0 1752
0 579
0 338
0 250
0 424
0 938
0 331
0 449
0 1517
0 1505
0 635
0 882
0 522
0 947
0 318
0 333
0 437
0 315
0 704
0 737
0 937
0 1018
0 1083
0 1091
0 321
0 450
0 471
0 584
0 357
0 684
0 892
0 105
0 547
0 995
0 372
1 4096
0 1175
0 604
0 612
0 3646
0 576
0 675
0 322
0 1821
0 969
0 562
0 711
0 387
0 814
0 680
0 539
0 1355
0 1264
0 346
0 532
0 951
0 1270
0 1356
0 579
0 583
0 400
0 630
0 1856
0 852
0 368
0 752
0 3316
0 1725
0 2527
0 604
1 4096
0 591
0 1099
0 434
0 602
0 1507
0 1141
0 693
0 701
0 314
0 832
0 643
0 699
0 142
0 4022
0 2839
0 322
0 830
2 4096
0 494
0 997
0 497
0 1042
0 431
0 1865
0 353
0 1114
1 4096
0 653
0 375
0 692
0 533
0 909
0 1014
0 363
0 1748
0 329
0 379
0 418
0 420
2 4096
0 350
0 775
0 455
0 431
0 754
0 1135
0 317
0 2833
0 556
0 684
0 642
0 626
0 384
0 283
0 2119
1 4096
0 718
0 332
0 1797
0 1848
0 272
0 2116
0 974
0 615
0 725
0 337
0 1915
0 857
0 426
0 598
0 669
0 624
0 227
0 314
0 1321
0 1052
0 1070
0 390
0 818
0 373
0 921
0 847
0 146
0 1250
0 315
0 1218
0 1188
1 4096
0 658
0 316
0 1243
0 739
0 446
0 367
0 302
0 1469
0 320
0 441
0 364
0 2021
0 310
0 319
0 833
0 623
0 72
0 840
0 1451
0 659
0 249
0 3784
0 515
0 575
0 370
0 207
0 596
0 1979
0 489
1 4096
0 972
0 389
0 1185
0 352
0 422
0 721
0 834
0 571
0 920
0 269
0 150
0 683
0 291
0 486
0 498
0 564
0 821
0 616
1 4096
0 377
0 856
0 972
0 694
0 655
0 1338
1 4096
0 622
0 157
0 480
0 591
0 1254
0 425
0 312
0 880
0 784
0 229
0 170
0 114
0 1389
0 476
0 571
0 300
0 870
0 2564
0 452
0 311
0 637
0 1224
0 493
0 374
0 607
0 118
0 768
0 528
0 1025
1 4096
0 334
0 961
0 942
0 595
0 208
0 858
1 4096
0 574
0 587
0 1396
0 498
0 444
0 813
0 591
0 341
0 1495
0 977
0 1728
0 677
0 536
0 833
0 1966
0 417
0 478
0 228
0 484
0 1078
0 1518
0 1879
0 125
0 1322
0 557
0 374
0 556
0 408
0 1206
0 356
0 650
0 1184
1 4096
0 781
0 1808
0 832
0 1816
0 618
0 949
0 272
0 1018
0 601
1 4096
0 59
0 675
0 1109
0 759
0 956
0 558
0 1652
0 1677
0 1063
0 1008
0 3462
0 769
0 218
0 639
0 568
0 231
0 730
0 406
0 211
0 878
0 1051
0 435
0 273
0 810
0 459
0 238
0 990
0 545
0 311
0 1044
0 754
0 1481
0 375
0 757
0 1132
0 2166
0 389
0 372
0 189
0 654
0 1025
0 683
0 212
0 227
1 4096
1 4096
0 1039
0 1945
0 459
0 829
0 245
0 425
1 4096
0 657
0 658
0 843
0 347
0 3954
0 784
0 102
0 571
0 2552
0 291
0 406
0 1004
0 1948
0 360
0 1315
0 1173
0 1209
0 1051
0 488
0 709
0 217
0 649
0 343
0 430
1 4096
0 443
0 736
0 454
0 689
0 1118
0 686
1 4096
0 231
0 718
0 391
0 1310
0 1024
0 392
0 393
0 908
0 800
0 603
0 636
0 532
0 565
0 377
0 1132
0 1273
0 1037
0 1074
0 425
0 713
0 590
0 1825
0 253
0 164
0 2541
0 2448
0 869
0 424
0 295
0 423
0 264
0 317
0 846
0 672
0 963
0 547
0 912
0 525
0 976
0 666
0 2687
0 570
0 816
0 246
0 2719
0 331
0 667
0 590
0 3148
0 1330
0 548
0 715
0 1717
0 1037
0 319
0 555
0 712
0 238
0 1034
0 2318
0 207
0 803
0 216
0 644
0 449
0 616
0 872
0 484
0 624
2 4096
0 834
0 575
0 1445
0 109
0 623
0 92
0 309
0 866
0 758
0 149
0 327
0 801
0 464
0 562
1 4096
0 523
0 1268
0 411
0 797
0 640
0 699
0 1229
0 2929
1 4096
0 1087
0 1433
1 4096
0 1103
0 1515
0 724
0 475
0 2010
0 859
0 409
1 4096
0 765
0 432
0 559
0 314
1 4096
0 426
0 767
0 558
0 1381
0 393
0 601
0 926
0 1542
0 975
0 399
0 818
0 292
0 535
0 2121
0 365
1 4096
0 882
0 371
1 4096
0 528
0 1071
0 482
0 278
0 176
0 533
0 1819
0 826
0 620
0 433
0 502
0 371
0 285
0 1400
0 415
0 738
0 560
0 591
0 853
0 599
0 1659
0 817
0 943
0 519
0 721
0 294
0 686
0 680
0 1839
0 700
0 569
0 270
0 240
0 478
0 918
0 644
0 316
0 441
0 288
0 543
0 1425
0 469
0 1231
0 430
0 229
0 1049
0 986
0 140
0 617
0 169
0 701
0 1049
0 546
0 1499
0 1848
0 1732
0 955
0 347
0 897
0 507
0 260
0 781
0 1204
0 428
0 520
0 552
0 354
1 4096
0 661
0 359
0 533
0 269
0 1559
0 157
0 804
0 1814
0 1465
1 4096
1 4096
0 362
0 551
1 4096
0 645
0 1513
0 296
0 426
0 3160
0 936
0 588
0 1185
1 4096
2 4096
0 272
0 977
0 602
1 4096
0 162
0 439
0 531
0 675
0 604
0 1749
0 587
0 992
0 859
0 741
0 648
0 1465
0 595
0 641
0 374
0 257
0 735
0 367
0 1056
0 523
1 4096
0 732
0 773
0 3177
0 986
0 851
0 1022
1 4096
0 873
0 513
0 446
0 526
0 2206
0 1071
0 258
0 562
0 621
0 1223
0 977
0 784
1 4096
0 354
0 878
0 678
0 638
0 209
0 309
0 496
1 4096
0 864
0 525
0 991
0 411
0 927
0 1306
0 2350
0 517
0 266
0 542
0 508
0 841
0 550
0 500
0 595
0 730
0 3989
0 560
0 1054
0 273
0 1760
0 125
0 784
0 902
0 372
0 472
0 2392
0 465
0 2036
0 1667
0 4054
0 633
0 686
0 160
0 777
0 684
0 427
0 1152
0 501
0 718
0 469
0 1032
0 689
0 3176
0 902
0 441
0 870
0 2111
0 974
0 875
0 1605
0 312
1 4096
0 416
0 831
0 1064
0 1311
0 781
0 255
0 1557
0 1049
0 649
0 1321
0 942
0 1623
0 599
0 756
0 184
0 442
0 2627
0 738
0 399
0 1101
0 1714
0 469
0 1132
0 133
0 285
0 3326
0 348
0 570
0 485
0 875
0 663
0 413
0 864
0 2433
0 3059
0 621
0 516
0 550
0 666
0 876
0 274
0 1137
0 844
0 409
0 276
0 636
0 444
0 1221
0 716
0 194
1 4096
0 2399
0 360
0 133
0 272
0 1011
0 649
0 716
0 149
0 492
0 622
0 476
0 675
0 394
0 1085
0 322
0 1202
0 879
0 779
0 595
0 469
0 564
0 443
0 719
0 561
0 460
0 593
0 295
0 583
0 536
0 465
0 61
0 430
0 333
0 575
0 1796
0 1003
0 410
0 318
0 1094
0 526
0 3172
1 4096
0 918
0 618
0 511
0 2510
0 932
0 399
0 3174
0 432
0 469
0 345
0 636
0 462
0 826
0 361
0 1866
0 279
0 1104
0 413
0 681
0 377
0 1045
0 66
0 444
1 4096
0 778
0 302
0 239
0 465
0 1261
0 1848
0 905
0 1375
0 1201
0 609
0 706
0 1631
0 456
0 755
0 605
0 505
0 711
1 4096
0 1356
0 1053
0 283
0 668
0 1619
0 2355
0 827
0 1308
0 779
0 566
0 377
0 535
0 373
0 237
0 375
0 554
0 754
0 939
0 478
0 1520
0 308
0 1409
0 330
0 149
0 678
0 666
0 557
0 729
0 477
0 450
0 222
0 841
0 164
0 797
0 580
0 1243
0 2994
0 541
0 1529
0 565
0 393
0 1437
0 659
0 559
0 2387
0 683
0 584
0 2733
0 807
0 209
0 308
0 436
0 1038
1 4096
0 504
0 533
0 612
0 470
0 402
0 752
0 774
0 738
0 970
0 381
0 3330
0 989
0 865
1 4096
0 678
0 1348
0 1108
0 519
0 604
0 1685
0 817
0 363
0 1168
0 676
0 836
0 842
0 1166
0 760
0 441
0 391
0 387
0 682
0 560
0 442
0 699
0 755
0 2029
0 272
0 3119
0 254
0 340
1 4096
0 424
0 1912
1 4096
0 612
0 798
0 1090
0 414
0 3398
0 538
0 479
0 924
0 755
0 555
0 472
0 1571
0 752
0 155
0 241
0 782
0 454
2 4096
0 477
0 390
0 448
0 698
0 288
0 694
0 810
1 4096
0 619
1 4096
0 1924
0 413
0 508
0 1833
0 101
1 4096
0 481
0 432
0 767
0 141
0 864
0 2520
0 479
0 680
0 686
0 746
0 241
0 1028
0 327
0 1077
0 616
0 491
1 4096
0 375
0 714
0 596
0 492
0 441
0 1025
0 1015
0 136
0 388
0 913
0 3416
0 540
0 439
1 4096
0 2296
0 359
0 166
0 477
0 1634
0 202
0 443
0 1069
0 1157
0 727
0 410
0 462
0 687
0 589
0 1483
1 4096
0 545
0 1044
0 414
0 455
0 1122
0 898
0 78
0 179
0 1224
0 430
1 4096
0 951
0 622
0 778
0 534
0 934
0 371
0 550
0 207
0 789
0 701
1 4096
0 1007
0 662
0 259
0 235
0 603
0 878
0 516
0 161
0 237
0 341
0 757
0 1845
0 450
0 722
0 1054
0 91
0 931
0 3312
0 810
0 764
0 1068
0 2425
0 335
0 563
0 604
0 956
0 1130
0 1045
0 1907
0 677
0 1366
0 504
0 623
0 528
0 513
0 876
0 534
0 262
0 209
0 279
0 188
0 836
0 749
0 350
0 488
0 480
0 1961
1 4096
0 496
0 123
0 393
0 352
0 1236
0 225
0 371
0 656
0 344
0 2576
0 795
0 1860
0 543
0 3557
0 1028
0 1346
0 748
0 270
0 301
0 551
1 4096
0 1202
0 626
0 1005
0 1283
0 2869
0 454
0 313
0 294
0 362
0 162
0 542
0 617
0 681
0 472
0 1375
0 1653
0 797
0 378
0 342
0 1216
0 312
0 469
0 2371
0 540
0 340
0 3617
0 783
0 367
0 1726
0 1498
0 3280
0 702
0 824
0 317
0 548
0 1325
0 1248
0 1407
0 792
0 2082
0 336
0 740
0 303
0 817
0 297
0 564
0 544
0 1301
0 450
0 1153
0 489
0 189
0 547
0 633
0 336
0 639
0 421
0 424
0 710
0 387
0 918
0 1237
0 609
0 620
0 410
0 85
0 126
0 390
0 277
0 708
0 878
0 529
0 1811
0 396
0 597
0 3669
0 1239
0 1757
0 762
1 4096
0 3533
0 400
0 453
0 723
0 733
0 643
0 1084
0 534
0 832
0 655
0 232
0 1659
0 391
0 284
0 562
0 568
0 276
0 657
0 387
0 714
0 304
0 342
0 614
0 1286
0 689
0 804
0 860
0 346
0 1625
0 1388
0 839
0 497
0 1644
0 196
0 320
0 1162
0 1188
0 456
0 504
1 4096
0 454
0 854
0 1884
0 1547
0 1344
0 1484
1 4096
0 684
0 1315
0 494
1 4096
0 407
0 180
1 4096
0 1251
0 1404
0 328
0 551
0 459
0 1006
0 413
0 1695
0 848
0 539
0 1867
0 787
0 598
0 203
0 515
0 546
0 244
0 944
0 2726
0 1160
0 507
0 534
0 894
0 538
0 301
0 728
0 723
0 417
0 1689
0 532
0 993
1 4096
0 328
0 454
0 635
0 315
0 209
0 1281
0 273
0 705
0 590
0 435
1 4096
0 622
0 224
0 407
0 1157
0 720
0 1724
0 1232
0 127
0 386
0 1803
0 576
0 1022
0 376
0 398
0 1720
0 1386
0 611
0 461
0 1611
0 747
0 824
0 2192
1 4096
0 759
0 1077
0 692
0 734
0 220
0 546
0 1285
0 436
0 688
0 193
0 2242
0 643
0 492
0 1505
0 647
0 336
0 562
1 4096
0 360
0 318
0 1707
0 323
0 1101
0 317
0 963
0 399
0 651
0 869
0 127
0 1590
0 563
0 1112
0 494
0 773
0 1429
1 4096
0 3349
0 1649
0 2127
0 703
0 971
0 348
0 1964
0 1069
0 3246
0 760
0 412
0 540
0 1018
0 349
0 572
0 653
0 613
0 541
0 644
0 517
0 1104
0 767
0 584
0 2308
0 510
1 4096
1 4096
0 511
1 4096
0 381
0 689
0 315
0 3830
0 558
0 323
0 842
1 4096
0 280
0 206
0 583
0 2658
0 1382
0 1485
0 490
0 526
0 693
0 2682
0 1546
0 243
0 362
0 471
0 387
0 1422
0 575
0 649
0 1185
0 605
0 998
0 1050
0 814
0 828
0 322
0 1069
0 439
0 611
0 762
0 775
0 1050
0 791
0 752
0 489
0 889
0 613
0 711
0 547
0 375
0 617
0 3247
0 430
0 568
0 302
0 680
0 922
0 715
0 262
0 608
0 621
0 467
0 924
0 1335
0 420
0 566
0 1329
0 593
0 1512
0 2215
0 1008
0 1524
0 334
1 4096
0 2069
0 149
0 1037
0 666
0 268
0 654
0 380
0 366
0 1042
0 1383
0 614
0 381
0 1581
1 4096
0 2564
0 3097
0 643
0 536
0 259
0 566
0 710
0 416
0 367
2 4096
0 446
0 448
0 444
0 562
0 1228
0 399
0 614
0 795
0 702
0 1138
0 884
0 2064
0 388
0 1637
0 749
0 663
0 1462
0 1225
0 334
0 1336
0 943
0 1673
0 408
0 324
0 321
0 490
0 839
0 606
0 631
0 550
0 1087
0 889
0 741
0 519
0 406
0 299
0 341
0 250
0 1351
0 345
0 2845
0 1119
0 302
0 454
0 1014
0 1128
0 181
0 1518
0 546
0 204
0 3920
0 690
0 414
0 712
0 1412
0 295
0 637
0 628
0 1608
0 275
0 1320
0 745
0 1153
0 554
0 1220
0 311
0 481
0 860
0 380
0 795
0 870
0 325
0 372
0 565
0 607
0 363
0 1810
0 769
0 1128
0 456
0 1125
0 1815
0 1109
0 2871
0 143
0 1565
0 1363
0 485
0 1622
0 963
0 620
0 3051
0 352
0 825
0 121
0 324
0 793
0 692
0 260
0 880
0 1835
0 3237
0 757
0 1012
0 600
0 512
0 1028
0 339
0 529
0 562
0 1165
0 1334
0 198
0 571
0 356
0 469
0 530
0 450
0 909
0 184
0 469
0 2234
0 249
0 548
0 969
0 322
0 360
1 4096
0 1149
1 4096
0 1564
0 877
0 531
0 996
0 890
0 1179
0 750
0 797
0 387
0 3627
1 4096
0 461
0 1110
0 255
0 413
0 519
0 1141
0 1387
0 3361
0 1484
0 509
0 1985
0 1118
0 350
0 2562
0 3063
0 494
0 673
0 390
0 636
0 769
1 4096
0 3225
0 355
0 984
0 504
1 4096
0 387
0 1736
0 497
0 90
0 446
0 891
0 1826
0 748
0 527
0 462
0 1836
1 4096
0 910
0 908
2 4096
0 841
0 606
0 598
0 346
0 1462
0 403
0 134
0 566
0 1449
0 280
0 365
0 776
0 230
0 408
0 1639
0 1158
0 968
0 1077
0 263
0 1105
0 502
0 948
0 341
0 131
0 640
1 4096
0 727
0 597
0 1894
0 600
0 286
0 242
0 781
0 856
0 1070
0 1053
0 1703
0 318
0 799
0 972
0 2048
0 290
1 4096
0 638
0 2595
0 224
0 686
0 486
0 427
0 1151
0 500
0 429
0 408
0 357
0 427
0 644
0 605
0 809
0 1138
0 1489
0 204
0 160
0 670
0 381
0 2931
0 539
0 859
0 424
0 320
0 701
0 3656
0 1353
0 611
0 354
0 383
0 390
1 4096
0 722
0 533
0 1190
0 396
0 419
0 547
0 851
0 2556
0 843
0 1044
0 563
0 583
0 618
0 1417
0 268
0 978
0 425
0 888
0 917
0 178
0 405
0 1531
1 4096
0 646
0 655
0 1288
0 472
0 170
0 527
1 4096
0 779
0 495
0 646
0 503
0 1600
0 882
0 705
0 415
0 285
0 416
0 472
0 1314
0 1108
0 366
0 479
0 312
0 662
0 169
0 762
0 1498
0 627
0 227
0 956
0 1406
0 136
0 209
0 856
0 154
0 1067
0 675
0 608
0 421
0 274
0 393
0 2861
0 2411
0 1695
1 4096
0 242
0 453
0 596
0 493
0 122
0 1281
0 548
0 566
0 1129
0 661
0 576
0 795
0 2084
0 2407
0 528
0 435
0 1784
0 572
0 572
0 379
0 493
0 707
0 1636
0 1122
0 1424
0 988
0 399
0 758
0 555
0 506
0 1412
0 840
0 1036
0 2629
0 926
0 1289
0 765
0 593
0 365
0 1047
0 433
0 1188
0 273
0 1191
0 769
0 376
0 759
0 354
0 789
0 376
0 504
0 254
1 4096
0 1182
0 110
0 326
0 488
0 407
0 1250
0 1215
0 309
0 885
0 1116
0 610
0 445
0 539
0 2284
0 2048
0 483
0 1098
0 239
0 772
0 716
0 744
0 806
0 147
1 4096
0 1283
0 636
0 909
0 150
0 743
0 987
0 501
0 394
0 472
0 589
0 309
0 521
0 505
1 4096
0 348
0 677
0 636
0 737
0 853
0 1035
0 681
0 717
1 4096
0 561
0 1103
0 500
0 541
0 976
0 242
0 424
0 1093
0 1174
0 280
0 490
0 136
0 504
0 1242
0 633
0 265
0 931
0 696
0 640
0 364
0 1312
0 2093
0 604
0 1069
0 818
0 767
1 4096
0 1647
0 268
0 446
0 298
0 624
0 812
0 587
0 1361
0 359
0 1370
0 319
0 253
0 584
0 611
0 651
0 557
0 644
0 1240
0 641
0 528
0 884
0 760
0 686
1 4096
0 659
0 466
0 566
0 1211
0 883
0 766
0 416
0 3855
0 537
0 549
0 607
0 526
0 908
0 1109
0 748
0 370
0 283
0 404
0 823
0 819
0 541
1 4096
0 390
0 333
0 607
0 855
0 159
0 1989
0 388
0 1173
0 770
0 589
0 958
0 1138
0 1460
0 520
0 1044
0 562
0 433
0 511
0 944
1 4096
0 197
0 2012
0 1414
0 913
0 1001
0 895
0 1737
0 183
0 705
0 674
0 840
0 1194
0 372
0 484
0 380
0 718
0 559
0 430
0 557
0 1399
0 589
0 170
1 4096
0 437
0 180
0 674
0 200
0 681
1 4096
0 595
0 530
0 1037
0 490
0 1507
0 654
0 971
0 1423
0 3571
0 506
3 4096
0 608
0 492
0 1106
0 301
0 1030
0 195
0 672
0 885
0 509
0 765
0 326
0 511
0 3557
0 866
0 422
0 1687
0 223
0 251
0 275
0 1876
0 675
0 1011
0 165
0 984
0 456
0 265
0 2745
0 1332
0 421
0 557
0 370
0 1186
0 323
0 285
0 2480
0 681
0 490
0 795
0 1749
0 536
0 372
0 1327
0 438
0 674
0 629
0 371
0 335
0 456
0 157
0 892
0 740
0 52
0 435
0 1417
0 504
0 572
0 325
0 135
0 694
0 236
0 633
0 353
0 215
0 1595
0 831
0 1473
0 1071
0 329
0 575
0 688
0 599
0 941
0 619
0 1066
0 957
0 572
0 751
0 411
0 412
0 425
0 786
0 275
0 290
0 2159
0 688
0 509
0 782
0 604
1 4096
0 2499
0 542
0 469
0 1048
0 168
0 658
0 651
0 845
0 1104
0 664
0 661
0 874
0 758
0 726
0 1724
0 1139
0 550
0 2196
0 1073
0 1812
0 889
0 824
0 1401
0 1101
0 411
0 541
0 511
0 462
0 1002
0 452
0 494
0 487
0 723
0 224
1 4096
0 1526
0 175
0 381
0 585
0 2259
0 924
0 2712
0 328
1 4096
0 833
0 658
0 3840
0 883
0 3643
0 704
0 332
0 809
0 896
0 638
0 1087
0 2789
0 1012
0 248
0 564
0 855
0 158
0 325
0 1595
0 222
0 125
1 4096
0 276
0 489
0 490
0 499
0 839
0 568
0 1337
0 271
1 4096
0 584
0 269
1 4096
0 2147
0 1201
0 648
0 1001
0 346
1 4096
0 1844
0 1231
0 577
0 892
0 628
0 433
0 114
0 430
1 4096
0 302
0 1256
0 479
0 499
0 1747
0 753
0 701
0 1373
0 744
0 199
0 436
0 2837
0 767
0 2170
0 686
0 737
0 523
0 515
0 1296
1 4096
0 778
0 1277
0 694
0 878
0 3991
0 1093
0 604
0 684
0 512
0 907
0 728
0 378
0 749
0 468
0 392
0 659
0 564
0 795
0 1067
0 510
0 1491
0 750
0 1016
0 595
0 1342
0 375
0 2605
0 507
0 1503
0 1595
2 4096
0 1359
0 945
1 4096
0 576
0 677
0 894
0 799
0 389
0 417
0 1000
0 762
0 956
0 165
0 2300
0 1129
0 584
0 981
0 691
0 375
0 1044
0 503
0 473
1 4096
0 505
0 848
0 329
0 1923
0 381
0 977
0 303
1 4096
0 532
0 551
0 493
0 1102
0 700
0 960
1 4096
0 636
0 408
0 702
0 580
0 680
0 409
0 367
0 515
0 383
0 367
1 4096
0 429
0 267
0 371
0 1015
0 988
0 933
1 4096
0 135
0 430
0 1789
0 354
0 651
0 999
0 344
1 4096
0 465
0 686
0 298
0 373
0 769
0 1675
0 487
0 552
0 3767
0 486
0 507
0 1206
0 333
0 1372
0 1167
0 490
0 455
0 807
0 478
0 411
0 830
0 845
0 1758
0 366
0 645
0 1051
0 894
0 193
0 310
0 1567
0 840
0 164
0 210
0 2038
0 368
0 742
0 562
0 1021
0 492
0 1021
0 376
0 661
0 1281
0 1103
1 4096
0 402
0 443
0 627
0 780
0 352
0 426
0 1023
0 868
0 1235
0 1006
0 748
1 4096
0 875
0 572
0 2497
0 405
0 189
0 679
0 739
0 701
0 981
0 357
0 702
0 839
1 4096
0 519
0 1547
0 544
1 4096
0 155
0 543
0 364
0 762
0 1107
0 624
0 753
0 607
0 3989
1 4096
0 714
0 246
0 585
0 411
0 452
0 578
0 653
0 1088
0 1238
0 2329
0 814
0 1691
0 528
0 132
0 358
0 297
0 754
0 879
0 598
0 660
0 2154
0 920
0 680
0 319
0 539
0 1110
0 270
0 462
0 240
0 1693
0 374
0 290
0 553
0 377
0 654
0 483
0 936
0 909
0 715
0 603
0 1293
0 489
0 1025
0 344
0 398
0 451
0 308
0 409
0 641
0 850
0 596
0 1159
0 803
0 692
0 772
0 575
0 2131
0 305
0 914
0 1020
0 651
0 1525
1 4096
0 1505
0 641
0 705
0 2056
0 392
0 1015
0 752
0 758
0 278
0 824
0 1427
0 1092
0 1052
0 860
0 459
0 472
0 1250
1 4096
0 501
0 239
0 812
0 462
0 347
0 397
0 236
1 4096
0 1779
0 393
0 504
0 877
0 998
0 2858
0 1869
0 338
0 283
0 355
0 530
0 2616
1 4096
0 339
0 615
0 419
0 548
1 4096
0 971
0 447
0 360
0 584
0 1242
0 618
0 577
0 465
1 4096
0 229
0 1060
1 4096
1 4096
0 1122
0 488
0 311
1 4096
0 1587
0 382
0 829
0 787
0 1377
0 424
0 673
0 2135
0 364
0 670
0 2433
0 739
0 998
0 43
0 240
0 639
0 1389
0 1036
0 523
0 337
0 734
0 576
0 1446
0 673
0 754
0 2533
1 4096
0 295
0 888
0 570
0 418
0 921
0 135
0 522
0 549
0 621
0 266
0 475
0 657
0 956
0 317
0 602
0 1330
0 3042
0 1087
0 1354
0 154
0 441
0 437
0 114
0 264
0 844
0 1739
0 1390
0 563
0 1618
0 737
0 1181
0 256
0 372
0 43
0 306
0 271
0 1467
0 398
0 653
1 4096
0 468
0 804
0 385
0 518
0 755
0 577
0 424
0 368
0 138
0 525
0 1158
0 922
0 1286
0 561
0 541
0 1051
0 335
0 441
0 414
0 179
0 327
0 374
0 595
0 3155
2 4096
1 4096
0 926
0 248
0 1005
0 1426
0 510
0 1027
0 1913
0 241
0 264
0 631
0 409
0 2218
0 922
0 508
0 787
0 628
0 3172
1 4096
0 726
0 1083
0 68
0 332
0 364
0 346
0 382
1 4096
0 3919
0 360
0 240
0 1048
1 4096
0 2177
0 580
0 138
0 358
0 1268
0 1152
0 664
0 747
0 2691
0 864
0 373
0 116
0 570
0 1162
0 662
0 391
0 1109
0 1035
0 463
0 703
0 1236
0 549
0 1459
0 1655
0 302
1 4096
0 406
0 1700
0 309
0 3264
0 702
0 428
0 434
0 667
0 321
0 1656
0 1102
0 524
0 609
0 225
0 530
0 616
0 3399
1 4096
0 162
0 421
0 478
0 137
0 413
0 699
0 1535
0 388
0 1393
0 220
0 639
0 1056
0 2093
0 341
1 4096
0 402
0 189
0 1294
0 1551
0 892
0 360
0 703
0 793
0 436
1 4096
0 453
0 422
0 1723
0 916
0 490
0 492
1 4096
0 285
0 427
0 1427
0 1466
0 662
0 1172
0 994
0 223
0 737
0 258
0 542
0 494
0 2795
0 1262
0 1019
0 783
0 359
0 463
0 918
0 1080
0 408
0 1743
0 443
0 510
0 254
0 615
0 976
0 886
0 691
0 1941
0 596
0 736
0 556
0 431
1 4096
0 462
0 875
0 294
0 1300
0 1251
0 1692
0 1027
0 651
0 155
0 1230
0 177
0 524
0 342
0 389
0 572
0 658
0 1109
0 170
1 4096
0 915
0 332
1 4096
0 169
0 308
0 147
0 1720
0 387
0 285
0 861
0 676
0 1410
0 920
0 443
0 697
0 577
0 449
0 599
0 1829
0 1304
0 2260
0 348
0 556
0 2502
0 829
0 354
0 292
0 765
0 225
0 1101
0 547
0 1206
0 907
0 1622
0 797
0 973
0 1934
0 1184
0 155
0 678
1 4096
1 4096
0 645
0 1107
0 531
0 259
0 251
0 2205
0 1225
0 1020
0 298
0 678
0 408
0 306
0 642
0 353
0 1142
0 311
0 227
0 486
0 351
0 1091
0 390
0 1493
0 549
0 343
0 777
0 488
0 680
0 1659
1 4096
0 845
0 625
0 810
0 805
0 386
0 559
0 874
0 455
0 1192
0 700
0 559
0 543
0 874
0 562
0 444
0 806
0 217
0 273
0 344
0 774
0 490
0 466
0 555
0 740
0 850
0 497
0 1207
1 4096
0 831
0 1785
0 288
0 452
0 584
0 1489
0 668
0 607
0 430
0 415
0 3257
0 386
0 518
0 706
0 1377
0 480
0 848
0 800
0 1131
0 863
0 1002
0 357
0 316
1 4096
0 3960
0 3009
0 888
0 1389
0 725
0 915
0 514
0 335
0 320
1 4096
0 427
0 1435
0 197
0 760
0 2482
0 537
0 474
0 1205
0 320
0 493
0 1048
0 918
0 475
0 1570
0 487
0 668
0 2839
0 861
0 527
0 2533
0 341
0 323
0 1298
0 709
0 3323
0 1059
0 519
0 592
0 505
0 906
0 668
0 258
0 340
0 1506
0 467
0 843
0 1943
1 4096
0 663
0 652
0 249
0 678
0 282
0 389
0 1516
0 589
0 434
0 758
0 761
0 570
0 966
0 1001
0 2640
0 227
1 4096
0 956
0 197
0 541
0 321
0 350
0 825
0 911
0 333
0 1427
0 1556
0 119
0 766
0 1052
0 1769
0 939
0 572
0 358
0 456
0 477
0 295
0 929
0 305
0 331
0 542
0 559
0 312
0 2500
0 1783
0 777
0 1067
0 804
1 4096
0 3832
0 292
0 812
0 2357
0 1324
1 4096
0 547
1 4096
0 248
1 4096
0 2222
0 507
0 2492
0 554
0 635
0 773
0 871
0 477
0 1047
0 1288
0 804
0 531
0 2323
0 390
0 745
0 366
0 376
0 1045
0 176
0 1529
0 718
0 268
0 706
0 2699
0 165
0 631
0 690
0 337
0 672
0 1071
0 2502
0 675
0 808
0 1167
0 822
0 987
0 260
0 905
0 686
0 321
1 4096
0 526
0 615
0 537
0 611
0 1122
0 491
0 2057
0 395
0 531
0 257
0 726
0 1551
0 393
0 677
0 258
0 584
0 420
0 701
0 2303
0 671
0 526
0 326
0 404
0 206
0 661
0 466
0 1134
0 299
0 874
1 4096
0 515
0 1233
0 797
0 2541
0 975
0 171
0 226
0 432
0 313
0 934
0 315
0 2247
0 1604
0 369
0 3121
0 364
0 856
0 311
0 478
0 1304
0 708
0 515
0 295
0 513
0 572
1 4096
0 1318
0 483
0 1177
0 591
0 1177
0 325
0 519
0 746
0 1030
0 624
0 609
0 2131
0 860
0 518
0 553
0 784
0 425
0 544
0 683
0 270
0 1796
0 1656
0 409
0 1673
0 412
0 854
0 557
0 1184
0 1404
0 693
1 4096
1 4096
0 655
1 4096
0 474
0 1302
0 115
0 1135
0 864
0 1291
0 1122
0 661
0 528
0 1263
0 957
0 1070
0 469
0 270
0 714
0 455
0 359
0 470
0 638
0 130
0 1405
0 824
0 373
0 1094
0 982
0 489
0 306
0 531
0 484
1 4096
0 739
0 717
0 691
0 534
0 498
0 459
0 320
0 686
0 333
0 344
0 737
0 1042
0 386
1 4096
0 704
0 1017
0 893
0 1700
0 202
1 4096
0 400
0 600
0 468
0 217
0 414
0 258
0 602
0 1087
0 1802
0 669
0 872
0 708
0 502
0 673
0 2162
0 283
0 2603
0 397
0 227
0 483
0 276
1 4096
0 870
1 4096
0 222
0 653
0 1012
0 1328
0 395
0 575
0 1484
1 4096
1 4096
0 1080
1 4096
0 484
0 224
0 400
0 957
0 379
0 994
0 600
0 198
0 570
0 537
0 514
0 360
0 206
1 4096
0 1124
0 526
0 1315
0 1245
0 244
0 187
0 664
0 523
0 1390
0 1026
0 1557
1 4096
0 641
0 2556
0 367
0 808
0 605
0 798
0 583
0 526
0 715
0 542
0 3428
0 569
0 1168
0 2566
1 4096
0 1799
0 420
0 693
0 342
0 960
1 4096
0 1134
0 286
0 3094
0 2256
0 425
0 1538
0 445
0 960
0 361
0 1914
0 426
0 1606
0 369
0 674
0 877
0 437
0 1584
0 528
0 536
0 467
0 1479
0 723
0 3829
1 4096
0 1514
0 1571
0 1302
0 594
0 847
0 2038
0 297
0 517
0 1319
0 299
0 1078
0 212
0 1455
0 635
0 435
0 1519
0 202
1 4096
0 307
0 808
0 606
0 622
0 371
0 300
0 880
0 560
0 2254
0 241
1 4096
0 1228
0 1346
1 4096
0 430
0 378
0 517
0 758
0 1197
0 446
0 826
0 781
0 1130
0 610
0 505
0 665
0 499
1 4096
0 1025
0 1975
0 1648
0 375
0 768
0 262
0 323
0 107
0 1244
0 442
0 434
0 870
0 1294
0 353
0 691
0 354
1 4096
0 708
0 925
0 440
0 1756
0 745
0 622
0 550
0 510
0 915
0 221
0 982
0 1044
0 1248
0 743
0 505
0 614
0 1411
0 320
0 1533
0 769
0 470
0 942
0 484
0 898
0 485
0 1164
1 4096
0 2036
0 663
0 512
0 1545
0 271
0 245
0 1158
0 1846
0 645
0 360
0 535
0 1029
0 372
1 4096
0 722
0 289
0 482
0 1771
0 2916
0 537
0 296
0 454
0 1734
0 499
0 699
0 644
0 662
0 737
0 264
0 602
0 677
0 753
0 478
0 510
1 4096
0 667
0 257
0 709
0 322
0 904
0 1239
0 518
0 263
0 610
0 1177
0 527
0 1629
0 279
0 394
0 449
0 759
0 469
0 394
0 368
0 764
0 774
0 401
0 186
0 663
0 1925
0 405
0 709
0 652
0 302
0 815
0 595
0 366
0 214
0 865
0 389
0 964
0 771
0 652
0 2820
0 693
0 1337
0 917
0 213
0 396
0 1205
0 880
0 1817
0 107
0 68
0 799
0 3856
0 594
0 188
0 624
0 1105
1 4096
0 424
0 1426
0 474
0 837
0 372
0 1206
0 447
0 623
0 1131
0 794
0 1911
0 921
0 485
0 3444
0 358
0 459
0 695
0 601
1 4096
0 612
0 257
0 889
0 274
0 1090
0 296
0 556
0 699
0 644
1 4096
1 4096
0 535
0 667
1 4096
0 339
0 620
0 763
0 1044
0 345
0 914
0 1006
0 185
0 1179
0 248
0 2826
1 4096
0 281
0 1003
0 1581
0 801
0 205
0 434
1 4096
0 531
0 2042
0 1023
0 812
0 608
0 1723
0 603
0 911
0 469
0 824
0 1064
0 580
0 224
0 959
0 411
0 297
0 1179
0 749
0 196
0 514
0 2696
0 283
0 745
1 4096
0 532
0 251
0 108
0 248
0 1068
0 2139
1 4096
0 671
0 428
0 687
0 441
0 125
0 1670
0 515
0 2297
0 650
0 1581
1 4096
0 445
0 1722
0 815
0 1339
0 904
0 1433
0 344
0 508
0 456
0 388
0 1730
0 426
0 383
0 536
1 4096
0 782
0 494
0 633
0 908
0 248
0 458
0 3371
0 220
0 609
0 156
0 593
0 325
0 867
0 242
0 390
0 219
0 1291
0 360
0 818
0 672
0 246
0 237
0 956
0 1027
0 427
0 755
0 313
0 1639
0 332
0 729
0 1876
0 2027
0 1532
0 1167
0 391
0 789
0 604
0 268
0 673
0 1316
0 1749
0 790
0 478
0 1164
0 1212
0 996
0 917
0 825
0 689
0 365
0 634
0 2284
0 1634
0 720
0 3080
0 613
0 825
0 1389
0 496
0 259
0 535
0 592
0 728
0 948
0 969
0 582
0 1113
0 320
1 4096
0 1080
0 480
0 3563
0 631
0 367
0 503
1 4096
0 505
0 761
0 270
0 176
0 973
0 364
0 1570
0 651
0 509
0 1929
0 495
0 276
0 673
0 358
0 480
0 294
0 520
0 490
0 490
0 959
0 780
0 419
0 519
0 531
0 446
0 543
0 683
0 302
0 386
0 987
0 243
0 1414
0 462
0 250
0 744
0 281
0 376
0 1118
0 3363
1 4096
0 724
0 673
0 526
0 894
1 4096
0 773
0 346
2 4096
0 137
0 553
0 473
0 805
0 372
0 490
0 522
0 614
0 397
0 126
0 449
0 944
0 431
0 252
0 858
0 1067
0 977
0 961
0 1051
0 186
0 712
0 404
1 4096
0 771
0 165
0 1421
0 1090
0 519
0 882
0 834
0 173
1 4096
0 359
0 1274
1 4096
0 595
0 364
0 1389
0 3032
0 663
0 284
0 706
0 1043
0 1160
0 900
0 897
0 721
0 897
0 218
0 395
1 4096
0 1105
0 298
1 4096
0 971
0 1070
0 1080
0 330
0 530
0 381
0 460
0 1424
0 661
0 139
0 1147
0 261
0 265
2 4096
0 302
0 737
0 473
0 1563
0 637
0 994
0 659
0 1172
0 346
0 265
0 969
0 790
0 1011
0 481
0 1715
0 531
0 1850
0 447
1 4096
0 582
0 256
0 166
0 207
0 428
0 206
0 547
1 4096
0 782
0 309
0 423
0 1065
0 913
0 482
0 509
1 4096
0 665
0 871
0 850
0 831
0 778
0 704
0 990
0 459
0 273
0 904
1 4096
0 654
1 4096
0 1146
1 4096
0 202
0 873
0 364
0 1772
0 466
0 376
0 572
0 597
0 199
0 499
1 4096
0 682
0 2769
0 702
0 282
0 1381
0 1306
0 1427
1 4096
0 698
0 687
0 601
0 1770
0 497
0 92
0 639
0 1293
0 750
0 669
0 1489
0 517
0 385
0 369
0 477
0 599
0 474
0 198
0 443
0 3029
0 707
0 243
0 468
0 266
0 474
0 456
0 666
0 949
0 277
0 971
0 603
0 720
0 1357
0 496
0 572
1 4096
0 2645
0 639
0 527
0 500
0 1353
0 427
0 1387
0 451
0 903
0 665
0 487
0 1060
0 378
0 406
0 735
0 766
0 1160
0 883
0 892
0 242
0 362
0 750
0 543
0 477
0 1049
0 426
0 286
0 652
0 463
0 687
0 503
0 652
0 256
0 409
0 1163
0 1452
0 580
0 481
0 1001
0 844
0 1132
0 330
0 797
0 369
0 813
0 664
1 4096
0 909
0 618
0 812
0 2278
0 1748
0 276
0 308
0 734
0 559
0 1115
0 79
0 407
0 822
0 418
0 363
0 766
0 104
0 68
0 2663
0 931
0 1565
0 601
0 1326
0 343
0 506
0 1207
0 382
0 192
0 409
0 612
0 263
0 515
0 646
0 354
0 713
0 340
0 268
0 297
0 1081
0 212
0 306
1 4096
0 312
0 852
0 694
0 759
0 640
1 4096
0 850
0 947
0 543
0 741
0 727
0 155
0 193
0 821
0 724
0 1056
0 365
0 907
0 320
0 813
0 810
0 2142
0 405
0 419
1 4096
0 1646
0 1233
0 855
0 358
0 408
0 916
0 700
0 340
0 396
0 1666
0 267
0 3606
0 342
0 2976
0 941
0 927
0 621
0 677
0 806
0 299
0 419
0 358
0 82
0 488
0 150
0 1251
0 4019
0 585
1 4096
0 452
0 726
0 303
0 466
0 584
0 1529
0 552
0 645
0 606
0 1150
1 4096
0 873
0 602
0 1671
0 450
0 628
0 576
0 528
0 308
0 324
0 679
0 317
0 1094
0 706
0 888
0 667
0 660
0 603
0 885
0 719
0 268
0 272
0 466
0 627
0 853
0 878
0 478
0 467
0 475
0 282
0 421
0 972
0 242
0 502
0 3666
0 437
0 455
0 552
0 515
0 542
0 363
0 445
0 2123
0 316
0 258
0 479
0 644
1 4096
0 767
0 611
0 387
0 819
0 561
0 1463
0 848
1 4096
1 4096
0 876
0 577
0 500
0 671
1 4096
0 429
0 238
0 1173
0 936
0 358
0 352
0 140
0 161
0 606
0 437
0 2213
0 3252
0 290
0 1093
0 1094
0 400
0 202
0 442
0 727
1 4096
0 380
0 685
0 988
0 768
0 1655
0 484
0 518
1 4096
0 1818
0 1231
0 894
0 269
0 715
0 663
0 884
0 624
0 620
0 1109
0 412
0 657
0 486
0 646
0 764
0 1830
0 1760
0 558
0 545
1 4096
0 897
0 1650
0 1048
0 1431
1 4096
0 1183
0 1066
0 3105
0 983
0 286
0 1784
0 549
0 538
0 545
0 524
0 636
0 340
0 2043
0 629
0 442
1 4096
0 549
0 742
0 1332
0 574
0 490
1 4096
0 1591
0 508
0 332
0 641
0 750
0 634
0 447
0 996
0 616
0 1879
0 496
0 459
0 351
0 1284
0 1232
0 829
0 566
0 618
0 956
0 1030
0 1015
0 878
0 953
0 933
0 128
0 1024
0 523
0 665
1 4096
0 871
0 437
0 416
0 1986
0 793
0 684
0 903
0 633
0 69
0 632
0 309
0 391
0 610
0 729
0 519
0 650
0 815
0 760
0 986
0 455
0 267
0 265
0 318
0 311
0 3476
0 320
0 817
0 235
0 534
0 896
0 287
0 752
0 368
0 248
0 519
0 134
0 665
0 837
0 911
0 3367
0 563
0 376
0 593
0 1250
0 687
0 683
0 404
0 776
0 321
0 470
0 936
0 463
0 878
0 1135
0 662
0 2115
0 720
1 4096
1 4096
0 170
0 719
0 152
0 331
0 293
0 450
0 1833
0 356
0 849
0 2446
0 324
0 668
0 402
0 249
0 391
1 4096
0 331
0 365
1 4096
0 439
0 1041
2 4096
0 708
0 742
0 576
0 1236
0 170
0 1262
0 912
0 754
0 1030
0 636
0 1964
0 823
0 549
0 2797
0 782
0 993
0 1029
0 957
0 1301
0 571
0 1971
0 519
0 215
0 638
0 463
0 413
0 1364
0 1416
0 558
0 350
0 479
0 584
0 155
0 336
0 999
0 1752
0 589
0 678
0 326
0 756
0 386
0 605
0 341
1 4096
0 308
0 743
0 487
0 805
0 474
1 4096
0 555
0 1019
0 540
0 939
0 913
0 566
0 656
0 693
0 463
0 636
0 1933
0 1280
0 251
0 244
0 2568
0 1797
0 484
1 4096
0 980
0 651
0 267
0 284
0 1519
0 824
0 2000
0 1315
0 889
0 2456
0 1051
0 333
0 1043
0 456
0 393
0 1737
0 541
0 388
0 1024
0 625
0 147
1 4096
0 194
0 575
0 281
0 564
0 864
0 574
0 240
0 360
0 980
0 1623
0 938
0 1047
1 4096
0 411
0 768
0 501
0 557
0 843
0 377
0 1251
0 2152
0 394
0 1556
0 407
0 760
0 576
0 174
0 752
0 981
0 2787
0 404
0 722
0 635
0 484
0 663
0 1125
0 614
0 1441
0 171
0 538
0 380
0 238
0 678
0 385
0 332
0 302
0 756
0 475
0 878
0 2288
0 330
1 4096
0 676
0 1038
0 568
0 1134
1 4096
0 242
0 460
0 829
0 395
0 718
0 739
0 568
0 579
0 1786
0 1176
0 323
0 881
0 298
0 768
0 549
0 998
1 4096
0 1057
0 435
0 500
0 1400
0 823
0 429
0 896
0 1511
0 584
0 1221
0 947
0 641
0 266
0 516
0 452
0 721
0 586
0 383
0 1034
0 683
0 393
0 1069
0 736
0 892
0 391
0 555
0 578
0 2256
0 324
0 461
0 807
0 183
0 343
0 827
0 606
0 368
0 758
0 847
0 996
0 896
0 223
0 2301
0 1029
0 512
0 618
0 677
0 376
0 1085
0 377
0 2132
0 761
0 1257
0 90
0 547
0 2525
1 4096
0 663
0 1073
0 1054
0 1170
0 1194
0 755
0 498
0 619
0 1498
0 803
0 746
0 576
0 407
0 371
0 957
0 189
0 1619
0 546
0 304
0 236
0 389
0 271
0 391
0 400
0 456
0 1273
0 302
0 760
0 491
0 153
0 2140
0 826
0 807
0 1067
0 1163
0 1275
0 1665
0 124
0 1048
0 880
0 448
0 557
0 432
0 607
0 512
0 561
0 2021
0 653
0 202
0 123
0 753
0 1112
0 377
0 1185
0 728
0 651
0 756
0 911
0 1676
0 887
0 171
0 122
0 1621
0 1333
0 456
0 596
0 518
0 746
0 971
1 4096
0 443
0 108
0 987
1 4096
0 973
0 626
0 615
0 1153
0 865
0 541
0 724
0 1908
0 1859
0 147
0 413
0 752
0 312
0 437
0 1082
0 1562
0 863
0 300
1 4096
0 708
0 4007
0 417
0 692
0 530
0 713
0 2871
0 1129
0 3951
0 470
0 660
0 249
0 717
0 701
0 281
0 549
0 333
0 2210
0 680
0 1192
0 733
0 845
0 757
0 871
0 352
0 658
0 763
0 1178
0 871
1 4096
0 511
0 279
0 499
0 568
0 466
0 240
0 841
0 567
0 404
0 481
0 1342
0 367
0 3948
0 194
0 801
0 1229
0 594
0 331
0 1584
0 331
0 376
0 670
0 793
0 803
0 647
0 424
0 514
0 850
0 1001
0 517
0 896
0 808
0 287
0 814
0 630
0 124
0 581
0 356
0 1065
0 471
0 362
0 1120
0 811
0 443
0 486
0 1109
0 733
0 693
1 4096
0 638
0 1024
0 630
0 664
0 912
0 544
0 671
0 557
0 371
1 4096
1 4096
0 1163
0 683
0 521
0 543
0 678
0 636
0 394
0 582
0 1771
0 980
0 553
0 578
1 4096
2 4096
0 260
0 2619
0 447
0 296
0 1417
0 617
0 238
0 1392
0 1604
0 1697
0 1873
0 877
0 327
0 2270
0 267
0 934
0 212
0 855
1 4096
0 289
0 607
0 561
0 1555
0 377
0 1019
0 1055
0 249
0 306
0 120
1 4096
0 320
0 542
0 664
0 768
0 475
0 436
0 2479
0 139
0 768
0 3897
0 247
0 676
0 1084
0 660
0 525
0 468
0 723
0 749
0 364
0 1355
0 1227
0 429
0 1403
0 531
0 1239
1 4096
0 714
0 546
0 1273
0 1447
0 464
0 350
0 1317
0 856
0 891
0 691
0 355
0 274
0 1434
0 634
0 628
0 519
0 543
0 702
0 582
0 3334
0 492
0 223
0 1276
0 2019
0 651
0 965
0 1617
0 310
0 290
0 448
0 439
0 1658
0 1429
0 336
0 538
0 3768
0 726
0 615
1 4096
0 306
1 4096
0 694
0 2890
0 1267
0 617
0 1965
1 4096
0 1402
0 175
0 354
0 1006
0 732
0 2093
0 459
0 591
0 709
0 818
0 349
0 685
1 4096
0 813
0 493
0 450
0 1585
0 292
0 905
0 675
0 732
0 720
2 4096
0 476
0 555
0 708
0 1363
0 1792
0 243
0 613
0 454
0 2610
0 304
0 1077
0 811
0 237
0 1157
0 912
0 818
0 375
0 365
0 2429
0 478
0 2719
0 3130
0 299
0 553
0 217
0 664
0 1343
1 4096
0 1040
0 661
0 576
0 752
0 1214
0 431
0 590
0 208
0 1024
0 656
0 616
0 1188
0 755
0 1155
0 237
1 4096
0 178
0 219
0 700
0 683
0 566
1 4096
0 500
0 176
0 426
0 1913
0 811
0 1475
0 639
0 1427
0 1158
0 498
0 795
0 222
0 313
0 712
0 420
0 426
1 4096
0 1838
0 101
0 505
1 4096
0 321
0 1233
0 343
0 383
0 199
0 549
0 955
0 439
0 145
0 602
0 830
0 751
0 1244
0 597
0 308
0 342
0 1569
0 1601
0 475
0 344
0 1374
0 525
0 963
0 481
0 743
0 755
0 667
0 665
0 746
0 878
0 265
0 235
0 279
0 653
0 458
0 335
0 840
0 486
0 234
0 1391
0 910
0 2186
0 543
0 584
0 401
0 1037
1 4096
0 893
0 301
0 518
0 845
0 903
0 343
0 726
0 402
0 1755
0 897
0 393
0 738
0 1681
0 2241
0 1105
0 1403
0 860
0 1211
1 4096
0 223
0 1536
0 1884
0 1023
1 4096
0 1492
1 4096
0 971
0 891
0 1160
0 666
0 826
0 200
0 635
0 401
0 621
0 1080
0 1255
0 883
0 797
1 4096
0 602
0 568
0 1183
0 849
0 694
0 1612
1 4096
0 430
0 679
0 552
0 392
0 408
0 674
0 547
0 570
0 725
0 1086
0 294
0 217
0 1434
0 501
0 1181
0 508
0 59
0 811
0 449
0 260
0 1074
0 1989
0 931
0 915
0 170
0 1052
0 610
0 709
0 828
0 178
0 1242
0 1426
0 461
0 2180
0 439
0 1270
0 345
0 1090
0 1337
0 335
0 926
0 590
0 1251
0 3813
0 309
0 593
0 2001
0 291
0 508
0 1124
0 930
0 1364
0 317
0 3757
0 786
0 1149
0 1115
0 910
0 983
0 485
0 1314
0 537
0 104
0 293
2 4096
0 1194
0 353
0 608
0 1647
0 818
0 500
0 391
0 292
0 612
0 605
0 672
0 458
0 1197
0 733
0 867
0 792
1 4096
0 518
0 1044
0 191
0 344
0 560
0 484
0 616
0 489
0 930
0 931
0 599
0 767
0 1078
0 1074
0 1333
0 351
0 608
0 758
0 458
0 1722
0 1837
0 593
0 3020
0 566
0 921
0 1404
0 426
0 189
0 1166
0 1600
0 388
0 434
0 1067
0 1055
0 2380
0 695
0 1317
0 641
1 4096
0 605
0 369
0 1282
0 304
0 336
0 417
0 582
0 742
0 1030
0 1461
0 589
0 925
0 709
0 309
0 485
0 773
0 881
0 658
0 1984
0 706
0 939
0 1945
0 878
0 1891
0 419
0 306
1 4096
0 336
0 720
0 471
0 818
0 459
0 1353
0 2360
0 466
0 823
0 1671
0 787
0 1235
1 4096
0 880
0 453
0 715
0 368
0 450
0 326
0 395
0 2074
0 554
0 321
0 433
0 1102
0 284
0 359
0 389
0 405
0 3137
0 740
0 701
0 536
0 2198
0 2056
0 158
0 416
0 439
0 273
0 956
0 458
0 465
0 302
0 426
0 220
0 283
0 1003
1 4096
0 2196
0 760
0 928
0 235
0 320
0 2113
0 2417
0 670
0 2584
0 1548
0 211
0 286
0 1609
0 2860
0 1933
1 4096
0 1766
0 406
0 2313
0 673
0 292
0 625
0 511
0 826
0 269
0 1134
2 4096
0 581
0 1882
0 573
0 1277
0 201
0 56
0 618
0 386
0 147
0 561
0 1315
0 758
0 223
0 236
0 646
0 577
0 372
0 276
0 863
0 679
0 2207
0 852
0 555
0 211
0 3495
0 1428
0 397
0 1963
0 1415
0 667
0 633
0 447
0 921
0 986
0 782
0 670
0 608
0 683
0 1036
0 985
0 565
1 4096
0 1547
0 475
1 4096
0 462
0 858
0 1785
0 1183
1 4096
0 381
0 120
0 687
0 290
0 1066
0 367
0 1033
0 333
0 348
0 711
0 651
1 4096
0 319
0 744
0 1195
0 354
0 953
0 1129
0 1480
0 828
0 176
0 1873
0 272
0 601
0 502
0 961
0 310
0 747
0 1006
0 930
0 1134
0 369
0 1416
0 501
0 640
0 454
0 1754
0 2669
0 211
0 467
0 922
0 256
0 245
0 1140
0 300
0 561
0 591
0 877
0 1266
0 364
0 384
0 697
0 841
0 381
0 315
1 4096
0 824
0 485
0 883
0 304
0 540
0 319
0 447
0 577
0 1850
0 1778
0 900
0 340
0 814
0 429
0 2154
0 477
0 333
0 244
0 651
0 888
0 606
0 335
0 845
0 1268
0 717
0 719
0 990
0 333
0 1003
0 1322
0 618
0 2815
0 1196
0 254
0 687
0 1035
0 321
0 2406
0 623
1 4096
0 1617
0 2638
1 4096
0 756
0 875
0 837
0 622
0 993
0 964
0 361
0 780
0 411
0 854
1 4096
0 1690
0 465
0 1048
0 668
0 553
0 551
0 2481
0 449
0 1064
0 796
0 1161
0 842
0 50
1 4096
0 541
0 1459
1 4096
0 526
0 592
0 186
0 371
0 485
0 483
0 1003
0 796
0 436
0 626
1 4096
0 705
0 467
0 3196
0 1122
0 703
0 202
0 637
0 360
0 506
0 250
1 4096
0 646
0 1462
0 617
0 388
0 282
0 2247
0 602
0 813
0 705
0 1400
0 281
0 1190
0 390
0 231
0 228
0 1169
0 283
0 1551
0 261
0 1036
0 386
0 780
0 341
0 506
0 1828
0 1836
0 740
0 547
0 265
0 228
0 1232
0 394
0 1466
0 427
0 729
0 426
0 468
0 1282
0 300
0 426
0 716
0 695
0 764
0 776
0 612
0 650
0 1610
0 1284
0 814
0 353
0 526
0 844
0 221
0 1510
0 560
0 2561
0 74
0 592
0 255
0 592
0 144
0 250
0 141
0 295
0 871
0 1099
0 260
0 271
0 676
0 1331
0 487
0 677
0 1280
0 602
0 3451
0 385
0 1638
0 639
0 1139
0 333
0 290
0 573
0 730
0 474
0 488
0 634
0 957
0 2152
0 257
0 2044
0 3676
0 614
0 2596
0 1463
0 232
0 550
0 845
0 416
0 161
0 612
1 4096
0 124
0 992
0 260
0 2430
1 4096
0 1469
0 737
0 544
0 408
0 1852
0 347
0 312
0 286
0 1499
0 1059
0 920
0 330
0 610
0 790
0 867
0 1476
1 4096
0 985
0 372
0 1651
0 405
0 654
0 798
0 582
0 611
0 610
0 1146
0 1557
0 608
0 504
0 405
0 971
0 554
0 1756
0 183
0 229
0 575
0 577
0 1011
0 947
0 696
0 718
1 4096
0 193
0 640
0 601
0 242
0 929
0 965
0 374
0 1296
0 2585
0 450
0 2544
0 336
0 207
0 851
0 120
0 674
0 1057
0 961
0 456
0 535
0 290
0 544
0 276
0 917
0 754
0 551
0 651
0 1002
0 589
0 714
0 949
0 2034
1 4096
0 790
0 550
0 1003
0 630
1 4096
0 276
0 437
0 748
0 1273
0 875
0 2533
0 609
0 324
0 961
0 1166
0 487
0 1772
0 798
0 351
0 440
0 710
0 512
0 646
0 1313
0 212
0 790
0 1040
0 561
0 2458
0 952
0 2161
0 437
0 456
0 638
0 645
0 2094
0 287
0 751
0 1950
0 685
0 1293
0 699
0 693
0 656
0 2133
0 330
0 731
0 573
0 419
0 646
0 148
0 436
0 473
0 2043
0 455
0 598
0 1232
0 662
0 395
0 2031
0 438
0 1023
0 478
0 336
0 1094
0 243
0 393
0 1239
0 255
0 1231
0 365
0 605
0 638
0 414
0 359
0 1261
0 533
0 350
0 472
0 1274
0 429
0 324
0 920
0 893
0 1414
0 808
2 4096
0 290
0 953
0 1088
0 607
0 1038
0 1105
0 476
0 1087
1 4096
0 215
0 443
0 1649
0 392
0 221
0 527
0 482
0 857
0 515
0 666
0 277
0 255
0 1205
0 594
0 823
0 890
0 416
0 425
0 271
0 409
0 565
0 499
0 624
0 244
0 566
0 556
0 1614
0 733
0 462
0 1636
0 1263
0 325
0 618
1 4096
0 602
0 868
0 1086
0 122
0 567
0 603
0 578
0 2039
0 1004
0 854
0 626
0 277
0 601
0 185
0 525
1 4096
0 858
0 189
0 712
0 570
0 719
0 235
0 1086
0 504
0 966
0 1929
0 662
1 4096
0 279
0 367
0 575
0 682
0 1185
0 768
0 187
0 243
0 773
0 827
0 387
0 1053
0 490
1 4096
0 261
0 461
0 476
0 1176
0 351
0 517
0 1348
0 239
0 112
0 396
0 385
0 1316
0 527
0 279
0 686
0 712
0 1256
0 302
0 2830
0 752
0 3994
0 1034
0 1672
0 912
1 4096
0 733
0 792
0 1328
0 398
0 168
0 1081
0 2136
0 164
0 392
0 693
0 300
0 241
0 1129
0 557
0 122
0 515
0 1712
0 1196
0 2213
0 737
1 4096
0 539
2 4096
0 363
0 964
0 606
0 934
0 624
0 258
0 1381
0 1246
0 595
0 704
0 779
1 4096
0 559
0 565
0 595
0 497
1 4096
0 600
0 1316
2 4096
0 913
0 1264
0 4006
0 352
0 1224
0 875
1 4096
0 849
0 701
0 1772
0 1151
0 1604
0 590
0 770
0 1136
0 488
0 786
0 471
0 851
0 741
1 4096
0 805
0 3137
0 905
0 899
0 635
0 595
0 422
0 730
0 469
0 449
0 254
0 927
0 547
0 770
0 1398
0 314
0 718
0 967
0 472
0 1908
0 1251
0 432
0 718
0 1205
0 572
0 180
0 623
0 1208
0 1330
0 840
1 4096
0 779
0 587
0 922
0 1454
0 816
0 709
0 179
0 544
0 621
1 4096
0 756
0 659
0 579
0 914
0 1018
0 2186
0 1176
0 719
0 303
0 916
0 233
0 887
1 4096
0 543
0 639
0 483
0 555
0 324
1 4096
0 192
0 369
0 612
0 197
0 583
0 586
0 689
0 1052
0 671
0 658
0 475
0 695
0 501
0 3067
0 2227
0 876
0 367
0 908
0 407
0 444
0 1058
1 4096
0 1244
0 212
0 811
0 963
0 425
0 660
0 845
0 697
0 690
0 2402
0 780
0 737
0 638
0 198
0 852
1 4096
0 1970
0 157
0 1174
0 339
0 454
0 1039
0 772
0 1360
0 777
0 336
0 2558
0 600
0 865
0 876
0 1504
0 271
0 813
0 452
0 292
0 597
0 410
0 916
0 332
0 1342
0 587
0 189
0 1759
0 1160
1 4096
0 563
0 703
0 697
0 1380
0 436
0 1652
0 1794
0 494
0 169
0 677
0 313
0 694
0 339
0 768
0 207
2 4096
0 1068
0 264
0 1186
0 1113
1 4096
0 1539
0 428
0 879
0 1079
0 643
0 416
1 4096
0 785
0 1190
0 618
0 465
0 680
0 2593
0 652
0 1495
0 4056
0 698
0 1007
0 688
0 1617
0 608
0 513
0 658
0 3724
0 3403
0 451
0 695
0 440
0 2797
0 684
0 694
0 807
0 561
0 387
0 298
1 4096
0 773
0 270
0 524
1 4096
0 292
0 476
0 816
0 1616
0 557
1 4096
0 2614
0 996
0 796
0 581
0 448
0 408
0 676
0 1091
0 589
0 515
0 821
0 603
0 578
0 657
0 667
0 458
0 713
0 613
0 419
0 943
0 175
0 712
0 636
0 388
0 595
0 563
0 431
0 298
0 564
1 4096
0 647
0 362
0 973
0 1546
1 4096
0 380
0 1734
0 770
0 642
0 1795
0 1349
0 624
0 747
0 1033
0 781
0 255
0 244
0 1829
0 1083
0 565
1 4096
0 654
0 1128
0 657
0 369
0 357
0 784
0 625
0 526
0 651
0 1416
0 775
0 279
1 4096
0 804
0 893
0 417
0 330
0 3718
0 585
0 1119
0 323
0 1370
0 808
1 4096
0 459
0 1786
0 386
0 698
0 765
0 308
0 346
0 1316
0 404
0 345
0 720
0 362
0 1298
0 291
0 3707
0 125
0 1314
0 136
0 629
0 499
0 525
0 1606
0 588
0 621
0 241
0 725
0 423
0 354
0 180
0 1142
0 1775
0 803
0 278
0 699
0 188
0 524
0 285
1 4096
0 1152
0 1311
0 282
0 414
0 503
0 109
0 240
0 1090
0 561
0 189
0 2036
0 856
1 4096
0 594
0 584
0 480
0 893
0 156
0 205
0 3908
0 1148
0 529
0 513
0 304
0 745
0 168
0 555
0 299
0 630
0 545
0 483
1 4096
0 250
0 1053
0 1168
0 1581
0 74
0 516
0 658
0 425
0 504
0 197
0 824
0 828
0 420
0 370
0 579
0 562
0 960
0 1548
0 216
0 256
0 870
0 513
0 462
0 657
0 439
0 334
0 361
0 1427
0 334
0 634
1 4096
1 4096
0 567
0 463
0 420
0 762
0 298
0 850
1 4096
0 1883
0 388
0 1297
0 3160
0 477
0 366
0 778
0 494
1 4096
0 761
0 465
0 1224
0 990
0 389
0 574
0 1147
0 2968
0 1048
0 1562
0 900
0 1860
0 564
0 299
0 708
0 400
0 280
0 1491
0 529
0 1357
0 393
1 4096
0 693
0 1401
0 330
0 637
0 424
0 330
0 1137
0 1145
0 293
0 1777
0 839
1 4096
0 116
0 1426
0 544
0 1330
0 1250
0 450
0 338
1 4096
0 2760
0 668
0 2219
0 520
0 1597
0 278
0 579
0 723
1 4096
0 770
0 598
0 538
0 562
0 327
0 875
0 303
0 469
0 390
0 992
0 2145
0 1208
0 884
0 702
0 983
0 801
0 531
0 991
0 699
0 280
0 312
0 270
0 477
0 439
0 574
0 1430
0 457
0 1012
0 395
0 553
0 212
0 1314
0 815
0 896
0 585
0 793
0 730
0 1221
1 4096
0 1232
0 479
0 1374
0 747
0 181
0 534
0 1143
0 541
0 830
0 493
0 948
1 4096
0 1056
0 993
0 160
0 2131
0 657
0 243
0 1592
0 1032
0 1028
0 930
0 953
0 888
0 373
0 334
0 520
0 1633
0 665
0 391
0 807
0 2203
0 1393
0 997
0 325
0 456
0 2315
0 527
0 568
0 305
0 298
0 990
0 401
0 882
0 520
0 838
0 1118
0 321
0 296
1 4096
0 913
0 523
0 1234
0 3650
0 640
0 343
0 305
0 479
0 574
0 941
0 1221
0 767
0 876
0 2062
0 262
0 433
0 1091
0 1064
0 392
0 444
0 344
0 746
0 563
0 746
0 255
0 542
0 254
0 1083
0 649
0 558
0 909
0 385
0 807
0 459
0 1052
0 325
0 374
0 3846
0 461
0 1239
0 643
0 578
0 3166
0 1123
0 1260
0 1480
0 691
0 661
0 264
0 454
0 1210
0 527
0 519
0 834
0 479
0 1702
0 511
0 626
0 326
0 859
0 253
0 659
0 859
0 432
0 340
0 1028
0 678
0 777
0 757
0 2537
0 1299
1 4096
0 616
0 712
0 765
0 703
0 501
0 239
0 361
0 844
0 488
0 653
0 665
0 465
0 1321
0 684
0 484
0 1394
0 391
0 265
0 558
0 787
0 969
0 2003
0 417
0 1968
0 857
0 567
1 4096
0 1337
0 1307
0 588
0 568
0 224
1 4096
0 523
1 4096
0 2475
0 530
0 671
0 617
0 222
0 781
0 255
0 138
0 452
0 2991
0 708
0 2443
0 1626
0 270
0 1721
0 383
0 555
0 323
0 452
0 357
1 4096
0 848
0 947
2 4096
0 638
0 472
0 804
0 623
0 592
0 508
0 459
0 1155
0 1832
0 1848
0 205
0 1459
0 323
0 1052
0 730
0 929
0 623
0 558
0 1048
0 477
0 1673
1 4096
0 306
0 720
0 683
0 440
0 653
0 214
0 443
0 434
0 1025
0 967
0 942
0 463
0 735
0 236
0 494
0 778
0 365
0 381
0 296
0 327
0 233
0 514
0 577
0 406
0 717
0 851
0 382
0 1428
0 431
0 305
0 3342
0 1566
0 763
0 1082
0 1680
0 919
1 4096
0 763
0 923
0 629
0 1063
0 557
0 3261
0 2762
0 676
0 2404
0 566
0 1106
0 206
0 934
0 1062
0 1735
0 1446
0 519
0 212
0 419
0 740
0 1382
0 3064
0 887
0 181
0 595
0 741
0 658
0 3214
0 341
0 385
0 2148
0 1009
0 271
0 169
0 3558
1 4096
0 512
0 1634
0 536
0 1991
0 216
1 4096
0 1164
0 642
0 591
0 720
0 214
0 757
0 725
0 519
0 907
0 235
0 631
0 1076
0 816
0 676
1 4096
0 616
0 572
0 96
0 1534
0 1280
0 559
0 253
0 656
0 355
0 618
0 413
1 4096
0 457
0 1107
0 463
0 442
0 1845
0 522
0 277
0 183
0 1156
0 1067
0 471
0 533
0 385
0 820
0 524
0 514
0 707
0 164
0 314
0 413
0 628
0 302
0 916
0 941
0 730
0 159
0 1164
0 719
0 788
0 464
0 316
0 520
0 456
0 1690
0 459
0 1159
0 1378
0 698
0 379
0 808
0 771
0 807
0 3176
0 453
0 564
0 874
0 832
0 660
0 493
0 580
0 816
0 215
0 795
0 2634
0 259
0 2452
0 1503
1 4096
0 837
0 297
0 572
0 289
0 518
0 769
1 4096
0 1063
0 441
0 461
0 2030
0 919
0 382
0 627
0 737
0 888
0 531
0 1584
0 1984
0 641
0 340
0 1859
0 1632
0 622
0 728
0 576
0 514
0 526
0 363
0 1941
0 435
0 2337
0 767
0 157
0 809
0 220
0 1050
0 336
0 285
0 250
0 808
0 418
0 921
0 272
0 665
0 375
0 563
0 241
0 2582
0 306
0 952
0 664
0 370
0 1001
0 726
0 107
0 363
0 548
1 4096
0 434
0 226
0 1439
0 1252
0 660
0 717
0 603
0 1108
0 820
0 2189
0 560
0 705
0 150
0 584
0 155
0 400
0 3206
0 2131
0 843
1 4096
0 765
0 3368
0 3625
0 574
0 1210
0 1091
0 830
0 1419
0 1043
0 227
0 684
0 307
0 793
0 225
0 500
0 1228
0 443
1 4096
0 1444
0 1192
0 737
0 548
0 343
0 2176
0 496
0 599
0 1004
0 364
0 2288
0 1132
1 4096
0 585
0 415
0 425
0 670
0 836
0 584
0 376
0 152
0 433
0 419
0 768
0 2034
0 1434
0 720
0 630
0 857
0 1676
0 367
0 612
0 1091
0 731
0 1067
0 494
0 730
0 312
0 1088
0 1046
0 1101
0 281
0 768
0 689
0 253
0 784
0 423
0 589
0 1290
0 2404
0 289
0 572
0 944
0 866
0 483
0 877
0 621
0 1415
0 292
0 230
0 1656
0 537
0 1577
0 417
0 1017
0 438
0 623
0 3218
0 571
0 864
0 390
1 4096
0 360
0 573
0 555
0 303
0 890
0 425
0 556
0 397
0 287
0 452
0 2157
0 993
0 895
0 170
0 455
0 881
0 223
1 4096
0 662
0 187
0 308
0 544
2 4096
0 393
0 845
0 506
0 1112
1 4096
0 443
0 2409
0 992
0 529
0 1308
0 509
0 899
0 518
0 697
0 1504
0 445
0 307
0 867
0 1066
0 482
0 571
0 807
0 1413
0 631
0 194
0 214
0 465
0 277
0 948
0 378
0 635
0 392
0 1159
0 592
0 656
0 427
0 410
0 449
0 840
0 2506
0 325
0 1880
0 434
0 1008
1 4096
0 432
0 1302
0 569
0 655
0 720
0 623
0 1937
1 4096
0 670
0 168
2 4096
0 308
0 1019
0 593
0 802
0 392
0 1200
0 240
0 421
0 1432
0 413
0 785
0 487
0 504
0 826
0 758
0 497
1 4096
0 329
0 145
0 807
0 1027
0 655
0 800
0 313
0 575
0 436
0 261
0 736
0 1062
0 222
0 354
0 1023
0 295
0 644
0 1335
0 342
0 1137
0 502
0 645
0 1679
0 473
0 750
0 603
0 130
0 742
0 890
0 536
0 452
0 3297
0 232
0 1946
0 539
0 177
0 861
0 842
0 570
1 4096
0 896
0 564
0 569
1 4096
0 923
0 225
0 716
0 256
0 482
0 685
0 1143
0 633
0 427
0 172
0 438
0 281
0 316
0 185
0 460
0 1151
0 828
0 548
0 1689
0 645
0 2200
0 300
0 1127
0 570
0 722
0 662
0 2920
0 407
0 660
0 1100
0 144
0 203
0 535
0 488
0 811
0 2529
0 570
0 173
0 707
0 618
0 954
0 930
0 462
0 162
0 325
0 375
1 4096
0 875
0 1409
0 684
0 217
0 122
0 625
0 267
0 440
0 2539
0 1259
1 4096
0 295
0 2430
0 320
0 445
0 638
0 1653
0 619
0 563
0 211
0 569
0 550
1 4096
0 728
0 1543
0 974
1 4096
0 1313
0 1759
2 4096
0 326
0 1269
0 593
0 344
0 1520
0 566
0 663
0 867
0 371
0 436
0 1613
0 210
0 1450
0 662
0 958
0 679
0 442
0 569
0 585
0 630
0 232
0 910
0 456
0 473
0 713
0 1338
0 279
0 328
0 221
0 595
0 94
0 771
0 1130
0 1041
0 289
0 467
0 253
0 281
0 1080
0 520
1 4096
0 408
0 501
0 774
1 4096
0 483
0 986
0 2074
0 318
0 351
0 720
0 585
0 369
0 1160
0 910
0 189
0 148
0 1068
0 1962
0 345
0 358
0 1235
0 895
0 177
0 351
0 812
0 1955
0 654
0 739
0 1343
0 314
0 659
0 380
0 434
0 292
0 918
0 1490
0 1179
0 477
0 479
0 521
0 1728
0 837
0 1694
1 4096
0 779
0 673
0 1150
0 198
0 1012
0 898
0 299
0 3569
0 753
0 1151
0 880
0 1592
0 590
0 590
0 3500
0 462
0 214
0 1014
0 209
0 604
2 4096
0 259
0 745
0 677
0 1013
0 223
0 364
0 513
0 691
0 1511
0 1074
0 662
0 333
0 512
0 709
0 482
0 701
0 755
0 319
0 312
0 548
0 281
2 4096
1 4096
0 323
0 588
0 449
0 545
0 269
0 495
0 595
0 284
0 602
0 399
1 4096
0 1378
0 1213
0 986
0 1262
0 546
0 569
0 635
0 735
0 936
0 2036
0 2300
0 302
0 416
0 1069
0 1220
0 386
0 318
0 259
0 1372
0 456
0 351
0 972
0 920
0 1052
0 983
1 4096
0 528
0 479
0 1771
0 1190
0 871
0 368
0 615
0 1942
1 4096
0 345
0 365
0 284
0 859
0 851
0 1268
0 511
0 1015
0 113
0 668
0 583
0 684
0 321
0 657
0 959
0 1306
0 616
0 419
1 4096
0 545
0 1068
0 1598
0 530
0 429
0 337
0 258
0 511
0 199
0 651
0 680
0 624
0 105
0 91
0 344
0 1185
0 462
0 942
0 1009
0 1141
0 1606
0 851
0 668
0 863
0 207
1 4096
0 513
0 1151
0 547
0 972
0 708
0 523
0 623
0 481
1 4096
0 312
0 359
0 90
0 265
0 258
0 1219
0 1266
0 470
0 1166
0 1888
1 4096
0 818
1 4096
0 393
0 715
0 759
0 655
0 1668
0 694
0 865
0 2430
0 986
0 1076
0 484
0 695
0 379
0 687
0 1510
0 625
1 4096
0 316
0 926
0 574
1 4096
0 368
0 691
0 284
0 374
0 274
0 825
0 369
0 463
0 1081
0 737
0 821
0 741
0 604
0 1163
0 1624
0 1434
0 580
0 228
0 340
1 4096
0 917
0 320
0 282
0 444
1 4096
0 994
0 566
0 923
0 594
0 178
0 647
0 399
0 623
0 248
0 534
0 569
0 292
1 4096
0 294
0 423
0 550
0 421
0 482
0 852
0 1412
0 531
0 299
0 790
0 835
0 364
0 583
0 445
0 438
0 1704
0 574
0 1900
0 295
0 464
0 563
0 693
0 480
0 634
1 4096
0 249
0 649
0 693
0 2070
0 202
0 875
0 1044
0 261
0 675
0 493
0 573
0 891
0 1228
0 120
0 1369
0 787
0 135
0 181
0 701
0 1967
0 603
0 1342
0 680
0 482
0 628
0 468
0 328
0 184
0 824
0 1452
0 579
0 308
0 174
0 948
1 4096
0 407
0 372
0 509
1 4096
0 562
0 2759
0 1367
0 451
0 379
0 642
0 776
0 417
0 209
0 227
0 604
0 1337
0 393
0 213
1 4096
0 711
0 462
0 315
0 166
0 269
0 597
0 145
0 594
0 664
0 650
0 1024
0 838
0 367
0 1627
0 3966
0 611
0 354
0 845
0 827
0 604
0 279
0 734
0 216
0 331
0 1166
0 728
0 3430
0 1103
0 602
0 4072
1 4096
0 695
0 809
0 1651
0 472
0 630
0 262
0 735
0 1440
0 236
0 200
0 315
0 597
0 910
0 1618
0 733
0 317
0 1797
0 1082
0 583
0 1264
0 2445
0 845
0 653
0 624
1 4096
0 1111
0 1459
0 503
0 332
0 804
0 330
0 761
0 1167
1 4096
0 825
0 251
0 948
0 857
0 2040
0 305
1 4096
0 565
0 535
0 2514
0 1039
0 998
0 1170
0 410
0 717
0 738
0 308
0 1215
0 485
0 513
0 774
0 506
0 691
0 358
0 943
0 448
0 95
0 370
0 428
0 592
0 386
0 905
0 486
0 983
0 1563
0 1215
0 1501
0 601
0 651
0 1302
0 2771
0 466
0 926
0 2754
0 888
0 1227
0 1666
0 327
0 344
1 4096
0 839
0 185
0 277
0 689
0 319
0 594
0 542
0 932
0 506
0 677
0 469
0 1267
0 786
0 929
0 554
0 610
0 870
0 552
0 517
0 500
0 512
0 717
0 461
0 1134
0 1237
0 652
0 825
0 617
0 546
0 1060
0 100
0 628
0 387
0 467
0 767
0 593
0 1449
0 773
0 370
0 559
1 4096
0 337
0 210
0 747
0 932
0 1165
0 276
0 1119
0 180
0 947
1 4096
0 331
0 430
0 992
0 350
0 598
0 1413
0 262
0 482
0 1379
0 494
0 1019
0 894
0 1146
0 256
0 1427
0 434
0 287
0 910
0 721
0 800
0 619
0 424
0 790
0 844
0 458
0 179
0 792
0 819
0 917
0 567
1 4096
0 1176
0 875
1 4096
1 4096
0 661
0 737
0 394
0 622
1 4096
0 67
0 968
0 395
1 4096
0 1222
0 92
0 1436
0 760
0 726
0 2459
0 878
0 470
0 635
0 636
0 1002
0 562
0 503
0 952
0 496
0 1558
0 1072
0 641
0 688
0 461
0 566
0 790
0 369
0 1808
0 898
0 470
0 354
0 569
0 738
0 398
1 4096
0 264
0 709
0 429
0 336
0 1396
0 802
0 222
0 296
0 523
0 722
0 751
0 562
0 817
1 4096
0 1284
0 581
0 308
0 466
1 4096
0 473
0 557
0 408
0 485
0 438
0 893
0 663
0 711
0 706
0 750
0 1484
0 277
0 373
0 780
0 1104
0 795
0 303
0 791
0 1630
0 661
0 814
0 1149
1 4096
0 249
0 1056
0 781
0 448
0 2471
0 182
0 400
0 506
0 1205
0 824
0 841
0 456
1 4096
0 575
1 4096
0 1941
0 572
0 225
0 1694
0 750
0 1122
0 941
0 1472
0 793
1 4096
0 303
0 698
0 253
0 685
0 354
0 998
0 940
0 659
0 1214
1 4096
0 393
0 1840
0 824
0 837
0 898
1 4096
0 1457
0 2531
0 784
1 4096
0 487
0 831
0 616
0 282
0 431
0 260
0 130
0 563
0 597
0 343
0 661
0 445
0 1285
0 505
0 329
0 253
0 517
0 464
0 227
0 1032
0 247
0 215
0 438
0 3072
0 484
0 911
0 1350
0 266
0 1080
0 832
0 142
0 482
0 745
0 436
0 1421
0 559
0 155
0 323
0 428
0 311
0 997
0 774
0 887
0 1029
0 1489
0 1355
0 394
0 780
0 422
0 1019
0 866
0 462
0 130
0 870
0 457
0 812
0 1140
0 462
0 827
0 620
1 4096
1 4096
1 4096
0 383
0 323
0 484
0 848
0 506
0 838
0 307
0 491
0 838
0 714
0 697
0 458
0 294
0 2075
0 3063
0 656
0 768
0 645
0 659
0 1377
0 330
0 1105
0 1848
0 621
0 568
0 420
0 653
0 538
0 622
0 495
0 904
0 365
0 664
0 451
0 605
0 280
0 566
0 900
0 2505
0 870
0 380
0 451
0 598
0 733
0 446
0 973
0 3617
0 374
0 371
0 1035
0 842
0 565
0 1051
0 528
0 570
0 293
0 721
0 999
0 2096
0 577
0 1372
1 4096
0 1050
0 737
1 4096
0 963
1 4096
1 4096
0 554
0 312
0 608
0 826
0 859
0 1383
1 4096
0 449
0 557
0 139
0 224
0 299
0 443
0 1515
0 3226
0 2786
0 793
0 503
0 512
1 4096
0 165
0 1054
0 768
0 600
0 568
0 978
0 586
0 1164
0 443
1 4096
0 360
0 547
0 417
0 701
0 601
0 2381
0 1086
0 479
0 1204
0 914
0 481
0 511
0 646
1 4096
0 328
0 877
0 498
0 477
0 200
0 334
0 419
0 2024
0 1890
0 1099
0 542
1 4096
0 890
0 2808
0 446
0 489
0 3709
0 521
0 2896
0 157
0 426
0 962
0 995
0 313
0 634
0 1136
0 862
0 310
0 1175
0 577
0 582
0 482
0 335
0 189
0 704
0 361
0 886
0 513
0 667
0 774
0 1408
0 1352
0 784
0 1853
0 583
0 798
0 375
0 230
1 4096
0 583
0 819
0 774
0 511
0 1232
0 672
0 555
0 772
0 1203
0 169
0 625
0 295
0 1928
0 653
0 758
0 1307
0 625
0 902
0 867
0 223
0 701
0 521
0 782
0 1235
0 510
0 764
0 855
0 496
2 4096
0 1757
0 1800
0 1252
0 598
0 912
0 530
0 862
0 203
0 367
0 417
0 911
0 746
0 527
0 1042
0 2259
0 343
0 1510
0 989
0 2787
0 1522
0 229
0 362
0 226
1 4096
1 4096
0 596
0 1574
0 1178
0 525
0 110
0 260
0 2316
0 2021
0 402
0 255
0 554
0 611
0 841
0 406
0 1051
0 547
0 854
0 1238
0 743
0 710
0 407
0 331
0 842
0 975
0 788
0 423
0 380
0 633
0 1486
0 533
0 161
0 1228
0 612
0 1130
0 1107
0 636
0 528
0 1153
0 176
0 388
0 661
0 535
0 409
0 1474
0 887
0 661
0 689
0 780
0 1172
0 756
0 1750
0 239
0 511
0 420
0 3318
0 636
0 2176
0 312
1 4096
0 1667
0 644
0 956
0 488
0 612
0 976
0 964
1 4096
0 451
0 477
0 486
0 768
0 944
0 829
0 497
0 561
0 1021
0 330
0 1423
0 762
0 1049
0 1176
0 444
0 560
0 1225
0 505
1 4096
0 472
0 526
0 725
0 698
0 106
0 629
0 491
0 972
0 573
0 508
0 1496
0 359
0 576
0 1026
0 390
0 418
0 589
0 863
0 320
0 1149
0 636
0 1229
0 2218
0 780
0 902
0 1634
0 231
0 1317
0 1159
0 1104
0 2437
0 465
0 206
0 491
0 642
0 349
0 2860
0 323
0 815
0 788
0 391
0 933
0 755
0 970
0 419
0 835
0 415
0 1031
0 525
0 82
0 218
0 212
0 2613
0 524
0 407
0 514
0 985
0 416
0 521
0 69
0 1901
0 491
0 411
0 580
0 871
0 415
0 584
0 278
0 459
0 519
0 2849
0 310
1 4096
0 683
0 2510
0 409
0 486
0 544
0 635
0 2250
0 192
0 1328
0 289
0 571
0 232
0 1426
0 1266
0 559
0 1791
0 1197
0 1173
0 579
0 252
0 473
0 465
0 193
0 86
0 155
0 693
0 258
0 3641
0 290
0 892
1 4096
0 616
0 276
0 186
0 385
0 386
0 429
0 388
0 725
1 4096
0 869
0 319
0 842
0 452
0 658
0 392
0 623
0 155
0 1388
0 336
0 886
0 1802
0 1309
0 1018
0 633
0 649
0 281
1 4096
0 604
1 4096
1 4096
0 832
0 740
0 2277
0 607
0 579
0 530
0 1334
0 1376
0 492
0 517
0 53
1 4096
0 379
0 750
0 568
0 770
0 345
0 513
0 436
0 1111
0 564
0 488
1 4096
0 854
0 3968
0 402
0 419
0 655
0 473
0 787
0 367
0 292
0 853
0 1824
0 1215
0 365
0 443
0 806
0 1284
0 139
0 387
0 2196
0 564
0 316
0 881
0 684
0 1177
0 833
0 2034
0 455
1 4096
0 764
0 306
0 1387
0 906
0 934
0 1029
0 341
0 868
0 1118
0 758
0 1241
0 382
0 460
0 742
0 549
0 720
0 834
0 184
0 826
0 379
0 2339
0 959
0 538
0 274
0 522
0 682
0 942
0 618
0 780
0 453
0 656
0 1266
1 4096
0 177
0 334
0 471
0 1350
0 898
0 1072
1 4096
0 1741
0 1022
0 927
0 981
0 1571
0 776
0 538
0 1075
0 1461
0 1516
0 391
0 582
0 424
0 603
0 594
0 1058
0 691
0 479
0 697
0 1085
0 995
0 896
0 599
0 2710
0 227
0 319
0 716
0 592
0 215
0 1027
0 603
0 248
0 1175
0 604
0 390
0 2978
0 81
0 339
0 382
0 561
0 335
0 1259
0 711
0 398
0 1113
0 1616
0 702
0 156
0 572
0 595
0 559
1 4096
0 276
0 833
0 894
0 2896
0 3377
0 3197
0 1179
2 4096
0 331
0 408
0 626
0 238
1 4096
0 922
0 765
0 426
0 1114
0 239
0 584
1 4096
0 1125
0 456
1 4096
0 1312
0 571
0 163
0 356
0 1055
0 761
0 265
0 396
0 510
0 389
0 638
0 494
0 1594
0 1598
0 2281
0 1036
0 570
0 3206
0 1210
0 452
0 327
0 1247
0 385
0 3320
0 1494
0 692
0 694
0 3760
0 377
0 3104
0 1766
1 4096
0 713
0 1289
0 1692
0 270
0 678
0 2002
0 640
0 1622
0 621
0 248
0 395
1 4096
0 1175
0 4031
0 209
0 302
0 691
0 458
0 972
0 954
0 1408
0 147
0 580
0 239
0 693
0 552
0 1356
0 793
0 229
0 347
0 802
0 878
0 253
0 707
0 317
0 846
0 181
0 1050
0 641
0 534
1 4096
0 427
0 943
0 754
0 424
0 1317
0 827
0 896
0 338
0 352
0 1534
0 1924
0 292
0 296
0 340
0 399
0 2885
0 661
0 174
0 2725
0 623
0 817
0 716
0 1005
0 1311
0 1351
0 510
0 446
1 4096
0 718
0 618
0 637
0 2705
0 732
0 384
0 123
0 576
0 895
0 384
0 617
0 1075
0 840
0 269
0 961
0 709
0 617
0 662
0 697
0 375
0 116
0 575
0 1271
0 1027
0 762
0 491
0 222
0 864
0 848
2 4096
0 900
0 224
0 430
1 4096
0 1003
0 141
0 425
0 864
0 1618
0 230
0 1239
0 479
0 1776
0 238
0 474
0 434
1 4096
0 1098
0 829
0 631
1 4096
0 2946
0 390
0 602
0 760
0 551
0 781
0 647
0 772
0 655
0 215
0 774
0 609
0 334
0 571
0 916
0 779
0 795
0 951
1 4096
0 578
0 1025
0 647
0 780
0 385
0 864
0 499
0 809
0 2359
0 381
0 2601
0 858
0 880
1 4096
0 1241
0 440
0 493
1 4096
0 309
0 170
0 446
0 280
0 934
0 547
0 1686
0 612
0 749
0 1189
0 787
0 654
0 1706
0 233
0 584
0 546
0 496
0 2093
0 739
0 810
0 788
0 1200
0 1087
0 298
0 2110
0 741
0 2772
0 668
0 386
0 607
0 1713
0 491
0 1261
0 1300
0 1518
0 434
0 213
0 849
0 677
0 726
0 2710
0 659
1 4096
0 1120
0 533
1 4096
0 475
0 1289
0 711
0 415
0 823
0 420
0 527
0 865
0 998
0 1159
0 694
0 409
0 575
0 3702
0 506
0 437
0 446
0 1003
0 352
0 899
0 651
0 517
0 510
0 3123
0 1015
0 1278
0 651
0 1386
0 249
0 1892
0 597
0 815
0 992
0 808
0 771
0 266
0 886
0 562
0 1160
0 1520
0 820
0 296
0 262
0 1092
0 1120
0 556
0 1046
2 4096
1 4096
0 1205
0 1059
0 342
0 903
0 583
0 936
0 1086
0 168
0 500
0 1080
0 1465
0 1427
0 760
0 146
0 676
0 557
0 2272
0 695
0 590
0 686
0 3277
0 718
0 1097
0 913
0 434
0 1147
0 1563
0 1901
0 493
0 1025
0 1268
0 330
0 3071
0 1123
0 1025
0 485
0 809
0 1006
0 780
0 874
0 404
0 2355
0 1649
0 1245
0 494
0 657
0 456
0 673
0 1039
0 2192
0 401
0 382
0 402
0 843
0 569
0 199
0 210
0 1777
0 349
0 1088
0 405
0 546
0 211
0 1496
0 471
0 635
0 445
0 251
0 531
0 391
0 350
1 4096
0 1454
0 2116
0 490
0 390
0 972
0 2546
0 2718
0 266
0 270
0 369
0 722
0 1459
0 725
0 326
0 726
0 134
0 410
0 319
0 514
0 819
0 1072
0 480
0 857
0 1360
0 842
0 724
0 347
0 1791
0 660
2 4096
0 954
0 961
0 410
2 4096
0 1875
0 313
0 2309
0 1178
0 96
0 549
0 707
0 398
0 505
1 4096
1 4096
0 782
0 1359
0 3910
0 555
0 877
0 1732
0 479
0 451
0 1068
0 486
0 207
0 201
0 1238
0 319
0 518
0 1170
0 1551
0 1402
0 661
0 474
0 3977
0 1281
0 249
0 469
0 1117
0 1145
0 743
0 387
0 439
0 158
0 411
0 1594
0 228
0 433
0 397
0 312
1 4096
0 2252
0 294
0 1125
1 4096
0 984
0 185
0 1081
0 943
0 980
0 469
0 570
0 598
0 412
0 550
0 477
0 1287
0 1019
0 492
0 1217
0 1873
0 3722
0 267
0 562
0 590
0 544
0 518
0 3795
0 413
0 842
0 599
0 351
0 617
0 801
0 507
0 319
0 603
0 1586
0 3843
0 421
0 377
0 371
0 273
0 590
1 4096
0 432
0 1185
0 147
0 369
0 886
0 392
0 807
0 482
0 538
0 713
0 436
0 2031
0 618
0 393
0 1328
0 530
0 757
0 482
0 165
0 676
0 590
0 605
0 382
1 4096
0 522
0 233
0 1273
0 2047
0 1582
0 632
0 302
0 3514
0 1292
0 555
0 535
0 3878
0 911
0 413
0 760
0 3349
0 395
0 3422
0 1153
0 531
0 720
0 301
0 298
0 1423
0 282
0 305
0 1056
0 1008
0 971
0 725
0 180
0 1438
0 284
0 987
0 470
0 363
0 359
0 932
0 508
0 3481
0 555
0 943
0 539
0 460
0 658
0 1611
0 509
0 342
0 415
0 492
0 470
0 197
0 551
0 300
0 1230
0 807
0 361
0 384
0 359
0 502
0 954
0 976
0 623
0 165
0 890
0 521
0 752
0 2569
0 780
0 1289
0 552
0 212
0 801
0 754
0 400
0 792
2 4096
0 1284
0 653
0 773
0 930
0 465
0 399
0 1698
0 487
0 268
0 529
0 465
0 863
0 665
0 1342
0 383
0 2653
1 4096
0 1091
0 1203
0 1244
0 303
0 599
0 521
0 1052
0 281
0 546
0 926
1 4096
0 696
0 1507
0 696
0 752
0 756
0 717
0 836
0 517
0 1500
0 497
0 332
0 324
0 759
0 156
0 490
0 708
0 789
0 436
1 4096
0 251
0 607
0 515
0 362
0 540
0 513
0 241
0 1047
0 395
0 1665
0 364
0 3774
0 1078
0 674
1 4096
0 868
0 603
0 110
0 551
0 415
0 546
0 719
0 1014
1 4096
0 363
0 2468
0 394
0 573
0 565
0 691
0 979
0 312
2 4096
0 370
0 631
0 477
0 885
0 642
0 693
0 380
0 533
0 452
0 270
0 163
0 1157
0 708
0 240
0 305
0 325
0 1161
0 679
0 484
1 4096
0 316
0 702
0 899
0 314
0 527
0 387
0 481
0 974
0 496
0 334
1 4096
0 782
0 504
0 1073
0 477
0 473
0 581
0 462
0 1055
0 323
0 815
0 1382
0 147
0 314
0 297
0 751
0 246
0 533
0 699
0 912
0 681
0 270
0 688
0 744
0 422
0 583
1 4096
0 833
0 317
0 874
0 715
0 204
0 1333
0 469
0 3309
0 1438
0 342
0 302
0 3073
0 713
0 166
0 269
0 503
0 634
0 1073
0 508
0 664
0 702
0 339
0 633
0 686
0 1368
0 580
0 625
0 1560
0 452
0 1415
0 130
1 4096
0 2747
0 598
0 861
0 800
0 699
0 775
0 501
0 641
0 1124
0 692
0 1258
0 207
0 1193
0 581
0 453
0 496
0 393
0 782
0 432
0 829
0 328
0 350
0 453
0 1733
0 604
0 2034
0 761
0 590
0 627
0 448
0 490
0 158
0 965
0 1154
0 908
0 336
0 1911
0 681
0 2729
0 406
0 2210
0 639
0 511
0 342
0 1947
0 692
0 420
1 4096
0 305
1 4096
0 457
0 610
0 427
0 777
0 1051
0 1049
1 4096
0 643
0 110
0 427
0 191
0 694
0 421
0 289
0 811
0 683
0 1372
0 1152
0 917
0 990
0 1640
0 297
0 1166
0 672
0 743
0 877
1 4096
0 298
0 275
0 3456
0 1350
0 235
0 316
0 888
0 499
0 398
0 729
0 2659
0 378
0 591
0 256
0 646
0 378
0 3288
0 1825
0 1590
0 516
0 523
0 1309
0 547
0 517
0 1038
0 465
0 1233
0 784
0 687
0 950
0 594
0 1141
1 4096
0 3029
0 481
0 1029
0 635
1 4096
0 476
0 1494
0 682
0 486
0 159
0 3213
0 1410
0 540
1 4096
0 195
0 1817
0 412
0 904
0 1264
0 686
0 247
0 1036
0 482
0 789
0 269
0 261
0 569
0 1824
0 766
0 671
0 471
0 450
0 448
0 1423
0 512
0 702
0 450
0 429
0 299
0 664
1 4096
0 666
1 4096
0 1901
0 4041
0 333
0 1471
0 812
0 837
0 1263
0 2123
0 401
0 936
1 4096
0 582
0 1857
0 432
0 299
0 822
0 733
0 2596
2 4096
0 289
0 660
0 510
0 277
0 1108
0 391
0 636
1 4096
0 1521
0 379
0 545
0 589
0 1107
0 486
0 109
0 1828
0 2839
0 1345
0 622
0 828
0 767
0 284
0 1387
0 432
0 655
0 1100
0 509
0 1689
0 753
0 684
0 1473
0 1863
0 406
0 533
0 701
0 852
0 490
0 624
0 999
0 872
0 878
0 151
0 1114
0 497
0 486
0 1220
0 478
0 876
0 632
0 401
0 390
0 202
0 574
0 710
0 392
0 919
0 497
0 336
0 515
0 423
0 408
0 1271
0 488
0 469
0 525
0 1550
0 840
0 425
0 876
0 1530
0 488
0 356
0 589
0 483
0 1049
0 409
0 671
0 1298
1 4096
0 628
0 3291
1 4096
0 411
0 313
0 2069
0 954
0 307
0 2152
0 683
1 4096
0 1304
0 608
0 570
0 581
0 742
0 634
0 713
0 564
0 596
0 491
0 572
0 207
0 1213
0 778
0 1251
0 1238
0 616
0 691
0 459
0 417
0 671
0 412
0 697
0 1378
0 202
0 550
0 394
0 952
0 982
0 696
0 1736
0 1098
1 4096
0 185
0 1507
0 1762
0 374
0 483
0 988
0 772
0 1326
0 254
0 419
0 635
0 202
0 596
0 321
0 321
0 563
0 859
1 4096
0 496
0 1346
0 478
0 294
0 829
0 591
1 4096
0 569
0 787
0 499
0 955
0 1595
0 186
0 1282
0 1583
0 1463
0 985
0 798
0 681
0 553
0 1100
0 705
0 1651
0 75
0 645
0 787
0 984
0 808
0 687
0 650
0 358
0 590
0 696
0 623
0 630
0 608
0 148
0 604
0 653
0 256
0 285
0 432
0 366
0 397
0 1132
0 2008
0 567
0 819
0 1504
0 1403
0 593
0 1244
0 893
0 483
0 1367
1 4096
0 459
0 954
0 3235
0 469
0 771
0 1201
0 239
0 180
0 420
0 383
0 477
0 795
0 837
0 895
0 295
0 847
0 2668
0 2365
0 665
0 1478
0 1645
0 552
0 1195
0 616
0 371
1 4096
0 443
0 812
0 1036
0 892
1 4096
0 756
0 396
0 1875
0 1115
0 619
0 408
0 1226
0 638
0 477
0 816
0 833
0 252
0 1000
0 1185
0 570
0 603
0 270
0 514
0 1566
0 1062
0 303
0 629
0 244
0 699
0 339
0 547
0 272
0 479
0 172
0 527
0 2075
0 255
1 4096
0 1223
0 584
0 478
0 537
0 440
0 275
0 928
0 228
0 489
0 457
0 698
0 529
0 594
0 415
0 510
0 1678
0 402
0 1372
0 285
0 433
0 615
0 1788
0 116
0 474
0 327
0 245
0 528
0 802
0 1824
0 954
0 869
0 936
0 1110
0 1372
0 374
0 813
0 829
0 2902
0 282
0 1165
0 3332
0 570
0 315
0 357
0 1129
0 1270
0 683
0 633
0 683
0 470
0 758
0 853
0 520
0 1632
0 96
0 266
0 709
1 4096
0 771
0 173
0 1358
0 603
0 516
0 385
0 613
0 585
0 1297
0 423
0 959
0 557
0 1029
0 852
0 595
0 808
0 1079
0 512
0 1217
0 472
0 319
0 565
0 882
0 353
0 699
0 569
0 751
0 1026
0 387
0 1683
0 1411
0 1013
0 1955
0 1242
0 399
0 1262
1 4096
0 505
0 2863
0 157
0 1365
0 532
0 358
0 243
0 725
0 570
1 4096
0 957
0 668
0 1777
0 799
0 424
0 862
0 965
0 484
0 748
0 527
0 713
0 293
0 996
0 718
0 1314
0 307
0 329
0 241
0 277
0 371
0 1020
0 3151
0 336
0 359
0 1369
0 1644
1 4096
0 336
0 424
0 531
0 402
0 830
0 540
0 1003
0 1211
0 752
0 950
0 952
0 118
0 468
0 877
0 537
0 1081
0 708
0 737
0 533
0 600
0 894
0 3462
0 551
0 293
2 4096
0 1078
0 238
0 1415
0 263
0 1392
0 757
0 719
1 4096
1 4096
0 618
0 622
0 688
0 1639
0 390
0 670
0 583
1 4096
0 482
0 1221
0 1278
0 359
0 1168
0 566
0 656
0 359
0 799
0 221
0 759
0 1066
0 216
1 4096
0 675
0 3503
0 144
0 1383
0 483
0 509
0 1656
0 976
0 1048
0 704
0 743
0 874
0 773
0 822
0 1005
0 397
0 1372
0 687
0 396
0 1316
0 338
0 731
0 391
0 400
0 773
0 671
0 458
0 348
0 605
0 3255
0 358
0 945
0 878
0 1374
0 236
0 345
