# SA for random K-SAT
# K = 3   N = 512   M = 2016   seed = 3471864401
# alpha = 3.937500   nIter = 512  Tmax = 0.200000
# 1:lowestUnsat  2:runTime
0 128
0 167
1 512
1 512
1 512
1 512
0 106
2 512
2 512
2 512
2 512
0 79
1 512
1 512
5 512
0 104
0 265
2 512
3 512
2 512
1 512
2 512
1 512
4 512
1 512
0 337
1 512
0 61
0 395
2 512
1 512
0 55
1 512
0 28
1 512
1 512
0 60
1 512
1 512
1 512
2 512
0 150
1 512
0 85
2 512
1 512
1 512
2 512
1 512
3 512
1 512
0 84
0 153
1 512
0 444
1 512
0 328
0 233
1 512
1 512
2 512
1 512
0 116
0 501
0 215
1 512
1 512
0 66
1 512
1 512
0 48
2 512
1 512
1 512
1 512
1 512
1 512
1 512
1 512
0 235
1 512
1 512
0 312
1 512
1 512
0 360
0 110
0 339
3 512
0 249
1 512
1 512
0 34
1 512
2 512
0 235
1 512
0 436
1 512
1 512
0 105
0 120
2 512
0 146
0 84
2 512
1 512
2 512
0 298
1 512
0 196
0 284
0 100
0 320
2 512
1 512
1 512
1 512
1 512
0 25
0 95
0 138
1 512
1 512
0 88
1 512
0 101
1 512
0 334
2 512
2 512
1 512
2 512
2 512
1 512
0 189
1 512
1 512
1 512
1 512
1 512
2 512
3 512
2 512
0 228
0 103
3 512
0 148
3 512
0 212
0 185
0 93
1 512
2 512
1 512
2 512
2 512
3 512
0 463
2 512
2 512
2 512
0 177
1 512
1 512
0 90
1 512
2 512
1 512
1 512
0 360
1 512
0 202
1 512
0 402
1 512
2 512
1 512
0 143
0 413
2 512
1 512
0 363
0 43
1 512
3 512
0 83
0 113
0 227
0 136
1 512
2 512
0 169
1 512
3 512
0 64
1 512
1 512
1 512
1 512
0 306
0 427
1 512
0 109
0 304
0 416
1 512
2 512
0 95
2 512
0 35
3 512
0 181
0 196
1 512
2 512
0 145
0 159
1 512
0 79
1 512
1 512
2 512
1 512
1 512
0 96
1 512
1 512
1 512
0 349
0 133
1 512
2 512
1 512
0 63
0 114
1 512
0 223
0 440
1 512
0 120
0 70
2 512
0 81
1 512
0 225
0 33
1 512
1 512
1 512
2 512
5 512
0 300
1 512
0 318
2 512
1 512
0 309
2 512
2 512
0 252
1 512
0 196
0 429
0 207
1 512
0 253
1 512
0 85
0 255
0 162
2 512
4 512
1 512
1 512
3 512
1 512
2 512
2 512
0 296
0 109
0 83
1 512
0 210
0 207
0 103
0 429
1 512
1 512
0 94
1 512
0 206
0 341
0 238
1 512
1 512
1 512
2 512
0 30
1 512
1 512
1 512
1 512
0 64
1 512
0 185
1 512
2 512
1 512
3 512
2 512
0 143
0 48
0 333
1 512
2 512
3 512
2 512
1 512
0 134
0 183
1 512
0 487
1 512
1 512
1 512
0 146
0 95
0 79
0 138
0 161
0 75
1 512
0 87
1 512
1 512
1 512
3 512
0 217
1 512
1 512
2 512
2 512
1 512
0 165
0 73
1 512
1 512
1 512
0 101
3 512
2 512
1 512
2 512
1 512
2 512
1 512
1 512
1 512
0 104
0 181
1 512
2 512
1 512
4 512
1 512
0 249
0 380
0 231
1 512
0 206
3 512
0 129
2 512
0 27
0 294
2 512
1 512
1 512
0 198
2 512
0 219
2 512
2 512
1 512
0 507
0 101
0 335
1 512
1 512
0 416
0 128
0 62
0 248
1 512
1 512
1 512
2 512
0 359
0 243
0 193
0 166
1 512
1 512
0 101
0 101
0 41
2 512
0 222
0 364
1 512
0 492
0 304
1 512
2 512
0 107
0 67
2 512
2 512
0 435
0 244
0 35
0 341
0 34
0 193
2 512
0 25
1 512
1 512
1 512
0 151
0 109
0 159
0 62
0 48
0 76
0 110
2 512
1 512
1 512
1 512
0 106
0 228
1 512
2 512
2 512
0 173
1 512
0 119
0 460
2 512
0 392
2 512
2 512
0 486
1 512
0 80
0 122
1 512
0 115
1 512
0 197
2 512
0 101
1 512
2 512
1 512
1 512
2 512
0 101
0 390
1 512
2 512
0 274
0 129
0 195
0 105
1 512
0 142
1 512
1 512
0 106
1 512
1 512
1 512
0 478
1 512
0 169
0 355
1 512
1 512
0 113
2 512
1 512
1 512
1 512
0 181
0 198
0 122
0 248
1 512
3 512
2 512
0 448
1 512
2 512
0 51
0 152
1 512
2 512
0 172
0 73
2 512
2 512
1 512
3 512
0 164
1 512
1 512
0 188
1 512
2 512
0 345
1 512
1 512
1 512
1 512
0 253
1 512
0 73
1 512
1 512
0 88
1 512
1 512
2 512
1 512
0 187
1 512
0 62
1 512
3 512
1 512
0 292
0 147
0 195
1 512
0 59
0 115
1 512
0 271
0 298
0 219
1 512
1 512
1 512
2 512
0 102
1 512
3 512
0 447
0 70
1 512
2 512
2 512
1 512
3 512
0 444
0 32
1 512
1 512
1 512
1 512
1 512
0 143
1 512
1 512
0 93
3 512
1 512
2 512
0 228
0 424
2 512
0 155
0 238
1 512
0 137
0 313
1 512
3 512
0 166
1 512
1 512
2 512
0 215
0 289
0 332
2 512
1 512
0 139
1 512
2 512
1 512
0 247
1 512
2 512
1 512
1 512
0 147
1 512
0 103
0 132
0 20
0 140
1 512
0 132
1 512
1 512
1 512
0 410
1 512
1 512
1 512
0 155
0 246
1 512
0 54
1 512
1 512
3 512
2 512
1 512
0 38
1 512
1 512
0 202
1 512
1 512
0 46
0 33
0 210
1 512
0 70
1 512
0 415
0 113
1 512
0 70
1 512
1 512
1 512
3 512
1 512
1 512
1 512
1 512
1 512
1 512
0 117
3 512
1 512
1 512
0 162
0 111
2 512
0 163
0 100
2 512
1 512
0 126
1 512
1 512
2 512
1 512
2 512
2 512
1 512
1 512
0 101
1 512
0 91
0 219
0 49
3 512
0 298
0 115
0 96
0 41
0 228
0 245
0 414
1 512
2 512
1 512
1 512
2 512
1 512
0 183
1 512
0 329
1 512
0 147
0 118
1 512
1 512
1 512
2 512
2 512
0 104
2 512
0 225
0 222
0 147
2 512
3 512
0 46
1 512
0 52
0 99
2 512
1 512
1 512
0 58
0 96
1 512
0 81
1 512
0 129
1 512
2 512
2 512
1 512
0 174
0 163
2 512
1 512
0 166
0 120
1 512
1 512
0 313
1 512
0 87
1 512
4 512
0 400
0 356
1 512
3 512
2 512
1 512
1 512
1 512
0 150
0 44
0 221
0 375
1 512
2 512
0 117
0 399
2 512
1 512
2 512
1 512
0 170
0 202
1 512
0 178
1 512
0 121
1 512
1 512
1 512
1 512
1 512
2 512
1 512
0 53
2 512
0 192
0 35
1 512
0 95
0 311
0 55
0 223
0 218
1 512
1 512
0 185
4 512
2 512
0 277
0 431
0 85
1 512
0 28
0 242
1 512
2 512
2 512
1 512
1 512
0 199
2 512
1 512
2 512
1 512
1 512
3 512
0 163
1 512
1 512
0 62
2 512
1 512
2 512
0 172
2 512
0 239
3 512
0 98
1 512
1 512
0 164
1 512
0 139
0 121
0 236
0 91
0 197
3 512
0 221
0 353
2 512
1 512
0 135
0 190
1 512
0 183
0 111
0 116
1 512
0 43
0 116
0 368
0 51
1 512
1 512
0 404
1 512
3 512
1 512
2 512
0 222
3 512
0 108
0 230
2 512
0 503
2 512
0 203
0 96
1 512
1 512
0 132
1 512
0 197
0 264
1 512
4 512
0 129
0 73
0 184
2 512
1 512
0 53
2 512
0 99
0 331
2 512
1 512
1 512
0 426
0 116
0 323
1 512
0 88
0 483
1 512
0 452
1 512
1 512
1 512
0 35
1 512
0 119
0 178
1 512
0 69
1 512
4 512
0 246
0 194
0 103
1 512
2 512
0 390
1 512
1 512
0 276
1 512
0 184
0 206
0 159
1 512
0 147
0 56
0 70
0 178
1 512
0 91
1 512
1 512
1 512
1 512
1 512
2 512
2 512
0 71
0 133
0 203
0 387
0 351
0 332
2 512
3 512
2 512
1 512
0 177
1 512
2 512
1 512
1 512
0 89
1 512
3 512
0 123
3 512
0 203
4 512
0 234
1 512
1 512
0 356
1 512
3 512
1 512
0 90
0 114
0 51
0 205
1 512
0 79
1 512
0 149
0 146
1 512
1 512
0 111
0 161
0 16
2 512
0 124
2 512
0 54
3 512
1 512
0 229
3 512
0 184
1 512
2 512
0 464
2 512
1 512
0 72
0 118
0 464
0 148
0 304
1 512
1 512
0 379
0 90
0 454
1 512
1 512
1 512
0 263
1 512
2 512
0 119
1 512
0 107
0 171
0 50
1 512
0 151
0 52
0 494
1 512
0 208
0 228
1 512
0 392
1 512
0 114
1 512
2 512
1 512
2 512
1 512
0 181
0 261
1 512
0 187
0 134
1 512
0 153
1 512
2 512
1 512
0 282
1 512
1 512
1 512
0 279
0 131
1 512
0 293
0 189
1 512
1 512
0 341
2 512
1 512
0 110
3 512
1 512
1 512
0 161
2 512
0 111
1 512
2 512
1 512
0 83
0 295
1 512
1 512
1 512
0 49
0 437
1 512
1 512
1 512
1 512
2 512
1 512
0 231
0 211
0 432
0 139
0 111
1 512
1 512
0 101
0 66
1 512
0 147
1 512
1 512
1 512
3 512
0 148
0 165
3 512
2 512
1 512
1 512
1 512
1 512
4 512
0 136
0 89
1 512
1 512
2 512
1 512
1 512
1 512
1 512
3 512
1 512
1 512
1 512
0 72
0 122
0 224
0 78
0 63
3 512
1 512
0 143
2 512
0 59
1 512
2 512
3 512
1 512
2 512
1 512
0 348
1 512
0 487
0 123
0 129
4 512
2 512
0 401
0 202
0 444
1 512
1 512
0 232
0 401
0 345
2 512
0 181
1 512
0 56
0 101
0 177
1 512
0 68
0 91
1 512
0 165
0 256
0 144
1 512
2 512
0 296
2 512
0 114
1 512
0 61
1 512
0 290
1 512
0 203
2 512
1 512
1 512
1 512
1 512
3 512
0 182
0 35
1 512
1 512
1 512
1 512
0 443
1 512
2 512
1 512
2 512
2 512
0 295
3 512
2 512
2 512
1 512
1 512
1 512
2 512
1 512
0 98
1 512
0 185
0 111
0 37
2 512
1 512
1 512
1 512
0 450
0 239
3 512
0 122
1 512
0 103
0 295
2 512
0 248
0 205
1 512
2 512
2 512
1 512
0 157
0 192
1 512
1 512
1 512
2 512
0 197
0 169
1 512
2 512
1 512
0 114
4 512
0 196
0 204
1 512
1 512
0 92
0 436
2 512
0 218
0 317
1 512
1 512
0 444
1 512
2 512
0 103
0 73
2 512
1 512
0 210
1 512
0 185
0 288
0 203
1 512
1 512
1 512
1 512
2 512
1 512
1 512
2 512
1 512
1 512
2 512
0 173
1 512
0 129
0 215
0 151
0 373
0 232
1 512
0 260
1 512
1 512
1 512
0 98
1 512
1 512
0 343
0 213
0 83
2 512
0 49
0 268
3 512
2 512
0 60
1 512
1 512
0 414
1 512
0 57
1 512
0 190
1 512
0 314
0 71
0 84
1 512
1 512
0 151
1 512
0 76
3 512
0 97
2 512
0 462
0 272
0 58
1 512
3 512
0 125
0 203
1 512
0 185
1 512
1 512
0 88
1 512
0 278
1 512
0 341
0 474
0 165
0 153
2 512
2 512
2 512
0 110
0 110
0 107
1 512
2 512
2 512
0 142
2 512
0 194
0 80
0 419
0 362
0 106
0 168
3 512
2 512
0 338
1 512
0 316
0 338
3 512
1 512
1 512
2 512
1 512
0 383
1 512
2 512
2 512
0 179
0 143
0 122
1 512
3 512
2 512
1 512
1 512
0 124
0 411
1 512
1 512
0 131
1 512
1 512
2 512
0 78
0 42
1 512
0 100
2 512
0 221
2 512
1 512
2 512
0 84
1 512
0 80
0 61
1 512
2 512
0 103
0 263
0 199
0 155
1 512
1 512
1 512
3 512
3 512
1 512
2 512
0 127
1 512
0 46
2 512
0 62
1 512
1 512
0 418
1 512
1 512
0 334
1 512
1 512
1 512
2 512
1 512
0 63
0 132
2 512
0 186
3 512
0 93
3 512
3 512
2 512
1 512
2 512
1 512
1 512
0 166
1 512
1 512
0 57
3 512
2 512
0 429
0 463
1 512
0 304
0 71
0 70
0 71
1 512
0 165
2 512
0 371
0 186
0 138
0 160
0 32
1 512
0 228
0 99
0 224
2 512
0 142
0 34
0 512
1 512
1 512
2 512
1 512
2 512
0 77
0 157
2 512
2 512
1 512
1 512
1 512
0 45
0 209
2 512
1 512
1 512
0 342
2 512
0 129
0 379
1 512
0 40
1 512
4 512
3 512
1 512
1 512
2 512
1 512
1 512
1 512
1 512
1 512
0 266
0 93
0 177
1 512
1 512
0 113
1 512
1 512
1 512
1 512
1 512
1 512
2 512
0 181
2 512
1 512
3 512
0 111
1 512
0 142
0 40
2 512
0 139
0 148
1 512
1 512
3 512
2 512
1 512
2 512
2 512
0 408
0 80
0 94
2 512
0 74
0 353
0 86
2 512
0 51
0 50
0 198
0 94
1 512
1 512
0 241
3 512
0 340
1 512
4 512
0 114
0 46
1 512
0 286
1 512
3 512
2 512
0 208
1 512
3 512
2 512
2 512
2 512
1 512
0 64
1 512
0 82
0 85
1 512
2 512
0 488
0 130
0 161
0 108
1 512
2 512
1 512
0 27
0 44
1 512
1 512
0 140
0 125
0 63
0 305
0 87
0 37
2 512
0 83
1 512
0 352
0 24
3 512
0 215
1 512
2 512
1 512
0 162
0 66
1 512
0 100
1 512
0 198
1 512
0 275
0 90
1 512
0 155
1 512
0 418
1 512
2 512
3 512
1 512
0 160
2 512
0 264
1 512
2 512
2 512
0 54
0 491
0 202
2 512
1 512
0 90
1 512
0 122
0 216
1 512
1 512
0 115
1 512
0 491
0 453
0 125
0 176
0 477
0 137
0 31
0 74
1 512
2 512
0 181
2 512
1 512
2 512
2 512
1 512
0 282
0 369
1 512
1 512
1 512
0 268
0 72
0 227
0 137
1 512
0 128
1 512
1 512
1 512
0 132
0 263
0 24
1 512
2 512
1 512
1 512
0 117
1 512
2 512
0 287
1 512
0 240
0 102
1 512
1 512
0 71
0 71
1 512
1 512
1 512
0 328
2 512
0 113
1 512
0 62
1 512
2 512
1 512
2 512
0 103
0 121
0 370
1 512
0 436
0 40
0 264
0 263
1 512
0 160
0 192
1 512
1 512
1 512
0 99
2 512
1 512
1 512
1 512
1 512
1 512
0 367
0 115
1 512
0 104
0 60
0 156
0 322
2 512
1 512
0 189
1 512
4 512
1 512
1 512
1 512
0 81
1 512
2 512
1 512
1 512
2 512
1 512
1 512
0 67
0 87
0 102
0 463
1 512
0 509
1 512
0 421
0 63
1 512
1 512
0 376
1 512
0 348
2 512
1 512
1 512
1 512
0 463
2 512
4 512
1 512
0 144
1 512
0 344
1 512
1 512
0 52
0 51
0 68
1 512
0 65
0 117
1 512
1 512
1 512
2 512
2 512
0 103
1 512
1 512
1 512
0 422
0 39
0 274
1 512
1 512
1 512
0 251
0 97
0 321
2 512
0 168
0 58
2 512
3 512
0 222
3 512
2 512
0 239
1 512
0 63
0 73
2 512
1 512
0 475
0 102
0 346
1 512
0 290
1 512
1 512
0 356
2 512
1 512
3 512
1 512
2 512
1 512
2 512
2 512
0 479
0 249
0 73
1 512
0 119
1 512
0 133
4 512
2 512
1 512
1 512
1 512
0 502
0 436
2 512
0 400
1 512
0 196
0 314
0 494
1 512
0 162
1 512
0 176
2 512
0 76
0 134
0 93
2 512
1 512
5 512
0 182
0 340
1 512
1 512
0 144
1 512
1 512
1 512
1 512
1 512
2 512
0 211
1 512
0 243
0 93
0 258
1 512
3 512
1 512
0 350
0 286
1 512
1 512
1 512
1 512
1 512
4 512
1 512
1 512
0 439
1 512
0 295
0 430
0 142
1 512
2 512
0 37
0 258
2 512
0 246
1 512
3 512
0 80
1 512
1 512
1 512
0 462
0 85
0 263
2 512
0 117
1 512
0 79
0 231
0 52
0 108
1 512
1 512
1 512
0 131
2 512
0 206
3 512
0 33
1 512
0 95
2 512
0 171
1 512
0 384
1 512
0 126
0 293
0 419
0 239
1 512
1 512
0 102
0 142
0 299
0 309
1 512
1 512
1 512
1 512
0 187
0 105
0 200
2 512
1 512
1 512
0 168
0 51
0 215
1 512
0 169
1 512
3 512
1 512
0 72
1 512
1 512
2 512
2 512
0 217
1 512
2 512
0 333
2 512
0 114
0 61
0 206
0 343
1 512
1 512
0 198
1 512
0 44
1 512
2 512
0 226
3 512
2 512
1 512
2 512
1 512
1 512
0 287
0 88
1 512
0 80
1 512
0 94
1 512
0 64
0 195
0 120
1 512
1 512
1 512
1 512
1 512
2 512
1 512
2 512
0 139
0 65
1 512
0 130
1 512
1 512
0 277
0 109
2 512
1 512
0 511
0 90
1 512
1 512
0 127
1 512
0 289
0 258
1 512
0 131
0 129
1 512
0 323
0 260
1 512
2 512
1 512
0 220
1 512
1 512
0 464
0 126
0 277
1 512
1 512
0 139
1 512
0 391
1 512
2 512
2 512
0 361
1 512
0 226
2 512
1 512
2 512
1 512
0 406
2 512
0 70
2 512
0 193
1 512
2 512
0 488
0 512
1 512
2 512
2 512
0 242
0 96
0 193
2 512
1 512
0 119
1 512
2 512
0 74
1 512
0 273
1 512
2 512
1 512
1 512
1 512
0 256
2 512
0 38
0 213
0 46
0 102
0 265
0 133
0 101
1 512
2 512
1 512
1 512
0 132
0 362
0 101
0 69
1 512
1 512
0 107
1 512
0 377
1 512
1 512
0 106
1 512
1 512
2 512
0 137
1 512
0 316
2 512
1 512
1 512
2 512
1 512
1 512
1 512
0 211
0 204
1 512
1 512
0 280
2 512
1 512
0 141
2 512
2 512
0 481
0 375
1 512
0 140
1 512
2 512
0 48
0 282
1 512
0 203
0 452
0 459
3 512
1 512
1 512
3 512
0 218
1 512
2 512
2 512
0 253
2 512
0 125
1 512
4 512
0 221
1 512
0 166
1 512
1 512
1 512
0 273
0 45
0 83
0 98
0 94
0 161
2 512
1 512
1 512
0 65
1 512
1 512
0 58
2 512
1 512
0 83
0 208
0 393
0 145
3 512
2 512
1 512
2 512
1 512
0 278
2 512
2 512
1 512
1 512
2 512
1 512
0 193
1 512
1 512
0 244
1 512
0 322
0 114
0 88
2 512
1 512
0 142
1 512
1 512
3 512
1 512
0 448
1 512
1 512
2 512
1 512
1 512
1 512
1 512
0 318
1 512
1 512
1 512
0 155
0 220
0 109
0 81
0 339
1 512
0 100
2 512
1 512
0 466
0 21
3 512
0 474
2 512
1 512
0 171
1 512
0 274
0 199
2 512
0 133
2 512
3 512
0 61
1 512
0 144
0 63
1 512
0 282
2 512
0 471
1 512
0 23
4 512
0 285
2 512
0 137
1 512
0 203
2 512
1 512
1 512
0 169
0 239
1 512
0 64
1 512
2 512
3 512
0 34
0 75
1 512
2 512
0 163
1 512
1 512
2 512
0 210
1 512
4 512
0 239
1 512
1 512
0 44
0 72
0 387
0 118
2 512
2 512
0 60
0 164
0 93
1 512
1 512
1 512
0 435
5 512
1 512
2 512
2 512
0 460
0 103
0 440
0 111
0 264
1 512
0 90
1 512
0 216
0 455
0 66
0 300
1 512
0 114
1 512
1 512
1 512
1 512
0 214
1 512
0 15
1 512
1 512
1 512
2 512
0 291
0 101
0 420
1 512
2 512
0 111
1 512
0 141
0 138
1 512
0 102
1 512
1 512
1 512
3 512
0 171
3 512
0 146
1 512
0 43
0 325
1 512
2 512
0 58
1 512
1 512
0 95
0 165
0 63
1 512
0 438
2 512
1 512
1 512
1 512
0 135
1 512
0 170
2 512
1 512
2 512
1 512
0 96
0 319
4 512
1 512
0 261
0 59
0 466
0 323
0 59
0 124
1 512
0 81
1 512
1 512
1 512
1 512
0 138
0 31
1 512
2 512
1 512
1 512
0 121
0 92
1 512
0 190
1 512
2 512
2 512
0 43
3 512
1 512
2 512
1 512
0 297
1 512
2 512
1 512
1 512
1 512
1 512
1 512
0 118
0 248
0 98
1 512
1 512
3 512
1 512
0 427
0 70
1 512
0 268
2 512
0 244
0 110
0 119
1 512
0 98
2 512
1 512
0 51
0 321
1 512
2 512
1 512
1 512
1 512
3 512
2 512
0 382
2 512
1 512
0 174
2 512
0 145
0 241
0 47
0 55
2 512
2 512
0 47
1 512
1 512
1 512
0 233
1 512
0 100
0 314
1 512
0 87
1 512
1 512
2 512
1 512
0 52
3 512
1 512
0 72
1 512
1 512
1 512
0 73
0 132
0 155
0 176
1 512
1 512
0 371
0 166
0 125
0 103
1 512
0 132
0 196
1 512
2 512
5 512
0 167
2 512
0 112
0 94
1 512
1 512
2 512
0 236
1 512
0 307
0 160
0 288
0 216
0 452
2 512
0 273
1 512
2 512
1 512
1 512
0 159
1 512
0 341
2 512
1 512
0 135
0 384
0 128
1 512
0 99
2 512
0 38
1 512
0 96
0 372
0 128
2 512
0 206
0 137
1 512
1 512
1 512
1 512
0 154
0 225
0 179
0 287
1 512
1 512
1 512
4 512
0 60
2 512
0 367
0 111
0 78
0 31
0 105
2 512
1 512
0 385
3 512
1 512
1 512
0 91
0 224
0 291
0 86
0 187
1 512
0 125
2 512
2 512
1 512
0 144
1 512
3 512
0 71
0 164
0 80
0 215
0 210
1 512
1 512
0 121
0 154
2 512
1 512
1 512
2 512
0 332
1 512
2 512
0 209
1 512
0 511
0 428
1 512
3 512
0 64
0 121
1 512
1 512
1 512
1 512
0 379
0 109
1 512
1 512
0 165
0 271
1 512
2 512
1 512
0 339
1 512
0 204
1 512
2 512
1 512
1 512
0 101
0 217
0 387
0 85
1 512
1 512
0 179
0 262
2 512
0 219
1 512
1 512
0 234
0 281
0 368
0 118
1 512
1 512
1 512
0 75
0 168
0 71
0 176
0 131
0 145
0 285
0 45
1 512
2 512
0 183
1 512
1 512
2 512
0 123
2 512
3 512
0 47
2 512
0 112
0 112
0 290
3 512
2 512
1 512
0 191
2 512
1 512
1 512
0 184
1 512
2 512
0 42
0 203
0 181
0 135
1 512
1 512
1 512
1 512
1 512
0 155
0 154
0 258
1 512
1 512
0 102
0 235
1 512
0 253
1 512
1 512
1 512
0 459
1 512
1 512
0 216
2 512
1 512
2 512
0 176
1 512
2 512
0 96
1 512
0 118
3 512
1 512
1 512
0 477
0 420
0 73
2 512
1 512
0 78
0 92
2 512
2 512
0 376
0 154
0 202
2 512
1 512
3 512
0 94
2 512
0 305
2 512
0 90
0 158
0 303
2 512
1 512
1 512
1 512
3 512
1 512
1 512
0 179
1 512
0 134
0 363
2 512
0 196
2 512
1 512
1 512
0 31
2 512
0 196
0 242
0 31
0 124
2 512
0 178
0 338
0 133
1 512
0 379
1 512
0 120
0 488
1 512
0 175
1 512
0 280
1 512
1 512
0 155
0 60
0 53
0 173
1 512
2 512
2 512
0 350
2 512
0 253
0 168
1 512
0 168
1 512
0 333
0 249
0 52
0 123
1 512
0 445
2 512
1 512
1 512
2 512
0 119
1 512
0 91
1 512
0 80
0 339
1 512
1 512
0 177
2 512
1 512
1 512
0 405
0 95
2 512
0 334
0 182
2 512
2 512
2 512
1 512
1 512
0 411
1 512
2 512
1 512
1 512
2 512
0 79
1 512
1 512
0 117
0 212
1 512
2 512
3 512
2 512
0 265
0 487
1 512
1 512
1 512
0 205
1 512
1 512
1 512
0 283
2 512
1 512
1 512
0 201
1 512
2 512
0 293
2 512
1 512
3 512
1 512
2 512
0 163
0 391
2 512
0 53
0 111
1 512
1 512
0 383
1 512
3 512
0 189
0 229
0 319
0 127
0 31
2 512
0 100
4 512
1 512
0 135
0 410
1 512
5 512
2 512
1 512
0 182
0 190
1 512
1 512
0 70
1 512
1 512
2 512
2 512
0 118
0 463
1 512
1 512
0 194
1 512
1 512
4 512
0 100
0 201
0 88
0 265
0 231
2 512
1 512
0 99
2 512
1 512
1 512
1 512
1 512
2 512
0 102
0 406
0 88
0 211
0 327
0 146
0 86
0 150
0 62
1 512
0 157
0 487
0 151
1 512
1 512
0 284
0 159
0 241
0 87
0 254
3 512
0 120
1 512
1 512
1 512
0 56
2 512
1 512
1 512
0 120
0 508
1 512
0 43
1 512
3 512
2 512
1 512
0 268
0 116
1 512
2 512
2 512
0 323
1 512
1 512
0 88
3 512
1 512
0 269
1 512
3 512
1 512
0 320
0 104
0 174
0 113
0 70
0 63
2 512
0 132
0 240
1 512
0 189
1 512
1 512
2 512
1 512
2 512
0 97
2 512
1 512
1 512
1 512
1 512
0 103
1 512
3 512
1 512
2 512
0 67
0 60
0 360
0 111
0 302
2 512
1 512
0 135
0 238
1 512
0 45
2 512
0 207
0 272
0 36
0 482
1 512
0 506
1 512
0 39
0 26
0 43
0 248
0 81
1 512
0 325
0 83
0 467
2 512
0 219
0 80
0 27
0 91
3 512
0 39
2 512
1 512
1 512
0 113
0 181
0 64
0 151
1 512
1 512
1 512
2 512
1 512
0 326
1 512
1 512
1 512
0 452
2 512
0 347
1 512
0 167
2 512
0 115
1 512
0 295
1 512
1 512
0 138
0 114
1 512
0 157
5 512
0 43
0 132
1 512
0 298
2 512
1 512
1 512
1 512
0 142
0 40
2 512
1 512
1 512
0 509
1 512
1 512
0 291
0 211
0 224
2 512
0 501
1 512
0 48
0 158
1 512
0 48
1 512
1 512
0 75
2 512
1 512
1 512
1 512
0 142
0 150
1 512
1 512
1 512
1 512
2 512
1 512
2 512
0 106
0 118
0 353
1 512
1 512
0 253
6 512
0 123
3 512
0 271
4 512
1 512
0 111
0 117
0 161
2 512
0 268
0 156
1 512
0 380
1 512
1 512
2 512
1 512
1 512
1 512
0 84
1 512
1 512
0 232
1 512
0 272
7 512
0 24
2 512
1 512
0 146
1 512
1 512
1 512
0 165
1 512
1 512
1 512
0 320
0 332
4 512
1 512
0 414
0 352
1 512
0 99
0 58
1 512
0 69
0 97
2 512
0 136
0 39
2 512
0 269
0 136
4 512
1 512
2 512
0 115
2 512
0 267
1 512
0 129
1 512
1 512
2 512
0 116
1 512
0 278
1 512
0 24
1 512
2 512
0 149
0 305
1 512
0 123
1 512
0 207
0 414
2 512
1 512
1 512
1 512
1 512
2 512
1 512
0 113
0 132
0 169
1 512
0 77
2 512
2 512
0 125
1 512
0 109
1 512
0 91
0 236
0 147
4 512
0 119
1 512
0 205
0 62
0 139
0 220
0 180
1 512
3 512
1 512
0 131
0 102
0 205
3 512
3 512
0 267
1 512
0 341
0 122
2 512
1 512
0 209
0 389
0 189
0 150
2 512
2 512
0 186
0 203
0 47
1 512
0 165
0 233
1 512
0 167
1 512
1 512
1 512
1 512
0 389
1 512
2 512
0 34
0 106
0 30
0 286
0 250
0 80
1 512
0 72
2 512
0 208
3 512
0 324
1 512
0 153
0 100
0 27
2 512
3 512
2 512
0 494
0 180
0 81
2 512
1 512
2 512
1 512
0 437
0 113
0 170
0 273
0 182
1 512
4 512
1 512
0 137
1 512
3 512
1 512
0 101
1 512
0 76
0 91
1 512
0 164
2 512
0 33
0 481
0 82
0 181
1 512
0 494
0 57
0 180
1 512
1 512
0 346
0 142
0 162
2 512
0 77
1 512
1 512
1 512
1 512
0 153
0 189
0 295
1 512
0 138
0 104
4 512
1 512
0 96
0 222
0 46
2 512
1 512
0 378
2 512
1 512
2 512
0 168
0 41
1 512
3 512
0 168
0 84
0 65
0 237
1 512
3 512
1 512
0 112
0 357
0 213
0 142
0 148
1 512
2 512
0 314
1 512
0 160
1 512
2 512
0 106
0 255
0 135
0 347
0 490
0 213
1 512
2 512
0 215
1 512
0 102
0 157
1 512
2 512
1 512
1 512
0 168
0 78
0 213
1 512
1 512
0 87
0 427
1 512
0 228
0 387
1 512
1 512
0 179
0 42
1 512
0 403
1 512
0 284
0 298
0 70
3 512
0 157
2 512
2 512
1 512
1 512
0 277
1 512
0 140
0 491
2 512
0 308
2 512
0 247
0 66
1 512
0 254
1 512
1 512
0 178
1 512
1 512
0 386
2 512
1 512
1 512
1 512
2 512
2 512
1 512
2 512
1 512
0 482
0 260
0 89
2 512
3 512
1 512
0 170
3 512
3 512
0 210
1 512
1 512
0 119
3 512
0 190
1 512
2 512
0 284
2 512
0 122
0 45
1 512
1 512
0 479
1 512
1 512
1 512
1 512
1 512
0 263
1 512
0 129
1 512
0 125
2 512
0 306
2 512
2 512
0 212
2 512
1 512
3 512
0 87
1 512
1 512
2 512
1 512
1 512
0 163
0 416
1 512
2 512
0 428
2 512
0 79
0 160
2 512
0 395
0 426
1 512
0 227
1 512
0 85
0 251
1 512
0 241
2 512
1 512
1 512
2 512
1 512
0 137
0 216
1 512
0 330
1 512
2 512
0 213
1 512
0 213
0 237
0 100
1 512
0 107
1 512
1 512
0 68
0 182
1 512
0 357
2 512
0 257
0 102
1 512
1 512
1 512
2 512
1 512
4 512
0 242
0 315
0 288
0 338
0 128
0 100
1 512
2 512
1 512
0 432
0 103
1 512
0 106
1 512
2 512
1 512
1 512
0 382
1 512
0 208
0 123
1 512
0 179
0 63
1 512
0 106
1 512
0 135
3 512
0 237
1 512
1 512
1 512
0 205
1 512
0 310
1 512
0 338
1 512
0 71
2 512
1 512
3 512
2 512
1 512
0 285
0 62
1 512
2 512
1 512
0 78
2 512
0 321
3 512
1 512
1 512
0 130
0 458
2 512
0 340
0 80
0 72
0 185
1 512
0 211
0 96
0 96
0 220
1 512
2 512
0 113
2 512
0 62
1 512
1 512
0 220
0 68
0 95
1 512
0 91
0 282
0 72
0 355
2 512
1 512
2 512
0 313
0 147
1 512
1 512
0 433
1 512
0 369
0 164
1 512
1 512
1 512
1 512
0 255
0 115
0 338
0 316
3 512
0 144
0 404
1 512
1 512
3 512
1 512
0 80
1 512
0 102
0 186
1 512
0 241
0 235
0 134
0 379
1 512
0 248
0 424
2 512
1 512
0 144
1 512
0 84
0 217
1 512
1 512
0 406
1 512
0 84
1 512
0 283
0 319
1 512
1 512
1 512
0 310
1 512
0 264
2 512
1 512
1 512
0 490
1 512
3 512
0 181
2 512
0 57
2 512
0 235
0 153
1 512
0 54
0 355
1 512
1 512
0 416
0 203
1 512
1 512
2 512
0 303
3 512
0 307
1 512
2 512
1 512
0 451
0 48
1 512
2 512
0 103
0 179
2 512
3 512
1 512
1 512
2 512
0 52
0 205
0 148
0 190
3 512
0 199
1 512
0 304
1 512
0 486
2 512
2 512
3 512
0 162
4 512
0 177
3 512
1 512
1 512
2 512
2 512
2 512
1 512
1 512
2 512
0 37
0 308
0 290
1 512
1 512
1 512
0 155
2 512
0 125
0 162
1 512
0 215
1 512
1 512
1 512
1 512
0 454
2 512
0 444
0 42
0 505
0 86
1 512
0 248
2 512
1 512
2 512
0 169
1 512
2 512
1 512
0 159
1 512
2 512
2 512
0 291
0 303
2 512
0 350
2 512
2 512
0 423
0 230
0 449
1 512
1 512
1 512
1 512
1 512
2 512
0 149
2 512
1 512
0 464
4 512
1 512
0 64
0 210
0 206
0 478
0 129
0 216
2 512
0 195
0 199
1 512
0 190
0 50
3 512
2 512
1 512
0 77
5 512
2 512
1 512
0 119
1 512
2 512
1 512
1 512
2 512
2 512
0 202
1 512
1 512
1 512
0 90
2 512
1 512
2 512
1 512
1 512
3 512
0 161
0 387
1 512
2 512
0 110
1 512
0 314
1 512
2 512
2 512
0 205
0 199
1 512
2 512
0 185
1 512
0 188
0 254
0 424
1 512
1 512
1 512
2 512
2 512
2 512
1 512
0 257
2 512
0 131
1 512
1 512
0 423
1 512
1 512
2 512
1 512
1 512
0 249
1 512
1 512
0 318
1 512
0 66
1 512
2 512
1 512
0 122
1 512
1 512
0 353
0 106
0 83
0 139
0 294
0 465
0 293
0 90
0 33
0 64
1 512
2 512
0 52
0 114
1 512
1 512
0 215
0 428
0 84
3 512
2 512
0 127
1 512
0 176
1 512
0 312
0 116
2 512
0 395
1 512
0 167
0 177
1 512
0 401
0 167
0 103
0 138
3 512
1 512
0 87
2 512
2 512
1 512
0 197
0 275
0 212
0 176
3 512
0 95
3 512
3 512
1 512
2 512
0 160
3 512
1 512
1 512
0 71
1 512
0 63
3 512
1 512
2 512
1 512
0 407
2 512
0 125
0 169
3 512
1 512
0 396
0 318
1 512
1 512
1 512
3 512
0 168
2 512
0 142
0 330
1 512
0 123
0 140
1 512
0 36
1 512
0 224
1 512
1 512
1 512
0 63
0 36
3 512
0 44
0 369
0 67
2 512
1 512
3 512
2 512
1 512
0 236
2 512
1 512
4 512
1 512
0 76
0 27
0 259
1 512
3 512
1 512
1 512
0 153
3 512
0 461
0 284
0 141
0 107
2 512
0 155
0 221
2 512
1 512
1 512
0 99
3 512
1 512
0 112
1 512
0 359
2 512
0 74
2 512
1 512
1 512
1 512
0 199
1 512
0 376
0 115
0 59
0 257
0 192
1 512
0 141
0 230
0 146
1 512
0 460
2 512
1 512
1 512
0 394
0 112
2 512
0 119
0 199
0 258
1 512
1 512
1 512
1 512
0 481
0 36
0 264
1 512
1 512
0 104
0 40
1 512
0 203
1 512
1 512
2 512
1 512
1 512
3 512
3 512
1 512
1 512
1 512
0 181
3 512
1 512
0 199
1 512
0 46
0 129
1 512
1 512
2 512
0 205
0 288
0 214
0 127
1 512
0 429
0 452
1 512
0 224
1 512
2 512
2 512
2 512
4 512
0 268
1 512
1 512
0 62
0 141
0 446
2 512
0 365
2 512
0 102
0 353
1 512
0 288
1 512
0 90
3 512
2 512
2 512
0 144
1 512
1 512
2 512
1 512
0 232
0 144
0 67
0 207
1 512
0 65
1 512
0 370
0 289
0 113
3 512
1 512
1 512
1 512
1 512
0 194
1 512
2 512
0 77
1 512
0 85
1 512
0 386
0 123
1 512
0 214
1 512
0 218
0 312
2 512
1 512
1 512
3 512
1 512
0 72
2 512
0 205
2 512
1 512
1 512
0 402
1 512
1 512
1 512
2 512
0 318
0 151
0 309
1 512
2 512
0 138
1 512
0 171
1 512
0 139
2 512
0 352
1 512
0 145
1 512
0 90
0 72
0 81
0 302
0 60
0 143
2 512
1 512
0 154
0 144
1 512
2 512
0 267
1 512
1 512
0 502
1 512
0 200
1 512
3 512
0 132
0 39
0 443
1 512
1 512
0 416
3 512
0 327
1 512
3 512
1 512
0 245
1 512
0 149
0 79
2 512
0 357
2 512
0 281
1 512
3 512
0 451
1 512
2 512
2 512
1 512
0 40
1 512
0 142
0 181
0 157
1 512
2 512
0 301
0 80
0 28
2 512
0 429
3 512
2 512
0 131
2 512
3 512
0 130
3 512
1 512
0 98
1 512
1 512
3 512
0 142
1 512
3 512
1 512
0 131
1 512
0 65
1 512
0 27
2 512
3 512
1 512
3 512
1 512
0 130
0 477
0 136
1 512
0 76
0 67
0 85
0 77
0 454
0 235
1 512
1 512
0 210
1 512
0 135
1 512
1 512
2 512
1 512
1 512
1 512
0 307
0 54
1 512
1 512
1 512
2 512
0 243
1 512
3 512
4 512
1 512
0 97
4 512
0 226
1 512
1 512
2 512
2 512
0 346
0 205
0 96
0 248
0 144
1 512
1 512
5 512
2 512
2 512
0 277
1 512
2 512
0 35
0 40
0 35
0 50
3 512
0 177
1 512
1 512
0 263
1 512
0 41
2 512
2 512
0 203
2 512
3 512
0 100
0 123
2 512
0 358
1 512
2 512
2 512
0 373
1 512
0 137
2 512
0 99
1 512
0 147
0 209
1 512
0 253
1 512
0 101
0 176
1 512
3 512
1 512
1 512
0 485
2 512
0 252
0 264
1 512
1 512
1 512
1 512
2 512
2 512
1 512
0 63
0 304
0 258
2 512
1 512
2 512
1 512
2 512
2 512
0 268
0 212
2 512
0 110
0 278
0 142
0 85
0 120
0 80
0 193
0 130
2 512
0 200
1 512
1 512
0 246
1 512
0 242
1 512
0 176
4 512
1 512
1 512
2 512
0 147
0 253
0 33
0 62
1 512
0 245
0 180
1 512
2 512
2 512
0 505
1 512
1 512
0 283
1 512
0 237
1 512
1 512
0 186
2 512
0 197
1 512
0 340
0 166
3 512
2 512
1 512
1 512
0 306
0 195
1 512
1 512
2 512
1 512
2 512
0 248
1 512
0 272
0 369
1 512
1 512
0 304
0 89
0 252
1 512
0 130
1 512
0 169
0 185
2 512
2 512
1 512
1 512
1 512
2 512
1 512
0 54
2 512
0 79
0 252
0 92
1 512
1 512
1 512
1 512
0 55
0 136
1 512
2 512
1 512
0 240
0 227
0 195
1 512
0 60
0 228
0 36
1 512
4 512
1 512
0 136
2 512
1 512
0 214
0 143
1 512
1 512
1 512
1 512
0 232
1 512
0 266
3 512
1 512
0 221
1 512
0 476
2 512
0 357
1 512
1 512
0 482
0 147
1 512
2 512
1 512
1 512
0 249
2 512
0 146
3 512
1 512
0 65
1 512
3 512
1 512
0 152
0 176
0 109
1 512
1 512
1 512
0 96
2 512
0 106
0 138
1 512
0 301
3 512
1 512
0 309
0 40
0 63
0 191
1 512
0 196
1 512
3 512
1 512
2 512
0 223
1 512
1 512
1 512
0 37
0 178
1 512
2 512
1 512
4 512
2 512
0 86
1 512
0 132
0 213
1 512
0 187
4 512
2 512
0 143
1 512
0 181
0 168
2 512
0 423
2 512
3 512
2 512
1 512
2 512
0 140
2 512
0 139
2 512
0 171
0 139
2 512
0 204
1 512
0 441
1 512
0 128
1 512
2 512
4 512
1 512
1 512
1 512
1 512
1 512
0 445
3 512
1 512
0 180
0 373
1 512
2 512
0 69
0 304
1 512
0 211
2 512
1 512
1 512
3 512
1 512
1 512
1 512
1 512
1 512
0 196
1 512
0 41
1 512
0 131
0 81
0 222
2 512
0 105
0 125
0 134
3 512
1 512
0 196
1 512
1 512
1 512
1 512
2 512
0 252
0 181
1 512
0 82
1 512
0 273
2 512
0 52
0 440
1 512
2 512
1 512
1 512
0 177
0 356
0 138
1 512
0 202
0 373
0 218
0 116
0 139
0 288
0 145
2 512
0 219
0 174
1 512
1 512
0 296
1 512
0 62
0 232
0 55
0 409
1 512
1 512
0 105
0 124
0 385
0 276
0 476
1 512
0 146
1 512
0 212
1 512
0 292
2 512
0 190
0 137
1 512
0 132
0 150
0 187
2 512
0 272
0 107
1 512
0 219
1 512
3 512
1 512
2 512
1 512
1 512
1 512
3 512
0 31
1 512
0 66
0 493
1 512
0 87
0 272
1 512
0 198
0 381
0 338
2 512
0 71
1 512
0 239
0 33
0 133
0 337
0 284
1 512
0 207
1 512
2 512
1 512
2 512
1 512
0 225
0 154
1 512
1 512
0 484
1 512
1 512
1 512
0 241
1 512
1 512
0 65
1 512
2 512
0 328
3 512
2 512
1 512
2 512
2 512
1 512
1 512
1 512
0 306
1 512
1 512
1 512
0 161
0 119
1 512
1 512
1 512
0 29
2 512
2 512
1 512
1 512
3 512
1 512
3 512
0 100
0 118
2 512
2 512
1 512
0 169
0 157
0 238
0 377
1 512
1 512
0 112
0 98
0 38
1 512
0 115
0 107
2 512
0 36
0 99
0 109
1 512
0 53
1 512
2 512
1 512
1 512
0 102
1 512
0 293
0 294
1 512
0 150
1 512
0 272
0 132
1 512
1 512
1 512
0 62
1 512
0 277
0 103
0 73
0 152
3 512
0 57
1 512
2 512
1 512
0 275
0 70
3 512
1 512
1 512
0 280
0 36
1 512
1 512
0 44
1 512
1 512
0 212
1 512
1 512
0 141
0 314
2 512
2 512
2 512
1 512
0 296
1 512
1 512
2 512
1 512
1 512
1 512
0 117
1 512
2 512
1 512
1 512
1 512
1 512
1 512
1 512
1 512
0 218
0 495
3 512
0 153
0 286
0 187
1 512
0 89
1 512
1 512
1 512
3 512
0 295
1 512
1 512
0 94
3 512
1 512
2 512
0 144
3 512
1 512
0 132
0 95
0 241
0 403
2 512
2 512
0 49
1 512
0 408
0 179
1 512
1 512
0 58
2 512
2 512
0 73
3 512
3 512
1 512
0 74
0 467
1 512
0 62
1 512
0 349
2 512
3 512
0 214
1 512
2 512
1 512
4 512
0 88
0 246
1 512
0 277
1 512
1 512
1 512
1 512
0 57
0 81
0 108
1 512
1 512
2 512
2 512
1 512
2 512
1 512
0 282
0 83
0 266
1 512
0 74
1 512
3 512
0 250
2 512
0 131
1 512
1 512
4 512
0 358
1 512
1 512
0 505
1 512
0 512
0 142
0 124
1 512
0 359
0 148
1 512
1 512
2 512
0 353
1 512
2 512
0 271
0 92
0 64
0 358
0 318
3 512
0 184
1 512
1 512
0 341
0 230
1 512
2 512
1 512
0 237
0 42
2 512
2 512
0 144
1 512
3 512
0 454
1 512
0 45
0 37
2 512
0 84
0 310
0 72
1 512
0 185
1 512
0 464
0 59
1 512
1 512
1 512
2 512
3 512
1 512
1 512
0 89
0 329
1 512
1 512
1 512
0 155
1 512
1 512
0 170
1 512
2 512
0 65
1 512
0 391
0 85
0 222
0 178
1 512
1 512
3 512
0 214
0 93
1 512
0 121
0 96
0 122
1 512
0 118
1 512
0 132
0 472
0 508
1 512
2 512
1 512
0 267
1 512
0 395
0 212
1 512
1 512
2 512
0 47
2 512
0 241
0 374
0 239
4 512
1 512
0 154
1 512
0 96
1 512
0 66
1 512
0 55
0 87
4 512
0 160
3 512
1 512
1 512
1 512
0 350
0 86
1 512
1 512
3 512
1 512
0 94
2 512
1 512
4 512
2 512
2 512
0 369
1 512
1 512
2 512
0 124
0 369
0 226
0 277
1 512
1 512
1 512
1 512
1 512
1 512
1 512
0 123
0 210
0 88
1 512
4 512
1 512
0 181
0 233
0 213
0 58
1 512
0 213
1 512
0 448
1 512
0 428
0 144
0 97
1 512
1 512
1 512
3 512
0 49
5 512
4 512
0 449
0 236
0 333
4 512
0 80
1 512
0 38
0 59
3 512
0 325
2 512
0 471
1 512
2 512
2 512
0 393
0 40
1 512
0 114
1 512
0 135
0 347
0 87
1 512
3 512
1 512
0 169
1 512
0 181
0 133
2 512
1 512
2 512
0 125
0 327
0 265
0 247
0 279
0 191
0 114
1 512
2 512
1 512
0 128
2 512
2 512
0 63
1 512
0 158
0 125
1 512
0 92
0 99
1 512
0 205
0 194
1 512
1 512
0 319
0 235
2 512
1 512
1 512
2 512
1 512
0 56
1 512
1 512
0 226
1 512
1 512
1 512
3 512
0 346
0 205
0 387
2 512
1 512
3 512
0 116
1 512
4 512
0 73
0 68
1 512
2 512
1 512
0 80
1 512
0 252
0 228
1 512
1 512
0 83
0 485
0 376
0 297
0 131
0 307
1 512
0 384
2 512
1 512
0 267
1 512
4 512
0 161
2 512
1 512
0 42
2 512
1 512
0 112
0 183
2 512
1 512
0 68
1 512
0 98
0 188
1 512
1 512
0 235
0 246
0 372
1 512
1 512
2 512
0 140
0 300
0 228
1 512
2 512
0 194
0 286
1 512
0 87
1 512
0 275
2 512
0 174
1 512
1 512
0 54
1 512
1 512
0 319
0 200
1 512
0 311
0 93
1 512
1 512
0 397
0 367
1 512
0 301
5 512
0 163
1 512
2 512
3 512
0 199
4 512
2 512
1 512
1 512
0 191
1 512
2 512
3 512
0 224
1 512
2 512
0 270
2 512
3 512
1 512
0 155
1 512
2 512
0 112
0 80
0 156
3 512
1 512
2 512
1 512
0 416
0 96
1 512
1 512
2 512
0 476
0 410
1 512
1 512
3 512
3 512
1 512
1 512
1 512
1 512
1 512
0 158
2 512
1 512
1 512
1 512
2 512
1 512
0 123
2 512
0 149
0 153
0 391
1 512
1 512
0 330
1 512
1 512
1 512
0 300
0 387
2 512
1 512
1 512
0 242
0 137
0 200
2 512
0 287
1 512
0 325
3 512
0 164
0 311
2 512
2 512
0 375
1 512
0 488
2 512
2 512
0 100
2 512
0 331
0 132
0 65
0 40
2 512
0 187
2 512
0 92
0 372
4 512
0 56
0 150
1 512
2 512
0 219
1 512
0 96
0 148
0 69
1 512
1 512
3 512
0 23
0 495
0 189
1 512
0 266
1 512
1 512
0 213
1 512
0 279
0 117
1 512
1 512
1 512
1 512
1 512
2 512
1 512
0 114
1 512
0 161
1 512
1 512
1 512
0 55
1 512
1 512
2 512
0 217
1 512
1 512
1 512
1 512
0 130
0 281
0 443
0 33
0 229
0 201
1 512
1 512
1 512
0 63
1 512
1 512
0 93
1 512
0 174
1 512
0 162
0 108
0 47
0 237
0 190
1 512
1 512
1 512
0 175
2 512
2 512
0 304
0 133
2 512
1 512
0 354
1 512
1 512
1 512
0 349
0 319
0 47
0 113
1 512
1 512
0 165
0 215
1 512
1 512
0 374
0 268
1 512
2 512
1 512
2 512
0 148
0 361
0 483
0 327
0 310
1 512
0 79
1 512
0 73
0 346
0 162
2 512
1 512
1 512
0 83
2 512
1 512
0 68
0 263
2 512
0 279
1 512
1 512
0 83
1 512
1 512
0 65
2 512
0 261
1 512
0 225
0 233
2 512
1 512
0 318
2 512
0 147
1 512
1 512
1 512
0 62
2 512
0 306
0 147
1 512
1 512
1 512
1 512
1 512
1 512
2 512
0 196
0 323
2 512
3 512
0 59
0 96
1 512
0 73
0 47
1 512
1 512
0 30
2 512
0 131
1 512
1 512
0 104
2 512
0 51
1 512
2 512
0 178
1 512
0 323
0 234
1 512
1 512
0 137
3 512
1 512
1 512
0 65
1 512
1 512
0 200
0 160
0 60
0 364
1 512
0 197
1 512
1 512
0 63
1 512
0 328
0 496
2 512
0 104
2 512
0 79
1 512
0 107
1 512
0 208
0 122
1 512
4 512
1 512
1 512
0 199
0 233
0 318
1 512
1 512
1 512
1 512
0 81
1 512
0 303
0 392
2 512
1 512
0 215
2 512
0 134
0 176
4 512
0 198
3 512
1 512
0 13
0 153
1 512
0 497
1 512
3 512
1 512
3 512
0 263
0 117
1 512
2 512
3 512
0 69
0 158
1 512
2 512
0 266
3 512
1 512
0 87
0 241
2 512
1 512
2 512
1 512
1 512
1 512
2 512
1 512
2 512
0 40
2 512
1 512
1 512
1 512
0 188
0 112
1 512
1 512
1 512
0 193
0 59
2 512
1 512
1 512
0 50
0 82
3 512
1 512
0 258
2 512
0 173
0 45
0 141
0 25
0 46
0 210
0 282
1 512
0 127
0 291
3 512
0 125
0 261
1 512
3 512
2 512
0 187
1 512
0 86
1 512
0 80
3 512
0 15
2 512
0 109
1 512
1 512
1 512
0 192
0 80
1 512
3 512
2 512
1 512
0 109
0 215
0 80
2 512
1 512
1 512
0 51
1 512
1 512
1 512
3 512
0 173
2 512
1 512
0 161
3 512
0 466
0 216
0 113
0 196
2 512
2 512
1 512
0 59
0 142
1 512
2 512
1 512
0 245
1 512
0 219
0 248
2 512
1 512
0 403
1 512
0 239
1 512
0 52
1 512
1 512
1 512
1 512
1 512
1 512
0 280
2 512
0 153
1 512
1 512
3 512
0 88
1 512
0 433
1 512
0 86
2 512
0 281
0 482
1 512
1 512
0 68
0 120
1 512
1 512
0 447
0 52
0 200
0 332
0 271
0 88
1 512
1 512
0 123
2 512
1 512
3 512
1 512
0 77
0 498
1 512
1 512
2 512
1 512
1 512
1 512
4 512
1 512
3 512
1 512
0 129
0 344
1 512
0 121
1 512
1 512
0 119
0 86
1 512
1 512
0 164
2 512
0 259
0 244
1 512
0 99
1 512
1 512
2 512
0 45
1 512
0 130
0 38
1 512
0 339
0 281
0 154
1 512
0 39
1 512
0 186
0 215
1 512
2 512
3 512
0 159
2 512
1 512
0 65
0 400
0 105
1 512
0 44
1 512
1 512
0 108
0 96
0 143
1 512
1 512
0 117
1 512
0 424
0 56
3 512
1 512
1 512
2 512
2 512
0 143
1 512
1 512
2 512
2 512
2 512
0 192
0 277
1 512
1 512
0 353
1 512
1 512
1 512
3 512
0 177
2 512
1 512
1 512
0 268
0 321
0 229
2 512
1 512
0 268
3 512
1 512
2 512
0 154
1 512
0 60
1 512
2 512
3 512
0 398
1 512
2 512
1 512
0 274
0 139
0 214
1 512
0 339
0 172
0 103
0 175
0 61
0 253
0 126
1 512
2 512
1 512
0 220
0 200
1 512
1 512
0 368
2 512
2 512
1 512
2 512
1 512
0 279
1 512
1 512
1 512
0 435
3 512
0 447
1 512
1 512
1 512
0 446
1 512
0 168
1 512
3 512
1 512
1 512
1 512
1 512
0 103
0 68
1 512
0 135
4 512
1 512
1 512
3 512
0 468
1 512
1 512
1 512
1 512
1 512
1 512
0 279
1 512
0 155
1 512
1 512
0 346
1 512
1 512
0 227
0 356
2 512
1 512
0 183
0 46
1 512
1 512
0 71
0 132
1 512
0 138
3 512
0 263
1 512
1 512
1 512
0 98
1 512
1 512
2 512
1 512
0 280
0 134
0 162
0 201
0 103
1 512
1 512
2 512
0 488
0 67
3 512
1 512
2 512
0 71
2 512
1 512
1 512
0 251
0 165
4 512
1 512
1 512
1 512
1 512
1 512
0 154
0 154
1 512
2 512
0 160
2 512
0 444
0 183
2 512
0 242
2 512
0 462
0 160
0 287
0 128
1 512
2 512
1 512
2 512
1 512
1 512
1 512
2 512
0 492
1 512
0 180
0 32
2 512
1 512
1 512
2 512
0 342
2 512
0 364
1 512
0 78
0 290
0 140
0 86
1 512
0 501
0 286
0 185
0 63
0 258
1 512
1 512
1 512
0 209
0 129
1 512
3 512
0 192
1 512
2 512
0 342
0 36
0 171
0 72
1 512
3 512
1 512
1 512
0 108
0 153
1 512
0 94
1 512
0 184
1 512
0 36
0 142
1 512
0 133
0 367
0 110
0 49
1 512
0 258
0 112
1 512
0 63
0 73
1 512
0 343
1 512
1 512
0 223
0 65
1 512
0 144
1 512
1 512
1 512
1 512
0 222
0 131
1 512
0 138
0 383
0 172
1 512
0 283
3 512
1 512
1 512
0 87
2 512
1 512
0 183
1 512
0 188
0 45
0 67
0 195
1 512
2 512
1 512
0 139
0 74
1 512
0 466
2 512
1 512
1 512
1 512
0 23
0 201
2 512
1 512
1 512
0 89
1 512
0 201
2 512
1 512
1 512
1 512
1 512
2 512
1 512
0 114
1 512
0 85
0 368
0 324
3 512
2 512
1 512
1 512
1 512
0 271
1 512
1 512
1 512
0 54
0 156
0 301
0 54
2 512
0 160
1 512
1 512
2 512
2 512
1 512
0 172
2 512
0 186
1 512
2 512
0 184
3 512
0 274
1 512
1 512
1 512
4 512
2 512
0 241
2 512
2 512
1 512
1 512
1 512
0 283
2 512
0 175
0 194
2 512
1 512
0 55
1 512
0 117
1 512
1 512
0 220
0 191
0 109
0 330
0 131
1 512
0 283
1 512
1 512
1 512
0 122
1 512
0 135
0 80
1 512
1 512
1 512
0 304
0 509
2 512
1 512
0 205
1 512
1 512
2 512
0 327
1 512
2 512
2 512
1 512
0 73
0 138
1 512
1 512
0 148
0 68
0 168
1 512
1 512
0 188
0 93
0 141
1 512
0 275
2 512
1 512
1 512
2 512
0 199
0 103
2 512
2 512
0 246
1 512
0 158
3 512
1 512
1 512
0 142
0 141
1 512
0 36
0 249
1 512
1 512
0 93
0 367
2 512
1 512
2 512
1 512
0 274
1 512
2 512
1 512
0 456
0 444
2 512
1 512
1 512
0 209
1 512
1 512
0 328
0 158
1 512
0 245
0 211
0 57
2 512
0 404
0 41
2 512
0 343
0 108
2 512
1 512
0 53
1 512
2 512
0 110
0 408
1 512
1 512
1 512
0 290
1 512
0 409
1 512
2 512
2 512
1 512
0 35
4 512
7 512
0 167
0 117
0 409
1 512
0 218
1 512
1 512
1 512
0 213
0 186
1 512
2 512
0 93
1 512
2 512
1 512
1 512
1 512
1 512
0 293
0 91
2 512
1 512
3 512
0 103
0 252
1 512
1 512
1 512
0 92
2 512
0 35
0 155
1 512
0 123
0 193
0 356
3 512
0 410
0 80
0 328
0 290
1 512
1 512
0 50
0 53
0 355
2 512
1 512
0 227
2 512
1 512
0 284
1 512
0 222
1 512
0 112
1 512
0 66
0 241
1 512
0 91
0 79
1 512
2 512
1 512
2 512
0 165
0 61
0 213
2 512
0 243
0 344
1 512
1 512
4 512
0 101
3 512
1 512
0 174
0 171
0 57
1 512
3 512
0 83
0 319
2 512
0 133
0 89
1 512
1 512
0 104
1 512
0 254
2 512
1 512
5 512
0 279
0 395
0 92
1 512
1 512
2 512
0 382
1 512
1 512
0 108
1 512
2 512
0 191
0 233
2 512
0 412
0 100
0 127
1 512
0 430
0 102
2 512
2 512
1 512
1 512
1 512
0 127
1 512
0 37
0 128
0 208
3 512
1 512
3 512
3 512
1 512
0 143
1 512
0 165
1 512
0 169
0 440
0 100
0 179
2 512
2 512
2 512
1 512
0 54
0 107
0 191
1 512
1 512
0 73
0 511
2 512
0 217
2 512
2 512
0 128
0 341
1 512
0 373
1 512
1 512
0 187
0 254
0 154
1 512
0 191
0 358
0 96
2 512
3 512
1 512
1 512
1 512
1 512
2 512
0 173
3 512
1 512
2 512
1 512
0 279
2 512
1 512
0 123
0 349
1 512
3 512
4 512
0 175
0 73
1 512
0 477
2 512
0 168
1 512
2 512
0 194
2 512
0 46
1 512
2 512
0 77
3 512
1 512
0 121
1 512
1 512
1 512
1 512
1 512
1 512
0 360
0 140
0 108
3 512
1 512
1 512
1 512
2 512
0 465
0 113
0 130
2 512
1 512
0 89
0 77
1 512
2 512
0 445
2 512
1 512
0 389
0 263
0 362
1 512
1 512
1 512
0 98
1 512
0 421
0 360
0 262
1 512
0 228
1 512
0 364
0 192
1 512
0 511
1 512
0 256
2 512
0 130
0 159
1 512
0 264
2 512
3 512
3 512
0 95
0 403
3 512
0 172
0 201
1 512
0 176
0 234
0 174
1 512
0 65
2 512
1 512
0 156
2 512
3 512
0 154
0 134
0 57
0 25
1 512
1 512
2 512
1 512
0 168
1 512
0 262
0 347
0 144
2 512
0 64
0 374
2 512
2 512
2 512
2 512
1 512
1 512
1 512
1 512
0 509
0 101
0 196
0 153
3 512
0 195
0 293
1 512
1 512
2 512
3 512
1 512
1 512
2 512
2 512
4 512
0 153
0 278
0 215
0 311
4 512
1 512
1 512
1 512
2 512
0 495
0 51
0 205
1 512
0 200
0 96
1 512
1 512
0 105
2 512
1 512
3 512
0 102
1 512
0 443
0 481
2 512
0 243
0 410
0 183
0 44
0 233
1 512
0 51
0 427
4 512
0 392
1 512
1 512
1 512
0 473
0 265
0 130
0 464
2 512
2 512
1 512
2 512
0 198
0 139
0 420
3 512
0 227
0 112
1 512
1 512
2 512
2 512
1 512
1 512
1 512
1 512
0 277
1 512
1 512
1 512
1 512
1 512
2 512
0 181
1 512
1 512
0 162
0 186
1 512
0 167
0 273
0 102
0 114
0 136
0 156
0 84
1 512
0 253
0 100
1 512
0 375
1 512
1 512
2 512
0 100
2 512
1 512
0 158
0 156
1 512
0 106
1 512
1 512
2 512
1 512
2 512
0 371
1 512
0 296
1 512
2 512
2 512
1 512
1 512
2 512
1 512
2 512
0 242
0 204
2 512
2 512
0 249
1 512
0 64
0 104
0 387
0 178
0 223
0 106
0 293
0 324
0 39
1 512
0 301
1 512
0 85
1 512
0 498
0 302
2 512
0 38
0 420
0 402
0 31
1 512
2 512
0 32
1 512
2 512
1 512
0 42
0 100
1 512
0 68
2 512
1 512
2 512
0 115
0 92
1 512
2 512
0 236
0 405
0 137
0 73
0 274
0 453
1 512
1 512
0 176
0 179
0 254
3 512
1 512
2 512
1 512
0 57
0 106
2 512
1 512
0 101
0 314
1 512
1 512
0 85
2 512
1 512
0 136
0 115
1 512
1 512
0 124
1 512
1 512
0 96
0 299
2 512
1 512
0 167
1 512
1 512
2 512
0 132
0 191
2 512
1 512
0 36
3 512
1 512
1 512
1 512
0 60
1 512
1 512
1 512
1 512
1 512
1 512
2 512
0 315
0 132
0 64
2 512
1 512
0 159
2 512
1 512
1 512
1 512
0 156
1 512
1 512
1 512
0 233
1 512
2 512
1 512
1 512
1 512
0 163
2 512
0 341
0 49
1 512
0 105
2 512
0 256
1 512
1 512
0 123
1 512
0 318
2 512
1 512
2 512
1 512
2 512
1 512
2 512
0 409
0 58
0 113
0 62
4 512
0 54
2 512
0 51
0 81
0 146
0 218
1 512
0 88
1 512
0 400
1 512
0 85
0 63
1 512
2 512
1 512
0 98
0 241
0 63
0 146
1 512
0 308
1 512
2 512
0 168
2 512
0 55
1 512
1 512
1 512
2 512
0 81
0 265
0 137
0 64
1 512
1 512
1 512
1 512
1 512
2 512
1 512
2 512
0 145
0 103
0 143
0 188
0 43
2 512
2 512
1 512
1 512
0 53
1 512
0 178
1 512
1 512
1 512
0 53
1 512
1 512
1 512
0 490
2 512
0 412
1 512
1 512
2 512
3 512
0 75
1 512
0 244
1 512
2 512
0 227
1 512
2 512
1 512
1 512
2 512
0 100
0 453
0 129
1 512
2 512
0 29
2 512
0 72
2 512
3 512
0 247
2 512
2 512
0 243
3 512
1 512
0 190
0 178
2 512
1 512
0 121
0 115
1 512
0 447
1 512
0 310
1 512
0 420
1 512
1 512
0 317
1 512
0 338
4 512
1 512
2 512
2 512
0 70
2 512
0 196
0 363
1 512
0 26
0 257
1 512
1 512
0 71
0 230
1 512
1 512
1 512
1 512
0 144
4 512
1 512
1 512
1 512
2 512
2 512
0 76
2 512
1 512
1 512
0 42
1 512
2 512
1 512
0 277
1 512
1 512
0 112
1 512
0 94
1 512
0 484
0 233
1 512
1 512
0 216
2 512
1 512
0 275
1 512
0 77
1 512
1 512
1 512
0 452
0 178
1 512
2 512
1 512
1 512
0 225
0 93
1 512
1 512
1 512
0 79
1 512
0 67
0 314
0 222
1 512
0 295
1 512
0 478
0 169
1 512
1 512
1 512
1 512
0 45
2 512
2 512
0 105
3 512
2 512
0 143
1 512
1 512
1 512
1 512
0 295
0 124
0 138
1 512
1 512
0 84
1 512
1 512
1 512
0 145
1 512
0 253
0 349
0 313
2 512
1 512
0 218
1 512
0 282
0 442
2 512
1 512
1 512
0 77
1 512
1 512
1 512
0 134
1 512
0 451
1 512
1 512
3 512
0 446
0 148
1 512
1 512
0 447
0 382
1 512
0 44
0 360
1 512
0 120
1 512
0 172
0 119
0 90
1 512
0 106
1 512
0 53
0 138
0 102
0 261
1 512
2 512
2 512
0 68
1 512
0 298
0 48
0 210
0 102
0 265
0 72
1 512
0 230
0 113
0 107
0 169
1 512
1 512
1 512
0 481
2 512
2 512
0 67
0 71
0 188
1 512
3 512
1 512
0 98
2 512
0 95
0 64
0 287
1 512
0 89
2 512
0 298
2 512
0 312
0 113
2 512
0 369
2 512
2 512
0 246
0 169
0 104
0 254
1 512
2 512
3 512
0 344
1 512
1 512
1 512
1 512
0 122
0 76
3 512
1 512
0 173
1 512
0 163
2 512
2 512
2 512
1 512
1 512
0 315
1 512
1 512
1 512
2 512
1 512
3 512
0 75
0 87
0 284
1 512
0 58
1 512
2 512
1 512
0 156
1 512
0 36
1 512
0 414
0 60
0 322
1 512
0 82
0 259
0 86
2 512
0 260
1 512
1 512
0 208
0 281
1 512
0 309
0 373
0 143
1 512
2 512
0 169
0 157
2 512
0 380
0 322
0 486
0 134
0 230
0 254
2 512
1 512
0 49
0 166
2 512
2 512
2 512
1 512
2 512
2 512
0 89
1 512
0 107
3 512
0 52
1 512
0 36
0 145
1 512
0 61
0 202
0 137
0 156
1 512
3 512
3 512
1 512
1 512
0 184
1 512
1 512
0 158
1 512
1 512
0 114
0 72
1 512
1 512
2 512
0 47
1 512
2 512
3 512
0 342
1 512
1 512
1 512
1 512
0 264
0 461
0 215
1 512
1 512
0 178
0 177
4 512
2 512
4 512
0 140
1 512
1 512
1 512
1 512
0 108
0 156
2 512
3 512
0 392
0 204
1 512
0 77
1 512
0 114
1 512
1 512
0 337
2 512
0 36
1 512
2 512
2 512
1 512
1 512
2 512
0 51
0 70
1 512
0 481
0 117
0 251
1 512
1 512
0 288
2 512
1 512
1 512
0 25
1 512
1 512
1 512
1 512
1 512
0 48
0 125
0 196
1 512
1 512
1 512
1 512
0 385
0 478
0 190
0 340
1 512
0 173
2 512
2 512
1 512
2 512
1 512
0 64
0 396
0 293
1 512
1 512
2 512
0 108
0 152
1 512
1 512
1 512
0 215
1 512
1 512
0 56
0 176
2 512
0 205
1 512
1 512
0 383
0 176
0 130
0 110
0 167
1 512
0 252
0 223
0 117
2 512
0 136
0 488
0 206
1 512
0 82
1 512
2 512
1 512
1 512
1 512
1 512
2 512
0 58
3 512
0 392
2 512
1 512
1 512
1 512
1 512
1 512
1 512
1 512
1 512
0 71
2 512
0 125
1 512
0 145
3 512
0 220
1 512
1 512
0 277
2 512
2 512
0 173
3 512
1 512
0 211
3 512
2 512
2 512
1 512
1 512
0 137
0 269
1 512
3 512
0 79
2 512
0 42
1 512
0 382
1 512
0 168
1 512
1 512
1 512
0 142
1 512
1 512
1 512
0 331
1 512
0 56
2 512
2 512
1 512
0 200
1 512
1 512
0 444
0 311
1 512
1 512
0 266
1 512
0 58
0 89
1 512
1 512
1 512
0 91
0 35
1 512
2 512
0 242
0 358
0 250
0 406
1 512
2 512
0 272
2 512
0 404
0 301
0 301
1 512
2 512
1 512
0 255
3 512
0 241
0 102
0 388
0 144
0 144
0 53
2 512
3 512
0 204
0 111
3 512
0 289
1 512
0 468
1 512
1 512
2 512
0 110
4 512
0 101
2 512
1 512
1 512
0 118
0 145
1 512
0 219
0 91
0 14
0 203
1 512
0 248
0 264
0 502
1 512
0 276
0 143
0 301
1 512
2 512
1 512
0 188
0 172
2 512
0 90
0 494
1 512
0 188
0 333
2 512
2 512
1 512
1 512
3 512
0 203
1 512
1 512
1 512
2 512
1 512
0 314
1 512
0 409
1 512
0 256
2 512
1 512
2 512
0 349
3 512
2 512
0 189
1 512
0 54
0 365
0 241
0 109
1 512
0 14
0 81
1 512
1 512
3 512
0 122
2 512
1 512
1 512
0 117
2 512
0 18
0 471
1 512
0 92
1 512
1 512
0 129
0 63
0 44
0 151
0 89
0 85
0 51
2 512
0 220
2 512
1 512
0 146
0 46
0 144
0 226
0 220
0 139
1 512
2 512
1 512
1 512
0 224
1 512
0 198
0 111
2 512
1 512
3 512
2 512
1 512
0 245
0 503
0 234
0 127
1 512
0 46
0 88
1 512
2 512
0 124
1 512
0 271
0 135
1 512
1 512
2 512
2 512
0 97
2 512
0 190
1 512
3 512
1 512
1 512
0 68
0 83
2 512
2 512
1 512
0 76
0 272
0 325
4 512
1 512
0 448
3 512
1 512
0 219
0 230
1 512
1 512
1 512
1 512
0 277
1 512
1 512
1 512
1 512
1 512
0 400
0 237
1 512
1 512
1 512
0 169
0 131
2 512
0 423
1 512
0 123
2 512
0 155
0 145
1 512
1 512
1 512
0 129
0 28
1 512
0 113
1 512
1 512
0 50
0 472
0 478
0 119
0 122
0 137
2 512
0 224
1 512
1 512
0 135
1 512
1 512
1 512
1 512
0 87
0 85
0 333
2 512
0 152
0 108
2 512
1 512
2 512
2 512
1 512
0 109
2 512
1 512
0 191
1 512
3 512
1 512
0 448
2 512
0 84
0 337
1 512
3 512
0 95
0 34
2 512
2 512
0 334
2 512
0 183
2 512
0 511
2 512
0 417
1 512
1 512
1 512
1 512
1 512
0 125
3 512
1 512
0 94
0 102
0 268
2 512
1 512
2 512
3 512
1 512
0 257
4 512
2 512
2 512
0 470
1 512
0 204
1 512
0 120
2 512
1 512
1 512
0 75
0 475
0 40
0 43
2 512
1 512
2 512
0 52
1 512
1 512
0 178
1 512
0 182
1 512
1 512
0 68
2 512
1 512
1 512
0 219
3 512
1 512
0 90
0 295
0 133
0 72
0 38
1 512
2 512
0 109
0 182
1 512
0 97
1 512
0 349
2 512
0 193
0 377
0 218
0 297
1 512
3 512
0 68
2 512
1 512
3 512
1 512
0 139
0 196
0 167
3 512
0 271
1 512
2 512
0 498
1 512
1 512
1 512
1 512
1 512
0 304
2 512
0 52
0 267
2 512
0 107
0 124
2 512
0 184
0 255
1 512
0 49
0 158
0 81
2 512
0 303
1 512
1 512
0 133
0 129
3 512
2 512
1 512
0 270
1 512
0 58
1 512
1 512
0 38
2 512
0 236
0 54
0 204
2 512
0 84
1 512
1 512
0 227
0 327
1 512
0 191
0 125
2 512
0 430
3 512
1 512
1 512
0 35
0 164
0 432
0 401
3 512
0 230
0 485
0 180
1 512
1 512
0 265
0 114
1 512
1 512
0 311
0 437
0 239
2 512
2 512
1 512
1 512
0 26
2 512
0 344
0 110
1 512
0 170
2 512
1 512
0 496
1 512
1 512
0 190
0 468
1 512
0 232
0 242
3 512
2 512
1 512
0 322
2 512
0 177
3 512
0 54
2 512
1 512
1 512
0 103
1 512
2 512
0 132
0 292
0 131
2 512
1 512
2 512
1 512
4 512
1 512
1 512
1 512
0 161
0 108
2 512
0 302
0 105
0 277
0 113
0 247
0 146
1 512
2 512
0 396
2 512
1 512
0 233
1 512
3 512
0 269
1 512
1 512
1 512
0 305
1 512
0 249
0 54
1 512
3 512
0 103
0 291
0 442
0 106
0 106
0 217
0 157
0 210
0 350
1 512
0 373
0 359
0 62
0 119
0 213
0 32
0 199
0 196
0 382
2 512
0 98
1 512
1 512
2 512
1 512
1 512
0 128
0 400
1 512
1 512
3 512
0 177
1 512
0 388
1 512
0 327
1 512
1 512
2 512
0 470
1 512
1 512
3 512
1 512
0 111
0 275
0 64
0 76
2 512
0 190
0 72
3 512
0 332
5 512
0 79
1 512
1 512
1 512
0 49
1 512
1 512
1 512
1 512
0 60
0 55
0 150
1 512
1 512
0 85
0 216
0 443
2 512
4 512
3 512
1 512
0 240
2 512
2 512
1 512
0 83
0 408
2 512
1 512
0 308
1 512
3 512
0 74
2 512
3 512
0 201
2 512
0 227
0 157
0 51
1 512
2 512
1 512
1 512
0 151
0 68
0 41
2 512
0 188
0 354
1 512
1 512
1 512
2 512
2 512
1 512
1 512
0 224
0 157
0 80
1 512
0 77
0 307
2 512
2 512
1 512
0 263
2 512
1 512
3 512
1 512
0 143
0 281
0 28
1 512
1 512
1 512
0 106
2 512
0 333
3 512
1 512
0 376
0 254
0 113
2 512
0 102
1 512
1 512
0 146
0 142
2 512
2 512
1 512
2 512
1 512
2 512
0 245
0 233
3 512
3 512
4 512
1 512
0 186
1 512
0 156
1 512
0 171
2 512
2 512
2 512
1 512
1 512
1 512
1 512
1 512
1 512
1 512
3 512
2 512
1 512
0 73
0 114
0 97
2 512
2 512
0 426
2 512
0 448
0 87
2 512
0 102
1 512
1 512
1 512
1 512
0 442
0 117
1 512
1 512
2 512
1 512
1 512
1 512
1 512
1 512
0 238
3 512
0 345
1 512
0 340
1 512
0 33
0 412
2 512
1 512
1 512
1 512
0 351
3 512
0 64
1 512
2 512
2 512
2 512
0 467
2 512
2 512
0 119
1 512
0 87
1 512
1 512
1 512
0 468
0 137
0 127
0 67
1 512
1 512
0 131
1 512
1 512
0 141
1 512
2 512
0 206
0 200
1 512
1 512
1 512
2 512
0 276
1 512
0 305
2 512
0 395
0 309
2 512
1 512
1 512
0 96
0 160
0 122
1 512
1 512
0 55
1 512
1 512
0 100
0 72
3 512
1 512
2 512
0 324
0 381
2 512
2 512
1 512
2 512
0 130
0 233
1 512
1 512
0 438
4 512
2 512
0 291
0 149
0 135
1 512
3 512
0 74
1 512
0 126
1 512
0 227
1 512
1 512
3 512
0 29
0 69
1 512
1 512
3 512
0 134
0 368
1 512
1 512
3 512
0 296
0 281
0 223
1 512
0 385
0 73
0 90
0 188
0 217
0 344
1 512
1 512
1 512
0 390
2 512
2 512
1 512
0 495
2 512
1 512
0 91
0 98
0 213
1 512
0 215
2 512
0 82
1 512
2 512
3 512
0 111
3 512
2 512
3 512
1 512
2 512
2 512
1 512
0 62
1 512
0 405
0 45
0 206
0 181
2 512
0 174
1 512
2 512
1 512
1 512
0 150
2 512
1 512
2 512
0 73
0 132
1 512
1 512
0 285
1 512
0 299
1 512
0 261
1 512
1 512
1 512
2 512
2 512
0 188
1 512
0 237
1 512
2 512
0 113
1 512
0 196
2 512
0 129
0 94
0 132
1 512
2 512
1 512
2 512
0 78
0 432
0 208
2 512
1 512
1 512
3 512
0 135
1 512
0 104
0 365
2 512
4 512
0 371
1 512
0 112
0 80
1 512
1 512
0 442
0 254
0 115
1 512
0 62
1 512
0 70
1 512
1 512
0 180
2 512
0 17
0 167
2 512
0 156
2 512
1 512
0 297
1 512
0 167
0 412
2 512
0 118
1 512
0 78
3 512
0 51
0 453
0 94
2 512
1 512
1 512
0 105
0 404
0 94
0 271
2 512
0 506
0 117
1 512
0 392
3 512
1 512
0 61
2 512
1 512
1 512
0 405
1 512
1 512
1 512
0 434
3 512
0 292
1 512
2 512
0 101
0 57
0 154
1 512
1 512
1 512
2 512
1 512
0 92
0 361
1 512
1 512
2 512
1 512
1 512
0 206
0 102
2 512
2 512
2 512
0 166
3 512
1 512
1 512
0 31
1 512
1 512
1 512
1 512
2 512
1 512
1 512
1 512
2 512
0 129
0 389
0 155
0 90
0 170
3 512
1 512
2 512
1 512
0 76
0 313
3 512
0 258
0 235
0 240
0 50
0 252
3 512
0 113
0 111
1 512
0 72
1 512
1 512
2 512
0 92
0 66
1 512
2 512
1 512
1 512
2 512
0 31
0 152
0 77
1 512
0 95
0 353
0 191
0 94
1 512
0 65
1 512
1 512
1 512
0 342
2 512
1 512
0 63
3 512
0 74
0 327
0 245
1 512
1 512
1 512
0 378
1 512
1 512
2 512
1 512
0 181
0 207
0 351
2 512
1 512
0 182
0 430
1 512
2 512
1 512
0 61
0 245
1 512
2 512
1 512
0 251
0 237
0 159
0 140
0 92
1 512
0 235
0 136
1 512
2 512
2 512
2 512
1 512
2 512
1 512
1 512
0 79
0 362
2 512
1 512
0 99
1 512
0 74
0 444
0 235
0 345
2 512
2 512
1 512
2 512
2 512
1 512
0 377
2 512
2 512
0 404
1 512
0 286
1 512
1 512
2 512
1 512
2 512
0 142
1 512
0 95
0 450
1 512
2 512
1 512
1 512
1 512
0 170
0 131
0 107
0 344
0 106
0 422
1 512
1 512
0 392
0 242
0 185
1 512
0 440
0 133
1 512
1 512
0 83
0 173
2 512
0 118
0 446
0 314
0 74
1 512
3 512
0 98
1 512
1 512
0 34
2 512
0 179
0 105
0 196
1 512
1 512
1 512
1 512
1 512
1 512
2 512
0 382
1 512
0 501
0 119
2 512
0 472
2 512
0 122
1 512
0 148
3 512
0 189
0 59
0 106
1 512
0 60
1 512
1 512
1 512
1 512
0 290
2 512
1 512
0 111
1 512
0 108
0 160
0 363
0 313
1 512
0 49
1 512
1 512
0 246
1 512
0 325
0 235
2 512
1 512
1 512
1 512
1 512
0 107
2 512
2 512
1 512
0 48
1 512
1 512
2 512
0 59
0 88
2 512
0 111
0 461
0 114
1 512
0 90
2 512
1 512
0 398
0 491
2 512
2 512
2 512
0 320
1 512
0 158
0 457
1 512
1 512
0 187
0 287
0 36
2 512
1 512
1 512
0 178
0 149
0 144
2 512
0 242
0 57
1 512
1 512
1 512
0 39
0 486
2 512
0 184
3 512
4 512
1 512
0 103
0 271
1 512
0 476
0 208
0 65
0 64
0 404
1 512
0 109
1 512
0 433
1 512
4 512
1 512
1 512
0 167
0 253
2 512
0 164
2 512
2 512
2 512
1 512
0 390
0 176
0 460
0 149
1 512
0 260
1 512
1 512
0 45
0 73
1 512
2 512
0 328
0 110
0 444
2 512
1 512
1 512
2 512
2 512
0 96
0 219
2 512
0 190
0 198
1 512
0 111
3 512
0 365
1 512
2 512
1 512
1 512
3 512
1 512
4 512
1 512
1 512
1 512
2 512
0 229
0 84
0 61
0 114
1 512
0 470
2 512
1 512
0 295
1 512
0 133
0 336
0 132
0 131
2 512
4 512
0 85
0 102
1 512
0 160
1 512
0 110
0 313
0 101
1 512
1 512
0 136
1 512
1 512
0 107
3 512
0 48
0 92
2 512
2 512
4 512
0 58
0 196
0 107
0 350
1 512
3 512
1 512
0 65
0 50
0 41
2 512
0 89
1 512
1 512
1 512
1 512
0 487
1 512
1 512
0 59
1 512
1 512
0 121
0 212
0 292
0 43
0 115
1 512
0 331
0 494
0 59
2 512
1 512
2 512
1 512
0 372
0 147
0 273
0 193
0 116
1 512
0 105
1 512
1 512
0 113
0 109
1 512
2 512
0 54
1 512
1 512
2 512
2 512
1 512
2 512
2 512
1 512
1 512
1 512
2 512
2 512
0 225
0 133
0 131
1 512
1 512
3 512
1 512
0 27
0 77
1 512
0 248
0 186
1 512
1 512
0 366
2 512
0 161
3 512
1 512
2 512
0 341
3 512
0 71
1 512
0 220
2 512
1 512
2 512
1 512
1 512
0 149
0 168
1 512
0 223
0 61
0 165
0 57
0 194
0 329
0 424
1 512
0 155
0 375
1 512
1 512
0 450
0 266
0 84
1 512
1 512
1 512
0 123
0 185
1 512
2 512
0 90
1 512
0 138
1 512
0 389
0 423
2 512
1 512
1 512
1 512
1 512
3 512
3 512
0 125
0 110
5 512
1 512
2 512
0 43
0 80
3 512
1 512
1 512
0 138
0 142
0 129
0 93
1 512
1 512
0 105
0 106
0 143
0 489
2 512
0 178
2 512
0 509
3 512
0 339
2 512
1 512
0 171
1 512
0 15
0 432
0 142
0 121
1 512
0 118
1 512
0 154
0 283
0 307
1 512
0 157
0 59
1 512
1 512
0 124
1 512
0 196
2 512
1 512
1 512
4 512
0 91
2 512
0 44
0 53
0 290
0 84
0 365
0 268
1 512
0 156
1 512
1 512
1 512
1 512
2 512
1 512
2 512
1 512
2 512
1 512
0 42
1 512
0 68
0 96
0 321
0 96
4 512
1 512
0 67
0 158
1 512
2 512
0 286
0 383
0 338
0 386
1 512
1 512
0 10
0 122
0 181
1 512
0 79
2 512
0 297
1 512
1 512
0 301
1 512
1 512
0 155
2 512
1 512
0 78
1 512
1 512
0 69
2 512
1 512
0 500
1 512
0 261
1 512
0 254
0 141
0 69
4 512
0 302
0 110
3 512
0 416
2 512
1 512
1 512
1 512
1 512
1 512
0 44
0 175
0 93
0 306
2 512
1 512
1 512
1 512
0 84
0 312
0 81
0 204
0 164
0 58
0 120
1 512
1 512
0 99
0 172
1 512
1 512
3 512
2 512
1 512
0 76
0 62
1 512
0 445
0 95
0 123
2 512
0 376
1 512
0 354
2 512
2 512
1 512
1 512
0 66
0 101
1 512
2 512
2 512
1 512
1 512
2 512
4 512
0 401
2 512
0 101
0 160
2 512
0 484
1 512
0 342
1 512
1 512
3 512
1 512
0 68
0 163
1 512
1 512
1 512
1 512
1 512
1 512
0 38
0 27
0 32
1 512
0 342
3 512
0 51
0 185
1 512
0 415
0 331
1 512
0 374
3 512
3 512
1 512
2 512
1 512
0 115
0 355
0 172
1 512
1 512
1 512
0 110
1 512
0 81
0 206
1 512
4 512
1 512
1 512
0 418
0 287
1 512
0 222
1 512
0 187
1 512
1 512
0 152
1 512
1 512
0 111
1 512
0 314
2 512
0 207
2 512
1 512
0 82
0 164
1 512
2 512
0 275
2 512
1 512
0 459
0 94
1 512
1 512
1 512
1 512
0 440
1 512
1 512
1 512
2 512
5 512
1 512
0 87
0 66
0 50
0 99
3 512
0 60
0 114
1 512
0 439
1 512
0 116
1 512
1 512
0 503
1 512
0 145
0 422
0 263
1 512
1 512
0 153
1 512
2 512
2 512
0 24
0 140
0 125
1 512
0 64
1 512
0 279
1 512
0 184
0 236
1 512
0 97
0 144
1 512
0 391
1 512
0 71
2 512
1 512
2 512
1 512
0 197
0 88
1 512
1 512
1 512
0 150
0 421
0 415
0 495
1 512
1 512
0 412
1 512
0 79
0 108
3 512
2 512
1 512
1 512
2 512
0 47
0 162
0 62
0 231
0 93
0 25
1 512
0 436
3 512
1 512
0 207
0 255
2 512
1 512
0 162
1 512
1 512
2 512
0 115
1 512
0 87
2 512
1 512
0 70
1 512
2 512
0 54
0 231
1 512
2 512
2 512
1 512
2 512
1 512
2 512
0 210
1 512
1 512
2 512
1 512
0 61
2 512
0 274
3 512
0 149
0 121
0 358
0 118
0 134
1 512
1 512
0 148
2 512
1 512
1 512
0 105
0 73
1 512
1 512
2 512
2 512
0 308
1 512
1 512
0 105
1 512
0 132
0 155
0 379
0 289
0 240
5 512
0 67
0 64
0 143
1 512
1 512
0 372
3 512
3 512
0 217
0 146
0 392
0 283
1 512
2 512
2 512
0 70
1 512
0 53
1 512
0 220
1 512
0 91
2 512
0 295
2 512
0 104
0 236
0 135
2 512
0 85
1 512
0 105
1 512
0 128
0 71
0 366
0 38
0 136
0 19
0 97
0 462
2 512
1 512
3 512
1 512
0 80
0 122
0 116
0 333
1 512
2 512
0 191
0 257
0 148
1 512
0 219
1 512
0 377
0 209
2 512
0 324
3 512
0 89
1 512
0 319
2 512
0 164
3 512
0 105
1 512
0 77
1 512
0 150
0 325
1 512
1 512
2 512
1 512
0 342
2 512
2 512
1 512
0 64
0 88
0 46
0 66
2 512
3 512
0 345
1 512
0 491
3 512
1 512
0 82
0 150
0 113
1 512
0 281
0 95
2 512
1 512
0 508
0 354
1 512
1 512
0 158
2 512
1 512
2 512
1 512
1 512
0 194
0 409
0 93
0 501
2 512
1 512
0 111
2 512
1 512
1 512
3 512
2 512
0 215
1 512
0 141
2 512
1 512
1 512
1 512
1 512
1 512
0 222
1 512
1 512
0 461
1 512
1 512
1 512
0 505
0 132
2 512
3 512
0 135
0 262
0 15
1 512
3 512
0 318
1 512
2 512
1 512
1 512
1 512
2 512
0 129
2 512
0 188
1 512
2 512
0 45
0 178
0 341
2 512
1 512
0 68
0 283
2 512
0 397
1 512
1 512
1 512
0 93
1 512
1 512
0 287
0 319
0 355
2 512
0 429
2 512
0 268
2 512
0 163
3 512
1 512
0 70
2 512
0 110
1 512
1 512
1 512
3 512
1 512
2 512
0 113
1 512
0 243
0 403
0 149
1 512
4 512
1 512
2 512
3 512
0 112
2 512
1 512
0 80
0 156
0 154
1 512
0 198
1 512
0 140
0 193
1 512
3 512
2 512
0 206
1 512
0 262
1 512
0 278
0 249
0 84
2 512
0 43
0 143
1 512
0 194
0 227
0 153
0 442
1 512
2 512
3 512
1 512
0 101
0 79
1 512
1 512
1 512
0 103
0 209
2 512
0 342
1 512
0 164
1 512
0 204
0 89
2 512
1 512
0 431
1 512
0 65
1 512
1 512
1 512
2 512
2 512
1 512
1 512
0 317
2 512
1 512
2 512
0 352
2 512
0 166
1 512
0 478
1 512
1 512
1 512
0 88
0 306
0 336
1 512
1 512
2 512
3 512
1 512
1 512
2 512
2 512
3 512
1 512
0 80
3 512
5 512
1 512
0 117
0 431
0 86
1 512
0 100
0 225
0 485
1 512
0 314
0 265
3 512
0 40
0 209
0 102
0 226
0 183
3 512
0 185
1 512
1 512
2 512
3 512
2 512
0 161
2 512
2 512
2 512
0 253
1 512
1 512
0 186
0 61
1 512
0 167
0 38
1 512
1 512
0 426
1 512
2 512
0 99
1 512
1 512
0 116
3 512
0 160
0 332
0 53
3 512
1 512
1 512
0 214
0 463
0 216
1 512
1 512
1 512
0 86
0 385
1 512
0 272
2 512
2 512
0 503
0 81
0 116
2 512
0 287
0 447
1 512
1 512
2 512
1 512
0 158
1 512
1 512
1 512
2 512
1 512
1 512
0 117
2 512
0 116
0 72
0 295
1 512
0 161
1 512
0 102
0 130
0 393
0 45
0 171
1 512
0 356
3 512
1 512
0 130
1 512
1 512
0 412
0 163
1 512
0 408
0 94
1 512
0 52
0 58
0 173
1 512
1 512
2 512
0 245
1 512
0 86
0 310
0 245
1 512
2 512
2 512
0 498
0 197
1 512
0 307
0 74
1 512
1 512
1 512
0 149
1 512
1 512
0 367
0 420
0 79
0 128
1 512
0 359
0 103
1 512
1 512
0 66
1 512
1 512
2 512
2 512
0 112
1 512
1 512
0 63
1 512
0 383
1 512
1 512
1 512
0 414
1 512
0 195
1 512
0 380
0 269
0 298
0 138
1 512
2 512
2 512
0 407
1 512
0 57
1 512
1 512
1 512
0 160
1 512
1 512
0 302
0 36
2 512
0 140
0 89
3 512
1 512
0 149
1 512
0 104
1 512
1 512
0 136
1 512
1 512
1 512
1 512
1 512
1 512
0 87
0 174
0 132
0 235
2 512
0 35
0 80
1 512
0 54
2 512
0 319
0 191
1 512
2 512
0 98
1 512
2 512
0 77
3 512
0 66
1 512
0 228
2 512
0 82
2 512
0 511
0 217
1 512
2 512
1 512
0 208
1 512
1 512
2 512
1 512
0 120
0 328
2 512
3 512
3 512
0 183
0 428
0 112
1 512
0 152
0 30
0 118
0 68
1 512
0 179
1 512
0 94
1 512
0 65
0 346
0 288
0 229
0 125
0 173
1 512
0 80
1 512
0 96
2 512
1 512
1 512
1 512
1 512
1 512
0 198
1 512
3 512
0 429
0 142
0 158
1 512
0 109
4 512
1 512
1 512
0 225
1 512
1 512
1 512
0 201
1 512
1 512
1 512
0 376
1 512
1 512
1 512
0 131
2 512
1 512
1 512
0 214
0 109
1 512
0 122
0 190
1 512
0 204
1 512
1 512
0 95
2 512
1 512
0 288
0 180
3 512
1 512
0 384
2 512
1 512
2 512
2 512
0 212
1 512
1 512
1 512
0 105
1 512
2 512
0 226
2 512
2 512
1 512
2 512
1 512
0 138
1 512
1 512
2 512
0 114
0 422
1 512
2 512
0 125
0 37
1 512
0 463
2 512
1 512
2 512
0 159
0 160
1 512
0 60
0 382
2 512
0 107
1 512
0 143
0 179
0 113
0 167
0 153
1 512
1 512
0 139
3 512
0 242
0 47
0 305
0 398
1 512
1 512
0 366
0 88
0 231
0 122
0 62
1 512
3 512
0 138
1 512
1 512
0 102
0 179
4 512
1 512
0 235
1 512
1 512
0 96
0 325
1 512
0 196
1 512
1 512
0 304
1 512
2 512
0 85
0 235
1 512
1 512
0 68
0 154
0 190
0 139
1 512
0 136
1 512
0 463
0 150
1 512
0 278
0 134
3 512
1 512
0 324
1 512
0 64
1 512
2 512
0 87
1 512
0 204
1 512
0 57
2 512
2 512
1 512
1 512
2 512
0 210
0 51
