# SA for random K-SAT
# K = 3   N = 256   M = 1008   seed = 1786375046
# alpha = 3.937500   nIter = 256  Tmax = 0.200000
# 1:lowestUnsat  2:runTime
1 256
1 256
1 256
0 185
0 53
0 24
1 256
0 136
0 114
1 256
2 256
1 256
0 87
0 210
1 256
0 42
1 256
0 177
1 256
3 256
0 181
1 256
1 256
0 33
1 256
0 29
1 256
3 256
1 256
0 10
1 256
0 84
0 68
0 19
1 256
1 256
1 256
0 136
1 256
0 49
2 256
1 256
0 44
0 42
0 40
1 256
0 165
2 256
2 256
0 53
0 44
0 175
1 256
0 127
1 256
1 256
0 58
1 256
0 59
0 172
1 256
0 49
0 49
3 256
0 38
2 256
1 256
2 256
0 61
0 65
1 256
1 256
1 256
1 256
2 256
1 256
1 256
1 256
1 256
1 256
1 256
3 256
0 14
0 24
0 58
0 202
0 54
0 119
1 256
0 68
3 256
0 177
1 256
1 256
1 256
0 155
0 131
2 256
1 256
1 256
1 256
0 27
0 83
1 256
1 256
0 234
1 256
1 256
1 256
0 143
0 43
1 256
0 63
1 256
1 256
2 256
0 27
2 256
1 256
0 43
2 256
3 256
0 22
4 256
0 53
1 256
2 256
0 97
0 53
2 256
2 256
0 30
0 9
0 83
0 52
0 14
0 72
2 256
0 94
0 47
2 256
1 256
0 15
2 256
0 41
1 256
2 256
1 256
2 256
1 256
1 256
1 256
2 256
1 256
0 58
2 256
2 256
1 256
0 221
0 86
1 256
0 84
1 256
3 256
1 256
2 256
0 49
1 256
1 256
3 256
0 92
1 256
1 256
1 256
3 256
0 69
1 256
3 256
1 256
0 239
1 256
0 93
1 256
2 256
0 36
1 256
0 143
0 11
1 256
1 256
2 256
0 13
0 119
1 256
0 8
1 256
0 50
1 256
2 256
0 54
3 256
0 71
1 256
0 201
0 48
2 256
2 256
3 256
1 256
1 256
0 120
1 256
0 47
0 22
0 93
1 256
1 256
0 62
1 256
0 68
1 256
1 256
0 101
0 76
1 256
1 256
1 256
0 179
1 256
2 256
3 256
2 256
0 16
1 256
3 256
0 162
1 256
1 256
6 256
3 256
2 256
1 256
1 256
0 31
2 256
1 256
0 34
1 256
0 83
0 32
0 193
0 20
1 256
2 256
0 71
1 256
1 256
1 256
1 256
1 256
1 256
0 61
1 256
1 256
0 91
1 256
1 256
2 256
1 256
0 147
0 97
1 256
0 146
3 256
3 256
0 44
0 82
0 197
0 137
3 256
0 35
2 256
0 17
1 256
1 256
0 120
1 256
2 256
0 59
0 36
0 112
1 256
0 47
0 26
0 53
1 256
0 45
2 256
2 256
0 49
0 29
0 49
1 256
4 256
1 256
1 256
1 256
1 256
1 256
1 256
1 256
0 151
0 27
1 256
1 256
2 256
1 256
2 256
0 226
2 256
2 256
3 256
2 256
3 256
1 256
1 256
0 52
3 256
0 27
1 256
1 256
0 175
0 22
0 112
0 203
2 256
1 256
2 256
0 58
0 44
3 256
0 53
1 256
0 39
0 51
0 56
0 86
1 256
0 131
0 13
0 30
1 256
0 90
2 256
0 34
0 52
1 256
1 256
1 256
1 256
2 256
1 256
0 56
1 256
0 7
0 15
1 256
1 256
1 256
0 50
1 256
0 108
1 256
0 41
2 256
1 256
0 20
0 29
2 256
2 256
2 256
0 25
1 256
0 22
3 256
0 67
2 256
0 238
1 256
2 256
0 76
0 133
1 256
3 256
1 256
2 256
0 215
2 256
1 256
1 256
3 256
1 256
0 56
0 183
1 256
0 140
2 256
0 237
0 25
2 256
0 58
1 256
1 256
0 12
0 13
0 24
1 256
0 109
0 220
2 256
1 256
0 167
0 235
1 256
1 256
0 37
2 256
1 256
0 105
1 256
1 256
0 63
2 256
0 174
0 12
1 256
0 56
1 256
0 67
1 256
1 256
0 232
0 209
1 256
1 256
3 256
1 256
0 165
0 227
0 33
1 256
1 256
0 163
3 256
0 100
0 231
0 146
0 142
2 256
0 25
1 256
2 256
0 151
0 39
3 256
0 73
1 256
1 256
1 256
0 69
1 256
1 256
0 50
1 256
1 256
0 197
2 256
1 256
0 160
1 256
0 196
1 256
0 75
4 256
1 256
1 256
0 27
2 256
0 47
0 52
0 223
4 256
1 256
0 229
0 60
1 256
0 144
1 256
1 256
3 256
2 256
1 256
1 256
0 39
3 256
1 256
0 185
2 256
1 256
0 32
0 101
2 256
0 49
0 15
1 256
1 256
0 88
1 256
1 256
1 256
0 37
1 256
0 18
3 256
1 256
1 256
3 256
1 256
1 256
1 256
0 45
0 33
1 256
0 71
1 256
0 148
2 256
0 64
0 72
0 33
0 107
1 256
0 106
1 256
1 256
1 256
0 95
0 71
2 256
0 76
1 256
1 256
2 256
2 256
0 41
3 256
1 256
0 204
1 256
1 256
3 256
0 35
2 256
1 256
2 256
0 25
1 256
0 41
1 256
0 41
1 256
1 256
2 256
1 256
1 256
1 256
1 256
1 256
1 256
0 111
0 24
0 236
2 256
0 36
3 256
0 127
0 195
0 125
0 21
0 45
0 232
1 256
1 256
1 256
0 157
0 42
0 67
0 189
2 256
1 256
0 176
2 256
1 256
1 256
3 256
1 256
2 256
0 180
0 29
0 90
1 256
0 71
3 256
0 78
1 256
0 82
0 235
1 256
0 196
0 25
3 256
2 256
1 256
0 27
1 256
0 56
1 256
1 256
1 256
0 118
0 27
2 256
0 226
0 84
2 256
0 10
3 256
1 256
0 192
0 93
2 256
1 256
2 256
0 75
1 256
0 37
1 256
1 256
1 256
1 256
1 256
1 256
3 256
0 31
1 256
0 84
1 256
1 256
0 8
0 180
1 256
1 256
1 256
1 256
0 28
1 256
0 29
0 34
0 64
1 256
1 256
2 256
0 33
0 17
0 21
1 256
0 20
1 256
1 256
0 75
1 256
0 201
3 256
1 256
3 256
1 256
1 256
0 62
1 256
1 256
0 37
1 256
0 45
1 256
0 149
0 108
0 103
0 203
0 104
0 69
1 256
1 256
0 51
0 84
3 256
0 129
1 256
0 12
0 22
1 256
0 41
1 256
2 256
0 17
0 66
1 256
0 157
2 256
1 256
1 256
0 13
1 256
0 64
1 256
0 175
0 154
1 256
0 20
0 66
0 24
0 8
0 102
0 112
1 256
2 256
1 256
2 256
0 225
2 256
2 256
1 256
0 13
0 249
0 123
1 256
0 32
3 256
1 256
0 23
0 145
1 256
1 256
1 256
1 256
2 256
0 112
1 256
1 256
0 136
0 34
0 204
2 256
0 12
1 256
0 56
1 256
2 256
1 256
1 256
1 256
0 20
1 256
1 256
0 69
0 238
1 256
2 256
0 122
1 256
1 256
2 256
1 256
0 36
1 256
1 256
0 194
0 60
1 256
0 89
1 256
1 256
1 256
2 256
1 256
1 256
1 256
2 256
1 256
0 68
2 256
0 70
0 183
0 113
2 256
0 79
1 256
1 256
1 256
1 256
0 159
0 61
2 256
0 76
1 256
0 155
0 89
0 146
2 256
2 256
1 256
1 256
0 149
0 31
1 256
1 256
0 13
1 256
0 48
0 33
0 40
2 256
2 256
1 256
0 65
2 256
0 160
0 45
0 208
1 256
1 256
0 57
0 19
0 58
0 15
0 115
1 256
0 34
2 256
1 256
0 22
2 256
0 68
1 256
0 119
3 256
3 256
1 256
1 256
0 145
0 82
2 256
1 256
0 22
2 256
0 237
0 51
1 256
1 256
0 55
0 20
0 51
0 29
1 256
2 256
1 256
1 256
2 256
3 256
0 32
1 256
1 256
0 59
1 256
1 256
2 256
1 256
2 256
0 44
0 212
1 256
1 256
0 12
0 191
0 83
1 256
2 256
0 159
1 256
1 256
1 256
1 256
1 256
0 25
1 256
2 256
1 256
1 256
1 256
0 136
0 27
2 256
3 256
0 73
0 27
3 256
2 256
0 235
0 141
0 34
0 110
1 256
1 256
1 256
0 90
1 256
0 31
0 38
1 256
1 256
0 247
2 256
0 115
0 63
0 79
1 256
0 18
1 256
1 256
0 20
2 256
1 256
0 175
1 256
1 256
2 256
1 256
1 256
1 256
1 256
2 256
0 165
1 256
2 256
0 23
0 139
1 256
1 256
0 41
0 84
1 256
1 256
1 256
1 256
3 256
2 256
1 256
2 256
1 256
0 48
2 256
1 256
1 256
0 141
1 256
0 79
1 256
2 256
1 256
1 256
0 49
1 256
2 256
0 97
0 58
1 256
0 110
1 256
0 109
2 256
0 52
1 256
0 23
1 256
1 256
2 256
0 66
1 256
1 256
0 92
3 256
0 64
1 256
1 256
1 256
1 256
0 151
0 26
0 28
0 100
3 256
3 256
1 256
2 256
2 256
2 256
1 256
2 256
0 10
1 256
1 256
1 256
0 38
0 126
0 77
0 69
0 47
1 256
0 129
1 256
1 256
0 46
1 256
0 102
1 256
0 29
0 118
1 256
1 256
0 92
2 256
2 256
1 256
1 256
1 256
0 118
2 256
2 256
1 256
1 256
0 14
2 256
0 10
1 256
0 149
1 256
1 256
0 34
0 130
0 80
0 50
0 23
1 256
0 180
2 256
3 256
0 85
0 128
2 256
0 64
1 256
2 256
1 256
0 82
0 165
0 15
0 47
0 56
0 69
1 256
0 193
1 256
0 29
2 256
4 256
0 67
0 151
1 256
2 256
1 256
1 256
0 44
1 256
3 256
2 256
1 256
1 256
0 70
2 256
2 256
0 26
2 256
1 256
2 256
0 112
0 10
1 256
0 23
1 256
0 71
0 33
0 32
1 256
0 39
0 51
1 256
1 256
1 256
1 256
0 43
0 235
3 256
0 84
1 256
0 15
0 88
0 49
1 256
1 256
0 25
3 256
1 256
0 93
0 124
0 49
0 195
2 256
0 36
0 252
0 31
2 256
0 60
0 47
2 256
1 256
0 166
1 256
2 256
2 256
2 256
2 256
1 256
1 256
0 38
0 169
2 256
2 256
0 23
0 17
1 256
0 75
0 54
2 256
0 89
1 256
1 256
0 84
0 55
0 18
1 256
2 256
1 256
0 71
2 256
0 64
0 75
0 117
0 118
2 256
0 50
2 256
1 256
1 256
1 256
0 183
0 107
2 256
1 256
3 256
1 256
0 127
0 229
0 19
1 256
1 256
0 101
0 42
1 256
0 62
1 256
1 256
1 256
2 256
0 103
1 256
2 256
0 111
0 179
0 22
2 256
0 64
1 256
0 128
1 256
0 102
0 43
1 256
2 256
1 256
1 256
2 256
0 148
0 9
0 62
0 116
0 157
1 256
1 256
1 256
0 18
1 256
1 256
0 23
1 256
2 256
0 71
1 256
3 256
1 256
0 56
1 256
1 256
2 256
1 256
0 54
0 228
3 256
0 105
2 256
2 256
2 256
1 256
3 256
0 208
1 256
1 256
2 256
2 256
1 256
0 76
2 256
1 256
0 26
1 256
0 165
0 17
3 256
1 256
1 256
0 35
2 256
1 256
0 12
1 256
1 256
2 256
1 256
2 256
0 224
3 256
0 72
0 50
0 26
1 256
0 175
1 256
2 256
0 121
2 256
1 256
1 256
1 256
1 256
1 256
0 30
2 256
0 67
1 256
0 81
1 256
0 40
2 256
3 256
0 72
1 256
1 256
0 15
1 256
0 92
1 256
0 52
1 256
0 53
1 256
1 256
1 256
0 72
1 256
0 20
0 31
1 256
1 256
1 256
0 14
1 256
1 256
0 11
2 256
0 54
1 256
1 256
2 256
1 256
1 256
0 75
2 256
1 256
2 256
0 151
0 79
1 256
0 78
2 256
1 256
0 93
0 43
0 43
1 256
2 256
1 256
1 256
1 256
1 256
2 256
1 256
0 50
1 256
0 39
0 31
2 256
0 59
0 6
2 256
2 256
0 25
2 256
0 194
1 256
2 256
0 22
0 114
2 256
0 145
2 256
0 135
0 197
0 38
1 256
1 256
1 256
1 256
0 201
1 256
0 154
0 14
1 256
0 16
1 256
3 256
2 256
1 256
1 256
0 125
1 256
0 49
1 256
0 147
0 21
0 53
0 76
0 43
0 112
2 256
1 256
1 256
0 30
1 256
1 256
1 256
1 256
1 256
2 256
0 76
0 39
1 256
0 170
0 39
0 72
0 85
0 12
0 118
1 256
1 256
1 256
2 256
1 256
1 256
1 256
1 256
0 96
3 256
0 189
0 65
1 256
1 256
0 94
0 75
2 256
0 75
2 256
0 148
0 189
1 256
0 37
0 75
1 256
0 82
1 256
0 73
0 113
0 85
0 168
0 83
0 116
1 256
1 256
1 256
0 243
1 256
0 167
0 25
2 256
2 256
0 46
1 256
0 29
1 256
1 256
0 195
0 200
2 256
3 256
1 256
1 256
1 256
0 38
0 155
1 256
2 256
0 74
2 256
0 92
0 10
0 97
2 256
1 256
0 49
0 76
0 254
0 47
1 256
1 256
0 85
0 21
0 49
1 256
0 114
1 256
3 256
0 138
1 256
1 256
0 105
1 256
1 256
1 256
0 33
0 49
0 117
2 256
1 256
2 256
0 40
1 256
1 256
0 19
2 256
1 256
0 63
0 15
0 60
0 35
1 256
1 256
0 112
0 75
1 256
1 256
0 56
1 256
2 256
1 256
1 256
0 158
0 97
3 256
0 55
1 256
3 256
0 18
1 256
0 35
0 43
2 256
0 18
3 256
1 256
2 256
1 256
0 155
0 79
1 256
0 26
1 256
3 256
1 256
1 256
0 7
0 37
2 256
2 256
2 256
2 256
1 256
0 79
0 238
3 256
0 69
1 256
1 256
0 136
0 82
0 122
0 20
0 88
1 256
0 52
0 29
0 93
0 111
0 49
0 104
1 256
0 63
0 48
2 256
1 256
0 38
4 256
0 26
0 41
1 256
0 120
1 256
1 256
0 17
0 128
0 23
1 256
0 17
1 256
0 64
0 38
1 256
1 256
1 256
1 256
1 256
0 68
2 256
0 184
0 117
1 256
1 256
0 34
1 256
1 256
2 256
0 17
4 256
1 256
0 16
2 256
0 87
1 256
1 256
1 256
0 47
0 195
1 256
0 117
1 256
1 256
1 256
0 18
2 256
3 256
0 126
0 33
0 224
1 256
3 256
1 256
0 78
2 256
0 154
1 256
0 95
2 256
3 256
0 188
0 79
1 256
0 25
3 256
0 61
1 256
0 132
2 256
2 256
0 46
1 256
1 256
2 256
0 18
0 243
1 256
1 256
0 172
1 256
0 146
1 256
0 40
2 256
0 143
0 19
0 77
1 256
2 256
2 256
0 20
0 59
1 256
1 256
1 256
1 256
1 256
1 256
1 256
1 256
0 218
1 256
1 256
0 49
0 26
2 256
1 256
1 256
0 82
1 256
0 87
1 256
1 256
1 256
0 15
0 44
0 175
1 256
1 256
2 256
0 17
1 256
0 51
0 56
0 14
1 256
1 256
0 112
1 256
0 39
0 41
1 256
1 256
0 164
0 44
2 256
0 120
0 74
0 245
2 256
0 190
1 256
1 256
1 256
2 256
1 256
0 41
0 73
1 256
1 256
0 30
0 30
0 58
0 24
2 256
0 124
4 256
1 256
1 256
3 256
0 40
1 256
3 256
0 89
0 14
2 256
0 166
0 26
0 110
1 256
0 18
0 78
0 36
0 91
1 256
0 207
0 70
2 256
1 256
0 155
1 256
3 256
1 256
0 50
0 22
2 256
0 29
1 256
1 256
0 31
0 26
0 232
0 75
1 256
0 38
1 256
1 256
2 256
2 256
0 51
1 256
0 30
1 256
1 256
1 256
1 256
0 24
0 79
2 256
0 179
0 88
1 256
0 89
2 256
0 160
2 256
3 256
0 37
0 175
0 40
0 24
1 256
0 106
1 256
2 256
0 154
1 256
0 17
0 55
0 154
0 139
0 22
1 256
1 256
2 256
0 9
0 66
0 35
0 88
3 256
2 256
0 45
1 256
0 80
0 85
1 256
1 256
0 216
2 256
1 256
0 102
0 46
1 256
0 102
1 256
0 34
0 77
2 256
1 256
0 254
0 177
0 166
1 256
2 256
1 256
3 256
0 45
0 186
0 38
0 18
0 19
2 256
1 256
1 256
1 256
0 53
1 256
1 256
1 256
1 256
3 256
0 53
0 171
0 74
1 256
0 57
2 256
1 256
0 22
1 256
2 256
0 9
1 256
0 232
2 256
0 155
0 52
0 99
2 256
1 256
0 48
1 256
2 256
1 256
1 256
0 58
0 66
0 29
2 256
0 81
4 256
2 256
0 239
1 256
1 256
0 22
2 256
0 140
1 256
0 71
0 72
0 40
0 86
0 14
0 213
0 23
0 27
1 256
3 256
0 25
2 256
1 256
2 256
0 56
0 26
0 46
2 256
1 256
0 56
2 256
0 108
1 256
0 19
0 73
0 15
1 256
3 256
0 49
1 256
0 177
1 256
0 40
2 256
0 116
1 256
0 90
1 256
1 256
1 256
1 256
1 256
1 256
0 228
0 68
2 256
2 256
0 70
0 165
1 256
0 49
0 94
1 256
0 39
1 256
2 256
1 256
0 105
2 256
0 116
0 170
2 256
0 76
1 256
2 256
2 256
2 256
0 33
1 256
0 54
1 256
0 43
0 81
0 203
1 256
0 153
1 256
1 256
0 138
0 129
1 256
2 256
0 84
0 62
0 211
0 186
0 85
0 32
1 256
2 256
1 256
3 256
0 39
0 30
0 185
0 86
1 256
0 20
0 201
0 8
1 256
3 256
1 256
2 256
2 256
0 66
0 118
0 57
1 256
5 256
1 256
0 76
1 256
0 126
3 256
0 179
1 256
0 20
0 58
1 256
3 256
1 256
2 256
0 102
0 46
1 256
1 256
1 256
2 256
0 40
0 55
0 86
1 256
0 76
3 256
2 256
0 122
1 256
0 67
2 256
0 110
2 256
0 69
1 256
1 256
0 112
1 256
1 256
0 57
0 31
0 42
0 86
2 256
1 256
2 256
3 256
1 256
0 232
1 256
1 256
1 256
2 256
1 256
0 242
1 256
0 153
3 256
1 256
1 256
2 256
0 35
1 256
2 256
0 100
0 19
1 256
2 256
0 15
0 120
0 209
0 123
1 256
0 136
0 22
2 256
2 256
1 256
2 256
1 256
0 84
0 89
0 91
0 107
0 48
0 53
0 81
0 81
1 256
1 256
0 31
1 256
0 101
1 256
1 256
0 67
1 256
4 256
0 87
0 164
1 256
2 256
0 137
1 256
0 66
0 148
2 256
2 256
1 256
0 159
0 19
0 30
1 256
1 256
2 256
0 73
0 105
1 256
0 140
0 50
1 256
1 256
1 256
1 256
2 256
1 256
2 256
1 256
2 256
2 256
1 256
2 256
1 256
2 256
0 38
1 256
1 256
1 256
0 77
1 256
0 55
0 222
1 256
1 256
0 38
0 52
0 217
0 38
1 256
0 85
0 69
0 26
0 29
0 30
0 15
0 107
1 256
0 12
0 98
2 256
0 58
1 256
0 40
1 256
4 256
0 127
0 43
3 256
0 246
0 88
3 256
0 60
0 47
2 256
1 256
2 256
1 256
0 34
0 9
3 256
3 256
0 10
2 256
0 202
2 256
0 204
0 247
0 135
1 256
0 16
1 256
3 256
1 256
0 32
2 256
2 256
0 75
2 256
0 66
2 256
2 256
0 29
0 53
2 256
0 69
2 256
0 49
1 256
0 33
1 256
1 256
1 256
1 256
1 256
2 256
0 29
1 256
1 256
1 256
2 256
1 256
0 70
1 256
1 256
2 256
1 256
0 132
1 256
2 256
1 256
0 11
0 77
0 42
1 256
1 256
3 256
0 35
0 109
1 256
1 256
0 58
0 165
1 256
1 256
1 256
2 256
0 25
1 256
1 256
1 256
0 206
0 86
0 86
0 28
0 24
1 256
1 256
1 256
1 256
1 256
2 256
1 256
1 256
0 241
0 102
1 256
0 45
0 105
0 50
1 256
0 98
0 83
4 256
1 256
0 106
0 67
1 256
0 26
0 69
1 256
0 43
2 256
1 256
1 256
1 256
2 256
1 256
0 63
0 21
1 256
1 256
3 256
0 106
0 167
0 170
1 256
1 256
0 53
2 256
2 256
0 32
0 71
0 65
2 256
0 207
2 256
0 54
0 124
2 256
1 256
0 111
2 256
2 256
0 69
1 256
0 20
0 102
1 256
1 256
0 44
1 256
1 256
0 30
0 77
1 256
1 256
1 256
0 143
2 256
1 256
1 256
0 69
2 256
1 256
2 256
1 256
0 75
1 256
0 212
1 256
0 30
1 256
1 256
1 256
1 256
1 256
1 256
0 22
0 48
1 256
1 256
1 256
0 28
1 256
1 256
1 256
0 149
3 256
1 256
0 49
2 256
3 256
1 256
2 256
1 256
0 212
0 38
0 78
0 143
2 256
1 256
0 9
1 256
3 256
0 43
1 256
1 256
2 256
0 16
2 256
0 12
0 27
0 41
1 256
2 256
1 256
2 256
0 23
0 80
0 17
0 97
3 256
1 256
3 256
1 256
1 256
0 13
0 147
0 218
1 256
1 256
0 77
1 256
0 43
1 256
1 256
2 256
2 256
1 256
1 256
3 256
1 256
0 140
0 32
0 27
2 256
0 44
0 35
1 256
1 256
0 46
0 26
0 82
1 256
0 12
0 104
0 70
0 63
0 37
1 256
0 18
0 36
0 45
0 70
0 23
0 87
0 23
1 256
1 256
1 256
0 109
1 256
1 256
0 11
2 256
0 60
3 256
2 256
3 256
1 256
0 85
0 113
0 13
1 256
2 256
1 256
1 256
1 256
2 256
1 256
0 221
2 256
0 159
1 256
1 256
0 143
1 256
2 256
1 256
1 256
1 256
0 56
1 256
1 256
0 7
1 256
1 256
0 256
2 256
1 256
2 256
1 256
1 256
1 256
0 77
0 130
0 93
1 256
0 27
1 256
0 20
1 256
0 62
0 49
0 28
1 256
0 31
1 256
1 256
0 78
1 256
0 16
1 256
1 256
0 118
0 207
1 256
1 256
1 256
0 20
0 145
1 256
0 25
1 256
0 41
0 46
0 223
1 256
1 256
0 146
0 100
1 256
1 256
0 88
1 256
0 139
1 256
1 256
0 167
1 256
0 89
0 92
2 256
0 238
0 69
0 23
1 256
2 256
0 73
2 256
0 18
0 115
1 256
2 256
0 98
0 33
0 31
0 25
0 254
0 54
2 256
1 256
0 98
1 256
1 256
1 256
0 62
0 68
1 256
1 256
1 256
0 43
0 105
0 86
0 102
1 256
2 256
0 88
0 85
0 234
0 113
0 193
2 256
1 256
1 256
0 35
0 71
1 256
1 256
0 28
0 221
1 256
2 256
2 256
0 226
1 256
0 127
0 25
1 256
2 256
1 256
2 256
0 55
0 80
0 82
0 116
1 256
3 256
0 108
2 256
1 256
0 98
0 74
0 150
1 256
0 66
0 49
0 83
1 256
1 256
1 256
0 39
0 124
1 256
0 96
0 36
0 48
0 13
2 256
1 256
0 9
1 256
2 256
1 256
0 41
0 59
1 256
1 256
2 256
0 71
0 20
1 256
0 35
0 18
1 256
1 256
1 256
0 40
0 63
0 135
2 256
0 124
0 249
0 229
2 256
2 256
0 43
0 121
0 210
0 51
1 256
1 256
1 256
1 256
0 195
1 256
0 49
0 100
1 256
3 256
0 142
0 46
0 11
0 49
2 256
0 54
0 52
1 256
0 27
1 256
0 125
0 85
1 256
1 256
1 256
1 256
0 23
1 256
2 256
2 256
1 256
0 51
0 65
0 98
2 256
0 43
2 256
0 73
4 256
0 206
0 220
0 28
0 166
0 200
0 8
0 42
2 256
1 256
0 137
2 256
0 126
0 60
0 71
0 143
0 85
2 256
1 256
1 256
1 256
0 62
2 256
2 256
2 256
1 256
1 256
1 256
0 69
1 256
0 78
1 256
0 132
1 256
0 63
3 256
0 45
1 256
1 256
1 256
1 256
1 256
2 256
2 256
1 256
0 88
1 256
2 256
1 256
1 256
2 256
0 121
1 256
4 256
1 256
1 256
0 15
2 256
0 34
0 31
1 256
0 156
2 256
1 256
0 75
1 256
1 256
0 79
2 256
1 256
1 256
1 256
3 256
0 199
2 256
4 256
0 12
1 256
1 256
1 256
2 256
0 54
3 256
1 256
0 19
1 256
0 108
0 31
0 220
1 256
0 21
1 256
0 219
0 39
1 256
0 248
1 256
0 241
0 19
2 256
0 110
2 256
3 256
1 256
0 123
1 256
0 59
1 256
0 131
0 209
2 256
1 256
0 55
1 256
0 52
2 256
0 17
1 256
1 256
2 256
0 135
0 94
0 54
1 256
1 256
1 256
1 256
1 256
1 256
2 256
1 256
0 66
0 129
2 256
1 256
0 72
1 256
0 133
1 256
2 256
1 256
1 256
1 256
2 256
2 256
1 256
1 256
2 256
1 256
0 16
2 256
1 256
1 256
4 256
3 256
4 256
2 256
2 256
1 256
1 256
0 20
2 256
0 74
0 28
2 256
0 12
0 112
1 256
1 256
0 130
1 256
0 85
0 15
0 37
0 120
1 256
0 176
3 256
0 44
0 39
1 256
0 98
1 256
1 256
0 24
0 176
4 256
0 54
2 256
1 256
1 256
0 60
1 256
1 256
1 256
2 256
0 102
0 35
1 256
2 256
2 256
1 256
0 136
1 256
0 62
0 48
1 256
1 256
1 256
0 122
0 99
0 25
1 256
0 216
0 41
0 21
1 256
1 256
1 256
0 79
2 256
0 227
0 50
0 179
0 40
3 256
3 256
3 256
0 44
2 256
2 256
1 256
0 25
1 256
1 256
1 256
1 256
0 31
3 256
1 256
0 59
2 256
1 256
1 256
1 256
1 256
2 256
1 256
2 256
1 256
0 18
2 256
1 256
2 256
1 256
0 48
0 157
1 256
1 256
0 13
1 256
1 256
1 256
0 128
0 118
0 93
0 112
0 29
2 256
0 28
3 256
0 68
2 256
1 256
0 164
1 256
0 16
0 173
0 36
0 68
1 256
1 256
0 57
0 12
1 256
1 256
0 67
1 256
1 256
0 39
3 256
1 256
0 66
2 256
0 31
0 108
0 67
2 256
0 141
1 256
1 256
1 256
1 256
0 62
0 36
1 256
1 256
3 256
0 12
1 256
0 202
2 256
1 256
0 55
1 256
0 101
1 256
2 256
0 17
0 63
0 156
0 79
0 187
2 256
0 54
1 256
0 221
1 256
3 256
0 25
1 256
0 91
2 256
0 54
1 256
0 47
0 79
2 256
0 75
1 256
0 59
1 256
2 256
1 256
1 256
1 256
1 256
0 200
1 256
0 154
1 256
0 31
1 256
0 52
0 86
0 16
1 256
0 35
0 114
1 256
1 256
2 256
1 256
2 256
2 256
3 256
0 55
0 52
0 117
1 256
1 256
0 149
0 37
0 227
3 256
2 256
1 256
2 256
1 256
2 256
1 256
1 256
2 256
1 256
2 256
0 166
1 256
1 256
0 168
1 256
0 35
0 30
1 256
1 256
0 112
2 256
1 256
0 17
0 16
0 45
1 256
0 70
2 256
0 42
0 77
1 256
1 256
1 256
1 256
1 256
1 256
1 256
0 22
0 154
0 63
1 256
0 89
0 254
1 256
0 64
1 256
0 36
1 256
3 256
0 37
1 256
1 256
1 256
2 256
0 72
2 256
0 32
1 256
1 256
1 256
0 110
2 256
0 42
0 14
0 185
1 256
2 256
1 256
1 256
0 38
0 86
1 256
0 81
1 256
2 256
0 207
1 256
0 71
1 256
1 256
4 256
0 62
0 96
0 250
0 88
0 98
1 256
0 45
4 256
0 20
1 256
0 80
2 256
0 97
0 157
0 64
1 256
1 256
0 35
1 256
0 143
1 256
1 256
1 256
2 256
1 256
0 253
1 256
0 25
3 256
1 256
1 256
0 69
1 256
2 256
3 256
1 256
1 256
1 256
0 213
1 256
1 256
1 256
1 256
1 256
0 116
1 256
1 256
1 256
2 256
1 256
0 102
2 256
2 256
2 256
2 256
1 256
0 47
1 256
0 79
3 256
1 256
2 256
1 256
1 256
2 256
1 256
2 256
1 256
0 55
1 256
0 56
1 256
0 123
0 107
1 256
1 256
3 256
0 31
2 256
1 256
1 256
1 256
1 256
1 256
1 256
0 86
2 256
0 30
2 256
1 256
1 256
2 256
1 256
0 49
1 256
1 256
0 147
1 256
0 38
0 118
1 256
2 256
1 256
2 256
1 256
1 256
1 256
1 256
0 62
0 39
0 13
0 78
0 222
0 69
1 256
2 256
2 256
1 256
0 66
1 256
0 69
0 170
1 256
1 256
1 256
1 256
1 256
1 256
0 136
2 256
0 52
0 30
1 256
0 109
0 47
1 256
0 125
0 48
2 256
2 256
0 37
1 256
2 256
2 256
0 108
0 28
1 256
0 66
2 256
2 256
2 256
1 256
1 256
2 256
0 26
1 256
0 87
2 256
1 256
1 256
0 13
0 169
0 84
1 256
0 46
1 256
0 99
0 204
0 23
0 88
0 35
1 256
0 110
0 60
0 30
2 256
0 210
1 256
2 256
2 256
0 64
0 47
0 24
1 256
2 256
0 235
0 129
0 25
0 34
0 28
2 256
1 256
1 256
0 22
0 156
0 75
1 256
2 256
0 75
1 256
1 256
4 256
0 247
2 256
0 152
0 19
2 256
0 120
1 256
1 256
0 179
0 88
0 56
1 256
2 256
0 23
0 58
0 43
0 86
1 256
2 256
3 256
0 46
0 238
2 256
1 256
1 256
1 256
1 256
2 256
0 63
1 256
1 256
1 256
2 256
0 35
3 256
0 35
0 89
1 256
0 72
1 256
2 256
2 256
0 166
2 256
0 143
1 256
0 96
0 105
1 256
2 256
0 61
0 76
1 256
2 256
1 256
0 50
1 256
3 256
0 37
1 256
1 256
0 30
0 14
1 256
1 256
2 256
0 121
2 256
1 256
1 256
0 36
2 256
0 26
0 75
0 110
0 159
2 256
0 69
0 71
0 32
0 150
1 256
0 42
1 256
1 256
0 179
1 256
0 36
0 208
0 11
1 256
0 18
1 256
1 256
1 256
2 256
1 256
0 39
2 256
1 256
0 78
1 256
1 256
1 256
0 133
0 15
1 256
1 256
2 256
1 256
1 256
1 256
1 256
0 42
1 256
0 27
1 256
0 35
0 100
2 256
0 62
3 256
1 256
2 256
0 212
0 52
1 256
1 256
2 256
2 256
0 110
2 256
1 256
0 102
2 256
0 235
0 110
1 256
1 256
1 256
2 256
0 55
2 256
0 140
0 143
1 256
0 44
1 256
0 119
2 256
0 73
0 14
0 190
0 52
1 256
0 41
1 256
1 256
0 214
0 181
0 29
1 256
0 50
1 256
0 14
1 256
0 88
1 256
1 256
2 256
2 256
0 61
0 78
0 59
3 256
1 256
0 42
0 11
3 256
0 92
2 256
0 46
1 256
0 116
0 37
1 256
1 256
0 199
0 163
0 24
0 215
0 134
0 146
0 200
0 30
1 256
3 256
0 42
0 136
2 256
0 23
1 256
1 256
1 256
0 58
1 256
1 256
0 219
2 256
2 256
0 43
2 256
2 256
2 256
0 153
0 121
0 31
1 256
0 105
1 256
0 15
1 256
0 131
2 256
3 256
1 256
2 256
2 256
1 256
0 45
1 256
0 17
2 256
0 189
1 256
2 256
0 16
2 256
2 256
1 256
0 166
0 71
3 256
0 75
0 172
2 256
2 256
0 14
0 73
1 256
1 256
2 256
0 19
0 28
2 256
0 41
0 206
3 256
0 55
1 256
0 98
0 25
1 256
0 23
0 20
0 84
0 134
0 51
0 64
0 87
0 69
1 256
2 256
0 19
2 256
1 256
0 17
0 87
0 93
1 256
0 65
0 20
1 256
3 256
1 256
1 256
0 52
1 256
1 256
2 256
1 256
2 256
0 46
2 256
0 162
1 256
2 256
0 25
0 68
2 256
0 36
1 256
0 147
0 19
0 105
0 27
1 256
0 123
0 40
0 78
0 36
0 88
0 178
1 256
0 58
1 256
1 256
0 40
1 256
1 256
0 32
0 31
0 155
1 256
0 133
1 256
0 39
1 256
1 256
0 52
1 256
0 81
2 256
1 256
1 256
1 256
1 256
0 178
0 99
0 121
1 256
2 256
1 256
0 43
2 256
0 70
2 256
0 25
1 256
0 28
0 95
0 192
0 23
0 225
2 256
0 71
1 256
0 37
0 23
0 33
1 256
0 75
2 256
0 105
1 256
0 79
0 78
1 256
0 40
1 256
2 256
3 256
1 256
1 256
1 256
0 44
2 256
0 26
0 157
1 256
0 62
1 256
2 256
0 229
2 256
1 256
3 256
2 256
1 256
1 256
1 256
0 17
1 256
0 16
0 53
0 101
1 256
0 80
0 75
1 256
1 256
1 256
1 256
0 93
3 256
0 26
1 256
0 28
2 256
1 256
0 141
0 48
1 256
3 256
2 256
2 256
0 118
0 64
2 256
2 256
0 33
4 256
1 256
1 256
2 256
1 256
1 256
0 19
0 33
0 43
2 256
0 95
0 191
2 256
0 24
0 12
1 256
1 256
0 153
0 7
1 256
1 256
2 256
1 256
0 49
2 256
0 122
1 256
0 205
0 176
2 256
2 256
0 49
0 40
1 256
1 256
2 256
0 199
1 256
0 70
1 256
2 256
0 15
1 256
0 29
0 50
0 25
0 61
0 22
0 26
1 256
1 256
0 39
1 256
0 75
0 84
1 256
0 81
1 256
0 58
0 54
3 256
0 104
1 256
0 46
0 48
0 30
1 256
0 14
2 256
0 62
0 41
0 20
2 256
0 21
0 102
0 120
1 256
1 256
2 256
1 256
0 93
1 256
1 256
0 206
1 256
0 28
2 256
0 164
2 256
1 256
1 256
0 39
0 59
1 256
1 256
0 56
1 256
1 256
1 256
3 256
0 95
2 256
1 256
1 256
0 137
1 256
1 256
0 89
0 212
0 36
0 25
2 256
0 102
0 24
1 256
0 169
1 256
0 36
0 24
0 53
0 28
1 256
0 64
0 98
0 110
2 256
2 256
1 256
0 46
0 53
1 256
2 256
0 15
0 20
0 93
1 256
2 256
2 256
0 153
1 256
1 256
0 52
1 256
1 256
0 18
1 256
1 256
1 256
1 256
0 12
0 80
1 256
0 131
0 58
0 87
1 256
0 148
0 127
0 138
1 256
0 157
0 49
1 256
1 256
2 256
1 256
2 256
1 256
2 256
1 256
0 126
1 256
2 256
2 256
2 256
3 256
3 256
1 256
0 36
1 256
0 12
1 256
1 256
0 29
2 256
0 49
3 256
1 256
0 95
0 61
0 69
1 256
0 154
0 30
1 256
3 256
2 256
0 149
2 256
2 256
1 256
0 45
2 256
1 256
0 85
1 256
0 166
1 256
1 256
0 39
0 32
0 33
2 256
0 62
0 27
1 256
0 72
0 23
0 19
1 256
1 256
0 17
1 256
0 15
0 117
0 68
2 256
0 133
0 156
0 109
0 143
0 13
1 256
1 256
1 256
0 64
0 250
1 256
1 256
0 76
0 52
0 233
3 256
0 132
2 256
0 21
0 117
1 256
2 256
0 157
0 59
2 256
0 61
2 256
2 256
1 256
1 256
2 256
0 31
0 50
2 256
0 184
0 14
1 256
2 256
1 256
1 256
0 40
0 39
0 107
0 35
2 256
2 256
1 256
1 256
1 256
0 149
0 189
2 256
0 247
1 256
1 256
1 256
0 55
3 256
0 100
0 124
0 87
0 84
0 25
0 223
0 51
1 256
0 127
2 256
0 45
0 212
0 91
1 256
1 256
1 256
0 40
0 151
1 256
1 256
1 256
2 256
2 256
1 256
0 69
1 256
1 256
0 204
1 256
1 256
0 138
1 256
0 57
3 256
2 256
0 83
2 256
1 256
1 256
0 175
0 76
0 92
0 23
2 256
0 146
3 256
0 38
0 45
0 190
2 256
0 47
0 232
1 256
1 256
2 256
1 256
0 34
3 256
0 23
0 149
1 256
0 35
1 256
2 256
0 51
1 256
2 256
1 256
2 256
2 256
2 256
0 32
1 256
0 15
0 248
1 256
1 256
0 50
0 170
1 256
0 35
1 256
0 99
0 132
0 15
1 256
2 256
0 73
1 256
1 256
1 256
0 36
0 107
1 256
1 256
0 22
0 61
0 209
3 256
1 256
0 58
2 256
2 256
0 97
0 81
2 256
0 38
2 256
0 60
0 20
0 41
0 48
1 256
1 256
1 256
0 90
0 128
1 256
0 17
2 256
0 132
0 82
2 256
2 256
0 61
1 256
0 41
2 256
1 256
0 83
1 256
1 256
1 256
0 63
2 256
0 119
0 65
0 201
0 14
1 256
0 81
1 256
0 46
1 256
1 256
1 256
0 66
1 256
2 256
1 256
0 139
1 256
1 256
0 53
1 256
0 75
0 7
0 23
1 256
1 256
1 256
0 64
0 133
2 256
0 118
0 42
0 115
1 256
0 103
1 256
0 43
1 256
0 209
0 70
0 31
1 256
2 256
0 94
0 61
1 256
1 256
0 123
0 198
1 256
2 256
2 256
0 157
0 124
0 66
0 39
1 256
0 90
1 256
0 143
1 256
1 256
0 31
3 256
3 256
2 256
0 52
0 108
0 82
0 225
0 26
2 256
0 58
1 256
2 256
2 256
2 256
1 256
1 256
1 256
0 77
2 256
1 256
0 48
1 256
0 26
0 67
1 256
0 14
0 13
2 256
4 256
0 92
0 85
1 256
0 54
3 256
1 256
2 256
1 256
3 256
1 256
1 256
2 256
0 30
0 74
0 45
1 256
0 53
2 256
0 13
0 41
0 50
1 256
2 256
0 56
0 119
3 256
1 256
1 256
0 38
1 256
0 38
0 114
0 43
0 39
2 256
0 168
0 81
3 256
0 52
1 256
2 256
1 256
3 256
2 256
1 256
0 115
1 256
0 43
2 256
2 256
1 256
0 14
0 33
0 123
0 88
0 92
0 191
1 256
0 67
3 256
0 44
0 103
2 256
1 256
1 256
0 24
0 26
0 14
1 256
1 256
1 256
2 256
2 256
1 256
0 69
0 118
0 24
0 32
0 49
0 59
1 256
1 256
1 256
0 22
0 158
0 244
1 256
2 256
3 256
1 256
0 55
1 256
1 256
1 256
0 37
2 256
1 256
1 256
0 80
0 75
2 256
0 65
0 21
0 10
0 156
0 51
0 213
0 32
2 256
0 57
1 256
0 57
0 104
0 64
0 31
1 256
0 134
1 256
1 256
2 256
0 187
2 256
2 256
2 256
1 256
1 256
3 256
1 256
1 256
1 256
0 250
0 53
0 145
0 119
0 23
0 191
3 256
1 256
1 256
1 256
1 256
1 256
1 256
1 256
1 256
1 256
1 256
1 256
0 78
2 256
0 109
1 256
0 220
0 37
0 81
2 256
0 87
2 256
1 256
1 256
1 256
1 256
0 9
0 23
1 256
0 15
0 138
0 23
0 31
1 256
2 256
1 256
1 256
0 68
0 48
1 256
1 256
0 187
1 256
2 256
0 185
1 256
0 170
1 256
1 256
0 200
2 256
1 256
1 256
0 72
2 256
0 38
1 256
0 109
2 256
3 256
1 256
1 256
1 256
2 256
0 27
0 42
0 26
0 21
1 256
1 256
1 256
1 256
0 210
0 143
0 75
0 96
0 19
1 256
1 256
1 256
0 239
0 160
1 256
0 17
2 256
0 29
0 218
0 86
0 86
1 256
0 20
0 197
0 110
0 112
4 256
1 256
2 256
0 62
2 256
0 110
3 256
2 256
0 90
1 256
1 256
2 256
0 238
2 256
2 256
0 73
0 42
0 44
2 256
0 135
1 256
1 256
0 95
2 256
3 256
0 62
0 111
2 256
0 87
1 256
2 256
0 37
0 151
0 15
0 86
0 73
0 67
3 256
1 256
1 256
1 256
0 182
0 49
1 256
3 256
1 256
1 256
2 256
1 256
0 191
1 256
0 12
0 175
1 256
0 44
1 256
0 82
0 60
0 59
0 29
2 256
0 143
2 256
1 256
0 147
0 123
2 256
0 81
0 57
1 256
0 21
3 256
1 256
0 17
2 256
2 256
1 256
0 162
2 256
1 256
0 26
0 38
0 11
1 256
3 256
3 256
1 256
1 256
0 30
1 256
2 256
1 256
1 256
1 256
3 256
1 256
0 66
0 157
0 54
3 256
2 256
1 256
3 256
2 256
1 256
3 256
0 30
2 256
3 256
1 256
0 162
0 52
1 256
2 256
1 256
0 87
1 256
0 42
2 256
0 235
0 69
0 35
0 90
1 256
0 190
2 256
1 256
0 47
2 256
1 256
1 256
0 72
0 122
0 142
0 92
0 89
0 43
1 256
2 256
0 78
1 256
1 256
0 152
0 71
2 256
2 256
1 256
0 25
3 256
1 256
1 256
0 36
0 166
1 256
1 256
0 67
0 34
1 256
0 63
0 129
0 115
2 256
3 256
1 256
2 256
2 256
1 256
2 256
1 256
1 256
0 59
2 256
0 51
0 196
0 27
0 88
1 256
0 14
1 256
1 256
0 72
1 256
1 256
1 256
1 256
1 256
1 256
4 256
1 256
0 39
2 256
1 256
0 114
1 256
0 40
0 170
2 256
1 256
0 40
2 256
0 50
0 88
2 256
1 256
1 256
1 256
0 106
0 26
0 38
0 149
2 256
0 54
1 256
1 256
0 228
1 256
2 256
1 256
0 104
1 256
1 256
0 69
1 256
0 39
1 256
0 191
1 256
0 120
0 77
2 256
3 256
2 256
0 36
1 256
0 67
0 30
1 256
0 84
2 256
1 256
0 35
1 256
0 48
1 256
2 256
1 256
0 15
1 256
1 256
0 11
1 256
0 127
1 256
1 256
2 256
0 42
0 50
0 197
0 142
1 256
0 109
1 256
0 108
0 234
0 86
1 256
1 256
1 256
1 256
1 256
0 5
1 256
1 256
1 256
1 256
0 16
0 38
4 256
0 48
2 256
2 256
2 256
0 27
1 256
1 256
1 256
1 256
0 170
1 256
0 62
0 14
2 256
0 121
0 243
1 256
3 256
0 11
1 256
0 109
1 256
1 256
0 71
0 27
1 256
3 256
0 42
1 256
0 12
2 256
0 87
0 158
0 47
1 256
2 256
2 256
0 84
0 28
1 256
1 256
1 256
0 106
0 81
2 256
0 55
2 256
0 237
1 256
0 229
0 91
2 256
1 256
1 256
0 51
2 256
0 136
2 256
0 126
1 256
1 256
1 256
1 256
1 256
0 155
0 121
1 256
1 256
2 256
1 256
0 70
1 256
1 256
0 68
0 126
2 256
0 225
0 41
2 256
0 111
0 158
0 94
2 256
1 256
0 31
1 256
0 24
0 74
0 60
1 256
0 59
0 122
0 183
2 256
1 256
0 48
0 218
0 67
0 19
0 94
0 69
0 57
0 20
1 256
2 256
0 23
0 131
0 153
0 18
1 256
1 256
1 256
0 21
1 256
0 31
0 13
0 86
2 256
3 256
3 256
0 38
0 14
2 256
1 256
0 21
1 256
1 256
0 248
1 256
2 256
1 256
0 40
1 256
0 90
1 256
1 256
0 64
4 256
0 74
2 256
1 256
1 256
0 172
0 23
1 256
0 142
1 256
1 256
0 26
0 169
0 29
2 256
1 256
0 10
1 256
0 45
3 256
1 256
1 256
0 160
1 256
0 35
1 256
1 256
0 26
1 256
1 256
0 118
0 42
0 137
2 256
0 92
1 256
1 256
2 256
1 256
3 256
1 256
1 256
0 40
0 30
2 256
2 256
0 249
0 75
1 256
2 256
1 256
1 256
2 256
0 182
1 256
3 256
0 68
0 28
2 256
0 51
2 256
2 256
2 256
2 256
1 256
1 256
0 26
0 169
0 23
0 51
0 90
0 200
0 105
1 256
1 256
0 49
0 30
1 256
0 88
1 256
1 256
0 105
0 125
0 179
0 60
0 78
0 150
0 67
1 256
1 256
1 256
0 59
2 256
0 130
0 171
0 179
0 88
0 14
0 254
1 256
1 256
3 256
0 89
1 256
0 9
0 38
1 256
0 75
1 256
3 256
2 256
2 256
0 25
2 256
0 91
0 152
0 146
0 50
0 87
0 39
1 256
1 256
0 68
0 65
2 256
4 256
2 256
1 256
0 65
0 124
1 256
2 256
1 256
1 256
1 256
2 256
0 25
0 96
0 7
2 256
1 256
0 242
2 256
1 256
1 256
2 256
0 37
1 256
1 256
1 256
1 256
1 256
2 256
2 256
0 92
0 59
2 256
0 40
1 256
0 28
1 256
1 256
0 24
0 147
0 41
1 256
0 82
0 92
1 256
1 256
1 256
1 256
1 256
0 57
1 256
3 256
2 256
3 256
0 34
1 256
1 256
0 131
0 37
0 43
1 256
0 41
1 256
0 37
2 256
1 256
1 256
1 256
1 256
1 256
0 152
0 88
1 256
0 55
0 32
1 256
0 69
0 131
1 256
1 256
0 22
0 139
4 256
1 256
0 22
1 256
0 31
0 75
0 10
0 24
0 145
1 256
3 256
1 256
3 256
1 256
1 256
2 256
1 256
2 256
1 256
1 256
0 235
2 256
0 35
1 256
0 172
2 256
3 256
1 256
1 256
1 256
0 155
1 256
1 256
0 172
2 256
1 256
0 12
0 35
0 74
0 42
1 256
0 63
1 256
1 256
0 43
1 256
0 31
0 111
1 256
1 256
0 68
3 256
1 256
1 256
2 256
0 45
0 48
1 256
0 85
2 256
2 256
1 256
2 256
1 256
1 256
2 256
0 216
0 192
0 23
0 41
0 249
0 24
0 53
1 256
1 256
2 256
2 256
4 256
1 256
0 214
1 256
2 256
1 256
1 256
0 124
0 131
1 256
1 256
0 187
2 256
0 239
1 256
2 256
1 256
0 17
0 228
1 256
1 256
2 256
0 181
1 256
0 91
0 29
1 256
0 36
0 92
0 109
1 256
0 22
2 256
1 256
2 256
0 80
0 84
0 52
1 256
1 256
0 94
0 42
3 256
1 256
0 95
2 256
3 256
1 256
2 256
0 61
1 256
1 256
2 256
1 256
0 113
0 78
1 256
2 256
1 256
0 19
3 256
1 256
3 256
1 256
1 256
1 256
1 256
1 256
0 14
1 256
2 256
0 22
0 30
1 256
0 127
2 256
0 150
2 256
0 131
1 256
1 256
0 91
2 256
2 256
1 256
0 13
0 137
1 256
2 256
1 256
2 256
1 256
1 256
0 73
2 256
0 32
2 256
1 256
1 256
0 47
0 69
2 256
1 256
2 256
0 36
1 256
0 6
0 65
0 199
2 256
1 256
0 83
1 256
0 45
1 256
0 21
0 31
3 256
0 29
2 256
0 60
1 256
1 256
2 256
1 256
2 256
0 71
1 256
1 256
0 32
1 256
1 256
0 38
2 256
0 62
0 109
0 82
1 256
3 256
1 256
0 13
1 256
0 34
0 180
1 256
2 256
0 187
0 20
2 256
0 42
0 59
1 256
0 34
1 256
1 256
3 256
0 27
3 256
0 55
0 24
0 36
1 256
0 127
0 33
2 256
0 31
0 53
0 132
0 63
0 76
1 256
3 256
0 88
0 63
1 256
1 256
2 256
0 31
0 141
2 256
2 256
1 256
2 256
0 116
2 256
1 256
0 12
0 46
0 49
2 256
0 81
1 256
0 194
0 48
0 209
0 174
1 256
1 256
0 55
0 78
1 256
3 256
3 256
0 30
0 27
1 256
0 66
1 256
0 27
0 11
1 256
0 15
0 57
0 78
0 19
2 256
1 256
0 163
5 256
1 256
1 256
0 161
1 256
2 256
0 129
0 32
1 256
2 256
0 43
1 256
0 22
0 77
2 256
0 56
0 81
1 256
0 18
1 256
0 43
0 156
2 256
1 256
2 256
0 55
1 256
0 68
2 256
2 256
0 52
0 42
1 256
1 256
2 256
0 138
0 44
1 256
1 256
1 256
1 256
0 67
1 256
1 256
2 256
0 37
0 14
1 256
0 17
0 46
1 256
5 256
1 256
0 59
0 47
0 154
1 256
2 256
1 256
0 152
0 124
0 78
1 256
1 256
1 256
4 256
0 133
0 63
0 88
0 22
1 256
1 256
1 256
0 64
0 128
0 63
1 256
1 256
1 256
0 52
0 104
1 256
2 256
0 14
0 152
0 110
1 256
0 70
1 256
0 175
2 256
0 34
0 75
1 256
0 252
1 256
1 256
1 256
2 256
2 256
0 56
1 256
1 256
0 14
0 105
0 209
1 256
0 204
0 47
1 256
1 256
0 199
1 256
2 256
0 109
1 256
0 43
0 14
1 256
0 164
2 256
0 51
1 256
2 256
1 256
1 256
0 39
1 256
0 101
1 256
0 22
2 256
1 256
1 256
1 256
3 256
0 48
0 133
1 256
0 125
1 256
0 85
1 256
0 60
0 224
2 256
1 256
1 256
1 256
0 183
0 49
1 256
0 61
1 256
0 31
0 97
0 214
1 256
1 256
0 88
1 256
3 256
3 256
1 256
1 256
0 30
0 241
1 256
1 256
0 148
0 32
0 181
1 256
0 27
1 256
0 56
1 256
0 99
1 256
1 256
0 126
1 256
1 256
0 60
1 256
2 256
0 15
1 256
2 256
2 256
3 256
0 235
0 196
0 6
0 35
0 84
0 49
0 40
1 256
0 103
2 256
1 256
0 27
0 63
1 256
0 44
2 256
1 256
1 256
0 13
1 256
0 29
0 63
1 256
1 256
0 33
0 119
0 83
1 256
1 256
3 256
1 256
2 256
0 29
1 256
1 256
1 256
2 256
0 20
0 61
1 256
1 256
0 76
1 256
0 24
3 256
0 113
0 88
0 37
1 256
2 256
1 256
1 256
0 64
0 38
1 256
1 256
0 8
1 256
1 256
0 150
2 256
0 122
0 71
1 256
1 256
0 23
2 256
1 256
0 44
0 153
1 256
0 73
2 256
2 256
0 38
2 256
1 256
1 256
0 17
1 256
1 256
0 87
2 256
3 256
1 256
1 256
0 24
0 65
0 46
0 36
1 256
0 85
1 256
1 256
1 256
0 160
1 256
0 162
1 256
0 166
0 112
0 19
0 69
0 76
1 256
1 256
1 256
0 26
0 82
0 185
0 88
1 256
2 256
0 78
2 256
1 256
2 256
0 235
1 256
1 256
0 83
1 256
0 82
1 256
3 256
2 256
1 256
1 256
3 256
1 256
0 239
3 256
1 256
0 28
1 256
1 256
3 256
0 142
1 256
1 256
1 256
0 107
1 256
0 255
0 155
2 256
1 256
0 25
1 256
0 53
0 60
0 213
2 256
0 121
0 19
0 52
1 256
2 256
0 98
3 256
0 112
2 256
0 46
0 80
0 27
1 256
0 36
0 59
1 256
1 256
1 256
0 53
0 74
0 30
2 256
3 256
1 256
1 256
3 256
1 256
1 256
0 74
0 14
0 111
1 256
1 256
2 256
0 45
3 256
0 109
0 64
2 256
1 256
1 256
0 157
0 164
1 256
1 256
2 256
1 256
2 256
2 256
2 256
0 143
0 145
2 256
0 21
1 256
1 256
1 256
0 245
0 24
1 256
0 19
0 216
0 44
1 256
1 256
3 256
0 19
0 44
1 256
0 78
3 256
1 256
1 256
0 17
1 256
0 59
1 256
0 255
1 256
1 256
0 102
2 256
1 256
0 54
0 123
0 211
0 47
1 256
1 256
1 256
1 256
3 256
0 138
0 65
1 256
2 256
2 256
1 256
1 256
0 18
0 49
0 119
2 256
1 256
0 109
0 26
1 256
0 27
1 256
0 32
1 256
0 77
0 27
2 256
0 251
1 256
0 51
0 139
0 107
0 72
1 256
1 256
1 256
0 87
2 256
0 55
2 256
0 31
1 256
2 256
0 87
0 47
3 256
0 94
1 256
0 36
2 256
2 256
0 45
1 256
1 256
0 135
2 256
0 69
1 256
2 256
0 25
1 256
0 40
1 256
1 256
0 36
0 96
0 128
0 26
1 256
3 256
0 218
2 256
0 20
0 101
0 109
2 256
0 28
0 56
3 256
0 201
1 256
1 256
0 14
1 256
0 239
1 256
0 111
2 256
1 256
1 256
1 256
0 121
1 256
1 256
1 256
1 256
1 256
0 52
2 256
2 256
0 52
0 172
1 256
0 78
1 256
0 76
0 61
0 52
1 256
0 36
0 37
0 59
0 143
2 256
1 256
1 256
0 20
0 116
0 39
1 256
3 256
0 37
0 75
1 256
0 39
1 256
1 256
1 256
0 131
0 55
0 79
1 256
1 256
1 256
3 256
1 256
0 182
1 256
0 33
3 256
1 256
0 45
0 59
1 256
0 205
1 256
1 256
0 109
0 12
0 28
2 256
0 38
0 30
0 65
0 48
3 256
1 256
0 66
0 25
0 187
1 256
1 256
0 200
1 256
1 256
1 256
0 102
2 256
2 256
2 256
1 256
0 22
1 256
1 256
0 150
0 193
3 256
2 256
0 63
0 239
1 256
1 256
1 256
0 105
0 16
0 87
1 256
0 89
0 143
1 256
1 256
0 24
0 31
1 256
0 218
1 256
0 116
1 256
1 256
2 256
0 25
2 256
1 256
0 159
0 66
0 60
1 256
0 141
0 18
0 32
2 256
2 256
0 64
2 256
2 256
3 256
0 18
0 129
0 42
2 256
0 170
0 221
0 100
1 256
2 256
0 236
0 30
2 256
1 256
1 256
2 256
3 256
2 256
1 256
3 256
1 256
2 256
0 43
1 256
0 36
2 256
0 33
1 256
1 256
0 89
1 256
0 251
0 161
3 256
0 33
0 107
1 256
0 136
1 256
1 256
2 256
2 256
1 256
0 35
0 171
0 55
0 19
2 256
2 256
0 104
1 256
1 256
3 256
2 256
0 140
0 59
2 256
0 53
2 256
0 53
1 256
1 256
0 46
0 191
1 256
3 256
2 256
3 256
0 78
1 256
1 256
0 23
2 256
0 87
0 66
0 45
2 256
4 256
0 33
1 256
0 172
0 72
1 256
0 57
2 256
1 256
2 256
1 256
0 31
1 256
0 92
1 256
0 65
0 195
1 256
1 256
0 36
1 256
0 8
1 256
0 67
0 41
1 256
3 256
0 72
0 30
2 256
0 55
0 33
0 255
2 256
1 256
0 159
1 256
2 256
1 256
2 256
1 256
0 56
1 256
1 256
0 89
1 256
0 158
0 109
0 81
1 256
1 256
0 117
0 118
0 46
0 149
1 256
0 167
0 46
1 256
0 73
1 256
1 256
1 256
0 20
1 256
2 256
1 256
1 256
1 256
0 142
1 256
1 256
1 256
1 256
1 256
3 256
1 256
1 256
0 79
3 256
0 171
0 26
1 256
1 256
0 36
0 44
1 256
1 256
0 36
0 13
1 256
0 76
0 86
1 256
1 256
1 256
0 111
1 256
1 256
1 256
1 256
1 256
0 84
0 47
0 67
1 256
1 256
0 24
1 256
1 256
0 89
2 256
0 37
1 256
2 256
1 256
1 256
1 256
0 16
1 256
0 166
1 256
0 8
0 48
0 101
1 256
0 22
1 256
0 140
0 146
2 256
0 55
1 256
1 256
1 256
1 256
0 200
0 17
1 256
0 16
0 171
0 29
0 142
2 256
1 256
1 256
0 75
2 256
1 256
1 256
1 256
0 41
1 256
1 256
0 32
1 256
1 256
0 252
1 256
0 171
1 256
0 121
0 89
1 256
1 256
1 256
1 256
0 88
0 16
2 256
1 256
1 256
0 47
1 256
0 182
1 256
0 139
0 30
2 256
1 256
1 256
0 61
1 256
0 130
1 256
1 256
2 256
0 87
1 256
0 195
0 71
2 256
1 256
1 256
0 52
2 256
0 56
2 256
0 178
1 256
1 256
1 256
1 256
1 256
1 256
0 96
2 256
1 256
0 59
0 75
1 256
1 256
0 151
1 256
0 123
2 256
1 256
1 256
1 256
0 49
1 256
1 256
0 72
1 256
0 102
2 256
2 256
1 256
1 256
1 256
1 256
3 256
2 256
1 256
0 44
2 256
1 256
0 234
3 256
1 256
0 45
0 67
1 256
2 256
1 256
0 31
1 256
0 61
2 256
1 256
0 217
2 256
0 22
1 256
0 45
0 66
1 256
1 256
0 37
0 16
0 113
1 256
0 18
1 256
3 256
2 256
1 256
0 170
2 256
1 256
2 256
0 85
0 25
3 256
1 256
0 24
0 164
0 112
2 256
0 78
1 256
1 256
0 88
1 256
0 32
1 256
0 14
0 143
1 256
1 256
2 256
0 65
2 256
0 41
0 69
1 256
3 256
0 224
1 256
0 26
2 256
1 256
2 256
2 256
1 256
2 256
0 29
1 256
1 256
3 256
1 256
0 219
2 256
1 256
0 194
1 256
0 60
1 256
1 256
0 23
0 114
1 256
1 256
0 26
1 256
0 53
0 32
0 180
2 256
1 256
3 256
2 256
0 147
1 256
1 256
3 256
2 256
1 256
0 114
1 256
2 256
0 23
0 162
2 256
1 256
0 76
0 116
0 80
1 256
0 119
1 256
1 256
2 256
1 256
0 142
2 256
0 105
0 13
0 132
0 81
0 232
2 256
0 33
1 256
0 49
2 256
0 103
0 90
1 256
1 256
0 41
1 256
1 256
2 256
1 256
0 44
2 256
1 256
1 256
1 256
0 23
3 256
0 141
2 256
0 64
1 256
1 256
3 256
1 256
1 256
2 256
2 256
1 256
0 109
1 256
0 18
1 256
0 18
0 58
2 256
0 114
0 135
0 53
0 100
2 256
1 256
1 256
0 35
0 40
1 256
2 256
0 87
0 151
0 39
0 17
1 256
0 32
1 256
0 81
0 49
0 93
1 256
1 256
1 256
1 256
3 256
0 248
1 256
1 256
1 256
0 18
0 45
1 256
2 256
0 59
1 256
1 256
1 256
0 69
0 140
0 51
1 256
5 256
0 96
2 256
0 81
1 256
0 250
0 20
1 256
1 256
3 256
0 113
1 256
0 77
1 256
1 256
1 256
0 33
1 256
2 256
0 39
1 256
1 256
0 24
1 256
0 49
3 256
3 256
5 256
1 256
0 92
0 71
1 256
0 137
0 28
1 256
1 256
1 256
1 256
0 241
1 256
1 256
0 184
0 32
2 256
1 256
2 256
2 256
1 256
0 69
1 256
1 256
0 81
0 135
0 31
0 15
3 256
1 256
1 256
0 112
0 146
0 146
0 84
2 256
0 34
0 51
0 237
0 102
2 256
1 256
0 51
0 112
1 256
1 256
2 256
0 99
1 256
2 256
0 61
1 256
1 256
1 256
0 82
0 36
0 55
0 95
0 55
0 76
2 256
3 256
2 256
1 256
0 41
2 256
1 256
0 39
1 256
2 256
0 17
1 256
0 77
1 256
0 126
1 256
0 88
1 256
0 193
0 59
0 108
1 256
0 18
0 114
1 256
0 52
0 194
0 131
0 30
1 256
1 256
3 256
2 256
2 256
1 256
1 256
1 256
1 256
1 256
0 45
0 19
0 65
1 256
0 112
1 256
2 256
0 239
1 256
0 162
1 256
0 133
1 256
1 256
1 256
0 58
1 256
0 31
0 193
1 256
3 256
0 162
1 256
0 88
3 256
1 256
1 256
0 51
0 9
1 256
0 149
0 79
0 15
2 256
1 256
0 66
1 256
2 256
2 256
0 25
0 256
2 256
2 256
2 256
0 39
1 256
2 256
1 256
1 256
1 256
1 256
2 256
1 256
4 256
0 241
0 17
0 82
0 93
0 101
0 100
0 41
2 256
1 256
1 256
1 256
1 256
1 256
4 256
2 256
0 203
0 85
1 256
0 85
0 9
0 17
0 6
0 192
1 256
1 256
0 72
1 256
0 157
1 256
0 43
1 256
0 82
0 16
0 254
0 27
1 256
1 256
0 159
0 97
1 256
1 256
0 189
3 256
0 56
0 73
0 46
0 131
0 12
0 51
1 256
0 26
2 256
0 35
3 256
1 256
1 256
1 256
1 256
0 189
0 49
0 22
1 256
1 256
1 256
1 256
0 49
1 256
0 197
2 256
0 35
2 256
0 146
1 256
0 72
0 67
3 256
2 256
1 256
0 94
0 26
0 53
1 256
0 95
2 256
0 131
0 66
0 20
2 256
1 256
0 51
1 256
0 26
1 256
0 29
1 256
1 256
1 256
1 256
3 256
0 39
1 256
1 256
0 103
2 256
0 28
1 256
1 256
1 256
1 256
0 60
0 207
0 107
1 256
0 12
0 175
0 252
1 256
3 256
0 24
2 256
2 256
0 99
0 92
0 42
0 65
2 256
1 256
0 110
1 256
0 205
0 33
0 25
1 256
2 256
1 256
0 37
3 256
0 62
0 20
2 256
2 256
2 256
0 125
1 256
0 248
1 256
0 73
0 15
2 256
0 40
1 256
0 126
2 256
3 256
1 256
0 36
1 256
0 200
1 256
1 256
1 256
2 256
1 256
1 256
0 29
0 15
2 256
0 34
0 36
1 256
1 256
1 256
0 176
1 256
1 256
1 256
0 80
2 256
0 139
1 256
1 256
0 52
0 91
0 126
0 108
1 256
0 246
1 256
2 256
0 36
2 256
4 256
0 214
0 90
0 61
1 256
0 34
0 58
0 241
0 71
0 23
1 256
0 88
2 256
0 35
0 136
1 256
1 256
2 256
0 120
0 166
0 62
0 94
1 256
0 71
0 248
0 28
0 148
0 11
0 62
0 22
1 256
0 33
0 35
2 256
2 256
1 256
2 256
0 138
1 256
0 30
0 67
1 256
1 256
0 111
1 256
2 256
2 256
3 256
0 118
1 256
1 256
0 210
3 256
2 256
0 105
1 256
1 256
0 43
1 256
1 256
0 66
0 53
0 204
0 81
0 9
0 113
1 256
3 256
0 28
4 256
0 57
0 133
1 256
0 246
2 256
0 155
1 256
1 256
0 101
0 165
1 256
1 256
1 256
0 35
4 256
0 102
0 35
0 49
2 256
3 256
3 256
1 256
2 256
1 256
1 256
0 80
0 22
1 256
0 61
0 53
0 104
0 25
0 31
0 153
0 68
1 256
2 256
2 256
1 256
0 155
1 256
3 256
1 256
1 256
0 52
1 256
0 27
1 256
1 256
0 103
2 256
0 27
1 256
0 53
1 256
1 256
0 13
0 91
1 256
4 256
0 103
0 29
1 256
0 19
1 256
2 256
0 10
0 16
2 256
2 256
0 147
2 256
5 256
1 256
2 256
2 256
0 79
2 256
1 256
3 256
4 256
3 256
0 55
0 33
0 23
2 256
0 112
3 256
1 256
1 256
1 256
0 29
0 72
1 256
0 38
1 256
1 256
1 256
0 156
0 73
0 75
1 256
1 256
1 256
1 256
1 256
0 83
1 256
2 256
0 72
2 256
2 256
1 256
3 256
0 74
0 76
2 256
1 256
0 52
0 80
0 33
1 256
0 18
1 256
1 256
1 256
2 256
1 256
1 256
2 256
0 32
0 131
1 256
3 256
0 94
0 18
1 256
0 78
0 11
2 256
2 256
0 69
1 256
0 38
0 42
1 256
1 256
2 256
1 256
0 85
0 152
0 173
0 30
1 256
0 46
0 50
0 144
0 56
1 256
2 256
0 169
0 7
0 47
2 256
1 256
2 256
1 256
2 256
0 58
0 11
2 256
3 256
1 256
1 256
1 256
1 256
1 256
0 33
0 62
0 70
0 44
2 256
2 256
1 256
0 39
0 21
0 70
1 256
1 256
1 256
2 256
1 256
1 256
2 256
0 49
2 256
1 256
1 256
0 36
0 230
2 256
0 44
1 256
1 256
1 256
1 256
0 80
0 46
2 256
0 94
1 256
0 77
0 142
1 256
1 256
2 256
2 256
2 256
2 256
2 256
0 81
0 13
0 38
0 99
4 256
1 256
1 256
1 256
0 63
2 256
0 195
1 256
1 256
3 256
1 256
1 256
1 256
2 256
0 218
1 256
0 159
1 256
1 256
3 256
0 75
1 256
2 256
0 91
0 180
0 89
2 256
2 256
0 159
0 145
1 256
0 39
0 61
1 256
1 256
0 178
1 256
1 256
2 256
2 256
0 18
0 213
0 75
2 256
1 256
1 256
0 47
0 76
1 256
1 256
3 256
1 256
1 256
1 256
1 256
0 59
1 256
1 256
1 256
0 8
0 217
0 138
2 256
0 21
2 256
0 79
2 256
2 256
1 256
1 256
1 256
2 256
1 256
0 128
3 256
0 14
0 140
2 256
0 50
1 256
0 62
2 256
0 52
1 256
0 44
1 256
0 92
0 17
1 256
2 256
0 25
0 126
0 56
0 218
0 25
0 11
1 256
0 106
0 224
2 256
3 256
1 256
1 256
0 24
1 256
1 256
0 65
1 256
0 228
2 256
1 256
1 256
1 256
1 256
1 256
1 256
0 78
0 69
0 41
2 256
0 22
0 21
0 147
0 163
0 106
0 70
1 256
1 256
1 256
2 256
2 256
1 256
1 256
0 23
0 28
0 62
0 230
2 256
1 256
2 256
0 220
1 256
1 256
2 256
1 256
1 256
1 256
0 114
0 144
1 256
0 45
0 207
0 20
0 102
1 256
2 256
1 256
0 69
1 256
0 34
1 256
2 256
1 256
1 256
1 256
4 256
1 256
0 201
1 256
0 27
3 256
1 256
0 88
0 28
0 151
0 49
2 256
1 256
2 256
2 256
0 125
0 64
1 256
0 44
1 256
1 256
2 256
3 256
1 256
0 124
1 256
1 256
0 68
1 256
0 9
1 256
3 256
1 256
1 256
3 256
1 256
0 170
1 256
0 117
1 256
1 256
5 256
0 50
3 256
0 57
3 256
2 256
2 256
1 256
0 117
0 18
0 188
0 31
1 256
0 37
2 256
1 256
0 150
0 38
1 256
0 67
1 256
0 59
0 54
0 60
0 38
2 256
1 256
0 41
0 65
0 79
1 256
1 256
3 256
1 256
1 256
0 205
0 57
1 256
1 256
1 256
1 256
0 15
0 18
1 256
1 256
2 256
0 146
1 256
2 256
0 101
0 70
0 75
1 256
1 256
0 51
1 256
0 69
0 58
0 151
0 74
0 214
0 61
1 256
0 128
1 256
1 256
0 37
0 23
2 256
2 256
0 60
0 47
3 256
0 37
1 256
0 30
0 34
0 37
1 256
1 256
0 65
0 48
1 256
1 256
1 256
2 256
1 256
1 256
2 256
1 256
1 256
0 64
1 256
0 22
0 60
1 256
0 38
2 256
1 256
1 256
0 30
1 256
0 16
0 27
1 256
1 256
0 26
0 57
0 34
0 189
2 256
0 41
1 256
0 78
4 256
1 256
1 256
0 64
3 256
1 256
1 256
1 256
3 256
0 30
1 256
2 256
1 256
2 256
1 256
2 256
0 94
0 19
0 53
3 256
2 256
3 256
0 40
2 256
0 172
0 118
1 256
0 70
0 112
2 256
0 36
0 157
1 256
0 97
0 63
0 33
1 256
0 142
1 256
0 18
0 144
2 256
1 256
0 152
0 11
2 256
1 256
0 217
0 33
0 35
1 256
0 64
0 68
1 256
0 191
0 250
1 256
1 256
1 256
0 28
0 29
0 24
1 256
1 256
0 32
1 256
1 256
0 106
1 256
2 256
1 256
3 256
0 37
0 101
0 54
1 256
1 256
2 256
1 256
0 46
1 256
0 160
1 256
1 256
0 247
0 36
0 193
0 21
1 256
2 256
0 38
0 210
2 256
0 138
2 256
0 49
0 40
0 39
0 73
1 256
0 133
1 256
0 51
0 40
1 256
0 36
1 256
0 62
1 256
1 256
2 256
0 124
1 256
0 60
0 129
1 256
1 256
0 40
0 26
0 76
1 256
3 256
1 256
1 256
1 256
1 256
3 256
1 256
0 25
2 256
2 256
0 88
0 25
0 58
2 256
0 46
0 104
0 56
1 256
0 146
1 256
1 256
0 233
2 256
3 256
0 29
1 256
1 256
0 53
0 12
0 23
0 63
0 195
0 133
0 22
0 146
1 256
0 19
1 256
1 256
0 49
0 24
0 73
1 256
0 224
2 256
0 142
0 46
0 30
0 215
0 86
1 256
1 256
0 157
2 256
1 256
1 256
1 256
0 32
1 256
1 256
0 157
1 256
1 256
0 22
0 58
1 256
0 29
1 256
2 256
2 256
2 256
2 256
1 256
0 85
2 256
1 256
1 256
0 33
1 256
2 256
0 180
0 49
2 256
2 256
0 48
1 256
3 256
0 17
1 256
1 256
1 256
2 256
1 256
0 122
1 256
0 185
1 256
0 66
0 56
1 256
0 191
2 256
2 256
0 92
1 256
2 256
1 256
0 159
2 256
1 256
2 256
0 151
0 20
0 83
1 256
0 45
1 256
0 21
1 256
0 13
0 48
1 256
1 256
1 256
2 256
0 46
0 60
0 33
3 256
0 14
1 256
1 256
2 256
1 256
0 58
0 62
1 256
2 256
0 171
5 256
1 256
0 63
0 225
0 75
1 256
0 120
0 69
0 46
0 139
0 24
1 256
2 256
0 37
0 159
2 256
0 34
0 181
1 256
3 256
1 256
0 113
0 138
0 46
1 256
1 256
0 118
2 256
1 256
1 256
0 222
0 99
0 37
2 256
0 255
0 24
1 256
0 63
1 256
0 70
1 256
0 21
0 60
0 143
2 256
0 24
1 256
1 256
1 256
2 256
1 256
1 256
0 103
3 256
2 256
0 21
0 253
0 46
0 29
0 40
2 256
1 256
0 11
1 256
2 256
1 256
0 67
2 256
0 128
2 256
0 209
1 256
1 256
0 31
1 256
0 184
2 256
0 62
0 51
1 256
0 91
0 23
0 49
1 256
2 256
0 74
1 256
0 133
0 64
0 189
1 256
1 256
3 256
0 27
2 256
1 256
0 49
0 128
1 256
1 256
0 93
0 46
0 19
0 67
1 256
0 36
0 167
1 256
1 256
1 256
0 50
0 158
2 256
0 210
1 256
1 256
1 256
1 256
0 96
0 58
0 60
0 85
0 29
0 11
1 256
0 37
1 256
0 31
0 161
1 256
1 256
0 56
0 113
0 78
0 126
1 256
0 21
2 256
1 256
0 40
1 256
1 256
0 94
2 256
0 212
2 256
1 256
0 87
1 256
1 256
2 256
0 79
0 56
0 232
1 256
1 256
2 256
2 256
1 256
0 36
0 125
0 53
0 111
2 256
2 256
1 256
0 47
1 256
3 256
0 74
0 31
1 256
2 256
1 256
1 256
0 133
0 51
0 53
0 44
2 256
4 256
0 23
1 256
0 79
0 24
1 256
1 256
1 256
0 97
3 256
1 256
1 256
2 256
0 12
0 131
1 256
0 11
1 256
0 167
0 246
0 58
1 256
2 256
0 175
0 41
0 40
3 256
1 256
2 256
1 256
0 25
1 256
1 256
0 83
1 256
0 79
0 130
1 256
1 256
0 192
0 52
0 43
1 256
1 256
0 15
2 256
0 88
1 256
0 46
1 256
2 256
3 256
2 256
0 59
0 57
2 256
0 79
1 256
1 256
1 256
0 206
3 256
1 256
2 256
0 27
2 256
0 39
0 196
0 140
1 256
0 92
2 256
1 256
0 31
3 256
3 256
1 256
0 54
0 79
1 256
1 256
0 61
1 256
4 256
0 126
0 99
1 256
0 108
0 71
1 256
2 256
1 256
0 70
1 256
0 69
3 256
0 143
1 256
0 96
0 135
0 116
0 50
1 256
0 57
1 256
0 133
1 256
1 256
0 19
1 256
0 179
0 46
2 256
1 256
1 256
0 116
0 39
1 256
1 256
0 121
2 256
1 256
3 256
1 256
1 256
0 47
0 196
0 55
1 256
1 256
0 32
2 256
0 27
2 256
1 256
1 256
0 75
0 50
0 80
0 84
0 63
2 256
1 256
1 256
0 23
1 256
0 159
2 256
1 256
0 32
0 107
0 26
2 256
1 256
0 70
2 256
2 256
3 256
1 256
3 256
3 256
0 170
1 256
0 193
1 256
1 256
1 256
2 256
0 171
2 256
1 256
1 256
2 256
0 64
0 123
1 256
0 78
1 256
0 27
3 256
1 256
2 256
0 30
0 58
0 36
0 59
1 256
2 256
1 256
2 256
0 68
0 154
0 65
1 256
2 256
0 44
0 72
0 200
0 59
2 256
1 256
1 256
0 10
2 256
0 65
3 256
0 256
0 32
1 256
1 256
1 256
1 256
2 256
1 256
0 22
0 23
2 256
1 256
1 256
0 23
1 256
1 256
1 256
1 256
1 256
0 40
2 256
0 50
0 56
2 256
2 256
0 21
0 144
1 256
1 256
0 38
0 17
1 256
2 256
1 256
2 256
1 256
0 137
1 256
1 256
2 256
0 29
2 256
1 256
3 256
0 132
0 20
0 62
2 256
0 66
1 256
0 93
0 20
1 256
1 256
1 256
1 256
1 256
0 199
0 77
0 24
1 256
0 59
1 256
2 256
1 256
1 256
1 256
0 88
2 256
1 256
0 124
1 256
1 256
0 32
1 256
0 45
0 119
0 252
1 256
2 256
1 256
2 256
1 256
0 27
1 256
0 33
0 20
0 141
3 256
1 256
2 256
0 149
1 256
0 107
0 11
0 234
1 256
0 46
1 256
2 256
0 21
3 256
1 256
0 69
1 256
1 256
2 256
0 185
1 256
1 256
1 256
1 256
1 256
2 256
1 256
0 119
3 256
1 256
1 256
1 256
0 171
1 256
0 18
1 256
0 137
1 256
1 256
1 256
1 256
0 62
0 153
1 256
0 164
3 256
0 193
1 256
0 148
0 63
1 256
3 256
3 256
0 39
2 256
2 256
0 74
0 47
0 155
0 18
0 155
0 39
1 256
2 256
2 256
2 256
0 73
0 227
1 256
2 256
0 14
0 63
1 256
2 256
2 256
1 256
1 256
0 131
2 256
2 256
0 22
1 256
2 256
1 256
0 54
0 143
1 256
0 20
0 73
1 256
1 256
0 21
0 76
0 29
1 256
0 78
1 256
0 73
1 256
2 256
2 256
0 115
0 162
0 35
0 63
1 256
1 256
2 256
0 192
2 256
0 15
1 256
1 256
3 256
2 256
0 49
0 122
1 256
2 256
0 69
0 63
0 102
0 94
0 8
2 256
1 256
0 211
0 210
0 147
0 175
0 35
1 256
2 256
0 107
0 89
2 256
0 99
0 78
0 229
0 207
2 256
0 110
1 256
2 256
0 32
0 43
0 249
1 256
2 256
1 256
0 72
0 63
0 50
0 70
0 16
2 256
0 44
2 256
1 256
0 248
0 59
0 195
0 226
0 57
1 256
1 256
1 256
3 256
1 256
0 83
2 256
0 200
0 241
1 256
3 256
0 23
1 256
2 256
0 114
3 256
1 256
0 181
1 256
2 256
0 229
1 256
1 256
1 256
1 256
1 256
2 256
1 256
0 53
0 35
0 66
0 68
1 256
1 256
0 39
0 45
2 256
2 256
1 256
1 256
0 231
1 256
0 9
1 256
2 256
0 25
0 44
0 6
1 256
0 13
3 256
0 72
0 91
0 133
0 31
0 69
2 256
1 256
2 256
0 24
0 20
0 94
0 94
0 49
0 236
1 256
1 256
0 9
0 63
0 190
1 256
0 79
0 12
0 19
0 23
0 99
2 256
0 42
1 256
1 256
0 138
0 101
2 256
1 256
1 256
0 123
0 85
1 256
2 256
1 256
0 40
1 256
3 256
1 256
0 23
5 256
0 9
3 256
1 256
1 256
0 8
0 124
0 58
1 256
0 126
0 43
0 53
1 256
1 256
0 184
0 102
2 256
1 256
0 52
0 47
1 256
1 256
0 128
0 49
0 73
2 256
0 21
0 30
1 256
1 256
1 256
1 256
0 206
0 161
2 256
0 203
2 256
0 43
2 256
1 256
1 256
1 256
2 256
0 174
2 256
1 256
0 43
0 25
1 256
0 84
1 256
0 17
1 256
3 256
1 256
0 20
0 46
1 256
1 256
0 81
1 256
1 256
1 256
2 256
2 256
2 256
0 143
2 256
2 256
0 32
1 256
1 256
2 256
0 45
2 256
0 78
0 66
0 105
1 256
0 123
1 256
0 28
3 256
0 123
0 205
0 185
0 33
0 24
2 256
1 256
1 256
1 256
2 256
3 256
1 256
1 256
0 31
1 256
0 135
1 256
1 256
1 256
2 256
1 256
5 256
1 256
1 256
1 256
0 124
0 47
1 256
0 36
0 61
0 25
1 256
0 13
0 47
1 256
1 256
0 34
1 256
0 31
1 256
2 256
0 159
1 256
1 256
2 256
1 256
1 256
0 162
1 256
0 38
1 256
1 256
1 256
1 256
0 24
0 14
0 32
3 256
0 140
0 244
2 256
0 228
2 256
1 256
1 256
0 88
0 29
0 84
1 256
1 256
0 47
0 80
2 256
1 256
0 88
1 256
0 39
0 100
2 256
0 19
1 256
0 85
0 85
0 51
0 10
2 256
1 256
1 256
1 256
0 151
1 256
2 256
2 256
1 256
1 256
0 169
1 256
0 32
2 256
1 256
2 256
1 256
1 256
1 256
0 131
1 256
1 256
0 38
2 256
1 256
0 85
0 151
2 256
1 256
1 256
3 256
1 256
0 39
1 256
1 256
0 144
0 23
2 256
0 131
0 45
1 256
1 256
0 87
0 42
1 256
0 25
0 33
1 256
0 167
0 14
1 256
0 8
2 256
0 53
1 256
1 256
0 68
1 256
1 256
0 253
0 141
0 119
0 63
0 172
0 51
1 256
0 187
1 256
0 22
0 62
1 256
0 65
0 15
0 91
0 42
1 256
0 40
0 31
2 256
0 20
2 256
2 256
1 256
0 78
2 256
0 51
1 256
2 256
0 34
0 36
0 172
0 42
1 256
0 53
1 256
0 66
2 256
2 256
0 37
0 33
2 256
0 90
2 256
0 109
0 184
0 72
1 256
1 256
3 256
0 57
1 256
0 66
2 256
1 256
0 21
2 256
0 38
1 256
0 37
1 256
1 256
0 149
1 256
1 256
0 91
2 256
2 256
0 36
1 256
0 241
0 242
0 65
1 256
1 256
0 147
1 256
1 256
2 256
1 256
2 256
0 229
0 64
1 256
0 48
2 256
0 74
0 196
0 38
1 256
0 203
0 49
0 22
1 256
1 256
0 242
1 256
0 125
0 23
1 256
1 256
2 256
2 256
0 74
0 153
1 256
0 122
2 256
2 256
1 256
2 256
1 256
0 87
1 256
2 256
1 256
1 256
0 51
1 256
0 18
1 256
0 144
0 62
0 13
0 106
1 256
0 59
1 256
0 108
1 256
0 59
2 256
2 256
2 256
2 256
2 256
1 256
0 24
1 256
0 237
1 256
0 98
0 35
3 256
0 199
1 256
0 32
2 256
1 256
0 69
0 90
1 256
0 245
0 116
1 256
0 147
2 256
0 109
3 256
0 131
3 256
0 128
2 256
0 185
1 256
3 256
1 256
1 256
0 41
0 41
1 256
0 16
2 256
2 256
0 210
1 256
0 63
1 256
1 256
1 256
0 68
0 45
0 33
2 256
0 55
1 256
0 81
2 256
0 43
0 41
2 256
0 22
0 49
0 64
0 46
0 53
2 256
2 256
1 256
0 98
1 256
0 120
2 256
2 256
0 74
0 37
0 177
1 256
0 65
3 256
1 256
0 166
0 28
1 256
0 53
1 256
0 60
0 72
0 156
0 35
1 256
0 142
1 256
2 256
1 256
0 20
2 256
1 256
2 256
4 256
0 89
2 256
1 256
1 256
0 26
1 256
0 19
0 32
1 256
1 256
0 96
0 78
1 256
0 165
2 256
0 38
0 61
2 256
1 256
1 256
0 77
1 256
1 256
4 256
2 256
0 72
0 64
3 256
0 108
0 67
0 50
2 256
2 256
1 256
0 55
1 256
2 256
0 70
1 256
1 256
0 38
1 256
1 256
1 256
3 256
0 161
1 256
1 256
1 256
1 256
1 256
1 256
1 256
1 256
1 256
1 256
4 256
0 42
1 256
1 256
1 256
2 256
1 256
0 41
1 256
3 256
1 256
0 32
2 256
1 256
0 36
2 256
1 256
0 71
2 256
1 256
1 256
0 80
2 256
1 256
3 256
1 256
0 101
2 256
3 256
1 256
2 256
1 256
1 256
1 256
1 256
2 256
1 256
0 110
0 92
1 256
0 25
1 256
0 95
0 41
1 256
0 129
0 45
1 256
0 27
0 118
0 24
2 256
1 256
2 256
0 55
2 256
0 104
1 256
1 256
0 207
2 256
1 256
1 256
0 69
0 139
2 256
0 122
2 256
1 256
2 256
1 256
1 256
0 229
0 58
2 256
1 256
1 256
0 176
3 256
0 30
1 256
1 256
2 256
1 256
3 256
1 256
0 21
0 57
2 256
0 45
2 256
0 256
1 256
1 256
0 197
0 24
0 204
1 256
0 55
0 96
0 67
2 256
1 256
1 256
0 34
1 256
0 15
1 256
0 78
1 256
1 256
0 89
1 256
0 74
1 256
0 25
0 57
1 256
1 256
0 22
1 256
1 256
2 256
1 256
2 256
0 41
4 256
1 256
0 116
0 50
0 33
1 256
1 256
0 133
1 256
2 256
0 42
1 256
2 256
0 36
0 35
0 116
2 256
3 256
2 256
0 67
0 242
0 59
1 256
1 256
2 256
0 98
0 27
0 26
4 256
0 202
0 131
1 256
1 256
2 256
3 256
1 256
1 256
0 113
1 256
0 77
0 45
0 38
0 40
0 26
0 41
2 256
0 147
1 256
0 44
1 256
0 88
0 86
0 32
0 53
2 256
1 256
2 256
0 140
0 165
0 246
1 256
1 256
0 65
0 30
2 256
1 256
2 256
0 74
0 24
2 256
1 256
0 112
0 29
0 60
1 256
1 256
1 256
1 256
0 87
1 256
2 256
0 120
2 256
0 39
0 24
0 82
0 65
0 69
0 54
1 256
0 75
3 256
1 256
2 256
1 256
0 37
1 256
1 256
1 256
1 256
2 256
0 100
0 59
0 77
2 256
0 23
1 256
1 256
1 256
3 256
1 256
1 256
1 256
0 17
2 256
0 52
1 256
1 256
0 187
0 69
0 196
1 256
1 256
0 209
3 256
3 256
0 60
3 256
0 59
1 256
2 256
2 256
2 256
0 66
1 256
0 70
1 256
0 72
0 31
0 139
0 58
3 256
0 30
1 256
2 256
1 256
0 156
0 218
2 256
0 129
1 256
0 144
0 149
0 201
0 30
1 256
0 29
1 256
1 256
0 71
0 115
1 256
1 256
2 256
2 256
0 204
0 160
1 256
2 256
2 256
0 201
0 49
1 256
1 256
1 256
2 256
0 66
1 256
0 142
1 256
1 256
2 256
0 156
1 256
0 56
0 21
0 46
1 256
2 256
1 256
0 201
0 68
0 76
0 40
1 256
0 232
0 57
2 256
1 256
2 256
0 31
0 71
0 61
0 43
0 14
1 256
0 83
2 256
1 256
0 156
0 125
0 23
4 256
1 256
1 256
2 256
1 256
1 256
1 256
1 256
1 256
2 256
2 256
1 256
2 256
1 256
0 49
0 116
1 256
0 157
1 256
0 14
1 256
0 169
2 256
0 54
0 104
1 256
1 256
0 132
0 45
0 146
1 256
2 256
1 256
1 256
1 256
1 256
1 256
5 256
0 151
0 126
0 67
3 256
0 81
3 256
0 114
1 256
2 256
0 67
2 256
0 17
3 256
0 45
0 97
0 72
1 256
1 256
0 11
0 96
0 33
1 256
0 23
0 208
1 256
1 256
1 256
1 256
0 26
0 46
0 20
2 256
2 256
1 256
0 217
0 20
2 256
1 256
0 60
0 48
1 256
1 256
0 44
0 92
1 256
0 60
0 10
0 83
2 256
0 33
0 65
0 245
1 256
0 13
1 256
0 33
0 18
1 256
2 256
1 256
0 61
1 256
2 256
3 256
1 256
1 256
0 73
0 122
1 256
0 46
2 256
1 256
1 256
2 256
0 100
0 52
0 57
1 256
0 50
0 85
1 256
2 256
0 250
1 256
1 256
0 36
2 256
1 256
1 256
0 16
0 95
0 18
0 25
1 256
0 170
0 26
0 13
1 256
1 256
1 256
1 256
3 256
0 86
0 67
1 256
0 86
0 17
2 256
0 34
1 256
1 256
1 256
1 256
2 256
1 256
0 39
1 256
0 198
1 256
0 140
2 256
1 256
0 202
0 66
0 88
1 256
1 256
1 256
0 134
0 13
1 256
1 256
1 256
0 146
1 256
1 256
1 256
0 103
1 256
0 159
0 52
1 256
1 256
1 256
1 256
0 95
0 242
1 256
1 256
0 72
0 72
0 96
2 256
1 256
2 256
0 118
1 256
0 46
0 109
3 256
1 256
1 256
0 65
1 256
1 256
2 256
2 256
2 256
0 58
0 248
3 256
0 91
2 256
1 256
0 41
0 67
1 256
4 256
2 256
0 35
3 256
1 256
2 256
1 256
3 256
1 256
1 256
1 256
1 256
1 256
1 256
1 256
0 34
1 256
0 39
2 256
0 67
1 256
1 256
3 256
1 256
1 256
0 15
0 209
1 256
0 9
0 41
1 256
0 227
0 22
1 256
1 256
1 256
1 256
0 8
1 256
1 256
2 256
0 116
1 256
0 20
0 104
1 256
0 38
1 256
2 256
0 234
1 256
0 52
3 256
2 256
0 33
0 104
1 256
2 256
1 256
1 256
3 256
2 256
1 256
0 107
1 256
1 256
1 256
3 256
0 157
1 256
0 214
0 40
0 14
0 114
1 256
0 26
2 256
1 256
0 41
3 256
0 39
0 228
0 197
0 236
0 33
2 256
0 52
0 96
2 256
2 256
1 256
2 256
0 122
0 169
1 256
1 256
1 256
1 256
1 256
0 147
1 256
0 54
0 59
1 256
0 221
0 68
0 111
0 26
0 27
0 24
5 256
2 256
0 86
1 256
0 98
1 256
2 256
1 256
0 77
1 256
1 256
1 256
1 256
1 256
2 256
1 256
0 233
2 256
0 49
1 256
0 66
0 65
1 256
1 256
1 256
0 120
2 256
1 256
0 77
1 256
2 256
1 256
0 191
1 256
0 35
0 116
1 256
1 256
1 256
1 256
1 256
1 256
2 256
1 256
1 256
1 256
0 130
1 256
0 37
0 199
0 187
0 93
0 215
2 256
3 256
1 256
0 29
0 46
0 15
1 256
2 256
1 256
3 256
0 190
1 256
0 50
0 38
1 256
0 132
3 256
1 256
1 256
1 256
1 256
2 256
1 256
2 256
1 256
0 83
1 256
2 256
2 256
1 256
1 256
0 121
1 256
2 256
0 40
2 256
0 37
0 37
1 256
0 153
0 86
1 256
1 256
3 256
3 256
0 85
0 47
1 256
1 256
2 256
2 256
0 134
0 31
2 256
0 179
0 182
0 154
1 256
1 256
1 256
0 47
2 256
1 256
1 256
1 256
0 223
0 11
2 256
0 106
4 256
1 256
1 256
2 256
0 48
0 219
2 256
0 22
0 60
0 171
0 54
0 21
3 256
0 108
1 256
1 256
1 256
1 256
2 256
2 256
0 33
1 256
0 79
0 29
2 256
2 256
0 53
1 256
1 256
1 256
1 256
2 256
2 256
0 116
0 37
1 256
0 65
0 84
0 60
0 32
1 256
1 256
0 144
0 105
1 256
1 256
1 256
0 91
0 40
0 106
0 104
0 64
0 17
3 256
1 256
0 71
0 46
1 256
0 51
0 18
2 256
1 256
0 65
2 256
1 256
4 256
0 11
1 256
0 19
3 256
0 47
1 256
1 256
0 61
2 256
1 256
0 247
0 83
1 256
1 256
1 256
0 51
1 256
1 256
0 136
1 256
1 256
2 256
0 50
2 256
1 256
0 10
1 256
2 256
2 256
0 117
0 138
0 169
1 256
2 256
2 256
0 48
2 256
1 256
0 140
2 256
2 256
0 68
0 237
1 256
1 256
1 256
1 256
0 20
1 256
1 256
0 102
0 99
