# SA for random K-SAT
# K = 3   N = 4096   M = 16128   seed = 374779349
# alpha = 3.937500   nIter = 1024  Tmax = 0.200000
# 1:lowestUnsat  2:runTime
0 570
1 1024
1 1024
1 1024
1 1024
1 1024
0 949
1 1024
1 1024
3 1024
2 1024
3 1024
5 1024
2 1024
0 604
2 1024
2 1024
2 1024
3 1024
4 1024
3 1024
1 1024
2 1024
2 1024
2 1024
0 550
4 1024
1 1024
2 1024
2 1024
2 1024
0 753
1 1024
7 1024
2 1024
0 581
1 1024
1 1024
1 1024
1 1024
2 1024
5 1024
3 1024
1 1024
1 1024
1 1024
3 1024
2 1024
2 1024
1 1024
2 1024
3 1024
3 1024
1 1024
0 719
6 1024
4 1024
1 1024
6 1024
3 1024
2 1024
1 1024
1 1024
4 1024
0 414
4 1024
1 1024
2 1024
0 694
5 1024
0 872
3 1024
3 1024
2 1024
1 1024
2 1024
3 1024
2 1024
3 1024
4 1024
2 1024
2 1024
1 1024
2 1024
3 1024
2 1024
4 1024
0 769
6 1024
2 1024
0 669
1 1024
4 1024
3 1024
3 1024
2 1024
3 1024
1 1024
1 1024
3 1024
2 1024
2 1024
4 1024
3 1024
7 1024
2 1024
1 1024
2 1024
3 1024
2 1024
1 1024
1 1024
2 1024
3 1024
3 1024
2 1024
0 745
2 1024
5 1024
1 1024
0 956
2 1024
3 1024
2 1024
4 1024
4 1024
6 1024
0 914
5 1024
3 1024
5 1024
2 1024
2 1024
3 1024
4 1024
4 1024
1 1024
1 1024
2 1024
2 1024
1 1024
1 1024
2 1024
2 1024
4 1024
1 1024
6 1024
1 1024
4 1024
2 1024
0 456
3 1024
4 1024
4 1024
1 1024
2 1024
1 1024
5 1024
1 1024
2 1024
6 1024
1 1024
4 1024
1 1024
3 1024
3 1024
2 1024
1 1024
3 1024
3 1024
0 749
4 1024
2 1024
3 1024
5 1024
2 1024
1 1024
2 1024
2 1024
3 1024
3 1024
0 509
2 1024
4 1024
4 1024
3 1024
1 1024
2 1024
2 1024
0 986
3 1024
1 1024
3 1024
3 1024
8 1024
2 1024
3 1024
4 1024
3 1024
2 1024
3 1024
3 1024
3 1024
3 1024
1 1024
1 1024
1 1024
0 358
1 1024
2 1024
3 1024
5 1024
5 1024
3 1024
2 1024
2 1024
0 974
6 1024
4 1024
0 957
0 937
2 1024
3 1024
4 1024
0 872
0 967
4 1024
3 1024
2 1024
1 1024
0 927
2 1024
2 1024
7 1024
1 1024
4 1024
0 995
4 1024
2 1024
2 1024
3 1024
3 1024
5 1024
2 1024
2 1024
1 1024
1 1024
4 1024
3 1024
2 1024
0 531
2 1024
2 1024
2 1024
4 1024
3 1024
1 1024
4 1024
2 1024
3 1024
2 1024
4 1024
0 539
1 1024
2 1024
0 626
2 1024
2 1024
0 624
2 1024
2 1024
2 1024
4 1024
5 1024
1 1024
1 1024
1 1024
2 1024
2 1024
2 1024
4 1024
2 1024
2 1024
2 1024
3 1024
1 1024
2 1024
0 507
2 1024
4 1024
4 1024
0 930
0 641
4 1024
2 1024
3 1024
2 1024
5 1024
3 1024
4 1024
0 776
2 1024
0 1021
0 850
2 1024
2 1024
2 1024
1 1024
3 1024
2 1024
6 1024
2 1024
2 1024
1 1024
3 1024
0 921
4 1024
0 631
2 1024
4 1024
7 1024
4 1024
4 1024
3 1024
4 1024
1 1024
8 1024
1 1024
1 1024
1 1024
4 1024
1 1024
4 1024
1 1024
2 1024
3 1024
0 1024
1 1024
2 1024
1 1024
1 1024
2 1024
1 1024
2 1024
2 1024
0 573
6 1024
5 1024
7 1024
3 1024
6 1024
0 684
0 694
3 1024
1 1024
3 1024
2 1024
0 937
2 1024
2 1024
1 1024
4 1024
2 1024
2 1024
1 1024
3 1024
3 1024
3 1024
0 923
3 1024
0 756
6 1024
2 1024
2 1024
2 1024
2 1024
4 1024
3 1024
2 1024
0 644
2 1024
0 558
1 1024
4 1024
0 938
0 859
3 1024
2 1024
5 1024
4 1024
0 467
3 1024
2 1024
6 1024
2 1024
1 1024
0 1021
1 1024
4 1024
2 1024
1 1024
3 1024
1 1024
0 497
1 1024
2 1024
0 847
2 1024
1 1024
2 1024
1 1024
1 1024
8 1024
4 1024
2 1024
2 1024
4 1024
4 1024
2 1024
1 1024
1 1024
1 1024
2 1024
4 1024
2 1024
1 1024
5 1024
3 1024
1 1024
3 1024
3 1024
1 1024
4 1024
1 1024
0 595
3 1024
1 1024
4 1024
0 914
4 1024
2 1024
4 1024
0 990
2 1024
2 1024
0 624
3 1024
0 630
2 1024
3 1024
1 1024
1 1024
1 1024
0 816
6 1024
0 1010
2 1024
5 1024
2 1024
4 1024
3 1024
3 1024
2 1024
3 1024
4 1024
1 1024
6 1024
2 1024
4 1024
4 1024
0 735
1 1024
1 1024
1 1024
1 1024
0 577
1 1024
8 1024
1 1024
3 1024
0 911
1 1024
6 1024
2 1024
1 1024
2 1024
1 1024
4 1024
2 1024
2 1024
3 1024
2 1024
1 1024
1 1024
1 1024
4 1024
2 1024
0 662
4 1024
2 1024
2 1024
4 1024
2 1024
2 1024
2 1024
2 1024
3 1024
1 1024
2 1024
3 1024
1 1024
5 1024
2 1024
2 1024
4 1024
4 1024
3 1024
1 1024
5 1024
3 1024
6 1024
1 1024
3 1024
1 1024
2 1024
4 1024
1 1024
1 1024
4 1024
2 1024
2 1024
3 1024
4 1024
2 1024
1 1024
4 1024
1 1024
4 1024
4 1024
1 1024
2 1024
3 1024
3 1024
0 1018
3 1024
2 1024
0 552
2 1024
3 1024
3 1024
4 1024
3 1024
0 714
4 1024
2 1024
1 1024
2 1024
2 1024
2 1024
2 1024
0 539
2 1024
3 1024
2 1024
0 980
5 1024
2 1024
2 1024
3 1024
1 1024
3 1024
3 1024
1 1024
3 1024
2 1024
2 1024
2 1024
2 1024
0 784
2 1024
4 1024
2 1024
6 1024
6 1024
3 1024
1 1024
7 1024
4 1024
3 1024
2 1024
1 1024
1 1024
2 1024
0 955
3 1024
2 1024
5 1024
3 1024
0 458
1 1024
2 1024
2 1024
5 1024
1 1024
3 1024
3 1024
3 1024
2 1024
1 1024
4 1024
1 1024
3 1024
1 1024
4 1024
3 1024
3 1024
2 1024
1 1024
2 1024
2 1024
0 507
2 1024
1 1024
2 1024
5 1024
3 1024
0 634
3 1024
0 536
1 1024
1 1024
1 1024
0 427
6 1024
4 1024
5 1024
1 1024
1 1024
5 1024
3 1024
2 1024
2 1024
0 299
1 1024
2 1024
6 1024
1 1024
1 1024
1 1024
1 1024
5 1024
0 596
3 1024
3 1024
3 1024
0 723
3 1024
2 1024
3 1024
6 1024
4 1024
3 1024
2 1024
2 1024
3 1024
2 1024
2 1024
1 1024
2 1024
3 1024
2 1024
0 709
3 1024
4 1024
2 1024
4 1024
2 1024
2 1024
1 1024
5 1024
0 913
3 1024
2 1024
3 1024
1 1024
5 1024
2 1024
4 1024
3 1024
2 1024
4 1024
2 1024
2 1024
4 1024
3 1024
3 1024
0 869
1 1024
5 1024
0 471
3 1024
4 1024
3 1024
3 1024
1 1024
1 1024
5 1024
1 1024
6 1024
2 1024
2 1024
0 651
0 567
0 640
3 1024
2 1024
1 1024
3 1024
2 1024
2 1024
1 1024
2 1024
4 1024
1 1024
3 1024
1 1024
1 1024
1 1024
1 1024
0 793
1 1024
3 1024
1 1024
0 821
2 1024
2 1024
6 1024
1 1024
4 1024
1 1024
2 1024
0 727
3 1024
1 1024
5 1024
2 1024
0 678
1 1024
2 1024
1 1024
2 1024
6 1024
2 1024
0 519
1 1024
2 1024
2 1024
3 1024
5 1024
5 1024
7 1024
1 1024
2 1024
1 1024
0 640
2 1024
0 351
3 1024
0 980
2 1024
1 1024
3 1024
1 1024
1 1024
3 1024
3 1024
4 1024
1 1024
3 1024
2 1024
5 1024
3 1024
1 1024
2 1024
1 1024
1 1024
2 1024
1 1024
2 1024
2 1024
1 1024
0 768
1 1024
1 1024
3 1024
2 1024
2 1024
2 1024
0 527
2 1024
2 1024
0 803
2 1024
3 1024
2 1024
1 1024
1 1024
2 1024
5 1024
1 1024
2 1024
1 1024
1 1024
3 1024
3 1024
3 1024
3 1024
1 1024
1 1024
1 1024
1 1024
1 1024
1 1024
4 1024
3 1024
2 1024
3 1024
2 1024
2 1024
0 304
2 1024
2 1024
3 1024
5 1024
3 1024
3 1024
1 1024
1 1024
1 1024
0 750
1 1024
0 962
2 1024
1 1024
5 1024
6 1024
3 1024
0 769
4 1024
1 1024
1 1024
6 1024
4 1024
1 1024
3 1024
3 1024
1 1024
1 1024
3 1024
2 1024
6 1024
2 1024
4 1024
1 1024
1 1024
3 1024
3 1024
6 1024
1 1024
5 1024
1 1024
1 1024
3 1024
1 1024
2 1024
0 859
3 1024
3 1024
2 1024
0 859
2 1024
1 1024
3 1024
3 1024
4 1024
6 1024
3 1024
1 1024
1 1024
2 1024
4 1024
1 1024
4 1024
1 1024
2 1024
2 1024
0 738
1 1024
2 1024
3 1024
7 1024
3 1024
0 623
1 1024
4 1024
1 1024
1 1024
3 1024
2 1024
2 1024
2 1024
6 1024
2 1024
2 1024
3 1024
3 1024
0 936
2 1024
3 1024
2 1024
2 1024
1 1024
5 1024
1 1024
6 1024
4 1024
3 1024
2 1024
4 1024
2 1024
6 1024
0 476
1 1024
3 1024
1 1024
1 1024
3 1024
2 1024
1 1024
3 1024
4 1024
2 1024
2 1024
2 1024
3 1024
2 1024
2 1024
2 1024
2 1024
2 1024
2 1024
2 1024
1 1024
1 1024
1 1024
2 1024
3 1024
4 1024
3 1024
1 1024
2 1024
3 1024
2 1024
2 1024
2 1024
1 1024
2 1024
3 1024
2 1024
1 1024
0 409
2 1024
4 1024
2 1024
3 1024
0 600
1 1024
2 1024
5 1024
1 1024
3 1024
2 1024
3 1024
4 1024
2 1024
2 1024
1 1024
3 1024
3 1024
2 1024
4 1024
2 1024
4 1024
2 1024
2 1024
3 1024
3 1024
1 1024
2 1024
5 1024
3 1024
3 1024
3 1024
3 1024
3 1024
0 887
1 1024
3 1024
2 1024
4 1024
5 1024
0 964
2 1024
2 1024
4 1024
1 1024
2 1024
2 1024
1 1024
4 1024
0 850
1 1024
3 1024
1 1024
5 1024
1 1024
3 1024
2 1024
3 1024
0 1018
0 822
3 1024
2 1024
0 733
3 1024
4 1024
1 1024
5 1024
3 1024
2 1024
1 1024
6 1024
1 1024
2 1024
1 1024
1 1024
1 1024
9 1024
3 1024
2 1024
0 914
1 1024
2 1024
2 1024
2 1024
0 838
1 1024
3 1024
2 1024
1 1024
2 1024
1 1024
3 1024
3 1024
4 1024
2 1024
2 1024
4 1024
4 1024
3 1024
1 1024
5 1024
1 1024
4 1024
1 1024
1 1024
3 1024
4 1024
3 1024
1 1024
1 1024
3 1024
5 1024
5 1024
4 1024
1 1024
2 1024
3 1024
1 1024
2 1024
3 1024
2 1024
2 1024
1 1024
4 1024
12 1024
0 768
1 1024
2 1024
3 1024
3 1024
2 1024
0 887
3 1024
2 1024
5 1024
2 1024
2 1024
2 1024
5 1024
1 1024
4 1024
1 1024
2 1024
5 1024
1 1024
4 1024
3 1024
2 1024
1 1024
1 1024
4 1024
1 1024
4 1024
7 1024
2 1024
1 1024
0 950
0 800
2 1024
2 1024
4 1024
5 1024
0 879
0 928
1 1024
2 1024
1 1024
0 692
4 1024
4 1024
0 788
3 1024
1 1024
4 1024
2 1024
3 1024
2 1024
4 1024
0 998
1 1024
3 1024
0 506
3 1024
2 1024
6 1024
2 1024
2 1024
7 1024
2 1024
2 1024
3 1024
0 833
2 1024
3 1024
2 1024
1 1024
4 1024
0 567
4 1024
0 867
1 1024
1 1024
5 1024
3 1024
0 589
3 1024
4 1024
5 1024
0 654
2 1024
0 790
0 819
1 1024
1 1024
4 1024
7 1024
1 1024
2 1024
2 1024
4 1024
1 1024
5 1024
1 1024
2 1024
2 1024
1 1024
5 1024
5 1024
1 1024
3 1024
4 1024
3 1024
1 1024
0 911
1 1024
1 1024
1 1024
4 1024
2 1024
3 1024
2 1024
2 1024
2 1024
8 1024
2 1024
3 1024
3 1024
3 1024
3 1024
2 1024
1 1024
0 568
6 1024
0 770
3 1024
2 1024
5 1024
3 1024
1 1024
0 931
0 594
5 1024
4 1024
1 1024
0 415
1 1024
1 1024
3 1024
4 1024
2 1024
0 810
4 1024
2 1024
5 1024
1 1024
1 1024
0 501
3 1024
1 1024
3 1024
5 1024
4 1024
4 1024
1 1024
6 1024
2 1024
1 1024
0 765
0 1024
3 1024
1 1024
2 1024
4 1024
1 1024
3 1024
3 1024
0 801
3 1024
4 1024
1 1024
6 1024
3 1024
2 1024
7 1024
3 1024
1 1024
4 1024
2 1024
1 1024
2 1024
1 1024
0 756
0 948
2 1024
0 565
3 1024
2 1024
6 1024
3 1024
3 1024
1 1024
4 1024
4 1024
2 1024
1 1024
0 754
3 1024
3 1024
3 1024
0 869
4 1024
2 1024
1 1024
2 1024
2 1024
4 1024
2 1024
0 884
2 1024
2 1024
3 1024
4 1024
3 1024
5 1024
0 838
4 1024
0 781
2 1024
1 1024
3 1024
5 1024
0 874
1 1024
2 1024
3 1024
1 1024
6 1024
1 1024
1 1024
1 1024
8 1024
2 1024
2 1024
5 1024
4 1024
3 1024
5 1024
0 887
4 1024
3 1024
1 1024
0 811
2 1024
3 1024
2 1024
3 1024
2 1024
1 1024
2 1024
4 1024
1 1024
3 1024
3 1024
3 1024
2 1024
3 1024
0 580
3 1024
3 1024
4 1024
2 1024
1 1024
1 1024
0 568
4 1024
1 1024
1 1024
9 1024
1 1024
3 1024
1 1024
3 1024
2 1024
4 1024
1 1024
4 1024
4 1024
3 1024
1 1024
2 1024
2 1024
2 1024
3 1024
5 1024
0 890
2 1024
5 1024
8 1024
1 1024
2 1024
0 569
10 1024
0 1013
3 1024
2 1024
1 1024
4 1024
0 873
1 1024
4 1024
3 1024
1 1024
1 1024
5 1024
3 1024
0 899
3 1024
2 1024
1 1024
2 1024
2 1024
5 1024
3 1024
3 1024
2 1024
2 1024
3 1024
3 1024
2 1024
1 1024
1 1024
2 1024
1 1024
1 1024
4 1024
0 756
1 1024
2 1024
2 1024
3 1024
2 1024
2 1024
5 1024
1 1024
2 1024
3 1024
5 1024
1 1024
2 1024
1 1024
2 1024
2 1024
2 1024
2 1024
3 1024
2 1024
2 1024
3 1024
3 1024
2 1024
2 1024
5 1024
1 1024
2 1024
2 1024
1 1024
1 1024
3 1024
3 1024
4 1024
0 668
3 1024
3 1024
1 1024
3 1024
1 1024
1 1024
3 1024
2 1024
1 1024
2 1024
1 1024
6 1024
3 1024
1 1024
6 1024
2 1024
5 1024
0 607
4 1024
2 1024
3 1024
3 1024
2 1024
2 1024
3 1024
1 1024
3 1024
2 1024
3 1024
1 1024
2 1024
1 1024
2 1024
1 1024
2 1024
1 1024
2 1024
4 1024
1 1024
2 1024
3 1024
2 1024
3 1024
1 1024
4 1024
2 1024
1 1024
0 573
2 1024
3 1024
4 1024
0 555
2 1024
1 1024
0 600
2 1024
2 1024
2 1024
1 1024
1 1024
3 1024
4 1024
2 1024
3 1024
0 952
2 1024
2 1024
3 1024
1 1024
4 1024
0 810
2 1024
1 1024
0 842
3 1024
0 560
1 1024
3 1024
1 1024
1 1024
2 1024
2 1024
1 1024
1 1024
2 1024
4 1024
2 1024
1 1024
0 877
2 1024
2 1024
1 1024
4 1024
7 1024
2 1024
3 1024
3 1024
1 1024
1 1024
1 1024
2 1024
2 1024
7 1024
2 1024
3 1024
4 1024
2 1024
2 1024
3 1024
1 1024
0 769
3 1024
2 1024
3 1024
2 1024
1 1024
1 1024
2 1024
7 1024
3 1024
1 1024
2 1024
1 1024
0 479
0 934
4 1024
3 1024
0 736
1 1024
1 1024
4 1024
0 529
2 1024
5 1024
3 1024
1 1024
2 1024
1 1024
5 1024
0 587
1 1024
3 1024
2 1024
0 719
0 551
2 1024
0 693
1 1024
3 1024
2 1024
6 1024
1 1024
1 1024
2 1024
2 1024
0 523
3 1024
3 1024
0 734
3 1024
2 1024
7 1024
3 1024
1 1024
3 1024
1 1024
3 1024
4 1024
2 1024
1 1024
4 1024
5 1024
2 1024
5 1024
2 1024
1 1024
4 1024
1 1024
1 1024
3 1024
1 1024
1 1024
1 1024
3 1024
0 533
4 1024
1 1024
4 1024
3 1024
1 1024
3 1024
0 657
0 722
2 1024
2 1024
2 1024
2 1024
4 1024
3 1024
3 1024
7 1024
2 1024
1 1024
5 1024
3 1024
4 1024
1 1024
4 1024
0 591
2 1024
3 1024
3 1024
7 1024
6 1024
1 1024
5 1024
1 1024
6 1024
2 1024
3 1024
2 1024
3 1024
2 1024
2 1024
1 1024
4 1024
0 632
0 426
0 1002
1 1024
4 1024
3 1024
4 1024
4 1024
1 1024
0 1010
3 1024
3 1024
4 1024
2 1024
2 1024
1 1024
1 1024
3 1024
2 1024
3 1024
2 1024
2 1024
0 322
5 1024
2 1024
1 1024
0 409
0 1012
0 591
1 1024
3 1024
2 1024
3 1024
1 1024
4 1024
2 1024
3 1024
3 1024
2 1024
1 1024
1 1024
3 1024
2 1024
2 1024
3 1024
2 1024
6 1024
1 1024
4 1024
4 1024
0 707
0 932
3 1024
6 1024
2 1024
0 486
2 1024
5 1024
2 1024
2 1024
3 1024
7 1024
3 1024
1 1024
4 1024
0 761
1 1024
0 840
4 1024
2 1024
2 1024
2 1024
1 1024
4 1024
2 1024
1 1024
1 1024
1 1024
4 1024
0 812
2 1024
0 580
0 444
1 1024
2 1024
1 1024
2 1024
1 1024
4 1024
2 1024
3 1024
1 1024
1 1024
2 1024
2 1024
2 1024
1 1024
0 703
3 1024
2 1024
0 942
5 1024
5 1024
2 1024
3 1024
1 1024
2 1024
3 1024
2 1024
1 1024
3 1024
0 989
3 1024
3 1024
4 1024
2 1024
1 1024
3 1024
4 1024
2 1024
2 1024
0 637
5 1024
1 1024
0 788
1 1024
0 841
4 1024
0 1008
5 1024
0 551
0 792
4 1024
2 1024
4 1024
2 1024
1 1024
4 1024
4 1024
2 1024
4 1024
3 1024
0 411
2 1024
1 1024
3 1024
3 1024
0 949
2 1024
1 1024
4 1024
2 1024
2 1024
4 1024
4 1024
1 1024
3 1024
2 1024
0 764
3 1024
1 1024
1 1024
3 1024
1 1024
3 1024
4 1024
3 1024
0 388
3 1024
3 1024
0 943
2 1024
1 1024
3 1024
0 327
3 1024
2 1024
1 1024
2 1024
1 1024
3 1024
3 1024
0 581
3 1024
2 1024
3 1024
3 1024
2 1024
5 1024
3 1024
1 1024
3 1024
0 436
2 1024
1 1024
2 1024
3 1024
1 1024
1 1024
1 1024
1 1024
2 1024
0 530
2 1024
1 1024
1 1024
0 794
2 1024
2 1024
2 1024
4 1024
1 1024
1 1024
2 1024
3 1024
4 1024
4 1024
4 1024
4 1024
0 984
2 1024
0 591
0 760
4 1024
1 1024
0 513
7 1024
3 1024
0 996
4 1024
0 680
3 1024
2 1024
3 1024
2 1024
1 1024
2 1024
5 1024
4 1024
3 1024
1 1024
3 1024
2 1024
6 1024
2 1024
0 661
3 1024
1 1024
3 1024
1 1024
2 1024
5 1024
3 1024
4 1024
0 494
2 1024
2 1024
2 1024
4 1024
5 1024
1 1024
1 1024
3 1024
2 1024
0 859
3 1024
1 1024
5 1024
2 1024
1 1024
3 1024
1 1024
2 1024
2 1024
3 1024
0 769
1 1024
2 1024
3 1024
3 1024
4 1024
3 1024
1 1024
1 1024
3 1024
1 1024
4 1024
2 1024
4 1024
1 1024
0 844
3 1024
0 525
3 1024
2 1024
7 1024
5 1024
0 999
2 1024
2 1024
2 1024
3 1024
3 1024
6 1024
2 1024
3 1024
1 1024
6 1024
2 1024
1 1024
4 1024
1 1024
1 1024
3 1024
1 1024
0 854
2 1024
2 1024
3 1024
1 1024
0 516
1 1024
2 1024
1 1024
1 1024
0 603
2 1024
3 1024
2 1024
1 1024
1 1024
0 1021
1 1024
0 839
2 1024
3 1024
1 1024
4 1024
2 1024
0 487
2 1024
3 1024
3 1024
3 1024
1 1024
6 1024
5 1024
2 1024
5 1024
1 1024
4 1024
4 1024
1 1024
2 1024
0 585
2 1024
2 1024
1 1024
4 1024
4 1024
2 1024
0 775
0 625
0 581
1 1024
0 628
1 1024
1 1024
3 1024
1 1024
0 956
2 1024
0 396
5 1024
1 1024
2 1024
1 1024
1 1024
1 1024
3 1024
2 1024
0 893
4 1024
4 1024
1 1024
3 1024
0 767
2 1024
2 1024
2 1024
1 1024
1 1024
5 1024
3 1024
2 1024
2 1024
2 1024
2 1024
9 1024
6 1024
1 1024
2 1024
2 1024
4 1024
1 1024
0 689
3 1024
2 1024
1 1024
0 514
5 1024
4 1024
3 1024
1 1024
1 1024
2 1024
4 1024
1 1024
3 1024
2 1024
1 1024
6 1024
2 1024
1 1024
4 1024
2 1024
2 1024
0 964
4 1024
0 610
8 1024
4 1024
3 1024
2 1024
1 1024
3 1024
1 1024
2 1024
3 1024
8 1024
4 1024
3 1024
3 1024
1 1024
4 1024
1 1024
3 1024
2 1024
2 1024
1 1024
1 1024
1 1024
4 1024
3 1024
2 1024
3 1024
1 1024
1 1024
1 1024
2 1024
0 756
2 1024
5 1024
2 1024
3 1024
2 1024
2 1024
0 1022
2 1024
3 1024
1 1024
3 1024
2 1024
3 1024
2 1024
2 1024
1 1024
6 1024
2 1024
4 1024
2 1024
0 1002
4 1024
4 1024
4 1024
1 1024
1 1024
1 1024
1 1024
4 1024
3 1024
2 1024
4 1024
5 1024
2 1024
3 1024
2 1024
2 1024
3 1024
1 1024
1 1024
1 1024
0 971
2 1024
3 1024
2 1024
2 1024
4 1024
1 1024
2 1024
1 1024
2 1024
4 1024
1 1024
3 1024
3 1024
0 575
2 1024
1 1024
3 1024
6 1024
3 1024
1 1024
1 1024
0 952
2 1024
2 1024
4 1024
2 1024
2 1024
2 1024
3 1024
4 1024
1 1024
4 1024
3 1024
0 1019
4 1024
0 518
1 1024
2 1024
2 1024
0 521
3 1024
2 1024
1 1024
2 1024
2 1024
2 1024
5 1024
1 1024
2 1024
3 1024
0 692
2 1024
6 1024
3 1024
1 1024
2 1024
3 1024
0 727
0 947
5 1024
1 1024
6 1024
0 1001
0 783
1 1024
5 1024
3 1024
2 1024
2 1024
1 1024
2 1024
1 1024
2 1024
1 1024
1 1024
1 1024
1 1024
2 1024
4 1024
1 1024
1 1024
2 1024
4 1024
3 1024
2 1024
1 1024
1 1024
1 1024
1 1024
3 1024
0 584
1 1024
5 1024
2 1024
2 1024
2 1024
1 1024
1 1024
1 1024
1 1024
1 1024
2 1024
1 1024
1 1024
3 1024
1 1024
1 1024
2 1024
2 1024
1 1024
2 1024
0 821
2 1024
2 1024
4 1024
1 1024
7 1024
4 1024
1 1024
0 678
4 1024
0 801
1 1024
3 1024
0 760
1 1024
4 1024
2 1024
2 1024
0 995
4 1024
2 1024
2 1024
2 1024
3 1024
4 1024
0 873
1 1024
1 1024
1 1024
1 1024
2 1024
1 1024
4 1024
3 1024
1 1024
2 1024
2 1024
2 1024
5 1024
4 1024
1 1024
2 1024
4 1024
3 1024
0 582
4 1024
1 1024
3 1024
3 1024
1 1024
0 853
1 1024
0 1013
6 1024
1 1024
0 990
5 1024
3 1024
5 1024
5 1024
2 1024
2 1024
4 1024
2 1024
2 1024
0 907
3 1024
0 623
2 1024
3 1024
3 1024
0 975
2 1024
0 806
3 1024
0 673
1 1024
6 1024
4 1024
2 1024
2 1024
1 1024
5 1024
3 1024
3 1024
2 1024
5 1024
2 1024
2 1024
6 1024
1 1024
0 1004
1 1024
6 1024
4 1024
4 1024
2 1024
0 657
0 911
2 1024
1 1024
3 1024
3 1024
4 1024
0 520
3 1024
1 1024
1 1024
1 1024
4 1024
0 493
1 1024
4 1024
1 1024
0 593
2 1024
0 894
5 1024
1 1024
1 1024
6 1024
3 1024
2 1024
2 1024
4 1024
4 1024
4 1024
0 706
1 1024
1 1024
2 1024
4 1024
2 1024
2 1024
2 1024
5 1024
2 1024
0 1002
1 1024
2 1024
0 617
1 1024
3 1024
0 688
5 1024
3 1024
2 1024
2 1024
4 1024
1 1024
1 1024
3 1024
1 1024
5 1024
2 1024
3 1024
2 1024
1 1024
0 596
1 1024
2 1024
2 1024
1 1024
0 634
1 1024
4 1024
1 1024
2 1024
3 1024
2 1024
4 1024
2 1024
4 1024
1 1024
1 1024
5 1024
3 1024
1 1024
3 1024
2 1024
3 1024
1 1024
3 1024
1 1024
3 1024
4 1024
2 1024
5 1024
3 1024
1 1024
2 1024
0 669
3 1024
0 496
2 1024
2 1024
0 638
1 1024
2 1024
4 1024
0 603
2 1024
6 1024
0 1023
1 1024
1 1024
1 1024
2 1024
2 1024
4 1024
4 1024
0 971
2 1024
3 1024
1 1024
3 1024
1 1024
3 1024
1 1024
1 1024
6 1024
4 1024
5 1024
1 1024
3 1024
1 1024
1 1024
4 1024
3 1024
3 1024
0 755
3 1024
2 1024
7 1024
2 1024
1 1024
3 1024
4 1024
2 1024
3 1024
3 1024
2 1024
3 1024
5 1024
3 1024
4 1024
2 1024
1 1024
2 1024
3 1024
1 1024
4 1024
1 1024
2 1024
4 1024
8 1024
3 1024
2 1024
1 1024
3 1024
1 1024
4 1024
4 1024
4 1024
0 795
1 1024
5 1024
3 1024
2 1024
1 1024
3 1024
0 629
1 1024
3 1024
3 1024
2 1024
2 1024
2 1024
3 1024
3 1024
2 1024
3 1024
5 1024
0 855
4 1024
0 963
0 629
1 1024
3 1024
2 1024
4 1024
2 1024
1 1024
1 1024
1 1024
6 1024
1 1024
3 1024
2 1024
3 1024
4 1024
2 1024
2 1024
5 1024
1 1024
1 1024
2 1024
1 1024
1 1024
4 1024
5 1024
3 1024
1 1024
2 1024
4 1024
2 1024
2 1024
1 1024
2 1024
0 1018
2 1024
2 1024
8 1024
4 1024
4 1024
4 1024
1 1024
3 1024
1 1024
3 1024
1 1024
3 1024
2 1024
3 1024
2 1024
1 1024
0 858
3 1024
0 626
0 760
5 1024
7 1024
1 1024
1 1024
2 1024
1 1024
2 1024
2 1024
3 1024
0 971
0 647
1 1024
6 1024
2 1024
1 1024
2 1024
2 1024
3 1024
3 1024
1 1024
0 961
3 1024
3 1024
1 1024
4 1024
1 1024
1 1024
1 1024
4 1024
4 1024
2 1024
2 1024
0 841
4 1024
3 1024
4 1024
3 1024
2 1024
3 1024
1 1024
0 632
3 1024
1 1024
2 1024
4 1024
0 971
2 1024
0 842
3 1024
1 1024
6 1024
2 1024
3 1024
2 1024
2 1024
0 487
0 467
1 1024
3 1024
0 421
0 947
4 1024
2 1024
3 1024
4 1024
2 1024
2 1024
1 1024
0 658
2 1024
0 815
2 1024
1 1024
2 1024
3 1024
2 1024
2 1024
1 1024
0 641
2 1024
3 1024
1 1024
1 1024
4 1024
1 1024
2 1024
0 574
2 1024
6 1024
3 1024
1 1024
0 870
6 1024
5 1024
4 1024
3 1024
2 1024
1 1024
3 1024
2 1024
3 1024
4 1024
1 1024
4 1024
1 1024
0 695
2 1024
3 1024
2 1024
5 1024
2 1024
4 1024
3 1024
4 1024
2 1024
4 1024
2 1024
3 1024
0 861
1 1024
0 855
0 642
2 1024
1 1024
3 1024
1 1024
1 1024
6 1024
2 1024
1 1024
2 1024
1 1024
2 1024
4 1024
2 1024
5 1024
2 1024
2 1024
7 1024
4 1024
0 941
1 1024
3 1024
2 1024
3 1024
2 1024
1 1024
2 1024
0 623
3 1024
2 1024
1 1024
1 1024
1 1024
3 1024
2 1024
3 1024
3 1024
2 1024
0 700
0 823
4 1024
6 1024
1 1024
2 1024
1 1024
0 771
4 1024
1 1024
3 1024
1 1024
1 1024
1 1024
2 1024
6 1024
7 1024
4 1024
0 924
2 1024
2 1024
1 1024
4 1024
0 758
1 1024
4 1024
2 1024
0 969
3 1024
1 1024
4 1024
2 1024
2 1024
3 1024
3 1024
4 1024
0 1002
5 1024
2 1024
1 1024
3 1024
1 1024
1 1024
3 1024
1 1024
3 1024
3 1024
3 1024
1 1024
1 1024
4 1024
3 1024
4 1024
1 1024
1 1024
0 964
4 1024
3 1024
4 1024
1 1024
2 1024
1 1024
0 663
1 1024
6 1024
1 1024
1 1024
3 1024
1 1024
3 1024
3 1024
5 1024
1 1024
1 1024
1 1024
0 957
5 1024
1 1024
3 1024
1 1024
3 1024
4 1024
2 1024
4 1024
2 1024
3 1024
2 1024
3 1024
2 1024
5 1024
6 1024
3 1024
4 1024
3 1024
1 1024
3 1024
2 1024
3 1024
0 655
0 564
3 1024
2 1024
3 1024
0 664
3 1024
0 626
1 1024
3 1024
2 1024
2 1024
1 1024
4 1024
0 534
3 1024
4 1024
0 636
1 1024
4 1024
3 1024
3 1024
0 612
3 1024
3 1024
0 582
2 1024
4 1024
1 1024
1 1024
3 1024
3 1024
1 1024
10 1024
2 1024
1 1024
2 1024
1 1024
1 1024
2 1024
4 1024
6 1024
0 814
2 1024
2 1024
2 1024
4 1024
0 420
4 1024
5 1024
2 1024
4 1024
1 1024
3 1024
3 1024
3 1024
2 1024
4 1024
5 1024
1 1024
2 1024
4 1024
4 1024
0 1020
2 1024
3 1024
0 579
3 1024
1 1024
2 1024
1 1024
3 1024
3 1024
2 1024
0 755
1 1024
0 728
3 1024
3 1024
1 1024
2 1024
1 1024
0 913
1 1024
1 1024
1 1024
0 706
2 1024
3 1024
1 1024
2 1024
4 1024
1 1024
4 1024
2 1024
2 1024
1 1024
4 1024
4 1024
3 1024
1 1024
3 1024
0 668
5 1024
1 1024
5 1024
2 1024
2 1024
3 1024
0 376
4 1024
2 1024
2 1024
1 1024
3 1024
4 1024
6 1024
2 1024
7 1024
3 1024
5 1024
4 1024
1 1024
0 891
0 940
3 1024
1 1024
0 879
2 1024
4 1024
2 1024
1 1024
1 1024
1 1024
2 1024
1 1024
4 1024
3 1024
2 1024
1 1024
2 1024
3 1024
3 1024
1 1024
4 1024
2 1024
1 1024
1 1024
1 1024
3 1024
3 1024
3 1024
1 1024
2 1024
1 1024
1 1024
2 1024
7 1024
2 1024
0 786
1 1024
2 1024
3 1024
4 1024
2 1024
1 1024
1 1024
3 1024
2 1024
0 580
1 1024
1 1024
1 1024
1 1024
4 1024
0 961
5 1024
1 1024
3 1024
1 1024
4 1024
1 1024
1 1024
2 1024
2 1024
1 1024
2 1024
2 1024
4 1024
4 1024
3 1024
0 966
0 868
1 1024
1 1024
2 1024
2 1024
1 1024
2 1024
1 1024
2 1024
1 1024
2 1024
1 1024
2 1024
2 1024
2 1024
2 1024
3 1024
8 1024
4 1024
3 1024
3 1024
3 1024
1 1024
0 892
6 1024
4 1024
1 1024
4 1024
1 1024
1 1024
3 1024
7 1024
3 1024
3 1024
2 1024
4 1024
2 1024
2 1024
1 1024
4 1024
2 1024
2 1024
3 1024
1 1024
2 1024
2 1024
4 1024
6 1024
8 1024
3 1024
3 1024
3 1024
2 1024
5 1024
2 1024
1 1024
3 1024
2 1024
3 1024
3 1024
2 1024
2 1024
1 1024
3 1024
2 1024
3 1024
0 981
4 1024
3 1024
2 1024
1 1024
2 1024
1 1024
4 1024
3 1024
3 1024
0 619
1 1024
1 1024
2 1024
3 1024
2 1024
4 1024
5 1024
0 827
2 1024
1 1024
5 1024
2 1024
5 1024
0 888
5 1024
3 1024
1 1024
0 975
3 1024
2 1024
0 533
5 1024
1 1024
1 1024
1 1024
4 1024
0 994
2 1024
1 1024
2 1024
3 1024
2 1024
3 1024
2 1024
1 1024
0 955
1 1024
3 1024
1 1024
3 1024
3 1024
4 1024
2 1024
1 1024
3 1024
4 1024
0 998
0 830
5 1024
2 1024
1 1024
1 1024
5 1024
2 1024
2 1024
1 1024
2 1024
1 1024
2 1024
2 1024
2 1024
1 1024
3 1024
0 767
2 1024
1 1024
3 1024
1 1024
0 395
1 1024
4 1024
2 1024
3 1024
1 1024
2 1024
2 1024
0 992
4 1024
2 1024
3 1024
2 1024
4 1024
1 1024
4 1024
3 1024
1 1024
2 1024
0 687
2 1024
4 1024
2 1024
6 1024
1 1024
2 1024
4 1024
1 1024
4 1024
2 1024
1 1024
3 1024
2 1024
0 945
7 1024
2 1024
6 1024
2 1024
4 1024
2 1024
1 1024
3 1024
2 1024
6 1024
2 1024
1 1024
0 762
1 1024
3 1024
0 822
0 492
0 789
2 1024
1 1024
3 1024
2 1024
0 884
3 1024
3 1024
2 1024
2 1024
3 1024
3 1024
1 1024
0 836
1 1024
3 1024
6 1024
0 725
3 1024
3 1024
2 1024
3 1024
2 1024
1 1024
0 584
3 1024
0 504
1 1024
2 1024
0 528
2 1024
2 1024
0 991
0 603
2 1024
4 1024
2 1024
2 1024
2 1024
1 1024
2 1024
6 1024
3 1024
1 1024
0 677
1 1024
2 1024
0 644
0 337
2 1024
0 910
1 1024
0 955
3 1024
5 1024
2 1024
3 1024
2 1024
3 1024
2 1024
1 1024
0 621
1 1024
1 1024
3 1024
1 1024
12 1024
1 1024
6 1024
0 961
1 1024
3 1024
3 1024
2 1024
2 1024
0 968
2 1024
1 1024
3 1024
4 1024
4 1024
3 1024
1 1024
1 1024
0 649
3 1024
1 1024
0 623
1 1024
3 1024
1 1024
3 1024
8 1024
1 1024
1 1024
2 1024
1 1024
3 1024
1 1024
0 784
1 1024
2 1024
1 1024
3 1024
3 1024
1 1024
1 1024
1 1024
0 652
4 1024
1 1024
1 1024
7 1024
2 1024
4 1024
1 1024
2 1024
4 1024
2 1024
0 610
2 1024
1 1024
4 1024
0 656
1 1024
3 1024
4 1024
0 673
4 1024
1 1024
2 1024
4 1024
3 1024
3 1024
1 1024
5 1024
1 1024
1 1024
2 1024
2 1024
1 1024
4 1024
3 1024
5 1024
2 1024
2 1024
2 1024
4 1024
2 1024
1 1024
1 1024
0 595
2 1024
6 1024
2 1024
3 1024
1 1024
5 1024
2 1024
3 1024
0 730
1 1024
3 1024
2 1024
1 1024
2 1024
3 1024
2 1024
2 1024
6 1024
5 1024
3 1024
1 1024
2 1024
1 1024
2 1024
2 1024
2 1024
0 935
0 718
0 670
2 1024
2 1024
1 1024
3 1024
1 1024
1 1024
1 1024
4 1024
0 839
1 1024
7 1024
0 1022
1 1024
0 990
2 1024
3 1024
4 1024
3 1024
4 1024
1 1024
0 941
5 1024
3 1024
0 682
2 1024
3 1024
0 428
2 1024
3 1024
0 880
2 1024
2 1024
2 1024
2 1024
0 695
3 1024
3 1024
3 1024
5 1024
0 765
2 1024
0 386
1 1024
4 1024
2 1024
2 1024
2 1024
2 1024
1 1024
3 1024
4 1024
5 1024
7 1024
2 1024
1 1024
2 1024
3 1024
3 1024
7 1024
0 675
0 417
2 1024
6 1024
3 1024
3 1024
3 1024
4 1024
3 1024
2 1024
2 1024
2 1024
1 1024
2 1024
6 1024
4 1024
1 1024
1 1024
2 1024
2 1024
2 1024
2 1024
2 1024
1 1024
2 1024
7 1024
2 1024
2 1024
5 1024
5 1024
2 1024
5 1024
1 1024
3 1024
0 818
2 1024
1 1024
2 1024
2 1024
3 1024
4 1024
3 1024
2 1024
3 1024
2 1024
3 1024
4 1024
2 1024
3 1024
1 1024
5 1024
2 1024
1 1024
3 1024
1 1024
0 880
0 677
2 1024
3 1024
1 1024
2 1024
1 1024
3 1024
0 830
4 1024
2 1024
2 1024
0 800
2 1024
0 615
2 1024
0 640
4 1024
1 1024
0 480
1 1024
3 1024
2 1024
0 895
5 1024
3 1024
4 1024
1 1024
3 1024
2 1024
2 1024
3 1024
0 621
2 1024
2 1024
0 601
1 1024
2 1024
4 1024
3 1024
5 1024
0 877
3 1024
2 1024
1 1024
0 793
3 1024
2 1024
0 621
0 556
1 1024
2 1024
3 1024
0 883
3 1024
2 1024
4 1024
4 1024
3 1024
4 1024
2 1024
0 845
0 710
3 1024
3 1024
2 1024
3 1024
2 1024
3 1024
3 1024
1 1024
1 1024
2 1024
0 1024
5 1024
1 1024
1 1024
2 1024
2 1024
0 691
1 1024
0 885
0 660
2 1024
0 370
3 1024
3 1024
1 1024
4 1024
3 1024
0 969
2 1024
3 1024
6 1024
0 728
1 1024
0 897
2 1024
4 1024
9 1024
3 1024
0 633
0 742
3 1024
2 1024
2 1024
0 910
1 1024
0 813
6 1024
3 1024
0 677
2 1024
5 1024
2 1024
2 1024
0 982
4 1024
4 1024
2 1024
1 1024
2 1024
6 1024
1 1024
1 1024
1 1024
1 1024
3 1024
1 1024
1 1024
1 1024
1 1024
0 803
2 1024
4 1024
4 1024
4 1024
1 1024
2 1024
2 1024
2 1024
1 1024
0 623
1 1024
0 815
5 1024
0 935
1 1024
2 1024
1 1024
2 1024
2 1024
0 897
3 1024
1 1024
1 1024
1 1024
3 1024
3 1024
3 1024
1 1024
4 1024
2 1024
2 1024
3 1024
2 1024
0 842
2 1024
2 1024
3 1024
0 547
3 1024
4 1024
4 1024
4 1024
2 1024
3 1024
2 1024
1 1024
3 1024
1 1024
4 1024
7 1024
0 803
2 1024
4 1024
2 1024
3 1024
1 1024
0 730
4 1024
2 1024
2 1024
1 1024
2 1024
2 1024
1 1024
1 1024
0 691
1 1024
1 1024
7 1024
0 847
2 1024
3 1024
1 1024
3 1024
1 1024
3 1024
2 1024
5 1024
0 735
1 1024
1 1024
2 1024
0 808
2 1024
2 1024
2 1024
1 1024
1 1024
0 909
1 1024
0 881
1 1024
0 958
3 1024
0 903
0 929
0 688
2 1024
2 1024
4 1024
0 645
1 1024
4 1024
1 1024
0 475
0 768
4 1024
2 1024
1 1024
2 1024
1 1024
2 1024
3 1024
0 672
1 1024
3 1024
2 1024
0 992
1 1024
2 1024
3 1024
5 1024
0 540
1 1024
1 1024
2 1024
2 1024
7 1024
2 1024
0 691
1 1024
4 1024
1 1024
0 585
0 818
4 1024
2 1024
2 1024
0 755
1 1024
2 1024
0 480
1 1024
1 1024
2 1024
2 1024
0 629
2 1024
1 1024
2 1024
0 504
3 1024
5 1024
2 1024
1 1024
4 1024
0 944
1 1024
3 1024
6 1024
1 1024
1 1024
2 1024
1 1024
1 1024
3 1024
3 1024
1 1024
4 1024
3 1024
8 1024
0 580
1 1024
0 979
1 1024
0 572
0 829
1 1024
1 1024
1 1024
4 1024
2 1024
4 1024
1 1024
2 1024
3 1024
0 892
1 1024
4 1024
3 1024
0 477
2 1024
0 787
1 1024
1 1024
1 1024
2 1024
3 1024
2 1024
4 1024
2 1024
0 888
2 1024
0 789
2 1024
2 1024
2 1024
4 1024
3 1024
1 1024
1 1024
4 1024
0 458
4 1024
1 1024
4 1024
3 1024
0 739
1 1024
1 1024
4 1024
1 1024
4 1024
2 1024
3 1024
2 1024
1 1024
2 1024
2 1024
4 1024
3 1024
0 970
3 1024
1 1024
3 1024
2 1024
3 1024
1 1024
2 1024
3 1024
3 1024
4 1024
1 1024
2 1024
1 1024
1 1024
2 1024
2 1024
2 1024
1 1024
0 848
1 1024
2 1024
4 1024
4 1024
2 1024
1 1024
0 765
6 1024
0 691
1 1024
2 1024
0 932
2 1024
2 1024
2 1024
5 1024
4 1024
0 683
3 1024
2 1024
3 1024
2 1024
0 503
1 1024
3 1024
0 851
2 1024
3 1024
8 1024
1 1024
1 1024
3 1024
3 1024
1 1024
5 1024
2 1024
1 1024
6 1024
5 1024
2 1024
5 1024
3 1024
4 1024
2 1024
2 1024
6 1024
1 1024
0 862
5 1024
1 1024
3 1024
1 1024
11 1024
4 1024
1 1024
6 1024
3 1024
3 1024
1 1024
2 1024
2 1024
0 442
2 1024
4 1024
2 1024
5 1024
1 1024
5 1024
1 1024
3 1024
3 1024
1 1024
1 1024
3 1024
2 1024
3 1024
0 478
3 1024
4 1024
0 772
1 1024
1 1024
1 1024
1 1024
6 1024
1 1024
4 1024
2 1024
2 1024
2 1024
4 1024
2 1024
2 1024
6 1024
1 1024
2 1024
1 1024
3 1024
1 1024
3 1024
4 1024
4 1024
3 1024
2 1024
4 1024
5 1024
4 1024
4 1024
2 1024
3 1024
3 1024
0 938
1 1024
8 1024
5 1024
3 1024
1 1024
0 772
3 1024
2 1024
1 1024
0 850
1 1024
3 1024
3 1024
2 1024
1 1024
4 1024
1 1024
4 1024
0 839
2 1024
1 1024
0 781
1 1024
3 1024
1 1024
1 1024
4 1024
1 1024
1 1024
3 1024
2 1024
1 1024
5 1024
5 1024
1 1024
0 524
4 1024
1 1024
0 587
2 1024
4 1024
1 1024
4 1024
1 1024
3 1024
1 1024
0 510
3 1024
4 1024
1 1024
0 898
6 1024
2 1024
0 566
1 1024
4 1024
3 1024
1 1024
5 1024
1 1024
1 1024
3 1024
0 649
6 1024
4 1024
2 1024
3 1024
0 946
2 1024
5 1024
3 1024
1 1024
6 1024
1 1024
1 1024
2 1024
0 652
3 1024
2 1024
1 1024
2 1024
1 1024
3 1024
3 1024
0 711
4 1024
1 1024
1 1024
2 1024
7 1024
2 1024
1 1024
1 1024
1 1024
2 1024
3 1024
1 1024
4 1024
1 1024
2 1024
2 1024
5 1024
0 939
3 1024
2 1024
2 1024
2 1024
2 1024
1 1024
2 1024
3 1024
7 1024
2 1024
0 810
3 1024
4 1024
0 534
1 1024
2 1024
4 1024
3 1024
3 1024
3 1024
1 1024
1 1024
1 1024
2 1024
0 819
0 579
7 1024
0 501
3 1024
2 1024
1 1024
4 1024
1 1024
3 1024
1 1024
2 1024
8 1024
1 1024
0 419
1 1024
6 1024
4 1024
2 1024
2 1024
1 1024
3 1024
1 1024
3 1024
3 1024
2 1024
1 1024
3 1024
3 1024
2 1024
4 1024
1 1024
4 1024
4 1024
0 857
2 1024
2 1024
1 1024
2 1024
4 1024
3 1024
2 1024
2 1024
2 1024
3 1024
2 1024
4 1024
0 476
1 1024
3 1024
2 1024
4 1024
5 1024
2 1024
5 1024
2 1024
3 1024
2 1024
3 1024
3 1024
3 1024
3 1024
3 1024
5 1024
1 1024
0 938
1 1024
2 1024
2 1024
4 1024
3 1024
3 1024
3 1024
1 1024
2 1024
0 911
2 1024
1 1024
4 1024
1 1024
3 1024
1 1024
1 1024
1 1024
2 1024
1 1024
4 1024
1 1024
4 1024
2 1024
1 1024
2 1024
3 1024
1 1024
0 644
3 1024
2 1024
3 1024
1 1024
0 684
4 1024
2 1024
1 1024
5 1024
1 1024
0 891
3 1024
2 1024
4 1024
5 1024
3 1024
3 1024
3 1024
1 1024
1 1024
6 1024
3 1024
1 1024
6 1024
2 1024
5 1024
0 886
1 1024
2 1024
4 1024
1 1024
2 1024
0 563
4 1024
4 1024
0 811
6 1024
1 1024
2 1024
2 1024
4 1024
5 1024
0 935
1 1024
2 1024
1 1024
2 1024
4 1024
1 1024
2 1024
1 1024
2 1024
2 1024
1 1024
5 1024
0 753
2 1024
2 1024
5 1024
1 1024
4 1024
3 1024
8 1024
2 1024
3 1024
2 1024
1 1024
3 1024
3 1024
0 402
3 1024
3 1024
3 1024
1 1024
1 1024
1 1024
1 1024
2 1024
3 1024
1 1024
2 1024
3 1024
2 1024
0 1006
1 1024
2 1024
1 1024
2 1024
0 819
0 1001
2 1024
1 1024
2 1024
0 655
2 1024
4 1024
9 1024
4 1024
1 1024
3 1024
2 1024
4 1024
1 1024
3 1024
3 1024
4 1024
5 1024
3 1024
2 1024
3 1024
2 1024
1 1024
2 1024
0 733
3 1024
0 832
4 1024
0 492
2 1024
3 1024
3 1024
3 1024
5 1024
2 1024
2 1024
3 1024
1 1024
1 1024
3 1024
1 1024
1 1024
2 1024
1 1024
0 597
4 1024
2 1024
1 1024
3 1024
1 1024
0 494
3 1024
1 1024
4 1024
4 1024
2 1024
1 1024
1 1024
2 1024
4 1024
2 1024
3 1024
3 1024
3 1024
3 1024
3 1024
5 1024
1 1024
2 1024
0 449
3 1024
1 1024
4 1024
2 1024
4 1024
2 1024
0 630
5 1024
2 1024
1 1024
2 1024
0 550
2 1024
0 624
6 1024
7 1024
5 1024
0 689
1 1024
5 1024
5 1024
3 1024
0 788
3 1024
2 1024
4 1024
2 1024
1 1024
2 1024
1 1024
6 1024
1 1024
3 1024
1 1024
2 1024
3 1024
0 969
2 1024
0 780
1 1024
1 1024
0 998
1 1024
3 1024
6 1024
3 1024
1 1024
3 1024
3 1024
3 1024
2 1024
5 1024
2 1024
2 1024
0 547
3 1024
2 1024
0 1024
0 1007
1 1024
2 1024
1 1024
3 1024
2 1024
1 1024
1 1024
1 1024
0 1021
2 1024
3 1024
2 1024
5 1024
0 724
2 1024
1 1024
3 1024
2 1024
3 1024
0 953
3 1024
2 1024
2 1024
3 1024
2 1024
1 1024
4 1024
0 519
0 851
1 1024
5 1024
1 1024
4 1024
1 1024
4 1024
2 1024
3 1024
2 1024
1 1024
1 1024
2 1024
5 1024
1 1024
0 439
3 1024
2 1024
2 1024
1 1024
3 1024
1 1024
1 1024
4 1024
1 1024
3 1024
1 1024
3 1024
2 1024
3 1024
1 1024
6 1024
0 455
1 1024
0 870
1 1024
5 1024
2 1024
3 1024
4 1024
2 1024
2 1024
5 1024
4 1024
0 539
4 1024
0 549
1 1024
1 1024
0 638
2 1024
0 742
3 1024
6 1024
5 1024
0 320
1 1024
0 991
1 1024
1 1024
3 1024
2 1024
5 1024
0 856
2 1024
4 1024
2 1024
1 1024
3 1024
2 1024
3 1024
2 1024
5 1024
2 1024
1 1024
1 1024
3 1024
4 1024
1 1024
4 1024
1 1024
5 1024
2 1024
4 1024
1 1024
0 425
0 1012
3 1024
4 1024
3 1024
1 1024
0 687
2 1024
3 1024
1 1024
3 1024
0 813
4 1024
1 1024
3 1024
1 1024
3 1024
2 1024
1 1024
1 1024
2 1024
5 1024
1 1024
7 1024
1 1024
3 1024
2 1024
0 862
3 1024
3 1024
4 1024
1 1024
4 1024
8 1024
2 1024
3 1024
5 1024
2 1024
0 667
3 1024
1 1024
4 1024
2 1024
0 769
2 1024
2 1024
1 1024
2 1024
2 1024
1 1024
2 1024
4 1024
4 1024
2 1024
1 1024
1 1024
4 1024
3 1024
2 1024
5 1024
3 1024
2 1024
0 922
3 1024
2 1024
3 1024
6 1024
1 1024
1 1024
3 1024
0 476
1 1024
0 682
5 1024
1 1024
4 1024
1 1024
3 1024
0 560
2 1024
2 1024
1 1024
3 1024
6 1024
0 959
3 1024
1 1024
3 1024
4 1024
2 1024
0 698
0 943
0 666
3 1024
2 1024
3 1024
1 1024
3 1024
1 1024
1 1024
0 475
2 1024
3 1024
2 1024
1 1024
3 1024
5 1024
0 847
2 1024
2 1024
0 421
2 1024
1 1024
2 1024
2 1024
0 517
3 1024
0 650
2 1024
5 1024
4 1024
4 1024
3 1024
3 1024
1 1024
0 729
0 995
1 1024
1 1024
0 611
1 1024
1 1024
4 1024
0 918
5 1024
2 1024
2 1024
0 737
0 801
1 1024
0 733
3 1024
2 1024
0 461
2 1024
2 1024
7 1024
4 1024
3 1024
4 1024
0 928
3 1024
0 711
1 1024
1 1024
4 1024
2 1024
1 1024
0 457
3 1024
1 1024
1 1024
0 891
3 1024
1 1024
1 1024
2 1024
1 1024
0 858
4 1024
3 1024
2 1024
2 1024
3 1024
4 1024
7 1024
2 1024
2 1024
1 1024
3 1024
3 1024
4 1024
5 1024
2 1024
3 1024
0 392
3 1024
5 1024
0 685
2 1024
2 1024
0 839
4 1024
4 1024
4 1024
3 1024
0 583
0 584
1 1024
4 1024
1 1024
0 591
3 1024
2 1024
0 987
4 1024
3 1024
2 1024
2 1024
3 1024
1 1024
2 1024
1 1024
4 1024
0 698
1 1024
3 1024
1 1024
1 1024
0 767
4 1024
3 1024
1 1024
2 1024
2 1024
1 1024
2 1024
1 1024
1 1024
2 1024
7 1024
0 673
2 1024
1 1024
2 1024
1 1024
2 1024
2 1024
3 1024
3 1024
7 1024
1 1024
4 1024
2 1024
3 1024
1 1024
4 1024
3 1024
3 1024
2 1024
0 782
7 1024
0 539
0 967
1 1024
0 1018
1 1024
0 952
2 1024
1 1024
0 652
4 1024
1 1024
2 1024
6 1024
0 402
2 1024
1 1024
2 1024
2 1024
1 1024
1 1024
2 1024
1 1024
2 1024
4 1024
1 1024
1 1024
1 1024
1 1024
3 1024
0 826
6 1024
1 1024
2 1024
3 1024
3 1024
4 1024
5 1024
2 1024
0 799
2 1024
2 1024
1 1024
1 1024
3 1024
3 1024
2 1024
0 531
2 1024
3 1024
0 912
2 1024
3 1024
3 1024
3 1024
2 1024
2 1024
1 1024
0 935
5 1024
1 1024
5 1024
4 1024
2 1024
3 1024
2 1024
4 1024
4 1024
4 1024
5 1024
3 1024
0 833
1 1024
5 1024
3 1024
1 1024
1 1024
2 1024
5 1024
1 1024
2 1024
1 1024
2 1024
1 1024
3 1024
3 1024
2 1024
0 744
6 1024
3 1024
1 1024
2 1024
2 1024
7 1024
1 1024
2 1024
2 1024
0 694
4 1024
1 1024
2 1024
2 1024
2 1024
3 1024
2 1024
1 1024
4 1024
0 788
3 1024
5 1024
2 1024
5 1024
3 1024
5 1024
0 373
2 1024
4 1024
1 1024
2 1024
4 1024
1 1024
3 1024
1 1024
2 1024
3 1024
4 1024
0 848
1 1024
3 1024
7 1024
2 1024
5 1024
2 1024
6 1024
4 1024
2 1024
0 492
1 1024
4 1024
0 917
2 1024
1 1024
3 1024
6 1024
2 1024
5 1024
4 1024
1 1024
3 1024
3 1024
2 1024
5 1024
1 1024
0 573
3 1024
2 1024
3 1024
1 1024
1 1024
3 1024
6 1024
3 1024
0 668
2 1024
4 1024
0 952
4 1024
1 1024
1 1024
1 1024
0 450
1 1024
4 1024
5 1024
2 1024
1 1024
3 1024
1 1024
3 1024
5 1024
4 1024
3 1024
3 1024
4 1024
5 1024
1 1024
3 1024
3 1024
1 1024
1 1024
4 1024
2 1024
5 1024
4 1024
2 1024
2 1024
2 1024
2 1024
4 1024
4 1024
1 1024
2 1024
3 1024
1 1024
1 1024
2 1024
3 1024
1 1024
1 1024
2 1024
5 1024
2 1024
0 481
2 1024
0 960
3 1024
4 1024
3 1024
2 1024
3 1024
3 1024
1 1024
0 504
0 562
1 1024
1 1024
1 1024
1 1024
0 958
0 879
2 1024
2 1024
1 1024
4 1024
1 1024
4 1024
3 1024
1 1024
2 1024
1 1024
3 1024
2 1024
3 1024
5 1024
2 1024
4 1024
4 1024
1 1024
0 901
8 1024
0 564
1 1024
5 1024
4 1024
2 1024
2 1024
2 1024
3 1024
0 940
3 1024
1 1024
5 1024
1 1024
2 1024
2 1024
3 1024
1 1024
1 1024
1 1024
1 1024
2 1024
2 1024
2 1024
4 1024
1 1024
5 1024
5 1024
1 1024
3 1024
5 1024
1 1024
1 1024
2 1024
2 1024
2 1024
2 1024
0 798
2 1024
3 1024
4 1024
0 896
1 1024
1 1024
4 1024
1 1024
0 560
3 1024
1 1024
1 1024
1 1024
0 939
4 1024
2 1024
3 1024
2 1024
0 860
1 1024
1 1024
4 1024
4 1024
1 1024
1 1024
1 1024
3 1024
5 1024
2 1024
3 1024
2 1024
2 1024
6 1024
3 1024
4 1024
2 1024
3 1024
0 596
3 1024
2 1024
6 1024
0 486
1 1024
5 1024
3 1024
2 1024
1 1024
1 1024
1 1024
1 1024
3 1024
0 512
7 1024
1 1024
0 993
3 1024
4 1024
3 1024
2 1024
1 1024
3 1024
7 1024
3 1024
1 1024
0 604
2 1024
4 1024
0 456
2 1024
0 791
2 1024
0 661
0 915
6 1024
3 1024
2 1024
0 529
1 1024
3 1024
3 1024
2 1024
1 1024
3 1024
0 1009
4 1024
2 1024
3 1024
2 1024
0 820
1 1024
2 1024
6 1024
1 1024
4 1024
1 1024
3 1024
4 1024
2 1024
4 1024
2 1024
1 1024
3 1024
1 1024
2 1024
1 1024
0 549
1 1024
2 1024
2 1024
1 1024
1 1024
1 1024
0 821
2 1024
2 1024
0 671
3 1024
2 1024
1 1024
1 1024
8 1024
3 1024
6 1024
3 1024
3 1024
4 1024
4 1024
5 1024
1 1024
0 790
6 1024
5 1024
0 631
3 1024
4 1024
2 1024
1 1024
5 1024
2 1024
1 1024
0 388
5 1024
1 1024
4 1024
1 1024
2 1024
0 1012
4 1024
2 1024
1 1024
5 1024
1 1024
2 1024
0 750
2 1024
1 1024
1 1024
4 1024
2 1024
0 1015
1 1024
1 1024
5 1024
1 1024
2 1024
3 1024
0 877
6 1024
2 1024
4 1024
4 1024
0 366
3 1024
1 1024
3 1024
3 1024
6 1024
4 1024
1 1024
1 1024
2 1024
2 1024
2 1024
2 1024
8 1024
1 1024
1 1024
0 849
2 1024
2 1024
2 1024
1 1024
5 1024
8 1024
2 1024
3 1024
0 689
3 1024
2 1024
1 1024
4 1024
0 752
3 1024
2 1024
3 1024
3 1024
4 1024
1 1024
2 1024
0 428
1 1024
1 1024
2 1024
6 1024
1 1024
1 1024
1 1024
3 1024
1 1024
0 765
0 685
2 1024
2 1024
2 1024
0 642
1 1024
4 1024
0 968
3 1024
3 1024
1 1024
4 1024
1 1024
4 1024
2 1024
1 1024
4 1024
4 1024
2 1024
3 1024
6 1024
3 1024
3 1024
3 1024
0 776
3 1024
5 1024
2 1024
1 1024
2 1024
3 1024
1 1024
0 430
2 1024
3 1024
2 1024
2 1024
3 1024
2 1024
3 1024
3 1024
3 1024
4 1024
1 1024
1 1024
1 1024
1 1024
6 1024
4 1024
0 482
3 1024
3 1024
1 1024
1 1024
5 1024
4 1024
1 1024
3 1024
2 1024
3 1024
1 1024
2 1024
4 1024
2 1024
1 1024
0 718
1 1024
2 1024
0 552
1 1024
3 1024
0 986
1 1024
3 1024
0 374
3 1024
1 1024
2 1024
0 826
1 1024
4 1024
0 464
1 1024
3 1024
2 1024
0 646
0 562
3 1024
3 1024
5 1024
1 1024
4 1024
1 1024
3 1024
4 1024
3 1024
2 1024
2 1024
2 1024
2 1024
1 1024
1 1024
2 1024
2 1024
3 1024
3 1024
2 1024
4 1024
1 1024
4 1024
2 1024
3 1024
4 1024
1 1024
2 1024
1 1024
4 1024
3 1024
1 1024
0 674
1 1024
1 1024
2 1024
2 1024
7 1024
2 1024
2 1024
0 992
5 1024
4 1024
3 1024
3 1024
2 1024
3 1024
1 1024
5 1024
2 1024
0 961
2 1024
4 1024
1 1024
0 688
0 995
3 1024
2 1024
1 1024
1 1024
1 1024
2 1024
0 443
3 1024
2 1024
1 1024
1 1024
1 1024
0 799
3 1024
2 1024
2 1024
4 1024
5 1024
6 1024
3 1024
0 901
0 1018
1 1024
6 1024
2 1024
1 1024
2 1024
1 1024
2 1024
2 1024
1 1024
6 1024
0 747
8 1024
3 1024
2 1024
4 1024
2 1024
2 1024
2 1024
1 1024
2 1024
5 1024
1 1024
6 1024
2 1024
1 1024
2 1024
2 1024
4 1024
6 1024
2 1024
4 1024
1 1024
2 1024
2 1024
6 1024
5 1024
2 1024
2 1024
1 1024
2 1024
3 1024
3 1024
1 1024
1 1024
3 1024
6 1024
1 1024
3 1024
3 1024
6 1024
2 1024
1 1024
0 580
2 1024
1 1024
1 1024
4 1024
1 1024
2 1024
1 1024
6 1024
3 1024
3 1024
5 1024
1 1024
2 1024
2 1024
0 690
2 1024
2 1024
0 811
1 1024
3 1024
4 1024
3 1024
3 1024
3 1024
1 1024
3 1024
2 1024
1 1024
2 1024
1 1024
8 1024
1 1024
0 859
2 1024
2 1024
4 1024
4 1024
0 555
2 1024
3 1024
1 1024
3 1024
2 1024
4 1024
3 1024
0 839
2 1024
3 1024
2 1024
1 1024
1 1024
7 1024
4 1024
3 1024
5 1024
2 1024
4 1024
0 533
3 1024
6 1024
2 1024
1 1024
3 1024
2 1024
1 1024
1 1024
2 1024
3 1024
4 1024
2 1024
2 1024
2 1024
2 1024
1 1024
4 1024
3 1024
2 1024
4 1024
2 1024
0 514
1 1024
2 1024
2 1024
2 1024
0 975
4 1024
0 645
3 1024
4 1024
2 1024
0 768
3 1024
4 1024
3 1024
1 1024
4 1024
4 1024
9 1024
3 1024
4 1024
0 973
5 1024
3 1024
2 1024
3 1024
1 1024
4 1024
3 1024
0 532
1 1024
0 629
1 1024
1 1024
2 1024
3 1024
2 1024
5 1024
1 1024
3 1024
0 984
5 1024
1 1024
3 1024
1 1024
5 1024
4 1024
1 1024
4 1024
0 649
3 1024
1 1024
1 1024
3 1024
2 1024
1 1024
1 1024
3 1024
0 977
4 1024
1 1024
5 1024
2 1024
4 1024
3 1024
3 1024
2 1024
4 1024
1 1024
4 1024
4 1024
4 1024
3 1024
3 1024
0 498
2 1024
2 1024
1 1024
1 1024
5 1024
1 1024
1 1024
2 1024
3 1024
1 1024
2 1024
2 1024
1 1024
2 1024
1 1024
4 1024
2 1024
4 1024
1 1024
1 1024
2 1024
2 1024
1 1024
1 1024
0 835
0 877
3 1024
2 1024
1 1024
2 1024
2 1024
4 1024
1 1024
3 1024
1 1024
2 1024
2 1024
1 1024
1 1024
0 934
4 1024
0 705
4 1024
2 1024
2 1024
2 1024
2 1024
4 1024
4 1024
1 1024
2 1024
1 1024
2 1024
2 1024
1 1024
1 1024
2 1024
2 1024
1 1024
5 1024
0 779
0 571
0 980
1 1024
3 1024
1 1024
1 1024
1 1024
2 1024
2 1024
4 1024
1 1024
4 1024
3 1024
8 1024
5 1024
3 1024
3 1024
3 1024
2 1024
0 980
4 1024
0 647
2 1024
3 1024
4 1024
0 718
2 1024
3 1024
3 1024
0 656
0 675
0 419
6 1024
2 1024
1 1024
1 1024
1 1024
3 1024
5 1024
6 1024
3 1024
0 751
4 1024
2 1024
2 1024
3 1024
2 1024
4 1024
0 900
3 1024
0 827
1 1024
2 1024
3 1024
0 955
2 1024
1 1024
2 1024
6 1024
1 1024
2 1024
4 1024
0 881
1 1024
1 1024
4 1024
2 1024
0 1007
2 1024
6 1024
4 1024
1 1024
1 1024
0 718
3 1024
0 412
3 1024
4 1024
2 1024
4 1024
4 1024
4 1024
1 1024
1 1024
1 1024
1 1024
0 833
2 1024
6 1024
2 1024
1 1024
1 1024
0 919
3 1024
2 1024
2 1024
0 826
4 1024
2 1024
1 1024
5 1024
1 1024
2 1024
0 696
2 1024
0 946
0 758
0 964
3 1024
2 1024
2 1024
3 1024
0 693
3 1024
3 1024
3 1024
5 1024
2 1024
1 1024
3 1024
1 1024
5 1024
5 1024
5 1024
5 1024
0 1009
2 1024
2 1024
1 1024
3 1024
2 1024
1 1024
5 1024
3 1024
2 1024
0 609
1 1024
3 1024
0 860
5 1024
5 1024
2 1024
1 1024
3 1024
2 1024
1 1024
2 1024
2 1024
0 1006
2 1024
1 1024
2 1024
2 1024
1 1024
3 1024
1 1024
0 616
3 1024
0 1008
1 1024
3 1024
1 1024
0 905
1 1024
4 1024
0 801
0 417
4 1024
3 1024
0 998
1 1024
1 1024
2 1024
4 1024
2 1024
1 1024
3 1024
7 1024
3 1024
2 1024
1 1024
2 1024
2 1024
0 833
5 1024
2 1024
0 891
2 1024
2 1024
4 1024
0 932
2 1024
3 1024
1 1024
3 1024
3 1024
0 614
5 1024
1 1024
2 1024
3 1024
3 1024
3 1024
1 1024
1 1024
3 1024
1 1024
3 1024
3 1024
1 1024
4 1024
6 1024
2 1024
1 1024
4 1024
3 1024
3 1024
1 1024
2 1024
1 1024
4 1024
4 1024
0 834
6 1024
1 1024
2 1024
1 1024
0 612
0 676
7 1024
5 1024
2 1024
1 1024
3 1024
4 1024
2 1024
1 1024
2 1024
5 1024
3 1024
1 1024
0 421
4 1024
3 1024
0 653
3 1024
2 1024
2 1024
1 1024
2 1024
1 1024
0 813
3 1024
5 1024
4 1024
2 1024
2 1024
0 921
0 1016
0 568
0 745
4 1024
3 1024
0 424
6 1024
4 1024
2 1024
2 1024
4 1024
6 1024
1 1024
2 1024
2 1024
0 554
3 1024
1 1024
1 1024
0 1017
0 273
3 1024
3 1024
1 1024
1 1024
3 1024
5 1024
0 648
3 1024
1 1024
2 1024
2 1024
3 1024
0 907
4 1024
1 1024
4 1024
0 859
5 1024
2 1024
1 1024
2 1024
3 1024
4 1024
1 1024
4 1024
2 1024
0 694
1 1024
1 1024
3 1024
3 1024
3 1024
0 499
4 1024
0 636
4 1024
2 1024
4 1024
3 1024
1 1024
1 1024
1 1024
1 1024
1 1024
0 689
3 1024
1 1024
2 1024
1 1024
8 1024
2 1024
4 1024
4 1024
1 1024
1 1024
2 1024
0 818
1 1024
6 1024
2 1024
2 1024
2 1024
1 1024
1 1024
2 1024
3 1024
2 1024
3 1024
3 1024
7 1024
5 1024
2 1024
0 898
2 1024
1 1024
2 1024
4 1024
1 1024
0 560
2 1024
5 1024
3 1024
1 1024
6 1024
3 1024
2 1024
2 1024
4 1024
1 1024
3 1024
2 1024
3 1024
2 1024
2 1024
3 1024
2 1024
0 416
0 879
2 1024
1 1024
2 1024
6 1024
3 1024
0 813
5 1024
4 1024
2 1024
1 1024
3 1024
0 475
1 1024
1 1024
0 905
4 1024
0 595
0 529
4 1024
1 1024
0 539
1 1024
1 1024
1 1024
2 1024
0 525
1 1024
2 1024
2 1024
2 1024
5 1024
1 1024
4 1024
4 1024
2 1024
1 1024
0 952
0 542
3 1024
0 636
5 1024
4 1024
2 1024
2 1024
5 1024
1 1024
0 658
0 911
1 1024
3 1024
3 1024
0 762
1 1024
2 1024
3 1024
2 1024
3 1024
1 1024
5 1024
4 1024
2 1024
6 1024
2 1024
4 1024
0 529
3 1024
2 1024
1 1024
2 1024
2 1024
2 1024
2 1024
5 1024
1 1024
2 1024
3 1024
2 1024
8 1024
1 1024
0 857
3 1024
3 1024
1 1024
0 638
2 1024
3 1024
1 1024
2 1024
3 1024
1 1024
2 1024
0 710
4 1024
3 1024
5 1024
1 1024
2 1024
3 1024
0 737
3 1024
2 1024
3 1024
0 743
2 1024
3 1024
1 1024
2 1024
5 1024
1 1024
1 1024
4 1024
3 1024
2 1024
2 1024
2 1024
0 682
3 1024
0 822
3 1024
5 1024
3 1024
0 855
3 1024
2 1024
1 1024
2 1024
7 1024
6 1024
2 1024
2 1024
4 1024
5 1024
2 1024
3 1024
0 760
2 1024
1 1024
2 1024
3 1024
2 1024
3 1024
3 1024
1 1024
2 1024
1 1024
1 1024
1 1024
2 1024
4 1024
3 1024
7 1024
3 1024
2 1024
4 1024
1 1024
4 1024
1 1024
1 1024
2 1024
3 1024
2 1024
4 1024
1 1024
1 1024
2 1024
3 1024
1 1024
2 1024
3 1024
2 1024
2 1024
1 1024
3 1024
1 1024
3 1024
1 1024
0 660
3 1024
0 392
2 1024
0 819
3 1024
4 1024
2 1024
1 1024
3 1024
4 1024
2 1024
2 1024
1 1024
4 1024
2 1024
3 1024
3 1024
0 912
3 1024
2 1024
2 1024
4 1024
2 1024
1 1024
1 1024
2 1024
0 696
3 1024
0 879
1 1024
1 1024
1 1024
4 1024
0 760
1 1024
2 1024
4 1024
2 1024
3 1024
4 1024
1 1024
1 1024
3 1024
2 1024
2 1024
0 967
0 952
3 1024
1 1024
5 1024
3 1024
1 1024
2 1024
1 1024
2 1024
1 1024
1 1024
2 1024
3 1024
2 1024
1 1024
3 1024
1 1024
1 1024
1 1024
2 1024
4 1024
0 743
2 1024
4 1024
5 1024
3 1024
1 1024
2 1024
3 1024
5 1024
5 1024
3 1024
0 386
1 1024
2 1024
2 1024
2 1024
3 1024
0 632
0 486
0 848
2 1024
6 1024
2 1024
9 1024
3 1024
1 1024
2 1024
1 1024
1 1024
2 1024
2 1024
4 1024
0 660
3 1024
3 1024
4 1024
3 1024
0 762
1 1024
2 1024
1 1024
4 1024
3 1024
5 1024
8 1024
5 1024
3 1024
6 1024
1 1024
2 1024
2 1024
0 1022
1 1024
3 1024
0 695
2 1024
0 770
2 1024
3 1024
0 543
2 1024
0 392
1 1024
4 1024
0 421
4 1024
2 1024
3 1024
1 1024
2 1024
3 1024
1 1024
7 1024
2 1024
1 1024
4 1024
2 1024
3 1024
2 1024
2 1024
1 1024
2 1024
5 1024
2 1024
1 1024
1 1024
1 1024
1 1024
0 693
4 1024
1 1024
2 1024
2 1024
1 1024
3 1024
2 1024
3 1024
1 1024
2 1024
3 1024
10 1024
3 1024
2 1024
1 1024
0 802
3 1024
3 1024
2 1024
5 1024
5 1024
5 1024
0 399
1 1024
5 1024
1 1024
3 1024
4 1024
1 1024
2 1024
2 1024
2 1024
3 1024
3 1024
3 1024
2 1024
0 648
1 1024
2 1024
2 1024
2 1024
5 1024
2 1024
0 578
4 1024
1 1024
3 1024
1 1024
0 909
2 1024
3 1024
1 1024
0 487
0 752
7 1024
1 1024
2 1024
2 1024
0 889
2 1024
3 1024
5 1024
3 1024
1 1024
4 1024
0 969
2 1024
1 1024
0 506
0 1000
4 1024
2 1024
4 1024
1 1024
4 1024
8 1024
0 903
6 1024
1 1024
2 1024
2 1024
5 1024
1 1024
3 1024
2 1024
1 1024
2 1024
1 1024
0 892
2 1024
2 1024
1 1024
1 1024
2 1024
2 1024
1 1024
6 1024
0 582
3 1024
1 1024
2 1024
2 1024
2 1024
4 1024
3 1024
3 1024
0 522
3 1024
2 1024
2 1024
1 1024
0 559
2 1024
3 1024
0 760
1 1024
1 1024
3 1024
2 1024
2 1024
1 1024
1 1024
5 1024
1 1024
4 1024
2 1024
0 670
3 1024
5 1024
1 1024
3 1024
1 1024
1 1024
1 1024
2 1024
2 1024
3 1024
3 1024
2 1024
3 1024
3 1024
1 1024
2 1024
0 597
2 1024
2 1024
4 1024
3 1024
3 1024
0 788
2 1024
3 1024
2 1024
2 1024
1 1024
1 1024
1 1024
7 1024
0 689
5 1024
1 1024
0 850
1 1024
4 1024
5 1024
6 1024
1 1024
0 878
2 1024
3 1024
4 1024
1 1024
1 1024
6 1024
1 1024
0 965
4 1024
2 1024
3 1024
0 959
2 1024
3 1024
3 1024
2 1024
3 1024
1 1024
4 1024
0 674
1 1024
3 1024
1 1024
3 1024
3 1024
5 1024
2 1024
3 1024
2 1024
1 1024
4 1024
1 1024
0 634
3 1024
2 1024
2 1024
2 1024
2 1024
0 578
2 1024
5 1024
3 1024
0 345
2 1024
1 1024
2 1024
3 1024
1 1024
2 1024
2 1024
1 1024
1 1024
0 578
2 1024
7 1024
2 1024
2 1024
4 1024
4 1024
3 1024
1 1024
5 1024
2 1024
4 1024
2 1024
4 1024
2 1024
0 941
3 1024
4 1024
5 1024
2 1024
1 1024
0 382
4 1024
2 1024
1 1024
5 1024
2 1024
4 1024
4 1024
5 1024
1 1024
1 1024
1 1024
0 790
2 1024
5 1024
3 1024
2 1024
3 1024
2 1024
2 1024
2 1024
1 1024
1 1024
2 1024
6 1024
1 1024
0 758
2 1024
3 1024
2 1024
2 1024
3 1024
1 1024
4 1024
3 1024
0 811
4 1024
3 1024
2 1024
2 1024
0 827
3 1024
1 1024
1 1024
0 491
0 984
1 1024
8 1024
2 1024
1 1024
1 1024
0 722
1 1024
1 1024
3 1024
3 1024
3 1024
0 781
2 1024
2 1024
4 1024
2 1024
3 1024
3 1024
1 1024
2 1024
0 848
3 1024
3 1024
2 1024
2 1024
3 1024
3 1024
1 1024
2 1024
2 1024
1 1024
1 1024
7 1024
3 1024
2 1024
3 1024
0 619
4 1024
2 1024
5 1024
4 1024
4 1024
0 529
0 978
0 658
2 1024
7 1024
0 840
1 1024
2 1024
1 1024
2 1024
6 1024
3 1024
3 1024
1 1024
3 1024
0 812
0 588
5 1024
4 1024
2 1024
2 1024
1 1024
3 1024
2 1024
1 1024
0 919
2 1024
1 1024
5 1024
3 1024
3 1024
3 1024
3 1024
2 1024
1 1024
2 1024
0 580
3 1024
3 1024
6 1024
2 1024
1 1024
3 1024
2 1024
2 1024
2 1024
3 1024
1 1024
3 1024
2 1024
1 1024
0 706
4 1024
4 1024
3 1024
3 1024
3 1024
1 1024
4 1024
4 1024
3 1024
1 1024
2 1024
1 1024
3 1024
0 736
2 1024
2 1024
4 1024
1 1024
0 483
2 1024
0 977
3 1024
2 1024
2 1024
3 1024
2 1024
2 1024
4 1024
4 1024
1 1024
1 1024
1 1024
3 1024
2 1024
4 1024
2 1024
2 1024
1 1024
3 1024
1 1024
2 1024
0 719
2 1024
2 1024
2 1024
0 523
4 1024
1 1024
2 1024
2 1024
5 1024
4 1024
2 1024
1 1024
0 883
3 1024
1 1024
3 1024
3 1024
2 1024
4 1024
4 1024
3 1024
2 1024
4 1024
4 1024
2 1024
2 1024
4 1024
3 1024
4 1024
1 1024
6 1024
5 1024
5 1024
5 1024
4 1024
0 686
4 1024
4 1024
7 1024
2 1024
5 1024
1 1024
4 1024
2 1024
4 1024
3 1024
3 1024
2 1024
3 1024
6 1024
2 1024
2 1024
0 708
1 1024
3 1024
6 1024
1 1024
4 1024
0 543
0 466
1 1024
3 1024
1 1024
3 1024
3 1024
0 805
1 1024
1 1024
1 1024
1 1024
1 1024
2 1024
0 831
3 1024
5 1024
3 1024
0 970
4 1024
1 1024
0 711
1 1024
4 1024
2 1024
2 1024
5 1024
3 1024
4 1024
2 1024
5 1024
3 1024
1 1024
2 1024
2 1024
0 587
4 1024
6 1024
4 1024
1 1024
0 793
2 1024
0 890
1 1024
2 1024
2 1024
0 767
2 1024
2 1024
3 1024
1 1024
1 1024
2 1024
2 1024
2 1024
1 1024
4 1024
3 1024
1 1024
3 1024
0 915
3 1024
2 1024
2 1024
2 1024
1 1024
2 1024
2 1024
0 807
2 1024
0 681
2 1024
2 1024
1 1024
5 1024
3 1024
2 1024
1 1024
1 1024
0 972
3 1024
0 593
1 1024
1 1024
2 1024
3 1024
0 621
2 1024
1 1024
1 1024
4 1024
3 1024
6 1024
3 1024
3 1024
1 1024
1 1024
4 1024
4 1024
2 1024
3 1024
2 1024
1 1024
2 1024
1 1024
0 682
1 1024
0 756
0 871
1 1024
1 1024
2 1024
4 1024
1 1024
4 1024
5 1024
3 1024
1 1024
2 1024
4 1024
0 886
2 1024
2 1024
1 1024
0 1024
4 1024
3 1024
4 1024
1 1024
1 1024
1 1024
1 1024
2 1024
3 1024
1 1024
2 1024
1 1024
5 1024
3 1024
0 792
5 1024
4 1024
4 1024
1 1024
1 1024
3 1024
3 1024
2 1024
1 1024
1 1024
1 1024
3 1024
3 1024
5 1024
1 1024
3 1024
1 1024
2 1024
2 1024
1 1024
0 959
2 1024
4 1024
2 1024
2 1024
2 1024
2 1024
4 1024
2 1024
2 1024
5 1024
2 1024
2 1024
1 1024
5 1024
1 1024
1 1024
3 1024
3 1024
2 1024
1 1024
4 1024
2 1024
2 1024
3 1024
0 676
3 1024
2 1024
1 1024
2 1024
1 1024
2 1024
6 1024
3 1024
2 1024
0 682
4 1024
1 1024
4 1024
5 1024
1 1024
1 1024
3 1024
3 1024
2 1024
0 660
0 966
0 351
1 1024
4 1024
0 912
0 863
2 1024
1 1024
6 1024
1 1024
2 1024
3 1024
0 367
0 967
5 1024
2 1024
4 1024
1 1024
2 1024
1 1024
1 1024
2 1024
4 1024
0 1001
0 584
2 1024
0 1016
0 449
2 1024
2 1024
0 926
2 1024
1 1024
1 1024
3 1024
1 1024
2 1024
0 655
3 1024
1 1024
3 1024
1 1024
2 1024
2 1024
1 1024
6 1024
2 1024
1 1024
0 453
2 1024
6 1024
1 1024
2 1024
0 966
2 1024
2 1024
0 591
3 1024
4 1024
1 1024
2 1024
3 1024
4 1024
3 1024
1 1024
4 1024
1 1024
1 1024
2 1024
1 1024
1 1024
0 671
0 581
1 1024
3 1024
3 1024
1 1024
1 1024
0 871
3 1024
4 1024
2 1024
1 1024
3 1024
3 1024
3 1024
2 1024
2 1024
1 1024
3 1024
2 1024
3 1024
3 1024
2 1024
5 1024
3 1024
3 1024
3 1024
4 1024
6 1024
1 1024
3 1024
1 1024
2 1024
0 874
4 1024
4 1024
4 1024
1 1024
1 1024
3 1024
2 1024
5 1024
0 828
6 1024
2 1024
7 1024
1 1024
1 1024
3 1024
2 1024
1 1024
0 608
4 1024
0 856
1 1024
1 1024
3 1024
1 1024
2 1024
1 1024
2 1024
3 1024
3 1024
4 1024
5 1024
3 1024
2 1024
0 607
3 1024
1 1024
1 1024
3 1024
3 1024
0 635
1 1024
2 1024
2 1024
2 1024
0 613
1 1024
2 1024
1 1024
1 1024
2 1024
1 1024
3 1024
2 1024
1 1024
1 1024
1 1024
3 1024
2 1024
1 1024
5 1024
1 1024
2 1024
0 510
3 1024
1 1024
3 1024
1 1024
4 1024
1 1024
4 1024
1 1024
1 1024
2 1024
2 1024
2 1024
1 1024
1 1024
3 1024
2 1024
0 567
3 1024
5 1024
2 1024
1 1024
1 1024
7 1024
3 1024
4 1024
3 1024
2 1024
2 1024
5 1024
3 1024
0 963
3 1024
0 776
3 1024
3 1024
3 1024
2 1024
0 596
3 1024
2 1024
2 1024
3 1024
3 1024
2 1024
1 1024
1 1024
2 1024
0 665
5 1024
3 1024
2 1024
3 1024
2 1024
2 1024
1 1024
1 1024
3 1024
1 1024
4 1024
3 1024
1 1024
3 1024
0 722
2 1024
1 1024
2 1024
3 1024
1 1024
1 1024
2 1024
2 1024
1 1024
2 1024
0 614
0 601
2 1024
2 1024
0 856
4 1024
2 1024
3 1024
1 1024
1 1024
1 1024
3 1024
1 1024
0 560
5 1024
3 1024
0 482
1 1024
0 891
2 1024
4 1024
1 1024
2 1024
1 1024
2 1024
4 1024
2 1024
5 1024
2 1024
1 1024
3 1024
2 1024
1 1024
0 493
1 1024
1 1024
3 1024
0 841
2 1024
2 1024
3 1024
4 1024
6 1024
1 1024
2 1024
2 1024
1 1024
3 1024
4 1024
3 1024
0 480
2 1024
1 1024
2 1024
3 1024
3 1024
3 1024
2 1024
1 1024
1 1024
1 1024
4 1024
5 1024
3 1024
2 1024
3 1024
3 1024
1 1024
1 1024
2 1024
2 1024
2 1024
2 1024
0 371
1 1024
1 1024
2 1024
1 1024
0 515
2 1024
1 1024
3 1024
1 1024
3 1024
2 1024
2 1024
3 1024
2 1024
2 1024
1 1024
4 1024
1 1024
0 941
3 1024
1 1024
3 1024
0 891
3 1024
0 780
1 1024
2 1024
1 1024
0 973
1 1024
4 1024
2 1024
2 1024
4 1024
2 1024
4 1024
2 1024
4 1024
4 1024
1 1024
1 1024
2 1024
1 1024
1 1024
3 1024
2 1024
2 1024
6 1024
2 1024
5 1024
2 1024
3 1024
1 1024
1 1024
1 1024
2 1024
1 1024
4 1024
1 1024
1 1024
1 1024
4 1024
5 1024
3 1024
2 1024
1 1024
3 1024
1 1024
0 382
2 1024
8 1024
2 1024
4 1024
3 1024
0 645
0 635
0 993
2 1024
0 919
5 1024
1 1024
2 1024
3 1024
3 1024
2 1024
1 1024
0 612
1 1024
1 1024
1 1024
5 1024
5 1024
3 1024
5 1024
1 1024
1 1024
4 1024
4 1024
4 1024
1 1024
1 1024
5 1024
5 1024
3 1024
1 1024
6 1024
2 1024
2 1024
0 894
5 1024
0 826
5 1024
1 1024
0 653
0 538
0 476
3 1024
2 1024
4 1024
9 1024
3 1024
2 1024
2 1024
3 1024
1 1024
3 1024
5 1024
2 1024
1 1024
1 1024
4 1024
1 1024
4 1024
2 1024
3 1024
5 1024
4 1024
3 1024
3 1024
3 1024
4 1024
1 1024
0 414
1 1024
1 1024
1 1024
3 1024
4 1024
0 715
0 671
3 1024
5 1024
2 1024
0 535
2 1024
2 1024
2 1024
5 1024
4 1024
2 1024
1 1024
1 1024
1 1024
5 1024
1 1024
3 1024
1 1024
2 1024
4 1024
2 1024
3 1024
2 1024
1 1024
2 1024
4 1024
3 1024
0 1010
3 1024
1 1024
0 449
1 1024
1 1024
4 1024
2 1024
1 1024
3 1024
3 1024
2 1024
0 414
1 1024
2 1024
1 1024
0 601
3 1024
2 1024
3 1024
2 1024
0 825
1 1024
4 1024
2 1024
2 1024
1 1024
3 1024
2 1024
1 1024
2 1024
2 1024
1 1024
0 542
2 1024
2 1024
2 1024
4 1024
5 1024
2 1024
0 543
3 1024
4 1024
5 1024
2 1024
2 1024
1 1024
0 658
1 1024
0 1001
1 1024
2 1024
0 298
1 1024
1 1024
3 1024
1 1024
1 1024
3 1024
1 1024
2 1024
1 1024
4 1024
0 923
2 1024
1 1024
1 1024
2 1024
2 1024
4 1024
1 1024
1 1024
1 1024
0 565
3 1024
2 1024
0 579
2 1024
0 422
0 705
1 1024
7 1024
4 1024
1 1024
4 1024
2 1024
3 1024
1 1024
3 1024
1 1024
0 494
6 1024
3 1024
0 844
2 1024
3 1024
2 1024
1 1024
0 863
4 1024
1 1024
1 1024
1 1024
4 1024
3 1024
0 915
2 1024
2 1024
1 1024
3 1024
2 1024
4 1024
3 1024
2 1024
3 1024
1 1024
1 1024
3 1024
0 689
4 1024
2 1024
2 1024
1 1024
1 1024
2 1024
0 520
2 1024
5 1024
3 1024
0 909
3 1024
1 1024
2 1024
1 1024
2 1024
2 1024
3 1024
5 1024
0 907
2 1024
3 1024
2 1024
2 1024
1 1024
3 1024
2 1024
8 1024
2 1024
0 675
3 1024
1 1024
1 1024
3 1024
1 1024
1 1024
1 1024
5 1024
0 863
2 1024
4 1024
2 1024
0 651
4 1024
3 1024
1 1024
0 634
2 1024
3 1024
0 465
3 1024
2 1024
4 1024
3 1024
3 1024
2 1024
2 1024
1 1024
0 1004
2 1024
1 1024
3 1024
0 947
3 1024
3 1024
1 1024
1 1024
1 1024
0 565
5 1024
0 1013
1 1024
1 1024
1 1024
0 872
2 1024
1 1024
0 1013
2 1024
2 1024
4 1024
0 560
1 1024
0 546
3 1024
1 1024
5 1024
2 1024
4 1024
2 1024
5 1024
2 1024
2 1024
1 1024
2 1024
1 1024
3 1024
2 1024
2 1024
2 1024
2 1024
0 924
1 1024
3 1024
1 1024
1 1024
2 1024
0 559
3 1024
1 1024
5 1024
2 1024
0 902
1 1024
0 819
0 727
1 1024
1 1024
1 1024
3 1024
3 1024
3 1024
2 1024
1 1024
3 1024
2 1024
0 791
4 1024
4 1024
3 1024
4 1024
2 1024
2 1024
1 1024
2 1024
0 969
0 490
4 1024
1 1024
3 1024
1 1024
3 1024
0 711
5 1024
3 1024
0 695
2 1024
4 1024
2 1024
1 1024
2 1024
2 1024
5 1024
2 1024
3 1024
0 733
2 1024
3 1024
2 1024
1 1024
3 1024
1 1024
1 1024
2 1024
1 1024
5 1024
2 1024
1 1024
2 1024
4 1024
1 1024
1 1024
3 1024
1 1024
2 1024
4 1024
6 1024
1 1024
4 1024
4 1024
1 1024
1 1024
5 1024
2 1024
3 1024
2 1024
3 1024
1 1024
1 1024
6 1024
1 1024
8 1024
3 1024
3 1024
2 1024
1 1024
5 1024
1 1024
2 1024
4 1024
3 1024
1 1024
1 1024
4 1024
4 1024
1 1024
2 1024
0 776
0 735
5 1024
1 1024
3 1024
1 1024
2 1024
4 1024
1 1024
0 851
5 1024
3 1024
5 1024
4 1024
1 1024
2 1024
5 1024
2 1024
4 1024
1 1024
0 947
1 1024
2 1024
0 991
2 1024
0 943
2 1024
3 1024
0 849
4 1024
3 1024
0 561
0 929
3 1024
1 1024
1 1024
4 1024
1 1024
1 1024
2 1024
2 1024
5 1024
2 1024
1 1024
2 1024
1 1024
3 1024
1 1024
1 1024
3 1024
2 1024
3 1024
3 1024
1 1024
2 1024
0 984
0 928
3 1024
2 1024
3 1024
2 1024
0 968
1 1024
2 1024
2 1024
3 1024
1 1024
1 1024
2 1024
3 1024
1 1024
5 1024
2 1024
1 1024
2 1024
1 1024
4 1024
0 679
4 1024
4 1024
2 1024
2 1024
0 961
3 1024
3 1024
4 1024
3 1024
0 1021
0 820
0 787
5 1024
5 1024
3 1024
1 1024
0 619
1 1024
0 753
1 1024
0 629
0 955
2 1024
4 1024
5 1024
3 1024
1 1024
4 1024
1 1024
3 1024
8 1024
1 1024
1 1024
3 1024
2 1024
5 1024
1 1024
3 1024
2 1024
0 367
2 1024
5 1024
0 893
2 1024
2 1024
0 720
0 651
1 1024
1 1024
3 1024
1 1024
1 1024
3 1024
3 1024
2 1024
3 1024
0 620
2 1024
2 1024
5 1024
0 809
4 1024
2 1024
2 1024
5 1024
0 791
2 1024
2 1024
5 1024
0 449
4 1024
2 1024
1 1024
3 1024
2 1024
3 1024
5 1024
1 1024
1 1024
2 1024
1 1024
6 1024
1 1024
2 1024
1 1024
1 1024
0 475
4 1024
2 1024
3 1024
1 1024
2 1024
4 1024
7 1024
2 1024
6 1024
2 1024
3 1024
3 1024
3 1024
3 1024
3 1024
0 542
0 1015
2 1024
0 711
3 1024
3 1024
1 1024
1 1024
5 1024
1 1024
2 1024
1 1024
3 1024
3 1024
2 1024
3 1024
5 1024
6 1024
1 1024
4 1024
3 1024
0 948
6 1024
2 1024
1 1024
2 1024
0 712
5 1024
1 1024
2 1024
2 1024
3 1024
2 1024
1 1024
5 1024
2 1024
1 1024
2 1024
7 1024
6 1024
1 1024
2 1024
0 980
3 1024
2 1024
1 1024
3 1024
4 1024
1 1024
2 1024
3 1024
9 1024
1 1024
2 1024
2 1024
2 1024
0 460
2 1024
1 1024
3 1024
1 1024
0 499
0 985
4 1024
3 1024
1 1024
0 677
1 1024
2 1024
3 1024
1 1024
1 1024
1 1024
2 1024
1 1024
3 1024
2 1024
1 1024
3 1024
1 1024
1 1024
0 969
3 1024
2 1024
1 1024
1 1024
3 1024
3 1024
5 1024
2 1024
4 1024
2 1024
1 1024
2 1024
3 1024
1 1024
2 1024
3 1024
1 1024
3 1024
5 1024
2 1024
2 1024
2 1024
1 1024
1 1024
3 1024
2 1024
0 522
2 1024
1 1024
3 1024
2 1024
1 1024
1 1024
0 614
2 1024
4 1024
4 1024
2 1024
1 1024
5 1024
3 1024
2 1024
1 1024
1 1024
2 1024
2 1024
6 1024
3 1024
1 1024
2 1024
3 1024
3 1024
3 1024
1 1024
2 1024
3 1024
1 1024
0 457
2 1024
3 1024
1 1024
3 1024
3 1024
1 1024
5 1024
1 1024
1 1024
2 1024
2 1024
3 1024
2 1024
3 1024
1 1024
1 1024
0 682
0 453
1 1024
2 1024
3 1024
0 702
1 1024
0 465
2 1024
1 1024
3 1024
2 1024
0 782
0 949
2 1024
3 1024
1 1024
7 1024
1 1024
1 1024
4 1024
3 1024
2 1024
0 935
1 1024
4 1024
1 1024
1 1024
1 1024
2 1024
1 1024
0 478
1 1024
5 1024
5 1024
0 1012
3 1024
0 942
1 1024
2 1024
2 1024
0 782
2 1024
2 1024
1 1024
2 1024
3 1024
2 1024
1 1024
2 1024
4 1024
4 1024
3 1024
2 1024
4 1024
0 767
0 973
4 1024
2 1024
1 1024
1 1024
3 1024
2 1024
3 1024
1 1024
2 1024
6 1024
4 1024
4 1024
3 1024
2 1024
3 1024
0 948
3 1024
1 1024
3 1024
1 1024
2 1024
1 1024
4 1024
1 1024
1 1024
2 1024
1 1024
3 1024
1 1024
2 1024
3 1024
5 1024
8 1024
3 1024
2 1024
3 1024
0 773
4 1024
0 905
2 1024
0 1013
1 1024
0 446
0 926
6 1024
2 1024
0 762
4 1024
0 529
0 969
3 1024
3 1024
2 1024
5 1024
3 1024
2 1024
3 1024
6 1024
2 1024
0 862
3 1024
1 1024
2 1024
0 789
4 1024
1 1024
3 1024
4 1024
1 1024
2 1024
0 890
1 1024
2 1024
1 1024
1 1024
0 787
1 1024
2 1024
0 695
2 1024
0 631
1 1024
1 1024
2 1024
2 1024
2 1024
4 1024
2 1024
1 1024
0 926
2 1024
1 1024
3 1024
6 1024
5 1024
3 1024
4 1024
1 1024
0 384
0 773
1 1024
2 1024
5 1024
0 650
0 583
3 1024
2 1024
2 1024
1 1024
1 1024
4 1024
1 1024
1 1024
1 1024
2 1024
2 1024
6 1024
0 864
1 1024
0 714
3 1024
2 1024
7 1024
1 1024
3 1024
1 1024
4 1024
0 615
3 1024
2 1024
4 1024
4 1024
3 1024
3 1024
1 1024
3 1024
3 1024
0 761
2 1024
6 1024
3 1024
1 1024
1 1024
3 1024
4 1024
4 1024
3 1024
2 1024
3 1024
2 1024
5 1024
1 1024
1 1024
3 1024
1 1024
2 1024
2 1024
3 1024
2 1024
3 1024
2 1024
1 1024
2 1024
0 821
4 1024
1 1024
2 1024
1 1024
1 1024
1 1024
2 1024
1 1024
2 1024
2 1024
7 1024
3 1024
1 1024
1 1024
3 1024
1 1024
3 1024
4 1024
4 1024
4 1024
1 1024
0 802
3 1024
1 1024
1 1024
0 743
0 747
6 1024
1 1024
2 1024
4 1024
3 1024
4 1024
2 1024
1 1024
1 1024
4 1024
4 1024
5 1024
3 1024
3 1024
1 1024
2 1024
1 1024
2 1024
1 1024
1 1024
4 1024
1 1024
3 1024
0 884
5 1024
2 1024
4 1024
3 1024
2 1024
1 1024
1 1024
3 1024
3 1024
1 1024
5 1024
7 1024
3 1024
0 857
3 1024
3 1024
2 1024
0 811
0 619
2 1024
2 1024
2 1024
2 1024
2 1024
4 1024
3 1024
2 1024
3 1024
1 1024
2 1024
1 1024
2 1024
1 1024
4 1024
1 1024
2 1024
3 1024
4 1024
2 1024
0 853
4 1024
3 1024
1 1024
1 1024
3 1024
3 1024
1 1024
3 1024
3 1024
2 1024
1 1024
2 1024
2 1024
3 1024
1 1024
1 1024
1 1024
1 1024
1 1024
3 1024
3 1024
1 1024
4 1024
3 1024
6 1024
2 1024
2 1024
0 789
0 507
3 1024
1 1024
1 1024
0 706
2 1024
2 1024
2 1024
0 561
0 691
1 1024
4 1024
2 1024
3 1024
3 1024
3 1024
4 1024
0 457
0 580
0 770
4 1024
4 1024
1 1024
1 1024
4 1024
0 533
2 1024
2 1024
6 1024
6 1024
1 1024
1 1024
4 1024
1 1024
1 1024
5 1024
4 1024
1 1024
4 1024
0 903
1 1024
1 1024
3 1024
3 1024
3 1024
1 1024
1 1024
3 1024
3 1024
2 1024
1 1024
1 1024
3 1024
2 1024
4 1024
0 571
4 1024
2 1024
3 1024
4 1024
5 1024
1 1024
2 1024
2 1024
0 893
3 1024
0 641
3 1024
1 1024
3 1024
2 1024
0 386
1 1024
3 1024
1 1024
1 1024
3 1024
1 1024
0 1022
2 1024
1 1024
1 1024
4 1024
3 1024
3 1024
3 1024
5 1024
5 1024
2 1024
3 1024
3 1024
2 1024
2 1024
4 1024
0 739
1 1024
4 1024
5 1024
4 1024
3 1024
2 1024
1 1024
3 1024
1 1024
1 1024
3 1024
2 1024
4 1024
1 1024
2 1024
1 1024
5 1024
3 1024
3 1024
5 1024
1 1024
3 1024
0 877
0 882
2 1024
1 1024
3 1024
2 1024
2 1024
2 1024
0 885
2 1024
3 1024
2 1024
2 1024
4 1024
1 1024
5 1024
2 1024
4 1024
3 1024
2 1024
1 1024
1 1024
1 1024
4 1024
4 1024
3 1024
0 1013
2 1024
3 1024
6 1024
1 1024
4 1024
1 1024
2 1024
2 1024
1 1024
1 1024
5 1024
2 1024
1 1024
5 1024
6 1024
2 1024
2 1024
1 1024
3 1024
0 799
3 1024
4 1024
0 762
1 1024
2 1024
2 1024
1 1024
4 1024
3 1024
2 1024
2 1024
2 1024
4 1024
5 1024
0 560
1 1024
2 1024
2 1024
0 935
6 1024
2 1024
0 996
3 1024
3 1024
2 1024
5 1024
6 1024
4 1024
0 518
4 1024
2 1024
0 667
1 1024
2 1024
1 1024
1 1024
3 1024
4 1024
2 1024
4 1024
2 1024
2 1024
3 1024
1 1024
0 813
1 1024
2 1024
2 1024
1 1024
0 618
2 1024
1 1024
2 1024
0 683
0 654
2 1024
1 1024
1 1024
1 1024
1 1024
1 1024
3 1024
7 1024
1 1024
4 1024
0 896
2 1024
2 1024
2 1024
2 1024
4 1024
2 1024
6 1024
3 1024
1 1024
2 1024
5 1024
2 1024
5 1024
5 1024
5 1024
1 1024
1 1024
2 1024
1 1024
1 1024
1 1024
4 1024
1 1024
4 1024
1 1024
0 612
2 1024
2 1024
0 372
4 1024
2 1024
4 1024
3 1024
4 1024
0 1012
1 1024
0 870
4 1024
3 1024
2 1024
5 1024
5 1024
2 1024
1 1024
3 1024
2 1024
6 1024
4 1024
1 1024
2 1024
1 1024
0 779
3 1024
1 1024
0 729
3 1024
4 1024
0 944
2 1024
5 1024
5 1024
3 1024
1 1024
2 1024
1 1024
2 1024
0 842
3 1024
3 1024
1 1024
2 1024
3 1024
1 1024
1 1024
5 1024
0 455
2 1024
1 1024
2 1024
1 1024
0 826
4 1024
3 1024
1 1024
2 1024
4 1024
5 1024
2 1024
3 1024
3 1024
5 1024
1 1024
1 1024
4 1024
6 1024
0 973
1 1024
1 1024
5 1024
4 1024
1 1024
0 689
2 1024
4 1024
0 446
4 1024
3 1024
0 695
3 1024
3 1024
0 633
7 1024
3 1024
3 1024
2 1024
4 1024
2 1024
1 1024
3 1024
0 944
3 1024
1 1024
0 929
2 1024
7 1024
2 1024
2 1024
3 1024
0 675
1 1024
1 1024
1 1024
0 880
2 1024
3 1024
2 1024
4 1024
3 1024
2 1024
1 1024
1 1024
1 1024
1 1024
3 1024
3 1024
3 1024
3 1024
1 1024
4 1024
4 1024
1 1024
1 1024
2 1024
1 1024
5 1024
2 1024
2 1024
3 1024
0 562
1 1024
2 1024
0 686
2 1024
2 1024
1 1024
1 1024
3 1024
4 1024
2 1024
1 1024
2 1024
2 1024
1 1024
5 1024
2 1024
1 1024
5 1024
1 1024
0 748
0 993
0 863
3 1024
0 628
4 1024
0 612
6 1024
4 1024
2 1024
1 1024
0 642
1 1024
2 1024
0 503
0 642
4 1024
3 1024
2 1024
2 1024
3 1024
2 1024
1 1024
4 1024
5 1024
3 1024
1 1024
3 1024
3 1024
2 1024
4 1024
0 907
4 1024
3 1024
1 1024
4 1024
6 1024
1 1024
4 1024
1 1024
1 1024
2 1024
0 462
1 1024
2 1024
4 1024
4 1024
1 1024
3 1024
3 1024
4 1024
8 1024
5 1024
1 1024
2 1024
2 1024
3 1024
0 882
1 1024
3 1024
2 1024
4 1024
0 362
5 1024
0 617
3 1024
4 1024
2 1024
2 1024
4 1024
6 1024
4 1024
0 778
4 1024
2 1024
1 1024
6 1024
4 1024
0 733
0 477
2 1024
0 453
5 1024
3 1024
0 939
0 724
1 1024
1 1024
5 1024
8 1024
2 1024
4 1024
1 1024
3 1024
1 1024
2 1024
2 1024
1 1024
2 1024
1 1024
5 1024
1 1024
2 1024
2 1024
1 1024
3 1024
3 1024
3 1024
5 1024
1 1024
1 1024
6 1024
0 810
3 1024
2 1024
3 1024
0 566
3 1024
3 1024
0 554
3 1024
3 1024
2 1024
2 1024
4 1024
1 1024
5 1024
2 1024
8 1024
1 1024
0 749
4 1024
7 1024
3 1024
2 1024
4 1024
3 1024
1 1024
3 1024
4 1024
2 1024
4 1024
5 1024
2 1024
1 1024
3 1024
4 1024
2 1024
2 1024
2 1024
5 1024
4 1024
4 1024
1 1024
3 1024
1 1024
2 1024
1 1024
2 1024
5 1024
2 1024
2 1024
0 902
0 578
1 1024
0 729
1 1024
5 1024
5 1024
0 422
0 580
2 1024
0 648
5 1024
1 1024
6 1024
2 1024
2 1024
1 1024
2 1024
8 1024
5 1024
4 1024
0 736
3 1024
1 1024
4 1024
3 1024
1 1024
1 1024
4 1024
1 1024
2 1024
1 1024
1 1024
2 1024
2 1024
2 1024
1 1024
1 1024
0 414
4 1024
2 1024
2 1024
2 1024
0 562
4 1024
3 1024
5 1024
2 1024
0 346
1 1024
5 1024
2 1024
4 1024
2 1024
4 1024
5 1024
1 1024
4 1024
0 819
1 1024
3 1024
1 1024
4 1024
4 1024
0 600
0 961
2 1024
3 1024
7 1024
2 1024
5 1024
1 1024
2 1024
0 736
1 1024
4 1024
3 1024
3 1024
4 1024
4 1024
1 1024
3 1024
3 1024
1 1024
1 1024
0 820
3 1024
1 1024
5 1024
4 1024
1 1024
1 1024
0 585
0 1016
1 1024
1 1024
2 1024
5 1024
1 1024
2 1024
2 1024
3 1024
4 1024
4 1024
0 752
4 1024
3 1024
1 1024
3 1024
2 1024
1 1024
2 1024
4 1024
0 776
1 1024
5 1024
1 1024
6 1024
3 1024
3 1024
4 1024
2 1024
1 1024
1 1024
1 1024
3 1024
4 1024
2 1024
1 1024
7 1024
3 1024
3 1024
0 822
2 1024
3 1024
0 801
3 1024
5 1024
1 1024
2 1024
1 1024
4 1024
2 1024
4 1024
2 1024
3 1024
9 1024
1 1024
1 1024
1 1024
3 1024
3 1024
1 1024
1 1024
3 1024
2 1024
4 1024
0 761
0 755
1 1024
2 1024
1 1024
5 1024
0 986
1 1024
2 1024
2 1024
1 1024
5 1024
1 1024
1 1024
3 1024
4 1024
6 1024
4 1024
3 1024
0 995
5 1024
1 1024
3 1024
1 1024
7 1024
1 1024
3 1024
3 1024
0 898
2 1024
4 1024
2 1024
2 1024
1 1024
3 1024
4 1024
4 1024
1 1024
1 1024
0 804
1 1024
0 596
2 1024
5 1024
2 1024
2 1024
2 1024
2 1024
0 831
4 1024
4 1024
1 1024
1 1024
4 1024
3 1024
2 1024
3 1024
2 1024
4 1024
1 1024
4 1024
2 1024
0 551
2 1024
2 1024
6 1024
4 1024
1 1024
2 1024
5 1024
1 1024
2 1024
4 1024
1 1024
2 1024
4 1024
3 1024
1 1024
3 1024
1 1024
0 1000
3 1024
1 1024
6 1024
5 1024
1 1024
2 1024
1 1024
3 1024
0 562
2 1024
0 569
3 1024
2 1024
1 1024
2 1024
1 1024
2 1024
1 1024
0 768
2 1024
1 1024
3 1024
1 1024
3 1024
4 1024
4 1024
3 1024
2 1024
1 1024
3 1024
3 1024
3 1024
1 1024
3 1024
0 432
0 811
1 1024
3 1024
5 1024
3 1024
3 1024
2 1024
6 1024
2 1024
3 1024
3 1024
1 1024
2 1024
1 1024
2 1024
2 1024
1 1024
4 1024
2 1024
9 1024
3 1024
2 1024
1 1024
2 1024
5 1024
3 1024
0 781
4 1024
2 1024
2 1024
1 1024
2 1024
3 1024
4 1024
2 1024
2 1024
3 1024
0 600
2 1024
4 1024
3 1024
3 1024
2 1024
0 419
2 1024
2 1024
1 1024
4 1024
5 1024
0 941
2 1024
5 1024
3 1024
3 1024
2 1024
1 1024
0 757
2 1024
1 1024
2 1024
2 1024
4 1024
1 1024
1 1024
4 1024
0 542
4 1024
1 1024
2 1024
2 1024
1 1024
3 1024
7 1024
5 1024
0 693
2 1024
0 723
4 1024
2 1024
6 1024
1 1024
2 1024
3 1024
3 1024
0 810
2 1024
1 1024
2 1024
0 427
4 1024
3 1024
4 1024
5 1024
2 1024
2 1024
3 1024
3 1024
5 1024
3 1024
0 908
3 1024
2 1024
5 1024
2 1024
1 1024
2 1024
1 1024
0 607
2 1024
2 1024
1 1024
4 1024
5 1024
4 1024
2 1024
2 1024
1 1024
1 1024
3 1024
4 1024
1 1024
3 1024
1 1024
1 1024
5 1024
4 1024
0 966
0 661
2 1024
1 1024
7 1024
3 1024
1 1024
0 502
4 1024
3 1024
1 1024
4 1024
2 1024
0 583
2 1024
0 487
2 1024
2 1024
1 1024
3 1024
3 1024
2 1024
3 1024
0 666
1 1024
3 1024
5 1024
1 1024
4 1024
2 1024
0 982
3 1024
3 1024
2 1024
2 1024
4 1024
1 1024
2 1024
1 1024
2 1024
1 1024
1 1024
4 1024
6 1024
0 714
6 1024
2 1024
2 1024
3 1024
3 1024
2 1024
3 1024
3 1024
1 1024
4 1024
3 1024
4 1024
4 1024
1 1024
3 1024
5 1024
0 599
1 1024
2 1024
0 987
3 1024
4 1024
4 1024
0 975
5 1024
3 1024
3 1024
1 1024
1 1024
2 1024
1 1024
5 1024
6 1024
2 1024
1 1024
2 1024
1 1024
4 1024
1 1024
0 723
2 1024
2 1024
2 1024
1 1024
0 628
2 1024
3 1024
3 1024
0 596
5 1024
5 1024
4 1024
3 1024
4 1024
1 1024
0 925
1 1024
1 1024
7 1024
3 1024
1 1024
3 1024
3 1024
1 1024
2 1024
2 1024
4 1024
0 760
2 1024
2 1024
2 1024
4 1024
4 1024
1 1024
0 928
2 1024
0 739
2 1024
3 1024
2 1024
2 1024
1 1024
1 1024
1 1024
1 1024
3 1024
1 1024
4 1024
8 1024
2 1024
3 1024
3 1024
3 1024
1 1024
3 1024
4 1024
1 1024
3 1024
3 1024
2 1024
0 731
6 1024
0 992
3 1024
2 1024
4 1024
0 536
1 1024
3 1024
3 1024
1 1024
0 704
1 1024
0 855
1 1024
2 1024
5 1024
1 1024
4 1024
1 1024
4 1024
7 1024
2 1024
0 578
1 1024
5 1024
8 1024
2 1024
1 1024
4 1024
2 1024
2 1024
4 1024
2 1024
0 741
1 1024
3 1024
3 1024
0 603
2 1024
3 1024
2 1024
3 1024
2 1024
3 1024
2 1024
2 1024
2 1024
3 1024
1 1024
0 362
0 490
5 1024
1 1024
2 1024
4 1024
1 1024
3 1024
6 1024
5 1024
1 1024
0 692
0 721
5 1024
4 1024
2 1024
2 1024
4 1024
2 1024
2 1024
3 1024
0 987
0 957
1 1024
1 1024
4 1024
8 1024
0 998
0 523
5 1024
1 1024
5 1024
1 1024
0 914
2 1024
1 1024
1 1024
3 1024
1 1024
1 1024
3 1024
0 988
2 1024
2 1024
4 1024
2 1024
3 1024
1 1024
1 1024
3 1024
2 1024
1 1024
4 1024
3 1024
0 794
1 1024
2 1024
1 1024
1 1024
2 1024
2 1024
0 938
2 1024
1 1024
2 1024
2 1024
3 1024
4 1024
0 677
2 1024
1 1024
2 1024
1 1024
1 1024
2 1024
4 1024
6 1024
2 1024
0 753
5 1024
0 574
4 1024
3 1024
2 1024
5 1024
3 1024
2 1024
5 1024
5 1024
2 1024
4 1024
1 1024
1 1024
1 1024
0 515
1 1024
2 1024
5 1024
1 1024
4 1024
0 1011
0 777
3 1024
6 1024
2 1024
0 410
1 1024
2 1024
2 1024
2 1024
4 1024
2 1024
3 1024
5 1024
2 1024
0 724
2 1024
1 1024
3 1024
3 1024
1 1024
4 1024
3 1024
2 1024
