# SA for random K-SAT
# K = 3   N = 256   M = 1008   seed = 2382410462
# alpha = 3.937500   nIter = 512  Tmax = 0.200000
# 1:lowestUnsat  2:runTime
1 512
0 255
0 25
0 24
0 33
1 512
0 508
1 512
0 19
0 125
0 111
0 285
1 512
1 512
0 462
0 30
0 29
0 349
0 108
1 512
1 512
1 512
1 512
0 72
0 30
0 150
1 512
0 450
0 43
4 512
1 512
1 512
0 34
1 512
1 512
0 43
1 512
0 311
1 512
1 512
1 512
0 63
1 512
0 219
0 30
0 52
1 512
0 8
1 512
1 512
0 84
0 19
0 38
2 512
1 512
1 512
0 35
0 199
0 82
0 62
1 512
0 239
0 19
0 61
0 156
2 512
1 512
1 512
1 512
0 56
0 58
0 32
2 512
0 150
0 100
0 126
3 512
0 84
1 512
0 48
1 512
0 214
1 512
1 512
0 412
1 512
2 512
0 441
0 34
0 75
0 65
0 87
1 512
1 512
1 512
0 208
0 221
0 41
0 31
0 149
1 512
2 512
1 512
0 130
0 104
1 512
0 96
1 512
0 101
0 37
1 512
1 512
1 512
0 501
0 56
0 92
1 512
0 18
1 512
0 56
1 512
1 512
0 150
2 512
0 67
0 76
1 512
0 115
0 62
0 20
0 103
0 61
0 380
0 24
0 268
0 68
1 512
1 512
1 512
0 16
2 512
0 38
0 464
0 178
0 277
0 14
0 44
1 512
1 512
0 86
0 131
0 14
2 512
0 55
1 512
0 134
0 48
0 508
0 28
0 101
1 512
0 117
1 512
2 512
0 74
2 512
0 86
0 219
0 223
0 150
0 214
2 512
0 388
0 140
0 18
0 241
0 40
0 57
0 32
0 39
0 142
0 109
1 512
0 56
0 27
1 512
1 512
1 512
0 125
0 69
0 125
0 41
0 23
1 512
1 512
0 26
1 512
0 93
1 512
1 512
0 162
1 512
0 283
2 512
0 41
0 314
0 116
0 196
0 98
0 481
0 24
1 512
1 512
1 512
0 117
1 512
0 85
0 16
0 40
1 512
0 94
0 24
0 356
0 104
1 512
0 159
1 512
0 48
2 512
1 512
0 79
2 512
0 375
0 64
0 66
1 512
0 402
0 25
0 311
0 37
2 512
3 512
0 65
1 512
0 196
0 72
2 512
0 299
0 150
1 512
1 512
1 512
3 512
1 512
1 512
1 512
2 512
0 28
0 68
0 93
1 512
0 28
3 512
1 512
1 512
1 512
3 512
1 512
0 80
0 130
0 71
0 12
1 512
0 43
0 123
1 512
1 512
0 16
2 512
0 147
1 512
1 512
0 170
0 140
0 103
0 48
2 512
1 512
0 21
0 52
0 180
1 512
0 14
2 512
1 512
0 58
0 441
0 66
0 136
3 512
1 512
0 37
0 34
0 138
2 512
1 512
2 512
1 512
0 20
0 110
0 258
0 489
1 512
1 512
1 512
0 55
0 110
0 93
1 512
1 512
2 512
0 116
1 512
0 139
0 34
0 9
0 208
0 15
1 512
2 512
1 512
0 71
1 512
1 512
1 512
1 512
0 181
2 512
0 350
0 20
1 512
0 301
0 43
0 199
0 112
2 512
0 50
1 512
0 385
1 512
0 16
1 512
0 30
0 103
0 131
0 18
1 512
1 512
1 512
1 512
0 32
0 56
1 512
1 512
0 50
0 30
0 346
1 512
0 74
1 512
0 172
1 512
1 512
0 112
0 93
0 52
0 35
0 63
0 137
0 136
0 51
0 244
1 512
0 312
0 47
0 312
0 23
1 512
1 512
0 48
0 58
0 47
1 512
0 27
1 512
0 121
2 512
2 512
0 138
1 512
0 60
0 126
2 512
0 56
0 20
2 512
0 56
1 512
1 512
1 512
2 512
0 41
0 154
1 512
1 512
2 512
0 50
0 58
1 512
1 512
1 512
0 30
0 158
1 512
0 63
0 400
0 102
2 512
0 219
0 92
0 57
0 56
0 85
0 29
0 405
1 512
0 24
1 512
1 512
0 136
1 512
0 7
1 512
0 82
1 512
0 36
2 512
0 52
0 14
0 41
0 42
1 512
0 54
2 512
1 512
1 512
0 147
2 512
0 87
0 56
0 103
0 258
0 145
0 205
0 69
1 512
0 79
2 512
1 512
1 512
1 512
0 199
1 512
1 512
1 512
0 67
1 512
1 512
0 44
1 512
0 37
0 29
1 512
0 112
2 512
0 104
2 512
1 512
1 512
0 48
2 512
1 512
0 479
0 183
0 341
2 512
0 503
0 31
0 97
1 512
0 67
2 512
3 512
0 55
2 512
0 86
1 512
0 9
1 512
0 181
1 512
0 75
2 512
2 512
0 140
0 38
0 23
0 99
1 512
1 512
0 68
0 97
1 512
0 95
0 12
0 78
3 512
1 512
0 39
0 120
1 512
2 512
0 291
1 512
1 512
0 99
0 100
0 44
0 31
1 512
0 361
1 512
1 512
0 82
0 45
0 53
0 13
1 512
0 96
0 126
1 512
0 226
1 512
0 154
0 134
2 512
0 171
0 99
0 116
0 88
0 23
2 512
0 36
1 512
2 512
0 49
1 512
2 512
0 122
2 512
1 512
1 512
1 512
0 69
0 47
1 512
1 512
1 512
1 512
0 62
0 62
0 56
0 51
2 512
1 512
2 512
0 42
0 187
0 134
0 87
0 258
0 112
0 28
2 512
1 512
1 512
0 373
0 54
1 512
0 15
0 84
0 128
1 512
2 512
0 185
0 44
1 512
0 163
1 512
1 512
1 512
0 73
0 406
1 512
0 37
2 512
0 122
0 127
1 512
1 512
2 512
0 13
1 512
1 512
2 512
2 512
1 512
0 382
1 512
2 512
0 189
0 25
0 103
1 512
0 54
0 11
0 63
0 143
0 75
0 95
0 182
1 512
0 219
0 122
1 512
0 43
2 512
0 56
0 166
1 512
0 507
0 32
1 512
0 64
0 23
1 512
0 55
0 37
1 512
0 147
2 512
0 45
0 129
0 30
1 512
3 512
0 249
0 116
1 512
1 512
1 512
0 76
0 98
3 512
1 512
0 79
1 512
1 512
1 512
0 83
0 53
0 178
0 88
0 83
0 206
0 102
0 32
1 512
1 512
1 512
0 57
1 512
0 213
1 512
0 386
2 512
1 512
0 231
1 512
0 28
0 108
0 219
0 203
0 19
1 512
1 512
0 32
1 512
1 512
1 512
1 512
0 199
0 33
1 512
0 427
1 512
0 451
1 512
0 167
1 512
0 42
1 512
1 512
0 90
0 55
1 512
0 62
0 190
0 129
0 139
0 57
1 512
0 40
0 365
1 512
1 512
1 512
1 512
1 512
0 75
2 512
1 512
1 512
0 184
1 512
0 10
0 129
0 37
1 512
0 47
0 77
1 512
1 512
1 512
0 15
0 13
1 512
0 381
1 512
0 15
0 24
0 80
0 137
0 91
1 512
0 173
1 512
0 226
0 54
0 239
0 149
0 260
1 512
1 512
1 512
1 512
0 70
0 18
0 35
0 69
0 58
0 261
2 512
0 16
0 40
0 169
0 71
3 512
1 512
0 79
0 73
1 512
0 72
1 512
1 512
0 28
0 41
0 27
2 512
2 512
0 21
0 117
0 144
1 512
1 512
0 75
0 228
0 25
2 512
1 512
2 512
0 374
0 108
0 181
1 512
1 512
0 6
0 150
0 21
0 71
0 43
1 512
0 124
2 512
0 55
0 57
0 143
0 82
1 512
0 338
0 161
1 512
0 47
1 512
0 42
0 30
0 207
1 512
0 34
0 79
0 90
1 512
0 60
1 512
0 213
0 58
0 505
0 199
0 116
0 126
0 58
0 50
0 285
1 512
0 33
0 223
2 512
2 512
0 205
0 9
1 512
2 512
1 512
0 15
0 130
1 512
2 512
0 364
2 512
0 55
1 512
1 512
0 32
0 297
2 512
2 512
0 29
1 512
1 512
0 28
0 88
1 512
0 138
0 56
1 512
1 512
1 512
1 512
0 45
0 412
0 329
2 512
0 208
0 135
1 512
2 512
2 512
0 155
0 55
0 166
0 69
0 115
1 512
0 88
0 150
0 86
2 512
0 217
0 401
2 512
1 512
0 121
2 512
2 512
0 275
2 512
0 175
0 51
0 12
3 512
1 512
3 512
0 180
0 63
0 223
0 39
1 512
0 47
0 179
0 50
0 134
0 66
1 512
0 70
0 97
3 512
0 100
0 105
2 512
0 15
0 34
0 194
1 512
0 23
0 37
2 512
0 32
0 63
0 30
0 217
0 168
0 37
0 94
0 181
0 80
1 512
0 231
1 512
0 133
0 270
0 181
1 512
1 512
0 127
0 41
0 160
1 512
0 237
3 512
2 512
1 512
0 22
1 512
1 512
0 30
0 26
1 512
0 163
0 43
0 471
2 512
0 31
1 512
1 512
1 512
1 512
1 512
0 160
0 80
0 95
1 512
2 512
0 419
0 83
1 512
0 118
0 298
0 311
0 173
1 512
1 512
1 512
0 51
0 64
0 97
0 32
0 53
0 88
0 57
0 67
1 512
1 512
1 512
2 512
0 338
0 69
0 94
1 512
0 54
0 306
0 191
1 512
0 79
1 512
0 24
1 512
0 105
0 136
2 512
0 265
0 247
2 512
2 512
0 7
0 58
1 512
0 48
1 512
0 100
1 512
0 28
1 512
0 58
0 197
0 51
0 123
1 512
1 512
1 512
1 512
1 512
1 512
0 159
1 512
0 119
0 38
0 37
0 83
0 337
0 40
1 512
1 512
1 512
1 512
0 21
0 58
0 58
0 38
1 512
0 71
1 512
2 512
1 512
0 30
0 28
0 224
0 347
2 512
0 26
0 71
0 60
0 50
0 142
1 512
0 83
0 106
1 512
1 512
1 512
1 512
0 496
1 512
0 33
0 47
1 512
1 512
0 16
0 141
2 512
0 71
0 90
0 41
1 512
1 512
0 10
1 512
1 512
0 25
1 512
0 106
2 512
0 53
1 512
1 512
0 144
0 15
0 25
2 512
2 512
1 512
0 238
0 80
0 103
3 512
0 154
0 63
0 124
2 512
0 432
0 163
0 34
0 77
1 512
0 101
0 241
2 512
1 512
0 162
2 512
1 512
0 28
0 133
0 67
0 22
0 22
2 512
1 512
0 34
1 512
0 12
1 512
0 173
1 512
0 71
3 512
1 512
2 512
1 512
5 512
0 31
1 512
2 512
0 30
0 340
0 123
1 512
0 173
0 61
0 113
0 30
1 512
1 512
0 194
0 191
0 209
0 70
0 27
1 512
0 117
3 512
0 219
0 17
0 101
0 30
0 35
0 18
2 512
0 218
0 106
1 512
0 393
0 152
2 512
2 512
0 304
1 512
1 512
1 512
0 98
1 512
0 49
0 262
0 27
1 512
1 512
1 512
0 27
0 144
1 512
0 45
1 512
2 512
1 512
1 512
1 512
2 512
0 31
1 512
0 375
1 512
0 37
1 512
0 200
2 512
0 45
0 61
2 512
0 103
2 512
0 160
3 512
1 512
1 512
1 512
0 298
2 512
1 512
0 23
0 152
1 512
0 305
0 23
0 82
1 512
0 64
0 48
0 374
1 512
1 512
1 512
1 512
1 512
1 512
0 29
3 512
1 512
0 44
0 104
0 107
0 53
1 512
0 227
1 512
0 78
1 512
0 34
1 512
0 100
1 512
1 512
0 139
1 512
1 512
1 512
0 80
1 512
0 297
2 512
1 512
0 123
1 512
1 512
0 147
2 512
0 30
1 512
0 60
0 75
0 81
0 466
0 50
0 62
2 512
0 215
0 98
1 512
3 512
1 512
0 187
0 219
1 512
0 184
1 512
0 124
0 103
0 62
0 316
0 146
1 512
0 277
0 20
0 13
1 512
0 52
0 33
0 36
0 109
0 41
0 36
1 512
0 390
0 294
1 512
0 213
1 512
0 18
1 512
0 237
2 512
0 87
1 512
0 47
1 512
1 512
2 512
0 451
0 228
1 512
0 107
0 102
0 285
0 79
2 512
0 58
0 23
0 40
0 47
1 512
1 512
1 512
1 512
0 72
1 512
0 100
0 25
0 299
1 512
0 70
0 35
0 150
1 512
0 114
1 512
0 24
0 357
0 46
1 512
0 15
0 45
0 92
2 512
1 512
1 512
0 38
1 512
1 512
2 512
1 512
0 40
1 512
0 233
2 512
1 512
0 319
0 133
3 512
0 82
1 512
0 229
0 70
0 59
0 474
0 230
1 512
0 285
0 34
1 512
0 115
0 134
1 512
0 81
0 160
1 512
1 512
2 512
0 205
2 512
0 52
1 512
0 112
1 512
1 512
0 14
1 512
2 512
0 30
1 512
0 108
1 512
0 48
0 35
1 512
1 512
0 61
1 512
0 77
0 305
0 196
0 18
0 18
0 14
1 512
0 55
2 512
0 122
0 38
1 512
0 34
1 512
2 512
0 51
1 512
0 22
0 39
2 512
1 512
1 512
2 512
0 110
0 37
0 32
0 64
0 151
0 75
2 512
0 18
1 512
0 157
0 32
0 117
0 33
0 234
0 37
1 512
0 200
1 512
4 512
0 61
0 82
0 51
0 27
0 192
2 512
3 512
0 71
0 430
0 68
1 512
3 512
0 287
0 479
2 512
2 512
1 512
0 111
1 512
0 392
0 43
1 512
0 179
0 202
0 162
1 512
0 24
1 512
0 17
0 82
0 76
0 59
0 55
0 216
1 512
0 59
0 107
0 15
0 28
0 194
0 60
1 512
0 44
0 15
1 512
0 65
1 512
2 512
0 49
0 21
0 25
1 512
1 512
0 144
0 132
3 512
1 512
0 108
0 84
2 512
1 512
0 137
1 512
2 512
1 512
0 84
0 74
1 512
2 512
0 166
1 512
0 40
0 100
0 23
0 32
0 102
0 281
0 229
0 79
3 512
0 173
2 512
0 32
0 121
0 68
0 17
0 85
0 360
2 512
1 512
0 346
1 512
0 29
2 512
1 512
0 204
0 175
0 153
0 43
0 202
0 77
0 108
1 512
1 512
0 242
1 512
1 512
0 49
1 512
1 512
2 512
0 44
0 127
0 12
0 26
0 97
1 512
0 49
2 512
1 512
0 202
1 512
1 512
2 512
0 164
0 34
0 59
0 56
0 342
0 22
2 512
0 102
1 512
1 512
0 255
0 56
0 174
2 512
1 512
1 512
0 44
0 23
0 53
3 512
1 512
0 317
0 504
0 171
0 31
1 512
1 512
1 512
0 335
2 512
0 146
0 47
0 63
0 55
1 512
2 512
2 512
1 512
0 46
1 512
0 221
0 296
1 512
0 155
1 512
0 267
2 512
0 64
0 126
0 97
0 353
0 159
1 512
1 512
2 512
0 107
2 512
0 435
0 55
0 112
1 512
2 512
0 45
0 60
0 82
2 512
1 512
0 206
2 512
1 512
0 54
0 12
3 512
0 47
1 512
0 76
2 512
0 74
0 459
1 512
1 512
0 31
1 512
0 107
0 313
1 512
2 512
1 512
1 512
3 512
0 81
2 512
0 321
2 512
0 41
0 102
2 512
0 64
0 89
0 34
1 512
0 47
0 83
2 512
0 9
0 279
0 183
0 235
2 512
2 512
1 512
0 30
0 48
1 512
2 512
0 254
0 87
0 36
0 344
0 228
1 512
0 16
0 52
0 452
1 512
1 512
0 416
1 512
2 512
1 512
1 512
0 153
1 512
1 512
1 512
0 151
0 147
0 71
1 512
1 512
0 36
1 512
1 512
1 512
0 65
1 512
1 512
1 512
1 512
2 512
0 49
0 153
1 512
0 95
0 149
0 246
1 512
1 512
1 512
0 105
0 49
3 512
1 512
0 500
0 108
0 9
0 117
1 512
0 407
0 56
0 145
1 512
0 186
0 41
0 164
2 512
0 181
1 512
0 57
0 107
0 126
1 512
0 61
0 132
1 512
0 27
0 349
2 512
1 512
1 512
0 50
0 41
0 100
1 512
3 512
0 36
1 512
0 48
0 127
1 512
2 512
1 512
1 512
1 512
1 512
1 512
0 57
0 115
1 512
0 225
2 512
0 71
0 93
0 33
0 481
0 229
1 512
0 218
0 138
1 512
1 512
0 44
2 512
0 153
0 78
0 172
0 222
0 173
1 512
1 512
0 92
0 40
0 352
1 512
0 463
1 512
1 512
0 253
1 512
1 512
1 512
1 512
0 151
2 512
0 228
1 512
0 20
0 378
1 512
0 108
0 267
1 512
0 14
1 512
0 360
0 59
1 512
0 361
0 45
0 27
1 512
1 512
3 512
0 67
1 512
0 23
0 90
0 132
0 52
0 230
0 74
0 330
0 75
0 338
1 512
0 14
1 512
0 58
0 19
0 191
1 512
0 113
1 512
0 56
0 67
0 38
0 354
0 80
0 13
0 400
0 290
0 91
0 111
1 512
1 512
0 180
1 512
1 512
1 512
0 50
1 512
0 39
1 512
0 406
0 235
0 209
2 512
2 512
1 512
0 101
0 80
0 213
0 253
0 284
0 53
0 422
2 512
0 77
0 201
2 512
0 58
1 512
0 54
3 512
0 14
1 512
1 512
2 512
0 129
0 90
1 512
0 92
0 22
0 414
1 512
0 78
0 169
1 512
2 512
0 43
1 512
1 512
0 182
0 24
0 20
1 512
0 41
1 512
1 512
0 179
0 164
1 512
3 512
1 512
0 161
2 512
1 512
1 512
0 61
0 28
0 190
0 147
1 512
0 188
1 512
0 37
0 119
0 236
0 85
0 123
0 40
0 43
0 107
0 63
0 20
0 15
0 28
1 512
0 83
0 134
0 59
0 102
2 512
0 136
0 215
1 512
1 512
0 44
0 77
0 268
0 38
0 390
1 512
0 67
0 22
2 512
0 87
2 512
0 137
0 67
1 512
0 24
1 512
1 512
0 237
0 58
2 512
0 72
0 304
1 512
0 24
0 92
0 151
1 512
0 80
1 512
0 182
1 512
0 89
1 512
0 42
1 512
0 23
0 111
0 22
0 185
1 512
1 512
0 44
0 109
0 105
1 512
2 512
0 159
0 71
0 32
0 188
0 378
1 512
1 512
0 31
3 512
1 512
0 8
2 512
0 47
0 24
1 512
0 31
1 512
0 46
0 41
1 512
0 96
0 164
0 60
1 512
1 512
0 439
1 512
0 381
0 23
0 13
0 57
0 75
0 42
0 75
0 57
1 512
2 512
1 512
1 512
1 512
2 512
1 512
1 512
1 512
0 14
0 74
0 163
0 285
0 126
0 55
1 512
1 512
2 512
0 367
1 512
1 512
0 22
0 50
0 172
0 239
1 512
0 95
0 131
1 512
0 190
2 512
0 147
2 512
1 512
0 39
0 106
0 29
0 296
0 71
0 81
0 29
1 512
0 409
0 163
1 512
2 512
0 183
1 512
0 84
1 512
0 206
0 181
0 401
2 512
0 18
1 512
0 228
0 58
0 30
2 512
0 60
0 179
0 221
3 512
0 17
0 200
0 78
1 512
1 512
0 63
0 55
0 398
0 107
0 41
0 49
2 512
2 512
0 97
1 512
1 512
0 65
0 64
1 512
0 13
0 96
0 211
0 26
0 105
0 141
1 512
0 163
0 27
0 28
2 512
0 125
0 182
1 512
0 409
2 512
0 62
1 512
0 25
1 512
0 36
0 310
1 512
0 27
0 10
0 70
1 512
1 512
0 24
2 512
2 512
0 69
0 31
1 512
0 132
2 512
0 152
1 512
0 88
1 512
1 512
2 512
0 48
2 512
0 21
0 54
0 74
0 184
0 43
0 75
0 26
0 61
0 155
0 54
0 220
0 32
0 19
0 170
1 512
1 512
1 512
0 389
0 97
0 209
0 38
0 219
0 83
1 512
0 53
0 97
2 512
1 512
1 512
0 11
1 512
1 512
1 512
4 512
1 512
0 59
0 54
2 512
1 512
0 292
1 512
0 86
0 111
0 107
0 67
3 512
0 39
0 321
0 43
0 113
2 512
0 58
1 512
1 512
1 512
0 466
0 64
0 26
3 512
0 44
0 134
1 512
0 267
1 512
0 69
0 117
1 512
1 512
0 60
0 45
1 512
1 512
0 153
0 272
0 44
1 512
0 79
1 512
1 512
0 72
0 29
1 512
0 90
2 512
0 182
2 512
0 219
0 154
0 57
0 50
0 80
2 512
1 512
0 104
0 134
1 512
0 64
2 512
0 173
0 40
2 512
1 512
0 50
0 34
1 512
1 512
0 151
0 182
0 81
0 245
0 25
3 512
0 110
1 512
1 512
0 53
0 145
0 138
0 18
0 145
0 39
0 430
1 512
0 23
2 512
0 114
0 65
1 512
1 512
1 512
0 260
0 107
1 512
1 512
2 512
1 512
0 28
0 282
1 512
1 512
0 31
0 156
0 161
1 512
0 41
0 109
1 512
0 35
1 512
2 512
1 512
0 67
0 243
1 512
1 512
0 100
2 512
0 46
0 47
0 13
0 13
1 512
0 127
0 176
0 260
0 371
1 512
2 512
0 193
0 415
0 43
1 512
1 512
1 512
0 60
1 512
0 82
0 107
0 11
0 40
0 70
1 512
0 92
1 512
0 121
1 512
0 49
1 512
1 512
0 77
0 160
1 512
0 82
0 44
1 512
0 125
0 98
3 512
0 27
0 406
2 512
0 287
1 512
0 197
0 35
1 512
1 512
2 512
0 352
0 88
0 33
0 71
0 114
0 159
0 110
0 287
1 512
0 48
1 512
0 147
0 124
0 66
1 512
0 149
3 512
0 176
0 383
0 45
0 163
0 38
2 512
1 512
2 512
1 512
0 157
0 39
0 114
0 71
1 512
0 66
1 512
1 512
0 65
0 36
2 512
0 158
0 193
0 31
1 512
0 230
0 63
0 22
3 512
1 512
0 15
1 512
0 141
0 135
1 512
2 512
0 503
1 512
1 512
0 82
1 512
0 51
0 74
0 188
0 33
0 84
0 207
0 85
0 28
1 512
0 265
0 51
1 512
0 31
1 512
0 142
2 512
0 17
0 166
0 189
0 385
1 512
1 512
0 161
1 512
0 183
0 29
0 347
1 512
1 512
0 79
1 512
1 512
0 22
0 64
1 512
0 310
1 512
0 49
1 512
0 156
0 44
0 129
1 512
0 138
0 170
0 40
0 43
1 512
0 118
0 37
0 67
0 95
0 87
1 512
0 90
0 104
0 19
1 512
1 512
0 397
2 512
0 387
0 43
0 304
1 512
0 274
0 114
0 60
2 512
0 90
2 512
1 512
1 512
0 111
2 512
0 182
1 512
0 36
1 512
0 47
0 147
0 56
0 16
0 60
3 512
0 19
0 51
0 96
0 68
2 512
2 512
0 40
1 512
0 45
0 15
2 512
0 52
1 512
1 512
0 265
1 512
0 159
1 512
0 19
3 512
0 25
0 117
2 512
0 100
0 51
0 28
0 475
1 512
0 153
0 71
0 31
0 144
0 35
0 201
1 512
1 512
0 61
1 512
0 201
0 17
0 123
1 512
1 512
0 83
1 512
0 70
0 78
0 199
0 53
1 512
2 512
0 104
0 142
1 512
1 512
1 512
1 512
0 127
1 512
1 512
1 512
0 26
0 97
0 13
0 143
0 187
0 104
0 54
0 39
1 512
1 512
0 299
0 119
1 512
0 21
0 208
2 512
1 512
1 512
0 16
1 512
0 82
0 43
1 512
0 69
0 200
0 43
1 512
0 34
1 512
1 512
0 67
0 151
0 272
1 512
0 132
0 252
0 435
0 80
0 269
0 51
0 32
1 512
0 139
2 512
0 299
1 512
1 512
1 512
0 44
0 41
2 512
2 512
0 63
0 120
1 512
1 512
1 512
2 512
0 38
0 192
1 512
0 219
1 512
0 79
0 196
0 52
0 90
0 64
0 29
0 449
1 512
0 196
0 82
0 41
0 45
0 78
0 185
1 512
1 512
1 512
0 87
2 512
0 41
2 512
0 124
0 66
0 402
1 512
0 70
2 512
1 512
1 512
1 512
2 512
0 273
1 512
0 41
0 52
0 42
0 54
1 512
0 320
2 512
0 58
0 48
2 512
0 171
0 40
4 512
2 512
1 512
0 35
0 39
1 512
0 86
0 46
1 512
1 512
0 226
0 146
0 61
0 52
0 45
0 38
0 52
0 102
0 183
1 512
1 512
2 512
0 119
2 512
0 325
1 512
0 52
2 512
0 66
0 6
0 31
0 17
3 512
0 63
0 124
0 26
1 512
1 512
0 69
1 512
1 512
0 86
0 14
0 111
1 512
1 512
1 512
0 29
1 512
0 136
0 67
0 31
1 512
1 512
0 41
0 47
0 14
0 84
1 512
0 324
1 512
0 31
0 125
1 512
0 54
0 222
0 300
2 512
0 26
1 512
0 20
1 512
0 159
2 512
1 512
1 512
1 512
0 24
0 95
2 512
0 77
0 252
1 512
1 512
1 512
2 512
0 56
1 512
0 264
1 512
0 56
1 512
0 197
1 512
0 12
0 76
0 218
0 62
0 144
0 82
0 20
1 512
0 38
0 117
0 68
0 76
4 512
2 512
0 393
0 58
0 75
1 512
0 154
0 198
1 512
2 512
0 78
1 512
0 40
0 13
0 68
2 512
1 512
0 214
0 310
0 155
2 512
2 512
0 265
0 110
0 182
0 124
0 212
1 512
0 71
0 346
1 512
0 99
1 512
1 512
0 78
1 512
0 217
0 19
1 512
1 512
1 512
0 12
2 512
2 512
0 75
0 83
2 512
0 84
0 23
0 110
1 512
1 512
0 60
0 264
0 110
0 250
0 176
0 380
0 216
0 60
1 512
0 53
1 512
1 512
0 102
0 35
3 512
0 67
0 49
1 512
0 32
1 512
2 512
0 62
1 512
1 512
2 512
1 512
1 512
1 512
0 46
0 23
1 512
0 72
2 512
1 512
1 512
1 512
0 57
0 296
1 512
0 80
1 512
1 512
1 512
0 75
0 88
1 512
0 36
1 512
0 40
0 172
0 466
1 512
0 107
1 512
0 31
0 42
0 245
1 512
0 453
0 31
2 512
0 26
2 512
1 512
0 165
1 512
1 512
1 512
1 512
1 512
0 121
0 98
0 115
0 184
0 103
0 261
0 53
0 26
1 512
0 46
2 512
1 512
0 99
0 25
0 86
2 512
0 35
0 34
0 445
0 45
1 512
0 15
0 70
1 512
0 53
1 512
1 512
0 33
2 512
0 57
0 148
4 512
1 512
1 512
2 512
0 33
1 512
0 381
1 512
0 28
0 129
2 512
2 512
0 382
0 122
0 76
1 512
2 512
0 138
0 49
0 168
1 512
0 314
0 84
0 105
1 512
0 122
0 173
1 512
2 512
0 218
0 141
0 130
0 16
1 512
0 69
1 512
0 272
0 37
2 512
0 47
0 156
1 512
0 42
0 26
0 36
0 55
0 106
0 219
2 512
1 512
0 120
1 512
0 68
0 88
0 133
2 512
1 512
0 351
2 512
0 116
0 149
1 512
0 126
0 65
0 24
2 512
1 512
1 512
0 14
0 434
2 512
0 417
1 512
0 60
0 20
0 209
2 512
0 80
1 512
1 512
0 61
2 512
1 512
2 512
0 85
0 121
1 512
2 512
0 121
1 512
0 75
1 512
0 55
2 512
1 512
0 140
0 35
1 512
0 11
0 118
0 127
1 512
1 512
0 107
0 22
1 512
1 512
1 512
2 512
0 117
1 512
0 182
0 22
1 512
0 161
0 187
0 93
1 512
1 512
0 36
1 512
1 512
1 512
0 78
0 43
0 45
1 512
1 512
1 512
1 512
0 146
1 512
0 196
0 216
1 512
1 512
1 512
1 512
0 92
2 512
2 512
0 199
0 102
1 512
1 512
0 40
1 512
2 512
0 122
0 39
0 57
0 293
0 42
0 134
0 83
0 325
1 512
1 512
0 180
0 54
0 75
0 42
1 512
0 33
1 512
0 396
1 512
0 8
0 124
0 49
0 22
0 61
0 27
0 102
3 512
0 44
1 512
0 145
0 434
0 134
2 512
0 475
2 512
0 333
0 144
0 140
0 24
1 512
0 65
1 512
2 512
0 61
0 101
2 512
0 384
2 512
0 104
1 512
1 512
0 132
1 512
3 512
0 117
0 120
0 20
0 62
0 137
0 32
1 512
3 512
0 40
1 512
1 512
0 138
0 17
2 512
1 512
0 18
0 447
0 46
0 243
0 70
0 60
2 512
0 134
0 60
0 118
0 26
1 512
0 68
1 512
1 512
2 512
1 512
1 512
1 512
0 67
0 105
0 301
1 512
1 512
0 88
2 512
0 126
1 512
0 29
2 512
0 18
2 512
0 20
2 512
0 27
1 512
0 160
1 512
2 512
1 512
0 118
0 422
3 512
0 471
1 512
2 512
2 512
0 248
0 33
0 19
1 512
1 512
1 512
1 512
0 76
0 8
0 27
2 512
1 512
1 512
0 320
0 50
0 63
0 220
3 512
1 512
1 512
0 111
2 512
0 21
1 512
0 106
1 512
0 177
0 37
0 274
0 52
0 18
1 512
2 512
0 22
0 40
2 512
0 92
1 512
2 512
0 155
1 512
1 512
1 512
0 23
0 200
1 512
1 512
1 512
0 84
3 512
1 512
1 512
1 512
0 20
0 34
0 19
1 512
1 512
0 59
0 27
0 79
0 70
2 512
0 34
0 114
0 31
1 512
0 100
2 512
0 156
0 35
1 512
2 512
1 512
1 512
0 85
0 97
0 45
1 512
0 159
0 49
1 512
0 173
0 79
1 512
0 200
0 68
0 89
0 40
0 81
0 34
2 512
0 8
1 512
1 512
1 512
1 512
0 133
0 156
0 59
0 310
2 512
0 72
0 56
0 179
0 11
0 22
1 512
0 136
1 512
1 512
0 77
0 70
1 512
2 512
1 512
0 97
0 105
2 512
0 49
1 512
0 109
0 293
0 233
0 120
0 79
2 512
1 512
0 296
0 160
0 11
0 94
2 512
0 22
1 512
0 78
2 512
1 512
0 44
0 85
3 512
0 33
0 37
0 22
0 41
1 512
0 97
2 512
0 50
1 512
0 53
1 512
0 239
1 512
2 512
0 84
1 512
1 512
1 512
0 205
2 512
0 51
0 101
1 512
0 187
1 512
1 512
0 292
2 512
0 36
1 512
0 39
1 512
1 512
0 32
0 14
0 156
0 63
2 512
0 127
0 284
2 512
1 512
1 512
0 103
1 512
1 512
1 512
0 91
0 45
0 51
0 131
0 52
0 29
2 512
0 287
2 512
0 84
0 153
1 512
0 146
2 512
0 136
0 114
1 512
0 77
0 11
0 478
1 512
0 73
1 512
0 49
1 512
0 22
0 45
0 125
1 512
0 20
1 512
0 47
0 8
0 102
1 512
0 39
0 205
1 512
1 512
0 89
0 37
0 81
0 201
0 279
0 299
1 512
0 45
0 146
1 512
0 140
0 88
1 512
1 512
1 512
2 512
1 512
0 123
0 51
1 512
0 48
0 223
1 512
2 512
1 512
0 100
0 211
0 93
1 512
0 35
0 61
1 512
0 124
0 144
0 184
0 14
0 25
1 512
0 71
0 121
1 512
1 512
1 512
1 512
0 160
1 512
1 512
1 512
1 512
0 41
0 257
0 155
0 33
1 512
1 512
0 318
0 48
1 512
0 37
2 512
0 398
1 512
1 512
0 341
0 63
2 512
0 20
0 273
2 512
0 28
0 72
0 33
0 113
0 404
0 73
1 512
0 21
0 259
0 44
1 512
1 512
0 93
1 512
1 512
0 18
1 512
2 512
0 148
1 512
0 40
0 379
0 132
1 512
0 151
3 512
1 512
1 512
0 56
0 38
1 512
2 512
0 14
0 32
1 512
2 512
1 512
0 62
1 512
1 512
0 439
2 512
0 58
0 242
0 86
0 25
0 102
0 278
0 205
0 50
0 412
0 182
3 512
0 168
0 61
0 259
1 512
1 512
0 138
1 512
0 45
0 16
0 90
0 188
1 512
0 47
1 512
0 34
1 512
0 26
1 512
0 33
0 202
1 512
1 512
0 89
0 44
0 259
1 512
1 512
1 512
2 512
0 58
0 60
1 512
2 512
0 56
0 156
2 512
0 73
1 512
0 58
1 512
0 165
0 176
0 70
0 20
0 151
0 82
0 102
0 73
2 512
0 25
0 194
1 512
1 512
0 82
1 512
0 48
0 313
0 53
0 23
1 512
0 23
1 512
0 232
0 40
1 512
1 512
0 343
0 281
4 512
0 136
1 512
0 40
1 512
1 512
1 512
0 413
1 512
0 41
0 199
0 487
0 381
0 66
0 126
0 21
0 231
0 51
1 512
0 97
2 512
0 39
1 512
0 83
0 337
0 59
0 44
1 512
1 512
0 49
1 512
1 512
1 512
2 512
0 306
0 92
0 20
0 131
1 512
1 512
0 100
1 512
2 512
1 512
1 512
0 26
0 96
1 512
2 512
0 37
1 512
0 98
2 512
0 19
0 33
1 512
1 512
1 512
0 33
0 71
0 10
1 512
0 74
0 138
1 512
1 512
1 512
1 512
0 78
0 58
0 317
1 512
3 512
0 43
0 137
0 114
1 512
1 512
0 86
0 425
1 512
1 512
0 24
1 512
0 67
0 66
0 105
0 16
1 512
0 141
0 185
0 33
1 512
0 46
2 512
0 182
0 77
0 44
0 56
1 512
1 512
0 85
1 512
1 512
0 65
1 512
0 41
1 512
0 37
0 31
0 41
0 28
0 69
1 512
2 512
1 512
2 512
0 197
0 50
2 512
0 126
0 55
1 512
0 25
0 102
1 512
1 512
1 512
0 21
1 512
2 512
0 114
1 512
1 512
1 512
0 27
1 512
0 143
0 172
0 332
0 50
0 152
1 512
1 512
2 512
0 50
1 512
1 512
1 512
0 80
0 121
0 20
0 60
0 42
0 123
0 92
1 512
0 196
0 204
0 125
1 512
0 74
0 31
1 512
2 512
3 512
1 512
2 512
0 137
3 512
0 165
1 512
1 512
0 119
1 512
0 36
1 512
2 512
0 488
3 512
0 8
0 49
0 136
0 131
0 98
2 512
0 15
1 512
2 512
0 355
0 212
0 52
1 512
0 24
1 512
0 182
0 118
2 512
0 412
1 512
1 512
1 512
1 512
1 512
0 136
0 285
1 512
2 512
0 87
0 48
2 512
1 512
0 258
0 46
0 107
2 512
2 512
0 22
1 512
1 512
1 512
1 512
0 31
1 512
1 512
1 512
0 21
0 79
0 144
1 512
0 154
0 93
1 512
0 33
1 512
1 512
0 49
0 54
0 422
1 512
0 196
1 512
1 512
2 512
0 41
2 512
0 45
0 136
1 512
0 124
0 117
0 214
0 43
0 78
1 512
0 27
0 41
0 232
0 479
0 46
1 512
0 42
0 89
0 78
1 512
3 512
0 240
1 512
0 42
0 68
0 65
1 512
1 512
0 286
0 15
0 56
0 51
1 512
1 512
0 80
0 31
0 70
0 117
1 512
0 68
0 240
1 512
0 87
0 39
0 19
2 512
1 512
1 512
1 512
0 117
1 512
0 307
2 512
2 512
1 512
0 37
0 94
1 512
2 512
1 512
1 512
0 35
0 33
1 512
0 117
1 512
0 126
0 466
2 512
0 32
0 231
0 63
2 512
1 512
0 223
0 135
0 181
1 512
0 35
2 512
2 512
0 148
1 512
0 108
0 6
1 512
1 512
0 250
1 512
3 512
1 512
0 310
1 512
0 115
0 259
0 107
0 160
1 512
0 59
2 512
0 119
2 512
1 512
0 12
0 80
0 64
0 25
0 309
3 512
0 93
0 50
1 512
3 512
1 512
0 60
0 89
0 339
0 91
0 84
1 512
0 58
0 35
0 14
0 39
0 252
1 512
0 76
0 244
0 78
1 512
0 184
0 114
0 41
0 297
0 48
1 512
3 512
0 36
0 39
0 231
0 346
0 83
1 512
1 512
0 71
1 512
0 36
0 37
1 512
0 24
0 315
0 82
0 37
1 512
0 94
1 512
0 78
0 78
1 512
1 512
2 512
0 17
0 52
0 262
0 97
1 512
2 512
0 21
0 127
0 36
3 512
0 77
2 512
1 512
1 512
1 512
0 34
0 44
2 512
0 249
0 402
0 9
1 512
2 512
1 512
0 16
0 188
0 15
0 31
0 138
2 512
0 214
0 159
2 512
0 30
1 512
0 141
1 512
1 512
0 180
0 79
0 69
1 512
1 512
0 248
1 512
1 512
0 161
0 17
0 162
0 35
0 92
0 38
2 512
1 512
0 48
0 25
0 466
3 512
0 247
0 112
1 512
0 225
1 512
1 512
0 119
4 512
0 29
0 203
1 512
0 98
0 169
0 93
1 512
0 19
0 87
1 512
0 71
0 60
1 512
0 71
1 512
1 512
0 91
1 512
1 512
0 59
0 170
1 512
1 512
0 277
0 182
0 92
1 512
1 512
2 512
2 512
0 87
2 512
2 512
0 70
1 512
2 512
0 88
0 40
1 512
1 512
0 84
0 302
0 34
0 52
0 52
0 78
0 204
0 200
0 17
0 16
0 16
0 131
0 162
1 512
2 512
0 165
0 85
1 512
1 512
0 14
0 71
0 49
0 33
0 98
0 51
0 116
0 492
2 512
0 79
1 512
1 512
4 512
1 512
0 9
0 87
0 75
0 143
1 512
1 512
0 176
0 444
0 22
0 91
0 53
0 225
2 512
0 98
1 512
0 19
0 52
0 69
2 512
1 512
3 512
0 55
0 200
1 512
3 512
1 512
0 357
0 255
2 512
1 512
1 512
0 133
1 512
0 64
0 81
1 512
0 98
1 512
0 257
1 512
0 66
3 512
0 82
0 60
1 512
0 17
2 512
1 512
0 55
0 87
0 315
2 512
2 512
1 512
1 512
2 512
0 49
0 292
0 175
0 8
0 113
0 146
1 512
0 45
1 512
1 512
0 201
0 104
0 79
0 43
0 184
0 160
0 105
0 45
0 23
0 379
0 37
0 30
0 20
0 114
0 69
0 36
0 62
0 162
0 25
1 512
0 98
1 512
0 41
0 250
1 512
0 71
0 173
0 428
0 74
2 512
0 93
0 48
0 60
1 512
1 512
1 512
0 12
0 197
0 105
1 512
1 512
0 135
0 456
0 176
0 119
0 177
1 512
1 512
3 512
1 512
1 512
4 512
1 512
0 98
2 512
0 159
0 144
0 401
1 512
0 263
1 512
0 161
1 512
0 58
1 512
1 512
2 512
0 29
1 512
1 512
0 33
0 25
2 512
1 512
1 512
1 512
0 51
0 28
1 512
0 151
0 260
1 512
0 26
0 403
0 208
0 64
1 512
0 21
1 512
0 85
0 292
1 512
1 512
0 266
1 512
1 512
2 512
0 23
1 512
1 512
1 512
0 475
0 490
1 512
0 436
0 412
0 50
0 9
1 512
0 263
0 80
1 512
1 512
0 26
0 29
0 300
0 69
0 87
0 80
0 38
0 97
1 512
2 512
0 150
0 33
0 118
0 66
0 235
1 512
0 55
0 69
1 512
1 512
0 120
1 512
0 333
0 44
2 512
0 50
0 56
0 33
0 67
1 512
0 13
0 49
0 86
1 512
1 512
1 512
1 512
2 512
4 512
1 512
2 512
0 52
0 91
0 45
1 512
0 54
1 512
1 512
0 25
1 512
1 512
1 512
0 47
3 512
0 39
1 512
0 18
1 512
2 512
0 337
0 103
0 48
3 512
2 512
1 512
1 512
0 67
0 65
1 512
2 512
0 43
2 512
0 40
3 512
1 512
0 135
0 68
0 98
1 512
2 512
0 32
1 512
0 106
1 512
0 106
2 512
1 512
0 104
0 64
1 512
2 512
0 63
2 512
0 113
1 512
0 179
0 108
1 512
0 60
0 49
0 12
1 512
0 173
1 512
1 512
0 25
2 512
0 104
0 23
1 512
0 175
1 512
1 512
2 512
1 512
0 68
1 512
1 512
1 512
0 304
0 154
0 76
0 176
3 512
1 512
0 103
0 81
0 115
2 512
2 512
0 38
0 196
0 86
0 16
1 512
0 171
2 512
1 512
0 511
0 102
0 20
1 512
0 45
0 19
2 512
2 512
0 102
0 282
0 343
1 512
1 512
0 21
1 512
0 12
0 142
0 183
0 50
0 52
1 512
1 512
3 512
0 13
0 245
1 512
1 512
1 512
0 9
1 512
3 512
1 512
0 29
0 49
0 120
2 512
1 512
1 512
0 60
0 489
0 61
0 145
0 72
0 188
0 325
0 145
3 512
1 512
0 103
2 512
0 78
0 121
1 512
1 512
0 110
1 512
2 512
0 101
0 59
0 49
0 76
0 29
1 512
1 512
0 365
1 512
1 512
1 512
0 215
0 12
0 201
0 35
1 512
1 512
1 512
2 512
1 512
0 171
2 512
2 512
0 29
0 200
0 84
0 36
1 512
0 73
2 512
2 512
1 512
1 512
0 135
0 274
1 512
0 136
3 512
0 70
2 512
0 196
2 512
0 54
3 512
0 87
1 512
0 27
2 512
1 512
0 29
2 512
1 512
3 512
1 512
1 512
1 512
1 512
1 512
0 79
0 78
0 27
0 93
0 103
0 223
1 512
1 512
0 69
1 512
0 166
1 512
1 512
0 511
0 165
1 512
1 512
2 512
0 15
0 56
1 512
0 241
1 512
0 413
1 512
0 134
1 512
0 139
0 12
0 131
1 512
0 149
4 512
1 512
1 512
0 22
1 512
0 53
0 29
1 512
0 179
0 101
1 512
3 512
0 23
2 512
1 512
1 512
0 10
0 164
0 127
0 171
0 113
0 47
0 51
0 284
1 512
1 512
1 512
0 207
0 110
0 54
0 342
0 130
0 33
0 143
0 190
0 97
1 512
1 512
1 512
0 16
1 512
2 512
0 161
1 512
0 207
2 512
1 512
0 103
1 512
1 512
0 17
1 512
0 19
1 512
1 512
1 512
0 82
0 69
0 9
1 512
1 512
0 9
0 38
2 512
0 46
1 512
0 47
0 221
0 491
1 512
1 512
1 512
0 304
2 512
0 69
1 512
0 93
0 86
0 32
0 143
1 512
1 512
0 314
0 264
0 176
0 25
0 27
1 512
1 512
0 26
0 173
2 512
0 462
0 75
0 17
1 512
0 85
0 22
1 512
0 42
0 108
2 512
1 512
0 449
1 512
4 512
1 512
0 33
0 335
2 512
1 512
0 243
1 512
0 13
1 512
0 450
0 271
0 81
0 14
1 512
1 512
1 512
1 512
1 512
0 273
0 453
0 127
1 512
0 243
2 512
0 205
0 119
0 98
1 512
1 512
0 11
1 512
0 25
1 512
1 512
0 66
0 117
0 186
1 512
1 512
0 184
0 93
1 512
0 279
0 50
1 512
0 203
0 19
0 121
0 279
0 18
0 45
1 512
0 85
0 171
0 54
0 102
0 433
0 33
0 198
0 140
0 225
0 100
1 512
4 512
0 45
0 319
0 160
1 512
0 102
0 99
1 512
0 133
0 62
0 29
0 20
0 90
0 163
0 53
0 32
1 512
0 17
0 54
0 112
1 512
3 512
1 512
0 24
1 512
1 512
2 512
1 512
1 512
0 229
0 13
1 512
2 512
1 512
0 32
0 58
2 512
0 94
0 78
0 101
0 134
0 51
0 289
1 512
1 512
0 28
1 512
1 512
0 258
1 512
1 512
0 260
0 34
1 512
1 512
0 15
0 17
0 67
0 27
0 37
0 54
4 512
0 40
0 68
1 512
0 78
0 152
2 512
0 27
0 36
2 512
0 78
0 209
0 74
0 29
1 512
1 512
1 512
0 95
0 391
0 355
1 512
1 512
0 28
1 512
0 71
0 103
0 132
0 158
1 512
0 194
0 131
0 105
2 512
1 512
1 512
1 512
0 76
1 512
1 512
1 512
2 512
1 512
1 512
0 64
1 512
1 512
0 197
1 512
1 512
2 512
0 19
1 512
0 63
1 512
1 512
0 98
1 512
0 56
0 22
0 38
2 512
1 512
0 11
0 131
1 512
1 512
0 27
0 49
0 35
0 18
0 167
0 51
0 22
2 512
0 43
0 125
0 89
0 106
0 428
0 240
1 512
1 512
0 68
0 105
0 98
0 65
0 79
0 138
0 147
1 512
1 512
0 370
1 512
1 512
0 294
1 512
1 512
1 512
0 266
0 51
1 512
1 512
1 512
0 48
0 67
0 151
2 512
1 512
1 512
0 57
2 512
1 512
1 512
1 512
0 17
1 512
0 480
0 69
1 512
0 495
0 20
0 309
1 512
0 35
0 36
0 27
0 27
1 512
0 272
2 512
0 225
0 115
0 180
0 160
1 512
0 30
1 512
0 55
1 512
0 102
2 512
0 261
1 512
1 512
0 71
1 512
0 119
0 101
2 512
0 13
0 187
0 313
0 436
1 512
1 512
0 9
1 512
2 512
0 181
2 512
0 205
0 36
1 512
0 44
1 512
0 31
1 512
0 275
1 512
0 74
0 500
0 174
0 69
0 42
0 442
0 22
2 512
0 429
1 512
0 69
3 512
0 44
1 512
0 61
0 16
1 512
0 125
0 80
1 512
0 108
0 122
2 512
3 512
0 49
0 26
3 512
2 512
0 300
0 24
0 208
3 512
0 344
0 108
0 43
0 46
0 203
3 512
0 90
0 188
0 30
1 512
0 199
0 434
0 75
1 512
1 512
1 512
2 512
0 68
1 512
0 150
0 44
0 19
1 512
0 17
0 313
0 201
1 512
0 34
0 27
2 512
0 24
1 512
0 85
0 72
0 90
0 26
0 84
0 156
1 512
0 366
0 56
0 201
0 31
0 73
0 42
2 512
0 500
1 512
2 512
0 15
0 244
0 458
1 512
0 137
0 27
0 71
0 334
0 52
0 89
1 512
1 512
0 59
0 229
2 512
0 102
0 85
0 181
0 40
1 512
0 51
0 65
0 111
0 40
0 183
1 512
0 158
0 292
1 512
0 36
1 512
0 370
1 512
1 512
0 79
0 28
1 512
0 180
1 512
0 255
1 512
1 512
0 20
0 103
2 512
1 512
1 512
0 245
1 512
0 153
0 63
0 61
1 512
1 512
0 192
2 512
0 10
0 37
0 129
0 76
0 187
0 43
0 257
2 512
0 192
1 512
0 347
0 12
1 512
1 512
1 512
1 512
2 512
1 512
0 12
0 445
1 512
0 118
1 512
0 167
3 512
1 512
0 38
0 34
0 94
0 20
0 244
1 512
1 512
0 214
0 45
1 512
0 419
1 512
0 176
1 512
1 512
0 47
1 512
0 33
0 131
1 512
2 512
0 55
2 512
0 218
1 512
0 38
2 512
1 512
1 512
0 45
1 512
0 431
1 512
0 51
0 25
0 102
0 402
0 161
0 105
0 26
3 512
1 512
1 512
1 512
1 512
0 226
1 512
1 512
0 44
0 16
1 512
0 412
0 62
1 512
1 512
2 512
0 195
0 99
0 228
0 80
2 512
0 40
0 193
1 512
0 10
1 512
1 512
0 53
0 88
1 512
0 434
0 302
0 510
1 512
0 262
0 26
0 275
3 512
0 34
0 41
0 132
0 16
0 40
1 512
1 512
0 81
0 51
0 80
0 165
0 416
1 512
1 512
2 512
0 433
0 299
0 42
0 23
1 512
0 94
0 43
2 512
1 512
1 512
0 75
1 512
1 512
0 231
1 512
0 186
1 512
1 512
2 512
0 227
0 26
0 27
2 512
0 136
0 368
1 512
1 512
0 55
0 138
2 512
1 512
1 512
0 51
0 80
1 512
0 42
1 512
1 512
3 512
0 197
0 29
0 138
1 512
1 512
0 90
0 109
2 512
0 254
0 146
0 39
0 352
1 512
1 512
1 512
1 512
0 63
0 129
1 512
1 512
0 52
1 512
0 19
0 205
1 512
1 512
0 187
0 12
0 104
0 231
1 512
0 32
0 16
1 512
1 512
1 512
0 358
1 512
1 512
0 29
1 512
1 512
0 246
0 118
1 512
0 183
0 71
0 38
0 252
0 12
1 512
1 512
0 260
0 214
0 395
0 93
1 512
0 84
0 361
0 325
0 127
0 84
1 512
2 512
0 68
0 391
1 512
1 512
0 9
0 60
0 106
1 512
2 512
0 113
0 59
1 512
2 512
0 185
0 47
1 512
0 190
0 360
1 512
0 20
2 512
0 36
1 512
0 42
0 212
1 512
0 383
2 512
0 22
1 512
1 512
0 93
1 512
1 512
1 512
2 512
0 405
1 512
0 23
1 512
0 192
0 66
0 159
1 512
1 512
1 512
1 512
1 512
0 260
1 512
0 36
1 512
0 31
0 50
1 512
1 512
0 12
0 298
0 25
1 512
0 27
0 32
1 512
0 109
0 115
0 34
1 512
0 14
1 512
0 47
0 16
1 512
0 126
0 11
0 24
0 121
1 512
0 357
0 23
0 150
0 35
1 512
2 512
0 89
0 265
0 113
2 512
2 512
2 512
0 188
1 512
0 110
0 95
0 78
0 92
2 512
1 512
2 512
0 248
0 44
0 83
0 36
0 35
0 55
0 39
0 255
0 48
0 64
1 512
1 512
0 49
1 512
1 512
1 512
0 302
0 18
1 512
0 173
1 512
0 24
0 43
1 512
1 512
0 26
1 512
0 24
1 512
1 512
1 512
0 60
0 102
1 512
2 512
2 512
1 512
1 512
1 512
1 512
0 44
0 70
0 50
0 86
2 512
0 166
0 149
1 512
0 160
0 483
0 47
0 133
0 142
1 512
1 512
0 67
1 512
0 99
1 512
2 512
1 512
0 39
1 512
0 29
2 512
0 162
1 512
0 145
0 188
0 152
0 126
0 353
2 512
0 132
1 512
2 512
1 512
1 512
1 512
0 19
0 251
0 23
2 512
0 175
0 89
0 18
0 168
1 512
0 383
0 53
2 512
0 111
0 189
2 512
1 512
0 79
0 34
0 138
0 42
1 512
0 17
1 512
0 140
2 512
3 512
1 512
0 310
0 38
2 512
1 512
0 28
1 512
0 31
0 76
0 127
1 512
1 512
1 512
0 399
1 512
2 512
0 17
0 70
0 155
0 72
0 395
1 512
1 512
0 246
0 23
0 48
0 50
0 81
0 18
2 512
0 33
0 96
3 512
1 512
2 512
2 512
1 512
2 512
0 48
0 79
0 55
0 60
1 512
0 138
1 512
0 378
0 25
0 151
0 21
1 512
1 512
0 139
2 512
0 293
0 329
1 512
1 512
1 512
0 78
2 512
1 512
1 512
0 81
1 512
1 512
0 49
1 512
0 19
2 512
2 512
1 512
0 47
0 95
0 38
1 512
0 115
0 320
0 119
0 47
1 512
2 512
0 51
1 512
1 512
0 200
0 131
0 45
0 142
0 15
0 113
0 87
1 512
0 261
0 24
1 512
0 234
1 512
1 512
0 129
0 57
1 512
1 512
1 512
1 512
0 19
0 35
1 512
1 512
0 100
1 512
1 512
0 83
0 74
0 388
0 193
2 512
3 512
1 512
1 512
1 512
1 512
0 194
0 19
0 76
0 76
1 512
1 512
0 80
0 17
0 25
0 132
0 38
1 512
1 512
3 512
0 42
0 11
3 512
1 512
2 512
1 512
0 52
0 101
0 63
0 202
0 102
2 512
0 7
1 512
0 29
0 128
0 59
0 109
1 512
0 169
0 58
2 512
1 512
1 512
1 512
1 512
0 47
0 388
0 332
0 100
1 512
0 505
1 512
1 512
0 509
2 512
1 512
0 55
0 25
0 31
2 512
0 394
2 512
0 53
2 512
1 512
0 14
1 512
0 44
0 161
0 165
2 512
0 261
0 352
1 512
1 512
0 95
1 512
1 512
0 87
0 234
0 33
2 512
0 164
0 215
0 43
0 250
0 44
0 155
0 96
0 19
1 512
0 146
1 512
1 512
2 512
2 512
0 35
2 512
0 157
0 84
1 512
1 512
0 230
0 34
0 19
2 512
0 18
1 512
0 162
1 512
0 36
0 150
1 512
0 102
0 271
0 475
1 512
1 512
0 40
1 512
0 21
0 157
1 512
0 73
0 74
0 14
0 60
0 159
0 266
1 512
2 512
0 46
0 188
0 476
0 80
1 512
2 512
0 10
0 78
1 512
0 50
0 53
2 512
0 55
2 512
3 512
0 459
0 66
1 512
0 41
1 512
1 512
2 512
0 154
0 27
0 226
0 461
0 107
0 99
0 104
0 53
0 128
1 512
0 193
2 512
0 116
0 155
0 357
1 512
1 512
1 512
1 512
0 19
0 204
0 99
0 17
1 512
0 139
0 264
0 47
0 281
0 78
1 512
0 319
0 329
0 36
0 35
1 512
1 512
0 18
3 512
0 66
1 512
0 92
0 80
0 244
0 51
1 512
0 173
0 461
1 512
0 21
0 260
2 512
0 29
0 58
0 116
0 184
0 374
0 262
2 512
0 52
1 512
0 138
1 512
0 109
1 512
0 50
1 512
0 255
2 512
0 98
0 346
0 226
1 512
1 512
1 512
0 45
2 512
0 6
0 140
0 101
0 181
1 512
1 512
1 512
0 45
0 127
0 143
0 32
1 512
2 512
0 70
0 98
0 23
0 125
0 246
1 512
1 512
1 512
0 105
0 373
0 230
0 274
1 512
0 42
1 512
0 16
0 74
1 512
0 488
3 512
0 231
0 159
0 18
2 512
0 110
0 23
0 22
1 512
1 512
0 108
3 512
0 111
0 101
0 124
0 164
0 75
1 512
0 107
0 24
0 31
0 476
1 512
1 512
0 35
1 512
0 45
1 512
0 41
1 512
0 95
0 185
1 512
0 73
0 20
0 90
0 44
0 427
1 512
1 512
0 25
1 512
0 188
0 422
1 512
0 96
0 76
0 258
0 268
0 225
1 512
2 512
1 512
0 19
0 196
0 512
0 33
0 22
0 369
0 87
0 120
0 504
1 512
1 512
0 98
0 237
1 512
0 378
0 99
0 17
1 512
0 85
0 50
0 56
0 45
0 61
0 177
0 27
1 512
2 512
0 44
1 512
0 74
0 125
0 65
0 61
0 40
0 46
0 265
2 512
0 24
0 85
1 512
1 512
2 512
0 138
0 196
0 109
1 512
0 215
0 180
1 512
2 512
0 77
0 81
0 92
0 28
1 512
0 21
1 512
0 388
0 183
0 193
0 182
1 512
0 254
1 512
0 86
2 512
0 47
1 512
1 512
3 512
1 512
0 57
1 512
0 384
0 73
0 10
0 7
0 85
0 65
0 41
1 512
1 512
1 512
0 30
2 512
0 47
1 512
0 145
2 512
0 82
0 20
0 13
0 130
0 136
0 30
0 368
0 506
0 306
0 104
0 70
2 512
0 23
2 512
0 60
1 512
1 512
1 512
0 192
1 512
0 476
1 512
0 99
0 88
0 223
1 512
0 74
1 512
0 68
0 123
1 512
1 512
0 111
2 512
0 32
2 512
0 165
1 512
1 512
2 512
0 108
1 512
0 97
1 512
0 182
0 85
2 512
0 306
2 512
2 512
2 512
1 512
2 512
0 109
0 19
1 512
0 46
1 512
2 512
0 72
0 67
0 72
0 46
0 232
2 512
1 512
1 512
0 131
3 512
0 191
0 25
0 24
1 512
2 512
0 32
1 512
1 512
1 512
0 74
1 512
1 512
0 25
0 79
1 512
0 17
0 70
0 276
2 512
1 512
0 37
2 512
1 512
0 46
0 157
0 94
2 512
0 36
1 512
0 159
2 512
0 402
1 512
0 144
0 97
0 433
0 93
0 58
0 59
1 512
1 512
1 512
1 512
0 79
1 512
0 115
0 100
2 512
1 512
0 85
0 33
1 512
2 512
2 512
0 80
0 283
0 27
1 512
1 512
1 512
2 512
1 512
0 165
2 512
0 220
0 106
0 137
0 52
3 512
1 512
1 512
2 512
2 512
0 43
1 512
0 115
0 135
0 15
2 512
0 45
1 512
2 512
0 117
0 31
0 18
0 72
1 512
2 512
0 218
1 512
0 339
0 466
0 112
0 184
1 512
0 76
1 512
2 512
1 512
0 193
3 512
1 512
1 512
0 22
0 184
2 512
1 512
0 44
4 512
0 135
0 138
1 512
1 512
1 512
0 134
0 252
0 493
1 512
0 31
1 512
0 32
0 95
2 512
0 287
1 512
0 64
2 512
2 512
1 512
0 24
0 190
0 310
0 49
0 119
0 65
1 512
1 512
3 512
0 16
2 512
1 512
0 21
1 512
0 207
1 512
0 192
2 512
2 512
1 512
3 512
0 19
0 109
1 512
0 20
0 56
2 512
0 83
1 512
0 30
1 512
0 97
0 31
0 22
1 512
2 512
1 512
2 512
0 52
0 47
0 25
1 512
2 512
1 512
3 512
1 512
0 57
0 253
0 121
0 108
1 512
1 512
1 512
1 512
0 62
1 512
1 512
0 44
0 36
3 512
1 512
1 512
1 512
0 58
1 512
0 124
1 512
1 512
0 57
0 477
1 512
0 342
0 274
1 512
1 512
0 483
0 112
0 53
1 512
0 51
1 512
2 512
1 512
1 512
1 512
0 74
0 86
0 31
0 228
0 103
1 512
0 136
0 77
1 512
0 29
2 512
1 512
0 15
2 512
1 512
0 114
2 512
0 154
0 203
0 81
1 512
0 272
0 48
0 39
1 512
0 54
0 103
0 62
1 512
1 512
0 32
0 161
1 512
0 169
0 214
1 512
0 49
0 86
0 455
2 512
0 131
0 140
0 325
3 512
3 512
0 384
1 512
0 115
1 512
0 148
1 512
0 92
0 212
1 512
0 149
1 512
0 300
1 512
0 26
3 512
0 31
0 72
1 512
1 512
0 90
0 40
0 77
0 39
1 512
0 70
1 512
1 512
0 272
0 469
2 512
1 512
0 49
1 512
3 512
0 47
2 512
0 378
0 51
0 286
1 512
0 413
0 34
1 512
0 86
1 512
1 512
1 512
0 21
0 20
2 512
0 261
0 128
1 512
1 512
1 512
1 512
0 103
0 66
0 240
0 81
1 512
2 512
1 512
0 34
0 16
1 512
0 117
0 41
1 512
0 367
0 34
0 17
1 512
0 90
1 512
1 512
1 512
2 512
1 512
0 22
0 91
0 97
0 125
0 101
0 20
0 134
2 512
0 302
0 180
0 158
1 512
0 409
0 46
2 512
0 117
1 512
0 33
1 512
0 52
0 75
2 512
0 23
0 87
0 96
0 134
1 512
0 386
0 146
1 512
0 99
1 512
0 87
1 512
0 105
0 328
1 512
2 512
0 160
1 512
1 512
0 112
1 512
1 512
0 51
1 512
0 183
0 134
0 254
0 178
0 202
2 512
1 512
0 105
0 402
1 512
0 35
1 512
0 64
0 58
0 88
0 104
0 95
2 512
2 512
0 197
1 512
1 512
1 512
0 105
2 512
1 512
2 512
2 512
2 512
1 512
0 148
0 147
0 79
0 65
0 134
0 13
0 75
0 165
0 136
2 512
1 512
1 512
1 512
1 512
0 360
0 43
1 512
0 56
1 512
1 512
0 137
0 195
1 512
1 512
0 387
0 41
1 512
2 512
0 77
3 512
0 31
0 222
0 9
0 83
0 447
0 58
1 512
0 153
0 19
1 512
0 69
1 512
1 512
2 512
2 512
0 18
0 381
1 512
0 174
2 512
1 512
1 512
1 512
0 341
0 460
0 92
0 33
0 177
0 229
0 252
1 512
0 209
0 27
1 512
1 512
3 512
0 139
0 26
0 78
1 512
0 16
0 251
0 80
1 512
0 93
1 512
1 512
0 153
0 89
2 512
0 37
2 512
2 512
0 54
2 512
0 47
0 83
1 512
0 24
0 73
0 180
0 135
0 201
0 24
0 140
0 66
1 512
1 512
1 512
3 512
1 512
1 512
0 56
2 512
1 512
0 342
0 40
0 67
1 512
0 40
0 43
0 67
1 512
0 457
0 140
0 68
1 512
1 512
0 230
0 244
1 512
4 512
0 24
2 512
0 29
0 53
0 75
0 108
0 417
0 453
1 512
0 15
3 512
0 69
1 512
1 512
1 512
0 167
0 174
0 26
0 93
2 512
1 512
1 512
0 186
0 108
1 512
0 155
0 219
2 512
1 512
1 512
0 98
0 42
0 229
1 512
0 391
1 512
0 55
0 39
1 512
1 512
1 512
1 512
0 91
1 512
1 512
0 27
1 512
0 156
1 512
0 285
2 512
0 150
1 512
2 512
0 75
0 34
1 512
0 21
0 154
2 512
0 23
2 512
0 178
1 512
1 512
1 512
0 30
0 91
0 34
0 14
1 512
1 512
1 512
0 183
0 30
0 77
0 40
0 138
2 512
1 512
2 512
0 72
0 72
1 512
1 512
1 512
0 178
1 512
1 512
2 512
1 512
1 512
0 88
2 512
0 37
0 89
1 512
1 512
0 176
0 246
0 40
0 40
1 512
0 292
0 30
0 139
2 512
0 149
0 223
3 512
0 83
1 512
0 118
1 512
2 512
1 512
0 50
0 117
0 67
1 512
0 478
1 512
1 512
1 512
0 429
0 71
0 47
0 346
0 336
0 31
0 224
0 317
0 231
1 512
0 37
1 512
0 85
0 62
0 51
0 396
0 21
2 512
0 138
0 193
0 86
2 512
0 94
1 512
0 46
0 100
0 9
0 93
0 196
2 512
0 54
1 512
1 512
2 512
1 512
0 78
0 28
0 308
0 98
0 70
1 512
0 138
0 190
0 27
1 512
0 31
1 512
0 102
1 512
1 512
1 512
0 220
1 512
1 512
0 158
0 130
0 168
1 512
0 73
1 512
0 39
1 512
1 512
0 107
2 512
2 512
0 125
1 512
0 77
1 512
1 512
1 512
0 16
0 42
0 33
0 86
0 68
0 129
1 512
0 120
0 59
3 512
0 111
0 10
1 512
1 512
0 17
2 512
0 136
0 123
0 63
1 512
0 188
0 187
1 512
1 512
1 512
0 85
0 10
0 66
0 367
0 61
1 512
0 93
0 318
0 84
0 20
0 83
0 345
0 482
0 12
0 492
1 512
1 512
0 72
0 352
0 78
0 154
0 371
0 301
1 512
0 153
0 178
0 156
0 120
1 512
1 512
1 512
0 146
0 110
2 512
0 168
2 512
0 30
1 512
0 70
1 512
0 137
1 512
1 512
2 512
1 512
0 136
1 512
1 512
0 19
0 188
0 65
2 512
0 16
0 149
0 223
0 272
1 512
0 62
1 512
1 512
0 45
0 26
0 53
0 229
0 38
0 496
0 159
1 512
0 132
1 512
1 512
0 51
1 512
0 109
0 51
0 293
0 53
0 177
2 512
2 512
0 23
0 501
1 512
0 92
0 313
0 95
0 145
0 70
0 68
0 76
1 512
0 117
0 18
0 21
1 512
1 512
0 30
0 118
1 512
0 22
1 512
0 99
0 24
0 50
0 63
1 512
4 512
0 171
2 512
2 512
0 266
0 13
0 211
0 217
2 512
0 118
2 512
0 23
0 57
0 78
0 29
0 44
2 512
1 512
1 512
0 264
0 19
1 512
1 512
0 51
0 13
1 512
1 512
0 174
0 27
0 40
0 52
0 217
0 33
1 512
0 133
0 77
2 512
0 315
1 512
0 51
0 133
1 512
0 41
0 67
0 43
0 165
1 512
2 512
0 42
0 195
0 52
0 302
0 214
1 512
1 512
0 334
0 198
0 126
1 512
0 87
2 512
0 90
1 512
0 449
0 41
1 512
0 254
1 512
0 127
0 350
1 512
0 253
0 425
0 18
2 512
0 327
3 512
0 87
0 443
0 147
0 24
0 216
0 83
0 21
0 35
1 512
2 512
1 512
0 45
2 512
0 129
1 512
0 77
2 512
1 512
0 198
1 512
0 122
2 512
1 512
1 512
0 141
1 512
0 243
0 132
1 512
0 236
0 73
1 512
0 17
0 44
3 512
2 512
2 512
0 254
1 512
0 144
1 512
1 512
2 512
1 512
1 512
1 512
0 98
3 512
1 512
1 512
0 27
0 167
0 425
0 74
2 512
1 512
0 227
2 512
0 138
1 512
1 512
0 318
0 238
1 512
1 512
0 166
2 512
2 512
1 512
0 79
1 512
1 512
3 512
0 32
1 512
0 60
1 512
1 512
1 512
0 80
0 39
0 65
0 80
0 72
1 512
1 512
0 24
1 512
1 512
0 9
0 60
1 512
0 175
2 512
1 512
0 146
1 512
1 512
1 512
0 16
1 512
1 512
0 74
0 51
0 69
1 512
1 512
1 512
1 512
0 141
1 512
0 51
1 512
0 20
1 512
1 512
0 35
0 163
2 512
0 499
0 66
0 33
0 177
0 84
0 51
0 282
0 60
0 28
0 74
0 42
0 14
1 512
0 190
0 272
0 145
0 262
0 448
0 49
1 512
0 251
0 115
0 71
1 512
1 512
1 512
1 512
1 512
0 122
1 512
1 512
1 512
0 68
1 512
1 512
1 512
1 512
1 512
0 24
1 512
0 301
0 24
1 512
1 512
2 512
1 512
0 149
0 29
3 512
1 512
0 124
1 512
2 512
0 36
1 512
0 108
0 114
0 367
2 512
1 512
0 45
0 222
0 43
0 57
0 81
1 512
3 512
0 36
0 55
0 486
1 512
2 512
2 512
0 104
0 104
0 152
0 31
1 512
1 512
1 512
1 512
0 76
0 346
1 512
0 155
1 512
1 512
0 193
1 512
1 512
1 512
1 512
1 512
1 512
2 512
0 307
0 352
0 113
1 512
0 85
0 15
0 249
0 22
2 512
1 512
1 512
2 512
0 81
0 63
1 512
2 512
0 171
1 512
0 373
1 512
0 30
0 46
0 16
1 512
0 23
1 512
0 245
0 86
0 171
1 512
1 512
2 512
1 512
1 512
0 218
1 512
1 512
0 377
0 58
0 288
2 512
0 185
0 44
1 512
1 512
0 14
1 512
0 33
1 512
0 75
1 512
0 46
1 512
1 512
0 150
1 512
0 90
1 512
0 67
0 158
0 121
1 512
0 81
0 42
0 71
0 66
0 108
0 48
1 512
1 512
1 512
1 512
2 512
2 512
1 512
0 77
0 86
0 57
0 76
0 26
0 275
0 35
0 42
2 512
0 14
0 47
0 111
0 103
0 78
0 236
0 422
0 113
0 80
2 512
0 511
1 512
1 512
0 114
1 512
1 512
0 101
0 463
1 512
1 512
0 51
0 42
0 292
0 128
0 207
1 512
0 38
2 512
2 512
0 37
0 395
2 512
0 78
1 512
0 43
0 471
1 512
0 76
0 190
2 512
1 512
0 34
1 512
1 512
1 512
0 39
3 512
0 208
0 69
0 186
0 73
1 512
0 266
1 512
2 512
0 346
0 122
1 512
0 12
1 512
0 16
1 512
2 512
0 154
2 512
1 512
1 512
0 147
3 512
0 36
0 45
0 24
1 512
0 158
1 512
0 89
1 512
1 512
0 233
2 512
0 309
0 38
0 252
0 132
1 512
0 117
0 155
0 30
0 51
1 512
0 44
0 27
1 512
1 512
1 512
0 306
0 204
0 50
2 512
1 512
0 125
4 512
2 512
0 63
0 84
0 53
1 512
0 141
1 512
1 512
1 512
0 175
1 512
1 512
0 139
0 22
1 512
1 512
0 34
1 512
1 512
1 512
1 512
0 45
0 157
1 512
1 512
2 512
0 215
0 50
1 512
0 83
0 60
0 104
2 512
0 304
0 54
0 84
1 512
0 30
1 512
2 512
0 130
1 512
0 125
0 68
1 512
0 72
0 94
0 127
1 512
0 273
1 512
0 66
0 51
0 241
1 512
0 19
1 512
1 512
1 512
0 81
0 193
1 512
0 36
0 115
0 9
0 33
3 512
0 101
0 54
0 70
0 56
0 142
2 512
0 218
0 99
0 71
0 69
1 512
1 512
0 50
1 512
0 58
1 512
0 43
2 512
0 250
0 139
0 200
1 512
1 512
0 116
0 63
2 512
0 457
1 512
0 52
0 317
1 512
1 512
0 74
2 512
0 181
3 512
1 512
1 512
2 512
0 237
1 512
0 16
0 35
1 512
0 45
1 512
0 19
1 512
0 102
1 512
1 512
1 512
0 24
0 491
0 109
0 67
1 512
0 32
2 512
0 30
2 512
0 241
1 512
1 512
0 48
1 512
2 512
0 41
1 512
1 512
0 165
1 512
3 512
1 512
0 81
0 350
0 103
0 67
2 512
0 39
0 40
1 512
1 512
2 512
0 16
0 71
0 307
0 502
0 111
0 178
1 512
0 60
0 54
0 140
0 70
1 512
3 512
0 134
0 104
1 512
0 87
0 75
0 100
0 30
1 512
0 53
0 72
2 512
1 512
1 512
1 512
1 512
0 103
0 330
1 512
1 512
1 512
1 512
0 43
0 42
0 412
1 512
0 448
2 512
1 512
1 512
0 168
0 104
0 90
2 512
0 243
0 82
1 512
1 512
1 512
0 104
1 512
1 512
0 150
0 168
2 512
1 512
0 88
1 512
0 230
1 512
1 512
0 253
0 33
0 34
0 170
0 187
1 512
0 477
1 512
0 26
0 136
0 80
0 174
0 127
0 118
1 512
0 388
0 120
1 512
0 401
1 512
1 512
0 385
0 330
2 512
0 10
0 115
0 80
3 512
0 109
0 18
1 512
0 181
0 80
1 512
0 116
2 512
4 512
0 114
0 123
0 25
1 512
0 48
0 161
1 512
0 49
1 512
1 512
0 180
0 120
0 254
0 118
0 27
3 512
0 44
1 512
0 438
0 30
0 23
1 512
2 512
0 67
2 512
0 19
0 91
1 512
1 512
0 21
0 206
1 512
0 59
1 512
2 512
1 512
0 12
0 120
0 150
0 91
1 512
2 512
1 512
1 512
2 512
0 147
1 512
0 85
0 84
0 112
1 512
1 512
1 512
0 19
0 81
0 35
1 512
0 59
0 419
0 96
0 47
0 45
0 155
2 512
0 98
0 29
1 512
0 40
0 28
3 512
0 48
1 512
0 50
2 512
2 512
1 512
1 512
1 512
0 117
1 512
0 67
0 29
1 512
0 135
0 11
0 96
0 79
0 161
1 512
0 51
0 36
0 16
0 13
1 512
2 512
1 512
0 430
0 16
0 97
0 82
2 512
0 217
0 66
0 66
2 512
1 512
0 248
0 178
0 76
0 113
0 171
0 18
0 163
1 512
0 254
0 90
1 512
2 512
2 512
0 57
0 128
0 48
0 46
0 250
0 37
0 53
0 6
0 455
0 332
1 512
0 27
0 248
0 24
0 76
0 30
0 213
0 57
0 235
1 512
0 18
0 164
0 56
0 99
0 145
0 36
0 33
1 512
0 214
0 14
0 268
0 42
0 26
1 512
0 132
2 512
2 512
0 152
0 286
2 512
0 17
0 81
2 512
0 83
1 512
0 189
1 512
0 167
0 79
0 114
0 22
0 413
0 213
0 168
1 512
0 227
1 512
2 512
1 512
0 45
0 41
1 512
0 316
0 452
0 35
0 63
0 216
2 512
1 512
0 385
0 103
0 421
0 38
0 32
1 512
0 26
2 512
0 375
1 512
0 10
1 512
0 357
0 128
0 33
1 512
0 148
0 134
0 133
1 512
0 164
0 323
1 512
1 512
2 512
0 48
0 23
2 512
2 512
1 512
0 53
0 79
0 177
0 192
4 512
1 512
0 379
0 320
0 84
0 243
0 145
0 61
1 512
2 512
0 45
0 179
1 512
0 103
0 42
0 17
0 39
0 22
0 32
0 78
0 45
0 41
2 512
0 17
1 512
2 512
0 177
0 449
0 214
1 512
1 512
2 512
0 20
1 512
0 24
0 67
1 512
0 85
1 512
0 104
1 512
2 512
1 512
0 260
2 512
1 512
1 512
0 127
0 400
0 27
0 54
1 512
0 92
1 512
2 512
2 512
0 10
0 94
0 35
1 512
0 37
0 155
0 178
1 512
0 186
1 512
0 121
0 207
1 512
0 164
1 512
0 30
2 512
0 58
0 33
0 68
0 33
0 323
0 309
0 472
0 243
2 512
0 293
1 512
0 45
0 20
1 512
2 512
1 512
0 92
2 512
0 59
0 139
0 404
1 512
0 24
1 512
0 344
0 98
0 61
0 22
2 512
2 512
0 233
1 512
3 512
0 80
1 512
1 512
2 512
1 512
1 512
0 124
1 512
0 293
0 196
0 34
0 166
0 210
0 100
1 512
0 139
0 51
0 6
1 512
1 512
0 19
1 512
0 108
1 512
0 54
0 107
1 512
1 512
0 121
1 512
2 512
0 245
2 512
0 56
2 512
1 512
2 512
1 512
0 35
0 111
0 20
1 512
1 512
0 52
0 118
0 73
1 512
0 34
1 512
0 136
0 285
2 512
1 512
1 512
2 512
2 512
1 512
0 83
1 512
0 80
1 512
0 371
1 512
0 91
1 512
0 348
0 14
0 89
1 512
1 512
0 129
0 105
2 512
0 102
0 44
2 512
1 512
1 512
0 27
0 57
1 512
1 512
0 277
1 512
0 53
0 79
0 36
0 77
1 512
0 75
0 18
1 512
0 123
0 335
0 45
1 512
0 72
0 354
0 114
1 512
0 159
0 20
1 512
0 326
0 38
0 39
0 366
0 116
0 56
2 512
0 108
0 75
0 43
1 512
1 512
0 26
0 13
0 81
1 512
0 18
1 512
1 512
0 25
2 512
1 512
1 512
1 512
0 8
0 189
0 269
1 512
1 512
1 512
0 121
2 512
0 72
1 512
1 512
0 184
0 73
0 131
1 512
0 59
0 44
1 512
1 512
1 512
0 306
1 512
0 70
0 111
1 512
0 29
1 512
0 180
0 9
2 512
0 116
0 336
1 512
1 512
0 348
0 33
2 512
0 499
0 148
0 44
0 51
0 114
0 233
0 88
0 27
0 254
0 279
0 152
0 48
1 512
0 59
1 512
0 94
1 512
1 512
1 512
0 13
1 512
0 160
0 310
0 48
0 205
0 370
0 224
0 31
0 91
2 512
1 512
0 90
0 52
0 22
1 512
0 39
0 30
0 181
0 26
1 512
1 512
2 512
0 210
0 33
0 109
1 512
0 91
0 79
1 512
0 116
0 121
2 512
0 130
1 512
2 512
0 328
2 512
0 46
1 512
0 18
0 63
0 32
0 80
0 102
1 512
1 512
1 512
0 90
0 46
0 344
1 512
1 512
0 135
0 166
1 512
2 512
1 512
1 512
0 93
0 23
1 512
0 116
1 512
2 512
0 113
0 200
0 487
0 110
0 81
1 512
0 63
1 512
0 344
0 46
0 24
0 28
0 26
0 69
0 55
0 39
0 157
2 512
0 146
0 436
0 76
2 512
1 512
0 29
0 95
0 11
0 207
0 86
1 512
1 512
1 512
1 512
1 512
1 512
3 512
0 46
2 512
1 512
0 53
0 484
0 149
0 21
1 512
2 512
2 512
1 512
0 15
1 512
0 32
0 21
3 512
0 433
1 512
0 87
0 94
2 512
0 107
0 111
0 59
1 512
0 82
0 43
1 512
0 62
0 156
1 512
2 512
0 35
0 426
0 161
1 512
2 512
1 512
0 6
0 46
0 129
0 101
1 512
0 48
1 512
1 512
1 512
1 512
4 512
0 28
3 512
0 503
1 512
0 10
0 141
1 512
2 512
0 38
1 512
0 49
0 70
0 94
0 85
0 104
0 121
1 512
0 348
4 512
0 208
2 512
2 512
0 138
0 102
1 512
1 512
0 115
0 257
0 25
0 35
0 221
1 512
0 72
0 170
1 512
2 512
1 512
0 61
0 34
0 89
0 24
0 225
0 158
1 512
1 512
2 512
1 512
0 50
1 512
2 512
2 512
1 512
0 58
0 40
0 30
0 434
1 512
0 47
0 82
2 512
0 80
0 436
0 172
1 512
0 23
1 512
0 28
1 512
0 288
2 512
2 512
1 512
1 512
3 512
1 512
0 47
0 145
0 19
1 512
2 512
1 512
0 197
1 512
2 512
1 512
0 240
0 9
1 512
0 29
0 112
0 207
0 48
0 376
1 512
0 269
1 512
1 512
1 512
0 36
2 512
0 23
0 465
0 38
0 40
2 512
0 86
0 19
0 194
1 512
1 512
1 512
0 150
0 93
1 512
0 158
0 26
1 512
0 201
1 512
1 512
1 512
1 512
2 512
2 512
2 512
1 512
2 512
0 119
1 512
0 36
0 103
0 114
0 29
0 89
0 40
0 162
0 60
1 512
0 90
1 512
0 254
0 154
0 66
0 29
1 512
0 50
1 512
0 26
1 512
1 512
0 198
2 512
0 169
0 82
0 131
1 512
0 249
0 208
1 512
2 512
1 512
1 512
0 143
0 157
0 57
0 88
1 512
1 512
0 17
1 512
0 99
0 188
4 512
0 40
0 38
1 512
0 491
0 299
0 285
1 512
0 74
0 89
2 512
0 60
0 85
0 118
0 154
0 77
1 512
0 110
1 512
1 512
0 147
0 202
1 512
0 136
1 512
1 512
0 47
1 512
3 512
2 512
0 131
0 202
2 512
1 512
0 47
0 51
2 512
0 62
0 15
1 512
0 143
2 512
1 512
0 132
1 512
0 64
1 512
0 59
1 512
0 7
1 512
0 127
0 53
0 116
0 84
0 97
1 512
0 169
0 94
0 95
1 512
1 512
0 41
1 512
0 25
2 512
1 512
0 315
0 348
1 512
0 140
1 512
1 512
0 91
0 63
0 67
0 45
0 95
1 512
0 162
0 345
0 339
1 512
1 512
2 512
1 512
0 98
0 88
1 512
1 512
0 82
1 512
1 512
1 512
1 512
0 426
0 408
0 25
0 48
0 41
2 512
4 512
0 114
0 298
0 77
0 479
0 376
1 512
2 512
0 158
1 512
0 103
0 27
0 123
1 512
0 199
1 512
2 512
0 62
1 512
0 244
0 222
1 512
0 34
0 32
1 512
0 60
0 216
0 187
1 512
1 512
0 215
0 65
2 512
0 61
0 284
0 88
1 512
0 450
0 28
1 512
0 169
0 14
1 512
0 127
0 80
0 88
2 512
1 512
0 154
0 14
1 512
0 301
0 124
0 52
1 512
0 246
0 74
0 43
0 272
1 512
1 512
0 12
1 512
0 109
0 270
1 512
0 111
0 152
1 512
0 239
2 512
0 65
1 512
2 512
0 27
0 156
0 30
0 33
1 512
0 144
2 512
1 512
0 80
0 372
2 512
0 23
1 512
0 42
0 175
0 83
1 512
0 15
3 512
0 139
0 67
1 512
0 192
1 512
1 512
0 41
1 512
1 512
1 512
0 89
0 77
0 135
0 148
1 512
0 304
0 215
2 512
1 512
1 512
0 122
0 309
0 55
1 512
1 512
0 130
0 486
1 512
0 24
1 512
2 512
0 29
0 44
0 137
0 174
0 28
1 512
1 512
1 512
1 512
1 512
2 512
0 59
0 165
2 512
0 17
1 512
1 512
0 158
5 512
0 45
1 512
1 512
0 39
2 512
0 252
2 512
0 127
3 512
0 45
2 512
0 202
1 512
0 51
1 512
2 512
1 512
1 512
0 139
0 153
0 80
1 512
0 251
0 61
0 46
0 179
0 89
1 512
0 31
2 512
2 512
0 20
0 101
2 512
0 63
0 498
0 16
1 512
0 45
0 79
1 512
1 512
0 230
0 51
1 512
1 512
0 163
0 48
2 512
2 512
0 94
2 512
0 219
0 22
0 57
1 512
1 512
1 512
2 512
0 100
0 63
0 131
2 512
1 512
0 203
1 512
0 87
0 42
0 309
1 512
1 512
0 344
1 512
1 512
0 60
2 512
0 88
0 49
1 512
1 512
1 512
0 25
0 301
0 155
0 36
0 61
0 165
0 10
0 419
1 512
0 35
0 121
0 370
1 512
0 262
0 167
2 512
1 512
0 455
0 74
0 63
0 53
0 81
2 512
0 165
0 218
1 512
2 512
0 252
2 512
1 512
0 32
0 64
0 68
1 512
0 242
0 191
1 512
1 512
0 362
0 273
2 512
0 21
5 512
0 43
1 512
1 512
0 73
1 512
0 7
1 512
0 79
0 89
1 512
1 512
0 23
0 57
0 38
0 135
0 58
0 25
0 262
1 512
0 65
2 512
0 26
1 512
1 512
0 120
1 512
1 512
1 512
0 63
0 11
1 512
2 512
1 512
1 512
0 14
0 81
2 512
2 512
0 236
1 512
0 184
0 40
0 247
2 512
1 512
1 512
0 59
0 21
0 54
0 114
0 192
1 512
0 43
1 512
0 15
0 41
2 512
2 512
0 137
0 118
0 508
0 6
0 30
0 31
1 512
0 465
1 512
0 512
0 17
0 47
0 222
0 110
0 147
1 512
0 44
0 335
2 512
0 293
0 45
0 110
0 68
0 58
1 512
0 54
1 512
1 512
0 41
2 512
1 512
0 55
1 512
0 79
0 120
0 41
1 512
0 43
0 215
1 512
0 152
0 25
2 512
0 284
1 512
0 383
1 512
1 512
1 512
0 132
0 111
2 512
2 512
0 506
1 512
0 53
1 512
1 512
0 483
0 82
1 512
0 93
0 177
0 283
0 121
1 512
0 235
1 512
0 142
0 132
0 62
1 512
0 95
0 120
0 227
1 512
1 512
0 101
0 88
0 38
0 117
1 512
2 512
0 66
1 512
0 91
1 512
0 45
0 43
0 93
1 512
0 482
0 340
2 512
0 479
0 9
0 169
1 512
1 512
0 225
0 130
0 61
1 512
0 9
0 20
1 512
0 17
0 115
0 30
0 81
1 512
0 148
1 512
0 12
2 512
0 33
0 337
1 512
0 62
0 76
0 24
0 81
0 241
0 98
0 40
0 57
1 512
0 55
0 134
0 24
2 512
2 512
0 109
0 507
0 44
0 246
2 512
0 180
0 32
1 512
1 512
1 512
0 204
0 62
0 137
0 116
1 512
0 108
0 251
0 54
2 512
1 512
0 121
0 24
1 512
0 95
0 26
3 512
1 512
0 122
0 128
0 76
1 512
0 111
0 32
0 255
2 512
1 512
0 28
0 437
1 512
0 182
3 512
2 512
1 512
0 71
0 108
0 69
0 21
0 170
1 512
0 22
0 34
0 195
0 69
4 512
0 80
1 512
1 512
0 90
0 264
0 95
3 512
0 26
1 512
0 21
1 512
0 57
0 25
2 512
0 246
0 332
0 123
1 512
1 512
0 33
2 512
0 24
0 21
0 36
0 57
1 512
0 165
0 31
0 27
0 65
0 105
0 51
0 34
0 47
2 512
0 169
1 512
1 512
0 45
0 68
0 35
0 255
0 61
0 138
1 512
2 512
0 214
0 244
1 512
1 512
1 512
0 27
2 512
1 512
0 304
1 512
0 95
1 512
0 92
0 80
0 190
0 15
2 512
1 512
2 512
1 512
2 512
0 91
1 512
1 512
1 512
0 86
0 223
0 255
2 512
0 172
1 512
0 39
1 512
0 102
1 512
0 340
0 28
1 512
0 111
1 512
0 130
1 512
0 80
0 238
0 26
0 186
0 170
1 512
1 512
0 65
0 104
1 512
1 512
1 512
1 512
0 192
0 85
0 111
0 67
1 512
0 84
0 38
0 120
0 64
0 324
0 28
0 17
0 147
1 512
0 147
0 57
2 512
0 99
0 119
0 35
0 38
0 42
2 512
0 51
0 84
1 512
1 512
0 327
0 90
0 30
0 128
1 512
1 512
0 64
0 148
2 512
0 86
1 512
0 31
1 512
0 25
0 47
1 512
0 284
2 512
3 512
0 195
1 512
0 24
0 61
1 512
0 61
0 350
1 512
0 66
1 512
0 66
0 72
0 115
0 325
0 69
0 81
0 260
0 93
0 92
2 512
0 83
1 512
0 402
0 49
0 88
1 512
2 512
0 51
0 134
0 98
1 512
0 184
1 512
0 88
1 512
1 512
0 213
0 27
0 229
0 102
0 53
2 512
0 101
0 383
0 379
0 72
1 512
1 512
0 24
0 347
2 512
0 54
0 458
0 52
0 200
0 32
1 512
0 173
1 512
0 276
0 52
0 157
1 512
0 85
0 87
1 512
1 512
1 512
0 201
1 512
0 170
1 512
0 40
0 108
0 36
1 512
0 83
5 512
1 512
0 32
1 512
0 152
0 80
0 466
0 25
0 43
0 115
0 45
0 49
1 512
2 512
0 173
2 512
1 512
0 74
0 51
0 59
0 211
0 288
0 70
1 512
0 378
0 122
1 512
0 406
2 512
1 512
1 512
0 91
0 358
0 67
1 512
0 12
1 512
0 407
1 512
0 201
0 21
2 512
2 512
1 512
1 512
1 512
0 359
0 106
1 512
1 512
0 116
0 20
0 408
0 178
1 512
0 222
0 47
2 512
1 512
0 149
0 35
0 132
1 512
1 512
1 512
0 141
3 512
0 300
0 196
1 512
2 512
1 512
1 512
1 512
0 34
3 512
0 53
0 133
0 152
1 512
0 98
0 57
1 512
0 24
0 49
2 512
0 159
0 25
0 90
1 512
0 232
1 512
0 129
2 512
1 512
1 512
0 9
0 155
1 512
1 512
1 512
0 12
0 89
0 80
0 462
0 48
0 78
1 512
1 512
0 67
0 34
0 101
0 12
3 512
1 512
0 211
0 26
1 512
1 512
0 58
0 380
1 512
0 160
2 512
0 172
0 290
1 512
0 90
1 512
0 64
0 48
0 61
0 135
1 512
2 512
1 512
2 512
2 512
2 512
0 220
1 512
2 512
0 110
0 18
1 512
1 512
0 78
1 512
1 512
1 512
0 211
0 421
0 116
0 118
3 512
0 104
0 45
1 512
1 512
2 512
0 201
0 395
1 512
1 512
1 512
0 33
1 512
0 119
0 61
1 512
0 70
2 512
1 512
1 512
0 51
0 28
0 85
0 15
1 512
1 512
1 512
0 392
1 512
0 58
0 209
0 42
0 232
0 214
2 512
0 31
1 512
0 14
1 512
0 246
1 512
0 60
0 172
1 512
0 69
0 34
0 15
0 124
0 14
0 88
0 342
1 512
0 151
0 31
2 512
0 28
2 512
0 73
0 318
0 279
1 512
0 140
1 512
0 472
0 25
0 230
1 512
1 512
0 300
1 512
0 207
1 512
1 512
0 113
1 512
0 59
0 319
0 424
0 35
1 512
0 28
1 512
0 58
1 512
1 512
2 512
0 67
0 37
1 512
1 512
0 156
0 81
0 167
0 41
1 512
0 29
0 350
2 512
0 40
0 201
0 34
0 34
1 512
0 25
1 512
0 197
0 61
2 512
0 102
1 512
1 512
0 217
1 512
0 154
0 16
1 512
0 45
0 329
1 512
2 512
1 512
1 512
0 326
0 239
0 29
1 512
1 512
0 38
3 512
2 512
0 46
2 512
1 512
1 512
1 512
0 37
2 512
0 293
1 512
1 512
0 97
1 512
0 126
0 338
2 512
3 512
1 512
1 512
0 59
0 9
0 89
0 119
6 512
2 512
1 512
1 512
0 87
1 512
0 39
0 86
2 512
1 512
2 512
0 119
0 83
1 512
0 289
1 512
2 512
1 512
0 60
1 512
1 512
0 36
1 512
1 512
0 115
0 16
2 512
2 512
1 512
1 512
1 512
0 21
1 512
0 86
0 69
1 512
1 512
1 512
2 512
1 512
1 512
0 59
0 87
0 349
0 137
1 512
0 117
0 211
1 512
0 172
1 512
1 512
0 66
0 104
0 53
0 244
1 512
2 512
0 15
0 14
0 115
1 512
0 56
0 13
1 512
0 36
0 67
1 512
0 184
1 512
0 53
2 512
1 512
0 36
0 94
0 487
0 80
0 34
0 115
0 27
1 512
0 94
0 21
0 33
0 163
1 512
0 82
1 512
0 112
2 512
0 131
0 127
0 206
0 215
2 512
0 20
1 512
2 512
1 512
0 158
1 512
0 379
1 512
0 67
0 77
0 144
1 512
1 512
1 512
1 512
0 149
0 250
1 512
0 43
0 179
1 512
0 135
2 512
0 53
2 512
0 17
1 512
0 121
0 453
2 512
1 512
0 297
0 19
0 153
0 12
2 512
0 45
0 351
0 135
0 104
0 91
0 479
1 512
0 505
0 13
1 512
0 109
1 512
0 79
1 512
1 512
0 39
0 124
2 512
0 49
1 512
0 254
0 500
3 512
0 218
0 314
0 430
0 39
1 512
0 29
0 19
2 512
0 195
2 512
1 512
1 512
4 512
1 512
0 73
0 26
1 512
0 24
0 89
0 327
0 81
2 512
2 512
0 44
1 512
1 512
0 75
0 103
0 60
0 290
1 512
0 279
0 86
0 223
0 331
2 512
1 512
0 355
0 189
0 163
0 467
0 52
1 512
0 26
1 512
0 158
0 67
0 112
1 512
1 512
1 512
0 62
0 59
0 183
1 512
0 20
1 512
0 14
0 11
0 57
0 33
1 512
1 512
1 512
1 512
3 512
0 19
1 512
0 17
0 156
0 73
1 512
1 512
0 39
0 142
0 129
1 512
2 512
