# SA for random K-SAT
# K = 3   N = 32768   M = 129024   seed = 3039017234
# alpha = 3.937500   nIter = 8192  Tmax = 0.200000
# 1:lowestUnsat  2:runTime
1 8192
0 4604
1 8192
0 5959
0 5691
0 6067
0 5108
1 8192
0 5066
1 8192
1 8192
0 5800
0 5327
2 8192
1 8192
2 8192
1 8192
1 8192
1 8192
3 8192
2 8192
1 8192
0 6755
1 8192
1 8192
1 8192
2 8192
1 8192
0 7118
1 8192
3 8192
0 4862
0 8138
1 8192
2 8192
1 8192
2 8192
1 8192
1 8192
1 8192
1 8192
0 7644
2 8192
1 8192
1 8192
1 8192
0 5954
1 8192
1 8192
0 4896
0 4997
3 8192
1 8192
0 8052
3 8192
2 8192
1 8192
0 6871
0 7911
1 8192
1 8192
0 4389
0 7121
0 8025
0 5361
0 6456
0 6772
0 5782
2 8192
1 8192
0 7219
0 4798
0 6929
0 8053
0 3985
0 6469
1 8192
1 8192
3 8192
0 6942
1 8192
0 4671
1 8192
2 8192
0 6074
2 8192
0 7736
2 8192
1 8192
2 8192
2 8192
3 8192
0 4723
2 8192
0 5838
0 5051
0 7539
1 8192
0 7631
0 4616
1 8192
0 5476
1 8192
1 8192
1 8192
0 8054
1 8192
1 8192
2 8192
1 8192
1 8192
1 8192
0 6138
0 6666
0 5291
2 8192
0 6401
1 8192
0 7730
1 8192
1 8192
1 8192
4 8192
1 8192
2 8192
1 8192
0 5278
1 8192
1 8192
0 5888
0 5616
3 8192
0 6863
1 8192
1 8192
0 4342
0 5214
0 6209
1 8192
0 7086
0 7119
0 6725
0 5407
0 5295
0 5807
0 4150
0 6289
1 8192
0 6440
1 8192
0 7099
1 8192
1 8192
0 6872
2 8192
1 8192
0 5442
2 8192
2 8192
2 8192
0 5179
2 8192
1 8192
1 8192
1 8192
3 8192
1 8192
0 4675
0 7927
0 4851
0 6119
0 6660
3 8192
0 4086
1 8192
1 8192
0 5991
1 8192
0 6515
1 8192
0 7148
1 8192
1 8192
0 7404
0 6988
0 4092
1 8192
0 4335
3 8192
0 5878
0 6779
4 8192
1 8192
0 8147
0 4737
0 5019
0 5552
2 8192
2 8192
1 8192
0 6602
0 7587
0 6502
0 6807
1 8192
0 7016
1 8192
3 8192
1 8192
1 8192
0 6320
1 8192
0 4779
2 8192
0 5780
1 8192
1 8192
0 5862
0 5774
0 5900
1 8192
1 8192
1 8192
1 8192
0 4292
3 8192
0 6279
1 8192
0 6483
0 7521
0 6137
3 8192
0 4630
0 5091
0 7675
0 6229
1 8192
1 8192
1 8192
0 7047
3 8192
0 3831
0 8176
3 8192
0 7472
2 8192
1 8192
1 8192
2 8192
1 8192
3 8192
0 4999
2 8192
1 8192
0 6421
3 8192
1 8192
1 8192
1 8192
1 8192
1 8192
0 8038
1 8192
0 4508
2 8192
3 8192
0 4708
0 5563
1 8192
1 8192
0 7316
2 8192
1 8192
0 6595
0 7081
1 8192
4 8192
2 8192
0 5517
0 4987
0 5836
0 4018
0 6929
1 8192
0 5820
0 7977
0 5649
1 8192
1 8192
1 8192
2 8192
2 8192
3 8192
0 4868
1 8192
0 6848
1 8192
1 8192
1 8192
1 8192
0 7790
2 8192
0 8122
1 8192
0 5805
0 6465
0 6285
0 4552
3 8192
4 8192
4 8192
0 5875
1 8192
1 8192
0 7371
1 8192
2 8192
0 6901
0 6433
0 5798
2 8192
1 8192
1 8192
2 8192
1 8192
2 8192
1 8192
0 6341
0 7470
2 8192
0 5367
1 8192
0 6295
1 8192
1 8192
0 6789
2 8192
1 8192
1 8192
0 7986
1 8192
3 8192
0 4972
2 8192
0 6410
0 6724
1 8192
0 7767
0 5264
0 6696
2 8192
1 8192
1 8192
1 8192
0 7447
0 7609
1 8192
0 5101
0 8167
0 5642
0 7704
3 8192
2 8192
0 7534
0 4494
1 8192
2 8192
1 8192
0 3767
0 6986
0 6405
2 8192
0 5512
3 8192
0 4581
1 8192
1 8192
0 7728
1 8192
0 7807
1 8192
1 8192
1 8192
0 6020
1 8192
0 5146
1 8192
0 5849
3 8192
0 4776
1 8192
3 8192
0 5428
0 4995
1 8192
3 8192
0 4709
1 8192
0 5175
2 8192
0 5006
0 4546
1 8192
0 6990
0 4356
1 8192
2 8192
0 7789
1 8192
0 6146
2 8192
3 8192
2 8192
1 8192
1 8192
0 6149
1 8192
0 8043
0 7185
3 8192
0 4919
0 3786
1 8192
3 8192
0 5323
0 6692
1 8192
1 8192
1 8192
0 5722
0 7815
1 8192
0 4603
1 8192
2 8192
1 8192
1 8192
1 8192
0 4385
0 6432
1 8192
1 8192
1 8192
0 4947
0 6766
0 5552
0 5258
2 8192
0 6265
1 8192
0 4888
1 8192
2 8192
1 8192
1 8192
0 5722
0 5117
0 4541
0 6957
1 8192
1 8192
0 5480
0 4269
1 8192
0 5831
2 8192
0 7107
0 4904
0 4522
1 8192
2 8192
2 8192
1 8192
1 8192
0 6161
2 8192
1 8192
0 6590
0 5803
1 8192
1 8192
2 8192
1 8192
0 4426
2 8192
0 7450
1 8192
1 8192
1 8192
2 8192
3 8192
1 8192
1 8192
1 8192
1 8192
0 4300
1 8192
0 8135
3 8192
1 8192
0 6144
0 6638
1 8192
0 5154
0 5002
2 8192
1 8192
0 5139
0 4660
1 8192
2 8192
0 6962
0 6182
0 5990
2 8192
0 6862
1 8192
0 4757
1 8192
1 8192
1 8192
0 4745
0 8053
1 8192
3 8192
0 6016
1 8192
2 8192
1 8192
2 8192
0 7412
0 4851
0 4319
2 8192
0 7980
0 5972
0 4315
1 8192
0 4327
1 8192
4 8192
1 8192
0 7387
2 8192
0 8038
1 8192
0 4751
2 8192
0 7488
0 4079
1 8192
0 4408
1 8192
1 8192
0 7711
1 8192
0 7218
3 8192
0 5196
2 8192
2 8192
1 8192
1 8192
2 8192
1 8192
3 8192
1 8192
0 4122
0 8093
2 8192
1 8192
2 8192
1 8192
1 8192
0 6415
1 8192
0 5055
1 8192
1 8192
1 8192
0 5593
0 7547
3 8192
1 8192
0 5348
0 6760
3 8192
0 7443
2 8192
0 6500
2 8192
1 8192
0 8147
0 4888
1 8192
0 4824
0 5865
1 8192
0 7332
1 8192
0 4482
0 6261
2 8192
2 8192
2 8192
2 8192
2 8192
1 8192
0 6388
0 5563
1 8192
1 8192
1 8192
2 8192
1 8192
0 4781
1 8192
0 6331
0 5482
1 8192
1 8192
1 8192
0 5671
0 5335
0 5636
0 7608
3 8192
0 4911
3 8192
0 5070
0 4639
3 8192
1 8192
0 6614
0 4267
1 8192
1 8192
3 8192
1 8192
2 8192
0 7398
1 8192
1 8192
3 8192
0 5441
2 8192
0 4569
1 8192
4 8192
1 8192
0 7677
1 8192
1 8192
3 8192
2 8192
2 8192
1 8192
1 8192
0 6595
0 8135
0 5737
0 7815
1 8192
2 8192
2 8192
0 7280
0 8064
2 8192
0 6245
0 8112
0 7446
2 8192
1 8192
1 8192
0 4517
3 8192
1 8192
1 8192
0 6205
0 5650
0 8124
1 8192
2 8192
3 8192
1 8192
0 5713
2 8192
0 6411
2 8192
1 8192
1 8192
0 6186
0 5433
0 6674
0 4046
1 8192
0 7069
3 8192
0 5249
0 6464
1 8192
0 6543
1 8192
2 8192
1 8192
0 6745
1 8192
0 5991
0 3779
1 8192
1 8192
0 8077
2 8192
0 4919
1 8192
2 8192
0 6804
1 8192
1 8192
1 8192
0 4344
3 8192
0 7734
2 8192
0 5329
0 7011
0 5332
1 8192
1 8192
1 8192
1 8192
1 8192
2 8192
1 8192
0 7181
0 7809
1 8192
0 6337
1 8192
0 5273
1 8192
0 5187
2 8192
0 4768
1 8192
1 8192
0 6320
3 8192
0 4356
1 8192
0 4858
0 7675
3 8192
1 8192
1 8192
1 8192
0 6415
1 8192
0 5166
2 8192
2 8192
1 8192
0 7190
0 4193
0 4542
1 8192
0 6724
0 7119
2 8192
1 8192
0 7940
0 7499
1 8192
0 6544
0 7750
0 7327
1 8192
0 5522
0 4920
1 8192
1 8192
3 8192
0 5053
1 8192
0 5208
4 8192
0 4631
0 7524
3 8192
1 8192
2 8192
2 8192
2 8192
2 8192
0 6330
0 7298
0 4985
0 7208
0 6109
1 8192
0 5670
1 8192
2 8192
2 8192
0 5324
0 5513
1 8192
0 4972
1 8192
1 8192
0 7660
0 5776
2 8192
1 8192
0 7975
1 8192
0 5431
3 8192
2 8192
0 4171
1 8192
1 8192
0 5048
2 8192
2 8192
3 8192
0 6314
0 8118
1 8192
1 8192
0 7578
1 8192
0 4784
2 8192
0 6199
0 6025
1 8192
0 6110
1 8192
1 8192
4 8192
0 5498
1 8192
0 4835
0 3832
7 8192
1 8192
2 8192
1 8192
1 8192
2 8192
2 8192
0 5679
0 8186
2 8192
0 4705
0 5922
0 8169
2 8192
1 8192
4 8192
1 8192
1 8192
0 6096
1 8192
3 8192
2 8192
0 5191
2 8192
0 7407
0 7381
1 8192
0 7614
1 8192
0 5532
1 8192
2 8192
0 5518
1 8192
1 8192
1 8192
1 8192
2 8192
0 6669
0 5904
0 5951
1 8192
0 6580
3 8192
1 8192
0 6444
0 7810
1 8192
0 5813
1 8192
2 8192
0 3942
0 6158
1 8192
1 8192
0 6007
0 5650
2 8192
0 7477
1 8192
2 8192
1 8192
1 8192
1 8192
1 8192
1 8192
1 8192
1 8192
0 4630
0 8036
2 8192
2 8192
1 8192
0 5669
0 7322
0 7927
0 6754
1 8192
1 8192
0 7119
1 8192
0 5153
0 5562
0 7400
1 8192
0 5694
2 8192
2 8192
0 5304
0 7340
1 8192
2 8192
1 8192
0 6200
1 8192
1 8192
6 8192
1 8192
0 5916
0 5176
2 8192
1 8192
1 8192
0 5472
1 8192
2 8192
1 8192
1 8192
1 8192
0 4607
2 8192
2 8192
0 3734
0 6447
0 5481
0 6017
1 8192
1 8192
3 8192
1 8192
0 5665
0 6327
1 8192
2 8192
2 8192
2 8192
0 4840
1 8192
0 7097
0 6199
3 8192
1 8192
1 8192
2 8192
1 8192
4 8192
2 8192
0 5988
0 4494
1 8192
2 8192
1 8192
0 4727
0 5821
3 8192
1 8192
4 8192
1 8192
1 8192
2 8192
0 5432
1 8192
0 4762
1 8192
1 8192
0 6232
0 7782
1 8192
0 6432
1 8192
0 5366
2 8192
0 8032
1 8192
3 8192
1 8192
1 8192
0 4801
0 5129
1 8192
0 6856
2 8192
0 4634
0 5002
0 5446
1 8192
1 8192
1 8192
1 8192
1 8192
3 8192
0 4184
3 8192
2 8192
2 8192
3 8192
0 5778
1 8192
1 8192
1 8192
0 7605
0 4776
2 8192
1 8192
0 5380
0 4771
1 8192
1 8192
0 5627
0 6646
1 8192
0 5496
1 8192
0 6601
0 6866
2 8192
0 6938
0 6357
0 4857
1 8192
2 8192
0 7297
0 5137
0 8043
0 3940
1 8192
0 8070
2 8192
1 8192
2 8192
1 8192
1 8192
0 5592
0 7007
1 8192
0 4332
0 5424
2 8192
1 8192
0 5968
1 8192
0 6937
0 5069
0 6069
1 8192
2 8192
2 8192
1 8192
3 8192
1 8192
0 7333
0 5711
0 7657
1 8192
0 5447
1 8192
0 4060
0 7395
1 8192
0 4221
0 7322
1 8192
0 7498
0 7496
2 8192
1 8192
1 8192
1 8192
1 8192
1 8192
0 5937
0 5025
1 8192
2 8192
0 6496
0 6645
2 8192
1 8192
1 8192
2 8192
3 8192
2 8192
2 8192
1 8192
1 8192
1 8192
0 6882
0 4831
0 7251
1 8192
0 6598
0 4431
2 8192
1 8192
0 7107
1 8192
1 8192
0 7303
1 8192
0 4650
2 8192
0 7119
0 7016
1 8192
2 8192
3 8192
1 8192
1 8192
1 8192
0 6020
2 8192
1 8192
1 8192
2 8192
0 6070
1 8192
0 8081
1 8192
0 4001
3 8192
1 8192
1 8192
0 7359
0 5918
0 8125
0 4189
1 8192
0 6644
1 8192
0 7774
1 8192
0 6000
0 5893
0 4400
3 8192
1 8192
0 7196
1 8192
1 8192
1 8192
0 7082
0 6472
0 7510
1 8192
4 8192
1 8192
1 8192
0 5912
0 6112
0 6679
0 6382
0 7650
0 5310
1 8192
0 4744
1 8192
1 8192
0 5060
1 8192
0 7543
1 8192
1 8192
1 8192
0 7093
0 6109
1 8192
2 8192
0 4529
0 5659
1 8192
2 8192
2 8192
1 8192
0 4213
1 8192
0 5008
3 8192
0 5240
0 6479
1 8192
0 6618
1 8192
0 6255
2 8192
2 8192
1 8192
2 8192
1 8192
1 8192
0 5192
2 8192
0 5828
1 8192
1 8192
1 8192
3 8192
0 5280
0 7840
0 5569
0 4921
0 5119
1 8192
1 8192
1 8192
0 7373
0 5979
1 8192
1 8192
2 8192
2 8192
0 5263
2 8192
0 4942
2 8192
2 8192
0 7408
3 8192
1 8192
0 6149
2 8192
0 6500
0 6577
2 8192
0 4573
0 5452
1 8192
0 7237
2 8192
1 8192
1 8192
1 8192
1 8192
2 8192
1 8192
2 8192
1 8192
5 8192
0 5298
1 8192
3 8192
1 8192
1 8192
3 8192
2 8192
0 4366
1 8192
0 5456
0 7835
3 8192
1 8192
1 8192
0 4437
1 8192
1 8192
0 7062
2 8192
1 8192
1 8192
0 4717
0 6827
0 7629
1 8192
1 8192
0 6420
0 5313
3 8192
1 8192
0 8070
0 4844
1 8192
1 8192
0 5172
0 6764
2 8192
0 7561
1 8192
0 3893
4 8192
1 8192
2 8192
0 5166
0 7383
0 7377
3 8192
1 8192
0 6793
0 4124
1 8192
2 8192
0 7042
2 8192
2 8192
0 8081
0 6303
0 4245
0 5616
2 8192
0 5571
1 8192
0 7434
1 8192
0 5138
1 8192
1 8192
0 7168
1 8192
0 7632
0 4086
0 5273
1 8192
0 8141
0 3868
2 8192
1 8192
0 5958
2 8192
0 6773
1 8192
0 5372
0 5340
1 8192
1 8192
0 6225
1 8192
1 8192
2 8192
1 8192
0 7083
3 8192
4 8192
2 8192
1 8192
3 8192
1 8192
0 6962
2 8192
0 7286
1 8192
0 6465
2 8192
0 7033
0 4690
0 6465
3 8192
2 8192
0 8017
1 8192
0 6025
1 8192
1 8192
2 8192
1 8192
1 8192
0 7600
2 8192
1 8192
2 8192
1 8192
0 5001
1 8192
0 5580
0 5333
1 8192
0 6191
0 6557
1 8192
0 6678
1 8192
0 6444
0 4943
1 8192
2 8192
0 7678
2 8192
0 5586
4 8192
1 8192
2 8192
0 4629
1 8192
1 8192
1 8192
2 8192
2 8192
0 7309
0 5604
1 8192
0 7709
2 8192
0 7667
3 8192
0 4206
3 8192
0 5184
0 6431
1 8192
0 4946
0 6943
0 7892
0 6611
0 6683
2 8192
4 8192
0 7329
2 8192
1 8192
0 7996
0 4768
1 8192
1 8192
0 7286
0 5262
1 8192
0 6547
0 4282
1 8192
1 8192
2 8192
0 5364
0 5244
1 8192
1 8192
0 5923
0 5070
0 7063
0 6507
2 8192
1 8192
1 8192
1 8192
1 8192
0 7539
0 7492
1 8192
1 8192
0 4111
0 6072
0 5652
0 7042
1 8192
0 7220
2 8192
1 8192
0 5600
0 5336
2 8192
1 8192
1 8192
1 8192
2 8192
4 8192
1 8192
3 8192
0 4337
3 8192
1 8192
0 4294
0 7843
0 6443
1 8192
2 8192
0 5533
1 8192
2 8192
1 8192
2 8192
2 8192
0 4616
0 7668
0 5754
1 8192
0 4643
1 8192
0 4786
1 8192
1 8192
2 8192
1 8192
0 6340
4 8192
1 8192
0 6772
0 5731
2 8192
0 6158
0 6771
2 8192
0 8106
1 8192
1 8192
0 6162
2 8192
0 6133
0 7815
2 8192
2 8192
0 5753
0 4222
0 5452
0 6697
1 8192
1 8192
1 8192
0 5158
1 8192
3 8192
2 8192
2 8192
0 6750
2 8192
2 8192
1 8192
2 8192
0 5710
1 8192
1 8192
2 8192
0 4881
1 8192
3 8192
2 8192
1 8192
1 8192
1 8192
1 8192
1 8192
0 7190
0 7692
1 8192
0 5121
0 7959
0 7076
2 8192
1 8192
0 4600
0 7791
1 8192
2 8192
0 5625
0 7898
2 8192
0 4953
2 8192
1 8192
1 8192
4 8192
0 6279
0 6675
0 5334
0 6473
2 8192
3 8192
2 8192
0 5588
1 8192
1 8192
0 6171
0 4386
0 7614
1 8192
0 5487
3 8192
1 8192
3 8192
0 5006
0 7235
2 8192
1 8192
1 8192
0 4342
2 8192
0 4679
1 8192
1 8192
0 8044
2 8192
1 8192
0 5696
0 5427
0 4746
0 5660
1 8192
1 8192
0 5188
2 8192
0 7866
1 8192
2 8192
0 6322
0 7932
1 8192
1 8192
0 5320
0 5996
2 8192
2 8192
0 4700
0 6432
0 6147
1 8192
1 8192
0 7897
0 5893
1 8192
1 8192
1 8192
1 8192
2 8192
0 6084
4 8192
0 6982
0 4603
0 6020
1 8192
0 8173
1 8192
5 8192
0 5723
2 8192
0 8019
0 5527
1 8192
0 7750
0 4674
0 4257
2 8192
0 8020
0 6198
1 8192
0 4953
0 5966
0 4376
1 8192
0 6167
1 8192
0 7592
0 7545
1 8192
2 8192
1 8192
1 8192
2 8192
0 6317
0 6985
1 8192
0 5986
0 6428
2 8192
2 8192
0 6036
0 5260
0 4113
0 4176
0 3902
0 5421
2 8192
2 8192
1 8192
0 5656
1 8192
1 8192
0 7597
1 8192
2 8192
0 6930
3 8192
1 8192
3 8192
1 8192
2 8192
0 7432
0 4980
0 6585
3 8192
0 6772
0 5535
0 7630
0 5957
0 4170
0 6441
1 8192
0 6049
0 4785
2 8192
0 7102
2 8192
0 5277
0 4624
1 8192
0 4429
1 8192
0 3843
0 4566
2 8192
1 8192
1 8192
0 6932
0 4165
1 8192
0 6475
1 8192
3 8192
0 4566
0 4934
2 8192
0 6240
1 8192
1 8192
0 4597
1 8192
1 8192
2 8192
1 8192
0 7802
2 8192
0 4721
0 5832
0 7178
0 7763
0 8056
1 8192
1 8192
0 7963
0 7774
1 8192
0 6688
1 8192
1 8192
1 8192
0 5592
2 8192
1 8192
1 8192
0 4849
2 8192
0 4550
0 5780
1 8192
1 8192
0 7962
0 5324
1 8192
1 8192
3 8192
1 8192
1 8192
0 6798
1 8192
1 8192
0 7331
1 8192
0 5158
1 8192
0 3921
6 8192
2 8192
1 8192
0 8134
2 8192
1 8192
2 8192
0 5160
0 3824
0 6741
1 8192
0 4792
0 5238
3 8192
0 7684
0 7425
0 3970
1 8192
0 6678
1 8192
2 8192
1 8192
1 8192
1 8192
2 8192
1 8192
3 8192
0 5682
1 8192
3 8192
1 8192
1 8192
2 8192
1 8192
1 8192
0 6425
1 8192
0 6945
2 8192
2 8192
1 8192
1 8192
0 5136
1 8192
2 8192
0 7833
0 5867
0 5620
2 8192
0 6060
0 5638
1 8192
1 8192
4 8192
1 8192
0 7885
0 4772
0 6010
3 8192
1 8192
0 6055
2 8192
0 6130
0 6626
0 7006
0 3798
0 7577
0 5902
2 8192
2 8192
1 8192
2 8192
0 6396
1 8192
0 5166
0 5273
1 8192
1 8192
0 5302
0 6650
1 8192
0 4572
2 8192
1 8192
0 6631
0 7887
0 7896
1 8192
1 8192
3 8192
0 6473
0 7612
0 7995
1 8192
0 7816
0 7003
0 7416
0 5367
0 6080
1 8192
2 8192
0 6219
1 8192
2 8192
0 6248
1 8192
0 7636
0 6743
1 8192
2 8192
2 8192
1 8192
0 7210
1 8192
0 6954
2 8192
2 8192
2 8192
2 8192
3 8192
0 6110
1 8192
0 5682
0 5313
0 6861
0 5936
2 8192
0 4158
0 4143
1 8192
0 5586
1 8192
0 4850
3 8192
0 4211
1 8192
0 7443
2 8192
0 7331
2 8192
1 8192
0 5978
1 8192
1 8192
0 5623
0 4441
0 6053
2 8192
2 8192
1 8192
3 8192
1 8192
0 7492
1 8192
2 8192
1 8192
0 7133
1 8192
2 8192
1 8192
0 7041
0 5592
1 8192
1 8192
0 7755
1 8192
0 4549
1 8192
0 6274
1 8192
0 7866
1 8192
0 5927
0 4304
1 8192
1 8192
1 8192
3 8192
0 5260
1 8192
0 6078
4 8192
2 8192
3 8192
0 7352
1 8192
0 5088
1 8192
1 8192
0 5565
1 8192
3 8192
1 8192
0 6411
0 4582
0 6724
2 8192
1 8192
0 5801
1 8192
1 8192
0 5516
0 5122
0 5464
0 4990
0 5209
2 8192
2 8192
1 8192
1 8192
0 4649
2 8192
1 8192
0 6578
0 5445
2 8192
0 8121
1 8192
0 6109
1 8192
1 8192
1 8192
2 8192
0 5911
0 6384
2 8192
0 5006
2 8192
2 8192
0 7651
1 8192
3 8192
0 7850
0 4822
0 7217
0 8094
2 8192
1 8192
2 8192
0 8034
2 8192
1 8192
1 8192
0 6854
3 8192
0 6689
0 6456
1 8192
2 8192
3 8192
1 8192
1 8192
2 8192
1 8192
1 8192
0 5394
0 5867
0 7231
2 8192
0 5393
1 8192
0 7366
0 7206
1 8192
0 5119
2 8192
1 8192
1 8192
0 5157
2 8192
1 8192
1 8192
2 8192
2 8192
0 5141
3 8192
0 6090
1 8192
0 5484
0 7251
1 8192
0 4913
1 8192
0 7952
0 7038
0 5350
1 8192
1 8192
0 7917
0 4005
0 5218
0 4579
1 8192
1 8192
1 8192
1 8192
0 7947
1 8192
0 6138
1 8192
2 8192
1 8192
0 7132
0 5290
0 6018
1 8192
1 8192
1 8192
1 8192
0 6144
1 8192
2 8192
0 7548
1 8192
0 6242
0 6464
0 6687
1 8192
2 8192
1 8192
1 8192
0 4557
0 6095
1 8192
1 8192
2 8192
1 8192
0 6036
2 8192
2 8192
0 4671
1 8192
0 5138
1 8192
1 8192
1 8192
1 8192
0 6637
1 8192
3 8192
0 5058
1 8192
1 8192
0 7015
0 5911
3 8192
1 8192
1 8192
1 8192
0 5748
0 5060
2 8192
3 8192
0 6734
0 7760
1 8192
0 7564
3 8192
2 8192
4 8192
1 8192
0 4580
0 6826
0 6675
0 7363
0 5557
2 8192
4 8192
0 5151
2 8192
0 7120
3 8192
0 6879
0 7220
1 8192
0 7370
1 8192
2 8192
1 8192
1 8192
1 8192
1 8192
1 8192
0 5383
1 8192
0 5067
0 6721
1 8192
0 5955
0 7558
3 8192
0 6338
2 8192
1 8192
0 6105
0 5579
0 7870
0 4256
0 4623
0 4092
2 8192
0 4840
2 8192
3 8192
2 8192
2 8192
1 8192
0 5396
0 5943
0 5284
0 5751
0 7090
0 4725
0 6447
2 8192
0 6106
0 6521
0 7486
0 5140
1 8192
0 5673
2 8192
1 8192
0 6598
1 8192
0 6144
0 4698
1 8192
1 8192
2 8192
1 8192
3 8192
0 4521
2 8192
0 4621
0 7159
1 8192
1 8192
1 8192
0 7942
1 8192
1 8192
0 6390
1 8192
0 6300
1 8192
1 8192
0 7737
0 7531
0 7402
0 4851
1 8192
1 8192
0 5828
0 7304
0 7263
3 8192
1 8192
1 8192
2 8192
0 7133
1 8192
0 4537
0 4752
0 4832
1 8192
0 4937
1 8192
0 6142
1 8192
1 8192
1 8192
0 5395
0 5930
2 8192
1 8192
2 8192
2 8192
0 6117
3 8192
2 8192
2 8192
2 8192
0 7302
1 8192
0 7838
1 8192
1 8192
2 8192
0 4020
0 4532
0 5910
1 8192
0 5773
1 8192
1 8192
1 8192
0 5035
3 8192
0 5909
0 5324
0 4826
3 8192
0 7218
0 6922
1 8192
1 8192
0 4107
1 8192
1 8192
2 8192
1 8192
1 8192
3 8192
1 8192
0 6517
0 6842
1 8192
1 8192
2 8192
0 5430
1 8192
2 8192
1 8192
0 5067
0 6395
2 8192
2 8192
0 5023
1 8192
2 8192
3 8192
0 6762
0 4977
0 6399
1 8192
0 6958
1 8192
1 8192
4 8192
1 8192
0 7261
2 8192
3 8192
2 8192
3 8192
0 4892
1 8192
1 8192
1 8192
0 4992
0 4189
2 8192
0 5473
1 8192
1 8192
0 6582
3 8192
0 5964
1 8192
1 8192
0 5761
2 8192
1 8192
1 8192
0 7245
1 8192
1 8192
1 8192
3 8192
4 8192
1 8192
3 8192
0 6444
3 8192
0 4976
0 6786
0 5255
1 8192
2 8192
0 5095
2 8192
1 8192
2 8192
0 6047
1 8192
0 7995
1 8192
1 8192
1 8192
1 8192
1 8192
3 8192
0 5001
1 8192
0 4756
2 8192
1 8192
1 8192
0 5385
2 8192
1 8192
1 8192
0 5805
0 5273
0 7469
0 4857
1 8192
1 8192
5 8192
2 8192
1 8192
1 8192
1 8192
0 3669
1 8192
0 6918
1 8192
1 8192
2 8192
2 8192
3 8192
0 5442
0 7873
0 5196
0 5080
1 8192
5 8192
0 5529
2 8192
1 8192
0 6544
1 8192
1 8192
1 8192
4 8192
0 7030
0 4772
1 8192
6 8192
0 7609
0 4675
0 5786
1 8192
2 8192
1 8192
1 8192
0 7628
2 8192
1 8192
1 8192
0 6642
1 8192
1 8192
2 8192
0 4599
0 7660
1 8192
1 8192
0 6946
1 8192
1 8192
1 8192
0 6282
0 5354
0 5189
0 6506
1 8192
1 8192
0 5544
0 5602
1 8192
1 8192
0 7289
0 7446
1 8192
0 4382
0 5627
0 7761
0 5959
1 8192
0 6856
2 8192
0 6675
3 8192
0 4929
0 5915
1 8192
1 8192
0 6057
1 8192
0 3764
1 8192
1 8192
1 8192
1 8192
1 8192
0 7044
2 8192
1 8192
0 7048
2 8192
1 8192
1 8192
1 8192
4 8192
1 8192
2 8192
0 7848
0 4291
0 6769
1 8192
0 6060
1 8192
1 8192
0 5065
0 4549
2 8192
0 8055
3 8192
1 8192
1 8192
1 8192
2 8192
0 5444
0 7371
1 8192
0 7966
1 8192
0 7779
3 8192
1 8192
1 8192
1 8192
1 8192
0 8005
0 5911
1 8192
0 5196
0 5257
0 5892
1 8192
0 5783
1 8192
2 8192
0 5819
0 4941
1 8192
1 8192
0 5165
3 8192
1 8192
1 8192
1 8192
0 5357
0 6219
0 4691
1 8192
0 7878
1 8192
0 6323
0 4414
0 4416
2 8192
1 8192
0 4993
0 6225
0 8018
0 4771
2 8192
3 8192
0 6207
0 7309
0 4992
0 6052
0 5030
1 8192
1 8192
1 8192
2 8192
2 8192
1 8192
1 8192
0 6534
1 8192
3 8192
1 8192
2 8192
0 5914
3 8192
0 5106
1 8192
1 8192
2 8192
0 4841
0 4327
1 8192
2 8192
2 8192
0 6334
0 6542
0 3804
1 8192
0 7034
1 8192
1 8192
1 8192
0 4346
0 7922
0 6298
2 8192
0 7413
0 5387
2 8192
0 8105
3 8192
2 8192
0 5693
0 7596
4 8192
1 8192
0 5462
3 8192
1 8192
2 8192
2 8192
1 8192
0 6647
1 8192
1 8192
0 5997
0 6906
0 6928
0 6012
2 8192
3 8192
1 8192
1 8192
4 8192
0 6587
2 8192
0 6812
2 8192
0 6753
2 8192
1 8192
1 8192
1 8192
2 8192
0 6215
1 8192
1 8192
1 8192
0 5218
1 8192
0 6652
0 6393
0 4123
0 4194
1 8192
0 4564
0 7437
0 6659
1 8192
0 5722
1 8192
2 8192
1 8192
2 8192
2 8192
2 8192
1 8192
3 8192
2 8192
1 8192
1 8192
1 8192
0 7023
2 8192
1 8192
1 8192
1 8192
2 8192
1 8192
0 5050
0 4740
0 4694
0 7562
0 6808
2 8192
0 5898
1 8192
1 8192
1 8192
1 8192
0 7558
0 5743
1 8192
1 8192
3 8192
0 4031
1 8192
1 8192
0 4640
0 6169
2 8192
1 8192
1 8192
0 4581
0 5916
0 4559
0 4662
1 8192
1 8192
1 8192
1 8192
1 8192
2 8192
3 8192
0 6305
1 8192
2 8192
0 7332
2 8192
1 8192
0 4834
1 8192
0 5198
0 4576
1 8192
1 8192
2 8192
1 8192
0 7682
1 8192
0 5560
1 8192
0 5534
1 8192
1 8192
0 5690
0 5639
1 8192
2 8192
2 8192
0 3929
1 8192
1 8192
0 4847
0 5043
1 8192
0 5289
1 8192
1 8192
1 8192
0 4065
0 6399
0 5905
2 8192
0 6422
0 8133
0 4789
0 6064
2 8192
1 8192
1 8192
1 8192
0 5840
1 8192
1 8192
3 8192
0 4812
1 8192
1 8192
3 8192
0 5843
1 8192
1 8192
0 5194
2 8192
2 8192
0 4553
1 8192
0 5508
1 8192
0 4365
0 7950
0 6058
1 8192
0 7013
1 8192
2 8192
2 8192
1 8192
1 8192
1 8192
0 7576
2 8192
0 6862
1 8192
1 8192
3 8192
0 5934
0 4403
2 8192
1 8192
2 8192
1 8192
1 8192
1 8192
0 5761
1 8192
0 5898
2 8192
0 4735
2 8192
0 5285
1 8192
0 7285
3 8192
2 8192
1 8192
0 6078
0 4979
1 8192
0 4690
2 8192
1 8192
0 5075
2 8192
1 8192
1 8192
1 8192
0 4842
0 6230
1 8192
0 6137
1 8192
1 8192
0 7754
0 4695
1 8192
2 8192
2 8192
0 7512
1 8192
1 8192
0 7101
0 4448
3 8192
2 8192
0 7431
0 5923
1 8192
1 8192
1 8192
0 7790
2 8192
2 8192
3 8192
0 5891
2 8192
1 8192
2 8192
0 6872
3 8192
1 8192
1 8192
1 8192
0 7240
0 4320
0 6939
0 4573
0 6047
3 8192
1 8192
1 8192
2 8192
1 8192
1 8192
0 5031
0 5210
0 5624
0 6293
0 7296
1 8192
0 5835
1 8192
2 8192
1 8192
1 8192
0 7929
3 8192
0 7368
0 3750
1 8192
1 8192
0 6663
1 8192
4 8192
0 7301
0 5513
0 5586
1 8192
2 8192
1 8192
0 7833
1 8192
0 5438
1 8192
3 8192
1 8192
1 8192
0 5694
3 8192
0 4894
1 8192
0 7041
2 8192
2 8192
0 6014
0 6140
3 8192
2 8192
0 7734
1 8192
0 4729
2 8192
0 6527
1 8192
0 6111
2 8192
1 8192
6 8192
1 8192
0 7777
0 6519
1 8192
1 8192
0 4178
0 5544
1 8192
0 7598
1 8192
1 8192
2 8192
1 8192
2 8192
0 4487
0 6558
1 8192
1 8192
0 6943
1 8192
0 5733
1 8192
1 8192
2 8192
0 4403
1 8192
0 6071
0 5158
1 8192
1 8192
0 5066
3 8192
0 7987
1 8192
0 7645
0 7425
2 8192
1 8192
2 8192
0 5247
0 6702
0 5055
2 8192
0 5985
2 8192
0 6059
0 7217
0 5791
3 8192
0 5019
0 3930
2 8192
1 8192
0 5455
0 4436
2 8192
1 8192
0 7939
0 8136
1 8192
0 6585
4 8192
2 8192
3 8192
0 4753
2 8192
1 8192
1 8192
1 8192
0 6246
0 7981
1 8192
1 8192
1 8192
0 4678
1 8192
1 8192
0 7512
0 6971
1 8192
0 4472
2 8192
1 8192
0 6269
1 8192
1 8192
2 8192
0 6977
1 8192
1 8192
1 8192
1 8192
1 8192
1 8192
0 6876
2 8192
0 6952
1 8192
1 8192
0 7351
2 8192
1 8192
1 8192
2 8192
0 7411
0 4251
2 8192
1 8192
1 8192
1 8192
0 7752
1 8192
0 4317
2 8192
1 8192
0 5689
4 8192
0 6966
0 6684
1 8192
0 5141
2 8192
0 7833
0 5892
2 8192
0 7898
0 4916
3 8192
1 8192
2 8192
0 5659
0 4580
1 8192
0 6534
0 7627
1 8192
0 5889
1 8192
2 8192
2 8192
2 8192
1 8192
1 8192
2 8192
0 8007
0 7729
1 8192
0 7116
1 8192
1 8192
0 7298
0 7192
1 8192
1 8192
4 8192
0 5976
1 8192
0 7156
0 4650
1 8192
0 6601
0 4365
0 6596
2 8192
0 7991
0 6900
0 4695
1 8192
1 8192
0 5683
0 7561
2 8192
1 8192
2 8192
1 8192
4 8192
0 6324
1 8192
2 8192
1 8192
0 7629
0 5475
1 8192
1 8192
0 5274
1 8192
0 6868
1 8192
2 8192
1 8192
2 8192
0 6984
0 6722
1 8192
2 8192
0 5699
0 6565
0 5095
2 8192
1 8192
1 8192
0 4359
0 5630
1 8192
0 7071
3 8192
1 8192
2 8192
0 4547
1 8192
1 8192
2 8192
3 8192
1 8192
0 6144
0 7273
0 5898
3 8192
1 8192
1 8192
3 8192
3 8192
0 6978
1 8192
1 8192
1 8192
1 8192
2 8192
0 7972
1 8192
1 8192
0 4246
0 4910
2 8192
2 8192
3 8192
1 8192
0 5516
1 8192
2 8192
1 8192
2 8192
0 5495
1 8192
1 8192
2 8192
0 3800
2 8192
4 8192
2 8192
1 8192
0 6349
0 5146
1 8192
3 8192
0 8023
1 8192
0 5332
0 5000
0 5085
0 7743
3 8192
0 3783
0 6235
2 8192
1 8192
0 5404
1 8192
2 8192
0 6191
1 8192
0 5487
2 8192
0 5364
2 8192
2 8192
1 8192
3 8192
1 8192
1 8192
2 8192
0 5274
0 7713
0 4153
0 5077
4 8192
1 8192
0 6494
1 8192
2 8192
3 8192
1 8192
0 4200
0 4469
1 8192
1 8192
2 8192
0 5362
0 5449
2 8192
1 8192
3 8192
4 8192
0 6877
1 8192
2 8192
1 8192
1 8192
0 4744
0 6530
0 5495
1 8192
0 6944
1 8192
1 8192
0 5723
0 6411
0 5002
0 4714
0 4275
0 7594
2 8192
0 5524
1 8192
1 8192
0 8065
0 6248
2 8192
1 8192
1 8192
0 5225
0 6040
1 8192
1 8192
0 8099
1 8192
1 8192
0 6383
1 8192
0 5132
0 7765
2 8192
0 7647
1 8192
0 7948
0 4352
0 6238
1 8192
1 8192
1 8192
1 8192
0 5178
3 8192
0 7472
0 6544
2 8192
0 5496
1 8192
0 5972
1 8192
1 8192
0 5006
0 5232
2 8192
1 8192
0 6550
2 8192
2 8192
0 6840
0 4773
2 8192
0 6475
0 7583
1 8192
0 5669
1 8192
0 5467
1 8192
0 7728
3 8192
1 8192
0 4434
0 6400
1 8192
1 8192
3 8192
0 6814
1 8192
1 8192
1 8192
2 8192
1 8192
1 8192
2 8192
0 5793
0 7883
1 8192
1 8192
0 6258
0 4375
0 6493
1 8192
0 5543
0 6177
0 7703
0 6210
0 6717
1 8192
2 8192
4 8192
1 8192
1 8192
1 8192
0 5115
1 8192
0 6277
1 8192
1 8192
1 8192
0 5555
2 8192
1 8192
1 8192
0 4918
1 8192
1 8192
1 8192
2 8192
1 8192
0 6088
1 8192
0 4562
2 8192
0 6737
0 6664
0 4481
2 8192
1 8192
1 8192
1 8192
0 6497
1 8192
2 8192
2 8192
3 8192
1 8192
1 8192
0 4680
0 7956
0 5992
0 5561
0 6552
0 4803
0 6805
1 8192
2 8192
0 4892
2 8192
3 8192
0 7322
0 5908
3 8192
0 7679
1 8192
0 6747
1 8192
1 8192
3 8192
1 8192
0 8106
1 8192
0 5363
0 6506
0 6516
0 4533
1 8192
0 6233
0 4112
1 8192
1 8192
1 8192
0 4644
0 7341
2 8192
1 8192
1 8192
0 5907
0 6137
1 8192
1 8192
0 8165
0 4603
2 8192
0 7324
1 8192
0 8124
1 8192
0 5911
2 8192
0 4589
3 8192
1 8192
1 8192
1 8192
0 4750
0 4994
2 8192
3 8192
1 8192
0 6179
1 8192
1 8192
3 8192
1 8192
1 8192
0 5853
1 8192
0 5226
0 4418
1 8192
0 5160
1 8192
0 5534
1 8192
2 8192
2 8192
0 7142
1 8192
0 5922
2 8192
0 5108
1 8192
3 8192
1 8192
1 8192
1 8192
1 8192
1 8192
2 8192
2 8192
0 5345
0 5286
2 8192
1 8192
0 5336
0 4355
0 5821
0 6409
0 6377
1 8192
0 6993
0 8110
0 5598
1 8192
0 8076
1 8192
0 5792
1 8192
2 8192
0 7298
1 8192
0 6804
1 8192
1 8192
1 8192
2 8192
2 8192
0 6936
0 6628
1 8192
1 8192
1 8192
1 8192
2 8192
2 8192
2 8192
1 8192
0 5277
1 8192
0 5068
1 8192
0 5835
0 5297
0 7133
0 4975
1 8192
0 4626
3 8192
2 8192
2 8192
1 8192
1 8192
0 6799
0 4240
1 8192
1 8192
0 5743
2 8192
0 6443
0 7285
0 5159
0 4021
0 6467
1 8192
0 7573
1 8192
0 5563
0 8009
1 8192
1 8192
2 8192
1 8192
2 8192
1 8192
0 5666
2 8192
0 4437
1 8192
0 6842
0 7237
0 7222
0 6173
0 5899
1 8192
2 8192
0 5104
1 8192
0 6034
0 5983
0 3927
0 4590
1 8192
1 8192
1 8192
0 4514
1 8192
0 5263
1 8192
0 7079
2 8192
0 5970
0 5578
0 5420
2 8192
0 5126
3 8192
2 8192
1 8192
1 8192
0 6977
3 8192
3 8192
1 8192
0 5127
1 8192
0 4422
0 7600
1 8192
0 4773
0 5600
0 6355
3 8192
2 8192
0 7934
2 8192
1 8192
4 8192
0 5096
2 8192
1 8192
0 6603
0 7350
0 5907
2 8192
1 8192
0 5298
0 5654
0 6010
0 7592
0 6813
1 8192
0 6475
1 8192
0 7678
3 8192
0 5021
0 5109
0 6504
0 6386
1 8192
1 8192
2 8192
1 8192
0 6489
0 5495
1 8192
2 8192
0 5090
1 8192
0 5029
1 8192
1 8192
0 7375
1 8192
0 4882
0 6574
1 8192
1 8192
0 6045
0 6734
0 8171
0 7408
0 4468
0 5499
1 8192
0 6607
1 8192
1 8192
1 8192
2 8192
1 8192
2 8192
1 8192
0 5076
2 8192
1 8192
0 5024
2 8192
0 5298
1 8192
1 8192
1 8192
2 8192
2 8192
1 8192
1 8192
0 5227
0 7427
1 8192
0 6883
0 4099
0 7455
0 5381
1 8192
3 8192
0 7304
2 8192
1 8192
1 8192
0 6504
1 8192
0 5962
1 8192
1 8192
1 8192
1 8192
1 8192
1 8192
1 8192
1 8192
0 5786
2 8192
2 8192
1 8192
0 6034
1 8192
1 8192
1 8192
1 8192
0 7730
1 8192
0 5333
0 6959
1 8192
1 8192
0 4378
1 8192
2 8192
0 7015
1 8192
0 7380
1 8192
1 8192
0 7632
1 8192
0 5763
0 6947
2 8192
2 8192
0 6723
3 8192
2 8192
2 8192
2 8192
2 8192
1 8192
1 8192
3 8192
2 8192
2 8192
0 7966
0 5916
0 5748
1 8192
0 7552
1 8192
1 8192
1 8192
1 8192
2 8192
0 4086
0 5486
0 6179
1 8192
1 8192
2 8192
2 8192
0 7015
1 8192
0 5471
3 8192
0 5044
0 5197
0 6085
0 4795
0 7670
1 8192
2 8192
0 4632
1 8192
0 6689
0 8070
2 8192
1 8192
2 8192
0 7972
0 5939
0 6148
0 5866
0 4759
1 8192
0 5333
0 4444
2 8192
0 6167
3 8192
1 8192
1 8192
0 5986
1 8192
1 8192
0 7246
0 6801
1 8192
2 8192
0 6208
0 5413
1 8192
1 8192
0 7689
0 6383
1 8192
2 8192
0 5354
0 3858
1 8192
1 8192
1 8192
2 8192
1 8192
1 8192
1 8192
2 8192
3 8192
0 4945
1 8192
0 7846
2 8192
2 8192
0 4492
2 8192
2 8192
0 4507
1 8192
0 5092
2 8192
0 3745
0 6983
2 8192
0 6614
1 8192
1 8192
1 8192
1 8192
4 8192
0 6572
1 8192
0 5710
0 7818
4 8192
0 8002
0 6173
2 8192
0 6170
2 8192
0 6233
0 6929
1 8192
1 8192
1 8192
2 8192
1 8192
3 8192
2 8192
1 8192
0 7963
1 8192
1 8192
1 8192
0 7000
1 8192
0 4518
0 7293
0 6702
1 8192
2 8192
0 5186
1 8192
3 8192
1 8192
0 6723
2 8192
3 8192
1 8192
0 6500
0 6365
3 8192
1 8192
1 8192
2 8192
1 8192
0 4214
0 6010
1 8192
0 7541
0 7352
0 7728
2 8192
0 7296
1 8192
0 7863
0 7288
0 6021
2 8192
2 8192
1 8192
1 8192
0 7607
0 8024
1 8192
0 6231
1 8192
0 6071
0 4999
0 6374
0 6459
0 7665
0 7251
0 7952
2 8192
0 6098
1 8192
1 8192
2 8192
0 4848
0 5156
0 7517
1 8192
1 8192
1 8192
2 8192
2 8192
0 4400
2 8192
1 8192
0 7702
1 8192
0 7671
3 8192
2 8192
2 8192
0 6286
1 8192
0 4472
1 8192
0 5841
1 8192
0 4181
2 8192
2 8192
1 8192
1 8192
1 8192
0 7915
2 8192
1 8192
0 5681
1 8192
1 8192
1 8192
0 3829
0 5006
2 8192
0 5892
1 8192
0 5834
2 8192
1 8192
0 5367
1 8192
1 8192
1 8192
0 5084
0 5163
2 8192
1 8192
0 7499
1 8192
2 8192
2 8192
1 8192
1 8192
0 7477
1 8192
1 8192
0 6912
2 8192
3 8192
0 6270
0 7102
0 6063
1 8192
1 8192
0 6941
0 3835
1 8192
0 8191
1 8192
2 8192
1 8192
1 8192
0 6046
1 8192
2 8192
1 8192
0 7231
0 6368
0 4481
0 7328
1 8192
0 7773
1 8192
0 4953
0 6975
1 8192
1 8192
0 5639
2 8192
1 8192
0 5243
0 4481
1 8192
1 8192
0 5180
0 4891
0 5175
0 4335
1 8192
1 8192
2 8192
0 7606
1 8192
1 8192
0 7459
2 8192
0 6299
1 8192
0 6237
1 8192
1 8192
1 8192
0 4159
2 8192
3 8192
2 8192
2 8192
2 8192
0 6028
0 5869
3 8192
1 8192
1 8192
0 7697
3 8192
1 8192
3 8192
1 8192
0 5586
2 8192
0 6142
0 7545
1 8192
2 8192
1 8192
1 8192
0 7071
0 6191
2 8192
0 4115
0 5636
0 4825
0 7589
1 8192
0 6714
0 7832
1 8192
3 8192
0 5480
1 8192
1 8192
1 8192
0 6511
0 4349
1 8192
1 8192
0 5925
0 5405
2 8192
0 6038
0 5363
0 5291
0 5010
0 5906
3 8192
3 8192
1 8192
1 8192
0 5377
0 7879
3 8192
0 4510
3 8192
0 5085
0 7547
0 6939
1 8192
0 4427
1 8192
2 8192
2 8192
0 6014
0 7428
1 8192
0 5352
0 5597
1 8192
3 8192
2 8192
2 8192
1 8192
1 8192
0 7719
0 7063
0 6039
1 8192
2 8192
2 8192
1 8192
0 6360
1 8192
1 8192
0 7401
1 8192
2 8192
0 7943
2 8192
1 8192
1 8192
0 7191
2 8192
0 4407
1 8192
0 5597
1 8192
0 7271
1 8192
1 8192
0 7225
0 7372
2 8192
2 8192
1 8192
0 5939
1 8192
1 8192
0 7460
1 8192
1 8192
1 8192
0 3969
1 8192
4 8192
0 5623
1 8192
1 8192
0 7445
1 8192
0 5147
1 8192
0 6058
0 7554
0 7384
1 8192
0 7072
0 7227
2 8192
1 8192
0 5432
1 8192
0 8035
2 8192
0 6655
0 5753
0 5393
1 8192
0 7567
1 8192
3 8192
3 8192
0 7913
1 8192
0 6036
0 7162
2 8192
1 8192
1 8192
3 8192
0 4983
0 5457
4 8192
1 8192
1 8192
1 8192
2 8192
3 8192
3 8192
0 4343
2 8192
0 5015
1 8192
2 8192
0 7947
1 8192
2 8192
0 6200
0 7006
0 6596
3 8192
0 5931
0 5899
0 5805
2 8192
1 8192
1 8192
0 7335
2 8192
1 8192
0 5592
1 8192
1 8192
2 8192
1 8192
1 8192
1 8192
2 8192
1 8192
0 6173
1 8192
0 6023
1 8192
2 8192
1 8192
1 8192
1 8192
1 8192
1 8192
1 8192
1 8192
0 4797
1 8192
3 8192
0 5157
1 8192
0 7200
0 7981
1 8192
3 8192
0 5715
1 8192
2 8192
2 8192
1 8192
0 6364
1 8192
2 8192
1 8192
3 8192
2 8192
0 7262
2 8192
1 8192
0 5787
0 7435
1 8192
1 8192
0 5278
1 8192
1 8192
2 8192
3 8192
1 8192
1 8192
0 5349
0 5641
0 6772
0 5752
2 8192
1 8192
0 7162
1 8192
1 8192
1 8192
0 6349
0 6404
1 8192
1 8192
1 8192
1 8192
1 8192
1 8192
1 8192
1 8192
0 5314
1 8192
0 5767
0 6357
1 8192
2 8192
0 8083
0 8161
1 8192
1 8192
1 8192
2 8192
1 8192
1 8192
0 4633
0 6429
0 5865
0 4569
0 7879
0 7517
0 5979
1 8192
2 8192
0 6254
0 7874
1 8192
0 5568
0 4922
2 8192
0 7316
0 4760
0 7655
0 7426
1 8192
3 8192
1 8192
0 7659
1 8192
2 8192
0 4693
1 8192
1 8192
3 8192
0 7880
0 8063
1 8192
0 4877
1 8192
1 8192
0 4867
1 8192
0 5399
2 8192
0 8146
0 5818
0 6233
0 4315
0 7207
0 5529
2 8192
1 8192
1 8192
1 8192
3 8192
1 8192
2 8192
4 8192
0 5611
0 4245
2 8192
0 4956
0 7335
1 8192
0 5424
2 8192
2 8192
0 7600
1 8192
3 8192
4 8192
1 8192
2 8192
1 8192
0 7922
1 8192
3 8192
0 5730
1 8192
3 8192
2 8192
2 8192
3 8192
1 8192
1 8192
0 5196
0 4107
1 8192
1 8192
1 8192
0 6594
0 5735
0 4137
0 5432
2 8192
2 8192
0 6071
1 8192
0 6670
0 6340
3 8192
3 8192
0 4348
0 4334
1 8192
0 4542
2 8192
0 7253
2 8192
0 7098
0 4952
0 4336
2 8192
1 8192
0 5507
0 5057
0 4553
0 6385
1 8192
1 8192
1 8192
3 8192
2 8192
0 5930
1 8192
1 8192
0 7656
1 8192
0 5847
0 4840
1 8192
1 8192
2 8192
0 4843
0 5836
1 8192
1 8192
1 8192
1 8192
0 7451
0 5444
3 8192
1 8192
0 6241
1 8192
1 8192
1 8192
1 8192
2 8192
0 7772
2 8192
0 5384
1 8192
1 8192
0 4536
0 6001
1 8192
0 5873
2 8192
1 8192
0 7723
0 7767
2 8192
1 8192
3 8192
2 8192
0 5289
0 7680
0 6658
1 8192
1 8192
0 6916
0 4812
0 5286
0 7548
0 7868
1 8192
1 8192
2 8192
1 8192
0 5131
0 7799
0 8161
0 6719
0 6191
0 4729
1 8192
0 5341
0 4372
0 8167
0 6974
1 8192
1 8192
1 8192
0 7661
2 8192
0 7850
0 5881
0 7194
0 7566
0 5343
1 8192
0 4983
0 7735
0 6634
0 5201
1 8192
1 8192
0 7023
0 7936
1 8192
1 8192
0 7146
0 5185
2 8192
1 8192
0 5586
2 8192
1 8192
1 8192
1 8192
2 8192
3 8192
1 8192
2 8192
0 5051
0 7173
4 8192
0 5125
1 8192
0 7149
4 8192
4 8192
1 8192
0 5319
1 8192
1 8192
1 8192
2 8192
2 8192
0 7781
0 6468
0 6871
0 8099
0 5408
0 4350
0 7149
1 8192
0 5945
0 7429
0 6801
1 8192
2 8192
2 8192
1 8192
0 7493
2 8192
0 6003
3 8192
0 5362
0 4206
0 6784
0 6722
2 8192
1 8192
1 8192
1 8192
0 7240
1 8192
1 8192
1 8192
2 8192
0 6301
2 8192
1 8192
1 8192
0 4052
2 8192
1 8192
1 8192
0 5511
2 8192
0 5686
0 6026
3 8192
1 8192
0 3898
3 8192
0 7959
0 5973
0 5524
1 8192
0 4310
0 5698
2 8192
0 6229
1 8192
1 8192
0 6453
0 5538
1 8192
1 8192
1 8192
1 8192
0 8031
0 8018
1 8192
1 8192
1 8192
0 5188
1 8192
1 8192
1 8192
2 8192
2 8192
1 8192
0 5617
1 8192
0 5461
2 8192
2 8192
1 8192
0 7644
1 8192
3 8192
0 6395
0 6791
0 4734
0 5121
1 8192
0 7567
0 7685
1 8192
3 8192
0 5970
1 8192
4 8192
2 8192
3 8192
0 7610
3 8192
1 8192
0 6155
3 8192
2 8192
1 8192
1 8192
0 5825
0 5781
0 4984
1 8192
0 5194
2 8192
1 8192
0 6221
0 6538
1 8192
0 6359
3 8192
2 8192
0 5425
0 5638
2 8192
0 5214
0 6510
3 8192
0 6197
1 8192
3 8192
0 4517
0 8034
3 8192
0 7119
0 7163
2 8192
0 6971
1 8192
0 7901
0 4303
1 8192
0 5560
3 8192
3 8192
1 8192
2 8192
0 7838
0 4296
0 6387
0 6708
0 5329
0 7933
1 8192
3 8192
1 8192
1 8192
0 6272
0 5106
1 8192
2 8192
0 7996
1 8192
0 6646
0 7477
1 8192
2 8192
0 5999
0 4642
0 6648
1 8192
0 5993
1 8192
3 8192
1 8192
1 8192
1 8192
1 8192
1 8192
0 5059
2 8192
0 7403
0 7562
1 8192
0 8158
1 8192
0 7643
3 8192
0 7496
1 8192
0 6846
0 6384
1 8192
1 8192
1 8192
1 8192
1 8192
0 6161
1 8192
1 8192
0 5044
0 5460
0 7507
0 6151
0 4665
2 8192
0 4616
0 5255
0 5400
1 8192
1 8192
1 8192
0 5542
2 8192
1 8192
1 8192
1 8192
0 7148
0 6360
2 8192
1 8192
1 8192
2 8192
1 8192
0 5556
0 6907
0 7665
1 8192
1 8192
1 8192
0 6398
0 6996
1 8192
1 8192
0 7317
0 5895
2 8192
0 6166
0 7718
0 5213
1 8192
0 6358
2 8192
3 8192
0 7791
0 6996
0 7761
1 8192
1 8192
2 8192
0 4931
0 7430
0 6927
0 8044
1 8192
0 4451
0 5468
0 5905
2 8192
1 8192
0 7552
1 8192
2 8192
2 8192
0 5499
0 5626
1 8192
1 8192
0 4758
0 5994
2 8192
2 8192
2 8192
0 4818
2 8192
1 8192
0 7425
0 4552
1 8192
0 5319
0 5785
1 8192
0 5588
0 6507
0 8100
3 8192
1 8192
1 8192
0 5431
0 8051
1 8192
0 6195
1 8192
1 8192
0 5201
0 6888
2 8192
1 8192
1 8192
0 7516
2 8192
0 6870
2 8192
0 5132
1 8192
0 6715
0 7835
0 7712
2 8192
2 8192
0 6036
1 8192
0 4647
1 8192
1 8192
0 4464
0 7895
1 8192
0 5205
2 8192
0 6442
3 8192
0 6327
1 8192
1 8192
0 4237
2 8192
0 5745
0 6626
1 8192
1 8192
1 8192
2 8192
1 8192
2 8192
1 8192
1 8192
0 6710
4 8192
2 8192
1 8192
1 8192
2 8192
0 7388
0 5224
1 8192
0 6880
2 8192
2 8192
0 6832
0 4768
0 7726
1 8192
0 5125
1 8192
1 8192
1 8192
0 6659
1 8192
0 5985
1 8192
1 8192
0 4432
0 5019
3 8192
2 8192
2 8192
2 8192
0 4777
0 4924
0 4622
0 6798
2 8192
0 7030
0 7254
0 6062
1 8192
1 8192
4 8192
0 8082
0 4115
2 8192
2 8192
0 6222
2 8192
2 8192
1 8192
4 8192
0 5608
0 5395
1 8192
1 8192
1 8192
0 6216
0 6536
1 8192
1 8192
0 5560
1 8192
1 8192
0 3435
2 8192
1 8192
0 7574
0 6763
1 8192
0 7662
0 7209
0 7460
0 7381
0 6688
0 6472
1 8192
1 8192
2 8192
1 8192
0 6229
0 6793
1 8192
1 8192
2 8192
2 8192
2 8192
3 8192
1 8192
1 8192
1 8192
1 8192
0 5637
0 4778
1 8192
0 4403
1 8192
0 6481
1 8192
0 7336
2 8192
1 8192
2 8192
0 7025
1 8192
2 8192
0 5793
0 6948
1 8192
2 8192
1 8192
2 8192
2 8192
1 8192
0 7401
0 6007
0 6260
1 8192
0 8027
1 8192
1 8192
1 8192
0 4953
4 8192
1 8192
0 7678
0 5351
1 8192
2 8192
0 5598
2 8192
2 8192
1 8192
0 5942
0 6838
1 8192
0 7177
0 4641
1 8192
0 7447
0 6869
1 8192
1 8192
0 7038
1 8192
2 8192
0 7196
1 8192
0 4219
0 7115
0 7284
2 8192
1 8192
3 8192
1 8192
0 5613
1 8192
2 8192
0 7036
0 6222
0 7930
1 8192
0 4545
0 6472
0 4302
1 8192
1 8192
0 7687
2 8192
0 4458
0 5882
0 7230
2 8192
0 6305
3 8192
1 8192
0 5866
3 8192
2 8192
0 7300
0 4813
0 7376
1 8192
0 5040
0 5371
0 6829
1 8192
0 7237
1 8192
0 7169
1 8192
4 8192
1 8192
0 6388
3 8192
1 8192
0 6341
0 7613
0 4432
0 7822
0 7145
1 8192
0 5883
2 8192
2 8192
0 4651
2 8192
1 8192
1 8192
1 8192
1 8192
0 7327
2 8192
0 7053
0 6506
0 8188
0 6329
0 5145
1 8192
3 8192
1 8192
2 8192
4 8192
1 8192
1 8192
0 7410
2 8192
0 7017
1 8192
1 8192
0 6958
2 8192
0 5231
1 8192
2 8192
1 8192
4 8192
1 8192
0 5362
1 8192
0 6477
1 8192
0 6755
0 4606
0 7427
0 7991
1 8192
1 8192
1 8192
1 8192
3 8192
1 8192
1 8192
1 8192
1 8192
0 4103
1 8192
0 4714
2 8192
0 4585
0 6215
2 8192
1 8192
0 4257
1 8192
1 8192
0 5219
1 8192
2 8192
0 7010
0 5274
0 5017
1 8192
1 8192
1 8192
2 8192
0 6661
0 4732
1 8192
2 8192
3 8192
1 8192
3 8192
1 8192
1 8192
0 6390
0 5687
0 5092
0 5421
1 8192
1 8192
1 8192
3 8192
1 8192
0 5286
1 8192
0 7106
2 8192
0 6956
0 6318
0 5754
1 8192
1 8192
1 8192
0 5889
0 7420
1 8192
0 4385
0 5072
0 5017
2 8192
0 7615
2 8192
2 8192
1 8192
2 8192
1 8192
0 6300
0 7651
1 8192
2 8192
0 8185
2 8192
0 5124
1 8192
1 8192
1 8192
2 8192
0 4253
0 6919
1 8192
0 4849
0 6945
1 8192
1 8192
1 8192
0 5110
1 8192
1 8192
0 7248
1 8192
1 8192
2 8192
0 4492
0 5531
0 7570
2 8192
0 5801
3 8192
1 8192
1 8192
1 8192
3 8192
0 7750
1 8192
0 6877
2 8192
2 8192
1 8192
2 8192
0 5243
3 8192
0 7168
3 8192
0 6169
0 4609
1 8192
2 8192
2 8192
1 8192
0 7643
1 8192
1 8192
0 4491
1 8192
1 8192
0 5829
1 8192
0 7049
0 6103
0 5028
1 8192
4 8192
1 8192
0 5584
0 5189
0 4895
0 5619
1 8192
2 8192
2 8192
0 5192
3 8192
0 4647
1 8192
0 7146
0 4214
0 6354
1 8192
0 5881
1 8192
1 8192
0 6691
0 5168
1 8192
0 7160
2 8192
0 7069
2 8192
3 8192
1 8192
0 4570
1 8192
1 8192
0 6062
0 7117
1 8192
0 5784
1 8192
0 5632
3 8192
1 8192
1 8192
0 5482
3 8192
0 7489
0 6886
3 8192
0 3845
2 8192
0 6342
0 7891
3 8192
0 6831
1 8192
1 8192
0 5483
0 5889
2 8192
0 6326
1 8192
0 5777
2 8192
0 5805
4 8192
0 7580
2 8192
2 8192
0 3982
1 8192
0 5179
0 6882
0 4932
0 6934
0 5633
0 6842
2 8192
2 8192
2 8192
1 8192
0 7878
0 4658
1 8192
0 5810
5 8192
1 8192
0 8159
2 8192
2 8192
1 8192
0 6424
2 8192
1 8192
0 5274
1 8192
1 8192
2 8192
3 8192
0 4556
0 8049
1 8192
1 8192
1 8192
2 8192
2 8192
1 8192
0 6827
0 4972
1 8192
2 8192
0 4526
0 5378
0 7253
3 8192
1 8192
0 7152
2 8192
1 8192
2 8192
1 8192
0 5300
0 7661
0 7781
2 8192
0 4917
1 8192
2 8192
0 5076
1 8192
0 4049
1 8192
0 5424
1 8192
1 8192
2 8192
3 8192
0 6461
2 8192
1 8192
0 5168
1 8192
2 8192
0 7600
2 8192
3 8192
0 5889
0 7646
0 6172
0 4604
1 8192
1 8192
2 8192
0 6911
1 8192
4 8192
2 8192
0 5930
0 4950
0 5147
0 4549
0 3953
4 8192
1 8192
0 6887
0 5076
0 5887
2 8192
0 6017
1 8192
0 6334
2 8192
1 8192
0 7735
2 8192
0 5733
1 8192
1 8192
0 7626
0 5329
5 8192
0 5230
1 8192
3 8192
0 6242
0 7687
2 8192
2 8192
1 8192
1 8192
1 8192
2 8192
0 7419
2 8192
0 5849
1 8192
0 6373
1 8192
0 4237
0 5072
1 8192
0 4936
0 6549
0 5062
2 8192
1 8192
1 8192
0 7711
0 6133
1 8192
1 8192
0 6851
0 4530
0 7922
2 8192
0 5408
1 8192
1 8192
0 4768
1 8192
0 6045
1 8192
2 8192
1 8192
1 8192
0 5212
1 8192
1 8192
2 8192
1 8192
0 6093
0 5975
0 5986
0 4982
1 8192
1 8192
0 5369
0 5804
0 8032
1 8192
1 8192
0 4743
1 8192
0 7957
0 7035
0 7590
0 5223
0 5549
0 4407
2 8192
0 7170
0 5792
3 8192
1 8192
2 8192
3 8192
1 8192
2 8192
2 8192
1 8192
1 8192
2 8192
1 8192
0 5435
3 8192
1 8192
0 5952
0 5932
3 8192
0 6747
1 8192
0 5095
0 6397
1 8192
0 4461
0 5142
1 8192
0 5357
1 8192
0 7151
0 6915
3 8192
0 6374
0 5553
0 5171
1 8192
0 6858
0 4130
0 5034
1 8192
1 8192
2 8192
2 8192
1 8192
1 8192
1 8192
1 8192
0 5470
1 8192
0 6502
0 5908
3 8192
0 4521
1 8192
1 8192
0 6820
0 6415
0 6397
2 8192
1 8192
2 8192
0 7006
1 8192
2 8192
2 8192
0 5145
0 4430
1 8192
0 5348
0 6815
2 8192
0 4621
1 8192
1 8192
0 5488
1 8192
1 8192
1 8192
1 8192
0 7107
1 8192
0 4739
1 8192
0 5814
3 8192
1 8192
1 8192
0 6213
1 8192
2 8192
0 5404
0 7039
1 8192
0 4212
1 8192
0 7912
1 8192
0 5013
0 5761
1 8192
1 8192
2 8192
0 5119
1 8192
0 7039
2 8192
0 7425
0 4733
1 8192
0 5477
2 8192
1 8192
1 8192
0 5756
2 8192
2 8192
2 8192
0 6742
0 8028
2 8192
1 8192
0 6132
1 8192
0 6155
3 8192
1 8192
2 8192
0 6908
1 8192
0 6583
0 5772
1 8192
0 7512
2 8192
1 8192
1 8192
0 6035
0 4502
1 8192
1 8192
3 8192
0 4814
1 8192
0 4653
0 6722
2 8192
0 6034
1 8192
0 7714
2 8192
0 4712
1 8192
0 4976
2 8192
1 8192
0 4849
0 5999
3 8192
0 5039
0 7600
1 8192
0 5202
0 7225
0 7862
0 4915
0 6189
0 4716
0 4812
2 8192
0 6826
0 7401
0 7025
1 8192
1 8192
0 7851
1 8192
2 8192
1 8192
0 5622
0 6414
1 8192
0 5178
1 8192
1 8192
0 5699
1 8192
0 5299
1 8192
0 6760
1 8192
0 5072
0 6257
1 8192
1 8192
1 8192
2 8192
0 5459
0 5213
0 5445
1 8192
0 6604
0 5436
0 4078
1 8192
2 8192
2 8192
2 8192
0 5018
1 8192
2 8192
2 8192
3 8192
2 8192
0 6968
0 5338
1 8192
1 8192
0 4882
3 8192
1 8192
2 8192
0 6906
3 8192
1 8192
0 6299
2 8192
0 4347
0 5646
1 8192
0 5157
0 4348
1 8192
2 8192
2 8192
1 8192
1 8192
2 8192
1 8192
1 8192
3 8192
1 8192
1 8192
2 8192
0 7897
0 5274
2 8192
0 6006
0 6527
1 8192
1 8192
0 5735
0 6865
3 8192
2 8192
1 8192
1 8192
0 7717
1 8192
1 8192
1 8192
0 4683
0 6251
1 8192
0 4329
2 8192
1 8192
0 7025
1 8192
0 6987
1 8192
0 6759
0 5092
0 7315
0 7982
0 6559
1 8192
0 6578
1 8192
0 5583
1 8192
1 8192
0 4396
0 7429
2 8192
1 8192
1 8192
0 7426
2 8192
0 5111
0 8000
0 6990
1 8192
1 8192
0 6577
1 8192
1 8192
1 8192
1 8192
0 6628
1 8192
1 8192
0 8151
1 8192
0 7552
1 8192
0 5612
0 4028
0 7680
0 4754
2 8192
1 8192
0 5629
3 8192
0 4941
0 5572
1 8192
1 8192
0 5226
2 8192
0 7126
1 8192
1 8192
1 8192
2 8192
0 4638
2 8192
0 6823
0 5816
3 8192
1 8192
0 7392
1 8192
3 8192
1 8192
1 8192
2 8192
0 7399
0 6934
2 8192
0 7572
0 5730
1 8192
0 6486
1 8192
0 8062
1 8192
1 8192
2 8192
2 8192
0 7072
0 7331
0 5065
0 6679
2 8192
0 6630
0 7324
2 8192
0 4397
1 8192
2 8192
0 7185
1 8192
0 7599
1 8192
0 3993
1 8192
1 8192
1 8192
0 5023
3 8192
1 8192
0 6978
1 8192
3 8192
1 8192
3 8192
2 8192
1 8192
0 7475
0 6651
3 8192
0 5071
0 5023
0 8000
0 7078
3 8192
1 8192
0 7953
2 8192
0 7839
0 6655
1 8192
2 8192
0 7501
0 4840
3 8192
0 7023
0 5546
0 7042
0 5694
0 7031
1 8192
2 8192
3 8192
0 5151
1 8192
0 5859
1 8192
0 6373
2 8192
0 4813
0 5073
0 5868
1 8192
1 8192
1 8192
0 4800
2 8192
0 5683
2 8192
0 6992
1 8192
1 8192
0 5662
1 8192
1 8192
0 5220
1 8192
1 8192
1 8192
1 8192
1 8192
1 8192
1 8192
1 8192
1 8192
2 8192
0 4792
0 6483
0 7336
0 5016
0 6522
0 6289
0 5009
0 6006
2 8192
0 5954
0 6253
1 8192
0 7900
1 8192
1 8192
3 8192
2 8192
2 8192
1 8192
0 5792
2 8192
2 8192
0 8120
3 8192
2 8192
0 4701
0 7488
1 8192
0 5439
0 7357
1 8192
0 4202
0 6493
2 8192
2 8192
1 8192
0 5446
1 8192
1 8192
0 6150
0 6232
0 6260
1 8192
0 4002
0 6864
0 6720
1 8192
1 8192
3 8192
0 5274
0 7798
0 4627
1 8192
1 8192
1 8192
2 8192
1 8192
1 8192
0 5246
2 8192
0 7455
0 6588
0 5448
2 8192
0 7693
0 5354
0 6390
1 8192
0 6097
1 8192
0 7199
0 5718
0 5210
0 6477
0 6119
1 8192
1 8192
0 7718
0 5115
0 7370
1 8192
0 5609
0 4417
1 8192
1 8192
1 8192
0 4570
0 6054
3 8192
1 8192
0 6063
0 6753
0 4643
1 8192
1 8192
2 8192
0 5505
0 7453
3 8192
1 8192
1 8192
0 4600
0 6567
0 7293
1 8192
0 7251
1 8192
1 8192
0 5322
2 8192
0 4619
2 8192
1 8192
1 8192
0 6894
0 6193
3 8192
0 6167
1 8192
0 4412
0 5922
0 4729
1 8192
0 7956
0 7724
1 8192
0 7816
0 7816
1 8192
0 5115
2 8192
0 5555
2 8192
1 8192
0 6828
2 8192
1 8192
0 6169
0 6651
5 8192
1 8192
1 8192
1 8192
1 8192
0 8161
2 8192
0 5939
1 8192
1 8192
0 5916
0 5746
1 8192
2 8192
0 6322
2 8192
2 8192
0 7098
0 4272
2 8192
1 8192
2 8192
1 8192
0 7123
0 4415
0 5939
0 5979
0 7530
3 8192
2 8192
1 8192
0 4226
3 8192
4 8192
2 8192
1 8192
1 8192
0 4968
0 6678
3 8192
0 4843
0 7496
1 8192
0 5749
0 5481
1 8192
1 8192
0 6475
1 8192
0 4729
0 6614
2 8192
0 4671
3 8192
1 8192
0 7420
0 5452
0 4357
2 8192
0 7320
0 6497
2 8192
0 7728
1 8192
0 5438
1 8192
2 8192
0 6690
0 6549
0 5570
0 6717
0 6577
2 8192
2 8192
1 8192
1 8192
0 7228
0 5303
1 8192
0 7428
2 8192
2 8192
0 5168
0 6064
1 8192
0 5102
0 8165
1 8192
2 8192
0 7331
1 8192
2 8192
3 8192
1 8192
2 8192
1 8192
1 8192
0 7922
3 8192
1 8192
1 8192
1 8192
4 8192
1 8192
1 8192
1 8192
0 6981
0 7324
0 4120
2 8192
1 8192
3 8192
1 8192
0 6301
0 5358
0 4229
1 8192
0 6906
0 6520
1 8192
2 8192
1 8192
0 4249
1 8192
0 6435
1 8192
1 8192
0 4659
2 8192
3 8192
2 8192
0 7710
1 8192
3 8192
2 8192
1 8192
1 8192
0 6452
0 7090
1 8192
0 4654
1 8192
0 6760
0 6070
1 8192
0 4757
0 6132
1 8192
1 8192
1 8192
1 8192
0 7865
1 8192
0 7659
0 5229
1 8192
1 8192
0 6960
0 5526
4 8192
0 7931
1 8192
1 8192
2 8192
0 5408
0 5944
1 8192
0 5467
0 5575
1 8192
0 6285
0 6682
1 8192
3 8192
1 8192
1 8192
0 5225
0 4535
0 4996
0 6017
0 3961
0 6279
1 8192
1 8192
0 4362
1 8192
0 5450
0 8014
1 8192
0 5647
2 8192
0 5762
0 5228
1 8192
2 8192
1 8192
0 5903
0 6828
3 8192
0 5185
0 6786
1 8192
1 8192
5 8192
0 5662
0 6166
0 5207
1 8192
3 8192
3 8192
2 8192
0 6510
3 8192
0 5169
1 8192
4 8192
0 5620
3 8192
1 8192
0 7147
0 8115
2 8192
1 8192
0 6080
0 6622
2 8192
0 6868
1 8192
1 8192
0 4828
0 6380
0 5518
2 8192
1 8192
0 4544
3 8192
3 8192
0 6656
0 5288
2 8192
1 8192
1 8192
1 8192
2 8192
0 7034
1 8192
0 6808
0 5707
0 7869
2 8192
1 8192
0 5943
0 7973
1 8192
1 8192
2 8192
1 8192
0 5729
1 8192
0 6622
2 8192
1 8192
0 4597
0 5210
0 5102
0 7642
0 4518
0 6272
1 8192
1 8192
1 8192
1 8192
2 8192
1 8192
2 8192
0 5518
1 8192
3 8192
4 8192
0 7378
2 8192
1 8192
1 8192
0 4972
0 3505
1 8192
0 6201
0 5606
0 6271
0 6072
1 8192
1 8192
1 8192
1 8192
1 8192
0 6151
1 8192
0 6260
1 8192
0 4821
0 6628
1 8192
0 5918
1 8192
1 8192
2 8192
1 8192
1 8192
1 8192
1 8192
3 8192
1 8192
1 8192
1 8192
1 8192
0 7655
0 4505
0 7529
1 8192
1 8192
2 8192
0 7712
0 7194
0 6935
2 8192
2 8192
4 8192
2 8192
1 8192
0 4976
1 8192
0 7684
0 5532
3 8192
1 8192
2 8192
0 4194
3 8192
0 6845
1 8192
1 8192
1 8192
1 8192
3 8192
0 5793
2 8192
1 8192
1 8192
0 6297
1 8192
1 8192
1 8192
0 4224
0 8119
2 8192
1 8192
0 5105
1 8192
2 8192
1 8192
0 5156
1 8192
1 8192
0 6951
0 7804
1 8192
0 4841
3 8192
2 8192
1 8192
0 6622
0 7236
1 8192
2 8192
1 8192
0 5897
0 4820
2 8192
1 8192
1 8192
0 7790
1 8192
2 8192
3 8192
0 6015
2 8192
2 8192
1 8192
2 8192
0 5108
1 8192
0 5122
0 6792
0 4349
3 8192
2 8192
0 6440
2 8192
0 5734
2 8192
0 6222
2 8192
1 8192
2 8192
0 6782
0 5641
3 8192
1 8192
1 8192
2 8192
0 6283
1 8192
0 5770
0 6546
0 5192
0 5156
2 8192
0 4847
0 6389
1 8192
1 8192
0 6850
2 8192
1 8192
2 8192
2 8192
0 8156
0 6404
4 8192
0 6343
0 4904
0 6892
2 8192
2 8192
0 5577
0 4797
0 4136
2 8192
1 8192
2 8192
0 7240
1 8192
2 8192
2 8192
0 6795
1 8192
0 5917
3 8192
2 8192
0 5295
1 8192
0 4600
1 8192
2 8192
0 6888
1 8192
0 6255
0 7366
1 8192
1 8192
0 5844
0 6094
1 8192
4 8192
2 8192
1 8192
0 7282
0 4653
2 8192
0 5900
0 7397
1 8192
1 8192
1 8192
0 7720
1 8192
1 8192
0 6754
1 8192
0 6457
2 8192
0 5029
0 6966
2 8192
0 6267
1 8192
2 8192
0 7199
0 8189
1 8192
1 8192
0 4454
0 6024
0 5063
1 8192
1 8192
0 4736
0 7406
1 8192
2 8192
1 8192
2 8192
0 6532
1 8192
0 5485
1 8192
0 6482
2 8192
2 8192
1 8192
1 8192
2 8192
0 5178
0 7088
2 8192
3 8192
2 8192
0 5132
0 7170
1 8192
0 6253
1 8192
1 8192
2 8192
0 4710
0 8158
2 8192
2 8192
4 8192
1 8192
1 8192
0 6274
1 8192
1 8192
0 8071
0 4936
2 8192
0 5133
0 7784
1 8192
1 8192
0 6976
0 6228
2 8192
1 8192
0 8031
0 4496
0 7870
1 8192
1 8192
2 8192
0 5836
0 7168
1 8192
0 7611
0 7559
0 6344
1 8192
0 6628
0 6370
2 8192
1 8192
1 8192
1 8192
1 8192
0 6133
2 8192
0 6447
1 8192
1 8192
4 8192
0 7142
0 5069
1 8192
0 4958
1 8192
1 8192
1 8192
0 5985
3 8192
0 6436
1 8192
0 6073
1 8192
0 7011
1 8192
0 6651
2 8192
0 7408
0 6810
1 8192
0 5483
1 8192
2 8192
2 8192
1 8192
0 5916
0 4729
2 8192
2 8192
3 8192
0 5689
1 8192
0 7655
2 8192
0 5930
1 8192
0 5378
0 4137
1 8192
0 4287
1 8192
1 8192
3 8192
2 8192
3 8192
2 8192
0 5713
1 8192
3 8192
2 8192
2 8192
0 3793
1 8192
2 8192
0 6828
2 8192
1 8192
3 8192
1 8192
0 6568
0 6895
2 8192
7 8192
0 7824
1 8192
1 8192
0 6823
1 8192
0 6231
0 4842
1 8192
1 8192
0 4224
2 8192
2 8192
0 6728
0 7205
1 8192
1 8192
1 8192
0 5825
2 8192
2 8192
1 8192
0 4408
0 5515
0 5950
2 8192
0 6149
1 8192
2 8192
1 8192
0 4568
2 8192
0 5302
0 6182
1 8192
4 8192
1 8192
1 8192
1 8192
0 4261
2 8192
1 8192
1 8192
3 8192
0 5731
1 8192
2 8192
1 8192
0 7234
2 8192
1 8192
1 8192
1 8192
0 5410
2 8192
1 8192
1 8192
2 8192
3 8192
1 8192
0 7644
0 7388
0 6440
0 8031
1 8192
1 8192
0 5886
1 8192
3 8192
2 8192
0 5722
0 7578
2 8192
1 8192
1 8192
1 8192
1 8192
1 8192
0 7098
0 4159
0 7982
1 8192
1 8192
0 5490
0 4852
0 6850
1 8192
1 8192
0 6661
1 8192
2 8192
2 8192
2 8192
0 7211
1 8192
2 8192
0 7483
0 5182
1 8192
0 7534
2 8192
2 8192
2 8192
1 8192
0 7541
0 6375
1 8192
1 8192
0 4601
2 8192
0 3956
3 8192
1 8192
1 8192
2 8192
2 8192
2 8192
0 3761
2 8192
1 8192
1 8192
0 5076
1 8192
0 5817
0 4907
1 8192
2 8192
0 5738
2 8192
1 8192
0 6386
1 8192
1 8192
0 7390
0 6230
0 7991
2 8192
1 8192
1 8192
0 6508
1 8192
0 6427
1 8192
1 8192
2 8192
0 7011
0 5629
0 4780
4 8192
1 8192
0 6217
1 8192
1 8192
2 8192
0 5332
0 6933
0 4772
0 7740
0 4186
1 8192
0 4386
0 5163
0 6219
5 8192
1 8192
1 8192
0 4646
0 6290
0 6530
2 8192
1 8192
2 8192
1 8192
0 6620
3 8192
1 8192
2 8192
1 8192
0 6439
0 5226
1 8192
1 8192
2 8192
0 7139
1 8192
1 8192
0 7152
0 6636
0 4790
1 8192
0 4802
1 8192
0 3612
1 8192
3 8192
2 8192
1 8192
1 8192
4 8192
0 4238
2 8192
1 8192
2 8192
1 8192
1 8192
1 8192
2 8192
2 8192
0 7287
1 8192
0 4749
2 8192
1 8192
1 8192
0 8037
0 7846
0 7293
0 6067
0 5669
0 7253
1 8192
0 8152
3 8192
0 6000
3 8192
2 8192
1 8192
0 5779
1 8192
1 8192
1 8192
0 4375
0 4407
1 8192
0 7223
1 8192
0 7524
2 8192
1 8192
1 8192
1 8192
0 5538
2 8192
1 8192
1 8192
1 8192
0 6051
0 7119
1 8192
1 8192
3 8192
0 6161
3 8192
1 8192
2 8192
0 5127
1 8192
0 7233
1 8192
1 8192
2 8192
0 4228
0 6255
1 8192
2 8192
0 5931
0 7091
0 4279
3 8192
2 8192
0 5562
4 8192
0 5181
0 6546
0 7484
2 8192
2 8192
0 6338
1 8192
0 5190
0 3948
4 8192
3 8192
1 8192
2 8192
2 8192
0 6443
0 5428
1 8192
1 8192
1 8192
2 8192
0 6361
1 8192
1 8192
0 6258
0 6714
1 8192
2 8192
2 8192
1 8192
0 7084
0 5579
2 8192
0 4434
2 8192
2 8192
1 8192
1 8192
0 4570
2 8192
1 8192
1 8192
1 8192
0 7666
1 8192
0 6457
3 8192
1 8192
1 8192
2 8192
0 6497
0 4786
1 8192
2 8192
1 8192
1 8192
3 8192
1 8192
2 8192
1 8192
3 8192
0 7219
0 7607
1 8192
1 8192
0 6266
1 8192
0 5065
2 8192
1 8192
1 8192
4 8192
2 8192
1 8192
0 5242
1 8192
2 8192
1 8192
0 7950
2 8192
1 8192
1 8192
2 8192
1 8192
0 7186
0 7796
0 5981
3 8192
0 4425
1 8192
0 4689
3 8192
4 8192
0 7973
1 8192
1 8192
2 8192
0 7873
0 5135
1 8192
0 4385
1 8192
0 4944
0 4934
2 8192
0 6161
0 6314
2 8192
0 7819
2 8192
1 8192
0 4073
1 8192
2 8192
0 8093
3 8192
1 8192
0 4227
0 5261
0 7330
0 7566
1 8192
2 8192
2 8192
2 8192
1 8192
1 8192
1 8192
1 8192
2 8192
2 8192
0 6713
1 8192
0 8027
1 8192
1 8192
0 5863
1 8192
2 8192
0 3732
0 5889
1 8192
0 7319
2 8192
0 4634
1 8192
1 8192
1 8192
1 8192
0 4608
0 5747
2 8192
2 8192
3 8192
0 5772
1 8192
1 8192
0 5118
2 8192
0 4076
1 8192
1 8192
1 8192
1 8192
0 5842
0 8180
0 6837
0 5231
1 8192
0 6106
0 5376
1 8192
0 7132
0 6799
2 8192
0 3884
0 7504
1 8192
1 8192
0 5266
3 8192
0 6480
0 8109
1 8192
2 8192
1 8192
1 8192
0 4789
0 7074
0 5352
0 5342
1 8192
1 8192
0 5489
1 8192
1 8192
0 5657
1 8192
2 8192
3 8192
1 8192
1 8192
0 6626
0 7745
0 5181
0 4880
1 8192
1 8192
0 5288
0 4428
0 5481
1 8192
0 6006
0 4491
1 8192
1 8192
1 8192
1 8192
0 6403
0 6250
1 8192
0 4456
2 8192
2 8192
1 8192
1 8192
1 8192
1 8192
0 7767
2 8192
2 8192
0 8010
0 6993
0 6546
1 8192
0 5574
4 8192
1 8192
2 8192
0 6938
0 6712
0 4518
0 7915
0 5376
1 8192
3 8192
1 8192
1 8192
1 8192
0 5365
1 8192
2 8192
0 6880
1 8192
2 8192
1 8192
1 8192
1 8192
1 8192
1 8192
2 8192
0 4637
0 5801
1 8192
1 8192
1 8192
0 5406
0 6513
0 6175
1 8192
4 8192
1 8192
1 8192
2 8192
3 8192
1 8192
0 7360
1 8192
1 8192
1 8192
0 4464
1 8192
1 8192
0 5263
0 4807
2 8192
1 8192
0 4937
0 7817
2 8192
0 5891
2 8192
1 8192
0 5540
3 8192
0 7853
1 8192
1 8192
1 8192
2 8192
0 6491
0 6045
2 8192
2 8192
2 8192
0 6712
1 8192
0 6710
1 8192
0 5909
0 7274
4 8192
1 8192
0 7824
0 6964
1 8192
1 8192
0 6155
1 8192
0 6540
1 8192
0 4321
2 8192
1 8192
0 7047
0 3855
0 8043
1 8192
1 8192
1 8192
0 6866
1 8192
0 6831
0 4457
1 8192
1 8192
1 8192
0 5963
0 4901
0 4344
0 4870
1 8192
0 4929
1 8192
0 8185
3 8192
1 8192
0 6360
1 8192
1 8192
1 8192
0 5168
2 8192
0 4921
1 8192
1 8192
1 8192
0 7232
1 8192
0 5336
0 8126
1 8192
0 6065
4 8192
2 8192
0 5661
1 8192
4 8192
0 7294
0 6468
2 8192
0 8127
0 5143
0 7087
0 6800
0 7053
1 8192
0 7365
2 8192
0 4952
0 5374
0 6470
0 4984
0 4733
1 8192
0 6734
0 5878
0 6461
3 8192
1 8192
4 8192
1 8192
0 5467
2 8192
0 7583
0 7156
0 7847
1 8192
0 7336
0 7464
0 6417
1 8192
1 8192
0 6495
0 4065
0 4951
0 4798
1 8192
0 7111
2 8192
0 7748
1 8192
1 8192
2 8192
2 8192
2 8192
0 7123
4 8192
2 8192
2 8192
1 8192
1 8192
2 8192
2 8192
0 4593
1 8192
2 8192
1 8192
1 8192
1 8192
0 7403
1 8192
0 6444
3 8192
0 3792
0 7669
0 4767
1 8192
1 8192
0 6962
1 8192
0 4888
2 8192
2 8192
2 8192
0 5065
2 8192
0 5188
2 8192
1 8192
0 5545
0 4651
2 8192
0 6741
2 8192
0 4648
2 8192
2 8192
1 8192
1 8192
1 8192
2 8192
3 8192
0 5318
0 6821
3 8192
0 7372
0 7622
0 5678
1 8192
0 4554
0 5673
1 8192
0 7519
0 7082
3 8192
4 8192
0 4754
2 8192
1 8192
2 8192
0 4159
1 8192
1 8192
1 8192
1 8192
0 6729
1 8192
1 8192
0 7149
0 5634
0 4585
1 8192
3 8192
0 7156
0 6439
0 6702
1 8192
0 6345
0 5142
1 8192
1 8192
1 8192
0 4487
1 8192
0 8102
2 8192
0 7049
2 8192
0 6202
1 8192
0 6356
1 8192
2 8192
2 8192
1 8192
1 8192
0 6319
0 4599
2 8192
2 8192
0 4410
1 8192
3 8192
0 5570
0 6626
1 8192
0 6625
0 5964
0 6559
1 8192
1 8192
1 8192
0 7583
0 4780
0 5081
0 7538
1 8192
1 8192
1 8192
0 4776
0 4829
1 8192
0 7315
0 7573
0 6427
2 8192
2 8192
1 8192
1 8192
0 6408
4 8192
0 6216
2 8192
1 8192
0 3933
0 5512
3 8192
1 8192
0 4708
2 8192
0 7319
0 7500
0 6278
1 8192
1 8192
0 7362
1 8192
1 8192
0 6985
1 8192
1 8192
0 7939
1 8192
0 6399
0 5046
1 8192
0 7964
1 8192
1 8192
1 8192
0 4800
1 8192
2 8192
1 8192
2 8192
1 8192
0 6636
2 8192
0 4719
0 5350
0 4280
1 8192
3 8192
2 8192
0 6931
1 8192
0 5991
0 6620
1 8192
2 8192
0 5752
1 8192
1 8192
1 8192
0 5806
0 6658
1 8192
3 8192
0 5339
0 6175
1 8192
3 8192
1 8192
1 8192
1 8192
1 8192
1 8192
0 8169
0 5063
1 8192
0 7569
1 8192
1 8192
1 8192
2 8192
4 8192
1 8192
0 4406
2 8192
2 8192
0 4640
1 8192
2 8192
1 8192
2 8192
1 8192
1 8192
0 6792
0 7672
2 8192
0 7630
1 8192
2 8192
0 5905
0 6903
0 6405
1 8192
1 8192
2 8192
1 8192
1 8192
1 8192
1 8192
1 8192
0 7153
0 4744
1 8192
0 4960
0 7280
1 8192
1 8192
2 8192
2 8192
1 8192
0 7758
2 8192
1 8192
0 7901
0 7650
2 8192
4 8192
2 8192
1 8192
0 6088
1 8192
1 8192
0 7850
2 8192
0 7492
2 8192
1 8192
0 5331
0 5010
0 6723
1 8192
2 8192
0 4893
1 8192
0 5873
3 8192
0 5708
2 8192
1 8192
2 8192
1 8192
0 5342
2 8192
0 8147
0 5899
1 8192
1 8192
2 8192
3 8192
0 6670
2 8192
1 8192
1 8192
0 6667
1 8192
0 6584
0 4778
1 8192
1 8192
0 7663
2 8192
0 7025
0 7701
1 8192
0 4964
1 8192
1 8192
2 8192
1 8192
2 8192
1 8192
1 8192
1 8192
3 8192
3 8192
0 6647
0 5470
0 3813
3 8192
0 4783
0 6543
0 7028
1 8192
2 8192
2 8192
1 8192
1 8192
1 8192
1 8192
2 8192
3 8192
0 6340
1 8192
1 8192
2 8192
1 8192
2 8192
0 4416
0 6178
0 4093
0 8168
0 7780
1 8192
0 5901
0 7877
2 8192
1 8192
1 8192
1 8192
3 8192
0 4891
0 7500
2 8192
0 6064
0 7128
2 8192
2 8192
0 7088
0 7338
0 5616
0 5086
3 8192
3 8192
1 8192
1 8192
1 8192
0 7532
0 5769
0 5011
2 8192
1 8192
1 8192
2 8192
2 8192
0 6577
1 8192
2 8192
1 8192
0 5138
0 6750
1 8192
1 8192
0 7355
0 5689
1 8192
0 3911
1 8192
0 7331
0 4419
1 8192
2 8192
1 8192
0 6417
0 5559
0 5571
0 5207
0 5695
0 4435
1 8192
1 8192
2 8192
1 8192
2 8192
2 8192
2 8192
2 8192
1 8192
0 5662
1 8192
2 8192
1 8192
1 8192
1 8192
1 8192
0 5325
0 7764
0 7168
2 8192
1 8192
1 8192
0 6175
0 7419
1 8192
3 8192
2 8192
1 8192
2 8192
0 6928
0 4439
0 7922
0 7204
1 8192
0 6688
0 7889
0 7062
0 5849
0 6657
1 8192
0 7604
0 7616
1 8192
1 8192
1 8192
0 6056
2 8192
2 8192
1 8192
2 8192
0 8083
0 6907
0 6611
0 6372
2 8192
1 8192
1 8192
0 6789
2 8192
1 8192
2 8192
1 8192
1 8192
1 8192
0 6511
2 8192
1 8192
1 8192
1 8192
0 3791
1 8192
0 6443
4 8192
0 5383
0 7391
3 8192
1 8192
2 8192
2 8192
1 8192
1 8192
0 5799
2 8192
2 8192
1 8192
1 8192
1 8192
1 8192
4 8192
0 5550
1 8192
0 4504
0 4265
2 8192
1 8192
0 6868
0 4309
4 8192
1 8192
1 8192
0 5744
1 8192
0 5442
0 4831
0 7473
0 6941
0 6202
0 6879
3 8192
0 4496
2 8192
0 6121
0 4065
0 5006
1 8192
1 8192
1 8192
1 8192
1 8192
0 5229
2 8192
1 8192
1 8192
0 7860
0 7612
1 8192
0 5104
0 4632
1 8192
0 5866
1 8192
0 7516
2 8192
2 8192
1 8192
1 8192
0 4827
1 8192
1 8192
1 8192
0 7407
1 8192
3 8192
0 8125
2 8192
0 5897
0 7906
3 8192
3 8192
1 8192
1 8192
2 8192
1 8192
1 8192
0 5876
0 5471
1 8192
2 8192
1 8192
0 6811
3 8192
2 8192
4 8192
1 8192
1 8192
1 8192
2 8192
2 8192
1 8192
2 8192
1 8192
1 8192
1 8192
1 8192
0 7263
0 4776
0 7808
2 8192
2 8192
2 8192
3 8192
0 8039
1 8192
0 6524
3 8192
0 5675
3 8192
1 8192
1 8192
0 7945
2 8192
0 6453
0 7026
0 6119
1 8192
0 4837
0 5990
0 6871
1 8192
1 8192
0 5354
1 8192
0 5718
0 4862
0 5044
0 6305
2 8192
0 5747
2 8192
0 6909
0 5530
3 8192
0 4865
1 8192
1 8192
2 8192
0 4672
0 6965
1 8192
0 7285
0 4425
1 8192
1 8192
0 6644
0 5262
0 3805
1 8192
0 5809
0 6440
3 8192
1 8192
0 6672
0 4044
0 5882
0 5523
0 6287
2 8192
0 5411
0 6938
1 8192
1 8192
0 7963
1 8192
1 8192
0 5515
3 8192
1 8192
1 8192
0 7521
0 7850
3 8192
3 8192
0 6482
0 4754
2 8192
0 5345
0 5247
1 8192
0 6259
0 5667
0 6717
3 8192
1 8192
1 8192
0 6839
3 8192
1 8192
0 7251
1 8192
2 8192
1 8192
1 8192
2 8192
0 7518
1 8192
2 8192
0 6156
0 4714
0 7576
0 7532
0 6045
1 8192
0 5047
0 5919
1 8192
1 8192
0 6110
1 8192
0 7435
2 8192
3 8192
1 8192
0 5114
1 8192
1 8192
0 4850
1 8192
0 6054
3 8192
0 7064
3 8192
2 8192
1 8192
0 6516
1 8192
0 4822
1 8192
0 5996
0 7373
0 5394
1 8192
1 8192
0 6557
1 8192
0 5817
0 5122
0 5506
1 8192
1 8192
2 8192
1 8192
0 5348
1 8192
2 8192
1 8192
0 4354
0 6710
0 5878
1 8192
0 4493
0 4797
1 8192
1 8192
1 8192
1 8192
1 8192
1 8192
0 7918
1 8192
0 6287
0 4295
1 8192
1 8192
0 5567
1 8192
2 8192
3 8192
1 8192
0 5394
2 8192
0 5313
0 4600
1 8192
0 5047
2 8192
0 6471
1 8192
0 5938
1 8192
4 8192
1 8192
0 5013
0 4022
0 7074
1 8192
2 8192
2 8192
0 5096
0 7123
0 6402
0 6715
1 8192
1 8192
0 4735
0 7562
1 8192
0 6470
0 4181
1 8192
0 5034
2 8192
1 8192
0 7912
2 8192
1 8192
0 4792
0 7929
4 8192
0 7998
1 8192
0 6671
2 8192
0 7164
3 8192
0 5253
3 8192
0 6333
0 8177
0 4029
0 7183
0 8128
0 6846
0 5348
0 7538
1 8192
0 5811
4 8192
0 6744
1 8192
0 4842
0 4082
1 8192
0 7596
2 8192
0 6124
2 8192
1 8192
2 8192
0 8140
1 8192
2 8192
1 8192
1 8192
0 4848
1 8192
0 5800
2 8192
0 4302
0 6416
2 8192
0 7448
0 4114
1 8192
4 8192
2 8192
0 6787
2 8192
3 8192
2 8192
3 8192
0 6429
1 8192
0 7689
0 7092
0 4770
1 8192
0 4223
3 8192
2 8192
0 5573
0 5707
2 8192
2 8192
1 8192
2 8192
0 7071
0 5955
1 8192
1 8192
1 8192
0 6350
0 6260
1 8192
1 8192
2 8192
0 4467
1 8192
0 5360
1 8192
0 6989
0 7185
0 5408
1 8192
3 8192
0 4994
4 8192
0 6166
1 8192
2 8192
1 8192
1 8192
0 5325
2 8192
0 5408
2 8192
1 8192
1 8192
1 8192
1 8192
0 5651
1 8192
2 8192
0 5628
0 6287
0 6795
1 8192
1 8192
2 8192
0 8093
1 8192
1 8192
1 8192
2 8192
1 8192
0 7533
3 8192
0 5981
0 7876
1 8192
1 8192
1 8192
0 6345
1 8192
0 5989
0 6941
1 8192
0 4077
2 8192
0 7001
1 8192
0 5696
1 8192
0 4473
2 8192
0 6528
1 8192
1 8192
0 5520
2 8192
0 5312
0 6667
3 8192
1 8192
0 5787
1 8192
0 6069
0 5144
1 8192
1 8192
1 8192
0 4780
0 5270
0 6004
4 8192
2 8192
1 8192
0 7849
3 8192
1 8192
0 5915
0 5496
0 6480
0 6049
1 8192
0 4929
2 8192
0 7321
0 6677
2 8192
0 4995
0 5822
0 5421
0 7983
0 5803
0 5059
1 8192
0 6908
1 8192
2 8192
1 8192
0 6982
1 8192
0 7927
1 8192
1 8192
1 8192
4 8192
1 8192
1 8192
0 6432
0 7213
0 7372
0 5996
1 8192
2 8192
1 8192
1 8192
0 7085
2 8192
2 8192
2 8192
1 8192
0 6758
1 8192
1 8192
0 5162
0 6026
0 7192
0 6740
0 4916
1 8192
1 8192
3 8192
0 7711
0 7468
4 8192
2 8192
0 7922
1 8192
2 8192
1 8192
2 8192
2 8192
0 6463
1 8192
2 8192
1 8192
0 6134
0 6741
0 6232
2 8192
1 8192
0 4197
0 3767
0 7941
1 8192
0 5678
1 8192
1 8192
0 7169
1 8192
1 8192
0 5808
1 8192
1 8192
1 8192
0 7112
0 4772
1 8192
1 8192
0 5978
1 8192
0 7503
1 8192
3 8192
2 8192
3 8192
1 8192
3 8192
1 8192
1 8192
1 8192
0 6127
0 4930
0 7938
1 8192
1 8192
0 6019
0 4171
3 8192
0 5500
0 3800
1 8192
1 8192
0 5160
0 7331
3 8192
2 8192
1 8192
1 8192
2 8192
2 8192
1 8192
1 8192
3 8192
0 5119
0 4445
0 7765
4 8192
3 8192
0 5133
0 7529
0 6044
1 8192
2 8192
1 8192
0 6052
1 8192
0 6018
0 6697
0 4587
0 5124
2 8192
2 8192
1 8192
1 8192
3 8192
1 8192
1 8192
1 8192
0 4596
0 6319
1 8192
2 8192
0 5627
1 8192
0 7260
0 5924
1 8192
3 8192
0 6110
2 8192
1 8192
0 4670
0 5592
2 8192
1 8192
1 8192
0 4470
1 8192
0 5218
1 8192
0 8143
0 4903
0 5571
0 7862
1 8192
2 8192
2 8192
0 7438
2 8192
1 8192
1 8192
3 8192
0 6711
0 6300
2 8192
0 5036
2 8192
1 8192
0 6778
1 8192
2 8192
1 8192
0 5439
1 8192
1 8192
0 5589
0 7440
1 8192
1 8192
0 6447
0 5349
1 8192
0 6456
0 7159
0 5562
1 8192
0 5336
0 4778
0 6378
0 5275
0 5004
1 8192
0 6332
2 8192
0 5685
0 4776
1 8192
1 8192
2 8192
0 7316
1 8192
0 7456
0 6003
1 8192
2 8192
1 8192
1 8192
0 4858
2 8192
0 7314
1 8192
3 8192
0 5001
0 4886
3 8192
3 8192
0 6624
0 6026
3 8192
0 6447
0 5789
1 8192
2 8192
1 8192
3 8192
0 8118
0 4382
0 5713
1 8192
3 8192
1 8192
0 5005
2 8192
1 8192
0 5128
0 4350
4 8192
2 8192
1 8192
0 6238
2 8192
0 5899
0 4987
0 6445
0 5738
0 6206
0 7651
0 4936
0 5121
0 6316
1 8192
1 8192
1 8192
2 8192
0 7972
1 8192
2 8192
1 8192
1 8192
2 8192
1 8192
0 8096
1 8192
2 8192
0 5996
0 7672
0 6003
2 8192
1 8192
1 8192
0 4630
0 5093
1 8192
0 4800
1 8192
2 8192
1 8192
1 8192
0 5240
0 6619
1 8192
1 8192
2 8192
0 4890
1 8192
1 8192
0 4126
0 5861
2 8192
0 5867
0 7658
2 8192
0 5927
0 5325
3 8192
2 8192
0 6680
0 5641
0 7951
1 8192
0 6334
0 5915
0 5026
1 8192
0 6142
0 7028
0 4804
0 6084
1 8192
1 8192
1 8192
3 8192
0 7231
0 6521
2 8192
2 8192
0 5417
0 4680
2 8192
0 7326
2 8192
0 7211
2 8192
1 8192
1 8192
1 8192
3 8192
1 8192
0 6184
2 8192
2 8192
0 5938
0 7099
0 8039
1 8192
0 5799
1 8192
2 8192
0 7775
0 5030
1 8192
2 8192
0 6300
2 8192
0 7259
0 7123
0 7368
0 4637
1 8192
1 8192
0 5883
0 7256
1 8192
0 5034
0 6990
0 6575
0 5437
1 8192
0 5711
1 8192
0 4589
1 8192
1 8192
0 6843
0 7064
1 8192
2 8192
0 6678
1 8192
1 8192
1 8192
2 8192
1 8192
0 5790
1 8192
1 8192
0 7158
0 6490
1 8192
0 7777
1 8192
0 6685
0 5172
0 5450
3 8192
0 5987
0 5647
1 8192
1 8192
2 8192
2 8192
0 6355
0 4996
2 8192
0 5005
1 8192
1 8192
0 7917
0 5128
1 8192
1 8192
1 8192
1 8192
0 5320
3 8192
2 8192
0 6295
0 5633
1 8192
0 7887
0 6657
3 8192
0 4198
1 8192
1 8192
2 8192
1 8192
0 5225
0 5930
3 8192
2 8192
0 6500
3 8192
0 6054
0 5817
1 8192
0 5650
0 5580
0 7376
0 5480
2 8192
0 7110
0 7061
2 8192
2 8192
5 8192
0 8122
2 8192
0 6652
0 5224
2 8192
2 8192
1 8192
0 6682
1 8192
1 8192
1 8192
1 8192
0 5655
0 5536
2 8192
0 5766
0 5547
1 8192
1 8192
0 7886
0 5767
0 6792
0 7743
0 6639
4 8192
0 3732
1 8192
0 6709
1 8192
0 6509
1 8192
0 7432
0 8179
1 8192
0 5427
4 8192
3 8192
3 8192
1 8192
1 8192
0 6782
1 8192
1 8192
2 8192
0 8013
1 8192
2 8192
0 5232
1 8192
0 4979
0 6483
2 8192
1 8192
1 8192
1 8192
1 8192
0 5498
0 7413
0 4530
1 8192
0 7849
1 8192
0 7002
0 6704
1 8192
0 7646
0 5314
1 8192
0 5139
0 7128
1 8192
0 7641
2 8192
1 8192
1 8192
2 8192
0 4932
2 8192
1 8192
1 8192
0 7018
3 8192
1 8192
1 8192
1 8192
0 6231
2 8192
1 8192
0 7520
0 7920
0 6025
0 6501
0 4514
0 7260
2 8192
1 8192
2 8192
1 8192
0 7966
0 4945
2 8192
2 8192
2 8192
1 8192
0 7742
2 8192
0 5240
1 8192
3 8192
3 8192
1 8192
1 8192
7 8192
0 6216
0 7219
0 5479
2 8192
1 8192
0 4049
1 8192
1 8192
0 7506
0 7291
0 7631
1 8192
1 8192
1 8192
3 8192
1 8192
1 8192
2 8192
1 8192
1 8192
2 8192
2 8192
1 8192
0 4291
0 6557
0 6475
2 8192
1 8192
0 5613
0 6637
2 8192
0 6387
1 8192
1 8192
2 8192
2 8192
0 4798
0 6895
1 8192
1 8192
1 8192
2 8192
0 4325
1 8192
1 8192
0 7118
0 5367
1 8192
1 8192
0 6126
0 5105
1 8192
1 8192
1 8192
1 8192
0 5171
0 6495
1 8192
2 8192
0 5412
2 8192
3 8192
1 8192
0 4725
0 4898
1 8192
1 8192
0 7487
1 8192
0 6077
1 8192
1 8192
2 8192
0 5116
0 6697
1 8192
2 8192
0 6505
0 7883
0 4937
0 7780
0 7385
0 6433
1 8192
2 8192
1 8192
0 4621
0 4686
0 5212
1 8192
0 6837
0 4875
0 5272
0 7173
0 5549
0 5596
0 6930
1 8192
1 8192
0 6568
1 8192
2 8192
1 8192
1 8192
0 6063
3 8192
3 8192
1 8192
3 8192
0 7598
0 4784
2 8192
0 5895
0 6985
3 8192
0 6673
0 6878
0 5101
1 8192
0 6073
0 4625
0 6158
0 5792
2 8192
3 8192
1 8192
1 8192
4 8192
0 6611
0 6675
2 8192
0 5100
3 8192
1 8192
0 6783
4 8192
1 8192
0 6688
1 8192
1 8192
1 8192
0 5437
1 8192
2 8192
0 5214
1 8192
1 8192
1 8192
3 8192
0 6598
3 8192
1 8192
3 8192
2 8192
2 8192
0 4450
1 8192
0 6079
0 7365
3 8192
1 8192
1 8192
1 8192
1 8192
1 8192
0 6686
1 8192
1 8192
1 8192
0 4102
1 8192
0 7716
3 8192
0 5064
1 8192
0 7629
3 8192
0 5500
1 8192
0 6335
1 8192
2 8192
0 5515
1 8192
1 8192
1 8192
1 8192
1 8192
0 7178
0 5583
1 8192
1 8192
1 8192
1 8192
0 5092
2 8192
0 6863
0 7770
0 5005
1 8192
2 8192
2 8192
1 8192
1 8192
1 8192
1 8192
2 8192
1 8192
2 8192
0 6017
2 8192
2 8192
1 8192
0 6825
0 4229
0 4528
0 4511
3 8192
2 8192
1 8192
2 8192
1 8192
0 5592
0 4952
0 7920
1 8192
0 3637
0 6766
0 6914
1 8192
0 5654
0 5656
0 6067
0 5082
0 4938
0 6332
1 8192
0 5790
0 6656
3 8192
1 8192
1 8192
0 5766
0 7369
4 8192
0 6079
0 5361
1 8192
0 5950
0 5976
1 8192
0 6327
3 8192
0 5043
2 8192
0 6713
1 8192
0 6472
0 5403
1 8192
0 6964
1 8192
1 8192
2 8192
1 8192
0 7485
1 8192
0 6282
1 8192
1 8192
0 6076
2 8192
0 5142
0 8136
0 4493
0 5156
0 7018
0 6768
1 8192
1 8192
0 4278
0 5714
0 5524
1 8192
2 8192
1 8192
0 6609
3 8192
0 7383
3 8192
0 7219
0 5703
0 7894
0 4664
0 7634
0 8078
1 8192
1 8192
2 8192
0 4277
0 4316
0 5920
0 5374
0 5932
0 7301
0 6362
1 8192
1 8192
1 8192
1 8192
1 8192
1 8192
0 4435
1 8192
1 8192
3 8192
3 8192
0 4916
0 6838
0 7768
0 5536
2 8192
0 5421
0 7586
0 5186
0 6572
2 8192
1 8192
0 4169
1 8192
2 8192
1 8192
0 6121
2 8192
3 8192
2 8192
0 8068
0 7619
1 8192
0 4387
0 6836
1 8192
0 6519
1 8192
1 8192
0 7107
0 7770
0 7180
3 8192
3 8192
0 4207
3 8192
0 7895
3 8192
3 8192
0 6189
2 8192
2 8192
1 8192
1 8192
0 5268
2 8192
0 7935
1 8192
1 8192
1 8192
0 6759
0 5422
2 8192
4 8192
0 3943
0 5105
2 8192
2 8192
1 8192
2 8192
0 6338
1 8192
0 5620
0 6574
1 8192
1 8192
0 5007
1 8192
0 6481
0 4851
0 4250
0 4873
1 8192
1 8192
1 8192
1 8192
1 8192
0 6049
1 8192
0 5945
1 8192
0 4802
0 7046
0 5670
1 8192
1 8192
1 8192
0 5348
1 8192
0 5189
1 8192
2 8192
2 8192
0 5990
1 8192
0 7482
1 8192
2 8192
0 6702
3 8192
0 8043
0 6029
2 8192
1 8192
0 5545
1 8192
1 8192
1 8192
0 5770
0 4061
1 8192
0 7306
1 8192
0 6898
2 8192
2 8192
1 8192
2 8192
1 8192
2 8192
2 8192
0 5767
0 4857
0 7157
1 8192
0 4623
2 8192
1 8192
0 6116
1 8192
0 4770
1 8192
0 7201
1 8192
2 8192
1 8192
1 8192
0 5491
0 7334
2 8192
0 6003
0 4740
3 8192
1 8192
1 8192
0 7794
0 5329
1 8192
0 6584
1 8192
0 5931
0 7178
2 8192
3 8192
2 8192
1 8192
1 8192
0 6744
0 5188
3 8192
2 8192
2 8192
0 4540
1 8192
1 8192
1 8192
0 6435
1 8192
0 5254
1 8192
0 6286
2 8192
0 5191
2 8192
1 8192
1 8192
0 5906
0 5376
2 8192
2 8192
5 8192
2 8192
2 8192
0 7234
0 4554
1 8192
0 5569
1 8192
3 8192
0 4838
0 5417
1 8192
0 4846
0 5849
0 5640
3 8192
1 8192
0 4423
1 8192
0 6007
1 8192
1 8192
0 4425
1 8192
2 8192
2 8192
1 8192
0 4644
0 6496
0 4617
1 8192
0 4972
0 7771
3 8192
0 6072
0 6227
0 8081
0 5949
0 5612
0 5943
1 8192
1 8192
1 8192
3 8192
0 6475
1 8192
1 8192
0 5961
0 4227
2 8192
1 8192
2 8192
0 5533
0 4727
0 6914
2 8192
3 8192
2 8192
1 8192
0 5721
2 8192
1 8192
1 8192
1 8192
1 8192
0 5887
0 7982
1 8192
0 5236
0 8171
0 6632
1 8192
1 8192
2 8192
0 4175
0 6500
0 5734
1 8192
1 8192
1 8192
0 4412
0 5194
1 8192
1 8192
3 8192
1 8192
0 7171
0 4849
4 8192
0 7711
1 8192
1 8192
1 8192
2 8192
0 6948
0 6114
0 5790
2 8192
0 4779
2 8192
0 5549
0 7830
0 6447
0 3577
0 5262
1 8192
1 8192
0 7246
2 8192
2 8192
3 8192
2 8192
0 6645
1 8192
1 8192
0 6949
1 8192
0 5854
0 4732
1 8192
0 4611
0 4864
1 8192
1 8192
0 5453
0 7500
1 8192
1 8192
0 5372
0 7088
1 8192
0 6932
1 8192
1 8192
1 8192
0 5223
0 4721
0 5636
0 6686
0 4145
2 8192
0 5760
0 4438
1 8192
0 7257
1 8192
0 6337
0 6679
1 8192
1 8192
1 8192
3 8192
1 8192
0 5236
1 8192
1 8192
0 5236
1 8192
0 4964
1 8192
2 8192
1 8192
1 8192
3 8192
1 8192
1 8192
3 8192
2 8192
1 8192
0 6225
1 8192
2 8192
4 8192
1 8192
1 8192
1 8192
0 6081
0 6010
1 8192
0 6594
0 5491
0 5859
1 8192
0 8026
0 5500
1 8192
0 5042
0 4315
2 8192
3 8192
0 6386
1 8192
0 4708
1 8192
1 8192
0 6230
1 8192
1 8192
1 8192
2 8192
1 8192
0 4143
0 4817
0 4975
0 4878
1 8192
2 8192
1 8192
4 8192
0 4967
0 5554
3 8192
0 4305
1 8192
0 6905
0 7258
0 7522
1 8192
0 4588
2 8192
1 8192
2 8192
0 7854
0 6795
0 4994
1 8192
0 8009
0 4083
1 8192
0 5871
0 6493
0 6770
0 4355
1 8192
0 6955
1 8192
1 8192
1 8192
0 5286
1 8192
4 8192
2 8192
0 5588
0 5217
1 8192
0 4333
0 4613
0 5900
1 8192
2 8192
2 8192
0 4641
2 8192
0 8090
2 8192
3 8192
0 4904
1 8192
0 5334
2 8192
1 8192
0 5635
0 7680
2 8192
1 8192
2 8192
1 8192
0 5204
2 8192
0 5620
1 8192
1 8192
0 6049
0 6789
0 7122
0 4586
1 8192
0 5060
2 8192
3 8192
1 8192
0 6651
2 8192
0 7229
0 4441
1 8192
2 8192
0 7490
0 7500
0 6562
1 8192
3 8192
0 7365
1 8192
1 8192
0 5626
0 4912
0 5884
0 6934
1 8192
1 8192
0 4292
0 4856
1 8192
2 8192
1 8192
0 3901
1 8192
1 8192
1 8192
0 7234
0 6768
0 6272
1 8192
2 8192
1 8192
0 4909
0 4368
0 7183
0 7522
0 5890
0 7591
2 8192
1 8192
0 6869
3 8192
0 4390
1 8192
2 8192
0 5954
0 5728
0 6632
0 4517
0 4343
0 7744
0 4619
1 8192
0 5389
2 8192
1 8192
0 4009
3 8192
2 8192
1 8192
0 5800
0 4476
0 6090
1 8192
0 5418
1 8192
1 8192
1 8192
0 4958
1 8192
0 7393
2 8192
0 7733
0 8053
0 5860
1 8192
1 8192
0 4678
0 5071
1 8192
0 7247
0 4843
0 5845
2 8192
0 7520
1 8192
1 8192
0 6288
3 8192
1 8192
1 8192
2 8192
2 8192
0 6936
1 8192
1 8192
1 8192
3 8192
2 8192
0 6937
2 8192
4 8192
3 8192
0 6466
4 8192
1 8192
0 7034
1 8192
0 6585
0 7394
0 5529
2 8192
0 6788
0 4205
0 5232
3 8192
0 3897
2 8192
0 5934
1 8192
1 8192
1 8192
0 7050
2 8192
0 5792
2 8192
0 5960
0 4459
1 8192
0 4536
0 4312
0 6197
0 4259
1 8192
0 4242
0 7202
1 8192
0 6227
2 8192
0 6858
1 8192
2 8192
1 8192
1 8192
2 8192
1 8192
0 6488
0 6906
4 8192
1 8192
0 4774
2 8192
2 8192
2 8192
2 8192
0 4591
0 7357
0 5766
1 8192
0 6597
1 8192
1 8192
1 8192
0 5192
2 8192
0 4008
2 8192
1 8192
0 4728
0 7768
1 8192
1 8192
1 8192
1 8192
0 7273
0 5375
0 7539
2 8192
0 5850
0 6197
2 8192
1 8192
0 5910
1 8192
1 8192
0 5818
1 8192
1 8192
0 6696
0 4977
1 8192
1 8192
1 8192
0 6236
2 8192
0 6087
1 8192
1 8192
1 8192
0 5259
0 4389
0 6844
0 5303
0 7058
2 8192
3 8192
1 8192
1 8192
0 6420
0 5369
0 7165
1 8192
1 8192
3 8192
1 8192
0 7826
2 8192
0 7008
1 8192
0 5224
1 8192
1 8192
0 5304
1 8192
1 8192
3 8192
1 8192
1 8192
0 5194
0 5919
0 6949
1 8192
1 8192
0 5047
0 5273
1 8192
0 7644
6 8192
2 8192
2 8192
0 6894
0 4712
0 4221
2 8192
0 7426
0 6636
1 8192
2 8192
1 8192
1 8192
4 8192
1 8192
3 8192
0 7799
1 8192
1 8192
0 7189
1 8192
0 6395
0 4324
0 5291
1 8192
1 8192
1 8192
1 8192
1 8192
0 4822
0 4800
1 8192
0 7828
0 4931
0 3835
0 7406
0 7968
0 7733
2 8192
0 4851
1 8192
2 8192
0 6926
0 6058
0 7520
0 7259
2 8192
2 8192
3 8192
1 8192
1 8192
0 5558
2 8192
3 8192
0 4451
1 8192
1 8192
0 6098
1 8192
0 6527
0 7044
3 8192
0 6929
1 8192
1 8192
1 8192
3 8192
1 8192
3 8192
0 5804
1 8192
1 8192
1 8192
1 8192
0 6368
1 8192
0 5155
0 5794
2 8192
0 3728
4 8192
2 8192
