# SA for random K-SAT
# K = 3   N = 512   M = 2016   seed = 3024730562
# alpha = 3.937500   nIter = 1024  Tmax = 0.200000
# 1:lowestUnsat  2:runTime
0 182
0 202
1 1024
0 168
0 299
1 1024
0 35
0 221
0 545
0 133
1 1024
1 1024
1 1024
2 1024
1 1024
0 81
1 1024
0 321
1 1024
0 370
0 66
0 93
0 225
0 132
0 749
2 1024
0 472
0 107
1 1024
0 183
0 356
1 1024
0 218
0 144
3 1024
0 98
0 219
0 229
1 1024
0 647
0 185
1 1024
0 924
0 214
0 45
1 1024
0 55
0 145
0 371
0 124
1 1024
1 1024
0 444
0 152
0 289
1 1024
0 470
0 231
0 285
0 218
0 298
0 442
0 93
1 1024
0 175
0 250
0 67
2 1024
0 108
0 89
0 652
0 529
1 1024
0 397
0 697
1 1024
0 651
1 1024
0 93
0 62
1 1024
2 1024
0 208
0 278
0 384
0 139
0 256
0 544
1 1024
0 197
1 1024
2 1024
0 191
1 1024
0 235
1 1024
0 708
0 443
1 1024
1 1024
1 1024
0 186
1 1024
1 1024
0 275
1 1024
0 317
1 1024
0 367
1 1024
1 1024
1 1024
0 176
2 1024
1 1024
0 151
0 101
0 324
0 98
1 1024
1 1024
0 617
0 343
1 1024
0 832
3 1024
1 1024
0 136
0 671
0 211
0 337
0 439
2 1024
1 1024
0 141
0 140
2 1024
0 86
0 291
0 227
0 212
0 228
1 1024
0 117
0 678
1 1024
0 880
0 256
1 1024
0 54
0 153
0 29
1 1024
1 1024
0 211
0 274
1 1024
0 164
0 620
0 365
0 217
2 1024
0 130
1 1024
0 147
0 300
0 92
1 1024
1 1024
1 1024
0 54
0 1009
0 814
0 509
0 110
0 159
0 191
0 149
1 1024
0 249
0 319
0 162
1 1024
2 1024
0 33
1 1024
1 1024
1 1024
2 1024
1 1024
0 670
0 88
1 1024
0 255
1 1024
0 960
0 665
0 61
0 165
1 1024
0 163
0 317
1 1024
0 52
0 218
0 130
0 196
0 281
0 101
1 1024
0 115
0 62
1 1024
0 84
0 83
1 1024
0 65
1 1024
0 186
1 1024
0 108
0 93
0 73
0 281
1 1024
1 1024
1 1024
0 176
0 225
0 345
0 689
1 1024
0 183
0 70
0 198
2 1024
0 370
0 96
1 1024
0 931
0 57
0 197
0 53
0 110
0 758
0 200
1 1024
0 992
3 1024
1 1024
1 1024
0 64
1 1024
0 143
0 76
0 249
0 114
1 1024
1 1024
3 1024
1 1024
0 235
0 200
0 256
1 1024
0 546
1 1024
2 1024
1 1024
1 1024
1 1024
0 681
1 1024
0 133
0 961
0 40
2 1024
0 299
1 1024
1 1024
0 350
1 1024
1 1024
0 699
0 230
0 58
1 1024
1 1024
0 136
1 1024
1 1024
1 1024
0 82
0 287
2 1024
0 750
0 258
0 399
0 92
1 1024
0 148
1 1024
0 701
0 391
0 145
0 177
0 316
0 184
0 117
1 1024
1 1024
0 408
2 1024
0 262
0 86
1 1024
0 47
3 1024
1 1024
1 1024
1 1024
1 1024
2 1024
0 766
0 73
0 105
0 773
0 166
0 142
0 752
0 264
1 1024
0 84
0 443
1 1024
2 1024
1 1024
0 168
1 1024
0 260
1 1024
0 861
1 1024
0 457
4 1024
0 145
0 175
2 1024
2 1024
0 394
1 1024
0 239
0 240
0 229
1 1024
0 411
0 1010
1 1024
0 265
0 145
0 228
1 1024
2 1024
1 1024
1 1024
0 174
0 119
1 1024
0 145
0 255
0 116
1 1024
0 115
0 708
0 323
0 605
0 167
1 1024
0 121
2 1024
0 69
0 210
1 1024
0 103
0 81
1 1024
0 790
1 1024
0 97
0 232
0 265
1 1024
0 199
1 1024
2 1024
1 1024
0 331
0 34
1 1024
0 194
1 1024
1 1024
0 87
0 193
0 152
0 248
0 105
0 474
1 1024
1 1024
0 690
2 1024
0 14
0 227
0 796
0 345
1 1024
1 1024
1 1024
0 78
1 1024
0 269
0 159
2 1024
0 194
0 258
0 829
0 93
0 163
0 55
0 155
0 215
1 1024
1 1024
0 399
1 1024
0 735
1 1024
1 1024
0 56
1 1024
0 131
0 541
1 1024
0 898
0 26
0 117
0 83
0 60
1 1024
1 1024
0 120
1 1024
2 1024
0 44
1 1024
3 1024
0 902
2 1024
0 71
1 1024
2 1024
0 458
0 247
2 1024
0 298
0 263
1 1024
0 89
0 148
1 1024
0 431
1 1024
2 1024
0 271
0 460
1 1024
1 1024
0 61
0 144
2 1024
1 1024
0 150
1 1024
2 1024
0 94
1 1024
1 1024
0 459
2 1024
0 626
1 1024
0 293
1 1024
1 1024
0 194
1 1024
0 106
2 1024
0 96
0 301
1 1024
1 1024
0 140
0 164
0 64
0 435
1 1024
0 173
0 194
1 1024
1 1024
0 35
0 259
0 620
0 251
0 114
0 577
0 339
0 64
0 310
0 664
1 1024
1 1024
0 842
0 806
0 75
1 1024
0 261
0 601
1 1024
0 507
1 1024
0 303
0 187
0 143
1 1024
1 1024
0 114
0 306
1 1024
1 1024
0 285
1 1024
0 188
0 414
0 51
0 94
0 729
0 241
0 364
0 662
1 1024
0 156
0 86
0 114
0 38
0 134
0 616
0 314
0 336
0 218
1 1024
0 97
1 1024
1 1024
1 1024
0 272
0 44
1 1024
0 562
0 115
2 1024
3 1024
0 642
0 79
1 1024
0 174
0 384
0 622
0 310
0 276
1 1024
1 1024
1 1024
0 904
0 81
0 284
0 62
0 83
0 27
0 159
1 1024
0 260
0 118
1 1024
0 38
0 80
0 142
1 1024
2 1024
1 1024
1 1024
0 187
0 226
0 285
2 1024
0 165
1 1024
1 1024
0 801
0 194
1 1024
1 1024
1 1024
0 973
0 124
0 53
0 361
0 375
1 1024
1 1024
1 1024
0 127
1 1024
0 354
0 160
0 156
1 1024
1 1024
0 38
1 1024
0 124
0 359
0 956
0 48
1 1024
0 345
1 1024
0 64
0 240
0 115
2 1024
0 262
0 172
1 1024
0 178
0 207
2 1024
0 168
1 1024
0 220
0 162
0 406
0 102
0 310
1 1024
1 1024
0 436
2 1024
1 1024
1 1024
0 98
2 1024
1 1024
0 314
0 532
0 62
1 1024
0 145
0 138
0 69
0 186
1 1024
0 242
1 1024
0 214
0 188
0 330
0 832
0 425
0 228
1 1024
2 1024
1 1024
1 1024
0 129
1 1024
0 594
0 100
0 214
1 1024
0 438
0 36
0 186
2 1024
0 289
0 147
1 1024
0 571
0 88
1 1024
3 1024
1 1024
0 274
0 589
0 72
1 1024
0 934
0 176
1 1024
0 51
1 1024
0 73
1 1024
0 243
1 1024
0 326
0 348
0 63
0 50
0 131
0 537
1 1024
0 98
0 553
0 103
1 1024
0 106
0 143
0 887
0 45
1 1024
0 229
1 1024
1 1024
0 268
1 1024
0 451
1 1024
0 98
0 480
1 1024
2 1024
1 1024
0 145
0 116
0 254
3 1024
1 1024
0 926
1 1024
0 562
0 282
1 1024
0 926
0 155
1 1024
1 1024
0 574
1 1024
2 1024
0 518
0 333
0 924
0 155
1 1024
0 452
0 140
0 655
0 132
0 209
1 1024
0 37
0 559
1 1024
1 1024
0 50
0 142
0 486
0 157
0 369
1 1024
0 691
0 220
3 1024
0 185
1 1024
0 143
0 319
1 1024
2 1024
0 442
0 747
2 1024
3 1024
1 1024
2 1024
1 1024
0 190
0 416
0 193
2 1024
0 96
0 228
0 658
0 165
1 1024
3 1024
0 149
0 276
1 1024
0 238
0 75
0 476
0 302
2 1024
0 157
0 880
0 166
0 77
3 1024
2 1024
1 1024
0 74
1 1024
0 536
0 779
0 526
2 1024
0 195
1 1024
0 272
1 1024
1 1024
1 1024
0 388
0 660
2 1024
0 191
0 185
0 238
1 1024
0 89
1 1024
0 216
1 1024
0 385
0 108
1 1024
2 1024
1 1024
1 1024
2 1024
0 203
1 1024
0 268
0 227
0 335
0 79
2 1024
0 265
1 1024
0 366
0 934
0 511
0 111
0 618
0 270
0 382
1 1024
1 1024
0 358
1 1024
0 267
0 225
1 1024
0 138
1 1024
0 220
1 1024
0 884
0 214
0 284
1 1024
0 259
1 1024
0 136
0 351
0 224
0 139
0 140
0 230
0 208
1 1024
0 90
1 1024
0 110
0 180
0 68
0 417
0 572
0 261
1 1024
1 1024
1 1024
0 863
0 46
2 1024
1 1024
1 1024
0 171
1 1024
2 1024
0 645
0 191
1 1024
1 1024
0 407
0 209
4 1024
2 1024
1 1024
0 386
1 1024
0 239
0 126
1 1024
1 1024
0 239
0 126
1 1024
0 63
2 1024
0 429
0 228
0 86
0 42
0 370
0 175
0 110
4 1024
2 1024
2 1024
0 342
0 203
0 244
1 1024
0 387
1 1024
1 1024
0 324
0 76
0 292
2 1024
1 1024
1 1024
0 403
2 1024
2 1024
0 483
1 1024
0 316
0 168
1 1024
1 1024
0 123
1 1024
0 363
0 208
2 1024
0 184
1 1024
0 463
2 1024
1 1024
0 233
0 168
1 1024
2 1024
0 129
0 170
1 1024
0 114
0 350
0 559
1 1024
0 681
1 1024
0 134
0 124
0 641
0 110
2 1024
0 677
0 572
1 1024
1 1024
0 220
1 1024
2 1024
0 591
0 399
0 166
1 1024
2 1024
0 458
0 132
1 1024
2 1024
0 545
0 193
0 23
0 107
0 377
0 324
0 483
0 170
1 1024
1 1024
1 1024
0 135
1 1024
0 122
1 1024
1 1024
0 52
1 1024
2 1024
0 193
1 1024
0 183
0 135
1 1024
0 386
1 1024
0 209
0 766
0 483
2 1024
1 1024
0 294
1 1024
1 1024
1 1024
0 651
1 1024
0 65
0 317
0 106
1 1024
1 1024
0 451
1 1024
0 97
1 1024
1 1024
0 368
0 163
0 145
0 442
0 358
0 143
0 535
0 254
0 429
0 842
1 1024
0 287
0 403
0 230
0 720
0 238
4 1024
0 156
0 138
0 76
1 1024
1 1024
1 1024
1 1024
0 375
1 1024
0 92
1 1024
1 1024
0 39
0 242
0 207
1 1024
0 58
0 267
1 1024
0 178
0 70
1 1024
0 103
0 109
0 81
0 176
1 1024
0 576
1 1024
1 1024
0 540
1 1024
0 478
0 84
0 78
0 439
0 304
1 1024
0 223
0 314
1 1024
0 86
1 1024
2 1024
0 207
0 162
1 1024
0 145
1 1024
0 805
0 731
0 145
0 558
0 212
0 83
0 59
1 1024
0 319
0 138
0 113
0 279
0 525
0 122
0 50
1 1024
0 348
0 231
1 1024
0 651
0 128
0 212
1 1024
0 117
0 395
1 1024
0 301
0 500
0 614
0 27
0 579
0 516
0 303
1 1024
0 508
1 1024
0 180
0 132
0 404
2 1024
0 83
0 112
0 193
2 1024
0 171
1 1024
1 1024
0 360
2 1024
2 1024
0 229
1 1024
1 1024
1 1024
0 205
2 1024
0 346
0 644
0 791
1 1024
3 1024
0 125
2 1024
0 118
0 873
1 1024
0 176
0 924
1 1024
0 433
0 117
0 58
0 424
0 876
0 149
0 264
1 1024
1 1024
0 221
0 439
1 1024
0 160
1 1024
1 1024
0 295
1 1024
0 156
1 1024
1 1024
1 1024
1 1024
1 1024
0 105
0 783
0 186
0 680
0 181
0 532
0 302
0 444
1 1024
0 456
0 532
2 1024
0 406
0 532
0 213
2 1024
1 1024
2 1024
0 304
1 1024
0 441
1 1024
1 1024
1 1024
2 1024
0 94
0 462
0 148
0 326
0 257
0 159
0 129
0 739
0 562
0 91
0 366
1 1024
3 1024
0 115
1 1024
0 548
1 1024
0 271
0 260
0 76
0 575
1 1024
1 1024
0 497
1 1024
0 152
0 160
1 1024
1 1024
1 1024
1 1024
0 164
1 1024
0 62
2 1024
2 1024
0 330
1 1024
2 1024
0 178
1 1024
0 416
2 1024
0 439
2 1024
0 123
0 362
1 1024
2 1024
0 139
0 221
0 167
1 1024
1 1024
0 969
0 162
0 523
0 231
0 305
0 215
1 1024
1 1024
1 1024
0 241
0 271
0 695
2 1024
0 839
1 1024
0 165
0 255
0 411
0 207
0 531
1 1024
1 1024
1 1024
0 160
0 412
0 98
1 1024
2 1024
2 1024
1 1024
0 350
0 615
2 1024
0 43
0 228
0 160
1 1024
1 1024
0 123
0 858
1 1024
1 1024
0 483
2 1024
0 262
1 1024
1 1024
0 386
0 136
1 1024
0 481
0 157
2 1024
1 1024
0 259
0 345
0 184
0 753
0 756
0 386
0 108
0 908
1 1024
0 290
1 1024
0 784
1 1024
0 107
1 1024
0 185
0 251
1 1024
1 1024
0 303
1 1024
1 1024
1 1024
0 71
0 899
0 319
1 1024
0 227
0 322
0 195
0 112
0 695
1 1024
1 1024
1 1024
1 1024
0 59
0 449
1 1024
0 105
0 231
0 233
0 152
0 150
0 278
1 1024
0 614
0 464
1 1024
0 349
0 43
0 107
0 129
1 1024
0 146
0 193
0 336
0 51
1 1024
0 153
1 1024
1 1024
0 469
0 156
0 519
0 403
0 440
0 591
1 1024
1 1024
0 679
0 841
1 1024
1 1024
0 994
1 1024
0 136
0 92
0 157
3 1024
1 1024
0 222
0 121
0 206
1 1024
1 1024
1 1024
0 124
1 1024
0 327
0 46
0 676
1 1024
0 51
1 1024
0 301
0 46
0 321
0 118
0 160
1 1024
0 251
1 1024
2 1024
1 1024
0 353
0 221
0 161
1 1024
0 389
1 1024
1 1024
1 1024
0 166
0 133
1 1024
0 830
0 265
0 353
1 1024
1 1024
0 317
1 1024
0 73
0 234
1 1024
0 290
1 1024
1 1024
0 403
0 398
1 1024
2 1024
0 183
1 1024
0 89
0 316
1 1024
1 1024
0 687
1 1024
3 1024
0 145
0 824
1 1024
1 1024
0 467
0 321
2 1024
2 1024
1 1024
1 1024
0 324
1 1024
1 1024
0 240
2 1024
0 60
1 1024
0 336
0 261
1 1024
0 182
0 177
0 178
0 135
0 682
1 1024
2 1024
1 1024
1 1024
0 32
0 70
0 360
3 1024
1 1024
0 334
1 1024
0 651
0 22
0 96
0 399
2 1024
0 671
0 102
2 1024
1 1024
0 542
0 78
0 369
1 1024
0 238
0 549
1 1024
1 1024
2 1024
0 321
1 1024
0 225
0 96
1 1024
0 170
1 1024
1 1024
0 148
1 1024
0 248
0 95
1 1024
0 148
1 1024
2 1024
0 148
0 359
0 60
0 101
1 1024
1 1024
0 274
0 197
0 308
1 1024
2 1024
0 155
2 1024
0 160
1 1024
2 1024
2 1024
0 375
0 289
2 1024
1 1024
0 86
2 1024
0 213
1 1024
0 158
0 215
1 1024
0 252
1 1024
0 440
1 1024
0 892
0 928
0 407
0 890
1 1024
0 917
0 561
1 1024
1 1024
2 1024
1 1024
0 287
0 75
0 342
0 244
0 105
0 186
1 1024
1 1024
0 236
0 166
1 1024
0 403
1 1024
0 159
0 992
1 1024
3 1024
0 89
0 161
1 1024
1 1024
0 160
0 412
0 489
0 402
1 1024
0 178
0 154
0 118
1 1024
1 1024
0 588
1 1024
0 890
0 219
1 1024
1 1024
0 173
0 599
0 779
1 1024
0 197
0 255
0 491
1 1024
0 258
1 1024
1 1024
0 74
1 1024
0 452
2 1024
2 1024
2 1024
0 125
0 340
0 192
1 1024
2 1024
0 237
1 1024
1 1024
0 260
0 713
0 128
0 174
2 1024
0 177
0 265
0 119
1 1024
1 1024
1 1024
0 50
2 1024
0 222
0 127
0 396
0 25
0 308
0 167
0 256
0 95
0 181
2 1024
0 78
0 155
0 161
1 1024
1 1024
0 107
0 164
1 1024
2 1024
1 1024
1 1024
2 1024
1 1024
1 1024
0 989
1 1024
1 1024
1 1024
0 115
0 236
0 209
1 1024
0 605
1 1024
0 903
1 1024
0 139
0 305
1 1024
0 73
2 1024
0 281
0 192
0 50
0 93
0 127
0 692
0 138
1 1024
0 30
0 415
1 1024
2 1024
1 1024
0 354
1 1024
2 1024
0 150
0 411
1 1024
1 1024
0 279
0 306
1 1024
2 1024
0 431
1 1024
0 184
0 407
1 1024
2 1024
0 94
1 1024
1 1024
1 1024
1 1024
1 1024
0 737
0 479
0 908
0 62
0 591
1 1024
2 1024
0 37
0 401
0 115
0 999
3 1024
0 52
2 1024
1 1024
0 157
0 255
1 1024
0 142
1 1024
1 1024
1 1024
0 568
0 323
1 1024
1 1024
0 108
0 178
0 323
0 126
1 1024
0 919
1 1024
1 1024
0 292
2 1024
0 54
0 322
0 147
0 53
0 851
2 1024
0 610
0 588
0 457
0 353
1 1024
0 193
0 352
0 223
0 80
1 1024
1 1024
0 123
0 113
0 224
0 187
0 235
2 1024
1 1024
0 135
2 1024
2 1024
0 77
1 1024
0 72
0 698
0 56
0 255
0 449
0 176
2 1024
0 475
1 1024
0 299
0 114
0 144
2 1024
1 1024
1 1024
0 207
0 295
0 32
0 104
0 355
0 199
1 1024
1 1024
0 89
0 328
1 1024
0 59
0 361
1 1024
1 1024
1 1024
0 84
0 928
1 1024
0 687
1 1024
0 179
0 102
2 1024
0 104
0 928
0 269
1 1024
1 1024
0 299
0 164
0 48
0 106
1 1024
1 1024
0 302
1 1024
0 137
1 1024
1 1024
0 663
1 1024
1 1024
0 545
1 1024
1 1024
0 202
0 908
0 35
0 539
0 54
0 110
0 59
0 364
0 257
0 267
0 408
1 1024
1 1024
0 183
0 120
1 1024
1 1024
0 193
0 401
0 460
0 123
0 63
1 1024
1 1024
0 206
0 649
1 1024
0 150
1 1024
1 1024
0 657
0 615
1 1024
0 287
2 1024
0 579
0 575
0 202
0 253
1 1024
3 1024
3 1024
1 1024
1 1024
0 304
0 226
0 338
0 140
0 279
0 455
0 224
1 1024
0 712
0 475
0 982
1 1024
0 139
0 280
0 198
1 1024
0 227
0 179
0 645
1 1024
1 1024
0 849
0 203
0 618
0 440
0 346
0 542
0 219
0 332
0 101
0 1006
0 149
0 96
1 1024
0 424
1 1024
0 146
0 152
0 497
0 94
0 533
0 202
1 1024
1 1024
0 255
1 1024
0 597
1 1024
2 1024
1 1024
0 211
1 1024
1 1024
1 1024
0 222
1 1024
1 1024
0 311
0 58
0 55
0 239
0 265
0 40
0 100
0 218
1 1024
0 958
1 1024
0 208
1 1024
0 245
0 77
0 61
2 1024
1 1024
0 202
1 1024
1 1024
1 1024
0 870
0 186
2 1024
0 58
2 1024
0 168
0 166
0 900
0 374
1 1024
0 330
0 144
0 554
0 835
1 1024
1 1024
0 445
1 1024
0 392
0 60
1 1024
0 93
2 1024
0 116
1 1024
1 1024
0 343
0 240
0 50
0 744
0 210
3 1024
2 1024
2 1024
0 275
1 1024
1 1024
0 234
1 1024
0 275
0 956
2 1024
1 1024
1 1024
0 161
1 1024
0 154
1 1024
0 76
0 127
0 220
0 369
0 180
0 380
1 1024
0 385
1 1024
1 1024
1 1024
3 1024
1 1024
2 1024
0 386
1 1024
0 626
0 132
2 1024
0 826
0 243
1 1024
0 626
1 1024
0 826
0 479
0 1018
1 1024
0 989
0 524
0 328
1 1024
3 1024
0 230
0 954
0 494
0 173
0 247
2 1024
0 115
0 121
2 1024
1 1024
1 1024
0 241
0 173
0 612
0 88
0 211
0 371
2 1024
0 450
0 110
0 842
2 1024
0 541
1 1024
2 1024
0 49
1 1024
0 188
0 120
0 71
0 298
2 1024
2 1024
1 1024
0 114
0 103
0 169
0 361
1 1024
1 1024
0 983
0 47
0 297
0 581
1 1024
0 517
1 1024
2 1024
1 1024
0 368
0 291
0 170
1 1024
0 243
0 812
0 197
1 1024
0 81
0 574
0 201
0 863
1 1024
0 484
1 1024
1 1024
0 466
1 1024
1 1024
0 814
0 118
0 49
0 26
1 1024
1 1024
1 1024
0 801
0 297
0 240
0 219
0 349
1 1024
0 661
0 229
0 425
0 361
1 1024
1 1024
0 626
1 1024
0 382
0 193
0 64
0 658
1 1024
0 374
1 1024
0 202
1 1024
0 271
0 441
0 16
0 204
0 321
0 197
1 1024
0 207
1 1024
1 1024
2 1024
2 1024
1 1024
1 1024
0 260
0 764
0 141
0 281
0 168
0 34
0 236
1 1024
0 382
0 654
0 458
1 1024
0 107
0 130
1 1024
0 312
0 417
0 268
2 1024
2 1024
1 1024
0 136
0 141
0 70
1 1024
1 1024
1 1024
0 236
0 342
0 94
1 1024
0 115
1 1024
0 118
1 1024
0 121
0 390
0 59
0 132
0 107
2 1024
2 1024
0 535
0 161
1 1024
1 1024
0 152
0 623
0 560
0 163
1 1024
0 336
1 1024
0 281
0 607
1 1024
1 1024
1 1024
0 433
0 212
0 85
0 148
0 795
0 250
1 1024
0 216
0 448
0 216
0 243
0 711
1 1024
0 83
1 1024
0 131
0 336
0 56
0 224
0 94
1 1024
2 1024
0 82
1 1024
0 246
2 1024
0 329
0 195
1 1024
1 1024
0 969
0 335
0 208
0 315
0 191
1 1024
0 726
1 1024
1 1024
1 1024
0 167
1 1024
0 374
0 165
1 1024
1 1024
0 220
0 303
1 1024
0 349
2 1024
0 82
0 308
1 1024
1 1024
0 346
2 1024
0 162
0 276
1 1024
0 375
2 1024
2 1024
0 35
0 386
0 274
0 128
2 1024
1 1024
0 504
1 1024
0 125
0 110
2 1024
1 1024
0 112
1 1024
0 682
1 1024
0 742
0 971
0 777
0 394
0 88
1 1024
0 93
1 1024
1 1024
0 332
0 333
1 1024
2 1024
0 875
0 164
1 1024
0 592
0 703
0 282
0 167
0 182
0 307
1 1024
0 630
1 1024
2 1024
1 1024
0 135
2 1024
0 150
0 499
0 383
0 261
3 1024
0 152
1 1024
1 1024
1 1024
0 297
1 1024
1 1024
0 151
0 449
0 87
0 331
0 378
1 1024
3 1024
0 159
1 1024
0 125
0 878
2 1024
1 1024
0 133
0 821
0 143
1 1024
3 1024
0 310
2 1024
0 95
1 1024
0 312
0 292
0 423
1 1024
0 73
2 1024
1 1024
1 1024
0 785
1 1024
1 1024
0 118
1 1024
1 1024
1 1024
0 67
0 97
1 1024
1 1024
0 258
0 96
0 162
0 305
2 1024
0 583
0 147
0 377
1 1024
1 1024
0 272
1 1024
0 210
1 1024
1 1024
1 1024
0 210
0 152
0 249
0 257
1 1024
0 754
0 131
2 1024
1 1024
1 1024
0 324
1 1024
0 324
0 65
0 91
1 1024
1 1024
0 419
0 130
1 1024
1 1024
0 187
0 566
1 1024
0 146
0 119
0 515
1 1024
0 189
1 1024
0 765
0 468
1 1024
1 1024
0 372
1 1024
1 1024
0 225
1 1024
0 156
0 180
1 1024
0 277
0 35
0 602
0 200
2 1024
0 241
2 1024
2 1024
0 524
2 1024
1 1024
1 1024
1 1024
2 1024
0 572
0 124
1 1024
1 1024
0 529
0 127
0 258
1 1024
0 584
0 595
0 281
2 1024
1 1024
0 498
0 188
1 1024
0 910
0 69
0 833
0 421
0 162
1 1024
0 727
1 1024
0 317
0 413
0 255
0 99
0 269
0 215
1 1024
2 1024
0 119
1 1024
1 1024
0 393
2 1024
0 77
1 1024
0 229
0 385
0 214
1 1024
0 82
0 898
0 87
0 458
0 500
0 66
1 1024
0 203
0 140
1 1024
0 326
0 80
0 894
0 868
1 1024
0 277
0 956
0 151
1 1024
0 105
1 1024
1 1024
1 1024
0 132
1 1024
0 38
0 108
1 1024
0 409
0 108
1 1024
2 1024
1 1024
0 868
0 829
0 83
0 299
0 90
0 514
1 1024
0 62
1 1024
1 1024
0 662
0 799
1 1024
1 1024
1 1024
1 1024
1 1024
1 1024
0 336
0 271
0 315
0 158
0 985
0 376
1 1024
0 480
1 1024
0 199
0 145
0 252
1 1024
0 215
2 1024
0 362
0 216
1 1024
0 437
0 257
0 197
0 102
0 202
0 618
1 1024
1 1024
1 1024
0 45
1 1024
1 1024
0 369
0 285
0 113
0 158
0 301
0 279
0 27
2 1024
0 172
0 97
0 377
3 1024
2 1024
0 95
0 394
0 558
0 341
0 279
1 1024
0 83
0 177
0 140
3 1024
0 183
0 312
0 129
0 405
0 313
0 157
0 863
0 51
0 222
0 567
0 173
2 1024
1 1024
1 1024
0 495
0 108
2 1024
1 1024
1 1024
0 68
2 1024
0 188
0 96
0 51
1 1024
0 555
0 171
0 191
0 626
0 352
0 498
0 112
0 194
0 641
1 1024
0 195
1 1024
0 516
1 1024
2 1024
3 1024
0 131
0 178
0 340
0 123
0 267
0 208
1 1024
0 384
1 1024
0 131
2 1024
1 1024
0 347
0 102
0 200
0 271
1 1024
3 1024
0 427
0 76
0 393
0 109
0 198
0 356
0 148
1 1024
1 1024
1 1024
0 230
1 1024
1 1024
0 156
0 210
0 255
1 1024
0 222
1 1024
1 1024
0 340
1 1024
0 263
1 1024
0 273
0 202
0 984
2 1024
0 304
0 104
1 1024
0 389
2 1024
0 180
0 120
0 393
0 485
0 285
2 1024
0 567
1 1024
0 217
1 1024
0 690
0 141
0 81
1 1024
0 274
0 106
0 182
0 270
2 1024
1 1024
1 1024
0 183
0 273
1 1024
0 137
0 282
1 1024
0 652
0 27
0 95
0 291
1 1024
0 193
0 141
2 1024
0 337
0 758
1 1024
1 1024
2 1024
0 161
0 300
1 1024
1 1024
1 1024
0 487
0 667
0 295
0 165
1 1024
0 122
1 1024
0 156
1 1024
0 75
1 1024
0 702
0 431
1 1024
0 617
0 236
1 1024
0 172
1 1024
0 225
0 163
0 820
0 363
0 287
1 1024
2 1024
0 195
2 1024
0 114
1 1024
2 1024
1 1024
0 347
1 1024
1 1024
0 120
1 1024
0 133
1 1024
0 63
1 1024
1 1024
1 1024
0 113
0 84
0 172
0 108
0 105
1 1024
0 58
0 165
0 480
2 1024
3 1024
1 1024
0 426
0 469
0 79
1 1024
1 1024
0 343
0 303
0 724
0 167
0 401
0 109
1 1024
0 69
0 450
0 255
0 152
0 84
0 64
0 168
0 63
0 380
1 1024
0 114
1 1024
0 737
0 319
0 59
2 1024
1 1024
2 1024
1 1024
0 314
1 1024
0 386
0 417
3 1024
0 113
0 310
0 188
1 1024
0 440
0 318
0 40
2 1024
0 599
0 178
0 107
0 142
0 766
0 60
1 1024
0 106
0 100
0 206
1 1024
0 313
0 72
1 1024
1 1024
1 1024
1 1024
1 1024
0 763
1 1024
0 338
0 80
1 1024
1 1024
0 99
0 210
0 40
0 175
0 210
0 113
0 58
0 243
0 375
0 681
1 1024
0 484
0 288
0 102
0 255
1 1024
0 113
0 514
0 191
1 1024
0 78
0 115
0 72
0 331
0 777
1 1024
0 116
0 36
0 906
1 1024
0 76
0 81
2 1024
0 314
0 209
1 1024
1 1024
0 311
0 111
1 1024
0 91
0 416
0 348
0 456
0 464
1 1024
0 302
0 71
0 152
2 1024
0 329
0 175
0 298
0 51
1 1024
0 134
1 1024
1 1024
2 1024
0 621
0 420
0 227
0 122
0 326
0 287
1 1024
0 255
2 1024
0 68
0 456
1 1024
3 1024
0 241
0 120
2 1024
0 146
0 45
1 1024
1 1024
1 1024
0 136
1 1024
0 358
2 1024
1 1024
0 786
2 1024
3 1024
3 1024
0 75
1 1024
0 310
1 1024
2 1024
0 246
1 1024
0 337
0 161
1 1024
0 998
1 1024
0 139
0 775
0 857
0 111
0 106
0 235
0 288
0 157
0 184
0 985
0 772
0 820
2 1024
0 894
0 47
0 89
0 191
0 303
0 366
1 1024
3 1024
1 1024
0 523
1 1024
0 400
2 1024
0 813
0 112
0 154
2 1024
0 45
0 206
0 372
0 95
0 341
1 1024
1 1024
1 1024
0 194
2 1024
4 1024
0 190
2 1024
0 118
0 411
0 89
0 269
0 104
0 804
0 457
0 280
0 277
0 569
0 861
1 1024
0 589
0 730
0 82
0 526
0 68
0 641
3 1024
0 269
5 1024
1 1024
0 185
2 1024
0 114
3 1024
1 1024
1 1024
0 444
0 230
0 35
0 345
2 1024
0 258
2 1024
1 1024
0 193
0 152
1 1024
0 148
1 1024
0 474
0 198
0 572
1 1024
0 413
1 1024
1 1024
0 88
0 105
0 95
0 756
0 183
0 48
1 1024
0 26
1 1024
0 215
1 1024
1 1024
0 414
0 825
0 318
0 681
0 754
0 151
0 169
0 455
3 1024
1 1024
0 1009
0 136
1 1024
0 281
2 1024
0 144
0 30
0 91
0 304
0 699
0 79
0 476
1 1024
0 172
1 1024
1 1024
1 1024
1 1024
0 224
0 144
1 1024
0 516
0 415
0 90
0 204
2 1024
1 1024
1 1024
0 300
1 1024
0 23
1 1024
1 1024
0 114
0 348
1 1024
1 1024
2 1024
0 327
0 410
1 1024
0 386
0 86
0 515
1 1024
0 483
0 348
0 75
0 110
0 230
1 1024
3 1024
0 512
0 860
0 492
0 129
0 48
1 1024
1 1024
0 363
1 1024
0 605
0 168
0 66
0 192
1 1024
0 987
0 146
0 138
1 1024
1 1024
0 157
0 172
1 1024
0 156
0 784
0 301
0 79
0 574
0 484
0 170
0 118
0 38
0 276
0 747
0 901
0 326
0 308
0 944
0 109
0 626
0 174
1 1024
0 693
1 1024
0 102
0 153
1 1024
0 385
0 40
1 1024
0 204
0 364
0 343
0 267
0 365
0 362
1 1024
0 143
0 45
0 887
0 232
0 67
0 260
0 171
0 223
1 1024
0 109
2 1024
0 231
0 42
1 1024
1 1024
0 161
0 516
0 730
2 1024
2 1024
1 1024
2 1024
0 256
1 1024
0 158
0 422
0 228
3 1024
0 276
0 634
1 1024
0 977
0 126
0 608
0 164
0 169
2 1024
0 235
0 129
0 168
1 1024
0 597
3 1024
2 1024
0 313
1 1024
1 1024
2 1024
2 1024
0 308
0 320
0 916
1 1024
1 1024
0 95
1 1024
2 1024
0 428
1 1024
1 1024
1 1024
0 571
0 134
1 1024
1 1024
0 352
0 572
2 1024
1 1024
0 156
1 1024
0 61
0 265
0 133
0 526
1 1024
1 1024
1 1024
1 1024
0 697
0 51
0 329
0 659
0 174
1 1024
0 150
4 1024
0 83
1 1024
0 221
0 285
0 322
0 399
0 450
0 187
0 877
0 499
1 1024
0 310
0 208
1 1024
1 1024
2 1024
2 1024
2 1024
1 1024
0 169
1 1024
1 1024
0 170
1 1024
1 1024
0 338
0 100
0 543
1 1024
1 1024
0 110
1 1024
0 544
1 1024
0 74
1 1024
0 355
2 1024
0 193
2 1024
1 1024
0 87
0 352
1 1024
1 1024
1 1024
0 205
0 112
4 1024
0 147
0 520
0 422
0 317
1 1024
0 325
2 1024
0 968
0 886
0 105
1 1024
0 174
1 1024
1 1024
0 52
1 1024
0 652
0 313
0 150
0 217
1 1024
0 439
0 82
0 123
1 1024
3 1024
0 117
0 323
0 353
2 1024
0 239
0 39
2 1024
0 107
0 314
0 206
0 80
2 1024
0 269
2 1024
1 1024
0 66
0 883
0 581
3 1024
1 1024
0 341
0 99
0 562
0 468
1 1024
0 109
0 52
0 856
0 34
0 641
0 241
1 1024
0 343
0 255
0 74
0 102
1 1024
0 173
0 158
0 429
1 1024
0 80
1 1024
0 127
1 1024
0 689
0 944
1 1024
1 1024
1 1024
0 463
2 1024
1 1024
1 1024
1 1024
1 1024
0 269
0 291
2 1024
0 138
0 179
1 1024
0 115
0 168
0 204
0 483
0 332
1 1024
2 1024
0 130
0 489
1 1024
0 125
2 1024
0 688
0 31
1 1024
0 270
0 63
0 411
0 467
1 1024
1 1024
0 164
0 156
2 1024
0 374
0 100
1 1024
0 87
0 30
1 1024
1 1024
1 1024
2 1024
1 1024
1 1024
0 782
0 48
0 78
1 1024
0 515
1 1024
0 633
0 230
0 503
1 1024
0 151
0 504
0 158
2 1024
0 173
0 480
2 1024
0 77
1 1024
0 176
0 325
1 1024
1 1024
1 1024
0 249
1 1024
0 153
2 1024
0 605
1 1024
0 69
1 1024
0 393
3 1024
0 172
0 31
1 1024
0 601
1 1024
0 891
1 1024
0 616
0 810
1 1024
0 481
1 1024
0 175
3 1024
1 1024
0 597
0 173
2 1024
0 235
1 1024
0 538
0 154
2 1024
0 345
1 1024
0 231
2 1024
1 1024
0 228
0 98
0 114
1 1024
2 1024
1 1024
1 1024
0 259
0 118
1 1024
0 180
1 1024
1 1024
0 558
1 1024
0 221
0 362
0 114
0 198
1 1024
3 1024
0 264
1 1024
0 668
0 174
0 299
0 226
0 231
0 846
1 1024
1 1024
1 1024
1 1024
3 1024
0 151
1 1024
0 777
0 331
0 117
0 310
0 70
2 1024
0 165
0 540
0 95
0 267
0 117
0 97
0 262
2 1024
1 1024
1 1024
1 1024
0 1012
0 869
0 243
0 651
0 442
0 845
0 35
0 564
1 1024
0 996
1 1024
0 322
2 1024
0 398
0 630
0 803
2 1024
1 1024
0 752
0 273
0 112
1 1024
1 1024
0 857
0 233
2 1024
0 860
1 1024
1 1024
0 492
0 149
0 167
0 300
1 1024
1 1024
0 475
1 1024
2 1024
0 123
0 147
3 1024
0 149
0 101
1 1024
0 554
1 1024
0 340
0 257
1 1024
1 1024
1 1024
0 62
0 740
1 1024
0 415
1 1024
2 1024
0 187
1 1024
0 297
3 1024
1 1024
0 470
0 97
0 977
0 631
1 1024
1 1024
0 239
1 1024
2 1024
1 1024
0 366
0 121
0 127
1 1024
0 305
1 1024
0 349
0 59
2 1024
2 1024
1 1024
0 647
3 1024
0 352
1 1024
0 102
0 72
0 773
2 1024
0 350
0 495
1 1024
2 1024
0 96
0 40
0 94
0 56
0 139
0 154
0 178
0 112
0 207
1 1024
0 879
0 110
0 480
2 1024
0 18
1 1024
0 338
1 1024
0 240
0 262
0 283
0 999
2 1024
0 105
1 1024
0 877
0 199
1 1024
0 980
0 69
2 1024
0 301
0 933
2 1024
1 1024
0 143
0 371
0 106
0 138
0 240
0 897
0 98
0 1008
1 1024
0 65
0 78
0 115
0 388
0 88
1 1024
0 43
1 1024
0 84
0 181
0 898
0 463
2 1024
1 1024
0 525
0 155
2 1024
0 581
0 249
1 1024
0 322
2 1024
1 1024
0 175
1 1024
1 1024
1 1024
0 199
1 1024
1 1024
0 425
0 286
0 509
1 1024
0 67
0 349
0 486
1 1024
0 125
2 1024
0 291
0 157
0 91
1 1024
0 80
0 100
1 1024
0 111
0 377
1 1024
0 322
1 1024
2 1024
1 1024
0 135
2 1024
0 287
1 1024
2 1024
0 519
0 55
0 130
0 183
1 1024
1 1024
2 1024
0 128
0 696
0 590
2 1024
1 1024
0 150
0 455
0 458
0 142
1 1024
0 114
0 432
1 1024
2 1024
0 206
0 190
0 746
0 205
0 1001
1 1024
0 69
1 1024
2 1024
0 1023
0 192
0 135
0 184
1 1024
2 1024
2 1024
0 604
0 519
0 149
1 1024
0 142
3 1024
0 390
1 1024
0 355
0 369
1 1024
1 1024
1 1024
1 1024
0 69
1 1024
0 482
1 1024
0 76
1 1024
1 1024
0 50
0 174
2 1024
0 203
0 251
3 1024
0 149
0 185
0 96
1 1024
0 131
1 1024
0 413
0 282
0 96
0 307
1 1024
1 1024
0 170
1 1024
0 211
0 189
2 1024
1 1024
1 1024
0 181
3 1024
0 902
0 428
1 1024
0 33
1 1024
0 285
0 275
2 1024
0 339
1 1024
0 437
1 1024
0 367
0 56
1 1024
1 1024
0 105
0 102
0 89
0 957
0 56
1 1024
1 1024
3 1024
0 519
1 1024
1 1024
0 65
0 172
1 1024
0 148
0 211
0 684
0 673
0 148
0 271
2 1024
0 100
1 1024
1 1024
0 551
2 1024
0 431
2 1024
0 211
1 1024
0 70
1 1024
0 452
0 65
1 1024
0 285
0 170
0 615
1 1024
0 257
2 1024
0 97
0 251
0 609
0 58
1 1024
0 157
0 565
0 796
0 848
0 273
1 1024
0 328
0 66
0 473
0 17
0 266
0 405
1 1024
1 1024
2 1024
0 165
1 1024
0 225
0 157
1 1024
2 1024
1 1024
0 37
0 175
0 176
0 347
0 242
3 1024
0 289
1 1024
0 82
0 569
1 1024
0 630
1 1024
0 109
0 560
1 1024
0 145
0 130
2 1024
1 1024
1 1024
0 125
2 1024
2 1024
0 180
0 322
0 850
2 1024
1 1024
0 154
1 1024
0 81
0 492
0 217
0 445
0 184
0 633
1 1024
0 335
0 388
0 79
0 125
0 234
0 165
0 178
0 213
0 81
0 165
1 1024
1 1024
1 1024
0 218
0 78
0 557
1 1024
1 1024
0 196
1 1024
1 1024
1 1024
0 341
0 360
0 358
0 759
2 1024
1 1024
2 1024
0 150
3 1024
1 1024
0 102
0 248
1 1024
0 50
0 520
1 1024
0 181
1 1024
0 145
1 1024
0 159
1 1024
0 47
0 184
0 400
0 173
0 395
0 222
0 292
1 1024
2 1024
0 134
0 163
1 1024
0 72
0 895
2 1024
0 305
0 200
0 752
0 202
0 101
1 1024
0 203
0 96
0 426
0 91
0 571
1 1024
0 512
1 1024
0 45
0 851
0 293
0 85
0 80
0 92
0 931
0 270
0 148
0 260
0 439
2 1024
1 1024
0 276
0 257
0 491
0 111
0 277
0 192
1 1024
0 214
0 95
0 441
0 307
0 94
0 239
0 131
0 268
0 763
0 124
0 442
1 1024
0 343
0 296
0 49
3 1024
0 59
0 835
2 1024
0 84
0 958
1 1024
0 118
0 959
0 332
1 1024
0 188
0 197
2 1024
0 422
0 722
0 557
0 70
1 1024
2 1024
1 1024
0 145
0 576
0 148
0 254
0 201
2 1024
0 95
0 57
0 120
0 146
1 1024
0 569
1 1024
1 1024
0 70
1 1024
1 1024
0 781
0 540
0 251
1 1024
0 455
1 1024
0 215
2 1024
0 48
3 1024
0 727
0 399
0 368
1 1024
0 275
1 1024
0 195
1 1024
1 1024
1 1024
0 395
1 1024
0 158
0 241
2 1024
0 264
1 1024
1 1024
0 75
0 197
0 383
0 500
0 479
0 664
0 183
0 68
0 72
1 1024
0 54
0 497
0 91
0 402
0 265
0 251
0 318
1 1024
3 1024
1 1024
0 78
1 1024
0 170
0 191
1 1024
0 752
0 207
1 1024
0 600
0 490
1 1024
2 1024
2 1024
0 502
0 661
0 78
2 1024
0 368
4 1024
0 531
0 87
1 1024
0 109
1 1024
0 77
1 1024
1 1024
0 104
1 1024
0 84
0 191
1 1024
1 1024
0 413
2 1024
0 38
2 1024
0 81
1 1024
1 1024
2 1024
2 1024
2 1024
0 680
0 134
1 1024
1 1024
1 1024
0 157
0 469
1 1024
1 1024
1 1024
0 666
0 171
0 284
1 1024
0 250
0 279
0 236
1 1024
0 722
0 58
1 1024
0 116
1 1024
0 258
0 609
0 251
0 284
0 106
1 1024
1 1024
1 1024
0 337
1 1024
0 162
0 135
0 178
0 293
0 151
0 495
0 473
0 953
0 84
1 1024
1 1024
0 93
0 91
0 131
1 1024
0 133
0 292
1 1024
0 263
1 1024
0 122
1 1024
1 1024
0 301
0 58
0 715
1 1024
0 90
1 1024
0 321
0 629
0 94
1 1024
0 224
1 1024
0 930
1 1024
0 80
0 72
1 1024
1 1024
0 134
1 1024
0 71
0 260
0 654
0 559
0 146
0 221
1 1024
0 36
0 683
0 58
0 115
1 1024
1 1024
0 260
0 13
1 1024
0 123
1 1024
3 1024
0 98
1 1024
0 208
0 212
0 168
1 1024
0 226
0 207
0 390
0 520
1 1024
0 622
1 1024
0 255
1 1024
2 1024
0 97
0 117
1 1024
0 135
0 259
1 1024
0 95
1 1024
1 1024
0 114
1 1024
0 676
0 338
1 1024
0 200
0 72
2 1024
0 56
1 1024
0 147
0 39
0 119
0 239
1 1024
2 1024
0 1005
1 1024
1 1024
1 1024
1 1024
1 1024
0 116
1 1024
0 463
0 203
1 1024
0 78
0 399
0 348
0 255
2 1024
0 132
0 137
0 115
1 1024
2 1024
1 1024
0 115
1 1024
0 37
1 1024
0 412
0 153
0 366
0 21
0 50
1 1024
0 136
0 159
0 90
0 333
0 25
1 1024
0 920
1 1024
3 1024
0 45
0 100
1 1024
1 1024
0 293
1 1024
0 356
1 1024
0 372
1 1024
0 183
0 438
1 1024
0 226
0 477
0 58
1 1024
1 1024
1 1024
1 1024
0 426
1 1024
1 1024
0 111
2 1024
0 546
0 123
2 1024
0 71
2 1024
0 393
0 187
1 1024
0 304
0 189
0 162
1 1024
0 273
1 1024
0 198
0 73
0 388
1 1024
1 1024
1 1024
0 233
0 543
0 551
2 1024
0 262
1 1024
0 611
0 146
0 192
0 93
0 476
0 353
0 479
0 158
1 1024
0 186
0 347
0 439
0 153
0 97
0 43
0 206
0 256
1 1024
0 135
1 1024
0 332
0 178
1 1024
1 1024
0 198
0 89
0 130
1 1024
1 1024
2 1024
1 1024
0 132
0 661
0 294
0 216
1 1024
0 91
0 322
0 60
0 193
0 76
1 1024
0 466
0 329
0 314
0 186
0 506
0 214
1 1024
1 1024
2 1024
1 1024
0 50
0 279
0 269
0 139
0 647
0 344
0 157
0 432
1 1024
2 1024
1 1024
1 1024
0 123
0 98
0 664
1 1024
1 1024
0 242
1 1024
3 1024
0 215
0 361
0 221
2 1024
0 129
0 290
1 1024
0 205
1 1024
0 312
0 746
2 1024
0 120
1 1024
0 303
0 71
0 322
0 449
0 135
1 1024
0 412
0 254
1 1024
3 1024
0 223
0 115
0 134
1 1024
0 57
0 851
0 879
0 50
1 1024
0 157
1 1024
0 425
0 811
1 1024
2 1024
1 1024
1 1024
1 1024
1 1024
0 247
1 1024
1 1024
0 301
1 1024
2 1024
0 331
1 1024
0 87
0 287
0 180
0 200
0 223
0 125
1 1024
1 1024
0 240
0 258
1 1024
1 1024
0 83
1 1024
0 194
0 221
1 1024
0 582
1 1024
0 338
0 696
0 179
0 218
2 1024
0 358
3 1024
0 65
0 259
0 592
0 118
1 1024
0 173
2 1024
0 165
0 276
1 1024
0 860
2 1024
0 395
2 1024
1 1024
0 271
0 223
0 160
0 58
1 1024
1 1024
0 166
0 265
1 1024
1 1024
0 189
0 938
1 1024
0 243
1 1024
1 1024
0 174
0 47
2 1024
0 385
1 1024
0 147
0 181
1 1024
0 666
1 1024
0 24
0 623
1 1024
0 328
1 1024
0 112
0 71
1 1024
1 1024
0 154
0 672
0 180
0 422
0 79
0 347
0 33
0 243
0 148
2 1024
0 59
1 1024
0 466
1 1024
1 1024
0 185
0 508
1 1024
0 118
0 456
0 101
0 396
1 1024
2 1024
1 1024
0 207
0 300
0 734
0 865
1 1024
0 122
1 1024
1 1024
1 1024
0 271
0 922
0 201
0 101
0 124
0 688
0 743
1 1024
0 647
0 62
0 109
0 415
0 306
1 1024
0 160
1 1024
1 1024
0 121
1 1024
0 114
0 285
0 84
1 1024
1 1024
1 1024
0 438
0 451
0 106
0 725
0 100
1 1024
1 1024
0 493
1 1024
2 1024
1 1024
1 1024
0 178
2 1024
0 445
0 238
2 1024
0 651
1 1024
2 1024
0 134
1 1024
0 402
0 263
3 1024
0 578
1 1024
0 528
0 21
1 1024
0 287
2 1024
0 113
0 311
0 415
0 140
0 139
0 255
0 216
0 90
0 280
1 1024
0 214
1 1024
0 317
0 476
1 1024
1 1024
0 34
0 116
0 318
0 764
0 129
0 245
1 1024
1 1024
0 379
1 1024
0 114
0 52
0 140
1 1024
0 70
1 1024
0 522
1 1024
0 437
0 104
0 300
0 209
0 521
0 74
0 425
0 88
0 308
2 1024
0 400
0 48
1 1024
0 370
0 213
0 166
0 110
1 1024
2 1024
0 543
2 1024
1 1024
0 169
1 1024
0 71
1 1024
0 34
0 45
1 1024
2 1024
0 86
0 99
1 1024
1 1024
1 1024
1 1024
1 1024
0 284
1 1024
0 287
1 1024
0 147
0 468
0 106
0 226
1 1024
1 1024
0 688
1 1024
0 660
1 1024
2 1024
0 244
1 1024
1 1024
0 1012
1 1024
1 1024
1 1024
0 109
0 559
0 493
0 694
0 203
0 378
0 455
1 1024
0 150
1 1024
0 443
0 237
1 1024
0 94
0 184
0 224
0 219
0 90
2 1024
1 1024
0 364
1 1024
0 606
0 358
0 262
2 1024
0 174
0 448
1 1024
1 1024
1 1024
0 528
0 137
0 151
1 1024
0 442
0 106
0 179
0 328
0 182
0 142
0 226
0 892
1 1024
0 101
0 264
2 1024
0 77
1 1024
0 362
0 336
1 1024
0 287
0 94
0 208
0 176
0 638
0 323
0 300
0 203
0 126
2 1024
1 1024
0 268
0 155
0 216
0 73
0 199
1 1024
0 249
1 1024
0 107
0 54
0 79
0 276
2 1024
0 64
1 1024
1 1024
2 1024
0 140
0 47
0 147
1 1024
0 205
1 1024
1 1024
1 1024
0 462
0 156
0 318
0 240
0 679
0 52
1 1024
0 75
0 716
0 289
1 1024
1 1024
1 1024
1 1024
1 1024
0 121
0 157
0 70
1 1024
0 403
1 1024
1 1024
0 78
0 533
2 1024
0 342
0 703
0 145
0 233
0 86
0 276
0 141
0 482
0 155
0 115
0 663
3 1024
1 1024
0 100
0 197
0 111
1 1024
0 239
1 1024
0 67
0 277
1 1024
0 269
0 416
1 1024
0 159
2 1024
0 520
0 185
1 1024
2 1024
0 274
0 168
0 252
1 1024
0 336
1 1024
1 1024
0 394
0 833
1 1024
0 159
0 100
0 260
2 1024
1 1024
0 606
2 1024
0 189
0 63
0 406
0 284
0 709
0 144
0 63
1 1024
1 1024
1 1024
0 373
0 86
0 326
0 102
0 215
0 445
1 1024
1 1024
1 1024
0 219
0 59
1 1024
0 435
0 815
1 1024
1 1024
1 1024
0 135
1 1024
0 90
1 1024
0 105
0 289
0 511
0 417
1 1024
0 107
2 1024
0 145
0 65
1 1024
0 250
2 1024
0 609
0 297
0 286
1 1024
0 71
0 54
0 298
0 362
0 30
1 1024
1 1024
0 50
0 184
0 174
0 142
0 134
2 1024
0 137
0 315
1 1024
2 1024
0 129
0 431
0 272
0 565
0 13
0 493
0 940
0 387
0 855
0 67
0 88
0 66
0 47
0 828
1 1024
0 24
1 1024
1 1024
1 1024
0 772
0 113
0 129
0 177
0 38
0 317
1 1024
0 199
1 1024
0 93
1 1024
1 1024
0 246
1 1024
0 531
0 129
2 1024
0 165
1 1024
1 1024
2 1024
0 233
1 1024
1 1024
1 1024
2 1024
0 123
0 48
0 137
0 234
0 772
0 136
0 135
0 150
0 477
0 158
0 102
2 1024
0 144
0 538
0 247
0 126
1 1024
1 1024
1 1024
1 1024
1 1024
3 1024
0 131
1 1024
0 924
0 70
0 361
0 512
0 321
0 234
0 261
0 114
0 84
1 1024
1 1024
0 220
0 830
0 301
0 414
0 200
0 251
0 167
0 70
0 92
0 408
1 1024
0 98
0 138
0 101
1 1024
1 1024
0 168
1 1024
1 1024
1 1024
0 516
0 157
0 453
0 723
2 1024
0 163
1 1024
0 454
0 650
0 167
1 1024
0 486
0 182
0 575
1 1024
0 126
0 469
0 537
1 1024
1 1024
0 160
0 309
1 1024
2 1024
0 184
0 249
0 108
1 1024
2 1024
0 261
0 244
0 147
0 388
1 1024
0 437
0 328
0 99
0 621
1 1024
0 207
1 1024
0 168
0 284
0 255
0 211
2 1024
0 98
0 682
0 535
0 112
0 462
0 652
0 687
0 997
1 1024
0 697
0 495
0 432
1 1024
0 141
0 265
0 188
1 1024
1 1024
0 205
0 173
0 161
2 1024
0 284
1 1024
1 1024
0 44
1 1024
1 1024
0 110
0 268
1 1024
0 126
0 879
0 39
1 1024
2 1024
0 120
0 232
0 126
0 289
1 1024
0 63
0 157
0 92
0 158
0 169
0 182
0 448
1 1024
2 1024
1 1024
1 1024
0 120
0 238
0 596
0 720
1 1024
0 48
1 1024
1 1024
0 362
0 230
0 850
2 1024
0 681
1 1024
1 1024
0 117
1 1024
1 1024
4 1024
0 716
0 102
1 1024
1 1024
0 99
0 140
1 1024
2 1024
0 247
0 229
0 180
0 346
1 1024
0 408
0 144
2 1024
1 1024
1 1024
0 215
0 408
0 149
0 192
0 109
1 1024
0 595
0 110
0 80
1 1024
1 1024
0 262
0 19
0 201
0 262
1 1024
0 386
0 98
0 359
0 320
1 1024
0 176
0 324
0 18
2 1024
0 880
0 458
2 1024
1 1024
0 210
0 375
1 1024
2 1024
0 97
0 112
0 101
0 119
1 1024
1 1024
0 54
2 1024
0 752
1 1024
0 106
0 54
0 250
2 1024
0 180
1 1024
1 1024
0 992
1 1024
1 1024
0 356
2 1024
0 204
1 1024
2 1024
1 1024
0 227
3 1024
0 266
1 1024
0 411
0 356
0 907
0 193
0 546
0 105
0 242
0 327
1 1024
0 125
1 1024
1 1024
0 87
0 108
2 1024
3 1024
0 255
0 62
0 265
2 1024
0 940
0 774
2 1024
0 337
0 139
1 1024
0 371
0 258
0 412
0 338
1 1024
0 166
3 1024
0 29
0 730
0 109
0 901
2 1024
0 93
0 774
1 1024
1 1024
0 214
0 391
3 1024
0 85
0 296
0 872
0 387
1 1024
1 1024
0 841
0 60
1 1024
1 1024
1 1024
1 1024
0 279
0 52
1 1024
0 166
0 479
0 371
0 199
1 1024
0 279
0 697
0 61
0 157
3 1024
0 145
0 180
1 1024
0 504
0 997
0 66
0 314
0 336
1 1024
0 128
1 1024
1 1024
1 1024
0 68
1 1024
1 1024
0 155
0 37
0 416
0 422
1 1024
0 404
0 237
2 1024
1 1024
1 1024
1 1024
1 1024
0 396
2 1024
1 1024
1 1024
1 1024
1 1024
2 1024
1 1024
0 70
1 1024
1 1024
0 473
0 235
1 1024
0 333
0 305
1 1024
0 234
0 725
0 167
0 65
0 390
0 485
0 419
0 214
0 509
0 924
2 1024
3 1024
0 614
1 1024
1 1024
1 1024
0 54
1 1024
0 322
0 153
1 1024
0 166
2 1024
0 156
0 328
0 126
0 481
1 1024
0 119
0 910
0 688
0 224
0 360
0 876
0 281
1 1024
0 166
1 1024
0 317
1 1024
0 968
0 114
1 1024
0 173
0 333
1 1024
0 269
0 631
0 113
0 512
0 169
2 1024
1 1024
0 334
0 189
2 1024
2 1024
0 262
2 1024
0 454
0 715
0 252
0 211
0 241
0 710
1 1024
0 209
0 733
1 1024
0 269
0 743
0 248
0 496
1 1024
0 206
1 1024
0 208
0 153
0 372
0 682
0 309
1 1024
2 1024
0 258
1 1024
0 179
1 1024
0 308
0 142
0 620
0 42
0 274
0 343
0 533
0 156
1 1024
3 1024
0 914
1 1024
0 277
0 196
0 448
1 1024
0 81
0 869
0 193
0 517
1 1024
3 1024
0 234
0 42
1 1024
2 1024
1 1024
1 1024
0 588
0 498
0 84
1 1024
1 1024
0 211
1 1024
1 1024
0 212
1 1024
0 121
0 459
1 1024
1 1024
0 495
1 1024
0 482
0 98
0 170
0 177
2 1024
0 295
0 266
1 1024
0 344
0 225
1 1024
1 1024
2 1024
1 1024
0 509
3 1024
0 815
1 1024
0 774
0 280
0 618
0 893
1 1024
1 1024
0 499
0 198
0 62
0 267
1 1024
0 150
0 160
1 1024
1 1024
0 161
1 1024
0 259
1 1024
2 1024
0 326
1 1024
0 80
0 353
0 988
1 1024
1 1024
0 1016
0 233
1 1024
0 80
2 1024
0 340
0 198
0 159
1 1024
0 251
1 1024
1 1024
0 173
2 1024
0 126
1 1024
0 125
0 38
1 1024
0 65
1 1024
0 144
2 1024
2 1024
1 1024
0 287
0 379
0 792
0 116
0 423
0 299
1 1024
1 1024
0 316
1 1024
1 1024
0 254
1 1024
0 181
3 1024
0 961
0 163
0 234
0 83
0 468
0 1018
1 1024
3 1024
1 1024
1 1024
0 327
1 1024
1 1024
0 84
1 1024
1 1024
2 1024
1 1024
0 112
2 1024
0 190
0 142
0 197
0 369
1 1024
0 326
0 211
0 289
0 70
0 203
1 1024
0 90
1 1024
0 52
0 344
0 224
0 277
0 194
1 1024
0 163
1 1024
0 976
1 1024
0 978
0 496
0 1016
1 1024
0 88
1 1024
0 132
0 160
1 1024
0 335
0 317
1 1024
1 1024
0 771
1 1024
0 89
0 229
1 1024
0 535
2 1024
0 562
1 1024
0 242
0 367
0 297
1 1024
0 841
1 1024
0 110
0 160
1 1024
0 41
0 248
1 1024
1 1024
2 1024
2 1024
0 383
0 361
0 56
1 1024
0 86
1 1024
2 1024
0 670
0 591
0 152
0 230
1 1024
0 121
0 764
1 1024
1 1024
1 1024
0 128
0 317
0 608
2 1024
0 114
2 1024
0 193
1 1024
1 1024
1 1024
1 1024
0 48
0 332
0 920
0 69
2 1024
0 84
1 1024
1 1024
1 1024
1 1024
0 143
0 291
0 774
0 286
0 294
2 1024
3 1024
1 1024
0 309
0 285
0 188
0 729
0 113
1 1024
2 1024
0 211
4 1024
0 367
0 128
1 1024
0 67
1 1024
1 1024
0 196
0 332
2 1024
0 94
1 1024
1 1024
2 1024
0 190
3 1024
0 47
0 271
0 275
0 136
0 49
1 1024
0 389
0 476
1 1024
0 127
0 824
1 1024
1 1024
0 787
1 1024
1 1024
0 303
0 88
0 220
0 660
2 1024
0 152
1 1024
0 232
0 443
1 1024
0 749
0 304
0 258
1 1024
0 652
0 152
1 1024
0 471
0 303
0 594
0 185
1 1024
0 135
1 1024
1 1024
1 1024
0 196
0 459
0 483
2 1024
0 71
0 401
0 267
0 202
0 78
1 1024
0 507
0 161
1 1024
0 84
2 1024
0 208
0 597
0 133
3 1024
0 121
1 1024
0 52
0 831
1 1024
0 33
0 602
0 224
1 1024
2 1024
1 1024
1 1024
2 1024
1 1024
0 300
0 636
0 186
0 133
0 400
0 779
1 1024
1 1024
2 1024
2 1024
0 411
0 183
0 219
1 1024
2 1024
0 151
1 1024
1 1024
1 1024
0 319
0 284
0 136
0 537
0 232
0 678
1 1024
0 176
1 1024
1 1024
0 348
0 157
1 1024
0 451
1 1024
0 155
0 570
1 1024
1 1024
0 131
0 803
0 268
1 1024
2 1024
2 1024
0 151
1 1024
1 1024
1 1024
1 1024
0 886
1 1024
0 574
1 1024
0 185
0 545
1 1024
0 585
1 1024
0 35
0 135
0 306
0 145
1 1024
1 1024
0 281
0 417
0 126
0 124
0 202
0 198
1 1024
0 711
1 1024
1 1024
0 172
1 1024
0 161
0 309
0 145
0 163
0 277
0 99
1 1024
0 112
0 82
0 223
0 198
0 52
0 80
1 1024
1 1024
0 374
0 116
2 1024
1 1024
0 401
2 1024
2 1024
0 162
0 88
0 246
0 69
3 1024
1 1024
0 38
0 670
1 1024
1 1024
0 381
0 92
0 649
0 420
0 622
0 197
2 1024
1 1024
1 1024
2 1024
0 172
0 265
1 1024
1 1024
1 1024
1 1024
0 232
3 1024
1 1024
1 1024
1 1024
2 1024
1 1024
1 1024
1 1024
0 235
0 370
2 1024
0 22
0 221
0 192
1 1024
0 277
1 1024
0 320
0 45
1 1024
1 1024
0 75
0 179
1 1024
0 111
0 349
0 426
0 177
0 545
0 190
1 1024
2 1024
0 108
0 399
1 1024
2 1024
0 232
3 1024
0 111
0 512
1 1024
0 200
1 1024
2 1024
0 71
0 176
0 241
0 620
0 109
1 1024
0 171
0 414
1 1024
0 394
1 1024
3 1024
0 438
1 1024
0 36
1 1024
0 128
1 1024
3 1024
0 117
1 1024
0 198
2 1024
1 1024
2 1024
0 123
0 194
0 319
0 233
1 1024
0 104
0 976
1 1024
1 1024
2 1024
0 659
0 788
0 136
0 384
1 1024
4 1024
0 323
0 351
0 382
0 168
1 1024
1 1024
0 158
0 664
0 212
0 194
0 339
0 74
2 1024
0 74
0 256
0 801
1 1024
2 1024
0 418
0 188
0 377
0 286
0 447
1 1024
0 40
0 138
0 789
0 439
0 552
0 298
1 1024
1 1024
1 1024
0 736
0 321
0 40
1 1024
0 77
0 458
0 882
1 1024
0 250
2 1024
0 206
0 350
0 219
1 1024
0 79
1 1024
2 1024
0 71
1 1024
0 991
0 189
0 167
0 89
0 61
0 95
0 251
1 1024
1 1024
1 1024
0 56
0 137
0 612
1 1024
2 1024
0 792
0 364
0 135
0 47
0 635
0 281
0 50
1 1024
0 121
0 157
0 96
0 326
0 144
1 1024
1 1024
3 1024
0 481
0 367
1 1024
0 310
0 122
0 333
0 163
0 59
0 348
1 1024
0 318
1 1024
0 807
0 256
0 468
0 235
0 396
0 138
1 1024
1 1024
0 187
0 198
1 1024
0 210
0 121
0 85
0 144
0 253
2 1024
0 341
0 369
0 146
0 441
0 828
0 209
0 509
0 141
0 69
1 1024
1 1024
1 1024
0 121
0 105
0 397
1 1024
0 291
1 1024
0 148
0 81
0 68
0 295
0 180
0 175
1 1024
0 125
0 108
0 464
0 264
0 246
0 80
0 229
0 75
0 772
1 1024
1 1024
1 1024
1 1024
2 1024
1 1024
0 217
1 1024
1 1024
0 74
0 157
0 579
0 325
1 1024
0 133
2 1024
0 43
0 471
3 1024
0 131
0 428
2 1024
0 196
1 1024
0 202
0 157
0 51
0 627
0 113
0 214
1 1024
0 459
0 615
0 167
0 51
0 314
0 631
0 173
0 606
0 93
1 1024
0 168
0 357
1 1024
0 463
1 1024
0 40
0 110
2 1024
0 66
0 279
0 114
2 1024
1 1024
0 257
1 1024
1 1024
0 134
2 1024
0 222
0 139
0 161
2 1024
1 1024
1 1024
0 134
0 160
1 1024
1 1024
1 1024
0 219
1 1024
0 117
0 311
2 1024
1 1024
1 1024
1 1024
0 132
0 128
1 1024
0 237
0 117
1 1024
3 1024
1 1024
0 207
0 128
1 1024
0 382
0 244
0 250
1 1024
1 1024
1 1024
0 228
0 630
1 1024
0 46
1 1024
0 132
1 1024
0 275
0 605
0 131
1 1024
1 1024
1 1024
1 1024
0 103
1 1024
0 661
0 123
1 1024
1 1024
0 621
0 276
2 1024
0 283
1 1024
0 322
2 1024
1 1024
0 441
0 158
3 1024
0 184
0 49
1 1024
0 206
3 1024
0 1015
1 1024
1 1024
0 39
0 58
0 324
2 1024
1 1024
1 1024
0 391
1 1024
0 111
0 71
0 151
1 1024
0 140
2 1024
0 186
0 574
0 151
0 656
2 1024
0 163
0 81
0 211
1 1024
0 202
1 1024
2 1024
2 1024
0 119
0 180
1 1024
1 1024
1 1024
0 49
0 147
1 1024
0 156
1 1024
1 1024
0 592
0 829
1 1024
1 1024
0 143
2 1024
0 45
1 1024
1 1024
1 1024
1 1024
1 1024
0 64
2 1024
2 1024
0 149
0 68
0 195
0 288
3 1024
1 1024
0 280
1 1024
0 208
0 281
0 504
0 206
2 1024
0 115
0 214
0 230
2 1024
1 1024
2 1024
1 1024
0 424
0 90
2 1024
0 77
0 333
0 275
0 453
0 887
0 183
0 153
0 103
1 1024
1 1024
0 264
1 1024
0 367
1 1024
0 447
0 119
1 1024
2 1024
1 1024
0 406
1 1024
0 97
1 1024
0 350
1 1024
0 148
0 73
1 1024
0 338
1 1024
1 1024
1 1024
1 1024
4 1024
0 261
0 475
0 106
0 294
0 386
0 392
0 268
0 292
0 537
1 1024
0 150
1 1024
0 436
1 1024
0 368
0 373
0 128
0 61
2 1024
3 1024
0 298
0 235
1 1024
0 255
0 230
1 1024
0 95
1 1024
0 194
0 89
0 207
1 1024
0 567
1 1024
1 1024
1 1024
0 900
0 158
0 222
1 1024
0 101
0 979
1 1024
1 1024
1 1024
0 804
0 154
1 1024
0 98
1 1024
1 1024
0 266
0 916
1 1024
0 223
0 295
1 1024
0 585
1 1024
0 678
0 395
1 1024
0 505
1 1024
0 88
1 1024
1 1024
0 254
0 109
0 186
1 1024
0 506
1 1024
0 200
0 120
2 1024
1 1024
0 106
0 118
0 65
1 1024
0 729
0 383
1 1024
2 1024
0 322
0 621
2 1024
0 576
1 1024
0 215
0 139
0 936
1 1024
0 214
1 1024
0 206
0 313
0 38
0 74
2 1024
0 249
1 1024
1 1024
2 1024
2 1024
0 148
1 1024
0 62
2 1024
0 238
1 1024
2 1024
1 1024
0 235
1 1024
1 1024
0 175
2 1024
0 209
1 1024
2 1024
0 154
0 144
1 1024
0 136
1 1024
1 1024
0 136
0 463
0 373
0 162
1 1024
0 111
0 656
1 1024
1 1024
1 1024
0 173
1 1024
1 1024
1 1024
0 194
0 1001
0 349
1 1024
1 1024
0 936
1 1024
0 272
2 1024
1 1024
0 120
1 1024
0 58
1 1024
0 73
0 473
0 242
0 677
1 1024
1 1024
1 1024
0 280
0 212
0 159
0 203
0 273
1 1024
0 315
1 1024
1 1024
0 111
1 1024
1 1024
1 1024
1 1024
0 323
2 1024
0 243
0 232
0 255
0 540
0 31
0 537
0 152
0 183
0 51
0 249
1 1024
0 88
0 153
1 1024
0 501
1 1024
1 1024
1 1024
1 1024
0 347
0 384
0 139
1 1024
0 78
0 67
1 1024
3 1024
1 1024
0 430
1 1024
2 1024
0 282
1 1024
0 197
1 1024
0 569
0 78
1 1024
0 223
0 331
1 1024
0 375
0 187
0 553
2 1024
1 1024
0 119
0 174
0 200
0 281
1 1024
0 333
1 1024
0 286
0 962
0 582
0 306
0 163
0 32
0 311
0 500
0 339
0 162
0 50
0 299
2 1024
0 403
0 481
1 1024
0 630
1 1024
0 122
0 401
0 311
0 235
0 806
1 1024
0 287
0 852
1 1024
0 216
0 158
0 306
2 1024
1 1024
0 191
2 1024
0 368
2 1024
0 235
0 281
0 269
1 1024
0 131
0 100
0 215
0 187
0 139
0 216
0 303
0 22
1 1024
0 432
0 104
0 239
2 1024
1 1024
1 1024
0 526
0 309
1 1024
0 338
0 108
2 1024
1 1024
0 92
0 500
0 611
2 1024
0 258
1 1024
1 1024
0 52
0 120
1 1024
0 44
2 1024
1 1024
2 1024
0 845
0 336
2 1024
0 381
0 86
0 424
0 883
0 141
0 210
0 236
0 156
0 134
0 146
1 1024
0 155
0 179
0 229
1 1024
0 287
1 1024
3 1024
1 1024
2 1024
0 276
0 244
0 94
0 255
2 1024
0 359
1 1024
0 398
1 1024
0 450
0 82
0 190
0 128
0 287
0 335
0 92
0 373
0 406
0 43
1 1024
1 1024
0 359
0 179
0 150
0 145
0 264
2 1024
2 1024
0 61
0 130
0 263
0 161
0 861
0 296
1 1024
0 279
1 1024
0 518
1 1024
0 136
0 352
0 946
0 489
1 1024
0 288
1 1024
0 533
0 589
1 1024
0 41
1 1024
0 262
0 144
1 1024
1 1024
0 325
2 1024
0 263
1 1024
0 238
0 347
0 509
0 78
0 111
0 172
0 99
0 553
0 187
0 269
0 81
1 1024
2 1024
1 1024
0 155
0 268
0 178
0 247
0 546
3 1024
1 1024
1 1024
1 1024
0 142
0 254
1 1024
0 467
0 263
1 1024
0 174
0 411
1 1024
0 169
0 250
1 1024
0 334
0 194
0 932
1 1024
0 32
0 255
0 99
1 1024
0 309
1 1024
0 81
1 1024
2 1024
0 555
2 1024
1 1024
0 322
0 246
1 1024
1 1024
0 450
0 323
1 1024
0 598
0 182
1 1024
0 858
0 446
0 313
0 304
0 225
2 1024
0 52
0 88
1 1024
0 467
0 222
0 229
0 887
1 1024
0 666
0 206
1 1024
0 245
1 1024
2 1024
1 1024
1 1024
0 236
1 1024
1 1024
1 1024
1 1024
1 1024
0 133
0 197
0 570
0 581
3 1024
1 1024
0 476
1 1024
0 294
0 234
0 440
0 83
0 89
0 286
0 1016
0 205
0 226
2 1024
0 724
0 185
0 320
0 310
1 1024
1 1024
0 153
1 1024
0 101
0 112
1 1024
1 1024
0 169
1 1024
0 164
0 41
0 1021
1 1024
2 1024
1 1024
0 429
0 285
0 297
0 76
1 1024
0 137
0 77
0 892
0 105
0 288
2 1024
0 278
1 1024
0 812
0 281
0 424
1 1024
0 210
1 1024
0 156
0 816
0 78
1 1024
1 1024
0 95
0 298
0 224
1 1024
0 392
1 1024
0 264
0 324
0 64
1 1024
1 1024
0 61
0 89
1 1024
1 1024
0 503
0 739
1 1024
0 914
0 606
0 293
0 794
0 135
0 223
1 1024
0 74
0 405
1 1024
1 1024
0 354
0 629
0 129
1 1024
2 1024
0 67
0 179
0 145
1 1024
0 139
0 101
1 1024
0 73
0 179
0 279
0 296
1 1024
0 246
0 1000
0 133
0 426
0 276
0 135
0 189
1 1024
0 151
0 287
1 1024
0 193
0 143
0 304
1 1024
0 244
0 269
0 147
1 1024
1 1024
0 117
0 193
0 86
2 1024
1 1024
0 689
1 1024
0 296
0 239
1 1024
1 1024
2 1024
0 462
1 1024
3 1024
1 1024
0 64
0 95
0 102
0 277
0 64
0 785
0 151
1 1024
1 1024
0 162
2 1024
0 454
0 89
1 1024
0 67
1 1024
3 1024
3 1024
3 1024
0 959
0 141
1 1024
0 51
2 1024
1 1024
0 79
1 1024
0 311
1 1024
2 1024
0 131
2 1024
0 210
0 157
0 169
0 74
0 132
0 435
1 1024
0 324
1 1024
0 361
2 1024
0 587
0 154
0 206
0 212
0 81
1 1024
1 1024
0 209
1 1024
0 185
0 79
1 1024
0 258
1 1024
1 1024
0 360
0 207
0 175
0 536
1 1024
0 445
1 1024
1 1024
0 65
0 130
0 62
0 392
0 231
0 59
1 1024
0 67
0 71
2 1024
0 673
0 460
1 1024
0 152
0 535
0 92
0 200
1 1024
2 1024
2 1024
3 1024
0 437
0 177
0 178
1 1024
1 1024
0 275
0 237
2 1024
0 77
1 1024
0 1014
0 210
0 118
0 593
2 1024
0 139
0 199
1 1024
0 299
0 596
0 325
0 651
0 413
0 262
0 59
2 1024
0 118
0 358
0 404
0 1014
0 734
0 283
0 273
0 216
1 1024
0 261
0 133
1 1024
0 456
1 1024
0 288
0 169
1 1024
1 1024
0 372
0 65
1 1024
1 1024
0 64
1 1024
2 1024
0 109
1 1024
1 1024
1 1024
1 1024
0 186
0 110
1 1024
0 210
1 1024
0 234
0 110
0 754
0 216
0 99
1 1024
0 264
0 271
0 385
0 232
1 1024
1 1024
1 1024
0 414
1 1024
0 150
0 210
1 1024
0 221
1 1024
0 221
0 24
0 248
0 168
0 806
0 257
2 1024
1 1024
1 1024
0 208
1 1024
0 825
0 89
0 868
0 353
2 1024
0 287
0 255
1 1024
1 1024
1 1024
0 245
0 108
1 1024
0 228
0 48
2 1024
0 229
1 1024
0 646
0 303
1 1024
0 701
0 180
0 146
0 151
0 181
1 1024
0 353
0 214
0 119
0 188
1 1024
1 1024
1 1024
0 81
1 1024
0 123
3 1024
0 620
1 1024
0 292
0 96
0 178
0 270
0 167
0 99
1 1024
0 172
1 1024
3 1024
0 212
0 81
2 1024
1 1024
2 1024
0 158
2 1024
0 414
1 1024
0 227
0 316
0 488
0 440
0 423
0 624
0 295
1 1024
0 121
0 370
0 97
0 229
0 768
1 1024
2 1024
1 1024
0 1009
1 1024
0 147
1 1024
0 110
0 103
1 1024
0 116
0 197
2 1024
0 174
0 263
1 1024
1 1024
0 123
0 80
0 231
0 184
1 1024
1 1024
0 718
0 557
1 1024
0 234
0 190
0 337
2 1024
2 1024
0 614
0 110
1 1024
1 1024
0 505
1 1024
0 335
1 1024
1 1024
0 178
0 321
0 189
0 112
0 515
0 138
1 1024
0 368
0 68
0 244
0 112
0 146
1 1024
0 163
1 1024
0 364
0 311
0 214
0 20
3 1024
1 1024
0 473
0 258
1 1024
0 306
0 241
0 177
1 1024
0 429
0 339
0 546
0 191
0 146
1 1024
0 644
1 1024
1 1024
1 1024
1 1024
0 177
0 429
0 70
0 346
1 1024
1 1024
0 42
1 1024
0 94
0 206
0 603
1 1024
2 1024
2 1024
0 56
1 1024
1 1024
0 304
0 192
0 228
0 135
0 88
0 121
1 1024
0 167
1 1024
1 1024
1 1024
0 221
1 1024
0 866
0 212
0 82
1 1024
0 328
0 214
0 398
0 1014
1 1024
0 223
0 26
1 1024
0 569
0 181
0 181
0 325
0 925
0 212
0 163
0 284
1 1024
1 1024
0 215
0 331
0 63
0 91
1 1024
0 183
0 630
1 1024
0 153
0 114
0 987
0 244
0 422
0 524
2 1024
1 1024
1 1024
1 1024
1 1024
3 1024
0 418
0 131
0 147
0 70
2 1024
0 103
0 196
0 112
1 1024
1 1024
0 322
0 494
1 1024
0 406
0 149
1 1024
0 790
0 330
0 143
0 637
0 179
1 1024
0 353
0 99
0 57
2 1024
0 636
1 1024
1 1024
0 249
0 216
0 818
2 1024
0 424
0 476
0 281
0 942
0 87
1 1024
0 413
0 124
3 1024
1 1024
1 1024
1 1024
1 1024
1 1024
2 1024
0 127
0 249
1 1024
0 231
2 1024
2 1024
0 214
0 333
0 254
2 1024
1 1024
1 1024
0 248
1 1024
0 680
0 318
0 359
1 1024
1 1024
0 463
0 109
0 239
0 259
1 1024
0 316
0 270
2 1024
0 204
2 1024
0 71
0 183
0 214
0 721
1 1024
0 199
0 337
2 1024
0 476
0 22
0 534
0 277
0 104
0 211
0 876
0 307
1 1024
0 621
0 183
0 171
0 162
1 1024
2 1024
0 530
0 414
2 1024
0 220
0 146
0 104
0 587
0 132
0 421
0 391
1 1024
0 349
0 238
0 395
0 311
1 1024
0 571
0 27
3 1024
0 153
1 1024
2 1024
0 261
0 316
2 1024
0 86
1 1024
2 1024
1 1024
0 85
1 1024
1 1024
1 1024
1 1024
0 342
0 92
0 74
0 401
0 227
1 1024
1 1024
0 208
0 309
0 167
2 1024
0 185
0 283
0 890
0 215
0 83
0 197
0 840
1 1024
0 54
0 397
0 455
0 111
1 1024
0 389
0 142
0 155
0 64
1 1024
1 1024
0 168
0 175
2 1024
1 1024
0 171
0 41
1 1024
1 1024
0 68
1 1024
0 249
0 507
0 116
0 222
1 1024
1 1024
2 1024
1 1024
1 1024
0 743
0 856
0 900
0 335
0 384
2 1024
1 1024
1 1024
0 45
0 560
1 1024
0 89
0 332
1 1024
1 1024
1 1024
1 1024
1 1024
0 185
0 240
0 117
1 1024
1 1024
0 375
0 129
1 1024
0 336
0 90
0 97
2 1024
0 115
0 918
0 78
0 380
1 1024
0 279
0 393
1 1024
0 126
0 558
1 1024
2 1024
1 1024
0 52
0 155
0 574
0 386
0 198
1 1024
0 975
1 1024
1 1024
0 100
1 1024
0 403
0 493
0 757
0 827
1 1024
0 331
0 431
0 947
0 601
0 434
1 1024
2 1024
0 223
2 1024
0 236
1 1024
1 1024
1 1024
1 1024
1 1024
1 1024
0 908
0 267
0 372
0 264
0 56
1 1024
0 73
1 1024
2 1024
1 1024
0 482
0 53
0 482
0 103
1 1024
4 1024
0 429
2 1024
1 1024
0 284
1 1024
0 40
1 1024
0 986
0 309
0 40
0 110
0 95
1 1024
1 1024
0 138
2 1024
1 1024
0 301
0 276
1 1024
0 861
1 1024
1 1024
0 917
0 760
0 215
2 1024
1 1024
0 293
1 1024
1 1024
0 125
1 1024
0 597
0 379
0 143
1 1024
1 1024
0 619
3 1024
1 1024
0 689
0 90
1 1024
0 110
1 1024
0 196
1 1024
1 1024
2 1024
0 312
0 170
0 193
0 309
0 292
0 568
0 390
0 906
0 181
0 320
0 249
0 168
0 597
0 380
1 1024
0 304
0 395
1 1024
1 1024
0 176
1 1024
1 1024
1 1024
1 1024
0 323
0 151
0 86
0 86
0 339
1 1024
0 292
1 1024
0 697
1 1024
0 456
0 37
1 1024
0 104
1 1024
1 1024
1 1024
0 344
0 659
0 117
2 1024
1 1024
0 17
0 296
1 1024
2 1024
1 1024
1 1024
0 199
1 1024
1 1024
0 232
0 88
2 1024
0 123
0 230
0 87
0 496
0 182
1 1024
0 278
0 202
0 93
0 223
2 1024
0 181
0 279
0 120
1 1024
0 1021
0 286
0 997
0 87
0 216
1 1024
1 1024
0 220
0 89
0 312
2 1024
0 250
1 1024
0 222
0 275
0 126
1 1024
1 1024
0 254
0 228
0 104
0 284
1 1024
0 323
0 265
1 1024
1 1024
0 201
0 322
1 1024
0 334
0 330
1 1024
2 1024
0 698
4 1024
0 190
0 957
1 1024
0 173
1 1024
2 1024
1 1024
1 1024
3 1024
0 150
1 1024
0 63
1 1024
1 1024
1 1024
0 418
0 106
2 1024
0 482
0 309
0 349
0 417
0 175
0 827
2 1024
1 1024
2 1024
2 1024
0 406
0 219
0 447
0 176
1 1024
1 1024
0 298
1 1024
0 432
1 1024
0 608
0 274
0 94
3 1024
0 284
0 192
2 1024
0 38
1 1024
0 352
2 1024
0 178
1 1024
0 37
2 1024
0 501
0 85
0 232
2 1024
0 78
0 96
0 400
1 1024
0 231
2 1024
1 1024
1 1024
0 225
0 139
1 1024
0 319
1 1024
1 1024
0 185
0 216
1 1024
1 1024
1 1024
0 243
1 1024
0 345
1 1024
0 407
1 1024
0 74
0 241
2 1024
1 1024
0 790
0 70
0 315
0 316
0 116
1 1024
0 188
0 46
0 369
0 51
0 605
0 242
0 144
1 1024
0 142
0 312
1 1024
0 707
0 128
0 260
0 75
0 498
0 174
1 1024
1 1024
1 1024
1 1024
0 146
0 171
0 70
0 107
0 102
0 444
1 1024
0 119
2 1024
0 321
0 88
1 1024
0 162
1 1024
0 228
0 469
1 1024
1 1024
1 1024
0 589
1 1024
0 277
0 568
1 1024
1 1024
0 146
0 257
2 1024
1 1024
1 1024
0 640
0 223
0 332
1 1024
1 1024
0 117
0 556
1 1024
1 1024
0 229
1 1024
0 181
0 43
1 1024
1 1024
1 1024
2 1024
0 106
1 1024
1 1024
0 171
0 155
0 105
0 284
0 219
0 407
4 1024
2 1024
0 251
1 1024
1 1024
1 1024
2 1024
0 398
0 48
1 1024
1 1024
0 401
0 210
0 190
0 432
0 186
1 1024
0 102
1 1024
1 1024
0 649
0 266
1 1024
0 358
0 122
0 539
1 1024
3 1024
0 368
0 204
0 32
3 1024
3 1024
0 72
0 122
0 649
0 130
1 1024
0 305
1 1024
1 1024
0 56
2 1024
0 932
0 191
1 1024
0 1018
0 203
1 1024
0 225
2 1024
1 1024
0 331
1 1024
1 1024
0 456
0 374
0 70
0 240
2 1024
0 153
0 237
0 969
0 220
0 69
0 243
0 135
0 140
0 806
1 1024
1 1024
1 1024
1 1024
0 49
1 1024
1 1024
0 155
0 116
1 1024
1 1024
0 79
2 1024
0 117
0 377
0 179
2 1024
0 608
0 76
1 1024
0 146
0 57
1 1024
0 141
1 1024
0 91
1 1024
0 267
0 220
1 1024
0 488
0 892
0 306
1 1024
0 33
1 1024
0 201
0 140
0 433
0 470
0 658
0 104
0 582
0 70
0 337
0 444
4 1024
1 1024
3 1024
0 430
1 1024
0 100
0 190
0 133
1 1024
0 182
0 292
1 1024
0 434
0 963
0 370
0 82
0 185
0 295
2 1024
2 1024
0 116
0 30
0 792
0 88
0 195
0 328
0 101
1 1024
1 1024
2 1024
0 450
0 110
0 54
1 1024
0 357
0 444
0 804
1 1024
0 524
1 1024
1 1024
1 1024
1 1024
0 137
2 1024
3 1024
0 195
0 739
1 1024
1 1024
1 1024
3 1024
0 513
0 198
0 163
2 1024
1 1024
0 248
0 261
0 189
1 1024
1 1024
0 295
0 301
0 196
2 1024
0 409
0 135
0 401
1 1024
0 747
0 247
0 141
1 1024
0 116
0 206
2 1024
0 146
0 400
0 704
1 1024
0 165
0 658
1 1024
1 1024
0 162
0 87
0 129
0 479
0 386
0 176
1 1024
1 1024
0 458
0 315
0 71
1 1024
0 131
0 100
1 1024
0 476
0 234
0 95
0 90
1 1024
1 1024
1 1024
0 145
0 273
2 1024
3 1024
2 1024
0 151
0 267
0 309
0 61
1 1024
0 209
0 200
0 444
0 698
0 142
1 1024
0 149
0 394
0 404
1 1024
2 1024
0 779
0 281
0 291
0 66
0 217
0 168
1 1024
1 1024
0 497
0 953
0 87
0 417
0 322
1 1024
0 549
1 1024
0 539
1 1024
0 73
1 1024
0 153
0 592
0 247
0 320
3 1024
0 136
1 1024
0 155
1 1024
0 266
1 1024
0 675
1 1024
0 156
2 1024
0 119
0 214
0 73
0 82
2 1024
0 163
0 115
0 368
0 91
0 328
0 273
0 21
0 162
1 1024
0 306
2 1024
0 159
1 1024
1 1024
0 363
1 1024
2 1024
0 232
0 1017
0 46
1 1024
2 1024
0 565
0 110
1 1024
0 230
0 129
0 973
0 282
0 189
0 819
1 1024
0 316
2 1024
2 1024
0 222
2 1024
1 1024
0 102
1 1024
0 95
0 333
0 67
0 170
3 1024
1 1024
0 182
1 1024
0 854
1 1024
2 1024
1 1024
1 1024
0 111
2 1024
0 89
1 1024
0 112
0 614
0 319
0 275
0 171
0 250
1 1024
1 1024
0 262
1 1024
0 227
0 265
2 1024
1 1024
0 118
0 829
1 1024
0 133
1 1024
0 241
0 602
2 1024
2 1024
3 1024
0 305
0 172
1 1024
1 1024
1 1024
2 1024
1 1024
2 1024
2 1024
0 344
0 103
2 1024
0 213
3 1024
0 170
0 374
1 1024
2 1024
0 571
1 1024
0 877
0 157
0 331
0 311
0 486
1 1024
0 351
2 1024
0 164
0 147
0 157
2 1024
1 1024
0 570
1 1024
0 122
0 497
0 158
0 351
0 130
0 482
0 162
1 1024
1 1024
0 41
2 1024
0 185
1 1024
2 1024
1 1024
0 99
2 1024
0 174
0 375
0 277
0 80
0 467
2 1024
0 220
0 396
0 72
0 278
1 1024
0 516
0 116
0 578
0 300
1 1024
1 1024
0 89
1 1024
1 1024
0 361
0 133
4 1024
0 503
3 1024
1 1024
0 851
0 280
3 1024
1 1024
0 301
0 60
0 320
0 48
1 1024
0 196
0 185
0 477
0 58
1 1024
0 175
2 1024
2 1024
0 429
0 150
0 148
0 199
0 114
0 247
1 1024
1 1024
1 1024
0 548
2 1024
0 178
1 1024
1 1024
0 169
1 1024
0 54
0 175
1 1024
2 1024
2 1024
0 175
1 1024
0 86
0 326
0 408
1 1024
0 292
1 1024
3 1024
0 679
0 949
0 65
1 1024
1 1024
1 1024
0 331
1 1024
2 1024
2 1024
0 230
1 1024
0 362
0 504
0 180
1 1024
0 335
1 1024
4 1024
0 71
0 142
0 74
1 1024
0 76
0 959
0 213
0 196
0 50
0 278
2 1024
1 1024
1 1024
1 1024
0 272
1 1024
0 680
1 1024
1 1024
0 321
0 182
0 202
0 256
1 1024
1 1024
0 772
0 931
1 1024
0 141
1 1024
1 1024
0 370
0 30
0 366
1 1024
1 1024
0 213
0 393
1 1024
0 103
1 1024
1 1024
0 120
1 1024
0 172
1 1024
0 337
0 654
0 406
0 248
2 1024
0 407
0 250
0 525
0 1021
1 1024
2 1024
0 970
2 1024
2 1024
0 49
0 283
0 493
0 92
0 45
0 372
0 880
3 1024
0 98
0 972
0 202
1 1024
1 1024
1 1024
1 1024
0 318
0 162
1 1024
0 165
0 54
0 196
0 380
2 1024
0 206
0 224
0 77
0 203
2 1024
2 1024
0 136
0 643
1 1024
1 1024
0 298
1 1024
1 1024
1 1024
1 1024
0 81
1 1024
0 24
0 195
1 1024
1 1024
1 1024
0 308
0 597
0 302
2 1024
2 1024
1 1024
0 103
0 179
0 222
0 229
0 50
0 134
0 166
0 178
1 1024
0 156
0 224
0 979
0 673
1 1024
3 1024
0 94
2 1024
0 207
0 305
2 1024
0 176
0 144
1 1024
0 938
0 195
0 660
1 1024
0 79
1 1024
2 1024
0 122
0 418
0 183
1 1024
0 70
0 127
0 191
2 1024
0 75
0 51
1 1024
0 444
0 420
0 100
1 1024
0 594
1 1024
0 331
0 835
0 441
2 1024
1 1024
2 1024
0 185
1 1024
1 1024
1 1024
1 1024
1 1024
0 145
0 71
0 140
0 943
1 1024
1 1024
0 189
0 732
0 341
1 1024
2 1024
1 1024
0 414
1 1024
0 26
1 1024
0 644
0 88
0 68
0 279
3 1024
1 1024
1 1024
1 1024
0 182
0 465
0 309
0 799
0 192
0 242
0 716
0 167
0 449
0 232
0 455
0 188
1 1024
0 395
2 1024
1 1024
1 1024
0 315
0 329
0 101
0 297
0 108
0 342
0 28
0 136
2 1024
1 1024
0 136
0 210
0 150
0 114
1 1024
0 870
0 816
0 271
0 888
0 573
0 667
0 446
1 1024
1 1024
0 282
1 1024
0 261
0 153
2 1024
0 159
0 482
0 848
1 1024
0 541
1 1024
0 665
0 440
0 160
0 523
0 410
0 676
0 145
0 91
0 132
2 1024
1 1024
0 355
0 247
0 250
0 215
0 237
3 1024
1 1024
1 1024
1 1024
0 218
0 301
0 495
1 1024
1 1024
0 90
0 397
0 35
0 502
0 398
1 1024
0 197
0 421
0 63
0 401
1 1024
3 1024
1 1024
0 73
0 105
0 492
3 1024
2 1024
0 528
0 123
1 1024
0 57
1 1024
5 1024
0 617
1 1024
0 179
0 440
0 102
1 1024
0 91
1 1024
0 140
1 1024
0 538
0 918
4 1024
0 340
2 1024
1 1024
0 63
0 179
0 228
1 1024
1 1024
0 67
0 61
0 196
2 1024
0 683
0 215
0 309
0 217
1 1024
0 125
1 1024
1 1024
1 1024
0 325
1 1024
0 487
0 973
1 1024
0 114
1 1024
1 1024
1 1024
2 1024
0 551
0 139
0 325
0 901
2 1024
1 1024
3 1024
0 160
2 1024
1 1024
0 461
3 1024
1 1024
0 1016
0 374
2 1024
0 273
2 1024
0 289
2 1024
1 1024
1 1024
1 1024
0 232
0 968
1 1024
0 343
1 1024
0 119
0 502
1 1024
0 420
1 1024
0 201
0 446
0 402
1 1024
0 47
2 1024
0 325
0 123
0 244
0 234
2 1024
0 532
1 1024
4 1024
0 330
0 340
1 1024
0 318
1 1024
0 147
0 339
1 1024
0 229
0 453
0 333
0 39
0 239
1 1024
0 225
0 88
0 404
0 157
0 454
0 121
1 1024
0 83
3 1024
1 1024
0 216
0 572
1 1024
0 334
2 1024
1 1024
0 499
0 81
0 116
0 1018
0 274
0 263
0 703
0 814
2 1024
1 1024
0 95
0 213
0 60
0 76
5 1024
0 154
0 135
0 171
1 1024
1 1024
0 414
0 602
1 1024
2 1024
0 81
1 1024
0 358
1 1024
0 338
0 191
0 662
0 803
0 248
0 116
1 1024
0 780
0 771
0 687
0 206
0 576
0 69
0 933
0 242
1 1024
0 399
0 349
1 1024
1 1024
0 201
0 158
0 154
0 864
0 125
0 173
0 208
1 1024
0 114
0 645
2 1024
1 1024
0 517
0 89
0 466
0 697
0 487
0 82
1 1024
0 171
0 400
1 1024
0 526
0 151
0 131
0 324
0 212
0 122
2 1024
0 215
1 1024
2 1024
0 69
0 99
0 584
0 351
2 1024
3 1024
1 1024
0 150
0 358
1 1024
2 1024
2 1024
0 707
0 283
0 113
0 126
0 205
1 1024
1 1024
3 1024
0 396
1 1024
2 1024
1 1024
0 359
2 1024
1 1024
0 667
2 1024
0 128
0 575
0 244
1 1024
0 724
0 237
0 116
2 1024
0 417
1 1024
0 373
0 145
1 1024
0 65
1 1024
0 137
1 1024
1 1024
0 134
0 219
1 1024
1 1024
0 212
0 725
0 309
2 1024
0 198
0 244
0 390
0 269
0 200
0 560
0 102
0 68
2 1024
1 1024
0 224
0 135
0 661
0 392
0 103
0 226
0 305
0 237
0 162
1 1024
0 324
0 139
0 67
0 478
0 527
1 1024
3 1024
0 38
0 920
2 1024
0 293
0 228
0 375
0 693
4 1024
0 154
0 214
0 284
0 417
1 1024
1 1024
1 1024
0 181
1 1024
0 279
0 173
1 1024
0 166
0 41
0 572
1 1024
1 1024
0 152
0 473
0 190
0 252
1 1024
2 1024
0 261
2 1024
3 1024
0 128
0 233
0 180
0 87
0 212
0 689
0 144
4 1024
1 1024
1 1024
1 1024
0 236
1 1024
0 126
0 290
0 163
0 135
0 151
1 1024
0 304
0 750
2 1024
1 1024
0 91
2 1024
1 1024
0 468
1 1024
0 507
0 368
2 1024
1 1024
0 21
1 1024
0 1014
0 161
0 96
0 59
1 1024
1 1024
2 1024
1 1024
1 1024
0 608
0 206
1 1024
1 1024
0 30
2 1024
0 310
0 582
1 1024
0 365
3 1024
0 208
0 135
0 134
0 765
1 1024
0 338
1 1024
0 905
1 1024
0 79
0 420
1 1024
1 1024
1 1024
1 1024
0 103
0 388
0 346
0 859
0 291
1 1024
0 328
1 1024
0 33
1 1024
0 235
0 254
1 1024
1 1024
0 279
1 1024
0 47
1 1024
1 1024
1 1024
1 1024
1 1024
0 90
2 1024
1 1024
3 1024
0 298
0 90
1 1024
0 194
0 190
0 289
1 1024
1 1024
1 1024
0 728
0 383
0 351
0 188
0 682
0 133
1 1024
0 121
1 1024
0 103
0 424
0 243
0 169
2 1024
0 112
0 340
1 1024
0 395
0 570
0 169
0 246
0 341
0 144
0 295
0 301
1 1024
1 1024
0 213
0 61
2 1024
1 1024
1 1024
0 901
1 1024
0 115
0 626
0 251
0 329
0 314
1 1024
1 1024
2 1024
2 1024
1 1024
0 140
0 148
1 1024
1 1024
0 236
0 184
1 1024
0 121
0 309
2 1024
2 1024
0 213
0 88
1 1024
0 174
1 1024
1 1024
0 26
0 361
0 90
0 262
1 1024
0 543
0 190
1 1024
0 688
0 264
0 354
0 182
0 117
1 1024
0 274
0 155
1 1024
0 966
1 1024
1 1024
0 276
0 125
1 1024
2 1024
0 74
2 1024
0 509
1 1024
0 172
0 152
1 1024
0 214
0 269
3 1024
0 876
0 294
1 1024
0 208
0 940
0 218
1 1024
0 157
0 554
0 125
0 271
1 1024
0 840
1 1024
1 1024
1 1024
1 1024
0 205
0 194
0 180
0 300
0 828
1 1024
0 330
0 216
0 756
0 754
0 225
1 1024
1 1024
0 430
1 1024
0 182
1 1024
0 259
0 264
1 1024
0 663
0 145
0 431
4 1024
0 155
0 322
0 648
0 159
2 1024
0 328
2 1024
0 97
0 183
0 674
1 1024
0 108
0 452
1 1024
1 1024
2 1024
0 49
1 1024
0 432
1 1024
2 1024
0 131
0 944
2 1024
1 1024
1 1024
1 1024
1 1024
0 78
1 1024
1 1024
1 1024
0 180
0 337
1 1024
1 1024
0 64
1 1024
0 670
1 1024
0 126
1 1024
1 1024
0 257
0 399
0 97
0 401
3 1024
0 88
1 1024
1 1024
0 263
1 1024
0 348
0 50
1 1024
2 1024
1 1024
1 1024
0 124
1 1024
0 283
1 1024
0 136
1 1024
2 1024
1 1024
0 340
1 1024
0 228
0 160
3 1024
0 226
0 108
1 1024
0 594
3 1024
0 313
0 159
1 1024
0 229
2 1024
1 1024
0 212
0 232
0 183
0 819
0 767
1 1024
0 65
0 542
0 158
0 141
1 1024
0 403
1 1024
0 326
1 1024
0 183
0 73
0 560
0 364
1 1024
1 1024
0 50
0 415
0 95
0 587
1 1024
1 1024
1 1024
0 112
0 172
0 230
1 1024
1 1024
0 451
0 53
0 330
2 1024
0 71
1 1024
0 261
1 1024
0 339
1 1024
0 258
1 1024
0 218
0 295
0 459
1 1024
0 274
0 101
1 1024
0 153
0 46
1 1024
0 854
1 1024
0 805
3 1024
0 266
1 1024
0 57
0 424
0 408
0 751
0 328
0 374
1 1024
0 312
0 329
0 486
0 366
0 41
0 465
0 435
0 200
0 625
0 173
0 239
0 109
0 125
0 17
1 1024
3 1024
1 1024
0 64
0 412
2 1024
0 629
0 159
0 96
0 282
1 1024
0 449
1 1024
1 1024
0 74
0 306
0 867
1 1024
0 346
0 488
0 31
1 1024
1 1024
0 271
0 427
0 294
0 440
0 299
2 1024
0 189
1 1024
1 1024
2 1024
0 261
0 731
0 517
1 1024
0 91
1 1024
0 300
1 1024
0 187
0 98
1 1024
1 1024
1 1024
0 172
2 1024
0 586
0 664
0 16
1 1024
1 1024
1 1024
1 1024
0 64
1 1024
1 1024
0 50
0 108
0 439
2 1024
0 203
0 499
0 281
0 302
0 154
0 464
0 72
1 1024
0 172
0 665
0 470
0 592
1 1024
0 565
0 422
1 1024
1 1024
0 78
1 1024
0 30
2 1024
1 1024
0 834
0 975
0 79
1 1024
0 105
1 1024
0 139
1 1024
0 105
1 1024
0 62
1 1024
0 681
0 238
2 1024
0 91
0 308
1 1024
1 1024
0 426
1 1024
0 278
4 1024
1 1024
0 391
1 1024
1 1024
0 157
0 285
0 133
1 1024
1 1024
0 142
0 60
0 119
2 1024
2 1024
0 279
2 1024
0 115
1 1024
0 91
0 286
0 466
0 283
1 1024
1 1024
0 18
1 1024
0 221
2 1024
1 1024
0 867
0 101
1 1024
0 109
2 1024
0 58
0 778
0 676
0 833
1 1024
0 312
0 208
0 212
0 437
0 525
0 166
0 871
2 1024
0 178
0 136
3 1024
0 610
1 1024
0 272
0 182
1 1024
1 1024
1 1024
1 1024
1 1024
0 414
1 1024
0 263
1 1024
0 689
1 1024
0 817
0 207
1 1024
1 1024
2 1024
0 104
0 581
1 1024
0 100
2 1024
1 1024
1 1024
0 94
0 379
0 98
0 67
0 304
0 403
0 174
0 100
0 803
0 524
0 407
0 208
1 1024
0 137
0 171
2 1024
0 320
4 1024
1 1024
1 1024
1 1024
0 165
1 1024
1 1024
0 140
0 260
0 249
1 1024
0 131
0 237
1 1024
1 1024
1 1024
0 840
0 381
0 337
0 80
1 1024
1 1024
1 1024
2 1024
0 216
2 1024
1 1024
0 301
2 1024
0 147
0 644
0 264
0 493
0 707
0 168
1 1024
0 342
0 169
2 1024
2 1024
0 59
2 1024
0 611
3 1024
0 253
1 1024
2 1024
1 1024
0 143
0 198
0 259
0 412
2 1024
0 262
0 39
2 1024
2 1024
0 778
0 252
1 1024
0 479
0 481
0 220
0 77
0 47
0 498
0 533
0 113
3 1024
0 250
1 1024
0 109
0 364
1 1024
0 45
0 390
1 1024
0 32
0 161
0 191
0 316
0 513
1 1024
1 1024
2 1024
0 72
0 601
0 437
1 1024
1 1024
1 1024
0 116
0 249
0 463
2 1024
1 1024
1 1024
2 1024
2 1024
0 192
4 1024
0 431
0 223
0 234
0 183
0 168
0 516
0 198
0 106
1 1024
1 1024
1 1024
0 523
1 1024
0 639
0 190
0 134
0 282
2 1024
1 1024
0 178
0 289
0 185
1 1024
