# SA for random K-SAT
# K = 3   N = 1024   M = 4032   seed = 3928096580
# alpha = 3.937500   nIter = 8192  Tmax = 0.200000
# 1:lowestUnsat  2:runTime
0 1167
0 1844
1 8192
0 1766
0 1924
0 2385
0 535
0 1663
0 2411
0 997
0 654
0 791
0 8062
0 898
0 592
0 3291
0 1580
0 786
0 2309
0 1872
0 827
0 1102
0 461
0 1390
0 1007
1 8192
0 3733
0 422
0 453
1 8192
2 8192
0 2321
0 1022
0 994
0 1217
0 694
0 1571
0 4213
0 1981
0 1340
0 441
0 843
0 4543
0 897
0 452
0 1958
0 1198
0 1360
0 504
0 364
0 1972
0 688
0 1191
0 1395
1 8192
0 1067
0 2206
0 1184
0 349
0 1317
0 1722
0 1258
1 8192
0 232
0 559
0 1116
1 8192
0 990
0 1814
0 665
0 3517
0 707
0 1885
0 526
0 1149
0 477
0 1054
0 1229
1 8192
0 1291
0 1128
0 1588
0 639
0 1858
0 1490
0 704
0 244
0 787
0 885
0 870
0 746
0 1184
0 189
0 503
1 8192
0 3950
0 2971
0 655
0 2104
0 2152
0 406
0 876
0 422
0 4882
0 579
0 4981
0 1163
1 8192
0 3292
0 675
0 252
0 569
0 3707
0 1263
0 1234
0 2396
0 419
0 3483
0 1766
0 426
0 856
0 268
0 2105
0 694
0 341
0 1382
0 783
0 1692
0 840
0 1244
0 1402
1 8192
0 502
0 359
1 8192
0 2736
0 366
0 1273
0 2640
0 2994
0 747
0 583
1 8192
0 995
0 427
0 1004
0 342
0 915
0 145
0 401
0 827
0 2359
2 8192
0 1150
0 487
0 744
0 1361
0 1185
0 1254
0 3975
0 666
1 8192
0 2337
0 3555
1 8192
0 356
1 8192
0 1877
0 1248
1 8192
0 4930
0 650
0 1436
0 8160
0 3975
0 2517
0 2366
0 920
2 8192
0 168
0 1647
1 8192
2 8192
0 1254
0 1516
0 733
0 2295
0 523
0 800
0 1275
0 1789
0 1805
0 1062
0 1358
0 1190
0 1130
0 647
0 399
0 1537
0 2232
0 515
0 5727
0 852
0 2253
0 1120
0 2019
0 743
0 3763
0 794
0 360
0 1658
0 2239
1 8192
0 959
0 2151
1 8192
0 769
0 2057
0 2764
0 3104
0 879
0 1045
0 1917
0 1591
0 712
0 602
0 419
0 371
0 2153
0 1731
0 2722
1 8192
0 1266
0 3069
0 1484
0 1436
0 1400
0 397
0 498
0 238
0 867
0 1375
0 2853
0 5555
0 1666
0 825
0 2069
0 940
0 3654
0 327
0 884
0 2918
0 2074
0 330
0 1210
0 1615
0 340
0 1874
0 615
0 399
0 1253
0 286
0 888
0 1087
0 740
0 855
1 8192
0 1074
0 1130
0 1101
0 1634
0 1223
0 979
0 1869
0 892
0 547
0 439
0 1228
0 1470
0 5287
1 8192
0 492
2 8192
0 666
0 662
0 1571
0 3133
0 2322
0 5684
1 8192
0 715
0 2569
0 2427
0 954
1 8192
0 4146
1 8192
0 427
0 1620
0 543
0 1318
0 1040
0 3139
0 624
0 723
0 686
0 1153
0 1197
1 8192
0 1535
0 154
0 747
0 967
0 1202
0 8077
0 7200
0 1098
0 2720
0 981
0 7679
0 1115
0 4652
0 1197
0 2928
0 591
0 1725
0 907
0 1630
0 1700
0 1196
0 696
0 1002
0 999
1 8192
0 2181
0 492
0 1273
0 1757
0 2434
0 1121
0 846
0 1680
0 1457
1 8192
0 493
0 319
0 2024
0 1874
0 2523
0 881
0 992
0 636
0 266
0 2607
0 1025
0 1917
0 799
0 1628
1 8192
0 1020
0 2249
0 183
0 208
0 2648
0 1008
0 918
0 1637
0 604
1 8192
0 1477
0 1457
0 2175
1 8192
0 656
0 1446
0 809
0 3560
0 2137
0 1010
2 8192
0 1765
1 8192
0 618
0 3808
0 1529
0 682
0 1479
0 2381
0 1119
0 1955
1 8192
0 621
0 681
0 2137
0 699
1 8192
0 1920
0 870
0 1877
0 1378
0 562
0 3094
0 2236
0 1709
0 2349
0 1061
1 8192
0 996
0 963
1 8192
0 1112
0 3273
0 287
0 803
0 1107
0 1747
0 2886
0 3355
0 1572
0 1518
0 1955
0 1844
0 1125
0 613
0 898
0 4257
0 2347
0 1020
0 2989
0 5614
0 1040
0 598
0 1456
0 903
0 484
0 686
0 654
1 8192
0 1095
0 990
0 2219
0 659
0 1248
0 1894
0 868
0 344
0 4263
0 564
0 1306
0 552
0 2250
0 1353
0 619
1 8192
0 4541
0 2293
0 993
0 406
0 2856
0 1452
0 1712
0 1037
0 415
0 1815
0 2791
0 605
0 546
0 576
0 1334
0 1146
0 1249
0 2027
0 903
0 479
1 8192
0 181
1 8192
0 1572
0 1887
0 815
0 2051
0 2567
0 902
0 674
0 303
0 1395
0 2293
0 666
0 790
0 1134
0 792
0 920
0 2193
0 1178
0 930
0 300
1 8192
1 8192
0 1511
0 1580
0 1361
0 684
0 2097
0 4498
0 1967
0 1357
0 867
0 1733
0 2402
0 1019
0 1157
0 860
1 8192
0 2819
0 2706
0 700
0 2133
0 635
0 1087
0 575
0 1881
0 817
0 1382
0 2863
0 825
0 1190
0 917
0 1723
1 8192
0 1556
0 4495
0 2550
0 670
0 718
0 670
1 8192
0 1111
0 1271
0 1361
0 1220
0 1046
0 1424
0 810
0 532
0 2572
1 8192
1 8192
0 563
0 1196
0 1329
0 1507
0 1594
0 972
0 1153
0 779
1 8192
0 857
0 929
0 1425
0 984
0 1361
0 2406
0 2185
0 1091
0 1422
0 1496
0 979
0 2350
0 990
0 1236
0 859
0 670
0 2404
1 8192
0 2262
0 601
0 821
1 8192
0 376
0 702
0 677
0 2121
0 3309
0 1046
0 2611
0 2424
0 676
0 2373
0 1756
0 2008
0 1413
0 543
0 940
0 646
0 478
1 8192
0 1932
0 821
0 1947
1 8192
0 792
0 1528
0 878
2 8192
0 1516
0 2940
1 8192
0 1271
0 880
0 3150
0 1646
0 1443
0 1051
0 2379
0 539
0 328
0 1150
0 465
0 923
0 1013
0 1716
0 1599
0 597
0 1185
0 1023
0 192
0 3145
0 610
0 1435
0 2218
0 674
0 961
0 2533
0 1374
0 2149
0 1362
0 1126
0 334
0 2656
0 1545
0 1721
0 1106
0 1344
0 1364
0 1003
1 8192
0 3955
0 923
0 2808
0 1071
0 886
0 2194
0 1556
0 1504
0 703
0 1052
0 854
0 1317
0 1603
0 1680
0 606
0 781
0 1628
0 5687
0 385
0 470
0 1406
0 3345
2 8192
0 765
0 812
0 2440
1 8192
0 1098
0 551
0 458
0 852
0 439
0 301
0 3395
0 664
0 584
0 1926
0 6641
0 1365
0 248
0 1644
0 814
0 1335
0 703
0 1484
0 735
0 1292
0 1213
0 375
0 829
0 1895
0 555
0 1264
0 7859
0 1022
0 238
0 904
0 323
0 709
1 8192
0 3373
0 667
0 1173
0 1376
0 323
0 2707
0 421
0 655
0 1294
0 8188
0 1718
0 1892
0 1615
0 982
0 368
0 1541
0 510
0 1208
0 1770
0 415
1 8192
0 528
0 1191
0 1488
0 560
0 2768
0 2654
0 637
0 1608
0 1631
0 570
0 4831
0 2236
0 595
0 425
0 1230
0 2355
0 1208
0 1947
0 1065
0 1379
0 3240
1 8192
0 204
0 444
0 1372
1 8192
0 1155
0 614
0 589
0 3192
0 1505
0 1296
0 1392
1 8192
0 695
0 479
0 1989
0 200
0 1208
2 8192
0 2419
0 1174
0 525
1 8192
0 1415
0 836
0 1472
0 1705
0 2133
0 1202
0 1227
0 1117
0 3489
0 1156
1 8192
0 1718
0 1369
0 461
0 2738
0 780
0 2705
0 2470
0 262
0 820
0 875
0 2794
1 8192
0 1024
0 1641
0 4137
0 890
0 1488
0 1245
0 2900
2 8192
0 1535
0 1436
0 1827
0 763
0 821
0 1022
0 1113
0 1089
0 1225
2 8192
0 3033
0 1317
0 589
0 3867
0 1121
0 2986
0 729
0 1250
0 1949
0 655
0 902
0 918
0 8183
0 2859
0 4537
0 1996
0 1350
0 2003
0 712
0 1867
0 740
0 746
0 1314
0 235
0 894
1 8192
0 1605
0 1302
0 599
0 1279
0 717
0 691
0 757
0 3818
0 2569
0 302
0 1538
0 645
0 1318
0 1106
0 1608
0 806
1 8192
0 3446
0 476
0 433
0 292
0 3617
0 1140
0 2915
0 3418
0 828
1 8192
0 2308
0 2303
0 2810
0 711
0 2200
1 8192
0 409
0 472
1 8192
0 1119
0 2634
0 946
0 1588
0 789
0 3008
0 699
0 962
0 1669
0 553
0 2556
0 897
0 990
0 634
0 2447
0 2141
0 668
0 4292
0 2057
0 1262
0 975
0 3560
0 3171
0 680
0 958
1 8192
0 786
0 1054
0 1662
0 1192
0 1607
0 1197
0 1554
0 2623
0 1210
0 1162
0 951
0 753
0 3548
0 458
0 3008
0 3342
0 2575
0 2051
0 851
1 8192
0 1336
0 2193
0 850
0 637
0 1011
0 6118
0 1133
0 2943
0 1691
0 1048
0 1323
1 8192
0 1729
0 464
0 607
0 1073
0 2128
0 2300
0 4504
0 185
0 1929
0 1480
0 1572
0 5172
0 1023
0 1595
0 2585
0 1167
0 248
0 1149
0 1671
0 1394
0 1436
0 564
0 3384
1 8192
0 945
0 209
0 1568
0 1257
0 1503
0 3150
0 1282
0 1003
0 556
0 232
0 547
0 700
0 209
0 973
0 2975
0 1096
0 1028
2 8192
0 361
0 1676
0 267
0 1836
0 776
0 2219
0 675
0 1257
0 1654
0 1289
0 291
0 814
0 2024
0 486
0 441
0 513
0 382
0 359
0 1205
0 836
0 1762
0 271
1 8192
0 460
0 554
0 1046
0 5175
0 4503
0 903
0 2984
0 1802
0 506
0 1634
0 1224
0 2674
0 3133
0 5362
0 1030
0 1412
0 1486
0 1213
0 881
0 4116
0 674
1 8192
0 1264
0 435
0 2066
0 906
0 273
0 2666
0 942
0 1608
0 1015
0 992
1 8192
0 1558
0 1203
0 2011
0 4189
0 2012
0 982
0 1354
0 1020
0 695
0 775
1 8192
0 1288
0 2287
0 349
0 888
0 565
0 905
0 572
0 388
0 3422
0 686
0 1115
0 878
0 2694
0 1850
0 1549
0 1028
0 429
0 1369
0 3175
0 1014
0 1221
0 1327
0 984
0 734
0 683
0 1615
0 1207
0 1085
0 1546
0 953
0 258
0 2190
0 1394
0 674
0 586
0 504
1 8192
0 287
0 1847
0 1541
0 368
0 2152
0 2083
0 3034
0 812
0 141
0 299
0 2231
0 963
0 3711
0 790
0 1500
0 1597
0 2097
0 711
1 8192
0 846
0 629
1 8192
1 8192
0 852
1 8192
0 2115
0 1871
0 936
0 1870
0 551
0 2282
0 1792
0 748
0 2048
0 1165
0 747
0 375
0 1056
0 545
0 5235
0 1317
0 1355
0 1893
0 1339
0 1340
1 8192
0 1238
0 723
0 1693
0 992
0 1557
0 5153
0 2058
0 1879
0 1543
0 4352
0 639
0 1122
0 693
0 2573
0 545
0 1277
0 1035
0 1947
0 1159
0 3646
0 497
1 8192
1 8192
0 574
1 8192
0 461
0 635
0 70
0 138
0 4341
0 952
0 1225
0 1964
0 2176
0 637
0 5428
0 3040
0 1803
0 1639
0 2967
0 535
0 7590
0 1570
1 8192
0 1951
0 685
0 206
0 2161
0 1183
0 2113
0 1641
0 1295
0 1027
0 1122
0 585
0 1035
0 529
1 8192
0 883
0 329
0 3224
0 747
0 1293
0 1194
0 615
0 1135
1 8192
1 8192
0 6932
0 1041
0 1020
0 2029
0 744
1 8192
0 746
0 1707
0 2770
0 3257
0 1843
0 233
0 904
0 1988
0 1354
0 499
0 575
0 1328
0 113
0 375
0 1472
2 8192
0 1607
0 1377
0 217
0 2234
0 446
0 835
0 2138
0 648
1 8192
0 883
0 2530
0 1226
0 722
0 2814
0 2327
0 1227
2 8192
0 1567
0 1155
1 8192
0 2560
0 2886
0 2806
0 1006
0 2187
0 4222
0 1562
1 8192
1 8192
0 959
0 649
0 1814
0 1101
0 369
0 622
0 581
0 5323
0 1006
0 2976
0 544
0 480
0 1013
0 6540
0 1554
0 4038
0 142
0 2005
0 1691
0 1071
0 1279
0 2049
0 448
0 1873
0 1724
0 2022
0 569
0 670
0 894
0 1624
0 648
0 2924
0 625
0 1931
1 8192
0 1140
0 1141
0 3125
0 1462
0 543
0 1426
0 1299
0 1526
0 3668
0 509
0 2835
0 397
0 1744
0 1229
0 404
0 802
0 4285
0 739
0 3265
0 857
0 453
0 1405
0 947
0 3210
0 1365
0 183
0 653
0 1350
0 657
1 8192
0 589
0 5132
0 1089
0 315
0 400
0 2537
0 1035
0 1360
0 315
1 8192
0 847
0 6798
0 1364
0 1869
0 3682
0 2353
0 2609
0 802
0 543
0 1369
0 1439
0 875
0 818
0 1062
1 8192
0 1202
0 786
0 561
0 3873
0 3387
0 1406
0 1555
0 2400
0 1946
0 2700
1 8192
0 695
0 384
0 1597
1 8192
0 290
0 1723
0 3378
0 470
0 1807
0 476
0 2352
0 2538
0 1406
0 441
0 1393
0 811
0 558
0 383
0 6626
0 474
0 516
0 2182
0 1173
0 1165
0 245
0 1333
0 923
0 710
0 4459
0 905
0 516
1 8192
0 2080
0 2521
0 785
0 1535
0 1239
0 436
0 499
0 703
0 3270
0 1521
2 8192
0 992
0 930
0 1696
0 767
0 561
0 273
0 1233
0 1745
0 1217
0 1492
0 2405
0 2798
0 714
1 8192
0 1110
0 475
0 884
0 970
0 664
0 770
0 614
0 628
0 1558
0 1176
0 2542
0 2805
0 909
0 1437
0 459
0 2206
0 621
0 1339
0 1263
0 1866
0 1863
0 1952
0 607
0 4448
0 2101
0 319
0 427
0 1048
0 2702
0 1608
0 693
0 3325
0 635
0 600
0 524
0 885
0 2712
0 344
0 2857
0 2857
0 775
0 1592
0 775
0 1547
0 924
0 703
0 410
0 1794
1 8192
0 816
0 1327
0 1230
0 716
0 2701
0 3730
0 4250
0 2245
0 1130
0 2805
0 1944
0 1787
0 2107
0 915
1 8192
0 457
0 867
0 860
0 1447
0 2926
0 1384
0 2869
0 1016
0 1781
1 8192
0 999
0 2312
0 890
0 3482
0 2148
0 1423
0 750
0 1159
0 513
0 1563
0 2766
0 1926
1 8192
1 8192
0 320
0 831
0 1035
0 4318
0 627
1 8192
2 8192
0 2320
0 1092
0 1157
0 3786
0 613
0 335
0 250
1 8192
0 710
0 735
0 1371
1 8192
0 746
0 614
0 809
0 1034
0 3142
0 468
0 1756
0 282
0 566
0 604
0 448
0 1190
0 1259
1 8192
1 8192
0 269
0 2025
0 396
0 1156
0 1259
0 515
0 2075
0 993
0 4636
0 1464
0 756
0 475
0 393
0 3700
0 262
0 604
0 1832
0 672
0 339
0 2501
0 2106
0 685
0 1265
0 1839
0 1412
0 622
0 1953
0 594
1 8192
0 1377
0 584
0 2675
0 1486
0 1010
0 2108
0 1403
0 607
0 1494
0 1965
0 1512
0 343
1 8192
0 166
0 1169
1 8192
0 2235
0 1757
1 8192
0 650
1 8192
1 8192
0 1215
0 197
0 527
1 8192
0 4537
0 1262
0 1686
0 1749
0 910
0 1249
0 2371
0 1596
0 1141
0 641
0 841
0 638
0 659
0 1708
2 8192
0 927
0 436
1 8192
0 481
0 1140
0 2727
0 1971
0 1490
0 511
0 655
0 1094
0 1799
0 417
0 787
0 1300
0 3074
0 595
0 945
0 1394
0 1473
0 1303
1 8192
0 414
2 8192
0 1463
0 1309
0 842
0 6969
1 8192
0 2475
0 1048
0 488
0 958
0 890
0 1023
0 1737
2 8192
0 3374
0 474
0 739
0 1035
0 1224
1 8192
0 657
0 529
0 662
0 1119
0 1503
0 1819
0 1121
0 963
0 3487
0 1345
0 1372
0 2823
0 763
0 1178
0 1876
0 454
0 1301
0 2137
0 1368
0 999
0 1146
0 1033
0 5226
0 761
0 2615
0 1838
0 1175
0 856
0 1197
0 2579
0 2758
0 1821
1 8192
0 1714
0 151
0 2142
0 651
0 2543
0 1345
0 4227
0 1039
0 372
0 2508
1 8192
0 789
0 1206
0 891
0 405
0 535
0 1391
0 1280
0 982
0 667
0 1856
0 877
0 565
0 602
0 1396
0 1709
0 723
0 485
0 5685
0 1153
0 552
0 1082
0 359
0 1743
0 4827
0 1381
0 2600
0 1184
0 589
0 1444
0 503
0 2822
0 1063
0 526
0 1390
0 466
0 802
0 946
0 8106
0 960
0 501
0 975
0 1196
0 2390
0 941
0 742
0 3143
0 2061
0 1491
0 468
0 682
0 2535
0 843
0 1382
0 886
0 457
0 537
0 975
0 566
0 2359
0 1440
0 248
0 3483
0 2788
0 1880
0 7425
0 1620
0 543
0 2101
0 1232
0 1217
0 2579
0 1338
0 907
0 204
0 1290
0 1803
0 7517
0 861
0 1796
0 758
0 1057
0 924
0 1682
0 833
0 914
0 973
0 649
0 917
1 8192
0 972
0 1734
0 1162
0 1410
1 8192
1 8192
0 1022
0 1030
0 1482
1 8192
0 2185
0 951
0 1703
0 2887
0 815
1 8192
0 1330
0 851
0 1868
0 1712
0 756
0 370
0 564
1 8192
0 327
0 986
0 289
0 2353
0 1898
0 1315
2 8192
0 2483
0 1253
1 8192
0 2458
0 983
0 2377
0 1513
0 3973
0 1280
0 614
0 1023
0 3572
0 1079
0 1596
0 1718
1 8192
0 2467
0 560
0 2406
0 1181
0 4601
0 7210
0 980
0 1343
0 228
1 8192
0 342
0 1214
0 939
0 1061
0 293
0 1376
0 568
0 360
0 1583
0 1257
0 764
0 739
0 900
0 390
0 1040
0 2657
0 1483
0 410
0 280
0 321
0 4559
0 1351
0 126
0 760
0 1683
0 1126
0 401
0 6622
0 647
0 2383
0 492
0 1134
0 4412
0 1377
0 569
0 444
0 2068
0 295
0 1262
0 2038
0 3272
0 2325
0 1336
0 1113
0 590
0 610
0 362
0 4822
0 2676
0 442
0 2828
0 1161
0 6338
0 1057
0 645
0 1041
0 2842
2 8192
3 8192
0 700
0 1280
1 8192
0 948
0 2652
0 1284
0 587
0 3709
0 529
0 776
0 2200
0 1242
0 264
0 978
0 593
0 1551
0 758
0 770
0 626
0 3301
0 886
0 883
0 1161
0 619
0 1180
0 1255
0 698
0 6292
0 2162
0 1564
0 1073
0 1029
0 1696
1 8192
0 2324
0 3578
0 644
0 931
0 6449
0 1747
0 1416
0 594
1 8192
0 1973
0 782
0 1386
0 540
0 405
0 1302
0 1089
0 3016
0 449
0 1508
0 402
0 1080
0 1815
0 317
0 920
0 712
0 620
0 1268
1 8192
0 1163
0 555
0 918
0 3470
0 1136
0 679
0 2695
0 1441
0 1168
0 1797
0 841
0 532
1 8192
0 1587
0 774
0 2121
0 1856
0 1350
1 8192
0 1227
0 1771
0 1710
0 1285
0 997
0 1488
0 901
1 8192
0 1727
0 860
0 7456
0 716
0 2138
0 3031
0 546
0 705
0 587
0 1228
0 544
0 892
1 8192
0 1508
0 1410
0 983
1 8192
0 3471
0 2490
0 1516
0 1345
0 477
0 2405
0 1000
0 978
0 2022
0 1448
1 8192
0 860
0 1357
0 2693
0 1118
0 1336
0 3404
1 8192
0 1305
0 1409
0 280
0 1116
0 3913
0 1855
0 2037
0 2327
0 625
0 1476
1 8192
0 1511
0 1888
0 1197
0 782
0 1291
0 2572
0 1629
1 8192
0 917
0 2122
0 511
0 6503
0 1460
0 1326
0 1402
0 606
0 520
1 8192
0 1049
0 7446
0 918
0 676
0 1674
0 1300
0 414
0 1392
0 1333
0 1272
0 1292
0 3430
0 1516
0 5263
0 2518
0 822
0 995
0 1887
0 4862
0 521
0 2300
0 1547
0 1165
0 1354
0 804
0 777
0 2197
0 747
0 2813
0 4813
0 1310
2 8192
0 1392
0 612
0 1527
1 8192
0 936
0 2045
0 793
0 1023
0 1164
0 1381
0 1533
0 1638
0 595
0 741
0 857
0 7886
0 4783
0 1077
0 1122
0 1831
0 1538
0 628
0 1166
0 528
0 4648
0 811
0 1134
0 1123
0 6157
0 912
0 423
0 478
0 347
1 8192
0 1361
0 879
1 8192
0 2325
0 1175
0 3062
0 906
0 1181
0 3081
0 359
0 2035
0 1610
0 700
0 943
0 1031
0 2237
0 3850
2 8192
0 445
0 162
0 332
0 914
1 8192
0 541
0 1078
0 2459
0 672
0 946
0 3123
1 8192
0 1531
0 711
1 8192
0 2405
0 2099
0 352
0 949
0 1795
0 699
0 629
0 395
0 1619
0 1169
0 830
0 1595
0 1011
0 1154
0 513
0 1897
0 485
0 552
0 1219
0 1316
0 265
0 7668
0 1597
0 1616
0 1695
0 1281
0 861
0 1441
0 983
0 915
0 1801
0 2411
0 132
0 590
0 2239
0 1242
0 198
0 696
0 524
0 2827
0 939
0 963
0 1046
2 8192
0 2925
0 1827
0 740
0 1655
0 345
0 942
0 884
0 987
0 2970
0 446
0 863
0 754
0 711
1 8192
0 978
0 458
0 840
0 7493
0 560
0 1281
0 574
0 2370
0 1869
0 483
0 781
0 1088
0 2305
0 1647
0 5780
0 1579
0 906
0 1630
0 1414
0 937
0 1313
0 485
1 8192
0 918
0 987
0 476
0 904
0 1522
0 4363
0 467
0 1118
0 313
0 1535
0 882
0 1394
0 1254
0 1311
0 1117
0 1067
0 2520
0 248
0 1290
0 1900
0 1168
0 1080
0 875
1 8192
0 2319
0 3385
1 8192
0 571
0 433
0 869
0 1021
0 996
0 1080
0 1139
0 636
1 8192
0 2537
1 8192
0 207
0 329
0 4603
0 2243
0 1779
0 643
0 236
0 1234
0 760
0 1191
0 503
0 1562
0 550
0 1169
0 426
0 7089
0 1574
1 8192
0 2675
1 8192
0 485
0 2050
0 582
0 3186
0 2414
0 687
0 701
0 785
0 2178
0 1023
0 2967
0 1282
0 1668
0 1140
0 2385
0 1068
0 1762
0 1598
0 2420
1 8192
0 2435
0 598
0 1287
1 8192
1 8192
0 828
0 2028
0 424
0 578
0 1148
1 8192
0 323
0 555
0 1150
0 1001
0 2221
0 2813
0 433
0 1540
1 8192
0 2727
0 799
0 1094
1 8192
0 638
0 610
0 656
0 2873
0 1274
0 1154
0 694
0 5492
0 505
0 413
0 883
0 1192
0 1443
0 898
0 5426
0 1103
0 1363
0 1350
0 2390
0 1915
0 3186
0 1984
0 5250
0 191
0 3060
0 963
0 3770
0 593
0 546
0 1077
0 1056
0 1945
0 1072
0 652
0 1372
0 4217
0 1809
0 878
0 705
0 1365
0 1133
0 515
0 1055
0 2839
1 8192
0 525
1 8192
0 1719
2 8192
0 383
0 1987
0 607
0 3622
2 8192
1 8192
0 601
2 8192
1 8192
0 861
0 783
0 747
0 586
0 1029
0 4686
0 3680
0 873
0 3007
1 8192
0 1311
0 741
1 8192
0 607
0 1839
0 346
0 3042
0 331
0 383
1 8192
0 2461
0 971
0 2933
0 2829
0 2372
0 2484
0 481
0 2396
1 8192
0 787
0 1338
0 1003
2 8192
0 1579
0 2017
1 8192
0 1729
0 1098
0 1462
0 5036
0 883
0 759
0 2258
0 630
0 1212
1 8192
0 1322
0 954
0 379
0 253
0 1472
0 1399
0 478
0 889
0 565
0 2681
0 2322
0 1025
0 901
0 1418
0 688
2 8192
0 5040
0 2509
0 824
0 1273
0 2998
0 1080
0 2133
0 5582
0 1230
0 307
0 782
0 341
0 1477
0 451
0 752
0 1274
0 334
0 1750
0 7199
0 1549
0 1615
0 327
0 1728
0 1113
0 1158
0 1249
0 2085
0 697
0 2347
0 1008
0 1450
0 1035
1 8192
0 2770
0 1220
0 8174
0 2455
0 471
0 912
0 4874
0 2840
0 1368
0 661
0 86
0 464
0 667
0 1044
0 944
0 865
0 2334
0 2431
0 1241
0 2338
0 2633
0 2095
0 305
0 4563
0 2154
0 1440
0 730
0 6241
0 877
0 823
0 251
0 824
0 4738
0 3493
0 2422
0 947
0 1579
0 1662
0 1866
0 794
0 2121
0 1069
1 8192
0 5979
0 3093
0 804
0 1043
0 866
0 1891
0 2698
0 986
0 4981
0 446
0 923
0 1403
0 106
0 1238
0 671
0 2369
0 1127
0 1393
0 415
0 5382
0 1447
0 855
0 1011
0 7169
0 1134
0 619
0 1905
0 3417
0 1090
0 4431
0 1447
0 6137
0 355
0 1140
0 1141
0 1863
0 1355
0 497
1 8192
0 1980
0 827
0 626
0 2126
0 2301
0 1450
0 1212
0 525
0 563
0 2595
1 8192
0 2241
0 723
1 8192
0 5729
0 905
0 1976
0 2039
0 1234
0 2023
0 2278
0 982
0 749
0 340
0 219
0 1851
1 8192
0 1033
1 8192
0 2806
0 589
0 2402
0 4892
0 1087
0 1123
0 1242
0 1204
0 3065
0 3448
1 8192
0 1928
0 587
0 1491
0 5098
0 614
0 2716
0 907
0 1203
0 933
1 8192
0 550
1 8192
0 1617
0 1208
0 4987
0 2310
0 940
0 1313
0 684
0 835
0 687
0 683
0 646
0 2541
0 854
0 944
0 1430
1 8192
0 824
0 1081
0 960
0 794
0 599
1 8192
0 1224
0 1056
0 340
1 8192
0 325
0 2053
0 530
0 644
0 1696
0 3621
1 8192
0 1152
0 436
0 2032
0 2338
0 490
0 2502
0 585
0 6593
0 513
1 8192
0 479
0 977
0 771
0 1190
0 1290
0 760
0 852
0 1879
0 1312
0 1234
0 7738
0 978
0 1102
1 8192
0 1261
0 585
0 3108
0 2740
0 2676
0 2217
1 8192
1 8192
0 1073
0 767
0 979
0 2180
0 1259
2 8192
0 526
0 932
0 2192
0 1120
1 8192
0 963
0 622
0 1571
0 669
0 2081
0 3795
0 917
0 266
0 814
0 1538
0 861
0 1498
0 2291
0 1977
0 1510
0 282
0 920
0 1619
0 967
1 8192
0 825
0 1781
0 917
0 802
0 1108
0 1249
0 1090
0 649
0 1815
0 436
0 1416
0 1398
0 430
0 3071
0 1289
0 1995
0 831
0 1247
0 461
0 1107
0 2496
1 8192
0 473
0 1316
0 6937
0 1631
0 2324
0 1486
0 1860
0 1550
0 576
0 8176
0 998
1 8192
0 5778
1 8192
0 4424
0 3081
0 1139
1 8192
0 1034
0 1093
1 8192
0 860
0 1307
0 1231
0 1409
0 886
0 2749
0 1525
0 2019
0 6083
0 407
0 695
1 8192
0 599
0 1217
0 448
0 815
0 6001
0 1003
0 1050
0 461
0 428
0 413
0 6267
0 578
0 865
0 1086
0 952
0 1914
0 1045
0 1292
0 1438
0 1576
0 311
0 706
0 678
0 3534
0 969
0 4026
0 4633
1 8192
0 6740
0 2175
0 996
0 434
0 2481
0 7359
0 1009
0 1938
0 1995
0 1780
0 799
0 613
1 8192
0 378
0 3425
0 1017
0 482
0 986
0 1532
0 1117
0 2432
0 720
0 1766
0 947
0 943
0 964
0 2325
0 4719
1 8192
0 2147
0 531
0 849
0 515
0 1405
1 8192
0 1162
0 4868
0 1920
0 1216
0 266
0 399
0 1311
0 4049
0 5258
0 408
1 8192
1 8192
0 1320
1 8192
0 951
2 8192
0 1270
0 1700
0 395
0 2361
0 901
0 4194
0 1599
0 1105
0 2015
0 3426
0 816
0 1906
0 710
0 726
0 1886
0 3322
1 8192
0 1548
0 1335
0 1527
0 1752
0 162
0 955
0 297
0 1686
0 1824
0 650
2 8192
0 3166
0 2630
0 1921
0 731
2 8192
0 1568
0 424
0 522
0 1419
0 678
0 1319
0 7872
0 2109
0 1670
0 1592
0 2453
0 1572
0 5066
0 692
0 451
0 1707
0 590
0 6672
0 673
0 582
0 446
0 874
0 1042
0 1923
0 1053
0 696
0 645
0 488
0 1108
0 857
0 1062
0 4024
0 1725
0 858
0 1344
0 2029
0 597
0 2025
0 2104
0 1541
0 2799
0 1700
0 886
0 1138
0 900
0 2668
0 884
0 325
0 558
1 8192
0 942
0 686
0 782
0 2593
0 1930
0 957
0 1914
0 1076
0 724
0 1081
0 863
0 1968
0 1355
0 478
0 787
0 169
0 1341
0 110
0 1064
0 2631
0 847
0 1105
0 668
0 837
0 1615
0 1105
0 1270
0 2266
0 6368
0 1875
0 2790
0 1514
0 1239
0 538
0 731
0 1933
0 859
0 1223
0 1573
0 1620
0 1077
0 1081
0 323
0 399
0 885
0 983
0 1551
0 2310
0 2867
0 3822
0 718
0 331
0 280
0 1716
0 1861
0 698
0 2060
1 8192
0 817
0 144
0 1520
0 513
0 285
0 1854
0 1528
0 925
0 774
0 1260
0 911
0 401
0 784
0 2716
0 816
0 3205
0 1106
0 953
0 981
0 851
0 842
0 784
0 1217
0 1077
0 519
0 1115
1 8192
0 633
0 1194
0 862
2 8192
0 1196
1 8192
1 8192
0 492
0 1706
0 1838
0 756
0 2842
0 341
1 8192
0 1680
1 8192
0 851
0 885
0 347
0 395
0 448
0 1116
0 1481
0 5382
0 2014
0 1243
0 2113
0 1735
0 4198
0 2588
2 8192
1 8192
0 2262
0 1281
0 2960
0 1903
0 1380
0 327
0 1473
0 930
0 2248
0 822
0 241
1 8192
0 135
0 4031
0 1427
0 1438
0 587
1 8192
0 1098
0 683
0 788
0 962
0 717
0 843
0 1433
0 333
0 2099
0 5372
0 773
0 640
0 817
0 1927
0 4921
0 608
0 476
0 809
0 1596
0 330
0 1667
0 7183
0 3179
0 3940
0 635
0 394
0 1092
0 511
0 152
0 1533
0 316
0 3174
0 1703
0 621
0 560
0 700
0 3414
0 1726
0 1837
0 705
0 119
0 993
0 1315
0 634
0 703
0 1234
0 806
0 1354
0 514
0 360
0 1795
0 891
0 2500
0 730
0 1768
0 229
0 1406
0 1490
0 1259
0 963
0 1187
2 8192
0 1033
0 1346
0 1361
0 1595
0 2265
0 296
0 1239
0 3854
0 1292
0 1806
0 1217
0 484
0 1291
0 2300
0 1249
0 2277
0 772
0 1887
0 1201
0 1068
0 808
0 359
0 1015
0 820
0 830
0 899
1 8192
0 4580
0 2092
0 181
0 1143
0 620
0 692
0 328
0 4362
0 1133
0 6945
0 738
0 796
0 996
0 1339
0 1385
0 2698
1 8192
0 341
0 919
0 5357
0 1211
0 3479
0 824
0 1402
0 934
1 8192
0 492
0 485
0 806
2 8192
0 811
0 497
0 3725
0 2943
0 317
0 434
0 1363
0 1944
0 842
0 1779
0 3931
0 1669
0 1393
0 1677
0 335
0 7860
0 1307
0 669
0 1874
0 1109
0 206
0 2378
0 2896
0 1819
0 611
0 351
0 1648
0 394
0 1353
0 1100
0 1043
0 457
0 1237
0 2791
0 450
0 950
0 1095
0 883
0 1125
0 858
0 1197
0 1564
0 1005
1 8192
0 4054
0 1237
0 1329
0 1745
0 1089
0 1157
0 1339
0 679
0 899
0 1686
0 879
2 8192
0 2375
0 1387
0 1508
0 4472
0 433
0 1378
0 516
0 1023
0 1066
1 8192
0 4571
0 182
0 707
0 801
0 1457
0 809
0 564
0 669
0 2344
2 8192
0 5733
0 1612
0 976
1 8192
0 711
0 6620
0 1001
0 749
0 3502
0 256
0 612
0 2041
0 6162
1 8192
0 1375
1 8192
0 2408
0 821
0 1158
0 2506
0 660
0 965
1 8192
0 1359
0 1477
1 8192
0 922
0 2818
0 1604
0 1624
0 1123
0 2042
0 6041
0 989
0 5097
0 2397
0 4453
0 1851
0 285
0 3427
0 871
0 967
0 1241
0 2321
0 1031
0 2805
1 8192
0 802
0 711
0 451
0 2679
0 1265
0 588
0 983
0 1367
0 791
0 1059
0 1138
0 1357
0 1214
0 565
0 647
0 2521
0 2556
0 1425
0 2717
0 955
1 8192
0 421
0 1344
0 2056
0 807
0 1355
1 8192
0 3413
0 328
0 1734
0 1630
0 352
0 3048
0 970
0 1289
1 8192
0 949
0 553
1 8192
0 330
0 810
0 405
0 5205
0 2213
0 1233
0 1970
0 960
0 1640
0 1706
0 747
0 1609
0 540
0 1173
0 1014
0 2047
1 8192
0 3942
0 1948
0 2779
0 851
0 1437
0 469
0 2215
0 1611
0 1766
0 1293
0 851
0 6513
0 1876
0 1002
0 420
0 675
0 1447
0 932
1 8192
1 8192
0 1454
0 4243
0 1713
0 804
0 121
0 560
0 4117
0 708
0 1537
0 1363
0 5331
0 471
0 1087
0 829
0 397
0 2194
0 1513
0 425
0 2238
0 653
0 1843
0 656
0 645
0 362
0 838
0 1382
0 1523
0 964
0 1834
0 777
0 613
1 8192
0 1255
0 1293
0 1038
0 497
0 634
0 1207
0 2470
0 663
0 3298
0 1842
0 2206
1 8192
0 2298
0 1286
0 1055
0 2029
0 982
0 1332
0 3482
0 462
1 8192
0 1136
0 842
0 789
0 2494
0 2049
0 1497
0 1518
0 784
0 737
0 1754
0 1130
0 1220
0 734
0 2304
0 1720
0 3166
1 8192
0 372
0 1623
0 1150
0 2705
0 422
0 492
0 3252
0 2609
0 679
0 1186
0 1675
1 8192
0 1080
0 1269
0 586
0 1132
0 1537
0 450
0 361
0 394
0 1251
0 923
0 1420
0 318
0 886
0 2584
0 1695
0 923
0 2032
0 890
0 864
0 1112
0 1164
0 821
1 8192
0 1060
0 1466
0 203
0 438
0 1683
0 492
0 730
0 869
0 2371
0 1116
0 2018
0 1569
0 713
0 1120
0 866
0 592
0 695
1 8192
0 541
0 258
0 722
0 958
0 169
1 8192
0 718
0 899
0 849
0 674
0 1918
0 2260
0 1815
0 1032
0 1288
0 1699
0 1337
0 1268
0 868
0 477
0 842
0 4661
0 2710
0 1401
0 937
0 732
0 1251
0 2011
0 542
0 1612
0 1421
0 954
0 364
0 1872
0 1049
0 5586
0 381
0 1641
0 1356
0 1945
0 2725
0 1412
0 888
0 815
0 1614
0 237
0 281
0 480
0 2585
0 1661
0 7811
0 2897
0 863
0 714
1 8192
0 6617
2 8192
0 670
0 2917
1 8192
0 685
0 536
0 7541
0 987
0 1362
0 1007
0 1746
0 500
0 1764
0 1245
0 1494
0 1478
0 1728
0 431
0 1506
0 493
0 1093
0 981
0 518
1 8192
0 1551
0 772
0 1261
0 1126
0 3072
0 1369
1 8192
0 477
0 1977
0 533
0 1501
0 286
0 1583
0 983
0 1647
0 483
0 1441
0 983
0 532
0 2410
0 2066
0 1334
0 3467
2 8192
0 2272
0 2056
0 1355
0 984
0 2202
0 1753
0 4843
0 3750
0 5611
0 1276
0 546
0 270
0 1229
0 1815
0 3972
0 2719
0 1734
0 869
0 567
0 1231
0 2044
0 708
0 987
0 841
0 1422
1 8192
0 573
0 7004
0 976
0 958
0 921
0 1208
0 2306
0 940
0 2080
0 141
0 2372
0 1055
0 5835
0 2996
0 1873
0 505
0 1193
0 655
1 8192
0 1016
0 857
0 599
0 1089
0 1286
0 1204
0 5722
0 670
0 1409
0 4357
0 1379
0 725
0 1248
0 1313
0 2388
0 853
0 1440
0 2828
0 920
0 3439
1 8192
0 1608
1 8192
0 1429
0 1827
0 1554
0 4787
0 904
0 1585
0 2024
0 2165
0 1200
0 1099
0 963
0 388
0 1283
0 1639
2 8192
0 1497
0 4322
0 330
0 1609
0 321
0 1125
0 1809
0 1563
0 915
0 624
0 1267
0 461
0 4196
0 619
0 1787
0 1622
1 8192
0 1280
0 1125
0 922
0 1159
0 579
0 2779
0 866
0 4321
0 1217
0 935
0 2667
0 513
0 615
0 367
0 293
0 1258
0 1615
0 829
0 1863
0 562
0 1040
0 740
0 1202
0 1070
0 863
0 3589
0 1099
0 1379
0 761
0 565
0 1238
0 739
0 851
0 2464
0 2029
0 3553
0 616
0 704
0 738
0 1297
0 4893
0 1000
0 819
0 1309
0 451
0 1436
0 4001
0 839
0 805
1 8192
0 912
1 8192
0 412
0 1225
0 1070
1 8192
0 619
0 1376
0 1040
0 2487
0 1825
1 8192
0 1400
0 1502
1 8192
0 1292
0 496
0 975
1 8192
0 633
0 1147
0 529
0 1374
1 8192
0 321
0 1025
0 4021
0 3370
0 1848
0 1326
0 814
0 2814
0 3462
1 8192
0 1838
0 2498
0 467
0 675
0 1362
0 5033
0 1276
0 5983
0 1677
0 854
0 788
1 8192
0 1593
0 890
0 444
0 990
0 1119
0 1416
0 1289
0 1490
0 2786
0 1415
0 1457
0 1014
0 1943
0 1167
0 380
0 1090
0 1696
0 1431
0 1020
0 1517
0 898
0 204
0 269
0 1485
0 385
0 744
0 406
0 726
0 118
0 3461
0 1887
0 732
0 636
1 8192
0 555
0 2235
0 1329
0 199
0 973
0 1008
0 827
0 1087
1 8192
1 8192
0 1805
0 313
0 589
0 1648
0 342
0 5347
0 1278
0 1597
0 1051
0 1371
0 1896
0 3730
0 770
0 1142
0 664
0 3572
1 8192
0 889
0 510
0 1414
0 1391
0 793
0 360
0 908
1 8192
0 208
0 667
0 2180
0 873
1 8192
0 1201
0 1438
0 730
0 1261
0 1275
0 1936
0 1264
0 1039
0 754
0 1195
0 683
0 358
0 4324
0 2167
0 4457
0 2055
0 769
1 8192
0 631
0 1046
0 1001
0 2038
0 2120
0 447
0 3945
0 1169
1 8192
0 1821
0 582
0 587
0 1094
0 1040
0 649
0 1862
0 2131
0 1727
0 621
0 1114
0 1994
0 1062
0 1444
0 1079
0 5956
0 1043
0 520
0 1802
0 1560
0 493
0 1122
0 710
0 1162
0 801
0 587
0 1107
0 1665
0 1366
0 1699
0 1570
0 388
0 1172
0 685
0 1120
0 1572
0 787
0 865
0 910
0 387
0 2110
0 3766
0 1561
0 904
0 7322
0 1722
0 1285
0 1299
0 2315
0 1006
0 1023
0 576
0 556
0 745
0 275
0 933
0 3426
0 506
1 8192
0 247
0 3220
0 1529
0 857
0 1353
0 2169
0 2117
0 156
0 556
0 1120
1 8192
0 255
0 90
0 2764
0 174
0 618
1 8192
0 1789
0 681
0 402
0 6194
0 1373
0 6313
1 8192
0 1520
0 1921
0 822
0 1385
0 1682
0 282
1 8192
1 8192
1 8192
0 1587
0 194
0 498
0 7100
0 519
0 947
0 565
1 8192
0 521
0 1411
0 1329
0 1239
0 3490
0 1536
0 932
0 1543
0 6766
0 1427
1 8192
0 957
0 2039
0 994
0 1582
0 1431
0 715
0 2175
0 1362
0 1423
0 1766
0 115
0 2127
0 183
0 584
0 2114
0 2307
0 3759
0 1649
0 2237
0 1521
0 1047
0 229
0 2405
0 1198
0 984
0 1732
0 572
0 1842
1 8192
0 763
0 598
0 2060
0 1635
0 1358
0 1845
0 890
0 1252
0 196
0 191
0 3793
0 2191
0 1545
0 661
0 1401
0 859
0 2079
0 181
0 3236
0 542
0 7313
0 1790
0 1688
0 603
0 1578
0 1032
0 1217
1 8192
0 1087
0 942
0 1537
0 1048
0 1647
0 790
1 8192
0 791
1 8192
0 527
0 1223
0 350
0 178
0 875
0 338
0 3252
0 1146
0 1478
2 8192
0 1054
0 597
0 1794
0 2309
0 685
0 1078
0 746
0 7393
0 1108
0 234
0 1296
0 1271
0 739
0 343
0 1312
0 3587
0 1535
0 1494
0 2727
0 1323
0 1286
0 787
0 1162
0 883
0 1099
0 3426
0 1030
0 1335
0 420
0 583
0 517
0 1252
0 1200
0 1540
0 1844
0 1139
0 1343
0 1180
0 613
0 833
0 516
0 1145
0 856
0 2159
0 1954
0 1312
1 8192
1 8192
0 1099
0 832
0 2027
0 3744
0 1100
1 8192
0 986
1 8192
0 1149
0 7131
0 989
0 2005
0 1381
0 1009
0 1025
0 2127
0 5633
0 1579
0 758
0 397
0 2523
0 2806
0 2834
1 8192
0 1683
0 656
1 8192
0 1962
0 139
0 1641
0 1446
0 970
0 991
0 1882
0 963
0 1023
0 1061
0 724
0 859
0 633
0 1041
0 2126
0 5647
0 1179
0 3468
0 1823
0 970
0 1997
0 1050
1 8192
0 601
1 8192
0 1691
0 2266
0 1630
0 281
0 536
0 1107
1 8192
0 1405
0 1464
0 1548
0 485
0 1746
0 1759
0 864
0 1884
0 1148
0 3655
0 1335
0 988
1 8192
0 1304
0 2477
0 354
0 1167
0 1098
0 532
0 857
0 202
0 1115
0 1273
0 627
0 560
0 3018
0 1329
0 1600
1 8192
0 1596
1 8192
0 1139
0 985
0 774
0 569
0 403
0 384
0 1313
0 1075
0 2229
1 8192
0 776
0 1125
0 843
0 1231
0 6835
0 1563
0 1495
0 2432
0 789
0 515
0 2220
0 808
0 532
0 1306
0 829
0 3071
0 3207
0 545
0 1303
0 2139
0 867
0 1782
0 4836
0 761
0 1057
0 2758
1 8192
0 1432
0 855
0 1012
1 8192
0 1530
0 3016
0 689
0 706
0 258
0 1167
0 5813
0 1396
0 3286
1 8192
0 1003
0 449
0 1065
0 3828
0 1074
0 1290
0 496
0 2303
0 685
0 2479
0 1683
1 8192
0 208
0 3523
1 8192
0 926
0 2256
0 1046
0 2639
0 1118
0 1814
0 1585
1 8192
0 2087
0 2121
1 8192
0 1432
1 8192
0 1806
0 719
0 8074
0 925
0 676
0 624
0 1941
0 572
0 898
0 533
1 8192
0 245
0 988
0 1011
0 883
0 1407
0 2935
0 2000
0 1136
0 1001
0 1014
0 554
0 1935
0 581
0 5125
0 862
1 8192
0 704
0 4123
0 360
0 1397
0 808
0 297
0 445
1 8192
0 1077
0 1161
0 2553
0 1881
0 3029
0 792
0 1544
0 5966
0 498
0 1088
0 922
0 3078
0 1455
0 1053
0 707
0 1946
0 857
0 5653
0 432
0 1536
0 2552
0 583
0 1092
0 306
0 500
0 1348
0 1718
0 230
1 8192
0 1041
0 793
0 2003
0 1772
0 1171
0 1257
0 627
0 320
0 309
0 1705
0 866
0 1291
0 1095
0 1552
0 1136
0 953
0 720
0 395
0 1762
0 1281
1 8192
0 2262
0 442
0 333
0 474
1 8192
0 501
0 922
0 1651
0 2265
0 527
0 273
0 236
0 603
0 1223
0 766
0 867
0 1239
0 474
0 1388
0 1253
0 1117
0 5040
0 1550
0 1164
0 1131
0 1966
0 1736
0 939
0 1239
0 723
1 8192
1 8192
0 404
0 2476
0 1444
1 8192
0 1121
0 1128
0 840
0 1540
0 2296
0 115
0 1440
0 1065
0 217
0 812
0 6779
0 5173
0 922
0 282
0 773
0 847
0 2190
0 668
0 677
0 478
0 1309
0 1110
0 1094
0 1745
0 1310
0 1201
0 853
0 2521
0 2094
0 505
0 373
0 1291
0 1632
1 8192
1 8192
0 1587
0 1301
0 961
0 1047
0 1276
0 936
0 1460
0 1032
0 2915
0 346
0 587
0 1291
0 1001
0 648
1 8192
0 2161
1 8192
0 349
0 2290
0 3711
0 449
0 300
0 1436
0 1469
1 8192
0 1376
0 757
0 619
0 511
0 1156
0 1334
0 893
0 1224
0 1062
0 472
0 1993
0 1103
0 1335
0 788
0 369
0 2979
0 286
0 2006
0 1437
0 2323
0 772
0 2003
0 2088
0 2335
0 1030
0 1089
0 3990
0 329
0 1237
0 2294
0 3162
0 1262
0 5287
0 921
0 544
0 716
0 278
0 851
0 2058
0 2260
0 1942
0 627
0 2153
0 531
0 1645
0 238
0 2008
0 2495
0 1878
0 524
1 8192
0 326
0 534
0 2231
0 2224
1 8192
0 249
0 2434
0 1621
0 507
1 8192
0 6190
0 3785
0 1891
0 1158
0 2194
0 2428
0 861
0 6334
0 280
0 2391
0 1162
0 856
0 1303
0 1326
0 1440
0 515
0 2805
0 2391
0 792
1 8192
0 1473
0 1408
0 1239
0 657
0 1239
0 1235
0 1047
0 794
0 1744
0 1134
0 1485
1 8192
0 3937
0 723
0 976
0 2356
0 755
0 2739
0 3600
1 8192
0 2182
0 1367
0 4122
0 264
0 7432
0 3394
0 893
0 1072
0 182
0 1538
0 1277
0 1186
0 764
0 682
0 931
0 2782
0 4210
0 787
0 3697
0 1920
0 1493
0 1004
0 1780
0 587
0 1767
0 1754
0 4014
0 1215
0 795
0 1620
0 1276
0 583
0 964
0 7063
0 998
0 3250
1 8192
0 2067
0 379
1 8192
1 8192
0 650
0 1659
1 8192
0 1669
0 401
0 1500
0 594
0 2818
0 1041
1 8192
0 1214
0 1600
0 637
0 1032
0 1010
0 4771
0 4574
0 743
0 685
0 418
0 2893
0 2066
0 975
0 1216
0 1266
0 1433
0 885
0 2600
0 1537
0 1216
0 1361
1 8192
0 1322
0 816
0 787
0 701
0 433
0 763
0 859
0 341
0 5940
1 8192
0 908
0 2948
0 5591
0 3400
0 6229
0 956
0 2137
0 1189
0 248
0 1056
0 1925
0 3233
0 1336
0 2221
0 963
0 1249
0 561
0 1706
1 8192
0 1165
0 1186
0 534
0 1142
0 623
0 2116
0 620
0 1178
0 651
0 3422
0 3527
0 898
0 761
0 1669
0 1069
0 1086
0 1361
0 1643
1 8192
0 637
0 2662
0 1173
1 8192
0 1199
0 997
1 8192
0 1205
0 1801
1 8192
0 1235
0 1130
0 2166
0 2923
0 1032
0 5474
0 760
0 1323
2 8192
0 163
0 601
0 320
0 1091
0 1452
1 8192
0 1028
0 1691
0 1207
0 1307
0 615
1 8192
0 1373
0 618
2 8192
0 1798
0 2352
0 272
0 1516
0 4123
0 878
0 2364
0 660
0 1274
0 3025
0 248
0 1539
0 1981
1 8192
0 315
1 8192
0 99
0 402
1 8192
0 2265
0 3233
0 1172
0 874
0 1002
0 638
0 1750
0 1139
0 289
0 1869
0 734
0 3263
0 1553
1 8192
0 754
0 126
0 1630
1 8192
1 8192
0 6953
0 584
0 1148
0 1724
1 8192
0 317
0 654
0 2042
0 766
0 826
0 3549
0 1110
0 789
0 680
1 8192
0 1130
0 2346
0 2856
0 5155
0 1258
0 1305
0 587
0 1209
0 1163
0 845
0 1152
0 1018
0 1441
0 1046
0 3183
0 1849
0 1051
0 3031
0 1923
0 1930
0 2845
0 333
0 1249
1 8192
0 1608
0 1722
0 2021
0 726
0 663
0 1013
1 8192
0 1801
0 2116
0 1843
0 984
0 469
0 1564
0 1165
0 516
0 1401
0 1070
0 555
0 507
0 607
0 407
0 1469
0 912
0 1599
0 1768
0 852
0 1327
0 354
0 3058
0 4878
0 776
0 2729
0 3371
0 1291
0 632
0 467
0 2142
0 354
0 639
0 722
0 1341
0 1402
0 3464
1 8192
0 746
0 1004
0 3612
0 398
0 2078
1 8192
0 1688
0 5757
0 588
0 250
0 894
0 1846
0 1388
0 506
0 2860
0 1262
0 1130
0 1051
0 1609
0 885
0 2259
0 229
0 630
0 365
1 8192
0 2100
0 1303
0 2183
0 994
0 844
0 349
0 718
0 385
0 5210
0 497
0 705
0 2863
0 871
0 664
0 749
0 872
0 665
0 425
0 1433
0 1561
0 1687
0 703
0 1695
0 1992
0 225
0 186
0 1288
0 1124
0 1310
0 371
0 536
0 6115
0 301
0 2287
0 865
0 934
0 2999
0 1620
0 1024
0 1007
1 8192
0 1029
0 2631
0 4218
0 1566
0 1656
0 711
0 148
0 1027
0 168
0 3693
0 573
0 1059
0 1193
1 8192
0 771
0 3714
0 3257
0 4587
0 3981
0 1525
1 8192
0 1019
0 1251
0 1149
0 1116
0 1251
0 539
0 809
0 610
0 771
0 712
0 2854
0 5538
0 2576
0 5980
0 1606
0 649
0 1248
0 589
0 2133
0 5955
0 1156
0 462
0 832
0 2424
0 5038
0 1407
0 1594
0 752
0 342
0 1981
0 407
1 8192
1 8192
0 1847
0 593
0 1065
0 1305
0 3369
0 3103
0 1787
0 1643
1 8192
0 1045
1 8192
0 923
0 836
0 831
0 1389
0 2683
0 1102
0 3705
0 2474
0 1635
0 1670
0 915
0 566
0 1416
0 538
0 360
0 867
0 354
0 829
0 805
0 1325
0 1619
0 990
0 419
0 5151
0 3438
0 1475
1 8192
0 555
0 834
0 867
0 1580
0 1435
0 469
0 2652
0 370
0 232
0 568
0 3704
0 1640
0 1425
0 643
0 1264
0 1694
0 760
0 1084
0 1082
0 2312
0 504
1 8192
0 240
0 592
0 2043
0 5013
0 1580
0 218
0 298
0 1284
0 933
0 308
0 2671
0 845
0 1070
0 227
0 2028
0 1429
0 865
0 848
0 1125
0 682
0 1009
0 1399
0 1790
0 1226
0 1438
0 1117
1 8192
0 7001
0 2098
0 2221
0 609
1 8192
0 5308
0 942
1 8192
0 432
0 186
0 739
0 1567
0 3539
0 697
0 150
0 902
0 910
2 8192
0 525
0 731
0 1164
0 1072
1 8192
0 630
1 8192
0 984
0 1185
0 3701
0 1246
0 1360
0 1377
0 850
0 284
0 1859
0 447
0 667
3 8192
0 912
0 2198
0 2574
0 2858
0 1521
0 2263
0 1080
0 829
0 785
0 894
0 1922
0 944
0 1990
1 8192
0 496
0 2624
0 2782
0 555
0 1306
0 1759
0 1131
0 1337
0 943
0 3124
0 1353
0 758
0 1496
0 1397
0 667
0 1536
0 806
0 1029
0 106
0 3085
0 768
0 1182
0 4261
0 778
0 1347
0 942
0 883
0 980
0 903
0 437
0 1265
0 1775
0 1808
1 8192
0 666
0 2528
0 1483
0 1208
0 523
0 824
0 1523
0 1499
0 616
0 766
0 899
0 85
0 299
0 295
0 1825
0 554
0 775
0 2028
1 8192
0 918
0 872
0 1485
0 661
0 2496
0 390
0 633
0 1132
1 8192
0 746
0 212
0 1628
0 1870
0 423
0 2813
0 4410
0 1207
0 731
0 1091
0 1538
0 1178
0 4927
0 2897
1 8192
1 8192
0 2003
0 2153
0 2093
0 568
0 963
0 2504
1 8192
0 1011
0 2141
0 1705
0 1607
0 924
0 745
0 1990
0 1206
0 3000
0 2126
0 5448
0 1504
0 2693
1 8192
0 1805
1 8192
0 1606
0 1963
1 8192
0 911
0 597
0 467
0 1451
0 786
0 744
0 1594
0 1448
0 765
0 1779
0 562
0 496
0 1180
0 637
0 5867
0 3324
0 931
0 1179
2 8192
0 1552
0 1677
0 1428
0 1378
0 1732
0 579
0 728
2 8192
0 1210
0 525
0 971
0 1863
0 1029
1 8192
0 1732
1 8192
0 639
1 8192
0 464
0 464
0 957
0 3223
0 5066
0 1629
0 759
0 628
0 4773
0 1753
0 723
0 3701
0 1913
0 1599
0 1460
0 450
0 485
0 2708
0 219
0 320
0 815
1 8192
0 476
0 289
0 640
0 5969
0 286
0 1044
0 456
0 1282
0 827
0 241
0 2486
0 1139
0 1480
0 870
0 1312
0 2589
0 4764
1 8192
1 8192
0 746
0 1174
0 2252
0 895
0 1656
0 1417
0 2468
0 752
0 1169
0 698
0 546
0 1905
0 4707
0 817
0 1694
0 4413
0 4486
0 623
0 1408
0 1542
0 2600
0 782
0 3266
0 4609
0 1502
0 979
1 8192
0 780
1 8192
0 135
0 1560
0 1001
0 3239
0 2315
0 1365
0 2941
0 622
0 1042
0 1878
0 764
0 1128
0 1102
0 130
0 1566
0 2566
0 1383
0 1068
0 1484
0 1385
1 8192
0 716
0 1265
0 4391
0 403
0 932
0 94
0 6008
0 1072
0 834
0 223
0 1468
0 2408
0 755
0 658
0 1421
0 877
1 8192
0 911
0 1389
0 647
0 1340
0 2058
1 8192
0 798
0 2749
0 4538
0 1112
0 640
0 2542
0 1237
0 2382
0 619
0 1413
0 1319
0 891
0 2234
0 930
0 1463
0 1694
0 454
0 1452
0 2993
0 1352
0 1115
0 682
1 8192
0 1353
0 420
0 1155
0 1263
0 825
0 2522
0 872
0 2080
0 3275
0 1066
0 810
0 272
0 3171
0 380
1 8192
0 1953
0 4172
0 909
0 1036
0 918
0 4923
0 1133
0 2004
0 1371
1 8192
0 1661
1 8192
1 8192
0 4643
0 490
0 1864
0 810
0 1973
0 1169
0 806
0 1198
0 3523
0 846
0 2608
0 1966
0 4225
0 1780
0 1031
0 1940
0 1880
0 4728
0 837
1 8192
0 2084
0 1020
0 900
0 1860
0 973
0 2328
0 509
0 1240
0 2956
0 2209
0 1204
0 1599
0 2199
0 2596
0 2022
0 251
0 1882
1 8192
0 712
0 1984
0 1691
0 1701
0 2462
0 1593
0 405
0 1601
0 2504
0 1439
0 1878
0 718
0 3450
1 8192
0 1358
0 6100
0 1062
0 366
0 1873
0 927
0 1624
1 8192
0 1756
0 555
0 624
0 291
0 1449
0 1311
1 8192
0 1386
1 8192
0 648
0 1279
0 2642
0 1708
0 3040
1 8192
0 1911
0 1760
0 1060
0 3729
0 1050
0 624
0 1162
0 1847
0 1568
0 840
0 1230
0 758
1 8192
0 1111
0 1615
0 797
1 8192
0 494
0 908
0 5438
0 1289
0 685
0 832
0 510
0 2642
0 387
0 5561
0 636
0 1024
0 6624
0 1693
0 1261
0 2411
0 322
0 1290
0 2906
0 2601
0 7864
0 1294
0 701
0 625
0 1789
0 1092
0 1111
0 303
1 8192
0 622
0 705
0 1788
0 1317
0 310
0 1090
0 527
0 358
0 495
0 319
0 2062
0 1751
0 3616
0 575
0 657
0 375
0 2257
0 1430
0 3530
0 3712
0 965
0 983
0 2605
0 2129
0 485
0 568
0 968
0 3505
0 4109
0 1099
0 1094
0 1174
0 681
0 527
0 879
0 1998
0 573
0 976
0 1008
0 628
0 1830
0 5565
1 8192
0 2557
0 1103
0 714
0 1533
1 8192
0 1277
0 626
0 1851
0 6149
0 923
0 815
0 593
0 1959
0 2455
1 8192
0 7649
0 1335
1 8192
2 8192
0 394
1 8192
0 287
0 2413
0 995
0 1303
0 921
0 350
0 949
0 5956
0 530
0 2348
0 1479
0 1450
0 2488
2 8192
0 2327
0 747
0 3193
0 1245
1 8192
0 7308
0 1853
0 1245
0 640
0 601
0 639
0 756
0 1208
0 1502
0 5935
0 372
0 2264
0 1497
0 1159
0 822
0 890
0 1085
0 4682
0 2523
1 8192
0 1414
0 2139
0 772
0 1474
0 2266
0 581
0 1515
0 812
0 390
0 3902
0 1185
0 474
0 5761
0 1773
0 2129
0 618
0 930
0 1055
1 8192
0 542
0 2633
0 1062
0 300
0 973
0 699
0 1470
0 1930
0 294
0 1563
0 553
0 679
0 2708
0 3153
0 655
0 1997
1 8192
0 179
1 8192
0 1445
0 2030
0 1313
0 1860
0 1220
0 2174
0 445
1 8192
0 1518
0 2519
0 1833
0 2207
0 1086
0 1882
1 8192
0 2616
0 3676
2 8192
0 7872
0 1871
0 231
0 1053
0 1265
0 1688
0 1212
0 509
0 1289
0 7672
0 660
0 1562
1 8192
0 1976
0 1418
0 1016
0 1589
0 1872
0 1525
0 1455
0 1421
0 1770
0 484
0 1223
0 1683
0 1307
0 703
0 1061
0 676
0 2037
0 622
0 1853
0 699
0 1706
0 271
1 8192
1 8192
0 212
0 1278
0 2117
0 1713
0 1211
0 576
0 1893
0 2478
0 736
0 1393
2 8192
0 5313
0 352
0 2919
0 872
0 1826
0 748
0 648
0 1560
0 931
0 1163
0 1812
0 2161
0 767
0 1592
0 1338
1 8192
0 1129
0 1409
0 1113
0 439
1 8192
0 1427
0 1263
0 1490
0 1083
0 6547
0 424
0 850
0 874
0 332
0 835
0 1098
0 434
0 558
0 300
0 1785
0 714
1 8192
0 812
0 2248
0 1005
1 8192
0 1342
0 998
0 998
0 5797
0 3017
2 8192
0 809
0 1085
0 882
0 1143
0 2387
0 1635
0 2678
0 1492
0 1164
0 1040
0 667
0 2739
0 1400
0 1137
0 871
0 887
0 978
0 973
0 630
0 427
0 1092
0 921
0 5976
0 559
0 737
1 8192
0 261
0 1260
1 8192
0 1062
0 2473
0 6249
1 8192
1 8192
0 4277
0 704
0 4847
0 2795
0 2040
0 1376
0 3055
0 1448
0 2084
0 353
0 1270
0 527
0 371
0 1165
0 1203
0 2053
0 1061
0 752
0 1169
0 787
0 644
0 829
0 840
0 4430
0 5234
0 4922
0 930
0 1735
0 5419
0 834
0 349
0 1773
0 1411
0 461
0 437
0 241
0 1048
0 386
0 775
1 8192
0 1227
0 1798
0 1689
0 586
0 1760
0 328
0 1024
0 670
0 328
1 8192
0 2068
1 8192
0 1107
0 598
0 5478
0 276
0 2831
0 242
0 1630
0 1090
0 6121
0 1421
1 8192
0 1160
0 1186
0 2012
0 1003
0 1410
0 385
0 1098
1 8192
0 4152
2 8192
0 2574
0 2248
0 1048
0 748
1 8192
0 5775
0 874
0 1498
1 8192
0 2163
0 1393
0 848
0 858
0 1210
1 8192
0 2949
0 2565
0 582
0 2032
0 612
0 1189
0 983
0 2370
0 414
0 1182
0 820
0 887
0 672
0 5262
0 1396
0 1399
0 1345
0 845
0 944
1 8192
0 693
0 1250
0 1384
0 561
0 4916
0 1559
1 8192
0 1853
0 1172
0 946
0 4127
0 1252
0 170
0 427
0 2282
0 813
0 636
0 1976
0 773
0 1339
0 981
0 1360
0 3743
0 2365
0 4045
0 1272
1 8192
0 4174
0 598
0 2969
0 1548
0 1437
0 1207
0 1067
0 758
0 603
0 841
0 218
0 1936
0 1339
0 1423
0 954
0 421
0 5691
0 646
0 877
0 672
0 965
0 368
0 1791
0 5245
0 2574
0 1473
0 1829
0 1273
0 1085
0 1833
0 1925
0 1047
0 1610
0 903
0 897
0 2576
0 827
0 2142
0 1929
1 8192
0 2256
2 8192
0 1036
0 993
0 1800
0 330
1 8192
0 1980
0 4316
0 2191
0 1013
0 928
0 2004
0 1353
0 1737
0 1760
0 452
0 492
0 206
0 322
0 2405
0 1874
0 2737
0 1428
0 395
0 544
0 1473
0 729
0 762
0 236
0 850
0 1302
0 396
0 989
0 936
0 3199
0 698
0 7045
0 768
0 5684
0 931
0 347
0 784
0 806
0 878
0 2812
0 1071
0 805
0 128
0 627
0 525
0 1564
0 981
0 2068
0 434
0 4236
0 751
0 713
1 8192
0 2123
0 1109
0 643
1 8192
0 1292
0 838
0 249
0 2845
0 1113
0 1158
0 829
0 1072
0 2105
0 833
0 433
0 3583
0 1851
0 605
0 2720
0 1099
0 1790
0 3010
0 675
0 921
0 717
0 2725
0 978
0 898
0 4250
0 2505
0 1643
0 734
0 663
0 1250
0 1090
0 440
0 984
0 954
0 7571
0 993
1 8192
0 1635
0 1342
0 5889
1 8192
0 3620
0 782
0 1919
1 8192
1 8192
0 1826
0 1712
0 549
0 1503
0 1589
0 567
0 920
0 1197
0 4928
0 276
0 5274
0 1489
0 364
0 769
0 849
0 1676
0 2253
0 2915
0 298
0 780
0 2270
0 522
0 1454
0 482
0 1353
0 448
0 1577
0 963
0 911
0 616
0 2744
0 1979
0 304
0 2374
0 370
0 1025
0 3862
0 561
0 354
0 1609
0 1697
0 1237
0 1512
0 707
0 74
0 1288
0 556
2 8192
0 1301
0 2847
0 964
0 7455
0 1733
0 1216
0 789
0 1259
0 536
0 930
0 3001
0 1407
0 3778
0 1119
0 1627
0 2128
0 4489
0 859
0 1287
0 1947
1 8192
0 1415
0 2385
0 940
0 1175
0 1175
0 1197
0 1036
0 4860
0 2104
0 1074
0 2845
0 3225
0 1598
0 1035
0 1066
0 2805
0 739
0 829
0 1909
0 1264
0 792
0 835
0 453
0 369
0 460
0 1689
0 624
0 575
0 1072
0 1054
1 8192
0 1103
0 1442
0 2313
0 1827
0 6531
0 833
1 8192
1 8192
0 2983
1 8192
0 659
0 282
0 763
0 1308
0 967
0 3785
0 1985
0 1187
0 457
0 1704
0 1318
0 1148
0 2018
0 2571
0 1942
0 1193
0 1373
0 599
0 1046
0 235
1 8192
0 3501
0 920
0 1668
0 1424
0 593
0 798
0 494
1 8192
0 93
1 8192
0 842
0 1316
0 486
0 284
0 1066
0 384
0 1832
0 313
0 2030
0 821
0 2604
0 2452
0 3623
0 2107
0 1093
0 1087
0 2702
0 1072
0 190
0 2206
0 1784
0 801
2 8192
0 1106
0 1947
0 800
0 598
0 218
0 557
0 1503
0 474
0 988
0 2326
1 8192
0 2061
0 270
0 243
0 1158
0 1249
0 152
0 2295
0 321
0 1712
0 4508
0 1263
0 1560
0 835
0 1121
0 869
0 1691
0 620
0 1194
0 1433
0 2784
0 1386
0 1213
0 866
0 1501
0 869
0 2289
0 1195
0 259
0 2179
0 744
0 1035
0 317
0 1145
0 485
0 1105
0 1301
0 2678
0 994
0 459
0 310
0 1186
2 8192
0 377
0 2402
0 348
0 503
0 2493
0 415
0 1292
0 1519
0 2129
0 826
0 3260
0 386
1 8192
0 423
0 556
0 478
0 2947
0 1666
0 868
0 425
0 888
0 1731
0 744
0 1948
0 683
0 631
0 629
0 386
0 1558
0 1821
0 1793
0 1739
0 3282
0 969
0 1443
0 1626
1 8192
0 755
0 672
0 3829
0 977
0 1853
0 957
1 8192
0 1953
0 546
0 1087
0 1196
0 1417
0 1266
0 394
0 617
0 1409
0 918
0 1144
0 3387
0 1156
0 514
0 663
0 1538
0 456
0 1420
0 1344
0 1331
0 1543
0 2213
0 2745
0 699
0 2650
0 1820
0 2465
1 8192
0 707
0 804
0 286
0 807
0 1390
1 8192
0 1370
0 2410
0 1337
0 486
0 648
0 148
0 293
0 1701
0 978
0 665
1 8192
1 8192
0 932
0 767
0 6470
0 264
0 470
0 1689
0 412
0 879
0 1288
0 517
0 420
0 1613
0 947
0 1233
0 2282
0 5272
0 2369
0 606
0 1164
0 2301
0 1317
0 1551
0 1134
0 1256
0 553
0 2063
0 2409
0 806
0 3904
0 657
0 1941
0 3049
1 8192
1 8192
0 921
0 866
0 1510
0 1074
0 776
0 1774
0 1962
0 2048
0 1953
0 2988
0 777
0 491
0 2685
0 1197
0 2138
0 1162
0 934
0 2708
0 1765
0 1292
0 1169
1 8192
0 1554
0 826
0 671
0 768
0 291
0 1849
0 957
0 1504
0 927
0 1559
0 478
0 706
0 260
1 8192
0 1533
0 1702
0 3721
0 2368
0 916
0 471
0 6584
0 1347
0 500
0 637
0 1450
0 1474
0 866
0 731
0 1182
1 8192
0 1360
0 3216
0 512
0 4480
1 8192
0 1003
0 907
0 861
0 1461
0 561
0 407
0 1794
0 732
0 1059
0 1751
0 467
0 3873
0 818
0 644
0 4007
0 2158
0 2118
0 5856
0 3855
0 1213
0 618
0 880
0 435
0 610
1 8192
0 1648
0 794
0 915
1 8192
0 438
0 5587
0 1757
0 1035
0 1582
0 801
1 8192
0 1273
0 896
0 1309
0 2118
0 778
0 1833
0 1618
0 459
0 1712
0 2012
0 913
0 796
0 335
0 1118
0 2203
0 861
0 1125
0 1192
1 8192
0 543
0 1826
0 706
0 982
0 1570
0 827
0 1240
0 1580
0 175
0 2703
0 3300
0 1383
0 627
0 336
1 8192
0 723
0 1792
0 725
0 2448
1 8192
0 981
0 1090
0 962
0 675
0 532
0 2628
0 630
0 1160
0 1644
1 8192
0 203
0 263
0 2506
0 2540
0 967
0 1609
0 1110
0 436
0 2828
0 1333
0 1148
0 849
0 1605
0 1950
0 145
0 2376
1 8192
0 1016
0 1546
0 731
0 1138
0 1111
0 980
0 5778
0 1383
0 1217
0 773
0 1636
0 1987
0 911
1 8192
0 687
1 8192
0 1582
0 987
0 2237
0 7542
0 1733
0 695
0 630
0 570
0 1479
0 810
0 528
0 1299
0 3174
1 8192
0 772
0 958
0 2414
0 1561
0 810
0 676
0 510
0 619
0 1362
0 904
0 1399
0 721
0 1270
0 1554
1 8192
0 968
1 8192
0 960
0 1698
0 2263
0 867
0 669
0 2511
0 2096
0 6846
1 8192
0 2506
0 1567
0 7156
0 2663
0 1719
0 1141
0 2681
0 1321
1 8192
0 1279
0 1403
0 1363
0 637
0 1452
0 1086
0 303
0 1328
0 1434
0 1303
0 630
1 8192
0 2232
0 1700
0 261
0 593
0 1627
0 1044
0 1169
1 8192
0 735
0 1928
0 1463
0 859
0 4558
0 1665
1 8192
0 2430
0 726
0 1468
0 1487
0 1223
0 1606
0 947
1 8192
0 231
0 1386
0 1169
0 2072
0 1492
0 606
1 8192
0 827
0 3093
0 302
0 1744
1 8192
1 8192
1 8192
0 805
0 1358
0 864
0 969
0 1308
0 795
0 399
0 2985
0 1323
0 2074
0 1570
0 2653
0 2004
0 2909
0 6775
0 636
0 3691
0 3145
0 2363
0 6219
0 2673
0 477
0 1405
1 8192
0 957
0 3057
1 8192
0 2941
0 433
0 1136
0 280
0 1149
0 930
0 721
0 468
0 420
0 2866
0 3134
0 568
0 1637
1 8192
0 692
0 1013
0 1588
0 3126
0 975
0 559
0 1096
0 1003
0 7881
0 1731
0 736
0 1134
0 794
0 578
0 421
0 644
0 796
0 221
0 2115
0 2240
0 1348
0 2297
0 1080
0 747
0 2253
0 1192
0 423
0 287
0 1495
0 138
0 795
0 915
0 1002
0 1301
1 8192
0 663
0 530
0 881
0 1842
0 739
0 1547
0 6188
0 560
0 519
0 377
0 7372
0 1728
0 5785
0 3759
0 1947
0 550
0 683
0 992
0 597
0 1480
0 527
0 1852
0 196
0 899
0 668
0 416
0 799
0 1353
0 2025
0 505
0 3104
0 937
0 1768
0 1311
0 3993
1 8192
0 1152
0 1043
0 2026
0 2173
0 3026
0 1712
0 1307
0 1022
0 947
0 1174
0 911
0 1294
0 1091
0 1795
0 851
0 1426
0 1106
2 8192
0 557
0 841
0 799
0 3007
0 2498
0 1990
0 3534
0 2559
0 1028
1 8192
1 8192
0 1140
0 1613
1 8192
0 3232
0 2281
0 1611
0 1091
0 1911
0 1209
0 2055
0 1574
0 1861
1 8192
0 1094
0 474
0 1904
0 2274
0 168
0 385
0 1707
0 3810
0 1187
0 2433
0 7682
0 1478
0 494
0 1490
0 1312
0 1486
0 1861
0 1826
0 830
0 358
0 4542
0 641
0 1725
0 1356
0 2068
0 780
0 945
0 2429
0 904
1 8192
0 1736
0 479
0 1247
0 1159
0 1558
0 203
0 622
0 910
0 400
0 3317
0 205
0 1491
0 854
0 1338
0 2089
0 861
0 2013
0 1345
0 1237
0 2544
0 1115
0 782
1 8192
0 1009
0 1504
0 733
0 859
0 1520
0 2259
0 535
0 913
2 8192
0 528
0 1355
0 1145
0 3925
0 719
0 2032
0 1797
0 966
0 1720
0 768
0 1550
0 679
0 1505
0 956
0 1542
0 978
0 634
0 745
0 1191
0 817
0 1076
0 1695
0 375
0 985
0 303
0 1288
0 1043
0 1711
0 3133
0 895
0 705
0 1090
0 463
0 2752
0 566
0 1714
0 1068
0 676
0 2838
0 4362
0 2585
0 1167
0 4477
0 2972
0 1073
0 609
0 1240
0 1822
0 905
0 756
0 1668
0 1022
0 821
0 1276
0 465
0 481
0 403
0 353
0 657
0 3507
1 8192
0 3544
0 2553
0 1781
0 471
0 4138
0 1161
0 642
0 1110
0 911
0 844
0 1653
0 822
1 8192
1 8192
0 899
0 849
0 2301
0 357
0 845
0 5124
0 3548
0 7489
0 551
0 760
0 706
0 817
0 1478
0 1463
0 340
0 757
0 947
1 8192
0 763
0 819
0 4515
0 688
0 6711
0 2736
0 723
0 352
0 731
0 2025
0 658
0 574
0 1341
0 1409
0 320
0 1812
1 8192
0 3458
0 1477
0 1408
0 1312
0 3919
0 160
0 611
0 434
0 1574
2 8192
0 956
0 1063
0 1281
0 1146
0 2471
0 897
0 3271
0 517
0 1423
0 638
0 1038
0 2493
0 2711
0 3794
0 2203
0 474
0 866
0 2567
0 747
0 1386
0 1047
0 336
0 1371
0 1672
0 1247
0 613
0 1403
0 797
0 867
2 8192
0 4143
0 1728
1 8192
0 3141
0 2292
0 4451
0 5673
0 1478
0 2047
0 452
1 8192
0 190
0 476
0 1055
0 441
0 3021
0 741
0 1165
0 1745
0 2190
0 476
0 796
0 6043
0 855
0 1924
1 8192
1 8192
0 873
0 2229
0 1576
0 2187
1 8192
0 923
1 8192
0 963
0 1479
0 957
0 300
0 865
0 1207
0 574
0 677
0 867
0 2026
0 816
0 439
0 274
0 746
0 199
0 1037
0 1739
0 1890
0 768
0 1027
0 376
0 1269
0 431
0 965
0 850
1 8192
0 2036
0 700
0 1058
0 6699
0 2534
1 8192
0 727
0 4008
0 1716
0 2678
0 1765
0 2092
0 978
0 1091
0 670
0 1350
1 8192
0 1851
0 2894
0 1704
0 2289
0 549
0 545
0 1326
0 1117
1 8192
0 1961
0 2580
0 1830
0 1423
0 655
0 1389
1 8192
0 2042
0 853
0 2215
0 1595
0 692
0 3315
1 8192
1 8192
0 833
0 1430
0 602
0 1937
0 810
0 446
0 1907
0 1164
0 1445
0 301
0 6491
0 1127
0 595
0 791
0 475
0 2587
0 1293
0 744
0 633
0 80
0 783
0 5952
0 756
0 3559
0 501
0 2908
0 1884
0 1995
0 1677
0 108
0 1470
0 850
0 2093
0 314
0 2378
0 2643
0 1398
0 2034
0 418
0 648
1 8192
0 688
0 357
0 1666
0 1901
0 1459
0 412
0 497
0 1349
1 8192
0 948
1 8192
1 8192
0 1799
0 916
1 8192
1 8192
0 1163
1 8192
0 6006
0 982
0 2210
0 1374
0 2690
0 1293
0 1868
0 1236
0 2556
0 1461
0 3630
0 335
0 3195
0 691
0 723
0 1290
0 431
0 969
0 633
0 5313
0 1354
0 2133
0 831
0 1170
0 5363
0 845
0 1352
0 347
0 1306
0 6242
0 409
0 709
0 339
0 3449
0 462
0 1116
0 4289
0 551
0 907
1 8192
0 2116
0 1075
0 446
0 1633
0 3195
0 382
0 1224
1 8192
0 481
0 80
0 878
0 1854
0 1482
0 4193
0 2059
0 2425
0 1350
0 1103
0 3927
0 2871
0 1151
0 1291
0 1084
2 8192
0 895
0 2445
0 1463
0 3472
0 870
0 929
0 1802
0 942
0 560
0 1132
0 219
0 669
0 1762
0 1897
0 1401
0 730
0 5851
0 879
0 1717
0 1756
1 8192
0 138
1 8192
1 8192
0 1797
0 901
1 8192
1 8192
0 651
0 2025
0 384
0 1199
2 8192
0 562
0 4472
0 579
0 2200
0 233
0 333
0 877
0 735
0 2469
0 2143
0 790
0 3024
0 281
0 4738
0 666
1 8192
0 700
0 725
0 1712
0 791
0 2101
1 8192
1 8192
0 479
1 8192
0 987
0 1425
0 279
0 2394
0 1320
0 823
0 7920
0 4073
0 1929
0 1480
0 652
0 2901
0 1693
0 1497
0 1408
0 1602
0 1343
0 627
0 3340
0 1172
0 920
0 446
0 496
0 1337
0 685
0 480
0 1090
1 8192
0 801
0 490
0 861
0 1402
0 1115
0 808
0 786
0 6179
0 1353
0 1293
0 399
0 889
0 2043
0 3697
0 1831
0 3331
2 8192
0 1147
0 733
0 1781
0 2569
1 8192
0 2749
0 1234
0 3902
0 400
0 884
0 1425
0 1118
0 2303
0 1622
0 949
0 1528
0 243
0 505
0 1722
1 8192
0 2941
0 311
0 1365
0 1077
0 736
1 8192
0 1681
0 755
0 1276
0 1765
0 603
0 585
0 293
1 8192
1 8192
0 1190
0 518
0 1007
0 3031
0 1300
0 1051
0 1113
0 2081
0 1332
0 1221
0 1214
0 493
0 743
0 583
0 1143
0 1230
0 631
0 1009
0 360
0 1665
0 739
0 2010
0 1327
0 823
0 564
0 1382
0 1097
0 4800
0 1451
0 262
0 974
2 8192
1 8192
0 1563
0 1284
0 1235
0 1324
0 1755
0 259
0 283
0 1318
0 798
0 1476
0 142
0 2445
0 2322
0 1366
0 2116
0 847
0 759
0 3026
0 609
0 699
0 859
0 832
0 1123
0 1170
0 205
1 8192
0 643
0 499
0 1958
0 729
0 1207
1 8192
0 1940
0 2992
0 1770
0 863
0 916
0 3113
0 1337
0 1015
0 401
0 437
0 1687
1 8192
0 904
0 2627
0 1068
0 669
0 992
0 3547
0 899
0 1727
0 995
0 1449
0 980
0 1647
0 2077
0 576
0 455
0 616
1 8192
0 483
0 1096
0 790
0 2479
0 1957
0 1566
0 1107
0 4096
0 543
0 7362
2 8192
0 1845
0 581
1 8192
0 567
0 1503
0 1117
0 2401
0 1174
0 668
0 2952
0 2016
0 1694
0 1683
0 936
0 1407
0 1364
0 1185
0 1565
0 3084
0 444
0 2106
0 1791
0 1392
0 1272
0 1223
0 5715
0 562
0 562
0 245
0 517
1 8192
0 4066
0 666
0 403
0 622
1 8192
0 1875
0 457
0 636
0 1020
0 286
0 946
0 2759
0 1067
0 1086
0 1872
0 1590
0 1190
0 1208
0 554
0 1739
0 747
0 1520
0 424
0 252
0 673
0 3351
1 8192
0 244
0 1658
0 1174
0 2149
0 2913
0 2787
1 8192
0 961
0 1163
0 1232
0 2642
0 7868
0 1243
0 2304
0 636
0 695
0 1926
0 2855
0 2227
0 454
0 1770
0 2489
0 283
0 825
0 7198
0 756
0 871
0 3859
0 2257
0 3191
1 8192
0 1631
0 1627
0 899
0 1407
0 891
0 883
0 480
0 1761
0 1451
0 1490
0 800
0 929
0 1083
0 957
0 1323
0 332
0 3305
0 649
1 8192
0 1268
0 1263
0 284
0 587
0 2124
0 340
0 6323
0 1464
0 4071
0 476
0 752
0 554
0 1826
0 1510
0 667
0 769
0 1166
0 704
0 1005
0 744
0 5416
0 957
0 228
0 1363
0 524
0 1183
0 3277
0 562
0 2042
0 3226
0 1628
0 1531
0 1453
0 1462
0 2059
0 587
0 802
0 1264
0 1203
1 8192
0 5307
0 1142
0 1311
0 1183
0 1156
1 8192
0 430
0 3197
0 1219
0 881
0 6778
0 302
0 466
0 3815
0 776
0 836
0 1534
0 4825
0 5681
0 991
0 475
0 1535
0 669
1 8192
0 652
0 430
0 1222
0 2039
0 1211
0 887
0 2114
0 1033
0 2229
0 2717
0 1147
2 8192
1 8192
1 8192
0 1671
0 172
1 8192
0 1628
0 2097
0 3354
0 589
0 4914
0 2845
0 2283
0 2852
0 1542
0 2096
0 1762
0 2158
0 2847
0 418
0 447
0 916
0 2356
0 677
0 730
0 633
0 6624
0 1298
0 1928
1 8192
0 976
0 1904
0 1214
0 1614
0 1280
0 1571
0 2169
0 594
0 7687
0 1476
0 285
0 5062
0 2773
0 728
0 1512
0 1410
1 8192
0 3152
1 8192
1 8192
0 116
0 1269
0 1799
0 2601
0 3566
0 447
0 891
0 1465
0 799
0 1049
0 459
0 462
0 1414
0 3281
0 6614
0 1750
0 3860
1 8192
0 7028
0 1834
0 579
0 826
0 1062
0 1495
0 5112
0 451
0 1301
0 3217
0 1659
0 720
0 633
0 1323
0 3382
0 852
0 2475
0 1670
0 680
0 627
0 386
0 1442
0 896
0 491
0 7684
0 1827
0 2598
0 795
0 1439
0 598
0 869
0 1122
0 1645
0 170
0 4647
0 1964
0 7892
0 952
0 1483
0 2737
0 1539
2 8192
0 96
0 2555
0 908
0 582
0 7300
0 793
0 1384
0 1490
0 300
0 967
0 2255
0 2069
0 2477
0 1480
0 416
0 1110
0 2626
0 1777
0 1275
1 8192
0 1836
0 2969
0 1621
0 586
0 2077
0 921
0 3159
0 1150
0 1334
0 1191
0 1176
0 2313
1 8192
0 2865
0 196
0 1299
0 530
0 1061
0 1061
0 1844
0 893
0 619
0 1924
0 1836
0 6256
0 588
0 745
0 520
0 6474
0 985
0 655
0 1512
0 923
0 1060
0 1844
0 1420
0 656
0 761
0 1274
0 832
0 2315
0 1320
0 939
0 2420
0 1726
0 503
0 653
0 2054
0 436
0 2923
0 1490
0 1186
0 6141
2 8192
0 974
0 2124
0 4098
0 3535
0 1075
1 8192
0 1319
0 389
1 8192
0 678
1 8192
0 873
0 412
1 8192
0 1478
0 1487
0 711
0 1671
0 752
0 1193
0 966
0 163
0 1060
1 8192
1 8192
0 592
0 7646
0 414
0 989
0 1107
0 357
0 506
0 370
0 3946
0 642
0 504
1 8192
0 1022
0 2607
0 4230
1 8192
0 1536
0 844
0 1479
0 1192
0 938
0 793
0 1472
0 1326
0 465
0 1199
0 670
0 1165
0 1021
0 2744
0 1261
0 2498
1 8192
0 2076
0 1902
0 333
0 1867
0 1748
0 1879
0 701
0 1000
0 600
0 319
1 8192
0 3293
0 3058
0 3575
0 1293
0 1803
0 2446
0 621
0 1023
0 246
0 909
0 1450
0 1220
0 1059
0 2395
0 635
0 1029
0 1838
1 8192
0 790
0 1062
0 1570
0 2260
0 1106
0 1912
1 8192
0 562
0 1040
0 863
0 1187
0 1932
1 8192
0 1697
0 2447
0 1299
0 3514
0 1101
0 986
0 990
0 2211
0 496
0 1149
0 959
0 782
0 1655
0 296
0 1526
0 1392
0 441
0 1409
0 409
0 648
0 564
0 1869
0 743
0 298
0 726
0 302
0 2175
0 2086
0 1457
0 1212
0 785
0 744
0 1459
0 721
0 411
0 906
0 4038
0 1016
0 971
0 1012
0 1140
0 183
0 889
0 1348
0 466
0 700
0 2923
0 1159
0 2213
0 2204
0 722
0 1221
0 2522
0 917
0 1807
0 2047
0 1085
0 1745
0 830
0 397
0 1393
0 3481
0 1127
0 1309
0 765
0 4077
0 401
0 1151
0 1072
0 439
0 960
0 619
0 2801
0 1270
0 425
0 3876
0 924
0 3854
0 2095
0 277
0 2370
0 1055
0 534
1 8192
0 1449
0 2926
0 1123
0 815
0 874
0 2904
0 1366
0 1766
0 1226
0 1951
0 2259
0 540
0 524
0 498
0 2389
0 1070
0 861
0 2368
1 8192
0 767
0 932
0 1816
0 603
0 2807
0 7170
0 1219
0 776
0 1917
0 1109
0 1898
0 847
0 797
1 8192
0 1902
0 768
1 8192
0 1961
0 834
0 2398
0 343
0 918
0 1130
0 5676
0 1352
0 473
0 3012
0 1208
0 1610
0 348
0 665
0 2071
0 1245
0 388
0 627
0 285
0 1788
0 777
0 447
0 688
0 709
0 1091
0 4325
0 383
0 3936
1 8192
0 475
0 258
0 1424
0 431
0 1369
0 2313
1 8192
0 3736
0 608
0 1018
0 935
0 1114
0 1474
0 725
0 1496
0 412
0 961
0 798
0 823
0 1415
1 8192
0 795
0 282
0 935
0 2422
0 687
0 602
0 3974
0 1366
0 912
0 1264
1 8192
0 1738
0 2681
0 4164
0 569
0 1441
0 1959
0 1203
1 8192
0 863
0 1218
0 1159
0 1443
0 171
0 491
0 926
0 639
0 85
0 1100
0 2132
0 1089
0 4950
0 2488
0 1406
0 2236
0 282
0 5683
0 4243
0 941
0 1408
0 1281
0 428
0 2435
0 930
0 696
0 898
0 1928
0 2176
0 4814
0 991
0 2121
0 862
0 1168
0 1517
0 1966
0 4276
0 1363
0 1137
0 870
0 2896
0 883
1 8192
0 177
0 1214
0 7174
0 1256
0 4358
0 1340
0 4891
0 924
0 852
0 417
0 929
0 285
0 2493
1 8192
0 862
0 1209
0 1768
0 3584
0 2299
0 841
1 8192
0 2170
0 1144
1 8192
0 1138
1 8192
0 1664
0 1014
0 1761
0 674
0 2756
0 1277
0 718
0 2420
1 8192
1 8192
0 688
0 1002
0 4845
0 1742
0 1202
0 402
0 566
0 564
0 1318
0 614
0 1230
0 3178
0 1108
0 2532
0 2760
0 1044
0 1886
0 1125
0 5982
0 116
0 1312
0 916
0 2011
0 2998
0 4452
0 2179
0 379
0 1387
0 603
0 408
0 4453
0 480
0 512
0 864
1 8192
0 1232
0 1031
0 185
0 1223
0 763
0 2374
0 753
0 308
0 1542
0 2251
1 8192
0 5193
0 1462
0 951
0 463
0 454
0 1696
0 824
0 1345
0 1183
0 1293
0 1233
0 846
0 1207
0 851
0 2542
0 287
0 1045
0 1208
0 410
0 1362
0 864
0 2591
0 1030
1 8192
0 473
0 660
0 773
0 695
0 1498
0 2408
0 1128
0 1225
0 957
0 831
0 946
0 917
0 2520
0 2323
0 625
0 2362
0 372
0 1333
0 856
0 4669
0 1933
0 1177
0 6871
0 416
0 473
0 4901
0 1640
0 1087
0 858
0 1878
0 2315
0 708
1 8192
0 1312
0 1495
0 614
0 777
0 2621
0 546
2 8192
0 2638
0 1096
0 1065
0 433
0 3488
0 872
0 1031
0 2054
0 1220
0 382
1 8192
0 436
0 2253
0 1269
0 708
0 1937
0 439
1 8192
0 1230
0 1733
0 519
0 755
0 2350
0 966
0 985
0 4031
0 2442
0 3011
0 1403
0 264
0 2174
0 747
0 324
1 8192
0 4055
1 8192
0 1139
0 1910
0 867
0 1077
0 3145
0 1352
0 1600
0 2019
0 2099
0 576
0 2284
1 8192
0 1601
0 556
0 511
0 301
1 8192
0 403
2 8192
0 335
0 628
0 1002
0 1060
0 737
0 1652
0 273
0 2200
0 1758
0 1737
0 1512
0 180
0 1102
0 1528
0 650
0 1135
0 585
1 8192
0 255
0 669
0 473
0 942
0 1521
1 8192
0 1749
0 1672
0 1816
0 841
0 1587
0 457
0 3115
0 277
0 325
0 2174
0 702
0 756
0 239
0 479
0 524
0 1681
0 6995
0 514
1 8192
0 1414
0 638
0 1352
0 1977
0 3285
0 1251
0 285
0 746
0 951
0 1248
0 2021
0 911
0 1573
0 275
0 165
0 1705
0 1087
0 1086
0 1168
0 1207
0 1727
0 1133
0 1214
0 1585
0 962
0 1277
0 1444
0 1596
1 8192
0 1021
0 1083
1 8192
0 1328
0 1544
0 1130
0 267
0 1409
0 1740
0 1608
0 1191
0 426
0 1333
1 8192
0 709
1 8192
0 931
0 1677
0 1256
0 856
0 3529
1 8192
0 879
1 8192
0 759
0 1000
0 156
0 499
0 1444
0 2122
0 2403
0 878
0 3916
0 1153
0 224
0 1191
1 8192
0 1832
0 7666
1 8192
0 652
0 1181
0 3394
0 5721
0 1105
1 8192
0 1361
0 860
1 8192
0 425
0 3632
0 850
0 1987
0 1128
0 508
0 1256
0 485
0 1409
0 2684
0 944
0 623
0 496
0 798
0 1058
0 1444
0 832
0 1101
0 861
2 8192
0 1217
0 482
0 963
0 568
0 1213
0 968
0 1100
0 4331
0 2816
0 3211
0 3292
0 1582
0 652
0 833
0 1578
0 1022
0 266
1 8192
0 4478
0 1280
0 1079
0 957
0 1590
0 4874
0 1783
0 1952
0 498
0 982
0 2417
0 385
0 446
1 8192
0 1365
0 719
0 3152
0 1755
0 1722
0 8132
0 806
0 755
0 1662
1 8192
0 1580
0 1033
0 159
0 1319
0 6550
0 1317
0 1225
0 956
0 505
0 406
0 1914
0 791
0 606
0 1656
0 3028
1 8192
0 605
0 1268
0 2447
0 1502
0 1377
0 411
0 306
0 1402
0 1759
0 1644
0 1776
0 2044
0 143
0 182
0 1890
0 2913
0 387
0 637
0 824
0 503
0 1571
0 622
0 3023
0 486
0 941
0 2343
0 3296
0 1210
0 299
1 8192
0 1513
0 623
0 674
0 996
0 865
0 254
0 896
0 740
0 895
0 763
0 2016
0 2142
0 1493
0 1067
0 1187
0 511
0 1347
0 160
0 837
1 8192
0 2665
0 1283
0 544
0 988
0 2154
0 723
0 931
0 1128
0 571
0 1420
0 1395
0 971
0 923
0 782
0 2101
0 1840
0 1331
0 1012
0 987
0 2846
0 444
2 8192
0 2824
0 2750
0 1465
0 2371
0 116
0 612
0 585
1 8192
0 2252
0 2371
0 2230
0 3332
0 719
0 1098
0 1180
2 8192
0 560
0 465
0 587
1 8192
0 1019
0 1647
0 364
0 4403
0 1818
0 413
0 1269
0 2660
0 862
0 1296
0 650
0 3534
0 273
0 818
0 1500
0 684
0 3321
0 3321
0 1441
0 399
0 2410
0 1862
0 1136
0 899
0 2528
0 552
0 628
0 586
1 8192
1 8192
0 1436
0 1005
0 466
0 2206
1 8192
0 1428
0 2395
0 1465
0 1216
0 3104
0 676
0 2316
1 8192
0 364
0 820
0 1156
0 2403
0 5280
0 2128
0 954
0 344
0 595
0 187
0 1042
0 886
0 4662
0 339
0 1190
0 2310
0 833
0 1157
0 2699
0 800
0 2587
0 736
0 939
0 2219
0 635
1 8192
1 8192
1 8192
0 619
0 862
0 2759
1 8192
1 8192
0 505
0 1835
0 2347
0 3132
0 1431
0 1257
0 568
1 8192
0 2868
0 1279
0 1108
0 470
1 8192
0 456
0 7435
0 1284
0 1206
0 667
0 1560
0 776
0 1236
0 688
0 833
0 481
0 1202
0 1323
0 602
1 8192
0 2539
0 823
0 844
0 1919
0 821
0 1002
1 8192
0 1330
0 4030
0 4205
0 853
0 2592
0 94
0 996
0 1322
0 932
0 815
0 5911
0 651
0 337
0 1501
0 2194
0 960
0 4058
0 159
0 3023
0 243
0 561
0 1163
0 1153
0 2446
0 915
0 1565
0 188
1 8192
0 324
1 8192
0 1317
0 676
0 2207
0 1270
0 1525
0 1559
0 473
0 1253
0 1153
0 2151
0 776
0 664
0 891
0 1679
0 233
0 780
0 547
0 2663
0 1891
0 2386
0 1716
0 995
3 8192
0 1239
0 829
0 2221
1 8192
0 927
0 2362
0 698
0 543
0 1206
0 877
0 1301
0 664
0 2203
0 1623
0 1380
0 1175
0 1901
2 8192
0 817
0 2274
0 654
0 1238
0 202
0 4220
1 8192
0 1958
0 745
0 1440
0 1593
0 462
0 1043
0 1780
0 295
0 1476
0 1489
0 838
0 454
0 2692
0 636
0 2256
0 4895
0 1947
0 323
0 4546
0 183
0 4541
0 2816
0 1494
1 8192
0 639
0 2021
0 1807
0 2616
0 1051
0 1438
0 2548
1 8192
0 1680
0 2967
0 1575
0 3782
0 491
0 1293
0 5914
0 1744
0 3252
0 1030
0 802
0 532
0 1121
1 8192
0 1706
0 1491
0 713
0 765
0 1098
0 1196
0 2231
0 2136
0 347
0 548
0 884
0 1376
0 468
1 8192
0 1184
0 1514
0 1192
0 944
0 463
0 1585
0 848
0 1319
0 3288
0 394
1 8192
0 606
0 1478
0 2004
0 998
0 1419
0 1264
0 2278
0 432
0 1801
0 722
0 921
0 617
0 1463
0 1350
0 1703
0 499
0 1050
0 4253
0 1692
0 1166
0 957
1 8192
0 1428
0 879
1 8192
0 673
0 980
0 895
0 1058
0 1759
0 2028
0 1599
0 1301
1 8192
0 970
0 928
0 806
0 1359
0 537
0 837
0 1019
0 1714
1 8192
0 435
1 8192
0 7159
0 620
0 1049
0 5022
0 327
0 1021
0 562
1 8192
0 888
0 856
0 1409
0 1655
0 1257
0 1713
0 565
0 4941
0 1474
0 820
0 555
1 8192
0 463
0 2071
1 8192
0 2263
0 1570
0 3519
0 976
0 536
0 1463
0 1360
0 985
0 1148
0 6791
0 1593
0 787
0 830
0 611
0 471
0 1944
0 344
0 630
0 632
0 825
0 560
0 3161
1 8192
0 539
0 754
0 2480
0 562
0 1468
1 8192
0 676
1 8192
0 816
0 5025
0 91
0 157
0 903
0 470
0 127
0 976
0 772
0 790
0 1838
0 1458
1 8192
0 775
0 852
0 1165
0 468
1 8192
0 605
0 1068
0 1022
0 3333
0 1776
0 647
0 1108
0 3191
0 254
0 987
0 813
0 194
0 1079
0 813
0 717
0 603
0 2422
0 1596
0 1104
0 726
0 1660
0 838
0 948
0 1140
0 1594
0 2923
0 856
0 868
0 930
0 1552
0 169
0 1616
0 537
0 1398
1 8192
0 951
0 1277
0 891
0 2148
0 1254
0 830
0 701
0 2285
0 1086
0 4306
0 968
0 2972
0 1940
0 1892
0 1570
0 2465
0 1071
1 8192
0 1798
1 8192
0 1761
0 256
0 1269
0 563
0 472
0 406
0 701
0 544
0 1932
0 1683
0 2418
0 6518
0 2833
0 708
0 1165
0 1813
0 1501
0 1983
0 702
0 872
0 2003
0 417
1 8192
0 688
0 1799
0 4422
0 1866
0 2478
0 1252
0 2821
0 954
0 1694
0 617
1 8192
0 746
0 1683
1 8192
0 1104
0 2243
0 8014
0 406
0 2618
0 1734
0 905
0 1352
0 587
0 2153
0 1485
0 2254
0 902
0 1196
1 8192
0 1537
0 1955
0 586
0 667
0 993
0 348
0 688
0 936
0 5188
1 8192
0 560
0 1477
1 8192
0 3043
0 818
0 1069
0 2074
0 658
0 1021
0 1373
0 1517
0 1239
0 544
0 6541
0 1294
0 988
1 8192
0 362
0 3254
0 1616
0 1538
1 8192
0 1106
0 972
0 1993
0 699
0 668
0 968
0 412
0 621
0 1175
0 790
0 390
0 480
0 710
0 2988
0 1481
0 3425
0 1422
0 1216
0 1636
0 950
0 3189
1 8192
0 6142
0 1535
0 1110
0 322
0 1467
0 326
0 1876
0 1700
0 949
0 6065
0 599
0 1745
0 419
0 3876
0 1493
0 965
0 646
0 562
0 1930
0 1436
0 1768
0 265
0 1107
0 2905
0 459
0 3663
0 4497
0 471
0 346
0 2862
0 5116
0 932
0 1690
0 833
0 3076
1 8192
0 619
0 1297
0 143
0 451
0 1907
0 743
0 764
0 1250
0 1374
0 1704
0 482
0 635
0 1091
0 849
0 1445
0 1152
0 1041
0 584
0 2739
0 924
0 493
0 2024
0 1105
0 1729
0 962
0 521
0 179
0 2059
0 8154
0 237
0 413
0 712
0 1326
0 864
0 197
0 1094
0 1059
0 506
1 8192
0 909
1 8192
0 178
0 2452
0 609
0 1108
0 2410
0 839
0 729
0 5220
0 230
0 1813
0 1959
0 1080
0 600
1 8192
0 1208
0 3280
0 1057
0 7158
0 2142
0 865
0 1802
0 423
1 8192
1 8192
0 855
0 826
0 685
0 546
1 8192
0 641
0 1057
0 3706
0 1824
0 810
0 2103
2 8192
0 1489
1 8192
0 342
0 3256
0 768
0 3581
0 393
0 557
0 996
0 2381
0 678
0 323
0 683
0 7181
0 1426
0 362
0 3302
0 700
0 366
1 8192
0 799
1 8192
0 1002
0 1918
1 8192
0 375
0 2193
0 1204
0 345
0 1038
0 369
0 1376
0 315
0 479
0 332
0 3346
1 8192
0 6769
0 600
0 87
0 944
0 723
0 758
0 278
0 930
0 1040
0 686
0 415
0 2423
0 1107
0 1668
0 2292
1 8192
0 5375
0 2697
0 4595
0 1594
0 660
0 3005
0 2098
0 2032
0 669
0 1707
0 4453
0 856
0 546
0 2047
0 259
0 3679
1 8192
0 1606
0 1642
0 1994
0 508
0 6364
2 8192
0 318
0 788
0 613
0 1924
0 3268
0 1004
0 1406
0 1515
0 614
0 2597
0 1181
0 855
1 8192
0 7560
0 1594
0 1006
0 1915
0 1462
0 1048
0 2763
0 2129
0 1534
0 1104
0 1020
0 1364
0 579
0 730
0 3958
0 1658
0 1432
0 1737
0 898
0 223
0 882
0 1267
0 2534
0 151
0 1361
0 582
2 8192
0 507
0 2443
0 1867
0 2198
0 1451
0 1276
0 723
0 1711
0 1063
0 360
0 1237
0 993
0 2638
0 489
0 1163
1 8192
0 569
0 751
0 1198
0 1000
0 1360
0 461
0 1422
1 8192
0 709
0 517
0 708
0 320
0 1186
0 2306
0 782
0 568
0 1240
0 776
0 1796
0 1738
0 840
0 103
0 2338
0 4658
0 873
0 2291
0 4086
0 1686
0 1272
0 619
0 965
0 490
0 1262
0 538
0 907
0 733
0 1021
0 1737
0 559
0 1208
0 623
0 1109
0 295
0 1344
0 378
1 8192
0 696
0 646
0 273
0 5518
0 858
0 567
1 8192
0 2394
0 1942
0 1025
0 1774
0 1272
0 1203
0 467
0 870
0 2113
0 1061
0 878
0 3111
0 828
0 254
0 769
0 551
0 695
0 394
0 986
0 822
0 681
1 8192
0 256
1 8192
0 531
0 2066
0 1161
1 8192
0 388
0 3521
1 8192
0 1017
0 875
0 667
0 2035
0 481
0 1955
0 2151
1 8192
0 1880
0 1170
0 1843
0 130
0 1528
0 2871
0 7376
0 1108
0 4067
0 550
0 636
0 967
0 822
1 8192
0 784
0 907
0 1459
0 277
0 332
0 1412
0 1282
0 4747
0 4151
0 855
0 1045
0 1066
0 7204
0 2309
0 1141
0 937
0 627
0 1637
0 686
0 1546
0 276
0 1267
0 1249
0 632
0 1119
0 1054
0 2549
0 813
0 2312
0 1695
0 777
0 281
0 2587
0 1580
0 667
0 6131
0 707
0 2400
0 798
0 2112
0 1069
0 708
0 738
0 1224
0 1693
0 631
0 1525
1 8192
0 69
0 1481
1 8192
0 769
0 1982
0 641
0 442
0 2380
0 1575
0 1910
0 289
0 1777
0 1626
0 283
0 958
0 2291
0 1853
1 8192
0 3613
0 1051
0 521
0 1660
0 970
0 6170
0 416
0 315
0 1530
0 616
0 1641
0 917
0 4314
0 472
0 1526
0 2461
1 8192
0 802
0 508
0 556
0 1649
1 8192
0 1065
0 2174
0 3155
0 813
0 2818
0 546
0 592
1 8192
0 1547
0 1384
0 737
0 1441
1 8192
0 2495
0 754
0 1519
0 569
0 824
1 8192
0 335
0 1180
0 485
0 950
0 1728
0 4539
0 900
0 889
0 862
0 1108
0 774
0 546
0 2093
0 1389
0 568
0 849
0 1076
0 1112
0 530
0 1498
0 1634
0 1217
0 640
0 660
0 605
0 2423
0 7730
0 1232
0 3408
0 6214
0 1662
0 2097
0 2746
0 641
0 4441
0 1034
0 6684
0 258
0 1248
0 681
0 897
0 904
0 1316
0 1017
0 439
0 472
0 819
0 1159
0 2062
0 337
0 1244
0 876
0 1580
0 2174
0 6214
1 8192
0 1046
0 1235
0 969
0 5335
0 1078
0 2343
0 1471
0 996
0 721
1 8192
0 808
0 764
0 1126
0 876
0 782
0 798
0 660
0 4866
0 443
0 1343
0 1076
0 1170
0 2704
0 553
0 1469
0 975
0 1357
0 1182
1 8192
1 8192
1 8192
0 467
0 2289
0 1314
0 1500
0 3161
0 1718
0 982
0 2797
1 8192
0 947
0 732
0 758
0 1455
0 831
0 2460
0 2450
0 771
0 1721
0 1589
1 8192
0 1181
0 2146
0 1499
0 1236
0 807
0 273
0 393
0 916
2 8192
0 3020
0 749
0 1379
0 1504
0 321
1 8192
0 3511
0 3510
1 8192
1 8192
0 1389
0 1804
1 8192
0 2863
0 856
0 383
0 1267
0 167
0 2191
0 2184
0 352
0 3562
0 7654
0 1381
1 8192
0 739
0 1321
1 8192
0 1952
0 891
0 329
0 3129
0 1391
0 939
0 1928
0 1006
0 7581
0 1399
1 8192
0 2787
0 1682
0 2366
1 8192
0 3588
0 1386
0 1477
1 8192
0 846
0 1008
0 320
0 1125
0 393
0 484
0 1007
0 523
0 120
0 2325
0 534
2 8192
0 2106
0 1190
0 803
0 2522
0 1200
1 8192
0 856
0 1148
0 695
0 700
0 3079
0 2729
0 2547
1 8192
0 280
0 547
0 2316
0 653
0 4758
1 8192
0 381
0 623
0 1048
0 418
0 1453
0 1161
0 130
0 2230
0 1217
0 2221
0 1792
2 8192
0 1769
0 1239
0 3918
0 656
0 1501
0 1545
0 1717
0 536
0 665
0 234
0 313
0 1163
0 731
0 1687
0 1138
0 742
0 2431
0 576
0 2709
0 689
0 3823
0 481
0 1664
0 796
0 1341
0 3347
0 414
0 3385
1 8192
0 522
0 2029
0 795
0 1573
0 436
0 2383
0 755
0 1100
0 1373
0 235
0 1129
0 1700
1 8192
