# SA for random K-SAT
# K = 3   N = 8192   M = 32256   seed = 588748386
# alpha = 3.937500   nIter = 65536  Tmax = 0.200000
# 1:lowestUnsat  2:runTime
0 29935
0 23047
0 24127
0 23717
0 32762
0 22246
0 26669
0 28406
0 30584
0 17378
0 22242
0 22715
0 20989
0 24735
0 23529
0 27514
0 19816
0 23508
0 23814
0 23542
0 21806
0 34060
0 19978
0 21504
0 21248
0 20670
0 21603
0 23726
0 22047
0 25049
0 20963
0 26812
0 27235
0 19453
0 26160
0 31564
0 21750
0 18173
0 18237
0 18487
0 23171
0 18635
0 18031
0 28021
0 28107
0 21389
0 23104
0 20546
0 40976
0 22084
0 25369
0 19877
0 30808
0 25295
0 18605
0 19704
0 19936
0 20027
0 19375
0 21633
0 19425
0 20371
0 20831
0 28726
0 22297
1 65536
0 24685
0 19525
0 21734
0 23210
0 20476
0 27316
0 21011
0 23258
0 20622
0 21245
0 32659
0 24888
0 27335
0 22087
0 25627
0 23890
0 28358
0 22771
0 29589
0 27604
0 35395
0 20027
0 22606
0 24598
0 20640
0 22317
0 27457
0 22935
0 34136
0 20082
0 20575
0 26302
0 21506
0 22570
0 22786
0 22706
0 24161
0 51796
0 28369
0 20389
0 22361
0 20889
0 19613
0 20293
0 21267
0 19056
0 20009
0 26253
0 21477
0 21123
0 24936
0 19399
0 25554
0 25892
0 20505
0 28449
0 24483
0 19814
0 20772
0 19741
0 19755
0 45355
0 20452
0 36887
0 24373
0 18882
0 18282
0 19343
0 21716
0 19291
0 21978
0 19703
0 21786
0 21826
0 22826
0 20937
0 24543
0 26876
1 65536
0 22078
0 19861
0 21053
0 19724
0 20526
0 19820
0 23671
0 28570
0 22306
0 28226
0 21389
0 28421
0 20016
0 24974
0 24652
0 20570
0 19984
0 20975
0 21333
1 65536
0 24053
0 20236
0 21089
0 26875
0 22163
0 22206
0 20860
0 28492
0 21491
0 19735
0 22726
0 25739
0 17629
0 21887
0 24139
0 21908
0 24603
0 20764
0 22198
0 19690
0 21115
0 19638
0 19078
0 22554
0 21534
0 22869
0 23646
0 25012
0 18391
0 20167
0 27176
0 24076
0 19814
0 20038
0 21965
0 23427
0 21381
0 24581
0 65017
0 21512
0 20601
0 21940
0 21957
0 18629
0 20822
0 25800
0 20215
0 24560
0 22214
0 22308
0 22690
0 21451
0 23983
0 19032
0 21639
0 19418
0 24324
0 24208
0 23334
0 20617
0 25354
0 20907
0 23531
0 21797
0 23181
0 20557
0 20709
0 17565
0 25414
0 19940
0 18897
0 20891
0 22776
0 39307
0 19703
0 25222
0 20469
0 22456
0 23824
0 21282
0 26106
0 17582
0 18862
0 24856
0 26828
0 25929
0 21348
0 20133
0 18881
0 21039
0 31541
0 17191
0 20476
0 21647
0 19092
0 19132
0 19559
0 22112
0 32143
0 19675
0 31319
0 22456
0 25204
0 20038
0 20147
0 56798
0 20639
0 29755
0 21638
0 20413
0 25381
0 21914
0 18614
0 20612
0 32978
0 18557
0 39522
0 24021
0 20806
0 21877
0 23127
0 23855
0 19299
0 21260
0 20711
0 18468
0 32063
0 23285
0 21596
0 25089
0 23042
0 19033
0 29475
0 21019
0 22239
0 23270
0 39964
0 17099
0 20450
0 28515
0 20220
0 17888
0 21532
0 21019
0 29046
0 40010
0 19684
0 20892
0 25813
0 24041
0 22711
0 20818
0 22310
0 27421
0 21709
0 27043
0 26651
0 21741
0 19187
0 20959
0 23662
0 21547
0 18994
0 32668
0 20980
0 39848
0 25962
0 23266
0 24796
0 20404
0 31008
0 21639
0 22305
0 29957
0 21603
0 23170
0 21068
0 31725
0 27045
0 19466
0 18948
0 29486
0 20550
0 21521
0 21846
0 25407
0 41614
0 25457
0 21016
0 21760
0 17870
0 22277
0 25867
0 31069
0 24450
0 24000
0 25258
0 22594
0 31634
0 20402
0 24792
0 20251
0 18755
0 22379
0 22897
0 20104
0 20593
0 18013
0 26241
0 21536
0 22230
0 51794
0 21665
0 26379
0 19969
0 24085
0 20438
0 20573
0 20542
0 19670
0 32571
0 25255
0 20307
0 22352
0 19625
0 20093
0 21373
0 21189
0 23736
0 29024
0 23779
0 19937
0 18046
0 22344
0 20702
0 21857
0 21324
0 21237
0 23622
0 19543
0 24025
0 22607
0 21342
0 23117
0 23925
0 21237
0 23646
0 22116
0 21599
0 22559
0 23958
0 20074
0 23424
0 20240
0 17882
0 19758
0 19623
0 23027
0 23545
0 31096
0 31413
0 18500
0 23598
0 26958
0 21750
0 24443
0 24687
0 18507
0 23843
0 17742
0 36113
0 18922
0 20275
0 19765
0 20291
0 20244
0 30091
0 22406
0 22523
0 20014
0 20174
0 21544
0 20487
0 22673
0 22560
0 46676
0 19424
0 18927
0 19094
0 20201
0 21094
0 20500
0 17883
0 22544
0 21051
0 20880
0 21175
0 23054
0 46591
0 20942
0 20363
0 18000
0 20534
0 20883
0 58931
0 20032
0 20495
0 20175
0 25656
0 21475
0 23539
0 21744
0 21622
0 23925
0 20032
0 18393
0 20258
0 22470
0 34664
0 24836
0 21795
0 20716
0 21043
0 20920
0 21553
0 23041
0 21206
0 23387
0 26442
0 24297
0 18147
0 19765
0 17441
0 24009
0 18622
0 23617
0 19415
0 20369
0 21356
0 25504
0 20775
0 19423
0 17605
0 23225
0 19950
0 25614
0 22750
0 20408
0 27749
0 22101
0 20601
0 20744
0 26709
0 25186
0 19876
0 23216
0 22003
0 27007
0 23056
0 20471
0 23033
0 24897
0 21487
0 18314
0 22338
0 19402
0 23466
0 21250
0 41274
0 21377
0 20126
0 26475
0 19748
0 26394
0 19873
0 22850
0 35338
0 21172
0 22487
0 17589
0 25976
0 25439
0 20313
0 22597
0 20365
0 18308
0 21487
0 21393
0 22556
0 22543
0 21106
0 24177
0 22514
0 23448
0 27729
0 24060
0 24383
0 19709
0 19798
0 23416
0 29572
0 22253
0 29002
0 21479
0 22711
0 24646
0 24056
0 25963
0 21387
0 19474
0 26815
0 17603
1 65536
0 22757
0 21575
1 65536
0 20320
0 20844
0 32627
0 22194
0 22326
0 20390
0 24382
0 24067
0 28694
0 19701
0 21318
0 28161
0 18557
0 24346
0 22687
0 26459
0 19287
0 21693
0 26630
0 20394
0 21630
0 19079
0 18506
0 28040
0 21754
0 18364
0 20644
0 22148
0 20908
0 19524
0 18169
0 21860
0 20485
0 23420
0 19592
0 24489
0 23044
0 24265
0 24117
0 20032
0 20433
0 21372
0 19837
0 27482
0 20158
0 22791
0 24277
0 17973
0 26118
0 20684
0 22616
0 20465
0 25048
0 34816
0 20053
0 23227
0 22066
0 19094
0 20899
0 20585
0 33231
0 21470
0 17054
0 21560
0 17870
0 22843
0 28522
0 20560
0 20970
0 22009
0 18632
0 23789
0 19673
0 23578
0 20066
0 22557
0 24742
0 20631
0 22781
0 16211
0 25930
0 17159
0 26121
0 21964
0 20147
0 37356
0 20005
0 20819
0 25139
0 23918
0 19319
0 20553
0 24387
0 26104
0 20679
0 24089
0 19140
1 65536
0 21387
0 21996
0 22702
0 30735
0 21587
0 25009
0 22242
0 21308
0 21686
0 20802
0 19137
0 20741
0 21369
0 20070
0 19867
0 28529
0 22767
0 21220
0 20573
0 25166
0 26550
0 24710
0 21868
0 24890
0 38285
0 23840
0 23052
0 25109
0 24615
0 58561
0 25532
0 19269
0 19270
0 24492
0 21696
0 24894
0 19876
0 21369
0 13218
0 23519
0 23865
0 24451
0 20392
0 24821
0 20828
0 21021
0 36284
0 19299
0 36168
0 19801
0 22283
0 22322
0 24459
0 25279
0 24711
0 23356
0 20731
0 18838
0 23653
0 21324
0 22262
0 26155
0 21567
0 26174
0 25973
0 18733
0 28447
0 22257
0 17875
0 25718
0 29847
0 24095
0 21387
0 56778
0 21128
0 25277
0 22140
0 22099
0 23477
0 33608
0 23032
0 29222
0 24780
0 23091
0 20194
0 18057
0 22084
0 21857
0 20221
0 23970
0 21300
0 21729
0 34179
0 18185
0 21028
0 25598
0 24007
0 18313
0 23349
0 20767
0 22851
0 19969
0 22598
0 20798
0 18956
0 33014
0 23265
0 22436
0 20947
0 21576
0 29302
0 21846
0 26541
0 23546
1 65536
0 21546
0 20202
0 25548
0 25643
0 23434
0 22228
0 20948
0 21511
0 27656
0 22759
0 19253
0 18900
0 24260
0 22189
0 18005
0 22532
0 24304
0 26112
0 20838
0 19159
0 26430
0 23361
0 22214
0 22288
0 25235
0 20457
0 21920
0 23288
0 23702
0 20373
0 28937
0 34760
0 19082
0 19589
0 34623
0 22583
0 19859
0 33757
0 23936
0 21756
0 22227
0 21906
0 33991
0 21240
0 18700
0 24532
0 28100
0 27944
0 19987
0 25502
0 23334
0 24924
0 23603
0 20625
0 27771
0 25506
0 23738
0 23230
0 38572
0 22809
0 33956
0 53638
0 21448
0 26180
0 26703
0 21585
0 19191
0 22498
0 35043
0 19510
0 22813
0 20574
0 25233
0 24016
0 57729
0 22734
0 24318
0 23645
0 27381
0 32332
0 22459
0 21603
0 21739
0 24545
0 30732
0 21528
0 20269
0 23787
0 20562
0 21415
0 28479
0 22242
0 19808
0 40412
0 28072
0 17962
0 19143
0 21001
0 20888
0 23084
0 30288
0 19428
0 22816
0 35056
0 22460
0 23117
0 22994
0 22020
0 25731
0 19912
0 26476
0 19669
0 22531
0 23048
0 23474
0 21358
0 18597
0 17998
0 24996
0 24986
0 28074
0 22446
0 19073
0 22965
0 18677
0 21436
0 25240
0 19257
0 22227
0 24902
0 18271
0 24146
0 22254
0 34561
0 22627
0 24522
0 27345
0 21970
0 59382
0 17528
0 25577
0 20476
0 20328
0 21436
0 20672
0 17744
0 21058
0 26445
0 21622
0 34705
0 20996
0 19457
0 25963
0 20736
0 23600
0 22665
0 18743
0 24851
0 24474
0 20502
0 29766
0 21244
0 24842
0 24612
0 19482
0 20086
0 19288
0 23926
0 22437
0 21898
0 35770
0 24366
0 19322
0 24378
0 21227
0 20218
0 20207
0 21936
0 21410
0 21223
0 21582
0 29660
0 23138
0 27442
0 23349
0 19854
0 27673
0 25346
0 28315
0 21456
0 22152
0 20132
0 21648
0 21447
0 24019
0 31644
0 25028
0 23290
0 22875
0 20023
0 22553
0 21407
0 26277
0 19915
0 26268
0 22622
0 21952
0 20767
0 22601
0 19922
0 25967
0 23289
0 17515
0 28332
0 21481
0 24463
0 24801
0 21465
0 23668
0 21787
0 19036
0 20236
0 22377
0 39688
0 23044
0 33175
0 21608
0 21482
0 28314
0 22916
0 21087
0 30520
0 18721
0 20020
0 25709
0 19100
0 17302
0 15519
0 21949
0 23839
0 23770
0 20859
0 25456
0 22058
0 19978
0 20818
0 26101
0 24411
0 24591
0 23011
1 65536
0 25531
0 22990
0 21011
0 29532
0 18373
0 26932
0 17270
0 24347
0 24616
0 22923
0 22650
0 21047
0 22350
0 22728
0 20584
0 21102
0 24998
0 27889
0 23877
0 23470
0 22713
0 21159
0 22155
0 20054
0 18381
0 33851
0 21194
0 18938
0 27215
0 24043
0 19581
0 19585
0 18940
0 19159
0 20067
0 22767
0 18099
0 18953
0 22979
0 24170
0 28493
0 24228
0 23978
0 24359
0 21771
0 19135
0 18107
0 19418
0 19377
0 24614
0 20644
0 29083
0 20943
0 22345
0 19990
0 25742
0 22039
0 24066
0 51447
0 22466
0 20726
0 23329
0 21239
0 24141
0 24141
0 25302
0 18805
0 24589
0 21704
0 19787
0 19955
0 18477
0 22324
0 35078
0 29668
0 18851
0 22243
0 22319
0 21770
0 22179
0 25254
0 22741
0 26909
0 22007
0 21299
0 29615
0 25066
0 22569
0 22572
0 22221
0 22920
0 19580
0 20195
0 19667
0 19839
0 20148
0 24856
0 41065
0 29126
0 25045
0 18617
0 20593
0 23632
0 17364
0 19643
0 19207
0 22516
0 21384
0 21863
0 21887
0 19159
0 22130
0 46839
0 21000
0 23463
0 25366
0 20234
0 28826
0 29622
0 21660
0 20398
0 22623
0 33447
0 18638
0 20860
0 24210
0 20839
0 19631
0 29697
1 65536
0 24082
0 22561
0 23076
0 23302
0 22566
0 26764
0 23951
0 20763
0 23329
0 27347
0 39329
0 18636
0 39576
0 19501
0 16874
0 26643
0 20460
0 20493
0 27631
0 17467
0 20517
0 21164
0 31096
0 25755
0 21092
0 42747
0 23511
0 23144
0 22695
1 65536
0 22371
0 19112
0 19383
0 22173
0 24259
0 23530
0 24300
0 20928
0 19914
0 27693
0 25212
0 21239
0 16530
0 20933
0 20429
0 19913
0 22080
0 22367
0 24571
0 20884
0 19825
0 19065
1 65536
0 21786
0 19541
0 18604
0 22542
0 29596
0 21335
0 21628
0 24906
0 20001
0 18709
0 20108
0 27564
0 20803
0 19283
0 23240
0 22283
0 20126
0 22169
0 16352
0 20722
0 21530
0 19193
0 19577
0 23270
0 20912
0 22769
0 23124
0 25369
0 27856
0 19164
0 22097
0 23011
0 27374
0 24950
0 19421
0 28919
0 23752
0 25910
0 21201
0 30779
0 25024
0 18805
0 20522
0 24357
0 22869
0 21200
0 22322
0 20400
0 22139
0 25594
0 22102
0 19880
0 21211
0 21276
0 21537
0 22753
0 22847
1 65536
0 23606
0 18898
0 25103
0 18797
1 65536
0 22673
0 23687
0 24262
0 22113
0 25488
0 19485
0 26314
0 26745
0 27934
0 21050
0 24928
0 26460
0 22881
0 23007
0 23282
0 23728
0 31053
0 20812
0 21987
0 22497
0 23625
0 21992
0 20558
0 23179
0 22842
0 27533
0 20452
0 25180
0 19925
0 24901
0 23221
0 25585
0 24202
0 22834
0 19782
1 65536
0 23538
0 20982
0 22364
0 21721
0 18642
0 18842
0 23071
0 21114
0 22439
0 17656
0 25114
0 19613
0 19705
0 17873
0 22929
0 22310
0 21471
0 33821
0 58540
0 17007
0 23223
0 21258
0 27863
0 21680
0 24144
0 16414
0 24834
0 22737
0 20029
0 24746
0 23974
0 19173
0 30976
0 19382
0 20595
0 23502
0 23579
0 25026
0 22142
0 43063
0 25508
0 20560
0 22796
0 20805
0 18666
0 32776
0 38639
0 27333
0 22506
0 21179
0 19989
0 20779
0 20588
0 18668
0 21558
0 23460
0 22089
0 28576
0 20954
0 22189
0 22854
0 25265
0 26791
0 25735
0 22202
0 20469
0 22977
0 30489
0 22660
0 14715
0 22795
0 22062
0 21152
0 19721
0 20030
0 22929
0 19012
0 26834
0 21025
0 26360
0 23470
0 21131
0 30072
0 21108
0 30544
0 18492
0 18733
0 20968
0 25114
0 23843
0 17084
0 19553
0 25867
0 24209
0 26193
0 21434
0 26978
0 23798
0 22923
0 17267
0 20591
0 20776
0 25933
0 23795
0 20974
1 65536
0 20787
0 19673
0 36676
0 19568
0 31418
0 25101
0 24187
0 20465
0 21436
0 22563
0 21757
0 22409
0 21277
0 26716
0 21409
0 22338
0 21642
0 34891
0 20488
0 23221
0 23100
0 19846
0 21398
0 26499
0 23354
0 20083
0 21914
0 23454
0 20919
0 20064
0 19145
0 20288
0 20992
0 21073
0 27589
0 20429
0 20909
0 26567
0 21472
0 42260
1 65536
0 24485
0 20019
0 23738
0 18388
0 20044
0 24714
0 20588
0 19791
0 19906
0 20938
0 16603
0 23380
0 17032
0 26692
0 18321
0 19111
0 33024
0 29815
0 25399
0 17448
0 21952
0 20667
0 26340
0 20827
0 20105
0 21869
0 25326
0 21238
0 21047
0 19595
0 25049
0 20434
0 22851
0 23189
0 25715
0 21847
0 20032
0 18088
0 21897
0 20239
0 27693
0 25618
0 23649
0 20326
0 28105
0 20413
0 21441
0 22595
0 32500
0 20891
0 20065
0 56518
0 20822
0 20476
0 21147
0 19520
0 23816
0 18117
0 28692
0 24014
0 21375
0 17427
0 24285
0 18626
0 25107
0 20125
0 23516
0 21728
0 20206
0 32792
0 17811
0 17556
0 22718
0 21757
0 20708
0 20240
0 32683
0 23042
0 22510
0 21772
0 23010
0 22863
0 22996
0 20571
0 19128
0 23386
0 23201
0 19298
0 31172
0 20905
0 21124
0 20989
0 22845
0 20013
0 20779
0 23223
0 26340
0 20110
0 21286
0 21555
0 22941
0 26997
0 16723
0 21834
0 21855
0 19866
0 18763
0 22320
1 65536
0 22548
0 23052
0 21642
0 21339
0 24343
0 27233
0 20486
0 21760
0 42340
0 23889
0 27248
0 28067
0 38258
0 21481
0 26332
0 22569
0 28807
0 19778
0 23291
0 20837
0 22220
0 18989
0 26869
0 24425
0 19300
0 20547
0 27039
0 18560
0 20042
0 19786
0 23585
0 25954
0 20431
0 28891
0 22966
0 22439
0 20911
0 20732
0 18401
0 18799
0 21545
0 20549
0 20597
0 20409
0 21266
0 24176
0 28979
0 18628
0 22853
0 19317
0 25733
0 19173
0 20318
0 22691
0 29703
0 22918
0 19030
0 18685
0 20840
0 18781
0 21910
0 20083
0 27546
0 23803
0 34665
0 20920
0 18959
0 21388
0 20858
0 19248
0 24087
0 30092
0 22136
0 23459
0 22519
0 20303
0 25024
0 23963
0 18825
0 19229
0 22355
0 18932
0 22524
0 23797
0 26654
0 20483
0 19528
0 29642
0 18898
0 26754
0 23558
0 20250
0 19952
0 19831
0 24135
0 23685
0 20650
0 26447
0 27097
0 25035
0 35105
0 18438
1 65536
0 21439
0 26251
0 47265
0 27298
0 25867
0 21569
0 30754
0 18494
0 23570
0 22652
0 24677
0 26413
0 25091
0 31995
0 22749
0 21434
0 20808
0 39949
0 21560
0 23192
0 19103
0 20908
0 21181
0 20363
0 18581
0 19454
0 24249
0 21608
0 17051
0 23451
0 20475
0 23880
0 28415
0 23549
0 20105
0 20833
0 22033
0 25987
0 33987
0 19963
0 25089
0 20875
0 19462
0 19463
0 22329
0 24616
0 21085
0 21129
0 23547
0 28405
0 23028
0 23976
0 24588
0 22567
0 23435
0 21642
0 21640
0 21476
0 24623
0 26864
0 23375
0 19600
0 23818
0 22566
0 19840
0 21530
0 26407
0 24166
0 24272
0 20664
0 19743
0 20986
0 29673
0 21090
0 20165
0 23903
0 21319
0 18534
0 20547
0 19546
0 17486
0 26308
0 22060
0 18357
0 24144
0 28858
0 21852
0 19795
0 22873
0 22269
0 19694
0 25686
0 25091
0 19306
0 24537
0 23940
0 26086
0 25665
0 24341
0 26586
0 20330
0 24221
0 24650
0 23667
0 25788
0 26084
0 19447
0 19184
0 21777
0 15204
0 20892
0 19255
0 21440
0 18170
0 42911
0 20090
0 22217
0 22508
0 24454
0 19487
0 22623
0 20040
1 65536
0 20057
0 25965
0 24317
0 22576
0 22825
0 28120
0 25969
0 23201
0 21305
0 22840
0 48256
0 20542
0 23213
0 22095
0 19361
0 20302
0 25471
0 23512
0 20587
0 21803
0 21306
0 23321
0 18622
0 23542
0 23220
0 25033
0 22305
0 24337
0 24193
0 22989
0 20905
0 21432
0 22402
0 26336
0 22639
0 35487
0 26057
0 25010
0 20426
0 20095
0 23774
0 33550
0 24277
0 22276
0 20831
0 22367
0 24915
0 21719
0 18649
0 18148
0 24833
0 19915
0 23893
0 18950
0 20875
0 21413
0 21028
0 21023
0 25207
0 19273
0 26342
1 65536
0 22630
1 65536
0 25606
0 21210
0 18525
0 23826
0 19878
0 22002
0 22284
0 22792
0 19530
0 19363
0 22605
0 43552
0 19439
0 25480
0 21403
0 19589
0 20121
0 23941
0 22024
0 20573
1 65536
0 20959
0 21887
0 25631
0 19530
0 27399
0 28207
0 19215
0 24717
0 24549
0 23246
0 20706
0 17251
0 37411
0 23283
0 22317
0 27292
0 23127
0 19575
0 24541
0 23018
0 22304
0 18781
0 23959
0 22770
0 53531
0 21854
0 20402
0 23221
0 31176
0 19390
0 19217
0 23264
0 24903
0 28840
0 22884
0 22049
0 23742
0 20285
0 20799
0 22403
0 18417
0 26456
0 20996
0 21775
0 21367
0 21706
0 29459
0 22257
0 27206
0 24984
0 20439
0 19122
0 28456
0 18475
0 23038
0 25111
0 20746
0 18478
0 19598
0 21378
0 20203
0 19433
0 20879
0 21632
0 22121
0 21470
0 26599
0 19357
0 18536
0 21617
0 19036
0 18050
0 18655
0 19847
0 28919
0 25450
0 51322
0 21867
0 21221
0 19749
0 20158
0 19625
0 24750
0 41481
0 20175
0 43410
0 22765
0 20386
1 65536
0 18863
0 32043
0 24871
0 20645
0 28510
0 20900
0 28859
0 19515
0 22993
0 22854
0 20449
0 22311
0 23843
0 26962
0 20334
0 21421
0 22312
0 19329
0 40792
0 18600
0 20222
0 21565
0 19052
0 25823
0 21593
0 27442
0 22337
0 18986
0 22155
0 22443
0 26798
0 23360
0 26408
0 22118
0 30821
0 22494
0 20259
0 18871
0 26634
0 23268
0 24689
0 22999
0 19837
0 21218
0 25667
0 19834
0 22220
0 18800
0 18502
0 23135
0 21229
0 24104
0 24436
0 25016
0 20608
0 25270
0 21071
0 19138
0 18591
0 22254
0 28179
0 18559
0 23351
0 21162
0 22471
0 21453
0 19004
0 17763
0 20590
0 38749
0 19843
0 20965
0 24350
0 22927
0 22224
0 21113
0 24512
0 19978
0 19412
0 19671
0 26224
0 21483
0 25166
0 26237
0 24825
0 21377
0 23388
0 19175
0 21726
0 19456
0 23664
0 26398
0 19869
0 19831
0 28698
0 24529
0 21458
0 23941
0 19754
0 20737
0 20418
0 21248
0 22926
0 19898
0 21901
1 65536
0 20397
0 19789
0 36632
0 20198
0 21882
0 21364
0 20239
0 19069
0 20620
0 17060
0 19272
0 20552
0 22834
0 22258
0 20899
0 22934
0 30682
0 19013
0 27012
0 22665
0 20565
0 21889
0 20651
0 20159
0 41926
0 25887
0 24498
0 21637
0 23091
1 65536
0 26904
0 19698
0 21425
0 20888
0 18444
0 20223
0 25777
0 22184
0 21765
0 27182
0 19983
0 20344
0 18590
0 24451
0 16532
1 65536
0 25923
0 20734
0 29597
0 25124
0 21209
0 20802
0 22402
0 28411
0 22046
0 23783
0 21148
0 18456
0 16863
0 24385
0 21392
0 24103
0 19878
0 34740
0 20332
0 26750
0 26827
1 65536
0 23347
0 21289
0 24097
0 17534
0 23738
0 20868
0 21921
0 24405
0 34216
0 22729
0 21122
0 25468
0 45586
0 20787
0 22075
0 23137
0 18626
0 21862
0 36871
0 24339
0 29512
0 20952
0 34582
0 22084
0 21605
0 18823
0 19825
0 22138
0 23304
0 19781
0 21280
0 20116
0 19943
0 20918
0 22921
0 18240
0 25297
0 24648
0 21405
0 26962
0 22640
0 45446
0 26135
0 22356
0 22400
0 35312
0 16936
0 20055
0 19750
0 19432
0 23940
0 24298
0 18534
0 18164
0 21552
0 23091
0 22066
0 21607
0 18124
0 22164
0 19295
0 20208
0 31948
0 23762
0 29855
0 24707
0 32027
0 22837
1 65536
0 22152
0 18917
0 41104
0 20960
0 23277
0 21587
0 20669
0 22274
0 20728
0 19509
0 20074
0 28380
0 20431
0 21590
0 21971
1 65536
0 25535
0 24544
0 19628
0 25230
0 32007
0 25540
0 20740
0 25357
0 35889
0 21932
0 23263
0 22567
0 25685
0 22841
0 23262
0 23636
0 23526
0 24574
0 21478
0 23073
0 21005
0 23762
0 22654
0 23347
0 21657
0 22592
0 25070
0 22013
0 34151
0 18803
0 22286
0 22139
0 18993
0 20777
0 19831
0 20644
0 63562
0 19443
0 20474
0 21721
0 24675
0 24022
0 23145
0 20273
0 21704
0 20864
0 20957
0 20824
0 18604
0 25683
0 21719
0 25832
0 20402
0 20659
0 18879
0 23713
0 19613
0 23323
0 22678
0 20831
0 22591
0 20382
0 20345
0 57251
0 21934
0 19507
0 20996
0 23945
0 21010
0 22510
0 19500
0 19139
0 20477
0 20095
0 21413
0 27289
0 33960
0 26113
0 20297
0 20020
0 26632
0 31652
0 27144
0 23070
0 22954
0 28270
0 29341
0 20103
0 18639
0 17276
0 19182
0 24306
0 21584
0 19579
0 23160
0 23127
0 25279
0 19373
0 25977
0 20137
0 19964
0 27732
0 25874
0 23639
0 25324
0 25990
0 20833
0 22317
0 19425
0 24115
0 22095
0 27385
0 20470
0 49591
0 25145
0 31937
0 20538
0 25850
0 22518
0 20256
0 20239
0 27522
0 22931
0 22361
0 25582
0 19560
0 20139
0 38016
0 21987
0 33528
0 28915
0 25534
0 22282
0 34036
1 65536
0 18931
0 31328
0 21615
0 21759
0 23087
0 19408
0 19412
0 21779
0 23414
0 19794
0 20267
0 22524
0 26778
0 23971
0 25889
0 18403
0 30746
0 30058
0 22150
0 20295
0 24333
0 23506
0 18688
0 27073
0 22789
0 23931
0 19779
0 28510
0 21204
0 18921
0 20398
0 27011
0 21272
0 28848
0 25786
0 19113
0 20261
0 23238
0 26878
0 23253
0 21922
0 23847
0 27036
0 21388
0 19161
0 38659
0 23504
0 23982
0 21667
0 19881
0 21363
0 22856
0 18126
0 20647
0 30508
0 31931
0 48821
0 31253
0 25335
0 19437
0 21042
0 23778
0 28865
0 19892
0 24313
0 19616
0 21082
0 18339
0 19899
0 23484
0 27905
0 24728
0 49364
0 23952
0 22964
0 23215
0 47093
0 18751
0 33269
0 22588
0 20121
0 26208
0 25148
0 19823
0 22545
0 31694
0 19110
0 20307
0 19824
0 27783
0 20530
0 21477
0 25464
0 23306
0 19216
0 22899
0 29084
0 19840
0 16708
0 20473
0 23624
0 22172
0 23093
0 24145
0 21873
0 24763
0 26902
0 22573
0 25956
0 29275
0 21607
0 18588
0 20417
0 28808
0 20335
0 21441
0 24870
0 23759
0 24546
1 65536
0 21235
0 20929
0 20720
0 30578
0 21349
0 28780
0 30646
0 24038
1 65536
0 21923
0 21630
0 22831
0 27675
0 38106
0 22512
0 20268
0 21086
0 17937
0 22036
0 20078
0 26291
0 22016
0 24450
0 21330
0 24328
0 29264
0 23577
0 22123
0 37832
0 18722
0 20939
0 24295
0 22976
0 24034
0 25370
0 27765
0 25136
0 26024
0 18817
0 22829
0 23940
0 23007
0 20817
0 19061
0 23204
0 18637
0 22579
0 23833
0 27758
0 24402
0 22464
0 26409
0 22681
0 21521
0 23211
0 59017
0 22372
0 18297
0 28064
0 19760
0 19363
0 19218
0 20056
0 18686
0 24859
0 21344
0 23621
0 21024
0 28664
0 48466
0 24209
0 20220
0 23545
0 21384
0 22572
0 22652
0 20235
0 20903
0 19835
0 20762
0 24941
0 23515
0 23705
0 21142
0 18732
0 24561
0 33818
0 22586
0 20317
0 21801
0 23326
0 33722
0 20161
0 22631
0 19189
0 20382
0 20204
0 51900
0 22024
0 17562
0 23849
0 31826
0 25257
0 20275
0 21640
0 21519
0 20330
0 20072
0 36874
0 42824
0 31267
0 30099
0 19438
0 19155
0 18307
0 34952
0 34209
0 23996
0 21872
0 21186
0 23962
0 22106
0 21971
0 20216
0 22966
0 19475
0 23869
0 21070
0 23888
0 18092
0 21382
0 18576
0 23404
0 20180
0 29197
0 22712
0 22340
0 29963
0 21927
0 20926
0 21379
0 20673
0 24028
0 24448
0 21214
0 30755
0 22529
0 20120
0 21158
0 21423
0 20847
0 24567
0 19549
0 27482
0 21387
0 19997
0 19070
0 20311
0 21930
0 23412
0 19813
0 19864
0 18984
0 21557
0 24555
0 21810
0 28516
0 24662
0 21347
0 22407
0 19762
0 22496
0 19934
0 42071
0 20632
0 23767
0 20830
0 18833
0 20469
0 22556
0 22425
0 31429
0 26424
0 22309
0 22675
0 20259
0 20601
0 23357
0 19955
0 24041
0 28486
0 18263
0 21602
0 18584
0 37869
0 24205
0 19797
0 20427
0 19781
0 21579
0 35466
0 28474
0 23522
0 18711
0 31372
0 25000
0 21529
0 22650
0 19079
0 20964
0 24140
0 21079
0 22149
0 28354
0 24161
0 20706
0 19412
0 20758
0 22237
0 24725
0 17796
0 19115
0 21933
0 19258
0 24362
0 20875
0 21317
0 24360
0 45699
0 24825
0 21704
0 20959
0 23435
0 21844
1 65536
0 44851
0 21123
0 20404
0 27038
0 24761
0 26315
0 21317
0 18359
0 20916
0 25005
0 20680
0 22602
0 24536
0 30343
0 21972
0 20765
0 18313
0 23955
0 19142
0 24272
0 23213
0 20944
0 28889
0 24512
0 20977
0 22216
0 16159
0 22919
0 22707
0 20144
0 22313
0 25726
0 19137
0 23108
0 21487
0 18769
0 21921
0 19237
0 25117
0 25684
0 20506
0 27088
0 16163
0 20431
0 20598
0 21955
0 17845
0 22912
0 23552
0 25225
0 20704
0 20215
0 19873
0 25639
0 24667
0 22256
0 22594
0 20503
0 24463
1 65536
0 45479
0 17998
0 19687
0 22119
0 18656
0 20873
0 23306
0 30027
0 23430
0 22257
0 20671
0 19636
0 20468
0 18817
0 20452
0 21215
0 40161
0 20330
0 20216
0 27220
0 24615
0 19987
0 21071
0 22856
0 28567
0 19407
0 35559
0 24016
0 16825
0 22326
0 22900
0 20681
0 23986
0 27616
0 18059
0 16476
0 21801
0 20991
0 22686
0 23242
0 23112
0 21837
0 20132
0 23769
0 21035
0 17905
0 17835
0 29908
0 21028
0 19715
0 21211
0 22339
0 21375
0 26463
0 20992
0 22557
0 20557
0 20713
0 40593
0 20030
0 20642
0 23479
0 20419
0 20085
0 20875
0 18317
0 22125
0 27422
0 22406
0 17075
0 18898
0 25770
0 24318
0 20835
0 20024
0 19966
0 24594
0 23743
0 23653
0 23933
0 22443
0 17009
0 23278
0 18916
0 19468
0 20391
0 32316
0 27934
0 20526
0 20166
0 19431
0 19726
0 19126
0 22901
0 22152
0 25866
0 19733
0 20528
0 23074
0 46177
0 21488
0 23816
0 34623
0 23113
0 21489
0 20023
0 21604
0 18926
0 22334
0 32099
0 21529
0 19724
0 19518
0 22806
0 20539
0 19254
0 19644
0 20869
0 24730
0 19499
0 28688
0 23343
0 24657
0 21714
0 28555
0 24491
0 23563
0 21110
0 23113
0 20339
0 22225
0 24627
0 24168
0 23653
0 23838
0 29906
0 20361
0 20496
0 21404
0 22073
0 20502
0 23609
0 25326
0 22503
0 21427
0 19558
0 29769
0 19215
0 22253
0 20062
0 27411
0 27634
0 25817
0 23244
0 25320
0 20170
0 22648
0 24635
0 19174
0 20031
0 20101
0 17247
0 20753
0 26805
0 21473
0 21432
0 23462
0 22457
0 22906
0 22195
0 41470
0 57454
0 24317
0 21413
0 28119
0 23556
0 20801
0 32947
0 21877
0 23050
0 19728
0 20461
0 23814
0 20152
0 23681
0 24521
0 17546
0 22061
0 20202
0 32217
0 22744
0 22045
0 23600
0 19153
0 21760
0 27180
0 25693
0 33039
0 21344
0 26620
0 20643
0 23366
0 20063
0 19358
0 22889
0 23048
0 20748
0 20866
0 27701
0 22843
0 39183
0 29550
0 21664
0 21216
0 21570
0 34471
0 21655
0 17426
0 25828
0 21194
0 18751
0 21390
0 20089
0 22868
0 25884
0 22046
0 19958
0 19417
0 29018
0 34635
0 20556
0 22505
0 19254
0 21666
0 23644
0 21668
0 19384
0 22857
0 34393
0 21984
0 21297
0 22103
0 21084
0 23108
0 24403
0 22571
0 22385
0 18798
0 22962
0 22960
0 18927
0 24021
0 20457
0 25014
0 21922
0 28008
0 27727
0 18923
0 26610
0 21932
0 18568
0 19837
0 21997
0 20968
0 18233
0 26702
0 19910
0 21391
0 22512
0 19018
0 23100
0 20011
0 20812
0 22501
0 20657
0 20751
0 23605
0 24415
0 22863
0 22036
0 17953
0 22377
0 21413
0 22936
0 23098
1 65536
0 23695
0 23443
0 22211
1 65536
0 39511
0 19038
0 23873
0 24410
0 21058
0 22702
0 23940
0 20151
0 24930
0 23826
0 21035
0 21958
0 28845
0 33266
0 24444
0 20272
0 22172
0 23768
0 20924
0 20716
0 17853
0 27370
0 19137
0 19640
0 25441
0 17496
0 29800
0 21735
0 23111
0 19127
0 21659
0 22773
0 24675
0 21352
0 19532
0 24446
0 21116
0 18363
0 25328
0 19712
0 22149
0 26448
0 22915
0 23273
0 23483
0 40335
0 22708
0 21997
0 22709
0 19210
0 19480
0 22845
0 17916
0 32656
0 34246
0 21007
0 26856
0 18552
0 20694
0 32759
0 28874
0 22752
0 23303
0 19244
0 23681
0 20551
0 26277
0 23478
0 22198
0 21949
0 27669
0 24329
0 22135
0 21714
0 25227
0 20965
0 26615
0 23543
0 22087
0 25036
0 29457
0 22214
0 31293
0 37719
0 31989
0 19585
0 24682
0 18119
0 20377
0 22439
0 21495
0 31167
0 18429
0 27526
0 19210
0 20683
0 36133
0 24339
0 18537
0 25242
0 21787
0 29260
0 20544
0 21148
0 20905
0 25377
0 21948
0 30362
0 17354
0 21270
0 21819
0 18711
0 19687
0 21886
0 19495
0 19402
0 20692
0 20425
0 23790
0 18048
0 22319
0 20786
0 21284
0 19130
0 22823
0 21045
0 29479
0 17692
0 20473
0 22493
0 26418
0 26548
0 19356
0 18198
0 28385
0 21012
0 21908
0 18946
0 24188
0 17615
0 18374
0 21599
0 23717
0 21065
0 22789
0 29159
0 27036
0 22720
0 27547
0 27817
0 20115
0 21542
1 65536
0 25830
0 22889
0 21622
0 18326
0 17926
0 21602
0 22548
0 24442
0 20515
0 19792
0 29693
0 47017
0 22267
0 31405
0 22337
0 42003
0 20373
0 21730
0 17895
0 21029
0 20501
0 24353
1 65536
0 24581
0 24153
0 20932
0 21092
0 37705
0 22554
0 19960
0 30146
0 19621
0 21452
0 21437
0 20513
0 22662
0 24705
0 20893
0 25142
0 28127
0 29225
0 23168
0 22386
0 22637
0 27664
0 24629
0 26199
0 19300
0 29014
0 22547
0 23328
0 20707
0 21524
0 29056
0 21409
0 21722
0 28451
0 25352
0 26902
0 21670
0 21296
0 18481
0 21710
0 21006
0 18475
0 24407
0 23491
0 24241
0 19784
0 18692
0 18519
0 21502
0 23523
1 65536
0 17720
0 20089
0 23691
0 19443
0 32820
0 22842
0 23751
0 21513
0 25377
0 22405
0 31069
0 21930
0 19835
0 23027
0 20599
0 19411
0 24648
0 22983
0 20166
0 22517
0 20631
0 21444
0 20056
0 22481
0 21213
0 39311
0 23887
0 21031
0 18285
0 20403
0 25595
0 25773
0 22575
0 21470
0 21109
0 19054
0 19415
0 19902
0 20942
0 31452
0 25348
0 24303
0 22509
0 23019
0 16441
0 24404
0 21199
0 20127
0 23582
0 20083
0 23865
0 21532
0 19486
0 22218
0 22555
0 22642
0 19470
0 18388
0 22251
0 21538
0 25682
0 27818
0 22348
0 20676
0 27135
0 24378
0 45924
0 26884
0 26595
0 23989
0 21837
0 20284
0 20856
0 22536
0 21447
0 27012
0 18840
0 20912
0 19564
0 60862
0 20473
0 24189
0 20445
0 25664
0 19950
0 21339
0 21458
0 20072
0 20343
0 20942
0 18186
0 19217
0 23708
0 21699
0 26769
0 20258
0 32334
0 23776
0 22862
0 23985
0 21620
0 19940
0 21859
0 19848
0 30871
0 23595
0 19982
0 24341
0 25118
0 19010
0 37794
0 21546
0 26082
0 23457
0 25670
0 23397
0 18406
0 19697
0 27727
0 18398
0 20638
0 20077
0 23104
0 23180
0 21169
0 35109
0 23954
0 16805
0 28648
0 22540
0 21059
0 21730
0 21991
0 18792
0 21362
0 20288
0 21023
0 16485
0 20348
0 28469
0 26632
0 22100
0 21689
0 20980
0 21318
0 21274
0 22065
0 24078
0 22899
0 21734
0 36402
0 20356
0 20488
0 21904
0 19682
0 25469
0 20598
0 26484
0 25641
0 20511
0 24261
0 19020
0 19788
0 21661
0 23037
0 21253
0 20546
0 21860
0 29381
0 25688
0 19826
0 22549
0 21261
0 24399
0 23827
0 20772
0 20664
0 39265
0 23011
0 18623
0 21938
0 20452
0 22432
0 21630
0 20432
0 19220
0 18418
0 23573
0 20087
0 20595
0 24810
0 19790
0 15803
0 24792
0 24179
0 25829
0 28603
0 28973
0 21199
0 23277
0 23776
0 19135
0 33117
0 21765
0 25040
0 16956
0 22866
0 27757
0 27953
0 20785
0 24627
0 29052
0 19525
0 22022
0 22745
0 21491
0 20714
0 20899
1 65536
0 21249
1 65536
0 20196
0 24952
0 21282
0 25630
0 23208
0 20604
0 24147
0 20817
0 17781
0 22412
0 21618
0 29189
0 42254
0 20919
0 20405
0 26860
0 23823
0 22132
0 21081
0 21649
0 26191
0 22192
0 19940
0 20788
0 31054
0 24467
0 21847
0 21587
0 23402
0 21529
0 20228
1 65536
0 21334
0 20431
0 20247
0 20051
0 21066
0 18940
0 21250
0 19995
0 20184
0 26696
0 23577
0 23404
0 40405
0 22558
0 25323
0 23582
0 21735
0 22441
0 28057
0 20736
0 24286
0 32791
0 42290
0 22055
0 15936
0 23212
0 20618
0 21127
0 23160
0 22014
0 22530
0 21785
0 22466
1 65536
0 18443
0 22743
0 24025
0 28988
0 31034
0 26499
0 22870
0 43892
0 22202
0 24829
0 21017
0 37797
0 21608
0 19148
0 24432
0 25405
0 21768
0 20127
0 21773
0 20742
0 24880
0 22078
0 30539
0 23915
0 30809
0 64303
0 19756
0 20504
0 23921
0 28638
0 20489
0 24751
0 23233
0 20636
0 16566
0 26100
0 22201
0 24651
0 21538
0 18101
0 20917
0 23035
0 24110
0 23512
0 26089
0 19850
0 21279
0 24689
0 18313
0 25222
0 23992
0 19960
0 19239
0 23187
0 19514
0 21976
0 24931
0 19454
0 18591
0 24355
0 22348
0 25438
0 21540
0 19591
0 20164
0 27456
0 23288
0 34671
0 24057
0 18549
0 22976
0 25809
0 19921
0 20068
0 19723
0 21833
0 24366
0 20222
0 17973
0 23205
0 23257
0 21795
0 23670
0 20190
0 34889
0 18451
0 23926
0 19168
0 24196
0 21708
0 25278
0 20266
0 34080
0 22179
0 22387
0 22686
0 41230
0 25084
0 42521
0 17290
0 20147
0 18636
0 24351
0 20543
0 23541
0 25812
0 22517
0 20446
0 21702
0 47190
0 17367
0 20395
0 19980
0 19736
0 24454
0 19791
0 21286
0 21502
0 26362
0 21837
0 20843
0 25446
0 41279
0 21774
0 31310
0 36695
0 22899
0 22618
0 23512
0 20779
0 18412
0 19635
0 26182
0 17684
0 22156
0 27230
0 24118
0 27727
0 24844
0 29871
0 23938
0 36143
0 24397
0 31683
0 19570
0 20763
0 23038
0 20843
0 29013
0 24011
0 21085
0 24167
0 30931
0 19582
0 19461
0 37115
0 24815
0 33554
0 21703
0 31686
0 26356
0 25762
1 65536
0 53557
0 22816
0 23047
0 27045
0 20472
0 20000
0 18501
0 18807
0 23349
0 23149
0 19494
0 20139
0 18968
0 28748
0 19536
0 25015
0 18326
0 22376
0 24244
0 19726
0 23791
0 19938
0 24250
0 29594
0 21315
0 23135
0 43210
0 20010
0 19573
0 31218
0 25753
0 21118
0 18227
0 18698
0 22095
0 21096
0 19992
0 27719
0 19636
0 24093
0 20500
0 21010
0 26846
0 19796
0 25960
0 26543
0 20207
0 22477
0 32048
0 19966
0 16724
0 21017
0 23340
0 24228
0 30991
0 24318
0 22019
0 21620
0 29063
0 20718
0 22776
0 29085
0 19402
0 22002
1 65536
0 21296
0 24823
0 19145
0 18855
0 36212
0 21545
0 37207
0 20133
0 33431
0 20963
0 25926
0 20229
0 31854
0 20761
0 34596
0 23760
0 21768
0 23462
0 22730
0 24380
0 21891
0 20728
0 28804
0 27817
0 20745
0 23135
0 25338
0 21790
0 23128
0 22334
0 22928
0 36376
0 21493
0 28106
0 20507
0 23769
0 25481
0 18971
0 21287
0 21197
0 24103
0 21118
0 23816
0 20431
0 21153
0 22529
0 20921
0 23133
0 23706
0 26674
0 18214
0 23452
0 21341
0 20493
0 21103
0 22231
0 19879
0 22571
0 19264
0 23254
0 29313
0 18906
0 21445
0 23879
0 19493
0 20060
0 20113
0 23937
0 19981
0 19353
0 21838
0 22272
0 22112
0 20729
0 21691
0 25297
0 25432
0 22702
0 28858
0 18913
0 19988
0 27703
0 19051
0 21448
0 38632
0 23525
0 21635
0 18243
0 19968
0 25062
0 23653
0 19927
0 24293
0 21133
0 22078
0 22796
0 29882
0 20378
0 22141
0 21432
0 17207
0 20686
0 21652
0 22427
0 25862
0 25828
0 20934
0 23114
0 20095
0 20662
0 27691
0 22987
0 22792
0 22997
0 18868
0 19804
0 21711
0 19707
0 20161
0 19835
0 19516
0 21407
0 21734
0 22013
0 34220
0 23613
0 17953
0 25630
0 20361
0 21643
0 29708
0 22682
0 21314
0 16796
0 21317
0 21008
0 21981
0 24348
0 44406
0 21348
0 23410
0 21365
0 24685
0 21393
0 23849
0 23124
0 17903
0 21079
0 19071
0 23683
0 39132
0 27273
0 20695
0 21703
0 20439
0 26320
0 45368
0 27796
0 18554
0 19876
0 20840
0 24826
0 28482
0 26611
0 24743
0 19889
0 21672
0 21869
0 21748
0 21416
0 29681
0 22855
0 20813
0 31097
0 23064
0 18522
0 21187
0 20308
0 19880
0 21042
0 22207
0 21037
0 22859
0 19333
0 21282
0 21920
0 23968
0 27856
0 20514
0 20796
0 19745
0 21420
0 23114
0 16629
0 22135
0 23683
0 18705
0 28422
0 23678
0 22331
0 24061
0 22066
0 21609
0 21693
0 26395
0 18739
0 23318
0 22223
0 28406
0 20529
0 24627
0 19733
0 24018
0 25183
0 20215
0 16788
0 21307
0 23997
0 22222
0 27626
0 23072
0 23956
0 26263
0 21875
0 29026
0 24723
0 23202
0 56930
0 29844
0 24018
0 58469
0 44810
0 23262
0 23674
0 24179
0 17578
0 18573
0 22384
0 20760
0 28585
0 25317
0 24428
0 20265
0 19705
0 21564
0 20823
0 19299
0 22260
0 20517
0 24578
0 19408
0 18160
0 17813
0 22084
0 22629
0 17584
0 19812
0 23374
0 19617
0 22438
0 22140
0 25740
0 21901
0 23122
0 24163
0 23954
0 23166
0 29983
0 21566
0 22717
0 24274
0 29169
0 18098
0 21352
0 18392
0 26586
0 22012
0 21098
0 18943
0 19522
0 28666
0 19288
0 22346
0 21398
0 20728
0 29751
0 22237
0 25690
0 24746
0 15906
0 19734
0 19039
0 24559
0 21811
0 22974
0 25280
0 23181
0 20991
0 19074
0 18257
0 22196
0 20211
0 20579
0 20359
0 18998
0 27562
0 18126
0 18550
0 29847
0 25026
0 24753
0 22392
0 25659
0 28609
0 20286
0 24184
0 22146
0 19979
0 19389
0 20022
0 23175
0 21591
0 20787
0 27051
0 19218
0 19055
0 24385
0 19687
0 19993
0 25905
0 22410
0 34988
0 22222
0 23112
0 21357
0 26712
0 22560
0 22867
0 18552
0 19115
0 29984
0 20998
0 22498
0 18431
0 20849
0 55575
0 25513
0 18585
0 20293
0 19534
0 19131
0 20047
0 17464
0 20817
0 20523
0 19691
0 25027
0 22699
0 45444
0 23423
0 21426
0 23069
0 23547
0 25273
0 22694
0 30651
0 21029
0 21940
0 21768
0 27112
0 52899
0 20930
0 20277
0 20234
0 17706
0 25306
0 27059
0 21883
0 21427
0 24290
0 21081
0 19038
0 19949
0 21792
0 26164
0 24007
0 20818
0 24194
0 26027
0 19736
0 24390
0 22909
0 21001
0 19196
0 21485
0 18005
0 25145
0 18300
0 22553
0 20465
0 21630
0 21533
0 18513
0 22464
0 26768
0 16483
0 19139
0 24517
0 19733
0 20762
0 20601
0 17851
0 21920
0 35436
0 19295
0 17433
0 21475
0 29760
0 21956
0 18085
0 25137
0 29079
0 21779
0 27766
0 22524
0 26733
0 16516
0 21437
0 19639
0 21699
0 19289
0 28330
0 22949
0 21734
0 19716
0 21464
0 19761
0 19606
0 26319
0 23796
0 23608
0 20604
0 20168
0 21430
0 19915
0 20474
0 20365
0 18113
0 23572
0 26215
0 22701
0 20018
0 21617
0 13958
0 19727
0 29146
0 23889
0 20558
0 31977
0 21925
0 24114
0 20737
0 18380
0 25646
0 23961
0 19901
0 29441
0 20576
0 22962
0 17598
0 31927
0 19617
0 18923
0 21578
0 32240
0 17436
0 31630
0 22229
0 21899
0 22357
0 19790
0 23214
0 25579
0 26616
0 21512
0 24478
0 20415
0 22406
0 20455
0 23456
0 37145
0 21437
0 23093
0 27183
0 20639
0 24044
0 20591
0 21149
0 27410
0 19173
0 18274
0 21481
0 25027
0 24061
0 22556
0 22147
0 20373
0 22606
0 18937
0 22309
0 20432
0 18459
0 23589
0 21721
0 15880
0 20355
0 18843
0 22343
0 23984
0 21429
0 20887
0 20325
0 20855
0 19950
0 22304
0 20842
0 24086
0 39941
0 32453
0 20403
0 27808
0 23402
0 26711
0 20323
0 23721
0 20525
0 26880
0 18231
0 20337
0 24748
0 25705
0 19888
0 21666
0 23622
0 20229
0 17417
0 23864
0 20482
0 21579
0 22314
0 18692
0 20409
0 21149
0 19966
0 24966
0 21666
0 19003
0 20109
0 21688
0 22832
0 21623
0 21714
0 18971
0 28347
0 31207
0 19378
0 22241
0 24117
0 24282
0 33051
0 20477
0 18801
0 21783
0 21327
0 20610
0 33999
0 25145
0 21385
0 26808
0 20944
0 29542
0 19530
0 24174
0 19947
0 25187
0 20853
0 35928
0 23839
0 20846
0 19946
0 19180
0 20297
0 24135
0 26215
0 22307
0 18414
0 27300
0 19233
0 22308
0 23856
0 36991
0 20900
0 22545
0 32491
0 23800
0 20557
0 25214
0 22163
0 22705
0 20567
0 18719
0 24715
0 16993
0 24540
0 20557
0 22364
0 23758
0 21219
0 21793
0 21646
0 25742
0 39669
0 25347
0 18800
0 19880
0 20189
0 34577
0 25724
0 18721
0 19484
0 20684
0 22287
0 22090
0 27793
0 21526
0 21853
0 24872
0 23495
0 19610
0 28788
0 22843
0 21947
0 24264
0 21661
0 26422
0 18264
0 31315
0 30925
0 19389
0 20897
0 19462
0 21994
0 18480
0 25243
0 19559
0 26995
0 21341
0 28164
0 15874
0 24251
0 19716
0 24516
0 21146
0 20995
0 18452
0 19920
0 18848
0 29791
0 31825
0 21440
1 65536
0 18298
0 39051
0 22817
0 23439
0 22869
0 20993
0 35356
0 23776
0 19836
0 17852
0 23126
0 26906
0 18988
0 22188
0 19106
0 22852
0 21273
0 23028
0 22069
0 19213
0 20022
0 25584
0 18551
0 20854
0 20828
0 20449
0 21531
0 24783
0 19859
0 20317
0 22125
0 20271
0 25124
0 22854
0 32271
0 18139
0 21215
0 25168
0 22717
0 22478
0 28838
0 22725
0 23243
0 20386
0 27173
0 22013
0 20903
0 25450
0 30897
0 20295
0 21864
0 19994
0 23127
0 20836
0 18022
0 27635
0 22213
0 24402
0 20605
0 21286
0 26442
0 29477
0 21364
0 20237
0 60749
0 25129
0 20274
0 20674
0 22103
0 33304
0 20982
0 18443
0 20788
0 39018
0 23072
0 20257
0 21499
0 25728
0 21397
0 22896
0 20599
0 31374
0 24402
0 19646
0 18428
0 25361
0 24118
0 23797
0 24165
0 20013
0 19967
0 22736
0 30634
0 26953
0 21327
0 25405
0 23835
0 23094
0 20832
0 20148
0 20455
0 22071
0 17695
0 24002
0 22391
0 22422
0 23276
0 25013
0 21629
0 20695
0 20396
0 20290
0 21230
0 19012
0 18821
0 21729
0 20380
0 31739
0 22253
0 24024
0 22677
0 20855
0 20733
0 18781
0 21693
0 27820
0 21196
0 22530
0 22016
0 21785
0 20760
0 21118
0 20254
0 26171
0 22122
0 24041
0 19852
0 25814
0 32864
0 33460
0 21789
0 21403
0 24884
0 21623
0 20938
0 22942
0 20468
0 23099
0 19646
0 21371
0 20299
0 22965
0 18088
0 16733
0 21095
0 29666
0 28007
0 22990
0 19808
0 36523
0 17560
0 19443
0 22443
0 22535
0 20154
0 19912
0 23965
0 22787
0 32810
0 22883
0 27697
0 19157
0 24214
0 18259
0 22960
0 19288
0 25182
0 35855
0 31318
0 18596
0 22446
0 23562
0 21968
0 26252
0 22602
0 21412
0 22676
0 19992
0 25170
0 33850
0 20810
0 21864
0 22870
0 21497
0 21152
0 21979
0 22972
0 19019
0 23834
0 21824
0 20771
0 20004
0 20456
0 20444
0 22070
0 23248
0 43953
0 26826
0 19142
0 35305
0 21552
0 23517
0 22778
0 22604
0 20147
0 26415
0 26672
0 20326
0 24891
0 35257
0 18779
0 19922
0 25853
0 23424
0 19056
0 15798
0 25042
0 18216
0 46559
0 22916
0 22425
0 18405
0 23085
0 22493
0 21683
0 26875
0 48810
0 21634
0 21198
0 22386
0 20991
0 23178
0 21024
0 21726
0 20859
0 18572
0 25249
0 21553
0 20377
0 20399
0 25628
0 21872
0 20037
0 18980
0 21262
0 22059
0 20417
0 21485
0 19667
0 19828
0 24204
0 21295
0 24974
0 22002
0 20986
0 22217
0 21066
0 23274
0 23718
0 20213
0 19922
0 20696
0 28127
0 23883
0 23172
0 20855
0 22262
0 21820
0 30242
0 19320
0 22470
0 22058
0 24884
0 21320
0 29166
0 24627
0 18103
0 26371
0 20150
0 17421
0 26140
0 26571
0 20570
0 30536
0 36343
0 53341
0 22002
0 26563
0 29836
0 33856
0 29425
0 25987
0 21128
0 21766
0 19574
0 17531
0 21889
0 24189
0 27444
0 19277
0 19120
0 18123
0 19535
0 20050
0 19398
0 22421
0 23977
0 26525
0 22543
0 21051
0 22149
0 18451
0 23262
0 18078
0 29254
0 20851
0 22208
0 21219
0 22687
0 30859
0 19630
0 20211
0 17945
0 20026
0 19522
0 27551
0 22938
0 18722
0 22624
0 23577
0 27644
0 21671
0 20529
0 23218
0 20724
0 20456
0 18939
0 27953
0 20642
0 20117
0 20594
0 20997
0 35857
0 21655
0 23190
0 21231
0 25989
0 21915
0 24206
0 19838
0 19981
0 24137
0 25511
0 21685
0 26931
0 20532
0 19071
0 17677
0 18674
0 23912
0 32483
0 19377
0 24228
0 28048
0 18881
0 22833
0 29355
0 21073
0 29380
0 19142
0 27416
0 24917
0 21786
0 21100
0 20736
0 19404
0 21212
0 37364
0 25978
0 19736
0 22161
0 23942
0 20172
0 58019
0 26122
0 20876
0 21887
0 20616
0 32534
0 32678
0 21027
0 22883
0 55087
0 20958
0 26492
0 22619
0 24663
0 64249
0 21500
0 23455
0 31013
0 28054
0 21501
0 19896
0 23122
0 19216
0 22110
0 22738
0 24799
0 21156
0 21894
0 20894
0 43906
0 30976
0 20864
0 20932
0 21350
0 35866
0 20483
0 14201
0 24848
0 21410
0 19637
0 23929
0 21884
0 21555
0 18228
0 26102
0 19571
0 25159
0 24230
0 22278
0 20963
0 27542
0 20285
0 19667
0 35710
0 27946
0 20953
0 26484
0 18581
0 17460
0 22608
0 22359
0 20786
0 20945
0 21476
0 25531
0 18863
0 28451
0 21081
0 18982
0 25515
0 22860
0 21943
0 19453
0 23992
0 21671
0 25066
0 26263
0 23519
0 19548
0 49602
0 27236
0 22494
0 25587
0 24175
0 23604
0 28701
0 32843
0 39698
0 32229
0 20167
0 20085
0 20012
0 27282
0 39891
0 21955
0 17948
0 21290
0 17878
0 20383
0 20078
0 20726
0 22207
0 27528
0 37771
0 20499
0 20137
0 19663
0 19552
0 19661
0 28548
0 22914
0 22928
0 37638
0 20088
0 21453
0 24199
0 17534
0 21889
0 22364
0 39428
0 21679
0 26345
0 20358
0 20017
0 29610
0 24606
0 30018
0 22692
0 20645
0 24061
0 19651
0 22483
0 21433
0 21433
0 20256
0 23526
0 22707
0 21623
0 19676
0 20103
0 29698
0 27352
0 25242
0 20413
0 22859
0 23327
0 24054
0 29372
0 19411
0 22475
0 23446
0 20039
0 22438
0 19988
0 23009
0 21832
0 24008
0 23569
0 30985
0 20868
0 38285
0 26050
0 19979
0 48071
0 19705
0 19406
0 19493
0 18005
0 19526
0 25552
0 21995
0 23417
0 24357
0 19674
0 21214
0 23553
0 22337
0 20937
0 27190
0 24629
0 19644
0 22142
0 36146
0 21698
0 19458
0 21556
0 28515
0 22156
0 22675
0 24749
0 19795
0 19213
0 20156
0 20180
0 31495
0 22169
0 20019
0 28028
0 19925
0 34176
0 24785
0 23006
0 37925
0 22796
0 47575
0 23142
0 21009
0 25916
0 29895
0 19798
0 21067
0 20327
0 21078
0 23269
0 15994
0 20674
0 23049
0 18695
0 20581
0 21824
0 23471
0 25767
0 23282
0 22574
0 18772
0 19355
0 22586
0 30576
0 23222
0 19390
0 24525
1 65536
0 23414
0 15809
0 30676
0 27101
0 24926
0 17109
0 21897
0 21236
0 21584
0 21867
0 21723
0 23027
0 17136
0 30667
0 25308
0 19398
0 20628
0 38835
0 22944
0 30802
0 23300
0 23761
0 23364
0 21433
0 23174
0 20490
0 20167
0 34380
0 27468
0 23329
0 21386
0 23973
0 30934
0 21357
0 19030
0 18465
0 18926
0 23065
0 18168
0 22344
0 21143
0 17058
0 22197
0 21554
0 24956
0 21521
0 19275
0 23104
0 19874
0 20788
0 28254
0 21521
0 23864
0 21833
0 21253
0 21360
0 18808
0 20619
0 22613
0 19972
0 30111
0 22930
0 19844
0 31469
0 21265
0 23277
0 21265
0 23030
0 20327
0 23845
0 19804
0 21546
0 21684
0 28810
0 24553
0 20404
0 21733
0 21495
0 20653
0 24042
0 23314
0 22842
0 37261
0 22218
0 18192
0 20742
0 36354
0 18847
0 19867
0 27504
0 27715
0 27055
0 30221
0 14966
0 21777
0 18974
0 21412
0 23614
0 20302
0 21049
0 25169
0 29232
1 65536
0 19905
0 22089
0 21869
0 18188
0 20576
0 23050
0 24914
0 21591
0 26638
0 23058
0 23274
0 20989
0 20398
0 43517
0 21135
0 30068
0 26463
0 44051
0 22425
0 26769
0 22736
0 23779
0 24952
0 21225
0 21343
0 20996
0 21576
0 20805
0 26473
0 24289
0 22669
0 18333
0 18036
0 25561
0 17311
0 22222
0 23793
0 22326
0 26205
0 21044
0 19508
0 22392
0 24729
0 27390
0 21738
0 20588
0 20464
0 29828
0 25495
0 23971
0 27303
0 19177
0 24018
0 28887
0 21066
0 17855
0 21461
0 24901
0 20187
0 22735
0 23459
0 21035
0 28412
0 24394
0 56230
0 21905
0 23415
0 19504
0 20660
0 21114
0 23039
0 30535
0 27541
0 21541
0 19068
0 19882
0 23223
0 19656
0 22806
0 25969
0 21674
0 25189
0 21541
0 17409
0 20062
0 25897
0 45384
0 29034
0 22528
0 23225
0 22813
0 20488
0 28054
0 18543
0 21426
0 19857
0 22669
0 24415
0 23354
0 20936
0 21746
0 21358
0 17454
0 23370
1 65536
0 23671
0 23157
0 23183
0 21446
0 20033
0 18959
0 28325
0 20579
0 23069
0 20722
0 24361
0 25703
0 19552
0 21836
0 18801
0 18263
0 19612
0 19336
0 18703
0 20389
0 29951
0 18191
0 22214
0 22439
0 20164
0 27514
0 20424
0 17528
0 19309
0 21052
0 18963
0 16063
0 21283
0 18664
0 19029
0 22007
0 20153
0 22261
0 25051
0 22085
0 31762
0 26902
0 23141
0 19563
0 22780
0 19094
0 25213
0 23700
0 21462
0 27550
0 20623
0 21333
0 19560
0 17462
0 24954
0 19780
0 17861
0 19201
0 20751
0 20253
0 21007
0 23418
0 20464
0 41830
0 17993
0 20618
0 22354
0 22480
0 25817
0 42788
0 20852
0 23696
0 21785
0 21692
0 23612
0 21240
0 20317
0 20588
0 24298
0 19334
0 20972
0 30897
0 26697
0 19623
0 25230
0 24809
0 22842
0 36018
0 18999
0 23806
1 65536
0 18954
0 18874
0 22172
0 36542
0 27812
0 24129
0 18555
0 22172
0 20096
0 17999
0 18243
0 23633
0 26477
0 24751
0 19811
0 19464
0 20229
0 21719
0 19279
0 21806
0 24893
0 25925
0 24044
0 22335
0 20959
0 23584
0 21543
0 19742
0 23695
0 21854
0 19636
0 53825
0 24417
0 21711
0 23742
0 24610
0 19396
0 22190
0 23784
0 20807
0 21929
0 19073
0 24853
0 21758
0 21746
0 23305
0 20684
0 23941
0 18362
0 23064
0 18523
0 36891
0 21244
0 24088
0 18052
0 20011
0 30065
0 27457
0 16755
0 19875
0 23477
0 25243
0 20936
0 18635
0 19258
0 22684
0 23493
0 30452
0 19692
0 34858
0 19866
0 18449
0 23523
0 20435
0 21726
0 29694
0 24796
0 21743
0 20288
0 20543
0 27082
0 22417
0 21131
0 23500
0 20448
0 22667
0 21595
0 27019
0 20159
0 22226
0 27763
0 26194
1 65536
0 19357
0 20703
0 21391
0 21417
0 21836
0 19245
0 23382
0 17440
0 21926
0 24217
0 22141
0 33425
0 20246
0 23175
0 21760
0 20634
0 20361
0 21077
0 22778
0 29924
0 19901
0 25119
0 24683
0 21392
0 22985
0 18748
0 22961
0 18591
0 25546
0 22230
0 18735
0 25493
0 22151
0 21540
0 25758
0 21179
0 21741
0 20988
0 24553
0 20510
0 31250
0 25816
0 20971
0 18190
0 25241
0 48236
0 23487
0 22660
0 20074
0 26773
0 19027
0 19086
0 21268
0 24424
1 65536
0 20187
0 24130
0 20459
0 19962
0 20665
0 22754
0 22614
0 21308
0 17460
0 21514
0 20996
0 23890
0 24180
0 26679
0 20898
0 22602
0 22098
0 20963
0 18833
0 22625
0 25300
0 19308
0 22452
0 21844
0 27271
0 22723
0 25036
0 42863
0 21893
0 20902
0 21233
0 22917
1 65536
0 21375
0 22571
0 21584
0 21700
0 17829
0 21515
0 22147
0 18365
0 23117
0 20203
0 22992
0 20288
0 22201
0 21013
0 21352
0 23849
0 20123
0 22661
0 49872
0 22408
0 28882
0 20850
0 31027
0 29636
0 21880
0 20532
0 21588
0 33855
0 17549
0 19944
0 26232
0 19116
0 29841
0 51325
0 20466
0 20436
0 22679
0 22919
0 22724
0 36359
0 20665
0 20951
0 26515
0 22796
0 24448
0 21100
0 30468
0 22818
0 21986
0 25265
0 20217
0 21757
0 21129
0 23225
0 41732
0 28544
0 27855
0 21784
0 19395
0 22226
0 23784
0 27534
0 32263
0 18501
0 25068
0 22554
0 35257
0 23487
1 65536
0 21188
0 26284
0 17709
0 20129
0 23520
0 27499
0 15352
0 24301
0 23245
0 23970
0 20377
0 21616
0 21018
0 21264
0 20780
0 31594
0 26561
0 21723
0 20588
0 24115
0 20058
0 32600
0 19069
0 31808
0 22257
0 23387
0 21169
0 26599
0 19408
0 22886
0 37843
0 20711
1 65536
0 17607
0 20355
0 25035
0 21490
0 57452
0 41344
0 19813
0 25510
0 26810
0 22812
0 23849
0 39921
0 18822
0 24507
0 21022
0 28376
0 24023
0 23090
0 18318
0 19431
0 19779
0 18757
0 20144
0 21592
0 20715
0 22481
0 24308
0 25440
0 20131
0 24225
0 20525
0 23975
0 21366
0 21140
0 21390
0 18833
0 20613
0 19366
0 28762
0 22912
0 20092
0 20664
0 24443
0 23073
0 20099
0 20289
0 24159
0 22905
0 24884
0 17811
0 18154
0 41789
0 17659
0 23019
0 18933
0 20766
0 19155
0 21464
0 18465
0 20465
0 22843
0 18385
0 61944
0 22546
0 20934
0 22993
0 21762
0 25390
0 21842
0 28697
0 21320
0 22173
0 20319
0 22765
0 18917
0 24979
0 23422
0 23398
0 18085
0 20826
0 28425
0 31762
0 22105
0 16970
0 22269
0 22243
0 18379
0 19464
0 29216
0 32144
0 20699
0 20963
0 19348
0 22266
0 19538
0 20309
0 20914
0 20942
0 23587
0 27612
0 20630
0 23394
0 21468
0 22960
0 22928
0 36201
0 21509
0 30883
0 23662
0 24033
0 31243
0 29963
0 25408
0 22037
0 20336
0 22427
0 23663
0 23588
0 27363
0 20676
0 26814
0 29522
0 18593
0 24083
0 24223
0 22531
0 21513
0 20366
0 23931
0 22463
0 26234
0 20029
0 18072
0 20572
0 22190
0 29151
0 20171
0 30714
0 25354
0 22597
0 22744
0 17557
0 22904
0 24276
0 19342
0 32121
0 22981
0 24674
0 33105
0 21524
0 23620
0 30395
0 17730
0 18002
0 23678
0 21087
0 21787
0 21741
0 21722
0 18723
0 20273
0 19854
0 27199
0 18594
0 25465
0 21859
0 23240
0 27819
0 16217
0 20487
0 21466
0 26794
0 21728
0 22220
0 21483
0 20470
0 22594
0 23019
0 29720
0 28117
0 27082
0 22336
0 22139
0 22929
0 25233
0 32692
0 35121
0 25872
0 23756
0 22795
0 24070
0 21110
0 26628
0 21740
0 21890
0 20404
0 21765
0 20778
0 24212
0 23339
0 23758
0 23231
0 26114
0 25161
0 20412
0 22479
0 29414
0 27568
0 22371
0 19436
0 21242
0 16670
0 22095
0 21009
0 20478
0 18559
0 19517
0 19347
0 24257
0 25622
0 24225
0 25742
0 21750
0 21654
0 30436
0 24153
0 23062
0 20810
0 22414
0 25080
0 22616
0 28081
0 30088
0 23754
0 24509
0 20476
0 28202
1 65536
0 22414
0 25079
0 22760
0 19810
0 24153
0 31046
0 25428
0 19510
0 22557
0 18089
0 21864
0 18058
0 20616
0 20532
0 23871
0 23383
0 23379
0 28360
0 23675
0 18186
0 16639
0 26361
0 21017
0 43266
0 23614
0 21809
0 28906
0 24690
0 19585
0 33530
0 21413
0 24765
0 23607
0 24557
0 21274
0 18123
0 20978
0 20713
0 20220
0 18249
0 20453
0 25848
0 23510
0 20199
0 50009
0 17951
0 19670
0 19215
0 21561
0 20778
0 22492
0 21354
0 23782
0 28599
0 21344
0 24240
0 19869
0 23255
0 22571
0 21376
0 36372
0 26495
0 24234
0 22435
0 20745
0 20117
0 29475
0 20160
0 21228
0 20101
0 24359
0 22945
0 26006
0 19395
0 23209
0 36272
0 21686
0 25701
0 23396
0 21131
0 20370
0 29226
0 22393
0 61740
0 21292
0 26065
0 20399
0 21858
0 20060
0 19976
0 22872
0 21319
0 22584
0 29750
0 20466
0 23477
0 24352
0 22413
0 21471
0 26188
0 19280
0 24123
0 18266
0 21045
0 19869
0 20178
1 65536
0 20575
0 21929
0 20232
0 21908
0 21371
0 20008
0 20764
0 23768
0 22250
0 23437
0 32970
0 20505
0 20945
0 23028
0 21379
0 18525
0 22594
0 27759
0 18125
0 21745
0 18660
0 18769
0 18224
0 19696
0 19074
0 20380
0 20706
0 21857
0 20943
0 21278
0 21543
0 17712
0 20766
0 22876
0 54113
0 18141
1 65536
0 31606
0 19848
0 21133
0 21386
0 21604
0 27088
0 21684
0 43504
0 22271
0 17319
0 20818
0 33905
0 24199
0 20154
0 20406
0 28956
0 22816
0 23580
0 20012
0 22272
0 43071
0 19720
0 20798
0 19263
0 22870
0 23599
0 21975
0 18529
0 20694
0 25191
0 20987
0 25271
0 19029
0 21036
0 22425
0 27006
0 21420
0 18526
0 22254
0 23259
0 27429
0 27738
0 19267
0 20339
0 18885
0 19839
0 19417
0 23129
0 24595
0 23235
0 21174
0 21626
0 25979
0 19660
0 20274
0 20886
0 23417
0 20408
0 18110
0 23853
0 27323
0 31399
0 21006
0 24778
0 22320
0 21556
0 33235
0 22016
0 21558
0 24364
0 19658
0 21509
0 21687
0 23286
0 50085
0 25918
0 19388
1 65536
0 19403
0 44861
0 19860
0 19088
0 21481
0 24456
0 41689
0 23116
0 20025
0 21176
0 21385
0 24062
0 22999
0 20390
0 22072
0 23216
0 18904
0 20418
0 20428
0 20800
0 21057
0 21819
0 20560
0 21844
0 25361
0 20819
0 20425
0 61900
0 25868
0 21893
0 22677
0 20165
0 21178
0 23761
0 20645
0 26462
0 27144
0 24141
0 22696
0 22788
0 19937
0 19064
0 25888
0 20777
0 26141
0 19672
0 19245
0 18923
0 22693
0 18717
0 21137
0 22342
0 29925
0 21050
0 29095
0 19778
0 27172
0 21205
0 19851
0 27163
0 20241
0 22029
0 22929
0 21822
0 22029
0 21903
0 19787
0 19554
0 19164
0 30467
0 24676
1 65536
0 20050
0 21681
0 18140
0 23053
0 25375
0 26673
0 19982
0 25457
0 23306
0 21590
0 43638
0 20749
0 21042
0 22472
0 23319
0 24055
0 21633
0 19664
0 22162
0 22074
0 29263
0 21094
0 23335
0 20989
0 25916
0 19642
0 21537
0 19985
0 23181
0 19467
0 18600
0 24144
0 19982
0 22379
0 21403
0 19322
0 23219
0 25622
0 21242
0 20036
0 23465
0 24953
0 23040
0 19547
0 21422
0 20864
0 19538
0 20624
0 22095
0 23611
0 22309
0 32644
0 19869
0 21808
0 30727
0 40477
0 19311
0 28362
0 18942
0 28934
0 21651
0 24492
0 24525
0 19761
0 19629
0 19950
0 19472
0 20256
0 21587
0 22194
0 21709
0 23711
0 20971
0 22986
0 22642
0 20754
0 20730
0 23102
0 19462
0 20544
0 19826
0 24861
0 19708
0 20350
0 19617
0 28091
0 21545
0 23429
0 19124
0 44025
0 22336
0 20560
0 27659
0 28948
0 21228
0 23983
0 19969
0 21888
0 31482
0 20966
0 19796
0 25239
0 22543
0 20952
0 23202
0 29022
0 19863
0 23544
0 20482
0 22129
0 22783
0 20926
0 24825
0 22660
0 23914
0 38440
0 24521
0 23272
1 65536
0 33429
0 22801
0 20445
0 23468
0 20678
0 23002
0 19409
0 18994
0 30793
0 24142
1 65536
0 27701
0 19646
0 24525
0 20112
0 21472
0 23724
0 27733
0 20659
0 22873
0 18522
0 20189
0 21013
0 27988
0 22981
0 22307
0 25709
0 29107
0 25350
0 24470
0 19569
0 29195
0 21200
0 23004
0 22584
0 20339
0 19484
0 18195
0 23796
0 23041
0 22197
0 31735
0 20385
0 23787
0 24146
0 19088
0 28756
0 20460
0 19326
0 20505
0 25970
0 52254
0 38637
0 21732
0 22375
0 32713
0 21352
0 23465
0 22302
0 22840
0 24963
0 25079
0 21365
0 26824
0 20124
0 21896
0 18778
0 22434
0 22225
0 27869
0 19689
0 19728
0 21346
0 28635
0 25255
0 21586
0 21558
0 23285
0 20722
0 21862
0 22991
0 23178
0 20840
0 23073
0 18972
0 20235
0 23268
0 22274
0 24244
0 19667
0 25967
0 23149
0 20823
0 43419
0 39425
0 27027
0 24438
0 24558
0 20749
0 22939
0 26322
0 24235
0 22483
0 20068
0 19230
0 24999
0 24406
0 20840
0 27631
0 21825
0 21541
0 24461
0 21368
0 22230
0 17567
0 23049
0 23785
0 17650
0 48029
0 21393
0 21219
0 22680
0 21684
0 18241
0 24127
0 20702
0 18621
0 21063
0 20475
0 24783
0 27961
0 31804
0 22334
0 20709
0 36822
0 20507
0 22839
0 21459
0 30751
0 20363
0 24357
0 28661
0 27281
0 19104
0 19959
1 65536
0 19492
0 22447
0 20670
0 21697
0 20026
0 52811
0 23078
0 22234
0 21248
0 19177
0 19831
0 19729
0 20029
0 25244
0 17676
0 20493
0 19455
0 20092
0 22309
0 21808
0 19355
0 19268
0 22751
0 25477
0 19201
0 26933
0 23602
0 22955
0 32010
0 22362
0 23863
0 23994
0 21181
0 20931
0 21955
0 24923
0 28231
0 51074
0 18209
0 21960
0 21723
0 18675
0 25074
0 21309
0 18452
0 20876
0 22179
0 19755
0 21871
0 20096
0 22800
0 18761
0 20723
0 21168
0 21284
0 19626
0 21139
0 22373
0 30148
0 22328
0 22475
0 19770
0 29211
0 20484
0 24406
0 25978
0 33402
0 19958
0 21157
0 18189
0 18155
0 32784
0 24168
0 25216
0 20468
0 21055
0 21255
0 22307
0 22051
0 20909
0 18536
0 21413
0 21110
0 24584
0 19884
0 20246
0 33699
0 42116
0 26680
0 21160
0 19858
0 20935
0 20472
0 23361
0 23859
0 20941
0 23176
0 22184
0 20758
0 22088
0 22791
0 27451
0 24001
0 25230
0 19180
0 22855
0 24628
0 25923
0 22598
0 26033
0 23139
0 24323
0 25357
0 20108
0 20873
0 17485
0 23857
0 21866
0 20306
0 20361
0 20118
0 25195
0 21751
0 20175
0 20241
0 18831
0 20715
0 22955
0 20708
0 19245
0 22429
0 27298
0 21886
0 19106
0 22992
0 20281
0 27936
0 22353
0 19150
0 20587
0 27108
0 33780
0 22541
0 16685
0 22645
0 28099
0 25045
0 20166
0 21895
0 33409
0 25218
0 20805
0 20947
0 18952
0 26618
0 22267
0 22120
0 18643
0 21817
0 18947
0 22532
0 20752
0 22632
0 21706
0 21897
0 19941
0 35803
0 17597
0 20380
0 22480
0 24032
0 20946
0 21445
0 21932
0 19514
0 22532
0 24485
0 21117
0 19271
0 21343
0 20151
0 19789
0 20428
0 17019
0 21764
0 48012
0 24318
0 25242
0 19145
0 28040
0 22178
0 22048
0 20062
0 20494
0 21446
0 24840
0 22297
0 25155
0 31118
0 20457
0 20315
0 21517
0 22317
0 25063
0 28084
0 23388
0 26075
0 30696
0 26094
0 56661
0 25917
0 22658
0 21693
0 24493
0 25091
0 27025
0 21364
0 19773
0 21486
0 23172
0 22576
0 21157
0 19220
0 22754
0 21096
0 23687
0 21128
0 19507
0 19790
0 23350
0 25119
0 20214
0 23762
0 19929
0 23554
0 19944
0 22962
0 25381
0 22767
0 15444
0 22811
0 19271
0 19381
0 24497
0 19900
0 21543
0 29492
0 22069
0 23385
0 24055
0 19177
0 25985
0 20014
0 28438
0 27417
0 25085
0 21476
0 33816
0 23726
0 21373
0 23292
0 24708
0 19459
0 24134
0 26591
0 19315
0 21654
0 27238
0 20643
0 22467
0 19519
0 23825
0 27244
0 19240
0 20573
0 29735
0 22166
0 30667
0 26078
0 20687
0 22057
0 20244
0 22558
0 21636
0 26849
0 21366
0 23772
0 22327
0 19835
0 31262
0 20592
0 23229
0 22561
0 21490
0 19445
0 20703
0 20469
0 22890
0 19388
0 20982
0 29027
1 65536
0 21601
0 17865
0 20706
0 29066
0 30627
0 22837
0 18475
0 25907
0 23742
0 24308
0 18378
0 20169
0 23725
0 19762
0 21351
0 24769
0 23955
0 26171
0 22261
0 29755
0 21616
0 22680
0 27269
0 16698
0 20806
0 25576
0 19886
0 19909
0 21480
0 26143
0 20651
0 19947
0 29210
0 19353
0 21326
0 22479
0 20446
0 23658
0 23363
0 23134
0 20241
0 19737
0 24122
0 24034
0 19703
0 20956
0 18398
0 22047
0 24858
0 27012
0 28284
0 22475
0 22758
0 20314
0 19701
0 20011
0 29154
0 21143
0 20483
0 25427
0 19050
0 21987
0 21907
0 25464
0 24530
0 20555
0 21257
0 23197
0 25149
0 23695
0 20953
0 20822
0 24266
0 22512
0 23474
0 20537
0 20858
0 20455
0 29583
0 20004
0 35402
0 22660
0 19962
0 26484
0 24005
0 21803
0 22493
0 21104
0 21692
0 25529
0 22483
0 25642
0 21837
0 23646
0 18755
0 25066
0 19093
0 22759
0 22865
0 19747
0 24203
0 18582
0 25139
0 26700
0 22670
0 27001
0 20400
0 22526
0 22018
0 20308
0 20722
0 20026
0 24471
0 26120
0 21409
0 26009
0 22433
0 21579
0 17101
0 42948
0 18005
0 19843
0 20433
0 20530
0 26711
0 21317
0 20496
0 20586
0 23035
0 18425
0 19542
0 24002
0 21487
0 22515
0 20060
0 21473
0 21482
0 21446
0 25883
0 22755
0 22791
0 22747
0 49327
0 28058
0 21803
0 19262
0 21679
0 20434
0 56271
0 21719
0 23955
0 21314
0 18671
0 18892
0 22160
0 20117
0 26833
0 21697
0 35889
0 18328
0 16336
0 30612
0 24105
0 17285
0 26358
0 27061
0 42298
0 22266
0 23623
0 22584
0 20298
0 23273
0 20858
0 20555
0 23938
0 26703
0 21374
0 21617
0 21029
0 24837
0 22376
0 18755
0 63085
0 21607
0 23815
0 22889
0 26331
0 24867
0 20244
0 23237
0 24462
0 37561
0 25871
0 22001
0 19708
0 21203
0 19717
0 20188
0 19720
0 25098
0 16021
0 17859
0 19074
0 18869
0 21320
0 22173
0 18131
1 65536
0 18899
0 21936
0 22682
0 19473
0 25282
0 20194
0 19082
0 19207
0 23097
0 24553
0 21801
0 19420
0 19748
0 26399
0 22230
0 18927
0 19789
0 20279
0 25671
0 21937
0 21428
0 20817
0 20220
0 24326
0 19961
0 20057
0 23290
0 27819
0 30952
0 24853
0 43603
0 33318
0 19491
0 21917
0 23362
0 24193
0 21011
0 18362
0 21671
0 19894
0 21387
0 30564
0 25751
0 24015
0 22326
0 22491
0 21112
0 19441
0 30495
0 18939
0 14983
0 22378
0 26095
0 21095
0 18039
0 22435
0 21277
0 22468
0 21881
0 20486
0 19339
0 19594
0 17918
0 28409
0 22910
0 21465
0 20189
0 32298
0 18315
0 53922
0 23980
0 29358
0 23050
0 21925
0 20656
0 21608
0 20912
0 18971
0 19484
0 22560
0 19581
0 21226
0 23489
0 24930
0 19823
0 20954
0 19479
0 19592
0 19256
0 40388
0 20497
0 21628
0 25394
0 30717
0 17346
0 20513
0 22741
0 19277
0 19746
0 23662
0 21619
0 23056
0 23070
0 24454
0 27127
0 19229
0 26772
0 20737
0 17691
0 21546
0 24986
0 16958
0 20065
0 22998
0 20912
0 17978
0 24263
0 18420
0 23071
0 24805
0 26753
0 20655
0 23475
0 23704
0 30263
0 18544
0 23084
0 21461
0 37574
0 18247
0 19109
0 21908
0 21416
0 29903
0 21895
0 17250
0 22715
0 34861
0 22762
0 23642
0 21677
0 22472
0 24559
0 25944
0 20246
0 31317
0 26539
0 23118
0 22872
0 20503
0 25537
0 21026
0 47392
0 28196
0 21140
0 27680
0 22808
0 19584
0 23383
0 21327
0 25359
0 20710
0 23046
0 20370
0 22902
0 24709
0 22485
0 23954
0 27038
0 22811
0 21400
0 22372
0 20037
0 32989
0 20941
0 16690
0 52262
0 23428
0 25417
0 22691
0 20449
0 21689
0 19150
0 19391
0 24771
0 18780
0 20362
0 29652
0 20868
0 23108
0 18894
0 22197
0 27180
0 19999
0 19966
0 21707
0 21791
0 27554
0 20243
0 22318
0 18993
0 20803
0 21440
0 21558
0 23557
0 23121
0 22071
0 20876
0 23410
0 19751
0 25400
0 20906
0 24755
0 16819
0 29890
0 27473
0 18157
0 22603
0 26617
0 23102
0 25906
0 19312
0 21057
0 27299
0 20758
0 26870
0 18413
0 20862
0 24123
0 21109
0 20259
1 65536
0 19476
0 21982
0 25910
0 24006
0 21275
0 20064
0 22698
0 21296
0 18717
0 31733
0 20201
0 21637
0 18198
0 18904
0 25341
0 22476
0 19392
0 30132
0 22398
0 20945
0 19632
0 24460
0 20766
0 26193
0 21878
0 18891
0 28813
0 18955
0 21673
0 19806
0 26678
0 20863
0 22591
0 25539
0 24212
0 20015
0 30769
0 22901
0 22170
0 21659
0 22724
0 22153
1 65536
0 24877
0 22407
0 24906
0 21420
0 23354
0 22850
0 21475
0 23810
0 18488
0 21382
1 65536
0 24117
0 23705
0 23757
0 25540
0 21656
0 32817
0 32007
0 19475
0 19882
0 24518
0 19959
0 23166
0 22905
0 22106
0 21465
0 28109
0 32673
0 19657
0 19365
0 21368
0 22475
0 25316
0 33573
0 23134
0 24655
0 22165
0 21196
0 22389
0 23571
0 20333
0 27743
0 19649
0 21531
0 24851
0 20866
0 24630
0 43021
0 35179
0 23826
0 22587
0 20222
0 21243
0 19207
0 26028
0 21272
0 20489
0 20709
0 20483
0 23809
0 20989
0 19597
0 20832
0 22589
0 30590
0 19584
0 21398
0 20257
0 26859
0 26346
0 18146
0 22265
0 24984
0 20080
0 23878
0 21774
0 19640
0 23502
0 18812
0 22565
0 22118
0 21019
0 20340
0 19836
0 19340
0 22859
0 21417
0 20788
0 23191
0 22117
0 38790
0 18445
1 65536
0 44304
0 21497
0 24348
0 21289
0 24523
0 22597
0 27460
0 22428
0 18870
0 23368
0 19493
0 21887
0 23439
0 23608
0 28768
0 20515
0 22926
0 26144
0 24692
0 22621
0 20341
0 23514
0 19759
0 18261
0 23633
0 18776
0 19041
0 17244
0 21500
0 21938
0 24268
0 19631
0 21982
0 20508
0 25390
0 20567
0 21230
0 27419
0 19605
0 20099
0 18926
0 21198
0 20849
0 24194
0 19668
0 32408
0 21619
0 21201
0 38973
1 65536
0 30679
0 20149
0 20129
0 22667
0 22540
0 21680
0 22963
0 22045
0 21954
0 18854
0 19900
0 23876
0 20105
0 19656
0 33217
0 19789
0 23675
0 18384
0 25356
0 22824
0 21448
0 22605
0 20180
0 22869
0 43805
0 21987
0 20510
0 20200
0 27738
0 20911
0 22085
0 33501
0 27353
0 24119
0 20607
0 20393
0 19173
0 20865
0 20908
0 27659
0 28180
0 19523
0 22047
0 26702
0 21036
0 21684
0 22882
0 24703
0 21558
0 19232
0 20210
0 21245
0 21045
0 24852
0 18854
0 24069
0 23221
0 21264
0 23873
0 23134
0 22825
0 20319
0 19878
0 24722
0 19636
0 24725
0 23842
0 21135
0 24562
0 22798
0 16261
0 22038
0 17857
0 22438
0 22089
0 19831
0 20795
0 23575
0 20434
0 20499
0 20338
0 22970
0 24353
0 23357
1 65536
0 22642
0 18493
0 20984
0 24300
0 20217
0 19386
1 65536
0 21719
0 17954
0 19214
0 21577
0 20253
0 24186
0 20187
0 25804
0 20132
0 22013
0 19742
0 22088
0 22881
0 31812
0 18741
0 21625
0 26976
0 21566
0 19640
0 27688
0 20193
0 25890
0 19554
0 23955
0 29623
0 32760
0 23770
0 20202
0 23202
0 26112
0 23678
0 25742
0 20960
0 26914
0 30028
0 22423
0 22162
0 23442
0 23036
0 25810
0 21099
0 21308
0 36244
0 57978
0 22500
0 21902
0 19868
0 22597
0 19988
0 18473
0 20188
0 19830
0 22885
0 24348
0 20591
0 19689
0 22961
0 34525
0 32440
0 22457
0 19935
0 20639
0 20219
0 20659
0 19593
0 20695
0 21121
0 19319
0 20044
0 25178
0 19550
0 25199
0 23731
0 22209
0 21301
0 19867
0 25381
0 21913
0 19280
0 27108
0 25650
0 20669
0 19669
0 24388
0 22043
1 65536
0 18740
0 21026
1 65536
0 23254
0 19467
0 28373
0 30705
0 27103
0 26496
0 22157
0 20395
0 21292
0 18732
0 23473
0 18005
0 27480
0 31144
0 18858
0 26490
0 22585
0 27983
0 25516
0 22444
0 20426
0 19855
0 24751
0 22496
0 21899
0 24134
0 20484
0 19570
0 26894
0 22136
0 24246
0 21889
0 19141
0 19110
0 21540
0 18707
0 21373
0 25988
0 23683
0 19739
0 22456
0 20033
0 24988
0 22563
0 26258
0 24576
0 16953
0 17393
0 18131
0 22826
0 17368
0 27884
1 65536
0 22005
0 22267
1 65536
0 20852
0 39475
0 23431
0 19819
0 18377
0 22355
0 20965
0 24457
0 18676
0 19772
0 19804
0 23904
0 24517
0 20586
0 23241
0 21162
0 18772
0 25049
0 20570
0 23044
0 25612
0 21033
0 21520
1 65536
0 20058
0 21936
0 21607
0 23379
0 20847
0 20478
1 65536
0 20852
0 20357
0 21854
0 21448
0 21946
0 20278
0 21654
0 21370
0 18810
0 32356
0 21309
0 22605
1 65536
0 23700
0 28965
0 22240
0 25214
0 24813
0 20999
0 30444
0 23102
0 22055
0 22037
0 20123
0 19365
0 18180
0 21082
0 21890
0 21124
0 20573
0 49880
0 22177
0 21573
0 21371
0 22662
0 20649
0 24211
0 19682
0 33366
0 17585
0 28755
0 25644
0 23844
0 31954
0 26531
0 22584
0 52512
0 20588
0 21279
0 27590
0 21055
0 20940
0 26980
0 24489
0 20998
0 20309
0 21819
0 22776
0 18678
0 20100
0 20768
0 23371
0 18689
0 22846
0 21653
0 23243
0 20890
0 22868
0 24220
0 27674
0 22628
0 23004
0 23542
0 20041
0 21912
0 25476
0 22754
0 21653
1 65536
0 18425
0 21098
0 20920
1 65536
0 21281
0 22167
0 19603
0 29112
0 22156
0 20010
0 21201
0 19050
0 20697
0 21948
0 23025
0 22761
0 22199
0 18597
0 27816
0 25719
0 21001
0 22542
0 25251
0 19355
0 18945
0 24073
0 23318
0 23360
0 19339
0 20742
0 31443
0 19448
0 19898
0 21104
0 34817
0 23793
0 22985
0 20197
0 19928
0 20993
0 32882
0 22056
0 23245
0 21543
0 22207
0 22776
0 15923
0 25132
0 21093
0 22238
0 16803
0 21922
0 23030
0 26106
0 19049
1 65536
0 22304
0 31825
0 25503
0 23655
0 20616
0 25051
0 21325
0 26719
0 24390
0 21079
0 19842
0 17872
0 26486
0 27374
0 20787
0 23806
0 30859
0 63021
0 20943
0 21447
0 26863
0 21129
0 20153
0 22848
0 26491
0 21641
0 31713
0 24912
0 20515
0 20910
0 28893
0 21119
0 21212
0 35785
0 25033
0 50142
0 21583
0 24193
0 24516
0 22636
0 23662
0 35714
0 20768
0 23326
0 19980
0 27129
0 34486
0 24748
0 19680
0 34777
0 22286
0 22379
0 21678
0 20446
0 22329
0 53987
0 20647
1 65536
0 22077
0 16037
0 19366
0 26490
0 21633
0 20341
0 25093
0 21695
0 20666
0 18373
0 23503
0 25134
0 22343
0 18662
0 20070
0 29737
0 25080
0 22745
0 27551
0 19439
0 19240
0 21589
0 24663
0 26043
0 21526
0 29856
0 23186
0 22395
0 33850
0 25810
0 20659
0 23075
0 18924
0 20848
0 25342
0 24065
0 25181
0 20655
0 19958
0 20759
0 26515
0 21913
0 20936
0 20284
0 29170
0 35339
0 25866
0 22773
0 20046
0 22226
0 22113
0 22122
0 24874
0 26292
0 25494
0 20622
0 22803
0 17631
0 23114
0 20111
0 22169
0 20675
0 22352
0 20541
0 19798
0 21688
0 18828
1 65536
0 20969
0 22712
0 21550
0 24845
0 24183
0 19835
0 20748
0 19970
0 23534
0 25271
0 23655
0 21200
0 25855
0 20025
0 17548
0 20657
0 19374
0 24396
0 19721
0 29949
0 21590
0 19505
0 23788
0 23430
0 23972
0 22954
0 22113
0 18687
0 24285
0 18915
0 23958
0 31539
0 19773
0 18555
0 21363
0 21028
0 21259
0 19618
0 23761
0 20716
0 24398
0 19931
0 21480
0 22393
0 25107
0 23822
0 23955
0 20725
0 20960
0 21875
0 23416
0 29850
0 19956
0 18128
0 37629
0 21274
0 20307
0 19845
1 65536
0 21194
0 23742
0 27266
0 21326
0 18647
0 28905
0 20786
0 20880
0 18776
0 19015
0 20723
0 25410
0 22876
0 21005
0 20731
0 21527
0 19749
0 23019
0 33916
0 19199
0 23622
0 26779
0 22414
0 23702
0 23499
0 25993
0 25020
0 23991
0 28389
0 23322
0 24464
0 20800
0 25266
0 24396
0 23232
0 17577
0 22080
0 30319
0 26439
0 22728
0 20729
0 22407
0 22950
0 21073
0 19550
0 21056
0 25170
0 22998
0 26200
0 19043
0 19883
0 22243
0 21169
0 39714
0 19325
0 21507
0 21887
0 24552
0 31881
0 21880
0 21109
0 19884
0 20679
0 20877
0 18852
0 21842
0 20409
0 18980
0 20003
0 23715
0 22858
0 23292
0 32543
0 19906
0 20553
0 25601
0 24899
0 22216
0 24772
0 22628
0 21367
0 20822
0 26139
0 33522
0 27411
0 21795
0 23723
0 20644
0 19627
0 25973
0 22942
0 23878
0 39400
0 22655
0 23664
0 18444
0 20201
0 22041
0 23214
0 20599
0 20935
0 24214
0 23774
0 19192
0 20556
0 25860
0 22338
0 23376
0 37043
0 22238
0 29549
0 28195
0 27368
0 30050
0 22341
0 29318
0 25766
0 19037
0 20744
0 18589
0 21907
0 54313
0 21392
0 24053
0 18323
0 37249
0 22838
0 23382
0 20482
0 21951
0 20791
0 23504
0 27004
0 23040
0 24436
0 19954
0 21891
0 21193
0 20824
0 20928
0 22490
0 21110
0 24795
0 38673
0 24837
0 18800
0 19701
0 20578
0 21395
0 25121
0 20437
0 21110
0 27760
0 24145
0 22831
0 20633
0 43129
0 28290
0 20961
0 19879
0 24930
0 19286
0 43527
0 26882
0 28765
0 32754
0 19389
0 22986
0 21814
0 18456
0 23813
0 24009
0 22608
0 20708
0 21693
0 23954
0 22108
0 20032
0 24524
0 19487
0 25698
0 18854
0 18389
0 21275
0 21998
0 37447
0 18840
0 20242
0 45903
0 24611
0 21971
0 21423
0 20629
0 22998
0 22103
0 47023
0 24622
0 23762
0 22618
0 35271
0 22009
0 21751
0 27693
0 25922
0 21365
0 20947
0 20345
0 23082
0 20827
0 19645
0 20137
0 18678
0 16410
0 20480
0 20782
0 23725
0 22510
0 23608
0 17634
0 20240
0 18215
0 19752
0 22277
0 20549
0 33336
0 23287
0 24007
0 20658
0 18471
0 19878
0 21543
0 21696
0 21597
0 20221
0 26550
0 23498
0 46191
0 23263
0 23966
0 19930
0 22164
0 21674
0 21688
0 21786
0 24765
0 22268
0 23038
0 22369
0 24487
0 32434
0 22790
0 24145
0 19776
0 20492
0 18851
0 24543
0 17607
0 22769
0 26230
0 21175
0 22391
0 25058
0 20885
0 24719
1 65536
0 20452
0 21795
0 21168
0 31778
0 21651
0 19104
0 17283
0 20996
0 19982
0 26862
0 21920
0 22916
0 32617
0 25726
0 20046
0 23800
0 19871
0 31261
0 23167
0 23229
0 18313
0 20464
0 19284
0 20971
0 31295
0 17832
0 20140
0 19168
0 22804
0 28120
0 25572
0 25600
0 24303
0 26682
0 22453
0 24298
0 23127
0 23387
0 19317
0 25330
0 26153
0 24163
0 22859
0 24504
0 26401
0 19849
0 22446
0 20030
0 36730
0 19934
0 24191
0 18001
0 21467
0 21426
0 24296
0 20347
0 21931
0 19887
0 17643
0 23454
0 20900
0 25875
0 20053
0 19823
0 27029
0 27031
0 22207
0 24952
0 29182
0 21015
0 22358
0 26598
0 19582
0 21227
0 20530
0 21943
0 21516
0 32321
0 24285
0 24504
0 21293
0 20571
0 21316
0 26900
0 19625
0 20076
0 19737
0 20876
0 25188
0 23508
0 20516
0 25736
0 23855
0 22527
0 25995
0 23952
0 22991
0 45144
0 23956
0 22595
0 21967
0 24807
0 23565
0 19827
0 24677
0 58436
0 21369
0 22572
0 19656
0 21879
0 21267
0 22272
0 22255
0 31906
0 19127
0 22008
0 20605
0 21307
0 23567
0 18514
0 20768
0 20214
0 22834
0 21706
1 65536
0 26007
0 21552
0 25321
0 21081
0 18467
0 20113
0 21752
0 19632
0 21803
0 22802
0 18790
0 20583
0 19977
0 18211
0 27774
0 22576
0 24577
0 20023
0 41162
0 31804
0 28619
0 19143
0 38273
0 23507
0 26289
0 25401
0 17985
0 20240
0 23461
1 65536
0 21793
0 21870
0 37742
0 19062
0 22205
0 18901
0 19891
0 20031
1 65536
0 21572
0 22530
0 28703
0 17154
0 33216
0 25318
0 20162
0 23213
0 18071
0 22425
0 22883
0 24028
0 18316
0 22588
0 17048
0 20806
0 18984
0 23855
0 56358
0 21551
0 20280
0 23071
0 22711
0 23825
0 27781
0 19466
0 24246
0 19580
0 23067
0 19880
0 24140
0 20155
0 17161
0 24676
0 38669
0 22322
0 55535
0 20439
0 20472
0 25958
0 20569
0 21057
0 23266
0 22237
0 23620
0 19295
0 22502
0 27896
0 22007
0 22001
0 19882
0 23202
0 20348
0 23102
0 24605
0 20647
0 21079
0 20119
0 23550
0 26962
0 18387
0 18703
0 23108
0 27755
0 21298
0 30822
0 16336
1 65536
0 25270
0 20632
0 21783
0 23948
0 21252
0 24114
0 20478
0 27544
0 24112
0 19975
0 22699
0 21598
0 22890
0 18650
0 23399
0 20429
0 25469
0 24437
0 22626
0 20081
0 22003
0 18700
0 20205
0 33680
0 20098
0 20257
0 21620
0 24040
0 19381
0 20710
0 22896
0 21144
0 20194
0 21250
0 21952
0 23939
0 24515
0 21308
0 21762
0 20613
0 24059
0 31148
0 23676
0 21696
0 19428
0 17184
0 29275
0 27005
0 19791
0 28573
0 23237
0 32169
0 16683
0 19791
0 33513
0 22462
0 20733
0 23856
1 65536
0 22370
0 20237
0 21353
0 22083
0 19702
0 18099
0 20052
0 20944
0 22268
0 24714
0 21075
0 18341
0 24113
0 21429
0 20059
0 32247
0 25062
0 53103
0 24129
0 20682
0 27836
0 23955
0 18843
0 27974
0 23798
0 19760
0 22455
0 28718
0 33269
0 22142
0 19908
0 21970
0 22546
0 26637
0 19013
0 22886
0 20694
0 19480
0 21032
0 19366
0 22122
0 20822
0 21568
0 31702
0 21833
0 24806
0 26604
0 21618
0 20208
0 20537
0 25888
0 28822
0 20140
0 22364
0 25019
0 24323
0 23148
0 26527
0 20628
0 23823
0 23119
0 20483
0 24848
0 22274
0 23347
0 20978
0 22693
0 20250
0 24370
0 22040
0 20275
0 21098
0 20720
0 25462
0 24235
0 23111
0 29270
0 21210
0 22884
0 22072
0 17394
0 23239
0 22725
0 24422
0 21205
0 24078
0 19367
0 20912
0 23651
0 25095
0 25010
0 25321
0 20658
0 21277
0 21294
0 28945
0 18685
0 18897
0 18016
0 21325
0 19659
0 22048
0 25267
0 19948
0 19750
0 22626
0 22534
0 20837
0 17577
0 21187
0 21232
0 22241
0 22020
0 20112
0 20483
0 21907
0 18758
0 23616
0 17840
0 21965
0 19232
0 22705
0 23212
0 24322
0 23050
0 21173
0 18599
0 25219
0 19936
0 25773
0 23666
0 26353
0 30435
0 20854
0 20873
0 20615
0 23804
0 21115
0 23294
0 18352
0 49598
0 29015
0 19370
0 26504
0 36796
0 41948
0 21646
0 22204
0 44717
0 18262
0 21258
0 20269
0 24410
0 19935
0 20645
0 23525
0 18163
0 18636
0 22308
0 17834
0 19059
0 23338
0 22968
0 19570
0 22151
0 23422
0 25956
0 25436
0 24695
0 20415
0 26828
0 19592
0 22528
0 27664
0 18083
0 28318
0 24516
0 20782
0 41314
0 20236
0 20557
0 20762
0 24851
0 25887
0 23257
0 63408
0 21116
0 19728
0 22229
0 22734
0 22262
0 22099
0 19514
0 21944
0 21632
0 18902
0 20777
0 24532
0 21818
0 24776
0 23871
0 22508
0 24263
0 19360
0 21541
0 32662
0 19353
0 18806
0 21460
0 24486
0 29927
0 20596
0 19270
0 18553
0 20661
0 20039
0 23280
0 26949
0 28369
0 19688
0 17201
0 19027
0 23098
0 19884
0 21027
0 20050
0 24191
0 21870
0 23021
0 27995
0 23088
0 22232
0 20265
0 20220
0 21601
0 25859
0 26359
0 22534
0 27039
0 18660
0 22591
0 21305
0 23114
0 20710
0 20934
0 29073
0 20077
0 25142
0 26820
0 23470
0 22327
0 22804
0 21710
0 23065
0 25228
0 19718
0 21004
0 20751
0 20245
0 31822
0 25200
0 21432
0 23815
0 29175
0 29325
0 20654
0 20526
0 24934
0 28621
0 23365
0 54312
0 21170
0 22151
0 24817
0 31538
0 19758
0 23492
0 23655
0 21405
0 19416
0 22039
0 23564
0 20299
0 26137
0 17381
0 25123
0 21481
0 23855
0 22416
0 22296
0 30410
0 35716
0 24381
0 21978
0 23719
0 23738
0 38147
0 25633
0 22065
0 18654
0 20471
0 24437
0 28587
0 25935
0 25308
0 19305
0 21457
0 27969
0 23981
0 29647
0 19942
0 18283
0 22022
0 21925
0 21451
0 22710
0 23900
0 20948
0 20781
0 22770
0 20473
0 45350
0 21266
0 22004
0 17944
0 27145
0 21264
0 25836
0 24204
0 26066
0 23319
0 28774
0 29071
0 22616
0 19621
0 15936
0 20271
0 31794
0 19713
0 20953
0 22355
0 32793
0 27471
0 20171
0 19735
0 21596
0 20528
0 18515
0 18806
0 20475
0 19050
0 18820
0 20017
0 21371
0 19092
0 23718
0 17818
0 19961
0 21064
0 19477
1 65536
0 20911
0 18559
0 20320
0 23372
0 23087
0 21855
0 20995
0 21013
0 20500
0 23285
0 21214
0 24878
0 29647
0 20707
0 25095
0 20602
0 21105
0 23170
0 16204
0 18188
0 21464
0 19038
0 29517
0 33790
0 19721
0 34074
0 18244
0 38938
0 18873
0 45540
0 22269
0 21851
0 20675
0 34240
0 22110
0 22168
0 19503
0 37961
0 22379
0 26383
0 22068
0 19631
0 25756
0 20571
0 24676
0 22140
0 27011
0 22778
0 20053
0 19701
0 23169
0 24754
0 26927
0 22818
0 26430
0 24707
0 17976
0 19153
0 21691
0 21396
0 20367
0 29793
0 21130
0 22459
0 21779
0 15870
0 25084
0 19906
0 22795
0 26644
0 16702
0 19395
0 18112
0 25345
0 22103
0 24718
0 20278
0 19614
0 23787
0 22647
0 23514
1 65536
0 19984
0 20024
0 19878
0 25782
0 20275
0 19846
0 24981
0 20679
0 23299
0 18578
0 19789
0 22192
0 19227
0 21008
0 20669
0 20819
0 18027
0 19362
0 22219
0 19822
0 22400
0 19759
0 23599
0 20636
0 23179
0 26737
0 22501
0 19292
0 21467
0 19160
0 19762
0 21466
0 26980
0 21334
0 22234
0 20451
0 20679
0 20884
0 19991
0 20088
0 18946
0 25415
0 22774
0 22999
0 20254
0 29650
0 20496
0 24462
0 32655
0 24011
0 19682
0 21889
0 21469
0 19010
0 25245
0 21790
0 26893
0 28943
0 20973
0 17862
0 22173
0 22185
0 20478
0 20822
0 24382
0 30938
0 21276
0 23896
0 21812
0 25523
0 29006
0 20454
0 25596
0 25085
0 30021
0 21519
0 22428
0 20079
0 23189
0 26997
0 18311
0 21751
0 25854
0 29154
0 21651
0 22198
0 29463
0 23736
0 20804
0 22338
0 20635
0 20777
0 16575
0 34163
0 22869
0 22028
0 21571
0 25443
0 31045
0 21764
0 35590
0 23458
0 21432
0 20475
0 25444
0 22043
0 21008
0 20689
0 23035
0 19850
0 20206
0 20169
0 33579
0 25658
0 18846
0 59857
0 22029
0 21249
0 22930
0 24594
0 22083
0 22940
0 23452
0 20535
0 24405
0 22997
0 25896
0 21297
0 24329
0 19440
0 30315
0 37817
0 16370
0 16028
0 61581
0 18825
0 19341
0 30256
0 20199
0 24281
0 19164
0 19194
0 20925
0 20906
0 22377
0 19717
0 17507
0 23110
0 15162
0 19232
0 22652
0 25243
0 24271
0 19084
0 23813
0 21320
0 23656
0 22949
0 25613
0 20856
0 20946
0 20638
0 26890
0 23335
0 23982
0 29400
0 28906
0 33841
0 26690
0 16872
0 21137
0 21808
0 19268
0 25393
0 22297
0 22021
0 24397
0 20358
0 21542
0 21693
0 21172
0 26449
0 23514
0 22547
0 21764
0 29574
0 20986
0 19848
0 30445
0 21724
0 19942
0 21056
0 24200
0 25081
0 22812
0 30912
0 23045
0 18088
0 19712
0 21163
0 21020
0 20294
0 26458
0 19474
0 29338
0 20817
0 20332
0 20458
0 19251
0 19044
0 19721
0 20768
0 18603
0 25648
0 19335
0 21155
0 20443
0 31037
0 18989
0 21834
0 23730
0 18672
0 20584
0 20609
0 22218
0 20827
0 22272
0 40133
0 21373
0 26905
0 21840
0 21890
0 26213
0 23067
0 21796
0 21026
0 19129
0 18046
0 19428
0 18183
0 18106
0 24656
0 26784
0 18974
0 24835
0 18572
0 24030
0 24805
0 29884
0 19284
0 32836
0 22974
0 19965
0 21441
0 18544
0 22053
0 21204
0 20944
0 20622
0 20972
0 21169
0 18360
1 65536
0 23010
0 27985
0 19171
0 23164
0 19427
0 22590
0 24267
0 25444
0 19446
0 22940
0 20983
0 21412
0 65501
0 21687
0 18628
0 23316
0 20310
0 35022
0 20690
0 19812
0 23629
0 19485
0 19627
0 17515
0 18447
0 29260
0 17443
0 21129
0 22689
0 22299
0 22035
0 23281
0 25323
0 25178
0 22751
0 23117
0 26872
0 22178
0 24654
0 23636
0 29349
0 42008
0 23897
1 65536
0 19269
0 55304
0 27444
0 24532
0 29685
0 20724
0 21376
0 22824
0 24052
0 21568
0 28001
0 25854
0 18553
0 20333
0 20150
0 18117
0 29765
0 45622
0 24640
0 19647
0 20642
0 21968
0 25876
0 21701
0 16082
0 29955
0 21231
0 21583
0 23671
0 17765
0 21438
0 23415
0 28187
0 24950
0 19331
0 32196
0 26699
0 27222
0 21865
0 21802
0 28034
0 23671
0 25243
0 24307
0 22085
0 19598
0 21571
0 20251
0 18570
0 18798
0 20141
0 23048
0 19950
0 21628
0 20300
0 21502
0 23218
0 22421
0 38199
0 17787
0 22778
0 27775
0 27425
0 22572
0 23772
0 21658
0 24446
0 23727
0 35171
0 22544
0 23060
0 21963
0 28020
0 21175
0 22812
0 24042
0 20001
0 23686
0 26389
0 21405
0 19961
0 23242
0 23288
0 20119
0 25965
0 19229
0 30818
0 28075
0 21650
0 19952
0 20915
0 20773
0 25747
0 28589
0 20818
0 19811
0 19963
0 25552
0 22092
0 20093
0 26816
0 24205
0 26572
0 19993
0 21211
0 18822
0 18534
0 21473
0 19686
0 22166
0 24697
0 27431
0 23304
0 21684
0 19545
0 24772
0 20406
0 22540
0 18752
0 21241
0 20646
0 21319
0 22543
0 24488
0 20619
0 36229
0 24683
0 19756
0 23355
0 22858
0 21106
0 20445
0 32991
0 22048
0 21423
0 26284
0 19861
0 20204
0 24234
0 22262
0 25577
0 23805
0 21314
0 31359
0 20031
1 65536
0 27309
0 22423
0 24555
0 23766
0 19217
0 26169
0 19457
0 22551
0 21477
0 45136
0 23763
0 46844
0 33925
0 28618
0 35905
0 22780
0 18572
0 21436
0 19135
0 25780
0 21338
0 21592
0 17098
0 17633
0 23231
0 21772
0 25409
0 19468
0 22490
0 18330
0 43506
0 22037
0 21453
0 19392
0 23142
0 26172
0 18824
0 24566
0 21680
0 35715
0 20427
0 21947
0 20935
0 20622
0 18902
0 19232
0 21348
0 19871
0 23313
0 19611
0 21189
0 17008
0 24373
0 20390
0 23814
0 21669
0 22357
0 20811
0 27166
0 21579
0 33650
0 19564
0 22801
0 19869
0 22509
0 18562
0 34462
0 23705
0 27954
0 21973
0 22592
0 21997
0 18396
0 18825
0 37462
0 21373
0 26283
0 21149
0 20012
0 24213
0 21586
0 20234
0 29008
0 22472
0 31921
0 21510
0 26128
0 23889
0 22944
0 25210
0 19346
0 26176
0 22441
0 20560
0 31114
0 23910
0 19232
0 19668
0 35372
0 19899
0 21821
0 56856
0 20579
0 17869
0 53272
0 28664
0 22006
0 23758
0 20365
0 20193
0 22928
0 24960
0 16570
0 18826
0 20845
0 23104
0 18214
0 21981
0 24856
0 19979
0 20998
0 22489
0 18898
0 19857
0 20772
0 21678
0 23430
0 23555
0 20473
1 65536
0 26700
0 17090
0 25656
0 32729
0 19421
0 25921
0 26597
0 20184
0 20894
0 18501
0 21177
0 16868
0 22869
0 22256
0 18432
0 20831
0 23180
0 23791
0 22495
0 23405
0 29506
0 28512
0 17875
0 23255
0 21467
0 20600
0 23095
0 21273
0 24590
0 22031
0 24504
0 20279
0 21846
0 18576
0 20044
0 23057
0 19778
0 47613
0 19478
0 23715
0 19789
0 24143
0 20566
0 24285
0 25579
0 24928
0 23847
0 20538
0 21778
0 18934
0 24967
0 19504
0 24055
0 21512
0 19612
0 20860
0 18722
0 19908
0 20026
0 18505
0 20555
0 22358
0 20339
0 20105
1 65536
0 20626
0 24737
0 25441
0 20275
0 27305
0 25299
0 18538
0 19640
0 28471
0 22126
0 49422
0 23436
0 22454
0 20674
0 24136
0 25610
0 29395
0 20704
0 24577
0 20357
0 21514
0 23065
0 21531
0 22242
0 18524
0 20156
0 33177
0 24815
0 21487
0 22916
0 22304
0 18638
0 24009
0 20107
0 21014
0 20102
0 21184
0 40169
0 17079
0 21009
0 28719
0 20941
0 44004
0 24877
0 23060
0 17140
0 20770
0 23452
0 23881
0 23284
0 25667
0 21401
0 23780
0 22059
0 20416
0 33974
0 26449
0 20856
0 18617
0 22337
0 23932
0 25554
0 21477
0 27897
0 27144
0 21487
0 20579
0 29741
0 18036
0 20766
0 26079
0 14427
0 21764
0 22026
0 19548
0 19632
0 20673
0 20958
0 21944
0 21004
0 20075
0 52380
0 20066
0 19933
0 21706
0 18408
0 20322
0 28073
0 22928
0 21528
0 26128
0 20663
0 21628
0 23284
0 31891
0 20505
0 19080
0 21976
0 24407
0 25042
0 19667
0 21785
0 21380
0 23340
0 24745
0 19346
0 22371
0 19924
0 46099
0 45449
0 22199
0 28342
0 21973
0 20305
0 25623
0 22143
0 17360
0 23909
0 31859
0 55479
0 23460
0 18149
0 22110
0 20940
0 25149
0 39142
0 30185
0 21011
0 25836
0 29426
0 21249
0 21846
0 22842
0 26042
0 25011
0 21617
0 24368
0 27369
0 23024
0 24161
0 21571
0 19950
0 19901
0 22078
0 20517
0 22159
0 23406
0 17428
0 37118
0 22245
0 20093
0 26493
0 21665
0 23880
0 20463
0 28190
0 22271
0 21616
0 28123
0 20460
0 25810
0 20616
0 21631
0 31606
0 23309
0 39322
0 19256
0 22857
0 19440
0 23285
0 20413
0 18755
0 19671
0 25138
0 20724
0 18615
0 21876
0 20436
0 19917
0 22361
0 20127
0 21250
0 28082
0 29555
0 27470
0 21419
0 28244
0 23583
0 20402
0 24653
0 23936
0 23007
0 25975
0 21256
0 21011
0 19851
0 22750
0 27784
0 21280
0 24971
0 21336
0 23767
0 23158
1 65536
0 24834
0 23998
0 19605
0 19805
0 22163
0 28756
0 21319
0 30017
0 20025
0 19819
0 44988
0 19779
0 25488
0 19338
0 24891
0 30442
0 20621
0 23803
0 23726
0 19193
0 17812
0 23904
0 28532
0 21747
0 21157
0 23835
0 18661
0 18059
0 21151
0 27326
0 20954
0 19831
0 18229
0 21447
0 21823
0 24362
0 20291
0 23448
0 20170
0 21715
0 28901
0 33586
0 23138
0 24772
0 21606
0 22303
0 20203
0 22428
0 24129
0 21507
0 25360
0 20623
0 24247
0 20458
0 20684
0 25162
0 21772
0 20565
0 25754
0 19605
0 25552
0 22123
0 21506
0 18328
0 20359
0 24036
0 17529
0 22693
0 22473
0 20471
0 19477
0 22987
0 20109
0 37397
0 24126
0 21110
0 18550
0 21200
0 21399
0 19927
0 20276
0 21315
0 20539
0 22449
0 17663
0 20086
0 18097
0 25651
0 22847
0 24226
0 20547
0 22717
0 20718
0 22204
0 21482
0 20335
0 26872
0 26709
0 20942
0 23504
0 21789
0 20692
0 17803
0 19991
0 27936
0 26188
0 21567
0 24350
0 23601
0 22114
0 24557
0 30087
0 21772
0 23553
0 18263
0 29551
0 22262
0 21729
0 23475
0 18926
0 22568
0 24986
0 28150
0 18706
0 23160
0 19453
0 26489
0 20219
0 21353
0 23078
0 21347
0 20870
0 20160
0 30999
