# SA for random K-SAT
# K = 3   N = 16384   M = 64512   seed = 2302371236
# alpha = 3.937500   nIter = 4096  Tmax = 0.200000
# 1:lowestUnsat  2:runTime
1 4096
2 4096
2 4096
0 2735
1 4096
1 4096
3 4096
1 4096
0 3099
2 4096
2 4096
2 4096
1 4096
2 4096
0 2090
1 4096
1 4096
1 4096
1 4096
0 3538
0 2793
0 4021
1 4096
1 4096
3 4096
1 4096
3 4096
1 4096
2 4096
1 4096
1 4096
0 2882
2 4096
3 4096
1 4096
1 4096
2 4096
1 4096
4 4096
1 4096
1 4096
2 4096
0 2890
1 4096
1 4096
6 4096
0 2322
0 2190
3 4096
0 3569
0 2527
1 4096
0 3412
2 4096
0 3876
0 3515
2 4096
0 2605
1 4096
2 4096
3 4096
1 4096
1 4096
1 4096
1 4096
4 4096
2 4096
2 4096
1 4096
5 4096
1 4096
1 4096
1 4096
0 3941
2 4096
2 4096
3 4096
2 4096
5 4096
1 4096
2 4096
0 2160
2 4096
2 4096
0 3666
1 4096
0 2562
2 4096
2 4096
1 4096
0 4036
1 4096
1 4096
0 3279
0 2030
1 4096
2 4096
1 4096
1 4096
0 3543
0 3620
1 4096
2 4096
0 2642
1 4096
0 3001
0 3633
0 2767
1 4096
1 4096
3 4096
0 2453
2 4096
2 4096
0 2836
1 4096
1 4096
0 3013
0 3609
1 4096
0 3481
1 4096
1 4096
0 3360
0 2697
1 4096
1 4096
2 4096
2 4096
0 2921
1 4096
0 3691
2 4096
1 4096
1 4096
0 2769
3 4096
1 4096
3 4096
3 4096
1 4096
0 2928
0 3286
5 4096
0 3584
1 4096
3 4096
2 4096
2 4096
2 4096
2 4096
1 4096
0 2991
1 4096
0 3725
3 4096
0 3093
0 3618
1 4096
0 2650
1 4096
1 4096
5 4096
0 3047
1 4096
1 4096
1 4096
4 4096
1 4096
0 2458
1 4096
0 3996
0 2751
3 4096
3 4096
4 4096
0 2027
1 4096
0 3703
2 4096
1 4096
2 4096
0 2929
1 4096
1 4096
5 4096
4 4096
0 3609
0 3908
0 3164
1 4096
1 4096
0 3023
2 4096
0 2812
0 2600
1 4096
2 4096
2 4096
3 4096
2 4096
1 4096
1 4096
1 4096
1 4096
1 4096
0 3704
1 4096
1 4096
2 4096
2 4096
1 4096
1 4096
0 2857
1 4096
5 4096
1 4096
1 4096
1 4096
3 4096
3 4096
4 4096
1 4096
2 4096
1 4096
1 4096
3 4096
1 4096
2 4096
2 4096
0 3194
0 3710
0 2560
3 4096
5 4096
4 4096
1 4096
2 4096
2 4096
1 4096
2 4096
0 3559
0 3406
2 4096
1 4096
2 4096
0 2541
1 4096
3 4096
5 4096
1 4096
1 4096
4 4096
0 3312
1 4096
0 2882
1 4096
2 4096
0 2537
1 4096
1 4096
0 2606
1 4096
1 4096
0 3304
4 4096
0 2596
1 4096
6 4096
4 4096
0 3793
0 1867
1 4096
2 4096
1 4096
0 3740
2 4096
0 2950
1 4096
2 4096
0 3111
2 4096
0 2536
1 4096
0 2989
0 3399
2 4096
0 3977
2 4096
0 2960
2 4096
1 4096
2 4096
1 4096
1 4096
1 4096
1 4096
0 3429
0 3720
4 4096
1 4096
1 4096
2 4096
0 3303
2 4096
2 4096
0 1876
2 4096
2 4096
0 2792
1 4096
0 2138
1 4096
3 4096
1 4096
0 3812
0 2523
3 4096
1 4096
2 4096
0 3170
2 4096
1 4096
2 4096
1 4096
0 2501
2 4096
4 4096
3 4096
0 3106
1 4096
2 4096
1 4096
1 4096
0 3760
2 4096
1 4096
1 4096
0 3642
1 4096
0 4067
0 2556
3 4096
0 2800
2 4096
0 4032
2 4096
0 2991
0 2955
0 3364
2 4096
2 4096
1 4096
1 4096
3 4096
0 3686
2 4096
5 4096
0 3606
1 4096
1 4096
0 3238
2 4096
3 4096
2 4096
3 4096
1 4096
3 4096
0 3811
2 4096
3 4096
1 4096
1 4096
1 4096
3 4096
2 4096
3 4096
1 4096
0 3841
0 3803
0 4088
0 3303
6 4096
1 4096
1 4096
2 4096
1 4096
0 2544
0 3377
0 2128
0 3960
1 4096
1 4096
0 2713
2 4096
0 2919
0 2284
0 3079
1 4096
0 1746
2 4096
3 4096
3 4096
2 4096
1 4096
2 4096
3 4096
2 4096
0 2556
2 4096
1 4096
3 4096
0 2071
0 2320
1 4096
0 3323
0 2187
2 4096
2 4096
3 4096
1 4096
0 3153
1 4096
1 4096
1 4096
0 3411
0 3178
1 4096
0 2616
1 4096
0 2756
1 4096
1 4096
2 4096
0 3170
0 4078
1 4096
2 4096
2 4096
1 4096
3 4096
1 4096
0 3217
2 4096
0 2828
1 4096
1 4096
1 4096
1 4096
1 4096
2 4096
1 4096
0 3757
1 4096
0 3723
2 4096
1 4096
4 4096
0 3903
4 4096
4 4096
3 4096
0 3207
1 4096
1 4096
2 4096
1 4096
1 4096
0 2201
0 3778
3 4096
3 4096
0 2862
3 4096
3 4096
3 4096
1 4096
0 2861
0 3752
0 2458
0 3826
2 4096
3 4096
0 3096
0 2392
1 4096
6 4096
3 4096
2 4096
1 4096
3 4096
0 3271
2 4096
1 4096
2 4096
2 4096
1 4096
0 2127
2 4096
0 2342
3 4096
1 4096
1 4096
5 4096
1 4096
1 4096
0 2647
2 4096
2 4096
1 4096
4 4096
1 4096
4 4096
1 4096
0 2912
1 4096
0 2507
4 4096
3 4096
4 4096
0 2841
0 3754
5 4096
3 4096
1 4096
1 4096
1 4096
1 4096
0 2797
1 4096
2 4096
0 2071
0 2674
2 4096
1 4096
1 4096
3 4096
1 4096
1 4096
0 3407
2 4096
2 4096
0 3442
2 4096
1 4096
2 4096
3 4096
0 3928
3 4096
1 4096
2 4096
2 4096
1 4096
1 4096
0 2777
0 2889
1 4096
2 4096
1 4096
1 4096
3 4096
3 4096
1 4096
3 4096
0 1870
1 4096
2 4096
2 4096
1 4096
0 2572
1 4096
2 4096
5 4096
0 2769
2 4096
0 2275
2 4096
2 4096
0 2311
0 2779
1 4096
1 4096
0 4069
2 4096
0 3396
1 4096
2 4096
1 4096
0 3109
0 3393
1 4096
1 4096
4 4096
1 4096
1 4096
1 4096
2 4096
1 4096
1 4096
1 4096
1 4096
3 4096
1 4096
1 4096
0 2949
0 2231
1 4096
1 4096
1 4096
1 4096
1 4096
0 3574
3 4096
1 4096
1 4096
4 4096
0 3729
1 4096
2 4096
3 4096
4 4096
2 4096
1 4096
0 3697
3 4096
0 3816
1 4096
3 4096
0 3652
2 4096
1 4096
1 4096
2 4096
1 4096
0 3755
0 4044
0 3399
2 4096
0 2160
0 3927
1 4096
1 4096
1 4096
2 4096
1 4096
0 3560
0 2899
0 3371
2 4096
3 4096
1 4096
1 4096
0 3209
0 2951
1 4096
1 4096
1 4096
2 4096
0 2825
1 4096
0 3646
4 4096
1 4096
0 2716
0 2699
1 4096
2 4096
0 2258
1 4096
4 4096
1 4096
2 4096
3 4096
0 3582
1 4096
0 3959
2 4096
2 4096
3 4096
2 4096
1 4096
1 4096
0 2560
0 3683
0 3042
0 2878
0 3456
1 4096
3 4096
1 4096
1 4096
1 4096
4 4096
1 4096
0 3441
4 4096
1 4096
1 4096
3 4096
2 4096
1 4096
1 4096
2 4096
0 2831
2 4096
2 4096
0 3804
1 4096
4 4096
2 4096
1 4096
1 4096
5 4096
0 4021
0 3889
0 3317
1 4096
2 4096
1 4096
3 4096
0 3328
2 4096
1 4096
1 4096
0 3822
1 4096
0 3488
4 4096
0 2768
1 4096
3 4096
3 4096
0 3094
1 4096
0 2766
1 4096
1 4096
3 4096
5 4096
4 4096
1 4096
2 4096
2 4096
3 4096
2 4096
1 4096
2 4096
0 2524
2 4096
2 4096
3 4096
1 4096
2 4096
2 4096
2 4096
0 2474
0 2867
1 4096
1 4096
2 4096
1 4096
0 3260
1 4096
2 4096
3 4096
3 4096
4 4096
3 4096
0 3305
1 4096
1 4096
0 2925
1 4096
0 3197
2 4096
0 4011
1 4096
2 4096
2 4096
0 2879
0 3547
0 4042
1 4096
1 4096
1 4096
1 4096
2 4096
1 4096
2 4096
1 4096
1 4096
0 3046
0 3635
0 3279
1 4096
1 4096
1 4096
2 4096
3 4096
2 4096
0 2738
1 4096
1 4096
0 3309
1 4096
2 4096
1 4096
0 2471
0 2389
1 4096
0 3462
0 3231
0 3974
0 3643
2 4096
4 4096
1 4096
1 4096
0 2244
0 3596
4 4096
2 4096
1 4096
0 4054
0 3151
1 4096
1 4096
4 4096
2 4096
0 2551
2 4096
0 2263
1 4096
0 2369
0 1813
4 4096
1 4096
2 4096
0 3313
0 3638
4 4096
0 3823
0 2874
0 2425
1 4096
0 2973
3 4096
1 4096
1 4096
0 2331
2 4096
1 4096
2 4096
6 4096
2 4096
0 2251
2 4096
2 4096
0 2663
0 3349
0 3350
2 4096
1 4096
1 4096
0 2752
1 4096
0 3281
2 4096
1 4096
1 4096
1 4096
4 4096
1 4096
1 4096
0 2398
1 4096
1 4096
2 4096
1 4096
1 4096
3 4096
1 4096
3 4096
1 4096
2 4096
3 4096
2 4096
7 4096
2 4096
2 4096
1 4096
2 4096
2 4096
2 4096
4 4096
2 4096
1 4096
1 4096
5 4096
1 4096
4 4096
1 4096
1 4096
1 4096
1 4096
2 4096
1 4096
1 4096
0 3031
0 3976
0 3957
0 2577
0 3620
0 1843
2 4096
1 4096
2 4096
0 2767
2 4096
0 3535
3 4096
0 3745
2 4096
1 4096
0 2850
2 4096
2 4096
2 4096
0 3887
2 4096
3 4096
0 3057
5 4096
3 4096
1 4096
1 4096
1 4096
1 4096
2 4096
2 4096
2 4096
1 4096
3 4096
3 4096
1 4096
1 4096
1 4096
1 4096
1 4096
1 4096
1 4096
4 4096
1 4096
1 4096
1 4096
2 4096
3 4096
1 4096
1 4096
2 4096
0 2501
3 4096
3 4096
3 4096
1 4096
0 2883
0 2592
0 2623
2 4096
1 4096
2 4096
5 4096
3 4096
1 4096
1 4096
1 4096
1 4096
0 4083
5 4096
1 4096
0 3287
1 4096
1 4096
0 2874
0 2443
1 4096
1 4096
2 4096
1 4096
3 4096
1 4096
0 2347
0 3556
2 4096
0 2578
2 4096
1 4096
1 4096
1 4096
2 4096
1 4096
3 4096
1 4096
2 4096
1 4096
1 4096
1 4096
1 4096
2 4096
0 2434
1 4096
4 4096
1 4096
4 4096
2 4096
1 4096
0 4075
4 4096
0 3165
1 4096
1 4096
2 4096
0 3937
1 4096
1 4096
1 4096
2 4096
0 3305
0 4038
1 4096
2 4096
1 4096
1 4096
1 4096
0 3991
0 3800
0 3476
2 4096
1 4096
0 2292
0 2229
0 3193
3 4096
3 4096
2 4096
1 4096
2 4096
0 3245
0 3876
1 4096
1 4096
0 2657
1 4096
1 4096
2 4096
1 4096
1 4096
1 4096
1 4096
0 2814
2 4096
0 2434
0 2879
2 4096
2 4096
0 2576
0 3100
3 4096
0 2448
0 3170
0 2753
1 4096
1 4096
0 2986
2 4096
1 4096
0 2380
3 4096
2 4096
1 4096
1 4096
1 4096
3 4096
1 4096
1 4096
3 4096
1 4096
0 3092
2 4096
1 4096
1 4096
3 4096
0 3293
1 4096
0 3224
3 4096
2 4096
1 4096
0 2798
0 4015
2 4096
2 4096
1 4096
0 3716
0 3561
0 1899
4 4096
5 4096
1 4096
0 3704
1 4096
2 4096
1 4096
0 3576
1 4096
1 4096
1 4096
0 3036
0 3237
0 2817
2 4096
1 4096
3 4096
3 4096
1 4096
1 4096
1 4096
0 3764
2 4096
2 4096
1 4096
1 4096
0 4004
1 4096
2 4096
0 3545
2 4096
0 3590
0 2475
1 4096
2 4096
3 4096
0 3551
0 2603
2 4096
1 4096
1 4096
0 3118
0 3798
3 4096
1 4096
2 4096
0 2288
2 4096
1 4096
0 3387
0 3910
1 4096
1 4096
3 4096
4 4096
1 4096
2 4096
0 3552
3 4096
2 4096
0 3697
1 4096
0 3107
4 4096
1 4096
5 4096
2 4096
3 4096
1 4096
2 4096
0 2171
1 4096
0 3054
0 4047
0 3156
2 4096
0 2276
2 4096
2 4096
3 4096
2 4096
0 3306
1 4096
1 4096
0 2281
0 2858
1 4096
0 3156
0 3113
0 3732
0 3228
0 3340
0 3189
0 3774
1 4096
1 4096
0 3294
0 3736
0 3753
1 4096
2 4096
2 4096
1 4096
0 2404
0 2530
1 4096
0 1896
2 4096
1 4096
1 4096
1 4096
1 4096
0 2398
2 4096
1 4096
3 4096
0 2249
0 3316
0 1780
1 4096
0 3330
1 4096
1 4096
1 4096
3 4096
2 4096
2 4096
2 4096
1 4096
1 4096
2 4096
5 4096
1 4096
0 3699
2 4096
0 3481
1 4096
1 4096
0 1828
4 4096
0 2174
0 3544
0 2556
0 3237
1 4096
0 3248
0 1916
1 4096
2 4096
2 4096
4 4096
7 4096
1 4096
1 4096
3 4096
4 4096
0 2836
0 3182
2 4096
2 4096
0 3626
1 4096
0 3917
1 4096
3 4096
0 2705
0 2841
3 4096
1 4096
0 1757
0 2708
0 2242
3 4096
1 4096
1 4096
2 4096
0 3128
0 2785
1 4096
3 4096
0 2205
1 4096
2 4096
0 3388
1 4096
0 2458
1 4096
3 4096
2 4096
1 4096
1 4096
0 2969
1 4096
2 4096
0 3653
0 3824
1 4096
1 4096
1 4096
1 4096
0 3435
1 4096
0 2120
3 4096
1 4096
1 4096
0 2371
0 3514
1 4096
2 4096
0 2654
2 4096
0 3837
0 3839
2 4096
4 4096
1 4096
0 2130
2 4096
0 2706
2 4096
1 4096
1 4096
1 4096
1 4096
2 4096
0 2652
2 4096
0 3769
1 4096
1 4096
2 4096
0 3023
1 4096
1 4096
1 4096
1 4096
1 4096
1 4096
1 4096
1 4096
1 4096
1 4096
2 4096
1 4096
0 3023
3 4096
2 4096
2 4096
1 4096
1 4096
2 4096
0 2784
2 4096
1 4096
1 4096
1 4096
0 3401
4 4096
2 4096
3 4096
2 4096
1 4096
4 4096
0 2511
3 4096
3 4096
2 4096
3 4096
2 4096
2 4096
0 2017
4 4096
1 4096
2 4096
2 4096
2 4096
2 4096
1 4096
2 4096
0 3301
1 4096
1 4096
0 2097
1 4096
2 4096
1 4096
1 4096
0 2709
1 4096
0 2749
2 4096
1 4096
2 4096
2 4096
1 4096
0 3280
5 4096
4 4096
1 4096
2 4096
0 3344
0 3003
4 4096
1 4096
0 2996
3 4096
1 4096
1 4096
1 4096
3 4096
1 4096
0 3295
3 4096
1 4096
3 4096
2 4096
0 3546
1 4096
0 2945
2 4096
1 4096
4 4096
1 4096
1 4096
0 1945
0 2202
3 4096
2 4096
2 4096
1 4096
0 3101
1 4096
1 4096
3 4096
4 4096
1 4096
4 4096
2 4096
2 4096
1 4096
1 4096
2 4096
2 4096
0 2825
1 4096
3 4096
1 4096
0 2542
0 2113
2 4096
3 4096
0 2142
2 4096
3 4096
0 4041
2 4096
0 2705
1 4096
0 3167
2 4096
1 4096
1 4096
3 4096
2 4096
3 4096
3 4096
2 4096
1 4096
0 3658
4 4096
3 4096
1 4096
2 4096
1 4096
2 4096
3 4096
1 4096
2 4096
0 1935
2 4096
2 4096
1 4096
3 4096
0 3512
0 3553
2 4096
1 4096
1 4096
0 2592
2 4096
1 4096
0 3263
2 4096
0 1997
0 3774
0 3742
1 4096
1 4096
0 2800
0 2373
3 4096
2 4096
0 3092
3 4096
2 4096
1 4096
2 4096
0 2372
0 2994
4 4096
0 3450
2 4096
4 4096
3 4096
1 4096
2 4096
1 4096
1 4096
3 4096
1 4096
2 4096
2 4096
3 4096
4 4096
1 4096
2 4096
0 1943
1 4096
2 4096
3 4096
1 4096
0 3010
1 4096
1 4096
1 4096
2 4096
2 4096
2 4096
0 4026
1 4096
1 4096
4 4096
1 4096
1 4096
0 3449
0 3308
0 2406
3 4096
2 4096
2 4096
1 4096
2 4096
1 4096
1 4096
1 4096
0 2350
1 4096
0 3480
1 4096
2 4096
1 4096
1 4096
1 4096
1 4096
2 4096
1 4096
1 4096
0 2967
2 4096
5 4096
1 4096
2 4096
3 4096
0 3186
3 4096
3 4096
0 2621
3 4096
2 4096
3 4096
1 4096
1 4096
1 4096
3 4096
0 3532
0 2432
0 1981
1 4096
0 3131
1 4096
1 4096
2 4096
1 4096
2 4096
2 4096
1 4096
2 4096
0 3838
1 4096
1 4096
0 2675
1 4096
0 3091
2 4096
1 4096
3 4096
2 4096
1 4096
2 4096
0 2968
2 4096
2 4096
1 4096
0 3572
0 3778
1 4096
0 2766
2 4096
0 2407
1 4096
0 3163
2 4096
1 4096
0 3631
0 3631
2 4096
1 4096
1 4096
2 4096
2 4096
1 4096
0 3001
1 4096
3 4096
1 4096
0 3297
0 3323
1 4096
0 2770
3 4096
2 4096
0 4024
0 2614
1 4096
1 4096
0 3154
3 4096
0 2511
1 4096
0 2525
3 4096
0 3417
1 4096
0 2611
0 2560
2 4096
2 4096
2 4096
1 4096
2 4096
1 4096
2 4096
5 4096
2 4096
1 4096
0 2529
1 4096
0 3355
1 4096
0 4034
0 3879
1 4096
0 2666
0 2257
0 3010
1 4096
2 4096
0 3577
0 3553
2 4096
0 3544
3 4096
2 4096
2 4096
0 2815
1 4096
3 4096
4 4096
4 4096
1 4096
0 3262
2 4096
3 4096
3 4096
0 3797
1 4096
0 3512
0 3540
1 4096
2 4096
0 2971
1 4096
1 4096
3 4096
1 4096
1 4096
1 4096
4 4096
0 2867
0 2115
1 4096
0 2507
0 3821
3 4096
0 3211
2 4096
0 2678
2 4096
1 4096
2 4096
2 4096
2 4096
0 3490
1 4096
0 3464
2 4096
2 4096
1 4096
3 4096
4 4096
0 3262
2 4096
0 2475
1 4096
2 4096
3 4096
1 4096
0 3660
6 4096
0 2356
0 2050
1 4096
0 3519
1 4096
2 4096
3 4096
0 3086
4 4096
2 4096
0 2815
1 4096
0 2688
3 4096
2 4096
0 3718
2 4096
0 2770
1 4096
0 2375
2 4096
1 4096
2 4096
2 4096
2 4096
2 4096
1 4096
1 4096
1 4096
3 4096
1 4096
3 4096
2 4096
1 4096
0 3369
0 2319
3 4096
1 4096
1 4096
2 4096
1 4096
0 3336
1 4096
0 3045
2 4096
2 4096
1 4096
0 2073
1 4096
2 4096
1 4096
2 4096
1 4096
1 4096
1 4096
2 4096
2 4096
0 2531
0 3758
0 3923
0 3589
2 4096
3 4096
0 3826
2 4096
3 4096
0 3133
2 4096
0 4079
2 4096
0 3614
1 4096
2 4096
1 4096
0 2990
1 4096
1 4096
1 4096
6 4096
1 4096
0 2960
2 4096
1 4096
2 4096
2 4096
0 1971
2 4096
1 4096
1 4096
1 4096
1 4096
2 4096
5 4096
1 4096
1 4096
0 2659
0 3259
2 4096
0 4002
3 4096
0 2254
2 4096
3 4096
2 4096
1 4096
0 2184
3 4096
2 4096
3 4096
2 4096
0 2476
1 4096
2 4096
1 4096
0 3416
2 4096
0 3007
0 2696
1 4096
2 4096
4 4096
2 4096
1 4096
1 4096
0 4092
1 4096
0 3117
4 4096
2 4096
2 4096
1 4096
1 4096
0 2004
2 4096
1 4096
0 3009
3 4096
2 4096
1 4096
2 4096
0 3217
3 4096
1 4096
2 4096
1 4096
1 4096
0 3328
2 4096
0 1910
1 4096
0 2495
1 4096
0 2952
3 4096
1 4096
1 4096
1 4096
0 3056
3 4096
2 4096
1 4096
4 4096
2 4096
0 2985
0 3171
3 4096
0 3485
1 4096
2 4096
2 4096
2 4096
1 4096
3 4096
2 4096
2 4096
4 4096
1 4096
1 4096
3 4096
2 4096
0 2822
5 4096
1 4096
1 4096
1 4096
0 2843
3 4096
2 4096
0 2964
0 2950
2 4096
2 4096
2 4096
0 2797
1 4096
0 4013
1 4096
3 4096
1 4096
4 4096
1 4096
0 3225
1 4096
1 4096
1 4096
1 4096
2 4096
3 4096
2 4096
2 4096
1 4096
1 4096
1 4096
0 2744
1 4096
2 4096
1 4096
3 4096
1 4096
2 4096
1 4096
3 4096
2 4096
5 4096
2 4096
0 3791
2 4096
1 4096
4 4096
1 4096
1 4096
1 4096
2 4096
1 4096
1 4096
1 4096
0 3069
3 4096
3 4096
1 4096
2 4096
3 4096
0 2710
0 3228
2 4096
1 4096
0 3189
1 4096
1 4096
0 2410
2 4096
2 4096
0 3844
2 4096
0 2814
2 4096
1 4096
2 4096
1 4096
2 4096
5 4096
3 4096
2 4096
2 4096
6 4096
3 4096
1 4096
1 4096
2 4096
2 4096
0 2546
1 4096
2 4096
0 4001
2 4096
1 4096
3 4096
0 3070
1 4096
1 4096
0 3010
2 4096
1 4096
0 3728
3 4096
0 3175
0 3433
0 4055
0 2252
2 4096
1 4096
0 3965
1 4096
2 4096
1 4096
2 4096
1 4096
4 4096
1 4096
0 3802
3 4096
1 4096
2 4096
0 2982
2 4096
3 4096
0 3654
0 2699
1 4096
0 3644
3 4096
0 2578
0 3056
2 4096
1 4096
1 4096
1 4096
0 2236
2 4096
0 1854
1 4096
0 2030
1 4096
0 2366
1 4096
1 4096
1 4096
1 4096
3 4096
0 4009
0 2149
0 3731
1 4096
0 3585
1 4096
2 4096
0 2759
2 4096
0 3828
1 4096
1 4096
2 4096
2 4096
2 4096
1 4096
0 2217
2 4096
5 4096
1 4096
2 4096
0 3461
3 4096
0 3978
1 4096
0 2804
2 4096
0 3446
0 3363
2 4096
3 4096
0 3098
0 3517
0 2173
1 4096
2 4096
2 4096
1 4096
1 4096
0 2898
2 4096
0 2722
3 4096
4 4096
0 2607
0 3010
3 4096
0 3497
2 4096
2 4096
0 2534
3 4096
1 4096
1 4096
0 3131
2 4096
0 3357
1 4096
0 2754
0 2144
1 4096
3 4096
0 3692
0 3238
0 3616
1 4096
1 4096
2 4096
2 4096
2 4096
1 4096
0 2348
0 2927
0 2845
2 4096
0 2747
2 4096
3 4096
3 4096
0 3426
1 4096
1 4096
1 4096
1 4096
0 2738
0 2839
1 4096
5 4096
0 3016
2 4096
0 2892
2 4096
1 4096
0 4061
1 4096
1 4096
0 3673
1 4096
4 4096
1 4096
1 4096
3 4096
3 4096
0 3895
1 4096
1 4096
0 2492
1 4096
3 4096
1 4096
0 3903
0 3195
1 4096
2 4096
1 4096
0 3817
1 4096
0 3589
1 4096
0 2688
3 4096
2 4096
1 4096
3 4096
0 2703
0 3299
2 4096
1 4096
1 4096
1 4096
3 4096
0 2962
5 4096
0 2326
0 2490
3 4096
0 2059
1 4096
5 4096
1 4096
4 4096
0 2748
1 4096
2 4096
1 4096
0 3583
1 4096
1 4096
2 4096
0 3711
2 4096
1 4096
1 4096
2 4096
0 3250
4 4096
1 4096
2 4096
0 3101
1 4096
1 4096
1 4096
2 4096
3 4096
2 4096
0 1852
2 4096
1 4096
2 4096
0 1886
2 4096
0 2827
0 3531
1 4096
3 4096
0 3530
4 4096
1 4096
1 4096
1 4096
3 4096
2 4096
0 2843
2 4096
0 3808
3 4096
2 4096
2 4096
0 3238
1 4096
0 2709
0 3466
1 4096
0 2561
2 4096
0 3217
0 2319
0 3104
0 3335
1 4096
2 4096
1 4096
1 4096
0 2736
2 4096
1 4096
3 4096
0 3439
3 4096
0 3278
0 2126
1 4096
1 4096
0 2403
3 4096
2 4096
1 4096
0 3584
3 4096
1 4096
0 4058
0 3011
2 4096
0 2875
0 3803
1 4096
0 2191
1 4096
2 4096
2 4096
0 3742
1 4096
0 3734
0 3601
1 4096
1 4096
3 4096
0 2607
2 4096
2 4096
0 3486
2 4096
2 4096
0 2529
0 3091
0 2044
2 4096
2 4096
3 4096
2 4096
4 4096
0 2893
0 3960
1 4096
0 2617
1 4096
0 3967
0 3364
0 2095
1 4096
0 2905
2 4096
1 4096
1 4096
2 4096
1 4096
3 4096
0 3877
0 3655
1 4096
1 4096
0 3470
0 3696
1 4096
0 2635
4 4096
2 4096
0 1792
1 4096
1 4096
2 4096
0 3262
1 4096
4 4096
2 4096
1 4096
1 4096
1 4096
2 4096
0 2196
1 4096
5 4096
1 4096
0 3483
0 2321
2 4096
0 3349
2 4096
1 4096
3 4096
3 4096
2 4096
1 4096
1 4096
1 4096
1 4096
2 4096
2 4096
1 4096
1 4096
0 2576
3 4096
0 2479
3 4096
3 4096
2 4096
1 4096
1 4096
1 4096
0 3851
0 3942
2 4096
0 3888
2 4096
1 4096
2 4096
4 4096
3 4096
2 4096
5 4096
1 4096
0 3411
1 4096
0 3439
2 4096
1 4096
2 4096
1 4096
1 4096
3 4096
0 3556
1 4096
1 4096
1 4096
2 4096
1 4096
2 4096
3 4096
3 4096
0 3404
2 4096
0 3370
0 2426
1 4096
2 4096
0 2860
0 2905
0 2418
1 4096
3 4096
0 3758
0 2853
1 4096
1 4096
3 4096
3 4096
6 4096
1 4096
0 2354
1 4096
2 4096
2 4096
1 4096
1 4096
1 4096
3 4096
0 2223
0 1844
1 4096
1 4096
1 4096
3 4096
2 4096
1 4096
0 3493
1 4096
3 4096
1 4096
1 4096
2 4096
1 4096
0 3969
1 4096
0 2377
1 4096
1 4096
2 4096
0 3263
0 2571
0 2366
1 4096
2 4096
3 4096
1 4096
2 4096
6 4096
1 4096
0 2254
0 2806
1 4096
0 3672
3 4096
2 4096
0 2352
1 4096
0 2609
0 3915
1 4096
1 4096
0 3223
1 4096
0 3859
0 3700
2 4096
0 3430
2 4096
1 4096
1 4096
1 4096
2 4096
1 4096
0 1995
1 4096
2 4096
0 2024
4 4096
2 4096
2 4096
1 4096
0 3267
0 3079
3 4096
2 4096
0 3040
2 4096
1 4096
0 3671
0 2872
1 4096
2 4096
1 4096
0 2876
4 4096
0 2838
2 4096
2 4096
2 4096
1 4096
1 4096
2 4096
0 2716
0 4061
2 4096
1 4096
0 2476
0 1705
4 4096
2 4096
2 4096
0 2413
3 4096
0 2436
0 3568
1 4096
0 4066
0 3214
2 4096
1 4096
2 4096
4 4096
4 4096
0 3291
1 4096
0 3317
2 4096
0 3304
0 3137
2 4096
1 4096
1 4096
2 4096
1 4096
3 4096
1 4096
2 4096
2 4096
0 4007
1 4096
1 4096
0 3473
2 4096
0 2887
4 4096
0 2136
1 4096
2 4096
0 3011
1 4096
0 2868
0 2634
0 2790
2 4096
2 4096
2 4096
1 4096
1 4096
1 4096
0 3517
3 4096
1 4096
2 4096
2 4096
0 2742
2 4096
0 3068
1 4096
0 3032
0 3153
0 2417
1 4096
1 4096
0 3059
2 4096
1 4096
2 4096
1 4096
1 4096
0 2242
4 4096
1 4096
0 2930
0 3614
0 2604
3 4096
2 4096
1 4096
2 4096
2 4096
1 4096
0 2601
0 3714
2 4096
7 4096
8 4096
0 2498
0 2816
0 2880
1 4096
1 4096
0 3443
1 4096
0 2848
2 4096
2 4096
2 4096
1 4096
0 2672
2 4096
1 4096
0 2784
0 3796
0 2500
0 2118
1 4096
0 2527
0 3620
1 4096
4 4096
2 4096
1 4096
4 4096
1 4096
2 4096
3 4096
2 4096
1 4096
0 3095
2 4096
3 4096
1 4096
1 4096
1 4096
2 4096
1 4096
0 3872
1 4096
0 2127
2 4096
1 4096
1 4096
0 2355
1 4096
1 4096
4 4096
3 4096
2 4096
2 4096
1 4096
2 4096
3 4096
2 4096
0 3323
0 3416
3 4096
1 4096
0 2842
1 4096
1 4096
2 4096
2 4096
1 4096
1 4096
0 3926
1 4096
1 4096
1 4096
0 2470
2 4096
2 4096
1 4096
1 4096
1 4096
0 3226
0 3260
0 2870
1 4096
1 4096
3 4096
2 4096
1 4096
5 4096
2 4096
0 3140
0 3569
1 4096
0 2830
3 4096
0 2264
3 4096
0 3601
2 4096
0 3003
0 3965
1 4096
2 4096
4 4096
0 2717
1 4096
2 4096
2 4096
2 4096
4 4096
2 4096
3 4096
2 4096
0 2499
4 4096
1 4096
1 4096
1 4096
4 4096
0 2378
0 3036
0 3059
0 2855
2 4096
2 4096
0 2836
1 4096
2 4096
3 4096
0 3164
2 4096
0 1974
2 4096
1 4096
3 4096
1 4096
0 2918
1 4096
2 4096
2 4096
1 4096
1 4096
1 4096
2 4096
2 4096
0 3846
2 4096
2 4096
1 4096
0 3320
1 4096
1 4096
1 4096
2 4096
4 4096
0 3461
3 4096
1 4096
1 4096
1 4096
0 3303
0 3665
0 2406
2 4096
2 4096
2 4096
1 4096
1 4096
2 4096
2 4096
0 3424
0 3139
0 2534
1 4096
4 4096
1 4096
1 4096
2 4096
1 4096
0 2205
2 4096
0 2372
1 4096
0 3242
1 4096
2 4096
0 3689
1 4096
2 4096
2 4096
0 3054
2 4096
1 4096
1 4096
0 2187
1 4096
0 2827
4 4096
0 3220
3 4096
2 4096
2 4096
1 4096
0 2783
0 2285
1 4096
3 4096
1 4096
2 4096
0 2364
1 4096
0 2562
1 4096
1 4096
1 4096
0 3506
0 3360
3 4096
0 3456
3 4096
3 4096
0 3678
0 2634
1 4096
0 3328
1 4096
2 4096
1 4096
3 4096
1 4096
0 4066
0 2902
2 4096
3 4096
5 4096
1 4096
1 4096
3 4096
2 4096
6 4096
1 4096
2 4096
3 4096
0 4087
0 3101
0 3249
0 2095
1 4096
0 2867
1 4096
1 4096
0 2756
2 4096
0 3956
1 4096
0 3874
2 4096
2 4096
0 3527
0 3756
2 4096
1 4096
1 4096
1 4096
1 4096
1 4096
4 4096
0 3212
1 4096
0 2427
0 2807
1 4096
1 4096
1 4096
1 4096
0 3620
1 4096
1 4096
0 3324
3 4096
1 4096
1 4096
0 2807
0 3539
2 4096
1 4096
1 4096
1 4096
1 4096
2 4096
0 2054
5 4096
2 4096
1 4096
1 4096
4 4096
0 3970
2 4096
0 2344
0 3028
4 4096
2 4096
1 4096
0 2811
1 4096
2 4096
5 4096
1 4096
1 4096
2 4096
1 4096
1 4096
5 4096
1 4096
2 4096
1 4096
3 4096
1 4096
4 4096
1 4096
0 3614
0 2600
1 4096
2 4096
0 3517
1 4096
1 4096
0 2783
0 1946
1 4096
0 3567
1 4096
1 4096
0 2863
1 4096
0 2784
0 3485
0 2273
3 4096
1 4096
0 4026
2 4096
2 4096
3 4096
1 4096
2 4096
1 4096
3 4096
2 4096
1 4096
0 2869
1 4096
3 4096
1 4096
2 4096
0 2957
0 2321
1 4096
1 4096
2 4096
0 3075
1 4096
2 4096
3 4096
0 2354
2 4096
3 4096
0 3596
1 4096
1 4096
1 4096
0 3913
1 4096
0 2319
1 4096
1 4096
0 2262
1 4096
0 3402
0 2105
0 2318
1 4096
0 2967
1 4096
2 4096
1 4096
3 4096
2 4096
1 4096
1 4096
1 4096
0 3423
1 4096
1 4096
0 3685
1 4096
0 3882
0 4087
4 4096
2 4096
2 4096
3 4096
1 4096
3 4096
1 4096
2 4096
2 4096
1 4096
3 4096
1 4096
2 4096
0 3571
1 4096
1 4096
0 2489
1 4096
1 4096
0 3963
4 4096
0 2719
3 4096
1 4096
1 4096
5 4096
4 4096
1 4096
0 3914
1 4096
0 3663
1 4096
3 4096
1 4096
1 4096
0 3210
0 2694
0 3744
4 4096
1 4096
3 4096
1 4096
0 2409
1 4096
3 4096
0 3753
0 2310
3 4096
1 4096
1 4096
1 4096
1 4096
3 4096
1 4096
1 4096
5 4096
0 2956
1 4096
0 3249
1 4096
4 4096
3 4096
0 2962
0 2498
1 4096
3 4096
2 4096
2 4096
1 4096
3 4096
3 4096
1 4096
0 3139
3 4096
0 3446
0 3552
1 4096
2 4096
2 4096
2 4096
1 4096
1 4096
4 4096
3 4096
1 4096
1 4096
1 4096
0 3167
0 2671
2 4096
1 4096
2 4096
2 4096
3 4096
3 4096
0 3925
0 3741
1 4096
0 3878
3 4096
3 4096
2 4096
1 4096
1 4096
2 4096
1 4096
2 4096
1 4096
1 4096
1 4096
0 2682
1 4096
2 4096
1 4096
1 4096
2 4096
0 3414
3 4096
1 4096
2 4096
4 4096
4 4096
0 3120
2 4096
1 4096
0 4014
0 2343
0 4039
0 2564
1 4096
2 4096
0 3708
2 4096
0 3513
3 4096
2 4096
0 4084
4 4096
0 4074
1 4096
1 4096
1 4096
0 2431
1 4096
0 2767
2 4096
2 4096
1 4096
1 4096
3 4096
1 4096
2 4096
0 2913
1 4096
1 4096
0 4049
2 4096
2 4096
0 3427
0 4058
0 2966
1 4096
3 4096
3 4096
2 4096
1 4096
3 4096
1 4096
2 4096
0 3738
2 4096
0 3386
1 4096
1 4096
1 4096
0 3827
2 4096
1 4096
0 2304
2 4096
2 4096
2 4096
1 4096
0 3739
1 4096
0 3052
1 4096
1 4096
1 4096
1 4096
1 4096
0 2510
0 3614
1 4096
2 4096
2 4096
3 4096
0 3791
1 4096
5 4096
2 4096
6 4096
0 3152
0 2607
3 4096
3 4096
3 4096
2 4096
3 4096
2 4096
0 2960
2 4096
2 4096
7 4096
2 4096
2 4096
3 4096
0 3023
3 4096
0 2384
5 4096
2 4096
3 4096
0 3456
0 2097
0 3184
0 3957
2 4096
1 4096
1 4096
0 3607
0 3024
0 2587
3 4096
1 4096
0 2727
4 4096
2 4096
1 4096
0 4021
1 4096
0 2538
1 4096
1 4096
0 2638
2 4096
2 4096
3 4096
0 3137
1 4096
0 2273
1 4096
0 3544
1 4096
0 3723
4 4096
0 3015
0 2989
2 4096
3 4096
3 4096
2 4096
3 4096
0 2599
2 4096
1 4096
4 4096
0 3486
4 4096
1 4096
0 3115
3 4096
2 4096
1 4096
0 2444
0 3465
2 4096
2 4096
0 3058
0 4061
1 4096
0 3108
0 3596
1 4096
4 4096
0 3313
4 4096
2 4096
0 3900
3 4096
1 4096
1 4096
2 4096
1 4096
7 4096
1 4096
0 3243
0 2422
2 4096
0 2568
1 4096
0 2829
5 4096
2 4096
2 4096
1 4096
0 2670
2 4096
2 4096
1 4096
2 4096
4 4096
1 4096
0 2765
0 2282
2 4096
0 3315
0 3383
1 4096
3 4096
1 4096
0 2748
1 4096
1 4096
1 4096
0 2728
0 3487
0 3936
3 4096
2 4096
0 2324
0 3369
0 3755
0 2957
0 2690
4 4096
2 4096
0 3701
1 4096
1 4096
1 4096
3 4096
2 4096
1 4096
1 4096
0 3731
1 4096
0 3556
3 4096
6 4096
3 4096
0 3997
1 4096
1 4096
1 4096
2 4096
1 4096
0 3295
0 3481
0 2925
1 4096
2 4096
1 4096
0 2167
4 4096
1 4096
1 4096
1 4096
4 4096
2 4096
1 4096
0 2287
1 4096
2 4096
1 4096
0 2889
2 4096
2 4096
1 4096
0 3506
0 3832
1 4096
0 2938
0 3917
2 4096
1 4096
4 4096
0 2484
1 4096
4 4096
3 4096
1 4096
1 4096
3 4096
2 4096
0 3764
0 3446
2 4096
1 4096
0 3161
1 4096
3 4096
0 3746
2 4096
3 4096
2 4096
3 4096
1 4096
1 4096
1 4096
1 4096
3 4096
2 4096
0 2281
1 4096
2 4096
0 3253
3 4096
0 2819
0 3599
0 3417
2 4096
0 3018
1 4096
1 4096
1 4096
0 2967
1 4096
1 4096
1 4096
1 4096
2 4096
3 4096
4 4096
0 3104
0 2659
3 4096
1 4096
1 4096
1 4096
2 4096
0 3229
4 4096
0 3382
3 4096
2 4096
1 4096
0 3372
4 4096
0 3767
1 4096
1 4096
1 4096
3 4096
2 4096
0 3826
1 4096
1 4096
3 4096
3 4096
0 3734
2 4096
0 2137
1 4096
1 4096
3 4096
0 2127
0 3466
0 3513
0 2166
2 4096
1 4096
2 4096
2 4096
2 4096
5 4096
3 4096
1 4096
3 4096
0 2690
1 4096
1 4096
3 4096
0 3347
2 4096
1 4096
1 4096
1 4096
1 4096
1 4096
1 4096
1 4096
1 4096
2 4096
1 4096
1 4096
5 4096
3 4096
1 4096
2 4096
0 3651
1 4096
0 2641
2 4096
1 4096
2 4096
3 4096
1 4096
1 4096
2 4096
3 4096
1 4096
1 4096
2 4096
1 4096
1 4096
1 4096
4 4096
4 4096
1 4096
1 4096
1 4096
1 4096
1 4096
0 3152
3 4096
3 4096
1 4096
2 4096
0 4065
2 4096
1 4096
1 4096
0 3309
5 4096
1 4096
1 4096
2 4096
2 4096
1 4096
3 4096
1 4096
0 4006
0 3393
2 4096
3 4096
2 4096
0 3168
2 4096
2 4096
1 4096
0 3758
2 4096
0 3154
0 4035
3 4096
2 4096
0 2107
2 4096
1 4096
0 2224
0 3140
1 4096
1 4096
3 4096
1 4096
2 4096
0 3554
1 4096
1 4096
2 4096
0 4018
0 2438
4 4096
1 4096
2 4096
1 4096
2 4096
3 4096
1 4096
1 4096
2 4096
1 4096
3 4096
2 4096
3 4096
0 3519
2 4096
0 3662
3 4096
1 4096
1 4096
0 2965
3 4096
1 4096
2 4096
1 4096
1 4096
1 4096
1 4096
2 4096
2 4096
1 4096
1 4096
3 4096
1 4096
1 4096
4 4096
3 4096
2 4096
2 4096
2 4096
1 4096
0 3079
1 4096
2 4096
0 2169
1 4096
0 3024
0 3211
2 4096
0 3103
3 4096
2 4096
4 4096
2 4096
2 4096
2 4096
3 4096
2 4096
1 4096
2 4096
1 4096
2 4096
3 4096
1 4096
0 3077
1 4096
1 4096
4 4096
1 4096
2 4096
3 4096
2 4096
3 4096
0 3728
1 4096
1 4096
1 4096
1 4096
3 4096
0 3725
2 4096
1 4096
0 3234
1 4096
1 4096
1 4096
2 4096
2 4096
1 4096
2 4096
1 4096
3 4096
2 4096
1 4096
2 4096
2 4096
2 4096
0 3121
0 2986
0 3871
2 4096
3 4096
1 4096
0 3592
5 4096
2 4096
2 4096
2 4096
0 2204
2 4096
3 4096
0 3518
1 4096
0 2393
4 4096
1 4096
3 4096
0 2786
1 4096
0 2299
2 4096
0 3989
5 4096
1 4096
1 4096
1 4096
2 4096
3 4096
1 4096
1 4096
2 4096
1 4096
1 4096
1 4096
0 2851
1 4096
3 4096
1 4096
1 4096
4 4096
2 4096
0 3952
2 4096
1 4096
1 4096
1 4096
1 4096
0 3347
2 4096
1 4096
2 4096
3 4096
2 4096
1 4096
1 4096
1 4096
2 4096
2 4096
4 4096
2 4096
1 4096
2 4096
1 4096
1 4096
0 3350
1 4096
1 4096
1 4096
3 4096
4 4096
0 1893
1 4096
2 4096
1 4096
4 4096
1 4096
4 4096
2 4096
1 4096
1 4096
2 4096
1 4096
2 4096
1 4096
0 2616
0 1935
2 4096
1 4096
1 4096
0 3534
1 4096
1 4096
0 2226
4 4096
0 2229
2 4096
1 4096
2 4096
1 4096
5 4096
0 3791
0 3041
2 4096
1 4096
1 4096
1 4096
3 4096
3 4096
1 4096
0 3447
1 4096
4 4096
2 4096
2 4096
1 4096
2 4096
0 2171
2 4096
0 2964
0 2640
2 4096
2 4096
2 4096
2 4096
1 4096
3 4096
1 4096
3 4096
0 3760
0 3827
2 4096
1 4096
2 4096
0 1913
1 4096
1 4096
2 4096
4 4096
3 4096
1 4096
1 4096
0 2835
1 4096
3 4096
2 4096
2 4096
0 2659
1 4096
0 3820
2 4096
2 4096
1 4096
1 4096
2 4096
0 1787
1 4096
0 3647
1 4096
0 3325
3 4096
2 4096
1 4096
2 4096
1 4096
1 4096
1 4096
2 4096
1 4096
1 4096
1 4096
1 4096
2 4096
1 4096
1 4096
1 4096
1 4096
1 4096
1 4096
2 4096
4 4096
1 4096
1 4096
0 2891
0 3306
3 4096
1 4096
2 4096
2 4096
2 4096
2 4096
2 4096
0 3588
3 4096
0 3215
2 4096
0 3376
2 4096
2 4096
3 4096
0 3243
1 4096
0 3874
2 4096
1 4096
2 4096
1 4096
0 3559
1 4096
1 4096
0 3032
0 3761
0 3919
1 4096
0 3937
1 4096
1 4096
1 4096
2 4096
3 4096
2 4096
0 3617
0 3692
0 2048
3 4096
2 4096
1 4096
0 2767
3 4096
2 4096
0 2274
0 2767
1 4096
1 4096
2 4096
0 3925
2 4096
1 4096
4 4096
2 4096
3 4096
3 4096
1 4096
2 4096
1 4096
2 4096
1 4096
4 4096
1 4096
2 4096
2 4096
1 4096
0 2616
0 3099
1 4096
0 2566
1 4096
0 3240
2 4096
2 4096
1 4096
2 4096
1 4096
1 4096
0 3563
3 4096
2 4096
2 4096
0 3196
3 4096
0 2329
0 1900
0 2657
2 4096
0 3703
1 4096
2 4096
3 4096
2 4096
2 4096
3 4096
0 1953
2 4096
2 4096
0 3842
4 4096
0 3778
1 4096
0 3249
1 4096
2 4096
2 4096
0 2350
1 4096
1 4096
1 4096
0 3643
2 4096
2 4096
1 4096
0 3042
0 4067
1 4096
2 4096
1 4096
1 4096
0 4085
1 4096
1 4096
1 4096
0 2861
2 4096
2 4096
2 4096
0 2326
2 4096
2 4096
1 4096
3 4096
0 2346
1 4096
1 4096
0 2516
1 4096
1 4096
0 2971
1 4096
5 4096
1 4096
0 3335
2 4096
3 4096
3 4096
0 3767
1 4096
1 4096
1 4096
1 4096
3 4096
1 4096
1 4096
1 4096
4 4096
1 4096
0 2710
0 2381
2 4096
2 4096
1 4096
3 4096
0 4057
3 4096
2 4096
0 3839
0 3998
1 4096
0 3406
1 4096
1 4096
1 4096
3 4096
2 4096
0 3486
1 4096
3 4096
0 3203
3 4096
2 4096
0 2399
1 4096
1 4096
1 4096
2 4096
0 2948
0 3893
4 4096
3 4096
1 4096
0 3337
2 4096
1 4096
2 4096
2 4096
2 4096
3 4096
0 1867
2 4096
1 4096
0 2261
1 4096
0 3175
0 3578
0 4020
1 4096
2 4096
3 4096
0 3786
0 2624
2 4096
1 4096
4 4096
1 4096
0 2642
0 2627
3 4096
0 2573
0 3828
2 4096
4 4096
2 4096
5 4096
1 4096
1 4096
2 4096
1 4096
1 4096
0 2887
2 4096
1 4096
1 4096
1 4096
1 4096
4 4096
1 4096
2 4096
3 4096
1 4096
0 2305
2 4096
2 4096
1 4096
1 4096
2 4096
0 3426
0 3437
0 2797
1 4096
1 4096
6 4096
3 4096
3 4096
2 4096
0 2644
1 4096
1 4096
1 4096
1 4096
0 2333
3 4096
0 3116
3 4096
0 3513
1 4096
3 4096
1 4096
1 4096
1 4096
0 2208
0 3049
0 2117
3 4096
1 4096
0 3466
0 3387
1 4096
1 4096
2 4096
2 4096
3 4096
1 4096
0 3713
1 4096
2 4096
1 4096
0 2386
1 4096
1 4096
1 4096
2 4096
2 4096
0 2567
1 4096
2 4096
0 3745
0 3153
0 2082
1 4096
0 2644
3 4096
2 4096
0 3821
1 4096
2 4096
1 4096
3 4096
2 4096
3 4096
1 4096
2 4096
1 4096
2 4096
2 4096
2 4096
4 4096
1 4096
1 4096
0 3166
2 4096
5 4096
0 2725
1 4096
1 4096
1 4096
7 4096
1 4096
0 3395
3 4096
0 2596
1 4096
1 4096
0 3519
0 2313
1 4096
0 4056
0 2054
0 3076
1 4096
1 4096
2 4096
1 4096
1 4096
2 4096
1 4096
3 4096
0 3685
2 4096
2 4096
0 4025
2 4096
0 2847
3 4096
1 4096
0 3538
1 4096
2 4096
1 4096
1 4096
3 4096
0 3083
4 4096
1 4096
3 4096
1 4096
2 4096
1 4096
1 4096
1 4096
4 4096
1 4096
0 3337
2 4096
2 4096
2 4096
3 4096
4 4096
3 4096
3 4096
0 3512
3 4096
1 4096
2 4096
1 4096
1 4096
1 4096
1 4096
1 4096
2 4096
2 4096
3 4096
1 4096
0 2667
1 4096
0 4080
0 3712
2 4096
2 4096
4 4096
2 4096
0 2279
1 4096
2 4096
1 4096
1 4096
1 4096
0 3303
3 4096
1 4096
3 4096
1 4096
1 4096
1 4096
0 2294
2 4096
3 4096
0 3993
2 4096
1 4096
0 2519
2 4096
1 4096
2 4096
1 4096
0 3825
0 3611
0 2371
0 2431
1 4096
3 4096
1 4096
0 2685
1 4096
2 4096
5 4096
1 4096
0 3370
0 4079
2 4096
2 4096
3 4096
1 4096
0 2456
2 4096
6 4096
0 3843
0 2968
2 4096
0 2368
2 4096
0 1981
3 4096
2 4096
3 4096
0 2435
0 2587
3 4096
0 2268
3 4096
3 4096
4 4096
0 3469
1 4096
4 4096
0 3597
2 4096
0 3951
0 2906
0 2213
2 4096
1 4096
1 4096
3 4096
1 4096
1 4096
1 4096
0 4084
0 3458
0 2235
0 2969
4 4096
1 4096
1 4096
0 3696
2 4096
0 3395
3 4096
3 4096
0 2695
1 4096
0 3671
3 4096
3 4096
0 3550
2 4096
4 4096
1 4096
4 4096
2 4096
1 4096
2 4096
4 4096
2 4096
3 4096
1 4096
2 4096
1 4096
1 4096
1 4096
0 4055
0 3106
0 2342
1 4096
1 4096
1 4096
0 2083
1 4096
2 4096
1 4096
3 4096
1 4096
1 4096
1 4096
0 3976
1 4096
1 4096
1 4096
0 2494
0 2653
2 4096
7 4096
1 4096
2 4096
1 4096
2 4096
2 4096
3 4096
4 4096
2 4096
1 4096
0 3157
3 4096
2 4096
1 4096
1 4096
0 3095
0 3390
1 4096
1 4096
4 4096
2 4096
5 4096
0 3168
5 4096
1 4096
1 4096
1 4096
1 4096
1 4096
2 4096
2 4096
1 4096
1 4096
0 3187
1 4096
2 4096
1 4096
0 2726
3 4096
2 4096
1 4096
2 4096
2 4096
1 4096
3 4096
0 3871
1 4096
0 3103
0 3747
1 4096
0 3891
3 4096
2 4096
1 4096
1 4096
2 4096
0 3545
0 2349
2 4096
1 4096
2 4096
0 3099
1 4096
1 4096
1 4096
1 4096
1 4096
0 3168
2 4096
4 4096
2 4096
0 3049
0 3870
1 4096
2 4096
0 3244
1 4096
0 2896
0 3665
1 4096
3 4096
0 3404
1 4096
1 4096
3 4096
3 4096
1 4096
0 3701
0 2557
1 4096
1 4096
0 3889
3 4096
0 3880
3 4096
4 4096
0 3469
0 3309
1 4096
3 4096
2 4096
2 4096
2 4096
1 4096
0 3130
1 4096
0 2584
1 4096
1 4096
1 4096
1 4096
2 4096
2 4096
1 4096
1 4096
2 4096
1 4096
0 2889
0 3156
2 4096
2 4096
0 3681
2 4096
2 4096
2 4096
1 4096
2 4096
1 4096
2 4096
2 4096
0 3966
0 3302
0 3895
1 4096
0 3796
1 4096
0 1961
3 4096
2 4096
2 4096
1 4096
2 4096
1 4096
0 2361
1 4096
2 4096
2 4096
2 4096
0 2822
0 2324
0 3010
2 4096
2 4096
1 4096
0 2887
1 4096
3 4096
0 3057
0 3467
1 4096
1 4096
7 4096
1 4096
3 4096
3 4096
3 4096
0 3173
2 4096
0 2711
0 3957
1 4096
1 4096
2 4096
1 4096
0 2777
0 2614
0 3700
1 4096
1 4096
0 3478
0 3567
2 4096
2 4096
1 4096
0 3753
1 4096
2 4096
3 4096
0 3698
1 4096
0 3198
4 4096
4 4096
2 4096
1 4096
4 4096
0 2470
4 4096
0 3847
2 4096
1 4096
1 4096
4 4096
0 3313
0 2591
0 3642
0 2347
1 4096
0 3768
2 4096
2 4096
1 4096
1 4096
3 4096
1 4096
0 1789
2 4096
2 4096
1 4096
1 4096
2 4096
3 4096
3 4096
0 4040
0 4007
2 4096
0 3555
1 4096
4 4096
3 4096
1 4096
0 2667
1 4096
2 4096
2 4096
1 4096
0 2410
2 4096
1 4096
0 3105
0 3236
1 4096
1 4096
1 4096
0 2204
2 4096
3 4096
3 4096
0 3954
1 4096
1 4096
2 4096
1 4096
0 2086
5 4096
1 4096
1 4096
0 3583
1 4096
0 2670
0 2524
5 4096
1 4096
1 4096
1 4096
1 4096
3 4096
0 2870
1 4096
0 3629
1 4096
1 4096
0 3401
2 4096
0 2690
0 2861
5 4096
1 4096
0 3390
2 4096
3 4096
2 4096
2 4096
1 4096
3 4096
1 4096
1 4096
1 4096
5 4096
0 3030
0 2318
3 4096
1 4096
1 4096
0 2482
0 2619
2 4096
1 4096
1 4096
1 4096
1 4096
3 4096
5 4096
1 4096
0 3945
1 4096
2 4096
1 4096
0 3504
2 4096
0 2182
1 4096
3 4096
1 4096
2 4096
0 2952
1 4096
1 4096
1 4096
3 4096
0 3032
1 4096
1 4096
1 4096
2 4096
3 4096
1 4096
1 4096
1 4096
1 4096
0 2445
1 4096
0 3762
5 4096
3 4096
1 4096
1 4096
4 4096
0 2334
1 4096
4 4096
0 2246
1 4096
4 4096
1 4096
1 4096
0 2832
2 4096
3 4096
1 4096
2 4096
0 2667
0 2896
0 2043
1 4096
0 2279
1 4096
4 4096
1 4096
1 4096
2 4096
0 2421
4 4096
0 2594
5 4096
1 4096
1 4096
0 1993
1 4096
2 4096
1 4096
0 4088
1 4096
3 4096
1 4096
3 4096
3 4096
2 4096
1 4096
1 4096
0 2924
0 3386
0 3730
2 4096
4 4096
1 4096
0 3535
2 4096
1 4096
0 2126
5 4096
1 4096
4 4096
0 4000
4 4096
2 4096
0 2806
1 4096
0 1959
0 4037
2 4096
1 4096
0 3199
2 4096
1 4096
3 4096
1 4096
1 4096
2 4096
0 2956
2 4096
2 4096
1 4096
0 2578
1 4096
0 3296
2 4096
2 4096
1 4096
2 4096
2 4096
0 3105
1 4096
1 4096
0 2871
1 4096
1 4096
0 2897
2 4096
2 4096
4 4096
0 2864
1 4096
1 4096
2 4096
2 4096
1 4096
1 4096
1 4096
0 3875
5 4096
2 4096
0 1939
3 4096
1 4096
1 4096
4 4096
1 4096
0 3563
3 4096
3 4096
0 2540
0 2834
2 4096
1 4096
2 4096
0 2086
1 4096
0 2752
4 4096
0 3765
0 2923
1 4096
0 3436
2 4096
0 2364
0 3556
1 4096
3 4096
3 4096
2 4096
3 4096
2 4096
0 3413
1 4096
1 4096
3 4096
0 3860
1 4096
1 4096
0 3394
4 4096
0 2549
1 4096
2 4096
1 4096
3 4096
2 4096
0 3150
1 4096
5 4096
4 4096
0 2192
1 4096
3 4096
0 2520
2 4096
1 4096
1 4096
2 4096
0 3058
1 4096
0 2135
2 4096
0 2918
0 3104
4 4096
1 4096
1 4096
1 4096
1 4096
1 4096
2 4096
0 3465
1 4096
1 4096
0 2070
1 4096
0 2975
2 4096
0 3236
1 4096
1 4096
0 2827
1 4096
1 4096
3 4096
2 4096
1 4096
1 4096
0 2927
0 3365
1 4096
1 4096
2 4096
2 4096
0 3380
0 3889
4 4096
0 2354
0 3237
0 3111
0 3056
2 4096
0 3783
2 4096
2 4096
0 3852
4 4096
3 4096
3 4096
3 4096
3 4096
1 4096
2 4096
1 4096
1 4096
2 4096
1 4096
1 4096
2 4096
0 3344
3 4096
0 2436
2 4096
0 3285
1 4096
4 4096
1 4096
2 4096
0 3618
1 4096
0 3309
1 4096
0 3113
1 4096
1 4096
5 4096
1 4096
1 4096
1 4096
3 4096
1 4096
3 4096
0 3343
0 3912
1 4096
0 3360
2 4096
0 3456
2 4096
2 4096
3 4096
0 3507
1 4096
5 4096
1 4096
2 4096
1 4096
2 4096
0 3951
2 4096
4 4096
3 4096
1 4096
2 4096
0 2765
0 2690
2 4096
3 4096
4 4096
1 4096
1 4096
1 4096
3 4096
1 4096
2 4096
2 4096
1 4096
0 3684
1 4096
1 4096
0 3465
0 4092
2 4096
3 4096
1 4096
1 4096
1 4096
2 4096
0 2469
1 4096
2 4096
1 4096
3 4096
2 4096
3 4096
2 4096
1 4096
2 4096
2 4096
0 4091
3 4096
1 4096
0 3251
2 4096
3 4096
4 4096
0 2850
1 4096
0 4043
2 4096
1 4096
0 3087
4 4096
0 2353
1 4096
2 4096
1 4096
1 4096
0 3723
1 4096
0 3850
0 4061
1 4096
2 4096
0 3641
0 2708
1 4096
2 4096
0 3565
0 3887
0 3705
1 4096
1 4096
1 4096
1 4096
2 4096
0 2718
1 4096
1 4096
0 2827
1 4096
2 4096
2 4096
1 4096
0 3785
2 4096
1 4096
0 3269
1 4096
0 3977
1 4096
1 4096
0 3184
2 4096
2 4096
0 2257
0 2936
1 4096
0 2609
0 2354
1 4096
0 3649
0 2353
2 4096
3 4096
2 4096
0 2794
0 3011
0 3747
2 4096
2 4096
0 3205
0 3297
1 4096
0 2714
1 4096
2 4096
3 4096
2 4096
3 4096
4 4096
0 3662
1 4096
2 4096
1 4096
1 4096
1 4096
1 4096
1 4096
1 4096
2 4096
1 4096
1 4096
0 3171
1 4096
1 4096
1 4096
2 4096
1 4096
0 3810
1 4096
0 3108
2 4096
6 4096
4 4096
0 2810
1 4096
2 4096
0 3284
3 4096
2 4096
1 4096
0 3902
3 4096
0 3229
1 4096
1 4096
0 2951
2 4096
3 4096
2 4096
0 3951
3 4096
0 2672
1 4096
1 4096
1 4096
0 3997
0 3732
2 4096
2 4096
1 4096
2 4096
1 4096
1 4096
0 2540
2 4096
0 4010
1 4096
0 3276
1 4096
1 4096
2 4096
2 4096
1 4096
1 4096
1 4096
2 4096
2 4096
1 4096
1 4096
1 4096
2 4096
0 2425
1 4096
2 4096
3 4096
0 2481
0 3956
2 4096
2 4096
2 4096
2 4096
0 2284
2 4096
1 4096
2 4096
2 4096
0 2719
3 4096
2 4096
2 4096
1 4096
0 2923
1 4096
2 4096
0 2595
1 4096
1 4096
1 4096
2 4096
0 2238
0 2770
1 4096
0 2816
1 4096
0 2792
0 3607
0 2887
1 4096
0 3532
1 4096
2 4096
4 4096
1 4096
2 4096
0 2679
1 4096
0 3140
1 4096
3 4096
1 4096
0 2218
1 4096
0 2721
1 4096
1 4096
1 4096
0 3909
1 4096
3 4096
1 4096
3 4096
2 4096
1 4096
2 4096
7 4096
3 4096
2 4096
1 4096
2 4096
2 4096
0 2848
1 4096
1 4096
1 4096
0 2956
0 3373
3 4096
0 4042
3 4096
2 4096
1 4096
0 2997
2 4096
0 1940
2 4096
2 4096
0 2240
1 4096
0 2988
0 2990
1 4096
3 4096
0 4026
1 4096
2 4096
2 4096
2 4096
1 4096
1 4096
0 3260
0 2664
1 4096
0 3706
0 4027
1 4096
1 4096
0 2279
0 4064
2 4096
1 4096
0 3854
1 4096
2 4096
4 4096
1 4096
2 4096
0 2054
0 2820
1 4096
0 3407
4 4096
5 4096
1 4096
1 4096
0 3013
0 2252
1 4096
1 4096
0 3059
1 4096
3 4096
0 3443
2 4096
1 4096
1 4096
2 4096
1 4096
1 4096
2 4096
0 3412
2 4096
3 4096
2 4096
0 2506
3 4096
0 3533
1 4096
0 2684
0 3694
2 4096
1 4096
1 4096
3 4096
0 3154
1 4096
0 3422
1 4096
2 4096
1 4096
1 4096
1 4096
2 4096
3 4096
2 4096
2 4096
1 4096
3 4096
0 3424
0 3523
1 4096
3 4096
0 3307
1 4096
2 4096
0 2459
1 4096
1 4096
0 2720
2 4096
1 4096
0 2781
0 2349
1 4096
2 4096
2 4096
3 4096
0 3143
2 4096
4 4096
2 4096
3 4096
1 4096
4 4096
3 4096
1 4096
0 3077
1 4096
1 4096
2 4096
2 4096
5 4096
0 2448
7 4096
2 4096
2 4096
4 4096
0 3471
1 4096
0 2574
2 4096
3 4096
2 4096
0 2134
0 3617
2 4096
0 4092
1 4096
1 4096
0 3307
4 4096
0 3249
4 4096
0 2807
0 3702
1 4096
3 4096
1 4096
1 4096
0 2765
0 3249
2 4096
2 4096
2 4096
1 4096
1 4096
4 4096
2 4096
0 2026
2 4096
2 4096
1 4096
2 4096
0 1970
2 4096
0 3903
1 4096
3 4096
1 4096
2 4096
2 4096
1 4096
1 4096
1 4096
1 4096
0 2783
2 4096
3 4096
2 4096
2 4096
3 4096
2 4096
5 4096
0 3354
0 3289
1 4096
3 4096
2 4096
0 3265
0 3509
0 4032
1 4096
1 4096
1 4096
0 2539
0 3001
1 4096
2 4096
1 4096
0 2888
2 4096
1 4096
1 4096
6 4096
1 4096
1 4096
3 4096
0 2549
2 4096
1 4096
4 4096
1 4096
3 4096
3 4096
0 2595
0 2268
0 2709
1 4096
0 2848
3 4096
2 4096
2 4096
1 4096
2 4096
0 2508
4 4096
1 4096
0 3041
2 4096
1 4096
4 4096
1 4096
2 4096
2 4096
1 4096
1 4096
1 4096
4 4096
2 4096
1 4096
0 3926
0 3277
0 3575
0 2187
0 3794
1 4096
4 4096
0 2517
2 4096
0 2509
1 4096
0 3653
0 1957
1 4096
1 4096
1 4096
0 3258
3 4096
0 3196
0 3031
0 4090
0 3929
7 4096
2 4096
2 4096
2 4096
0 3826
0 2463
1 4096
0 4013
1 4096
2 4096
3 4096
4 4096
1 4096
4 4096
3 4096
0 2758
0 1975
0 2317
0 1958
1 4096
3 4096
0 3525
0 1918
0 2837
4 4096
4 4096
2 4096
3 4096
3 4096
1 4096
1 4096
4 4096
0 2955
3 4096
2 4096
1 4096
1 4096
4 4096
0 2500
2 4096
1 4096
0 2749
1 4096
0 3890
0 2505
1 4096
1 4096
0 4059
0 3481
0 3371
3 4096
3 4096
1 4096
1 4096
0 2577
0 2695
1 4096
2 4096
2 4096
2 4096
1 4096
2 4096
1 4096
3 4096
2 4096
1 4096
1 4096
4 4096
2 4096
2 4096
0 2669
2 4096
1 4096
0 2450
2 4096
3 4096
6 4096
0 4091
1 4096
2 4096
0 3225
1 4096
1 4096
2 4096
2 4096
1 4096
2 4096
1 4096
0 2953
1 4096
3 4096
0 1945
4 4096
1 4096
1 4096
3 4096
1 4096
1 4096
1 4096
4 4096
2 4096
0 3801
0 3217
0 3201
1 4096
1 4096
0 3303
2 4096
1 4096
2 4096
1 4096
2 4096
0 3351
0 3707
3 4096
3 4096
1 4096
0 3829
1 4096
1 4096
2 4096
2 4096
0 2127
0 3014
0 3042
0 2953
3 4096
1 4096
2 4096
1 4096
0 2315
0 2484
1 4096
0 3131
1 4096
1 4096
1 4096
3 4096
3 4096
0 2225
1 4096
2 4096
1 4096
2 4096
1 4096
0 2608
2 4096
0 2698
5 4096
2 4096
0 2929
0 3724
2 4096
2 4096
0 3234
1 4096
0 4040
1 4096
1 4096
2 4096
1 4096
2 4096
2 4096
0 3289
0 3394
6 4096
3 4096
0 3976
2 4096
0 3919
0 2472
0 3986
0 3265
1 4096
0 3271
0 2600
0 2696
1 4096
4 4096
0 3483
1 4096
0 2216
0 3856
0 3651
0 2927
1 4096
2 4096
0 3273
4 4096
1 4096
0 2551
1 4096
2 4096
1 4096
2 4096
2 4096
1 4096
0 2812
0 3141
1 4096
1 4096
0 3689
4 4096
0 2371
3 4096
0 2461
0 2628
0 2214
1 4096
1 4096
4 4096
2 4096
1 4096
3 4096
1 4096
5 4096
2 4096
2 4096
2 4096
4 4096
5 4096
1 4096
1 4096
0 2911
0 3213
4 4096
0 3942
2 4096
0 3145
0 4083
0 2153
4 4096
0 2431
3 4096
2 4096
0 3574
3 4096
0 3211
0 1986
3 4096
2 4096
1 4096
0 2637
1 4096
0 2208
2 4096
2 4096
0 2515
3 4096
0 2738
1 4096
4 4096
2 4096
2 4096
1 4096
3 4096
1 4096
1 4096
5 4096
2 4096
3 4096
1 4096
1 4096
0 3146
1 4096
0 3701
1 4096
0 1998
2 4096
2 4096
1 4096
4 4096
2 4096
0 2305
2 4096
1 4096
1 4096
1 4096
0 3155
0 3943
1 4096
0 2576
0 4018
3 4096
3 4096
0 2913
4 4096
3 4096
1 4096
1 4096
0 3633
2 4096
2 4096
1 4096
2 4096
2 4096
0 2742
1 4096
2 4096
1 4096
3 4096
2 4096
0 3510
0 4026
2 4096
3 4096
1 4096
3 4096
1 4096
2 4096
1 4096
3 4096
6 4096
3 4096
1 4096
2 4096
0 2130
0 3763
4 4096
0 3554
0 2834
3 4096
0 2042
0 2887
1 4096
2 4096
0 2804
0 2993
0 3022
0 3767
1 4096
3 4096
4 4096
2 4096
0 3697
3 4096
1 4096
1 4096
0 3456
2 4096
1 4096
2 4096
3 4096
1 4096
0 2610
0 3666
2 4096
2 4096
1 4096
1 4096
1 4096
1 4096
0 2018
0 4040
1 4096
1 4096
1 4096
0 3867
2 4096
0 3792
0 3509
0 2271
2 4096
2 4096
0 3425
0 3661
1 4096
2 4096
1 4096
1 4096
2 4096
1 4096
2 4096
0 3451
0 3293
1 4096
1 4096
0 4081
1 4096
1 4096
0 2457
4 4096
0 3325
3 4096
1 4096
3 4096
2 4096
1 4096
1 4096
2 4096
0 3506
1 4096
1 4096
0 2700
2 4096
1 4096
2 4096
1 4096
0 3281
0 2994
2 4096
2 4096
0 2728
2 4096
1 4096
0 3761
2 4096
0 3074
2 4096
2 4096
2 4096
3 4096
1 4096
1 4096
1 4096
4 4096
0 2036
4 4096
3 4096
0 3271
1 4096
2 4096
1 4096
0 3541
1 4096
0 2250
1 4096
2 4096
3 4096
2 4096
2 4096
1 4096
0 3851
1 4096
0 2839
6 4096
2 4096
1 4096
1 4096
1 4096
2 4096
0 2654
2 4096
4 4096
1 4096
1 4096
1 4096
6 4096
0 2386
3 4096
1 4096
0 3183
4 4096
1 4096
0 2635
2 4096
2 4096
2 4096
0 2822
2 4096
2 4096
0 3507
3 4096
1 4096
3 4096
1 4096
1 4096
2 4096
2 4096
5 4096
0 2057
2 4096
0 3980
2 4096
1 4096
2 4096
1 4096
2 4096
1 4096
1 4096
0 2744
2 4096
0 3254
1 4096
1 4096
1 4096
0 4086
4 4096
2 4096
1 4096
1 4096
2 4096
1 4096
4 4096
1 4096
0 2639
3 4096
2 4096
1 4096
3 4096
4 4096
0 3771
1 4096
0 3747
1 4096
1 4096
3 4096
1 4096
1 4096
3 4096
2 4096
0 3726
1 4096
1 4096
1 4096
3 4096
0 2649
0 2193
0 4089
0 2842
0 3429
1 4096
1 4096
2 4096
1 4096
1 4096
2 4096
2 4096
4 4096
3 4096
0 4067
1 4096
0 2688
0 3410
1 4096
3 4096
0 2594
2 4096
3 4096
0 3658
0 1983
1 4096
2 4096
1 4096
0 3687
1 4096
1 4096
1 4096
0 4051
4 4096
1 4096
0 2911
1 4096
1 4096
0 2221
1 4096
0 3586
0 3029
0 2630
2 4096
0 3480
1 4096
5 4096
0 2074
3 4096
0 3265
1 4096
0 2867
0 2457
3 4096
4 4096
1 4096
2 4096
3 4096
2 4096
0 3493
3 4096
3 4096
0 3801
1 4096
0 3836
1 4096
1 4096
4 4096
0 3005
1 4096
1 4096
0 3256
0 3683
0 3434
2 4096
4 4096
2 4096
1 4096
2 4096
1 4096
1 4096
0 3555
2 4096
4 4096
0 3047
1 4096
1 4096
0 2363
2 4096
3 4096
6 4096
1 4096
2 4096
0 3572
0 2936
1 4096
0 2770
1 4096
0 2814
2 4096
0 1882
0 4024
2 4096
2 4096
1 4096
0 2119
4 4096
2 4096
1 4096
1 4096
0 2081
1 4096
2 4096
2 4096
0 2791
2 4096
3 4096
0 3652
1 4096
6 4096
0 3164
2 4096
2 4096
0 3263
2 4096
0 2263
1 4096
2 4096
2 4096
0 2643
0 3917
0 3174
1 4096
2 4096
2 4096
0 2289
2 4096
1 4096
1 4096
1 4096
0 3185
1 4096
1 4096
2 4096
0 3697
2 4096
0 3398
1 4096
0 3561
1 4096
1 4096
1 4096
0 4034
3 4096
0 2628
1 4096
0 3277
4 4096
1 4096
2 4096
1 4096
1 4096
0 2905
1 4096
0 2568
1 4096
1 4096
0 3048
2 4096
0 3467
1 4096
0 3295
1 4096
4 4096
2 4096
0 3883
4 4096
1 4096
1 4096
1 4096
1 4096
1 4096
0 3201
1 4096
2 4096
1 4096
1 4096
4 4096
1 4096
0 2233
2 4096
0 2310
0 3955
0 2639
2 4096
0 2781
2 4096
2 4096
2 4096
0 3781
1 4096
0 3329
0 3733
1 4096
1 4096
1 4096
2 4096
0 4078
0 3960
2 4096
2 4096
1 4096
1 4096
1 4096
1 4096
2 4096
3 4096
0 3019
2 4096
1 4096
2 4096
1 4096
2 4096
1 4096
1 4096
1 4096
1 4096
0 3165
3 4096
0 2111
2 4096
0 2908
2 4096
1 4096
1 4096
0 3952
0 2841
3 4096
2 4096
0 2090
0 3199
1 4096
2 4096
1 4096
0 3879
0 3167
3 4096
0 3334
1 4096
1 4096
0 2830
1 4096
0 3717
0 1867
2 4096
2 4096
2 4096
2 4096
2 4096
2 4096
0 4080
1 4096
4 4096
1 4096
1 4096
2 4096
1 4096
2 4096
1 4096
0 3275
1 4096
0 2497
0 3194
1 4096
0 3289
0 2768
1 4096
1 4096
5 4096
2 4096
1 4096
2 4096
1 4096
0 2439
2 4096
1 4096
0 2447
1 4096
1 4096
1 4096
1 4096
1 4096
2 4096
2 4096
0 2620
2 4096
1 4096
1 4096
1 4096
0 3851
0 2944
0 3245
2 4096
3 4096
1 4096
0 3223
1 4096
3 4096
2 4096
1 4096
3 4096
1 4096
1 4096
1 4096
1 4096
2 4096
1 4096
1 4096
1 4096
1 4096
1 4096
1 4096
1 4096
0 3750
0 2596
0 3771
2 4096
1 4096
1 4096
0 2393
3 4096
4 4096
1 4096
3 4096
1 4096
0 3835
1 4096
0 2575
2 4096
0 4072
1 4096
2 4096
1 4096
0 2100
2 4096
1 4096
0 3705
1 4096
0 2186
1 4096
0 3996
0 3195
1 4096
0 2485
2 4096
0 2111
2 4096
2 4096
1 4096
1 4096
3 4096
0 3014
1 4096
0 2632
3 4096
1 4096
1 4096
3 4096
1 4096
0 2993
0 1793
1 4096
0 2351
2 4096
1 4096
0 2889
2 4096
0 2857
1 4096
0 2512
2 4096
0 3433
2 4096
2 4096
0 3928
3 4096
0 3091
1 4096
2 4096
1 4096
1 4096
2 4096
1 4096
3 4096
2 4096
1 4096
0 3414
2 4096
1 4096
1 4096
2 4096
1 4096
1 4096
0 2573
2 4096
3 4096
4 4096
0 3747
2 4096
0 3382
0 2435
2 4096
0 3253
0 3017
3 4096
1 4096
3 4096
2 4096
2 4096
1 4096
0 2783
0 2750
0 2655
0 2503
1 4096
4 4096
2 4096
0 3973
0 2940
3 4096
0 2285
2 4096
1 4096
2 4096
3 4096
1 4096
0 2231
2 4096
2 4096
2 4096
2 4096
4 4096
1 4096
3 4096
1 4096
1 4096
3 4096
1 4096
0 3130
3 4096
1 4096
3 4096
3 4096
0 3736
1 4096
3 4096
1 4096
0 4086
1 4096
1 4096
1 4096
2 4096
0 3584
0 2875
2 4096
1 4096
1 4096
0 3331
1 4096
3 4096
0 2054
0 3950
1 4096
1 4096
0 3794
1 4096
0 2469
0 3951
1 4096
1 4096
0 3091
2 4096
1 4096
4 4096
0 3371
1 4096
1 4096
0 2105
1 4096
2 4096
2 4096
1 4096
0 2476
2 4096
0 3508
2 4096
0 2840
3 4096
1 4096
0 2706
3 4096
3 4096
0 2819
0 3850
0 4006
1 4096
0 2812
0 3739
1 4096
0 3148
0 2044
2 4096
5 4096
2 4096
0 2904
0 3686
2 4096
3 4096
1 4096
1 4096
0 2643
0 2329
2 4096
0 2566
4 4096
3 4096
2 4096
3 4096
1 4096
0 3579
3 4096
2 4096
1 4096
2 4096
4 4096
3 4096
2 4096
0 2392
0 2882
3 4096
1 4096
1 4096
2 4096
0 3514
0 1626
0 3395
1 4096
1 4096
1 4096
3 4096
1 4096
1 4096
1 4096
0 2831
1 4096
0 3725
1 4096
2 4096
4 4096
0 2835
3 4096
0 2829
2 4096
1 4096
0 3060
1 4096
0 3227
2 4096
3 4096
0 2252
2 4096
1 4096
3 4096
3 4096
3 4096
2 4096
4 4096
1 4096
0 3917
1 4096
1 4096
1 4096
0 2906
0 2775
0 2750
2 4096
3 4096
1 4096
1 4096
3 4096
3 4096
2 4096
1 4096
0 1848
0 4054
0 3031
1 4096
1 4096
1 4096
1 4096
1 4096
0 4079
1 4096
4 4096
1 4096
0 2465
0 2832
2 4096
1 4096
2 4096
0 3452
3 4096
4 4096
0 3701
3 4096
1 4096
1 4096
0 3930
1 4096
2 4096
1 4096
0 3897
1 4096
3 4096
0 4063
1 4096
1 4096
1 4096
1 4096
2 4096
1 4096
3 4096
0 3986
2 4096
1 4096
3 4096
0 2682
1 4096
2 4096
0 4026
0 4090
1 4096
3 4096
1 4096
2 4096
0 3943
0 2562
1 4096
1 4096
3 4096
0 3845
0 2652
1 4096
1 4096
2 4096
0 3937
2 4096
2 4096
3 4096
0 2092
2 4096
2 4096
1 4096
1 4096
0 3556
2 4096
3 4096
1 4096
1 4096
0 3216
0 3559
0 2812
2 4096
2 4096
0 3238
1 4096
5 4096
0 3532
1 4096
0 3681
2 4096
4 4096
1 4096
0 1769
0 3065
3 4096
0 3420
0 3726
3 4096
1 4096
2 4096
2 4096
0 2667
1 4096
1 4096
0 2444
1 4096
1 4096
2 4096
2 4096
1 4096
2 4096
1 4096
1 4096
3 4096
1 4096
0 2731
2 4096
0 2603
1 4096
2 4096
2 4096
0 2274
0 3641
1 4096
0 2238
1 4096
0 2236
0 3966
1 4096
0 3247
5 4096
2 4096
4 4096
0 3553
1 4096
2 4096
1 4096
0 3667
0 2516
3 4096
0 2909
2 4096
2 4096
1 4096
0 3206
1 4096
3 4096
0 3390
2 4096
5 4096
3 4096
1 4096
1 4096
1 4096
3 4096
2 4096
2 4096
3 4096
1 4096
3 4096
1 4096
2 4096
2 4096
1 4096
0 3961
2 4096
1 4096
1 4096
2 4096
1 4096
2 4096
1 4096
1 4096
0 2931
2 4096
0 3631
2 4096
0 3555
1 4096
3 4096
2 4096
1 4096
4 4096
0 2274
2 4096
4 4096
4 4096
2 4096
3 4096
1 4096
0 1828
0 3925
1 4096
2 4096
1 4096
0 3585
0 3566
1 4096
0 3726
0 3725
2 4096
0 3440
2 4096
0 2268
1 4096
1 4096
1 4096
0 3218
0 3539
1 4096
1 4096
2 4096
2 4096
1 4096
0 3427
1 4096
1 4096
1 4096
2 4096
2 4096
2 4096
3 4096
0 2639
1 4096
3 4096
2 4096
1 4096
3 4096
1 4096
2 4096
1 4096
4 4096
2 4096
1 4096
2 4096
0 3691
2 4096
1 4096
3 4096
2 4096
0 3280
2 4096
1 4096
6 4096
2 4096
1 4096
0 3066
2 4096
2 4096
4 4096
2 4096
0 2454
4 4096
2 4096
1 4096
0 4031
2 4096
1 4096
1 4096
1 4096
0 3781
4 4096
3 4096
0 2772
3 4096
1 4096
0 3001
0 2871
4 4096
0 3525
2 4096
1 4096
2 4096
5 4096
1 4096
0 3199
0 3911
1 4096
1 4096
1 4096
2 4096
1 4096
0 3751
1 4096
1 4096
1 4096
2 4096
4 4096
0 3096
1 4096
1 4096
0 3852
1 4096
2 4096
0 2611
1 4096
1 4096
2 4096
1 4096
4 4096
0 2914
1 4096
3 4096
2 4096
1 4096
0 3614
2 4096
2 4096
4 4096
2 4096
2 4096
1 4096
5 4096
1 4096
1 4096
1 4096
2 4096
2 4096
4 4096
0 3856
0 2176
1 4096
1 4096
5 4096
0 2468
4 4096
0 3874
1 4096
1 4096
3 4096
2 4096
2 4096
2 4096
0 1752
1 4096
3 4096
3 4096
3 4096
3 4096
0 3346
0 3512
0 2551
0 2591
3 4096
4 4096
0 2174
0 3637
1 4096
0 2355
0 3065
1 4096
1 4096
0 3682
1 4096
1 4096
0 4039
0 3351
1 4096
2 4096
0 2072
6 4096
0 3728
0 3654
1 4096
1 4096
2 4096
0 3446
1 4096
2 4096
3 4096
1 4096
1 4096
1 4096
0 3440
4 4096
0 3052
2 4096
3 4096
2 4096
1 4096
2 4096
0 2764
1 4096
2 4096
2 4096
0 3531
1 4096
1 4096
3 4096
2 4096
1 4096
0 3679
2 4096
6 4096
0 2883
0 2776
0 2012
1 4096
2 4096
0 2260
4 4096
2 4096
1 4096
2 4096
0 3613
3 4096
1 4096
0 3130
3 4096
2 4096
2 4096
1 4096
2 4096
3 4096
0 3253
5 4096
6 4096
0 2951
3 4096
2 4096
3 4096
1 4096
2 4096
1 4096
0 2454
3 4096
0 3489
1 4096
1 4096
4 4096
0 3146
1 4096
0 3657
3 4096
0 3122
1 4096
1 4096
1 4096
0 2661
2 4096
1 4096
1 4096
2 4096
2 4096
0 3220
3 4096
0 3338
4 4096
1 4096
0 3444
0 2938
1 4096
4 4096
2 4096
0 3569
1 4096
3 4096
2 4096
0 3639
3 4096
0 3716
2 4096
1 4096
2 4096
2 4096
0 2991
3 4096
1 4096
1 4096
2 4096
4 4096
1 4096
1 4096
0 3108
0 3656
2 4096
1 4096
2 4096
2 4096
1 4096
1 4096
0 3076
1 4096
2 4096
0 2637
0 1939
2 4096
1 4096
0 3164
4 4096
1 4096
1 4096
1 4096
4 4096
2 4096
2 4096
0 2129
1 4096
2 4096
0 3024
0 3638
0 2849
1 4096
0 2295
0 3661
1 4096
1 4096
3 4096
1 4096
0 3664
2 4096
2 4096
0 3374
0 2387
0 3214
2 4096
3 4096
3 4096
3 4096
0 2429
1 4096
0 3851
0 3965
1 4096
4 4096
0 3760
2 4096
1 4096
1 4096
0 3574
1 4096
1 4096
0 3168
4 4096
2 4096
0 3348
2 4096
0 2267
2 4096
0 3462
4 4096
1 4096
1 4096
0 3095
2 4096
2 4096
1 4096
1 4096
1 4096
3 4096
2 4096
3 4096
1 4096
2 4096
2 4096
2 4096
2 4096
0 4041
1 4096
4 4096
2 4096
4 4096
1 4096
0 2673
1 4096
0 2966
1 4096
1 4096
3 4096
0 3644
3 4096
1 4096
0 3592
0 3628
1 4096
2 4096
4 4096
2 4096
1 4096
1 4096
1 4096
1 4096
0 3702
4 4096
1 4096
2 4096
2 4096
2 4096
0 3191
1 4096
2 4096
2 4096
0 2755
0 2438
1 4096
6 4096
3 4096
0 3317
1 4096
1 4096
0 1945
2 4096
0 2219
3 4096
3 4096
2 4096
3 4096
1 4096
1 4096
1 4096
2 4096
1 4096
2 4096
2 4096
1 4096
2 4096
2 4096
2 4096
0 3735
1 4096
0 2464
2 4096
2 4096
1 4096
5 4096
0 2775
2 4096
1 4096
2 4096
1 4096
2 4096
3 4096
2 4096
1 4096
0 3278
0 3438
0 2922
2 4096
0 3313
0 3624
1 4096
1 4096
0 3088
2 4096
1 4096
2 4096
3 4096
1 4096
2 4096
0 4065
3 4096
1 4096
2 4096
1 4096
2 4096
2 4096
2 4096
3 4096
3 4096
1 4096
0 2712
0 2878
1 4096
1 4096
5 4096
0 3362
0 3729
1 4096
0 3117
0 3297
0 3426
1 4096
1 4096
2 4096
2 4096
1 4096
0 2015
2 4096
2 4096
0 2519
0 3622
0 2696
1 4096
0 3627
1 4096
1 4096
1 4096
1 4096
1 4096
1 4096
0 2410
1 4096
1 4096
0 3852
2 4096
1 4096
3 4096
2 4096
1 4096
1 4096
1 4096
3 4096
3 4096
1 4096
0 4002
0 2249
3 4096
0 2539
1 4096
1 4096
1 4096
3 4096
2 4096
1 4096
4 4096
0 2082
2 4096
1 4096
0 2895
4 4096
1 4096
2 4096
1 4096
0 2970
2 4096
2 4096
1 4096
2 4096
5 4096
1 4096
1 4096
4 4096
0 3662
0 3037
3 4096
2 4096
3 4096
1 4096
2 4096
1 4096
0 2886
1 4096
1 4096
1 4096
1 4096
2 4096
1 4096
3 4096
4 4096
0 3897
1 4096
0 1783
1 4096
4 4096
2 4096
0 3632
0 2995
1 4096
2 4096
0 3466
3 4096
2 4096
1 4096
1 4096
0 3881
1 4096
1 4096
3 4096
0 3927
1 4096
1 4096
2 4096
1 4096
3 4096
1 4096
1 4096
3 4096
4 4096
1 4096
0 2071
1 4096
2 4096
2 4096
0 2985
2 4096
0 2771
5 4096
4 4096
1 4096
0 3335
0 3523
4 4096
1 4096
2 4096
2 4096
2 4096
0 2655
1 4096
3 4096
0 3576
3 4096
0 2963
1 4096
1 4096
1 4096
2 4096
1 4096
0 3665
2 4096
1 4096
3 4096
3 4096
0 3485
1 4096
1 4096
2 4096
0 3213
0 3949
1 4096
0 2443
4 4096
1 4096
0 2322
3 4096
5 4096
2 4096
1 4096
0 4094
1 4096
2 4096
2 4096
0 3806
2 4096
1 4096
2 4096
2 4096
2 4096
3 4096
0 3223
0 1922
0 4050
1 4096
0 2847
0 3184
0 2328
2 4096
0 3537
0 2323
1 4096
2 4096
3 4096
0 2815
2 4096
0 3690
0 2655
3 4096
4 4096
0 2646
1 4096
0 3390
3 4096
1 4096
0 2481
1 4096
3 4096
1 4096
2 4096
0 2599
0 3238
1 4096
2 4096
0 2689
2 4096
2 4096
2 4096
0 3368
1 4096
3 4096
0 4083
4 4096
4 4096
2 4096
2 4096
4 4096
1 4096
2 4096
1 4096
2 4096
3 4096
2 4096
4 4096
0 2221
1 4096
1 4096
0 3226
4 4096
1 4096
1 4096
0 3050
0 2737
0 2855
0 2736
0 2242
1 4096
0 4071
0 3771
3 4096
2 4096
1 4096
1 4096
1 4096
0 2836
0 2086
1 4096
0 4006
3 4096
0 2570
3 4096
1 4096
2 4096
4 4096
0 3509
1 4096
0 3780
0 3869
2 4096
1 4096
2 4096
1 4096
0 3840
1 4096
1 4096
1 4096
0 3755
0 3091
0 3376
1 4096
0 2401
1 4096
1 4096
3 4096
1 4096
1 4096
0 2958
1 4096
1 4096
1 4096
1 4096
6 4096
3 4096
0 2473
1 4096
0 2099
0 2872
0 3419
1 4096
0 3094
1 4096
4 4096
0 2830
3 4096
3 4096
0 3065
0 2574
2 4096
1 4096
5 4096
2 4096
0 2374
0 3428
2 4096
0 3255
2 4096
4 4096
1 4096
4 4096
2 4096
1 4096
4 4096
0 2940
2 4096
0 3037
1 4096
2 4096
1 4096
2 4096
1 4096
3 4096
1 4096
1 4096
1 4096
1 4096
2 4096
2 4096
1 4096
2 4096
1 4096
0 2789
1 4096
2 4096
1 4096
2 4096
1 4096
1 4096
0 2652
1 4096
1 4096
0 2866
1 4096
3 4096
1 4096
0 1969
0 3159
2 4096
1 4096
1 4096
2 4096
0 3716
1 4096
2 4096
1 4096
1 4096
3 4096
2 4096
1 4096
3 4096
2 4096
1 4096
1 4096
0 3453
1 4096
3 4096
0 3569
1 4096
0 2215
3 4096
2 4096
1 4096
2 4096
0 4011
0 3284
2 4096
3 4096
3 4096
1 4096
3 4096
0 3076
0 2329
2 4096
1 4096
2 4096
1 4096
1 4096
2 4096
2 4096
2 4096
1 4096
0 3860
1 4096
1 4096
0 2308
0 3278
2 4096
2 4096
1 4096
3 4096
2 4096
1 4096
4 4096
0 2317
1 4096
0 1856
1 4096
3 4096
1 4096
0 4007
3 4096
1 4096
0 4031
2 4096
0 4014
0 2764
5 4096
1 4096
3 4096
2 4096
3 4096
1 4096
2 4096
1 4096
0 2251
0 2468
4 4096
2 4096
0 2156
1 4096
3 4096
1 4096
2 4096
0 3477
1 4096
3 4096
1 4096
2 4096
1 4096
0 3559
1 4096
0 3074
2 4096
0 3749
2 4096
3 4096
0 4000
2 4096
0 2127
1 4096
1 4096
0 2097
4 4096
1 4096
3 4096
0 3394
0 3556
2 4096
1 4096
0 3082
1 4096
2 4096
2 4096
2 4096
3 4096
2 4096
0 3107
3 4096
2 4096
1 4096
1 4096
1 4096
2 4096
2 4096
1 4096
0 3697
0 2307
0 2547
2 4096
1 4096
1 4096
1 4096
1 4096
4 4096
4 4096
0 3737
0 3382
1 4096
2 4096
1 4096
2 4096
3 4096
5 4096
2 4096
1 4096
0 3516
1 4096
2 4096
1 4096
1 4096
3 4096
2 4096
3 4096
0 2285
0 2880
2 4096
0 3872
1 4096
2 4096
0 2141
1 4096
1 4096
1 4096
2 4096
1 4096
2 4096
0 3336
0 2414
0 3683
1 4096
2 4096
1 4096
1 4096
1 4096
5 4096
2 4096
3 4096
1 4096
0 2686
1 4096
1 4096
0 3452
1 4096
0 3234
1 4096
1 4096
1 4096
0 2725
1 4096
4 4096
1 4096
0 2412
1 4096
2 4096
0 3226
2 4096
2 4096
3 4096
2 4096
1 4096
1 4096
3 4096
1 4096
1 4096
0 2351
1 4096
0 2446
2 4096
1 4096
1 4096
0 3183
0 3467
0 2825
1 4096
2 4096
2 4096
4 4096
4 4096
2 4096
4 4096
0 3570
0 3873
1 4096
1 4096
1 4096
3 4096
2 4096
2 4096
3 4096
1 4096
2 4096
2 4096
0 2819
0 3727
0 3676
0 3249
3 4096
2 4096
0 2119
0 3109
3 4096
0 2925
2 4096
3 4096
0 3444
1 4096
0 2206
1 4096
4 4096
2 4096
0 3027
4 4096
1 4096
0 2524
1 4096
0 3889
2 4096
0 3830
1 4096
0 3999
0 3310
1 4096
0 2932
5 4096
0 2802
0 3953
0 3914
3 4096
2 4096
5 4096
2 4096
3 4096
0 3120
1 4096
2 4096
1 4096
0 2108
1 4096
0 3422
2 4096
3 4096
0 3871
0 2665
1 4096
2 4096
3 4096
0 3610
2 4096
1 4096
2 4096
0 3641
3 4096
1 4096
2 4096
1 4096
2 4096
3 4096
1 4096
0 3958
5 4096
2 4096
1 4096
2 4096
0 2734
0 3904
1 4096
1 4096
2 4096
1 4096
1 4096
0 3523
1 4096
1 4096
2 4096
1 4096
1 4096
3 4096
2 4096
2 4096
0 3658
2 4096
3 4096
0 4080
3 4096
1 4096
1 4096
1 4096
2 4096
3 4096
1 4096
1 4096
0 3305
1 4096
0 3661
0 3448
2 4096
0 3346
3 4096
0 2974
0 3749
2 4096
0 2369
1 4096
1 4096
1 4096
1 4096
0 2438
2 4096
1 4096
1 4096
1 4096
0 3904
1 4096
2 4096
2 4096
0 2989
0 3444
2 4096
2 4096
0 4016
1 4096
0 3448
1 4096
3 4096
0 3484
2 4096
0 3158
0 3940
0 2529
2 4096
2 4096
1 4096
0 2553
2 4096
2 4096
0 3488
1 4096
1 4096
2 4096
2 4096
2 4096
3 4096
1 4096
0 2827
0 2974
2 4096
0 3734
1 4096
2 4096
1 4096
0 4022
1 4096
2 4096
1 4096
0 3970
2 4096
1 4096
0 2750
0 2068
0 3271
3 4096
2 4096
3 4096
0 4051
0 3488
1 4096
1 4096
1 4096
2 4096
1 4096
0 2763
0 3598
1 4096
3 4096
0 3294
2 4096
1 4096
1 4096
3 4096
1 4096
0 3282
2 4096
3 4096
1 4096
1 4096
0 3137
1 4096
1 4096
2 4096
1 4096
2 4096
1 4096
2 4096
0 2698
2 4096
0 3762
2 4096
0 1970
0 2865
0 4091
1 4096
0 3345
1 4096
0 3932
0 2731
1 4096
0 2384
1 4096
0 2432
0 3447
1 4096
2 4096
0 2967
0 2312
1 4096
1 4096
2 4096
2 4096
0 2439
5 4096
1 4096
2 4096
4 4096
3 4096
1 4096
1 4096
0 3621
0 3973
1 4096
1 4096
1 4096
0 3545
0 3211
2 4096
1 4096
1 4096
3 4096
1 4096
1 4096
2 4096
1 4096
2 4096
2 4096
2 4096
3 4096
1 4096
2 4096
2 4096
2 4096
1 4096
2 4096
2 4096
1 4096
0 3747
2 4096
5 4096
1 4096
0 3404
1 4096
1 4096
3 4096
1 4096
2 4096
2 4096
0 3335
0 3715
1 4096
1 4096
0 2129
0 3795
0 1683
2 4096
1 4096
2 4096
1 4096
2 4096
2 4096
1 4096
2 4096
0 2476
1 4096
1 4096
1 4096
1 4096
4 4096
1 4096
1 4096
1 4096
2 4096
6 4096
1 4096
2 4096
2 4096
0 3208
2 4096
0 3391
3 4096
0 2249
0 3679
2 4096
1 4096
1 4096
3 4096
0 3849
1 4096
0 2832
2 4096
1 4096
3 4096
2 4096
0 2695
2 4096
1 4096
2 4096
0 2411
1 4096
1 4096
1 4096
3 4096
0 2435
0 3761
1 4096
2 4096
1 4096
6 4096
2 4096
3 4096
1 4096
1 4096
0 3346
3 4096
1 4096
3 4096
1 4096
0 2710
0 2916
4 4096
1 4096
0 3927
1 4096
1 4096
4 4096
1 4096
1 4096
5 4096
0 1899
4 4096
0 2493
1 4096
0 3520
2 4096
1 4096
2 4096
0 3039
2 4096
1 4096
1 4096
0 2411
1 4096
2 4096
4 4096
1 4096
0 2930
0 2801
1 4096
1 4096
3 4096
2 4096
3 4096
1 4096
3 4096
2 4096
0 3783
4 4096
1 4096
0 3734
0 3072
0 3957
1 4096
1 4096
0 3928
0 2809
3 4096
3 4096
3 4096
3 4096
2 4096
0 3040
0 3050
2 4096
3 4096
1 4096
2 4096
1 4096
1 4096
0 3306
1 4096
2 4096
0 2688
3 4096
4 4096
2 4096
0 4073
1 4096
3 4096
2 4096
0 2179
0 2638
2 4096
3 4096
1 4096
0 3711
0 3519
2 4096
1 4096
3 4096
1 4096
1 4096
2 4096
1 4096
1 4096
1 4096
3 4096
0 3229
4 4096
4 4096
3 4096
2 4096
0 3917
1 4096
1 4096
2 4096
2 4096
2 4096
1 4096
1 4096
1 4096
0 3132
1 4096
2 4096
1 4096
3 4096
1 4096
0 2972
0 3336
4 4096
1 4096
0 3989
1 4096
1 4096
5 4096
0 3810
2 4096
3 4096
1 4096
0 4085
3 4096
2 4096
1 4096
2 4096
1 4096
1 4096
0 3951
2 4096
1 4096
3 4096
5 4096
4 4096
0 3658
0 2374
0 4071
0 2263
2 4096
0 3697
2 4096
1 4096
0 3724
0 2219
1 4096
3 4096
1 4096
2 4096
0 3217
1 4096
2 4096
2 4096
2 4096
2 4096
1 4096
1 4096
1 4096
1 4096
1 4096
0 2980
0 2374
0 3193
1 4096
4 4096
3 4096
2 4096
4 4096
1 4096
0 3355
2 4096
2 4096
4 4096
0 3985
0 3424
1 4096
1 4096
2 4096
0 4028
0 3396
1 4096
1 4096
1 4096
0 3288
2 4096
1 4096
0 3511
0 3710
2 4096
1 4096
4 4096
2 4096
0 3768
2 4096
3 4096
0 2309
4 4096
0 2823
6 4096
0 3856
0 1946
1 4096
1 4096
1 4096
2 4096
0 3080
1 4096
1 4096
0 1763
0 2914
1 4096
1 4096
2 4096
0 3488
1 4096
2 4096
2 4096
0 2517
0 3680
0 2149
0 3371
1 4096
0 3272
1 4096
2 4096
1 4096
1 4096
1 4096
3 4096
2 4096
3 4096
1 4096
1 4096
3 4096
3 4096
2 4096
1 4096
0 3065
0 2623
3 4096
1 4096
1 4096
3 4096
0 1965
2 4096
1 4096
1 4096
0 3200
1 4096
0 3421
0 3601
2 4096
3 4096
1 4096
0 3776
0 2330
1 4096
2 4096
1 4096
1 4096
3 4096
1 4096
1 4096
1 4096
0 3502
2 4096
2 4096
0 2567
0 3343
2 4096
1 4096
1 4096
1 4096
5 4096
2 4096
0 2852
2 4096
0 2425
0 3190
1 4096
1 4096
2 4096
1 4096
1 4096
1 4096
0 2176
2 4096
1 4096
2 4096
1 4096
0 3869
1 4096
2 4096
0 3442
0 3214
1 4096
0 2544
0 3944
2 4096
2 4096
3 4096
3 4096
2 4096
1 4096
1 4096
0 2570
2 4096
1 4096
1 4096
0 3894
3 4096
0 2995
1 4096
0 2841
1 4096
0 2522
1 4096
2 4096
2 4096
1 4096
0 3458
0 3089
0 3475
2 4096
0 2194
0 2454
4 4096
1 4096
0 3459
3 4096
3 4096
1 4096
1 4096
0 2134
0 2454
1 4096
1 4096
1 4096
0 3321
1 4096
1 4096
1 4096
1 4096
1 4096
3 4096
0 3801
1 4096
3 4096
2 4096
2 4096
2 4096
0 3971
2 4096
2 4096
0 2971
0 3920
3 4096
1 4096
1 4096
0 2672
1 4096
0 3149
3 4096
1 4096
0 2822
0 3363
2 4096
2 4096
1 4096
2 4096
5 4096
2 4096
4 4096
2 4096
1 4096
0 3038
4 4096
2 4096
1 4096
2 4096
6 4096
3 4096
0 3020
0 3133
1 4096
1 4096
0 3242
1 4096
1 4096
0 3811
3 4096
1 4096
1 4096
2 4096
0 3907
0 3183
2 4096
0 4063
0 2577
0 3955
0 2503
1 4096
2 4096
0 3172
1 4096
0 4014
1 4096
0 2717
1 4096
2 4096
0 2214
1 4096
0 2597
0 3759
4 4096
0 3767
2 4096
0 3158
1 4096
2 4096
0 2199
2 4096
3 4096
0 3217
0 3994
1 4096
3 4096
1 4096
4 4096
1 4096
0 3225
4 4096
0 2466
1 4096
0 2804
2 4096
1 4096
1 4096
4 4096
1 4096
1 4096
0 3120
1 4096
1 4096
2 4096
0 3145
0 3777
3 4096
1 4096
0 2346
3 4096
1 4096
3 4096
0 2781
0 2089
0 3057
2 4096
2 4096
3 4096
2 4096
2 4096
2 4096
0 2056
0 2479
0 2189
2 4096
1 4096
3 4096
3 4096
2 4096
4 4096
3 4096
1 4096
2 4096
1 4096
1 4096
2 4096
1 4096
5 4096
2 4096
3 4096
0 2402
0 3061
0 3931
1 4096
1 4096
0 2944
1 4096
5 4096
2 4096
0 3742
2 4096
2 4096
2 4096
2 4096
0 2616
2 4096
1 4096
2 4096
1 4096
1 4096
2 4096
0 2274
0 2233
4 4096
2 4096
0 3059
1 4096
2 4096
0 3369
0 3865
5 4096
1 4096
0 3437
1 4096
4 4096
5 4096
2 4096
1 4096
2 4096
4 4096
0 3148
0 2419
1 4096
2 4096
0 3792
0 3747
0 3632
1 4096
0 3098
1 4096
0 2887
3 4096
1 4096
0 3286
0 2371
0 2443
0 2484
1 4096
0 3980
0 3092
4 4096
1 4096
1 4096
3 4096
1 4096
2 4096
2 4096
0 3240
2 4096
2 4096
0 1867
0 2114
2 4096
0 2863
2 4096
0 3350
0 2866
1 4096
1 4096
0 2858
0 3141
1 4096
3 4096
0 2911
2 4096
0 3157
1 4096
0 1863
0 3221
2 4096
1 4096
0 3935
1 4096
0 2820
1 4096
1 4096
1 4096
0 3411
5 4096
1 4096
1 4096
0 3004
0 2683
4 4096
0 3585
0 2300
0 2963
0 2978
1 4096
0 2321
3 4096
2 4096
1 4096
1 4096
3 4096
1 4096
1 4096
1 4096
0 2891
0 2320
1 4096
0 2858
0 2735
1 4096
0 2651
0 2496
1 4096
1 4096
0 3004
1 4096
0 3011
0 2605
1 4096
1 4096
2 4096
1 4096
0 3431
1 4096
1 4096
3 4096
3 4096
1 4096
1 4096
0 2600
2 4096
2 4096
0 2462
1 4096
1 4096
0 3620
3 4096
2 4096
1 4096
2 4096
3 4096
2 4096
1 4096
3 4096
3 4096
2 4096
0 2871
0 4006
2 4096
3 4096
2 4096
1 4096
1 4096
1 4096
1 4096
2 4096
2 4096
1 4096
0 3720
0 2456
0 2235
0 3400
1 4096
0 3133
0 2542
5 4096
3 4096
0 3947
0 2586
0 3699
3 4096
1 4096
0 2007
2 4096
0 3312
0 3585
3 4096
0 3398
2 4096
3 4096
1 4096
0 1824
0 2319
1 4096
1 4096
1 4096
0 2135
2 4096
2 4096
2 4096
0 4034
3 4096
1 4096
0 3894
2 4096
2 4096
0 2718
1 4096
3 4096
1 4096
2 4096
1 4096
1 4096
1 4096
3 4096
0 2980
2 4096
2 4096
1 4096
2 4096
2 4096
4 4096
0 2133
1 4096
3 4096
0 3681
1 4096
1 4096
1 4096
2 4096
2 4096
0 2010
1 4096
0 2839
3 4096
4 4096
0 3937
3 4096
1 4096
2 4096
2 4096
1 4096
1 4096
2 4096
2 4096
0 2922
3 4096
0 3544
0 3652
0 3395
3 4096
1 4096
1 4096
1 4096
4 4096
0 2914
4 4096
3 4096
3 4096
2 4096
3 4096
2 4096
4 4096
0 3822
1 4096
0 2368
0 1955
1 4096
1 4096
1 4096
3 4096
2 4096
0 2644
0 3993
1 4096
0 3828
0 3698
0 3658
1 4096
3 4096
2 4096
0 3567
1 4096
3 4096
1 4096
1 4096
0 2532
0 1912
0 2553
3 4096
0 3682
0 3188
1 4096
1 4096
3 4096
0 3443
1 4096
0 3186
0 3637
3 4096
0 2346
0 3130
1 4096
1 4096
2 4096
0 3297
1 4096
1 4096
2 4096
0 2990
3 4096
1 4096
0 3080
1 4096
3 4096
1 4096
0 2674
0 3234
1 4096
2 4096
3 4096
2 4096
1 4096
1 4096
2 4096
2 4096
0 2902
1 4096
3 4096
2 4096
3 4096
2 4096
2 4096
0 3108
2 4096
2 4096
3 4096
1 4096
1 4096
2 4096
0 3534
0 2991
0 2296
0 3059
1 4096
0 3586
0 2674
1 4096
0 2328
1 4096
1 4096
2 4096
1 4096
0 3049
1 4096
0 3274
0 3473
1 4096
0 3914
0 2078
2 4096
1 4096
2 4096
3 4096
1 4096
1 4096
2 4096
1 4096
0 3900
3 4096
1 4096
1 4096
1 4096
1 4096
0 3501
1 4096
0 3994
0 1980
0 4019
1 4096
2 4096
0 3836
2 4096
2 4096
1 4096
1 4096
3 4096
1 4096
1 4096
0 2528
2 4096
0 2416
1 4096
2 4096
3 4096
0 4044
1 4096
2 4096
0 2392
1 4096
3 4096
1 4096
1 4096
1 4096
3 4096
2 4096
2 4096
3 4096
2 4096
2 4096
1 4096
1 4096
0 3527
2 4096
1 4096
2 4096
4 4096
3 4096
2 4096
0 3009
2 4096
1 4096
2 4096
2 4096
1 4096
1 4096
2 4096
2 4096
0 3340
2 4096
0 3352
1 4096
2 4096
3 4096
4 4096
2 4096
4 4096
0 2394
0 2200
4 4096
0 2637
1 4096
1 4096
0 2810
3 4096
1 4096
0 3633
2 4096
1 4096
1 4096
1 4096
0 3844
4 4096
2 4096
2 4096
0 2664
2 4096
0 2631
2 4096
2 4096
0 3676
2 4096
0 2118
2 4096
2 4096
0 3962
4 4096
0 3398
0 2909
1 4096
2 4096
1 4096
3 4096
2 4096
1 4096
1 4096
0 2487
1 4096
1 4096
0 1978
0 2574
0 4019
2 4096
1 4096
0 2744
2 4096
3 4096
0 2746
3 4096
1 4096
0 2773
2 4096
3 4096
1 4096
1 4096
2 4096
0 3909
1 4096
0 3370
1 4096
5 4096
1 4096
1 4096
2 4096
1 4096
4 4096
0 2447
0 2442
0 3570
0 2923
5 4096
1 4096
0 3330
2 4096
2 4096
3 4096
0 2052
1 4096
1 4096
0 2584
1 4096
2 4096
2 4096
2 4096
2 4096
2 4096
0 2776
0 3329
2 4096
0 2543
0 3274
0 3429
2 4096
0 3089
2 4096
1 4096
1 4096
1 4096
0 2358
1 4096
1 4096
3 4096
1 4096
0 3650
2 4096
0 3895
1 4096
0 3897
2 4096
1 4096
0 3313
1 4096
1 4096
2 4096
2 4096
2 4096
0 2359
3 4096
3 4096
1 4096
0 2190
2 4096
0 2522
0 2712
2 4096
0 3920
3 4096
4 4096
1 4096
4 4096
0 2386
0 3691
3 4096
2 4096
1 4096
3 4096
3 4096
0 2745
1 4096
0 2257
1 4096
2 4096
2 4096
0 3974
0 2369
2 4096
1 4096
1 4096
3 4096
1 4096
1 4096
1 4096
2 4096
3 4096
0 3960
3 4096
0 1999
2 4096
2 4096
3 4096
1 4096
1 4096
2 4096
1 4096
2 4096
1 4096
1 4096
1 4096
0 1985
2 4096
0 2636
3 4096
0 2677
0 3851
2 4096
2 4096
0 3823
0 2029
2 4096
1 4096
1 4096
2 4096
2 4096
0 2908
1 4096
1 4096
0 2868
5 4096
2 4096
2 4096
1 4096
4 4096
0 3225
1 4096
1 4096
1 4096
0 3636
1 4096
0 3201
1 4096
2 4096
2 4096
0 3495
0 3626
5 4096
1 4096
1 4096
3 4096
3 4096
1 4096
0 3392
2 4096
3 4096
3 4096
2 4096
2 4096
3 4096
0 2045
3 4096
0 3892
0 2493
1 4096
1 4096
0 2824
2 4096
2 4096
1 4096
2 4096
2 4096
1 4096
0 3866
1 4096
1 4096
0 3897
3 4096
1 4096
1 4096
0 2992
3 4096
2 4096
1 4096
0 3610
1 4096
1 4096
1 4096
1 4096
1 4096
1 4096
1 4096
0 3604
3 4096
2 4096
0 3254
2 4096
1 4096
2 4096
0 2971
1 4096
0 2424
0 3546
2 4096
3 4096
1 4096
1 4096
0 2613
0 3659
1 4096
4 4096
0 3411
1 4096
1 4096
4 4096
3 4096
1 4096
2 4096
3 4096
2 4096
3 4096
1 4096
1 4096
3 4096
0 3624
1 4096
1 4096
3 4096
0 3504
3 4096
1 4096
0 1779
1 4096
2 4096
0 3483
1 4096
4 4096
0 2980
2 4096
1 4096
1 4096
2 4096
0 4028
1 4096
0 2919
1 4096
0 3644
3 4096
6 4096
1 4096
0 2930
0 3985
2 4096
1 4096
0 2444
0 3485
0 2733
1 4096
0 3812
1 4096
1 4096
0 2967
0 2149
0 2467
1 4096
2 4096
6 4096
0 2553
2 4096
1 4096
1 4096
1 4096
1 4096
3 4096
2 4096
0 3227
1 4096
0 3954
3 4096
1 4096
2 4096
4 4096
0 4055
2 4096
1 4096
1 4096
2 4096
1 4096
2 4096
2 4096
0 3342
3 4096
5 4096
0 2896
3 4096
5 4096
2 4096
1 4096
0 3669
1 4096
2 4096
0 2952
2 4096
0 3299
1 4096
1 4096
3 4096
2 4096
1 4096
0 3411
0 3152
1 4096
1 4096
3 4096
0 2845
0 3865
0 3238
2 4096
0 2911
0 2693
0 2563
2 4096
4 4096
3 4096
3 4096
1 4096
2 4096
0 3607
2 4096
0 2128
2 4096
1 4096
0 2737
0 3499
1 4096
0 3641
0 2354
0 2584
1 4096
4 4096
1 4096
0 3117
1 4096
0 3936
1 4096
0 3650
1 4096
2 4096
2 4096
3 4096
1 4096
3 4096
1 4096
0 1955
0 2059
1 4096
3 4096
0 3665
3 4096
2 4096
4 4096
1 4096
1 4096
1 4096
0 2912
2 4096
0 3424
0 3808
1 4096
1 4096
0 2458
4 4096
2 4096
0 3953
2 4096
1 4096
1 4096
0 3284
1 4096
0 2242
0 2559
1 4096
1 4096
0 2433
1 4096
2 4096
0 4063
3 4096
2 4096
1 4096
0 3083
0 3516
1 4096
2 4096
0 3873
0 2185
1 4096
1 4096
2 4096
2 4096
0 3238
2 4096
1 4096
0 2762
1 4096
3 4096
2 4096
1 4096
2 4096
1 4096
1 4096
1 4096
1 4096
1 4096
1 4096
4 4096
0 3138
4 4096
1 4096
1 4096
4 4096
3 4096
1 4096
1 4096
1 4096
1 4096
1 4096
0 4081
2 4096
0 2676
1 4096
0 3845
3 4096
2 4096
0 2847
2 4096
0 2202
1 4096
0 1888
1 4096
1 4096
3 4096
1 4096
0 3391
0 3104
1 4096
1 4096
0 4056
1 4096
3 4096
0 2331
3 4096
4 4096
0 3757
2 4096
2 4096
2 4096
1 4096
3 4096
0 2845
0 2436
2 4096
4 4096
1 4096
3 4096
2 4096
2 4096
0 3790
2 4096
0 3484
2 4096
2 4096
0 4027
0 3666
3 4096
0 1970
2 4096
1 4096
1 4096
1 4096
2 4096
2 4096
3 4096
0 2323
1 4096
2 4096
1 4096
0 3975
2 4096
2 4096
1 4096
1 4096
2 4096
0 3298
0 2546
2 4096
1 4096
0 4091
0 3936
1 4096
2 4096
1 4096
2 4096
0 3102
0 2616
1 4096
2 4096
0 3858
2 4096
3 4096
5 4096
1 4096
0 2150
1 4096
4 4096
1 4096
6 4096
1 4096
2 4096
0 2404
6 4096
3 4096
3 4096
2 4096
1 4096
1 4096
2 4096
0 2422
2 4096
1 4096
0 3036
3 4096
4 4096
0 2948
0 2666
0 2729
0 3005
3 4096
1 4096
3 4096
1 4096
0 3246
1 4096
0 2763
1 4096
1 4096
0 3271
1 4096
2 4096
0 2532
0 3158
2 4096
1 4096
2 4096
0 2421
1 4096
1 4096
0 3799
0 2741
2 4096
0 2994
0 2414
1 4096
2 4096
1 4096
4 4096
0 3428
2 4096
2 4096
0 3058
1 4096
2 4096
0 4027
1 4096
1 4096
0 3220
2 4096
3 4096
1 4096
3 4096
1 4096
3 4096
2 4096
1 4096
2 4096
3 4096
1 4096
1 4096
3 4096
1 4096
1 4096
2 4096
1 4096
0 4061
1 4096
1 4096
3 4096
1 4096
1 4096
0 2361
1 4096
0 2954
5 4096
0 3394
3 4096
2 4096
1 4096
0 2925
0 2495
1 4096
1 4096
1 4096
1 4096
1 4096
0 2516
1 4096
2 4096
0 3959
4 4096
1 4096
0 2226
1 4096
2 4096
1 4096
1 4096
6 4096
0 3895
0 2397
1 4096
0 2844
0 2135
0 2112
3 4096
0 2481
2 4096
1 4096
1 4096
1 4096
5 4096
1 4096
4 4096
2 4096
1 4096
3 4096
1 4096
1 4096
1 4096
1 4096
2 4096
1 4096
7 4096
0 3439
1 4096
1 4096
1 4096
2 4096
0 2359
0 2142
0 2877
1 4096
2 4096
2 4096
2 4096
3 4096
0 2804
0 3315
1 4096
2 4096
2 4096
1 4096
0 3350
1 4096
0 2851
1 4096
0 2721
1 4096
1 4096
3 4096
1 4096
0 3463
3 4096
1 4096
3 4096
0 2683
3 4096
4 4096
0 3157
1 4096
1 4096
2 4096
4 4096
0 2962
0 2930
3 4096
2 4096
1 4096
2 4096
2 4096
1 4096
0 3078
1 4096
0 3426
1 4096
1 4096
1 4096
3 4096
1 4096
0 3686
1 4096
1 4096
4 4096
0 2548
0 2865
1 4096
2 4096
1 4096
1 4096
2 4096
2 4096
1 4096
3 4096
2 4096
1 4096
2 4096
0 3114
1 4096
2 4096
3 4096
2 4096
0 3017
0 3058
0 2717
3 4096
1 4096
0 4021
2 4096
0 3630
3 4096
1 4096
0 3727
2 4096
4 4096
1 4096
0 3438
1 4096
0 2461
1 4096
2 4096
3 4096
2 4096
0 3781
1 4096
4 4096
1 4096
2 4096
3 4096
2 4096
1 4096
3 4096
2 4096
1 4096
1 4096
1 4096
3 4096
2 4096
2 4096
0 3765
2 4096
2 4096
2 4096
4 4096
2 4096
1 4096
