# SA for random K-SAT
# K = 3   N = 16384   M = 64512   seed = 1547517978
# alpha = 3.937500   nIter = 65536  Tmax = 0.200000
# 1:lowestUnsat  2:runTime
0 24879
0 28404
0 29500
0 32588
0 36942
0 29714
0 31122
0 32303
0 23905
0 28885
0 37114
0 25440
0 22766
0 63711
0 24690
0 27524
0 27952
0 28709
0 24147
0 24304
0 32786
0 53337
0 25213
0 39994
0 26381
0 22472
0 23914
0 25861
0 39567
0 25330
0 27397
0 29919
0 25935
0 26336
0 38445
0 35444
0 26323
0 24630
0 25586
0 23754
0 26122
0 35226
0 24841
0 25638
0 23961
1 65536
0 24146
0 24246
0 25879
0 23307
0 26653
0 46298
0 41582
0 26177
0 23910
0 23917
0 27207
0 24897
0 44587
0 25991
0 29999
0 27382
0 29548
0 22724
0 30974
0 25075
0 28496
0 28769
0 27568
0 26409
0 25604
0 28063
0 27841
0 30106
0 25565
0 36193
1 65536
0 35628
0 28226
0 23542
0 28566
0 27893
0 28083
0 25285
0 23277
0 27576
0 40602
1 65536
0 32803
0 27047
0 28255
0 41621
0 27733
0 29723
0 23984
0 25769
0 24442
0 24254
0 27828
0 59997
0 25418
0 25337
0 27669
0 28500
0 32299
0 24553
0 33138
0 24389
0 22838
0 27674
0 38029
0 23742
0 25888
0 26494
0 23657
0 31408
0 25524
0 29658
0 31469
0 31241
0 33110
0 24929
0 28706
0 28140
0 25873
0 27617
0 24403
0 27128
0 31256
0 26949
0 28125
0 26128
0 29372
0 25246
0 30573
0 32062
0 35770
0 22883
0 59385
0 26269
0 23512
0 26757
0 27276
0 22769
0 30973
0 25051
0 23359
0 26521
0 24856
0 25466
0 27333
0 23946
0 24782
0 23920
0 31995
0 25792
0 26543
0 50340
0 37472
0 33587
0 23757
0 25503
0 45006
0 31008
0 28691
0 26579
0 25260
0 23932
0 23191
0 24741
0 24641
0 28638
0 30807
0 27359
0 35998
0 25430
0 23384
0 26155
0 24496
0 27981
0 35236
0 26648
0 25661
0 26447
0 25875
0 27476
0 27373
0 28989
0 26785
0 26285
0 28954
0 23885
0 31633
0 28365
0 29138
0 30255
0 31020
0 29947
0 23820
0 26580
0 26434
0 40192
0 28770
0 27131
0 23251
0 24806
0 23858
0 24147
0 26878
0 29659
0 24702
0 26309
0 30445
0 49354
0 24643
0 25697
0 34598
0 25260
0 26164
0 26137
0 28911
0 25565
0 23564
0 28915
0 31673
0 29776
0 21894
0 24901
0 26486
0 51727
0 24473
0 27198
0 25967
0 54967
0 24954
0 23962
0 24737
0 24036
0 33286
0 26645
0 27944
0 26495
0 28126
0 43109
0 23664
0 29108
0 30389
0 25582
0 27271
0 31725
0 25654
0 25129
0 27788
0 29886
0 25674
0 26875
1 65536
0 28505
0 53716
0 25677
0 25110
0 29204
0 27327
1 65536
0 25069
0 24096
0 24568
0 24562
0 27974
0 24618
0 23900
0 26087
0 24512
0 24584
0 25808
0 27180
0 27372
0 32703
0 33866
0 23089
0 26067
0 28417
0 32845
0 32647
0 24781
0 26603
0 30210
0 32561
0 27176
0 28877
0 28024
0 24023
0 25945
0 25609
0 45289
0 24562
0 23608
0 27486
0 43106
0 34001
0 26559
0 31059
0 24829
0 26566
0 25543
0 34129
0 30114
0 29062
0 26145
0 38560
0 24796
0 23583
0 28890
0 27390
0 36455
0 28313
0 24120
0 42431
0 37628
0 23948
0 25349
0 27171
0 24093
0 33242
0 26252
0 25777
0 33282
0 26613
0 21166
0 26628
0 38018
0 25618
0 26065
0 26093
0 25403
0 27397
0 24050
0 27816
0 30604
0 26777
0 24587
0 22747
0 23041
0 29446
0 30429
0 29837
0 23393
0 25695
0 30695
0 24574
0 27025
0 27638
0 21969
0 25263
0 22875
0 24267
0 29204
0 26719
0 26677
0 24120
0 27312
0 35639
0 28621
0 23420
0 23578
0 33556
0 25946
0 25939
0 30011
0 26907
0 29459
0 26464
0 28522
0 28610
0 25820
0 25549
0 27697
0 27941
0 21882
0 25084
0 28286
0 24172
0 28160
0 27026
0 24672
0 23830
0 29688
0 25399
0 28634
0 25346
0 36161
0 25914
0 32159
0 24504
0 23008
0 26474
0 27298
0 24638
0 30074
0 27674
0 27752
0 26272
0 22674
0 26455
0 26223
0 25692
0 26298
0 25292
0 32705
0 29320
0 28202
0 27685
0 35641
0 29799
0 26105
1 65536
0 26524
0 24266
0 27298
0 25525
0 27301
0 25761
0 32350
0 28105
0 26829
0 26192
0 38080
0 24840
0 45769
0 25651
0 24647
0 36834
0 33699
0 23569
0 26995
0 23042
0 24644
0 26809
0 35235
0 25912
0 27485
0 23916
0 24879
0 27152
0 26699
0 36016
0 23639
0 29185
0 27548
0 27295
0 26553
0 21711
0 25004
0 27888
0 25967
0 49281
0 26940
0 30124
0 26468
0 63148
0 26375
0 25865
0 23948
0 26497
0 29412
0 43932
0 23716
0 34429
0 36216
0 26641
0 24169
0 27522
0 52873
0 24311
0 24395
0 24319
0 25455
0 28621
0 24749
1 65536
0 25553
0 28686
0 26994
0 26668
0 23991
0 25632
0 55415
0 25166
0 21674
0 28615
0 24092
0 25170
0 27305
0 29830
0 26627
0 25569
0 25931
0 23650
0 28202
0 25323
0 26906
0 24537
0 25169
0 22925
0 27167
0 37549
0 28874
0 26116
0 31740
0 33073
0 25304
0 40355
0 25142
0 29579
0 26262
0 32025
0 27143
0 55166
0 26254
0 28268
0 24415
0 28836
0 24759
0 24961
0 27127
0 24727
0 24635
0 25239
0 30775
0 29478
0 28718
0 52774
0 23234
0 29270
0 25836
0 25277
0 23681
0 25500
0 29445
0 26435
0 22820
0 27543
0 32532
0 25430
0 26636
0 29884
0 33736
0 27167
0 23219
0 26294
0 26040
0 24171
0 59573
0 27089
0 29879
0 24427
0 28488
0 38726
0 29077
0 26278
0 23481
0 27227
0 35845
0 35437
0 27669
0 21552
0 25441
0 27615
0 24805
0 22058
0 31634
0 27444
0 42040
0 24543
0 22431
0 33626
0 33845
0 27212
0 29826
0 28437
0 26505
0 23939
0 29531
0 25035
0 29335
0 30101
0 23292
0 24282
0 26777
0 30479
0 24622
0 25100
0 27699
0 25543
0 29101
0 22676
1 65536
0 26328
0 29167
0 25638
0 25575
0 23219
0 24552
0 27288
0 24789
0 23750
0 32042
0 28527
0 24427
0 28511
0 28718
0 27070
0 25331
0 33991
0 32993
0 27191
0 40764
0 24934
0 27022
0 26048
0 22206
0 25381
1 65536
0 22282
0 24320
0 22549
0 41739
0 25432
0 24638
1 65536
0 24394
0 23324
0 22573
0 36825
0 24395
0 23179
0 26429
0 31932
0 28753
0 31189
0 26851
0 25066
0 55670
0 33818
0 25908
0 27445
0 26316
0 30457
0 26358
0 27126
0 26938
0 25754
0 28173
0 28290
0 27301
0 28070
0 25751
0 27542
0 25880
0 24853
0 23189
0 30863
0 26883
0 31812
0 28096
0 26136
0 33255
0 25398
0 32418
0 31009
0 38950
0 24275
0 29770
0 25149
0 25414
0 33025
0 29095
0 48153
0 27862
0 25696
0 25622
0 23754
0 32523
0 26459
0 27960
0 30223
0 24461
0 26469
0 56407
0 28788
0 24879
0 31569
0 24729
0 36651
0 26487
0 26914
0 25615
0 21861
0 25822
0 36944
0 27489
0 24049
0 31477
0 30417
0 26294
0 33452
0 31373
0 27254
0 24664
0 26940
0 26686
0 23871
0 26109
0 28106
0 26685
0 26553
0 24815
0 24145
0 31816
0 25810
0 27267
0 24936
0 25215
0 26112
0 29503
0 31102
0 23366
0 26149
0 24079
0 26588
0 25262
0 22640
0 25362
0 28980
0 26319
0 24740
0 25077
0 28092
0 30174
0 26959
0 24567
0 29914
0 24929
0 29174
0 32543
0 25549
0 26472
0 23112
0 25495
0 24539
0 26050
0 32020
0 28704
0 27248
0 23818
0 32016
0 49047
0 25314
0 24819
0 29847
0 24333
0 21707
0 25314
0 32917
0 25284
0 21867
0 27129
0 25044
0 22916
0 29447
0 22465
1 65536
0 27657
0 32000
0 25270
0 23707
0 27206
0 24792
0 29865
0 30597
0 27376
1 65536
0 25663
0 25585
0 23830
0 24532
0 43588
0 24269
0 24436
0 24890
0 25664
0 26650
0 28464
0 29477
0 24731
0 31986
0 23603
0 24956
0 25644
0 28432
0 22466
0 25494
0 29071
0 24598
0 26322
0 24204
0 65525
0 23999
0 29513
0 26220
0 33787
0 25367
0 29949
0 24270
0 25735
0 29048
0 22997
0 26151
0 31432
0 26176
0 28830
0 25553
0 38564
0 22420
0 28178
0 23543
0 27688
0 24802
0 25153
0 29388
0 25068
0 39922
0 27339
0 30398
0 24471
0 24856
0 33861
0 25108
0 26110
0 24566
0 23825
0 23445
0 24977
0 25883
0 24250
0 29705
0 33447
0 24796
0 27476
0 23443
0 28123
0 39547
0 27133
0 25032
0 26973
0 31355
0 23805
0 28529
0 45670
0 27589
0 25636
0 26917
0 22039
0 25963
0 27368
0 23237
0 28777
0 29789
0 36987
0 29053
0 57147
0 27451
0 28511
0 25063
0 41474
0 25580
0 25123
0 57086
0 38142
0 25353
0 41990
0 29328
0 25410
0 27208
0 26702
0 30734
0 25383
0 25270
0 26614
0 29529
0 25832
0 38808
0 22998
0 22250
0 23895
0 26793
0 28542
0 24880
0 24953
0 26360
0 26292
0 25384
0 26761
0 29970
0 30286
0 26875
0 28189
0 25581
0 26334
0 26535
0 27207
0 26975
0 25924
0 22898
0 25099
0 25088
0 25605
0 31292
0 24873
0 40341
0 38476
0 26170
0 24113
0 32272
0 29019
0 26515
0 25308
0 24308
0 26314
0 27465
0 25653
0 26596
0 25639
0 26739
0 25390
0 31302
0 26160
0 27744
0 36355
0 24477
0 23554
0 24176
0 40220
0 27945
0 24616
0 28473
0 29464
0 23759
0 23831
0 31175
0 27383
0 33110
0 26398
0 28354
0 28214
0 45054
0 27568
0 25642
0 36232
0 26320
0 28259
0 29317
0 22297
0 23711
0 25572
0 29272
0 22976
0 31962
0 26367
0 30926
0 24365
0 26958
0 23451
0 25827
0 34801
0 29986
0 38698
0 33641
0 25420
0 43131
0 26040
0 29040
0 26470
0 21386
0 28312
0 29500
0 27032
0 26486
0 31876
0 26942
0 25642
0 30278
0 33811
0 26441
0 25449
0 34071
0 32007
0 30151
0 30261
1 65536
0 27324
0 31393
0 24517
0 26220
0 22757
0 24624
0 25367
1 65536
0 22431
0 26603
0 22616
0 26569
0 29599
0 24957
0 24642
0 22075
0 25796
0 27476
0 22789
0 25345
0 35155
0 29211
0 26858
0 25569
0 26835
0 40602
0 41812
0 26804
0 29313
1 65536
0 31559
0 25418
0 32753
0 23955
0 35374
0 22547
0 24673
0 26562
0 25265
0 25103
0 26465
0 23268
0 42787
0 29067
0 25302
0 27180
0 26438
0 25028
0 25947
0 26268
0 26979
0 31337
0 35288
0 29739
0 28857
0 31513
0 25932
0 32511
0 28428
0 25702
0 25557
0 25399
0 27355
0 32504
0 29603
0 35645
0 28620
0 30005
0 34174
0 26962
0 29212
0 26712
0 22404
0 28142
0 30754
0 31362
0 29130
0 26451
0 23215
0 32666
0 23558
0 25250
0 36007
0 26739
0 25064
0 35466
0 28046
0 24762
0 30749
0 43068
0 33726
0 26340
0 24284
0 35932
0 29160
0 24542
0 26854
0 34704
0 29869
0 25441
0 24997
0 28763
0 25821
0 35001
0 34082
0 32578
0 26129
0 24711
0 25314
0 26777
0 25289
0 31835
0 25288
0 29042
0 28180
0 24048
0 27134
0 25094
0 29632
0 27903
1 65536
0 25857
0 27611
0 26961
0 30074
0 27530
0 30154
0 29385
0 25407
0 26532
0 26271
0 26399
1 65536
0 26256
0 34491
0 28159
0 28005
0 24490
0 44233
0 24942
0 27794
0 24578
0 21904
0 28263
0 26786
0 24512
0 22404
0 23272
0 27852
0 24074
0 27199
0 25434
0 31349
0 26800
0 23920
0 25033
0 26808
0 27893
0 25722
0 29978
0 26979
0 25691
0 23860
0 37511
0 25486
0 26328
0 27660
0 27917
0 28991
0 30248
0 25794
0 26848
0 30771
0 26090
0 26528
0 23922
0 24175
0 49572
0 43416
0 24793
0 28101
0 23842
0 26683
1 65536
0 36953
0 25226
0 24677
0 26031
0 27624
0 27967
0 24705
0 21227
0 58177
0 31779
0 24874
0 24573
0 24429
0 50939
0 31651
1 65536
0 24789
0 37866
0 26251
0 34456
0 33797
0 22796
0 25025
0 27462
0 25704
0 24074
0 29427
0 25712
0 21514
0 25174
0 29630
0 29771
0 29829
0 35108
0 23293
0 25539
0 23664
0 25230
0 29446
0 27089
0 26024
1 65536
0 24595
0 25193
0 40011
0 25989
0 25146
0 27588
0 23828
0 26023
0 23233
0 34546
0 37033
0 25128
0 22096
0 31666
0 25209
0 23771
0 24804
0 29690
0 34941
0 25898
0 26304
0 25506
0 25174
0 29319
0 27235
0 41715
0 23895
0 23195
0 25121
0 24841
0 29455
0 25034
0 26276
0 27168
0 61941
0 24307
0 25498
0 28357
0 30235
0 27754
0 24243
0 28098
0 39955
0 26320
0 24878
0 21833
0 26702
0 25894
0 45315
0 30298
0 30737
0 25279
0 54000
0 31798
0 27038
0 24857
0 26865
0 58650
0 27419
0 29321
0 25122
0 27366
0 27325
0 24082
0 28945
0 25975
0 34812
0 31181
0 22783
0 29574
0 31146
0 24999
0 26814
0 22823
0 26527
0 25598
0 27729
0 26112
0 26490
0 24341
0 27200
0 30063
0 27115
0 31544
0 27090
0 34769
0 22000
0 23199
0 28432
0 28540
0 31747
0 25968
0 26970
0 29197
0 35383
0 26561
0 24280
0 26557
0 28921
0 31539
0 29526
0 25488
0 25052
0 26308
0 25526
0 26286
0 27922
0 28475
0 27989
0 39654
0 26681
0 27799
0 23233
0 27309
0 25419
0 28248
0 26619
0 26963
0 26942
0 29192
0 26675
0 25850
0 26501
0 25508
0 27154
0 46029
0 33259
0 23651
0 27625
0 28252
0 26741
0 34176
0 25861
0 24240
0 25296
0 27558
0 24229
0 25989
0 25458
0 25210
0 30514
0 27196
0 28062
0 26495
0 24212
0 28947
0 32623
0 22365
0 25802
0 27654
0 36893
0 29246
0 30264
0 24261
0 27441
0 55370
0 23952
0 33259
0 24016
0 25960
0 24024
0 24176
0 26206
0 25509
0 24112
0 24552
0 22988
0 26113
0 24920
0 27472
0 24257
0 33156
0 28870
0 26681
0 27880
0 24582
0 26601
0 24584
0 25422
0 37490
0 29065
0 28691
0 22588
0 24440
0 24572
0 26630
0 26449
0 23769
0 23765
0 25902
0 26920
0 28008
0 23558
0 31528
0 47148
0 26811
0 26221
0 36867
0 39578
0 31411
0 22293
0 26990
0 27432
0 30910
0 23138
0 29121
0 26951
1 65536
0 24226
0 29063
0 33670
0 30002
0 24444
0 26548
0 24514
0 24446
0 24230
0 25011
0 23961
0 20488
0 49751
0 26956
0 25875
0 45694
0 27141
0 29308
0 25747
0 34246
0 26512
0 29226
0 24124
0 34922
0 26228
0 26990
0 34200
0 31296
0 24250
0 30033
0 26822
0 25726
0 25287
0 32690
0 34828
0 27616
0 27000
0 25727
0 25970
0 23035
0 39093
0 27225
0 30015
0 28208
0 29853
0 28346
0 24287
0 30694
0 23941
0 26599
0 26557
0 25731
0 28727
0 36937
0 25631
0 26976
0 42699
0 24286
0 28400
0 25596
0 24401
0 30287
1 65536
0 25251
0 25365
0 24462
0 31574
0 26745
0 27546
0 22777
0 25663
0 24298
0 23271
0 26157
0 26589
0 27610
0 31627
0 25743
0 26779
0 23593
0 25720
0 22837
0 25031
0 35438
0 24615
0 29014
0 28985
0 24829
0 28601
0 26219
0 24739
0 40027
0 25715
0 25996
0 26478
0 49820
0 24996
0 31093
0 28107
0 24540
0 25790
0 26568
0 28100
0 25358
0 23756
0 56427
0 27472
0 25228
0 25836
0 30281
0 27167
0 25009
0 24400
0 33211
0 26789
0 30201
0 48248
0 26786
0 23355
0 25113
0 25754
0 35275
0 26779
0 40162
0 26209
0 22765
0 28558
0 35832
0 26292
0 30839
0 25488
0 23951
0 31564
0 26150
0 24925
0 23362
0 33325
0 28997
0 27081
0 23417
0 26268
0 23750
0 28676
0 29610
0 26518
0 28911
0 26204
0 24665
0 27292
0 25246
0 34164
0 23513
0 32930
0 25865
0 30434
0 26371
0 27359
0 23945
0 27024
0 25102
0 24617
0 33853
0 24924
0 21453
0 48067
0 24614
0 27051
0 35011
0 26684
0 26452
0 25081
0 34846
0 26972
0 21862
0 24100
0 33158
0 27902
0 29624
0 24947
0 25186
1 65536
0 37373
0 24308
0 26322
0 26207
0 25807
0 23251
0 34480
0 30071
0 24385
0 26216
0 24297
0 27023
0 25469
0 24553
0 33138
0 34877
1 65536
0 25165
0 29052
0 24361
0 33894
0 23163
0 29004
0 28170
0 23071
0 33757
0 26233
0 26707
0 28215
0 48337
0 29591
0 27413
0 29772
0 25933
0 28304
0 26473
0 26033
0 25453
0 27074
0 25717
0 26680
0 32008
0 25492
0 24250
0 30314
0 23938
0 25608
0 30330
0 25168
0 24433
0 24306
0 21444
0 23909
0 32462
0 38146
0 28909
0 41484
0 29738
0 25166
1 65536
0 33893
0 24427
0 35348
0 24648
0 24907
0 28508
0 23770
0 42101
0 27105
0 24178
0 27171
0 27578
0 37349
0 32236
0 28821
0 27729
0 33600
0 25215
0 25811
0 25334
0 25769
0 28548
0 33958
0 28385
0 25374
0 31645
0 25053
0 24685
0 36793
0 26374
0 31210
0 28648
0 37882
0 24984
0 23822
0 22522
0 25153
0 23672
0 27540
0 56135
0 23355
0 41033
0 27017
0 26462
0 22916
0 21408
0 25833
0 27532
0 24033
0 26538
0 42251
0 23976
0 30441
0 23026
0 26178
0 27963
0 24490
0 25872
0 30764
0 25069
0 40752
0 36548
0 23746
0 26153
0 25486
0 27050
0 23092
0 26729
0 31594
0 30627
0 28124
0 26280
0 24457
0 26914
0 28692
0 25145
0 26462
0 28210
0 30790
0 25451
0 29686
0 21850
0 26676
0 38144
0 25761
0 28263
0 31192
0 25089
0 26103
0 25432
0 31086
0 24654
0 33322
0 24158
0 23605
0 24903
0 31842
0 29072
0 27006
0 33150
0 26294
0 29821
0 25786
0 34982
0 24795
0 25201
0 26150
0 26179
0 28965
0 25204
0 27579
0 25353
0 27114
0 25204
0 26059
0 25996
0 25243
0 24455
0 41264
0 23630
0 26274
0 23346
0 24337
0 28079
0 24965
0 26180
0 27700
0 24626
0 25890
0 26300
0 27532
0 29316
0 24563
0 28563
0 23098
0 44146
0 25359
0 25323
0 20424
0 26895
0 24170
0 33368
0 27194
0 27626
0 43289
0 28267
0 23364
0 27288
0 32872
0 25272
0 25496
0 25805
0 24817
0 24375
0 24352
0 25339
0 30637
0 28154
0 25036
0 25142
0 31717
0 23179
0 23820
0 31170
0 25964
0 25107
0 31914
0 29155
0 25093
0 25189
0 25999
0 29133
0 23408
0 30831
0 29169
0 24845
0 27229
1 65536
0 23145
0 25601
0 25154
0 24625
0 26018
0 34727
0 21713
0 31311
0 24920
0 23225
0 26407
0 26085
0 27252
0 25336
0 25965
0 27837
0 33315
0 23328
0 26732
0 23963
0 25329
0 24773
0 27420
0 23860
0 23782
0 25369
0 25196
0 28338
0 25940
0 24759
0 29308
0 35202
0 24120
0 25156
0 26158
0 30156
0 25471
0 30080
0 25987
0 62245
0 36624
0 24585
0 30368
0 27724
0 23008
1 65536
0 26723
0 35054
0 23517
0 22940
0 25823
0 29328
0 27617
0 23591
0 28048
0 26288
0 41918
0 27984
0 23542
0 26428
0 26319
0 22528
0 23025
0 34578
0 25668
0 30664
0 24762
0 24627
0 26208
0 25956
0 39311
0 26420
0 24486
0 26768
0 22933
0 26127
0 26533
0 25978
0 29396
0 27642
0 39045
0 26216
0 24494
0 26830
0 24632
0 24501
0 27402
0 27760
0 31837
0 27695
0 23460
0 29125
0 23745
0 30621
0 26489
0 26106
0 57127
0 28333
0 26965
0 25326
0 24888
0 24337
0 26133
0 25489
0 29528
0 36519
0 25934
0 23477
0 22857
0 38721
0 30333
0 27679
0 25531
0 30088
0 25219
0 25669
0 24183
0 37468
0 27471
0 25641
0 41466
0 23700
0 30411
0 26325
0 23010
0 63702
0 26622
0 26350
0 24669
0 30834
0 25069
0 28072
0 26991
0 28726
0 22353
0 24476
0 27324
0 23749
0 24123
0 27428
0 25861
0 32003
0 27371
0 26721
0 50845
0 22585
0 24930
0 25217
0 25956
0 23424
0 30024
0 24275
0 25121
0 25997
0 29429
0 28121
0 23327
0 26710
0 21432
0 27448
0 25962
0 24692
0 28250
0 28762
0 20963
0 27096
0 25950
1 65536
0 24825
0 24124
0 27205
0 32517
0 26855
0 25048
0 31847
0 28542
0 29113
0 28651
0 29076
0 23234
0 28390
0 25290
0 33371
0 34810
0 28071
0 25706
0 28002
0 27968
0 29881
0 42091
0 26143
0 24425
0 29769
0 25681
0 29165
0 25970
0 23926
0 43092
0 53848
0 22699
0 30221
0 28665
0 30981
0 24667
0 24071
0 29377
0 28609
0 26228
1 65536
0 24441
0 23188
0 28166
0 29433
0 24809
0 29176
0 26334
0 28529
0 23880
0 25269
0 24613
0 23405
0 25505
0 34355
0 40092
0 26055
0 25746
0 24818
0 28490
0 24792
0 25659
0 24696
0 25068
0 25343
0 28298
0 25431
0 24119
0 25945
0 27383
0 25103
0 23018
0 25842
0 28618
0 25369
0 28013
0 27796
0 22929
0 27881
0 25245
0 31662
0 27104
0 23662
0 26230
0 28759
0 25024
0 57427
0 28283
0 25956
0 25183
0 25604
0 29604
0 21400
0 27870
0 26859
0 28057
0 22820
0 30071
0 28563
0 23665
0 25756
0 24940
0 26679
0 32602
0 30217
0 31937
0 25525
0 22096
0 21866
0 26648
0 38357
0 27206
0 28653
0 23638
0 27805
0 23074
0 24142
0 25359
0 25272
0 24362
0 27530
0 23280
0 26367
0 34378
0 24975
0 26172
0 27612
0 24971
0 22550
0 29809
0 35265
0 24507
0 27550
0 30382
0 24024
0 27716
0 25378
0 25710
0 26394
0 23313
0 30938
0 27804
0 28803
0 26182
0 24888
0 24507
0 28952
0 22943
0 50784
0 41120
0 27826
0 33860
0 26813
0 26234
0 27463
0 25311
0 26775
0 26230
0 30839
0 24825
0 28635
0 23554
0 38427
0 24316
0 33387
0 24211
0 24311
0 22179
0 30716
0 23084
0 23360
1 65536
0 26835
0 25036
0 28371
0 24761
0 24952
0 30665
0 28643
0 26812
0 44696
0 26089
0 35540
0 27914
0 23482
0 24535
0 47675
0 40028
0 26389
0 28445
1 65536
0 28129
0 26208
0 25551
0 26141
0 25227
0 25464
0 26824
0 23755
0 27852
0 44517
0 38164
0 26411
0 27651
0 31395
0 23094
0 23374
0 26766
0 33664
0 37470
0 27604
0 24741
0 27619
0 38808
0 38229
0 23611
0 26838
0 57339
0 30994
0 32766
0 27190
0 29123
0 26174
0 26537
0 27338
0 25430
0 25535
0 25923
0 22538
0 29274
0 30626
0 25149
0 28285
0 24337
0 24036
0 24536
0 31162
0 23938
0 28181
0 26122
0 31706
0 26856
0 33872
0 25681
0 25120
0 26419
0 30269
0 26025
0 44827
0 24099
0 30336
0 32410
0 26272
0 24573
0 24604
0 28621
0 26484
0 24183
0 25645
0 35041
0 24901
0 26291
0 28847
0 24616
0 24353
0 24244
0 27066
0 27787
0 25983
0 31301
0 26565
0 25416
0 32865
0 28099
0 25297
0 53233
0 27171
0 29103
0 25985
0 26807
0 22782
0 25371
0 27643
0 29029
0 26509
0 27468
0 24075
0 39992
0 32078
0 25725
0 25204
0 22402
0 43289
0 22459
0 31355
0 25668
0 22460
0 31012
0 24517
0 29042
0 26585
0 24998
0 27579
0 49891
0 25100
0 23359
0 30744
0 24158
0 30961
0 27224
0 28484
0 26258
0 29548
0 25338
0 23626
0 24363
0 27477
0 24349
0 23675
1 65536
0 28603
0 26993
0 25563
0 27243
0 27051
0 45545
0 21375
0 24406
0 23932
0 25972
0 30226
0 25509
0 27452
0 24554
0 27452
0 30161
0 37369
0 30525
0 28035
0 27267
0 25786
0 23200
0 51885
0 25141
1 65536
0 29825
0 39975
0 36186
0 25145
0 26950
0 38003
0 30641
1 65536
0 24824
0 23625
0 27879
0 20673
0 25198
0 26486
0 24131
0 27113
0 23140
0 28585
0 25012
0 29237
0 30040
0 27096
0 50217
0 26015
0 23520
0 37660
0 26426
0 26504
0 25216
0 26040
0 28913
0 25551
0 27421
0 24891
0 26363
0 23293
0 25690
0 24489
0 50822
0 25356
0 26856
0 23250
0 28445
0 25505
0 31467
0 24357
0 27311
0 23067
0 26198
0 25009
0 30002
0 33686
0 22595
0 25864
0 30928
0 27143
0 30759
0 25140
0 25794
0 44655
0 37072
2 65536
0 25567
0 29079
0 24766
0 29388
0 24692
0 24239
0 26104
0 26308
0 25271
0 23998
0 23419
0 40132
0 30442
0 27735
0 27511
0 25853
0 24644
0 27635
0 26628
1 65536
0 25147
0 24635
0 23489
0 30926
0 25670
0 29847
0 25987
0 25784
0 41228
0 25557
0 22973
0 62914
0 25319
0 22317
0 26885
0 25750
0 25663
0 33650
0 23963
0 32155
0 25972
0 28113
0 23675
0 24090
0 43262
0 25876
0 25131
0 25059
0 28769
0 26860
0 23995
0 25029
0 28977
0 27447
0 25989
0 39703
0 24308
0 34839
0 28635
0 41070
0 28715
0 27705
0 28310
0 27742
0 26760
0 26497
0 27033
0 34102
0 31609
0 29938
0 26683
0 26915
0 21431
0 29857
0 24879
0 29152
0 31525
0 25293
0 32342
0 22580
0 24587
0 27656
0 24807
0 23999
0 26916
0 26207
0 31793
0 26444
0 31095
0 27457
0 24732
0 26303
0 25152
0 30642
0 29578
0 23483
0 23171
0 27673
0 26046
0 25501
0 25293
0 25086
0 27137
0 25935
0 45431
0 27741
0 34322
0 25231
0 23114
0 23101
0 38329
0 32438
0 31860
0 23890
0 28081
0 21882
0 26269
0 27943
0 25761
0 30409
0 25513
0 37091
0 24481
0 23725
0 25305
0 28550
0 32741
0 26553
0 26417
0 28109
0 25495
0 25145
0 26104
0 27843
0 26471
0 26747
0 29548
0 25775
0 28376
0 25557
0 36351
0 29372
0 26392
0 29652
0 23173
0 41370
0 23685
0 27544
0 26469
0 23770
0 22160
0 24152
0 24150
0 29353
0 27704
0 27225
0 36371
0 28354
0 25498
0 26730
0 26647
0 23987
0 25527
0 31775
0 31131
0 23913
0 27736
0 25198
0 25548
0 23969
0 26281
0 30909
0 22956
0 27790
0 25203
0 29396
0 29912
0 26660
0 25024
0 24724
0 25483
0 26896
1 65536
0 34564
0 24577
0 26824
0 28449
0 33894
0 31173
0 32529
0 25610
0 30741
0 28289
0 25916
0 29044
0 24037
0 26830
0 23736
0 28548
0 28921
0 25519
0 29485
0 23091
0 29668
0 26754
0 29782
0 32439
0 24946
0 34554
0 25458
0 23811
0 25394
0 32138
0 22983
0 23484
0 22322
0 29865
0 30249
0 26268
0 25681
0 31832
0 33771
0 26566
0 25201
0 29877
0 40017
0 24643
0 34759
0 25502
0 32176
0 25328
0 32693
0 28667
0 23544
0 28811
0 58366
0 29028
0 27393
0 27391
0 27479
0 29501
0 24946
0 25809
0 26870
0 35538
0 25179
0 27555
0 25583
0 52687
0 34170
0 30697
0 29443
0 41535
0 23623
0 35999
0 27835
0 25785
0 24238
0 23504
0 24996
0 29725
0 21999
0 36220
0 22580
0 26349
0 23315
0 27734
0 28516
0 25565
0 26458
0 25048
0 25108
0 44343
0 28141
0 24488
0 24273
0 29605
0 30802
0 37816
0 23855
0 30371
0 34875
0 33043
0 24956
0 22170
0 23856
0 23321
0 24224
0 24413
0 27135
0 23503
0 26699
0 26001
0 25409
0 29928
0 25769
0 26243
0 27359
0 31194
0 24712
0 26729
0 26169
0 24072
0 27184
0 23402
0 23066
0 24466
0 25073
0 26226
0 30357
0 42310
0 28218
0 29776
0 24990
0 36815
0 30108
0 28368
0 25667
0 27143
0 23858
0 22391
0 31001
0 32793
0 25523
0 28571
0 24684
0 25480
0 25387
0 28842
0 27316
0 27784
0 25580
0 28621
0 24183
0 25940
0 23430
0 26176
0 27068
0 24088
0 28226
1 65536
0 25861
0 25707
0 26236
0 30262
0 25243
0 44678
0 28075
0 25036
0 25849
0 27034
0 40556
0 27389
0 26055
0 29007
0 37436
0 55059
0 31842
0 25711
0 31350
0 26042
0 27696
0 28552
0 28853
0 26612
0 29468
0 25267
0 26071
0 23836
0 25193
0 24650
0 25395
0 26221
0 28978
0 26200
0 24225
0 34284
0 31914
0 25575
0 28094
0 25434
0 30273
0 26539
0 24298
0 30355
0 37534
0 28254
0 25995
0 24049
0 24265
0 24821
0 27174
0 28591
0 26456
0 24521
0 44387
0 25363
0 28018
0 25619
0 27218
0 24993
0 28833
0 29638
0 26381
0 27313
0 25217
0 24749
0 24062
0 24384
0 29356
0 26822
0 25097
0 25328
0 25117
0 23285
0 26214
0 27892
0 33172
0 25937
0 27985
0 23858
0 22782
0 28101
0 27127
0 55260
0 30510
0 23972
0 23317
0 23991
0 25995
0 28919
0 31011
0 23356
0 28725
0 28195
0 42451
0 24592
0 32931
0 28657
0 28105
0 26128
0 25145
0 24205
0 26002
0 27428
0 34738
0 25210
0 29596
0 41995
0 24054
0 35769
0 30423
0 27401
0 25406
0 41020
0 26335
0 27515
0 23063
0 22712
0 35526
0 32607
0 28730
0 25694
0 23419
0 25212
0 29174
0 62888
0 25789
0 27719
0 26961
0 28142
0 25073
0 23664
0 25571
0 28244
0 23741
0 24029
0 21431
0 25109
0 46262
0 31215
0 29110
0 23275
0 24215
0 28050
0 24341
0 25736
0 26037
0 24180
0 27146
0 25387
0 36138
0 25424
0 29253
0 22294
0 35161
0 30494
0 23910
0 38802
0 23547
0 28153
0 23470
0 27943
0 31749
0 25234
0 23897
0 25018
0 36733
0 28841
0 33840
0 26569
0 27417
0 24247
0 25511
0 24037
0 27947
0 25357
0 23641
0 26626
0 26611
0 25897
0 22615
0 27192
0 26015
0 28351
0 29986
0 40576
0 27804
0 26492
0 59673
0 39664
0 23909
0 25511
0 28690
0 34862
0 25128
0 51293
0 31458
0 31408
0 36632
0 27251
0 25534
0 27020
0 25108
0 27635
0 28474
0 29371
0 30490
0 35850
0 35197
0 25145
0 36540
0 25647
0 23949
0 33237
0 24673
0 25549
0 30206
0 28094
0 32097
0 36031
0 25334
0 28073
0 23847
0 24183
0 24204
0 26054
0 25325
0 26927
0 23146
0 23912
0 22164
0 23928
0 24694
0 26175
0 24203
0 27543
0 24154
0 28726
0 25883
0 26049
0 44362
0 26812
0 30607
0 21652
0 23029
0 27369
0 25659
0 25304
0 33077
0 29389
0 27195
0 25142
0 34185
0 22307
0 28014
0 24996
0 32802
0 27300
0 24580
0 29663
0 25026
0 27654
0 22935
0 25739
0 27224
0 28582
0 24913
0 23713
0 37584
0 28945
0 27294
0 29300
0 25816
0 27520
0 29824
0 24438
0 25405
0 29519
0 26960
0 24595
0 26297
0 24325
0 30471
0 27056
0 23222
0 25115
0 27293
0 25386
0 27232
0 26588
0 23376
0 25276
0 27926
0 23081
0 32183
0 21078
0 57015
0 25590
0 23726
0 27631
0 24019
0 23329
0 28270
0 26452
0 26663
0 24927
0 36810
0 23232
0 27693
0 25526
0 31975
0 26242
0 29953
0 27996
0 33721
0 24990
0 24332
0 31014
0 23320
0 36638
0 25300
0 30104
0 24116
0 32182
0 26427
0 27384
0 23912
0 27640
0 27724
0 25350
0 27560
0 27222
0 30332
0 28095
0 26535
0 27958
0 26861
0 27038
0 23824
0 26885
0 26748
0 24131
0 25070
0 28018
0 28637
0 25896
0 24481
0 28878
0 25804
0 23149
0 24492
0 34831
0 43367
0 24963
1 65536
0 24093
0 23448
0 29090
0 29761
0 26076
0 24027
0 36747
0 29231
0 23679
0 25107
0 23809
0 25978
0 26693
0 25893
0 29098
0 24282
1 65536
0 27884
0 27675
0 30366
0 31086
0 23960
0 26679
0 32272
0 24732
0 27328
0 23923
0 23958
0 33281
0 26048
0 23339
0 37758
0 28486
0 26669
0 27290
0 25828
0 51160
0 28763
0 33489
0 33278
0 25905
0 28130
0 23417
0 25291
0 26180
0 26249
0 25918
0 23915
0 24861
0 24845
0 30462
0 28609
0 27742
0 24661
0 23529
0 31316
0 26868
1 65536
0 28441
0 24281
0 29064
0 24744
0 27304
0 27949
0 28290
0 26142
0 23306
0 25357
0 24780
0 39964
0 26673
0 35141
0 25572
0 26677
0 21511
0 35229
0 24134
0 26048
0 27891
0 26060
0 23715
0 25223
0 24699
0 28694
0 25264
0 25226
0 30410
0 25493
0 24696
0 25439
0 27719
0 26176
0 30566
0 29269
0 22199
0 23747
0 23093
0 35538
0 35489
0 22991
0 25065
0 24550
0 32012
0 26705
0 26125
0 26245
0 24993
0 25996
0 23966
0 26710
0 25725
0 24977
0 28748
0 40926
0 30661
0 23456
0 25071
0 27103
0 27737
0 28335
0 30870
1 65536
0 24254
0 24547
0 25069
0 25237
0 27662
0 28847
0 26302
0 25256
0 27428
0 26599
0 28298
0 24221
0 28856
0 26032
0 25976
0 28346
0 26469
0 34290
0 29421
0 25499
0 31209
0 27679
0 28009
0 27455
0 26575
0 24851
0 25611
0 30589
0 26178
0 26834
0 25900
0 27773
0 24464
0 23308
0 31292
0 35743
0 22974
0 22552
0 25032
0 28066
0 28073
0 25614
0 29784
0 26709
0 27810
0 27709
0 24628
0 26663
0 34175
0 26075
0 24886
0 26994
0 35898
0 26089
0 25450
0 28446
0 26216
0 29642
0 27154
0 24763
0 24009
0 25608
0 25643
0 25858
0 24758
0 24497
0 27085
0 25783
0 26347
0 33873
0 41349
0 24155
0 24966
0 31069
0 32851
0 27817
0 22889
0 24220
0 25835
0 23747
0 25453
0 42644
0 29779
0 42296
0 24657
0 26968
0 43301
0 26991
0 25441
0 28225
0 26705
1 65536
0 25833
0 25696
0 25269
0 23097
0 25436
0 24813
0 26948
0 25401
0 26089
0 22534
0 29997
0 24671
0 24890
0 27263
0 32246
0 25009
0 44351
0 22144
0 23940
0 21847
0 25549
0 23215
0 28658
0 25971
0 39226
0 30803
0 25926
0 26430
0 36515
0 24441
0 52793
0 23187
0 34865
0 26282
0 26935
0 24329
0 29960
0 21776
0 23180
0 27509
0 29394
0 28054
0 26539
0 21145
0 24319
0 35457
0 22143
0 26478
0 25647
0 25345
0 27128
0 25681
0 24726
0 26224
0 23655
0 28754
0 25714
0 28048
0 23694
0 26966
0 38346
0 35414
0 25744
0 25912
0 31009
0 28144
0 24510
0 33436
0 27302
1 65536
0 26711
0 22841
0 30407
0 35175
0 26327
0 26720
0 28696
0 24107
0 26309
0 48301
0 26738
0 24064
0 26630
0 31074
0 25912
0 25072
0 27608
0 25302
0 26195
0 26216
0 25932
0 28076
0 30070
0 22804
0 23822
0 27100
0 24590
0 25362
0 35937
0 29154
0 34089
0 24074
0 30945
0 34478
1 65536
0 27054
0 51896
0 36352
0 27554
0 38985
0 27703
0 27135
0 24324
0 26631
0 24961
0 25313
0 36899
0 36869
0 25762
0 26790
0 25455
0 25830
0 25258
0 26782
0 25334
0 28138
0 24757
0 22793
0 26825
0 26304
0 28618
0 28355
0 25452
0 31211
0 29425
0 27243
0 32662
0 27327
0 27368
0 27129
0 24748
0 26491
0 22827
0 23032
0 25756
0 27971
0 28630
0 24356
0 27447
0 23290
0 27761
0 27822
0 23864
0 29495
0 30234
0 24144
0 23700
0 45168
0 30012
0 34792
0 24951
0 25297
0 26259
0 26349
0 35324
0 25294
0 29921
0 28846
0 28383
0 25832
0 24283
0 30304
0 24939
0 30301
0 24647
0 25626
0 24525
0 27742
0 23927
0 31336
0 30514
0 33991
0 26640
0 28392
0 33519
0 24694
0 26998
0 24916
0 24865
0 24091
0 39686
0 25645
0 22749
0 28351
0 22794
0 24162
0 24953
0 29247
0 25166
0 24935
0 24336
0 26495
0 24910
0 24007
0 24596
0 29970
0 25251
0 23758
0 30650
0 33635
0 27669
0 26916
0 28816
0 28114
0 25556
0 26297
0 32396
0 25086
0 27608
0 29026
0 26220
0 23472
0 49889
0 25744
0 31058
0 29647
0 26958
0 25244
1 65536
0 23204
0 27138
0 27080
0 26547
0 26072
0 24993
0 29936
1 65536
0 27023
0 24169
0 26712
0 28892
0 23374
0 25331
0 24166
1 65536
0 29013
0 28115
0 24526
0 25567
0 24926
0 35943
0 24995
0 34534
0 27700
0 25251
0 24453
0 24371
0 27723
0 26660
0 24835
0 27026
0 28228
0 32254
0 32600
0 27479
0 26137
0 24736
0 23736
0 34025
0 28707
0 31581
0 23491
0 30509
0 26105
0 25714
0 24808
1 65536
0 31924
0 37461
0 25893
0 25674
0 22287
0 31948
0 23777
0 35649
0 24518
0 25488
0 25146
0 25799
0 30614
0 23739
0 25252
0 27953
0 28252
0 24255
0 31997
0 26191
0 26505
0 32373
0 23680
0 27390
0 48555
0 25280
0 25545
0 27061
0 26686
0 25918
0 28169
0 32192
0 23050
0 23073
1 65536
0 29678
0 26126
0 24319
0 26842
0 37482
0 25808
0 25436
0 27060
0 27563
0 35286
0 27403
0 26619
0 31660
0 24671
0 40246
0 23824
0 40733
0 36692
0 40225
0 24721
0 31938
1 65536
0 41532
0 33539
0 23088
0 27345
0 37838
0 26610
0 24593
0 28405
0 24921
0 28534
0 28859
0 33140
0 28331
0 24972
0 57849
0 24779
0 28119
0 35214
0 46151
0 24755
0 54188
0 26954
0 24685
0 26617
0 24035
0 29289
0 26349
0 25390
0 26084
0 49231
0 24594
0 25371
0 21256
0 26265
0 25441
0 58773
0 39753
0 24376
0 26511
0 24946
0 25173
0 24844
0 30453
0 26336
0 30761
0 29100
0 41440
0 28441
0 29588
0 25939
0 28887
0 25327
0 26300
0 36863
0 26015
0 27593
0 25744
0 28236
0 29537
0 25015
0 36204
0 31651
0 25196
0 23935
0 47670
0 23221
0 30305
0 25631
0 26777
0 26052
0 22686
0 25910
0 23212
0 27751
0 23233
0 26590
0 28987
0 22590
0 38570
0 26328
0 24157
0 34184
0 27792
0 26602
0 24435
0 24470
0 26608
0 24953
0 38603
0 25746
0 23084
0 24256
0 33952
0 41514
0 27770
0 25588
0 30191
0 25829
1 65536
0 25019
0 26902
0 30490
0 28449
0 26372
0 25823
0 25833
0 26505
0 25071
0 28837
0 24026
0 23905
0 24396
0 35795
0 23891
0 24516
0 31075
0 30810
0 28555
0 28740
0 30471
1 65536
0 23277
0 26748
0 41243
0 26780
0 32442
0 27126
0 24625
0 33251
0 55395
0 28482
0 25087
0 25591
0 26278
0 23962
0 27638
0 25290
0 27791
0 45206
0 32019
0 23744
1 65536
0 49094
0 33623
0 24407
0 53052
0 27247
0 29293
0 29808
0 23684
0 25952
0 26686
0 24495
0 33162
0 29155
0 27931
1 65536
0 27529
0 24081
0 29247
0 26690
0 25099
0 24978
0 24574
0 30221
0 24800
0 26146
0 26890
0 26334
0 25103
0 28366
0 25682
0 37114
0 26090
0 52403
0 30293
0 27554
0 25957
0 23414
0 26066
0 26259
0 23728
0 33269
0 31510
0 24152
0 44272
0 30489
0 25744
0 33896
0 22451
0 26187
0 28351
0 26665
0 23946
0 24986
0 37228
0 25085
0 26892
0 24053
0 29378
0 23014
0 24641
0 30697
0 31211
0 25147
0 23281
0 34097
0 25695
0 24856
0 25841
0 30492
0 24309
0 24194
0 29324
0 25817
0 25871
0 26310
0 26977
0 23489
0 35842
0 30912
0 25171
0 25076
0 29624
0 26382
0 25685
0 43266
0 27362
0 26063
0 25082
0 39018
0 27023
0 25142
0 26753
0 32808
0 32590
0 26340
1 65536
0 27564
0 24418
0 21480
0 28144
0 30386
0 25864
0 23949
0 30334
0 25628
0 25227
0 25562
0 24021
0 24466
0 43497
0 25052
0 24223
0 24331
0 25898
0 29014
0 27917
0 24639
0 23562
0 34974
0 23977
0 24828
0 27040
1 65536
0 26270
0 22531
0 27058
0 26281
0 33142
0 31985
0 30835
0 22807
0 41383
0 30518
0 27637
0 26083
0 26136
0 25118
0 25428
0 26956
0 26442
0 26004
0 22376
0 44223
0 24878
0 24341
0 24246
0 27666
0 28794
0 25044
0 24318
0 23075
0 26829
0 35809
0 26175
0 23676
0 25329
0 25011
0 45410
0 28528
0 23681
0 27188
0 28333
0 25155
0 30494
0 26041
0 30383
0 36386
0 27107
0 29415
0 25493
0 34745
0 26069
0 25393
0 24214
0 25504
0 24934
0 27380
0 25899
0 27211
0 27899
0 27054
0 41375
0 28830
0 28634
0 26020
0 32977
0 26166
0 25727
0 25205
0 29309
0 25033
0 28579
0 26075
0 24897
0 25213
0 29296
0 25394
0 26626
0 25289
0 27609
0 28076
0 57057
0 24178
0 35853
0 25081
0 27365
0 27177
0 28310
0 24204
0 26944
0 52501
0 28133
0 34937
0 28227
0 26695
0 40072
1 65536
0 32236
0 24742
0 27074
0 25278
0 24674
0 28378
0 33067
0 24689
0 24029
0 25284
0 27390
0 25892
0 27408
0 25999
0 32786
0 27329
0 33860
0 28382
0 29410
0 23074
0 24902
0 30132
0 24308
0 27351
0 30610
0 24990
0 24557
0 25332
0 36369
0 29340
0 24445
0 27134
0 26782
0 27338
0 28737
0 36077
0 30018
0 22660
0 29407
0 28652
0 29240
0 24213
0 36588
0 28598
0 31721
0 27057
0 26510
0 23739
0 26110
0 27281
0 26187
0 30484
0 26431
0 26364
0 23686
0 23692
1 65536
0 27550
0 24496
0 23947
0 25646
0 28883
0 23256
0 27437
0 26953
0 26343
0 28205
0 22617
0 24890
0 23770
0 28139
0 28454
0 26532
0 27891
0 24449
0 28744
0 33995
0 33597
0 29163
0 29405
0 26898
0 44165
0 26297
0 59165
0 27079
0 26553
0 23499
0 22250
0 24460
0 28483
0 27720
0 23340
0 25048
0 28875
0 24303
0 27819
0 29722
0 24282
0 31306
0 27110
0 29020
0 24574
0 28481
0 23803
0 26198
0 24437
0 24047
0 27220
0 27554
0 22962
0 28456
0 28445
0 32122
0 25858
0 23723
0 25523
0 28443
0 31362
0 25193
0 23188
0 32853
0 26777
0 29357
0 35847
0 27822
0 24083
0 23620
0 26856
0 26364
0 26240
0 27984
0 28069
1 65536
0 28858
0 30987
0 25083
0 35411
0 28445
0 27069
0 24597
0 27165
0 22935
0 26597
0 40245
0 23205
0 25385
0 34467
0 26019
0 27524
0 29861
0 25467
0 30629
0 36368
0 28177
0 25637
0 26042
0 24650
0 28950
0 24886
0 28673
0 25039
0 26425
0 26622
0 24652
0 25014
0 26101
0 26431
0 26937
0 21287
0 30059
0 24034
0 26499
0 34870
0 27025
0 25182
0 23381
0 28417
0 25324
0 31252
0 25154
0 28662
0 26117
0 25354
0 26696
0 23781
0 26286
0 22889
0 25316
0 23882
0 23442
0 38822
0 26739
0 34793
0 36723
0 38523
0 26593
0 25708
0 36111
0 32224
0 25221
0 27529
0 24296
0 26486
0 24678
0 26882
0 33968
0 25941
0 26111
0 23359
0 26032
0 23657
0 25479
0 23372
0 24865
0 27222
0 22533
0 24393
0 51236
0 25007
0 24156
0 34829
0 25354
0 25271
1 65536
0 26604
0 25949
0 38944
0 24069
0 24145
0 26731
0 25127
0 23757
0 25995
0 24188
0 28321
0 26625
0 25488
0 32607
0 24052
0 27076
0 26854
0 26469
0 24732
0 22935
0 27649
0 29481
0 26633
0 24668
0 25732
0 33057
0 25747
0 28046
0 26327
0 25018
0 25834
0 31952
0 30103
0 25947
0 23136
0 28720
0 23572
0 30759
0 24544
0 31145
0 26523
0 26130
0 24444
0 26291
1 65536
0 46865
0 24887
0 26335
0 34781
0 26586
0 23333
0 24804
0 25801
0 29371
0 24733
0 26983
0 28265
0 25292
0 27029
0 26726
0 25040
0 27213
0 24887
0 26777
0 35937
0 24890
0 36059
0 28093
0 30556
0 27814
0 27536
0 23791
0 25137
0 23984
0 23758
0 27466
0 25149
0 26564
0 24831
0 28640
0 26211
0 29031
0 25987
0 25869
0 25827
0 26760
0 60675
0 27927
0 27734
0 25573
0 24924
0 25041
0 26047
0 26951
0 33657
0 28805
0 27600
0 25574
0 25292
0 29433
0 25086
0 24676
0 29939
0 30658
0 49492
0 26383
0 25777
0 22840
0 26811
0 36428
0 27404
0 26667
0 29097
0 24775
0 27703
0 26613
0 28027
0 32598
0 39031
0 24471
0 26320
0 27946
0 24811
0 27352
0 25628
0 34560
0 31645
0 43246
0 25548
0 24785
0 25213
0 23290
0 38121
0 24575
0 26818
0 25115
0 25017
0 22224
0 45654
0 25620
0 28871
0 26736
0 26660
0 22837
0 33956
0 24388
0 24494
0 24497
0 24345
0 22121
0 33746
0 24163
0 37241
0 29030
0 25305
0 23927
0 30700
0 30475
0 27827
0 26411
0 26134
0 28664
0 31286
0 38604
0 25676
0 23521
0 29361
0 65312
1 65536
0 27497
0 26810
0 38478
0 27803
0 29475
0 26037
0 26871
0 29674
0 29511
0 24335
0 29267
0 27084
0 24381
0 25300
0 25638
0 26694
0 25798
0 28384
0 24291
0 25469
1 65536
0 30221
0 28018
0 24459
0 21605
0 29802
0 32616
0 25065
0 26092
0 25752
0 25665
0 27703
0 28088
0 27400
0 25447
0 26225
0 24078
0 28084
0 27698
0 25290
0 38259
0 27989
0 23143
0 29431
0 27277
0 27710
0 27302
0 31672
0 25325
0 23190
0 25452
0 25517
0 25598
0 25895
0 26743
0 23792
0 36653
0 24802
0 26162
0 27788
0 22904
0 29461
0 27856
0 29437
0 25265
0 30063
0 25065
0 26985
0 29568
0 27683
0 30326
0 32983
0 28982
0 24851
0 39220
0 29448
0 30006
0 24132
0 27167
0 30257
0 23654
0 26353
0 23677
0 26851
0 25673
0 27254
0 24805
0 30742
0 23739
0 25339
0 23729
0 26399
0 25039
0 27095
0 26989
0 28042
0 28533
0 35079
0 47441
0 28890
0 37353
0 26871
0 25524
0 27720
0 57275
0 26586
0 25400
0 24995
0 26098
0 26171
0 25931
0 25025
0 24894
0 24388
0 30068
0 27058
0 28259
0 24184
0 27707
0 24756
0 22676
0 34305
0 24155
0 31329
0 27058
0 27177
0 25962
0 28491
0 40835
0 25899
0 29643
0 26079
0 25633
0 28486
0 24649
0 34041
0 25351
0 27226
0 26592
0 24133
0 26149
0 27859
0 24947
0 39671
0 21683
0 27004
0 30383
0 26336
0 24260
0 33904
0 26114
0 28048
0 22882
0 23996
0 24388
0 25745
0 27880
0 55314
0 25299
0 24801
0 25050
0 28955
0 32037
0 23909
0 25974
0 27157
0 30957
0 25276
0 24041
0 24591
0 23217
0 26397
0 35451
0 26330
0 52619
0 27475
0 24691
0 27773
0 23965
0 26100
0 28332
0 26095
0 23095
0 32092
0 48378
0 24848
0 27932
0 29736
0 33969
0 26040
0 25347
0 25161
0 28545
0 24559
0 27590
0 24804
1 65536
0 27341
0 27063
0 25034
0 26053
0 24811
0 25378
0 27232
0 24773
0 30029
0 24770
0 23910
0 31941
0 26126
0 26696
0 31886
0 23229
0 30045
0 27018
0 22716
0 25559
0 27236
0 44051
0 24025
0 51098
0 26592
0 31943
0 33679
0 28383
0 30187
0 24226
0 25296
0 25213
0 29287
0 26496
0 27744
0 24561
0 29959
0 24198
0 26477
0 31215
1 65536
0 24191
0 25470
0 25004
0 31354
0 25181
0 24293
0 26436
0 43371
0 31494
0 26308
0 26651
0 33280
0 24036
0 28503
0 26352
0 22919
0 21943
0 25648
0 25530
0 25725
0 24260
0 23731
0 25051
0 34592
0 25694
0 27989
0 25270
0 23565
0 23883
0 27597
0 39988
0 53741
0 42418
0 27169
0 35626
0 32962
0 34076
0 26083
0 25172
0 26218
0 24050
0 23538
0 23997
0 45282
0 27083
0 27465
0 24662
0 24826
0 30645
0 26501
0 25164
0 24640
0 24150
0 26082
0 26934
0 26824
0 26140
0 25076
0 26269
0 24457
0 23253
0 24555
0 23636
0 24348
0 24754
0 25599
0 44583
0 24963
0 28238
0 22747
0 30652
0 22888
0 25760
0 25906
0 23522
0 22739
0 25843
0 32386
0 23347
0 25230
0 23487
0 31443
0 24667
0 32745
0 42255
0 24461
0 26584
0 26898
0 23745
0 29031
0 25320
0 27555
0 31418
0 26264
0 23856
0 33463
0 29501
0 30791
0 30913
0 28651
0 28529
0 27285
0 23763
0 23557
0 23246
0 29006
0 29225
0 25377
0 28980
0 23280
0 27744
1 65536
0 28760
0 28843
0 23635
0 26613
0 30815
0 32356
0 28476
0 23592
0 24319
0 23714
0 24048
0 44633
0 27668
0 24492
0 24576
0 28607
0 25331
0 22889
0 25039
0 25762
0 27708
0 23433
0 29565
0 31318
0 33814
0 24524
0 30998
0 27621
0 25896
0 30929
0 22911
0 32209
0 27894
0 28585
0 27100
0 25469
0 23138
0 28723
0 28709
1 65536
0 28070
0 24800
0 25757
0 24312
0 24161
0 24797
0 23844
0 33779
0 25664
0 48973
0 25983
0 23673
0 22421
0 27653
0 33922
0 24119
0 25740
0 27351
0 24170
0 24488
0 25401
0 26593
0 26556
0 26163
0 24455
0 28892
0 25099
0 26048
0 33555
0 25518
0 27680
0 28988
0 29388
0 29284
0 46538
0 24906
0 24558
0 26050
0 36632
0 27077
0 22443
1 65536
0 29263
0 25310
0 25978
0 26651
0 25975
0 32670
0 27677
0 41828
0 25232
0 28763
0 23283
0 25085
0 26362
0 27985
0 25523
0 24370
0 31230
0 26734
0 26677
0 34770
0 30811
0 24485
0 29400
0 30517
0 27140
0 27170
0 25549
0 30337
0 27171
0 25696
0 25038
0 26830
0 25631
0 25441
0 27049
0 26558
0 34151
0 24545
0 29307
0 26864
0 25514
0 26698
0 48087
0 25849
0 22670
0 29747
0 27060
0 25653
0 25666
0 25558
0 35412
0 28712
0 25922
0 24810
0 25645
0 22652
0 26245
0 22561
0 22243
0 25280
0 25415
0 49394
0 27181
0 36131
0 50738
0 35395
0 27107
0 23595
0 23082
0 31453
0 25745
0 27322
0 24567
0 27511
0 26181
0 23301
0 24375
0 31985
0 32165
0 60771
0 27333
0 39945
0 28161
0 25154
0 31016
0 30997
1 65536
0 29049
0 28447
0 25823
0 31906
0 29921
0 27285
0 47842
0 27250
0 26775
0 55032
0 30249
0 25408
0 28978
0 27529
0 29906
0 24065
0 25359
0 24515
0 24091
0 29532
0 26381
0 34439
0 27951
0 29117
0 24885
0 38407
0 25705
0 32885
0 27046
0 24183
0 28976
0 33690
0 53261
0 35218
0 25697
0 26571
0 24394
0 26305
0 28883
0 25692
0 24483
0 41690
0 25336
0 24155
0 24164
0 26950
0 22706
0 25953
0 22204
0 31574
0 24593
0 27962
0 37250
0 27848
0 29874
0 32083
0 54207
0 26413
0 25425
0 27442
0 24083
0 26200
0 25787
0 25580
0 31844
0 56945
0 24594
0 56153
0 25054
0 27792
0 31780
0 22219
0 29335
0 24251
0 24388
0 26707
0 23259
0 32659
0 28010
0 27489
0 24103
0 25955
0 31215
0 24911
0 25546
0 29811
0 30858
0 25655
0 28104
0 27237
0 25870
0 30564
0 24837
0 26528
0 25145
0 24699
0 28197
0 24697
0 28213
0 22395
0 38933
0 27531
0 24988
0 30519
0 26275
0 26760
0 52837
0 30725
0 26323
0 29063
0 23025
0 23666
0 44497
1 65536
0 30160
0 28185
0 27581
0 27120
0 27459
0 32461
0 28598
0 28377
0 29178
0 23840
0 23874
0 37150
0 26997
0 27012
0 24716
0 57437
0 22835
0 28048
0 28266
0 24233
0 32323
0 26098
0 27452
0 28512
0 38275
0 26927
0 27627
0 23743
0 25848
0 23599
0 26708
0 25571
0 26270
0 25549
0 25832
0 28360
0 31136
0 23854
0 29218
0 24882
0 24308
0 24579
0 32451
0 26329
0 28020
0 45072
0 40676
0 29686
0 26482
0 26884
0 23100
0 27374
0 32843
0 25389
0 24951
0 27703
0 27286
0 31093
0 27791
0 28674
0 23057
0 25308
0 26770
0 25160
0 27729
0 28121
0 24195
0 30879
0 32605
0 26778
0 24612
0 25044
0 26400
0 26877
0 28011
0 27269
0 24159
0 25041
0 26083
0 27774
0 29309
0 24338
0 26873
0 23764
0 30474
0 45080
0 24776
0 27880
0 25404
0 25398
0 29070
0 29015
0 25625
0 33133
1 65536
0 26404
0 27995
0 28501
0 24990
0 23146
0 27740
0 27122
0 23103
0 25331
0 25327
0 25205
0 35250
0 25600
0 28964
0 31152
0 40053
0 31001
0 25074
0 33634
0 26717
0 56983
0 27510
0 44599
0 26709
0 26349
0 23585
0 31880
0 23107
0 23748
0 25142
0 29963
0 23787
0 40045
0 24203
0 34715
0 24637
0 24304
0 23211
0 33129
0 24902
0 23841
0 25580
0 22641
0 35988
0 26878
0 23637
0 28905
0 25751
0 24670
0 33843
0 28177
0 24853
0 26808
0 29330
0 28273
0 47425
0 30519
0 29545
0 25687
0 30796
0 33655
0 25060
0 27691
0 36780
0 25104
0 26344
0 28112
0 24826
0 30399
0 25527
1 65536
0 33429
0 24115
0 25059
0 29542
0 29154
0 25753
0 25040
0 23062
0 33751
0 29218
0 27499
0 38208
0 26576
0 38842
0 35361
0 22958
0 25170
0 21197
0 26525
0 26536
0 26056
0 26258
0 29307
0 41446
0 24132
0 32627
0 28644
0 34100
0 26897
0 26244
0 24847
0 26776
0 26723
0 27013
0 22902
0 22908
0 25232
0 24373
0 28635
0 31173
0 26509
0 25272
0 26609
0 26791
0 27066
0 24759
0 38260
0 31198
0 26363
0 29029
0 24800
0 24646
0 28624
0 24790
0 29973
0 36462
0 28669
0 29540
0 26739
0 26589
0 23304
0 24058
0 23430
0 30075
0 27894
0 26037
0 29447
0 25349
0 27466
0 28779
0 24849
0 25413
0 46658
0 33118
0 22645
0 27570
0 29678
0 28897
0 23845
0 23866
0 26719
0 39480
0 25760
0 22902
0 27690
0 24568
0 23493
0 24376
0 29007
0 25413
0 44436
0 25071
0 24469
0 23907
0 27458
0 26489
0 26308
0 25616
0 25467
0 40971
0 24840
0 26852
0 28366
0 26287
0 37945
0 29502
0 24735
0 28342
0 25030
0 28142
0 26712
0 25127
0 49533
0 30204
0 35375
0 38879
0 29372
0 27210
0 30908
0 22419
0 25284
1 65536
0 48168
0 24422
0 29946
1 65536
0 34283
0 26469
0 29255
0 24944
0 24883
0 22788
0 31235
0 26803
0 24912
0 29950
0 24469
0 24079
0 25614
0 35295
0 28425
0 28713
0 37898
0 35200
0 39682
0 30322
0 25319
0 26631
0 24771
0 26148
0 26268
0 26429
0 24329
0 32024
0 25818
0 25730
0 26164
0 50182
0 24585
0 24476
0 58313
0 32036
0 47077
0 27336
0 26300
0 26601
0 26157
0 25104
0 26426
0 23068
0 38552
0 28902
0 26533
0 28459
0 23362
0 38493
0 25473
0 29349
0 23499
0 28195
0 41716
0 34862
0 27771
0 25801
0 27316
0 25927
0 25450
0 24377
0 25189
0 23887
0 24799
0 32647
0 24082
0 37875
0 27694
0 24430
0 25193
0 56196
0 28068
0 30490
1 65536
0 29545
0 23513
0 27618
0 27237
0 24978
0 28601
0 23136
0 24380
0 43789
0 34273
0 27184
0 27197
0 26726
0 24909
0 25556
0 28557
0 26961
0 26574
0 34890
0 29579
0 23422
0 27419
0 27729
0 26198
0 25409
0 28986
0 23119
0 26620
0 28054
0 23456
0 28412
0 30673
0 24018
0 30251
0 24485
0 26256
0 27852
0 23750
0 25434
0 27317
0 29757
0 55001
0 25296
0 29253
0 44827
0 26235
0 30707
0 23757
1 65536
0 25274
0 25493
0 29119
0 24818
0 27817
0 30520
0 22393
0 25724
0 29892
0 27008
0 26202
0 28550
0 25014
0 26075
0 35482
0 29493
0 25285
0 25862
0 24783
0 32266
0 25014
0 34273
0 21498
0 27785
0 25595
0 27494
0 24756
0 27360
0 28310
0 27450
0 26561
0 24667
0 25464
0 27885
0 23370
0 21841
0 51775
0 28226
0 46872
0 26625
0 26811
0 26845
0 25873
0 24119
0 23263
0 35691
0 25730
0 35055
0 29581
0 24544
0 26869
0 39758
0 28423
0 23747
0 25570
0 23856
0 51905
0 37610
0 37281
0 58989
0 25078
0 62614
0 35574
0 44881
0 33784
0 26017
0 27014
0 29398
0 29710
0 25073
0 26161
0 25137
0 28104
0 24595
0 26886
0 26382
0 27391
0 22644
0 23974
0 24750
0 29397
0 23723
0 33611
0 24023
0 34119
0 25091
0 24595
0 23246
0 25212
0 25335
0 22989
0 28639
0 24398
0 26956
0 31066
0 38614
0 25108
0 27055
0 25804
0 29558
0 26162
0 24062
0 27231
0 26746
0 23715
0 23787
0 31615
0 25252
0 28805
0 21716
0 27790
0 26030
0 26681
0 30517
0 25862
0 27191
0 27587
0 27651
0 27121
0 23786
0 29893
0 27278
0 30535
0 26835
0 28995
0 25841
0 26630
0 23205
0 36903
0 26525
0 23479
0 27232
0 24359
0 26802
0 31023
0 44367
0 28509
0 30118
0 29083
0 29801
0 22868
0 28027
0 40735
0 30978
0 24315
0 25004
0 27505
0 24530
0 25203
0 24096
0 55025
0 23970
0 26770
0 24621
0 26987
0 25061
0 35545
0 42251
0 25816
0 27054
0 24452
0 25791
0 25733
0 29518
0 29136
0 30360
0 35441
0 32570
0 23641
0 26845
0 27225
0 26236
0 24533
0 25522
0 24673
0 40069
0 35062
0 24904
0 23054
0 29091
0 24173
0 30508
0 31752
0 28408
0 49137
0 34187
0 28327
0 25528
0 25599
0 32223
0 25211
0 26813
0 25597
0 25520
0 26659
0 43431
0 33299
1 65536
0 34772
0 28007
0 24683
0 25259
0 27254
0 21710
0 24282
0 31187
0 27480
0 23765
0 24570
0 25115
0 27726
0 29668
0 22694
0 27602
0 50907
0 23705
0 24747
0 23577
0 31184
0 24832
0 23771
0 31458
0 37527
0 26790
0 29027
0 35501
0 25843
0 23071
0 23762
0 24109
0 27375
0 29220
0 27016
0 32431
0 23323
0 25137
0 27724
0 25854
0 28681
0 25137
0 24913
0 26383
0 30087
0 26267
0 24077
0 28841
0 42943
0 25254
0 35570
0 27416
0 24355
0 27975
0 23155
0 42509
0 26565
0 26247
0 23468
0 26898
0 24665
0 28622
0 27973
0 25755
0 24926
0 37970
0 24875
0 26453
0 25071
0 23526
0 26380
0 29287
0 25968
0 28240
0 27021
0 21619
0 24991
0 28859
0 28343
0 26624
0 26175
0 25571
0 26920
0 25770
0 26472
0 27062
0 27728
1 65536
0 22149
0 26073
0 26027
0 25040
0 24723
0 38259
0 26777
0 24543
0 28473
0 26596
0 30535
0 33332
0 28056
0 32699
0 27410
0 25209
0 25498
0 29500
0 26792
0 21385
0 28722
0 30798
0 33015
0 29299
0 26875
0 25413
0 26708
0 38007
0 26541
0 30609
0 25304
0 24207
0 25176
0 26034
0 24007
0 26929
0 30617
0 36984
0 25369
1 65536
0 23363
0 27074
0 29708
0 36082
0 25355
0 31040
0 25729
0 28565
0 24599
0 31288
0 28252
0 24799
0 26319
0 26610
0 24379
0 24103
0 25235
0 25939
0 24088
0 24920
0 34811
0 27651
0 27620
0 27485
0 25935
0 31833
0 26056
0 24528
0 24204
0 37285
0 28919
0 27672
0 23186
0 29241
0 24259
0 28046
0 25839
0 27351
0 25968
0 50131
0 24528
0 26338
0 24779
0 24438
0 29322
0 25367
0 25149
0 23015
0 26902
0 24500
0 27231
0 24939
0 29370
0 24410
0 25902
0 29037
0 24441
0 61016
0 23925
0 27941
0 27860
0 33165
0 23193
0 26308
0 46318
0 27273
0 48677
0 28069
0 27675
0 25569
0 24297
0 37641
0 28716
0 26468
0 58012
0 24601
0 23026
0 31016
0 25028
0 57607
0 26979
0 34892
0 25154
0 24216
0 30284
0 26687
0 24380
0 28252
0 35193
0 37352
0 25442
0 27858
0 27566
0 26057
0 27973
0 25217
0 27329
0 31020
0 27322
0 23486
0 24777
0 27086
0 28918
0 39054
0 31031
0 24951
0 27993
0 38592
0 24210
0 24463
0 33463
0 27615
0 28984
0 25080
0 24753
0 38372
0 23755
0 25266
0 35136
0 26300
0 26248
0 37305
0 32489
0 24106
0 31225
0 24188
0 28506
0 26824
0 24832
0 23194
0 32174
0 26705
0 27379
0 24730
0 28279
0 25557
0 26843
0 26330
0 24902
0 28354
0 24863
0 21875
0 27270
0 58596
0 27303
0 24434
0 26646
0 25103
0 30710
0 32570
0 30021
0 25553
0 25948
0 24576
0 26460
1 65536
0 25554
0 36748
0 23376
0 26881
0 30153
0 28141
0 28874
0 24320
0 27727
0 25962
0 28357
0 31559
0 31168
0 25382
0 24887
0 25406
0 33227
0 30332
0 29956
0 25102
0 25613
0 26015
1 65536
0 30710
0 25326
0 28807
0 26065
0 29809
0 30714
0 30438
0 27185
0 26654
0 38711
0 26636
0 25304
0 24702
0 25264
0 36903
0 24933
0 26264
0 24398
0 26460
0 31845
0 24891
0 25212
0 24815
0 24894
0 25973
0 27175
0 25406
0 33795
0 22977
0 25932
0 28063
0 25170
0 24235
0 25693
0 30152
1 65536
0 39367
0 24942
0 24329
0 28852
0 30047
0 28236
0 24192
0 25666
0 25980
0 26660
0 23560
0 24126
0 26790
0 24932
0 26012
0 29261
0 29248
0 26744
0 26289
0 29060
0 24402
0 26764
0 26015
0 26612
0 24724
0 26691
0 27195
0 25771
0 27161
0 26025
0 24424
0 24413
0 25825
0 26668
0 25056
0 34179
0 24184
0 25623
0 42778
0 27025
0 29504
0 26727
0 30528
0 37938
0 30583
0 23518
0 29061
0 24129
0 28971
0 23523
0 32312
0 22988
0 23908
0 27165
0 25357
0 24545
0 24856
0 24811
0 26957
0 28393
0 24605
1 65536
0 33521
0 24366
0 25979
0 26500
0 32199
0 29111
0 28481
0 28281
0 28892
0 33204
0 26224
0 24351
0 24384
0 38993
0 29327
0 25248
0 24057
0 24053
0 27439
0 29032
0 25806
0 24107
0 24854
0 25330
0 24803
0 22574
0 48446
1 65536
0 24652
0 26210
0 45942
0 23489
0 22936
0 25329
0 24374
0 51630
0 26000
0 26597
0 34095
0 26412
0 27071
0 39782
0 25439
0 27037
0 25647
0 23546
0 43272
0 24363
0 58000
0 38977
0 25231
0 32931
0 27810
0 32174
0 29546
0 24229
0 26451
0 25782
0 48918
0 26211
0 31457
0 28870
0 27924
0 23768
0 29087
0 28705
0 25880
0 34191
0 25084
0 31612
0 23986
0 26170
0 29737
0 60555
0 23838
0 27268
0 25124
0 38361
0 30812
0 29218
0 25107
0 29352
0 37552
0 26754
0 28132
0 29614
0 32050
0 24800
0 25135
0 26587
0 25821
0 24799
0 26209
0 27774
0 24310
0 27972
0 24317
0 24771
0 32053
0 26059
0 27689
0 23307
0 25181
0 26452
0 32955
0 25860
0 25928
1 65536
0 26263
0 31811
0 24093
0 38691
0 24459
0 24648
0 24564
0 27013
0 25078
0 25799
0 29469
0 24933
0 25709
0 24632
0 25249
0 41518
0 24647
0 26290
0 22499
0 27537
0 26172
0 60764
0 28240
0 27362
0 25222
0 32066
0 23553
0 25929
0 24388
0 23878
0 26376
0 28496
0 26222
0 23946
0 63714
0 26937
0 30110
0 28122
0 25090
0 24492
0 27226
0 26094
0 64809
0 32008
0 24160
0 42044
0 26582
0 26803
0 24083
0 27232
0 22897
0 30247
0 27350
0 26291
0 55437
0 29136
0 24288
0 23838
1 65536
0 23688
0 34089
0 24229
0 36157
0 23761
0 29406
0 25739
0 25339
0 23587
0 53204
0 25587
0 27932
0 24875
0 24615
0 23572
0 30062
0 24523
0 22562
0 24925
0 26562
0 28290
0 26686
0 24408
0 34078
0 30967
0 25319
0 27672
0 30426
0 25706
0 41053
0 29478
0 27715
0 29023
0 24764
0 37682
0 25236
0 23696
0 25150
0 30054
0 27905
0 26401
0 25203
0 25224
0 30242
0 29433
0 50602
0 58441
0 26900
0 26649
0 28144
0 26119
0 23961
0 25327
0 49655
0 25725
0 25629
0 24747
0 26229
0 26770
0 32330
0 25553
0 22876
0 25741
0 25012
0 27618
0 25362
0 55385
0 27092
0 36503
0 24970
0 25205
0 25402
0 27002
0 39816
0 25045
0 29009
0 43520
0 26898
0 23266
0 24867
0 26355
0 24096
0 27688
0 32847
0 23467
0 55279
0 29214
0 23314
0 27213
0 26250
0 33874
0 26649
0 27108
0 24434
0 24063
0 25829
0 41171
0 25830
0 28656
0 52353
0 27578
0 22630
0 33497
0 26936
0 37875
0 24958
0 32189
0 22828
0 24557
0 23837
0 30325
0 24957
0 30350
0 25346
0 25292
0 31535
0 32424
0 28303
0 28668
0 23988
0 24057
0 26830
0 22966
0 26727
0 25149
0 28306
0 26384
0 33070
0 36439
0 27781
0 34607
0 28024
0 23879
0 31617
0 25179
0 41363
0 26775
0 34959
0 24373
0 28819
0 32550
0 23696
0 27663
0 27920
0 25315
0 24806
0 27748
0 24096
0 23330
0 29057
0 25437
0 29865
0 44250
0 25604
0 27993
0 26565
0 23477
0 27950
0 27224
0 38149
0 29664
0 25582
0 24060
0 25529
0 25069
0 24640
0 27335
0 25973
0 23807
0 29088
0 22948
0 25294
0 28097
0 28298
0 40793
0 24730
0 24695
0 23417
1 65536
0 25300
0 26700
0 25228
0 26333
0 28073
0 28026
0 24786
0 44077
0 29932
0 23764
0 30389
0 27429
0 28551
0 27735
0 27971
0 27909
0 25285
0 22536
0 60060
0 24631
0 28796
0 24056
0 31649
0 24878
0 33452
0 24907
0 22876
0 33184
0 29440
0 26852
0 23298
0 24227
0 29713
0 27076
0 24300
0 27513
0 28896
0 26055
0 25901
0 33108
0 26752
0 23967
0 29144
0 24984
0 27130
0 27210
0 24504
0 27680
0 25879
0 27410
0 43825
0 27023
0 24440
0 23919
0 47036
0 26552
0 28200
0 25723
0 26825
0 31864
0 25535
0 24869
0 61289
0 23154
0 43021
0 30713
1 65536
0 35415
0 25188
0 28844
0 31787
0 23534
0 22089
0 25775
0 25951
0 25172
0 22717
0 25445
0 28845
0 34815
0 27341
0 22959
0 26154
0 24953
0 34251
0 26147
0 25927
0 28869
0 27692
0 24996
0 28220
0 28332
0 29328
0 29438
0 34166
0 25030
0 36340
0 28464
0 27128
0 22966
0 22857
0 24556
0 29990
0 24965
0 22595
0 30572
0 26776
0 39850
0 27669
0 26330
0 30548
0 28697
0 24264
0 25059
0 27893
0 26227
0 30577
0 29268
0 28607
0 26483
0 24870
0 33167
0 26833
0 25224
0 31371
0 28472
0 24579
0 50747
0 25760
0 30361
0 43337
0 26838
0 54845
0 26094
0 43293
0 27152
0 35801
0 34259
0 32014
1 65536
0 24838
0 23034
0 23436
0 30444
0 22182
0 22171
0 24279
0 27645
0 24823
0 25381
0 27783
0 27516
0 34973
0 29364
0 23691
0 27391
0 31549
0 28450
0 30075
0 48866
0 22736
0 26008
0 28003
0 24206
0 25883
0 21707
0 40546
0 25969
0 25711
0 24985
0 28953
0 26270
0 32141
0 30053
0 24893
0 28127
0 27115
0 24384
0 29298
0 25001
0 25580
0 28007
0 28728
0 29164
0 22928
0 23737
0 26491
0 22857
0 26813
0 26075
0 26658
0 24577
0 28799
0 31340
0 24495
0 41109
0 23116
0 24051
0 27456
0 24117
0 25649
0 22175
0 24686
0 27140
0 30372
0 26097
0 38604
0 38229
0 29578
0 28691
0 25345
0 25162
0 27584
0 61709
0 23867
0 23645
0 30064
0 26068
0 25752
0 27616
0 23940
0 29478
0 24559
0 23182
0 27226
0 25891
0 24735
0 34795
0 33810
0 23934
1 65536
0 25284
0 22086
0 26699
0 24310
0 26257
1 65536
0 23766
0 23883
0 26963
0 29977
0 49062
0 27312
0 44588
0 27801
0 29364
0 35002
0 26445
0 24776
0 26157
0 28221
0 25499
0 23513
0 28320
0 30641
0 40796
0 28896
0 32821
0 33330
0 33502
0 26359
0 26432
0 37486
0 34371
0 28608
0 26421
0 23901
0 29272
0 31688
0 29661
0 28871
0 47173
0 44547
0 24957
0 33661
0 28226
0 27780
0 24276
0 26413
0 22648
0 29316
0 24157
0 25177
0 27180
0 25994
0 28702
0 22936
0 32926
0 24362
0 25406
0 24682
0 26366
0 30898
0 24804
0 25467
0 44547
0 26836
0 25908
0 26628
0 28129
0 26066
0 24196
0 25198
0 27183
0 28367
0 27429
0 25434
0 26232
0 23724
0 26295
0 32852
0 28271
0 22808
0 26654
0 27196
0 23482
0 24362
0 26090
0 25814
0 24073
0 35218
0 23667
0 25396
0 25395
0 36987
0 23881
0 25300
0 24315
0 23324
0 24058
0 31452
0 24694
0 24114
0 27984
0 25441
0 24211
0 33130
0 27529
0 24907
0 24815
0 27102
0 27994
0 29711
0 26746
0 24993
0 28779
0 30714
0 27999
0 25147
0 29134
0 25799
0 50455
0 24394
0 28455
0 24860
1 65536
0 25121
0 33032
0 30613
0 25243
0 29522
0 27090
0 28126
0 27536
0 26632
0 24506
0 39887
0 25385
0 27581
0 26567
0 25367
0 36728
0 25132
0 23506
0 25912
0 38439
0 32877
0 26343
0 26390
0 23827
0 22990
0 28539
0 24478
0 27605
0 30427
0 27515
0 25839
0 23791
0 31170
0 23174
0 28448
0 24512
0 27181
0 24204
0 34852
0 23282
0 25548
0 25097
0 24729
0 25500
0 25924
0 25466
0 33168
0 28907
0 24654
0 24200
0 24077
0 41833
0 28614
0 24879
0 23856
0 26205
0 25989
0 27482
0 27501
0 27335
0 25693
0 25480
0 26344
0 22416
0 24437
0 26158
1 65536
0 30653
0 30034
0 28241
0 26119
0 26101
0 48243
0 24416
0 34917
0 28447
0 38606
0 27199
0 23434
0 31545
0 22727
0 27811
0 31077
0 28924
0 27171
0 26236
0 23733
0 28046
0 26768
0 50746
0 24339
0 27229
0 25922
0 25974
0 37314
0 27945
0 24671
0 24036
0 26688
0 24878
0 27034
0 26411
0 39962
0 28188
0 27829
0 25825
0 22830
0 25485
0 29234
0 25125
0 23576
0 24411
0 28995
0 23441
0 36166
0 24991
0 23927
0 24549
0 26858
0 25077
0 24701
0 28517
0 29028
0 29503
0 25286
0 32538
0 27348
0 32240
0 32371
0 24628
0 35643
0 24293
0 24116
0 26105
0 27047
0 26380
0 26035
0 26521
0 22904
0 26057
0 26629
0 24586
0 38438
0 26353
0 25854
0 29435
0 27404
0 25567
0 25091
0 28215
0 26146
0 23330
0 26618
0 26479
0 27416
0 26843
0 23062
0 22813
0 26591
0 28402
0 31078
0 23631
0 24276
0 25906
0 25570
0 25217
0 35041
0 27399
0 25355
0 23859
0 29868
0 31897
0 23506
0 35597
0 25139
0 24380
0 27022
0 28606
0 26616
0 50772
0 25013
0 25827
0 37411
0 30930
0 25214
0 28586
0 26059
0 25623
0 24113
0 34211
0 28775
0 34890
0 25495
0 32032
0 26432
0 23988
0 25758
0 38273
0 23602
0 32000
0 26495
0 25949
0 31746
0 26745
0 29889
0 22785
0 29073
0 55798
0 28050
0 24426
0 27560
0 25522
0 30115
0 27203
0 32801
0 40575
0 26183
0 24605
0 22117
0 24650
0 31550
0 30121
0 26728
0 29397
0 27022
0 24784
0 26800
0 26057
0 27365
0 27649
0 26772
0 27908
0 27283
0 23491
0 25317
0 40685
0 24543
0 31311
0 25041
0 28011
0 33488
0 25462
0 36591
0 24196
0 24444
0 32203
0 28860
0 24397
0 26696
0 26221
0 27911
0 30721
0 28108
0 29116
0 29293
0 29891
0 38817
0 24375
0 26109
0 33558
0 26276
0 28299
0 24912
0 30461
0 30403
0 56560
0 28087
0 27239
0 28101
0 26477
0 26423
0 24779
0 25754
0 29048
0 28831
0 23694
0 27190
0 29445
0 23081
0 24900
0 28458
0 27710
0 35240
0 25986
0 26861
0 29242
1 65536
0 23741
0 21707
0 40515
0 28224
0 25865
0 24357
0 23927
0 32047
0 26234
0 31776
0 27617
0 28534
0 23888
0 25547
0 25140
0 22840
0 32342
0 24818
0 25235
0 22431
0 29616
0 37305
0 27657
0 35772
0 23636
0 31369
0 23676
0 36270
0 41101
0 24645
0 32382
0 30930
0 61390
0 25067
0 27233
0 30897
0 25570
0 25314
0 28591
0 24240
0 26969
0 30593
0 23960
0 25001
0 27601
0 31144
0 29259
0 26712
0 23843
0 28916
0 24617
0 24681
0 26274
0 25336
0 31882
0 27053
0 26612
0 22453
0 25895
0 24973
0 26227
0 23517
0 25521
0 48015
0 36767
0 23323
0 33395
0 25757
0 23368
0 23579
0 23519
0 26722
0 23858
0 36268
0 28398
0 29413
0 25604
0 23984
0 26304
0 22894
1 65536
0 26188
0 52355
0 30041
0 26516
0 25252
0 25407
0 33574
0 27376
0 27891
0 26214
0 21841
0 32456
0 44509
0 26218
0 23738
0 24927
0 26827
0 25673
0 24223
0 25212
0 29006
0 26606
0 27644
0 26589
0 24830
1 65536
0 46668
0 24689
0 30518
0 25384
0 27031
0 34254
0 28021
0 26779
0 27195
0 32301
0 24144
0 37856
0 25727
0 22674
0 26484
0 25232
0 34234
0 28304
0 27731
0 30785
0 28790
0 24554
0 23737
0 25858
0 24442
0 28135
0 26534
1 65536
0 28653
0 27938
0 22275
0 26056
0 47261
0 33902
0 27179
0 59872
0 26150
0 40617
0 25084
0 28338
0 31916
0 26748
0 26557
0 24718
0 26318
0 44163
0 31676
0 23977
0 23701
0 24858
0 24899
0 30614
0 24566
0 28595
0 24507
0 30344
0 28889
0 24056
0 23514
0 27651
0 26203
0 26524
0 27049
0 24906
0 24947
0 23130
0 29916
0 23003
0 42170
0 28374
0 27007
0 26153
0 31409
0 28894
0 25245
0 27872
0 30173
0 28412
0 24322
0 31510
0 26458
0 26489
0 24194
0 28724
0 32573
0 27102
0 29317
0 27290
0 24125
0 28516
0 30594
0 26288
0 26349
0 26914
0 59535
0 26210
0 25081
0 37141
0 29646
0 24227
0 27419
0 28795
0 26668
0 25146
0 30448
0 27302
0 27799
0 29800
0 36749
0 27562
0 26213
0 24891
0 22981
0 29679
0 25856
0 25637
0 30234
0 24227
0 23866
0 26389
0 25382
0 24122
0 30094
0 28277
1 65536
0 26176
0 23401
0 23577
0 26604
0 25323
0 27114
0 28371
0 25780
0 30415
0 27226
0 27216
0 25698
0 25945
0 26290
0 30482
0 25109
0 55371
0 31914
0 31466
0 23111
0 25909
0 53506
0 25061
0 25796
0 27015
0 23333
0 25869
0 28683
0 35173
0 23991
0 26821
0 24843
0 29181
0 26025
0 26372
0 30866
0 26595
0 21983
0 25591
0 24224
0 23051
0 27132
0 24574
0 26888
0 25842
0 25036
0 45743
0 32896
0 25116
0 26120
0 25783
0 30062
0 26567
0 25358
0 24632
0 23979
0 31357
0 26538
0 25336
0 25335
0 24093
0 23378
0 34614
0 23693
0 25356
0 35003
0 32377
0 25218
0 34622
0 24342
0 26186
0 30826
0 27636
0 27647
1 65536
0 25621
0 25030
0 23256
0 35235
0 25106
0 23384
0 26401
0 27452
0 48816
0 24890
0 23577
0 23674
0 27543
0 28647
0 26731
0 26334
0 25014
0 27816
0 25416
0 28452
0 31925
0 24547
0 27782
0 29478
0 24203
0 24675
0 26392
0 27556
0 31466
0 22141
0 25972
0 25770
0 26398
0 30543
0 27465
0 24083
0 24909
0 32363
0 28828
0 27042
0 23857
0 24806
0 22336
0 34672
0 27150
0 26374
0 28385
0 35663
0 26612
0 23333
0 26266
0 29758
0 27755
0 26764
0 24676
0 29100
0 26216
0 25227
0 28500
0 23835
0 27891
0 33769
0 25723
1 65536
0 29459
0 37943
0 25869
0 29987
0 27558
0 26885
0 24153
0 26074
0 26118
0 25912
0 25075
0 23864
0 25979
0 30162
0 25397
0 30645
0 25056
0 24335
0 25008
0 24854
0 27384
0 27357
0 39238
0 24074
0 28632
0 25356
0 23575
0 23898
0 26658
0 25902
0 26938
0 23425
0 27785
0 26765
0 25760
0 30544
0 31492
0 23517
0 27095
0 25142
0 50817
0 29102
0 31910
0 37209
0 25996
0 23045
0 25197
0 24864
0 27427
0 33539
0 28339
0 34735
0 26639
0 29262
0 25042
0 31984
0 33161
0 23197
0 40572
0 37970
0 27900
0 28000
0 26395
0 29791
0 28437
0 25640
0 26726
0 23464
0 24561
0 31086
0 26964
0 21725
0 34018
0 42681
0 26150
1 65536
0 28290
0 27453
0 30928
0 25618
0 28794
0 25156
0 41126
0 27433
0 27473
0 29677
0 34704
1 65536
0 26571
0 22398
0 26068
0 24451
0 27069
0 24174
0 27324
0 27203
0 38119
0 29833
0 26068
0 24633
0 25604
0 27322
0 41096
0 23367
0 25070
0 25238
0 28448
0 50110
0 22887
0 23651
0 25958
0 24015
0 23647
0 23431
0 32126
0 25693
0 25903
0 47942
0 23348
0 23545
0 25635
0 24021
0 22822
0 22960
0 22479
0 23690
0 35343
0 25431
0 26847
0 36838
0 28452
0 28942
0 28150
0 32383
0 29727
0 25606
0 23815
0 24650
0 26747
0 27975
0 31605
0 25140
0 26257
0 23831
0 27623
0 31380
0 24260
0 33671
0 24198
0 31006
0 24558
0 25278
0 27488
0 30860
0 24885
0 33051
0 25799
0 26627
0 24899
0 25013
0 23170
0 22969
0 38204
0 24289
0 25409
0 23556
0 26591
0 28786
0 25401
0 25126
0 29910
0 26442
0 24186
0 25106
0 26216
0 22520
0 25689
0 29467
0 47085
0 24833
0 24694
0 25733
0 24003
0 26535
0 30001
0 43336
0 26595
0 27823
0 30264
0 33940
0 24684
0 26053
0 23944
0 23779
0 26645
0 26796
0 38208
0 27945
0 23674
0 29131
0 27804
0 23953
0 24719
0 26370
0 24108
0 25305
0 41097
0 28184
0 27747
0 23815
0 24158
0 26951
0 26426
0 25419
0 31244
0 24211
0 26156
0 30944
0 58184
0 28467
0 22480
0 24977
0 28628
0 28005
0 45647
0 25122
0 25483
0 26369
0 36923
0 38464
0 25523
0 31038
0 48721
0 29246
0 38049
0 25026
0 25480
0 26678
0 28765
0 25699
0 27483
0 37114
0 26057
0 28469
0 22650
0 26890
0 24084
0 30622
0 25700
0 29022
0 34817
0 24451
0 29692
0 26771
0 32172
0 24648
0 26108
0 26746
0 24384
0 37164
0 28951
0 32340
0 25748
0 27315
0 34880
0 25381
0 38411
0 30031
0 26036
0 30953
0 24469
0 26826
0 28947
0 49366
0 31460
0 31158
0 28574
0 23525
0 25965
0 24797
0 43598
0 25993
0 25515
0 21976
0 25048
0 25216
0 24348
0 24630
0 24344
0 22531
0 28829
0 26823
0 24547
0 27006
0 26391
0 26857
0 28015
0 58459
0 24171
0 30037
0 22934
0 25835
0 26595
0 30320
0 25323
0 25159
0 24650
0 26784
0 26896
0 27870
0 24954
0 35331
0 25029
0 25824
0 26332
0 30380
0 24994
0 32689
0 25091
0 24177
0 23266
0 25852
0 25892
0 33326
0 26592
0 29332
0 32252
0 29689
0 24382
0 30889
0 29030
0 26094
0 23693
0 36572
0 24719
0 30540
0 25421
0 29646
0 25791
0 25013
0 27250
0 29166
0 24951
0 31580
0 29596
0 25844
0 23433
0 25576
0 30365
0 27219
0 46319
0 24588
0 27103
0 25262
0 32968
1 65536
0 46298
0 32386
0 25793
1 65536
0 27452
0 23972
0 31349
0 25878
0 25202
0 24727
0 24558
0 28668
0 30168
0 33577
0 24400
0 28090
0 25042
0 26748
0 42928
0 24429
0 35043
0 26315
0 25647
0 26259
0 29938
0 53772
0 22585
0 23360
0 24606
0 36699
0 25175
0 24721
0 23587
0 24743
0 25642
0 24590
0 25206
0 26263
0 34390
0 26129
0 27483
0 28211
0 24911
0 23520
0 24766
0 23282
0 30421
0 23642
0 26544
0 26678
0 23988
0 36270
0 22322
0 25354
0 25734
0 23196
0 25390
0 26373
0 25436
0 28007
0 28061
0 23695
0 24678
0 25146
0 27233
0 24821
0 22643
0 29215
0 23090
0 27584
0 25582
0 33518
0 26136
0 27178
0 31578
0 25306
0 30956
0 21751
0 26481
0 23267
0 29571
0 30141
0 34059
0 27461
0 24135
0 25316
0 25544
0 24917
0 26742
0 25706
0 23307
0 24920
0 29855
0 25265
0 24069
0 25292
0 24216
0 24384
0 32638
0 25691
0 24178
0 26891
0 24016
0 24025
0 28944
0 27259
0 23608
0 22880
0 23231
0 27868
0 33745
0 22612
0 25697
0 24706
0 43137
0 26715
0 27248
0 27838
0 23513
0 31229
0 28734
0 23848
0 26114
0 23917
0 27522
0 25647
0 25330
0 27540
0 25414
0 35663
0 24701
0 23991
0 54391
0 29294
0 25679
0 25623
0 28087
0 25899
0 63844
0 33484
0 25816
0 33653
0 30405
0 29047
0 25628
0 30370
0 23902
0 30260
0 25641
0 32488
0 25689
0 27463
0 28798
0 25413
0 22867
0 28524
0 28182
0 29068
0 24212
0 30866
0 27941
0 22063
0 27419
0 25789
0 27853
0 26408
0 25000
0 26845
0 25998
0 22537
0 31103
0 30327
0 25306
0 22390
0 35033
0 31848
0 25102
0 25227
0 33300
0 27046
0 26441
0 23754
0 28362
0 28183
0 26031
0 49836
0 26117
0 27021
0 25431
0 51537
0 41914
0 27000
0 23374
0 29354
0 25347
0 23862
0 23840
0 28101
0 24716
0 26029
0 24994
0 27633
0 24356
0 29677
0 34881
0 34553
0 37885
0 28711
0 24204
1 65536
0 27184
0 25931
0 32313
0 25869
0 26606
0 32004
0 24829
0 26062
0 23397
1 65536
0 34056
0 24226
0 32605
0 36309
0 25896
0 26819
0 26593
0 25546
0 23217
0 29153
0 27823
0 23876
0 27032
0 24477
0 28850
0 25782
0 24728
0 26937
0 28732
0 25924
0 24887
0 35144
0 26942
0 28083
0 23593
0 27017
0 25189
0 26381
0 26997
0 31761
0 27055
0 31681
0 35437
0 24008
0 30857
0 26193
0 26574
0 24257
0 26888
0 28641
0 32595
0 26887
0 26559
0 51631
0 29060
0 26402
0 23719
0 23579
0 33429
0 27677
0 24484
0 27998
0 41674
0 24194
0 22653
0 26388
0 24600
0 24888
0 30862
0 42006
0 24347
0 44806
0 26755
0 24787
0 27878
0 24316
0 25693
0 25804
0 27189
0 28043
0 22570
0 27203
0 32134
0 24204
0 24162
0 50605
0 25243
0 25202
0 27905
0 22873
0 24737
0 24969
0 33463
0 25472
0 26722
0 28650
0 29535
0 36180
0 27634
0 29049
0 46095
0 27075
0 26935
0 27300
0 24608
0 29171
0 41862
0 26037
0 27482
0 37800
0 27325
0 35471
0 24914
0 28403
0 20153
0 25329
0 26685
0 27461
0 24247
0 27486
0 26173
0 33842
0 33509
0 28380
0 36976
0 35429
0 23628
0 40849
0 25561
0 36340
0 33783
0 29165
0 27281
0 32112
0 24683
0 27908
0 27204
0 30242
0 26817
0 25058
0 40815
0 47259
0 25267
0 43153
0 28489
1 65536
0 25692
0 29206
0 44444
0 24494
0 33196
0 25570
0 33476
0 24426
0 28842
0 29052
0 26521
0 23442
0 25964
0 47608
0 25329
0 37387
0 30703
0 28521
0 28911
0 22209
0 26224
0 30600
0 29738
0 24133
0 29066
0 24599
0 24271
0 25013
0 26801
0 25535
0 28391
0 22643
0 40824
0 32031
0 35897
0 28074
0 28203
0 22783
0 26421
0 24491
0 33818
0 27274
0 22466
0 33903
0 24645
0 24623
0 28188
0 30342
0 25713
0 29673
0 29736
0 26157
0 23686
0 33652
0 27448
0 28468
0 23913
0 25180
0 25525
0 40554
0 25883
0 41155
0 29665
0 24259
0 32406
0 30913
0 25486
0 36557
0 25228
0 24648
0 24195
0 26704
0 30915
0 24210
0 30504
0 30075
0 65143
0 24197
0 32876
0 26595
0 25809
0 37272
0 26424
0 29065
0 45711
0 20894
0 25382
0 28381
0 27354
0 26654
0 27924
0 25042
0 23769
0 25401
0 23311
0 25628
0 36861
0 33850
0 27192
0 35151
0 26915
0 26253
0 35320
0 37412
0 28221
0 29353
0 25426
0 24322
0 22005
0 31110
0 27523
0 26088
0 26791
0 28147
0 25560
0 24384
0 27888
0 25840
0 27642
0 27484
0 25325
0 23092
0 27070
0 37876
0 26379
0 23744
0 26255
0 26664
0 24665
0 27305
0 29376
0 24034
0 23151
0 24041
0 35275
0 30217
0 23395
0 30965
0 25416
0 27292
0 26660
0 28812
0 22194
0 26285
0 24373
0 33131
0 35276
0 25002
0 25431
0 24062
0 33738
0 28429
0 26521
0 37443
0 23671
0 23974
0 25750
0 26480
0 36273
0 39056
0 25349
0 26691
0 33441
0 28000
0 26947
0 25294
0 34278
0 28522
0 23645
0 31317
0 31503
0 24559
0 28436
0 26569
0 27560
0 28553
0 24319
0 25619
0 23179
0 23641
0 26822
0 23199
0 25314
0 37770
0 24389
0 27387
0 26427
0 25496
0 29233
0 22699
0 25098
0 28917
0 25700
0 33611
0 25269
0 27492
0 25677
0 33072
0 25342
0 23620
0 25916
0 25767
0 23783
0 23787
0 27830
0 21634
0 24695
0 24013
0 29455
0 30840
0 24126
0 26012
0 27828
0 44978
0 25917
0 29315
0 32187
0 28313
0 25954
0 26211
0 24336
0 38351
0 28403
0 26426
0 23916
0 25059
0 29977
0 26875
0 32492
0 25729
0 25443
0 28233
1 65536
0 26912
0 25244
0 24847
0 24716
0 33756
0 30340
0 27765
0 26393
0 27528
0 23445
0 31172
0 28457
0 24692
0 29724
0 25199
0 27324
0 24106
0 49117
0 26324
0 31092
0 26536
0 26707
0 27071
0 24359
0 23846
0 37041
0 30772
0 32376
0 24473
0 22743
0 24429
0 29844
0 24973
0 26722
0 26197
0 25159
0 24811
0 25009
0 26834
0 26453
0 24396
0 25429
0 27770
0 26026
0 25631
0 24964
0 25680
0 27651
0 25396
0 25613
0 27711
0 26683
0 37858
0 24772
0 24775
0 26169
0 51629
0 23196
0 34377
0 30315
0 31282
0 27649
0 31839
0 28480
0 26596
0 25998
0 26998
0 25953
0 26536
0 32909
0 22225
0 22559
0 28124
0 29706
0 24219
0 22747
0 29451
0 24107
0 29432
0 26339
0 29411
0 22789
0 29079
0 25705
0 30244
0 27202
0 23621
0 41365
0 24830
0 31875
0 27335
0 23612
0 32862
0 44951
0 26961
0 23278
0 32222
0 26754
0 22363
0 26749
0 28693
0 27450
0 24936
0 25377
0 29801
0 62763
0 23505
0 25598
0 24786
0 59439
0 23602
0 23414
0 27158
0 32895
0 24706
0 23612
0 24335
0 25676
0 34182
0 27725
0 28566
0 22360
0 25917
0 27716
0 26631
0 32024
0 25478
0 25434
0 27284
0 26220
0 26273
0 23846
0 27289
0 26190
0 25986
0 41939
0 26036
0 24068
0 34427
0 31405
0 26357
0 27901
0 24757
0 23557
0 27081
0 58194
0 51930
0 29204
0 31196
0 23357
0 26153
0 25662
1 65536
0 27616
0 23161
0 41236
0 24658
0 25080
0 26511
0 27960
0 26383
0 47476
0 24447
0 25146
0 28774
0 64293
0 30115
0 28704
0 23533
0 24565
0 25239
0 23481
0 26324
0 25028
0 28035
0 23104
0 25270
0 26826
0 43274
0 23313
0 30647
0 21902
0 26656
0 25867
0 25216
0 23686
0 30667
0 27754
0 26774
0 27193
0 24971
0 23569
0 31331
0 26705
0 25561
0 38468
0 30303
0 27065
1 65536
0 23817
0 26226
0 28565
0 29240
0 21741
0 32301
0 28254
0 55497
0 41461
0 25160
0 41512
0 38224
0 24924
0 25590
0 23404
0 27508
0 29436
0 26134
0 24783
0 24692
0 25807
0 30445
0 22926
0 47023
0 29159
0 27550
0 39013
0 37606
0 24860
0 27053
0 28362
0 25536
0 26488
0 34164
0 25744
0 23809
0 24788
0 25375
0 22587
0 25598
0 26819
0 23310
0 29423
0 24112
0 24403
0 35942
0 25379
0 34748
0 35820
0 37138
0 22154
0 26484
0 25926
0 27805
0 23641
0 29043
0 28908
0 25170
0 26262
0 24792
0 23525
0 27058
0 37220
0 24441
0 31261
0 26976
0 26528
0 26922
0 26132
0 25585
0 29803
0 30818
0 24417
0 27650
0 25429
0 43279
0 27469
0 30192
0 27348
0 25450
0 23564
0 49538
0 56044
0 27086
0 25069
0 24147
0 25977
0 42115
0 25823
0 24210
0 22487
0 24622
0 25167
0 36991
0 32904
0 27283
0 23822
0 60852
0 26767
1 65536
0 32286
0 26283
0 21370
0 30266
0 35784
0 25291
0 26875
0 24561
0 23163
0 29696
0 23839
0 26564
0 25801
0 23268
0 25665
0 24957
0 25906
0 45522
0 23632
0 27417
0 30144
0 26110
0 24583
0 26735
0 65010
0 28029
0 25457
0 27894
0 25405
0 26289
0 27447
0 27949
0 37514
0 27811
0 24139
0 24718
0 28153
0 32573
0 23635
0 25772
0 35883
0 25059
0 27194
0 28969
1 65536
0 22738
0 26231
0 23996
0 32822
0 24749
0 43839
0 31891
0 26438
0 34502
0 28743
0 25684
0 29980
0 49119
0 24394
0 35292
0 22388
0 25418
0 23750
0 22870
0 22085
0 26374
0 26876
0 25032
0 25941
0 23636
0 34514
0 24424
0 24636
0 24438
0 23589
0 26251
0 27233
0 29296
0 28344
0 23720
0 24622
0 25568
0 28112
0 28793
0 27959
0 25264
0 25661
0 23257
0 28974
0 58031
0 25326
0 23902
0 32300
0 27550
0 25856
1 65536
0 30244
0 26394
0 28587
0 27456
0 28456
0 30806
0 34865
0 30421
0 28172
0 24533
0 27137
0 25912
0 30781
0 26499
0 34613
0 29131
0 24293
0 24333
0 30415
0 26947
0 30747
0 27424
0 24569
0 26788
0 24975
0 26145
0 25986
0 26438
0 26266
0 30724
0 24495
0 24798
0 25145
0 59592
0 24599
0 28106
0 27037
0 24804
0 28793
0 26294
0 32303
0 29737
0 22859
0 31207
0 38340
0 26393
0 29394
0 34062
0 26253
0 23552
0 25524
0 25376
0 27996
0 27240
0 25410
0 35317
0 54954
0 27242
0 25749
0 24623
0 25729
0 41633
0 29528
0 29304
0 32522
0 25474
0 24385
0 25443
0 31001
0 27190
0 26424
0 26408
0 33292
0 24634
0 25907
0 25078
0 29446
0 26244
0 29118
0 26535
0 27502
0 38287
0 26498
0 25780
0 26820
0 27981
0 29083
0 23465
0 27663
0 28799
0 30699
0 37164
0 30537
0 45792
0 23966
0 43323
1 65536
0 30277
0 27627
0 34656
0 34951
0 26269
0 33954
0 24515
0 23540
0 27584
0 38597
0 27909
0 28452
0 38207
0 31546
0 25521
0 28261
0 25178
0 25739
0 27317
0 27006
0 40710
0 25490
0 26425
0 49217
0 28715
0 32727
0 29438
0 25194
0 24452
0 22140
0 27003
0 26447
0 23992
0 26801
0 24334
0 26995
0 27319
0 25050
0 28404
0 34528
0 25985
0 27678
0 37680
0 23176
0 28266
0 25261
0 32140
0 40115
0 26493
0 25371
0 27153
0 25221
0 30168
0 26532
0 28974
0 36697
0 26327
0 28558
0 25476
0 25609
0 31166
0 26575
0 24028
1 65536
0 23031
0 30070
0 26991
0 28863
0 28191
0 28375
0 25035
0 28784
0 25716
0 25630
0 33848
1 65536
0 22970
0 47927
0 26604
0 32409
0 25136
0 27164
0 62740
0 27581
0 24857
0 26721
0 29195
0 24451
0 25866
0 23500
0 25937
0 26331
0 32586
0 29264
0 37665
0 29452
0 24559
0 26476
0 24333
0 27547
0 28723
0 26358
0 27954
0 55542
0 24361
0 27937
0 39890
0 26443
0 36217
0 28328
0 22293
0 26082
0 27886
0 25257
1 65536
0 26187
0 27894
0 36514
0 24710
0 22031
0 26444
0 25012
0 26102
0 24523
1 65536
0 25329
1 65536
0 30216
0 26250
0 23374
0 35829
0 23480
0 23768
0 26077
0 28558
0 28033
0 23921
0 33460
0 29820
0 27163
0 24431
0 33913
0 40537
0 25272
0 23421
0 30043
0 35502
0 27009
0 23004
0 24258
0 29768
0 29878
0 26494
0 25492
0 25203
0 31901
0 29263
0 32845
0 25250
0 26333
0 25409
0 28426
0 31237
0 28593
0 25047
0 22652
0 24492
0 25567
0 25658
0 24931
0 24539
0 24019
0 24775
0 26469
0 25274
0 28216
0 25326
0 37418
0 48788
0 46549
1 65536
0 25779
0 36401
0 32746
0 33279
0 33772
0 24789
0 26159
0 24481
0 27444
0 24100
0 31639
0 29978
0 22347
0 24123
0 27005
0 25478
0 28614
0 27893
0 25081
0 25586
0 26538
0 29361
0 24752
0 26865
0 22405
0 22386
0 28231
0 23419
0 27782
0 24752
0 25440
0 24544
0 34185
0 29849
0 26617
0 26392
0 27624
0 28931
0 23834
0 24052
0 28146
0 30470
0 39769
0 39332
0 26193
0 28876
0 28387
0 31804
0 36093
0 26560
0 32318
0 20176
0 25743
0 25048
0 28478
0 33052
0 23932
0 25556
0 24659
0 26277
0 32538
0 37689
0 24536
0 24212
0 25940
0 23333
0 28123
0 25481
0 23411
0 25225
0 24470
0 26816
0 26234
0 22889
0 32287
0 24333
0 29225
0 28980
0 27110
0 25155
0 21641
0 32605
0 28289
0 25701
0 25817
0 24511
0 22374
0 24720
0 23915
0 26574
0 24901
0 25748
0 25048
0 24141
0 25027
0 25203
0 25478
0 24080
0 25278
0 24529
0 23504
0 28953
0 24830
0 25555
0 23888
0 40997
0 24440
0 26048
0 25523
0 26526
0 29189
0 28215
0 29964
0 28847
0 28067
0 23401
0 37390
0 24769
0 25097
0 22971
0 32299
0 25390
0 26708
0 33099
0 27337
0 27390
0 24778
0 30421
0 25806
0 45750
0 39452
0 29873
0 26367
0 26379
0 30377
0 24569
0 25277
0 24921
0 34096
0 27868
0 25998
0 24820
0 25333
0 29259
0 24986
0 26171
0 22437
0 27646
0 29457
0 24769
1 65536
0 26345
0 31407
0 23856
0 27769
0 26579
0 38580
0 25644
0 24693
0 25030
0 32370
0 24774
0 27317
0 26139
0 26985
0 28411
0 42026
0 28035
0 24593
0 26184
0 43128
0 27954
0 30140
0 23696
0 31189
0 24103
0 26518
0 26506
0 25142
0 30182
0 29054
0 23041
0 22750
0 24301
0 27013
0 25836
0 25109
0 26340
0 26018
0 55343
0 25305
0 25133
0 27682
0 32009
0 26950
0 26088
0 27845
0 26550
0 26399
0 27364
0 23287
1 65536
0 28319
0 28179
0 30823
0 23466
0 24015
0 25273
0 26264
0 29324
0 29699
0 35330
0 46494
0 33942
0 25354
0 26350
0 24563
0 27064
0 23977
0 26107
0 25500
1 65536
0 33438
0 27169
0 24533
0 27587
0 29634
0 29217
0 26705
0 24186
0 26959
0 25078
0 28693
0 25796
0 24177
0 25159
0 23060
0 23830
0 23855
0 28243
0 33510
0 44635
0 26059
0 27921
0 30587
0 22613
0 23040
0 27663
0 27721
0 29053
0 31363
0 30975
0 38629
0 25140
0 24298
0 23472
0 28391
0 24575
0 29913
0 30789
0 24400
0 25317
0 27135
0 28761
0 24482
0 33982
0 25056
0 23798
0 26431
0 23673
0 32060
0 22337
0 28601
0 53361
0 28640
0 30128
1 65536
0 27436
0 36556
0 25544
0 31025
0 28757
0 25405
0 26609
0 23178
0 24965
0 38536
0 26778
1 65536
0 48709
0 29567
0 22086
0 25858
0 30663
0 27751
0 24591
0 23335
0 24445
0 26053
0 24377
0 33769
0 26636
0 28146
0 30687
0 39540
0 23549
0 24919
0 31505
0 25445
0 24928
0 29621
0 23307
0 34019
1 65536
0 28991
0 22898
0 27058
0 48244
0 26926
0 23879
0 24192
0 34672
0 25966
0 24272
0 24276
0 29495
0 23983
0 25931
0 27326
3 65536
0 25710
0 24378
0 24144
0 27910
0 29573
0 49655
0 32119
0 25145
0 25210
0 25350
0 24998
0 25330
0 25249
0 25796
0 25004
0 40051
0 23760
0 24599
0 26737
0 29605
1 65536
0 28715
0 24398
0 29532
0 23981
0 26299
0 25424
0 24502
0 31338
0 48317
0 26850
0 26125
0 24586
0 46969
0 27227
0 27067
0 24573
0 23511
0 24258
0 29536
0 24808
0 30251
0 23403
0 33429
0 27414
0 28959
0 29481
0 38576
0 28360
0 26337
0 27017
0 24879
0 23425
0 30669
0 26884
0 26092
0 25684
0 29602
0 40666
0 35746
0 26284
0 24786
0 25149
0 34981
0 26283
0 25774
0 25407
0 26705
0 24570
0 31600
0 26848
0 25972
0 29052
0 24526
0 51984
0 25152
0 23673
0 28952
0 28458
0 38314
0 22875
0 29858
0 25338
0 25799
0 33911
0 36432
0 37550
0 25457
1 65536
0 24492
0 29777
0 32763
0 29167
0 25296
0 25964
0 25623
0 27929
0 26930
0 25173
0 22828
0 22244
0 52605
0 24979
0 25289
0 25127
0 23592
0 24084
0 28364
0 23094
0 28965
0 25355
0 23532
0 32721
0 32334
0 24926
0 23969
0 25075
0 26663
0 26779
0 24240
0 28672
0 25780
0 31633
1 65536
1 65536
0 23837
0 35623
0 24820
0 24328
0 27293
0 56552
0 26304
0 26159
0 29756
0 24672
0 25659
0 23887
0 27894
0 25877
0 25852
0 30126
0 27379
1 65536
0 30109
0 26690
0 33736
0 33552
0 28326
0 34121
0 33431
0 28419
0 28868
0 24801
0 30968
0 25986
0 27067
0 34791
0 24176
0 36173
0 27996
0 30367
0 27707
0 25875
0 34712
0 48210
0 25753
0 23499
0 26438
0 27051
0 27419
0 28831
0 25412
0 33105
0 27529
0 22565
0 24759
0 28551
0 28412
0 24964
0 23518
0 30905
0 29876
0 28458
0 26464
0 24963
0 27291
0 23746
0 27317
0 24580
0 26724
0 25678
0 24539
0 25941
0 23891
0 23130
0 56515
0 40073
0 43753
0 26363
0 25429
0 24150
0 27206
0 24140
0 26737
0 27405
0 26341
0 60900
0 23235
0 34179
0 30951
0 29843
0 23762
0 46035
0 26063
0 37439
0 37954
0 25263
0 24138
0 24705
0 29230
0 30680
0 24564
0 24432
0 25100
0 26633
0 27117
0 25622
0 28407
0 26214
0 24569
0 23200
0 24950
0 28257
0 27807
0 32602
0 23993
0 24744
0 23203
0 25741
0 35155
0 29297
0 23120
1 65536
0 24859
0 25166
0 25433
0 29170
0 42275
0 31628
0 32459
0 25690
0 29882
0 23383
0 28849
0 34131
0 52062
0 24861
0 22376
0 28450
0 25175
0 40130
0 29716
0 25189
0 25764
0 33669
0 25984
0 23787
0 27802
0 24321
0 30582
0 24735
0 26991
0 26154
0 24843
0 29543
0 27535
0 27993
1 65536
0 23318
0 31014
0 26374
0 27314
0 29707
0 23293
0 31990
0 27195
0 23225
0 33070
0 24912
0 23991
0 29521
0 27249
0 34333
0 54922
0 23272
0 26385
0 26410
0 23011
0 24452
0 27088
0 33409
0 22834
0 23296
0 29430
0 28797
0 24793
0 24200
0 24517
0 24448
0 27139
0 28733
0 24579
0 25937
0 36079
0 30030
0 27212
0 31601
0 24077
0 27643
0 30231
0 23906
0 22555
0 26770
0 34300
0 50343
0 26382
0 24284
0 25304
0 23871
0 27311
0 43091
0 32601
0 23797
0 24589
0 24875
0 25182
0 38842
0 25982
0 31435
0 27005
0 25327
0 23423
0 26957
0 32168
0 23990
0 24490
0 28046
0 27879
0 26912
0 28838
0 23651
0 24933
0 40273
0 29611
0 44658
0 24549
0 25311
0 25314
0 30263
0 33252
0 39797
0 26554
0 26002
0 25146
0 35665
0 27211
0 23982
0 22761
0 64826
0 27428
0 25342
0 31193
0 25609
0 26693
0 27410
0 27278
0 32424
0 24039
0 23321
0 26555
0 26319
0 23886
0 26103
0 24808
0 25121
0 28554
0 21615
0 27365
0 27432
0 26616
0 27003
0 26223
0 30058
0 26637
0 63736
0 27134
0 24675
0 26658
0 32386
0 26978
0 26629
0 23679
0 32822
0 27975
0 23392
0 37868
0 22678
0 30255
0 28960
0 23022
0 26523
0 25729
0 30391
0 26475
0 23508
0 25729
0 21979
0 26849
0 25731
0 30415
0 27292
0 28348
0 25987
0 27523
0 32490
0 28405
0 23261
0 27240
0 29088
0 44184
0 30977
0 30583
0 26817
0 31707
0 26312
0 26927
0 26401
0 26930
0 27176
0 26158
0 26063
0 25086
0 24262
0 25285
0 22499
0 26412
0 23264
0 29419
0 25010
0 24411
0 26431
0 25235
0 28382
0 25405
0 48014
0 24492
0 47053
0 25597
0 25261
0 33245
0 24879
0 24849
0 27922
0 24718
0 27259
0 31587
0 28091
0 26370
0 25964
0 24464
0 24795
0 36419
0 23640
0 26526
0 24437
0 29554
0 26805
0 26586
0 33184
0 43526
0 27138
0 31152
0 27951
0 26416
0 24329
0 28175
0 27983
0 27518
0 23702
0 24940
0 24253
0 23562
0 43388
0 24347
0 37853
0 27188
0 27154
0 29862
0 22109
0 26368
0 22884
0 26993
0 26569
0 27898
0 28934
0 26371
0 32404
0 25457
0 25784
0 23453
0 27543
0 27815
0 25671
0 27213
0 25359
0 31989
0 26973
0 23524
0 30275
0 24744
0 25148
0 25405
0 24409
0 25470
0 28416
0 23848
0 44179
0 27478
0 35359
0 31466
0 30258
0 26931
0 25796
0 25542
0 26845
0 25116
0 27683
0 28915
0 27878
0 30199
0 31435
0 25490
0 39178
0 21796
0 23025
0 54632
0 25073
0 31504
0 24739
1 65536
0 24842
0 34463
0 28372
1 65536
0 25567
0 49309
0 25942
0 25981
0 23763
0 26270
0 25016
0 26972
0 24972
0 27863
0 24128
0 26027
1 65536
0 29040
0 64509
0 26318
0 24442
0 27614
0 27349
0 26239
0 38144
0 36752
0 26977
0 26290
0 34279
0 30503
0 25497
0 30538
0 28455
0 24853
0 27386
0 24152
0 25829
0 23813
0 28615
0 27974
1 65536
0 23304
0 30122
0 27581
0 29542
0 25377
0 23494
0 24169
0 23189
0 32301
0 24467
0 31062
0 32995
0 30212
0 25494
0 32634
0 20707
0 26558
0 24399
0 24945
0 28062
0 31647
0 26012
0 34056
0 24615
0 28018
