# SA for random K-SAT
# K = 3   N = 256   M = 1032   seed = 4266678669
# alpha = 4.031250   nIter = 1024  Tmax = 0.200000
# 1:lowestUnsat  2:runTime
1 1024
2 1024
0 122
0 152
2 1024
1 1024
1 1024
1 1024
0 561
3 1024
0 694
1 1024
1 1024
2 1024
0 261
0 200
1 1024
2 1024
1 1024
1 1024
1 1024
0 58
0 53
1 1024
1 1024
2 1024
0 144
2 1024
3 1024
0 109
1 1024
0 261
1 1024
1 1024
0 155
1 1024
0 265
1 1024
1 1024
1 1024
3 1024
0 24
1 1024
1 1024
1 1024
0 74
2 1024
0 400
0 202
0 22
1 1024
0 658
0 86
0 120
1 1024
0 574
1 1024
0 88
0 32
1 1024
0 16
2 1024
0 214
2 1024
0 52
2 1024
1 1024
0 38
1 1024
1 1024
1 1024
1 1024
1 1024
0 17
0 213
2 1024
0 371
0 97
1 1024
2 1024
0 453
2 1024
2 1024
0 223
1 1024
0 236
0 67
0 83
0 43
0 23
0 163
1 1024
1 1024
1 1024
1 1024
2 1024
2 1024
1 1024
0 759
2 1024
0 104
0 34
0 86
0 18
1 1024
1 1024
0 86
0 21
0 69
0 153
2 1024
0 125
1 1024
0 916
1 1024
0 152
2 1024
1 1024
1 1024
0 718
2 1024
2 1024
1 1024
0 125
0 711
3 1024
0 29
1 1024
0 241
2 1024
1 1024
1 1024
0 1021
0 33
1 1024
1 1024
1 1024
1 1024
0 870
0 328
0 17
0 154
0 60
0 231
0 497
2 1024
0 47
1 1024
2 1024
1 1024
2 1024
1 1024
1 1024
1 1024
1 1024
1 1024
0 505
0 136
0 119
0 41
0 371
1 1024
0 49
2 1024
2 1024
0 38
1 1024
0 72
1 1024
1 1024
0 111
1 1024
0 30
0 570
0 510
1 1024
0 9
0 773
3 1024
1 1024
1 1024
0 25
1 1024
0 34
0 163
2 1024
1 1024
2 1024
0 89
0 914
2 1024
0 49
1 1024
2 1024
0 362
0 54
0 243
0 77
1 1024
1 1024
0 236
0 437
0 525
0 117
2 1024
1 1024
1 1024
0 164
0 493
1 1024
1 1024
1 1024
2 1024
1 1024
1 1024
3 1024
2 1024
0 45
2 1024
0 49
0 58
1 1024
0 37
1 1024
2 1024
0 174
2 1024
1 1024
2 1024
1 1024
0 123
1 1024
2 1024
1 1024
0 56
1 1024
0 12
1 1024
0 155
3 1024
0 116
2 1024
0 44
1 1024
2 1024
1 1024
0 237
0 274
2 1024
1 1024
1 1024
0 63
1 1024
2 1024
0 40
0 209
2 1024
0 91
1 1024
1 1024
0 358
0 102
0 32
2 1024
0 715
0 213
2 1024
0 381
1 1024
2 1024
0 110
2 1024
2 1024
0 153
0 363
1 1024
2 1024
1 1024
1 1024
1 1024
0 73
1 1024
4 1024
1 1024
0 272
0 227
0 168
1 1024
2 1024
2 1024
0 118
0 179
2 1024
0 12
0 893
1 1024
0 419
0 150
2 1024
0 104
0 80
0 160
1 1024
0 28
0 42
1 1024
0 139
0 187
0 115
0 79
2 1024
1 1024
2 1024
0 38
1 1024
1 1024
1 1024
0 112
2 1024
3 1024
1 1024
0 17
0 348
0 60
3 1024
0 128
3 1024
0 30
2 1024
0 736
0 114
3 1024
1 1024
0 61
0 344
0 99
0 91
0 300
0 18
1 1024
0 250
0 222
0 52
1 1024
1 1024
0 100
0 279
0 158
0 653
1 1024
1 1024
1 1024
0 14
1 1024
0 57
0 40
0 60
1 1024
0 113
0 20
1 1024
1 1024
1 1024
0 146
0 179
1 1024
2 1024
1 1024
0 161
0 51
0 111
0 216
3 1024
2 1024
1 1024
1 1024
0 60
1 1024
1 1024
0 378
0 171
0 71
1 1024
1 1024
1 1024
1 1024
0 129
1 1024
0 22
1 1024
0 196
0 25
1 1024
0 98
0 15
3 1024
1 1024
1 1024
1 1024
2 1024
0 24
1 1024
1 1024
0 159
0 49
0 104
2 1024
0 105
3 1024
0 356
0 175
2 1024
0 20
2 1024
0 118
1 1024
1 1024
0 66
1 1024
2 1024
0 321
1 1024
1 1024
1 1024
0 204
0 82
0 41
0 86
0 116
1 1024
0 92
0 27
0 238
2 1024
0 37
1 1024
0 228
1 1024
1 1024
0 70
0 36
0 406
0 47
3 1024
1 1024
1 1024
0 102
2 1024
0 990
0 34
1 1024
1 1024
1 1024
1 1024
1 1024
0 224
0 291
0 27
0 122
1 1024
0 162
1 1024
1 1024
2 1024
1 1024
1 1024
1 1024
0 54
0 116
2 1024
2 1024
0 11
2 1024
0 222
0 591
0 56
1 1024
0 517
0 47
0 32
0 150
2 1024
2 1024
1 1024
2 1024
1 1024
1 1024
1 1024
0 234
1 1024
1 1024
1 1024
1 1024
2 1024
0 57
1 1024
0 63
0 54
2 1024
1 1024
2 1024
2 1024
0 63
2 1024
2 1024
1 1024
0 42
0 32
0 22
0 91
1 1024
0 201
1 1024
0 186
0 34
2 1024
0 422
1 1024
0 51
1 1024
2 1024
1 1024
1 1024
2 1024
1 1024
0 272
1 1024
0 14
0 197
0 101
1 1024
0 48
1 1024
0 352
0 814
2 1024
2 1024
4 1024
0 187
0 246
0 57
1 1024
1 1024
0 35
1 1024
2 1024
0 137
1 1024
0 57
1 1024
0 135
1 1024
0 508
0 113
1 1024
2 1024
1 1024
1 1024
0 76
0 34
0 255
0 533
2 1024
0 140
0 100
1 1024
0 89
1 1024
1 1024
0 76
0 702
1 1024
1 1024
0 870
0 80
0 192
1 1024
0 551
0 886
0 65
2 1024
0 78
1 1024
2 1024
0 112
1 1024
2 1024
3 1024
1 1024
1 1024
0 63
0 181
0 81
0 630
0 565
2 1024
0 23
1 1024
0 497
0 157
1 1024
0 246
1 1024
1 1024
0 154
0 41
1 1024
1 1024
1 1024
0 69
1 1024
0 28
2 1024
0 239
0 265
1 1024
2 1024
1 1024
1 1024
0 911
1 1024
0 55
0 61
1 1024
0 95
1 1024
1 1024
1 1024
0 105
0 227
1 1024
2 1024
0 377
1 1024
0 133
0 126
2 1024
2 1024
1 1024
1 1024
2 1024
0 47
0 46
0 325
0 455
1 1024
0 190
1 1024
0 48
2 1024
1 1024
2 1024
1 1024
1 1024
2 1024
1 1024
0 99
1 1024
0 941
0 626
0 78
2 1024
3 1024
1 1024
0 213
1 1024
0 183
1 1024
2 1024
1 1024
1 1024
1 1024
1 1024
1 1024
1 1024
1 1024
1 1024
2 1024
0 112
3 1024
0 151
1 1024
0 28
1 1024
0 64
1 1024
0 641
1 1024
0 228
1 1024
0 29
1 1024
1 1024
0 275
1 1024
4 1024
2 1024
0 307
1 1024
0 40
2 1024
2 1024
2 1024
1 1024
0 266
0 170
1 1024
2 1024
0 138
1 1024
1 1024
1 1024
0 151
1 1024
0 462
0 320
0 172
3 1024
0 148
1 1024
1 1024
0 274
1 1024
2 1024
1 1024
1 1024
1 1024
1 1024
0 56
0 159
1 1024
2 1024
0 842
3 1024
1 1024
0 49
0 111
0 62
0 317
0 67
0 38
1 1024
1 1024
0 97
1 1024
1 1024
0 119
0 229
0 148
1 1024
1 1024
2 1024
0 30
1 1024
0 45
1 1024
1 1024
1 1024
0 886
1 1024
0 461
0 113
1 1024
2 1024
1 1024
0 37
0 221
1 1024
0 931
0 62
1 1024
2 1024
1 1024
1 1024
0 472
0 262
0 740
0 19
1 1024
1 1024
3 1024
1 1024
2 1024
0 21
1 1024
2 1024
0 63
0 39
0 350
1 1024
2 1024
1 1024
0 203
2 1024
0 290
3 1024
1 1024
2 1024
2 1024
0 195
1 1024
1 1024
0 623
1 1024
0 16
0 368
0 385
0 367
0 151
0 525
0 17
1 1024
1 1024
0 90
0 293
1 1024
0 130
2 1024
3 1024
1 1024
2 1024
1 1024
1 1024
0 39
1 1024
2 1024
1 1024
0 170
0 98
0 59
0 173
1 1024
0 155
1 1024
0 140
0 276
3 1024
2 1024
1 1024
0 12
0 333
0 132
0 200
0 154
0 110
1 1024
0 549
0 145
0 104
2 1024
2 1024
0 128
0 60
0 154
1 1024
3 1024
2 1024
0 289
0 357
4 1024
2 1024
1 1024
0 27
0 73
0 221
1 1024
0 147
3 1024
0 113
1 1024
0 131
0 537
1 1024
0 579
1 1024
3 1024
3 1024
2 1024
0 43
1 1024
2 1024
1 1024
2 1024
0 625
1 1024
2 1024
0 14
0 32
2 1024
0 714
1 1024
0 57
5 1024
0 62
2 1024
1 1024
0 275
1 1024
0 195
1 1024
1 1024
1 1024
1 1024
1 1024
0 668
3 1024
0 212
1 1024
0 114
1 1024
0 322
0 58
1 1024
0 50
0 67
1 1024
0 291
1 1024
0 180
0 169
2 1024
3 1024
0 379
0 127
2 1024
0 27
1 1024
0 85
1 1024
1 1024
1 1024
0 20
0 46
0 67
2 1024
2 1024
0 138
1 1024
1 1024
2 1024
0 119
0 27
0 246
0 578
0 469
0 160
1 1024
1 1024
2 1024
2 1024
0 94
1 1024
0 102
0 205
3 1024
0 100
1 1024
1 1024
0 23
1 1024
2 1024
1 1024
0 295
0 32
2 1024
0 23
2 1024
1 1024
1 1024
1 1024
0 84
0 71
1 1024
0 8
0 166
0 22
1 1024
0 599
1 1024
0 91
1 1024
1 1024
0 306
1 1024
2 1024
1 1024
1 1024
1 1024
1 1024
0 48
1 1024
0 158
0 974
1 1024
4 1024
0 492
0 164
2 1024
2 1024
1 1024
1 1024
2 1024
2 1024
0 535
1 1024
1 1024
2 1024
0 34
1 1024
1 1024
2 1024
1 1024
1 1024
1 1024
0 275
2 1024
2 1024
1 1024
0 27
0 22
0 44
1 1024
0 259
2 1024
1 1024
1 1024
1 1024
0 257
0 86
1 1024
3 1024
1 1024
1 1024
0 399
3 1024
1 1024
2 1024
3 1024
2 1024
0 386
1 1024
2 1024
0 89
0 59
0 210
0 80
0 238
0 20
0 50
0 198
0 288
0 107
0 211
0 154
1 1024
2 1024
0 892
0 477
1 1024
1 1024
0 47
0 185
1 1024
1 1024
0 80
0 58
1 1024
1 1024
1 1024
1 1024
0 1017
0 177
0 260
2 1024
0 262
0 22
0 107
2 1024
0 87
0 142
1 1024
2 1024
0 15
0 260
0 446
1 1024
1 1024
0 67
1 1024
0 173
1 1024
0 16
0 248
0 127
0 35
2 1024
0 472
1 1024
0 604
0 929
0 233
1 1024
0 112
0 648
2 1024
1 1024
0 41
0 110
0 158
2 1024
2 1024
0 79
0 644
0 152
2 1024
1 1024
2 1024
2 1024
1 1024
1 1024
1 1024
1 1024
1 1024
0 251
0 393
0 774
0 110
1 1024
1 1024
1 1024
1 1024
1 1024
1 1024
0 228
2 1024
1 1024
1 1024
0 202
1 1024
2 1024
1 1024
0 88
2 1024
0 57
0 164
2 1024
1 1024
1 1024
1 1024
0 154
0 51
2 1024
0 122
0 132
1 1024
0 276
1 1024
0 526
0 5
1 1024
2 1024
0 127
0 35
1 1024
0 111
0 425
1 1024
0 179
0 907
0 38
1 1024
1 1024
0 63
1 1024
0 105
0 36
2 1024
1 1024
0 124
0 132
0 590
0 109
2 1024
1 1024
0 133
0 635
0 772
0 298
0 122
0 58
2 1024
1 1024
0 378
0 72
1 1024
0 378
1 1024
0 209
1 1024
1 1024
1 1024
0 27
0 115
0 128
0 158
0 136
0 392
2 1024
0 164
1 1024
2 1024
1 1024
0 173
1 1024
0 26
0 233
1 1024
0 60
0 122
0 165
0 229
0 518
0 360
0 137
0 69
1 1024
1 1024
0 506
0 40
2 1024
0 23
3 1024
2 1024
2 1024
2 1024
1 1024
1 1024
0 65
0 26
1 1024
1 1024
1 1024
0 51
1 1024
0 291
1 1024
0 345
0 575
0 943
0 12
0 84
1 1024
1 1024
1 1024
0 60
0 190
1 1024
1 1024
1 1024
0 65
1 1024
1 1024
1 1024
0 193
0 150
0 120
0 168
0 109
0 20
0 211
2 1024
2 1024
0 31
1 1024
0 54
0 30
0 301
0 35
0 140
0 691
0 104
0 566
0 103
0 532
1 1024
1 1024
0 822
1 1024
1 1024
0 21
1 1024
0 8
1 1024
0 124
1 1024
0 151
0 387
2 1024
1 1024
0 39
2 1024
0 82
1 1024
0 121
0 29
0 249
1 1024
0 35
0 31
0 676
0 234
1 1024
0 197
0 26
0 58
1 1024
0 313
0 431
0 187
0 46
0 165
3 1024
0 316
0 121
1 1024
0 130
2 1024
2 1024
0 155
0 67
0 58
0 24
1 1024
1 1024
1 1024
4 1024
1 1024
0 66
2 1024
1 1024
1 1024
1 1024
3 1024
1 1024
2 1024
0 689
2 1024
0 61
0 137
1 1024
1 1024
1 1024
1 1024
1 1024
0 91
2 1024
1 1024
0 222
0 66
0 603
0 63
2 1024
0 450
0 188
0 144
1 1024
0 153
0 16
1 1024
0 239
2 1024
0 31
0 343
0 580
0 341
1 1024
1 1024
0 185
1 1024
1 1024
1 1024
1 1024
0 282
0 91
1 1024
4 1024
0 166
1 1024
0 238
1 1024
0 154
0 392
1 1024
0 183
1 1024
0 169
0 21
1 1024
0 119
0 254
1 1024
1 1024
0 143
0 58
0 180
0 82
0 93
2 1024
1 1024
1 1024
0 73
0 286
0 239
1 1024
0 345
1 1024
1 1024
2 1024
1 1024
1 1024
1 1024
1 1024
0 152
1 1024
0 62
1 1024
1 1024
1 1024
0 229
1 1024
0 168
0 188
0 120
0 73
0 178
1 1024
1 1024
0 32
1 1024
0 75
0 83
1 1024
0 188
0 74
1 1024
0 390
1 1024
1 1024
1 1024
1 1024
0 259
1 1024
1 1024
0 278
1 1024
1 1024
1 1024
0 212
1 1024
1 1024
0 140
0 447
0 100
1 1024
0 506
0 66
2 1024
1 1024
1 1024
0 145
1 1024
1 1024
1 1024
2 1024
1 1024
0 65
0 63
0 22
0 62
0 153
0 191
1 1024
0 558
2 1024
1 1024
1 1024
0 129
2 1024
2 1024
0 112
0 33
1 1024
3 1024
0 142
0 117
0 59
0 772
1 1024
2 1024
1 1024
0 270
1 1024
0 45
0 60
0 122
1 1024
1 1024
2 1024
1 1024
2 1024
2 1024
1 1024
1 1024
0 150
2 1024
1 1024
1 1024
0 165
0 437
0 384
1 1024
0 353
1 1024
1 1024
0 969
1 1024
0 72
1 1024
0 275
0 137
1 1024
0 89
0 937
0 171
0 811
1 1024
0 339
0 38
0 145
2 1024
1 1024
0 115
0 129
1 1024
0 668
1 1024
0 27
0 276
0 59
0 280
0 188
0 9
1 1024
0 18
0 131
1 1024
1 1024
1 1024
1 1024
1 1024
1 1024
0 47
0 593
0 133
1 1024
0 107
1 1024
1 1024
2 1024
1 1024
1 1024
1 1024
1 1024
2 1024
1 1024
0 119
1 1024
0 116
3 1024
0 13
1 1024
0 376
1 1024
1 1024
2 1024
1 1024
2 1024
1 1024
2 1024
2 1024
2 1024
1 1024
1 1024
0 540
0 46
3 1024
1 1024
2 1024
2 1024
1 1024
1 1024
0 14
2 1024
1 1024
1 1024
0 407
0 133
0 9
0 231
0 224
0 29
1 1024
0 35
1 1024
3 1024
0 63
0 99
0 166
1 1024
1 1024
0 346
1 1024
0 371
0 65
1 1024
0 56
1 1024
0 252
1 1024
1 1024
0 39
1 1024
0 66
0 238
0 50
0 75
0 698
1 1024
1 1024
0 21
2 1024
1 1024
0 155
1 1024
0 466
0 145
2 1024
0 183
1 1024
2 1024
0 174
1 1024
0 68
3 1024
1 1024
0 60
0 259
1 1024
0 147
1 1024
0 167
0 60
2 1024
1 1024
2 1024
0 64
0 135
0 50
0 82
1 1024
0 140
2 1024
0 118
0 95
1 1024
2 1024
1 1024
1 1024
1 1024
0 609
0 70
0 132
5 1024
0 129
3 1024
1 1024
0 104
1 1024
1 1024
0 385
3 1024
1 1024
0 34
1 1024
0 935
1 1024
0 994
1 1024
1 1024
0 100
0 56
1 1024
0 120
1 1024
2 1024
1 1024
0 931
1 1024
0 42
0 147
0 63
0 68
0 614
1 1024
2 1024
0 268
0 89
1 1024
0 68
1 1024
2 1024
0 162
1 1024
1 1024
3 1024
1 1024
0 20
1 1024
1 1024
0 133
1 1024
1 1024
1 1024
2 1024
0 52
2 1024
0 192
0 450
1 1024
0 425
2 1024
2 1024
0 544
0 11
2 1024
0 785
2 1024
0 870
2 1024
0 846
1 1024
2 1024
1 1024
2 1024
0 31
0 36
1 1024
0 652
1 1024
0 730
0 92
0 52
0 57
0 406
0 99
2 1024
1 1024
0 432
2 1024
1 1024
0 372
0 49
0 332
1 1024
1 1024
0 33
0 57
0 79
1 1024
1 1024
2 1024
0 209
1 1024
0 131
0 184
1 1024
1 1024
0 136
0 201
0 306
1 1024
0 52
1 1024
0 222
2 1024
0 40
1 1024
1 1024
0 105
0 165
0 54
0 21
0 919
0 28
0 107
1 1024
1 1024
0 140
2 1024
2 1024
0 21
1 1024
0 125
0 32
0 109
0 367
0 414
1 1024
1 1024
0 27
0 104
0 51
1 1024
3 1024
0 158
2 1024
0 420
0 30
1 1024
0 199
1 1024
3 1024
2 1024
1 1024
1 1024
0 49
1 1024
0 466
0 122
1 1024
0 53
0 246
0 190
1 1024
0 71
0 171
0 13
0 551
3 1024
1 1024
0 272
0 160
1 1024
1 1024
0 220
0 225
0 96
0 88
0 71
1 1024
1 1024
1 1024
2 1024
2 1024
2 1024
1 1024
1 1024
1 1024
1 1024
1 1024
2 1024
0 375
0 210
0 121
0 634
1 1024
2 1024
1 1024
1 1024
0 107
1 1024
0 180
0 122
1 1024
2 1024
0 252
1 1024
1 1024
1 1024
1 1024
1 1024
1 1024
2 1024
0 351
0 212
0 118
0 217
0 45
2 1024
1 1024
1 1024
0 21
2 1024
0 101
0 170
2 1024
1 1024
2 1024
1 1024
0 492
0 90
1 1024
1 1024
0 457
0 161
0 79
0 19
0 170
2 1024
0 479
0 75
0 29
1 1024
1 1024
0 367
1 1024
0 69
0 27
1 1024
0 363
0 222
0 69
0 261
0 504
0 98
0 196
0 203
1 1024
1 1024
1 1024
0 50
4 1024
1 1024
1 1024
1 1024
0 118
0 144
1 1024
0 103
1 1024
1 1024
0 535
1 1024
1 1024
0 261
0 58
1 1024
0 334
2 1024
0 331
3 1024
0 73
2 1024
0 87
1 1024
0 126
1 1024
3 1024
0 185
3 1024
0 116
1 1024
1 1024
2 1024
2 1024
1 1024
0 98
0 74
0 101
1 1024
0 154
0 248
1 1024
0 110
1 1024
0 365
1 1024
0 250
2 1024
1 1024
1 1024
1 1024
1 1024
0 68
2 1024
0 158
1 1024
0 54
0 293
0 41
0 52
1 1024
0 21
0 221
0 139
1 1024
0 292
4 1024
0 599
2 1024
2 1024
1 1024
1 1024
0 241
0 24
0 269
1 1024
1 1024
1 1024
1 1024
0 126
1 1024
0 152
0 75
2 1024
0 23
1 1024
2 1024
1 1024
0 339
0 98
0 65
2 1024
1 1024
0 76
0 184
0 626
1 1024
1 1024
1 1024
2 1024
1 1024
0 479
0 173
1 1024
1 1024
1 1024
0 204
0 27
0 69
0 342
0 306
1 1024
2 1024
3 1024
1 1024
0 718
1 1024
2 1024
2 1024
2 1024
2 1024
2 1024
1 1024
1 1024
0 73
3 1024
0 33
1 1024
0 212
0 77
1 1024
1 1024
0 28
0 322
1 1024
1 1024
1 1024
1 1024
0 31
0 99
2 1024
0 74
1 1024
1 1024
0 45
1 1024
2 1024
0 98
0 200
2 1024
0 144
0 199
1 1024
1 1024
1 1024
0 126
0 79
2 1024
2 1024
1 1024
2 1024
0 105
1 1024
2 1024
2 1024
0 286
0 426
0 110
0 71
0 171
1 1024
0 180
1 1024
0 130
0 747
0 147
0 126
0 157
1 1024
1 1024
0 95
3 1024
0 171
1 1024
1 1024
0 56
0 146
1 1024
0 274
0 110
0 164
0 53
1 1024
0 302
0 283
0 133
0 151
1 1024
0 97
1 1024
0 119
1 1024
0 1001
0 853
1 1024
2 1024
0 234
1 1024
0 520
0 13
0 18
1 1024
0 632
0 49
0 285
1 1024
2 1024
2 1024
1 1024
1 1024
2 1024
0 51
2 1024
1 1024
0 42
2 1024
0 80
2 1024
0 123
1 1024
1 1024
1 1024
0 163
1 1024
0 35
1 1024
1 1024
0 92
0 45
0 71
0 212
1 1024
0 35
0 278
0 284
0 294
0 85
2 1024
2 1024
0 63
0 105
0 728
1 1024
0 53
1 1024
0 74
1 1024
0 328
1 1024
1 1024
0 200
1 1024
0 118
1 1024
3 1024
0 78
0 116
0 206
0 143
1 1024
2 1024
1 1024
2 1024
1 1024
1 1024
0 562
2 1024
0 101
1 1024
0 46
2 1024
0 94
2 1024
0 126
0 87
3 1024
1 1024
0 469
0 212
0 38
0 179
2 1024
1 1024
2 1024
0 188
0 82
1 1024
0 138
1 1024
0 79
2 1024
1 1024
1 1024
1 1024
0 487
0 885
1 1024
2 1024
1 1024
2 1024
1 1024
1 1024
1 1024
2 1024
1 1024
1 1024
0 276
2 1024
1 1024
1 1024
0 21
1 1024
0 286
1 1024
0 76
1 1024
1 1024
0 144
3 1024
1 1024
0 14
0 228
0 71
2 1024
1 1024
0 132
0 325
0 197
1 1024
2 1024
1 1024
1 1024
2 1024
1 1024
0 64
0 109
2 1024
1 1024
1 1024
1 1024
1 1024
1 1024
2 1024
1 1024
0 291
0 27
0 100
2 1024
2 1024
0 38
0 275
1 1024
0 929
0 142
0 348
1 1024
0 98
0 86
0 485
0 465
2 1024
0 189
0 89
0 59
0 100
0 87
0 115
0 109
1 1024
0 88
0 24
1 1024
1 1024
0 25
0 105
0 263
1 1024
1 1024
1 1024
0 78
3 1024
0 269
0 261
0 137
0 149
0 23
0 434
2 1024
0 46
0 208
1 1024
0 191
1 1024
1 1024
0 269
2 1024
0 53
0 320
1 1024
0 10
0 182
1 1024
0 80
1 1024
1 1024
0 49
0 30
0 230
1 1024
0 115
2 1024
1 1024
1 1024
0 9
1 1024
0 124
1 1024
0 116
1 1024
1 1024
1 1024
0 245
1 1024
1 1024
1 1024
0 997
0 981
1 1024
1 1024
1 1024
1 1024
0 911
1 1024
1 1024
1 1024
1 1024
2 1024
0 88
0 229
0 211
0 61
1 1024
0 59
0 14
0 98
2 1024
1 1024
0 201
1 1024
0 176
1 1024
1 1024
0 897
1 1024
3 1024
0 74
0 45
1 1024
2 1024
1 1024
0 22
0 63
0 109
1 1024
0 115
2 1024
3 1024
1 1024
0 43
0 95
1 1024
1 1024
0 58
0 17
0 37
0 166
1 1024
1 1024
1 1024
1 1024
0 467
0 56
1 1024
1 1024
0 39
1 1024
1 1024
2 1024
1 1024
2 1024
1 1024
1 1024
2 1024
2 1024
1 1024
2 1024
1 1024
0 118
0 282
0 116
1 1024
1 1024
4 1024
1 1024
0 77
0 51
1 1024
2 1024
0 250
0 21
2 1024
0 188
0 65
4 1024
0 500
1 1024
1 1024
0 20
0 49
0 126
1 1024
2 1024
1 1024
0 81
2 1024
0 267
2 1024
0 64
1 1024
0 32
0 290
2 1024
1 1024
1 1024
2 1024
0 17
0 296
2 1024
1 1024
0 80
1 1024
3 1024
0 334
0 174
0 66
1 1024
1 1024
0 62
1 1024
2 1024
3 1024
0 95
0 129
1 1024
0 557
1 1024
0 49
1 1024
1 1024
0 184
0 46
0 631
0 531
1 1024
0 282
0 24
1 1024
2 1024
1 1024
2 1024
0 103
0 165
2 1024
0 32
1 1024
0 108
2 1024
1 1024
4 1024
1 1024
1 1024
1 1024
0 107
2 1024
0 28
0 138
1 1024
2 1024
1 1024
1 1024
0 46
1 1024
0 71
3 1024
0 85
0 60
1 1024
2 1024
1 1024
0 176
0 192
0 169
1 1024
1 1024
0 683
1 1024
0 162
2 1024
1 1024
0 113
0 96
2 1024
0 113
1 1024
1 1024
1 1024
0 296
2 1024
1 1024
0 37
1 1024
1 1024
0 30
2 1024
0 66
0 147
1 1024
1 1024
1 1024
2 1024
1 1024
1 1024
1 1024
0 7
0 319
1 1024
0 101
1 1024
0 92
1 1024
1 1024
0 19
0 248
1 1024
2 1024
1 1024
0 279
1 1024
1 1024
0 309
0 41
0 101
0 306
0 153
1 1024
1 1024
1 1024
0 53
0 141
1 1024
0 445
1 1024
1 1024
0 25
1 1024
1 1024
2 1024
1 1024
2 1024
2 1024
0 751
0 136
2 1024
0 133
2 1024
1 1024
0 63
0 178
1 1024
1 1024
1 1024
0 239
0 219
0 586
1 1024
2 1024
0 217
0 473
1 1024
0 62
0 200
0 89
1 1024
1 1024
1 1024
3 1024
1 1024
1 1024
1 1024
2 1024
1 1024
2 1024
1 1024
0 85
1 1024
0 39
0 23
0 477
1 1024
1 1024
0 429
0 182
0 99
0 192
1 1024
0 27
0 215
1 1024
3 1024
0 103
0 525
1 1024
3 1024
0 210
2 1024
1 1024
0 445
0 10
1 1024
1 1024
0 29
2 1024
0 99
1 1024
1 1024
0 92
0 101
1 1024
1 1024
1 1024
0 23
1 1024
0 338
3 1024
0 149
1 1024
0 130
0 598
0 13
1 1024
1 1024
1 1024
0 73
0 20
1 1024
1 1024
0 99
0 12
1 1024
0 102
1 1024
2 1024
0 509
1 1024
0 22
2 1024
0 58
0 149
0 102
0 47
1 1024
0 192
0 40
0 33
0 18
0 49
2 1024
0 283
0 178
0 81
0 205
1 1024
1 1024
0 72
2 1024
1 1024
0 108
0 663
2 1024
1 1024
1 1024
2 1024
2 1024
0 33
0 628
0 69
0 56
2 1024
0 184
1 1024
0 160
1 1024
0 60
2 1024
2 1024
0 143
0 466
1 1024
1 1024
1 1024
1 1024
0 76
1 1024
1 1024
1 1024
0 83
0 628
0 175
1 1024
1 1024
0 283
2 1024
1 1024
2 1024
1 1024
0 173
0 393
0 345
0 127
1 1024
1 1024
0 32
1 1024
1 1024
2 1024
3 1024
1 1024
0 31
0 95
0 34
0 134
2 1024
0 144
1 1024
3 1024
0 220
1 1024
0 133
0 66
1 1024
3 1024
1 1024
0 90
1 1024
0 102
2 1024
1 1024
0 52
0 762
4 1024
0 63
0 19
0 116
2 1024
1 1024
0 63
1 1024
1 1024
2 1024
0 108
0 17
2 1024
0 581
0 67
1 1024
2 1024
1 1024
0 93
1 1024
0 166
1 1024
0 275
1 1024
0 28
0 359
1 1024
1 1024
2 1024
0 198
1 1024
0 468
1 1024
0 47
1 1024
0 221
1 1024
1 1024
2 1024
0 287
0 299
0 106
1 1024
1 1024
1 1024
0 821
1 1024
2 1024
1 1024
1 1024
0 42
0 39
0 36
0 334
0 124
0 195
0 205
0 70
0 60
1 1024
0 73
0 20
0 121
0 110
0 757
0 86
0 95
1 1024
0 188
0 206
2 1024
0 919
0 506
0 757
1 1024
1 1024
0 80
0 24
2 1024
2 1024
0 154
0 78
0 23
1 1024
0 431
0 522
1 1024
1 1024
0 47
3 1024
0 81
0 118
1 1024
1 1024
0 117
1 1024
0 47
0 24
1 1024
2 1024
0 60
2 1024
1 1024
0 56
0 451
0 49
0 153
0 858
1 1024
2 1024
0 19
0 654
2 1024
0 121
0 30
0 9
1 1024
0 46
2 1024
0 27
0 28
0 24
1 1024
2 1024
1 1024
0 351
0 306
1 1024
1 1024
1 1024
1 1024
4 1024
0 64
0 741
0 65
0 119
2 1024
1 1024
0 30
1 1024
1 1024
1 1024
0 18
0 44
0 25
2 1024
0 103
0 105
0 29
1 1024
2 1024
0 24
1 1024
0 49
0 73
0 376
1 1024
2 1024
1 1024
1 1024
0 355
0 236
1 1024
0 400
0 67
1 1024
0 24
0 58
0 362
0 195
2 1024
1 1024
0 32
0 914
0 96
0 541
0 438
1 1024
0 271
1 1024
0 105
0 371
1 1024
0 46
1 1024
0 135
1 1024
2 1024
2 1024
0 171
0 164
0 570
2 1024
1 1024
0 808
1 1024
1 1024
1 1024
0 86
1 1024
0 576
0 98
2 1024
0 134
0 69
0 112
1 1024
3 1024
0 696
0 136
2 1024
1 1024
0 126
0 203
1 1024
1 1024
0 954
1 1024
0 273
0 201
1 1024
1 1024
1 1024
0 62
0 131
0 66
2 1024
1 1024
0 63
0 97
0 80
0 322
2 1024
2 1024
0 103
0 354
1 1024
1 1024
0 787
0 241
0 21
1 1024
0 35
1 1024
1 1024
2 1024
0 356
2 1024
1 1024
1 1024
1 1024
0 45
0 52
0 456
1 1024
2 1024
0 201
0 116
1 1024
0 55
1 1024
0 66
3 1024
1 1024
1 1024
1 1024
1 1024
0 176
1 1024
2 1024
1 1024
1 1024
1 1024
0 126
0 330
0 19
0 43
1 1024
1 1024
0 35
1 1024
2 1024
0 16
2 1024
3 1024
0 23
0 81
0 379
0 77
1 1024
1 1024
1 1024
2 1024
0 23
0 66
1 1024
0 271
0 66
0 98
2 1024
1 1024
0 267
2 1024
1 1024
0 65
0 241
2 1024
0 193
1 1024
1 1024
1 1024
1 1024
1 1024
0 32
1 1024
0 33
0 171
2 1024
0 365
1 1024
1 1024
0 20
1 1024
1 1024
1 1024
0 242
0 147
1 1024
0 279
0 516
2 1024
1 1024
0 767
0 55
0 128
2 1024
0 131
2 1024
0 293
2 1024
0 586
1 1024
2 1024
1 1024
3 1024
0 198
0 67
2 1024
1 1024
0 95
2 1024
0 89
0 921
1 1024
1 1024
1 1024
1 1024
1 1024
0 131
2 1024
1 1024
0 13
2 1024
1 1024
2 1024
0 24
0 140
1 1024
1 1024
1 1024
0 58
0 630
0 193
0 57
0 45
0 140
1 1024
1 1024
0 240
0 165
0 126
1 1024
0 110
2 1024
0 171
1 1024
0 289
0 236
0 486
1 1024
1 1024
1 1024
2 1024
1 1024
1 1024
1 1024
1 1024
0 225
1 1024
0 161
1 1024
2 1024
1 1024
1 1024
2 1024
0 143
2 1024
0 84
2 1024
3 1024
0 73
2 1024
1 1024
0 46
3 1024
0 84
0 152
0 144
1 1024
0 274
1 1024
2 1024
0 39
0 114
0 284
2 1024
1 1024
0 25
0 600
1 1024
0 794
0 179
1 1024
1 1024
0 76
0 409
2 1024
1 1024
0 599
1 1024
0 253
1 1024
0 54
0 172
2 1024
1 1024
1 1024
0 15
1 1024
0 178
0 132
0 136
0 94
1 1024
0 192
3 1024
2 1024
0 138
2 1024
0 260
1 1024
2 1024
1 1024
0 561
0 283
0 67
1 1024
0 190
0 50
1 1024
0 129
1 1024
0 216
0 114
1 1024
1 1024
0 101
0 79
1 1024
0 76
2 1024
1 1024
0 215
0 172
0 132
0 612
1 1024
1 1024
0 101
0 93
1 1024
1 1024
1 1024
0 23
0 16
0 58
0 346
0 157
0 54
1 1024
1 1024
2 1024
1 1024
0 103
1 1024
1 1024
2 1024
2 1024
0 77
0 193
3 1024
0 53
1 1024
1 1024
0 59
1 1024
1 1024
0 362
1 1024
0 200
1 1024
1 1024
2 1024
1 1024
1 1024
1 1024
1 1024
0 46
2 1024
0 202
0 165
0 27
0 101
1 1024
1 1024
2 1024
2 1024
1 1024
0 48
2 1024
0 739
0 275
1 1024
1 1024
0 39
1 1024
0 573
1 1024
0 72
1 1024
1 1024
1 1024
1 1024
0 113
1 1024
1 1024
0 8
2 1024
0 374
0 272
0 49
1 1024
0 283
0 190
0 338
1 1024
1 1024
0 321
0 25
1 1024
0 49
0 207
2 1024
0 167
1 1024
0 63
1 1024
2 1024
0 110
2 1024
0 109
1 1024
1 1024
4 1024
0 89
0 14
0 39
0 383
0 880
0 269
2 1024
1 1024
0 109
0 136
0 928
0 117
0 136
2 1024
0 83
1 1024
2 1024
1 1024
2 1024
1 1024
0 150
0 50
0 200
0 408
0 212
0 40
2 1024
1 1024
0 28
1 1024
2 1024
1 1024
0 94
0 26
2 1024
0 174
0 133
0 388
0 123
1 1024
2 1024
0 166
2 1024
2 1024
1 1024
0 132
2 1024
2 1024
2 1024
0 257
3 1024
0 94
1 1024
0 127
0 44
0 35
0 254
0 58
0 721
0 26
0 284
0 64
1 1024
1 1024
0 226
2 1024
0 115
0 18
0 73
3 1024
2 1024
1 1024
0 156
1 1024
0 53
0 53
0 13
1 1024
2 1024
0 85
1 1024
1 1024
0 36
0 101
1 1024
0 53
2 1024
0 101
2 1024
1 1024
0 554
0 176
0 801
1 1024
3 1024
0 688
0 147
0 709
1 1024
3 1024
1 1024
0 223
0 597
1 1024
2 1024
0 332
0 950
1 1024
1 1024
0 44
1 1024
1 1024
2 1024
1 1024
0 1019
2 1024
1 1024
2 1024
1 1024
0 83
0 268
1 1024
1 1024
2 1024
1 1024
0 216
1 1024
0 23
0 84
0 106
0 132
1 1024
2 1024
1 1024
0 280
1 1024
0 40
0 312
0 66
1 1024
1 1024
0 431
0 49
0 202
0 282
2 1024
0 96
0 489
3 1024
0 29
1 1024
0 137
1 1024
0 105
1 1024
1 1024
0 146
1 1024
0 240
0 110
2 1024
0 51
1 1024
2 1024
2 1024
1 1024
0 185
1 1024
0 67
1 1024
2 1024
0 176
2 1024
2 1024
1 1024
1 1024
1 1024
0 182
3 1024
1 1024
0 476
3 1024
0 192
0 208
0 302
1 1024
0 166
0 30
0 18
1 1024
1 1024
0 504
0 60
0 91
0 104
1 1024
0 128
0 180
1 1024
1 1024
0 166
2 1024
1 1024
2 1024
1 1024
0 179
0 145
0 97
1 1024
1 1024
0 90
1 1024
0 129
0 188
1 1024
0 321
0 237
1 1024
1 1024
0 155
1 1024
1 1024
0 37
1 1024
0 740
0 58
2 1024
0 232
0 48
0 11
0 27
2 1024
0 9
1 1024
3 1024
1 1024
1 1024
1 1024
0 25
1 1024
0 105
0 52
0 198
1 1024
2 1024
1 1024
1 1024
0 26
0 90
2 1024
0 41
0 71
0 76
3 1024
0 38
0 225
0 58
1 1024
1 1024
1 1024
0 333
0 206
1 1024
2 1024
1 1024
1 1024
1 1024
0 110
2 1024
2 1024
2 1024
0 70
0 141
1 1024
2 1024
0 186
0 37
0 127
0 80
0 61
1 1024
0 183
1 1024
3 1024
0 194
0 52
1 1024
0 47
0 347
1 1024
2 1024
1 1024
0 272
1 1024
0 143
2 1024
2 1024
2 1024
1 1024
1 1024
0 330
1 1024
2 1024
0 141
1 1024
0 98
2 1024
1 1024
0 110
1 1024
0 366
2 1024
1 1024
1 1024
0 815
1 1024
0 109
0 299
1 1024
1 1024
1 1024
1 1024
2 1024
1 1024
0 29
1 1024
0 578
1 1024
0 113
1 1024
0 69
2 1024
0 186
1 1024
2 1024
0 27
1 1024
0 530
1 1024
1 1024
1 1024
0 249
0 135
1 1024
2 1024
1 1024
2 1024
1 1024
1 1024
2 1024
1 1024
0 255
1 1024
1 1024
0 218
0 58
0 21
0 52
1 1024
0 61
1 1024
0 472
1 1024
0 232
1 1024
0 186
0 150
1 1024
1 1024
2 1024
1 1024
0 758
0 129
1 1024
0 186
1 1024
1 1024
0 197
0 349
0 241
0 750
2 1024
3 1024
1 1024
1 1024
0 247
1 1024
0 31
1 1024
0 131
0 65
0 186
1 1024
1 1024
2 1024
0 65
2 1024
1 1024
0 214
0 76
1 1024
0 50
0 605
0 354
0 108
1 1024
2 1024
0 49
0 73
0 306
0 16
2 1024
0 105
1 1024
0 300
1 1024
0 247
1 1024
1 1024
1 1024
0 129
1 1024
0 17
0 93
0 15
1 1024
1 1024
1 1024
0 39
1 1024
0 211
1 1024
0 414
2 1024
1 1024
0 196
0 306
1 1024
0 34
3 1024
1 1024
0 275
2 1024
4 1024
0 86
2 1024
0 170
0 296
1 1024
0 158
0 142
0 272
0 77
2 1024
1 1024
0 859
1 1024
0 323
1 1024
1 1024
1 1024
0 109
0 51
0 58
1 1024
2 1024
0 133
1 1024
1 1024
2 1024
1 1024
1 1024
0 393
0 55
0 139
0 216
1 1024
1 1024
0 42
0 32
0 160
1 1024
2 1024
0 320
0 19
0 54
0 687
4 1024
0 971
1 1024
1 1024
1 1024
1 1024
1 1024
0 745
0 155
0 393
1 1024
0 105
0 19
0 109
1 1024
1 1024
1 1024
1 1024
1 1024
1 1024
0 280
1 1024
1 1024
0 386
3 1024
4 1024
1 1024
1 1024
1 1024
2 1024
0 58
1 1024
1 1024
1 1024
0 78
1 1024
1 1024
1 1024
0 114
1 1024
0 16
0 387
0 280
0 207
1 1024
0 50
2 1024
0 129
0 56
1 1024
0 116
2 1024
0 87
2 1024
1 1024
0 133
1 1024
0 100
1 1024
1 1024
0 196
1 1024
1 1024
2 1024
2 1024
1 1024
0 63
0 65
2 1024
1 1024
1 1024
0 50
0 200
0 90
0 918
0 85
1 1024
0 126
0 138
0 22
1 1024
0 22
0 316
0 257
1 1024
0 588
0 168
0 39
0 66
2 1024
1 1024
0 71
2 1024
0 99
1 1024
0 50
0 399
2 1024
0 519
3 1024
0 38
1 1024
1 1024
0 56
0 132
1 1024
0 161
0 65
1 1024
0 129
1 1024
1 1024
0 276
0 111
1 1024
1 1024
0 676
1 1024
1 1024
4 1024
2 1024
1 1024
2 1024
0 81
2 1024
0 78
0 119
1 1024
1 1024
2 1024
0 195
1 1024
0 309
0 180
1 1024
0 120
1 1024
1 1024
1 1024
1 1024
0 189
0 142
1 1024
0 110
1 1024
2 1024
0 50
0 396
1 1024
1 1024
0 175
1 1024
0 217
0 139
1 1024
3 1024
0 49
0 348
3 1024
2 1024
2 1024
1 1024
0 177
2 1024
0 82
0 517
1 1024
1 1024
1 1024
0 202
0 39
2 1024
0 71
0 600
1 1024
1 1024
1 1024
1 1024
3 1024
0 65
0 21
1 1024
0 307
0 191
0 129
1 1024
1 1024
2 1024
0 365
0 237
0 157
1 1024
1 1024
0 36
0 47
1 1024
1 1024
0 413
0 128
0 395
0 750
1 1024
1 1024
1 1024
0 182
1 1024
1 1024
1 1024
0 76
1 1024
1 1024
0 196
0 88
1 1024
0 390
1 1024
0 322
1 1024
0 163
0 107
0 74
0 153
1 1024
1 1024
2 1024
0 289
0 354
0 251
1 1024
2 1024
2 1024
2 1024
1 1024
0 482
0 371
0 17
0 22
2 1024
1 1024
1 1024
1 1024
0 283
3 1024
1 1024
2 1024
1 1024
0 835
1 1024
0 121
0 41
0 262
2 1024
2 1024
1 1024
1 1024
0 212
0 88
3 1024
0 147
0 52
1 1024
1 1024
1 1024
2 1024
0 161
0 47
1 1024
0 110
1 1024
0 195
1 1024
0 141
0 104
2 1024
2 1024
1 1024
0 19
0 208
0 83
1 1024
1 1024
1 1024
1 1024
1 1024
0 59
0 642
0 65
0 857
0 85
1 1024
0 293
1 1024
0 24
1 1024
0 36
1 1024
2 1024
1 1024
2 1024
0 152
0 155
0 79
1 1024
0 927
0 445
1 1024
0 73
1 1024
1 1024
1 1024
0 85
1 1024
0 55
0 93
0 45
0 53
0 52
0 295
0 619
1 1024
0 95
0 50
0 196
0 180
0 290
2 1024
0 93
0 31
1 1024
2 1024
1 1024
0 457
1 1024
0 308
1 1024
1 1024
0 131
1 1024
1 1024
1 1024
0 298
1 1024
1 1024
0 295
1 1024
0 224
0 138
1 1024
1 1024
1 1024
0 103
0 36
3 1024
2 1024
1 1024
1 1024
0 388
1 1024
0 391
0 148
0 349
0 301
0 500
1 1024
1 1024
0 715
1 1024
1 1024
2 1024
0 210
1 1024
0 149
1 1024
1 1024
0 43
0 279
0 123
1 1024
0 298
2 1024
0 333
1 1024
1 1024
0 70
0 164
0 22
0 82
2 1024
0 74
0 194
0 137
2 1024
0 93
1 1024
2 1024
0 159
0 17
2 1024
0 469
2 1024
1 1024
0 334
2 1024
1 1024
0 287
0 10
1 1024
1 1024
1 1024
2 1024
0 123
0 30
0 36
2 1024
1 1024
0 17
0 180
0 95
0 85
3 1024
0 237
2 1024
1 1024
0 138
2 1024
0 51
1 1024
0 93
1 1024
2 1024
1 1024
1 1024
1 1024
0 45
1 1024
0 35
1 1024
0 80
1 1024
0 38
2 1024
0 468
1 1024
2 1024
0 18
0 141
0 197
0 264
1 1024
1 1024
0 142
1 1024
0 170
0 324
1 1024
1 1024
2 1024
0 142
2 1024
0 810
1 1024
0 231
1 1024
1 1024
1 1024
0 101
0 131
0 62
2 1024
0 130
1 1024
0 400
1 1024
0 529
2 1024
2 1024
0 108
0 234
0 35
2 1024
2 1024
2 1024
1 1024
1 1024
1 1024
0 40
1 1024
1 1024
1 1024
0 101
0 188
1 1024
2 1024
1 1024
0 814
0 45
0 181
2 1024
1 1024
2 1024
0 175
0 235
0 180
0 290
1 1024
0 701
0 33
2 1024
0 131
0 220
2 1024
2 1024
2 1024
1 1024
1 1024
1 1024
1 1024
0 72
1 1024
2 1024
0 52
0 174
0 87
0 433
2 1024
0 43
0 46
1 1024
0 248
0 22
1 1024
0 67
1 1024
0 40
0 410
0 8
0 229
0 71
1 1024
1 1024
0 23
1 1024
1 1024
0 15
1 1024
0 43
1 1024
3 1024
0 18
0 84
0 75
1 1024
1 1024
1 1024
0 107
1 1024
0 34
1 1024
0 33
1 1024
0 100
0 623
0 72
1 1024
0 42
1 1024
1 1024
0 236
0 154
1 1024
0 244
1 1024
0 26
0 58
0 115
0 27
0 100
2 1024
2 1024
2 1024
1 1024
1 1024
0 650
3 1024
0 419
0 400
1 1024
3 1024
0 29
1 1024
1 1024
0 267
1 1024
1 1024
2 1024
0 217
0 37
1 1024
0 502
2 1024
0 910
2 1024
0 580
0 630
1 1024
0 151
0 37
0 186
0 445
0 260
1 1024
1 1024
1 1024
1 1024
0 11
0 46
0 270
1 1024
1 1024
1 1024
0 144
0 9
0 57
0 229
2 1024
0 108
0 84
0 137
2 1024
1 1024
1 1024
0 16
0 30
0 110
0 53
0 51
0 488
0 148
1 1024
0 99
0 573
2 1024
1 1024
1 1024
1 1024
2 1024
0 297
0 61
2 1024
0 765
0 177
0 72
1 1024
1 1024
0 816
1 1024
1 1024
0 23
0 232
0 375
2 1024
1 1024
1 1024
4 1024
0 67
1 1024
1 1024
3 1024
1 1024
1 1024
1 1024
0 504
2 1024
1 1024
0 81
0 451
1 1024
2 1024
1 1024
0 68
3 1024
1 1024
0 82
1 1024
2 1024
0 475
2 1024
1 1024
0 264
3 1024
0 255
0 54
0 157
2 1024
0 77
0 12
1 1024
0 34
0 151
0 330
1 1024
3 1024
1 1024
1 1024
1 1024
0 26
0 635
0 52
2 1024
0 60
2 1024
0 130
0 32
1 1024
0 244
1 1024
1 1024
0 352
1 1024
1 1024
1 1024
3 1024
1 1024
0 759
2 1024
1 1024
0 164
3 1024
0 42
1 1024
0 109
0 44
0 35
1 1024
2 1024
0 36
0 138
1 1024
1 1024
0 24
0 172
2 1024
0 156
0 66
0 47
1 1024
0 53
0 91
3 1024
0 332
0 27
1 1024
2 1024
3 1024
0 57
0 178
2 1024
1 1024
1 1024
0 127
1 1024
0 271
0 164
0 55
1 1024
1 1024
1 1024
1 1024
0 57
1 1024
1 1024
0 38
1 1024
0 249
1 1024
1 1024
0 29
0 64
0 23
1 1024
0 28
0 16
1 1024
1 1024
1 1024
1 1024
0 170
2 1024
0 143
0 125
1 1024
0 265
0 391
1 1024
0 134
1 1024
0 511
1 1024
1 1024
0 31
1 1024
0 31
3 1024
0 658
1 1024
0 245
0 35
0 273
0 14
1 1024
1 1024
0 47
0 333
0 24
2 1024
0 41
0 25
1 1024
0 28
0 133
1 1024
1 1024
0 590
1 1024
0 467
2 1024
2 1024
1 1024
0 142
0 160
0 107
0 79
0 767
0 67
2 1024
0 15
1 1024
0 244
1 1024
1 1024
0 277
0 185
2 1024
1 1024
0 502
1 1024
1 1024
0 145
0 87
1 1024
0 346
0 295
1 1024
0 494
1 1024
1 1024
0 150
2 1024
2 1024
1 1024
1 1024
0 473
1 1024
0 167
0 212
1 1024
0 326
2 1024
0 147
2 1024
0 96
0 360
0 171
1 1024
0 189
0 51
1 1024
1 1024
1 1024
0 38
0 17
1 1024
2 1024
2 1024
1 1024
1 1024
1 1024
1 1024
1 1024
2 1024
2 1024
0 14
1 1024
0 337
1 1024
0 181
1 1024
0 39
0 156
1 1024
1 1024
1 1024
0 818
1 1024
0 34
0 74
1 1024
0 17
2 1024
1 1024
0 274
0 36
5 1024
0 160
0 804
1 1024
0 317
0 96
0 87
0 552
1 1024
1 1024
2 1024
1 1024
0 149
0 80
0 77
0 110
2 1024
1 1024
0 273
1 1024
1 1024
0 34
1 1024
1 1024
0 184
1 1024
0 158
0 454
0 81
1 1024
1 1024
0 174
0 105
0 22
0 796
2 1024
0 34
1 1024
0 554
1 1024
1 1024
1 1024
1 1024
2 1024
0 313
1 1024
1 1024
0 21
0 194
1 1024
1 1024
0 65
2 1024
0 25
0 431
0 505
1 1024
1 1024
0 468
3 1024
1 1024
0 990
0 388
0 28
0 16
0 652
2 1024
1 1024
0 84
0 36
1 1024
1 1024
0 14
1 1024
1 1024
0 66
1 1024
1 1024
0 22
2 1024
0 51
0 214
0 80
0 136
1 1024
1 1024
2 1024
0 73
1 1024
1 1024
0 112
0 329
2 1024
3 1024
0 474
2 1024
0 705
0 44
0 229
0 31
0 48
2 1024
1 1024
0 658
0 78
0 83
0 143
0 507
0 41
0 43
1 1024
0 169
0 112
1 1024
0 431
1 1024
0 24
0 75
0 15
0 194
1 1024
1 1024
0 159
1 1024
0 124
1 1024
0 324
0 64
3 1024
2 1024
3 1024
1 1024
2 1024
1 1024
1 1024
0 718
2 1024
1 1024
0 257
1 1024
0 595
1 1024
1 1024
3 1024
1 1024
0 124
0 47
1 1024
1 1024
0 114
0 492
3 1024
2 1024
1 1024
0 153
0 77
2 1024
1 1024
2 1024
2 1024
2 1024
2 1024
0 37
0 72
1 1024
0 369
0 105
1 1024
3 1024
2 1024
2 1024
0 657
0 347
0 74
0 36
0 664
1 1024
2 1024
0 703
2 1024
2 1024
1 1024
0 90
1 1024
0 267
0 167
0 57
1 1024
0 107
1 1024
0 143
0 82
1 1024
1 1024
0 38
1 1024
0 28
0 43
1 1024
3 1024
0 902
0 306
0 38
0 58
0 150
1 1024
1 1024
2 1024
1 1024
1 1024
1 1024
2 1024
2 1024
0 121
0 31
0 999
1 1024
0 719
0 54
2 1024
0 382
0 235
1 1024
0 99
1 1024
0 77
0 16
0 448
2 1024
0 52
1 1024
0 116
1 1024
0 22
1 1024
1 1024
0 108
1 1024
0 49
0 62
2 1024
0 26
0 474
1 1024
0 86
0 66
1 1024
2 1024
0 149
1 1024
2 1024
0 604
1 1024
0 14
2 1024
0 682
0 139
1 1024
0 257
0 220
0 109
0 348
2 1024
1 1024
0 207
0 15
0 109
2 1024
1 1024
2 1024
0 509
1 1024
1 1024
1 1024
0 576
1 1024
1 1024
1 1024
1 1024
2 1024
2 1024
0 192
0 22
1 1024
2 1024
1 1024
0 448
1 1024
1 1024
0 69
1 1024
1 1024
0 34
1 1024
0 184
1 1024
0 122
2 1024
1 1024
0 168
1 1024
2 1024
0 64
0 208
2 1024
1 1024
1 1024
1 1024
1 1024
0 654
1 1024
2 1024
1 1024
1 1024
2 1024
0 58
0 164
1 1024
2 1024
0 115
1 1024
0 541
1 1024
1 1024
0 107
0 265
2 1024
0 102
0 997
1 1024
2 1024
0 28
1 1024
1 1024
0 14
0 274
2 1024
2 1024
1 1024
0 209
2 1024
1 1024
1 1024
0 62
1 1024
0 438
1 1024
0 168
1 1024
0 167
1 1024
1 1024
0 113
1 1024
0 143
0 252
1 1024
0 127
0 304
1 1024
1 1024
3 1024
2 1024
2 1024
1 1024
1 1024
1 1024
0 900
1 1024
0 155
1 1024
1 1024
1 1024
1 1024
1 1024
1 1024
1 1024
1 1024
0 24
0 162
2 1024
0 102
2 1024
0 147
0 318
0 209
0 420
0 335
1 1024
0 161
1 1024
2 1024
0 476
1 1024
1 1024
2 1024
1 1024
0 23
3 1024
1 1024
1 1024
1 1024
0 31
0 84
2 1024
0 459
0 114
1 1024
1 1024
0 384
0 132
2 1024
0 257
1 1024
0 88
0 44
1 1024
0 852
2 1024
0 102
1 1024
1 1024
1 1024
1 1024
0 197
0 244
0 284
2 1024
1 1024
1 1024
1 1024
1 1024
1 1024
0 109
0 163
1 1024
1 1024
0 41
0 331
2 1024
1 1024
0 138
2 1024
1 1024
0 192
1 1024
1 1024
0 418
0 322
2 1024
0 115
1 1024
0 280
0 263
0 172
1 1024
1 1024
1 1024
1 1024
0 25
0 814
0 160
0 78
0 391
0 11
0 78
0 152
2 1024
0 28
0 807
1 1024
2 1024
0 19
0 34
0 126
0 190
1 1024
1 1024
1 1024
1 1024
1 1024
1 1024
2 1024
0 130
0 43
0 36
1 1024
0 117
0 641
0 234
0 43
0 315
0 273
0 182
1 1024
1 1024
0 35
0 89
2 1024
2 1024
0 203
1 1024
1 1024
0 260
3 1024
1 1024
0 49
0 150
1 1024
2 1024
1 1024
1 1024
0 83
0 196
1 1024
3 1024
0 826
1 1024
1 1024
1 1024
1 1024
1 1024
0 30
0 249
2 1024
1 1024
1 1024
0 378
2 1024
0 451
0 63
0 444
0 38
1 1024
1 1024
1 1024
1 1024
0 169
0 247
0 798
0 85
1 1024
0 79
0 34
1 1024
1 1024
1 1024
1 1024
2 1024
0 57
0 288
0 128
0 173
0 172
1 1024
0 122
0 650
1 1024
0 875
1 1024
1 1024
0 95
1 1024
1 1024
0 171
1 1024
0 372
0 80
0 280
1 1024
1 1024
0 143
0 143
1 1024
0 97
0 64
2 1024
1 1024
1 1024
0 44
1 1024
0 301
0 990
2 1024
1 1024
0 47
1 1024
1 1024
1 1024
0 98
0 62
0 238
0 36
0 32
0 214
2 1024
0 70
2 1024
1 1024
1 1024
0 179
1 1024
0 67
0 268
2 1024
0 100
0 149
0 144
1 1024
0 173
0 39
0 256
0 78
1 1024
0 272
1 1024
0 22
1 1024
0 97
2 1024
0 131
0 185
0 91
0 224
2 1024
0 255
0 812
1 1024
0 100
1 1024
0 17
1 1024
2 1024
0 58
1 1024
1 1024
0 152
0 79
0 107
0 69
0 443
1 1024
0 255
0 293
0 192
0 68
1 1024
0 50
1 1024
0 59
0 770
1 1024
2 1024
1 1024
1 1024
0 328
0 251
0 151
1 1024
0 514
0 186
0 118
0 343
0 215
0 623
0 27
2 1024
0 88
0 21
0 170
1 1024
1 1024
0 68
0 766
1 1024
0 91
0 34
0 434
1 1024
0 36
0 148
2 1024
1 1024
0 109
1 1024
0 474
0 28
0 186
0 269
2 1024
0 102
1 1024
2 1024
0 102
2 1024
0 149
0 120
1 1024
0 12
0 160
1 1024
0 397
0 440
0 37
1 1024
0 231
1 1024
0 18
2 1024
0 481
0 599
0 231
0 321
1 1024
2 1024
0 64
0 238
3 1024
1 1024
1 1024
0 17
0 73
1 1024
1 1024
0 49
1 1024
0 67
0 67
0 33
2 1024
1 1024
1 1024
1 1024
0 157
0 43
1 1024
1 1024
0 429
0 123
0 75
1 1024
2 1024
0 121
0 309
1 1024
1 1024
0 105
1 1024
1 1024
0 148
3 1024
1 1024
1 1024
2 1024
0 77
0 47
1 1024
1 1024
1 1024
0 128
0 135
0 46
2 1024
1 1024
1 1024
1 1024
0 79
2 1024
2 1024
3 1024
0 150
1 1024
0 61
1 1024
0 338
0 144
0 46
1 1024
0 72
2 1024
0 493
0 357
0 68
5 1024
1 1024
0 205
2 1024
1 1024
1 1024
1 1024
0 103
1 1024
2 1024
1 1024
0 59
1 1024
0 102
0 190
1 1024
0 97
1 1024
2 1024
0 37
0 161
1 1024
1 1024
1 1024
0 112
1 1024
0 382
1 1024
0 95
1 1024
0 186
2 1024
0 124
1 1024
0 52
1 1024
0 117
1 1024
0 285
0 245
1 1024
0 503
0 47
2 1024
0 99
1 1024
0 244
0 96
2 1024
1 1024
0 478
0 40
1 1024
0 83
2 1024
0 379
2 1024
0 83
0 150
0 267
0 246
0 838
0 84
0 142
2 1024
1 1024
0 224
0 154
1 1024
1 1024
0 188
0 34
0 161
0 42
2 1024
2 1024
3 1024
0 238
3 1024
0 155
0 344
0 80
2 1024
0 51
0 65
0 248
3 1024
1 1024
1 1024
0 305
0 208
1 1024
2 1024
0 160
2 1024
0 287
0 101
1 1024
2 1024
0 42
1 1024
0 248
1 1024
2 1024
1 1024
1 1024
2 1024
0 30
0 41
3 1024
0 265
2 1024
1 1024
0 81
0 121
1 1024
1 1024
1 1024
0 147
0 755
0 356
0 43
0 63
2 1024
1 1024
1 1024
0 190
0 283
0 48
0 515
1 1024
1 1024
0 254
0 23
0 81
0 40
0 58
0 523
0 37
1 1024
0 133
0 446
3 1024
0 591
0 320
0 312
0 109
1 1024
1 1024
2 1024
2 1024
2 1024
0 325
0 44
1 1024
2 1024
0 202
0 613
0 109
1 1024
3 1024
1 1024
0 210
0 299
0 34
0 194
0 14
1 1024
2 1024
1 1024
1 1024
1 1024
1 1024
0 58
2 1024
0 181
0 413
1 1024
2 1024
1 1024
0 49
0 239
0 260
0 281
1 1024
0 444
0 163
1 1024
0 222
1 1024
0 66
1 1024
0 169
1 1024
0 235
0 82
0 286
0 105
1 1024
1 1024
0 84
2 1024
1 1024
1 1024
0 132
0 371
2 1024
0 212
2 1024
2 1024
1 1024
0 622
0 410
0 669
3 1024
1 1024
1 1024
0 150
0 150
1 1024
0 305
0 51
0 67
0 231
0 312
1 1024
0 69
2 1024
1 1024
2 1024
1 1024
1 1024
0 116
0 36
2 1024
1 1024
1 1024
3 1024
2 1024
2 1024
2 1024
2 1024
1 1024
1 1024
1 1024
0 831
1 1024
0 852
0 97
0 13
0 123
0 152
1 1024
1 1024
1 1024
0 85
1 1024
1 1024
1 1024
2 1024
0 83
0 525
1 1024
0 851
0 169
2 1024
0 83
0 387
0 45
1 1024
1 1024
1 1024
0 106
1 1024
1 1024
2 1024
0 157
2 1024
0 710
1 1024
0 192
0 47
0 630
0 178
1 1024
1 1024
0 96
0 133
0 184
1 1024
2 1024
1 1024
0 253
2 1024
0 146
2 1024
0 39
1 1024
0 91
1 1024
0 161
0 32
0 527
0 358
1 1024
3 1024
0 159
1 1024
1 1024
3 1024
1 1024
1 1024
0 123
1 1024
1 1024
1 1024
0 111
0 25
0 70
0 49
0 16
0 16
1 1024
1 1024
0 133
0 172
0 44
0 176
1 1024
1 1024
0 285
1 1024
2 1024
0 82
0 341
0 26
1 1024
0 165
0 150
0 104
0 98
1 1024
0 195
0 460
0 23
0 782
2 1024
0 92
0 75
2 1024
1 1024
1 1024
1 1024
1 1024
2 1024
0 270
0 191
1 1024
0 108
2 1024
1 1024
0 59
1 1024
0 78
1 1024
0 187
0 78
0 93
2 1024
1 1024
2 1024
2 1024
1 1024
1 1024
0 651
1 1024
2 1024
0 520
0 234
1 1024
1 1024
2 1024
0 185
0 196
1 1024
1 1024
0 29
0 140
1 1024
1 1024
0 198
1 1024
1 1024
1 1024
1 1024
3 1024
0 89
0 306
1 1024
1 1024
0 267
1 1024
1 1024
0 48
0 450
0 96
1 1024
0 73
0 211
1 1024
0 64
0 62
1 1024
1 1024
0 315
4 1024
0 224
1 1024
0 129
0 76
1 1024
0 270
0 38
0 170
2 1024
0 36
1 1024
0 10
0 385
1 1024
0 118
1 1024
0 70
1 1024
0 15
2 1024
0 53
0 137
1 1024
0 119
1 1024
1 1024
0 62
1 1024
1 1024
0 399
0 136
0 215
1 1024
1 1024
0 115
1 1024
0 42
1 1024
0 214
1 1024
2 1024
1 1024
1 1024
3 1024
1 1024
0 120
1 1024
0 151
0 288
0 54
1 1024
0 90
1 1024
1 1024
0 241
1 1024
3 1024
0 93
0 251
0 185
1 1024
0 149
0 40
1 1024
0 59
0 112
0 29
0 227
1 1024
0 172
0 262
2 1024
0 347
1 1024
1 1024
2 1024
1 1024
2 1024
0 107
0 261
0 27
0 334
0 443
0 20
0 145
0 302
1 1024
1 1024
0 31
0 147
2 1024
0 935
0 115
2 1024
1 1024
0 169
0 95
0 119
0 256
0 462
2 1024
0 206
0 165
1 1024
0 56
1 1024
0 163
0 123
0 168
0 749
2 1024
3 1024
0 100
3 1024
1 1024
0 105
1 1024
0 427
1 1024
1 1024
0 167
2 1024
0 243
0 305
0 70
0 114
0 101
0 205
0 45
0 22
1 1024
0 366
1 1024
0 190
0 158
0 184
0 106
0 432
0 257
1 1024
1 1024
1 1024
0 219
1 1024
0 135
0 336
2 1024
0 130
1 1024
2 1024
1 1024
1 1024
0 104
0 46
1 1024
0 50
0 155
0 88
0 114
1 1024
1 1024
2 1024
0 760
0 49
0 75
1 1024
1 1024
0 23
0 932
1 1024
2 1024
4 1024
1 1024
2 1024
2 1024
1 1024
0 826
2 1024
0 54
0 356
1 1024
2 1024
0 74
0 521
1 1024
0 13
1 1024
0 17
2 1024
2 1024
0 634
0 52
0 110
0 125
0 19
1 1024
1 1024
0 294
0 600
1 1024
0 639
0 10
3 1024
0 62
0 14
2 1024
0 268
1 1024
1 1024
0 313
1 1024
1 1024
0 34
1 1024
2 1024
1 1024
0 40
1 1024
1 1024
1 1024
1 1024
3 1024
0 11
0 159
0 233
2 1024
0 72
0 141
2 1024
2 1024
1 1024
1 1024
0 16
0 132
0 202
0 24
0 544
0 107
1 1024
0 134
0 226
0 312
0 159
0 36
1 1024
0 30
0 60
0 24
1 1024
2 1024
1 1024
1 1024
1 1024
0 99
0 305
2 1024
1 1024
0 249
0 195
1 1024
0 864
1 1024
0 165
0 103
0 51
0 84
2 1024
0 311
0 55
0 117
0 332
1 1024
1 1024
0 975
2 1024
1 1024
2 1024
2 1024
0 139
1 1024
0 44
0 28
1 1024
0 15
0 230
2 1024
0 39
2 1024
2 1024
2 1024
1 1024
1 1024
0 330
0 782
0 125
0 489
0 218
0 29
1 1024
2 1024
1 1024
0 71
0 64
1 1024
0 35
0 86
0 543
0 157
1 1024
2 1024
0 670
0 44
0 150
0 61
0 223
1 1024
1 1024
0 70
0 36
0 322
3 1024
0 175
1 1024
0 159
0 35
1 1024
2 1024
1 1024
1 1024
1 1024
0 99
1 1024
0 383
0 57
1 1024
2 1024
0 278
1 1024
0 140
0 124
0 129
0 25
0 52
2 1024
0 768
2 1024
0 213
0 502
0 284
0 70
0 123
0 94
2 1024
0 201
1 1024
0 127
0 317
0 175
1 1024
0 137
1 1024
1 1024
0 13
0 441
1 1024
1 1024
3 1024
0 243
1 1024
1 1024
0 23
0 102
1 1024
1 1024
0 41
0 65
0 76
0 285
0 138
0 128
0 28
1 1024
3 1024
2 1024
0 30
1 1024
0 90
0 175
0 82
0 266
0 93
0 396
0 177
2 1024
0 97
0 82
1 1024
0 509
3 1024
2 1024
0 161
1 1024
0 379
0 39
2 1024
1 1024
2 1024
0 28
0 657
1 1024
3 1024
2 1024
0 326
0 33
1 1024
1 1024
1 1024
0 96
1 1024
1 1024
2 1024
0 114
2 1024
1 1024
0 147
0 109
1 1024
0 104
0 109
0 138
0 119
0 48
0 229
1 1024
3 1024
1 1024
1 1024
0 14
1 1024
1 1024
1 1024
0 122
1 1024
1 1024
1 1024
0 152
0 138
1 1024
1 1024
1 1024
0 231
1 1024
1 1024
1 1024
2 1024
0 197
1 1024
0 47
0 23
2 1024
0 252
1 1024
0 453
0 229
0 31
1 1024
0 307
1 1024
1 1024
0 56
0 421
1 1024
3 1024
0 180
1 1024
1 1024
1 1024
0 27
1 1024
0 132
2 1024
1 1024
1 1024
1 1024
3 1024
1 1024
0 331
0 260
1 1024
0 891
0 122
1 1024
0 191
1 1024
0 160
0 349
0 166
1 1024
1 1024
0 99
2 1024
0 163
0 250
0 46
0 30
1 1024
1 1024
2 1024
0 202
2 1024
0 98
2 1024
1 1024
0 23
0 134
1 1024
1 1024
2 1024
0 110
0 349
0 70
1 1024
0 97
0 71
0 115
2 1024
1 1024
2 1024
0 30
0 248
2 1024
2 1024
0 37
1 1024
1 1024
1 1024
1 1024
0 28
0 102
0 591
1 1024
1 1024
1 1024
0 71
1 1024
0 74
0 106
1 1024
1 1024
0 258
0 323
1 1024
0 103
1 1024
2 1024
0 453
0 707
1 1024
1 1024
0 132
0 62
1 1024
0 33
0 181
0 39
1 1024
0 166
1 1024
1 1024
0 122
0 262
0 140
0 41
3 1024
0 261
0 376
2 1024
0 158
0 109
1 1024
2 1024
0 206
1 1024
0 76
1 1024
1 1024
2 1024
1 1024
0 218
0 163
1 1024
0 73
0 218
1 1024
0 207
2 1024
2 1024
0 84
2 1024
1 1024
0 120
0 138
0 351
1 1024
0 117
1 1024
0 93
1 1024
0 202
0 898
0 21
2 1024
0 24
0 16
0 217
0 124
0 558
3 1024
2 1024
0 251
0 443
1 1024
0 132
0 164
0 20
0 133
0 264
1 1024
1 1024
1 1024
0 185
1 1024
0 441
2 1024
0 175
0 405
1 1024
0 61
0 613
1 1024
1 1024
3 1024
0 472
1 1024
2 1024
1 1024
0 276
0 169
0 91
0 520
0 158
1 1024
1 1024
0 31
1 1024
3 1024
3 1024
0 72
0 427
1 1024
0 55
1 1024
0 229
2 1024
0 279
1 1024
0 100
2 1024
2 1024
1 1024
0 572
0 33
2 1024
0 36
1 1024
1 1024
1 1024
1 1024
0 174
0 236
0 91
0 847
0 85
1 1024
1 1024
0 433
1 1024
1 1024
1 1024
0 82
2 1024
0 54
0 587
1 1024
4 1024
1 1024
0 43
0 16
0 168
2 1024
0 11
1 1024
1 1024
1 1024
0 159
2 1024
4 1024
2 1024
0 789
2 1024
0 25
0 139
1 1024
0 782
0 26
1 1024
1 1024
1 1024
0 121
0 108
0 29
0 48
0 895
0 138
0 79
0 247
0 212
0 56
2 1024
0 212
1 1024
0 376
0 42
1 1024
2 1024
1 1024
1 1024
2 1024
2 1024
2 1024
0 18
2 1024
0 293
1 1024
2 1024
0 336
1 1024
2 1024
0 722
1 1024
2 1024
0 107
0 116
0 45
3 1024
0 68
0 144
1 1024
1 1024
0 57
1 1024
1 1024
1 1024
1 1024
0 46
0 107
0 77
1 1024
0 47
0 217
0 38
1 1024
0 982
0 738
0 355
1 1024
0 246
0 57
0 811
0 198
0 13
0 10
0 87
2 1024
1 1024
1 1024
0 105
0 52
0 262
0 76
1 1024
1 1024
0 457
2 1024
0 44
1 1024
0 42
0 22
2 1024
0 265
0 296
0 121
0 32
0 290
3 1024
1 1024
0 382
1 1024
0 147
0 112
0 52
0 737
0 916
0 463
1 1024
1 1024
1 1024
0 84
1 1024
0 184
0 59
1 1024
1 1024
1 1024
0 159
2 1024
0 76
1 1024
1 1024
1 1024
1 1024
0 209
0 189
0 135
0 104
2 1024
1 1024
1 1024
1 1024
1 1024
1 1024
2 1024
1 1024
0 31
0 192
1 1024
1 1024
1 1024
1 1024
1 1024
2 1024
1 1024
1 1024
1 1024
1 1024
0 972
1 1024
2 1024
1 1024
0 128
2 1024
1 1024
1 1024
0 402
0 41
1 1024
0 117
2 1024
1 1024
2 1024
1 1024
0 34
0 116
0 128
0 117
3 1024
1 1024
0 229
1 1024
1 1024
1 1024
0 117
2 1024
0 48
0 44
0 592
1 1024
1 1024
0 91
2 1024
1 1024
0 319
1 1024
0 52
0 29
1 1024
1 1024
0 88
1 1024
0 170
0 144
0 111
0 182
0 198
3 1024
1 1024
0 162
1 1024
2 1024
0 72
1 1024
0 159
0 94
0 15
0 754
1 1024
1 1024
0 325
0 242
0 31
0 186
2 1024
2 1024
0 37
0 101
1 1024
0 22
0 22
1 1024
0 195
0 282
0 42
0 40
0 57
0 365
0 108
0 41
1 1024
1 1024
0 34
1 1024
3 1024
0 145
0 52
0 53
3 1024
0 118
0 238
1 1024
0 157
1 1024
0 289
0 173
0 393
0 494
2 1024
2 1024
0 283
1 1024
1 1024
0 119
0 121
0 315
1 1024
0 64
1 1024
1 1024
1 1024
0 308
0 21
0 47
0 227
0 86
1 1024
1 1024
2 1024
0 332
1 1024
2 1024
0 141
1 1024
0 116
0 90
0 346
1 1024
0 36
1 1024
0 175
0 179
0 34
1 1024
2 1024
0 32
0 21
5 1024
2 1024
1 1024
0 76
0 76
2 1024
2 1024
1 1024
0 28
0 29
2 1024
0 28
0 137
1 1024
0 36
2 1024
0 291
2 1024
0 308
1 1024
1 1024
1 1024
0 34
0 546
0 141
0 72
2 1024
2 1024
0 65
0 619
3 1024
0 114
1 1024
0 116
0 818
1 1024
2 1024
1 1024
2 1024
0 71
2 1024
1 1024
1 1024
1 1024
0 228
1 1024
1 1024
0 86
0 634
0 206
1 1024
0 13
1 1024
0 96
0 51
0 137
0 19
0 184
0 20
0 84
1 1024
0 313
1 1024
1 1024
0 390
4 1024
2 1024
1 1024
1 1024
0 204
0 349
1 1024
1 1024
1 1024
0 280
0 186
1 1024
2 1024
0 152
0 202
1 1024
0 206
0 94
1 1024
1 1024
0 119
1 1024
0 59
2 1024
0 260
0 23
0 195
0 163
1 1024
1 1024
1 1024
0 47
0 99
0 57
0 477
0 441
2 1024
2 1024
1 1024
0 110
1 1024
0 62
0 194
1 1024
0 36
2 1024
0 300
0 898
0 66
0 59
0 69
0 520
1 1024
1 1024
2 1024
2 1024
0 150
0 77
0 545
0 401
1 1024
0 149
1 1024
0 698
0 121
0 215
0 360
1 1024
0 588
0 11
0 33
0 65
3 1024
0 31
1 1024
2 1024
0 382
2 1024
1 1024
0 50
0 217
1 1024
2 1024
0 291
0 642
1 1024
2 1024
1 1024
0 125
2 1024
0 16
1 1024
0 20
2 1024
0 231
0 303
0 83
2 1024
0 596
0 201
0 67
1 1024
1 1024
0 103
0 177
0 325
0 438
1 1024
0 71
1 1024
0 133
2 1024
0 276
2 1024
0 135
1 1024
0 28
2 1024
0 260
2 1024
2 1024
0 8
0 59
1 1024
0 156
1 1024
0 248
2 1024
0 286
0 84
2 1024
1 1024
1 1024
3 1024
0 58
1 1024
0 39
0 73
0 70
2 1024
0 53
0 67
0 90
0 220
2 1024
0 15
1 1024
0 265
0 242
1 1024
5 1024
1 1024
0 126
0 175
2 1024
0 117
0 215
0 165
1 1024
0 87
1 1024
1 1024
0 36
0 578
0 13
0 58
1 1024
1 1024
1 1024
0 207
0 371
0 365
1 1024
0 55
0 20
0 123
0 95
1 1024
0 46
1 1024
1 1024
1 1024
0 632
1 1024
1 1024
2 1024
0 151
0 692
1 1024
1 1024
0 188
0 853
1 1024
0 109
1 1024
2 1024
1 1024
1 1024
2 1024
1 1024
1 1024
1 1024
1 1024
0 36
0 39
0 433
0 106
2 1024
0 195
0 64
0 70
2 1024
2 1024
0 582
0 113
0 155
2 1024
1 1024
0 79
0 269
0 225
0 35
1 1024
1 1024
0 64
1 1024
0 32
0 60
1 1024
0 134
2 1024
0 70
0 244
0 576
1 1024
0 175
2 1024
1 1024
2 1024
1 1024
0 241
1 1024
0 78
0 22
0 221
0 14
0 132
0 156
0 157
1 1024
0 84
1 1024
0 135
0 170
0 89
1 1024
1 1024
1 1024
1 1024
1 1024
1 1024
0 86
2 1024
0 145
0 513
0 60
0 588
1 1024
0 78
1 1024
0 198
0 125
0 375
1 1024
0 30
0 59
0 31
0 183
0 67
0 315
0 253
1 1024
2 1024
0 135
0 319
0 57
0 23
2 1024
2 1024
0 407
1 1024
0 162
0 146
1 1024
0 132
1 1024
2 1024
1 1024
0 462
1 1024
0 608
1 1024
0 415
1 1024
1 1024
1 1024
0 284
0 89
0 63
0 66
1 1024
3 1024
0 551
0 472
3 1024
0 98
0 42
2 1024
3 1024
2 1024
0 126
0 107
1 1024
1 1024
1 1024
0 105
2 1024
0 213
0 120
0 529
1 1024
0 149
0 116
0 768
1 1024
0 79
2 1024
0 46
0 172
0 26
1 1024
3 1024
0 288
1 1024
0 113
1 1024
0 44
0 73
0 690
0 29
0 389
0 139
2 1024
2 1024
1 1024
2 1024
1 1024
0 836
1 1024
1 1024
1 1024
0 348
0 453
2 1024
1 1024
1 1024
1 1024
0 70
0 118
0 63
1 1024
1 1024
0 490
0 64
0 977
1 1024
0 141
0 707
2 1024
1 1024
0 114
1 1024
1 1024
0 399
0 60
1 1024
0 217
2 1024
0 203
1 1024
0 407
1 1024
2 1024
1 1024
2 1024
0 368
0 30
1 1024
2 1024
0 75
0 67
0 65
2 1024
1 1024
1 1024
1 1024
0 220
0 158
1 1024
0 153
1 1024
0 79
0 178
0 254
0 81
1 1024
0 691
0 237
1 1024
2 1024
0 75
0 191
0 134
0 13
1 1024
0 149
0 333
1 1024
0 14
0 401
0 246
0 223
1 1024
1 1024
0 108
1 1024
0 37
0 54
2 1024
2 1024
2 1024
0 82
1 1024
1 1024
3 1024
4 1024
0 19
1 1024
1 1024
1 1024
0 149
0 505
3 1024
1 1024
1 1024
0 138
1 1024
0 156
0 83
1 1024
1 1024
0 560
1 1024
1 1024
0 45
0 173
0 71
0 22
0 106
1 1024
1 1024
0 38
0 166
1 1024
0 86
1 1024
3 1024
1 1024
1 1024
0 406
1 1024
1 1024
0 138
0 694
0 113
1 1024
1 1024
1 1024
0 77
3 1024
0 41
2 1024
0 138
0 291
1 1024
0 563
1 1024
1 1024
0 321
1 1024
1 1024
1 1024
1 1024
1 1024
0 229
1 1024
0 951
2 1024
0 130
0 270
0 60
2 1024
1 1024
0 600
0 406
2 1024
0 291
1 1024
0 89
0 69
1 1024
0 48
1 1024
1 1024
0 605
0 260
0 112
1 1024
1 1024
2 1024
1 1024
0 109
1 1024
0 501
0 25
0 289
1 1024
0 17
0 71
0 103
1 1024
2 1024
0 169
0 666
1 1024
1 1024
0 142
1 1024
1 1024
1 1024
1 1024
1 1024
1 1024
0 18
1 1024
1 1024
0 116
0 107
1 1024
0 19
1 1024
0 25
0 78
1 1024
0 37
0 71
1 1024
0 132
0 342
0 122
0 98
1 1024
0 242
0 179
0 189
0 309
2 1024
2 1024
0 122
0 158
1 1024
1 1024
0 103
1 1024
1 1024
0 663
0 241
1 1024
0 240
0 80
0 14
1 1024
0 367
0 94
0 30
0 307
0 85
2 1024
1 1024
0 109
1 1024
0 71
2 1024
1 1024
1 1024
0 33
1 1024
0 351
2 1024
0 84
0 269
0 32
0 41
0 550
0 83
0 112
1 1024
0 179
0 81
0 28
1 1024
0 81
0 935
0 85
0 262
2 1024
2 1024
1 1024
1 1024
0 180
0 304
0 114
0 131
0 176
2 1024
1 1024
1 1024
1 1024
2 1024
0 262
0 308
1 1024
0 85
0 16
0 87
2 1024
0 77
0 99
1 1024
0 221
1 1024
0 76
2 1024
1 1024
1 1024
1 1024
0 119
0 151
0 143
1 1024
2 1024
3 1024
0 196
1 1024
1 1024
0 46
0 257
1 1024
3 1024
0 50
0 194
0 266
1 1024
2 1024
0 176
0 74
0 225
0 99
1 1024
1 1024
2 1024
1 1024
3 1024
3 1024
1 1024
1 1024
1 1024
0 121
1 1024
2 1024
1 1024
0 185
0 75
1 1024
0 25
0 786
0 132
1 1024
0 119
0 266
0 581
0 248
2 1024
0 101
2 1024
0 82
0 64
0 278
2 1024
1 1024
1 1024
2 1024
0 33
0 73
1 1024
0 132
1 1024
1 1024
0 27
0 229
1 1024
0 162
1 1024
3 1024
0 67
0 211
0 13
0 98
0 152
1 1024
1 1024
0 70
0 83
1 1024
2 1024
2 1024
0 642
2 1024
0 106
1 1024
1 1024
1 1024
0 174
1 1024
1 1024
0 351
1 1024
1 1024
0 245
3 1024
0 128
1 1024
0 173
1 1024
1 1024
2 1024
0 167
0 125
2 1024
1 1024
2 1024
0 56
0 229
0 69
2 1024
2 1024
1 1024
0 163
0 140
1 1024
0 837
1 1024
0 25
1 1024
0 46
0 41
0 91
1 1024
1 1024
1 1024
0 29
0 39
1 1024
0 28
0 29
0 355
3 1024
1 1024
0 690
0 16
1 1024
0 169
1 1024
2 1024
1 1024
0 303
0 39
2 1024
0 248
2 1024
1 1024
0 731
1 1024
1 1024
0 161
0 98
0 232
0 36
2 1024
0 29
1 1024
0 34
1 1024
0 69
1 1024
0 65
0 480
0 195
1 1024
0 135
0 135
2 1024
0 96
1 1024
0 96
1 1024
0 54
3 1024
0 23
0 82
2 1024
0 385
2 1024
1 1024
1 1024
0 611
1 1024
1 1024
1 1024
2 1024
1 1024
2 1024
1 1024
0 78
2 1024
0 44
1 1024
2 1024
3 1024
0 258
0 39
1 1024
2 1024
2 1024
2 1024
0 147
1 1024
0 61
0 32
0 168
1 1024
0 45
1 1024
2 1024
0 83
0 98
0 112
0 219
1 1024
1 1024
0 469
1 1024
2 1024
0 24
0 79
1 1024
0 331
0 24
1 1024
0 37
0 151
0 146
1 1024
1 1024
1 1024
1 1024
0 97
3 1024
1 1024
0 109
1 1024
0 307
0 106
3 1024
0 168
2 1024
0 180
0 25
0 85
1 1024
0 98
0 282
1 1024
0 81
2 1024
1 1024
1 1024
0 72
1 1024
1 1024
0 63
0 258
0 325
1 1024
1 1024
0 186
1 1024
1 1024
2 1024
1 1024
0 152
1 1024
0 150
3 1024
0 214
3 1024
2 1024
1 1024
2 1024
1 1024
0 289
0 221
0 178
1 1024
1 1024
0 156
0 264
0 62
1 1024
0 357
0 51
1 1024
0 35
0 123
1 1024
2 1024
1 1024
0 256
1 1024
1 1024
1 1024
1 1024
0 190
2 1024
2 1024
1 1024
0 34
0 328
0 189
2 1024
0 188
0 16
1 1024
0 172
1 1024
0 148
1 1024
0 236
2 1024
1 1024
0 48
1 1024
0 440
1 1024
1 1024
0 401
0 140
0 295
1 1024
0 889
1 1024
0 105
0 393
0 39
1 1024
2 1024
1 1024
2 1024
0 345
0 44
2 1024
0 56
0 51
1 1024
0 29
0 309
1 1024
1 1024
1 1024
1 1024
0 75
0 501
0 99
0 389
0 45
2 1024
2 1024
1 1024
0 43
1 1024
0 878
2 1024
0 117
2 1024
1 1024
3 1024
0 667
0 179
2 1024
1 1024
0 186
1 1024
0 312
0 484
1 1024
0 307
1 1024
1 1024
0 206
1 1024
0 15
1 1024
0 50
1 1024
0 550
0 185
2 1024
1 1024
1 1024
1 1024
0 40
2 1024
0 34
0 75
0 68
0 112
3 1024
1 1024
1 1024
1 1024
0 17
2 1024
0 434
3 1024
0 148
0 252
1 1024
1 1024
0 127
1 1024
0 236
1 1024
1 1024
1 1024
0 61
0 183
2 1024
1 1024
1 1024
1 1024
1 1024
2 1024
0 163
1 1024
0 209
0 258
0 379
1 1024
0 326
0 47
1 1024
0 68
1 1024
1 1024
0 99
0 239
2 1024
0 294
3 1024
1 1024
1 1024
1 1024
0 46
0 50
0 120
0 626
0 66
1 1024
0 99
0 55
0 24
0 270
1 1024
0 55
0 147
1 1024
1 1024
0 882
1 1024
0 139
3 1024
0 370
2 1024
2 1024
0 367
0 555
0 67
1 1024
0 26
1 1024
1 1024
1 1024
0 120
1 1024
0 159
1 1024
0 163
1 1024
1 1024
1 1024
1 1024
2 1024
1 1024
1 1024
2 1024
0 375
1 1024
0 344
2 1024
0 632
0 121
1 1024
0 42
1 1024
1 1024
2 1024
1 1024
0 294
0 55
0 93
0 559
0 248
0 72
0 266
0 400
1 1024
0 460
0 57
0 324
0 42
0 187
1 1024
1 1024
0 58
0 683
1 1024
0 157
3 1024
1 1024
0 92
0 58
0 77
0 145
3 1024
1 1024
0 205
0 218
1 1024
0 201
0 89
1 1024
1 1024
1 1024
1 1024
0 457
1 1024
0 66
0 213
0 204
0 64
0 190
0 713
1 1024
1 1024
0 299
1 1024
0 541
2 1024
1 1024
1 1024
2 1024
4 1024
0 76
2 1024
0 137
0 123
1 1024
0 109
0 33
0 252
1 1024
0 115
0 62
1 1024
0 610
1 1024
1 1024
1 1024
2 1024
0 184
1 1024
1 1024
2 1024
1 1024
0 136
0 39
1 1024
0 81
0 82
1 1024
1 1024
3 1024
2 1024
0 63
1 1024
1 1024
1 1024
0 184
2 1024
0 43
1 1024
2 1024
1 1024
0 308
1 1024
1 1024
0 229
1 1024
2 1024
1 1024
0 66
0 306
0 255
0 192
0 118
1 1024
0 121
3 1024
0 22
1 1024
1 1024
1 1024
0 74
1 1024
1 1024
1 1024
0 596
1 1024
3 1024
1 1024
0 296
0 104
0 165
0 196
1 1024
1 1024
1 1024
0 57
0 272
1 1024
0 124
1 1024
1 1024
2 1024
0 585
0 75
3 1024
0 148
1 1024
1 1024
2 1024
1 1024
2 1024
0 143
0 77
1 1024
1 1024
2 1024
5 1024
2 1024
0 304
2 1024
2 1024
1 1024
0 662
0 147
2 1024
1 1024
1 1024
1 1024
0 72
0 75
2 1024
0 235
2 1024
0 24
0 208
2 1024
1 1024
0 100
1 1024
1 1024
0 53
2 1024
1 1024
1 1024
2 1024
0 229
0 100
0 25
0 46
0 479
0 71
2 1024
0 83
0 70
2 1024
0 529
0 41
1 1024
0 961
2 1024
3 1024
1 1024
0 618
1 1024
0 1020
1 1024
0 73
1 1024
1 1024
0 54
1 1024
1 1024
1 1024
0 722
1 1024
0 179
0 325
0 104
0 183
0 194
1 1024
0 403
0 61
0 157
0 186
0 536
0 57
1 1024
1 1024
1 1024
0 681
1 1024
2 1024
0 23
1 1024
1 1024
1 1024
0 125
2 1024
0 112
1 1024
0 154
0 138
2 1024
1 1024
1 1024
1 1024
1 1024
1 1024
1 1024
1 1024
0 56
2 1024
0 72
1 1024
1 1024
1 1024
0 72
0 200
0 103
1 1024
2 1024
0 71
1 1024
0 43
0 64
1 1024
3 1024
0 16
0 105
2 1024
2 1024
1 1024
2 1024
1 1024
0 137
0 115
0 165
0 32
1 1024
1 1024
0 237
1 1024
0 752
1 1024
0 73
0 42
1 1024
0 77
0 25
0 286
1 1024
1 1024
0 463
0 69
1 1024
1 1024
1 1024
3 1024
1 1024
0 469
0 240
1 1024
1 1024
1 1024
0 21
0 27
1 1024
0 291
2 1024
2 1024
0 620
2 1024
0 421
0 441
2 1024
0 227
1 1024
1 1024
0 65
0 59
0 122
1 1024
1 1024
2 1024
0 190
1 1024
0 164
1 1024
0 25
2 1024
0 17
2 1024
0 154
3 1024
2 1024
1 1024
1 1024
0 172
0 774
0 436
1 1024
2 1024
0 152
1 1024
2 1024
2 1024
0 433
0 79
0 336
0 124
0 65
0 110
0 394
0 92
0 263
1 1024
0 52
0 26
1 1024
0 48
1 1024
1 1024
1 1024
0 83
1 1024
0 942
2 1024
0 10
0 825
2 1024
2 1024
0 47
0 507
1 1024
1 1024
0 52
1 1024
0 40
0 124
2 1024
0 57
1 1024
0 70
0 11
0 28
1 1024
1 1024
1 1024
0 189
0 100
0 62
1 1024
0 157
1 1024
1 1024
0 79
0 139
0 388
0 134
0 29
1 1024
1 1024
0 59
1 1024
2 1024
0 330
0 58
0 17
0 12
0 285
0 201
0 428
0 23
1 1024
2 1024
1 1024
0 20
0 72
2 1024
0 21
1 1024
1 1024
0 64
1 1024
1 1024
0 23
0 213
1 1024
0 64
1 1024
0 252
1 1024
1 1024
0 45
2 1024
1 1024
0 102
0 136
3 1024
1 1024
0 117
0 9
0 135
0 984
0 315
0 107
0 99
0 400
0 269
1 1024
0 397
1 1024
0 65
2 1024
0 55
1 1024
0 231
0 219
1 1024
2 1024
0 286
0 63
1 1024
0 136
0 25
0 888
1 1024
2 1024
0 149
0 170
0 281
3 1024
0 193
0 279
1 1024
1 1024
0 61
0 985
1 1024
2 1024
2 1024
0 168
0 18
2 1024
1 1024
0 169
1 1024
0 422
0 130
2 1024
0 192
0 305
1 1024
1 1024
1 1024
0 221
1 1024
0 183
2 1024
0 102
2 1024
1 1024
2 1024
3 1024
1 1024
0 191
0 41
0 946
1 1024
1 1024
1 1024
0 112
1 1024
0 497
0 20
0 12
1 1024
0 39
0 522
0 123
0 103
1 1024
1 1024
2 1024
1 1024
0 432
0 202
0 16
2 1024
2 1024
0 115
0 146
0 98
2 1024
0 54
0 89
0 309
1 1024
0 37
1 1024
0 157
0 89
1 1024
1 1024
1 1024
1 1024
1 1024
0 54
0 825
1 1024
0 711
1 1024
3 1024
2 1024
2 1024
1 1024
0 76
0 865
1 1024
0 141
0 399
0 231
0 152
0 91
0 92
1 1024
0 148
0 287
1 1024
0 56
0 63
1 1024
0 223
1 1024
1 1024
1 1024
0 114
1 1024
1 1024
3 1024
1 1024
2 1024
1 1024
0 25
0 43
1 1024
0 82
1 1024
1 1024
0 42
0 109
2 1024
1 1024
1 1024
0 34
1 1024
0 23
0 13
1 1024
0 149
0 189
2 1024
1 1024
0 35
1 1024
0 349
0 422
0 170
1 1024
2 1024
1 1024
2 1024
0 90
0 74
4 1024
1 1024
2 1024
1 1024
0 262
0 32
1 1024
1 1024
0 264
1 1024
0 53
1 1024
1 1024
0 153
1 1024
1 1024
1 1024
1 1024
1 1024
3 1024
0 20
1 1024
0 34
1 1024
0 267
2 1024
0 213
1 1024
0 55
1 1024
0 51
0 948
2 1024
0 222
0 167
0 72
1 1024
1 1024
1 1024
0 419
1 1024
1 1024
1 1024
1 1024
0 207
0 333
1 1024
0 339
1 1024
0 22
0 36
0 286
1 1024
1 1024
0 65
1 1024
1 1024
2 1024
0 182
1 1024
1 1024
0 38
0 39
2 1024
0 731
2 1024
1 1024
1 1024
1 1024
0 277
0 26
0 486
0 37
0 302
1 1024
0 467
1 1024
1 1024
0 36
0 183
0 46
0 137
0 48
0 303
1 1024
0 207
1 1024
0 145
1 1024
0 104
1 1024
0 525
0 26
0 111
2 1024
1 1024
0 98
2 1024
0 92
1 1024
2 1024
0 639
2 1024
0 212
1 1024
2 1024
1 1024
0 149
0 307
1 1024
0 186
2 1024
1 1024
1 1024
0 239
1 1024
0 16
1 1024
2 1024
1 1024
1 1024
0 625
0 561
1 1024
0 569
0 22
1 1024
0 53
0 58
0 14
0 694
0 54
1 1024
1 1024
0 139
0 285
1 1024
0 52
0 92
1 1024
0 126
1 1024
0 685
0 158
1 1024
0 17
0 271
1 1024
0 282
0 455
1 1024
1 1024
0 95
1 1024
0 49
1 1024
0 446
1 1024
0 42
0 246
0 378
1 1024
1 1024
0 78
0 246
0 132
0 187
0 132
1 1024
1 1024
0 401
0 283
1 1024
1 1024
1 1024
0 46
1 1024
0 39
2 1024
1 1024
0 365
0 220
1 1024
0 170
2 1024
0 40
0 284
1 1024
1 1024
1 1024
0 102
1 1024
2 1024
0 228
1 1024
0 202
0 29
0 230
2 1024
1 1024
0 160
0 47
1 1024
0 291
2 1024
1 1024
1 1024
1 1024
0 239
1 1024
0 92
0 372
0 87
1 1024
2 1024
1 1024
0 152
0 153
0 60
1 1024
0 124
1 1024
1 1024
2 1024
2 1024
0 175
0 195
1 1024
0 32
0 159
1 1024
2 1024
0 95
2 1024
1 1024
0 71
0 58
0 59
0 113
0 114
0 23
0 160
1 1024
0 517
1 1024
1 1024
0 95
1 1024
0 57
0 168
0 110
0 32
0 245
0 17
0 37
3 1024
0 224
0 207
1 1024
0 627
2 1024
1 1024
0 45
1 1024
1 1024
0 32
2 1024
1 1024
1 1024
1 1024
0 140
0 43
0 362
0 152
0 31
1 1024
0 137
0 414
2 1024
1 1024
2 1024
0 108
1 1024
0 26
1 1024
2 1024
0 93
0 48
3 1024
0 569
1 1024
0 32
1 1024
0 173
1 1024
2 1024
2 1024
0 103
0 535
0 138
3 1024
1 1024
1 1024
1 1024
0 85
0 29
1 1024
0 225
2 1024
2 1024
3 1024
1 1024
0 230
0 31
2 1024
0 67
1 1024
1 1024
2 1024
0 91
1 1024
3 1024
0 509
0 190
2 1024
0 77
1 1024
0 157
0 108
1 1024
0 633
0 17
0 150
0 663
1 1024
0 57
2 1024
1 1024
0 353
2 1024
1 1024
0 64
0 17
0 28
0 714
3 1024
1 1024
1 1024
0 21
0 48
1 1024
1 1024
3 1024
0 53
0 563
2 1024
0 101
1 1024
2 1024
0 117
0 314
0 21
1 1024
0 109
1 1024
1 1024
1 1024
2 1024
2 1024
1 1024
0 701
0 23
1 1024
0 37
0 439
2 1024
0 92
0 155
0 282
0 31
0 329
0 65
2 1024
0 51
2 1024
0 38
1 1024
0 348
0 32
1 1024
0 93
1 1024
0 254
3 1024
0 255
3 1024
0 308
3 1024
1 1024
1 1024
1 1024
0 22
0 733
2 1024
0 37
2 1024
1 1024
1 1024
0 83
1 1024
1 1024
1 1024
0 25
0 768
1 1024
0 23
1 1024
0 54
1 1024
0 191
1 1024
0 92
0 92
0 98
0 111
2 1024
1 1024
2 1024
0 34
2 1024
0 311
1 1024
1 1024
1 1024
0 11
0 167
0 102
0 245
4 1024
0 27
1 1024
2 1024
1 1024
2 1024
2 1024
0 165
2 1024
0 237
2 1024
1 1024
0 260
1 1024
0 170
1 1024
0 236
1 1024
1 1024
0 130
2 1024
1 1024
2 1024
0 367
2 1024
2 1024
0 139
0 141
2 1024
0 59
3 1024
0 183
1 1024
0 232
0 282
1 1024
1 1024
0 126
0 843
1 1024
0 130
0 772
0 130
2 1024
1 1024
1 1024
0 109
0 190
1 1024
0 47
1 1024
2 1024
1 1024
0 141
0 145
0 270
1 1024
0 672
1 1024
0 60
1 1024
0 748
2 1024
2 1024
1 1024
0 107
0 69
1 1024
0 153
1 1024
1 1024
1 1024
0 169
0 24
1 1024
2 1024
0 24
1 1024
0 36
1 1024
2 1024
0 59
1 1024
1 1024
2 1024
1 1024
1 1024
1 1024
2 1024
1 1024
0 236
0 733
0 272
1 1024
0 54
1 1024
1 1024
1 1024
1 1024
0 22
0 725
1 1024
0 126
1 1024
0 54
0 606
0 147
1 1024
1 1024
0 204
1 1024
1 1024
0 45
0 277
3 1024
2 1024
2 1024
1 1024
2 1024
2 1024
0 40
0 15
0 512
1 1024
0 139
1 1024
2 1024
2 1024
1 1024
1 1024
0 244
0 50
1 1024
1 1024
0 302
1 1024
2 1024
1 1024
1 1024
0 480
2 1024
1 1024
0 217
1 1024
3 1024
0 37
0 430
0 87
1 1024
2 1024
0 52
0 130
0 177
2 1024
1 1024
1 1024
2 1024
1 1024
0 190
0 53
0 449
3 1024
0 313
0 132
0 29
2 1024
0 298
0 293
0 316
0 393
0 146
0 137
1 1024
1 1024
2 1024
0 141
2 1024
0 33
2 1024
0 284
1 1024
0 42
0 269
3 1024
0 247
0 36
0 125
0 496
1 1024
2 1024
2 1024
0 259
0 34
1 1024
1 1024
0 99
5 1024
1 1024
0 368
0 74
1 1024
0 134
1 1024
0 144
0 70
1 1024
1 1024
0 201
1 1024
2 1024
0 222
0 137
0 961
2 1024
1 1024
1 1024
1 1024
2 1024
0 60
1 1024
0 315
2 1024
0 101
0 68
0 75
2 1024
0 209
0 49
1 1024
0 81
0 432
0 43
0 266
2 1024
0 20
1 1024
1 1024
0 932
0 24
2 1024
2 1024
0 60
0 194
1 1024
0 77
0 161
0 391
2 1024
0 16
1 1024
2 1024
1 1024
1 1024
0 226
0 339
0 190
0 83
1 1024
2 1024
0 87
1 1024
1 1024
1 1024
0 265
1 1024
0 43
2 1024
1 1024
1 1024
0 51
0 72
0 176
0 15
1 1024
1 1024
0 55
0 53
1 1024
0 36
0 114
0 436
0 63
1 1024
1 1024
2 1024
0 29
0 44
0 37
1 1024
1 1024
0 158
0 286
0 23
0 24
0 200
1 1024
2 1024
1 1024
1 1024
0 83
1 1024
1 1024
0 98
0 170
0 234
0 551
1 1024
0 287
1 1024
3 1024
3 1024
0 72
0 41
0 15
0 942
4 1024
0 353
0 39
0 212
0 81
0 327
0 33
1 1024
0 398
1 1024
0 425
1 1024
0 15
1 1024
1 1024
2 1024
1 1024
0 69
0 46
1 1024
0 406
1 1024
0 23
2 1024
0 96
0 404
1 1024
0 226
1 1024
0 81
1 1024
0 783
1 1024
1 1024
1 1024
1 1024
0 270
0 328
0 259
0 47
1 1024
2 1024
2 1024
2 1024
3 1024
1 1024
1 1024
0 393
1 1024
0 30
1 1024
0 193
1 1024
2 1024
1 1024
0 158
0 45
2 1024
2 1024
1 1024
0 123
0 413
1 1024
2 1024
0 435
0 248
0 22
0 254
2 1024
0 441
1 1024
2 1024
1 1024
0 23
1 1024
1 1024
0 257
0 23
2 1024
1 1024
3 1024
0 143
2 1024
0 148
0 105
0 77
0 159
2 1024
1 1024
0 50
1 1024
1 1024
0 608
1 1024
0 131
0 382
1 1024
1 1024
1 1024
0 79
1 1024
0 60
0 715
0 67
0 960
0 53
3 1024
0 84
0 281
0 223
0 434
0 86
1 1024
2 1024
0 20
2 1024
1 1024
0 737
0 407
2 1024
0 176
0 505
0 37
1 1024
0 610
0 157
1 1024
0 76
0 81
0 283
1 1024
0 98
1 1024
1 1024
0 105
1 1024
1 1024
0 157
0 34
2 1024
0 353
1 1024
2 1024
3 1024
0 303
2 1024
0 23
0 90
0 14
0 147
0 93
0 71
0 129
1 1024
1 1024
0 370
0 25
1 1024
0 99
2 1024
0 20
3 1024
0 531
2 1024
0 237
1 1024
0 45
0 171
0 191
0 87
1 1024
1 1024
1 1024
0 211
1 1024
0 218
0 216
2 1024
1 1024
2 1024
0 55
1 1024
0 213
0 778
0 287
0 247
0 228
1 1024
0 813
0 193
1 1024
0 202
0 678
1 1024
1 1024
0 122
0 250
0 166
3 1024
0 34
0 311
1 1024
0 138
1 1024
0 689
0 69
0 130
0 164
1 1024
1 1024
0 36
0 230
1 1024
2 1024
1 1024
1 1024
1 1024
1 1024
0 136
0 933
1 1024
2 1024
0 440
1 1024
0 93
0 634
0 120
0 277
1 1024
0 451
0 66
1 1024
0 236
1 1024
0 546
0 58
0 319
0 140
0 589
0 72
1 1024
0 86
1 1024
2 1024
1 1024
0 128
0 69
1 1024
1 1024
1 1024
1 1024
0 177
1 1024
0 55
1 1024
1 1024
1 1024
0 197
0 272
1 1024
0 267
2 1024
0 18
0 227
0 40
0 123
0 647
1 1024
0 49
0 158
2 1024
1 1024
0 189
0 74
0 25
0 156
1 1024
0 94
1 1024
1 1024
0 475
0 204
0 59
1 1024
1 1024
2 1024
1 1024
1 1024
1 1024
0 68
0 405
0 381
1 1024
0 41
0 29
0 19
1 1024
1 1024
1 1024
1 1024
2 1024
0 130
1 1024
0 59
1 1024
0 374
0 115
0 230
0 124
0 155
0 567
0 87
1 1024
1 1024
1 1024
1 1024
3 1024
0 734
0 522
1 1024
0 231
0 192
1 1024
2 1024
0 23
3 1024
0 727
1 1024
0 53
0 44
1 1024
1 1024
2 1024
0 650
0 55
0 101
1 1024
2 1024
3 1024
2 1024
0 37
2 1024
0 975
0 485
1 1024
2 1024
0 662
1 1024
0 188
0 721
0 34
1 1024
0 238
2 1024
0 139
0 60
0 267
2 1024
0 750
0 51
1 1024
1 1024
0 535
0 33
0 67
0 42
0 125
0 135
0 172
2 1024
1 1024
3 1024
0 42
1 1024
1 1024
1 1024
0 326
0 435
0 438
0 100
2 1024
2 1024
1 1024
1 1024
1 1024
0 178
2 1024
0 201
0 36
0 123
0 87
0 21
1 1024
0 16
1 1024
1 1024
0 196
0 232
0 43
2 1024
0 102
3 1024
0 133
0 26
0 79
0 413
1 1024
2 1024
0 83
0 270
0 92
2 1024
0 135
0 196
1 1024
1 1024
0 154
0 511
0 20
1 1024
1 1024
1 1024
1 1024
1 1024
0 510
0 37
0 843
2 1024
4 1024
2 1024
2 1024
0 81
0 148
0 224
1 1024
1 1024
2 1024
1 1024
0 31
