# SA for random K-SAT
# K = 3   N = 256   M = 1040   seed = 3377831680
# alpha = 4.062500   nIter = 2048  Tmax = 0.200000
# 1:lowestUnsat  2:runTime
0 172
0 212
0 394
1 2048
0 162
0 398
1 2048
0 126
0 819
1 2048
0 282
2 2048
0 246
1 2048
1 2048
1 2048
3 2048
0 97
0 46
1 2048
1 2048
0 895
1 2048
0 174
1 2048
0 309
1 2048
2 2048
0 38
1 2048
2 2048
1 2048
0 156
0 59
0 353
1 2048
1 2048
1 2048
1 2048
1 2048
0 115
0 105
0 195
1 2048
0 377
0 90
1 2048
0 1139
2 2048
0 612
1 2048
0 55
1 2048
0 252
0 543
0 479
0 514
1 2048
1 2048
1 2048
1 2048
0 388
2 2048
1 2048
2 2048
0 77
0 509
1 2048
0 190
0 390
1 2048
1 2048
0 9
0 82
1 2048
1 2048
0 110
0 1823
3 2048
2 2048
1 2048
0 207
1 2048
0 648
0 474
0 546
0 390
0 400
2 2048
0 238
0 162
1 2048
2 2048
0 566
0 67
1 2048
2 2048
0 472
0 113
1 2048
0 37
0 244
0 62
0 412
0 498
0 191
0 79
0 95
1 2048
0 497
0 212
1 2048
0 110
0 41
0 234
2 2048
0 106
1 2048
1 2048
1 2048
1 2048
1 2048
0 35
1 2048
0 31
0 53
0 1914
1 2048
2 2048
3 2048
0 51
1 2048
1 2048
2 2048
0 863
1 2048
0 671
1 2048
0 1261
1 2048
0 111
2 2048
1 2048
0 123
0 1245
1 2048
0 255
1 2048
1 2048
1 2048
0 55
2 2048
0 581
1 2048
0 58
0 963
0 187
2 2048
2 2048
0 321
0 1343
0 48
2 2048
0 613
1 2048
0 453
1 2048
1 2048
1 2048
0 245
0 1014
0 350
0 315
2 2048
1 2048
1 2048
0 295
4 2048
0 467
1 2048
1 2048
0 69
0 63
0 1168
1 2048
1 2048
1 2048
1 2048
0 100
0 37
0 463
0 238
1 2048
2 2048
0 507
2 2048
2 2048
0 620
1 2048
0 1166
2 2048
0 150
0 282
0 337
0 196
1 2048
0 545
0 634
1 2048
3 2048
2 2048
1 2048
1 2048
0 222
0 61
0 593
0 114
0 162
1 2048
1 2048
0 81
0 79
2 2048
0 989
0 20
2 2048
1 2048
2 2048
1 2048
1 2048
0 637
1 2048
1 2048
0 1625
1 2048
0 718
1 2048
1 2048
0 161
0 35
1 2048
1 2048
1 2048
1 2048
2 2048
1 2048
1 2048
1 2048
1 2048
0 197
0 83
1 2048
1 2048
0 623
0 122
0 139
1 2048
1 2048
0 109
0 196
1 2048
0 319
0 35
1 2048
0 92
0 66
4 2048
1 2048
0 508
0 90
2 2048
1 2048
1 2048
2 2048
1 2048
0 78
2 2048
0 568
1 2048
0 26
0 10
1 2048
2 2048
0 210
1 2048
2 2048
3 2048
2 2048
1 2048
0 517
0 96
1 2048
3 2048
1 2048
1 2048
1 2048
2 2048
0 80
1 2048
0 44
1 2048
2 2048
1 2048
1 2048
1 2048
0 137
1 2048
1 2048
1 2048
1 2048
1 2048
0 293
0 155
1 2048
0 65
0 483
1 2048
2 2048
1 2048
0 856
0 769
0 184
1 2048
1 2048
1 2048
0 289
2 2048
1 2048
0 163
0 929
2 2048
1 2048
2 2048
1 2048
1 2048
2 2048
2 2048
1 2048
0 1502
0 139
0 62
0 117
1 2048
0 315
0 181
0 604
1 2048
1 2048
1 2048
1 2048
0 97
1 2048
2 2048
1 2048
0 161
2 2048
1 2048
0 316
1 2048
0 31
2 2048
0 92
0 153
2 2048
1 2048
1 2048
1 2048
2 2048
0 441
1 2048
2 2048
1 2048
0 22
2 2048
3 2048
1 2048
1 2048
0 476
1 2048
2 2048
2 2048
3 2048
0 194
0 267
1 2048
2 2048
0 44
1 2048
0 36
1 2048
1 2048
0 405
0 120
1 2048
0 200
1 2048
1 2048
0 545
0 104
0 188
1 2048
0 548
0 537
1 2048
2 2048
1 2048
0 366
1 2048
0 75
1 2048
0 176
0 292
0 182
1 2048
0 395
3 2048
0 47
0 260
0 129
0 65
1 2048
0 174
0 117
0 1982
1 2048
1 2048
0 17
0 144
0 45
0 939
1 2048
0 348
2 2048
0 253
2 2048
1 2048
1 2048
0 881
0 652
2 2048
3 2048
0 39
1 2048
2 2048
0 140
0 121
1 2048
2 2048
0 394
1 2048
0 246
1 2048
0 73
1 2048
0 375
0 474
0 154
0 667
1 2048
1 2048
3 2048
1 2048
2 2048
2 2048
0 230
1 2048
0 72
1 2048
2 2048
0 1936
0 346
1 2048
0 95
1 2048
1 2048
0 309
1 2048
2 2048
1 2048
0 215
1 2048
0 160
0 506
2 2048
0 112
0 46
1 2048
2 2048
0 283
1 2048
0 144
1 2048
1 2048
1 2048
0 382
0 365
0 92
1 2048
0 90
0 262
0 31
0 77
1 2048
1 2048
1 2048
1 2048
2 2048
0 830
0 324
2 2048
0 275
2 2048
0 45
0 475
1 2048
1 2048
0 9
2 2048
2 2048
1 2048
0 77
1 2048
1 2048
0 659
0 238
0 63
1 2048
0 60
0 379
2 2048
1 2048
2 2048
1 2048
0 86
0 18
2 2048
1 2048
0 30
2 2048
1 2048
1 2048
1 2048
2 2048
1 2048
1 2048
0 51
1 2048
0 184
2 2048
0 224
1 2048
0 727
1 2048
0 1689
2 2048
1 2048
1 2048
0 350
1 2048
1 2048
1 2048
0 347
0 131
0 44
0 385
0 50
1 2048
0 83
0 263
2 2048
1 2048
0 213
0 300
1 2048
1 2048
0 144
0 137
0 73
1 2048
2 2048
0 91
0 990
0 146
1 2048
0 1205
0 165
0 103
0 479
0 1336
0 190
0 188
0 315
4 2048
0 305
0 65
0 261
1 2048
0 137
1 2048
0 111
2 2048
2 2048
0 26
0 852
2 2048
1 2048
0 114
0 327
1 2048
0 101
0 32
0 234
0 382
0 42
1 2048
0 578
1 2048
2 2048
0 37
0 52
0 513
0 433
1 2048
1 2048
1 2048
0 786
0 43
0 524
1 2048
1 2048
1 2048
1 2048
1 2048
0 169
1 2048
0 260
1 2048
0 1579
0 140
0 157
1 2048
0 286
2 2048
1 2048
0 912
0 426
1 2048
0 581
0 348
2 2048
0 228
1 2048
0 75
0 165
2 2048
1 2048
0 292
0 66
0 15
2 2048
0 223
1 2048
0 64
0 411
2 2048
2 2048
1 2048
0 63
1 2048
0 126
1 2048
0 40
0 20
1 2048
2 2048
0 180
0 73
0 162
0 541
3 2048
0 1807
1 2048
0 105
1 2048
0 104
0 32
0 139
0 297
2 2048
0 290
0 337
1 2048
1 2048
1 2048
2 2048
0 104
1 2048
1 2048
1 2048
1 2048
1 2048
0 87
0 392
0 38
1 2048
1 2048
1 2048
1 2048
1 2048
1 2048
0 624
1 2048
0 325
0 206
0 70
0 700
2 2048
0 563
1 2048
2 2048
0 71
1 2048
0 632
2 2048
0 122
2 2048
0 43
1 2048
0 69
0 106
1 2048
1 2048
2 2048
1 2048
0 930
1 2048
0 27
0 141
1 2048
1 2048
0 98
0 565
0 151
1 2048
1 2048
0 163
1 2048
1 2048
0 477
3 2048
0 207
0 77
1 2048
0 265
0 54
0 703
1 2048
1 2048
0 51
1 2048
2 2048
1 2048
0 163
0 99
0 654
1 2048
2 2048
2 2048
0 729
0 1108
0 288
0 1343
1 2048
2 2048
0 78
2 2048
0 254
0 576
1 2048
0 717
1 2048
1 2048
1 2048
2 2048
1 2048
1 2048
1 2048
0 56
1 2048
0 51
1 2048
1 2048
0 1239
1 2048
2 2048
0 18
0 62
1 2048
3 2048
1 2048
1 2048
0 113
1 2048
0 84
1 2048
0 117
0 328
1 2048
3 2048
2 2048
0 324
1 2048
0 693
1 2048
0 653
0 1007
1 2048
0 504
1 2048
1 2048
1 2048
0 819
0 165
0 124
0 115
1 2048
1 2048
3 2048
0 168
0 342
0 96
0 195
0 703
1 2048
1 2048
1 2048
1 2048
1 2048
1 2048
0 65
0 1030
0 267
2 2048
1 2048
1 2048
0 219
0 136
0 260
1 2048
1 2048
1 2048
1 2048
1 2048
1 2048
2 2048
0 94
0 410
0 287
0 43
0 231
1 2048
1 2048
0 1715
0 107
0 67
0 165
1 2048
0 689
0 76
2 2048
2 2048
0 1665
1 2048
0 220
0 938
1 2048
0 113
1 2048
2 2048
1 2048
1 2048
0 23
1 2048
1 2048
2 2048
2 2048
0 27
2 2048
1 2048
2 2048
0 628
0 126
1 2048
1 2048
1 2048
0 52
2 2048
0 120
1 2048
0 197
0 60
0 211
0 118
0 162
0 614
2 2048
0 138
1 2048
2 2048
0 412
1 2048
1 2048
0 314
0 20
0 26
0 168
1 2048
1 2048
1 2048
1 2048
0 972
1 2048
1 2048
0 730
1 2048
0 81
1 2048
0 864
1 2048
1 2048
1 2048
0 429
0 441
0 481
0 390
2 2048
1 2048
0 91
2 2048
3 2048
0 109
0 385
1 2048
0 566
0 247
0 43
0 45
0 6
0 1303
0 90
0 138
0 198
0 190
0 277
0 119
0 788
0 530
1 2048
1 2048
0 645
1 2048
2 2048
1 2048
0 49
0 210
1 2048
1 2048
1 2048
2 2048
0 69
0 97
0 470
0 372
1 2048
0 328
0 924
0 87
0 555
1 2048
1 2048
0 147
0 736
2 2048
0 1488
1 2048
0 183
0 71
0 2026
0 65
1 2048
0 829
0 127
2 2048
0 67
1 2048
0 935
1 2048
0 69
0 65
0 175
0 697
0 305
0 84
1 2048
1 2048
0 87
1 2048
0 71
1 2048
1 2048
0 42
0 146
0 95
0 93
0 824
0 29
0 158
1 2048
2 2048
0 89
0 560
0 91
2 2048
1 2048
0 494
2 2048
0 207
1 2048
1 2048
0 492
0 150
2 2048
3 2048
1 2048
2 2048
1 2048
0 199
3 2048
2 2048
1 2048
0 588
0 121
1 2048
2 2048
0 36
0 186
2 2048
1 2048
2 2048
0 235
0 53
2 2048
2 2048
0 62
3 2048
0 146
0 255
1 2048
0 35
1 2048
2 2048
1 2048
0 45
1 2048
2 2048
0 576
1 2048
0 74
2 2048
1 2048
0 198
1 2048
0 452
0 121
1 2048
1 2048
0 123
2 2048
0 94
1 2048
2 2048
2 2048
0 105
1 2048
2 2048
1 2048
1 2048
0 258
0 61
3 2048
1 2048
1 2048
3 2048
0 115
0 119
1 2048
2 2048
0 189
1 2048
1 2048
0 494
0 150
3 2048
1 2048
0 534
0 164
1 2048
0 264
0 77
1 2048
0 118
0 102
1 2048
0 229
2 2048
0 487
1 2048
1 2048
2 2048
1 2048
1 2048
2 2048
0 115
0 70
0 535
0 139
0 22
0 186
0 582
1 2048
0 331
1 2048
1 2048
0 91
1 2048
2 2048
0 221
1 2048
0 94
0 1411
1 2048
1 2048
1 2048
1 2048
1 2048
0 214
0 251
1 2048
0 306
2 2048
0 100
0 97
1 2048
0 174
1 2048
1 2048
2 2048
1 2048
2 2048
0 102
0 348
0 206
1 2048
1 2048
1 2048
1 2048
0 484
2 2048
1 2048
0 235
1 2048
0 1345
0 104
1 2048
0 37
2 2048
0 183
0 44
2 2048
0 61
0 38
1 2048
2 2048
1 2048
2 2048
0 378
0 376
1 2048
0 161
0 444
2 2048
0 326
2 2048
0 45
0 113
0 113
1 2048
1 2048
2 2048
0 83
2 2048
2 2048
0 549
0 107
0 156
0 1213
2 2048
0 25
0 139
2 2048
0 205
2 2048
0 707
1 2048
1 2048
1 2048
1 2048
0 60
1 2048
1 2048
0 151
1 2048
1 2048
0 24
0 472
0 122
1 2048
0 56
2 2048
0 235
0 546
1 2048
0 92
0 488
3 2048
0 589
0 307
0 358
0 561
1 2048
1 2048
1 2048
0 357
0 607
1 2048
2 2048
0 11
0 1617
0 500
2 2048
1 2048
3 2048
2 2048
0 146
1 2048
1 2048
1 2048
1 2048
1 2048
0 338
2 2048
1 2048
0 32
3 2048
1 2048
0 26
0 290
2 2048
0 32
0 87
1 2048
0 126
0 516
1 2048
2 2048
0 62
2 2048
0 602
1 2048
1 2048
0 20
1 2048
1 2048
1 2048
0 69
0 370
1 2048
2 2048
0 349
0 108
1 2048
0 1412
1 2048
1 2048
0 265
1 2048
2 2048
0 147
0 31
0 299
1 2048
0 141
1 2048
1 2048
1 2048
0 47
1 2048
0 31
0 320
2 2048
1 2048
1 2048
0 1318
0 55
0 193
0 166
1 2048
1 2048
0 124
0 144
2 2048
0 66
0 56
1 2048
0 1539
0 27
0 48
0 240
1 2048
2 2048
0 576
1 2048
0 271
1 2048
0 1002
0 192
1 2048
0 869
0 46
0 202
0 57
0 476
0 248
1 2048
1 2048
0 404
0 195
1 2048
0 113
1 2048
2 2048
2 2048
0 66
0 1426
1 2048
1 2048
0 71
0 152
0 191
1 2048
2 2048
0 28
0 226
1 2048
2 2048
1 2048
1 2048
0 98
1 2048
0 801
0 1181
3 2048
0 1572
1 2048
0 38
0 35
0 13
1 2048
2 2048
0 68
0 62
0 110
1 2048
0 99
0 612
0 58
0 482
0 389
1 2048
1 2048
1 2048
0 389
0 54
3 2048
0 67
0 133
0 55
0 64
2 2048
0 444
1 2048
0 203
3 2048
1 2048
2 2048
0 224
0 66
0 493
0 214
1 2048
2 2048
2 2048
0 142
0 22
1 2048
0 130
0 1057
0 154
0 304
0 167
1 2048
1 2048
2 2048
0 410
1 2048
0 815
1 2048
1 2048
1 2048
0 227
1 2048
1 2048
0 102
1 2048
0 187
1 2048
2 2048
2 2048
0 1058
0 2026
1 2048
1 2048
0 720
0 532
1 2048
2 2048
0 104
0 32
1 2048
1 2048
1 2048
1 2048
0 16
1 2048
0 194
1 2048
0 39
0 249
2 2048
0 205
1 2048
1 2048
1 2048
1 2048
0 239
1 2048
2 2048
0 122
1 2048
1 2048
1 2048
0 272
2 2048
0 732
1 2048
0 1689
3 2048
0 189
0 497
1 2048
0 51
1 2048
1 2048
1 2048
0 76
1 2048
1 2048
1 2048
2 2048
0 1377
0 196
1 2048
0 18
1 2048
2 2048
0 147
0 142
1 2048
0 293
0 593
0 230
0 141
1 2048
1 2048
1 2048
0 924
0 731
1 2048
0 63
1 2048
0 951
1 2048
1 2048
0 47
0 100
1 2048
1 2048
2 2048
2 2048
1 2048
1 2048
1 2048
1 2048
0 43
0 111
1 2048
2 2048
1 2048
0 174
1 2048
0 582
0 176
1 2048
0 31
1 2048
1 2048
1 2048
1 2048
1 2048
0 437
2 2048
0 190
2 2048
0 532
2 2048
0 47
1 2048
0 562
1 2048
0 146
0 139
0 118
2 2048
1 2048
0 1583
0 11
0 207
2 2048
0 448
0 149
0 147
1 2048
1 2048
0 29
1 2048
0 13
0 325
0 214
0 157
1 2048
0 172
1 2048
1 2048
0 275
0 85
2 2048
0 99
2 2048
1 2048
0 50
0 307
0 124
1 2048
1 2048
1 2048
2 2048
1 2048
0 26
0 419
0 176
1 2048
2 2048
2 2048
2 2048
0 658
1 2048
0 35
0 30
1 2048
1 2048
1 2048
0 202
2 2048
0 910
1 2048
0 379
2 2048
2 2048
0 20
0 19
0 54
0 309
0 67
0 94
0 628
1 2048
0 227
0 48
0 342
1 2048
0 203
0 121
3 2048
1 2048
0 72
2 2048
0 111
1 2048
0 664
0 584
0 111
1 2048
1 2048
0 632
1 2048
0 113
1 2048
2 2048
1 2048
0 89
1 2048
0 139
0 713
2 2048
0 106
1 2048
2 2048
0 193
2 2048
0 247
1 2048
1 2048
1 2048
1 2048
1 2048
1 2048
0 390
2 2048
0 117
0 371
1 2048
1 2048
0 69
1 2048
0 114
1 2048
1 2048
0 48
1 2048
0 134
0 475
0 308
1 2048
0 117
1 2048
1 2048
1 2048
1 2048
0 620
0 111
0 332
0 296
1 2048
1 2048
0 65
2 2048
1 2048
0 507
0 1236
1 2048
1 2048
0 845
1 2048
0 146
0 283
1 2048
0 60
0 112
1 2048
1 2048
1 2048
0 97
0 255
0 366
1 2048
0 210
1 2048
1 2048
1 2048
1 2048
0 915
0 331
2 2048
0 85
0 120
2 2048
0 463
0 386
0 226
0 368
1 2048
0 444
1 2048
3 2048
0 1665
2 2048
2 2048
0 194
1 2048
1 2048
0 1246
0 772
1 2048
1 2048
1 2048
2 2048
1 2048
1 2048
2 2048
0 426
2 2048
0 148
2 2048
2 2048
2 2048
0 123
0 101
1 2048
0 224
0 203
0 8
0 143
1 2048
1 2048
1 2048
1 2048
0 433
2 2048
1 2048
0 466
0 28
0 171
1 2048
2 2048
0 1046
1 2048
1 2048
0 489
1 2048
2 2048
0 729
0 138
0 768
1 2048
4 2048
2 2048
0 463
1 2048
0 140
1 2048
1 2048
1 2048
0 444
2 2048
1 2048
1 2048
0 375
0 180
0 122
1 2048
1 2048
0 57
0 481
1 2048
0 151
1 2048
0 180
0 288
2 2048
0 61
1 2048
1 2048
1 2048
0 17
2 2048
2 2048
1 2048
1 2048
2 2048
0 1139
0 343
1 2048
0 42
1 2048
0 441
0 252
0 74
0 130
1 2048
1 2048
0 41
0 36
1 2048
0 382
0 31
1 2048
0 195
1 2048
2 2048
2 2048
1 2048
0 231
1 2048
4 2048
0 159
1 2048
0 211
0 182
1 2048
0 102
2 2048
1 2048
1 2048
0 245
1 2048
2 2048
0 68
0 366
0 103
0 43
0 1233
0 188
2 2048
0 53
1 2048
0 240
0 1146
1 2048
0 342
2 2048
2 2048
0 879
0 17
0 11
3 2048
1 2048
2 2048
0 29
2 2048
1 2048
0 83
1 2048
0 269
1 2048
1 2048
0 78
0 1849
0 35
0 863
2 2048
2 2048
0 161
0 177
0 412
0 610
2 2048
1 2048
1 2048
1 2048
1 2048
1 2048
1 2048
1 2048
0 1146
0 156
0 251
0 572
1 2048
1 2048
1 2048
0 69
0 57
0 517
0 528
0 1546
0 522
1 2048
0 185
4 2048
0 236
0 38
1 2048
0 699
2 2048
1 2048
0 832
0 162
0 242
0 12
1 2048
1 2048
2 2048
1 2048
1 2048
0 1262
0 503
0 199
0 70
2 2048
1 2048
0 21
0 97
1 2048
0 29
0 337
0 169
1 2048
1 2048
0 144
0 809
2 2048
1 2048
0 166
1 2048
0 95
0 121
0 184
0 241
0 56
0 797
1 2048
0 182
0 179
1 2048
0 450
0 38
0 92
0 221
0 463
2 2048
2 2048
0 66
0 72
0 19
0 410
0 99
1 2048
0 51
1 2048
1 2048
1 2048
0 39
0 676
3 2048
2 2048
0 91
0 83
0 408
2 2048
0 930
3 2048
0 537
0 70
0 177
1 2048
2 2048
1 2048
0 606
0 485
1 2048
0 233
1 2048
2 2048
0 83
2 2048
0 26
0 95
1 2048
0 595
0 198
0 43
1 2048
1 2048
1 2048
1 2048
0 602
1 2048
0 70
0 165
0 349
1 2048
2 2048
1 2048
0 1389
0 94
1 2048
2 2048
0 18
0 82
3 2048
1 2048
1 2048
0 28
1 2048
0 25
2 2048
0 461
0 471
2 2048
0 1462
1 2048
0 157
1 2048
0 26
0 164
0 92
0 532
0 1405
1 2048
0 385
0 102
1 2048
0 156
0 56
1 2048
1 2048
2 2048
0 571
0 91
2 2048
2 2048
1 2048
0 2038
0 277
0 830
1 2048
0 55
2 2048
1 2048
1 2048
1 2048
0 356
1 2048
2 2048
0 490
0 26
0 1309
2 2048
1 2048
4 2048
1 2048
0 161
2 2048
2 2048
0 11
1 2048
1 2048
0 632
1 2048
0 391
1 2048
1 2048
0 360
0 394
0 500
3 2048
0 95
0 176
0 327
0 684
3 2048
0 81
0 113
0 44
1 2048
0 47
0 1720
0 990
0 250
0 40
0 27
2 2048
1 2048
1 2048
1 2048
0 63
2 2048
1 2048
2 2048
1 2048
0 419
1 2048
0 154
1 2048
0 442
0 102
0 336
0 1113
0 469
0 20
0 138
1 2048
0 275
0 140
1 2048
0 99
1 2048
0 297
1 2048
1 2048
1 2048
0 562
1 2048
0 439
1 2048
0 148
0 1278
1 2048
0 260
0 672
1 2048
1 2048
1 2048
0 93
2 2048
0 553
0 92
0 270
0 375
1 2048
2 2048
1 2048
0 60
0 1118
0 549
0 210
0 46
2 2048
0 61
0 288
1 2048
0 198
0 630
0 72
0 106
0 778
0 51
0 54
0 124
0 514
0 354
1 2048
1 2048
1 2048
0 1058
0 1368
1 2048
2 2048
1 2048
0 442
1 2048
2 2048
0 131
2 2048
1 2048
0 73
1 2048
0 1805
0 222
0 23
0 20
0 28
1 2048
1 2048
2 2048
1 2048
0 177
0 78
1 2048
2 2048
1 2048
0 312
1 2048
0 370
0 337
0 184
1 2048
0 206
2 2048
0 69
1 2048
1 2048
2 2048
1 2048
2 2048
1 2048
1 2048
0 83
0 36
0 326
1 2048
1 2048
1 2048
0 140
1 2048
0 51
0 175
0 25
0 44
1 2048
0 71
0 334
2 2048
0 392
1 2048
0 42
0 26
2 2048
0 41
0 185
2 2048
1 2048
0 34
1 2048
1 2048
2 2048
2 2048
0 31
0 105
1 2048
1 2048
0 56
1 2048
0 304
2 2048
0 312
1 2048
0 218
0 218
2 2048
0 45
0 298
1 2048
0 530
0 49
0 142
0 49
0 53
0 323
1 2048
0 717
3 2048
2 2048
0 119
0 243
1 2048
2 2048
0 816
0 1229
0 550
1 2048
1 2048
0 96
1 2048
0 473
0 42
0 58
1 2048
1 2048
1 2048
1 2048
0 436
1 2048
1 2048
0 95
0 89
1 2048
2 2048
1 2048
2 2048
3 2048
0 832
0 131
0 460
0 281
2 2048
0 530
2 2048
0 1448
0 161
2 2048
1 2048
2 2048
0 83
1 2048
1 2048
0 158
2 2048
0 79
2 2048
0 13
0 69
0 344
0 908
1 2048
1 2048
0 197
1 2048
1 2048
1 2048
1 2048
1 2048
0 185
1 2048
0 79
0 17
0 82
0 1194
0 413
1 2048
0 38
0 188
0 221
0 247
0 492
1 2048
0 202
1 2048
0 55
0 150
0 390
1 2048
0 1551
1 2048
1 2048
1 2048
1 2048
0 157
2 2048
0 64
0 54
2 2048
2 2048
0 131
0 788
0 59
1 2048
0 141
3 2048
0 491
2 2048
2 2048
1 2048
1 2048
1 2048
1 2048
0 14
1 2048
0 101
1 2048
0 667
1 2048
1 2048
0 178
1 2048
1 2048
1 2048
2 2048
1 2048
1 2048
0 236
1 2048
1 2048
1 2048
0 286
1 2048
0 361
0 825
2 2048
0 1342
0 1151
1 2048
0 960
1 2048
0 115
2 2048
0 73
2 2048
1 2048
1 2048
0 185
0 393
1 2048
1 2048
2 2048
0 1535
2 2048
1 2048
0 94
2 2048
2 2048
1 2048
1 2048
0 273
0 106
0 1522
2 2048
0 1322
0 39
2 2048
1 2048
0 115
2 2048
0 222
0 113
0 760
0 1507
1 2048
1 2048
0 485
0 94
0 222
1 2048
0 175
0 63
2 2048
1 2048
1 2048
0 66
0 775
1 2048
2 2048
0 93
1 2048
0 263
1 2048
0 145
1 2048
0 404
0 372
1 2048
1 2048
0 114
1 2048
0 498
1 2048
2 2048
1 2048
0 364
1 2048
0 535
2 2048
1 2048
0 153
0 124
0 13
0 722
2 2048
0 91
1 2048
1 2048
0 28
0 736
0 205
1 2048
1 2048
0 1452
2 2048
0 34
0 92
0 137
0 541
0 182
0 404
0 870
0 170
1 2048
0 726
0 30
2 2048
1 2048
0 328
1 2048
1 2048
2 2048
2 2048
2 2048
0 42
0 422
0 558
1 2048
0 40
0 13
0 81
0 135
0 209
0 600
1 2048
0 1244
0 16
0 267
0 1364
0 117
0 55
0 130
2 2048
1 2048
0 1426
2 2048
1 2048
1 2048
1 2048
1 2048
0 192
0 766
0 184
0 28
0 233
2 2048
1 2048
0 528
0 395
0 283
0 719
0 258
0 458
2 2048
0 63
1 2048
1 2048
0 95
0 40
0 38
1 2048
0 534
0 54
1 2048
1 2048
1 2048
0 1601
0 232
0 1716
0 131
1 2048
1 2048
0 17
1 2048
1 2048
0 809
0 441
0 335
2 2048
0 44
2 2048
2 2048
2 2048
0 325
0 245
2 2048
0 78
2 2048
1 2048
1 2048
0 253
0 260
0 206
1 2048
0 26
0 215
0 170
1 2048
1 2048
1 2048
0 1347
1 2048
0 273
0 109
1 2048
3 2048
0 130
1 2048
0 915
1 2048
1 2048
1 2048
0 454
0 90
0 203
0 157
0 516
0 102
0 74
0 477
2 2048
3 2048
0 235
0 139
0 109
0 318
0 312
0 100
0 27
2 2048
1 2048
1 2048
0 210
0 1225
0 286
2 2048
0 244
0 113
0 313
0 493
1 2048
3 2048
0 92
0 407
1 2048
0 62
1 2048
0 834
1 2048
0 658
1 2048
1 2048
2 2048
0 110
0 27
0 234
0 267
0 32
1 2048
2 2048
0 254
0 44
0 41
0 225
3 2048
0 593
2 2048
3 2048
0 183
0 122
0 9
1 2048
0 77
0 105
1 2048
2 2048
3 2048
0 399
1 2048
0 53
0 529
2 2048
0 25
0 278
0 361
0 369
0 63
0 15
2 2048
1 2048
0 59
0 58
0 623
0 170
0 317
1 2048
1 2048
1 2048
0 123
0 53
2 2048
0 263
1 2048
0 577
0 774
2 2048
0 315
0 386
1 2048
0 910
0 606
1 2048
1 2048
0 238
2 2048
0 165
1 2048
2 2048
0 125
2 2048
1 2048
2 2048
0 251
2 2048
2 2048
0 48
0 149
1 2048
0 622
0 681
0 25
1 2048
1 2048
1 2048
0 240
1 2048
1 2048
0 308
1 2048
0 110
0 311
2 2048
2 2048
1 2048
1 2048
0 279
2 2048
0 222
0 176
1 2048
1 2048
0 580
1 2048
0 254
0 895
3 2048
0 132
0 97
0 669
0 341
2 2048
2 2048
1 2048
1 2048
1 2048
0 482
1 2048
2 2048
1 2048
1 2048
2 2048
1 2048
0 472
1 2048
1 2048
1 2048
1 2048
1 2048
0 399
0 427
2 2048
1 2048
0 21
2 2048
2 2048
0 110
1 2048
1 2048
0 206
0 121
2 2048
1 2048
1 2048
0 808
0 57
0 416
0 178
1 2048
0 176
1 2048
0 498
0 108
1 2048
1 2048
0 802
0 149
2 2048
0 154
1 2048
0 1489
1 2048
1 2048
4 2048
0 88
1 2048
0 48
1 2048
0 157
0 260
1 2048
1 2048
0 344
1 2048
0 84
0 788
1 2048
1 2048
0 335
3 2048
1 2048
0 138
2 2048
1 2048
0 375
1 2048
1 2048
1 2048
0 757
0 212
0 305
2 2048
0 223
0 51
0 133
0 268
2 2048
2 2048
0 282
0 104
2 2048
0 589
1 2048
0 86
0 460
0 528
1 2048
0 121
0 68
0 261
0 67
0 123
0 43
1 2048
3 2048
0 105
0 659
1 2048
0 273
1 2048
2 2048
1 2048
1 2048
1 2048
0 238
2 2048
0 1591
0 23
0 115
2 2048
1 2048
1 2048
1 2048
2 2048
0 219
1 2048
0 298
0 32
0 22
1 2048
0 320
2 2048
1 2048
0 597
1 2048
0 98
0 102
0 815
0 60
2 2048
1 2048
2 2048
0 165
0 395
0 221
0 513
2 2048
1 2048
1 2048
1 2048
0 274
1 2048
0 13
4 2048
2 2048
0 49
0 141
0 126
1 2048
0 90
0 93
1 2048
1 2048
2 2048
0 129
0 34
2 2048
0 77
0 157
1 2048
1 2048
0 164
1 2048
0 239
1 2048
0 404
1 2048
0 1346
0 321
0 96
1 2048
1 2048
0 504
0 274
1 2048
2 2048
0 138
3 2048
0 13
1 2048
0 545
0 217
0 215
2 2048
0 1595
0 246
0 294
1 2048
0 430
2 2048
0 366
1 2048
1 2048
0 243
0 24
0 451
1 2048
1 2048
2 2048
0 20
0 1608
0 179
0 496
0 358
1 2048
1 2048
0 295
2 2048
0 42
0 75
2 2048
3 2048
1 2048
1 2048
1 2048
1 2048
0 175
1 2048
1 2048
0 415
2 2048
1 2048
0 340
0 336
0 67
0 579
0 64
1 2048
1 2048
0 114
2 2048
1 2048
0 709
0 111
1 2048
0 36
0 191
1 2048
1 2048
0 266
2 2048
1 2048
1 2048
1 2048
0 216
0 780
0 166
2 2048
0 23
1 2048
0 494
3 2048
0 24
0 342
2 2048
0 358
0 21
1 2048
1 2048
3 2048
3 2048
1 2048
0 38
0 202
1 2048
2 2048
0 438
0 282
1 2048
1 2048
0 73
0 119
1 2048
1 2048
3 2048
2 2048
2 2048
0 23
0 1477
1 2048
1 2048
0 117
0 64
0 597
1 2048
1 2048
1 2048
0 41
1 2048
1 2048
1 2048
1 2048
2 2048
0 31
0 1730
1 2048
1 2048
1 2048
1 2048
0 98
1 2048
0 83
0 15
0 139
2 2048
0 105
0 395
3 2048
0 122
0 1602
1 2048
0 351
0 157
0 546
0 111
0 39
2 2048
0 355
1 2048
1 2048
0 507
0 178
2 2048
0 123
0 97
1 2048
0 193
0 27
0 145
0 40
1 2048
1 2048
1 2048
0 27
1 2048
0 437
1 2048
0 553
0 258
1 2048
1 2048
0 108
0 513
1 2048
0 534
1 2048
0 357
0 382
2 2048
1 2048
4 2048
0 547
0 38
0 300
0 1078
0 80
1 2048
1 2048
2 2048
0 86
1 2048
0 50
0 87
3 2048
0 1020
0 433
0 831
0 289
2 2048
0 959
0 293
1 2048
1 2048
2 2048
0 13
1 2048
1 2048
0 635
0 306
0 1285
0 169
0 1379
1 2048
0 145
2 2048
2 2048
1 2048
0 391
3 2048
0 142
1 2048
1 2048
0 633
0 96
0 256
0 94
3 2048
2 2048
1 2048
1 2048
0 484
0 1486
3 2048
0 48
0 301
0 188
0 151
0 170
0 126
0 96
0 23
1 2048
1 2048
0 246
0 99
2 2048
0 86
0 203
2 2048
2 2048
0 172
1 2048
1 2048
0 755
0 340
1 2048
0 43
0 342
0 103
0 694
1 2048
0 84
2 2048
2 2048
0 130
1 2048
1 2048
0 499
1 2048
1 2048
0 231
1 2048
2 2048
1 2048
1 2048
1 2048
0 362
2 2048
0 197
0 301
1 2048
1 2048
1 2048
0 133
0 49
0 148
0 49
0 63
0 355
0 61
0 341
0 64
3 2048
0 173
0 199
3 2048
0 1060
1 2048
3 2048
1 2048
0 27
0 87
0 516
0 57
0 39
0 1199
0 473
0 655
3 2048
0 289
1 2048
2 2048
0 105
1 2048
0 319
0 65
0 1234
1 2048
0 235
1 2048
0 42
0 395
0 298
4 2048
1 2048
1 2048
0 315
1 2048
1 2048
1 2048
0 7
1 2048
1 2048
1 2048
0 1073
0 536
2 2048
0 153
0 399
2 2048
0 52
0 124
0 89
1 2048
1 2048
2 2048
0 1695
1 2048
0 52
1 2048
0 114
0 60
0 196
0 217
1 2048
0 396
1 2048
0 525
1 2048
1 2048
0 492
1 2048
1 2048
1 2048
0 134
2 2048
1 2048
1 2048
1 2048
0 356
0 49
1 2048
1 2048
0 214
1 2048
0 125
1 2048
1 2048
0 100
2 2048
1 2048
1 2048
1 2048
1 2048
0 443
0 25
2 2048
1 2048
0 316
0 670
0 89
0 361
1 2048
0 1176
0 366
0 157
0 316
0 446
1 2048
0 89
1 2048
0 35
0 43
0 808
0 260
0 126
1 2048
0 36
0 20
1 2048
0 1137
2 2048
1 2048
1 2048
1 2048
0 390
0 45
1 2048
0 83
0 67
0 147
0 136
0 227
2 2048
2 2048
0 15
1 2048
0 32
1 2048
1 2048
0 760
0 21
1 2048
0 322
0 391
2 2048
0 188
0 368
0 279
1 2048
0 800
2 2048
0 330
0 44
2 2048
1 2048
0 607
1 2048
1 2048
2 2048
1 2048
2 2048
0 537
1 2048
0 354
0 134
0 130
2 2048
0 89
0 63
0 115
0 862
0 244
0 1253
2 2048
2 2048
2 2048
1 2048
1 2048
2 2048
0 69
0 139
0 395
0 92
1 2048
2 2048
0 152
0 1167
2 2048
1 2048
2 2048
1 2048
1 2048
0 83
1 2048
0 444
3 2048
1 2048
0 345
0 76
0 180
0 17
1 2048
1 2048
1 2048
1 2048
1 2048
0 310
0 111
0 1058
0 147
0 1612
1 2048
0 76
1 2048
0 77
0 84
1 2048
0 47
0 184
0 465
0 1085
0 320
0 1194
0 698
0 744
0 77
0 164
0 224
4 2048
0 601
1 2048
0 96
1 2048
0 87
1 2048
1 2048
0 86
1 2048
0 65
1 2048
0 49
0 415
0 106
0 58
0 118
0 484
1 2048
2 2048
0 969
1 2048
1 2048
1 2048
1 2048
1 2048
0 19
1 2048
0 322
1 2048
0 254
0 183
0 107
0 385
0 288
1 2048
0 857
1 2048
1 2048
0 490
2 2048
1 2048
2 2048
1 2048
0 835
0 153
0 463
0 97
0 22
0 539
0 442
0 222
0 66
2 2048
1 2048
1 2048
0 314
0 447
1 2048
1 2048
0 12
1 2048
1 2048
0 23
1 2048
0 265
0 24
1 2048
0 186
0 56
0 84
2 2048
0 1120
1 2048
0 123
0 381
0 673
2 2048
0 259
1 2048
0 213
1 2048
1 2048
4 2048
0 238
0 6
3 2048
0 306
0 84
0 77
1 2048
1 2048
1 2048
1 2048
2 2048
1 2048
0 340
1 2048
1 2048
2 2048
3 2048
1 2048
1 2048
1 2048
3 2048
0 333
1 2048
1 2048
2 2048
0 194
0 37
0 234
2 2048
1 2048
1 2048
0 157
0 400
2 2048
0 449
2 2048
0 129
0 126
1 2048
1 2048
1 2048
0 148
3 2048
1 2048
1 2048
1 2048
0 79
1 2048
0 82
2 2048
1 2048
0 32
1 2048
1 2048
2 2048
0 67
0 663
0 55
0 294
1 2048
1 2048
1 2048
0 50
0 187
0 316
0 33
1 2048
0 285
2 2048
1 2048
3 2048
3 2048
1 2048
1 2048
0 60
3 2048
0 842
0 37
1 2048
0 116
2 2048
0 175
0 126
0 284
0 234
1 2048
0 250
1 2048
3 2048
0 628
1 2048
1 2048
0 414
0 65
0 17
0 91
0 35
0 289
0 95
0 42
1 2048
1 2048
0 1145
0 194
1 2048
0 241
1 2048
0 16
0 1068
1 2048
0 1272
0 32
0 448
1 2048
3 2048
1 2048
0 461
0 18
0 54
0 748
1 2048
3 2048
1 2048
0 12
1 2048
2 2048
0 884
0 125
1 2048
0 29
0 1164
1 2048
1 2048
0 55
0 203
1 2048
1 2048
1 2048
0 93
1 2048
0 616
0 118
1 2048
1 2048
1 2048
1 2048
0 65
2 2048
1 2048
1 2048
0 784
0 284
1 2048
2 2048
1 2048
0 238
1 2048
3 2048
1 2048
1 2048
0 397
0 445
0 278
2 2048
0 322
0 127
0 442
0 93
0 184
0 292
0 290
1 2048
1 2048
1 2048
0 80
1 2048
0 94
1 2048
0 111
0 633
0 29
2 2048
0 296
1 2048
0 43
0 393
1 2048
0 92
1 2048
0 38
0 199
1 2048
0 132
1 2048
0 359
2 2048
1 2048
1 2048
0 99
0 72
0 83
4 2048
1 2048
0 62
0 659
0 747
1 2048
1 2048
1 2048
1 2048
1 2048
0 136
0 43
0 324
2 2048
0 316
2 2048
1 2048
1 2048
2 2048
1 2048
2 2048
0 20
1 2048
1 2048
1 2048
1 2048
0 68
2 2048
0 177
1 2048
0 126
0 419
0 60
0 282
0 17
1 2048
0 66
1 2048
0 150
0 237
2 2048
0 63
1 2048
1 2048
0 158
3 2048
0 708
0 87
0 258
1 2048
0 202
0 36
1 2048
1 2048
1 2048
0 308
2 2048
2 2048
0 110
0 449
1 2048
1 2048
0 78
0 156
2 2048
1 2048
0 332
0 381
0 235
1 2048
1 2048
1 2048
0 55
1 2048
0 103
0 952
1 2048
0 247
0 264
1 2048
2 2048
1 2048
1 2048
1 2048
0 38
0 415
0 421
0 517
0 26
1 2048
0 198
1 2048
1 2048
1 2048
1 2048
2 2048
1 2048
1 2048
0 202
0 26
1 2048
1 2048
0 225
0 26
1 2048
1 2048
1 2048
1 2048
0 715
0 1031
0 56
0 6
0 68
0 2022
1 2048
0 965
0 205
1 2048
1 2048
0 340
0 486
0 308
2 2048
0 54
1 2048
0 27
0 256
1 2048
0 106
0 60
1 2048
0 91
1 2048
2 2048
2 2048
1 2048
0 370
0 293
1 2048
4 2048
2 2048
0 36
0 95
0 628
0 164
1 2048
2 2048
1 2048
1 2048
0 62
0 153
0 350
0 732
0 136
1 2048
2 2048
2 2048
0 172
1 2048
0 105
1 2048
1 2048
0 174
0 10
0 600
0 373
0 109
2 2048
0 244
0 158
0 146
0 21
1 2048
0 55
0 67
1 2048
0 899
2 2048
0 82
1 2048
1 2048
0 1586
0 218
0 325
0 85
2 2048
0 776
0 478
1 2048
0 311
1 2048
0 14
0 238
0 352
2 2048
0 18
0 1833
1 2048
1 2048
2 2048
1 2048
0 437
1 2048
0 230
0 99
0 279
0 62
0 294
0 271
0 14
0 1159
0 45
0 869
0 390
0 231
0 145
0 219
1 2048
0 160
0 384
1 2048
1 2048
0 2045
0 414
1 2048
0 678
1 2048
0 85
0 300
1 2048
0 26
1 2048
1 2048
1 2048
0 213
1 2048
1 2048
1 2048
0 237
1 2048
1 2048
1 2048
2 2048
2 2048
1 2048
0 842
0 163
0 106
1 2048
0 110
1 2048
0 445
1 2048
0 269
1 2048
1 2048
1 2048
1 2048
1 2048
0 134
3 2048
0 42
2 2048
0 456
0 278
1 2048
1 2048
4 2048
0 229
0 8
1 2048
0 94
1 2048
1 2048
1 2048
2 2048
1 2048
1 2048
0 183
0 200
1 2048
1 2048
1 2048
0 60
2 2048
0 415
0 227
0 69
0 62
0 19
3 2048
2 2048
1 2048
0 29
2 2048
1 2048
0 49
1 2048
1 2048
0 504
0 37
0 36
1 2048
0 815
0 544
0 45
0 341
1 2048
2 2048
0 89
0 270
0 1076
0 1959
1 2048
1 2048
2 2048
1 2048
0 142
1 2048
0 1044
1 2048
0 465
1 2048
0 35
1 2048
1 2048
1 2048
0 105
1 2048
0 19
2 2048
0 301
0 143
0 423
1 2048
0 215
1 2048
0 168
2 2048
2 2048
1 2048
1 2048
1 2048
1 2048
0 161
1 2048
0 974
0 821
0 1423
1 2048
0 64
1 2048
0 653
0 390
0 281
1 2048
1 2048
0 490
0 190
0 297
1 2048
1 2048
1 2048
0 79
4 2048
1 2048
0 65
1 2048
0 303
0 191
0 158
0 420
0 286
1 2048
0 260
0 864
1 2048
0 248
1 2048
1 2048
2 2048
0 402
0 380
1 2048
1 2048
1 2048
0 525
0 26
0 694
1 2048
1 2048
1 2048
1 2048
1 2048
0 184
2 2048
1 2048
1 2048
1 2048
0 140
0 634
0 24
1 2048
2 2048
0 50
0 60
0 140
1 2048
0 53
0 29
1 2048
1 2048
1 2048
1 2048
1 2048
0 52
1 2048
1 2048
1 2048
0 271
0 786
0 107
0 1403
1 2048
0 454
1 2048
1 2048
1 2048
0 330
0 1144
1 2048
2 2048
0 52
0 236
0 350
0 1296
0 253
1 2048
2 2048
0 700
0 41
1 2048
0 361
2 2048
0 45
0 151
2 2048
1 2048
1 2048
1 2048
1 2048
0 414
1 2048
0 738
0 31
1 2048
1 2048
0 41
0 336
1 2048
1 2048
0 260
1 2048
0 387
2 2048
0 165
0 162
0 145
1 2048
0 93
1 2048
1 2048
0 81
0 404
0 666
0 306
1 2048
2 2048
1 2048
3 2048
1 2048
0 240
1 2048
0 69
3 2048
0 269
2 2048
2 2048
0 1158
1 2048
0 301
1 2048
2 2048
0 367
0 194
0 139
0 133
0 92
1 2048
1 2048
2 2048
0 366
0 485
2 2048
0 49
1 2048
1 2048
1 2048
0 40
1 2048
0 76
0 1769
0 309
1 2048
0 635
0 418
2 2048
1 2048
1 2048
0 37
0 770
0 139
0 33
1 2048
0 119
0 365
1 2048
2 2048
0 181
0 19
2 2048
2 2048
2 2048
0 213
1 2048
0 135
2 2048
1 2048
2 2048
1 2048
2 2048
1 2048
0 170
0 68
0 146
0 158
1 2048
0 362
1 2048
0 100
1 2048
1 2048
1 2048
1 2048
1 2048
2 2048
1 2048
0 1434
1 2048
1 2048
0 14
0 822
0 281
1 2048
2 2048
0 122
0 70
2 2048
2 2048
0 44
2 2048
0 75
1 2048
1 2048
1 2048
0 25
0 13
1 2048
1 2048
0 102
1 2048
1 2048
2 2048
2 2048
0 841
2 2048
0 521
0 132
0 19
1 2048
0 87
1 2048
0 78
2 2048
2 2048
1 2048
1 2048
0 433
1 2048
0 920
1 2048
0 218
0 694
0 678
1 2048
0 428
0 156
0 341
1 2048
0 32
1 2048
2 2048
0 142
0 411
2 2048
0 396
1 2048
0 172
4 2048
2 2048
0 12
1 2048
0 16
0 123
2 2048
0 68
0 1397
2 2048
1 2048
1 2048
0 207
0 141
1 2048
0 1501
0 208
1 2048
2 2048
1 2048
1 2048
1 2048
1 2048
1 2048
0 118
0 92
1 2048
0 511
1 2048
2 2048
1 2048
0 1425
0 45
0 1224
0 33
1 2048
0 319
0 38
2 2048
0 619
0 67
0 50
0 729
1 2048
2 2048
1 2048
1 2048
1 2048
0 43
0 1883
0 142
1 2048
0 29
1 2048
0 117
1 2048
1 2048
1 2048
2 2048
1 2048
1 2048
0 349
0 189
0 406
0 534
0 1504
0 377
1 2048
0 502
3 2048
0 1002
0 206
2 2048
0 97
1 2048
0 776
0 40
0 215
0 203
1 2048
1 2048
2 2048
0 130
1 2048
3 2048
3 2048
1 2048
0 56
1 2048
0 394
1 2048
1 2048
0 70
3 2048
1 2048
0 319
3 2048
0 325
1 2048
1 2048
0 133
0 101
0 249
0 656
0 50
0 181
0 767
1 2048
1 2048
0 1883
1 2048
1 2048
0 883
0 16
0 57
0 60
0 1275
0 54
0 348
0 245
0 260
0 144
1 2048
0 112
2 2048
0 470
1 2048
1 2048
2 2048
1 2048
0 365
2 2048
0 441
1 2048
2 2048
2 2048
1 2048
1 2048
1 2048
1 2048
0 72
2 2048
0 336
0 245
0 242
0 43
0 75
0 297
0 33
0 158
1 2048
1 2048
1 2048
1 2048
0 189
0 159
1 2048
0 250
1 2048
1 2048
1 2048
0 325
0 61
0 208
0 726
2 2048
0 193
1 2048
2 2048
0 259
0 189
0 324
1 2048
0 78
0 158
0 321
1 2048
0 319
3 2048
0 37
0 66
2 2048
0 145
1 2048
2 2048
1 2048
1 2048
2 2048
0 59
0 58
0 658
1 2048
1 2048
2 2048
3 2048
2 2048
1 2048
0 514
0 163
1 2048
1 2048
1 2048
0 68
1 2048
1 2048
0 184
0 684
0 105
1 2048
0 85
1 2048
1 2048
0 365
0 36
1 2048
1 2048
0 250
1 2048
1 2048
0 482
1 2048
0 193
0 104
0 103
0 47
1 2048
0 187
0 418
0 359
1 2048
0 76
0 1114
1 2048
1 2048
1 2048
0 363
0 420
0 302
1 2048
1 2048
0 259
0 436
1 2048
0 352
0 230
0 1256
1 2048
1 2048
0 425
0 106
2 2048
0 52
0 213
0 151
0 425
2 2048
1 2048
1 2048
1 2048
2 2048
0 342
0 341
3 2048
2 2048
0 48
1 2048
0 237
0 169
1 2048
0 186
1 2048
1 2048
0 230
0 564
0 351
0 51
1 2048
0 301
0 26
1 2048
1 2048
2 2048
0 122
1 2048
1 2048
0 246
0 52
0 553
1 2048
0 1751
0 199
4 2048
0 54
0 130
1 2048
0 50
2 2048
0 504
1 2048
0 23
1 2048
2 2048
1 2048
0 41
0 51
0 92
1 2048
2 2048
0 92
1 2048
1 2048
0 505
1 2048
0 271
0 413
0 1851
0 50
1 2048
2 2048
2 2048
2 2048
1 2048
1 2048
1 2048
0 74
1 2048
0 1737
0 72
1 2048
1 2048
1 2048
0 125
0 168
0 218
0 84
1 2048
1 2048
0 190
2 2048
0 55
0 96
1 2048
1 2048
2 2048
1 2048
1 2048
1 2048
1 2048
1 2048
1 2048
0 253
0 78
0 336
0 69
0 107
1 2048
1 2048
0 293
0 236
1 2048
0 135
0 202
1 2048
1 2048
0 102
0 271
1 2048
0 378
1 2048
0 273
2 2048
2 2048
1 2048
0 90
0 232
1 2048
0 160
0 86
1 2048
1 2048
0 104
1 2048
0 162
0 153
0 63
1 2048
2 2048
0 141
1 2048
0 272
0 28
1 2048
0 87
1 2048
1 2048
0 492
0 27
2 2048
0 32
0 342
0 640
0 60
0 709
1 2048
2 2048
0 85
0 24
1 2048
1 2048
0 30
0 256
1 2048
0 14
1 2048
1 2048
0 1970
0 557
2 2048
0 237
1 2048
0 45
0 639
0 166
0 395
3 2048
1 2048
0 87
2 2048
1 2048
0 176
1 2048
0 789
0 250
0 103
1 2048
1 2048
0 100
2 2048
0 450
0 44
0 239
1 2048
1 2048
1 2048
1 2048
0 823
0 27
0 134
1 2048
1 2048
3 2048
1 2048
0 37
0 82
0 50
0 32
1 2048
1 2048
1 2048
0 216
0 168
0 357
0 116
1 2048
1 2048
1 2048
1 2048
2 2048
0 142
1 2048
0 145
0 204
1 2048
1 2048
0 44
1 2048
1 2048
0 609
0 155
2 2048
1 2048
1 2048
1 2048
2 2048
1 2048
1 2048
0 123
2 2048
1 2048
0 272
1 2048
1 2048
4 2048
1 2048
0 297
1 2048
1 2048
0 908
1 2048
0 123
1 2048
0 225
1 2048
0 162
0 49
0 164
1 2048
1 2048
0 52
0 124
0 152
1 2048
0 487
0 100
1 2048
0 233
1 2048
1 2048
0 611
1 2048
0 703
1 2048
0 292
0 298
0 412
1 2048
0 349
1 2048
1 2048
0 325
2 2048
1 2048
0 134
0 202
0 1167
0 168
1 2048
0 152
1 2048
1 2048
0 32
0 97
0 768
2 2048
1 2048
0 14
0 149
0 93
1 2048
3 2048
1 2048
0 152
0 475
1 2048
1 2048
0 635
0 202
0 216
1 2048
0 125
0 302
1 2048
1 2048
0 44
1 2048
0 231
1 2048
2 2048
1 2048
1 2048
0 67
0 127
0 27
0 171
0 59
0 118
0 21
0 273
0 81
1 2048
0 346
0 88
2 2048
1 2048
0 52
0 898
0 63
1 2048
1 2048
0 983
0 183
1 2048
1 2048
1 2048
1 2048
1 2048
0 67
0 131
0 314
1 2048
0 272
2 2048
1 2048
0 1412
0 866
0 670
0 756
0 260
0 172
1 2048
0 208
0 148
2 2048
0 942
1 2048
1 2048
0 684
0 499
2 2048
1 2048
0 237
1 2048
1 2048
0 296
0 656
0 54
0 164
1 2048
1 2048
1 2048
1 2048
0 129
1 2048
2 2048
3 2048
0 379
1 2048
0 455
0 375
0 292
1 2048
1 2048
1 2048
1 2048
2 2048
0 119
1 2048
2 2048
1 2048
0 851
2 2048
0 24
0 33
1 2048
2 2048
0 869
1 2048
0 207
1 2048
0 396
0 429
0 108
0 211
2 2048
0 143
0 174
0 408
0 37
2 2048
0 87
0 65
0 40
2 2048
0 896
0 79
0 240
0 447
0 71
0 247
0 1031
1 2048
0 249
0 42
0 44
0 155
0 151
2 2048
0 1067
0 332
0 105
1 2048
1 2048
2 2048
0 270
1 2048
1 2048
2 2048
0 49
1 2048
1 2048
0 28
0 398
0 50
0 170
0 122
1 2048
1 2048
0 352
1 2048
0 107
0 53
0 175
1 2048
1 2048
0 128
0 598
0 333
0 406
2 2048
0 158
0 99
2 2048
1 2048
0 957
1 2048
0 108
1 2048
0 351
2 2048
0 268
0 267
0 164
0 166
0 195
0 121
1 2048
0 199
0 118
2 2048
1 2048
1 2048
1 2048
3 2048
0 803
1 2048
0 57
1 2048
2 2048
0 380
0 90
2 2048
1 2048
0 168
1 2048
0 621
0 21
1 2048
1 2048
1 2048
2 2048
0 216
2 2048
1 2048
0 802
0 199
0 148
0 78
2 2048
0 222
0 266
0 949
0 308
1 2048
2 2048
0 120
0 36
1 2048
0 35
1 2048
0 331
1 2048
0 142
1 2048
0 367
1 2048
0 805
0 315
0 276
0 1805
0 204
0 287
0 107
0 41
2 2048
0 413
1 2048
0 165
1 2048
0 127
2 2048
2 2048
0 155
0 449
0 26
0 554
0 88
0 78
1 2048
0 1089
0 107
1 2048
0 76
0 404
3 2048
1 2048
1 2048
0 126
2 2048
0 191
0 39
1 2048
1 2048
0 1087
1 2048
1 2048
0 75
0 756
0 175
0 574
1 2048
1 2048
1 2048
0 211
0 316
1 2048
0 31
0 65
1 2048
1 2048
0 268
0 217
0 376
1 2048
2 2048
0 58
0 132
0 595
0 24
1 2048
2 2048
2 2048
0 982
1 2048
0 529
0 49
0 28
0 311
0 160
0 208
1 2048
0 183
0 74
0 216
2 2048
0 1571
1 2048
0 208
0 305
1 2048
0 175
1 2048
1 2048
2 2048
0 195
0 22
1 2048
1 2048
0 108
1 2048
2 2048
1 2048
0 80
0 348
0 428
2 2048
1 2048
2 2048
1 2048
0 323
1 2048
1 2048
1 2048
1 2048
1 2048
1 2048
0 23
2 2048
1 2048
0 265
3 2048
1 2048
0 91
1 2048
1 2048
1 2048
2 2048
0 51
2 2048
2 2048
0 258
0 48
2 2048
0 467
0 76
0 351
0 76
1 2048
0 70
1 2048
3 2048
0 188
0 120
0 238
0 319
1 2048
0 53
0 133
2 2048
0 111
1 2048
0 1768
0 168
0 146
2 2048
0 44
0 487
0 76
0 186
2 2048
1 2048
1 2048
1 2048
2 2048
2 2048
2 2048
1 2048
0 36
2 2048
0 216
0 20
0 214
0 132
1 2048
0 217
0 35
5 2048
0 329
2 2048
0 735
1 2048
1 2048
1 2048
0 669
0 72
0 42
1 2048
0 173
1 2048
3 2048
1 2048
1 2048
2 2048
1 2048
0 48
0 328
0 10
0 125
1 2048
0 315
0 24
1 2048
0 418
2 2048
1 2048
0 622
1 2048
1 2048
0 404
2 2048
1 2048
0 559
2 2048
0 209
1 2048
1 2048
0 89
1 2048
0 349
1 2048
0 2042
1 2048
0 445
0 512
0 24
1 2048
2 2048
0 290
0 167
1 2048
3 2048
1 2048
1 2048
1 2048
1 2048
0 102
0 668
0 29
0 111
1 2048
1 2048
1 2048
0 413
0 289
0 35
0 90
0 93
1 2048
0 397
0 346
0 32
1 2048
0 21
0 50
0 546
3 2048
0 68
2 2048
1 2048
0 381
0 442
1 2048
0 82
1 2048
0 244
2 2048
0 263
0 188
0 298
0 1892
1 2048
0 59
1 2048
1 2048
0 500
0 312
0 131
2 2048
1 2048
0 228
1 2048
0 133
0 454
0 683
2 2048
0 63
0 621
1 2048
0 412
0 100
1 2048
2 2048
2 2048
0 112
0 141
1 2048
2 2048
0 247
1 2048
0 173
0 376
2 2048
0 56
1 2048
0 348
0 238
1 2048
0 28
0 13
0 295
1 2048
1 2048
0 435
0 198
0 57
1 2048
1 2048
0 91
0 61
0 511
1 2048
0 647
0 450
0 419
1 2048
1 2048
0 49
1 2048
0 47
0 223
0 259
1 2048
0 33
1 2048
0 236
0 306
1 2048
0 534
0 477
1 2048
1 2048
1 2048
0 205
0 112
1 2048
2 2048
1 2048
1 2048
3 2048
1 2048
0 18
0 261
2 2048
1 2048
1 2048
0 140
0 252
0 193
1 2048
1 2048
1 2048
0 774
0 189
0 81
1 2048
1 2048
0 1649
0 741
1 2048
0 23
1 2048
1 2048
1 2048
1 2048
0 112
1 2048
0 479
3 2048
2 2048
0 618
0 169
2 2048
0 213
0 411
0 773
1 2048
0 403
0 709
1 2048
0 65
2 2048
0 856
0 263
0 77
1 2048
1 2048
2 2048
0 18
1 2048
0 79
1 2048
0 124
0 915
0 198
1 2048
1 2048
1 2048
0 89
0 141
1 2048
0 267
1 2048
0 58
1 2048
0 460
0 251
1 2048
0 115
2 2048
2 2048
0 641
0 230
0 66
0 1878
1 2048
0 301
1 2048
1 2048
0 650
1 2048
2 2048
1 2048
1 2048
0 28
1 2048
0 46
0 139
0 25
0 68
0 112
3 2048
0 235
3 2048
0 211
1 2048
0 211
1 2048
0 32
0 612
2 2048
0 370
0 131
1 2048
0 254
0 956
1 2048
0 33
0 221
0 201
1 2048
1 2048
1 2048
1 2048
0 150
1 2048
0 262
0 208
0 372
0 53
1 2048
1 2048
0 208
0 211
2 2048
0 345
1 2048
0 152
0 452
0 233
0 18
1 2048
0 347
0 338
0 30
0 81
1 2048
2 2048
1 2048
0 428
1 2048
2 2048
1 2048
0 681
0 64
0 28
1 2048
1 2048
2 2048
1 2048
2 2048
0 81
0 156
0 114
0 164
0 83
1 2048
0 394
1 2048
0 582
1 2048
1 2048
0 187
1 2048
1 2048
2 2048
0 60
0 20
0 87
0 117
0 202
1 2048
2 2048
0 380
1 2048
0 212
2 2048
0 204
0 89
1 2048
0 52
2 2048
0 33
1 2048
1 2048
0 65
0 42
1 2048
1 2048
2 2048
1 2048
3 2048
0 119
0 91
0 124
0 150
1 2048
1 2048
0 585
0 135
3 2048
0 239
0 779
0 18
1 2048
0 271
2 2048
0 59
0 57
1 2048
2 2048
1 2048
1 2048
0 73
0 121
1 2048
2 2048
2 2048
0 38
1 2048
0 413
0 111
2 2048
0 441
1 2048
0 16
0 53
1 2048
0 198
1 2048
0 55
0 195
2 2048
0 23
2 2048
1 2048
1 2048
1 2048
0 65
1 2048
1 2048
0 1462
0 589
0 391
0 318
0 190
0 383
0 55
0 520
1 2048
1 2048
2 2048
0 570
0 1816
1 2048
0 112
1 2048
1 2048
2 2048
0 97
1 2048
0 392
1 2048
0 125
2 2048
0 52
0 180
1 2048
0 556
1 2048
1 2048
0 97
1 2048
0 296
0 238
0 32
0 140
0 138
3 2048
1 2048
1 2048
0 138
1 2048
0 95
1 2048
1 2048
0 51
0 197
0 35
1 2048
0 228
1 2048
1 2048
1 2048
0 43
2 2048
0 99
1 2048
1 2048
0 169
1 2048
0 140
0 319
0 181
1 2048
1 2048
1 2048
1 2048
2 2048
0 732
2 2048
1 2048
1 2048
0 80
0 66
1 2048
0 721
0 275
0 166
0 113
3 2048
0 147
0 178
0 316
1 2048
1 2048
1 2048
1 2048
1 2048
1 2048
0 466
2 2048
2 2048
0 548
1 2048
0 77
0 309
0 30
0 381
0 147
1 2048
2 2048
1 2048
0 34
1 2048
2 2048
0 933
1 2048
0 181
1 2048
2 2048
0 1765
0 31
1 2048
0 503
0 541
0 395
0 97
1 2048
0 237
0 366
1 2048
2 2048
2 2048
0 277
0 168
1 2048
1 2048
1 2048
3 2048
0 47
0 193
1 2048
1 2048
1 2048
0 43
0 60
0 23
0 257
1 2048
1 2048
2 2048
2 2048
1 2048
0 318
0 162
0 359
2 2048
2 2048
0 141
1 2048
0 84
1 2048
3 2048
2 2048
1 2048
1 2048
1 2048
0 63
0 1587
0 238
2 2048
1 2048
0 427
2 2048
1 2048
3 2048
0 62
1 2048
0 55
1 2048
1 2048
1 2048
1 2048
1 2048
0 126
1 2048
2 2048
1 2048
0 33
0 124
0 471
0 233
1 2048
0 418
0 186
1 2048
2 2048
2 2048
0 1820
0 17
0 97
2 2048
2 2048
1 2048
0 437
0 582
0 94
1 2048
0 223
2 2048
2 2048
0 541
2 2048
1 2048
0 1123
0 61
0 595
0 1742
1 2048
0 279
0 156
0 149
1 2048
0 22
2 2048
1 2048
0 72
2 2048
0 784
3 2048
1 2048
0 2024
1 2048
0 24
0 215
0 1246
0 171
0 308
0 51
0 37
1 2048
2 2048
0 223
2 2048
1 2048
1 2048
0 219
1 2048
2 2048
0 62
0 33
0 628
1 2048
0 100
0 1504
1 2048
1 2048
2 2048
1 2048
1 2048
0 80
2 2048
0 263
1 2048
0 88
2 2048
0 597
0 99
0 154
0 240
0 45
0 153
0 262
0 502
1 2048
0 123
0 236
0 56
0 165
0 33
0 57
0 146
1 2048
0 355
0 104
1 2048
0 60
2 2048
1 2048
0 40
1 2048
0 110
0 701
2 2048
0 75
0 117
1 2048
1 2048
0 120
0 1200
0 172
0 218
1 2048
0 72
1 2048
1 2048
0 1444
0 1244
1 2048
0 51
1 2048
0 61
1 2048
1 2048
2 2048
1 2048
0 66
0 257
0 749
0 86
0 95
0 625
0 51
0 150
0 57
1 2048
0 74
1 2048
0 15
1 2048
1 2048
3 2048
1 2048
1 2048
1 2048
0 212
0 64
0 118
1 2048
0 218
1 2048
0 36
1 2048
1 2048
1 2048
1 2048
1 2048
0 963
0 274
1 2048
2 2048
0 377
0 355
2 2048
1 2048
0 1068
0 659
1 2048
0 740
0 185
0 198
0 71
0 75
0 70
0 911
1 2048
0 164
0 64
2 2048
1 2048
0 91
1 2048
2 2048
2 2048
0 578
1 2048
0 254
0 112
0 402
0 472
0 2013
0 95
0 89
0 52
0 117
0 277
1 2048
0 478
1 2048
0 233
0 111
1 2048
1 2048
0 26
0 764
0 154
0 157
0 1120
2 2048
0 285
0 150
1 2048
0 206
1 2048
1 2048
0 33
1 2048
1 2048
0 850
1 2048
0 289
0 348
0 155
0 18
2 2048
3 2048
1 2048
0 217
0 688
0 209
1 2048
2 2048
0 548
1 2048
1 2048
0 48
0 28
1 2048
0 608
0 36
1 2048
1 2048
0 1047
0 67
1 2048
1 2048
0 88
0 63
0 66
1 2048
1 2048
0 78
0 643
3 2048
0 55
2 2048
0 44
1 2048
2 2048
0 285
1 2048
1 2048
0 1107
1 2048
2 2048
1 2048
0 30
1 2048
0 166
0 508
0 260
0 92
0 74
3 2048
0 268
1 2048
1 2048
0 100
0 371
1 2048
0 1150
0 593
0 302
3 2048
0 121
1 2048
0 403
1 2048
1 2048
1 2048
0 118
1 2048
2 2048
0 74
0 92
1 2048
1 2048
0 168
0 234
1 2048
3 2048
2 2048
0 521
1 2048
0 585
0 365
2 2048
2 2048
0 715
0 62
0 159
1 2048
0 180
1 2048
0 477
0 69
1 2048
2 2048
0 205
1 2048
0 69
1 2048
1 2048
1 2048
0 644
0 66
0 13
1 2048
0 225
0 202
0 318
3 2048
1 2048
1 2048
0 301
0 94
0 718
0 22
1 2048
0 155
0 453
1 2048
0 171
0 321
0 21
1 2048
2 2048
0 47
0 112
0 323
0 130
3 2048
0 36
0 24
0 296
0 206
0 161
0 29
1 2048
0 213
0 386
2 2048
1 2048
1 2048
2 2048
2 2048
0 282
0 86
0 28
2 2048
0 263
0 233
1 2048
1 2048
2 2048
2 2048
0 308
1 2048
0 1235
1 2048
1 2048
1 2048
0 265
1 2048
1 2048
1 2048
0 69
1 2048
1 2048
0 41
0 104
0 379
2 2048
0 334
0 39
0 165
0 32
1 2048
1 2048
0 272
0 145
3 2048
2 2048
1 2048
1 2048
1 2048
1 2048
0 527
0 93
1 2048
0 276
1 2048
1 2048
0 22
1 2048
1 2048
1 2048
2 2048
2 2048
0 963
1 2048
1 2048
0 42
3 2048
0 77
0 429
2 2048
1 2048
0 147
0 162
2 2048
0 208
0 224
1 2048
1 2048
0 89
0 1765
1 2048
0 282
0 86
0 1103
0 829
0 31
0 43
0 376
1 2048
0 19
0 115
0 179
0 30
0 76
1 2048
1 2048
0 194
0 14
0 927
1 2048
0 157
2 2048
2 2048
0 1889
0 736
0 652
1 2048
1 2048
0 15
0 168
0 322
0 99
1 2048
2 2048
0 122
0 285
0 338
1 2048
0 239
0 210
1 2048
2 2048
0 115
1 2048
1 2048
0 59
0 477
1 2048
0 185
1 2048
1 2048
0 213
0 79
1 2048
0 355
0 279
0 137
0 258
1 2048
1 2048
1 2048
1 2048
0 134
1 2048
0 224
1 2048
0 714
0 153
0 175
0 60
1 2048
0 274
2 2048
0 51
0 127
0 91
0 23
0 402
0 106
1 2048
0 153
0 93
1 2048
2 2048
0 203
1 2048
1 2048
0 36
1 2048
1 2048
3 2048
0 717
0 18
1 2048
0 589
2 2048
1 2048
3 2048
0 117
0 439
0 194
0 92
0 174
1 2048
0 143
1 2048
1 2048
1 2048
2 2048
1 2048
0 99
0 215
0 15
0 206
1 2048
0 62
0 19
0 34
0 171
1 2048
1 2048
1 2048
3 2048
1 2048
1 2048
1 2048
1 2048
1 2048
0 1613
0 945
0 97
0 124
1 2048
1 2048
3 2048
2 2048
1 2048
1 2048
0 229
1 2048
0 783
1 2048
2 2048
0 41
0 206
0 513
0 229
2 2048
1 2048
0 148
2 2048
1 2048
0 1418
0 813
0 1543
0 896
0 1199
0 136
0 395
0 281
0 204
1 2048
1 2048
0 235
1 2048
0 307
1 2048
0 397
0 545
0 87
0 65
1 2048
1 2048
0 1538
0 207
1 2048
1 2048
1 2048
0 91
0 497
0 376
1 2048
0 27
1 2048
0 34
1 2048
1 2048
1 2048
0 84
0 61
2 2048
0 110
0 66
0 988
1 2048
0 49
0 54
1 2048
0 57
1 2048
2 2048
0 1379
0 51
0 55
1 2048
0 110
0 199
1 2048
0 504
1 2048
0 62
0 551
0 126
1 2048
2 2048
0 189
1 2048
3 2048
2 2048
2 2048
0 80
1 2048
0 70
1 2048
1 2048
1 2048
0 716
0 95
0 427
0 237
0 324
1 2048
1 2048
0 45
0 521
0 95
0 154
0 187
0 332
0 892
1 2048
0 270
1 2048
0 344
0 114
1 2048
1 2048
0 27
0 172
0 613
0 375
0 89
0 318
0 410
3 2048
0 41
0 289
1 2048
1 2048
1 2048
1 2048
0 1450
1 2048
0 120
0 90
0 16
1 2048
0 150
2 2048
2 2048
1 2048
1 2048
1 2048
0 1885
1 2048
1 2048
0 61
0 107
1 2048
0 847
0 82
0 39
0 267
0 301
0 55
1 2048
0 112
0 66
1 2048
0 1026
2 2048
0 145
1 2048
1 2048
1 2048
2 2048
0 433
0 857
0 318
0 127
2 2048
0 126
0 24
0 471
0 153
0 1004
1 2048
0 29
0 206
0 110
0 161
1 2048
0 18
1 2048
0 74
0 55
0 49
0 24
0 159
0 250
1 2048
1 2048
0 54
0 1146
0 69
0 281
0 551
2 2048
0 433
2 2048
1 2048
1 2048
0 350
1 2048
0 73
0 143
0 142
0 261
0 45
0 376
0 95
1 2048
0 1708
0 231
0 236
0 288
3 2048
0 67
1 2048
1 2048
2 2048
0 70
0 37
2 2048
1 2048
0 200
3 2048
1 2048
0 12
1 2048
2 2048
0 92
0 20
0 73
0 1657
1 2048
1 2048
0 122
1 2048
1 2048
0 176
1 2048
1 2048
1 2048
0 109
1 2048
0 54
0 335
1 2048
0 542
0 51
1 2048
0 441
0 132
1 2048
0 261
0 214
0 199
2 2048
0 52
0 317
0 78
0 35
0 288
0 103
1 2048
1 2048
0 694
2 2048
0 122
0 232
1 2048
0 283
1 2048
0 719
0 84
0 394
1 2048
1 2048
0 80
0 231
1 2048
1 2048
2 2048
0 99
0 113
1 2048
0 182
0 13
0 109
0 179
0 511
0 196
0 352
1 2048
0 109
0 86
0 127
1 2048
0 81
1 2048
0 1627
0 25
1 2048
1 2048
0 383
0 61
1 2048
0 88
0 10
0 249
1 2048
1 2048
0 102
1 2048
0 136
2 2048
0 127
0 331
0 1589
0 84
1 2048
2 2048
0 60
1 2048
0 130
1 2048
0 252
1 2048
1 2048
4 2048
1 2048
1 2048
0 1002
4 2048
3 2048
2 2048
1 2048
0 402
0 234
1 2048
2 2048
0 463
0 44
1 2048
0 134
1 2048
0 418
0 12
0 1172
1 2048
1 2048
2 2048
1 2048
0 728
0 70
1 2048
0 65
3 2048
1 2048
2 2048
0 242
0 532
0 499
1 2048
2 2048
1 2048
0 484
0 136
0 271
0 21
1 2048
1 2048
2 2048
0 175
1 2048
1 2048
1 2048
1 2048
0 984
0 299
0 180
3 2048
1 2048
1 2048
1 2048
1 2048
2 2048
0 78
0 20
1 2048
0 29
0 220
0 383
3 2048
0 619
0 177
1 2048
0 525
1 2048
0 962
0 101
2 2048
1 2048
0 40
1 2048
0 37
1 2048
0 502
0 21
0 119
0 33
0 24
1 2048
0 361
0 349
0 62
3 2048
0 515
0 42
2 2048
0 657
0 109
0 111
1 2048
0 49
0 164
0 129
0 256
0 1584
1 2048
0 421
0 1702
0 405
0 106
0 545
0 460
0 94
0 240
0 753
0 277
0 70
0 64
1 2048
1 2048
0 326
0 124
1 2048
0 732
0 67
0 306
1 2048
0 242
3 2048
0 1249
0 310
0 666
0 110
1 2048
0 372
0 1338
0 445
1 2048
0 1820
1 2048
1 2048
0 10
1 2048
1 2048
0 127
0 45
0 60
0 1107
0 301
0 97
0 376
1 2048
0 166
3 2048
0 64
1 2048
1 2048
0 1653
0 78
0 195
2 2048
0 949
0 1406
0 357
1 2048
0 400
3 2048
2 2048
0 100
0 93
2 2048
1 2048
0 171
1 2048
1 2048
2 2048
0 175
0 261
0 597
2 2048
0 364
0 14
0 257
1 2048
2 2048
1 2048
1 2048
0 222
0 29
1 2048
1 2048
1 2048
2 2048
0 490
1 2048
2 2048
0 80
0 622
2 2048
0 63
0 103
1 2048
1 2048
2 2048
0 233
0 295
0 191
2 2048
0 207
0 393
0 330
1 2048
0 273
2 2048
1 2048
1 2048
2 2048
1 2048
1 2048
0 510
2 2048
0 27
1 2048
2 2048
0 225
0 990
0 343
0 16
0 1049
1 2048
1 2048
0 306
1 2048
0 45
1 2048
0 491
3 2048
1 2048
0 346
0 581
0 100
2 2048
0 891
0 72
0 526
0 56
0 149
0 146
1 2048
1 2048
1 2048
0 89
0 14
0 31
0 172
0 106
1 2048
0 210
1 2048
0 65
1 2048
0 56
3 2048
0 401
1 2048
1 2048
0 470
0 53
0 381
1 2048
1 2048
2 2048
4 2048
0 176
1 2048
0 46
0 68
0 151
2 2048
1 2048
1 2048
0 174
2 2048
0 274
1 2048
0 564
2 2048
0 292
0 679
1 2048
3 2048
4 2048
0 26
0 1304
0 232
0 480
2 2048
0 308
0 1883
1 2048
1 2048
2 2048
0 336
0 378
1 2048
2 2048
0 263
0 53
1 2048
1 2048
1 2048
1 2048
0 128
1 2048
0 118
1 2048
0 156
0 83
0 282
0 49
0 191
1 2048
0 26
2 2048
0 107
0 329
0 400
0 49
1 2048
1 2048
2 2048
0 856
1 2048
0 800
0 85
1 2048
0 95
0 234
1 2048
1 2048
1 2048
1 2048
1 2048
0 287
1 2048
1 2048
1 2048
1 2048
2 2048
0 9
0 404
0 73
2 2048
0 234
0 569
2 2048
1 2048
0 55
2 2048
0 285
0 256
0 99
0 20
0 68
1 2048
0 309
1 2048
0 69
2 2048
0 1159
1 2048
1 2048
2 2048
0 134
1 2048
1 2048
0 516
1 2048
0 359
2 2048
0 344
1 2048
1 2048
0 28
0 432
2 2048
1 2048
1 2048
1 2048
0 1262
0 261
0 151
1 2048
0 64
2 2048
1 2048
2 2048
2 2048
0 197
0 1623
0 880
2 2048
0 151
1 2048
0 112
0 191
0 740
1 2048
0 58
0 392
1 2048
0 112
1 2048
0 236
0 107
1 2048
1 2048
0 110
0 229
2 2048
0 110
0 63
1 2048
1 2048
0 98
0 384
0 162
1 2048
0 517
3 2048
0 695
2 2048
1 2048
0 32
0 11
2 2048
0 28
1 2048
0 12
1 2048
1 2048
0 55
0 144
0 89
1 2048
1 2048
1 2048
0 187
2 2048
0 161
0 1264
1 2048
0 84
1 2048
0 789
1 2048
2 2048
1 2048
0 155
1 2048
0 1678
1 2048
1 2048
1 2048
2 2048
1 2048
1 2048
0 325
2 2048
1 2048
0 79
0 203
0 112
0 362
2 2048
2 2048
1 2048
1 2048
1 2048
0 223
1 2048
0 449
1 2048
0 2020
1 2048
0 426
1 2048
1 2048
0 482
0 277
3 2048
0 349
0 170
1 2048
0 84
1 2048
1 2048
0 89
0 1085
0 41
0 1500
0 33
0 63
1 2048
1 2048
0 260
2 2048
2 2048
0 436
2 2048
1 2048
2 2048
0 141
0 168
0 181
1 2048
0 149
0 38
0 87
0 170
2 2048
0 370
2 2048
0 202
2 2048
1 2048
0 715
3 2048
0 400
0 49
1 2048
0 512
1 2048
1 2048
1 2048
2 2048
0 119
1 2048
2 2048
3 2048
0 127
0 1958
1 2048
1 2048
0 133
0 54
1 2048
0 1213
1 2048
0 621
1 2048
0 41
2 2048
1 2048
0 46
0 183
2 2048
0 342
1 2048
5 2048
3 2048
1 2048
0 703
3 2048
2 2048
1 2048
0 487
1 2048
1 2048
1 2048
1 2048
1 2048
0 228
0 659
1 2048
1 2048
0 326
1 2048
1 2048
1 2048
0 1438
0 574
1 2048
1 2048
1 2048
1 2048
0 496
0 75
0 42
1 2048
0 330
2 2048
0 201
1 2048
0 100
1 2048
2 2048
0 295
1 2048
2 2048
0 219
0 186
0 226
1 2048
1 2048
0 55
0 906
1 2048
2 2048
0 300
1 2048
0 34
1 2048
0 811
0 111
1 2048
1 2048
1 2048
2 2048
0 70
0 82
0 351
0 73
0 304
1 2048
1 2048
0 91
1 2048
1 2048
1 2048
1 2048
1 2048
1 2048
2 2048
0 107
0 279
2 2048
1 2048
0 189
1 2048
2 2048
1 2048
1 2048
1 2048
0 28
2 2048
0 44
2 2048
2 2048
1 2048
0 1518
0 155
0 122
1 2048
0 149
0 114
1 2048
1 2048
0 483
1 2048
0 412
0 279
0 2031
0 279
1 2048
2 2048
2 2048
0 269
0 201
0 176
1 2048
1 2048
0 199
1 2048
0 349
0 749
1 2048
0 360
1 2048
0 61
2 2048
0 425
0 34
2 2048
2 2048
1 2048
3 2048
0 676
0 646
1 2048
0 561
0 94
2 2048
0 415
1 2048
1 2048
0 390
0 38
1 2048
0 62
0 61
0 356
0 199
0 132
1 2048
0 60
0 186
0 69
0 1949
1 2048
0 101
0 109
1 2048
1 2048
1 2048
0 167
0 24
1 2048
1 2048
0 69
0 123
0 130
1 2048
1 2048
0 92
1 2048
0 1258
0 42
0 126
0 1658
1 2048
0 38
1 2048
0 353
0 205
1 2048
0 543
1 2048
0 23
0 549
0 127
1 2048
1 2048
2 2048
2 2048
0 109
0 74
0 211
0 108
2 2048
1 2048
0 167
1 2048
2 2048
1 2048
0 96
1 2048
0 799
0 594
0 1797
1 2048
0 423
0 28
0 269
1 2048
0 113
0 681
0 278
1 2048
1 2048
0 436
1 2048
1 2048
2 2048
0 207
2 2048
0 302
1 2048
0 1085
0 92
1 2048
0 51
2 2048
1 2048
1 2048
2 2048
1 2048
0 482
1 2048
1 2048
0 808
2 2048
2 2048
1 2048
1 2048
1 2048
0 502
0 56
0 97
1 2048
2 2048
0 46
0 81
1 2048
1 2048
1 2048
0 13
0 58
2 2048
1 2048
0 53
1 2048
0 122
1 2048
2 2048
0 112
1 2048
2 2048
1 2048
1 2048
0 11
1 2048
2 2048
0 20
2 2048
0 132
1 2048
0 1628
1 2048
0 132
0 145
0 211
2 2048
2 2048
1 2048
0 490
2 2048
2 2048
0 596
0 432
1 2048
1 2048
2 2048
0 233
0 38
0 86
1 2048
2 2048
1 2048
0 105
0 47
1 2048
1 2048
0 139
0 68
1 2048
0 1229
2 2048
0 420
1 2048
2 2048
0 67
0 454
2 2048
1 2048
1 2048
0 231
0 18
0 263
0 155
2 2048
1 2048
1 2048
1 2048
1 2048
3 2048
1 2048
0 34
2 2048
0 104
0 104
2 2048
0 1003
0 84
1 2048
1 2048
0 81
0 176
1 2048
0 75
0 40
0 118
0 112
1 2048
0 645
1 2048
0 349
0 305
0 91
0 214
0 67
1 2048
1 2048
1 2048
0 215
0 242
0 56
0 130
0 1335
0 55
1 2048
0 1278
2 2048
2 2048
0 598
0 92
1 2048
1 2048
0 49
2 2048
0 45
1 2048
0 66
0 270
3 2048
1 2048
2 2048
1 2048
0 32
1 2048
1 2048
1 2048
1 2048
1 2048
2 2048
1 2048
1 2048
0 143
0 1541
1 2048
0 112
0 116
0 22
0 158
0 172
1 2048
0 157
1 2048
0 373
1 2048
1 2048
0 884
1 2048
0 162
0 52
1 2048
1 2048
0 354
2 2048
0 28
0 363
0 250
0 292
1 2048
0 227
0 135
0 572
0 353
0 434
0 54
0 81
2 2048
1 2048
0 1348
0 339
0 60
1 2048
0 320
1 2048
0 206
0 638
0 88
1 2048
2 2048
0 63
0 56
1 2048
1 2048
0 719
3 2048
0 76
0 554
0 212
0 57
0 487
1 2048
1 2048
1 2048
0 333
2 2048
0 426
1 2048
0 247
1 2048
2 2048
1 2048
1 2048
2 2048
0 334
1 2048
1 2048
2 2048
0 502
1 2048
0 193
0 392
0 33
1 2048
0 90
0 68
0 561
2 2048
2 2048
1 2048
1 2048
0 205
0 332
1 2048
1 2048
1 2048
1 2048
0 248
0 541
0 1363
1 2048
0 632
1 2048
2 2048
0 359
1 2048
0 402
1 2048
1 2048
2 2048
0 681
1 2048
1 2048
1 2048
0 36
0 215
0 309
0 192
1 2048
0 433
0 27
0 209
0 97
0 293
0 126
1 2048
1 2048
3 2048
1 2048
0 77
0 73
0 39
0 121
1 2048
0 54
2 2048
0 717
1 2048
0 65
0 868
0 111
0 613
1 2048
1 2048
1 2048
1 2048
1 2048
2 2048
2 2048
0 33
1 2048
2 2048
0 720
0 22
2 2048
2 2048
1 2048
1 2048
0 1211
1 2048
0 294
2 2048
2 2048
0 16
2 2048
0 174
0 310
2 2048
0 956
1 2048
1 2048
0 92
0 213
0 12
1 2048
0 52
1 2048
0 49
1 2048
0 1282
0 1826
1 2048
2 2048
2 2048
0 168
0 160
2 2048
0 218
0 38
1 2048
0 97
0 195
3 2048
1 2048
2 2048
0 224
1 2048
0 368
2 2048
0 142
0 332
0 198
1 2048
2 2048
0 150
0 124
1 2048
0 120
4 2048
1 2048
0 346
0 464
1 2048
1 2048
1 2048
0 444
3 2048
2 2048
0 130
1 2048
1 2048
3 2048
0 446
0 145
0 107
1 2048
0 266
0 32
2 2048
2 2048
0 101
0 174
0 33
1 2048
1 2048
0 27
1 2048
0 958
0 1967
1 2048
0 52
1 2048
1 2048
2 2048
0 1917
0 456
0 168
1 2048
0 322
1 2048
0 398
0 38
2 2048
1 2048
1 2048
0 144
0 209
2 2048
0 176
0 35
2 2048
3 2048
2 2048
0 218
2 2048
0 85
2 2048
1 2048
0 70
1 2048
1 2048
0 430
1 2048
1 2048
0 121
1 2048
0 108
1 2048
0 51
2 2048
1 2048
0 258
0 136
3 2048
1 2048
1 2048
0 787
1 2048
1 2048
1 2048
2 2048
0 398
0 190
1 2048
0 130
1 2048
0 95
1 2048
0 677
0 197
0 550
0 255
0 718
2 2048
1 2048
2 2048
1 2048
0 131
1 2048
1 2048
0 679
1 2048
0 226
1 2048
0 465
2 2048
0 45
1 2048
0 102
0 411
0 22
2 2048
1 2048
1 2048
2 2048
1 2048
2 2048
0 95
2 2048
1 2048
1 2048
0 362
3 2048
0 27
0 27
2 2048
0 134
1 2048
1 2048
0 169
1 2048
0 1234
1 2048
2 2048
0 153
0 127
2 2048
1 2048
1 2048
1 2048
2 2048
0 76
2 2048
1 2048
0 171
0 54
0 112
1 2048
1 2048
0 202
0 355
1 2048
0 1303
0 131
1 2048
0 26
0 385
1 2048
0 105
1 2048
2 2048
1 2048
1 2048
0 35
0 62
1 2048
0 221
0 91
1 2048
0 667
2 2048
0 163
0 145
1 2048
0 70
0 74
1 2048
3 2048
1 2048
0 351
0 140
1 2048
0 228
0 1181
1 2048
1 2048
2 2048
0 86
2 2048
1 2048
0 176
0 82
1 2048
2 2048
2 2048
0 392
0 184
1 2048
1 2048
0 393
0 842
0 66
0 97
1 2048
2 2048
0 431
0 108
0 340
1 2048
1 2048
0 61
1 2048
2 2048
1 2048
0 240
0 56
0 743
0 81
1 2048
1 2048
0 638
2 2048
0 167
1 2048
0 15
1 2048
0 261
0 125
1 2048
2 2048
0 244
0 591
1 2048
0 511
0 651
0 279
2 2048
1 2048
0 330
2 2048
0 32
0 155
0 375
0 514
0 261
0 40
0 16
0 445
0 97
1 2048
0 127
1 2048
0 178
0 21
0 291
2 2048
2 2048
1 2048
0 181
0 45
1 2048
1 2048
0 91
1 2048
0 719
0 226
2 2048
1 2048
0 79
3 2048
2 2048
0 267
0 92
0 403
1 2048
0 55
1 2048
0 482
2 2048
1 2048
0 63
2 2048
0 306
0 556
2 2048
1 2048
1 2048
0 131
0 345
0 126
1 2048
1 2048
1 2048
1 2048
0 1074
0 61
1 2048
1 2048
0 47
1 2048
1 2048
0 189
0 541
0 997
0 1334
0 185
0 37
0 189
1 2048
1 2048
0 349
1 2048
0 182
0 133
0 77
0 363
1 2048
0 208
1 2048
2 2048
0 17
0 46
1 2048
0 64
1 2048
0 27
2 2048
1 2048
0 30
0 102
0 60
1 2048
0 182
0 99
1 2048
0 37
3 2048
1 2048
0 137
1 2048
0 442
1 2048
1 2048
0 183
1 2048
1 2048
1 2048
2 2048
0 1163
2 2048
0 140
0 1357
1 2048
1 2048
1 2048
0 220
1 2048
0 61
0 56
0 204
0 877
2 2048
1 2048
1 2048
1 2048
1 2048
1 2048
1 2048
1 2048
0 84
0 94
0 225
1 2048
1 2048
0 1805
1 2048
0 113
0 204
2 2048
1 2048
0 265
1 2048
0 117
0 245
1 2048
1 2048
0 83
2 2048
0 118
0 55
1 2048
0 232
2 2048
1 2048
5 2048
1 2048
0 105
1 2048
2 2048
0 206
0 137
1 2048
0 507
0 187
0 77
1 2048
0 190
0 407
3 2048
0 36
0 54
0 37
0 52
1 2048
0 156
2 2048
0 609
1 2048
0 117
2 2048
1 2048
1 2048
0 674
2 2048
1 2048
0 298
0 138
1 2048
1 2048
0 136
0 208
0 56
1 2048
0 500
0 477
0 1607
0 66
1 2048
0 88
1 2048
0 317
1 2048
0 156
0 119
2 2048
2 2048
0 111
0 442
0 1522
0 271
1 2048
2 2048
0 1147
0 41
0 1357
0 195
1 2048
1 2048
1 2048
0 24
1 2048
0 71
0 488
0 169
1 2048
0 225
1 2048
0 236
0 154
0 175
0 790
0 179
2 2048
0 1480
0 76
0 266
1 2048
1 2048
1 2048
1 2048
0 517
0 32
0 624
0 73
0 281
0 57
0 138
3 2048
1 2048
0 75
1 2048
0 27
0 68
1 2048
0 120
1 2048
0 133
0 581
0 163
1 2048
0 81
1 2048
0 420
0 240
0 1490
0 37
1 2048
2 2048
1 2048
1 2048
0 73
0 39
0 111
1 2048
1 2048
1 2048
0 337
0 1026
1 2048
1 2048
1 2048
1 2048
0 136
0 52
0 47
0 27
1 2048
0 128
0 1063
0 84
0 1459
0 16
0 475
0 208
0 69
1 2048
1 2048
1 2048
0 81
2 2048
0 518
0 25
0 44
1 2048
1 2048
2 2048
0 415
0 141
0 589
0 176
0 33
1 2048
0 78
0 561
0 150
2 2048
1 2048
0 77
4 2048
0 527
0 841
0 518
0 48
0 578
0 99
1 2048
0 59
1 2048
0 1939
0 205
0 18
1 2048
0 153
1 2048
0 61
0 216
0 298
0 373
2 2048
0 496
0 261
0 1133
1 2048
1 2048
0 299
1 2048
0 85
2 2048
1 2048
0 1369
0 157
0 30
1 2048
0 485
2 2048
0 164
0 636
1 2048
1 2048
1 2048
2 2048
0 1735
0 381
2 2048
0 194
0 159
0 56
0 226
0 990
1 2048
0 318
0 793
1 2048
0 119
0 190
0 31
0 179
0 69
1 2048
0 168
1 2048
0 91
2 2048
1 2048
0 267
1 2048
0 588
1 2048
1 2048
0 51
0 156
0 43
0 624
0 56
1 2048
0 195
0 493
1 2048
0 96
1 2048
2 2048
2 2048
0 72
3 2048
2 2048
0 44
0 131
1 2048
1 2048
1 2048
0 51
0 44
1 2048
1 2048
1 2048
0 437
0 442
0 294
0 232
0 416
1 2048
1 2048
1 2048
0 237
0 203
0 105
0 892
2 2048
1 2048
2 2048
0 9
2 2048
0 268
0 21
1 2048
1 2048
0 35
3 2048
1 2048
1 2048
0 305
1 2048
0 154
0 232
1 2048
0 97
2 2048
0 1085
2 2048
2 2048
1 2048
0 308
0 102
0 451
0 235
0 186
1 2048
1 2048
0 603
0 147
0 66
1 2048
0 167
1 2048
1 2048
1 2048
4 2048
0 41
2 2048
0 749
0 65
1 2048
1 2048
0 293
1 2048
2 2048
0 637
2 2048
1 2048
0 291
1 2048
0 25
0 54
1 2048
0 455
0 1205
3 2048
0 392
1 2048
0 144
0 20
0 23
0 62
2 2048
1 2048
1 2048
0 178
1 2048
0 107
0 110
0 21
2 2048
2 2048
0 42
0 171
1 2048
0 255
1 2048
1 2048
1 2048
0 901
1 2048
2 2048
3 2048
0 224
0 94
0 233
1 2048
0 1922
1 2048
0 165
1 2048
1 2048
2 2048
2 2048
0 39
0 261
0 360
1 2048
2 2048
0 22
0 19
0 291
2 2048
3 2048
0 1488
1 2048
0 90
2 2048
0 268
1 2048
0 439
0 419
0 95
0 251
2 2048
1 2048
0 130
0 31
1 2048
1 2048
0 34
3 2048
2 2048
1 2048
0 343
0 347
0 75
0 18
0 408
0 719
0 1024
1 2048
0 226
1 2048
0 148
1 2048
1 2048
0 67
3 2048
1 2048
2 2048
0 20
1 2048
1 2048
0 14
2 2048
1 2048
1 2048
2 2048
1 2048
1 2048
0 85
0 284
1 2048
2 2048
1 2048
2 2048
0 116
1 2048
0 331
4 2048
0 645
1 2048
0 1328
1 2048
1 2048
1 2048
1 2048
3 2048
0 15
1 2048
0 215
0 45
1 2048
1 2048
1 2048
2 2048
0 748
1 2048
1 2048
0 98
1 2048
0 74
0 33
0 26
0 308
1 2048
0 98
1 2048
0 80
4 2048
0 42
0 1189
1 2048
1 2048
2 2048
0 140
0 886
1 2048
0 105
0 461
0 57
2 2048
2 2048
0 167
0 2012
0 132
0 220
1 2048
1 2048
0 46
0 25
0 49
1 2048
0 182
0 1669
2 2048
0 363
2 2048
0 512
2 2048
0 48
0 1064
0 522
0 120
0 125
0 254
0 189
0 108
1 2048
0 71
0 109
0 540
2 2048
0 1448
1 2048
0 69
0 114
1 2048
1 2048
2 2048
2 2048
0 49
0 164
1 2048
0 591
0 72
0 892
1 2048
0 1696
1 2048
1 2048
1 2048
0 317
0 158
1 2048
0 49
1 2048
1 2048
0 307
1 2048
0 154
0 53
1 2048
0 14
1 2048
0 56
0 277
0 323
2 2048
1 2048
0 1108
2 2048
2 2048
1 2048
0 124
1 2048
0 116
1 2048
0 287
0 24
1 2048
0 549
0 292
1 2048
1 2048
0 84
1 2048
1 2048
0 71
1 2048
0 413
0 1276
0 269
1 2048
3 2048
0 73
0 103
0 859
1 2048
1 2048
0 383
1 2048
3 2048
1 2048
0 72
0 40
1 2048
1 2048
0 77
1 2048
0 200
1 2048
0 119
1 2048
0 377
0 243
0 225
0 95
1 2048
3 2048
0 1389
1 2048
0 696
1 2048
0 633
1 2048
0 34
0 249
1 2048
0 70
0 292
0 398
0 421
1 2048
0 1850
0 62
0 453
0 378
1 2048
0 299
0 78
0 267
0 19
0 1673
1 2048
0 273
1 2048
0 181
2 2048
1 2048
0 27
0 59
0 40
1 2048
0 126
1 2048
1 2048
0 74
0 89
1 2048
1 2048
1 2048
0 56
1 2048
2 2048
0 426
0 1781
0 242
1 2048
0 193
1 2048
1 2048
0 226
0 115
1 2048
0 236
4 2048
2 2048
0 284
1 2048
0 396
3 2048
1 2048
0 299
2 2048
1 2048
1 2048
0 646
1 2048
0 158
1 2048
0 81
1 2048
0 57
0 482
0 324
2 2048
1 2048
3 2048
0 407
2 2048
0 1098
2 2048
0 224
0 61
0 98
1 2048
1 2048
1 2048
3 2048
0 19
2 2048
0 214
0 339
2 2048
0 264
0 637
0 461
0 93
0 177
2 2048
1 2048
2 2048
0 204
0 323
1 2048
0 19
0 165
0 469
0 83
0 266
3 2048
0 93
0 138
2 2048
0 87
0 39
2 2048
2 2048
0 23
0 204
1 2048
0 186
2 2048
0 437
0 100
0 181
1 2048
3 2048
1 2048
0 252
1 2048
0 37
0 1323
0 187
1 2048
1 2048
0 21
0 180
0 371
1 2048
1 2048
0 200
2 2048
1 2048
1 2048
1 2048
0 210
1 2048
1 2048
2 2048
0 90
2 2048
0 75
0 64
1 2048
0 36
1 2048
0 429
1 2048
1 2048
1 2048
0 544
1 2048
1 2048
2 2048
0 419
1 2048
1 2048
0 163
1 2048
1 2048
1 2048
0 58
3 2048
1 2048
1 2048
1 2048
3 2048
1 2048
1 2048
1 2048
0 349
1 2048
0 144
1 2048
0 192
1 2048
0 177
1 2048
0 600
0 120
0 23
1 2048
1 2048
1 2048
0 1635
1 2048
1 2048
0 210
1 2048
0 59
2 2048
2 2048
0 39
1 2048
0 98
0 25
1 2048
1 2048
0 226
1 2048
0 104
1 2048
1 2048
1 2048
3 2048
0 104
1 2048
2 2048
0 177
0 176
0 174
0 112
2 2048
0 309
1 2048
2 2048
1 2048
0 267
0 1086
1 2048
0 699
0 49
2 2048
1 2048
0 305
0 237
0 756
1 2048
1 2048
0 199
0 752
0 110
1 2048
3 2048
0 25
0 876
0 172
1 2048
0 24
0 664
0 300
0 122
0 194
2 2048
1 2048
0 137
2 2048
1 2048
1 2048
2 2048
1 2048
0 351
1 2048
3 2048
0 77
0 62
0 127
2 2048
0 145
0 174
0 103
2 2048
0 188
0 232
0 169
1 2048
1 2048
1 2048
0 73
2 2048
0 368
0 1787
1 2048
1 2048
1 2048
0 707
1 2048
1 2048
1 2048
2 2048
0 316
0 74
0 1515
0 109
2 2048
1 2048
2 2048
0 269
1 2048
0 800
0 17
0 63
0 119
1 2048
1 2048
1 2048
0 593
0 124
0 202
0 105
1 2048
0 353
1 2048
0 87
1 2048
0 77
1 2048
2 2048
0 52
1 2048
4 2048
1 2048
1 2048
0 51
0 331
2 2048
1 2048
1 2048
0 86
0 722
0 268
1 2048
4 2048
1 2048
2 2048
2 2048
2 2048
1 2048
2 2048
2 2048
1 2048
2 2048
1 2048
0 192
0 307
0 420
0 413
0 23
1 2048
0 508
1 2048
0 199
1 2048
0 92
1 2048
2 2048
0 118
1 2048
0 103
0 331
2 2048
1 2048
0 94
0 418
1 2048
0 73
0 305
0 115
0 102
0 76
0 376
0 462
1 2048
0 644
0 506
0 55
0 477
1 2048
0 723
1 2048
2 2048
0 138
1 2048
0 95
1 2048
0 219
2 2048
1 2048
0 12
2 2048
0 37
2 2048
0 190
0 55
1 2048
2 2048
0 433
0 230
1 2048
1 2048
1 2048
0 308
1 2048
0 242
0 278
0 271
0 152
0 101
1 2048
0 37
0 397
0 57
0 122
1 2048
1 2048
3 2048
0 1423
1 2048
2 2048
2 2048
0 699
1 2048
0 250
2 2048
2 2048
0 132
0 587
0 357
0 946
1 2048
0 423
1 2048
0 532
0 539
2 2048
1 2048
0 227
0 420
0 105
1 2048
0 301
0 95
1 2048
0 116
2 2048
2 2048
1 2048
1 2048
0 24
0 138
0 141
1 2048
2 2048
2 2048
0 29
0 451
1 2048
0 45
0 497
1 2048
1 2048
2 2048
1 2048
2 2048
3 2048
3 2048
0 30
0 300
1 2048
1 2048
1 2048
0 124
1 2048
1 2048
0 468
0 1531
0 107
2 2048
1 2048
0 50
1 2048
0 347
3 2048
0 326
0 522
0 189
0 190
0 208
0 95
1 2048
1 2048
1 2048
3 2048
0 1123
0 40
0 38
0 241
1 2048
0 1050
1 2048
1 2048
0 86
1 2048
0 460
1 2048
2 2048
0 42
3 2048
0 97
0 129
0 475
1 2048
2 2048
0 49
1 2048
1 2048
1 2048
1 2048
0 28
2 2048
1 2048
1 2048
0 533
0 243
1 2048
0 272
1 2048
1 2048
0 323
1 2048
3 2048
1 2048
0 157
0 52
0 13
0 85
0 17
0 168
0 147
0 18
2 2048
1 2048
0 228
3 2048
0 103
1 2048
1 2048
1 2048
0 142
1 2048
0 245
1 2048
0 335
2 2048
0 30
1 2048
0 113
0 136
0 120
0 597
2 2048
1 2048
0 88
0 679
2 2048
3 2048
0 43
1 2048
0 566
0 242
1 2048
0 186
1 2048
0 929
1 2048
3 2048
2 2048
0 1282
1 2048
0 53
1 2048
0 207
0 218
1 2048
1 2048
0 143
1 2048
2 2048
0 1138
1 2048
1 2048
0 140
0 198
0 202
0 148
1 2048
0 681
0 139
0 28
0 124
0 92
0 331
0 128
2 2048
0 199
0 61
0 1276
0 232
0 218
0 88
0 1383
0 442
1 2048
0 428
2 2048
0 75
0 120
0 619
0 188
0 227
1 2048
1 2048
1 2048
0 122
1 2048
0 1657
2 2048
1 2048
1 2048
2 2048
1 2048
0 275
2 2048
0 70
1 2048
0 343
1 2048
0 134
2 2048
1 2048
0 529
0 566
0 48
1 2048
1 2048
0 1770
0 247
1 2048
1 2048
0 177
1 2048
0 31
1 2048
3 2048
2 2048
0 359
1 2048
0 1219
1 2048
0 64
2 2048
2 2048
1 2048
1 2048
2 2048
2 2048
1 2048
1 2048
0 115
1 2048
0 112
1 2048
2 2048
0 273
1 2048
3 2048
1 2048
2 2048
1 2048
0 132
1 2048
1 2048
3 2048
3 2048
1 2048
1 2048
0 302
1 2048
2 2048
0 101
1 2048
0 34
1 2048
1 2048
0 38
0 757
1 2048
0 53
2 2048
1 2048
1 2048
2 2048
0 465
2 2048
0 121
1 2048
1 2048
0 31
2 2048
0 126
0 661
0 508
1 2048
0 86
2 2048
1 2048
0 279
1 2048
0 416
1 2048
1 2048
3 2048
0 214
0 517
0 13
0 535
1 2048
0 23
0 193
0 44
1 2048
0 125
0 326
1 2048
0 314
0 446
1 2048
1 2048
1 2048
0 518
1 2048
1 2048
0 133
1 2048
0 317
0 50
0 165
0 100
0 764
2 2048
1 2048
1 2048
0 30
1 2048
0 81
2 2048
0 30
0 245
0 727
0 1010
0 32
0 178
0 114
0 400
1 2048
1 2048
0 987
0 198
0 129
0 637
2 2048
0 137
2 2048
0 51
2 2048
1 2048
0 213
1 2048
0 378
0 327
0 17
1 2048
1 2048
0 1028
0 177
0 184
0 35
1 2048
0 29
2 2048
0 578
1 2048
0 190
0 145
1 2048
0 332
0 855
0 621
0 90
1 2048
0 19
0 1150
1 2048
0 178
1 2048
0 213
0 110
2 2048
1 2048
1 2048
0 682
0 203
0 100
1 2048
1 2048
1 2048
1 2048
0 319
1 2048
0 133
0 619
2 2048
0 40
3 2048
0 27
0 112
0 395
1 2048
0 93
0 47
1 2048
1 2048
1 2048
0 46
2 2048
1 2048
0 515
0 126
0 328
0 79
0 403
2 2048
0 56
0 82
1 2048
1 2048
0 140
0 180
0 566
1 2048
0 147
0 78
1 2048
2 2048
2 2048
1 2048
2 2048
0 169
0 379
0 557
0 127
1 2048
0 357
1 2048
0 480
1 2048
1 2048
1 2048
2 2048
1 2048
1 2048
0 258
0 439
1 2048
0 37
0 849
0 897
2 2048
0 264
0 91
1 2048
0 27
1 2048
2 2048
2 2048
2 2048
1 2048
0 42
0 217
1 2048
0 96
0 33
1 2048
0 434
0 242
1 2048
1 2048
1 2048
1 2048
1 2048
1 2048
1 2048
0 468
1 2048
1 2048
0 70
0 1379
1 2048
1 2048
0 1993
0 95
2 2048
0 63
0 277
0 117
2 2048
0 19
0 1730
1 2048
0 18
0 192
0 315
0 95
0 551
1 2048
0 440
0 309
0 103
1 2048
0 576
0 247
1 2048
1 2048
0 56
1 2048
0 46
0 141
1 2048
0 540
0 68
0 116
1 2048
0 245
0 334
0 1409
0 623
1 2048
0 28
0 1258
2 2048
1 2048
0 53
0 462
0 311
3 2048
1 2048
0 363
0 494
0 12
0 554
0 271
1 2048
0 91
2 2048
0 67
1 2048
1 2048
3 2048
1 2048
0 51
0 166
0 185
0 316
3 2048
1 2048
0 389
1 2048
2 2048
0 569
1 2048
0 410
0 38
1 2048
1 2048
0 41
0 315
2 2048
1 2048
0 1180
0 146
1 2048
2 2048
1 2048
0 27
0 179
0 253
1 2048
1 2048
2 2048
0 172
2 2048
1 2048
1 2048
0 705
0 54
0 376
1 2048
0 113
3 2048
0 1242
2 2048
0 300
0 1648
1 2048
0 146
1 2048
0 123
1 2048
1 2048
1 2048
0 354
0 1009
0 342
0 103
0 83
0 481
2 2048
1 2048
0 55
0 311
1 2048
2 2048
0 107
2 2048
0 115
0 315
1 2048
0 293
0 39
1 2048
1 2048
3 2048
0 355
2 2048
1 2048
0 842
0 196
0 283
1 2048
0 1305
3 2048
1 2048
2 2048
1 2048
0 367
0 119
0 212
1 2048
0 483
1 2048
0 895
0 310
0 1944
0 317
0 84
2 2048
0 300
