# SA for random K-SAT
# K = 3   N = 512   M = 2064   seed = 4039779196
# alpha = 4.031250   nIter = 1024  Tmax = 0.200000
# 1:lowestUnsat  2:runTime
0 214
0 624
4 1024
0 66
1 1024
1 1024
0 80
1 1024
0 131
0 515
0 574
2 1024
1 1024
2 1024
0 153
0 139
0 385
0 661
0 343
0 225
1 1024
0 79
1 1024
1 1024
0 72
2 1024
1 1024
0 355
2 1024
2 1024
0 399
1 1024
1 1024
0 187
0 263
3 1024
2 1024
0 155
3 1024
0 148
0 143
0 136
1 1024
0 193
1 1024
0 44
0 881
1 1024
3 1024
2 1024
4 1024
1 1024
2 1024
2 1024
0 163
2 1024
2 1024
0 113
1 1024
0 76
1 1024
2 1024
0 524
2 1024
2 1024
1 1024
0 145
0 168
2 1024
1 1024
2 1024
0 318
1 1024
2 1024
1 1024
3 1024
1 1024
0 1003
2 1024
3 1024
2 1024
2 1024
2 1024
0 795
1 1024
0 314
3 1024
1 1024
2 1024
1 1024
0 173
1 1024
2 1024
1 1024
1 1024
0 309
0 442
3 1024
0 190
1 1024
0 786
0 101
2 1024
0 178
1 1024
1 1024
0 60
1 1024
1 1024
1 1024
2 1024
2 1024
2 1024
2 1024
0 662
0 724
1 1024
1 1024
2 1024
1 1024
1 1024
2 1024
1 1024
2 1024
0 624
1 1024
2 1024
0 239
0 373
0 368
1 1024
0 226
0 242
0 927
0 513
1 1024
1 1024
1 1024
1 1024
1 1024
1 1024
1 1024
1 1024
3 1024
1 1024
2 1024
1 1024
2 1024
3 1024
2 1024
3 1024
1 1024
1 1024
1 1024
1 1024
4 1024
0 640
2 1024
1 1024
1 1024
1 1024
1 1024
0 240
2 1024
3 1024
1 1024
1 1024
1 1024
0 81
0 427
0 269
1 1024
1 1024
0 362
0 106
1 1024
0 242
1 1024
1 1024
0 263
1 1024
1 1024
4 1024
1 1024
2 1024
0 927
1 1024
3 1024
2 1024
0 63
0 186
0 497
1 1024
4 1024
0 283
1 1024
0 20
1 1024
0 113
1 1024
0 548
0 106
0 749
0 256
0 812
3 1024
1 1024
0 393
0 606
2 1024
0 537
1 1024
1 1024
1 1024
0 271
1 1024
1 1024
1 1024
1 1024
1 1024
0 194
1 1024
4 1024
2 1024
3 1024
1 1024
0 172
0 125
1 1024
3 1024
3 1024
2 1024
0 264
0 691
1 1024
1 1024
1 1024
0 38
1 1024
1 1024
2 1024
3 1024
2 1024
0 377
0 257
2 1024
0 980
3 1024
0 215
1 1024
0 244
0 277
1 1024
1 1024
0 575
0 138
2 1024
1 1024
1 1024
0 457
0 890
1 1024
0 436
1 1024
1 1024
0 911
1 1024
0 796
2 1024
3 1024
4 1024
1 1024
0 251
3 1024
3 1024
2 1024
0 232
0 289
1 1024
1 1024
3 1024
1 1024
1 1024
0 110
0 388
1 1024
0 127
3 1024
0 339
0 80
1 1024
2 1024
3 1024
1 1024
0 53
1 1024
3 1024
1 1024
0 244
1 1024
0 351
2 1024
2 1024
2 1024
0 120
1 1024
2 1024
1 1024
0 405
0 281
1 1024
0 78
1 1024
0 598
1 1024
0 523
4 1024
2 1024
3 1024
1 1024
2 1024
1 1024
1 1024
1 1024
0 220
0 375
1 1024
0 143
0 181
0 859
1 1024
0 386
0 123
1 1024
1 1024
2 1024
1 1024
1 1024
1 1024
0 82
0 48
1 1024
0 61
0 159
0 112
4 1024
1 1024
0 169
0 70
0 317
0 931
0 108
0 709
1 1024
3 1024
2 1024
1 1024
1 1024
2 1024
1 1024
2 1024
3 1024
0 201
2 1024
2 1024
1 1024
1 1024
3 1024
2 1024
1 1024
3 1024
0 285
1 1024
2 1024
0 184
2 1024
1 1024
0 374
1 1024
0 415
2 1024
0 184
1 1024
1 1024
1 1024
0 130
1 1024
3 1024
0 247
1 1024
1 1024
0 566
2 1024
0 858
1 1024
3 1024
2 1024
0 944
0 515
2 1024
2 1024
3 1024
1 1024
0 818
2 1024
0 338
1 1024
3 1024
1 1024
1 1024
1 1024
0 234
0 398
1 1024
0 875
3 1024
0 336
2 1024
3 1024
1 1024
0 647
0 108
0 519
2 1024
2 1024
3 1024
1 1024
3 1024
2 1024
0 325
2 1024
0 259
1 1024
1 1024
0 711
1 1024
2 1024
0 756
0 124
1 1024
0 513
1 1024
2 1024
1 1024
0 117
0 242
1 1024
1 1024
1 1024
1 1024
3 1024
0 550
1 1024
0 107
1 1024
1 1024
4 1024
2 1024
0 743
2 1024
0 533
1 1024
1 1024
1 1024
0 220
1 1024
2 1024
3 1024
2 1024
0 332
1 1024
2 1024
0 348
1 1024
1 1024
3 1024
1 1024
0 185
0 570
1 1024
1 1024
2 1024
1 1024
0 378
0 215
1 1024
0 140
0 800
1 1024
0 115
1 1024
0 514
0 401
1 1024
2 1024
1 1024
3 1024
1 1024
2 1024
2 1024
0 131
2 1024
0 328
1 1024
2 1024
2 1024
0 462
1 1024
0 88
1 1024
2 1024
1 1024
1 1024
1 1024
1 1024
1 1024
1 1024
2 1024
0 148
2 1024
0 549
0 327
3 1024
0 563
1 1024
2 1024
0 387
2 1024
0 652
0 144
2 1024
4 1024
2 1024
4 1024
1 1024
1 1024
1 1024
2 1024
0 188
2 1024
1 1024
2 1024
2 1024
1 1024
1 1024
1 1024
3 1024
0 994
2 1024
0 231
0 767
1 1024
2 1024
1 1024
1 1024
0 952
0 752
0 697
1 1024
1 1024
3 1024
1 1024
0 73
0 265
1 1024
1 1024
2 1024
0 454
0 141
1 1024
1 1024
2 1024
1 1024
0 624
0 654
1 1024
0 519
1 1024
1 1024
2 1024
2 1024
0 285
0 612
0 478
1 1024
1 1024
0 253
0 987
1 1024
2 1024
1 1024
0 252
1 1024
0 406
0 214
0 290
2 1024
0 409
1 1024
3 1024
2 1024
0 235
1 1024
2 1024
0 170
0 175
0 515
1 1024
0 297
0 301
1 1024
0 241
3 1024
1 1024
1 1024
1 1024
2 1024
2 1024
0 845
1 1024
3 1024
2 1024
1 1024
0 302
0 47
4 1024
2 1024
3 1024
1 1024
5 1024
3 1024
1 1024
0 289
1 1024
3 1024
1 1024
1 1024
1 1024
1 1024
1 1024
1 1024
0 506
0 530
1 1024
3 1024
2 1024
0 222
0 301
0 200
1 1024
2 1024
0 309
5 1024
0 191
2 1024
0 305
0 323
2 1024
1 1024
0 412
0 325
2 1024
3 1024
2 1024
0 54
0 219
1 1024
1 1024
2 1024
2 1024
3 1024
1 1024
1 1024
0 1003
0 202
2 1024
0 115
0 354
1 1024
1 1024
2 1024
0 434
3 1024
0 886
2 1024
2 1024
0 337
4 1024
3 1024
1 1024
0 187
1 1024
4 1024
0 135
1 1024
0 785
0 282
1 1024
2 1024
0 998
0 242
1 1024
1 1024
3 1024
2 1024
1 1024
2 1024
2 1024
5 1024
0 224
1 1024
2 1024
0 407
1 1024
0 213
2 1024
0 849
0 314
1 1024
0 403
2 1024
2 1024
3 1024
1 1024
0 349
0 143
3 1024
0 363
1 1024
0 209
1 1024
3 1024
1 1024
3 1024
1 1024
2 1024
3 1024
0 187
0 336
0 156
1 1024
2 1024
1 1024
0 246
2 1024
0 105
0 116
0 89
0 508
1 1024
2 1024
1 1024
1 1024
2 1024
0 315
1 1024
1 1024
1 1024
2 1024
0 176
2 1024
2 1024
1 1024
3 1024
2 1024
0 54
3 1024
3 1024
1 1024
3 1024
1 1024
2 1024
3 1024
2 1024
3 1024
3 1024
3 1024
0 38
1 1024
1 1024
1 1024
0 197
2 1024
0 347
2 1024
1 1024
1 1024
5 1024
1 1024
2 1024
1 1024
0 1004
0 427
0 554
3 1024
1 1024
1 1024
1 1024
2 1024
4 1024
0 211
3 1024
2 1024
0 340
3 1024
2 1024
1 1024
3 1024
1 1024
2 1024
1 1024
2 1024
0 832
0 503
0 456
0 803
0 126
0 440
1 1024
0 638
1 1024
1 1024
1 1024
0 161
3 1024
5 1024
1 1024
0 657
0 507
1 1024
1 1024
1 1024
1 1024
0 716
3 1024
1 1024
1 1024
0 222
0 290
0 128
1 1024
2 1024
1 1024
0 525
0 619
2 1024
1 1024
0 422
2 1024
3 1024
1 1024
4 1024
5 1024
0 141
0 167
0 477
1 1024
1 1024
1 1024
0 422
0 88
1 1024
1 1024
0 158
0 315
1 1024
0 1000
1 1024
1 1024
2 1024
0 200
0 292
0 381
4 1024
0 543
1 1024
1 1024
2 1024
1 1024
2 1024
0 162
1 1024
2 1024
1 1024
2 1024
2 1024
1 1024
1 1024
2 1024
0 182
0 172
1 1024
0 761
2 1024
3 1024
0 382
3 1024
0 379
2 1024
4 1024
1 1024
1 1024
0 236
3 1024
3 1024
0 951
1 1024
1 1024
2 1024
1 1024
2 1024
4 1024
0 195
0 326
3 1024
1 1024
0 150
0 95
3 1024
1 1024
0 190
1 1024
1 1024
0 195
1 1024
3 1024
1 1024
0 696
0 806
0 648
0 186
2 1024
1 1024
3 1024
2 1024
1 1024
0 228
0 79
4 1024
0 149
0 186
1 1024
0 309
0 465
0 302
1 1024
1 1024
0 626
0 797
2 1024
0 328
0 153
0 343
1 1024
0 339
2 1024
1 1024
0 302
0 534
2 1024
0 852
5 1024
3 1024
1 1024
3 1024
2 1024
0 850
2 1024
0 177
2 1024
0 284
0 501
0 477
2 1024
0 320
2 1024
1 1024
1 1024
1 1024
0 265
0 144
0 214
2 1024
0 130
1 1024
0 166
0 148
1 1024
0 860
0 123
4 1024
3 1024
2 1024
1 1024
2 1024
0 83
0 990
0 284
1 1024
1 1024
0 531
1 1024
0 236
0 481
0 446
3 1024
1 1024
3 1024
3 1024
0 534
2 1024
2 1024
2 1024
0 624
1 1024
0 299
0 113
2 1024
0 129
2 1024
1 1024
1 1024
3 1024
0 385
0 150
2 1024
1 1024
2 1024
2 1024
1 1024
2 1024
1 1024
2 1024
0 507
1 1024
0 1015
5 1024
0 428
1 1024
2 1024
2 1024
1 1024
1 1024
0 144
2 1024
0 328
1 1024
4 1024
3 1024
1 1024
0 127
0 128
2 1024
2 1024
0 373
0 983
0 73
5 1024
2 1024
0 391
1 1024
1 1024
3 1024
1 1024
1 1024
0 107
1 1024
2 1024
0 313
3 1024
2 1024
0 124
1 1024
0 501
3 1024
2 1024
0 308
0 919
2 1024
0 101
4 1024
1 1024
1 1024
1 1024
0 361
2 1024
0 846
3 1024
0 212
1 1024
0 212
1 1024
2 1024
3 1024
2 1024
2 1024
0 660
1 1024
4 1024
1 1024
1 1024
2 1024
2 1024
0 611
1 1024
1 1024
0 259
1 1024
1 1024
1 1024
0 653
0 510
1 1024
1 1024
0 644
0 203
2 1024
0 87
0 378
1 1024
1 1024
0 229
1 1024
0 38
2 1024
1 1024
1 1024
0 196
3 1024
1 1024
1 1024
1 1024
4 1024
1 1024
1 1024
1 1024
0 320
2 1024
3 1024
0 80
2 1024
1 1024
1 1024
1 1024
0 239
0 153
1 1024
1 1024
2 1024
1 1024
2 1024
1 1024
2 1024
1 1024
2 1024
2 1024
0 93
0 829
1 1024
0 610
2 1024
0 499
0 86
2 1024
1 1024
0 827
1 1024
1 1024
1 1024
0 845
1 1024
2 1024
1 1024
2 1024
0 792
1 1024
0 211
1 1024
0 218
2 1024
0 292
1 1024
0 194
2 1024
2 1024
0 239
0 194
0 61
1 1024
2 1024
1 1024
0 253
2 1024
0 94
0 256
0 810
3 1024
0 342
0 478
1 1024
0 185
1 1024
2 1024
0 73
2 1024
2 1024
0 471
3 1024
0 745
0 925
0 150
1 1024
1 1024
1 1024
2 1024
2 1024
0 334
0 651
0 329
3 1024
1 1024
0 69
0 726
1 1024
0 126
2 1024
1 1024
1 1024
0 483
0 431
2 1024
1 1024
2 1024
3 1024
2 1024
1 1024
0 263
2 1024
1 1024
3 1024
1 1024
1 1024
1 1024
1 1024
1 1024
1 1024
0 582
0 262
1 1024
0 911
0 298
1 1024
0 841
3 1024
0 144
0 226
2 1024
0 166
0 343
0 647
2 1024
0 502
0 58
1 1024
0 395
0 441
1 1024
2 1024
2 1024
1 1024
1 1024
2 1024
1 1024
2 1024
2 1024
0 158
1 1024
0 89
2 1024
1 1024
3 1024
1 1024
1 1024
1 1024
3 1024
1 1024
0 48
3 1024
1 1024
0 193
0 362
3 1024
1 1024
1 1024
2 1024
2 1024
1 1024
1 1024
1 1024
0 423
0 387
1 1024
2 1024
0 138
0 154
1 1024
0 174
0 70
1 1024
1 1024
0 110
1 1024
3 1024
1 1024
1 1024
1 1024
1 1024
2 1024
1 1024
1 1024
0 240
1 1024
0 135
1 1024
1 1024
0 343
0 253
2 1024
0 527
0 646
2 1024
0 703
2 1024
0 200
1 1024
1 1024
3 1024
2 1024
1 1024
2 1024
3 1024
1 1024
1 1024
1 1024
0 95
0 84
0 450
1 1024
0 995
0 88
5 1024
1 1024
0 343
0 261
1 1024
0 575
3 1024
2 1024
1 1024
2 1024
1 1024
2 1024
0 539
2 1024
0 535
1 1024
1 1024
1 1024
2 1024
1 1024
0 225
0 98
2 1024
1 1024
1 1024
2 1024
2 1024
0 268
1 1024
1 1024
0 276
2 1024
3 1024
1 1024
1 1024
0 488
0 103
0 411
1 1024
1 1024
1 1024
3 1024
1 1024
1 1024
2 1024
0 278
1 1024
0 226
2 1024
1 1024
1 1024
1 1024
1 1024
0 750
0 673
1 1024
0 187
1 1024
1 1024
0 160
1 1024
0 189
1 1024
1 1024
1 1024
1 1024
0 161
2 1024
1 1024
1 1024
0 159
1 1024
0 187
1 1024
0 241
1 1024
0 90
0 276
2 1024
0 117
0 211
1 1024
0 85
2 1024
0 184
0 327
3 1024
1 1024
1 1024
0 531
3 1024
1 1024
1 1024
1 1024
1 1024
1 1024
1 1024
1 1024
1 1024
0 351
1 1024
3 1024
1 1024
2 1024
0 211
0 366
0 134
1 1024
1 1024
4 1024
1 1024
0 239
1 1024
1 1024
0 482
1 1024
0 756
0 798
3 1024
2 1024
4 1024
2 1024
0 437
0 675
2 1024
1 1024
0 228
0 929
0 432
1 1024
1 1024
1 1024
2 1024
4 1024
0 666
0 242
1 1024
1 1024
2 1024
1 1024
2 1024
1 1024
2 1024
2 1024
2 1024
1 1024
1 1024
0 242
4 1024
0 118
1 1024
1 1024
0 191
1 1024
1 1024
2 1024
2 1024
1 1024
4 1024
1 1024
2 1024
1 1024
3 1024
1 1024
2 1024
1 1024
5 1024
0 133
0 391
2 1024
0 114
1 1024
3 1024
2 1024
1 1024
1 1024
1 1024
0 259
0 300
1 1024
1 1024
1 1024
2 1024
0 250
0 889
1 1024
1 1024
2 1024
1 1024
2 1024
0 862
1 1024
0 300
1 1024
0 654
0 854
1 1024
2 1024
1 1024
0 187
0 311
2 1024
2 1024
0 278
0 926
2 1024
4 1024
2 1024
1 1024
1 1024
0 683
0 314
2 1024
1 1024
3 1024
0 323
0 48
0 354
1 1024
2 1024
1 1024
2 1024
2 1024
1 1024
2 1024
1 1024
1 1024
1 1024
1 1024
2 1024
1 1024
0 311
0 413
0 519
0 273
1 1024
0 492
0 284
1 1024
1 1024
2 1024
2 1024
0 648
1 1024
1 1024
1 1024
0 177
3 1024
1 1024
2 1024
1 1024
2 1024
1 1024
1 1024
2 1024
1 1024
0 111
4 1024
2 1024
0 478
1 1024
0 395
0 145
2 1024
1 1024
0 220
0 164
1 1024
2 1024
2 1024
2 1024
3 1024
4 1024
2 1024
4 1024
1 1024
2 1024
1 1024
2 1024
0 293
0 184
2 1024
0 142
2 1024
1 1024
1 1024
1 1024
2 1024
0 267
1 1024
2 1024
0 462
0 353
1 1024
1 1024
1 1024
0 414
0 367
0 43
2 1024
3 1024
0 588
1 1024
1 1024
0 356
1 1024
1 1024
1 1024
1 1024
1 1024
3 1024
0 387
0 157
0 675
1 1024
2 1024
2 1024
0 158
1 1024
1 1024
0 331
0 695
3 1024
2 1024
3 1024
4 1024
2 1024
0 236
4 1024
0 394
0 878
3 1024
3 1024
2 1024
0 816
0 565
0 936
2 1024
2 1024
0 146
1 1024
2 1024
0 653
0 417
0 285
1 1024
2 1024
0 38
0 831
1 1024
1 1024
2 1024
0 112
0 150
1 1024
1 1024
0 56
3 1024
3 1024
2 1024
0 490
0 221
0 373
1 1024
2 1024
3 1024
0 199
0 189
1 1024
1 1024
2 1024
1 1024
0 153
0 138
1 1024
1 1024
0 372
0 83
1 1024
0 300
0 625
0 208
0 936
0 233
0 95
0 83
0 830
1 1024
0 233
0 106
0 223
0 163
4 1024
1 1024
1 1024
0 796
1 1024
0 197
3 1024
2 1024
1 1024
0 29
2 1024
1 1024
3 1024
0 500
1 1024
2 1024
0 995
1 1024
1 1024
1 1024
0 533
0 138
0 267
3 1024
0 97
1 1024
1 1024
1 1024
1 1024
1 1024
2 1024
2 1024
3 1024
1 1024
0 443
1 1024
2 1024
1 1024
1 1024
1 1024
2 1024
0 323
0 189
2 1024
3 1024
0 171
0 869
1 1024
0 61
0 223
4 1024
0 915
1 1024
1 1024
2 1024
1 1024
3 1024
2 1024
0 657
0 626
2 1024
0 289
0 255
1 1024
0 54
0 138
0 829
1 1024
1 1024
1 1024
3 1024
0 174
0 959
0 275
3 1024
0 97
0 362
0 304
0 171
2 1024
1 1024
2 1024
1 1024
1 1024
2 1024
3 1024
1 1024
0 255
0 364
1 1024
1 1024
0 467
0 42
2 1024
0 123
0 247
0 440
0 69
1 1024
2 1024
1 1024
2 1024
0 223
2 1024
1 1024
5 1024
1 1024
0 197
2 1024
1 1024
3 1024
1 1024
0 362
1 1024
1 1024
0 210
1 1024
2 1024
2 1024
1 1024
1 1024
0 107
0 129
1 1024
1 1024
0 563
2 1024
0 327
1 1024
1 1024
1 1024
0 572
0 60
1 1024
2 1024
1 1024
3 1024
2 1024
1 1024
0 599
2 1024
2 1024
1 1024
1 1024
1 1024
0 136
1 1024
2 1024
0 218
1 1024
0 188
0 315
3 1024
1 1024
0 229
0 314
1 1024
1 1024
0 169
1 1024
3 1024
1 1024
0 258
1 1024
3 1024
2 1024
1 1024
2 1024
0 119
4 1024
1 1024
0 152
0 817
1 1024
1 1024
1 1024
2 1024
0 216
0 110
0 393
1 1024
2 1024
1 1024
2 1024
2 1024
2 1024
0 981
1 1024
1 1024
3 1024
0 231
2 1024
1 1024
1 1024
1 1024
1 1024
2 1024
1 1024
3 1024
1 1024
2 1024
0 493
2 1024
5 1024
3 1024
2 1024
1 1024
1 1024
0 164
1 1024
2 1024
3 1024
4 1024
4 1024
0 376
1 1024
2 1024
0 196
1 1024
1 1024
0 405
1 1024
0 469
1 1024
3 1024
2 1024
3 1024
0 217
1 1024
2 1024
1 1024
0 94
3 1024
2 1024
2 1024
1 1024
1 1024
0 627
1 1024
1 1024
1 1024
0 194
1 1024
2 1024
1 1024
0 101
2 1024
0 661
0 298
1 1024
1 1024
2 1024
0 589
1 1024
0 814
0 814
0 109
0 659
2 1024
2 1024
0 200
1 1024
3 1024
3 1024
2 1024
1 1024
0 895
2 1024
1 1024
1 1024
2 1024
0 52
1 1024
2 1024
0 271
1 1024
1 1024
1 1024
0 101
0 185
1 1024
0 153
0 84
0 310
1 1024
0 315
0 487
0 143
0 726
2 1024
0 354
0 314
0 173
1 1024
2 1024
1 1024
1 1024
0 971
0 759
3 1024
1 1024
0 995
1 1024
1 1024
1 1024
0 840
1 1024
0 249
1 1024
1 1024
0 341
0 279
1 1024
0 708
1 1024
2 1024
0 184
1 1024
2 1024
2 1024
1 1024
3 1024
2 1024
1 1024
2 1024
2 1024
0 513
4 1024
3 1024
0 264
1 1024
1 1024
1 1024
2 1024
1 1024
1 1024
0 420
2 1024
1 1024
2 1024
0 153
5 1024
1 1024
1 1024
2 1024
1 1024
2 1024
2 1024
1 1024
4 1024
1 1024
0 123
0 870
0 488
2 1024
2 1024
1 1024
1 1024
0 443
0 342
2 1024
1 1024
2 1024
2 1024
0 128
0 507
0 162
2 1024
2 1024
2 1024
1 1024
0 265
0 477
3 1024
1 1024
1 1024
2 1024
1 1024
1 1024
2 1024
1 1024
0 507
0 242
0 132
2 1024
0 235
1 1024
2 1024
1 1024
0 70
1 1024
2 1024
0 62
1 1024
1 1024
1 1024
1 1024
2 1024
2 1024
1 1024
0 329
1 1024
0 735
3 1024
0 278
1 1024
2 1024
2 1024
3 1024
0 428
0 221
1 1024
1 1024
1 1024
3 1024
2 1024
1 1024
0 522
2 1024
2 1024
1 1024
2 1024
1 1024
0 523
1 1024
2 1024
1 1024
1 1024
4 1024
0 376
0 951
0 373
0 320
1 1024
0 137
0 120
1 1024
0 141
0 405
0 146
0 423
2 1024
1 1024
2 1024
3 1024
1 1024
0 233
3 1024
0 294
0 955
3 1024
0 388
2 1024
2 1024
0 188
0 928
0 193
0 287
1 1024
1 1024
2 1024
1 1024
0 80
0 177
0 258
0 66
0 148
0 122
0 339
1 1024
0 309
1 1024
0 588
0 63
0 178
1 1024
2 1024
3 1024
0 760
2 1024
1 1024
3 1024
3 1024
1 1024
2 1024
1 1024
0 87
0 470
2 1024
2 1024
0 550
1 1024
1 1024
2 1024
1 1024
0 303
1 1024
4 1024
1 1024
0 234
2 1024
0 581
1 1024
3 1024
3 1024
1 1024
2 1024
1 1024
1 1024
1 1024
0 768
2 1024
2 1024
0 824
0 496
2 1024
1 1024
2 1024
0 77
1 1024
2 1024
1 1024
0 540
3 1024
2 1024
1 1024
3 1024
1 1024
0 740
1 1024
1 1024
1 1024
1 1024
1 1024
1 1024
3 1024
1 1024
2 1024
2 1024
0 477
1 1024
0 145
1 1024
1 1024
1 1024
0 861
1 1024
4 1024
1 1024
3 1024
1 1024
1 1024
2 1024
3 1024
1 1024
4 1024
0 101
0 212
2 1024
1 1024
3 1024
0 118
0 58
0 97
3 1024
2 1024
2 1024
0 235
0 64
0 364
1 1024
1 1024
3 1024
2 1024
0 551
2 1024
1 1024
2 1024
0 120
2 1024
0 41
2 1024
1 1024
1 1024
1 1024
2 1024
2 1024
3 1024
1 1024
1 1024
0 272
1 1024
0 345
2 1024
3 1024
3 1024
1 1024
1 1024
2 1024
0 240
1 1024
2 1024
2 1024
0 562
0 137
1 1024
1 1024
2 1024
3 1024
3 1024
2 1024
1 1024
1 1024
3 1024
1 1024
1 1024
2 1024
1 1024
2 1024
2 1024
0 417
1 1024
0 68
2 1024
0 154
2 1024
1 1024
1 1024
2 1024
0 97
4 1024
1 1024
2 1024
1 1024
1 1024
0 893
3 1024
1 1024
3 1024
1 1024
1 1024
0 155
0 109
1 1024
0 468
2 1024
0 785
1 1024
2 1024
3 1024
1 1024
3 1024
1 1024
1 1024
1 1024
1 1024
1 1024
1 1024
0 812
0 170
0 195
0 255
1 1024
0 217
0 257
1 1024
0 291
4 1024
2 1024
1 1024
1 1024
2 1024
1 1024
0 123
1 1024
1 1024
2 1024
0 60
2 1024
0 305
1 1024
4 1024
1 1024
1 1024
1 1024
0 162
0 346
3 1024
0 437
1 1024
1 1024
0 223
1 1024
1 1024
0 389
0 913
0 221
0 182
2 1024
0 356
0 322
0 704
2 1024
0 233
1 1024
3 1024
3 1024
1 1024
1 1024
0 543
0 461
1 1024
1 1024
3 1024
1 1024
4 1024
2 1024
1 1024
4 1024
2 1024
0 81
0 525
2 1024
0 325
1 1024
0 147
1 1024
0 83
1 1024
1 1024
1 1024
0 351
1 1024
2 1024
1 1024
2 1024
2 1024
0 102
3 1024
0 915
0 261
3 1024
2 1024
1 1024
0 230
1 1024
0 220
2 1024
1 1024
0 206
2 1024
1 1024
0 195
0 146
1 1024
2 1024
1 1024
0 711
2 1024
4 1024
2 1024
2 1024
1 1024
1 1024
1 1024
2 1024
2 1024
2 1024
0 143
0 817
0 272
0 178
1 1024
1 1024
0 842
1 1024
2 1024
1 1024
0 467
2 1024
2 1024
0 243
2 1024
2 1024
2 1024
2 1024
0 133
1 1024
2 1024
1 1024
2 1024
1 1024
3 1024
1 1024
0 513
0 183
1 1024
0 98
0 40
4 1024
3 1024
1 1024
0 358
1 1024
1 1024
0 198
1 1024
1 1024
0 514
1 1024
1 1024
0 246
0 606
1 1024
0 246
1 1024
0 418
2 1024
5 1024
0 266
2 1024
0 587
0 128
2 1024
2 1024
2 1024
1 1024
2 1024
1 1024
0 926
0 114
0 650
0 661
1 1024
2 1024
1 1024
2 1024
3 1024
1 1024
0 417
2 1024
1 1024
2 1024
3 1024
0 326
1 1024
3 1024
2 1024
1 1024
0 209
2 1024
0 559
1 1024
1 1024
0 791
2 1024
0 251
1 1024
0 657
1 1024
1 1024
1 1024
1 1024
2 1024
0 226
1 1024
2 1024
0 194
0 77
1 1024
1 1024
0 66
1 1024
1 1024
0 680
1 1024
0 757
0 135
1 1024
0 148
1 1024
0 453
0 774
1 1024
0 888
3 1024
2 1024
1 1024
0 347
2 1024
2 1024
2 1024
3 1024
1 1024
0 779
0 970
0 213
1 1024
1 1024
0 807
0 961
0 80
2 1024
0 109
1 1024
3 1024
0 912
2 1024
1 1024
0 147
3 1024
1 1024
1 1024
0 137
1 1024
1 1024
1 1024
3 1024
1 1024
0 860
1 1024
1 1024
0 178
1 1024
1 1024
0 240
4 1024
0 315
2 1024
1 1024
2 1024
2 1024
1 1024
1 1024
0 503
0 201
1 1024
2 1024
1 1024
0 205
1 1024
1 1024
0 68
2 1024
0 859
5 1024
0 564
1 1024
3 1024
0 347
3 1024
0 184
0 136
0 137
1 1024
0 562
3 1024
1 1024
3 1024
0 246
0 175
3 1024
1 1024
0 193
3 1024
2 1024
0 750
2 1024
0 453
0 95
2 1024
3 1024
0 44
1 1024
0 674
1 1024
1 1024
3 1024
3 1024
1 1024
0 225
0 176
1 1024
2 1024
1 1024
1 1024
1 1024
1 1024
1 1024
0 382
1 1024
0 525
1 1024
0 357
2 1024
0 344
1 1024
0 391
0 99
2 1024
2 1024
1 1024
1 1024
3 1024
0 395
0 251
3 1024
1 1024
1 1024
3 1024
1 1024
2 1024
1 1024
0 282
0 146
1 1024
3 1024
0 153
1 1024
1 1024
0 264
2 1024
0 73
1 1024
0 224
0 132
4 1024
1 1024
1 1024
1 1024
0 229
2 1024
1 1024
0 268
1 1024
0 907
0 129
1 1024
1 1024
0 559
1 1024
3 1024
0 237
0 34
1 1024
1 1024
3 1024
0 404
0 241
0 133
1 1024
0 221
2 1024
1 1024
1 1024
2 1024
2 1024
0 239
3 1024
1 1024
1 1024
1 1024
2 1024
1 1024
1 1024
1 1024
0 654
0 528
2 1024
2 1024
2 1024
0 381
0 488
2 1024
0 185
0 177
4 1024
0 897
1 1024
1 1024
0 947
2 1024
0 142
0 721
1 1024
0 422
1 1024
0 97
4 1024
2 1024
0 41
2 1024
0 272
0 127
2 1024
0 1017
0 345
3 1024
0 336
0 59
0 496
0 89
2 1024
0 755
1 1024
1 1024
3 1024
2 1024
2 1024
2 1024
2 1024
1 1024
2 1024
2 1024
3 1024
1 1024
0 682
0 180
1 1024
0 105
0 221
2 1024
2 1024
2 1024
1 1024
1 1024
0 337
0 324
1 1024
0 816
1 1024
0 163
0 167
1 1024
3 1024
2 1024
2 1024
2 1024
1 1024
3 1024
0 310
2 1024
2 1024
1 1024
2 1024
0 182
0 463
1 1024
1 1024
1 1024
1 1024
0 111
2 1024
0 876
1 1024
1 1024
5 1024
0 762
1 1024
2 1024
0 333
0 327
1 1024
2 1024
1 1024
2 1024
1 1024
1 1024
2 1024
1 1024
3 1024
1 1024
0 624
1 1024
0 266
0 334
2 1024
1 1024
0 976
0 704
1 1024
2 1024
0 285
0 94
2 1024
3 1024
0 35
2 1024
2 1024
2 1024
1 1024
3 1024
2 1024
1 1024
1 1024
0 176
2 1024
1 1024
6 1024
0 222
1 1024
0 114
1 1024
1 1024
1 1024
1 1024
1 1024
0 191
1 1024
2 1024
1 1024
0 797
1 1024
3 1024
1 1024
0 149
0 384
2 1024
3 1024
2 1024
3 1024
1 1024
2 1024
1 1024
2 1024
1 1024
1 1024
1 1024
3 1024
1 1024
0 72
1 1024
1 1024
0 199
1 1024
2 1024
0 537
3 1024
2 1024
1 1024
0 255
1 1024
1 1024
1 1024
2 1024
1 1024
0 241
0 661
0 828
0 517
1 1024
1 1024
1 1024
2 1024
1 1024
0 521
1 1024
2 1024
1 1024
1 1024
1 1024
0 122
1 1024
2 1024
1 1024
2 1024
1 1024
1 1024
2 1024
0 88
1 1024
1 1024
0 92
1 1024
2 1024
1 1024
2 1024
0 238
1 1024
1 1024
0 320
1 1024
0 360
0 39
1 1024
3 1024
1 1024
1 1024
1 1024
1 1024
0 166
1 1024
3 1024
2 1024
1 1024
0 158
1 1024
1 1024
2 1024
0 490
1 1024
2 1024
1 1024
4 1024
1 1024
0 620
0 398
1 1024
0 356
1 1024
1 1024
1 1024
1 1024
1 1024
0 489
2 1024
1 1024
0 309
2 1024
2 1024
0 588
0 250
1 1024
2 1024
2 1024
1 1024
1 1024
2 1024
1 1024
1 1024
0 726
1 1024
3 1024
2 1024
3 1024
3 1024
2 1024
3 1024
0 283
2 1024
0 683
0 961
0 771
1 1024
1 1024
1 1024
0 428
1 1024
2 1024
1 1024
1 1024
1 1024
3 1024
0 525
2 1024
2 1024
0 132
1 1024
0 138
0 220
1 1024
1 1024
0 148
2 1024
0 497
1 1024
2 1024
0 201
2 1024
1 1024
2 1024
1 1024
1 1024
2 1024
1 1024
0 687
1 1024
1 1024
2 1024
2 1024
2 1024
0 391
1 1024
1 1024
1 1024
0 233
1 1024
0 68
1 1024
1 1024
2 1024
0 133
0 387
1 1024
1 1024
2 1024
0 289
2 1024
0 257
1 1024
0 268
0 473
3 1024
0 544
1 1024
1 1024
0 289
0 60
2 1024
1 1024
0 473
0 787
1 1024
1 1024
0 983
0 436
1 1024
1 1024
0 146
0 178
0 140
0 170
0 561
1 1024
1 1024
0 106
2 1024
2 1024
2 1024
2 1024
1 1024
3 1024
2 1024
1 1024
3 1024
3 1024
1 1024
0 42
1 1024
1 1024
1 1024
2 1024
0 95
2 1024
0 710
1 1024
2 1024
0 333
0 608
4 1024
2 1024
0 280
0 536
0 752
2 1024
2 1024
2 1024
1 1024
1 1024
0 262
0 480
0 380
0 114
3 1024
0 242
0 523
1 1024
1 1024
1 1024
0 469
0 602
1 1024
1 1024
4 1024
1 1024
0 108
0 370
3 1024
0 128
0 39
2 1024
1 1024
0 90
0 50
4 1024
2 1024
1 1024
1 1024
0 567
2 1024
0 130
2 1024
1 1024
0 411
1 1024
0 120
2 1024
2 1024
1 1024
0 322
0 411
1 1024
2 1024
2 1024
2 1024
4 1024
1 1024
2 1024
1 1024
2 1024
0 357
3 1024
1 1024
3 1024
2 1024
0 199
1 1024
0 157
1 1024
1 1024
0 463
1 1024
1 1024
1 1024
1 1024
2 1024
2 1024
3 1024
2 1024
0 141
4 1024
2 1024
5 1024
1 1024
0 242
0 207
2 1024
0 224
1 1024
0 217
1 1024
0 200
2 1024
0 289
2 1024
1 1024
1 1024
2 1024
1 1024
1 1024
3 1024
0 816
0 443
0 425
1 1024
1 1024
0 292
1 1024
2 1024
3 1024
1 1024
2 1024
1 1024
0 187
2 1024
1 1024
1 1024
1 1024
2 1024
2 1024
1 1024
3 1024
1 1024
0 421
1 1024
3 1024
1 1024
2 1024
1 1024
0 540
0 668
4 1024
2 1024
1 1024
0 500
1 1024
2 1024
1 1024
1 1024
2 1024
2 1024
0 34
0 435
0 463
0 299
0 955
1 1024
3 1024
1 1024
1 1024
0 328
2 1024
0 94
0 569
1 1024
1 1024
2 1024
2 1024
0 402
1 1024
1 1024
0 96
1 1024
2 1024
1 1024
1 1024
1 1024
0 81
0 117
2 1024
0 93
2 1024
0 792
0 251
3 1024
0 405
2 1024
2 1024
0 451
1 1024
1 1024
1 1024
0 145
1 1024
3 1024
0 327
0 72
1 1024
1 1024
1 1024
2 1024
2 1024
1 1024
0 45
3 1024
2 1024
0 22
0 170
1 1024
0 237
3 1024
1 1024
3 1024
1 1024
1 1024
4 1024
1 1024
2 1024
0 935
1 1024
5 1024
1 1024
4 1024
0 118
2 1024
1 1024
1 1024
1 1024
1 1024
1 1024
1 1024
0 100
2 1024
1 1024
0 412
0 515
2 1024
0 211
2 1024
2 1024
0 234
1 1024
0 237
1 1024
2 1024
4 1024
2 1024
2 1024
1 1024
2 1024
2 1024
0 417
2 1024
2 1024
2 1024
1 1024
1 1024
1 1024
3 1024
1 1024
1 1024
2 1024
2 1024
2 1024
0 506
1 1024
1 1024
2 1024
0 852
1 1024
0 292
2 1024
2 1024
1 1024
2 1024
1 1024
3 1024
1 1024
1 1024
0 148
0 87
3 1024
0 395
0 334
1 1024
1 1024
2 1024
2 1024
2 1024
0 107
1 1024
0 363
0 321
2 1024
1 1024
1 1024
0 262
1 1024
1 1024
0 461
0 672
0 344
5 1024
2 1024
0 253
3 1024
0 118
0 589
2 1024
0 175
0 121
1 1024
1 1024
1 1024
0 924
1 1024
2 1024
1 1024
2 1024
0 569
1 1024
1 1024
0 886
2 1024
0 606
2 1024
2 1024
1 1024
0 348
0 91
1 1024
3 1024
0 116
1 1024
2 1024
2 1024
0 80
1 1024
3 1024
0 331
2 1024
2 1024
0 108
0 650
3 1024
1 1024
0 307
1 1024
2 1024
1 1024
2 1024
1 1024
1 1024
1 1024
0 854
2 1024
2 1024
2 1024
2 1024
2 1024
1 1024
3 1024
1 1024
1 1024
0 188
1 1024
3 1024
1 1024
2 1024
0 206
1 1024
1 1024
0 219
0 143
5 1024
3 1024
1 1024
1 1024
0 547
0 262
1 1024
3 1024
2 1024
2 1024
1 1024
2 1024
4 1024
4 1024
0 535
2 1024
2 1024
3 1024
1 1024
2 1024
1 1024
3 1024
0 114
1 1024
3 1024
0 307
1 1024
1 1024
1 1024
1 1024
0 871
1 1024
1 1024
0 242
1 1024
1 1024
2 1024
1 1024
0 91
1 1024
0 227
1 1024
1 1024
0 202
1 1024
0 463
0 292
0 46
1 1024
1 1024
0 246
2 1024
0 339
2 1024
1 1024
2 1024
2 1024
1 1024
1 1024
2 1024
4 1024
1 1024
0 465
0 727
0 221
0 671
1 1024
1 1024
3 1024
0 82
0 327
1 1024
0 792
0 328
3 1024
2 1024
1 1024
3 1024
0 191
1 1024
0 53
3 1024
0 161
1 1024
1 1024
1 1024
3 1024
0 271
1 1024
2 1024
0 134
0 878
3 1024
0 861
1 1024
0 860
1 1024
1 1024
0 251
1 1024
2 1024
1 1024
1 1024
0 59
1 1024
1 1024
0 270
0 396
1 1024
2 1024
1 1024
0 75
2 1024
0 243
0 502
5 1024
1 1024
0 25
2 1024
2 1024
0 710
1 1024
0 236
0 630
0 444
0 169
0 525
2 1024
0 256
1 1024
1 1024
2 1024
2 1024
1 1024
0 223
0 213
2 1024
1 1024
2 1024
3 1024
1 1024
1 1024
2 1024
1 1024
1 1024
1 1024
2 1024
0 211
0 483
3 1024
1 1024
2 1024
5 1024
0 117
2 1024
1 1024
1 1024
0 709
0 394
1 1024
0 302
0 345
0 327
3 1024
1 1024
0 471
1 1024
0 317
1 1024
1 1024
1 1024
0 319
1 1024
0 90
0 312
1 1024
0 223
1 1024
0 78
1 1024
0 305
1 1024
1 1024
0 212
2 1024
0 811
2 1024
0 939
1 1024
2 1024
1 1024
2 1024
3 1024
0 392
1 1024
1 1024
1 1024
1 1024
3 1024
1 1024
1 1024
1 1024
0 263
2 1024
2 1024
1 1024
0 147
2 1024
0 335
1 1024
1 1024
0 434
0 141
1 1024
0 199
0 96
2 1024
1 1024
2 1024
1 1024
1 1024
1 1024
2 1024
0 706
0 132
0 190
2 1024
0 724
0 336
1 1024
2 1024
0 319
2 1024
0 494
0 290
0 163
0 456
1 1024
1 1024
1 1024
0 431
0 49
2 1024
0 273
0 144
1 1024
0 347
0 139
2 1024
2 1024
2 1024
2 1024
0 220
1 1024
2 1024
3 1024
0 352
1 1024
1 1024
1 1024
4 1024
1 1024
0 315
1 1024
1 1024
1 1024
0 628
0 308
0 40
0 366
1 1024
1 1024
2 1024
1 1024
3 1024
3 1024
5 1024
0 864
1 1024
0 167
1 1024
1 1024
0 62
2 1024
1 1024
0 79
1 1024
2 1024
1 1024
0 109
0 74
2 1024
0 637
1 1024
2 1024
2 1024
1 1024
0 317
0 563
3 1024
2 1024
1 1024
0 496
0 295
0 186
1 1024
1 1024
0 827
1 1024
1 1024
1 1024
2 1024
0 82
2 1024
3 1024
3 1024
1 1024
0 352
1 1024
2 1024
1 1024
0 458
0 362
3 1024
0 390
1 1024
1 1024
1 1024
0 302
0 240
4 1024
1 1024
0 243
0 252
1 1024
1 1024
0 223
1 1024
3 1024
4 1024
0 391
1 1024
1 1024
1 1024
3 1024
0 131
1 1024
3 1024
1 1024
1 1024
1 1024
5 1024
2 1024
0 509
0 172
1 1024
2 1024
1 1024
0 787
0 213
0 87
1 1024
1 1024
2 1024
1 1024
1 1024
2 1024
2 1024
1 1024
1 1024
1 1024
5 1024
2 1024
2 1024
1 1024
1 1024
0 129
1 1024
1 1024
0 453
2 1024
0 227
0 260
0 89
0 152
1 1024
1 1024
1 1024
2 1024
1 1024
1 1024
0 269
0 108
2 1024
0 408
0 527
2 1024
0 276
2 1024
1 1024
2 1024
2 1024
0 682
0 133
1 1024
2 1024
3 1024
0 226
1 1024
0 145
0 292
1 1024
3 1024
3 1024
0 608
0 786
1 1024
1 1024
3 1024
2 1024
3 1024
0 881
1 1024
1 1024
0 87
2 1024
2 1024
0 150
0 814
1 1024
0 271
0 270
2 1024
2 1024
0 270
1 1024
2 1024
0 508
0 389
0 371
2 1024
0 595
2 1024
0 515
2 1024
0 505
4 1024
1 1024
2 1024
1 1024
1 1024
1 1024
1 1024
1 1024
2 1024
1 1024
2 1024
0 208
1 1024
0 116
2 1024
0 511
1 1024
2 1024
0 307
0 115
2 1024
0 261
6 1024
1 1024
2 1024
0 118
3 1024
3 1024
2 1024
0 147
1 1024
1 1024
1 1024
0 342
2 1024
2 1024
3 1024
1 1024
1 1024
0 233
2 1024
2 1024
3 1024
2 1024
2 1024
2 1024
2 1024
1 1024
1 1024
4 1024
1 1024
1 1024
1 1024
0 324
0 280
0 91
3 1024
0 352
1 1024
3 1024
1 1024
2 1024
1 1024
2 1024
3 1024
0 161
1 1024
2 1024
1 1024
3 1024
2 1024
2 1024
0 109
1 1024
0 212
0 714
0 292
1 1024
1 1024
1 1024
0 262
1 1024
0 1019
1 1024
0 95
0 335
1 1024
2 1024
0 616
0 79
0 258
2 1024
3 1024
3 1024
0 419
0 549
1 1024
0 536
1 1024
1 1024
1 1024
0 199
0 202
1 1024
1 1024
2 1024
1 1024
1 1024
0 258
0 65
3 1024
1 1024
1 1024
1 1024
0 248
1 1024
1 1024
1 1024
0 200
2 1024
0 180
0 78
1 1024
1 1024
0 327
0 778
0 304
1 1024
3 1024
1 1024
0 198
1 1024
0 116
0 61
2 1024
2 1024
4 1024
1 1024
2 1024
1 1024
0 136
2 1024
1 1024
0 202
1 1024
1 1024
1 1024
2 1024
2 1024
1 1024
1 1024
3 1024
1 1024
1 1024
0 412
1 1024
1 1024
2 1024
2 1024
1 1024
0 168
2 1024
0 322
1 1024
1 1024
1 1024
3 1024
3 1024
0 503
1 1024
1 1024
3 1024
1 1024
0 198
0 155
1 1024
2 1024
1 1024
0 511
0 262
1 1024
1 1024
1 1024
1 1024
0 214
2 1024
1 1024
0 266
3 1024
0 125
3 1024
0 507
0 704
4 1024
0 888
0 234
2 1024
1 1024
2 1024
0 61
0 392
2 1024
3 1024
1 1024
1 1024
0 177
1 1024
1 1024
1 1024
1 1024
1 1024
0 79
0 255
1 1024
1 1024
3 1024
0 480
0 209
1 1024
0 1005
4 1024
3 1024
1 1024
0 161
3 1024
1 1024
2 1024
1 1024
1 1024
1 1024
1 1024
1 1024
2 1024
2 1024
4 1024
1 1024
1 1024
2 1024
1 1024
3 1024
1 1024
0 138
0 996
1 1024
2 1024
0 271
0 128
0 130
3 1024
1 1024
2 1024
3 1024
0 170
1 1024
1 1024
2 1024
2 1024
0 33
1 1024
1 1024
0 261
3 1024
1 1024
0 139
0 262
1 1024
2 1024
2 1024
1 1024
0 607
1 1024
0 405
2 1024
2 1024
1 1024
1 1024
1 1024
2 1024
3 1024
1 1024
2 1024
0 304
1 1024
1 1024
1 1024
2 1024
0 766
0 186
1 1024
1 1024
1 1024
2 1024
1 1024
1 1024
0 164
1 1024
1 1024
1 1024
1 1024
1 1024
1 1024
1 1024
0 742
3 1024
1 1024
1 1024
0 341
0 951
2 1024
1 1024
2 1024
0 123
0 197
0 901
0 237
2 1024
0 350
1 1024
0 326
0 698
3 1024
2 1024
1 1024
0 221
2 1024
1 1024
0 178
1 1024
3 1024
0 343
1 1024
2 1024
3 1024
1 1024
1 1024
0 158
1 1024
0 171
2 1024
0 334
0 809
0 494
0 255
1 1024
1 1024
0 292
1 1024
2 1024
0 407
4 1024
1 1024
1 1024
0 212
0 262
1 1024
0 289
0 278
0 83
1 1024
2 1024
2 1024
2 1024
3 1024
0 218
0 148
1 1024
1 1024
2 1024
1 1024
2 1024
1 1024
3 1024
0 469
1 1024
0 235
1 1024
0 974
0 47
2 1024
0 375
2 1024
1 1024
3 1024
0 315
1 1024
1 1024
2 1024
3 1024
0 232
0 173
0 115
2 1024
1 1024
0 313
2 1024
4 1024
0 266
0 165
0 191
1 1024
1 1024
3 1024
0 225
0 971
1 1024
3 1024
0 850
1 1024
0 296
0 186
3 1024
0 87
4 1024
2 1024
1 1024
2 1024
1 1024
0 201
0 215
0 122
0 698
1 1024
2 1024
1 1024
2 1024
1 1024
1 1024
1 1024
2 1024
1 1024
0 441
1 1024
2 1024
1 1024
1 1024
1 1024
0 136
3 1024
0 457
0 686
3 1024
3 1024
1 1024
1 1024
1 1024
0 476
0 42
2 1024
1 1024
2 1024
0 353
2 1024
1 1024
0 272
0 261
1 1024
2 1024
1 1024
3 1024
1 1024
1 1024
1 1024
2 1024
1 1024
2 1024
1 1024
0 199
1 1024
0 257
1 1024
0 387
2 1024
1 1024
1 1024
2 1024
0 276
0 213
1 1024
2 1024
1 1024
2 1024
1 1024
1 1024
1 1024
0 346
4 1024
2 1024
0 402
2 1024
1 1024
1 1024
1 1024
4 1024
1 1024
1 1024
0 323
1 1024
0 85
0 132
1 1024
0 604
2 1024
2 1024
0 150
2 1024
1 1024
0 461
0 180
0 102
0 316
1 1024
0 51
0 499
0 144
2 1024
2 1024
0 377
0 540
1 1024
0 80
0 149
0 433
1 1024
0 190
0 571
1 1024
0 127
1 1024
1 1024
1 1024
3 1024
2 1024
2 1024
1 1024
2 1024
1 1024
0 231
1 1024
0 458
2 1024
1 1024
1 1024
1 1024
1 1024
0 182
1 1024
2 1024
3 1024
2 1024
0 909
1 1024
0 465
2 1024
1 1024
1 1024
0 728
3 1024
1 1024
1 1024
1 1024
2 1024
2 1024
2 1024
0 268
0 330
0 893
3 1024
2 1024
1 1024
1 1024
1 1024
1 1024
2 1024
0 161
3 1024
0 255
0 118
1 1024
2 1024
1 1024
0 147
2 1024
1 1024
2 1024
2 1024
2 1024
2 1024
1 1024
0 721
1 1024
0 560
0 75
2 1024
0 397
1 1024
2 1024
0 334
2 1024
0 94
0 274
2 1024
1 1024
0 104
1 1024
2 1024
1 1024
0 256
0 744
0 90
1 1024
3 1024
0 114
0 577
4 1024
1 1024
1 1024
0 562
0 183
2 1024
1 1024
1 1024
1 1024
2 1024
2 1024
2 1024
2 1024
2 1024
1 1024
2 1024
1 1024
1 1024
2 1024
1 1024
2 1024
0 960
3 1024
1 1024
1 1024
1 1024
1 1024
1 1024
1 1024
1 1024
2 1024
1 1024
0 174
2 1024
0 595
1 1024
1 1024
1 1024
1 1024
0 434
0 160
2 1024
1 1024
3 1024
3 1024
1 1024
2 1024
0 105
0 317
1 1024
0 654
1 1024
1 1024
1 1024
1 1024
1 1024
1 1024
3 1024
0 494
2 1024
1 1024
1 1024
2 1024
2 1024
1 1024
1 1024
0 171
1 1024
1 1024
0 487
2 1024
1 1024
3 1024
1 1024
2 1024
0 425
2 1024
0 177
1 1024
0 867
0 408
1 1024
2 1024
3 1024
1 1024
2 1024
1 1024
0 472
2 1024
2 1024
2 1024
3 1024
3 1024
0 721
0 399
0 150
0 579
1 1024
1 1024
1 1024
2 1024
0 359
1 1024
2 1024
0 87
1 1024
1 1024
2 1024
0 128
2 1024
3 1024
1 1024
2 1024
1 1024
1 1024
1 1024
1 1024
0 496
1 1024
1 1024
2 1024
0 191
3 1024
2 1024
0 143
0 234
0 513
2 1024
1 1024
1 1024
2 1024
0 674
1 1024
1 1024
1 1024
0 503
3 1024
4 1024
2 1024
0 155
0 134
0 197
1 1024
1 1024
2 1024
1 1024
3 1024
2 1024
3 1024
0 114
0 400
1 1024
1 1024
0 730
1 1024
0 136
1 1024
0 613
2 1024
3 1024
3 1024
0 528
1 1024
1 1024
1 1024
0 245
1 1024
2 1024
1 1024
2 1024
2 1024
1 1024
0 538
2 1024
1 1024
1 1024
1 1024
1 1024
3 1024
3 1024
0 110
1 1024
4 1024
0 283
1 1024
1 1024
1 1024
1 1024
0 689
0 329
0 778
1 1024
0 211
2 1024
2 1024
0 330
3 1024
1 1024
1 1024
2 1024
1 1024
2 1024
1 1024
0 42
0 61
0 102
0 862
2 1024
0 110
2 1024
2 1024
1 1024
1 1024
2 1024
0 122
2 1024
0 422
0 241
0 112
1 1024
0 424
1 1024
0 342
1 1024
0 140
1 1024
3 1024
1 1024
1 1024
0 252
1 1024
2 1024
0 103
0 179
0 959
1 1024
1 1024
1 1024
1 1024
1 1024
3 1024
0 41
2 1024
1 1024
3 1024
1 1024
3 1024
0 309
0 144
2 1024
2 1024
1 1024
2 1024
1 1024
2 1024
1 1024
1 1024
0 861
0 580
0 117
0 364
0 179
1 1024
0 130
2 1024
1 1024
0 597
2 1024
1 1024
1 1024
0 375
1 1024
3 1024
4 1024
2 1024
1 1024
0 58
0 180
0 67
2 1024
0 810
3 1024
1 1024
1 1024
3 1024
0 325
0 98
0 311
1 1024
3 1024
2 1024
1 1024
0 191
1 1024
0 777
2 1024
2 1024
1 1024
3 1024
1 1024
2 1024
0 733
0 173
0 209
0 347
3 1024
0 281
0 248
3 1024
0 797
0 504
3 1024
0 872
1 1024
0 208
1 1024
1 1024
2 1024
1 1024
1 1024
0 575
1 1024
1 1024
1 1024
1 1024
0 110
2 1024
0 512
0 355
2 1024
0 126
0 234
1 1024
2 1024
1 1024
1 1024
0 766
1 1024
0 729
2 1024
2 1024
2 1024
2 1024
0 152
0 194
0 645
2 1024
1 1024
0 68
0 340
0 238
2 1024
4 1024
1 1024
1 1024
0 207
1 1024
3 1024
1 1024
2 1024
1 1024
2 1024
0 54
2 1024
2 1024
0 91
1 1024
1 1024
0 257
0 178
1 1024
1 1024
1 1024
3 1024
1 1024
3 1024
0 557
1 1024
2 1024
2 1024
1 1024
2 1024
0 154
2 1024
2 1024
0 159
1 1024
1 1024
0 430
3 1024
3 1024
0 219
2 1024
1 1024
0 163
1 1024
2 1024
1 1024
1 1024
1 1024
0 162
1 1024
2 1024
1 1024
0 106
3 1024
3 1024
0 105
2 1024
2 1024
2 1024
0 150
0 148
1 1024
0 444
1 1024
2 1024
0 271
0 136
0 338
1 1024
1 1024
1 1024
1 1024
2 1024
0 382
3 1024
0 320
0 264
2 1024
2 1024
0 326
3 1024
1 1024
1 1024
0 414
0 143
1 1024
2 1024
3 1024
0 117
0 290
2 1024
3 1024
1 1024
1 1024
2 1024
2 1024
3 1024
0 171
0 201
0 110
0 582
2 1024
1 1024
2 1024
2 1024
1 1024
2 1024
3 1024
2 1024
2 1024
2 1024
1 1024
2 1024
0 83
2 1024
2 1024
0 688
3 1024
2 1024
0 138
2 1024
3 1024
1 1024
0 219
0 39
2 1024
0 199
0 122
0 668
1 1024
0 505
1 1024
0 96
1 1024
2 1024
1 1024
0 442
0 740
1 1024
2 1024
1 1024
0 231
1 1024
0 413
2 1024
1 1024
1 1024
3 1024
1 1024
0 265
1 1024
3 1024
1 1024
0 233
1 1024
0 718
1 1024
0 477
2 1024
1 1024
1 1024
0 456
1 1024
0 186
2 1024
1 1024
1 1024
1 1024
1 1024
0 279
0 80
3 1024
0 404
2 1024
0 402
2 1024
2 1024
3 1024
3 1024
0 190
1 1024
1 1024
1 1024
0 313
0 94
1 1024
1 1024
1 1024
1 1024
1 1024
0 443
2 1024
1 1024
0 128
3 1024
1 1024
3 1024
0 52
5 1024
1 1024
1 1024
0 683
1 1024
2 1024
1 1024
0 178
1 1024
1 1024
1 1024
0 81
0 223
1 1024
1 1024
2 1024
1 1024
2 1024
1 1024
1 1024
0 338
0 307
1 1024
1 1024
0 127
1 1024
1 1024
0 987
0 593
1 1024
1 1024
5 1024
0 106
1 1024
0 456
1 1024
0 113
1 1024
1 1024
2 1024
0 170
1 1024
0 366
0 508
0 711
0 407
3 1024
0 374
1 1024
1 1024
0 354
1 1024
1 1024
1 1024
1 1024
1 1024
0 389
0 96
1 1024
1 1024
1 1024
2 1024
0 178
2 1024
4 1024
0 168
0 48
1 1024
0 227
0 363
1 1024
0 273
2 1024
1 1024
1 1024
2 1024
1 1024
1 1024
2 1024
1 1024
1 1024
0 1011
2 1024
2 1024
0 263
1 1024
1 1024
0 166
4 1024
1 1024
1 1024
1 1024
1 1024
1 1024
2 1024
1 1024
1 1024
0 210
1 1024
2 1024
1 1024
1 1024
0 206
2 1024
1 1024
2 1024
3 1024
2 1024
0 254
1 1024
1 1024
2 1024
2 1024
2 1024
0 227
0 309
1 1024
1 1024
1 1024
0 217
0 333
0 69
1 1024
0 89
0 268
0 128
0 478
1 1024
0 150
1 1024
1 1024
0 445
0 733
1 1024
1 1024
1 1024
2 1024
3 1024
0 134
2 1024
0 33
2 1024
0 682
0 246
1 1024
1 1024
2 1024
1 1024
2 1024
0 265
2 1024
2 1024
1 1024
0 395
0 394
1 1024
1 1024
2 1024
1 1024
0 148
1 1024
0 455
3 1024
0 191
2 1024
1 1024
0 377
1 1024
0 67
1 1024
1 1024
1 1024
2 1024
0 138
3 1024
2 1024
0 96
1 1024
1 1024
0 214
3 1024
1 1024
3 1024
2 1024
1 1024
2 1024
2 1024
0 248
1 1024
1 1024
1 1024
0 120
1 1024
3 1024
0 358
1 1024
1 1024
0 184
1 1024
1 1024
0 348
1 1024
0 421
1 1024
0 264
1 1024
1 1024
1 1024
0 249
1 1024
0 92
1 1024
2 1024
3 1024
0 181
0 110
2 1024
1 1024
0 564
0 728
0 269
1 1024
0 176
0 188
1 1024
2 1024
1 1024
3 1024
2 1024
3 1024
2 1024
1 1024
2 1024
1 1024
1 1024
0 366
1 1024
1 1024
2 1024
1 1024
2 1024
1 1024
1 1024
1 1024
0 461
0 294
1 1024
2 1024
2 1024
1 1024
1 1024
0 71
2 1024
2 1024
0 166
0 295
2 1024
1 1024
1 1024
2 1024
0 541
0 431
0 355
2 1024
1 1024
4 1024
0 134
1 1024
2 1024
0 245
2 1024
0 713
2 1024
3 1024
0 75
2 1024
0 734
0 286
1 1024
1 1024
2 1024
1 1024
0 694
1 1024
1 1024
2 1024
2 1024
0 323
1 1024
0 380
4 1024
1 1024
2 1024
1 1024
0 110
1 1024
1 1024
1 1024
2 1024
4 1024
0 788
2 1024
4 1024
2 1024
1 1024
2 1024
1 1024
0 348
0 158
0 710
0 475
3 1024
0 414
0 580
2 1024
0 495
1 1024
0 208
2 1024
0 437
0 391
3 1024
2 1024
1 1024
1 1024
0 212
0 401
1 1024
1 1024
2 1024
2 1024
1 1024
2 1024
2 1024
0 93
0 188
0 459
1 1024
0 237
1 1024
2 1024
1 1024
3 1024
1 1024
2 1024
2 1024
1 1024
0 214
0 182
1 1024
0 431
0 159
0 648
0 918
0 881
2 1024
3 1024
1 1024
0 76
1 1024
4 1024
0 113
1 1024
1 1024
0 745
1 1024
2 1024
1 1024
1 1024
1 1024
2 1024
3 1024
0 556
3 1024
1 1024
2 1024
0 136
0 457
0 277
0 504
3 1024
1 1024
3 1024
0 245
0 123
0 413
0 143
1 1024
1 1024
3 1024
1 1024
2 1024
1 1024
1 1024
3 1024
1 1024
0 602
2 1024
0 409
2 1024
0 186
2 1024
0 311
1 1024
0 159
2 1024
0 312
0 366
1 1024
1 1024
2 1024
3 1024
2 1024
0 316
3 1024
0 517
0 157
2 1024
2 1024
0 642
1 1024
2 1024
1 1024
2 1024
2 1024
1 1024
0 374
3 1024
1 1024
1 1024
0 286
1 1024
1 1024
1 1024
2 1024
0 401
1 1024
0 597
1 1024
1 1024
0 476
1 1024
1 1024
0 253
1 1024
0 63
1 1024
1 1024
1 1024
1 1024
1 1024
2 1024
1 1024
1 1024
1 1024
1 1024
0 797
1 1024
0 126
1 1024
1 1024
1 1024
0 321
0 138
0 339
0 216
0 598
0 89
2 1024
0 875
1 1024
2 1024
1 1024
0 613
1 1024
0 336
1 1024
1 1024
0 177
0 136
0 270
1 1024
1 1024
2 1024
0 1014
1 1024
2 1024
2 1024
0 676
0 469
0 35
1 1024
1 1024
0 615
1 1024
3 1024
0 101
0 1005
0 78
2 1024
1 1024
0 656
0 142
0 319
2 1024
0 23
0 138
1 1024
2 1024
1 1024
0 256
1 1024
3 1024
0 672
1 1024
0 309
1 1024
2 1024
1 1024
0 143
0 246
0 219
2 1024
0 218
1 1024
3 1024
2 1024
2 1024
0 306
2 1024
2 1024
1 1024
0 591
2 1024
1 1024
3 1024
4 1024
3 1024
3 1024
0 572
1 1024
1 1024
2 1024
1 1024
1 1024
1 1024
0 518
2 1024
4 1024
1 1024
3 1024
0 297
1 1024
1 1024
1 1024
0 426
3 1024
0 329
3 1024
4 1024
3 1024
1 1024
1 1024
1 1024
1 1024
0 139
0 108
1 1024
2 1024
1 1024
4 1024
1 1024
3 1024
2 1024
1 1024
2 1024
0 200
2 1024
0 181
0 311
1 1024
0 695
1 1024
2 1024
2 1024
0 295
2 1024
1 1024
1 1024
4 1024
1 1024
2 1024
1 1024
1 1024
0 286
2 1024
0 213
1 1024
1 1024
1 1024
1 1024
3 1024
0 342
1 1024
0 37
1 1024
0 279
1 1024
4 1024
2 1024
1 1024
3 1024
3 1024
0 22
4 1024
1 1024
0 171
1 1024
3 1024
1 1024
1 1024
0 175
4 1024
2 1024
2 1024
3 1024
1 1024
0 512
1 1024
2 1024
3 1024
1 1024
0 439
2 1024
1 1024
1 1024
1 1024
2 1024
1 1024
1 1024
4 1024
1 1024
1 1024
3 1024
1 1024
3 1024
3 1024
1 1024
1 1024
1 1024
2 1024
1 1024
2 1024
1 1024
2 1024
1 1024
0 933
1 1024
1 1024
1 1024
0 975
1 1024
3 1024
3 1024
4 1024
1 1024
2 1024
1 1024
0 1009
1 1024
2 1024
3 1024
1 1024
2 1024
1 1024
1 1024
0 143
1 1024
0 100
1 1024
2 1024
0 419
2 1024
2 1024
1 1024
3 1024
0 375
0 238
0 155
1 1024
2 1024
1 1024
1 1024
1 1024
3 1024
2 1024
1 1024
1 1024
3 1024
2 1024
1 1024
2 1024
0 331
1 1024
0 311
1 1024
0 278
1 1024
1 1024
0 489
1 1024
0 346
0 206
1 1024
1 1024
2 1024
2 1024
0 234
0 167
0 176
0 995
0 110
0 171
0 242
1 1024
1 1024
3 1024
0 231
1 1024
1 1024
0 942
0 603
0 600
2 1024
0 301
2 1024
0 349
0 356
1 1024
0 372
0 752
1 1024
2 1024
2 1024
1 1024
1 1024
0 832
1 1024
0 496
0 295
0 99
0 83
2 1024
0 163
0 487
2 1024
1 1024
3 1024
0 100
1 1024
0 132
3 1024
5 1024
1 1024
0 793
2 1024
0 149
1 1024
3 1024
0 285
4 1024
0 654
2 1024
1 1024
1 1024
3 1024
0 292
2 1024
0 195
1 1024
2 1024
1 1024
0 713
0 283
0 248
0 1012
0 816
0 359
1 1024
2 1024
1 1024
1 1024
0 251
0 291
1 1024
0 170
0 325
0 220
1 1024
3 1024
1 1024
2 1024
3 1024
1 1024
1 1024
1 1024
0 221
1 1024
0 434
2 1024
0 55
1 1024
2 1024
1 1024
0 180
1 1024
3 1024
1 1024
1 1024
0 252
1 1024
2 1024
2 1024
2 1024
3 1024
1 1024
0 489
0 908
1 1024
2 1024
0 140
4 1024
0 713
1 1024
0 526
0 873
0 282
1 1024
0 336
1 1024
1 1024
1 1024
0 54
1 1024
2 1024
1 1024
0 225
2 1024
0 257
1 1024
1 1024
1 1024
2 1024
3 1024
1 1024
1 1024
4 1024
0 229
0 599
1 1024
0 531
0 258
2 1024
0 232
0 277
1 1024
2 1024
1 1024
1 1024
1 1024
0 503
1 1024
2 1024
1 1024
0 158
2 1024
0 126
1 1024
2 1024
0 204
2 1024
2 1024
2 1024
2 1024
0 548
0 415
0 58
2 1024
1 1024
1 1024
0 245
0 151
0 553
1 1024
0 216
1 1024
1 1024
0 182
1 1024
1 1024
0 595
2 1024
1 1024
2 1024
2 1024
1 1024
1 1024
3 1024
0 190
2 1024
3 1024
1 1024
0 738
0 200
2 1024
2 1024
2 1024
0 212
1 1024
3 1024
1 1024
1 1024
1 1024
1 1024
1 1024
2 1024
2 1024
0 388
1 1024
1 1024
2 1024
1 1024
0 268
1 1024
0 66
1 1024
0 985
0 77
0 589
2 1024
3 1024
1 1024
1 1024
1 1024
1 1024
3 1024
2 1024
1 1024
0 549
3 1024
0 327
0 243
1 1024
0 423
0 172
1 1024
0 382
0 251
1 1024
2 1024
0 613
2 1024
3 1024
2 1024
1 1024
2 1024
3 1024
2 1024
0 262
1 1024
1 1024
0 180
1 1024
2 1024
2 1024
3 1024
2 1024
0 642
2 1024
0 165
0 138
0 94
2 1024
0 765
2 1024
1 1024
2 1024
1 1024
1 1024
2 1024
1 1024
0 457
1 1024
0 506
1 1024
2 1024
3 1024
0 470
0 806
2 1024
0 378
1 1024
2 1024
1 1024
0 312
0 838
0 291
2 1024
2 1024
1 1024
0 654
1 1024
0 986
3 1024
2 1024
2 1024
3 1024
0 138
1 1024
1 1024
0 121
3 1024
0 288
0 920
0 222
1 1024
0 98
0 388
0 216
1 1024
0 161
2 1024
1 1024
1 1024
0 177
1 1024
0 113
2 1024
1 1024
2 1024
0 408
0 239
2 1024
0 375
1 1024
0 255
3 1024
3 1024
3 1024
1 1024
2 1024
1 1024
2 1024
3 1024
1 1024
0 172
0 117
2 1024
1 1024
1 1024
1 1024
1 1024
0 997
1 1024
0 44
0 104
0 629
1 1024
0 114
2 1024
0 146
2 1024
0 596
1 1024
1 1024
2 1024
2 1024
0 118
1 1024
2 1024
2 1024
1 1024
0 270
1 1024
1 1024
3 1024
2 1024
2 1024
0 125
0 152
0 514
0 187
1 1024
1 1024
2 1024
1 1024
1 1024
2 1024
0 221
0 988
2 1024
1 1024
0 120
3 1024
1 1024
0 321
0 825
0 196
3 1024
0 349
1 1024
2 1024
2 1024
0 435
2 1024
3 1024
0 539
0 231
0 877
0 469
1 1024
0 985
2 1024
2 1024
2 1024
4 1024
2 1024
1 1024
0 82
1 1024
0 189
1 1024
0 493
1 1024
1 1024
2 1024
0 534
2 1024
1 1024
4 1024
2 1024
1 1024
1 1024
1 1024
1 1024
0 386
2 1024
0 46
1 1024
3 1024
0 238
2 1024
0 524
0 72
1 1024
1 1024
3 1024
1 1024
0 385
1 1024
1 1024
1 1024
0 281
1 1024
0 667
1 1024
2 1024
0 211
1 1024
0 670
1 1024
1 1024
1 1024
5 1024
1 1024
0 116
0 257
0 600
0 298
1 1024
3 1024
1 1024
1 1024
2 1024
2 1024
1 1024
0 137
2 1024
1 1024
0 921
2 1024
2 1024
1 1024
0 155
1 1024
1 1024
0 125
0 377
3 1024
2 1024
1 1024
0 313
2 1024
2 1024
2 1024
2 1024
1 1024
1 1024
3 1024
0 139
1 1024
0 200
0 182
1 1024
1 1024
1 1024
0 370
2 1024
0 413
2 1024
1 1024
1 1024
1 1024
0 231
0 65
2 1024
2 1024
2 1024
0 429
0 207
0 511
1 1024
3 1024
0 148
0 473
3 1024
2 1024
0 344
0 343
2 1024
0 659
0 342
1 1024
1 1024
2 1024
1 1024
2 1024
1 1024
2 1024
2 1024
2 1024
2 1024
0 47
0 749
0 276
2 1024
1 1024
0 268
0 93
0 199
0 248
0 96
1 1024
1 1024
2 1024
1 1024
1 1024
1 1024
0 281
2 1024
1 1024
2 1024
0 272
0 35
1 1024
1 1024
2 1024
2 1024
2 1024
0 552
1 1024
3 1024
1 1024
3 1024
0 257
0 191
1 1024
1 1024
1 1024
0 392
0 536
2 1024
1 1024
2 1024
1 1024
1 1024
2 1024
0 485
0 566
2 1024
2 1024
3 1024
1 1024
3 1024
2 1024
1 1024
0 149
0 159
1 1024
2 1024
1 1024
2 1024
5 1024
0 533
0 391
2 1024
2 1024
1 1024
1 1024
1 1024
3 1024
2 1024
0 174
1 1024
0 213
0 400
0 265
4 1024
1 1024
0 440
1 1024
2 1024
0 188
3 1024
3 1024
2 1024
3 1024
1 1024
0 859
0 739
0 243
4 1024
0 317
1 1024
0 264
1 1024
2 1024
1 1024
1 1024
0 202
4 1024
0 539
3 1024
2 1024
0 185
1 1024
0 447
0 121
3 1024
0 170
0 969
0 157
1 1024
0 95
1 1024
2 1024
2 1024
0 321
1 1024
0 784
2 1024
3 1024
1 1024
2 1024
0 59
3 1024
3 1024
2 1024
1 1024
2 1024
1 1024
0 114
1 1024
0 893
0 255
1 1024
2 1024
1 1024
1 1024
3 1024
2 1024
1 1024
0 417
1 1024
0 157
4 1024
1 1024
2 1024
2 1024
0 560
2 1024
1 1024
0 235
1 1024
0 173
2 1024
0 825
2 1024
3 1024
1 1024
2 1024
0 398
1 1024
2 1024
1 1024
1 1024
3 1024
0 21
4 1024
0 910
0 288
3 1024
2 1024
0 272
1 1024
0 62
1 1024
0 581
2 1024
0 305
1 1024
2 1024
0 347
2 1024
2 1024
3 1024
0 130
3 1024
1 1024
0 209
1 1024
3 1024
0 241
1 1024
0 488
1 1024
2 1024
1 1024
1 1024
2 1024
1 1024
0 137
1 1024
0 754
1 1024
1 1024
1 1024
1 1024
1 1024
0 295
1 1024
2 1024
0 690
2 1024
1 1024
0 673
2 1024
2 1024
3 1024
2 1024
0 183
2 1024
0 431
0 154
1 1024
0 132
1 1024
0 441
1 1024
3 1024
0 160
0 625
1 1024
3 1024
2 1024
3 1024
0 232
1 1024
1 1024
1 1024
0 202
0 144
0 175
2 1024
2 1024
1 1024
3 1024
2 1024
0 715
1 1024
1 1024
0 539
1 1024
2 1024
1 1024
1 1024
2 1024
1 1024
1 1024
0 494
0 140
1 1024
1 1024
0 137
2 1024
0 223
1 1024
5 1024
0 218
2 1024
0 70
3 1024
0 809
0 291
2 1024
2 1024
0 382
1 1024
0 875
3 1024
5 1024
1 1024
2 1024
1 1024
1 1024
1 1024
1 1024
0 693
2 1024
1 1024
1 1024
0 333
0 280
1 1024
1 1024
1 1024
0 752
1 1024
1 1024
0 936
0 236
3 1024
0 73
0 763
1 1024
2 1024
0 52
1 1024
0 186
1 1024
2 1024
3 1024
1 1024
0 724
0 915
3 1024
1 1024
0 207
1 1024
0 488
1 1024
2 1024
2 1024
1 1024
2 1024
2 1024
3 1024
0 216
2 1024
1 1024
2 1024
0 217
1 1024
1 1024
0 444
2 1024
0 904
0 28
0 179
0 331
0 65
5 1024
0 96
1 1024
0 166
2 1024
1 1024
1 1024
2 1024
1 1024
0 344
0 395
1 1024
0 205
0 940
2 1024
1 1024
1 1024
0 690
1 1024
2 1024
0 163
4 1024
1 1024
1 1024
1 1024
1 1024
2 1024
0 325
0 253
1 1024
1 1024
0 138
0 303
2 1024
2 1024
2 1024
0 70
0 49
0 184
2 1024
1 1024
2 1024
2 1024
0 198
5 1024
0 281
0 939
2 1024
2 1024
0 283
3 1024
0 301
0 430
3 1024
1 1024
4 1024
1 1024
0 282
2 1024
0 542
0 256
2 1024
1 1024
0 796
1 1024
0 170
7 1024
3 1024
1 1024
0 880
1 1024
2 1024
4 1024
1 1024
3 1024
0 210
0 179
0 106
2 1024
1 1024
1 1024
1 1024
0 196
0 347
2 1024
2 1024
1 1024
1 1024
1 1024
0 718
1 1024
1 1024
0 133
3 1024
3 1024
0 397
0 681
0 466
1 1024
1 1024
0 132
4 1024
1 1024
0 472
0 430
1 1024
1 1024
2 1024
1 1024
2 1024
2 1024
1 1024
0 283
3 1024
0 298
1 1024
3 1024
2 1024
1 1024
0 76
0 558
1 1024
2 1024
1 1024
1 1024
1 1024
0 337
1 1024
1 1024
2 1024
0 470
0 850
1 1024
2 1024
2 1024
1 1024
2 1024
1 1024
2 1024
1 1024
1 1024
1 1024
0 173
1 1024
0 422
2 1024
0 552
2 1024
0 315
1 1024
3 1024
1 1024
0 342
0 52
1 1024
1 1024
1 1024
0 338
2 1024
1 1024
0 353
2 1024
0 37
0 179
0 155
1 1024
0 29
2 1024
2 1024
2 1024
0 243
1 1024
0 57
2 1024
0 389
0 977
0 142
2 1024
1 1024
0 362
1 1024
0 255
0 189
1 1024
2 1024
3 1024
0 190
1 1024
1 1024
3 1024
1 1024
3 1024
1 1024
1 1024
2 1024
1 1024
1 1024
0 143
4 1024
1 1024
1 1024
0 884
0 334
1 1024
2 1024
1 1024
1 1024
1 1024
1 1024
1 1024
0 931
1 1024
1 1024
0 209
0 523
1 1024
2 1024
1 1024
1 1024
2 1024
1 1024
3 1024
0 568
0 132
2 1024
2 1024
2 1024
0 131
1 1024
2 1024
0 329
1 1024
2 1024
2 1024
1 1024
3 1024
1 1024
2 1024
2 1024
0 209
1 1024
1 1024
0 1011
1 1024
0 630
2 1024
1 1024
1 1024
2 1024
4 1024
1 1024
0 468
0 167
1 1024
0 78
1 1024
1 1024
4 1024
2 1024
1 1024
0 894
1 1024
0 192
3 1024
0 411
1 1024
1 1024
1 1024
1 1024
0 184
0 225
1 1024
3 1024
2 1024
1 1024
1 1024
1 1024
1 1024
1 1024
1 1024
0 265
1 1024
0 372
1 1024
1 1024
2 1024
1 1024
2 1024
2 1024
0 443
2 1024
0 161
2 1024
1 1024
0 261
1 1024
2 1024
4 1024
1 1024
1 1024
2 1024
6 1024
0 671
2 1024
2 1024
1 1024
2 1024
2 1024
2 1024
1 1024
0 195
1 1024
1 1024
0 453
1 1024
1 1024
0 268
1 1024
0 134
0 185
1 1024
2 1024
3 1024
0 85
0 85
0 176
3 1024
0 530
2 1024
1 1024
1 1024
1 1024
1 1024
1 1024
1 1024
0 117
1 1024
1 1024
0 324
2 1024
0 29
2 1024
3 1024
1 1024
2 1024
0 462
0 428
1 1024
2 1024
1 1024
1 1024
4 1024
1 1024
1 1024
2 1024
3 1024
0 158
1 1024
0 754
5 1024
2 1024
4 1024
1 1024
1 1024
1 1024
0 244
0 245
1 1024
2 1024
3 1024
0 956
1 1024
0 216
4 1024
3 1024
0 398
0 933
3 1024
0 226
0 765
0 47
2 1024
0 252
3 1024
1 1024
2 1024
2 1024
1 1024
2 1024
2 1024
1 1024
0 600
1 1024
1 1024
0 220
0 320
1 1024
0 155
0 271
1 1024
1 1024
1 1024
1 1024
1 1024
1 1024
1 1024
3 1024
2 1024
0 124
2 1024
2 1024
0 165
1 1024
0 543
1 1024
1 1024
2 1024
0 30
0 323
1 1024
3 1024
2 1024
1 1024
0 195
0 80
0 250
2 1024
1 1024
2 1024
0 1007
1 1024
1 1024
1 1024
0 428
1 1024
1 1024
0 308
2 1024
2 1024
1 1024
2 1024
1 1024
1 1024
3 1024
0 202
1 1024
2 1024
2 1024
3 1024
1 1024
1 1024
3 1024
4 1024
0 897
2 1024
2 1024
0 165
0 132
1 1024
2 1024
0 129
0 416
2 1024
2 1024
0 638
1 1024
0 238
0 132
1 1024
0 258
1 1024
1 1024
1 1024
1 1024
0 181
4 1024
0 62
2 1024
1 1024
0 181
0 129
0 190
1 1024
1 1024
1 1024
0 264
2 1024
1 1024
1 1024
1 1024
2 1024
3 1024
0 299
1 1024
3 1024
1 1024
2 1024
2 1024
0 338
3 1024
2 1024
2 1024
0 799
1 1024
2 1024
2 1024
0 349
1 1024
2 1024
0 401
1 1024
0 74
0 222
1 1024
3 1024
1 1024
1 1024
3 1024
2 1024
1 1024
1 1024
0 298
1 1024
0 172
1 1024
0 220
0 142
1 1024
2 1024
1 1024
2 1024
1 1024
0 79
1 1024
2 1024
4 1024
0 190
2 1024
0 716
1 1024
0 580
0 156
1 1024
1 1024
1 1024
2 1024
1 1024
1 1024
0 64
1 1024
1 1024
1 1024
0 602
1 1024
1 1024
1 1024
2 1024
3 1024
2 1024
1 1024
0 249
1 1024
1 1024
1 1024
0 387
0 254
1 1024
1 1024
1 1024
1 1024
0 392
2 1024
0 243
1 1024
1 1024
2 1024
4 1024
3 1024
1 1024
2 1024
0 520
1 1024
0 722
1 1024
2 1024
2 1024
1 1024
3 1024
0 169
1 1024
0 133
2 1024
2 1024
0 162
0 204
0 119
2 1024
2 1024
1 1024
1 1024
1 1024
1 1024
0 700
1 1024
2 1024
0 732
0 143
2 1024
0 699
2 1024
1 1024
0 279
0 500
2 1024
1 1024
2 1024
1 1024
1 1024
1 1024
0 111
0 544
1 1024
1 1024
1 1024
2 1024
0 326
2 1024
0 183
1 1024
0 54
2 1024
1 1024
2 1024
0 404
2 1024
0 922
2 1024
1 1024
2 1024
0 319
1 1024
3 1024
0 131
0 311
0 557
1 1024
1 1024
4 1024
1 1024
0 291
1 1024
0 75
1 1024
1 1024
0 705
2 1024
0 124
1 1024
0 289
2 1024
1 1024
1 1024
3 1024
1 1024
3 1024
3 1024
4 1024
0 82
0 204
0 243
1 1024
0 105
0 372
0 196
1 1024
0 857
2 1024
1 1024
0 427
0 64
4 1024
1 1024
5 1024
1 1024
1 1024
2 1024
0 55
2 1024
2 1024
2 1024
0 508
1 1024
1 1024
0 483
1 1024
1 1024
5 1024
0 81
2 1024
3 1024
0 1014
2 1024
0 352
0 199
1 1024
3 1024
1 1024
0 572
1 1024
1 1024
2 1024
0 994
1 1024
0 343
2 1024
2 1024
1 1024
2 1024
2 1024
0 808
2 1024
0 541
2 1024
2 1024
1 1024
3 1024
0 175
0 548
2 1024
1 1024
4 1024
1 1024
0 705
2 1024
2 1024
5 1024
1 1024
1 1024
0 762
0 222
1 1024
0 323
1 1024
0 237
0 166
1 1024
0 117
6 1024
0 190
0 147
1 1024
2 1024
0 133
0 623
1 1024
4 1024
3 1024
2 1024
1 1024
0 481
0 330
1 1024
2 1024
1 1024
2 1024
3 1024
1 1024
1 1024
2 1024
1 1024
1 1024
2 1024
2 1024
0 120
2 1024
3 1024
2 1024
3 1024
1 1024
3 1024
1 1024
2 1024
0 45
1 1024
1 1024
0 365
1 1024
3 1024
0 469
1 1024
1 1024
0 288
1 1024
1 1024
2 1024
0 351
1 1024
2 1024
1 1024
2 1024
2 1024
0 194
0 112
1 1024
0 231
2 1024
1 1024
0 181
3 1024
0 88
1 1024
0 272
1 1024
0 421
1 1024
2 1024
2 1024
1 1024
1 1024
1 1024
0 172
1 1024
2 1024
0 90
2 1024
0 872
1 1024
1 1024
3 1024
0 407
0 561
1 1024
2 1024
0 113
3 1024
1 1024
0 134
0 175
0 389
0 48
1 1024
3 1024
1 1024
1 1024
2 1024
0 826
3 1024
1 1024
3 1024
1 1024
1 1024
2 1024
2 1024
1 1024
1 1024
0 145
1 1024
1 1024
1 1024
0 161
2 1024
1 1024
1 1024
0 626
1 1024
0 572
0 575
2 1024
0 50
0 156
4 1024
1 1024
2 1024
0 241
1 1024
1 1024
1 1024
1 1024
1 1024
1 1024
3 1024
1 1024
1 1024
0 808
0 190
1 1024
0 305
2 1024
2 1024
0 204
1 1024
1 1024
0 208
0 186
1 1024
1 1024
0 229
0 241
1 1024
0 137
2 1024
2 1024
1 1024
1 1024
1 1024
1 1024
2 1024
0 195
0 182
2 1024
0 244
0 414
1 1024
1 1024
1 1024
1 1024
0 230
2 1024
0 239
1 1024
1 1024
2 1024
0 99
1 1024
2 1024
1 1024
0 374
1 1024
0 300
1 1024
1 1024
1 1024
4 1024
0 220
0 262
1 1024
1 1024
2 1024
1 1024
0 937
3 1024
1 1024
2 1024
1 1024
1 1024
2 1024
0 245
0 296
0 431
0 405
0 86
0 480
1 1024
1 1024
0 189
1 1024
0 367
1 1024
2 1024
2 1024
1 1024
1 1024
1 1024
0 41
1 1024
0 107
2 1024
1 1024
0 589
0 778
1 1024
0 231
1 1024
0 222
0 821
2 1024
0 198
0 907
0 740
2 1024
1 1024
0 435
1 1024
1 1024
0 386
0 204
1 1024
0 382
0 92
2 1024
1 1024
0 271
0 847
2 1024
3 1024
4 1024
1 1024
0 108
1 1024
1 1024
1 1024
4 1024
1 1024
2 1024
0 507
3 1024
0 806
2 1024
1 1024
1 1024
0 690
2 1024
3 1024
2 1024
0 124
2 1024
0 236
0 777
3 1024
1 1024
2 1024
0 84
0 924
0 701
1 1024
0 184
3 1024
1 1024
1 1024
0 860
1 1024
1 1024
2 1024
0 441
0 154
0 480
1 1024
1 1024
1 1024
1 1024
0 203
0 277
1 1024
0 76
1 1024
2 1024
0 64
0 235
0 511
1 1024
3 1024
1 1024
1 1024
1 1024
3 1024
0 122
2 1024
1 1024
2 1024
1 1024
1 1024
2 1024
2 1024
1 1024
0 133
1 1024
1 1024
2 1024
0 340
5 1024
1 1024
1 1024
2 1024
1 1024
0 289
3 1024
0 201
2 1024
2 1024
0 682
3 1024
1 1024
1 1024
1 1024
2 1024
2 1024
1 1024
0 278
1 1024
0 1016
4 1024
1 1024
1 1024
0 301
0 336
0 129
1 1024
3 1024
2 1024
0 965
1 1024
0 45
1 1024
0 195
0 170
0 700
0 208
2 1024
0 218
0 552
0 770
0 415
0 64
0 148
1 1024
0 265
2 1024
3 1024
0 151
1 1024
1 1024
5 1024
1 1024
2 1024
4 1024
3 1024
0 173
0 480
0 184
1 1024
1 1024
2 1024
3 1024
1 1024
1 1024
1 1024
1 1024
2 1024
2 1024
0 673
2 1024
2 1024
0 542
0 298
0 260
2 1024
2 1024
0 188
2 1024
0 681
0 882
1 1024
0 258
2 1024
0 289
3 1024
0 122
2 1024
1 1024
0 224
0 154
2 1024
2 1024
1 1024
1 1024
1 1024
2 1024
1 1024
0 73
1 1024
1 1024
0 161
3 1024
0 136
0 608
2 1024
3 1024
1 1024
0 420
4 1024
1 1024
0 219
1 1024
0 285
2 1024
1 1024
1 1024
1 1024
3 1024
1 1024
0 36
0 263
1 1024
2 1024
1 1024
3 1024
2 1024
1 1024
3 1024
1 1024
1 1024
0 146
2 1024
0 494
1 1024
2 1024
1 1024
0 599
1 1024
1 1024
1 1024
1 1024
0 171
0 323
1 1024
0 289
0 820
2 1024
1 1024
1 1024
1 1024
1 1024
1 1024
1 1024
2 1024
0 177
1 1024
3 1024
2 1024
0 552
1 1024
0 537
2 1024
0 166
2 1024
2 1024
1 1024
0 357
0 195
0 115
1 1024
1 1024
0 270
0 940
1 1024
2 1024
0 90
3 1024
1 1024
2 1024
0 153
3 1024
2 1024
2 1024
1 1024
0 229
2 1024
1 1024
0 239
0 419
1 1024
1 1024
3 1024
0 271
0 210
0 93
2 1024
0 624
4 1024
1 1024
1 1024
0 771
1 1024
0 210
0 211
2 1024
2 1024
3 1024
0 120
1 1024
2 1024
3 1024
1 1024
3 1024
1 1024
1 1024
0 261
0 591
1 1024
1 1024
4 1024
2 1024
1 1024
1 1024
0 308
1 1024
1 1024
1 1024
1 1024
0 38
0 433
2 1024
1 1024
1 1024
0 45
0 868
0 163
1 1024
1 1024
2 1024
1 1024
4 1024
0 139
0 246
0 86
1 1024
0 273
0 248
0 284
3 1024
1 1024
0 486
1 1024
2 1024
3 1024
2 1024
3 1024
1 1024
3 1024
1 1024
1 1024
3 1024
2 1024
1 1024
0 448
0 191
3 1024
1 1024
4 1024
3 1024
2 1024
0 336
1 1024
2 1024
0 224
5 1024
2 1024
1 1024
1 1024
1 1024
1 1024
1 1024
0 25
0 245
1 1024
3 1024
0 389
0 139
1 1024
1 1024
2 1024
0 56
0 222
0 207
0 43
2 1024
0 116
1 1024
3 1024
1 1024
0 872
0 164
0 643
2 1024
0 230
1 1024
1 1024
0 249
1 1024
1 1024
0 557
1 1024
2 1024
3 1024
1 1024
1 1024
2 1024
1 1024
0 136
0 104
1 1024
1 1024
0 776
3 1024
1 1024
1 1024
0 423
2 1024
0 411
1 1024
2 1024
1 1024
0 427
0 157
0 935
1 1024
0 621
3 1024
1 1024
2 1024
0 471
3 1024
1 1024
1 1024
1 1024
2 1024
0 398
2 1024
0 801
0 303
0 89
2 1024
2 1024
1 1024
1 1024
1 1024
0 217
1 1024
3 1024
0 251
1 1024
2 1024
4 1024
2 1024
1 1024
1 1024
3 1024
2 1024
1 1024
1 1024
0 216
0 229
0 303
0 197
1 1024
0 173
3 1024
0 720
2 1024
0 335
2 1024
4 1024
0 62
0 176
0 493
1 1024
2 1024
2 1024
2 1024
1 1024
1 1024
2 1024
1 1024
1 1024
1 1024
1 1024
0 786
1 1024
0 594
0 110
2 1024
0 711
2 1024
1 1024
0 114
0 723
1 1024
2 1024
1 1024
2 1024
3 1024
2 1024
1 1024
1 1024
1 1024
1 1024
0 315
3 1024
2 1024
0 289
0 145
2 1024
1 1024
1 1024
0 95
3 1024
1 1024
0 175
0 271
0 356
2 1024
2 1024
0 698
3 1024
3 1024
1 1024
1 1024
3 1024
1 1024
0 257
2 1024
0 275
3 1024
2 1024
1 1024
0 103
2 1024
3 1024
0 522
1 1024
3 1024
3 1024
1 1024
5 1024
2 1024
1 1024
1 1024
1 1024
1 1024
3 1024
0 196
3 1024
2 1024
0 581
0 101
3 1024
1 1024
1 1024
1 1024
1 1024
2 1024
2 1024
0 108
1 1024
2 1024
0 233
3 1024
2 1024
0 87
3 1024
0 184
2 1024
0 132
2 1024
1 1024
0 216
0 388
0 452
4 1024
1 1024
1 1024
1 1024
2 1024
1 1024
1 1024
0 159
3 1024
0 296
0 87
2 1024
1 1024
0 328
1 1024
1 1024
3 1024
2 1024
0 521
2 1024
1 1024
0 94
1 1024
0 544
0 790
1 1024
2 1024
0 205
0 320
2 1024
1 1024
0 113
3 1024
1 1024
0 323
1 1024
0 110
0 107
1 1024
2 1024
0 182
4 1024
2 1024
2 1024
2 1024
0 190
1 1024
3 1024
1 1024
0 149
1 1024
1 1024
4 1024
0 303
2 1024
2 1024
1 1024
1 1024
1 1024
2 1024
1 1024
1 1024
0 513
0 506
3 1024
0 44
0 149
2 1024
3 1024
1 1024
0 379
3 1024
3 1024
0 282
1 1024
2 1024
1 1024
2 1024
2 1024
3 1024
0 94
1 1024
3 1024
2 1024
2 1024
1 1024
0 205
3 1024
1 1024
2 1024
2 1024
2 1024
2 1024
0 429
0 130
1 1024
1 1024
1 1024
1 1024
1 1024
0 225
3 1024
1 1024
1 1024
1 1024
2 1024
0 578
1 1024
1 1024
1 1024
0 525
2 1024
2 1024
0 985
4 1024
0 717
0 191
1 1024
0 269
0 884
0 381
2 1024
1 1024
1 1024
0 617
0 29
0 129
0 707
1 1024
2 1024
0 202
1 1024
2 1024
2 1024
1 1024
1 1024
1 1024
4 1024
1 1024
0 489
1 1024
2 1024
2 1024
1 1024
1 1024
2 1024
2 1024
4 1024
2 1024
2 1024
4 1024
3 1024
2 1024
2 1024
0 97
1 1024
1 1024
2 1024
0 112
0 331
3 1024
2 1024
1 1024
1 1024
1 1024
1 1024
2 1024
0 180
0 326
2 1024
1 1024
1 1024
0 232
2 1024
1 1024
1 1024
0 171
1 1024
0 293
0 639
0 280
1 1024
1 1024
0 369
0 78
2 1024
1 1024
0 361
0 955
0 257
1 1024
1 1024
0 153
0 54
2 1024
2 1024
0 402
1 1024
4 1024
0 191
4 1024
1 1024
4 1024
0 325
1 1024
1 1024
0 327
0 959
0 654
1 1024
0 491
1 1024
1 1024
0 111
3 1024
1 1024
1 1024
0 637
0 452
0 157
1 1024
1 1024
1 1024
0 165
1 1024
1 1024
0 80
2 1024
2 1024
1 1024
0 342
2 1024
2 1024
2 1024
1 1024
1 1024
1 1024
1 1024
0 144
0 887
2 1024
3 1024
3 1024
2 1024
2 1024
1 1024
0 706
0 176
0 461
1 1024
3 1024
1 1024
0 770
0 298
4 1024
0 881
2 1024
0 377
1 1024
1 1024
0 704
0 208
1 1024
0 243
0 532
1 1024
1 1024
0 147
0 168
0 342
1 1024
0 189
0 409
3 1024
0 420
1 1024
3 1024
1 1024
1 1024
3 1024
0 106
0 202
1 1024
3 1024
1 1024
2 1024
2 1024
2 1024
0 175
1 1024
1 1024
1 1024
1 1024
0 28
2 1024
2 1024
1 1024
3 1024
1 1024
2 1024
2 1024
0 85
0 386
0 249
2 1024
0 840
1 1024
2 1024
0 362
2 1024
2 1024
0 141
1 1024
2 1024
1 1024
4 1024
0 359
0 262
0 32
1 1024
2 1024
1 1024
2 1024
1 1024
0 322
0 719
0 252
0 884
0 109
3 1024
3 1024
2 1024
1 1024
1 1024
0 431
1 1024
1 1024
1 1024
1 1024
2 1024
1 1024
1 1024
3 1024
1 1024
0 882
0 213
0 946
3 1024
1 1024
1 1024
0 376
0 96
1 1024
4 1024
1 1024
0 267
0 419
1 1024
0 262
5 1024
1 1024
2 1024
1 1024
1 1024
1 1024
2 1024
1 1024
2 1024
2 1024
1 1024
0 422
1 1024
2 1024
3 1024
1 1024
2 1024
1 1024
1 1024
0 227
1 1024
2 1024
4 1024
1 1024
1 1024
1 1024
1 1024
1 1024
0 789
0 139
0 329
0 91
0 56
1 1024
0 564
2 1024
0 429
1 1024
2 1024
0 381
0 153
0 136
2 1024
0 183
1 1024
2 1024
1 1024
2 1024
1 1024
0 543
1 1024
3 1024
1 1024
2 1024
0 147
1 1024
1 1024
1 1024
0 203
0 761
0 180
0 71
1 1024
0 192
0 432
0 81
1 1024
1 1024
2 1024
2 1024
2 1024
0 115
0 300
2 1024
0 207
2 1024
2 1024
2 1024
1 1024
0 403
1 1024
0 335
0 200
1 1024
0 620
2 1024
0 801
0 955
4 1024
1 1024
3 1024
0 251
1 1024
0 215
2 1024
0 163
2 1024
0 124
1 1024
0 331
0 525
2 1024
0 182
1 1024
3 1024
1 1024
1 1024
2 1024
1 1024
1 1024
0 428
2 1024
2 1024
1 1024
3 1024
0 87
2 1024
2 1024
0 570
0 820
1 1024
0 723
0 998
1 1024
1 1024
1 1024
1 1024
1 1024
0 145
1 1024
0 200
2 1024
2 1024
0 181
0 314
1 1024
2 1024
0 161
1 1024
1 1024
2 1024
0 347
3 1024
1 1024
0 220
0 177
0 188
3 1024
2 1024
2 1024
0 76
2 1024
0 317
0 925
1 1024
0 88
1 1024
0 118
2 1024
2 1024
0 60
0 726
1 1024
0 359
1 1024
0 885
0 623
0 313
0 149
3 1024
0 175
3 1024
2 1024
4 1024
0 267
0 84
0 203
0 164
2 1024
1 1024
3 1024
1 1024
2 1024
3 1024
0 541
1 1024
1 1024
4 1024
0 105
4 1024
0 108
0 375
1 1024
2 1024
1 1024
2 1024
0 336
2 1024
1 1024
2 1024
3 1024
1 1024
0 91
1 1024
0 152
0 644
2 1024
1 1024
1 1024
0 206
0 426
1 1024
2 1024
2 1024
0 145
1 1024
4 1024
0 321
1 1024
1 1024
0 789
2 1024
0 512
2 1024
2 1024
1 1024
1 1024
0 411
1 1024
0 256
1 1024
1 1024
2 1024
1 1024
0 408
0 54
4 1024
1 1024
3 1024
1 1024
0 333
0 502
1 1024
0 314
1 1024
3 1024
0 150
1 1024
0 194
1 1024
0 308
1 1024
0 215
1 1024
1 1024
2 1024
2 1024
2 1024
1 1024
0 461
0 343
3 1024
2 1024
1 1024
0 364
1 1024
0 82
2 1024
1 1024
2 1024
0 645
0 257
3 1024
3 1024
1 1024
1 1024
1 1024
0 723
0 365
1 1024
1 1024
1 1024
0 318
0 140
2 1024
1 1024
1 1024
2 1024
2 1024
1 1024
0 357
0 455
1 1024
1 1024
2 1024
0 419
1 1024
1 1024
1 1024
0 317
0 414
0 151
2 1024
0 524
1 1024
2 1024
2 1024
1 1024
1 1024
0 119
1 1024
0 31
2 1024
1 1024
1 1024
0 55
0 604
2 1024
2 1024
1 1024
0 120
0 455
2 1024
3 1024
2 1024
1 1024
0 94
1 1024
0 78
2 1024
1 1024
1 1024
1 1024
1 1024
2 1024
0 419
0 774
0 797
2 1024
3 1024
1 1024
0 611
1 1024
1 1024
2 1024
0 247
0 500
0 388
0 871
3 1024
1 1024
0 343
1 1024
0 155
0 153
0 541
1 1024
1 1024
1 1024
3 1024
0 920
1 1024
1 1024
5 1024
0 648
2 1024
1 1024
0 570
1 1024
2 1024
0 729
1 1024
1 1024
1 1024
1 1024
0 92
1 1024
2 1024
0 600
0 955
2 1024
0 748
3 1024
2 1024
1 1024
2 1024
1 1024
1 1024
1 1024
1 1024
0 714
2 1024
1 1024
1 1024
1 1024
0 413
3 1024
1 1024
1 1024
1 1024
1 1024
0 873
0 675
1 1024
1 1024
1 1024
1 1024
3 1024
0 166
1 1024
3 1024
6 1024
2 1024
0 293
1 1024
1 1024
1 1024
1 1024
2 1024
3 1024
2 1024
3 1024
1 1024
1 1024
1 1024
0 395
2 1024
1 1024
1 1024
1 1024
0 292
1 1024
1 1024
1 1024
3 1024
0 159
0 227
1 1024
2 1024
1 1024
2 1024
1 1024
3 1024
1 1024
2 1024
2 1024
1 1024
0 775
1 1024
1 1024
1 1024
0 368
2 1024
1 1024
0 153
1 1024
2 1024
1 1024
0 333
1 1024
1 1024
1 1024
3 1024
0 648
1 1024
0 339
2 1024
2 1024
2 1024
3 1024
2 1024
1 1024
3 1024
1 1024
3 1024
0 446
0 317
2 1024
1 1024
2 1024
0 477
0 45
1 1024
0 548
0 31
1 1024
1 1024
2 1024
1 1024
0 154
0 181
0 269
0 204
2 1024
1 1024
1 1024
3 1024
0 339
1 1024
0 368
1 1024
2 1024
2 1024
0 408
2 1024
1 1024
0 688
0 297
1 1024
0 310
0 648
0 212
2 1024
0 168
0 377
2 1024
1 1024
1 1024
1 1024
1 1024
2 1024
0 686
2 1024
0 444
2 1024
1 1024
1 1024
1 1024
0 465
0 801
1 1024
1 1024
1 1024
2 1024
1 1024
0 529
0 202
1 1024
4 1024
1 1024
1 1024
2 1024
0 347
0 316
0 95
1 1024
3 1024
1 1024
1 1024
2 1024
1 1024
4 1024
2 1024
0 315
0 71
0 743
0 839
1 1024
1 1024
1 1024
2 1024
2 1024
1 1024
1 1024
2 1024
0 64
0 917
1 1024
1 1024
1 1024
2 1024
2 1024
0 126
3 1024
1 1024
4 1024
1 1024
1 1024
2 1024
4 1024
1 1024
1 1024
3 1024
3 1024
1 1024
1 1024
1 1024
1 1024
2 1024
2 1024
1 1024
4 1024
2 1024
1 1024
3 1024
0 479
1 1024
1 1024
1 1024
1 1024
3 1024
1 1024
3 1024
4 1024
0 262
4 1024
1 1024
0 338
0 88
0 622
3 1024
0 252
1 1024
1 1024
2 1024
0 244
2 1024
1 1024
1 1024
0 254
1 1024
0 629
0 498
1 1024
0 1012
0 327
2 1024
2 1024
2 1024
0 82
1 1024
3 1024
0 936
1 1024
1 1024
1 1024
2 1024
1 1024
2 1024
0 151
2 1024
0 189
0 569
0 105
0 236
1 1024
1 1024
0 291
3 1024
1 1024
1 1024
1 1024
1 1024
0 154
1 1024
1 1024
3 1024
1 1024
2 1024
1 1024
1 1024
3 1024
0 366
1 1024
1 1024
0 105
2 1024
1 1024
0 392
1 1024
0 378
0 414
3 1024
2 1024
1 1024
2 1024
2 1024
0 158
2 1024
0 218
5 1024
0 164
1 1024
0 348
0 121
1 1024
1 1024
0 271
1 1024
1 1024
1 1024
1 1024
1 1024
1 1024
1 1024
1 1024
1 1024
1 1024
2 1024
0 138
2 1024
0 116
2 1024
0 330
1 1024
2 1024
2 1024
1 1024
1 1024
2 1024
0 141
1 1024
0 76
1 1024
1 1024
0 91
1 1024
2 1024
2 1024
3 1024
2 1024
1 1024
3 1024
0 156
1 1024
4 1024
1 1024
0 133
2 1024
2 1024
0 677
2 1024
3 1024
0 148
1 1024
4 1024
0 156
0 460
2 1024
0 443
0 109
1 1024
1 1024
2 1024
0 234
1 1024
0 561
0 725
0 60
1 1024
1 1024
0 388
0 613
0 605
2 1024
1 1024
2 1024
0 401
1 1024
1 1024
1 1024
1 1024
2 1024
2 1024
0 258
3 1024
2 1024
1 1024
2 1024
1 1024
1 1024
2 1024
2 1024
1 1024
1 1024
2 1024
2 1024
0 193
0 116
0 880
2 1024
0 401
2 1024
0 835
1 1024
0 377
0 58
1 1024
1 1024
1 1024
2 1024
0 185
2 1024
1 1024
0 524
1 1024
0 511
1 1024
1 1024
0 102
1 1024
1 1024
0 348
2 1024
1 1024
0 470
2 1024
1 1024
0 38
0 201
1 1024
1 1024
1 1024
2 1024
2 1024
3 1024
2 1024
1 1024
2 1024
2 1024
3 1024
1 1024
0 502
3 1024
2 1024
0 140
2 1024
1 1024
0 861
1 1024
3 1024
1 1024
1 1024
1 1024
2 1024
4 1024
1 1024
1 1024
0 957
0 397
1 1024
2 1024
1 1024
1 1024
2 1024
0 425
2 1024
0 26
1 1024
0 941
4 1024
2 1024
2 1024
1 1024
3 1024
4 1024
1 1024
3 1024
1 1024
1 1024
0 176
1 1024
2 1024
2 1024
2 1024
0 782
0 463
1 1024
1 1024
2 1024
1 1024
3 1024
2 1024
1 1024
0 146
0 112
3 1024
2 1024
1 1024
1 1024
2 1024
0 249
2 1024
1 1024
0 227
2 1024
1 1024
0 266
0 192
1 1024
1 1024
0 118
1 1024
0 195
1 1024
0 446
2 1024
3 1024
0 287
2 1024
2 1024
2 1024
0 188
1 1024
3 1024
2 1024
3 1024
1 1024
2 1024
1 1024
0 331
2 1024
1 1024
0 217
1 1024
1 1024
2 1024
2 1024
0 280
1 1024
0 597
1 1024
1 1024
2 1024
1 1024
0 250
2 1024
1 1024
1 1024
1 1024
1 1024
2 1024
2 1024
2 1024
0 873
1 1024
0 169
1 1024
1 1024
1 1024
3 1024
1 1024
1 1024
2 1024
0 310
1 1024
0 92
2 1024
0 85
2 1024
1 1024
2 1024
2 1024
1 1024
2 1024
2 1024
0 254
0 184
1 1024
0 165
0 580
1 1024
4 1024
3 1024
1 1024
0 228
2 1024
1 1024
3 1024
1 1024
1 1024
0 285
1 1024
1 1024
1 1024
1 1024
1 1024
0 121
1 1024
2 1024
3 1024
1 1024
2 1024
1 1024
0 168
4 1024
3 1024
3 1024
0 160
1 1024
1 1024
1 1024
0 239
2 1024
2 1024
2 1024
2 1024
0 53
1 1024
1 1024
0 852
3 1024
0 519
1 1024
2 1024
4 1024
0 194
0 167
2 1024
2 1024
2 1024
3 1024
0 972
0 143
1 1024
1 1024
1 1024
2 1024
2 1024
2 1024
1 1024
2 1024
1 1024
0 238
1 1024
1 1024
0 140
4 1024
1 1024
1 1024
2 1024
1 1024
3 1024
1 1024
0 348
0 329
3 1024
1 1024
2 1024
0 152
1 1024
0 85
1 1024
1 1024
2 1024
1 1024
1 1024
0 597
1 1024
0 451
1 1024
2 1024
1 1024
0 748
0 651
0 192
0 778
2 1024
3 1024
0 178
3 1024
0 381
2 1024
0 68
1 1024
1 1024
2 1024
2 1024
0 239
0 355
2 1024
1 1024
3 1024
1 1024
0 251
3 1024
0 946
2 1024
4 1024
3 1024
2 1024
2 1024
0 291
1 1024
0 407
0 134
2 1024
2 1024
1 1024
1 1024
1 1024
2 1024
3 1024
1 1024
0 318
1 1024
2 1024
3 1024
2 1024
0 335
1 1024
1 1024
1 1024
0 834
2 1024
1 1024
1 1024
0 344
4 1024
1 1024
0 52
1 1024
5 1024
2 1024
2 1024
0 238
1 1024
1 1024
1 1024
1 1024
0 527
0 311
0 416
0 349
0 150
2 1024
0 154
2 1024
0 539
2 1024
1 1024
1 1024
1 1024
4 1024
1 1024
1 1024
0 216
1 1024
2 1024
1 1024
1 1024
0 697
1 1024
1 1024
2 1024
1 1024
0 136
1 1024
0 504
0 504
0 294
1 1024
1 1024
2 1024
0 246
0 951
1 1024
2 1024
1 1024
1 1024
0 149
1 1024
1 1024
2 1024
1 1024
0 82
1 1024
5 1024
1 1024
1 1024
2 1024
2 1024
1 1024
1 1024
2 1024
2 1024
0 160
0 211
3 1024
0 156
0 570
0 243
1 1024
4 1024
0 341
1 1024
2 1024
2 1024
2 1024
0 376
1 1024
0 846
2 1024
1 1024
0 353
1 1024
0 355
2 1024
0 318
1 1024
1 1024
0 583
3 1024
1 1024
2 1024
1 1024
3 1024
1 1024
2 1024
1 1024
0 133
0 605
0 49
2 1024
0 251
0 424
2 1024
0 67
2 1024
1 1024
0 490
1 1024
0 64
1 1024
0 215
0 404
2 1024
2 1024
1 1024
0 249
0 432
0 621
0 163
1 1024
1 1024
1 1024
1 1024
1 1024
0 36
2 1024
0 105
1 1024
4 1024
0 284
3 1024
0 871
1 1024
2 1024
3 1024
0 387
0 486
1 1024
1 1024
0 192
1 1024
1 1024
2 1024
0 345
4 1024
0 283
2 1024
1 1024
0 281
1 1024
2 1024
1 1024
0 464
1 1024
0 428
0 380
0 593
0 191
2 1024
2 1024
2 1024
0 410
0 135
1 1024
0 890
2 1024
1 1024
0 893
0 691
1 1024
1 1024
0 393
1 1024
0 73
1 1024
2 1024
1 1024
0 84
0 292
0 382
0 315
4 1024
2 1024
1 1024
1 1024
0 221
2 1024
1 1024
1 1024
0 283
3 1024
1 1024
1 1024
1 1024
0 72
0 186
0 221
3 1024
2 1024
2 1024
0 618
0 139
2 1024
1 1024
2 1024
1 1024
2 1024
2 1024
1 1024
2 1024
1 1024
3 1024
1 1024
