# SA for random K-SAT
# K = 3   N = 32768   M = 132096   seed = 4173827003
# alpha = 4.031250   nIter = 131072  Tmax = 0.200000
# 1:lowestUnsat  2:runTime
0 88109
0 86992
0 75614
3 131072
0 117026
0 85225
0 80943
2 131072
0 110911
0 87596
1 131072
0 81675
2 131072
0 123244
0 69402
4 131072
1 131072
0 96330
0 94897
0 106797
2 131072
0 94361
2 131072
3 131072
1 131072
0 107581
0 65883
0 73303
2 131072
1 131072
0 72002
1 131072
1 131072
0 76626
0 114304
0 120469
2 131072
2 131072
0 129588
0 96123
2 131072
0 61759
0 87579
0 103572
1 131072
1 131072
0 69553
0 118231
1 131072
0 103112
0 102658
0 66473
1 131072
2 131072
0 92322
1 131072
0 84959
0 94455
0 105677
1 131072
1 131072
1 131072
3 131072
0 84358
0 80530
2 131072
2 131072
1 131072
0 65162
3 131072
1 131072
2 131072
0 124910
1 131072
0 79831
0 93783
0 92269
2 131072
0 76073
1 131072
1 131072
0 85576
1 131072
0 108842
1 131072
2 131072
0 81870
1 131072
1 131072
0 66729
1 131072
1 131072
2 131072
1 131072
0 95252
2 131072
1 131072
1 131072
1 131072
0 113532
0 64438
1 131072
2 131072
0 98896
2 131072
0 57560
0 123918
0 115573
0 66012
0 124036
2 131072
0 119083
0 119698
0 69716
1 131072
0 127735
2 131072
0 81830
0 86936
1 131072
1 131072
2 131072
0 67710
1 131072
0 87816
0 69136
2 131072
1 131072
1 131072
1 131072
0 72863
0 91093
1 131072
0 93217
0 109638
1 131072
0 83119
0 94893
1 131072
0 73527
1 131072
2 131072
1 131072
0 89650
1 131072
2 131072
0 107439
0 82513
3 131072
3 131072
0 76058
0 66081
1 131072
2 131072
1 131072
0 112904
0 85386
2 131072
0 71839
1 131072
3 131072
2 131072
1 131072
0 70628
1 131072
0 62614
0 103208
2 131072
2 131072
1 131072
3 131072
1 131072
0 64004
1 131072
0 75095
1 131072
1 131072
0 73200
1 131072
1 131072
1 131072
0 69796
1 131072
0 89300
5 131072
1 131072
0 68746
1 131072
1 131072
1 131072
1 131072
0 127226
6 131072
3 131072
1 131072
0 77959
1 131072
1 131072
2 131072
0 74804
1 131072
0 77944
0 94491
1 131072
3 131072
1 131072
2 131072
0 108769
0 75134
1 131072
0 117135
0 111530
0 116624
2 131072
0 81157
2 131072
0 114023
1 131072
1 131072
0 80555
0 68485
0 122383
1 131072
1 131072
0 102282
2 131072
0 71303
0 120649
0 121681
2 131072
0 74906
2 131072
0 87150
1 131072
0 88677
1 131072
1 131072
1 131072
1 131072
1 131072
0 104282
4 131072
0 117596
1 131072
0 100979
1 131072
1 131072
1 131072
0 99943
0 75100
0 104856
0 70951
0 125346
0 129995
0 68702
1 131072
2 131072
0 86418
1 131072
0 69571
0 124860
1 131072
0 100216
0 129575
1 131072
0 69565
5 131072
1 131072
0 112011
0 88643
1 131072
1 131072
0 65911
1 131072
0 68193
0 86729
1 131072
1 131072
1 131072
2 131072
0 83503
1 131072
0 90332
0 83568
2 131072
2 131072
0 65131
0 86678
1 131072
0 95143
0 97032
0 80021
0 104047
0 73125
3 131072
1 131072
1 131072
0 66739
0 113625
1 131072
1 131072
0 73126
1 131072
1 131072
0 92476
2 131072
1 131072
0 71790
1 131072
0 107976
1 131072
0 126997
1 131072
0 66874
1 131072
1 131072
1 131072
0 83483
1 131072
1 131072
2 131072
0 128784
3 131072
0 63746
2 131072
0 88770
1 131072
0 88877
1 131072
1 131072
2 131072
1 131072
2 131072
0 129273
1 131072
1 131072
0 78689
2 131072
0 100756
1 131072
1 131072
1 131072
1 131072
0 87658
0 75201
1 131072
0 77927
0 90006
1 131072
0 67334
0 107550
0 124197
2 131072
0 69173
0 74289
1 131072
1 131072
1 131072
3 131072
1 131072
1 131072
1 131072
1 131072
0 98932
2 131072
1 131072
2 131072
0 83737
0 83388
2 131072
0 99559
0 73624
1 131072
2 131072
1 131072
2 131072
2 131072
3 131072
0 73901
0 90112
1 131072
2 131072
0 74753
0 70624
1 131072
3 131072
2 131072
1 131072
2 131072
0 125145
0 95489
0 90170
0 76648
5 131072
0 112741
0 81195
0 74579
0 121762
0 78140
1 131072
0 106483
0 64340
2 131072
2 131072
0 64991
1 131072
0 104352
1 131072
0 68014
0 113108
0 126207
0 113903
0 81764
1 131072
3 131072
3 131072
0 112714
0 75189
0 70330
0 119104
1 131072
0 82190
0 81272
0 87146
2 131072
1 131072
3 131072
6 131072
1 131072
2 131072
1 131072
1 131072
1 131072
1 131072
0 120178
2 131072
2 131072
1 131072
0 83532
1 131072
0 76104
1 131072
0 91495
0 110228
0 87571
0 97195
1 131072
1 131072
1 131072
0 77222
0 121475
1 131072
1 131072
2 131072
0 122941
1 131072
1 131072
4 131072
3 131072
2 131072
0 77830
1 131072
1 131072
0 99369
1 131072
3 131072
0 99319
1 131072
1 131072
1 131072
2 131072
2 131072
2 131072
0 116612
0 82798
0 114996
0 91341
0 59969
1 131072
0 101476
0 94087
0 73636
0 110061
0 75210
2 131072
2 131072
0 76999
1 131072
0 111826
0 86407
0 87802
2 131072
1 131072
0 121524
0 126493
1 131072
1 131072
1 131072
1 131072
0 119678
0 89800
0 110848
1 131072
1 131072
2 131072
2 131072
0 70815
0 97752
1 131072
0 118310
0 119331
1 131072
1 131072
0 128774
1 131072
0 86826
1 131072
1 131072
1 131072
1 131072
2 131072
2 131072
0 114741
0 117960
1 131072
0 102350
1 131072
2 131072
2 131072
0 69642
0 70364
2 131072
0 97447
0 71057
2 131072
0 83979
1 131072
1 131072
0 105959
0 85053
1 131072
1 131072
1 131072
0 77321
2 131072
0 85560
0 123289
1 131072
3 131072
0 84147
0 110554
0 94101
1 131072
1 131072
1 131072
0 122805
1 131072
0 75449
1 131072
0 96531
1 131072
2 131072
0 96248
0 83772
1 131072
0 99708
1 131072
0 126042
0 92250
0 85731
1 131072
3 131072
0 60810
1 131072
0 79697
0 83041
1 131072
2 131072
0 124519
2 131072
1 131072
3 131072
0 85227
3 131072
1 131072
1 131072
0 73848
0 112061
1 131072
1 131072
1 131072
0 109393
3 131072
0 126218
0 111904
0 121327
0 92304
0 74891
1 131072
0 85407
1 131072
2 131072
0 72377
1 131072
0 91634
2 131072
0 83666
0 92587
0 91549
0 121566
2 131072
1 131072
0 96124
1 131072
0 76662
1 131072
0 114739
0 95587
1 131072
3 131072
0 65366
0 88463
3 131072
0 75205
0 105336
0 72030
0 111944
0 92372
2 131072
2 131072
0 106662
1 131072
0 61722
1 131072
0 61110
3 131072
1 131072
0 68876
0 108424
0 127554
1 131072
0 80831
0 129698
0 128321
1 131072
1 131072
0 95997
1 131072
1 131072
0 116434
2 131072
0 100467
0 96059
0 61598
0 121223
2 131072
1 131072
0 64900
0 79359
0 129062
0 123981
0 75813
0 95952
0 123293
0 69663
1 131072
0 72133
2 131072
0 60763
0 91254
3 131072
0 114074
1 131072
0 125274
0 102258
0 73596
0 98188
1 131072
1 131072
2 131072
1 131072
0 68740
1 131072
1 131072
0 78561
0 86056
2 131072
2 131072
0 86551
0 96234
0 91345
2 131072
1 131072
0 76238
1 131072
1 131072
0 104765
1 131072
0 112250
1 131072
2 131072
1 131072
0 90701
0 124228
0 71561
1 131072
0 117364
0 91534
1 131072
0 104627
1 131072
0 94232
0 94548
0 81798
0 57930
1 131072
0 64213
1 131072
4 131072
0 99045
4 131072
1 131072
1 131072
1 131072
0 61916
1 131072
1 131072
2 131072
3 131072
3 131072
1 131072
2 131072
2 131072
1 131072
1 131072
1 131072
0 101644
0 69246
0 80257
0 63071
1 131072
0 88218
2 131072
0 104981
0 73072
1 131072
0 124826
0 80956
0 63403
0 116330
0 81439
0 81846
0 62915
2 131072
1 131072
2 131072
0 112740
0 83066
1 131072
0 120721
1 131072
0 68482
1 131072
1 131072
0 68818
0 60681
1 131072
0 129139
1 131072
1 131072
0 76205
1 131072
0 91767
0 70016
0 75454
0 88873
0 95933
0 80775
2 131072
2 131072
0 78822
1 131072
0 104035
0 63524
0 69139
1 131072
0 100130
0 122792
0 95286
0 90924
0 110301
1 131072
0 114604
1 131072
0 82923
0 107304
1 131072
0 89508
3 131072
2 131072
1 131072
1 131072
2 131072
1 131072
0 123263
0 62413
0 66882
3 131072
0 118881
0 109236
0 107696
0 69827
1 131072
2 131072
0 72890
1 131072
3 131072
2 131072
0 85399
0 78336
1 131072
0 61177
0 77813
1 131072
2 131072
2 131072
0 95916
0 76803
1 131072
1 131072
0 81997
2 131072
0 88281
0 88631
1 131072
3 131072
1 131072
0 88892
0 79195
3 131072
0 97229
0 122664
1 131072
3 131072
0 65326
0 64849
2 131072
0 122918
1 131072
2 131072
3 131072
1 131072
1 131072
1 131072
1 131072
3 131072
0 115298
0 84205
0 64671
1 131072
1 131072
0 125404
0 128109
1 131072
0 76261
0 57833
1 131072
2 131072
0 97726
1 131072
1 131072
0 74127
0 118234
1 131072
0 92156
1 131072
0 116668
0 60865
1 131072
2 131072
0 78564
1 131072
2 131072
1 131072
0 108597
1 131072
1 131072
0 62050
0 78614
1 131072
3 131072
3 131072
0 88102
2 131072
3 131072
1 131072
1 131072
2 131072
0 59992
4 131072
0 97817
2 131072
0 72035
0 106630
0 92966
1 131072
1 131072
0 92775
0 72190
0 111537
0 78818
0 108278
1 131072
0 83776
0 99727
1 131072
0 74595
1 131072
0 86817
0 65491
1 131072
0 91276
0 103621
1 131072
0 83558
0 64116
3 131072
0 93466
0 84038
0 77077
0 114061
0 125609
0 82979
1 131072
0 72021
0 102503
0 122311
0 59817
1 131072
0 101360
1 131072
0 88100
2 131072
1 131072
0 99231
0 105738
0 120536
0 59073
0 84309
1 131072
1 131072
0 66922
0 73902
0 106276
1 131072
0 75230
1 131072
0 73918
0 108523
1 131072
1 131072
0 128382
0 120299
1 131072
1 131072
3 131072
1 131072
0 76624
1 131072
1 131072
3 131072
1 131072
2 131072
1 131072
1 131072
0 80089
2 131072
0 72607
0 65139
1 131072
2 131072
0 68913
2 131072
0 68857
1 131072
0 96007
0 101170
0 115906
0 94544
1 131072
1 131072
0 68205
0 102062
1 131072
2 131072
1 131072
0 122898
0 76116
0 94572
1 131072
0 108647
2 131072
3 131072
0 62745
0 108937
1 131072
0 74822
2 131072
2 131072
2 131072
0 114084
0 91721
0 92777
0 74870
0 80921
2 131072
1 131072
2 131072
0 80780
1 131072
0 72047
2 131072
1 131072
0 61287
2 131072
1 131072
1 131072
1 131072
1 131072
1 131072
1 131072
2 131072
0 83452
2 131072
3 131072
1 131072
1 131072
0 94082
0 97892
2 131072
2 131072
0 130666
0 109296
0 71124
0 115622
0 70640
0 77113
0 101761
0 63282
0 114258
0 74582
0 104874
0 95094
0 90979
0 76043
0 77858
0 100752
0 99763
1 131072
0 75312
1 131072
3 131072
1 131072
1 131072
0 69695
0 64776
1 131072
3 131072
1 131072
0 79577
0 85834
0 115503
1 131072
1 131072
0 88160
1 131072
0 99721
0 95906
1 131072
1 131072
3 131072
0 81012
1 131072
0 101190
0 74272
0 64130
0 68817
1 131072
0 73237
1 131072
2 131072
0 81916
1 131072
0 126159
0 100960
0 100102
1 131072
0 61310
0 77349
0 74786
0 59709
0 80548
1 131072
0 64581
1 131072
0 66239
1 131072
0 131009
0 71034
0 90019
0 84388
1 131072
0 95306
0 96795
0 82856
2 131072
1 131072
2 131072
0 100896
1 131072
2 131072
0 67660
0 73970
0 78027
0 99527
1 131072
0 79097
1 131072
1 131072
0 67594
0 127263
1 131072
1 131072
0 106960
1 131072
2 131072
1 131072
1 131072
0 71412
2 131072
1 131072
1 131072
1 131072
1 131072
2 131072
1 131072
1 131072
3 131072
0 82970
1 131072
0 64296
0 111642
3 131072
2 131072
1 131072
0 72113
0 70978
2 131072
4 131072
2 131072
0 72247
3 131072
0 122172
1 131072
2 131072
0 109843
3 131072
0 71205
1 131072
3 131072
0 119589
1 131072
1 131072
0 101954
0 96148
0 97914
1 131072
2 131072
3 131072
0 114494
0 102164
0 110717
0 76500
0 98908
0 74876
0 75861
0 69265
1 131072
0 74554
0 124420
0 81853
1 131072
2 131072
0 82064
1 131072
0 97340
0 99986
2 131072
1 131072
3 131072
1 131072
0 108460
0 82184
0 94425
0 68999
1 131072
4 131072
1 131072
1 131072
0 95923
1 131072
0 127338
3 131072
0 102881
1 131072
0 107816
0 123363
1 131072
1 131072
0 66512
0 104369
2 131072
2 131072
1 131072
0 99730
2 131072
0 62782
1 131072
2 131072
1 131072
1 131072
0 68782
0 66724
0 111120
1 131072
0 75951
0 72297
2 131072
1 131072
1 131072
2 131072
0 64107
1 131072
2 131072
1 131072
0 65594
1 131072
1 131072
1 131072
0 97849
0 69129
1 131072
1 131072
0 98699
2 131072
0 78631
0 118862
2 131072
1 131072
0 80055
1 131072
1 131072
2 131072
2 131072
1 131072
1 131072
0 85016
0 99759
1 131072
0 67347
1 131072
1 131072
1 131072
0 82433
0 80784
2 131072
3 131072
0 75663
1 131072
0 108330
1 131072
1 131072
1 131072
2 131072
0 102786
0 98076
0 75603
1 131072
0 83728
0 82956
0 78353
0 124439
0 91931
0 116619
3 131072
3 131072
2 131072
0 111143
1 131072
1 131072
0 101280
0 76493
0 90976
2 131072
1 131072
1 131072
1 131072
3 131072
1 131072
0 104113
0 67715
0 95797
0 70538
3 131072
2 131072
0 117232
2 131072
0 70083
0 126730
1 131072
1 131072
1 131072
0 72533
1 131072
0 78738
0 83444
1 131072
0 91884
2 131072
4 131072
0 81687
2 131072
2 131072
0 68459
1 131072
0 74025
0 97131
0 76351
0 83847
0 74260
1 131072
1 131072
1 131072
1 131072
2 131072
0 71861
0 129285
1 131072
0 112392
0 74015
2 131072
2 131072
0 68842
1 131072
0 70684
0 109408
1 131072
1 131072
1 131072
2 131072
0 86558
0 88694
1 131072
0 103093
1 131072
0 120572
0 98002
1 131072
1 131072
1 131072
3 131072
0 89523
2 131072
1 131072
0 128130
3 131072
1 131072
0 80031
0 104491
0 79869
0 64952
1 131072
0 111155
2 131072
0 86898
0 96135
0 81187
3 131072
2 131072
1 131072
0 117698
1 131072
0 100780
1 131072
1 131072
0 67107
1 131072
0 97646
1 131072
0 74513
4 131072
1 131072
1 131072
1 131072
1 131072
3 131072
0 119058
2 131072
1 131072
3 131072
2 131072
0 67106
1 131072
2 131072
2 131072
1 131072
0 116002
0 92121
0 82364
0 121193
0 91229
1 131072
0 78879
0 121429
0 101667
1 131072
1 131072
0 116337
0 110617
0 68163
0 68119
2 131072
0 72061
0 88083
0 115238
1 131072
1 131072
0 60953
0 75281
1 131072
0 111503
0 75884
1 131072
1 131072
0 72218
0 67764
0 122877
1 131072
0 62289
0 89209
0 87412
2 131072
0 69516
1 131072
1 131072
1 131072
0 71149
3 131072
0 103016
0 126605
0 77074
1 131072
1 131072
0 111679
2 131072
1 131072
1 131072
0 80129
2 131072
0 92082
1 131072
2 131072
0 116284
0 95321
1 131072
1 131072
0 96194
1 131072
0 110020
0 93048
1 131072
0 72114
1 131072
0 97252
0 66065
0 70874
0 81841
0 120228
1 131072
1 131072
0 70361
0 70136
1 131072
0 95556
1 131072
2 131072
0 97841
0 72030
0 121581
0 72006
3 131072
1 131072
1 131072
1 131072
3 131072
0 119079
0 86708
1 131072
0 67053
1 131072
0 121330
0 128657
1 131072
2 131072
0 62936
0 126128
0 67484
1 131072
0 76583
0 97614
0 73766
0 80555
0 128299
0 88039
0 84779
1 131072
0 70450
0 71592
0 110529
1 131072
1 131072
0 95905
0 78934
0 85235
0 117889
2 131072
1 131072
0 73604
0 77914
0 82260
0 90485
0 66114
0 65438
1 131072
1 131072
0 107184
0 97948
0 59114
1 131072
0 59778
0 61062
1 131072
2 131072
0 109518
2 131072
2 131072
0 80612
0 64936
2 131072
0 66464
2 131072
0 78543
0 124201
0 105367
0 92841
1 131072
0 106851
0 94526
0 115523
1 131072
0 77009
1 131072
0 69824
0 74354
0 62396
1 131072
1 131072
0 88453
0 94702
0 62894
1 131072
1 131072
0 81685
1 131072
1 131072
0 71735
1 131072
1 131072
1 131072
0 93331
0 91149
1 131072
0 102250
0 109282
0 81092
0 77258
1 131072
1 131072
0 71275
0 74237
1 131072
1 131072
1 131072
0 87910
0 69294
1 131072
0 92898
1 131072
0 109245
0 98955
0 78389
0 81954
0 59943
0 83740
1 131072
0 97208
0 107725
0 89580
0 101394
0 97682
1 131072
0 129484
0 71109
2 131072
0 101637
1 131072
0 69960
0 68211
1 131072
1 131072
1 131072
0 78877
0 128891
1 131072
0 69661
4 131072
2 131072
0 88827
0 72798
0 107915
0 106881
0 103844
1 131072
1 131072
2 131072
0 105282
1 131072
1 131072
0 63269
0 95932
1 131072
2 131072
1 131072
0 69289
0 80879
1 131072
1 131072
0 77922
2 131072
1 131072
0 70260
3 131072
0 107189
0 88293
1 131072
0 68856
1 131072
1 131072
1 131072
0 106812
1 131072
0 69616
1 131072
0 130811
1 131072
3 131072
0 80881
0 60458
4 131072
2 131072
1 131072
1 131072
0 109658
2 131072
1 131072
2 131072
1 131072
0 117412
0 101235
2 131072
0 68689
1 131072
1 131072
1 131072
1 131072
0 112081
1 131072
0 58350
2 131072
0 78970
1 131072
1 131072
2 131072
2 131072
1 131072
1 131072
0 89463
3 131072
0 83162
0 111204
0 90931
0 66807
1 131072
1 131072
1 131072
1 131072
1 131072
2 131072
0 62932
4 131072
0 64219
2 131072
0 69552
1 131072
7 131072
3 131072
0 125504
0 86981
0 64326
1 131072
2 131072
1 131072
1 131072
0 58142
1 131072
0 105042
0 79130
1 131072
0 130974
1 131072
1 131072
1 131072
1 131072
1 131072
0 67495
1 131072
0 87827
1 131072
0 65959
0 61592
2 131072
1 131072
0 77665
0 89582
0 129506
0 80469
2 131072
3 131072
2 131072
0 76490
2 131072
1 131072
2 131072
1 131072
2 131072
0 69771
0 88420
0 72672
0 79974
0 89901
2 131072
0 101733
0 110140
1 131072
2 131072
1 131072
0 121102
0 113893
2 131072
1 131072
1 131072
0 76595
1 131072
0 67004
0 94088
0 101285
0 109270
2 131072
0 71155
0 71134
0 93761
0 93311
0 106142
5 131072
0 111860
0 92011
2 131072
1 131072
0 85375
0 81003
1 131072
1 131072
1 131072
0 110592
1 131072
0 119524
0 98891
0 97822
0 78791
1 131072
1 131072
1 131072
1 131072
0 60677
0 62977
0 66258
0 66404
2 131072
0 74907
1 131072
0 67921
1 131072
3 131072
0 68184
2 131072
1 131072
0 77674
2 131072
0 124009
3 131072
1 131072
1 131072
0 78580
1 131072
2 131072
1 131072
1 131072
0 79278
0 97340
1 131072
2 131072
0 66811
1 131072
1 131072
0 110570
0 92875
1 131072
0 73722
0 65290
0 111039
0 102672
1 131072
0 75746
3 131072
1 131072
0 107775
0 116615
0 114927
1 131072
0 96603
2 131072
3 131072
0 66980
0 69129
2 131072
0 77268
0 66337
0 74382
2 131072
1 131072
0 57351
0 67727
0 83281
0 85710
1 131072
0 116348
1 131072
0 129857
0 93893
1 131072
0 97873
0 92976
1 131072
2 131072
0 76916
1 131072
2 131072
0 71877
0 112422
0 72265
1 131072
1 131072
0 91084
0 94489
0 62347
0 74845
1 131072
2 131072
2 131072
1 131072
1 131072
4 131072
1 131072
0 101298
0 79098
1 131072
1 131072
1 131072
0 78646
1 131072
0 69996
0 110039
1 131072
1 131072
1 131072
0 110260
0 69443
1 131072
2 131072
1 131072
3 131072
2 131072
4 131072
2 131072
0 66446
1 131072
0 68415
0 119755
1 131072
0 125189
0 89229
1 131072
0 78995
0 78874
0 96488
1 131072
1 131072
1 131072
0 78012
0 96596
0 68243
1 131072
1 131072
2 131072
3 131072
2 131072
0 75890
0 109628
0 113121
0 130785
0 97443
1 131072
1 131072
0 85237
2 131072
0 88270
2 131072
1 131072
0 64129
0 101298
0 72730
2 131072
0 87069
0 74539
2 131072
0 83416
0 69630
0 98127
1 131072
0 76208
0 117670
2 131072
1 131072
0 63832
0 89954
0 124764
0 58875
0 83503
0 60543
1 131072
1 131072
0 58500
0 85820
0 72183
3 131072
0 101913
1 131072
0 66230
1 131072
1 131072
0 106673
0 68201
1 131072
0 114155
0 74222
0 102773
2 131072
0 109602
2 131072
4 131072
1 131072
0 86257
1 131072
0 97175
0 82109
2 131072
2 131072
3 131072
0 71412
1 131072
0 95044
0 92160
0 129812
1 131072
2 131072
0 107996
1 131072
0 90570
0 79092
0 87218
1 131072
0 84327
3 131072
1 131072
0 114673
4 131072
0 67394
0 74447
1 131072
0 73406
0 103405
0 77215
0 103670
0 63648
2 131072
0 100130
2 131072
0 113595
0 103037
0 126330
1 131072
0 127801
1 131072
1 131072
0 82192
0 128901
0 71752
1 131072
3 131072
0 126790
1 131072
2 131072
2 131072
0 77982
0 126016
0 82480
0 65185
0 82014
0 73645
1 131072
0 87449
1 131072
0 108162
0 89201
1 131072
1 131072
0 109805
1 131072
0 71594
1 131072
0 123873
1 131072
1 131072
1 131072
0 82419
0 89885
1 131072
1 131072
0 69720
0 87776
0 91517
0 120763
0 125228
1 131072
1 131072
3 131072
0 97400
2 131072
0 86756
1 131072
2 131072
1 131072
2 131072
1 131072
0 61258
0 74619
0 115350
2 131072
2 131072
0 85095
0 107250
1 131072
0 88132
1 131072
1 131072
0 81724
1 131072
0 99581
5 131072
1 131072
1 131072
0 117637
1 131072
0 92879
0 84719
1 131072
1 131072
0 118605
0 114924
0 64101
2 131072
0 69696
0 75492
1 131072
0 112999
2 131072
2 131072
0 128600
1 131072
3 131072
2 131072
2 131072
0 80432
1 131072
1 131072
1 131072
0 107900
2 131072
0 117980
0 107506
2 131072
0 69372
0 96495
0 87648
2 131072
0 60455
2 131072
0 71924
0 129419
1 131072
1 131072
0 63787
0 109529
1 131072
0 109031
0 99617
0 70227
1 131072
1 131072
1 131072
1 131072
3 131072
0 69835
0 121721
1 131072
1 131072
0 80017
0 122485
1 131072
2 131072
0 76193
0 68467
0 97040
1 131072
1 131072
0 87914
0 77174
1 131072
0 91929
1 131072
1 131072
1 131072
3 131072
1 131072
1 131072
1 131072
1 131072
2 131072
0 60252
0 69597
1 131072
1 131072
1 131072
0 104534
0 70456
0 94326
0 63499
3 131072
0 68631
0 115142
2 131072
0 60351
1 131072
0 63015
1 131072
0 97077
0 118286
2 131072
1 131072
1 131072
1 131072
1 131072
1 131072
0 82260
1 131072
2 131072
0 68930
0 66972
1 131072
1 131072
0 113743
0 111464
0 68181
2 131072
2 131072
1 131072
0 93253
2 131072
0 111702
1 131072
1 131072
2 131072
2 131072
1 131072
2 131072
0 104789
0 94614
2 131072
1 131072
0 94898
0 76298
0 117852
0 115802
0 109136
0 59094
0 123583
0 72501
0 111320
2 131072
0 93255
0 91543
2 131072
3 131072
0 75073
1 131072
1 131072
2 131072
1 131072
0 91920
0 93258
1 131072
2 131072
1 131072
1 131072
0 75158
0 91902
1 131072
0 74123
3 131072
0 88380
1 131072
1 131072
1 131072
1 131072
1 131072
0 69494
0 73232
0 67160
0 127289
0 70637
1 131072
0 121747
1 131072
3 131072
0 73626
0 110113
0 86449
0 65219
1 131072
0 98376
2 131072
1 131072
0 66045
0 74769
3 131072
0 72270
0 57088
0 84421
1 131072
0 97456
0 86221
0 100005
1 131072
3 131072
1 131072
2 131072
0 73906
2 131072
0 65662
0 80319
0 91455
0 67987
1 131072
0 77077
0 60667
3 131072
1 131072
2 131072
2 131072
0 70530
0 86564
1 131072
0 78111
1 131072
0 114280
0 85968
1 131072
0 97241
0 130523
1 131072
1 131072
2 131072
0 90121
0 71045
2 131072
1 131072
0 130656
1 131072
0 60742
0 68625
0 113793
0 100683
2 131072
0 95728
1 131072
0 62502
0 125236
1 131072
1 131072
0 70588
0 107549
0 61553
0 109727
0 79663
0 88154
0 80026
1 131072
1 131072
0 112906
0 77199
0 99480
0 94998
0 90967
3 131072
1 131072
0 94203
2 131072
1 131072
1 131072
0 87743
0 90347
2 131072
1 131072
2 131072
0 72790
0 83318
1 131072
0 80332
1 131072
0 117247
0 112804
0 103620
1 131072
1 131072
0 92105
1 131072
0 87691
1 131072
2 131072
1 131072
2 131072
0 75303
1 131072
0 81196
1 131072
0 60852
0 70376
0 94727
0 66195
0 63450
3 131072
2 131072
0 120867
1 131072
1 131072
0 100428
1 131072
0 83953
2 131072
1 131072
1 131072
2 131072
0 85380
0 68743
0 83176
1 131072
2 131072
2 131072
0 83835
0 109120
0 74627
0 71304
0 106298
0 90875
0 65038
0 111586
2 131072
0 96192
1 131072
0 113153
0 80933
0 88876
1 131072
3 131072
0 70953
0 73423
0 67453
1 131072
0 64638
1 131072
0 89018
1 131072
0 122875
1 131072
2 131072
1 131072
2 131072
1 131072
0 127512
0 64697
1 131072
0 83585
2 131072
1 131072
0 81674
0 104768
0 130925
0 113060
1 131072
1 131072
0 68726
1 131072
0 60354
0 75392
2 131072
0 67018
2 131072
3 131072
0 96376
3 131072
0 75758
0 94357
4 131072
0 114462
0 73614
1 131072
1 131072
1 131072
1 131072
0 105783
1 131072
0 119901
1 131072
0 85892
0 124623
0 65519
1 131072
4 131072
1 131072
1 131072
0 86087
0 81248
2 131072
2 131072
0 104235
5 131072
0 78653
2 131072
3 131072
0 66047
1 131072
0 75381
0 84727
0 109759
1 131072
1 131072
0 80356
2 131072
3 131072
3 131072
1 131072
0 115256
0 87700
2 131072
1 131072
0 106066
0 113281
2 131072
0 106311
0 68495
1 131072
1 131072
1 131072
2 131072
1 131072
1 131072
0 82182
0 105468
1 131072
1 131072
0 98811
0 73187
2 131072
1 131072
0 63799
0 73222
0 89642
0 92066
0 117567
2 131072
0 97067
0 104207
1 131072
1 131072
0 97950
2 131072
0 96215
4 131072
1 131072
1 131072
0 81549
1 131072
0 88453
2 131072
0 126645
0 86269
0 81965
0 83038
1 131072
0 65559
0 87718
0 121543
0 65041
1 131072
0 104703
1 131072
0 77492
0 128165
1 131072
0 82003
3 131072
1 131072
0 89333
0 81502
3 131072
0 70443
1 131072
0 86766
1 131072
0 104837
0 64194
0 70341
0 85528
2 131072
0 65591
0 126815
2 131072
1 131072
1 131072
0 126973
1 131072
1 131072
0 116671
0 73014
3 131072
1 131072
0 91903
0 87005
1 131072
0 124892
1 131072
0 99923
0 83504
1 131072
0 101321
3 131072
2 131072
0 121449
0 81356
2 131072
1 131072
1 131072
1 131072
2 131072
2 131072
1 131072
1 131072
0 115219
1 131072
4 131072
1 131072
1 131072
0 69377
2 131072
0 66378
0 71551
3 131072
1 131072
2 131072
1 131072
2 131072
2 131072
0 72077
0 66416
1 131072
1 131072
1 131072
0 111993
0 122215
0 67509
1 131072
0 100214
0 74686
0 120158
0 83266
0 116223
1 131072
0 67702
1 131072
0 113363
1 131072
0 80232
0 123994
0 124717
2 131072
1 131072
2 131072
1 131072
0 100866
0 120245
1 131072
0 79735
1 131072
0 91605
1 131072
0 79535
0 74623
0 66704
0 81326
1 131072
0 90836
0 77916
0 84253
0 94404
0 83200
1 131072
1 131072
0 65846
3 131072
0 74914
1 131072
1 131072
0 130968
0 81563
1 131072
0 89695
2 131072
0 101979
0 67871
3 131072
2 131072
0 58687
1 131072
0 85154
0 99796
0 112311
1 131072
1 131072
1 131072
0 82501
1 131072
0 84711
0 62430
1 131072
1 131072
1 131072
1 131072
0 126290
1 131072
0 63492
1 131072
1 131072
1 131072
2 131072
1 131072
0 104047
1 131072
1 131072
0 64214
0 115618
2 131072
1 131072
0 95232
0 97487
3 131072
0 78722
0 95796
0 120437
1 131072
2 131072
0 87096
1 131072
2 131072
1 131072
1 131072
1 131072
0 74970
5 131072
2 131072
0 81750
0 120474
1 131072
0 77318
1 131072
0 57387
1 131072
0 72443
1 131072
0 90239
0 87017
1 131072
0 83067
1 131072
1 131072
0 103200
0 67978
0 74063
0 92037
0 72060
0 91741
1 131072
0 81825
0 94204
0 83711
0 100354
1 131072
1 131072
1 131072
2 131072
0 105299
0 69584
0 74910
1 131072
1 131072
1 131072
1 131072
1 131072
0 101297
1 131072
1 131072
2 131072
0 70561
0 74221
2 131072
1 131072
2 131072
0 128017
0 105885
1 131072
2 131072
0 120474
1 131072
0 85583
0 85741
0 74717
0 90103
1 131072
0 80233
0 99160
0 116144
2 131072
1 131072
2 131072
1 131072
0 129979
0 88400
0 79142
1 131072
0 106624
0 100709
0 93554
1 131072
0 80427
1 131072
0 109037
2 131072
1 131072
2 131072
0 95149
0 78467
0 79339
1 131072
0 109951
2 131072
0 83285
1 131072
5 131072
1 131072
0 76464
0 121057
0 93632
0 68812
0 65121
1 131072
0 129882
2 131072
2 131072
1 131072
1 131072
0 73477
0 128506
1 131072
1 131072
3 131072
1 131072
0 96685
2 131072
2 131072
0 115277
2 131072
5 131072
1 131072
0 107799
1 131072
1 131072
1 131072
1 131072
4 131072
2 131072
0 68831
0 74324
1 131072
1 131072
0 60001
0 71481
0 75861
2 131072
0 112454
1 131072
2 131072
0 89967
1 131072
0 90056
1 131072
0 53920
0 91687
1 131072
0 114884
1 131072
0 79112
0 64340
2 131072
0 107488
0 76674
0 117357
3 131072
0 110646
0 108726
0 76542
1 131072
1 131072
1 131072
1 131072
1 131072
2 131072
0 83795
0 92186
0 84686
3 131072
1 131072
1 131072
1 131072
0 78054
1 131072
0 101563
1 131072
2 131072
1 131072
1 131072
1 131072
0 84285
0 126450
1 131072
2 131072
2 131072
0 125647
1 131072
0 101854
2 131072
0 73107
0 97943
1 131072
0 109118
0 93873
0 80620
2 131072
0 89480
1 131072
0 74023
2 131072
0 75056
0 89420
0 130852
0 97962
1 131072
0 106625
0 68867
0 73651
0 100426
2 131072
1 131072
0 102650
1 131072
0 74883
0 122877
0 89104
1 131072
0 127121
0 93401
0 99797
0 117417
1 131072
2 131072
0 99310
0 95293
0 69493
2 131072
0 112495
1 131072
0 98127
2 131072
2 131072
0 66108
0 103545
1 131072
0 89271
1 131072
2 131072
0 89695
2 131072
0 69724
0 81766
0 125679
2 131072
1 131072
1 131072
3 131072
2 131072
1 131072
1 131072
0 113921
2 131072
2 131072
1 131072
0 74948
1 131072
0 86765
0 92477
1 131072
2 131072
0 104565
0 82140
0 69854
1 131072
0 73958
1 131072
0 108688
2 131072
0 110339
0 58605
1 131072
0 112980
0 73184
1 131072
4 131072
2 131072
0 74419
1 131072
1 131072
2 131072
2 131072
0 113591
1 131072
0 119034
1 131072
0 120061
1 131072
1 131072
0 102305
0 77929
0 70263
0 119417
0 85724
0 98180
0 71177
0 93944
0 114388
0 70065
1 131072
0 100120
1 131072
2 131072
0 84598
0 100393
0 71678
1 131072
1 131072
0 116071
1 131072
1 131072
1 131072
1 131072
0 75600
0 99537
0 82958
0 96765
0 109063
1 131072
0 102827
1 131072
1 131072
2 131072
2 131072
2 131072
0 85070
0 124293
0 97493
0 98905
1 131072
1 131072
1 131072
2 131072
0 60662
1 131072
0 88836
0 83869
0 67749
2 131072
0 66569
0 77002
2 131072
0 70858
0 95444
0 104464
1 131072
1 131072
0 97140
0 71656
1 131072
1 131072
0 112322
1 131072
1 131072
1 131072
1 131072
2 131072
1 131072
1 131072
1 131072
0 62905
0 81603
1 131072
0 81029
0 97922
0 109703
2 131072
0 119464
1 131072
0 62809
0 125469
0 73774
0 87583
1 131072
0 90135
0 119377
2 131072
0 111935
1 131072
1 131072
2 131072
2 131072
0 101955
2 131072
1 131072
1 131072
1 131072
0 116216
1 131072
0 86027
0 71789
0 112173
3 131072
1 131072
0 99403
0 63623
0 69659
2 131072
0 114500
2 131072
0 66947
0 114699
0 81784
1 131072
2 131072
0 105588
1 131072
2 131072
0 73199
0 120606
2 131072
3 131072
0 80949
0 117392
0 74945
3 131072
1 131072
1 131072
3 131072
1 131072
1 131072
0 82348
0 79042
0 91971
0 87294
2 131072
0 76485
1 131072
1 131072
0 62719
1 131072
3 131072
2 131072
1 131072
0 71980
0 115164
0 84020
0 79255
0 105157
0 111823
1 131072
0 120519
0 72593
0 80300
0 100215
4 131072
0 102051
0 105421
4 131072
2 131072
0 66073
1 131072
1 131072
1 131072
0 104271
0 120116
0 120167
0 69487
0 100936
2 131072
0 115368
2 131072
1 131072
0 67583
5 131072
3 131072
1 131072
0 76669
0 61203
0 79614
0 124105
0 91695
0 96227
1 131072
2 131072
0 126993
2 131072
1 131072
0 104880
0 67987
1 131072
1 131072
0 77502
0 76145
1 131072
1 131072
0 118216
1 131072
1 131072
0 78898
0 121536
1 131072
0 64420
1 131072
0 86518
2 131072
2 131072
0 60598
0 125144
0 89052
2 131072
0 75499
0 73457
0 92238
0 82007
0 74282
0 59163
0 75566
1 131072
1 131072
0 69528
2 131072
1 131072
1 131072
0 71115
0 118860
0 57785
0 104145
0 69088
0 66739
0 65856
0 123309
0 128184
0 69234
2 131072
1 131072
0 80789
0 65900
0 72724
0 121523
0 122485
1 131072
0 77644
0 60977
2 131072
2 131072
0 93661
4 131072
0 73588
1 131072
2 131072
0 91498
0 80771
0 116440
1 131072
0 76807
0 72300
0 110748
1 131072
1 131072
0 67751
0 68009
1 131072
2 131072
0 121419
2 131072
0 104932
0 86292
2 131072
0 121905
2 131072
0 92612
1 131072
0 74081
1 131072
1 131072
0 89374
0 71587
3 131072
2 131072
0 72227
0 112230
0 120771
0 88614
0 76532
1 131072
3 131072
0 103964
0 119987
1 131072
1 131072
0 76980
0 67712
0 77317
0 81833
0 117959
3 131072
0 113541
0 103901
1 131072
0 110127
0 120286
1 131072
0 70319
0 82505
4 131072
1 131072
0 79436
0 80642
1 131072
0 83723
2 131072
1 131072
0 94481
0 111792
0 117590
1 131072
1 131072
0 123027
1 131072
1 131072
0 84796
2 131072
4 131072
1 131072
0 76419
0 82353
1 131072
1 131072
0 63997
1 131072
0 55002
0 84956
1 131072
1 131072
1 131072
3 131072
0 63280
0 90458
2 131072
3 131072
1 131072
0 103474
2 131072
0 95614
0 80206
0 112166
1 131072
1 131072
0 69849
0 99256
0 130622
1 131072
1 131072
0 127102
0 79337
1 131072
1 131072
0 95689
2 131072
3 131072
2 131072
1 131072
1 131072
2 131072
2 131072
1 131072
0 107341
0 99798
0 69275
0 76183
1 131072
1 131072
0 90127
1 131072
0 66644
0 97875
2 131072
0 81171
0 81462
0 75655
0 105849
0 62662
2 131072
0 70247
1 131072
0 69085
1 131072
2 131072
1 131072
2 131072
0 84283
1 131072
1 131072
1 131072
0 112153
0 90966
0 78327
1 131072
2 131072
0 82395
1 131072
0 78491
0 68545
0 70423
0 68345
0 107524
1 131072
0 118468
0 123819
0 95778
2 131072
0 70024
0 71389
0 89411
2 131072
0 77364
0 92014
1 131072
0 78626
0 85486
0 76852
0 105470
1 131072
0 79272
0 83805
0 76181
1 131072
0 98042
1 131072
1 131072
2 131072
1 131072
1 131072
1 131072
3 131072
1 131072
1 131072
1 131072
0 90513
2 131072
0 65331
0 78477
0 74741
4 131072
1 131072
1 131072
0 62136
0 92046
0 85284
1 131072
2 131072
1 131072
1 131072
0 118142
1 131072
0 86886
0 95125
1 131072
2 131072
3 131072
0 120724
0 83101
0 73373
0 59489
0 110062
1 131072
1 131072
1 131072
2 131072
1 131072
1 131072
1 131072
2 131072
0 62102
1 131072
0 72000
1 131072
1 131072
0 66996
1 131072
1 131072
1 131072
0 109646
0 66330
3 131072
0 72877
1 131072
1 131072
1 131072
1 131072
0 86312
3 131072
0 86093
0 76257
2 131072
2 131072
0 86612
0 72338
1 131072
1 131072
2 131072
2 131072
2 131072
0 68547
5 131072
0 87030
0 126700
1 131072
0 80814
0 122510
3 131072
3 131072
1 131072
0 83290
1 131072
2 131072
0 88521
2 131072
0 88359
1 131072
0 92464
3 131072
0 88795
0 94366
0 98864
0 67789
1 131072
0 81819
0 115000
1 131072
0 76422
0 78021
0 112829
0 72387
1 131072
0 68615
0 97900
0 111673
0 78974
1 131072
1 131072
0 71055
0 89238
0 112684
0 109215
2 131072
1 131072
0 94979
1 131072
1 131072
1 131072
1 131072
0 105182
0 92620
1 131072
0 66300
1 131072
1 131072
0 122319
1 131072
1 131072
1 131072
1 131072
0 88214
2 131072
1 131072
0 69333
0 89401
0 80869
0 80798
2 131072
0 93170
2 131072
1 131072
1 131072
0 64176
0 67816
0 113033
1 131072
0 107145
3 131072
1 131072
0 89678
1 131072
1 131072
0 93279
1 131072
1 131072
1 131072
2 131072
0 114839
0 68546
0 76791
4 131072
3 131072
0 86658
1 131072
2 131072
1 131072
1 131072
1 131072
0 120938
1 131072
0 85751
2 131072
2 131072
0 85149
0 110336
1 131072
1 131072
0 76060
0 114228
1 131072
1 131072
1 131072
1 131072
0 109644
0 119334
1 131072
2 131072
1 131072
0 71306
2 131072
1 131072
1 131072
4 131072
1 131072
0 63944
1 131072
0 101227
0 111604
3 131072
0 109427
0 94064
0 91175
1 131072
1 131072
0 91255
0 106874
1 131072
2 131072
1 131072
0 111720
1 131072
0 108799
0 84815
0 71014
0 83881
0 68608
0 78050
1 131072
2 131072
0 92088
0 63266
0 85700
1 131072
1 131072
1 131072
0 71846
0 77384
0 74399
0 95350
0 90338
1 131072
0 85889
0 98381
0 92380
3 131072
0 95247
0 117240
2 131072
1 131072
4 131072
0 90568
1 131072
0 120997
1 131072
0 69977
0 90187
0 68816
1 131072
0 119670
4 131072
0 81260
2 131072
4 131072
1 131072
1 131072
0 80942
0 63460
1 131072
1 131072
0 93346
1 131072
0 98255
1 131072
1 131072
0 81005
0 76838
0 80440
0 72694
1 131072
0 86015
3 131072
1 131072
0 86899
1 131072
2 131072
1 131072
1 131072
1 131072
0 75523
1 131072
1 131072
0 102215
2 131072
1 131072
0 94203
0 90315
1 131072
0 92484
0 92591
0 71199
0 103063
1 131072
0 122540
1 131072
1 131072
0 105541
1 131072
0 92512
0 76870
1 131072
1 131072
0 107710
2 131072
4 131072
2 131072
1 131072
1 131072
0 73890
0 126880
0 82224
1 131072
2 131072
0 92927
1 131072
1 131072
1 131072
0 119528
0 76080
0 78029
0 64563
1 131072
2 131072
1 131072
2 131072
1 131072
0 88851
1 131072
1 131072
0 88374
1 131072
0 71162
1 131072
3 131072
1 131072
0 77491
0 79041
0 63408
1 131072
0 85459
2 131072
3 131072
0 86026
1 131072
0 108512
0 74719
1 131072
1 131072
2 131072
0 88496
0 109156
1 131072
0 116033
0 91935
1 131072
0 128195
1 131072
1 131072
1 131072
1 131072
1 131072
0 102477
1 131072
0 99127
2 131072
0 127738
2 131072
0 105730
0 66896
0 83716
1 131072
0 76222
0 127188
1 131072
3 131072
0 69010
0 66316
0 97747
1 131072
0 74060
1 131072
2 131072
1 131072
0 85674
1 131072
0 95684
0 126149
1 131072
0 65468
0 80624
0 88015
0 84232
0 121732
0 63849
3 131072
3 131072
1 131072
0 84732
1 131072
1 131072
0 91758
5 131072
1 131072
1 131072
1 131072
1 131072
1 131072
0 120926
2 131072
1 131072
0 80855
1 131072
0 74877
0 82695
1 131072
0 110419
1 131072
0 83961
1 131072
0 92946
2 131072
2 131072
0 101076
0 79353
0 70043
1 131072
1 131072
3 131072
1 131072
0 70680
0 65563
0 79844
2 131072
2 131072
1 131072
3 131072
0 129253
1 131072
2 131072
0 94918
0 94772
0 91172
0 78656
0 113180
0 84005
0 94811
0 70588
1 131072
0 79256
0 65988
1 131072
1 131072
0 88182
0 109607
1 131072
0 102520
0 70183
1 131072
0 71124
3 131072
0 67302
0 75279
0 109564
0 88100
2 131072
0 70304
0 126182
2 131072
0 116090
0 78560
1 131072
0 120108
0 85053
0 78999
1 131072
1 131072
0 95276
1 131072
0 60914
0 77026
1 131072
1 131072
1 131072
0 130668
1 131072
3 131072
0 96330
0 76476
1 131072
1 131072
1 131072
0 85416
0 92785
1 131072
2 131072
2 131072
2 131072
1 131072
0 96133
0 93254
0 131002
1 131072
0 106574
1 131072
1 131072
1 131072
2 131072
0 100519
1 131072
0 86615
2 131072
1 131072
0 71760
0 85732
0 120103
1 131072
0 98093
0 113757
3 131072
3 131072
2 131072
3 131072
1 131072
1 131072
1 131072
0 63461
0 89998
0 100356
1 131072
0 63113
2 131072
0 88442
0 119096
0 124074
0 124730
1 131072
0 92016
1 131072
0 118561
0 82877
0 95696
1 131072
1 131072
0 112189
0 70196
0 80875
0 106971
1 131072
0 80315
0 111060
0 75325
0 72205
2 131072
1 131072
2 131072
0 74185
2 131072
0 90416
0 114917
1 131072
0 86349
0 87298
0 87805
0 124059
1 131072
0 122766
0 61121
1 131072
0 82206
0 119900
1 131072
0 79082
1 131072
2 131072
0 75940
0 128078
1 131072
0 80961
0 128445
0 70458
0 98328
0 63857
1 131072
0 111124
2 131072
0 93281
0 61823
0 108567
1 131072
0 112468
2 131072
0 79048
0 122247
0 74517
0 89537
1 131072
1 131072
2 131072
0 84365
0 71523
0 122629
1 131072
4 131072
1 131072
0 63189
0 82855
0 94565
0 100930
0 69632
0 112707
1 131072
0 81476
1 131072
1 131072
0 71530
0 97964
1 131072
0 82449
4 131072
0 92738
0 68128
0 65136
0 105784
3 131072
0 129941
0 114388
0 114364
1 131072
0 63125
0 94779
2 131072
0 69621
1 131072
2 131072
0 101889
0 93076
0 76850
1 131072
1 131072
0 102989
2 131072
1 131072
0 108419
0 129969
1 131072
2 131072
0 73432
2 131072
0 81314
1 131072
0 72049
0 92472
0 86640
0 102426
0 91685
1 131072
1 131072
2 131072
1 131072
0 117255
2 131072
2 131072
0 96064
0 87062
0 116164
2 131072
0 86894
1 131072
1 131072
0 71657
0 65716
2 131072
2 131072
0 79635
0 87985
0 71280
0 74046
0 73721
2 131072
1 131072
0 80909
0 73618
0 84919
1 131072
1 131072
2 131072
1 131072
0 122423
0 88880
0 124091
2 131072
0 84313
0 63600
0 79724
2 131072
0 121957
3 131072
1 131072
0 96856
1 131072
0 126164
1 131072
0 108225
0 73120
0 79053
2 131072
0 79335
2 131072
1 131072
1 131072
1 131072
2 131072
0 101948
1 131072
0 71545
2 131072
1 131072
1 131072
1 131072
0 89796
1 131072
0 94106
0 81237
2 131072
2 131072
1 131072
0 64837
2 131072
1 131072
1 131072
2 131072
2 131072
1 131072
0 85227
0 68462
1 131072
0 92923
0 87616
1 131072
0 106283
0 94269
0 113591
3 131072
0 109617
0 97312
0 105081
2 131072
1 131072
3 131072
3 131072
0 99706
0 95376
0 69622
0 105256
1 131072
0 80617
1 131072
1 131072
0 68914
0 91633
2 131072
0 99151
1 131072
0 120465
0 78492
1 131072
0 116082
1 131072
0 130128
0 85315
0 72679
1 131072
3 131072
0 114504
0 69240
0 105592
0 83083
0 94835
0 60800
0 88946
1 131072
1 131072
0 72571
1 131072
0 118161
1 131072
2 131072
0 97205
0 109071
1 131072
0 78448
0 107270
2 131072
0 97760
2 131072
0 103161
0 67035
0 121549
0 78939
1 131072
1 131072
0 108393
0 117045
0 107575
1 131072
1 131072
0 67495
0 78216
0 84055
0 85130
1 131072
0 130449
0 79515
0 121110
0 76203
0 104230
0 99873
0 101866
2 131072
2 131072
1 131072
0 108467
0 95495
1 131072
1 131072
0 92345
2 131072
0 99246
2 131072
0 125407
1 131072
0 73767
1 131072
0 92801
0 65329
0 94792
1 131072
0 79869
0 79145
1 131072
0 83582
1 131072
0 126590
4 131072
0 89085
0 93628
0 92570
0 120529
2 131072
0 125506
0 110750
1 131072
1 131072
0 75558
1 131072
1 131072
0 87412
0 64951
0 62342
1 131072
0 80719
0 90595
0 125766
2 131072
0 70494
0 70636
1 131072
0 95330
1 131072
0 63633
0 64800
0 78014
1 131072
0 115911
4 131072
1 131072
0 108992
0 100440
0 108706
0 79236
1 131072
0 103497
0 78316
0 63104
1 131072
1 131072
0 92290
0 85404
1 131072
2 131072
3 131072
3 131072
1 131072
0 123427
1 131072
0 103673
0 71844
0 127406
0 109561
0 87419
0 108088
0 90029
0 104882
2 131072
0 80624
0 74367
0 88012
2 131072
1 131072
2 131072
1 131072
1 131072
0 95957
1 131072
0 86207
4 131072
1 131072
0 113084
0 74384
0 79892
0 82212
1 131072
0 74976
0 105418
1 131072
1 131072
0 99246
1 131072
2 131072
3 131072
2 131072
1 131072
0 127701
1 131072
1 131072
0 119750
0 60924
0 87617
3 131072
0 79354
0 70166
0 67819
0 81192
1 131072
1 131072
0 129211
0 96126
1 131072
0 68056
0 103672
1 131072
1 131072
0 78287
2 131072
1 131072
1 131072
0 116893
0 80190
1 131072
0 85098
1 131072
0 112096
1 131072
1 131072
0 88777
1 131072
1 131072
0 109441
1 131072
0 62200
1 131072
1 131072
2 131072
1 131072
1 131072
1 131072
1 131072
2 131072
0 60070
2 131072
2 131072
0 121937
2 131072
0 107343
0 68072
0 99666
1 131072
1 131072
0 80825
1 131072
0 65696
1 131072
1 131072
0 93917
1 131072
1 131072
4 131072
0 123149
1 131072
0 73480
0 120825
1 131072
2 131072
2 131072
0 91035
2 131072
0 123673
1 131072
1 131072
0 127584
1 131072
2 131072
2 131072
0 78992
0 69636
2 131072
1 131072
0 102393
0 92398
2 131072
1 131072
2 131072
0 122027
1 131072
0 73357
1 131072
0 74351
1 131072
0 95793
0 82827
0 78591
0 107870
1 131072
0 70614
1 131072
0 117956
0 74208
0 121792
1 131072
1 131072
0 79274
1 131072
1 131072
0 116595
1 131072
1 131072
0 68956
2 131072
2 131072
2 131072
0 107079
0 81556
0 122242
0 111708
0 109684
0 76237
0 97791
1 131072
1 131072
0 74773
0 120525
1 131072
0 84432
1 131072
0 95545
0 79193
0 86478
0 64116
0 70610
0 81358
0 92382
0 66567
1 131072
2 131072
0 109152
2 131072
1 131072
2 131072
1 131072
1 131072
3 131072
1 131072
1 131072
3 131072
0 85903
3 131072
1 131072
1 131072
0 71007
4 131072
1 131072
0 108028
0 80818
2 131072
2 131072
0 114404
1 131072
0 89141
1 131072
1 131072
0 80575
1 131072
0 84339
0 89546
0 100410
0 94763
0 84219
1 131072
1 131072
1 131072
0 115293
0 80950
1 131072
0 71752
0 125925
1 131072
0 82887
0 71380
0 78114
0 110803
1 131072
1 131072
1 131072
0 81393
0 92855
1 131072
0 77549
0 125292
0 82550
0 66967
3 131072
0 98386
0 98407
0 106518
0 87491
0 76003
0 75797
2 131072
3 131072
0 84188
1 131072
0 59359
0 122398
0 89005
0 74870
1 131072
1 131072
3 131072
0 66353
0 130718
1 131072
1 131072
0 120317
2 131072
0 94186
0 76677
0 77146
0 88142
1 131072
2 131072
0 92781
0 71589
1 131072
0 69223
0 108247
0 106110
0 102715
2 131072
1 131072
2 131072
2 131072
0 69713
0 120851
1 131072
0 109039
1 131072
0 122390
0 104975
1 131072
0 73157
0 63948
0 64578
2 131072
1 131072
1 131072
2 131072
1 131072
1 131072
0 72056
2 131072
2 131072
0 106120
0 69913
1 131072
0 75682
1 131072
0 77748
2 131072
1 131072
0 72080
1 131072
0 118070
3 131072
0 99884
0 84616
1 131072
0 89755
0 100017
0 82348
1 131072
0 66651
0 72452
0 122380
1 131072
0 116740
0 119503
1 131072
1 131072
1 131072
0 90027
1 131072
0 82669
2 131072
1 131072
1 131072
0 111679
0 99640
0 76439
0 90019
4 131072
0 85059
1 131072
0 69519
1 131072
0 85502
2 131072
1 131072
1 131072
0 79049
3 131072
0 79743
0 115111
0 86290
0 97081
0 67025
0 73655
1 131072
0 76220
3 131072
0 102871
1 131072
0 121064
1 131072
2 131072
0 82315
1 131072
0 89111
3 131072
2 131072
2 131072
0 114750
0 93380
1 131072
2 131072
0 62951
1 131072
0 84022
1 131072
1 131072
4 131072
0 119684
0 72021
1 131072
3 131072
0 75021
0 83035
0 87419
2 131072
0 123692
0 112617
1 131072
1 131072
1 131072
1 131072
0 117933
1 131072
0 65964
1 131072
2 131072
2 131072
1 131072
5 131072
1 131072
0 112166
3 131072
1 131072
1 131072
0 97038
1 131072
0 74527
1 131072
0 79657
0 71822
1 131072
0 103932
1 131072
0 81148
1 131072
0 80198
1 131072
1 131072
1 131072
1 131072
0 84141
2 131072
0 85799
0 128250
1 131072
0 79603
1 131072
1 131072
4 131072
1 131072
1 131072
0 124355
0 71431
0 96032
2 131072
1 131072
0 73655
3 131072
1 131072
2 131072
1 131072
1 131072
0 66427
0 120648
0 106857
2 131072
0 68256
0 77210
0 110089
1 131072
5 131072
0 108658
0 116110
1 131072
1 131072
1 131072
1 131072
0 66482
1 131072
1 131072
1 131072
0 74735
0 91183
1 131072
1 131072
0 128649
0 84410
0 80793
0 72259
1 131072
0 86260
1 131072
0 91704
1 131072
2 131072
0 70367
0 88123
0 94636
0 91267
0 104857
0 89299
1 131072
0 71743
0 107096
0 97769
2 131072
0 74801
0 105148
1 131072
2 131072
1 131072
0 116239
0 110978
3 131072
1 131072
0 83456
1 131072
0 74864
1 131072
0 97013
0 104116
0 119921
1 131072
0 84158
1 131072
0 88149
1 131072
0 75193
1 131072
1 131072
0 78487
1 131072
1 131072
0 111530
0 77186
0 100109
1 131072
1 131072
1 131072
1 131072
0 63800
3 131072
0 83601
0 75925
2 131072
0 77469
0 98204
0 83282
1 131072
2 131072
0 98672
1 131072
1 131072
0 62705
