# SA for random K-SAT
# K = 3   N = 512   M = 2064   seed = 534139568
# alpha = 4.031250   nIter = 2048  Tmax = 0.200000
# 1:lowestUnsat  2:runTime
0 159
0 157
0 373
3 2048
1 2048
0 731
1 2048
0 241
1 2048
2 2048
1 2048
0 318
1 2048
2 2048
3 2048
2 2048
2 2048
0 594
1 2048
1 2048
0 1004
0 876
1 2048
0 289
0 881
0 378
1 2048
1 2048
2 2048
0 476
1 2048
2 2048
1 2048
2 2048
0 267
0 252
3 2048
1 2048
1 2048
0 950
0 467
2 2048
0 200
0 403
3 2048
0 294
0 347
1 2048
2 2048
0 166
0 1562
2 2048
1 2048
1 2048
0 139
1 2048
2 2048
2 2048
2 2048
0 91
0 805
0 630
2 2048
1 2048
1 2048
0 244
0 943
1 2048
0 149
0 712
0 128
1 2048
1 2048
0 436
0 1084
2 2048
0 210
0 499
1 2048
0 393
0 295
1 2048
0 171
1 2048
2 2048
2 2048
1 2048
1 2048
0 112
2 2048
0 476
4 2048
0 534
0 271
0 1701
1 2048
1 2048
0 286
0 570
1 2048
1 2048
1 2048
3 2048
0 266
0 413
0 44
1 2048
0 416
0 192
0 875
0 397
1 2048
0 560
0 711
3 2048
0 1057
0 423
1 2048
1 2048
2 2048
0 144
0 118
2 2048
1 2048
1 2048
0 488
5 2048
0 1153
1 2048
0 82
1 2048
0 1210
1 2048
1 2048
0 461
0 54
0 266
0 640
0 483
1 2048
1 2048
0 165
0 346
1 2048
2 2048
0 42
1 2048
1 2048
0 925
2 2048
1 2048
1 2048
0 189
1 2048
0 532
0 332
1 2048
0 76
0 256
1 2048
0 456
2 2048
0 1886
0 382
0 346
0 567
1 2048
2 2048
0 42
0 512
1 2048
1 2048
1 2048
0 76
1 2048
3 2048
3 2048
1 2048
1 2048
0 1251
0 47
0 300
0 881
2 2048
0 22
0 312
0 162
1 2048
1 2048
1 2048
2 2048
1 2048
0 1530
0 298
0 1570
1 2048
1 2048
0 205
2 2048
1 2048
0 629
2 2048
2 2048
1 2048
0 208
1 2048
1 2048
2 2048
2 2048
0 270
0 178
0 257
2 2048
0 348
1 2048
2 2048
3 2048
0 260
1 2048
2 2048
0 221
1 2048
1 2048
0 532
0 1071
1 2048
1 2048
2 2048
1 2048
2 2048
2 2048
1 2048
1 2048
1 2048
0 568
1 2048
1 2048
1 2048
0 339
0 261
0 842
0 1513
0 1362
0 60
0 827
4 2048
2 2048
2 2048
1 2048
1 2048
0 138
0 263
0 337
0 522
0 590
1 2048
0 637
0 716
2 2048
0 409
0 829
0 211
1 2048
0 125
0 178
3 2048
2 2048
0 601
0 318
0 83
2 2048
1 2048
3 2048
0 123
1 2048
0 296
1 2048
0 635
0 376
0 355
1 2048
0 732
0 488
0 357
1 2048
1 2048
0 456
3 2048
0 953
0 601
1 2048
0 958
2 2048
0 102
2 2048
0 1076
0 1159
1 2048
0 1195
1 2048
0 192
0 217
1 2048
0 1033
0 2042
1 2048
2 2048
0 437
0 38
0 393
2 2048
2 2048
1 2048
0 625
1 2048
1 2048
1 2048
1 2048
1 2048
1 2048
0 70
0 436
0 502
0 370
0 334
1 2048
0 173
1 2048
2 2048
1 2048
0 389
0 1355
0 596
1 2048
0 102
1 2048
1 2048
0 467
0 680
2 2048
3 2048
1 2048
1 2048
2 2048
2 2048
3 2048
1 2048
1 2048
1 2048
1 2048
1 2048
0 881
3 2048
1 2048
0 293
0 810
0 268
2 2048
0 1406
0 1589
1 2048
1 2048
0 299
0 211
2 2048
1 2048
0 526
0 438
0 372
0 842
0 117
0 1236
3 2048
1 2048
1 2048
0 352
1 2048
2 2048
0 436
0 312
2 2048
0 453
2 2048
1 2048
1 2048
2 2048
1 2048
0 392
0 330
0 198
0 334
1 2048
0 418
1 2048
1 2048
2 2048
1 2048
1 2048
1 2048
0 939
1 2048
3 2048
0 734
1 2048
1 2048
0 312
1 2048
2 2048
0 293
0 50
0 567
0 86
1 2048
1 2048
0 317
1 2048
0 344
1 2048
1 2048
0 297
2 2048
0 564
0 610
0 216
0 75
0 214
1 2048
4 2048
2 2048
0 845
0 348
0 498
1 2048
2 2048
0 314
3 2048
0 157
0 863
0 90
1 2048
1 2048
2 2048
1 2048
1 2048
1 2048
1 2048
2 2048
1 2048
1 2048
2 2048
0 182
0 726
1 2048
0 1128
1 2048
2 2048
0 1834
0 1405
0 1087
1 2048
0 570
0 605
0 719
0 80
0 206
1 2048
0 272
0 1065
1 2048
2 2048
0 967
1 2048
0 381
0 1003
0 71
0 434
2 2048
0 439
1 2048
1 2048
1 2048
0 168
0 956
1 2048
0 110
1 2048
1 2048
0 748
1 2048
0 467
1 2048
1 2048
0 300
0 90
1 2048
1 2048
0 46
2 2048
1 2048
1 2048
1 2048
0 184
0 75
1 2048
0 1194
2 2048
0 413
0 169
0 260
0 118
0 222
3 2048
0 126
0 801
1 2048
1 2048
2 2048
1 2048
1 2048
0 101
0 580
0 695
1 2048
0 876
0 417
2 2048
0 385
0 35
1 2048
0 165
0 135
1 2048
1 2048
0 656
0 253
1 2048
0 65
0 573
0 166
0 155
1 2048
0 958
1 2048
1 2048
1 2048
1 2048
0 416
1 2048
0 814
1 2048
0 581
0 744
1 2048
2 2048
1 2048
2 2048
0 198
2 2048
0 1725
3 2048
1 2048
0 222
0 536
0 1728
0 386
0 504
1 2048
1 2048
0 445
1 2048
1 2048
0 504
0 155
0 184
0 260
0 217
0 728
0 269
3 2048
0 442
2 2048
2 2048
0 906
1 2048
1 2048
2 2048
1 2048
1 2048
2 2048
1 2048
1 2048
0 128
1 2048
1 2048
1 2048
0 1345
0 416
0 782
1 2048
0 1037
1 2048
0 462
0 260
0 895
2 2048
0 503
0 515
0 418
0 54
2 2048
0 841
1 2048
1 2048
1 2048
1 2048
0 52
1 2048
1 2048
0 222
2 2048
0 273
2 2048
1 2048
0 316
1 2048
1 2048
2 2048
0 441
1 2048
0 628
0 1037
1 2048
0 224
0 401
1 2048
0 201
0 521
0 375
0 791
1 2048
1 2048
0 610
0 127
1 2048
0 1773
0 312
0 505
0 331
1 2048
0 27
2 2048
0 650
1 2048
1 2048
1 2048
2 2048
0 260
1 2048
0 689
1 2048
0 174
0 322
0 1888
0 336
0 992
2 2048
1 2048
2 2048
0 322
1 2048
2 2048
1 2048
1 2048
0 134
0 516
0 1385
1 2048
0 349
0 84
1 2048
0 71
0 410
0 192
0 662
1 2048
1 2048
2 2048
1 2048
0 602
1 2048
1 2048
0 530
1 2048
2 2048
0 195
1 2048
1 2048
0 268
0 107
1 2048
0 165
0 833
1 2048
1 2048
1 2048
0 708
1 2048
0 723
1 2048
1 2048
2 2048
1 2048
1 2048
2 2048
1 2048
1 2048
1 2048
5 2048
0 212
2 2048
1 2048
0 84
0 261
0 392
0 653
0 486
0 387
0 906
0 861
1 2048
0 486
1 2048
0 117
2 2048
1 2048
0 872
1 2048
1 2048
0 344
0 186
0 361
0 350
1 2048
0 687
0 339
1 2048
0 736
1 2048
0 292
1 2048
0 371
2 2048
0 201
0 557
1 2048
2 2048
0 478
1 2048
0 108
2 2048
0 419
1 2048
0 363
1 2048
2 2048
0 1099
1 2048
2 2048
0 150
1 2048
1 2048
3 2048
0 1080
0 348
1 2048
1 2048
3 2048
0 164
0 118
0 611
0 75
0 78
1 2048
0 457
0 64
0 197
2 2048
1 2048
2 2048
0 550
1 2048
3 2048
0 394
1 2048
2 2048
0 577
1 2048
0 790
0 372
0 790
0 968
0 332
0 153
1 2048
3 2048
0 1170
3 2048
2 2048
2 2048
1 2048
1 2048
0 980
1 2048
1 2048
1 2048
0 140
0 746
3 2048
1 2048
0 216
3 2048
2 2048
0 388
0 445
0 334
0 269
1 2048
1 2048
1 2048
1 2048
1 2048
1 2048
0 588
0 1063
1 2048
0 2015
2 2048
0 210
1 2048
0 417
0 641
2 2048
0 628
0 1003
1 2048
0 1500
1 2048
2 2048
2 2048
1 2048
1 2048
2 2048
1 2048
1 2048
1 2048
1 2048
3 2048
0 100
0 91
2 2048
0 333
2 2048
0 1546
0 826
0 337
2 2048
0 1908
0 182
0 119
1 2048
1 2048
0 777
2 2048
1 2048
1 2048
0 1452
1 2048
1 2048
0 580
0 70
0 253
0 331
0 1669
0 296
2 2048
2 2048
0 429
3 2048
1 2048
0 467
0 70
0 146
0 229
2 2048
0 744
1 2048
0 1778
0 511
0 1626
0 545
1 2048
1 2048
1 2048
1 2048
0 863
0 1807
0 1254
1 2048
0 295
0 434
0 580
0 225
0 175
2 2048
2 2048
1 2048
3 2048
0 79
0 284
1 2048
3 2048
1 2048
0 329
1 2048
2 2048
0 186
1 2048
1 2048
0 313
0 408
0 320
0 998
3 2048
0 1365
1 2048
0 1514
1 2048
1 2048
0 1758
1 2048
2 2048
0 1136
0 158
1 2048
0 326
1 2048
1 2048
0 291
5 2048
3 2048
0 1192
2 2048
1 2048
0 824
0 761
0 199
1 2048
0 118
2 2048
2 2048
1 2048
1 2048
1 2048
2 2048
2 2048
0 275
0 1363
2 2048
0 1002
1 2048
3 2048
0 992
3 2048
1 2048
1 2048
1 2048
0 2032
1 2048
0 634
1 2048
2 2048
0 776
0 387
0 175
4 2048
1 2048
1 2048
3 2048
4 2048
1 2048
0 1254
0 394
0 393
0 174
1 2048
0 392
0 133
1 2048
1 2048
2 2048
0 69
0 714
1 2048
1 2048
0 286
1 2048
0 1035
1 2048
0 476
1 2048
1 2048
0 441
1 2048
0 49
0 212
1 2048
0 328
1 2048
1 2048
3 2048
0 1161
0 354
1 2048
0 171
0 130
2 2048
0 685
2 2048
0 464
1 2048
0 136
4 2048
2 2048
0 116
1 2048
0 823
0 243
0 1246
1 2048
1 2048
1 2048
1 2048
0 490
1 2048
1 2048
2 2048
1 2048
2 2048
1 2048
0 1107
1 2048
2 2048
0 715
2 2048
1 2048
1 2048
1 2048
1 2048
0 446
2 2048
1 2048
0 245
1 2048
1 2048
0 492
0 243
1 2048
1 2048
0 188
1 2048
5 2048
1 2048
0 576
1 2048
1 2048
1 2048
0 1390
0 606
0 415
1 2048
0 1880
0 597
0 1650
0 193
2 2048
1 2048
1 2048
0 375
0 437
0 322
0 617
1 2048
1 2048
1 2048
1 2048
3 2048
3 2048
0 400
1 2048
0 160
0 2017
1 2048
0 137
0 473
0 138
1 2048
1 2048
0 451
1 2048
1 2048
0 705
2 2048
0 300
0 900
0 249
1 2048
0 607
1 2048
0 163
0 309
0 230
1 2048
1 2048
0 225
0 345
0 1669
0 459
3 2048
0 316
0 875
1 2048
1 2048
2 2048
1 2048
1 2048
2 2048
2 2048
0 483
4 2048
0 454
1 2048
0 490
1 2048
0 261
3 2048
0 398
0 463
1 2048
1 2048
1 2048
1 2048
2 2048
3 2048
0 279
1 2048
0 313
0 104
1 2048
0 526
0 80
0 1917
1 2048
0 848
1 2048
1 2048
0 517
2 2048
0 258
1 2048
1 2048
1 2048
1 2048
1 2048
2 2048
2 2048
0 246
0 311
0 80
0 637
0 213
0 119
0 278
0 163
1 2048
0 442
0 868
0 755
0 124
3 2048
2 2048
0 1163
1 2048
0 403
2 2048
2 2048
0 111
1 2048
0 48
0 265
0 523
0 257
0 137
1 2048
0 66
0 401
1 2048
1 2048
0 469
1 2048
1 2048
1 2048
3 2048
2 2048
0 1976
0 75
1 2048
1 2048
0 152
0 308
2 2048
0 1423
0 349
0 182
0 577
2 2048
2 2048
0 580
0 457
0 498
0 134
1 2048
0 436
0 229
1 2048
0 1334
0 272
3 2048
1 2048
1 2048
0 250
2 2048
2 2048
0 1164
1 2048
2 2048
3 2048
1 2048
0 1467
0 255
0 497
0 139
1 2048
1 2048
2 2048
1 2048
0 1994
1 2048
0 113
4 2048
1 2048
2 2048
4 2048
0 395
0 998
0 279
0 697
1 2048
0 1433
1 2048
0 379
0 497
1 2048
0 382
0 106
0 131
1 2048
2 2048
0 123
1 2048
2 2048
0 280
2 2048
0 328
0 154
0 701
2 2048
1 2048
2 2048
0 40
0 1877
0 88
0 942
0 148
3 2048
1 2048
0 329
1 2048
2 2048
0 692
1 2048
0 296
1 2048
3 2048
3 2048
1 2048
0 300
3 2048
0 320
0 1822
1 2048
1 2048
1 2048
0 136
1 2048
1 2048
0 205
1 2048
0 365
1 2048
2 2048
1 2048
0 508
0 85
0 591
0 133
0 255
1 2048
0 481
1 2048
1 2048
0 757
2 2048
1 2048
0 221
1 2048
1 2048
0 668
0 262
0 1653
0 466
0 436
0 195
2 2048
0 1512
0 246
0 474
1 2048
0 989
1 2048
0 217
0 411
1 2048
0 72
0 121
1 2048
0 720
0 287
0 136
1 2048
1 2048
0 1262
0 567
0 322
0 1200
1 2048
1 2048
0 856
1 2048
1 2048
0 577
2 2048
0 244
2 2048
0 751
2 2048
1 2048
0 213
0 251
2 2048
0 356
0 472
0 1144
2 2048
1 2048
0 390
1 2048
0 437
1 2048
1 2048
0 610
1 2048
0 85
0 232
1 2048
0 407
3 2048
1 2048
1 2048
1 2048
0 405
0 168
0 179
1 2048
2 2048
0 383
0 823
2 2048
0 227
2 2048
2 2048
0 228
0 1763
0 203
1 2048
3 2048
0 448
3 2048
0 124
1 2048
0 1447
2 2048
0 361
0 133
0 118
1 2048
0 167
0 460
0 249
1 2048
2 2048
0 323
1 2048
2 2048
1 2048
0 813
0 1499
0 391
3 2048
1 2048
0 936
0 507
1 2048
1 2048
0 785
1 2048
1 2048
2 2048
1 2048
1 2048
1 2048
3 2048
0 928
3 2048
0 165
2 2048
3 2048
0 223
0 942
0 486
0 316
1 2048
0 928
0 196
0 524
0 597
0 303
2 2048
1 2048
1 2048
3 2048
1 2048
0 224
0 734
1 2048
1 2048
0 407
1 2048
2 2048
1 2048
1 2048
2 2048
2 2048
3 2048
1 2048
1 2048
0 536
1 2048
3 2048
2 2048
0 749
0 255
0 426
0 1478
0 246
1 2048
0 1056
2 2048
1 2048
0 259
2 2048
1 2048
0 354
1 2048
4 2048
0 183
0 34
5 2048
1 2048
0 696
2 2048
1 2048
2 2048
0 504
2 2048
1 2048
0 790
0 1197
0 382
1 2048
0 1159
0 224
0 308
0 374
2 2048
1 2048
2 2048
0 833
3 2048
0 1127
1 2048
0 403
2 2048
0 495
0 1614
0 119
1 2048
1 2048
0 200
1 2048
0 346
1 2048
1 2048
2 2048
0 1308
0 176
0 108
0 1206
0 152
1 2048
0 617
0 98
0 228
2 2048
1 2048
2 2048
2 2048
0 88
0 51
1 2048
1 2048
2 2048
1 2048
2 2048
2 2048
1 2048
3 2048
0 1473
1 2048
1 2048
0 268
1 2048
1 2048
2 2048
2 2048
0 134
3 2048
1 2048
3 2048
0 1110
1 2048
1 2048
1 2048
1 2048
0 326
0 839
1 2048
1 2048
1 2048
0 387
1 2048
0 676
2 2048
2 2048
0 209
0 401
0 122
0 783
1 2048
1 2048
1 2048
0 427
1 2048
2 2048
0 259
2 2048
2 2048
1 2048
1 2048
1 2048
0 138
0 1063
1 2048
1 2048
0 240
1 2048
0 51
1 2048
1 2048
0 87
0 549
0 253
1 2048
0 214
1 2048
0 518
1 2048
0 1854
2 2048
3 2048
2 2048
2 2048
1 2048
1 2048
2 2048
2 2048
0 776
0 140
0 180
1 2048
0 169
2 2048
0 168
0 1643
1 2048
0 1099
0 907
0 716
0 338
0 633
2 2048
1 2048
1 2048
0 779
0 252
0 612
0 1814
2 2048
2 2048
0 270
0 779
0 597
1 2048
1 2048
1 2048
1 2048
0 81
1 2048
1 2048
0 1120
0 249
3 2048
1 2048
0 491
1 2048
1 2048
1 2048
1 2048
1 2048
1 2048
0 287
0 771
1 2048
0 360
2 2048
0 153
1 2048
1 2048
0 454
1 2048
2 2048
0 149
3 2048
2 2048
0 302
0 598
2 2048
1 2048
0 808
2 2048
4 2048
0 526
1 2048
1 2048
0 310
1 2048
1 2048
2 2048
0 488
0 319
0 235
0 732
1 2048
2 2048
3 2048
3 2048
1 2048
0 186
4 2048
0 275
0 532
0 41
0 66
0 234
0 88
1 2048
1 2048
0 285
1 2048
0 78
1 2048
1 2048
0 191
1 2048
0 1740
1 2048
0 227
0 541
1 2048
0 309
3 2048
0 501
0 92
0 244
1 2048
2 2048
0 191
2 2048
0 1240
1 2048
1 2048
1 2048
0 258
0 357
0 255
2 2048
1 2048
2 2048
1 2048
1 2048
0 323
1 2048
2 2048
0 765
1 2048
1 2048
2 2048
0 321
0 915
3 2048
1 2048
0 858
2 2048
1 2048
1 2048
2 2048
0 533
1 2048
1 2048
0 325
2 2048
1 2048
1 2048
2 2048
1 2048
0 108
0 210
0 687
1 2048
1 2048
0 463
0 196
1 2048
1 2048
2 2048
1 2048
1 2048
0 587
1 2048
0 1667
1 2048
1 2048
0 359
0 616
1 2048
1 2048
1 2048
0 78
0 1044
1 2048
0 468
4 2048
1 2048
1 2048
1 2048
0 943
1 2048
2 2048
1 2048
2 2048
1 2048
0 940
0 195
1 2048
0 1789
0 116
0 132
0 231
4 2048
0 626
0 268
2 2048
0 131
0 1449
2 2048
0 125
1 2048
2 2048
0 137
0 254
0 191
1 2048
0 134
0 406
1 2048
2 2048
0 251
0 292
2 2048
0 175
1 2048
1 2048
0 137
2 2048
2 2048
1 2048
2 2048
0 760
0 476
0 156
0 344
0 808
0 574
2 2048
1 2048
1 2048
1 2048
0 259
1 2048
3 2048
0 265
1 2048
1 2048
1 2048
0 1636
2 2048
1 2048
1 2048
0 1371
0 608
0 87
0 221
0 437
0 357
0 496
0 137
0 254
2 2048
0 217
1 2048
1 2048
1 2048
1 2048
0 255
0 1058
0 932
0 558
1 2048
0 596
0 105
0 955
2 2048
0 1299
2 2048
2 2048
0 844
0 113
3 2048
0 119
0 1885
1 2048
0 319
1 2048
0 540
1 2048
0 1098
1 2048
0 76
1 2048
0 259
0 346
0 810
0 198
1 2048
0 165
0 1216
1 2048
1 2048
2 2048
3 2048
0 922
0 414
1 2048
0 425
0 525
1 2048
2 2048
1 2048
3 2048
0 296
1 2048
0 252
2 2048
1 2048
0 682
1 2048
0 287
0 1199
1 2048
2 2048
0 661
2 2048
0 338
2 2048
0 676
0 346
0 332
1 2048
0 264
0 1228
0 49
0 1259
0 751
0 642
2 2048
0 769
2 2048
0 314
2 2048
1 2048
1 2048
2 2048
1 2048
2 2048
0 449
0 581
0 435
0 201
1 2048
0 185
1 2048
1 2048
0 896
1 2048
0 318
0 380
0 426
0 190
1 2048
2 2048
0 925
0 262
0 469
0 163
1 2048
0 1047
2 2048
1 2048
0 432
0 1581
2 2048
1 2048
1 2048
2 2048
0 365
1 2048
1 2048
0 781
1 2048
2 2048
0 425
0 268
1 2048
2 2048
2 2048
1 2048
0 2029
1 2048
0 223
0 143
0 84
0 350
1 2048
0 605
0 739
3 2048
1 2048
0 208
2 2048
1 2048
1 2048
1 2048
2 2048
0 266
1 2048
1 2048
1 2048
0 553
1 2048
1 2048
0 1075
0 1821
1 2048
2 2048
1 2048
1 2048
1 2048
0 557
1 2048
1 2048
2 2048
1 2048
0 235
0 585
2 2048
0 254
1 2048
0 192
0 782
1 2048
1 2048
0 841
0 2048
1 2048
1 2048
0 651
1 2048
1 2048
0 75
0 868
0 899
3 2048
1 2048
1 2048
0 550
0 56
1 2048
2 2048
0 471
0 80
0 159
1 2048
1 2048
1 2048
0 259
2 2048
1 2048
2 2048
2 2048
0 286
1 2048
0 719
0 483
3 2048
0 1856
1 2048
1 2048
1 2048
1 2048
0 693
2 2048
0 219
0 352
1 2048
1 2048
0 679
2 2048
0 179
0 217
1 2048
1 2048
1 2048
1 2048
3 2048
1 2048
0 428
0 1734
1 2048
0 705
2 2048
1 2048
0 805
0 116
1 2048
0 196
0 1474
3 2048
0 155
1 2048
2 2048
0 363
0 704
0 634
0 428
0 754
0 151
1 2048
2 2048
1 2048
0 226
0 255
0 159
0 201
0 1188
1 2048
1 2048
2 2048
1 2048
2 2048
0 517
3 2048
1 2048
1 2048
0 193
0 201
1 2048
1 2048
1 2048
0 207
3 2048
0 83
1 2048
0 1180
4 2048
0 435
1 2048
1 2048
2 2048
1 2048
1 2048
1 2048
0 775
0 152
0 1566
0 103
1 2048
0 165
1 2048
0 319
0 365
0 422
0 114
2 2048
1 2048
1 2048
0 331
2 2048
1 2048
1 2048
0 180
0 1095
1 2048
0 213
1 2048
0 1593
0 408
1 2048
0 125
0 585
0 281
0 488
0 521
0 205
1 2048
2 2048
2 2048
1 2048
0 330
1 2048
1 2048
0 127
0 955
1 2048
0 1113
1 2048
2 2048
0 594
0 1030
1 2048
1 2048
3 2048
1 2048
0 76
1 2048
0 764
2 2048
2 2048
1 2048
2 2048
0 270
2 2048
0 511
0 1599
0 178
0 398
2 2048
1 2048
2 2048
0 453
2 2048
0 1058
0 387
2 2048
0 652
0 192
0 1870
1 2048
0 310
0 156
1 2048
0 1111
0 450
0 1042
2 2048
1 2048
0 347
0 719
1 2048
1 2048
0 436
0 901
1 2048
1 2048
1 2048
1 2048
0 234
2 2048
0 514
0 295
1 2048
2 2048
0 2013
2 2048
0 895
1 2048
1 2048
0 372
0 162
0 832
2 2048
0 833
0 267
2 2048
2 2048
0 983
1 2048
2 2048
0 765
2 2048
2 2048
1 2048
0 197
2 2048
1 2048
0 409
1 2048
0 229
2 2048
2 2048
0 153
1 2048
0 624
0 304
0 787
0 132
0 695
1 2048
0 618
2 2048
1 2048
4 2048
1 2048
1 2048
0 585
0 280
2 2048
1 2048
0 54
3 2048
0 778
0 263
0 150
0 1726
1 2048
0 245
3 2048
0 473
0 418
0 861
1 2048
0 1225
1 2048
1 2048
0 420
1 2048
0 167
1 2048
1 2048
2 2048
1 2048
0 953
2 2048
1 2048
2 2048
1 2048
2 2048
0 202
1 2048
2 2048
0 328
1 2048
1 2048
1 2048
1 2048
0 434
1 2048
2 2048
1 2048
1 2048
2 2048
1 2048
0 389
0 252
0 767
0 1024
0 748
0 183
0 1369
1 2048
2 2048
0 79
0 327
0 599
1 2048
0 105
1 2048
0 465
1 2048
1 2048
0 265
1 2048
0 404
0 186
0 338
1 2048
3 2048
2 2048
1 2048
0 192
0 327
0 1259
1 2048
0 523
1 2048
1 2048
0 817
1 2048
1 2048
0 828
2 2048
1 2048
0 1088
0 397
0 1158
2 2048
0 665
0 252
1 2048
2 2048
1 2048
2 2048
0 958
0 180
1 2048
3 2048
0 153
4 2048
0 1046
1 2048
0 803
2 2048
0 1074
0 800
1 2048
0 156
0 498
0 108
0 310
0 108
1 2048
1 2048
1 2048
0 188
0 855
0 1191
1 2048
0 486
1 2048
0 1350
0 193
1 2048
1 2048
0 864
0 350
1 2048
0 161
0 699
1 2048
3 2048
0 385
0 684
0 1563
1 2048
1 2048
0 234
0 361
0 142
1 2048
2 2048
0 279
0 1767
0 438
1 2048
0 239
0 647
1 2048
0 243
3 2048
2 2048
0 600
1 2048
0 473
1 2048
1 2048
0 365
0 468
1 2048
1 2048
0 541
1 2048
0 356
0 287
3 2048
2 2048
0 870
2 2048
2 2048
0 407
0 899
1 2048
0 207
1 2048
0 200
0 110
0 80
1 2048
1 2048
3 2048
0 545
0 595
2 2048
0 298
1 2048
0 309
2 2048
1 2048
1 2048
0 455
0 1302
0 1176
0 306
1 2048
0 409
1 2048
0 366
0 624
2 2048
1 2048
0 44
0 307
0 378
0 1194
1 2048
0 340
0 137
0 525
2 2048
0 134
0 457
0 103
0 90
0 174
0 390
0 310
0 250
0 600
0 636
0 183
1 2048
0 380
0 44
2 2048
0 522
2 2048
1 2048
0 332
0 831
2 2048
0 467
0 1594
1 2048
1 2048
0 133
0 1440
0 510
0 303
0 710
0 501
0 813
2 2048
1 2048
2 2048
0 170
0 316
1 2048
0 530
0 88
0 1339
1 2048
1 2048
0 593
0 258
0 107
1 2048
2 2048
1 2048
2 2048
0 840
0 1137
0 78
3 2048
1 2048
0 676
2 2048
0 363
1 2048
1 2048
0 586
0 1033
0 1693
3 2048
2 2048
0 164
0 288
1 2048
0 673
3 2048
0 191
0 353
0 570
0 399
0 553
0 154
0 334
0 176
1 2048
0 367
1 2048
0 735
0 74
3 2048
2 2048
0 1202
1 2048
2 2048
0 640
1 2048
2 2048
1 2048
0 201
1 2048
3 2048
2 2048
1 2048
2 2048
0 1012
0 130
4 2048
0 1804
1 2048
0 116
1 2048
2 2048
1 2048
0 627
3 2048
0 2035
0 327
1 2048
2 2048
0 413
0 126
1 2048
1 2048
0 1842
1 2048
0 1649
1 2048
1 2048
0 185
1 2048
0 1954
1 2048
0 531
0 273
0 411
0 120
0 207
0 189
1 2048
0 259
0 345
2 2048
1 2048
1 2048
0 1698
0 113
0 313
0 669
1 2048
0 107
0 100
1 2048
0 169
0 419
2 2048
0 175
0 1450
1 2048
1 2048
0 252
1 2048
1 2048
0 1224
0 489
0 657
0 264
1 2048
1 2048
1 2048
0 278
1 2048
0 483
1 2048
0 575
0 405
2 2048
2 2048
1 2048
1 2048
4 2048
1 2048
2 2048
0 588
0 557
0 228
0 133
1 2048
1 2048
0 575
0 1672
0 44
1 2048
2 2048
1 2048
0 1491
0 1215
1 2048
0 772
0 208
2 2048
1 2048
1 2048
1 2048
1 2048
0 908
1 2048
2 2048
0 549
0 133
0 537
1 2048
1 2048
1 2048
1 2048
1 2048
1 2048
1 2048
1 2048
0 94
0 164
2 2048
0 130
1 2048
1 2048
1 2048
1 2048
1 2048
0 247
1 2048
0 916
2 2048
0 66
5 2048
0 1121
0 393
1 2048
3 2048
2 2048
0 733
1 2048
0 324
0 1586
0 631
0 651
1 2048
1 2048
1 2048
0 330
1 2048
0 1892
2 2048
0 736
2 2048
0 418
1 2048
2 2048
0 1274
1 2048
1 2048
1 2048
2 2048
2 2048
2 2048
2 2048
0 584
1 2048
1 2048
0 734
1 2048
2 2048
0 56
0 808
0 372
1 2048
2 2048
2 2048
0 1350
2 2048
1 2048
0 490
1 2048
1 2048
0 354
0 976
1 2048
1 2048
3 2048
1 2048
0 142
1 2048
0 527
1 2048
0 162
0 841
0 640
0 738
2 2048
1 2048
0 687
1 2048
0 1576
3 2048
1 2048
1 2048
1 2048
1 2048
1 2048
0 1362
0 1230
1 2048
0 326
2 2048
0 587
0 98
0 92
0 374
0 247
0 99
0 1202
1 2048
0 1058
2 2048
2 2048
1 2048
0 771
0 1048
1 2048
1 2048
0 555
1 2048
1 2048
0 997
0 897
0 825
0 298
0 498
1 2048
0 756
1 2048
1 2048
0 81
3 2048
1 2048
0 368
1 2048
0 26
0 759
3 2048
1 2048
0 472
3 2048
2 2048
2 2048
1 2048
1 2048
1 2048
1 2048
0 393
0 551
1 2048
0 585
1 2048
0 540
0 61
0 282
2 2048
0 210
0 374
0 144
2 2048
0 266
0 1123
0 204
1 2048
0 455
1 2048
1 2048
1 2048
1 2048
0 235
1 2048
0 1806
0 1523
3 2048
0 449
2 2048
3 2048
2 2048
2 2048
0 39
2 2048
1 2048
0 553
1 2048
0 550
1 2048
1 2048
0 326
0 48
0 718
0 895
0 198
0 309
2 2048
0 573
0 635
2 2048
0 402
0 688
1 2048
2 2048
1 2048
0 860
0 753
0 380
1 2048
1 2048
0 29
1 2048
2 2048
0 309
1 2048
0 304
3 2048
1 2048
2 2048
0 259
0 765
1 2048
2 2048
0 421
1 2048
0 1095
2 2048
0 212
1 2048
0 774
1 2048
0 302
0 73
0 106
1 2048
1 2048
0 1055
0 619
1 2048
0 402
0 41
1 2048
4 2048
1 2048
1 2048
0 627
0 233
2 2048
2 2048
0 240
1 2048
1 2048
1 2048
0 346
0 175
0 349
1 2048
0 44
1 2048
0 318
1 2048
1 2048
2 2048
1 2048
1 2048
3 2048
1 2048
1 2048
0 557
2 2048
1 2048
2 2048
0 247
2 2048
0 86
2 2048
3 2048
1 2048
1 2048
0 301
1 2048
2 2048
0 393
0 348
1 2048
0 496
0 1223
0 716
0 377
0 292
0 418
1 2048
0 389
0 42
1 2048
1 2048
0 316
0 516
0 467
2 2048
1 2048
0 353
1 2048
0 362
3 2048
2 2048
1 2048
1 2048
1 2048
0 615
0 378
0 1299
0 479
2 2048
0 810
0 248
0 234
1 2048
1 2048
0 246
1 2048
3 2048
2 2048
0 222
1 2048
0 136
0 1041
0 1108
0 351
0 281
0 1544
0 1045
1 2048
1 2048
2 2048
1 2048
0 280
0 163
1 2048
2 2048
1 2048
1 2048
0 241
0 399
2 2048
0 148
0 556
1 2048
0 63
3 2048
0 721
1 2048
1 2048
1 2048
0 1543
0 593
2 2048
3 2048
0 366
0 524
0 511
0 103
2 2048
0 528
0 264
1 2048
0 295
1 2048
2 2048
0 924
1 2048
2 2048
1 2048
1 2048
0 1176
1 2048
1 2048
0 215
0 242
1 2048
2 2048
0 504
1 2048
1 2048
1 2048
1 2048
1 2048
1 2048
2 2048
0 294
0 341
3 2048
1 2048
1 2048
1 2048
1 2048
0 146
1 2048
1 2048
0 526
0 714
0 558
0 213
1 2048
1 2048
0 825
0 90
0 372
0 290
0 527
0 1322
0 254
1 2048
0 2030
1 2048
2 2048
1 2048
1 2048
1 2048
1 2048
0 360
1 2048
0 1211
0 315
0 1119
1 2048
0 2024
0 1246
0 1154
1 2048
1 2048
0 1089
1 2048
0 438
0 63
0 1910
2 2048
0 308
2 2048
0 474
1 2048
1 2048
1 2048
1 2048
2 2048
0 81
1 2048
0 133
1 2048
0 286
0 1481
1 2048
2 2048
1 2048
2 2048
3 2048
1 2048
0 194
1 2048
0 281
0 122
1 2048
0 603
4 2048
0 440
1 2048
0 216
0 944
1 2048
2 2048
1 2048
1 2048
2 2048
0 255
0 1633
0 129
1 2048
0 276
0 381
1 2048
0 1132
0 1132
1 2048
1 2048
0 396
0 490
0 406
1 2048
0 180
0 1263
0 975
2 2048
2 2048
0 110
0 427
1 2048
0 150
2 2048
2 2048
1 2048
0 252
1 2048
1 2048
0 127
1 2048
0 288
2 2048
0 749
0 949
1 2048
0 915
0 92
0 239
0 537
1 2048
0 673
1 2048
1 2048
2 2048
0 243
0 751
1 2048
1 2048
0 371
0 347
2 2048
0 1321
0 77
0 640
0 292
0 474
0 380
1 2048
0 595
1 2048
1 2048
0 437
0 468
0 451
0 394
1 2048
0 1500
2 2048
2 2048
1 2048
3 2048
1 2048
2 2048
1 2048
1 2048
2 2048
1 2048
0 87
1 2048
0 274
1 2048
0 471
1 2048
2 2048
1 2048
1 2048
0 108
1 2048
1 2048
1 2048
0 385
5 2048
2 2048
0 225
0 956
0 171
1 2048
0 153
1 2048
0 894
1 2048
0 1151
0 329
1 2048
0 252
1 2048
1 2048
1 2048
0 488
1 2048
1 2048
1 2048
1 2048
0 505
1 2048
0 128
1 2048
1 2048
1 2048
2 2048
1 2048
2 2048
1 2048
0 317
0 1294
2 2048
0 311
3 2048
0 265
0 703
3 2048
0 1856
1 2048
0 227
1 2048
2 2048
1 2048
0 138
0 223
1 2048
0 170
1 2048
0 508
1 2048
0 75
0 122
0 1105
0 626
0 306
1 2048
0 1416
3 2048
0 374
0 282
2 2048
0 51
0 292
1 2048
0 916
2 2048
0 516
0 532
1 2048
0 197
0 662
0 1553
0 561
0 333
1 2048
1 2048
3 2048
0 186
0 370
0 137
1 2048
1 2048
0 534
0 531
1 2048
1 2048
0 208
2 2048
1 2048
0 255
1 2048
1 2048
1 2048
0 1651
0 200
0 1315
1 2048
0 389
0 58
4 2048
0 356
0 310
2 2048
1 2048
0 134
0 196
1 2048
0 422
1 2048
2 2048
0 356
2 2048
4 2048
0 402
2 2048
1 2048
0 705
1 2048
1 2048
1 2048
0 561
1 2048
1 2048
1 2048
1 2048
0 933
0 332
1 2048
0 770
0 741
0 75
0 171
1 2048
2 2048
0 121
0 506
1 2048
4 2048
2 2048
0 432
0 1961
0 535
0 614
0 1803
0 313
1 2048
3 2048
0 416
0 1141
2 2048
0 174
0 1194
0 896
1 2048
3 2048
0 77
0 610
1 2048
0 867
0 637
0 1255
1 2048
1 2048
0 1576
0 933
0 484
0 259
2 2048
0 707
3 2048
0 637
0 228
0 173
1 2048
2 2048
2 2048
0 162
1 2048
3 2048
1 2048
0 708
0 532
1 2048
0 564
0 1082
0 410
0 149
3 2048
0 421
1 2048
0 960
0 645
1 2048
2 2048
0 84
0 298
0 339
1 2048
1 2048
0 164
2 2048
0 146
0 1679
0 311
1 2048
1 2048
1 2048
0 458
0 671
1 2048
1 2048
1 2048
1 2048
0 373
2 2048
1 2048
0 217
3 2048
0 216
1 2048
0 334
0 1620
0 1641
1 2048
1 2048
0 296
0 1973
0 279
1 2048
0 411
0 434
0 318
1 2048
0 242
0 184
1 2048
0 148
1 2048
2 2048
1 2048
1 2048
1 2048
0 171
0 614
0 1849
0 615
0 459
0 108
3 2048
0 445
2 2048
0 308
2 2048
0 333
1 2048
2 2048
0 1625
0 701
2 2048
1 2048
0 540
2 2048
0 413
2 2048
0 1361
0 384
0 415
0 363
1 2048
0 318
0 89
0 722
1 2048
1 2048
1 2048
0 149
0 39
0 1115
2 2048
2 2048
0 317
0 333
0 634
3 2048
1 2048
3 2048
1 2048
0 471
0 305
0 678
1 2048
0 146
0 689
2 2048
1 2048
0 1873
0 136
0 387
0 1041
0 318
3 2048
0 589
0 37
0 200
2 2048
0 311
0 329
0 576
2 2048
1 2048
0 1236
0 413
1 2048
2 2048
0 150
3 2048
2 2048
0 492
0 414
0 393
0 575
2 2048
0 167
0 143
1 2048
0 600
0 351
0 1003
1 2048
0 225
1 2048
0 546
2 2048
0 239
0 118
0 150
0 805
1 2048
0 320
0 1102
0 81
0 184
1 2048
0 1362
1 2048
1 2048
0 417
0 331
0 100
0 472
0 369
2 2048
1 2048
0 113
0 748
2 2048
1 2048
3 2048
0 127
0 211
0 83
1 2048
0 782
2 2048
1 2048
0 438
0 231
0 39
0 776
1 2048
0 597
5 2048
0 677
0 175
3 2048
1 2048
1 2048
1 2048
0 266
0 119
1 2048
3 2048
0 266
0 762
0 267
5 2048
0 250
0 638
0 1056
1 2048
0 108
0 1002
5 2048
1 2048
0 319
0 1717
0 590
0 398
0 952
1 2048
0 467
1 2048
1 2048
2 2048
1 2048
1 2048
0 267
3 2048
1 2048
2 2048
1 2048
2 2048
0 377
0 543
1 2048
2 2048
2 2048
2 2048
1 2048
0 283
0 1101
0 284
0 71
0 313
0 319
0 555
1 2048
1 2048
0 355
0 654
0 319
0 336
1 2048
0 801
0 495
1 2048
1 2048
1 2048
0 153
4 2048
1 2048
1 2048
0 626
0 700
3 2048
2 2048
0 680
1 2048
2 2048
2 2048
0 170
1 2048
1 2048
1 2048
1 2048
0 194
3 2048
0 920
3 2048
1 2048
0 483
0 623
2 2048
0 438
1 2048
1 2048
0 193
0 1562
0 115
1 2048
0 1170
0 369
1 2048
1 2048
1 2048
1 2048
1 2048
0 622
0 240
0 869
0 1416
0 1151
0 99
0 396
1 2048
0 216
0 1909
0 623
0 506
1 2048
1 2048
0 249
0 175
2 2048
0 468
1 2048
1 2048
2 2048
2 2048
0 1070
1 2048
2 2048
0 629
1 2048
1 2048
2 2048
1 2048
1 2048
1 2048
0 189
1 2048
3 2048
1 2048
1 2048
0 979
2 2048
0 790
1 2048
0 140
1 2048
1 2048
0 1236
3 2048
0 424
1 2048
0 819
0 1069
1 2048
0 470
0 41
0 337
1 2048
1 2048
1 2048
1 2048
0 845
2 2048
1 2048
0 104
1 2048
1 2048
1 2048
0 774
1 2048
0 125
1 2048
1 2048
1 2048
1 2048
1 2048
0 1326
1 2048
0 74
0 232
1 2048
0 794
2 2048
0 306
0 101
1 2048
0 254
0 281
0 471
2 2048
1 2048
0 194
0 269
1 2048
1 2048
1 2048
0 506
0 485
1 2048
0 2046
2 2048
1 2048
0 228
0 152
2 2048
1 2048
1 2048
0 401
1 2048
3 2048
1 2048
1 2048
0 150
1 2048
0 211
1 2048
1 2048
3 2048
1 2048
0 205
0 354
0 411
0 505
0 470
1 2048
1 2048
0 325
0 41
0 505
0 514
1 2048
0 1399
0 712
0 567
1 2048
1 2048
0 161
1 2048
1 2048
2 2048
0 968
1 2048
0 255
2 2048
0 631
1 2048
0 149
2 2048
1 2048
0 641
0 1261
1 2048
1 2048
2 2048
0 233
2 2048
0 1085
2 2048
1 2048
0 1630
2 2048
0 1299
1 2048
0 298
0 1511
0 531
0 188
0 213
0 772
1 2048
1 2048
1 2048
0 146
2 2048
1 2048
3 2048
1 2048
0 456
2 2048
1 2048
1 2048
2 2048
0 402
1 2048
0 225
0 666
3 2048
0 1498
1 2048
0 1284
1 2048
1 2048
1 2048
0 1724
0 1103
0 596
0 297
5 2048
1 2048
0 820
0 427
1 2048
1 2048
0 233
1 2048
0 84
2 2048
1 2048
2 2048
1 2048
1 2048
0 877
1 2048
2 2048
0 380
1 2048
0 208
1 2048
1 2048
1 2048
2 2048
2 2048
3 2048
0 40
1 2048
0 494
1 2048
0 155
0 97
0 379
2 2048
0 536
3 2048
1 2048
0 230
0 806
1 2048
1 2048
0 375
0 1179
2 2048
0 1693
1 2048
0 805
0 459
1 2048
1 2048
0 349
1 2048
0 334
0 1206
0 240
1 2048
1 2048
0 61
0 722
0 1917
0 123
1 2048
0 735
1 2048
1 2048
2 2048
0 346
2 2048
3 2048
0 595
0 573
0 486
1 2048
0 66
1 2048
0 901
1 2048
1 2048
1 2048
0 30
0 221
0 256
1 2048
1 2048
1 2048
1 2048
2 2048
1 2048
3 2048
0 233
4 2048
1 2048
3 2048
1 2048
0 433
3 2048
2 2048
2 2048
0 424
1 2048
1 2048
0 248
0 1442
0 103
0 175
1 2048
0 844
3 2048
0 88
0 1873
0 404
0 571
0 2032
0 143
3 2048
0 1051
1 2048
0 145
0 907
2 2048
0 1318
1 2048
0 597
2 2048
1 2048
0 279
0 298
0 303
1 2048
0 442
1 2048
1 2048
1 2048
1 2048
0 1359
1 2048
1 2048
1 2048
0 477
0 1656
0 183
1 2048
2 2048
0 127
2 2048
0 422
1 2048
0 198
0 583
1 2048
0 216
2 2048
0 1004
1 2048
0 331
1 2048
0 655
0 1716
0 1380
1 2048
0 232
0 1294
1 2048
0 750
0 143
0 501
0 383
0 577
0 338
1 2048
1 2048
0 1349
1 2048
1 2048
0 241
0 356
2 2048
0 1927
1 2048
1 2048
0 51
0 310
1 2048
0 288
0 323
6 2048
2 2048
0 141
1 2048
1 2048
0 543
3 2048
0 910
0 498
0 368
1 2048
1 2048
1 2048
0 137
0 322
1 2048
1 2048
2 2048
1 2048
0 708
1 2048
0 1133
1 2048
1 2048
1 2048
1 2048
0 381
1 2048
1 2048
0 1855
1 2048
2 2048
1 2048
0 970
0 331
0 145
1 2048
6 2048
0 1131
2 2048
0 581
1 2048
0 859
0 968
0 178
0 1119
1 2048
0 268
1 2048
1 2048
0 432
0 1490
0 309
0 683
1 2048
0 333
2 2048
1 2048
1 2048
1 2048
0 272
3 2048
2 2048
1 2048
2 2048
1 2048
0 1541
1 2048
0 522
2 2048
1 2048
2 2048
0 250
2 2048
1 2048
2 2048
0 271
1 2048
2 2048
0 110
1 2048
1 2048
2 2048
1 2048
0 619
0 687
4 2048
2 2048
1 2048
0 354
1 2048
0 1033
1 2048
0 574
2 2048
3 2048
0 1769
0 86
3 2048
0 102
3 2048
0 165
0 550
0 354
5 2048
1 2048
2 2048
2 2048
0 472
1 2048
1 2048
0 1049
2 2048
0 173
0 1068
0 278
1 2048
2 2048
1 2048
1 2048
0 381
2 2048
4 2048
1 2048
1 2048
2 2048
1 2048
0 210
0 1770
0 614
0 398
0 756
0 1111
0 499
1 2048
0 810
1 2048
0 109
0 834
0 1130
0 402
1 2048
0 210
0 93
2 2048
2 2048
1 2048
2 2048
0 612
0 56
1 2048
0 1249
0 133
0 469
1 2048
0 1779
2 2048
2 2048
0 680
1 2048
0 442
0 339
0 931
3 2048
2 2048
3 2048
1 2048
0 171
0 665
0 514
3 2048
1 2048
1 2048
4 2048
0 234
2 2048
0 304
0 389
0 592
0 1242
2 2048
1 2048
0 163
0 1475
1 2048
3 2048
0 98
2 2048
0 77
0 1694
0 417
1 2048
1 2048
2 2048
0 118
1 2048
0 285
2 2048
0 262
0 457
1 2048
0 1990
1 2048
0 696
3 2048
0 637
0 41
1 2048
0 333
1 2048
1 2048
1 2048
2 2048
1 2048
1 2048
0 471
0 161
0 363
2 2048
1 2048
2 2048
1 2048
0 347
0 876
1 2048
1 2048
0 306
0 508
0 620
1 2048
0 31
0 528
0 492
0 194
0 477
0 558
0 1477
1 2048
0 656
0 502
1 2048
2 2048
1 2048
0 370
0 411
1 2048
0 194
0 301
0 171
1 2048
0 184
2 2048
0 85
0 95
0 1657
0 381
0 811
0 442
2 2048
1 2048
0 262
0 411
1 2048
2 2048
0 578
3 2048
2 2048
1 2048
1 2048
3 2048
0 38
1 2048
0 420
0 140
0 1441
0 159
1 2048
2 2048
1 2048
2 2048
1 2048
1 2048
0 500
1 2048
0 332
0 1587
1 2048
0 1160
0 1001
2 2048
1 2048
0 616
0 772
0 66
0 291
0 1558
2 2048
1 2048
0 169
0 374
0 775
1 2048
0 466
1 2048
0 1594
0 260
2 2048
0 1397
0 532
0 214
1 2048
2 2048
2 2048
0 715
1 2048
0 600
3 2048
0 332
3 2048
0 975
1 2048
2 2048
0 561
0 187
0 46
1 2048
1 2048
2 2048
2 2048
1 2048
1 2048
0 676
0 662
2 2048
0 354
0 492
1 2048
1 2048
1 2048
1 2048
0 363
0 273
0 706
1 2048
2 2048
0 99
1 2048
0 1610
0 351
1 2048
1 2048
0 307
0 865
1 2048
2 2048
2 2048
1 2048
0 306
0 214
0 268
1 2048
1 2048
1 2048
2 2048
1 2048
1 2048
2 2048
0 129
0 1139
1 2048
1 2048
1 2048
1 2048
4 2048
0 211
1 2048
0 300
2 2048
0 349
0 148
0 409
0 103
0 690
1 2048
0 281
2 2048
1 2048
0 76
1 2048
2 2048
0 194
1 2048
0 1122
0 662
1 2048
1 2048
2 2048
2 2048
0 214
2 2048
0 1149
0 413
1 2048
0 1696
1 2048
1 2048
0 305
0 256
1 2048
1 2048
1 2048
1 2048
2 2048
0 1524
0 1225
0 710
1 2048
1 2048
0 269
3 2048
1 2048
0 785
1 2048
0 908
3 2048
1 2048
4 2048
0 66
1 2048
2 2048
0 679
0 420
1 2048
1 2048
1 2048
0 162
0 624
0 255
0 123
0 611
0 240
0 105
1 2048
0 573
0 244
1 2048
1 2048
0 1005
0 1476
2 2048
2 2048
2 2048
0 305
2 2048
0 94
0 481
1 2048
1 2048
1 2048
1 2048
0 172
0 150
0 183
0 63
1 2048
1 2048
0 130
0 818
2 2048
1 2048
2 2048
0 63
0 226
2 2048
1 2048
0 109
2 2048
0 222
0 107
1 2048
3 2048
0 197
0 612
1 2048
1 2048
0 79
1 2048
1 2048
0 467
0 244
0 341
0 346
1 2048
0 49
1 2048
2 2048
1 2048
0 664
1 2048
2 2048
2 2048
1 2048
1 2048
2 2048
0 280
1 2048
0 950
1 2048
1 2048
0 1643
2 2048
0 728
0 457
1 2048
1 2048
0 199
0 507
0 1200
0 668
1 2048
0 374
0 1558
0 583
1 2048
0 333
1 2048
0 731
1 2048
1 2048
1 2048
0 74
1 2048
1 2048
0 629
1 2048
0 719
1 2048
0 835
0 179
1 2048
0 207
1 2048
3 2048
0 279
1 2048
0 86
1 2048
1 2048
0 295
0 219
1 2048
0 498
0 938
1 2048
0 423
1 2048
2 2048
0 424
2 2048
0 293
2 2048
1 2048
0 491
1 2048
1 2048
0 134
0 514
1 2048
3 2048
0 459
1 2048
0 237
0 573
0 145
1 2048
2 2048
0 460
0 1311
1 2048
1 2048
0 181
0 298
1 2048
0 498
1 2048
0 426
0 1168
1 2048
1 2048
1 2048
0 214
0 343
0 410
1 2048
0 583
0 295
0 201
2 2048
2 2048
2 2048
0 536
1 2048
1 2048
2 2048
1 2048
0 194
0 312
1 2048
0 512
0 1997
0 494
0 270
1 2048
2 2048
1 2048
0 111
0 164
0 921
0 235
3 2048
2 2048
1 2048
0 182
2 2048
0 263
0 323
1 2048
0 1635
0 260
0 86
1 2048
0 661
1 2048
0 205
1 2048
1 2048
0 164
1 2048
0 80
3 2048
2 2048
0 1033
1 2048
2 2048
0 193
0 354
0 934
0 257
1 2048
0 93
2 2048
1 2048
0 384
0 461
2 2048
1 2048
1 2048
0 360
2 2048
1 2048
1 2048
1 2048
1 2048
2 2048
1 2048
1 2048
2 2048
1 2048
0 633
2 2048
0 552
1 2048
0 284
1 2048
1 2048
1 2048
1 2048
0 252
0 354
0 384
2 2048
0 820
3 2048
0 57
2 2048
0 605
0 371
0 98
0 556
4 2048
1 2048
0 898
1 2048
0 356
1 2048
0 458
0 391
4 2048
0 432
1 2048
2 2048
0 221
0 459
0 842
0 357
0 278
1 2048
0 2008
0 339
0 979
1 2048
1 2048
1 2048
0 247
1 2048
1 2048
3 2048
1 2048
0 831
1 2048
2 2048
0 262
3 2048
3 2048
2 2048
0 635
1 2048
3 2048
0 266
0 233
1 2048
1 2048
0 234
1 2048
1 2048
0 401
1 2048
0 171
0 188
1 2048
1 2048
1 2048
0 1031
1 2048
0 857
0 79
0 1378
1 2048
0 276
1 2048
1 2048
0 116
0 284
0 879
1 2048
1 2048
1 2048
0 66
1 2048
1 2048
2 2048
0 373
0 761
0 281
1 2048
2 2048
1 2048
0 278
0 125
2 2048
1 2048
1 2048
0 773
0 701
0 527
0 607
0 1038
1 2048
0 97
0 517
0 462
1 2048
0 41
1 2048
1 2048
0 233
1 2048
0 672
2 2048
0 363
3 2048
0 312
2 2048
2 2048
2 2048
0 1077
0 929
3 2048
0 355
1 2048
1 2048
2 2048
0 319
0 87
0 1226
1 2048
0 2002
1 2048
2 2048
1 2048
2 2048
0 1446
1 2048
2 2048
0 1051
1 2048
0 1870
2 2048
1 2048
1 2048
0 246
2 2048
0 1368
2 2048
0 507
1 2048
2 2048
0 295
2 2048
1 2048
0 104
0 610
1 2048
0 198
2 2048
0 92
1 2048
0 1392
4 2048
0 767
0 265
0 345
0 654
1 2048
0 376
0 1088
1 2048
1 2048
1 2048
3 2048
0 1061
2 2048
1 2048
0 134
0 96
1 2048
1 2048
0 649
1 2048
1 2048
1 2048
1 2048
1 2048
0 264
0 1863
0 91
2 2048
1 2048
1 2048
0 638
1 2048
1 2048
1 2048
1 2048
0 475
1 2048
0 1592
1 2048
1 2048
0 175
1 2048
1 2048
0 638
1 2048
0 491
1 2048
0 367
2 2048
1 2048
0 1891
1 2048
1 2048
1 2048
0 1020
0 173
0 217
1 2048
0 380
0 152
1 2048
0 674
0 504
0 173
0 246
0 986
0 325
2 2048
2 2048
0 466
0 147
1 2048
0 455
1 2048
0 32
1 2048
0 1611
0 247
0 482
1 2048
0 511
2 2048
1 2048
0 166
1 2048
0 1128
0 569
1 2048
1 2048
0 192
0 615
2 2048
0 443
0 1984
0 1877
0 1318
1 2048
0 502
0 129
1 2048
0 87
0 240
3 2048
0 681
1 2048
0 175
0 251
1 2048
0 597
1 2048
0 264
0 702
1 2048
0 481
0 523
1 2048
2 2048
1 2048
2 2048
1 2048
1 2048
2 2048
0 418
1 2048
2 2048
0 556
0 505
0 377
1 2048
1 2048
0 761
1 2048
1 2048
1 2048
0 461
0 293
1 2048
2 2048
0 135
0 257
1 2048
0 336
0 294
3 2048
1 2048
0 204
2 2048
1 2048
1 2048
1 2048
0 164
2 2048
1 2048
0 573
0 475
1 2048
2 2048
2 2048
0 201
0 390
0 397
1 2048
0 599
0 192
1 2048
1 2048
1 2048
4 2048
1 2048
1 2048
0 387
0 455
0 117
1 2048
0 215
1 2048
3 2048
1 2048
1 2048
1 2048
0 659
0 100
1 2048
2 2048
0 79
1 2048
1 2048
0 1433
0 378
2 2048
0 89
1 2048
0 74
4 2048
2 2048
0 1087
2 2048
0 487
0 122
1 2048
0 196
1 2048
0 81
0 1085
0 522
1 2048
4 2048
1 2048
0 12
0 1357
0 174
0 263
1 2048
0 151
1 2048
1 2048
0 266
0 1242
0 201
1 2048
1 2048
1 2048
1 2048
0 645
0 1235
2 2048
4 2048
1 2048
1 2048
0 518
1 2048
0 400
1 2048
0 509
2 2048
2 2048
0 630
1 2048
0 163
0 1854
0 480
2 2048
0 461
0 75
1 2048
1 2048
0 123
1 2048
0 201
0 487
3 2048
0 253
0 83
1 2048
0 645
0 184
0 1437
0 479
3 2048
0 92
0 518
1 2048
2 2048
0 527
1 2048
0 331
2 2048
0 1882
0 39
1 2048
1 2048
0 236
0 71
1 2048
0 318
0 385
1 2048
2 2048
0 159
0 109
0 378
0 317
1 2048
0 265
4 2048
1 2048
1 2048
0 447
0 207
0 260
0 316
1 2048
2 2048
0 428
0 1730
1 2048
1 2048
0 276
1 2048
0 433
0 568
1 2048
0 355
0 838
2 2048
0 1335
1 2048
0 687
0 1501
0 575
1 2048
1 2048
0 1257
0 154
1 2048
1 2048
1 2048
1 2048
0 600
1 2048
0 337
0 442
0 548
2 2048
2 2048
1 2048
1 2048
2 2048
0 1639
1 2048
0 1074
0 1424
0 600
1 2048
1 2048
1 2048
0 167
1 2048
2 2048
0 147
2 2048
0 559
1 2048
1 2048
0 785
0 524
0 335
0 343
2 2048
0 344
0 142
0 406
0 622
0 421
2 2048
1 2048
2 2048
0 416
1 2048
0 924
0 1477
2 2048
2 2048
0 85
2 2048
0 1593
0 104
0 271
0 496
0 495
1 2048
0 713
0 401
1 2048
3 2048
3 2048
0 210
1 2048
1 2048
1 2048
1 2048
1 2048
1 2048
0 340
0 57
1 2048
1 2048
1 2048
1 2048
0 291
2 2048
1 2048
0 420
1 2048
2 2048
0 903
1 2048
2 2048
1 2048
0 361
0 268
0 960
2 2048
0 525
1 2048
0 1219
5 2048
0 483
2 2048
0 87
0 1723
0 278
0 39
1 2048
1 2048
2 2048
1 2048
2 2048
0 373
0 814
3 2048
1 2048
0 318
1 2048
0 1118
0 116
1 2048
0 196
3 2048
3 2048
1 2048
1 2048
2 2048
1 2048
1 2048
0 165
0 1676
3 2048
1 2048
0 1509
3 2048
0 289
1 2048
1 2048
2 2048
1 2048
1 2048
2 2048
0 191
1 2048
0 143
1 2048
0 66
2 2048
2 2048
2 2048
0 934
1 2048
0 520
1 2048
1 2048
2 2048
0 465
1 2048
2 2048
1 2048
1 2048
0 124
2 2048
0 513
1 2048
0 621
0 1549
1 2048
1 2048
0 636
0 739
1 2048
2 2048
1 2048
2 2048
0 185
0 366
0 643
0 1104
2 2048
1 2048
0 451
0 410
2 2048
1 2048
1 2048
1 2048
0 1226
0 475
1 2048
1 2048
1 2048
1 2048
1 2048
0 94
0 562
2 2048
0 1389
0 150
1 2048
0 1023
1 2048
0 908
0 61
2 2048
0 1334
1 2048
0 320
1 2048
0 514
0 166
0 423
0 100
0 159
1 2048
3 2048
3 2048
1 2048
0 1883
1 2048
0 85
1 2048
0 78
0 335
1 2048
2 2048
0 1402
2 2048
2 2048
0 554
2 2048
1 2048
1 2048
1 2048
3 2048
1 2048
1 2048
2 2048
0 346
1 2048
0 937
3 2048
0 258
0 334
0 939
0 599
1 2048
1 2048
0 1405
2 2048
2 2048
0 480
1 2048
1 2048
1 2048
0 712
0 1105
1 2048
2 2048
2 2048
2 2048
0 225
2 2048
0 372
0 78
4 2048
1 2048
1 2048
0 222
0 740
1 2048
0 981
2 2048
3 2048
1 2048
3 2048
1 2048
0 153
0 614
0 983
0 796
2 2048
0 575
2 2048
1 2048
1 2048
1 2048
0 539
0 362
0 62
2 2048
0 46
3 2048
0 788
1 2048
0 279
2 2048
0 681
1 2048
0 358
2 2048
1 2048
3 2048
0 666
0 721
3 2048
0 146
0 63
0 661
0 238
0 127
0 1504
0 202
0 556
0 432
3 2048
0 259
0 202
1 2048
0 294
0 694
2 2048
0 674
0 138
1 2048
0 812
0 183
1 2048
0 199
1 2048
2 2048
1 2048
0 856
0 110
0 719
0 332
1 2048
1 2048
0 672
0 328
1 2048
2 2048
2 2048
1 2048
0 312
1 2048
0 383
1 2048
0 456
0 670
1 2048
2 2048
0 59
2 2048
0 90
1 2048
1 2048
0 264
0 320
1 2048
1 2048
2 2048
0 357
0 693
1 2048
0 292
1 2048
1 2048
2 2048
2 2048
2 2048
2 2048
0 417
0 355
0 1071
0 1198
0 168
0 954
1 2048
0 624
0 381
1 2048
1 2048
0 1277
3 2048
0 210
0 591
2 2048
3 2048
1 2048
1 2048
0 1984
0 393
3 2048
1 2048
1 2048
0 477
1 2048
1 2048
0 280
1 2048
0 770
1 2048
2 2048
2 2048
1 2048
2 2048
2 2048
0 688
0 622
2 2048
0 718
0 271
0 353
1 2048
2 2048
0 757
0 128
1 2048
0 341
3 2048
1 2048
0 656
2 2048
1 2048
3 2048
2 2048
1 2048
0 129
1 2048
0 395
1 2048
2 2048
1 2048
0 483
0 41
1 2048
0 960
1 2048
1 2048
1 2048
0 526
0 430
0 289
0 1861
1 2048
1 2048
1 2048
2 2048
1 2048
0 637
1 2048
0 1393
0 1760
1 2048
2 2048
1 2048
0 626
0 226
2 2048
0 354
4 2048
0 486
1 2048
0 839
0 268
0 96
0 328
0 1019
3 2048
2 2048
0 262
2 2048
0 146
1 2048
1 2048
1 2048
0 972
0 579
1 2048
3 2048
0 1398
0 1793
2 2048
0 483
1 2048
1 2048
0 290
0 1438
0 1692
0 285
0 166
1 2048
2 2048
1 2048
2 2048
0 283
1 2048
0 104
2 2048
1 2048
0 111
0 1201
2 2048
0 86
0 135
0 329
0 669
2 2048
0 254
3 2048
0 118
2 2048
0 96
1 2048
0 71
1 2048
2 2048
1 2048
0 1562
1 2048
0 1183
0 178
1 2048
1 2048
0 552
1 2048
1 2048
0 261
0 122
2 2048
3 2048
0 78
0 180
1 2048
0 1725
1 2048
2 2048
1 2048
1 2048
1 2048
1 2048
0 419
0 383
0 963
0 977
3 2048
1 2048
1 2048
0 335
0 1093
0 425
2 2048
0 427
0 209
0 524
1 2048
1 2048
1 2048
2 2048
0 249
0 224
0 56
1 2048
1 2048
0 183
1 2048
1 2048
2 2048
0 258
1 2048
0 570
2 2048
0 207
3 2048
0 1494
2 2048
0 299
1 2048
2 2048
0 236
0 137
1 2048
2 2048
1 2048
1 2048
2 2048
1 2048
0 105
0 290
1 2048
1 2048
1 2048
0 819
0 68
2 2048
4 2048
2 2048
0 255
0 489
0 451
1 2048
2 2048
0 1765
1 2048
2 2048
0 635
2 2048
1 2048
0 744
0 453
0 277
2 2048
0 497
0 166
0 224
2 2048
0 44
2 2048
0 111
1 2048
1 2048
0 357
0 938
1 2048
1 2048
0 570
3 2048
0 137
0 1151
0 227
0 67
0 1174
0 40
0 530
0 473
1 2048
0 141
0 219
0 443
2 2048
1 2048
1 2048
2 2048
0 555
1 2048
1 2048
0 775
1 2048
1 2048
1 2048
0 1350
0 1684
0 443
0 98
1 2048
2 2048
0 707
1 2048
1 2048
0 404
2 2048
1 2048
0 1302
0 1112
2 2048
2 2048
2 2048
1 2048
1 2048
1 2048
1 2048
2 2048
0 268
2 2048
1 2048
0 81
1 2048
1 2048
0 830
0 243
1 2048
1 2048
1 2048
0 319
1 2048
2 2048
1 2048
2 2048
1 2048
2 2048
0 91
0 627
0 320
1 2048
1 2048
0 346
1 2048
1 2048
0 212
0 80
0 547
0 294
1 2048
0 281
1 2048
0 234
0 1642
0 428
1 2048
2 2048
1 2048
1 2048
2 2048
3 2048
0 326
1 2048
1 2048
1 2048
0 657
1 2048
0 505
2 2048
0 168
0 105
0 1678
1 2048
0 658
4 2048
0 486
0 257
2 2048
2 2048
1 2048
0 121
2 2048
1 2048
0 627
0 325
0 583
2 2048
0 530
1 2048
0 470
1 2048
1 2048
1 2048
0 125
1 2048
0 1159
0 1181
1 2048
3 2048
0 192
1 2048
1 2048
0 231
0 357
0 160
0 1071
3 2048
1 2048
1 2048
2 2048
0 812
1 2048
2 2048
2 2048
2 2048
0 360
1 2048
2 2048
2 2048
2 2048
0 382
1 2048
1 2048
0 416
1 2048
2 2048
0 194
0 702
0 362
0 462
0 200
0 206
0 860
1 2048
2 2048
1 2048
0 335
0 1023
1 2048
0 188
2 2048
0 264
1 2048
2 2048
0 813
0 508
1 2048
1 2048
0 1612
0 1081
2 2048
1 2048
1 2048
2 2048
1 2048
0 673
1 2048
0 256
2 2048
1 2048
4 2048
0 285
0 343
1 2048
1 2048
3 2048
0 286
1 2048
1 2048
0 460
0 453
0 48
0 352
0 262
1 2048
0 907
0 35
0 443
3 2048
0 1635
1 2048
0 107
2 2048
0 453
1 2048
2 2048
1 2048
2 2048
1 2048
1 2048
0 378
0 170
1 2048
0 89
3 2048
1 2048
0 698
2 2048
0 410
2 2048
0 803
0 338
0 528
0 281
1 2048
1 2048
1 2048
0 845
0 52
1 2048
0 303
0 833
0 239
1 2048
0 1751
1 2048
0 467
0 459
2 2048
0 426
0 412
0 896
0 170
1 2048
0 519
1 2048
0 339
0 196
0 1725
1 2048
0 247
2 2048
1 2048
0 250
0 626
1 2048
0 1021
0 136
0 202
1 2048
1 2048
0 159
0 990
2 2048
0 714
2 2048
1 2048
1 2048
0 245
0 887
1 2048
3 2048
0 221
2 2048
1 2048
0 697
0 651
1 2048
1 2048
0 1117
1 2048
1 2048
3 2048
0 824
0 806
0 201
0 683
1 2048
0 425
2 2048
1 2048
1 2048
0 157
0 610
0 1310
1 2048
1 2048
3 2048
0 223
2 2048
3 2048
1 2048
0 559
1 2048
3 2048
0 202
2 2048
0 967
0 1541
0 1037
0 612
0 1157
0 720
0 243
0 573
0 867
1 2048
0 190
2 2048
2 2048
1 2048
0 1313
1 2048
1 2048
0 213
0 1494
0 636
0 240
1 2048
0 303
0 543
3 2048
1 2048
1 2048
0 563
1 2048
0 402
1 2048
1 2048
1 2048
0 397
1 2048
1 2048
0 470
0 1153
0 224
0 601
0 854
2 2048
1 2048
0 788
0 148
0 262
0 636
0 520
1 2048
0 392
0 427
1 2048
1 2048
2 2048
1 2048
0 100
1 2048
0 799
0 1784
2 2048
0 1307
0 191
0 468
0 357
0 1081
1 2048
3 2048
1 2048
3 2048
1 2048
2 2048
1 2048
0 682
0 62
0 375
1 2048
0 574
1 2048
1 2048
0 120
0 144
1 2048
1 2048
1 2048
0 421
0 1537
0 544
0 1143
1 2048
1 2048
1 2048
2 2048
0 688
0 790
1 2048
1 2048
1 2048
2 2048
1 2048
0 92
1 2048
0 1137
1 2048
1 2048
0 366
1 2048
1 2048
1 2048
3 2048
0 103
0 630
1 2048
2 2048
1 2048
1 2048
0 255
2 2048
2 2048
2 2048
1 2048
0 537
1 2048
0 488
2 2048
1 2048
1 2048
0 132
0 745
0 421
0 263
0 215
0 116
0 823
0 69
0 242
0 359
0 1261
0 235
0 571
1 2048
2 2048
3 2048
2 2048
2 2048
0 904
0 1044
0 143
0 97
3 2048
2 2048
1 2048
2 2048
1 2048
2 2048
0 497
2 2048
0 125
2 2048
0 129
1 2048
0 117
2 2048
0 408
1 2048
0 320
0 359
1 2048
0 713
1 2048
1 2048
1 2048
0 1129
2 2048
2 2048
0 495
2 2048
1 2048
3 2048
1 2048
0 777
2 2048
0 425
1 2048
1 2048
1 2048
1 2048
3 2048
2 2048
1 2048
0 445
1 2048
0 475
0 1001
0 847
1 2048
1 2048
0 53
3 2048
2 2048
1 2048
0 185
0 242
2 2048
1 2048
3 2048
0 159
1 2048
0 594
2 2048
0 146
1 2048
1 2048
0 813
1 2048
2 2048
1 2048
1 2048
1 2048
1 2048
0 439
0 600
2 2048
0 471
0 686
1 2048
1 2048
1 2048
0 919
3 2048
0 158
0 331
0 634
0 143
1 2048
2 2048
0 213
3 2048
2 2048
0 1035
1 2048
1 2048
2 2048
1 2048
1 2048
1 2048
0 346
1 2048
0 586
2 2048
0 476
0 100
0 234
1 2048
0 766
1 2048
0 170
1 2048
1 2048
0 237
0 1937
0 308
2 2048
1 2048
1 2048
0 1087
1 2048
0 492
0 682
0 1184
0 401
1 2048
1 2048
2 2048
0 307
2 2048
0 652
1 2048
2 2048
0 343
2 2048
1 2048
1 2048
1 2048
1 2048
1 2048
0 174
0 804
1 2048
1 2048
0 183
2 2048
0 579
0 327
0 1432
0 460
0 67
0 529
2 2048
1 2048
1 2048
1 2048
1 2048
0 106
1 2048
0 762
1 2048
1 2048
0 115
0 308
0 362
1 2048
1 2048
1 2048
1 2048
1 2048
0 376
2 2048
1 2048
0 1258
1 2048
1 2048
0 578
2 2048
1 2048
1 2048
0 79
1 2048
1 2048
1 2048
0 121
2 2048
0 515
2 2048
1 2048
0 199
2 2048
1 2048
0 396
2 2048
0 286
1 2048
0 164
0 63
1 2048
0 250
0 556
0 1933
0 399
0 207
0 595
1 2048
2 2048
2 2048
0 1005
1 2048
3 2048
0 935
0 1730
1 2048
0 929
0 512
1 2048
1 2048
1 2048
0 1405
0 680
1 2048
1 2048
0 152
2 2048
1 2048
1 2048
0 668
0 1249
0 263
0 48
1 2048
1 2048
0 306
2 2048
0 97
1 2048
2 2048
0 1440
0 361
2 2048
1 2048
0 1029
1 2048
0 562
0 648
0 113
0 109
1 2048
1 2048
0 1831
0 767
0 199
0 997
0 169
0 1595
0 741
1 2048
1 2048
0 1219
1 2048
1 2048
0 609
0 328
1 2048
1 2048
1 2048
0 590
0 343
1 2048
0 667
1 2048
0 139
0 409
0 147
1 2048
1 2048
1 2048
0 209
1 2048
0 312
1 2048
0 245
2 2048
4 2048
0 466
0 401
2 2048
0 587
1 2048
1 2048
0 394
2 2048
0 726
0 512
0 135
0 617
0 249
3 2048
0 366
1 2048
0 396
0 536
1 2048
0 533
0 438
2 2048
2 2048
0 608
2 2048
1 2048
0 1026
1 2048
0 374
0 488
3 2048
1 2048
2 2048
0 378
1 2048
0 156
3 2048
1 2048
1 2048
1 2048
1 2048
1 2048
0 178
1 2048
1 2048
0 1851
1 2048
0 570
1 2048
0 1257
0 165
0 665
2 2048
0 440
0 24
0 480
0 316
1 2048
1 2048
0 875
0 404
0 303
0 182
1 2048
0 912
2 2048
0 616
2 2048
0 850
1 2048
0 377
1 2048
1 2048
1 2048
0 149
1 2048
2 2048
4 2048
0 83
1 2048
1 2048
0 1198
0 339
0 456
0 56
0 1340
2 2048
1 2048
1 2048
0 212
3 2048
2 2048
0 84
0 93
2 2048
0 915
1 2048
2 2048
2 2048
1 2048
1 2048
0 383
2 2048
0 224
1 2048
2 2048
1 2048
0 266
2 2048
2 2048
0 1521
1 2048
2 2048
0 265
0 282
0 144
0 161
1 2048
2 2048
1 2048
0 432
0 396
1 2048
1 2048
0 114
1 2048
1 2048
1 2048
1 2048
2 2048
0 1377
0 1226
0 361
1 2048
0 44
0 313
1 2048
0 312
1 2048
0 873
1 2048
0 50
1 2048
0 116
1 2048
0 1164
1 2048
2 2048
0 224
0 147
0 123
1 2048
1 2048
0 1713
0 204
0 56
0 74
0 382
0 283
0 177
2 2048
0 483
0 342
1 2048
2 2048
1 2048
4 2048
1 2048
0 82
1 2048
1 2048
0 191
2 2048
1 2048
0 180
0 203
0 160
0 688
0 155
0 898
2 2048
2 2048
0 268
1 2048
4 2048
1 2048
0 589
1 2048
0 967
0 240
1 2048
0 273
1 2048
1 2048
0 446
0 256
1 2048
3 2048
0 1848
0 60
0 1952
1 2048
1 2048
1 2048
3 2048
0 536
0 118
0 280
0 617
0 323
1 2048
1 2048
0 1797
1 2048
1 2048
1 2048
0 196
1 2048
0 76
0 386
1 2048
2 2048
0 71
1 2048
1 2048
0 469
1 2048
1 2048
1 2048
0 440
1 2048
2 2048
0 196
1 2048
1 2048
2 2048
3 2048
1 2048
1 2048
0 849
0 66
0 221
0 401
2 2048
1 2048
0 223
1 2048
1 2048
0 50
2 2048
0 325
0 287
0 387
1 2048
0 340
1 2048
0 644
1 2048
1 2048
0 429
1 2048
2 2048
0 924
0 54
0 137
0 316
0 103
0 222
0 281
1 2048
0 109
0 906
2 2048
2 2048
0 208
2 2048
2 2048
2 2048
1 2048
0 1271
0 317
1 2048
1 2048
3 2048
0 252
1 2048
1 2048
1 2048
0 1011
0 1397
1 2048
1 2048
1 2048
1 2048
0 643
1 2048
0 123
0 67
1 2048
2 2048
0 121
0 591
0 381
3 2048
1 2048
1 2048
0 123
1 2048
3 2048
1 2048
0 210
0 497
0 473
3 2048
2 2048
0 307
0 216
0 196
1 2048
0 460
0 723
1 2048
2 2048
1 2048
0 137
2 2048
3 2048
0 1971
0 747
1 2048
1 2048
0 210
1 2048
0 200
0 1544
2 2048
1 2048
2 2048
1 2048
3 2048
1 2048
4 2048
0 879
1 2048
2 2048
0 120
1 2048
1 2048
0 96
2 2048
1 2048
0 874
2 2048
1 2048
2 2048
1 2048
1 2048
0 804
1 2048
0 1612
0 699
0 1777
0 686
2 2048
1 2048
2 2048
0 1045
2 2048
1 2048
0 325
0 774
0 184
0 575
0 213
0 842
0 112
0 1694
3 2048
1 2048
2 2048
1 2048
1 2048
1 2048
1 2048
1 2048
0 916
1 2048
1 2048
2 2048
1 2048
0 61
1 2048
0 963
1 2048
0 1834
3 2048
0 304
2 2048
0 222
1 2048
3 2048
0 1020
2 2048
1 2048
1 2048
1 2048
0 55
1 2048
2 2048
0 535
1 2048
0 1910
2 2048
2 2048
1 2048
1 2048
1 2048
2 2048
3 2048
2 2048
1 2048
0 340
0 1266
3 2048
1 2048
1 2048
1 2048
0 472
0 114
0 380
2 2048
0 143
0 294
1 2048
1 2048
0 106
0 583
0 521
1 2048
0 289
1 2048
1 2048
0 52
0 218
2 2048
0 161
1 2048
0 68
0 19
2 2048
0 456
0 966
0 721
1 2048
1 2048
0 1024
0 447
0 206
1 2048
0 106
0 87
1 2048
2 2048
1 2048
1 2048
0 124
2 2048
1 2048
0 1068
2 2048
1 2048
0 110
0 268
0 877
2 2048
0 243
1 2048
0 235
1 2048
0 374
3 2048
2 2048
3 2048
0 721
0 238
0 318
1 2048
1 2048
1 2048
1 2048
2 2048
2 2048
2 2048
2 2048
2 2048
1 2048
0 1437
1 2048
1 2048
0 917
2 2048
2 2048
2 2048
1 2048
3 2048
0 770
0 111
2 2048
0 191
1 2048
1 2048
1 2048
0 904
0 152
0 354
1 2048
0 172
0 375
1 2048
3 2048
0 776
1 2048
0 1557
2 2048
0 683
2 2048
1 2048
0 582
0 166
1 2048
1 2048
0 984
0 439
0 584
0 527
0 805
1 2048
1 2048
2 2048
0 90
1 2048
0 327
1 2048
0 355
0 239
1 2048
1 2048
0 1728
0 200
1 2048
3 2048
0 290
0 704
2 2048
0 208
2 2048
1 2048
0 261
1 2048
0 91
2 2048
2 2048
0 767
2 2048
0 170
0 500
0 283
1 2048
0 455
1 2048
1 2048
1 2048
1 2048
0 865
2 2048
2 2048
5 2048
0 652
0 564
2 2048
0 1764
0 504
2 2048
0 188
0 1281
2 2048
3 2048
0 974
1 2048
0 428
0 477
1 2048
0 501
0 1506
0 524
1 2048
1 2048
4 2048
1 2048
1 2048
1 2048
1 2048
0 141
2 2048
3 2048
1 2048
0 363
1 2048
2 2048
2 2048
1 2048
0 994
3 2048
1 2048
1 2048
1 2048
0 637
1 2048
0 274
1 2048
1 2048
0 152
1 2048
2 2048
1 2048
1 2048
1 2048
0 298
0 158
0 527
1 2048
2 2048
3 2048
0 528
1 2048
0 1173
0 766
2 2048
0 311
2 2048
3 2048
1 2048
3 2048
1 2048
0 467
0 1476
0 649
0 257
0 335
0 586
1 2048
2 2048
0 1366
0 538
0 106
0 131
1 2048
2 2048
1 2048
0 303
0 137
0 619
0 241
1 2048
0 725
0 66
0 1682
1 2048
1 2048
0 72
0 275
1 2048
0 1140
1 2048
0 71
1 2048
0 325
0 627
0 828
0 273
0 351
0 546
0 299
2 2048
1 2048
3 2048
0 339
1 2048
0 407
0 274
4 2048
2 2048
2 2048
1 2048
0 289
0 476
3 2048
1 2048
0 493
0 750
0 310
0 259
1 2048
2 2048
2 2048
0 60
0 843
0 1481
2 2048
0 498
2 2048
0 594
3 2048
1 2048
0 1949
1 2048
0 249
0 383
0 1250
0 551
0 330
0 524
2 2048
0 541
0 790
1 2048
3 2048
1 2048
0 613
0 614
0 174
1 2048
0 600
0 489
2 2048
3 2048
2 2048
1 2048
0 295
0 455
2 2048
0 511
0 341
0 828
1 2048
0 959
3 2048
2 2048
1 2048
2 2048
1 2048
1 2048
1 2048
3 2048
2 2048
2 2048
0 212
0 115
0 68
1 2048
1 2048
2 2048
0 389
0 841
0 730
2 2048
1 2048
1 2048
0 880
1 2048
1 2048
0 1569
1 2048
0 313
1 2048
1 2048
0 79
0 636
1 2048
0 227
1 2048
0 563
0 172
1 2048
1 2048
1 2048
1 2048
0 358
2 2048
3 2048
1 2048
1 2048
0 538
0 1041
5 2048
0 191
2 2048
0 190
0 1788
1 2048
0 148
0 114
2 2048
0 363
2 2048
0 900
2 2048
0 604
1 2048
0 1327
0 1850
1 2048
0 120
1 2048
1 2048
0 1019
0 460
1 2048
1 2048
1 2048
0 764
0 367
2 2048
1 2048
0 176
0 265
0 141
1 2048
0 206
2 2048
0 1530
0 1038
2 2048
1 2048
0 201
0 1838
1 2048
1 2048
1 2048
0 229
0 330
0 141
0 134
0 65
1 2048
0 424
1 2048
0 204
0 578
0 443
0 306
3 2048
0 909
1 2048
0 280
2 2048
0 272
1 2048
0 1520
1 2048
1 2048
1 2048
0 234
0 494
1 2048
0 347
0 58
1 2048
3 2048
2 2048
0 490
1 2048
1 2048
0 212
0 198
0 542
0 253
1 2048
3 2048
0 105
1 2048
0 83
0 694
0 313
1 2048
1 2048
2 2048
1 2048
0 572
1 2048
2 2048
0 585
0 81
3 2048
1 2048
4 2048
0 321
0 1332
1 2048
1 2048
0 214
1 2048
0 804
0 295
0 76
1 2048
1 2048
0 169
1 2048
0 489
0 320
0 469
1 2048
1 2048
2 2048
0 528
2 2048
0 313
0 270
4 2048
1 2048
0 351
2 2048
1 2048
0 208
1 2048
0 1092
0 1340
0 1313
1 2048
0 672
1 2048
1 2048
1 2048
0 498
0 209
0 249
1 2048
0 1407
0 458
0 475
1 2048
0 111
0 265
3 2048
1 2048
2 2048
0 969
0 521
0 55
0 155
1 2048
2 2048
1 2048
1 2048
0 1587
1 2048
0 298
2 2048
1 2048
1 2048
0 1230
0 532
2 2048
0 1429
2 2048
1 2048
1 2048
0 557
0 247
1 2048
1 2048
2 2048
0 47
0 568
1 2048
1 2048
1 2048
1 2048
0 317
0 263
0 173
1 2048
0 531
0 331
0 662
1 2048
0 1406
0 507
2 2048
1 2048
1 2048
0 180
0 396
0 356
0 522
0 241
0 361
1 2048
1 2048
0 261
1 2048
0 1116
2 2048
0 338
0 598
1 2048
0 286
1 2048
1 2048
1 2048
0 894
2 2048
1 2048
0 209
2 2048
2 2048
0 225
1 2048
2 2048
0 1186
1 2048
0 921
1 2048
0 677
0 58
1 2048
0 133
1 2048
1 2048
2 2048
0 111
3 2048
0 703
2 2048
1 2048
1 2048
2 2048
0 166
0 69
0 278
0 242
1 2048
1 2048
0 293
0 2015
1 2048
2 2048
0 221
2 2048
0 78
1 2048
0 271
0 986
2 2048
1 2048
0 1954
1 2048
0 123
0 786
0 476
1 2048
0 106
0 172
1 2048
0 36
0 356
0 444
1 2048
0 79
1 2048
1 2048
1 2048
0 408
0 420
1 2048
0 267
1 2048
2 2048
1 2048
0 481
0 586
2 2048
1 2048
0 813
2 2048
0 169
1 2048
1 2048
1 2048
0 252
2 2048
2 2048
1 2048
2 2048
0 763
2 2048
2 2048
2 2048
2 2048
1 2048
0 193
0 372
2 2048
1 2048
1 2048
2 2048
0 129
0 266
1 2048
0 245
1 2048
1 2048
0 572
1 2048
0 198
1 2048
1 2048
0 149
0 640
0 432
1 2048
0 258
1 2048
1 2048
0 1219
0 237
1 2048
2 2048
1 2048
0 105
1 2048
1 2048
1 2048
0 357
0 1089
1 2048
2 2048
0 127
0 839
0 212
1 2048
0 284
0 175
0 431
0 310
1 2048
0 775
0 168
2 2048
0 411
0 548
1 2048
0 713
2 2048
0 51
1 2048
2 2048
1 2048
0 175
2 2048
0 741
2 2048
2 2048
0 245
0 163
0 248
0 608
2 2048
1 2048
2 2048
1 2048
0 267
0 211
1 2048
0 430
0 117
0 720
0 212
3 2048
2 2048
1 2048
1 2048
1 2048
0 1015
1 2048
0 131
0 135
2 2048
0 686
1 2048
0 822
1 2048
1 2048
2 2048
0 221
1 2048
0 1616
1 2048
0 1839
1 2048
1 2048
1 2048
1 2048
0 274
2 2048
4 2048
0 428
0 273
1 2048
0 957
1 2048
1 2048
0 435
0 176
0 685
0 221
2 2048
0 120
1 2048
1 2048
0 72
1 2048
0 495
0 428
0 224
0 855
1 2048
0 187
3 2048
1 2048
0 983
0 290
1 2048
0 1082
0 443
1 2048
0 527
0 238
1 2048
1 2048
2 2048
0 245
0 304
1 2048
0 680
0 639
1 2048
0 240
1 2048
1 2048
1 2048
0 333
1 2048
0 361
0 417
0 683
0 230
0 303
2 2048
1 2048
1 2048
0 1360
1 2048
0 345
0 199
0 1167
0 1102
2 2048
0 584
1 2048
1 2048
2 2048
0 616
1 2048
0 159
0 650
0 117
1 2048
2 2048
2 2048
1 2048
0 114
1 2048
0 457
0 980
0 232
2 2048
1 2048
2 2048
1 2048
0 264
0 236
1 2048
1 2048
0 1659
2 2048
0 166
0 72
1 2048
1 2048
1 2048
1 2048
0 354
1 2048
1 2048
2 2048
1 2048
0 691
0 128
3 2048
0 152
0 355
1 2048
2 2048
0 337
2 2048
1 2048
1 2048
2 2048
0 363
0 1000
0 110
1 2048
0 1537
2 2048
1 2048
0 45
0 740
0 121
0 381
1 2048
0 855
0 520
1 2048
0 52
0 84
0 512
0 680
0 579
1 2048
1 2048
1 2048
2 2048
0 271
0 314
0 24
1 2048
0 316
0 189
0 565
0 991
1 2048
1 2048
0 886
1 2048
1 2048
1 2048
0 328
2 2048
0 266
0 1196
1 2048
0 203
0 126
1 2048
1 2048
1 2048
1 2048
0 124
0 201
0 1617
1 2048
0 962
2 2048
1 2048
1 2048
1 2048
3 2048
1 2048
0 214
1 2048
2 2048
0 140
0 340
2 2048
2 2048
0 153
2 2048
0 425
1 2048
0 1032
1 2048
0 162
0 1757
1 2048
0 263
0 437
1 2048
1 2048
1 2048
0 139
1 2048
1 2048
0 52
1 2048
1 2048
1 2048
0 110
2 2048
0 77
1 2048
1 2048
0 301
1 2048
0 614
0 290
1 2048
2 2048
1 2048
0 296
1 2048
3 2048
1 2048
1 2048
2 2048
0 580
1 2048
0 388
1 2048
1 2048
2 2048
1 2048
0 369
2 2048
2 2048
2 2048
1 2048
2 2048
2 2048
2 2048
0 176
1 2048
0 288
0 350
1 2048
1 2048
0 137
0 1051
0 807
0 680
1 2048
1 2048
1 2048
1 2048
1 2048
1 2048
0 417
1 2048
0 1164
2 2048
1 2048
0 61
2 2048
1 2048
2 2048
0 581
2 2048
1 2048
1 2048
0 391
0 359
0 634
0 1411
2 2048
2 2048
0 546
1 2048
2 2048
0 107
0 399
1 2048
1 2048
0 474
0 203
1 2048
0 172
0 1279
0 68
0 678
0 532
0 873
0 244
0 483
0 119
1 2048
0 241
1 2048
0 583
0 121
1 2048
1 2048
0 782
1 2048
0 212
0 974
1 2048
1 2048
0 1131
2 2048
2 2048
0 322
1 2048
0 99
3 2048
0 664
0 1394
1 2048
0 368
0 515
0 139
1 2048
1 2048
0 520
1 2048
1 2048
0 460
0 937
0 543
1 2048
0 637
0 762
0 71
0 1121
1 2048
0 195
0 872
0 602
3 2048
0 277
0 1324
0 486
0 361
1 2048
1 2048
0 159
1 2048
0 95
0 995
2 2048
0 198
2 2048
1 2048
0 845
0 60
0 777
2 2048
1 2048
1 2048
1 2048
1 2048
1 2048
0 1060
0 1424
1 2048
0 119
1 2048
1 2048
0 115
0 468
1 2048
3 2048
3 2048
0 1728
2 2048
1 2048
1 2048
1 2048
2 2048
3 2048
1 2048
0 305
1 2048
0 129
3 2048
0 484
1 2048
0 365
0 304
1 2048
0 45
1 2048
1 2048
1 2048
2 2048
0 963
0 154
1 2048
3 2048
0 169
0 170
0 707
0 394
0 272
0 192
0 605
2 2048
1 2048
2 2048
0 285
1 2048
1 2048
2 2048
1 2048
0 268
2 2048
3 2048
1 2048
0 242
0 165
4 2048
1 2048
1 2048
1 2048
0 122
0 285
0 331
1 2048
1 2048
0 219
3 2048
3 2048
1 2048
1 2048
0 729
0 450
0 192
1 2048
1 2048
1 2048
2 2048
1 2048
1 2048
1 2048
0 374
0 215
0 746
0 757
1 2048
0 423
0 284
0 334
1 2048
0 178
1 2048
1 2048
0 825
1 2048
1 2048
0 496
0 185
0 496
0 255
2 2048
1 2048
0 249
2 2048
0 795
0 290
0 306
0 603
1 2048
0 371
1 2048
1 2048
1 2048
0 490
0 187
0 146
1 2048
2 2048
1 2048
2 2048
1 2048
1 2048
0 279
0 579
0 261
1 2048
0 374
0 99
0 466
2 2048
0 760
1 2048
0 192
1 2048
1 2048
2 2048
2 2048
0 279
0 470
1 2048
1 2048
0 280
2 2048
0 208
0 876
0 181
0 56
0 1787
0 473
0 535
1 2048
1 2048
2 2048
2 2048
0 128
0 321
0 1055
0 192
0 724
0 1404
1 2048
0 146
1 2048
1 2048
0 288
2 2048
1 2048
2 2048
1 2048
1 2048
0 249
1 2048
1 2048
1 2048
0 406
1 2048
0 941
1 2048
0 403
2 2048
1 2048
0 761
2 2048
1 2048
0 1165
0 154
0 329
1 2048
0 1902
1 2048
0 986
0 585
0 247
0 752
0 1088
0 153
0 1142
1 2048
0 372
1 2048
1 2048
0 680
1 2048
0 233
1 2048
1 2048
1 2048
0 386
0 277
1 2048
0 280
1 2048
1 2048
2 2048
1 2048
2 2048
2 2048
2 2048
1 2048
0 829
0 120
2 2048
0 542
0 1033
0 395
1 2048
0 754
0 116
0 575
0 463
2 2048
0 109
0 1373
0 473
1 2048
0 821
0 396
1 2048
3 2048
2 2048
0 484
2 2048
0 1579
0 1794
1 2048
2 2048
3 2048
0 1660
2 2048
0 461
0 651
0 161
0 421
1 2048
1 2048
0 344
0 311
1 2048
1 2048
1 2048
2 2048
1 2048
2 2048
2 2048
1 2048
0 159
0 591
0 445
1 2048
0 78
1 2048
1 2048
1 2048
0 399
1 2048
1 2048
0 587
0 778
0 194
1 2048
0 390
0 206
0 447
0 668
0 474
0 292
0 534
0 170
0 1065
1 2048
0 277
1 2048
0 177
1 2048
0 306
2 2048
1 2048
0 1683
0 383
0 998
0 567
0 245
1 2048
1 2048
0 27
2 2048
0 132
0 259
0 1194
1 2048
0 206
0 346
0 174
1 2048
3 2048
2 2048
1 2048
3 2048
2 2048
0 475
0 517
0 348
1 2048
0 151
2 2048
0 562
1 2048
0 31
3 2048
0 234
1 2048
2 2048
3 2048
2 2048
1 2048
0 332
0 174
0 618
0 523
0 383
1 2048
1 2048
2 2048
4 2048
1 2048
0 272
2 2048
0 611
1 2048
2 2048
3 2048
0 243
2 2048
3 2048
0 480
1 2048
0 2028
0 207
1 2048
0 40
0 657
0 29
0 299
1 2048
1 2048
0 392
0 265
0 132
1 2048
0 325
1 2048
0 278
1 2048
0 141
2 2048
0 407
0 283
1 2048
1 2048
0 1747
0 1061
1 2048
3 2048
0 79
1 2048
0 278
0 1205
0 780
1 2048
0 177
0 1651
0 595
0 432
1 2048
0 285
0 367
0 670
2 2048
0 1212
0 1110
1 2048
0 415
1 2048
1 2048
1 2048
0 186
1 2048
1 2048
0 386
1 2048
0 326
0 546
2 2048
1 2048
0 253
0 303
1 2048
2 2048
1 2048
1 2048
1 2048
0 1811
0 463
2 2048
0 763
1 2048
1 2048
0 626
2 2048
0 530
0 232
0 493
0 407
0 219
1 2048
0 487
0 829
1 2048
1 2048
0 970
1 2048
0 330
1 2048
5 2048
0 1039
1 2048
0 481
1 2048
1 2048
0 1098
0 725
0 75
0 259
2 2048
2 2048
0 463
0 592
0 130
0 193
0 1059
0 243
0 296
2 2048
0 571
1 2048
0 78
4 2048
1 2048
2 2048
1 2048
1 2048
1 2048
0 368
1 2048
0 1023
1 2048
1 2048
1 2048
0 684
1 2048
1 2048
1 2048
0 98
1 2048
0 200
0 822
1 2048
2 2048
2 2048
4 2048
0 766
1 2048
0 168
0 1082
0 391
3 2048
0 587
1 2048
1 2048
0 462
1 2048
1 2048
0 563
2 2048
0 149
2 2048
0 1124
1 2048
2 2048
1 2048
1 2048
0 224
1 2048
0 961
0 85
1 2048
1 2048
0 1096
0 1145
0 146
1 2048
0 88
0 214
1 2048
0 302
0 1968
2 2048
0 638
1 2048
2 2048
1 2048
1 2048
2 2048
0 146
0 709
0 549
1 2048
0 309
1 2048
0 120
0 623
0 200
1 2048
1 2048
0 217
2 2048
0 1112
0 1374
0 734
2 2048
1 2048
1 2048
0 622
1 2048
0 789
0 703
0 293
0 518
2 2048
0 415
2 2048
0 92
2 2048
1 2048
0 734
0 1166
1 2048
1 2048
1 2048
0 1451
1 2048
1 2048
0 112
0 684
1 2048
1 2048
0 169
0 370
0 529
3 2048
0 279
0 1306
0 66
1 2048
2 2048
1 2048
1 2048
0 515
0 792
0 428
1 2048
1 2048
1 2048
0 521
0 264
0 244
1 2048
0 673
2 2048
2 2048
2 2048
1 2048
0 181
0 200
1 2048
1 2048
1 2048
1 2048
1 2048
2 2048
1 2048
0 756
0 133
0 505
0 562
0 352
1 2048
1 2048
0 277
0 136
1 2048
0 296
1 2048
0 445
0 79
0 226
0 660
2 2048
1 2048
1 2048
1 2048
0 410
2 2048
2 2048
1 2048
1 2048
1 2048
0 451
0 505
1 2048
1 2048
0 993
0 1639
1 2048
0 115
1 2048
0 184
2 2048
1 2048
0 332
0 1704
1 2048
1 2048
1 2048
2 2048
2 2048
1 2048
0 783
1 2048
2 2048
0 958
1 2048
2 2048
1 2048
0 666
0 190
0 236
0 211
0 517
1 2048
1 2048
0 284
0 562
1 2048
2 2048
1 2048
1 2048
2 2048
0 750
1 2048
0 734
1 2048
1 2048
1 2048
2 2048
2 2048
1 2048
1 2048
0 153
1 2048
0 471
0 360
0 226
2 2048
1 2048
0 722
0 538
0 127
1 2048
0 1206
0 268
0 729
0 467
0 688
0 1823
1 2048
0 620
2 2048
1 2048
0 150
1 2048
0 1840
2 2048
2 2048
0 260
1 2048
1 2048
0 799
2 2048
0 325
1 2048
1 2048
0 1577
0 110
0 322
0 375
3 2048
0 71
1 2048
3 2048
0 452
1 2048
1 2048
0 834
0 653
1 2048
0 38
0 422
0 583
0 277
0 864
0 344
0 233
0 188
1 2048
1 2048
0 830
1 2048
1 2048
0 841
0 1259
0 286
2 2048
0 279
0 665
1 2048
1 2048
1 2048
3 2048
0 393
1 2048
0 53
2 2048
1 2048
0 393
1 2048
1 2048
0 495
2 2048
1 2048
0 1143
1 2048
1 2048
1 2048
0 890
0 1028
1 2048
2 2048
1 2048
0 233
2 2048
1 2048
0 1747
0 371
2 2048
0 443
2 2048
0 1528
1 2048
0 443
2 2048
0 378
0 640
0 665
1 2048
0 87
0 276
2 2048
2 2048
0 477
1 2048
1 2048
1 2048
1 2048
0 1601
0 1772
0 943
1 2048
2 2048
1 2048
3 2048
0 646
1 2048
0 112
0 572
2 2048
0 468
1 2048
0 758
0 161
1 2048
0 305
1 2048
1 2048
1 2048
0 459
0 135
1 2048
1 2048
1 2048
0 140
1 2048
0 970
0 138
2 2048
3 2048
2 2048
0 1213
1 2048
3 2048
0 354
0 512
0 691
0 323
1 2048
1 2048
1 2048
0 329
0 172
1 2048
1 2048
2 2048
3 2048
0 329
2 2048
0 1038
0 646
2 2048
1 2048
0 91
0 518
0 834
1 2048
2 2048
0 599
0 436
2 2048
0 469
0 483
1 2048
0 155
0 246
1 2048
1 2048
0 272
0 274
0 1415
0 547
0 293
1 2048
1 2048
1 2048
1 2048
1 2048
1 2048
3 2048
0 323
0 240
1 2048
1 2048
1 2048
1 2048
2 2048
0 179
1 2048
2 2048
1 2048
1 2048
2 2048
0 328
3 2048
0 107
0 122
2 2048
2 2048
2 2048
1 2048
0 105
0 296
0 1432
3 2048
0 306
3 2048
0 308
0 1064
1 2048
1 2048
2 2048
0 1343
0 207
0 842
2 2048
0 339
0 1013
2 2048
0 508
1 2048
0 1144
0 239
1 2048
0 232
1 2048
0 51
0 1071
1 2048
1 2048
0 101
0 191
0 1023
0 92
0 579
1 2048
0 41
0 1346
1 2048
2 2048
2 2048
1 2048
1 2048
1 2048
0 351
0 155
0 424
0 1495
0 382
1 2048
1 2048
0 33
0 124
1 2048
0 1092
0 936
1 2048
0 351
1 2048
0 610
0 815
1 2048
1 2048
0 396
3 2048
0 356
0 179
1 2048
1 2048
1 2048
1 2048
0 952
1 2048
0 1529
0 71
0 912
0 937
0 724
0 743
1 2048
0 90
1 2048
0 572
1 2048
0 397
0 851
0 874
1 2048
0 382
2 2048
0 127
0 1334
5 2048
0 146
0 108
0 443
2 2048
2 2048
0 520
0 108
1 2048
0 200
0 317
1 2048
1 2048
1 2048
1 2048
0 52
1 2048
0 1250
0 896
0 119
0 83
1 2048
1 2048
2 2048
2 2048
1 2048
0 142
1 2048
2 2048
0 1945
2 2048
0 263
2 2048
1 2048
1 2048
0 276
2 2048
0 680
0 875
0 515
2 2048
2 2048
2 2048
1 2048
1 2048
0 152
0 213
0 440
1 2048
3 2048
2 2048
0 1018
1 2048
2 2048
0 457
1 2048
0 885
2 2048
1 2048
1 2048
2 2048
0 861
1 2048
1 2048
2 2048
0 665
0 281
0 551
0 120
2 2048
0 806
0 842
1 2048
0 415
3 2048
1 2048
0 1518
0 254
2 2048
1 2048
1 2048
1 2048
1 2048
0 111
0 364
1 2048
1 2048
0 696
0 482
0 48
1 2048
1 2048
1 2048
2 2048
0 1294
0 472
2 2048
0 244
1 2048
0 61
0 274
2 2048
1 2048
1 2048
1 2048
2 2048
0 428
2 2048
0 232
2 2048
1 2048
2 2048
1 2048
0 222
0 90
1 2048
2 2048
0 430
1 2048
0 969
0 1415
0 137
0 83
0 161
0 422
0 398
2 2048
0 496
0 277
0 967
0 188
2 2048
2 2048
0 239
0 1072
2 2048
1 2048
0 932
1 2048
0 1224
0 656
0 345
2 2048
0 175
2 2048
2 2048
1 2048
1 2048
0 221
0 382
1 2048
1 2048
3 2048
0 931
0 230
0 580
1 2048
1 2048
1 2048
2 2048
1 2048
1 2048
0 893
0 86
0 991
0 247
1 2048
0 495
0 424
0 301
1 2048
2 2048
2 2048
2 2048
0 142
0 179
1 2048
0 1962
0 146
0 441
0 1169
1 2048
1 2048
0 1467
0 327
0 261
0 471
1 2048
1 2048
0 134
2 2048
0 47
0 954
1 2048
0 1909
2 2048
0 428
1 2048
0 444
0 50
0 313
1 2048
0 395
0 533
1 2048
0 251
2 2048
2 2048
0 263
1 2048
1 2048
2 2048
0 230
1 2048
0 144
0 1600
1 2048
1 2048
0 153
1 2048
1 2048
0 1122
1 2048
0 608
0 232
1 2048
0 673
0 1274
2 2048
3 2048
1 2048
0 540
1 2048
1 2048
0 413
1 2048
1 2048
0 331
1 2048
2 2048
1 2048
0 28
2 2048
1 2048
5 2048
0 212
1 2048
1 2048
2 2048
1 2048
1 2048
0 853
0 558
2 2048
2 2048
0 375
1 2048
1 2048
1 2048
0 145
1 2048
0 603
0 556
0 150
1 2048
2 2048
0 353
0 246
0 1028
2 2048
0 104
1 2048
3 2048
1 2048
0 228
1 2048
1 2048
2 2048
1 2048
0 1181
2 2048
0 475
1 2048
1 2048
0 1771
0 155
0 587
1 2048
0 1203
0 469
0 151
0 278
0 458
0 1174
0 495
0 1314
1 2048
1 2048
1 2048
3 2048
0 44
1 2048
1 2048
1 2048
1 2048
1 2048
2 2048
0 425
0 349
0 488
0 46
2 2048
2 2048
2 2048
0 143
0 1806
1 2048
2 2048
1 2048
0 756
0 1036
3 2048
3 2048
0 725
3 2048
0 281
2 2048
0 563
0 318
0 287
2 2048
1 2048
0 560
0 715
0 862
0 908
2 2048
3 2048
1 2048
0 369
0 1088
0 382
0 348
1 2048
0 641
1 2048
2 2048
0 602
0 1282
0 444
0 440
0 166
0 151
2 2048
2 2048
0 395
0 216
0 259
0 1281
2 2048
1 2048
0 239
1 2048
1 2048
0 178
0 631
0 372
1 2048
5 2048
1 2048
2 2048
0 330
0 626
0 1782
1 2048
0 225
0 352
0 341
1 2048
0 889
0 1230
0 229
1 2048
0 885
1 2048
0 269
1 2048
2 2048
1 2048
1 2048
3 2048
0 433
0 423
0 107
3 2048
1 2048
2 2048
2 2048
0 442
1 2048
1 2048
0 90
1 2048
2 2048
0 486
1 2048
1 2048
1 2048
0 321
2 2048
1 2048
2 2048
0 729
1 2048
2 2048
1 2048
1 2048
2 2048
1 2048
1 2048
1 2048
1 2048
0 1654
1 2048
3 2048
0 912
0 267
0 540
0 71
0 277
1 2048
2 2048
1 2048
0 762
0 205
0 616
2 2048
0 449
0 78
0 1971
0 274
0 296
0 770
0 1774
1 2048
1 2048
1 2048
3 2048
0 387
0 565
2 2048
2 2048
2 2048
0 1763
1 2048
1 2048
0 983
0 874
3 2048
1 2048
1 2048
2 2048
0 1636
0 1458
0 704
2 2048
1 2048
2 2048
0 287
1 2048
0 765
0 1106
2 2048
2 2048
0 385
1 2048
0 317
0 640
0 282
0 1771
0 180
0 552
0 1674
0 118
3 2048
2 2048
0 320
0 1433
1 2048
1 2048
1 2048
0 206
0 1129
2 2048
1 2048
0 228
0 1019
2 2048
1 2048
1 2048
2 2048
1 2048
1 2048
0 176
0 127
1 2048
1 2048
0 102
1 2048
0 727
2 2048
2 2048
1 2048
1 2048
2 2048
1 2048
2 2048
0 532
0 623
2 2048
2 2048
2 2048
1 2048
0 129
2 2048
1 2048
1 2048
0 444
0 305
0 991
1 2048
1 2048
0 1119
1 2048
1 2048
0 221
1 2048
0 114
1 2048
0 266
1 2048
2 2048
2 2048
0 285
2 2048
1 2048
0 508
0 260
0 838
0 981
2 2048
0 1249
2 2048
2 2048
2 2048
0 693
0 280
0 496
0 213
1 2048
0 121
0 492
1 2048
1 2048
2 2048
2 2048
0 580
2 2048
1 2048
0 593
1 2048
0 267
2 2048
0 2041
0 296
2 2048
0 408
1 2048
3 2048
2 2048
1 2048
1 2048
1 2048
0 773
0 550
1 2048
2 2048
0 268
1 2048
0 1578
1 2048
1 2048
2 2048
2 2048
2 2048
1 2048
1 2048
0 350
0 475
1 2048
1 2048
0 719
0 411
1 2048
1 2048
1 2048
1 2048
1 2048
1 2048
1 2048
1 2048
1 2048
1 2048
0 1280
0 623
0 333
2 2048
2 2048
1 2048
4 2048
1 2048
0 38
0 682
0 1865
1 2048
0 1261
0 210
0 639
2 2048
0 254
2 2048
1 2048
0 445
1 2048
1 2048
0 430
1 2048
1 2048
0 334
0 174
1 2048
1 2048
0 550
1 2048
0 1111
0 131
0 381
0 898
1 2048
3 2048
1 2048
0 416
0 285
0 852
2 2048
1 2048
0 705
2 2048
0 702
1 2048
0 345
3 2048
1 2048
1 2048
0 474
0 329
1 2048
0 386
3 2048
0 239
0 1124
2 2048
0 467
1 2048
1 2048
0 1233
0 706
0 931
0 487
1 2048
0 271
1 2048
1 2048
1 2048
0 283
1 2048
0 219
0 646
0 92
1 2048
2 2048
0 914
0 1261
1 2048
0 176
0 233
1 2048
2 2048
0 925
0 497
1 2048
1 2048
0 226
0 478
2 2048
1 2048
1 2048
0 262
0 624
1 2048
2 2048
1 2048
1 2048
1 2048
2 2048
0 769
0 428
0 1603
2 2048
0 1338
0 339
1 2048
1 2048
1 2048
1 2048
1 2048
1 2048
0 1143
2 2048
1 2048
3 2048
1 2048
1 2048
1 2048
2 2048
1 2048
0 658
0 1331
0 234
0 1159
0 460
0 195
0 130
1 2048
0 160
0 223
0 643
1 2048
0 667
2 2048
0 729
1 2048
1 2048
0 96
3 2048
0 484
3 2048
0 257
0 587
3 2048
1 2048
1 2048
1 2048
0 42
2 2048
0 448
1 2048
0 1710
2 2048
0 938
3 2048
