# SA for random K-SAT
# K = 3   N = 1024   M = 4128   seed = 1605675717
# alpha = 4.031250   nIter = 512  Tmax = 0.200000
# 1:lowestUnsat  2:runTime
5 512
2 512
0 159
0 191
4 512
4 512
2 512
1 512
2 512
3 512
2 512
0 235
3 512
1 512
2 512
4 512
0 292
3 512
0 399
3 512
3 512
2 512
1 512
0 110
4 512
1 512
2 512
2 512
2 512
3 512
4 512
1 512
2 512
0 492
3 512
2 512
3 512
2 512
3 512
3 512
6 512
5 512
2 512
2 512
2 512
5 512
3 512
9 512
1 512
4 512
5 512
11 512
4 512
1 512
3 512
4 512
2 512
5 512
9 512
3 512
1 512
2 512
1 512
3 512
3 512
3 512
3 512
3 512
1 512
2 512
0 135
3 512
0 333
1 512
5 512
3 512
2 512
4 512
3 512
0 458
3 512
4 512
6 512
4 512
5 512
2 512
4 512
3 512
1 512
4 512
1 512
2 512
2 512
4 512
6 512
1 512
2 512
3 512
1 512
4 512
1 512
2 512
2 512
2 512
3 512
3 512
4 512
5 512
3 512
3 512
1 512
6 512
1 512
4 512
4 512
2 512
4 512
2 512
1 512
1 512
2 512
0 395
1 512
1 512
2 512
4 512
2 512
1 512
2 512
4 512
3 512
4 512
6 512
0 252
3 512
1 512
5 512
4 512
3 512
3 512
3 512
4 512
1 512
2 512
2 512
1 512
2 512
1 512
3 512
3 512
2 512
0 278
1 512
2 512
2 512
5 512
6 512
2 512
2 512
2 512
3 512
3 512
3 512
3 512
0 183
2 512
1 512
1 512
2 512
2 512
1 512
2 512
0 249
7 512
2 512
3 512
4 512
2 512
4 512
2 512
4 512
1 512
2 512
2 512
1 512
3 512
2 512
5 512
4 512
8 512
0 184
4 512
3 512
3 512
0 118
1 512
5 512
2 512
3 512
1 512
4 512
4 512
2 512
5 512
4 512
3 512
3 512
7 512
1 512
1 512
4 512
4 512
0 352
2 512
1 512
1 512
2 512
3 512
4 512
3 512
3 512
5 512
6 512
0 379
3 512
5 512
2 512
2 512
3 512
4 512
4 512
4 512
3 512
5 512
1 512
1 512
3 512
5 512
1 512
8 512
3 512
4 512
3 512
0 406
3 512
1 512
2 512
2 512
3 512
2 512
1 512
3 512
3 512
2 512
6 512
4 512
1 512
1 512
6 512
2 512
3 512
3 512
1 512
3 512
1 512
1 512
2 512
1 512
1 512
5 512
1 512
1 512
2 512
4 512
3 512
1 512
5 512
4 512
4 512
3 512
4 512
1 512
2 512
1 512
2 512
2 512
7 512
1 512
2 512
0 270
1 512
4 512
1 512
2 512
3 512
2 512
2 512
4 512
2 512
5 512
2 512
4 512
4 512
4 512
3 512
3 512
1 512
4 512
5 512
7 512
4 512
2 512
6 512
0 491
5 512
2 512
1 512
2 512
1 512
3 512
3 512
4 512
3 512
2 512
2 512
1 512
5 512
3 512
2 512
3 512
1 512
3 512
2 512
5 512
4 512
5 512
3 512
4 512
2 512
1 512
4 512
0 136
0 362
3 512
2 512
1 512
2 512
6 512
2 512
3 512
2 512
1 512
5 512
3 512
3 512
3 512
3 512
2 512
3 512
3 512
5 512
2 512
1 512
1 512
0 165
1 512
2 512
1 512
2 512
2 512
1 512
2 512
4 512
1 512
0 420
1 512
3 512
5 512
2 512
2 512
0 207
4 512
2 512
0 453
3 512
5 512
2 512
1 512
4 512
2 512
2 512
2 512
2 512
2 512
1 512
2 512
3 512
2 512
3 512
1 512
3 512
4 512
3 512
2 512
1 512
0 210
4 512
4 512
3 512
3 512
6 512
2 512
2 512
5 512
4 512
1 512
6 512
5 512
2 512
1 512
3 512
2 512
3 512
3 512
4 512
2 512
2 512
0 266
2 512
3 512
2 512
3 512
2 512
2 512
2 512
0 417
2 512
4 512
2 512
2 512
1 512
6 512
1 512
1 512
2 512
8 512
7 512
2 512
1 512
2 512
1 512
3 512
2 512
1 512
3 512
5 512
3 512
3 512
4 512
2 512
5 512
2 512
1 512
2 512
1 512
6 512
1 512
4 512
1 512
4 512
6 512
0 249
1 512
0 187
3 512
2 512
3 512
1 512
3 512
2 512
2 512
4 512
3 512
7 512
5 512
2 512
2 512
2 512
1 512
0 351
5 512
0 294
4 512
3 512
0 183
2 512
3 512
1 512
4 512
3 512
4 512
3 512
4 512
2 512
3 512
5 512
5 512
3 512
1 512
2 512
1 512
3 512
1 512
3 512
0 270
3 512
3 512
2 512
1 512
3 512
1 512
2 512
3 512
1 512
2 512
1 512
1 512
1 512
1 512
4 512
1 512
1 512
4 512
4 512
3 512
2 512
6 512
2 512
6 512
1 512
3 512
4 512
4 512
4 512
1 512
1 512
4 512
1 512
3 512
2 512
2 512
4 512
5 512
2 512
9 512
5 512
2 512
0 161
2 512
2 512
4 512
2 512
2 512
8 512
2 512
3 512
3 512
2 512
5 512
2 512
5 512
2 512
1 512
0 341
3 512
5 512
6 512
2 512
2 512
4 512
1 512
2 512
4 512
4 512
2 512
3 512
5 512
3 512
4 512
1 512
0 367
2 512
4 512
4 512
1 512
4 512
2 512
3 512
4 512
0 318
3 512
4 512
3 512
0 259
3 512
0 288
4 512
2 512
4 512
4 512
2 512
3 512
1 512
2 512
5 512
3 512
4 512
5 512
3 512
3 512
2 512
2 512
2 512
3 512
2 512
4 512
3 512
3 512
5 512
3 512
2 512
2 512
3 512
2 512
3 512
2 512
4 512
0 242
6 512
2 512
2 512
1 512
1 512
3 512
4 512
2 512
3 512
2 512
3 512
2 512
1 512
1 512
1 512
2 512
0 373
3 512
1 512
1 512
5 512
2 512
1 512
4 512
3 512
2 512
1 512
0 113
3 512
5 512
6 512
2 512
4 512
3 512
1 512
2 512
4 512
3 512
2 512
4 512
4 512
4 512
0 188
2 512
2 512
5 512
1 512
1 512
1 512
2 512
4 512
3 512
1 512
3 512
2 512
4 512
4 512
1 512
1 512
3 512
5 512
2 512
1 512
1 512
2 512
2 512
2 512
2 512
3 512
4 512
1 512
2 512
1 512
3 512
5 512
1 512
1 512
4 512
2 512
3 512
1 512
4 512
3 512
1 512
1 512
2 512
4 512
1 512
1 512
2 512
9 512
2 512
4 512
3 512
1 512
1 512
1 512
4 512
3 512
3 512
1 512
2 512
5 512
3 512
2 512
1 512
3 512
0 479
2 512
0 461
1 512
2 512
1 512
4 512
4 512
1 512
5 512
4 512
3 512
4 512
5 512
1 512
0 223
1 512
2 512
1 512
2 512
3 512
2 512
1 512
2 512
2 512
1 512
0 445
2 512
1 512
2 512
0 166
4 512
0 468
0 289
3 512
7 512
1 512
3 512
4 512
6 512
1 512
4 512
3 512
5 512
3 512
1 512
3 512
3 512
1 512
3 512
0 217
2 512
1 512
4 512
3 512
5 512
5 512
4 512
2 512
2 512
1 512
3 512
1 512
3 512
7 512
3 512
5 512
2 512
1 512
3 512
3 512
0 193
4 512
1 512
2 512
4 512
2 512
1 512
7 512
4 512
1 512
2 512
1 512
2 512
3 512
3 512
2 512
2 512
5 512
2 512
0 500
2 512
2 512
0 195
1 512
3 512
2 512
2 512
4 512
2 512
4 512
2 512
0 205
1 512
0 213
2 512
2 512
4 512
2 512
7 512
0 325
4 512
1 512
4 512
2 512
1 512
1 512
0 373
3 512
4 512
3 512
3 512
7 512
4 512
1 512
3 512
1 512
1 512
3 512
3 512
1 512
4 512
3 512
2 512
4 512
6 512
2 512
3 512
1 512
5 512
1 512
2 512
2 512
3 512
2 512
2 512
2 512
1 512
2 512
8 512
1 512
2 512
3 512
3 512
2 512
1 512
2 512
1 512
1 512
3 512
2 512
4 512
4 512
3 512
4 512
4 512
1 512
4 512
4 512
4 512
1 512
2 512
4 512
0 255
5 512
4 512
5 512
2 512
0 470
2 512
2 512
2 512
4 512
5 512
4 512
1 512
3 512
5 512
3 512
0 297
0 355
3 512
2 512
4 512
1 512
3 512
2 512
2 512
2 512
1 512
2 512
2 512
4 512
4 512
2 512
4 512
1 512
2 512
2 512
5 512
3 512
4 512
2 512
3 512
4 512
2 512
6 512
6 512
4 512
3 512
3 512
1 512
2 512
3 512
4 512
6 512
3 512
1 512
1 512
2 512
1 512
0 129
3 512
0 149
3 512
1 512
2 512
5 512
6 512
1 512
3 512
6 512
0 212
3 512
4 512
1 512
6 512
1 512
3 512
4 512
0 512
2 512
3 512
2 512
1 512
2 512
3 512
3 512
3 512
1 512
2 512
3 512
2 512
1 512
3 512
2 512
2 512
2 512
1 512
5 512
3 512
7 512
1 512
4 512
1 512
4 512
1 512
2 512
2 512
3 512
2 512
1 512
2 512
3 512
2 512
5 512
2 512
4 512
5 512
0 399
3 512
4 512
0 211
4 512
3 512
1 512
1 512
2 512
3 512
1 512
3 512
3 512
2 512
1 512
2 512
2 512
1 512
2 512
8 512
3 512
2 512
2 512
1 512
1 512
3 512
2 512
3 512
2 512
2 512
3 512
3 512
3 512
3 512
3 512
1 512
4 512
1 512
4 512
1 512
1 512
3 512
4 512
2 512
2 512
3 512
3 512
2 512
2 512
3 512
2 512
1 512
0 324
2 512
3 512
4 512
2 512
5 512
2 512
3 512
2 512
3 512
3 512
4 512
1 512
3 512
1 512
2 512
5 512
3 512
3 512
2 512
4 512
1 512
2 512
2 512
3 512
0 164
5 512
3 512
1 512
3 512
2 512
1 512
1 512
3 512
1 512
6 512
3 512
2 512
4 512
1 512
3 512
0 410
1 512
3 512
2 512
3 512
4 512
6 512
4 512
7 512
2 512
2 512
1 512
2 512
2 512
2 512
2 512
4 512
3 512
1 512
5 512
4 512
4 512
4 512
4 512
0 466
0 384
3 512
4 512
2 512
2 512
1 512
1 512
1 512
4 512
3 512
4 512
3 512
1 512
3 512
3 512
1 512
3 512
2 512
3 512
0 441
3 512
3 512
2 512
2 512
4 512
3 512
4 512
5 512
2 512
2 512
3 512
5 512
3 512
3 512
1 512
2 512
2 512
1 512
3 512
3 512
0 156
7 512
2 512
2 512
6 512
5 512
6 512
2 512
5 512
6 512
0 278
2 512
3 512
3 512
3 512
1 512
3 512
2 512
1 512
3 512
4 512
0 437
4 512
3 512
3 512
3 512
2 512
2 512
4 512
3 512
2 512
1 512
5 512
2 512
4 512
1 512
1 512
1 512
2 512
3 512
4 512
1 512
2 512
4 512
0 237
0 262
5 512
3 512
1 512
2 512
1 512
2 512
6 512
7 512
4 512
1 512
0 353
3 512
4 512
4 512
1 512
0 190
3 512
3 512
1 512
0 168
1 512
2 512
2 512
7 512
5 512
4 512
2 512
4 512
3 512
3 512
4 512
0 281
2 512
2 512
3 512
1 512
3 512
1 512
2 512
1 512
0 221
4 512
1 512
2 512
0 445
2 512
1 512
2 512
2 512
3 512
2 512
5 512
2 512
5 512
2 512
2 512
3 512
5 512
3 512
1 512
3 512
2 512
0 249
2 512
2 512
2 512
0 209
1 512
3 512
3 512
2 512
1 512
4 512
2 512
3 512
1 512
1 512
2 512
2 512
0 475
3 512
4 512
0 182
0 220
2 512
1 512
1 512
4 512
1 512
5 512
1 512
4 512
2 512
4 512
4 512
2 512
2 512
2 512
2 512
2 512
2 512
3 512
3 512
0 360
4 512
1 512
1 512
3 512
3 512
3 512
1 512
3 512
0 414
1 512
3 512
1 512
2 512
2 512
3 512
2 512
3 512
1 512
3 512
1 512
5 512
1 512
2 512
0 316
5 512
1 512
3 512
4 512
1 512
6 512
3 512
1 512
6 512
0 205
3 512
0 329
1 512
2 512
3 512
2 512
2 512
0 326
1 512
3 512
1 512
5 512
2 512
0 341
5 512
3 512
6 512
3 512
0 213
0 191
1 512
4 512
1 512
2 512
5 512
7 512
2 512
2 512
0 149
1 512
4 512
2 512
3 512
4 512
2 512
5 512
3 512
5 512
4 512
1 512
3 512
4 512
5 512
4 512
3 512
2 512
3 512
0 505
4 512
2 512
2 512
4 512
4 512
4 512
4 512
0 372
2 512
4 512
3 512
2 512
1 512
2 512
1 512
2 512
2 512
1 512
0 158
3 512
3 512
6 512
5 512
1 512
1 512
0 429
3 512
3 512
1 512
0 213
1 512
4 512
4 512
0 289
0 238
0 338
3 512
3 512
0 121
3 512
2 512
2 512
4 512
3 512
4 512
3 512
8 512
3 512
2 512
3 512
1 512
3 512
3 512
1 512
3 512
1 512
1 512
2 512
3 512
1 512
0 482
1 512
4 512
5 512
4 512
4 512
2 512
2 512
4 512
3 512
3 512
2 512
2 512
2 512
3 512
2 512
4 512
3 512
2 512
1 512
3 512
2 512
7 512
5 512
6 512
1 512
3 512
3 512
0 282
4 512
3 512
3 512
2 512
1 512
2 512
5 512
1 512
2 512
2 512
2 512
1 512
2 512
1 512
5 512
1 512
4 512
3 512
1 512
1 512
2 512
1 512
2 512
4 512
5 512
2 512
4 512
1 512
1 512
2 512
7 512
3 512
1 512
4 512
4 512
1 512
2 512
4 512
1 512
5 512
1 512
3 512
2 512
3 512
5 512
2 512
6 512
2 512
6 512
3 512
3 512
3 512
2 512
2 512
2 512
2 512
2 512
4 512
3 512
1 512
4 512
5 512
2 512
3 512
3 512
1 512
2 512
0 335
2 512
4 512
2 512
3 512
1 512
4 512
4 512
1 512
1 512
4 512
3 512
3 512
4 512
5 512
4 512
3 512
5 512
3 512
5 512
3 512
2 512
4 512
4 512
0 320
1 512
2 512
6 512
2 512
4 512
2 512
3 512
1 512
3 512
2 512
8 512
0 312
0 368
3 512
2 512
2 512
4 512
2 512
3 512
2 512
5 512
1 512
1 512
1 512
4 512
1 512
2 512
0 440
4 512
1 512
4 512
3 512
3 512
0 432
2 512
1 512
3 512
2 512
2 512
7 512
3 512
0 73
5 512
2 512
1 512
5 512
2 512
7 512
1 512
3 512
6 512
4 512
2 512
4 512
3 512
3 512
4 512
0 190
1 512
2 512
2 512
1 512
0 392
3 512
5 512
4 512
2 512
5 512
2 512
1 512
1 512
2 512
3 512
5 512
1 512
2 512
1 512
4 512
1 512
6 512
2 512
2 512
2 512
3 512
2 512
1 512
4 512
3 512
2 512
3 512
3 512
3 512
3 512
2 512
2 512
4 512
1 512
4 512
1 512
1 512
1 512
2 512
2 512
4 512
8 512
3 512
3 512
3 512
4 512
1 512
1 512
5 512
5 512
0 436
3 512
2 512
3 512
6 512
0 396
4 512
2 512
3 512
2 512
2 512
0 297
1 512
6 512
6 512
2 512
7 512
4 512
0 310
4 512
1 512
3 512
4 512
2 512
1 512
3 512
3 512
2 512
3 512
0 377
2 512
0 453
3 512
1 512
5 512
1 512
3 512
5 512
4 512
4 512
5 512
3 512
3 512
4 512
4 512
2 512
0 127
4 512
2 512
0 173
5 512
5 512
2 512
5 512
3 512
0 283
4 512
4 512
2 512
1 512
4 512
2 512
3 512
0 416
1 512
4 512
3 512
5 512
1 512
1 512
4 512
3 512
4 512
3 512
3 512
3 512
6 512
2 512
3 512
4 512
3 512
3 512
5 512
3 512
0 130
4 512
1 512
1 512
4 512
2 512
5 512
1 512
3 512
4 512
3 512
4 512
7 512
1 512
0 393
4 512
3 512
5 512
3 512
5 512
2 512
1 512
2 512
3 512
4 512
1 512
2 512
3 512
2 512
3 512
3 512
1 512
2 512
5 512
3 512
4 512
1 512
5 512
2 512
4 512
4 512
3 512
1 512
3 512
2 512
3 512
3 512
1 512
2 512
5 512
1 512
5 512
3 512
1 512
5 512
2 512
1 512
1 512
3 512
0 453
2 512
2 512
2 512
3 512
2 512
3 512
2 512
2 512
2 512
3 512
1 512
3 512
5 512
0 321
4 512
3 512
6 512
5 512
5 512
3 512
1 512
4 512
4 512
0 291
3 512
4 512
2 512
3 512
1 512
2 512
3 512
4 512
4 512
2 512
2 512
2 512
7 512
3 512
3 512
6 512
0 139
1 512
1 512
1 512
3 512
1 512
4 512
1 512
6 512
3 512
6 512
4 512
5 512
4 512
3 512
4 512
1 512
4 512
1 512
3 512
2 512
3 512
5 512
4 512
2 512
4 512
3 512
3 512
0 412
2 512
5 512
3 512
3 512
5 512
2 512
2 512
3 512
1 512
1 512
0 510
1 512
6 512
4 512
3 512
0 103
4 512
5 512
2 512
4 512
3 512
3 512
2 512
2 512
2 512
0 458
4 512
2 512
3 512
3 512
3 512
1 512
4 512
2 512
3 512
3 512
3 512
0 200
6 512
3 512
1 512
6 512
5 512
4 512
1 512
1 512
2 512
4 512
2 512
2 512
0 375
3 512
3 512
2 512
2 512
2 512
1 512
4 512
3 512
3 512
1 512
1 512
3 512
5 512
3 512
0 411
3 512
1 512
2 512
4 512
4 512
1 512
1 512
1 512
1 512
2 512
5 512
1 512
1 512
2 512
3 512
4 512
3 512
2 512
1 512
3 512
2 512
1 512
2 512
3 512
3 512
5 512
2 512
3 512
0 189
3 512
2 512
3 512
2 512
7 512
2 512
3 512
4 512
2 512
4 512
2 512
3 512
2 512
1 512
7 512
1 512
6 512
4 512
2 512
2 512
5 512
0 431
3 512
2 512
2 512
3 512
3 512
0 228
2 512
2 512
1 512
3 512
3 512
2 512
3 512
6 512
1 512
2 512
3 512
2 512
9 512
4 512
2 512
3 512
4 512
3 512
3 512
3 512
2 512
8 512
2 512
0 421
0 242
5 512
2 512
2 512
1 512
2 512
3 512
3 512
7 512
0 145
1 512
4 512
0 395
0 349
2 512
2 512
3 512
2 512
2 512
3 512
1 512
3 512
1 512
1 512
5 512
2 512
1 512
2 512
3 512
1 512
3 512
5 512
2 512
3 512
4 512
3 512
3 512
2 512
1 512
2 512
1 512
6 512
1 512
1 512
4 512
4 512
0 322
4 512
2 512
3 512
1 512
3 512
2 512
4 512
1 512
6 512
3 512
4 512
1 512
2 512
4 512
3 512
6 512
2 512
5 512
5 512
2 512
1 512
1 512
6 512
2 512
3 512
2 512
5 512
8 512
1 512
1 512
2 512
4 512
1 512
7 512
2 512
6 512
3 512
1 512
2 512
1 512
4 512
1 512
3 512
1 512
1 512
4 512
3 512
2 512
4 512
3 512
3 512
4 512
2 512
4 512
0 408
3 512
2 512
3 512
4 512
5 512
3 512
2 512
0 350
3 512
3 512
3 512
1 512
1 512
0 311
2 512
2 512
3 512
4 512
4 512
1 512
3 512
3 512
2 512
1 512
4 512
0 234
2 512
3 512
1 512
2 512
4 512
4 512
2 512
2 512
2 512
3 512
4 512
2 512
1 512
4 512
3 512
4 512
3 512
3 512
4 512
0 211
2 512
1 512
4 512
4 512
2 512
2 512
4 512
1 512
2 512
0 320
0 282
4 512
3 512
3 512
2 512
1 512
1 512
3 512
2 512
1 512
4 512
8 512
0 110
5 512
1 512
2 512
3 512
5 512
1 512
3 512
3 512
4 512
1 512
2 512
3 512
3 512
3 512
0 463
2 512
1 512
1 512
6 512
1 512
2 512
4 512
5 512
4 512
3 512
0 389
4 512
0 443
3 512
4 512
3 512
3 512
7 512
3 512
4 512
1 512
3 512
2 512
2 512
3 512
3 512
4 512
3 512
3 512
1 512
5 512
1 512
6 512
2 512
2 512
2 512
1 512
2 512
5 512
1 512
3 512
1 512
3 512
1 512
2 512
2 512
2 512
5 512
0 484
1 512
4 512
6 512
0 256
1 512
1 512
1 512
2 512
3 512
5 512
2 512
3 512
5 512
4 512
4 512
4 512
4 512
4 512
2 512
2 512
5 512
1 512
2 512
4 512
4 512
1 512
2 512
1 512
5 512
2 512
4 512
0 481
1 512
1 512
3 512
1 512
1 512
2 512
2 512
3 512
5 512
0 145
1 512
4 512
5 512
6 512
2 512
7 512
1 512
4 512
4 512
2 512
3 512
2 512
2 512
0 287
5 512
2 512
0 280
0 323
0 282
0 156
1 512
1 512
2 512
3 512
1 512
1 512
1 512
1 512
3 512
8 512
1 512
5 512
5 512
1 512
2 512
3 512
1 512
3 512
2 512
4 512
2 512
1 512
4 512
2 512
4 512
4 512
3 512
0 402
2 512
3 512
1 512
1 512
5 512
3 512
5 512
1 512
0 228
2 512
1 512
3 512
3 512
5 512
3 512
4 512
2 512
0 138
1 512
2 512
3 512
2 512
2 512
3 512
3 512
4 512
3 512
3 512
6 512
3 512
1 512
2 512
3 512
1 512
1 512
1 512
1 512
2 512
5 512
2 512
2 512
8 512
2 512
2 512
3 512
3 512
3 512
3 512
2 512
3 512
4 512
4 512
3 512
3 512
3 512
4 512
1 512
5 512
6 512
1 512
2 512
1 512
3 512
1 512
2 512
3 512
2 512
6 512
3 512
4 512
1 512
4 512
3 512
3 512
1 512
5 512
3 512
3 512
0 330
5 512
4 512
2 512
4 512
1 512
0 440
1 512
1 512
0 167
6 512
4 512
1 512
4 512
2 512
6 512
6 512
1 512
4 512
3 512
4 512
2 512
2 512
2 512
6 512
3 512
4 512
3 512
3 512
2 512
5 512
5 512
1 512
4 512
1 512
3 512
3 512
3 512
2 512
4 512
4 512
1 512
2 512
6 512
2 512
1 512
2 512
7 512
5 512
2 512
4 512
4 512
3 512
3 512
3 512
3 512
3 512
5 512
3 512
4 512
3 512
3 512
3 512
1 512
5 512
1 512
2 512
3 512
6 512
5 512
2 512
4 512
3 512
1 512
1 512
3 512
1 512
7 512
1 512
3 512
1 512
2 512
1 512
3 512
2 512
5 512
2 512
0 510
3 512
4 512
5 512
2 512
2 512
1 512
9 512
3 512
4 512
2 512
2 512
4 512
4 512
5 512
2 512
1 512
4 512
0 102
2 512
1 512
7 512
1 512
3 512
1 512
1 512
3 512
2 512
2 512
1 512
3 512
4 512
0 310
4 512
5 512
1 512
1 512
0 230
2 512
3 512
2 512
5 512
5 512
0 482
2 512
3 512
2 512
3 512
1 512
3 512
1 512
1 512
2 512
2 512
3 512
3 512
3 512
1 512
1 512
2 512
3 512
3 512
4 512
4 512
1 512
2 512
1 512
2 512
0 442
4 512
4 512
3 512
1 512
4 512
5 512
2 512
1 512
2 512
2 512
3 512
2 512
2 512
6 512
5 512
3 512
2 512
2 512
3 512
3 512
0 206
3 512
2 512
2 512
7 512
6 512
1 512
3 512
4 512
1 512
1 512
4 512
3 512
2 512
0 260
2 512
3 512
6 512
2 512
4 512
4 512
1 512
1 512
1 512
1 512
3 512
1 512
4 512
5 512
2 512
2 512
3 512
2 512
1 512
6 512
2 512
2 512
4 512
6 512
2 512
1 512
0 177
4 512
4 512
3 512
4 512
2 512
4 512
2 512
1 512
4 512
3 512
2 512
6 512
5 512
3 512
4 512
4 512
1 512
1 512
3 512
2 512
5 512
2 512
3 512
2 512
0 99
1 512
1 512
6 512
3 512
1 512
2 512
2 512
3 512
5 512
4 512
6 512
4 512
2 512
2 512
2 512
4 512
6 512
0 368
1 512
3 512
3 512
2 512
3 512
4 512
1 512
6 512
2 512
3 512
2 512
1 512
0 196
2 512
5 512
0 250
3 512
1 512
0 259
4 512
2 512
3 512
1 512
3 512
0 483
2 512
2 512
2 512
2 512
3 512
3 512
2 512
3 512
3 512
3 512
2 512
2 512
5 512
2 512
5 512
6 512
4 512
6 512
1 512
1 512
2 512
2 512
3 512
3 512
6 512
1 512
3 512
9 512
2 512
0 236
0 485
3 512
4 512
2 512
1 512
3 512
1 512
1 512
0 306
3 512
1 512
4 512
2 512
3 512
3 512
3 512
1 512
2 512
3 512
2 512
0 371
5 512
0 473
1 512
4 512
3 512
4 512
3 512
2 512
1 512
2 512
3 512
1 512
1 512
2 512
1 512
3 512
2 512
4 512
1 512
1 512
3 512
7 512
0 296
1 512
4 512
5 512
1 512
1 512
6 512
5 512
0 340
1 512
1 512
4 512
3 512
2 512
2 512
5 512
4 512
5 512
4 512
0 302
3 512
4 512
0 260
3 512
2 512
3 512
3 512
4 512
0 326
2 512
0 465
0 232
3 512
3 512
1 512
1 512
3 512
6 512
3 512
4 512
2 512
2 512
0 447
1 512
3 512
1 512
2 512
4 512
1 512
0 409
5 512
3 512
1 512
2 512
0 327
0 302
0 131
6 512
3 512
3 512
1 512
0 223
4 512
4 512
1 512
2 512
5 512
2 512
2 512
7 512
5 512
5 512
3 512
1 512
1 512
4 512
5 512
3 512
4 512
4 512
3 512
4 512
4 512
1 512
2 512
0 379
2 512
2 512
2 512
3 512
4 512
1 512
2 512
6 512
1 512
3 512
4 512
3 512
1 512
1 512
1 512
1 512
3 512
3 512
5 512
1 512
8 512
0 125
1 512
4 512
3 512
1 512
2 512
4 512
3 512
3 512
3 512
1 512
1 512
1 512
4 512
1 512
5 512
1 512
0 185
5 512
2 512
1 512
5 512
2 512
2 512
0 214
3 512
2 512
4 512
1 512
1 512
6 512
3 512
3 512
5 512
2 512
3 512
4 512
0 410
2 512
6 512
3 512
1 512
5 512
0 202
4 512
2 512
1 512
4 512
3 512
0 313
7 512
2 512
1 512
1 512
0 210
3 512
1 512
3 512
0 389
2 512
5 512
0 236
3 512
2 512
1 512
3 512
2 512
4 512
1 512
3 512
1 512
3 512
3 512
2 512
4 512
3 512
5 512
1 512
0 268
3 512
1 512
4 512
5 512
0 235
2 512
2 512
1 512
3 512
6 512
2 512
3 512
1 512
2 512
2 512
3 512
2 512
2 512
2 512
0 277
4 512
2 512
0 176
4 512
0 317
3 512
1 512
3 512
2 512
4 512
3 512
1 512
4 512
3 512
0 334
3 512
5 512
7 512
4 512
2 512
2 512
4 512
4 512
2 512
2 512
3 512
0 131
2 512
3 512
3 512
2 512
1 512
0 234
3 512
2 512
4 512
2 512
1 512
3 512
3 512
2 512
2 512
1 512
1 512
4 512
6 512
6 512
8 512
0 347
1 512
2 512
0 220
1 512
1 512
4 512
2 512
1 512
4 512
2 512
0 166
3 512
3 512
1 512
3 512
0 130
3 512
2 512
8 512
1 512
2 512
2 512
1 512
1 512
4 512
3 512
3 512
6 512
1 512
5 512
8 512
1 512
5 512
2 512
4 512
2 512
1 512
2 512
4 512
0 115
6 512
1 512
2 512
2 512
4 512
2 512
1 512
2 512
0 480
4 512
3 512
2 512
2 512
3 512
3 512
5 512
1 512
3 512
0 357
1 512
2 512
5 512
1 512
3 512
3 512
4 512
1 512
1 512
2 512
1 512
2 512
4 512
2 512
3 512
2 512
7 512
3 512
8 512
3 512
2 512
6 512
1 512
2 512
0 257
2 512
6 512
6 512
6 512
4 512
1 512
5 512
3 512
5 512
6 512
1 512
5 512
3 512
1 512
4 512
1 512
3 512
3 512
3 512
3 512
3 512
2 512
3 512
2 512
3 512
3 512
4 512
1 512
1 512
3 512
2 512
2 512
0 219
3 512
2 512
4 512
2 512
1 512
1 512
3 512
1 512
3 512
2 512
3 512
0 207
2 512
1 512
2 512
2 512
4 512
2 512
5 512
1 512
2 512
4 512
5 512
2 512
1 512
2 512
3 512
0 398
3 512
3 512
1 512
2 512
1 512
3 512
0 330
1 512
0 356
3 512
2 512
3 512
1 512
1 512
6 512
2 512
2 512
5 512
0 242
2 512
1 512
1 512
3 512
2 512
2 512
3 512
1 512
0 163
4 512
2 512
1 512
3 512
5 512
3 512
3 512
1 512
1 512
1 512
4 512
7 512
0 387
3 512
1 512
0 253
4 512
2 512
1 512
2 512
1 512
2 512
4 512
4 512
2 512
1 512
2 512
4 512
1 512
4 512
8 512
6 512
4 512
3 512
0 263
3 512
3 512
2 512
1 512
2 512
0 270
2 512
2 512
2 512
4 512
2 512
5 512
1 512
4 512
6 512
1 512
4 512
5 512
3 512
1 512
2 512
7 512
1 512
4 512
0 413
0 163
4 512
1 512
7 512
2 512
3 512
2 512
3 512
2 512
2 512
5 512
4 512
5 512
3 512
5 512
2 512
5 512
2 512
1 512
4 512
5 512
5 512
4 512
1 512
4 512
3 512
4 512
0 429
4 512
5 512
3 512
2 512
2 512
1 512
3 512
1 512
3 512
6 512
2 512
1 512
5 512
2 512
3 512
1 512
4 512
0 150
1 512
5 512
2 512
2 512
1 512
2 512
6 512
0 248
2 512
3 512
4 512
3 512
4 512
0 296
7 512
1 512
5 512
1 512
2 512
1 512
2 512
3 512
2 512
4 512
4 512
3 512
1 512
1 512
2 512
2 512
3 512
6 512
2 512
1 512
3 512
2 512
3 512
1 512
2 512
3 512
4 512
3 512
2 512
4 512
2 512
1 512
3 512
4 512
5 512
3 512
5 512
3 512
2 512
5 512
1 512
2 512
7 512
2 512
3 512
2 512
6 512
4 512
5 512
0 388
2 512
2 512
2 512
3 512
5 512
2 512
4 512
6 512
0 333
2 512
4 512
2 512
3 512
3 512
2 512
3 512
1 512
4 512
4 512
2 512
5 512
2 512
4 512
2 512
0 330
2 512
3 512
2 512
1 512
2 512
1 512
0 258
3 512
6 512
0 443
3 512
3 512
2 512
3 512
5 512
5 512
2 512
3 512
3 512
0 310
3 512
1 512
0 261
5 512
3 512
3 512
3 512
4 512
1 512
3 512
2 512
1 512
2 512
1 512
6 512
3 512
4 512
3 512
3 512
2 512
3 512
1 512
3 512
1 512
1 512
2 512
3 512
1 512
2 512
1 512
1 512
3 512
2 512
1 512
3 512
2 512
2 512
2 512
3 512
5 512
0 464
2 512
5 512
2 512
2 512
2 512
2 512
6 512
4 512
0 205
1 512
5 512
1 512
2 512
0 439
4 512
2 512
3 512
0 367
0 253
1 512
1 512
3 512
4 512
4 512
3 512
3 512
2 512
0 130
0 180
1 512
2 512
2 512
1 512
2 512
4 512
1 512
0 459
0 234
1 512
1 512
0 295
2 512
2 512
1 512
3 512
2 512
0 128
1 512
3 512
1 512
6 512
5 512
4 512
4 512
1 512
3 512
3 512
4 512
2 512
5 512
3 512
4 512
3 512
3 512
3 512
6 512
2 512
2 512
6 512
6 512
1 512
1 512
4 512
2 512
3 512
3 512
1 512
5 512
1 512
3 512
2 512
1 512
3 512
1 512
3 512
1 512
3 512
2 512
1 512
3 512
1 512
1 512
2 512
3 512
1 512
5 512
1 512
3 512
1 512
3 512
0 194
2 512
3 512
2 512
2 512
2 512
3 512
2 512
5 512
3 512
0 316
2 512
2 512
2 512
2 512
2 512
4 512
3 512
2 512
2 512
3 512
2 512
4 512
2 512
3 512
2 512
6 512
5 512
1 512
3 512
2 512
1 512
3 512
5 512
2 512
1 512
5 512
3 512
4 512
1 512
3 512
3 512
0 222
1 512
1 512
2 512
3 512
1 512
2 512
4 512
3 512
1 512
4 512
2 512
1 512
2 512
2 512
2 512
2 512
4 512
1 512
1 512
7 512
2 512
3 512
3 512
4 512
5 512
1 512
7 512
2 512
4 512
1 512
1 512
2 512
4 512
1 512
1 512
6 512
1 512
0 169
2 512
3 512
1 512
3 512
1 512
3 512
2 512
3 512
5 512
0 300
1 512
3 512
4 512
3 512
0 145
4 512
3 512
1 512
5 512
7 512
1 512
2 512
3 512
3 512
1 512
2 512
2 512
3 512
1 512
3 512
3 512
3 512
2 512
5 512
3 512
2 512
1 512
5 512
3 512
0 199
2 512
2 512
7 512
3 512
3 512
4 512
5 512
4 512
0 392
1 512
2 512
2 512
3 512
5 512
0 391
5 512
4 512
5 512
3 512
1 512
2 512
5 512
1 512
6 512
1 512
3 512
1 512
2 512
1 512
3 512
3 512
1 512
2 512
3 512
5 512
1 512
1 512
2 512
3 512
1 512
3 512
1 512
4 512
3 512
1 512
2 512
4 512
0 361
3 512
3 512
2 512
1 512
5 512
4 512
5 512
2 512
2 512
2 512
3 512
1 512
3 512
6 512
3 512
2 512
3 512
3 512
1 512
3 512
4 512
3 512
1 512
4 512
2 512
3 512
1 512
0 237
3 512
2 512
1 512
2 512
3 512
3 512
7 512
4 512
2 512
5 512
5 512
5 512
6 512
2 512
5 512
3 512
1 512
2 512
2 512
2 512
1 512
4 512
1 512
0 117
3 512
3 512
1 512
4 512
5 512
2 512
3 512
3 512
0 234
6 512
3 512
2 512
3 512
4 512
1 512
4 512
6 512
0 235
2 512
1 512
4 512
2 512
3 512
3 512
0 509
1 512
3 512
2 512
2 512
2 512
3 512
3 512
4 512
3 512
3 512
0 382
2 512
2 512
2 512
2 512
2 512
1 512
0 425
0 113
0 220
1 512
1 512
0 136
4 512
4 512
4 512
2 512
0 224
3 512
2 512
0 323
1 512
2 512
3 512
3 512
2 512
1 512
0 351
1 512
4 512
1 512
1 512
4 512
4 512
4 512
5 512
2 512
4 512
3 512
3 512
0 210
3 512
5 512
4 512
3 512
8 512
3 512
1 512
3 512
3 512
1 512
4 512
5 512
1 512
3 512
2 512
2 512
0 176
4 512
4 512
2 512
2 512
1 512
1 512
1 512
5 512
1 512
8 512
1 512
1 512
2 512
5 512
2 512
1 512
2 512
4 512
1 512
2 512
1 512
1 512
4 512
1 512
1 512
6 512
2 512
4 512
4 512
3 512
3 512
3 512
1 512
2 512
3 512
4 512
2 512
0 277
1 512
1 512
3 512
1 512
2 512
3 512
0 227
0 228
2 512
0 433
1 512
2 512
1 512
2 512
1 512
2 512
4 512
2 512
5 512
2 512
0 341
1 512
4 512
3 512
3 512
1 512
1 512
2 512
3 512
4 512
1 512
2 512
3 512
0 493
4 512
0 293
3 512
4 512
2 512
3 512
6 512
3 512
1 512
1 512
3 512
4 512
4 512
2 512
3 512
0 81
5 512
2 512
5 512
5 512
1 512
4 512
4 512
4 512
0 374
4 512
6 512
1 512
2 512
2 512
0 119
1 512
5 512
1 512
3 512
3 512
6 512
2 512
5 512
0 178
4 512
3 512
1 512
2 512
6 512
5 512
1 512
6 512
2 512
4 512
2 512
1 512
0 467
1 512
2 512
2 512
2 512
7 512
3 512
4 512
2 512
2 512
1 512
1 512
3 512
4 512
4 512
6 512
0 210
3 512
5 512
0 457
6 512
2 512
6 512
2 512
3 512
4 512
6 512
0 137
3 512
2 512
1 512
0 175
1 512
1 512
2 512
2 512
6 512
3 512
1 512
1 512
1 512
1 512
4 512
4 512
2 512
3 512
1 512
1 512
0 445
2 512
0 297
2 512
3 512
3 512
5 512
3 512
0 247
2 512
2 512
4 512
2 512
2 512
4 512
1 512
3 512
0 358
3 512
3 512
2 512
4 512
3 512
2 512
4 512
2 512
1 512
5 512
4 512
5 512
4 512
2 512
0 310
2 512
5 512
4 512
2 512
1 512
3 512
1 512
4 512
2 512
6 512
7 512
2 512
2 512
0 389
1 512
4 512
4 512
5 512
7 512
1 512
0 212
1 512
2 512
3 512
1 512
5 512
5 512
4 512
3 512
3 512
3 512
1 512
2 512
5 512
1 512
3 512
0 155
6 512
5 512
3 512
3 512
4 512
3 512
2 512
6 512
4 512
1 512
3 512
5 512
1 512
4 512
5 512
3 512
3 512
2 512
3 512
5 512
4 512
4 512
2 512
2 512
4 512
3 512
2 512
1 512
2 512
3 512
5 512
6 512
2 512
4 512
2 512
2 512
3 512
4 512
3 512
1 512
2 512
0 281
5 512
2 512
4 512
0 265
1 512
3 512
5 512
3 512
4 512
2 512
2 512
0 444
3 512
2 512
5 512
4 512
2 512
1 512
3 512
1 512
3 512
3 512
0 248
3 512
1 512
1 512
2 512
3 512
3 512
6 512
1 512
3 512
2 512
1 512
1 512
3 512
2 512
1 512
2 512
2 512
3 512
0 343
4 512
4 512
1 512
9 512
4 512
0 299
5 512
3 512
2 512
6 512
1 512
2 512
3 512
1 512
3 512
1 512
2 512
7 512
2 512
5 512
5 512
6 512
1 512
4 512
0 117
5 512
3 512
2 512
3 512
0 196
3 512
0 329
1 512
2 512
6 512
3 512
2 512
3 512
1 512
1 512
3 512
1 512
2 512
2 512
3 512
4 512
4 512
3 512
0 153
3 512
2 512
1 512
2 512
7 512
2 512
3 512
1 512
4 512
2 512
0 329
5 512
2 512
4 512
0 511
2 512
3 512
2 512
5 512
4 512
1 512
3 512
3 512
3 512
2 512
3 512
4 512
5 512
1 512
2 512
1 512
3 512
4 512
1 512
4 512
3 512
2 512
1 512
2 512
2 512
3 512
3 512
9 512
2 512
1 512
3 512
4 512
2 512
3 512
3 512
2 512
5 512
4 512
3 512
0 236
5 512
5 512
2 512
5 512
0 127
6 512
3 512
0 416
4 512
4 512
2 512
1 512
0 284
1 512
2 512
1 512
5 512
3 512
3 512
1 512
1 512
1 512
6 512
6 512
3 512
2 512
1 512
4 512
5 512
3 512
5 512
5 512
5 512
3 512
3 512
5 512
1 512
4 512
4 512
0 130
1 512
0 169
0 310
2 512
5 512
5 512
4 512
1 512
0 455
2 512
0 457
3 512
2 512
2 512
4 512
4 512
2 512
7 512
3 512
1 512
3 512
0 70
0 150
5 512
2 512
6 512
0 362
2 512
3 512
2 512
4 512
3 512
2 512
3 512
2 512
0 270
2 512
4 512
0 223
1 512
1 512
1 512
3 512
2 512
2 512
2 512
3 512
2 512
2 512
0 243
5 512
3 512
3 512
3 512
2 512
5 512
2 512
4 512
6 512
1 512
3 512
1 512
4 512
1 512
4 512
0 377
3 512
0 102
4 512
0 216
1 512
4 512
1 512
3 512
0 172
2 512
2 512
1 512
2 512
6 512
3 512
1 512
1 512
6 512
3 512
3 512
2 512
4 512
1 512
1 512
5 512
4 512
5 512
4 512
1 512
4 512
5 512
0 368
4 512
2 512
0 243
3 512
2 512
0 206
1 512
2 512
0 159
2 512
3 512
0 364
2 512
3 512
0 312
1 512
4 512
3 512
2 512
3 512
2 512
1 512
1 512
2 512
2 512
1 512
2 512
1 512
1 512
2 512
4 512
3 512
5 512
1 512
1 512
3 512
3 512
0 485
0 227
3 512
3 512
2 512
4 512
2 512
2 512
1 512
1 512
2 512
0 474
3 512
0 200
1 512
0 355
5 512
5 512
0 326
3 512
3 512
6 512
3 512
4 512
2 512
5 512
6 512
4 512
3 512
5 512
3 512
0 320
3 512
4 512
3 512
2 512
0 273
1 512
4 512
7 512
6 512
2 512
3 512
1 512
3 512
7 512
3 512
1 512
3 512
2 512
4 512
0 136
2 512
6 512
1 512
3 512
0 140
3 512
1 512
2 512
3 512
1 512
0 256
3 512
3 512
3 512
1 512
0 459
1 512
2 512
2 512
4 512
2 512
1 512
0 358
1 512
2 512
2 512
9 512
2 512
3 512
1 512
3 512
8 512
3 512
0 170
5 512
2 512
2 512
3 512
3 512
2 512
7 512
8 512
4 512
4 512
3 512
1 512
2 512
3 512
1 512
2 512
5 512
2 512
3 512
3 512
1 512
2 512
3 512
4 512
2 512
2 512
2 512
3 512
0 255
1 512
2 512
1 512
2 512
4 512
2 512
0 274
6 512
3 512
5 512
1 512
4 512
2 512
3 512
6 512
0 357
1 512
1 512
2 512
2 512
3 512
1 512
2 512
4 512
1 512
1 512
1 512
7 512
1 512
3 512
1 512
3 512
2 512
5 512
1 512
3 512
0 145
1 512
2 512
1 512
2 512
3 512
5 512
0 152
1 512
0 496
3 512
2 512
2 512
1 512
4 512
6 512
4 512
4 512
3 512
0 395
3 512
4 512
5 512
3 512
4 512
0 288
2 512
2 512
1 512
1 512
2 512
2 512
5 512
3 512
2 512
2 512
1 512
0 306
3 512
3 512
5 512
3 512
0 242
1 512
2 512
2 512
2 512
1 512
3 512
1 512
3 512
2 512
3 512
2 512
1 512
1 512
1 512
2 512
1 512
4 512
0 402
3 512
4 512
3 512
1 512
1 512
2 512
3 512
3 512
4 512
2 512
1 512
5 512
1 512
4 512
2 512
2 512
1 512
5 512
2 512
2 512
4 512
3 512
1 512
2 512
1 512
2 512
5 512
4 512
4 512
2 512
3 512
1 512
4 512
2 512
3 512
2 512
0 351
2 512
2 512
1 512
4 512
2 512
2 512
6 512
2 512
3 512
2 512
7 512
4 512
2 512
3 512
3 512
1 512
3 512
4 512
1 512
3 512
4 512
3 512
1 512
3 512
1 512
4 512
3 512
6 512
3 512
0 336
7 512
0 228
2 512
2 512
0 221
4 512
3 512
0 361
3 512
5 512
2 512
1 512
5 512
2 512
2 512
1 512
3 512
2 512
1 512
1 512
2 512
6 512
2 512
3 512
2 512
2 512
4 512
0 315
2 512
1 512
0 362
3 512
2 512
1 512
6 512
2 512
5 512
2 512
3 512
2 512
2 512
1 512
1 512
3 512
1 512
4 512
1 512
2 512
2 512
1 512
3 512
0 183
2 512
2 512
1 512
2 512
3 512
2 512
0 221
7 512
1 512
4 512
1 512
6 512
1 512
1 512
2 512
1 512
4 512
3 512
3 512
5 512
3 512
2 512
3 512
2 512
2 512
2 512
3 512
3 512
3 512
3 512
2 512
2 512
4 512
3 512
9 512
1 512
1 512
1 512
3 512
2 512
5 512
2 512
2 512
1 512
2 512
1 512
2 512
2 512
1 512
1 512
4 512
0 397
5 512
3 512
2 512
2 512
0 455
3 512
1 512
4 512
1 512
2 512
5 512
1 512
1 512
6 512
4 512
2 512
1 512
3 512
4 512
1 512
1 512
0 207
0 485
3 512
4 512
2 512
2 512
0 272
3 512
4 512
2 512
6 512
2 512
6 512
4 512
1 512
1 512
0 268
2 512
6 512
3 512
4 512
1 512
3 512
1 512
2 512
3 512
5 512
4 512
2 512
4 512
6 512
3 512
1 512
2 512
2 512
2 512
1 512
2 512
1 512
4 512
3 512
2 512
1 512
3 512
2 512
3 512
4 512
2 512
4 512
4 512
2 512
4 512
1 512
3 512
2 512
0 440
3 512
4 512
1 512
4 512
3 512
1 512
3 512
2 512
4 512
3 512
3 512
2 512
0 439
4 512
4 512
1 512
0 391
1 512
1 512
1 512
4 512
3 512
1 512
4 512
1 512
3 512
3 512
0 215
1 512
4 512
3 512
0 420
4 512
2 512
6 512
5 512
1 512
2 512
7 512
4 512
0 164
1 512
2 512
5 512
1 512
1 512
2 512
7 512
5 512
5 512
1 512
2 512
1 512
2 512
4 512
1 512
2 512
3 512
3 512
3 512
2 512
1 512
1 512
1 512
3 512
3 512
5 512
3 512
3 512
3 512
2 512
2 512
2 512
2 512
1 512
4 512
4 512
4 512
4 512
2 512
3 512
3 512
3 512
3 512
1 512
4 512
2 512
3 512
7 512
2 512
5 512
2 512
4 512
5 512
1 512
4 512
3 512
6 512
2 512
2 512
4 512
2 512
2 512
2 512
6 512
3 512
1 512
0 416
5 512
6 512
4 512
2 512
2 512
5 512
5 512
4 512
1 512
1 512
4 512
4 512
1 512
1 512
3 512
4 512
0 225
3 512
2 512
4 512
2 512
4 512
4 512
2 512
2 512
1 512
3 512
5 512
2 512
5 512
3 512
1 512
5 512
4 512
1 512
1 512
0 171
3 512
3 512
4 512
3 512
1 512
5 512
2 512
3 512
1 512
2 512
2 512
1 512
2 512
3 512
5 512
3 512
2 512
3 512
2 512
1 512
0 321
1 512
5 512
1 512
2 512
4 512
4 512
3 512
2 512
2 512
6 512
3 512
2 512
2 512
3 512
4 512
7 512
0 231
0 344
7 512
1 512
2 512
3 512
3 512
2 512
2 512
3 512
0 377
1 512
3 512
1 512
3 512
4 512
3 512
2 512
2 512
1 512
0 341
4 512
1 512
4 512
2 512
1 512
1 512
5 512
2 512
2 512
4 512
3 512
2 512
1 512
4 512
1 512
3 512
3 512
2 512
4 512
5 512
2 512
4 512
3 512
5 512
3 512
3 512
0 358
3 512
0 236
2 512
4 512
5 512
3 512
5 512
0 475
0 260
2 512
3 512
5 512
2 512
4 512
5 512
2 512
5 512
3 512
0 170
1 512
3 512
3 512
2 512
3 512
2 512
2 512
7 512
6 512
5 512
0 277
4 512
3 512
1 512
1 512
5 512
3 512
1 512
0 173
3 512
3 512
4 512
2 512
0 317
2 512
2 512
3 512
2 512
2 512
3 512
1 512
3 512
2 512
4 512
2 512
2 512
0 491
2 512
1 512
3 512
3 512
1 512
3 512
3 512
1 512
3 512
2 512
2 512
0 169
3 512
2 512
4 512
3 512
2 512
4 512
2 512
2 512
0 355
2 512
3 512
4 512
0 179
3 512
1 512
3 512
0 223
0 221
2 512
3 512
5 512
1 512
4 512
0 441
2 512
1 512
5 512
0 340
1 512
2 512
5 512
1 512
1 512
4 512
3 512
4 512
2 512
3 512
2 512
3 512
3 512
5 512
2 512
3 512
1 512
1 512
1 512
5 512
0 442
3 512
1 512
6 512
2 512
6 512
7 512
3 512
4 512
5 512
1 512
2 512
6 512
1 512
3 512
1 512
1 512
0 429
4 512
2 512
2 512
4 512
8 512
5 512
1 512
0 371
1 512
0 382
3 512
3 512
1 512
3 512
2 512
1 512
3 512
1 512
4 512
3 512
3 512
1 512
5 512
2 512
1 512
4 512
2 512
2 512
3 512
0 228
3 512
2 512
3 512
1 512
2 512
4 512
4 512
4 512
0 477
2 512
2 512
1 512
3 512
5 512
5 512
1 512
5 512
4 512
1 512
2 512
1 512
1 512
2 512
1 512
1 512
2 512
1 512
2 512
2 512
5 512
2 512
1 512
1 512
2 512
3 512
2 512
0 303
6 512
3 512
3 512
1 512
4 512
1 512
2 512
2 512
2 512
2 512
4 512
2 512
4 512
5 512
3 512
4 512
4 512
3 512
4 512
2 512
3 512
1 512
1 512
4 512
5 512
3 512
1 512
2 512
4 512
2 512
1 512
4 512
1 512
2 512
1 512
1 512
3 512
3 512
4 512
0 218
3 512
4 512
2 512
1 512
4 512
3 512
3 512
6 512
1 512
1 512
1 512
1 512
1 512
3 512
1 512
3 512
5 512
3 512
6 512
1 512
0 211
5 512
1 512
2 512
1 512
4 512
2 512
2 512
3 512
3 512
2 512
0 204
0 499
2 512
2 512
4 512
4 512
2 512
2 512
4 512
5 512
0 182
1 512
2 512
3 512
0 161
3 512
1 512
3 512
4 512
2 512
2 512
3 512
5 512
3 512
3 512
1 512
6 512
5 512
3 512
4 512
2 512
5 512
3 512
3 512
0 469
0 305
2 512
2 512
3 512
0 468
1 512
2 512
5 512
3 512
4 512
2 512
4 512
1 512
3 512
5 512
2 512
1 512
0 314
0 139
3 512
5 512
3 512
2 512
2 512
5 512
3 512
4 512
0 324
4 512
3 512
3 512
2 512
4 512
4 512
5 512
3 512
3 512
4 512
3 512
5 512
6 512
1 512
3 512
1 512
6 512
2 512
2 512
1 512
0 217
4 512
3 512
3 512
2 512
6 512
0 381
4 512
2 512
0 203
2 512
3 512
5 512
1 512
1 512
6 512
1 512
2 512
4 512
1 512
3 512
0 318
4 512
3 512
9 512
1 512
0 319
3 512
1 512
1 512
5 512
1 512
1 512
1 512
4 512
1 512
3 512
3 512
5 512
0 453
2 512
3 512
3 512
1 512
1 512
4 512
3 512
2 512
3 512
4 512
0 369
4 512
3 512
2 512
4 512
7 512
4 512
1 512
3 512
3 512
1 512
1 512
5 512
3 512
2 512
3 512
4 512
4 512
2 512
5 512
4 512
1 512
1 512
1 512
3 512
2 512
4 512
6 512
3 512
2 512
5 512
3 512
2 512
0 500
4 512
5 512
2 512
2 512
1 512
2 512
0 448
5 512
1 512
4 512
1 512
1 512
3 512
2 512
5 512
3 512
2 512
3 512
4 512
1 512
2 512
3 512
2 512
9 512
2 512
4 512
3 512
1 512
3 512
1 512
2 512
0 328
1 512
4 512
2 512
2 512
3 512
2 512
2 512
4 512
5 512
2 512
3 512
2 512
1 512
3 512
4 512
1 512
3 512
1 512
2 512
2 512
4 512
2 512
1 512
3 512
3 512
0 370
2 512
0 265
2 512
4 512
2 512
3 512
2 512
1 512
1 512
1 512
3 512
1 512
3 512
0 512
6 512
2 512
5 512
4 512
4 512
3 512
2 512
6 512
1 512
1 512
2 512
2 512
1 512
2 512
3 512
1 512
2 512
1 512
2 512
5 512
1 512
0 315
3 512
6 512
2 512
6 512
2 512
1 512
2 512
4 512
1 512
2 512
3 512
4 512
2 512
2 512
1 512
7 512
2 512
2 512
5 512
0 239
2 512
2 512
3 512
0 221
0 359
0 494
1 512
3 512
2 512
2 512
1 512
2 512
3 512
3 512
4 512
4 512
1 512
3 512
3 512
5 512
2 512
0 488
1 512
3 512
6 512
3 512
4 512
5 512
2 512
5 512
6 512
4 512
4 512
1 512
5 512
2 512
1 512
4 512
2 512
5 512
0 274
4 512
3 512
3 512
4 512
4 512
2 512
1 512
3 512
1 512
2 512
5 512
1 512
6 512
6 512
1 512
4 512
3 512
2 512
0 218
3 512
2 512
4 512
5 512
2 512
2 512
2 512
3 512
5 512
1 512
5 512
3 512
3 512
6 512
1 512
5 512
4 512
4 512
4 512
4 512
1 512
3 512
2 512
0 69
5 512
1 512
2 512
3 512
3 512
0 137
1 512
2 512
2 512
0 220
3 512
3 512
1 512
6 512
5 512
5 512
2 512
2 512
3 512
1 512
3 512
3 512
6 512
0 505
2 512
2 512
3 512
0 200
1 512
5 512
4 512
2 512
4 512
5 512
4 512
1 512
6 512
2 512
1 512
1 512
2 512
1 512
2 512
0 192
4 512
4 512
1 512
3 512
2 512
0 207
3 512
1 512
4 512
0 283
3 512
4 512
5 512
0 121
5 512
4 512
4 512
0 430
5 512
3 512
5 512
6 512
3 512
1 512
2 512
4 512
2 512
6 512
5 512
3 512
1 512
4 512
2 512
4 512
4 512
0 208
3 512
1 512
2 512
5 512
5 512
2 512
4 512
6 512
4 512
2 512
3 512
1 512
1 512
1 512
3 512
1 512
2 512
2 512
3 512
2 512
2 512
2 512
4 512
10 512
4 512
2 512
3 512
1 512
3 512
3 512
2 512
3 512
0 163
0 123
2 512
4 512
1 512
6 512
3 512
4 512
3 512
1 512
4 512
1 512
1 512
2 512
2 512
2 512
5 512
2 512
2 512
4 512
3 512
0 371
3 512
1 512
3 512
3 512
3 512
1 512
2 512
4 512
1 512
4 512
5 512
1 512
2 512
4 512
3 512
2 512
6 512
3 512
0 366
2 512
1 512
1 512
1 512
4 512
2 512
4 512
2 512
1 512
1 512
3 512
0 149
3 512
2 512
3 512
1 512
0 140
2 512
3 512
5 512
0 464
2 512
4 512
3 512
2 512
4 512
2 512
4 512
3 512
3 512
3 512
1 512
2 512
0 495
2 512
4 512
2 512
1 512
3 512
2 512
4 512
0 161
5 512
2 512
3 512
4 512
2 512
6 512
4 512
3 512
4 512
3 512
2 512
1 512
3 512
2 512
2 512
3 512
2 512
3 512
0 233
5 512
5 512
4 512
4 512
1 512
3 512
1 512
1 512
2 512
3 512
0 313
2 512
6 512
3 512
4 512
2 512
2 512
2 512
3 512
7 512
1 512
1 512
1 512
4 512
0 305
6 512
3 512
3 512
3 512
0 401
2 512
5 512
1 512
4 512
2 512
2 512
3 512
3 512
1 512
2 512
5 512
1 512
5 512
1 512
6 512
2 512
7 512
1 512
3 512
3 512
1 512
2 512
6 512
3 512
5 512
2 512
3 512
2 512
2 512
3 512
5 512
3 512
2 512
2 512
3 512
3 512
6 512
6 512
3 512
3 512
2 512
2 512
1 512
0 288
7 512
2 512
2 512
3 512
1 512
0 384
1 512
4 512
2 512
2 512
4 512
2 512
6 512
5 512
4 512
0 507
2 512
2 512
5 512
5 512
6 512
0 261
2 512
2 512
2 512
2 512
5 512
1 512
6 512
0 507
3 512
0 501
1 512
4 512
4 512
2 512
2 512
2 512
0 210
7 512
1 512
1 512
3 512
4 512
2 512
2 512
2 512
3 512
2 512
3 512
2 512
3 512
2 512
1 512
4 512
3 512
4 512
2 512
4 512
4 512
1 512
2 512
2 512
1 512
5 512
3 512
4 512
3 512
2 512
7 512
1 512
1 512
3 512
3 512
1 512
1 512
2 512
2 512
3 512
2 512
2 512
5 512
0 202
1 512
3 512
2 512
2 512
4 512
5 512
2 512
2 512
2 512
1 512
0 118
2 512
0 232
3 512
2 512
4 512
3 512
6 512
2 512
0 369
1 512
1 512
2 512
2 512
3 512
8 512
3 512
8 512
2 512
2 512
0 417
1 512
6 512
0 272
0 334
1 512
2 512
1 512
4 512
4 512
1 512
3 512
1 512
3 512
4 512
2 512
4 512
0 345
7 512
4 512
3 512
4 512
4 512
1 512
1 512
2 512
4 512
4 512
5 512
2 512
2 512
2 512
3 512
1 512
4 512
3 512
1 512
2 512
1 512
3 512
2 512
1 512
3 512
0 255
0 287
4 512
4 512
2 512
4 512
9 512
2 512
2 512
2 512
1 512
2 512
4 512
3 512
3 512
2 512
4 512
6 512
4 512
0 420
0 381
0 349
2 512
6 512
4 512
2 512
2 512
3 512
2 512
3 512
1 512
4 512
2 512
2 512
2 512
4 512
4 512
3 512
1 512
1 512
2 512
2 512
5 512
0 469
4 512
3 512
2 512
1 512
4 512
1 512
2 512
6 512
4 512
4 512
2 512
2 512
3 512
5 512
1 512
2 512
5 512
1 512
3 512
3 512
5 512
1 512
1 512
1 512
5 512
3 512
0 223
3 512
4 512
3 512
2 512
0 180
2 512
7 512
4 512
5 512
1 512
0 107
2 512
2 512
3 512
5 512
1 512
2 512
3 512
1 512
3 512
3 512
6 512
5 512
5 512
1 512
3 512
1 512
1 512
2 512
2 512
2 512
3 512
2 512
1 512
4 512
0 142
3 512
4 512
2 512
0 326
2 512
4 512
3 512
0 250
2 512
3 512
3 512
1 512
3 512
1 512
4 512
1 512
2 512
2 512
1 512
2 512
3 512
1 512
1 512
3 512
2 512
3 512
2 512
2 512
1 512
3 512
2 512
4 512
2 512
2 512
3 512
1 512
2 512
2 512
1 512
3 512
0 465
2 512
5 512
3 512
2 512
2 512
2 512
0 157
1 512
1 512
2 512
6 512
1 512
3 512
1 512
1 512
1 512
2 512
5 512
0 250
0 214
5 512
4 512
2 512
1 512
1 512
6 512
2 512
4 512
1 512
3 512
3 512
2 512
4 512
3 512
0 308
2 512
2 512
1 512
5 512
5 512
5 512
3 512
5 512
1 512
4 512
1 512
3 512
6 512
0 505
1 512
1 512
3 512
1 512
6 512
3 512
5 512
3 512
3 512
3 512
3 512
3 512
3 512
4 512
2 512
2 512
3 512
1 512
4 512
1 512
0 93
2 512
3 512
1 512
0 105
3 512
4 512
3 512
3 512
1 512
6 512
1 512
2 512
4 512
3 512
3 512
8 512
3 512
3 512
3 512
1 512
4 512
1 512
5 512
3 512
2 512
0 226
4 512
4 512
3 512
3 512
4 512
3 512
2 512
2 512
1 512
3 512
4 512
3 512
4 512
2 512
4 512
3 512
4 512
3 512
6 512
2 512
3 512
3 512
2 512
2 512
3 512
2 512
1 512
2 512
4 512
2 512
2 512
3 512
5 512
1 512
2 512
1 512
3 512
2 512
1 512
4 512
2 512
3 512
3 512
5 512
4 512
2 512
3 512
0 150
1 512
3 512
1 512
2 512
2 512
2 512
3 512
2 512
5 512
2 512
2 512
2 512
1 512
4 512
3 512
4 512
4 512
2 512
7 512
1 512
3 512
2 512
2 512
3 512
2 512
2 512
1 512
0 412
3 512
1 512
3 512
3 512
2 512
2 512
2 512
3 512
5 512
1 512
1 512
1 512
2 512
2 512
2 512
1 512
3 512
3 512
3 512
3 512
4 512
3 512
1 512
4 512
6 512
5 512
3 512
3 512
2 512
0 352
3 512
2 512
2 512
3 512
3 512
4 512
5 512
2 512
2 512
3 512
0 265
5 512
1 512
5 512
1 512
0 174
2 512
3 512
2 512
4 512
2 512
3 512
1 512
3 512
1 512
2 512
1 512
3 512
1 512
3 512
3 512
4 512
5 512
0 490
1 512
2 512
1 512
2 512
1 512
4 512
1 512
0 325
2 512
3 512
4 512
2 512
4 512
4 512
0 230
1 512
4 512
10 512
3 512
2 512
3 512
1 512
1 512
1 512
3 512
5 512
1 512
5 512
4 512
2 512
5 512
3 512
3 512
0 399
3 512
4 512
2 512
2 512
2 512
6 512
2 512
0 476
3 512
1 512
5 512
2 512
4 512
5 512
4 512
7 512
2 512
3 512
5 512
3 512
0 405
4 512
1 512
2 512
2 512
6 512
2 512
4 512
2 512
3 512
4 512
1 512
1 512
3 512
2 512
4 512
3 512
1 512
3 512
4 512
1 512
4 512
3 512
0 233
4 512
4 512
1 512
1 512
2 512
4 512
4 512
3 512
2 512
1 512
0 388
4 512
0 208
3 512
2 512
1 512
6 512
2 512
2 512
1 512
3 512
2 512
2 512
2 512
1 512
4 512
2 512
4 512
1 512
3 512
7 512
1 512
2 512
3 512
1 512
2 512
2 512
1 512
3 512
1 512
3 512
2 512
3 512
2 512
2 512
2 512
4 512
0 169
6 512
1 512
3 512
2 512
6 512
0 391
4 512
2 512
1 512
4 512
3 512
0 182
1 512
2 512
3 512
5 512
2 512
3 512
2 512
2 512
2 512
5 512
0 408
1 512
4 512
1 512
1 512
1 512
5 512
2 512
4 512
3 512
2 512
2 512
2 512
1 512
4 512
3 512
4 512
5 512
1 512
5 512
3 512
5 512
2 512
6 512
7 512
2 512
3 512
2 512
3 512
3 512
3 512
3 512
3 512
3 512
3 512
3 512
1 512
5 512
2 512
3 512
1 512
3 512
1 512
3 512
2 512
1 512
4 512
2 512
3 512
2 512
2 512
4 512
3 512
2 512
6 512
1 512
4 512
1 512
1 512
4 512
5 512
2 512
4 512
1 512
3 512
0 294
4 512
4 512
1 512
5 512
3 512
1 512
4 512
4 512
3 512
3 512
5 512
4 512
3 512
4 512
1 512
1 512
2 512
2 512
3 512
1 512
2 512
2 512
3 512
1 512
2 512
2 512
4 512
6 512
3 512
4 512
3 512
3 512
4 512
3 512
5 512
0 377
0 323
1 512
3 512
2 512
2 512
1 512
1 512
2 512
2 512
8 512
2 512
2 512
3 512
3 512
2 512
3 512
3 512
2 512
2 512
1 512
2 512
1 512
3 512
3 512
2 512
3 512
3 512
1 512
2 512
2 512
2 512
3 512
3 512
3 512
3 512
1 512
3 512
1 512
6 512
4 512
2 512
2 512
2 512
2 512
4 512
2 512
4 512
1 512
1 512
2 512
2 512
2 512
3 512
3 512
4 512
3 512
3 512
2 512
3 512
4 512
3 512
2 512
3 512
4 512
3 512
0 231
7 512
1 512
3 512
3 512
2 512
3 512
0 289
5 512
3 512
4 512
2 512
4 512
0 322
6 512
6 512
5 512
0 339
1 512
3 512
2 512
5 512
3 512
2 512
0 131
4 512
5 512
3 512
3 512
5 512
1 512
5 512
2 512
1 512
0 425
2 512
3 512
3 512
5 512
6 512
1 512
2 512
5 512
3 512
2 512
2 512
2 512
6 512
0 194
5 512
2 512
6 512
3 512
2 512
5 512
4 512
7 512
1 512
4 512
1 512
4 512
3 512
3 512
4 512
5 512
6 512
2 512
3 512
2 512
2 512
6 512
2 512
2 512
0 371
3 512
8 512
2 512
4 512
2 512
2 512
1 512
1 512
4 512
4 512
4 512
2 512
3 512
5 512
6 512
3 512
4 512
0 332
3 512
1 512
2 512
3 512
2 512
3 512
2 512
5 512
3 512
1 512
2 512
3 512
4 512
2 512
3 512
1 512
1 512
3 512
6 512
3 512
2 512
2 512
4 512
1 512
1 512
5 512
4 512
1 512
2 512
2 512
1 512
2 512
2 512
2 512
1 512
3 512
1 512
1 512
5 512
3 512
1 512
5 512
3 512
1 512
1 512
0 433
4 512
3 512
1 512
5 512
1 512
4 512
2 512
2 512
3 512
8 512
2 512
5 512
2 512
3 512
1 512
4 512
1 512
5 512
3 512
3 512
4 512
2 512
1 512
2 512
6 512
2 512
3 512
5 512
1 512
1 512
3 512
1 512
3 512
3 512
1 512
2 512
3 512
2 512
1 512
1 512
3 512
2 512
3 512
5 512
0 414
3 512
2 512
2 512
3 512
3 512
2 512
2 512
3 512
4 512
6 512
1 512
2 512
1 512
1 512
4 512
4 512
2 512
4 512
3 512
3 512
2 512
4 512
1 512
3 512
2 512
3 512
1 512
6 512
2 512
2 512
7 512
4 512
1 512
4 512
1 512
0 445
3 512
3 512
6 512
1 512
3 512
1 512
1 512
2 512
0 295
2 512
4 512
1 512
3 512
2 512
3 512
2 512
2 512
3 512
1 512
3 512
4 512
1 512
0 436
2 512
3 512
3 512
4 512
3 512
1 512
5 512
2 512
3 512
7 512
0 418
7 512
4 512
3 512
4 512
4 512
3 512
0 372
2 512
4 512
2 512
2 512
0 280
2 512
3 512
4 512
4 512
3 512
4 512
3 512
3 512
4 512
0 443
5 512
3 512
5 512
1 512
3 512
4 512
2 512
6 512
3 512
3 512
2 512
4 512
8 512
5 512
2 512
1 512
1 512
1 512
4 512
0 473
2 512
3 512
3 512
4 512
5 512
4 512
4 512
3 512
2 512
1 512
3 512
3 512
5 512
2 512
3 512
1 512
0 457
0 288
2 512
1 512
1 512
3 512
3 512
3 512
1 512
3 512
1 512
1 512
3 512
4 512
2 512
7 512
2 512
2 512
3 512
3 512
5 512
0 249
2 512
0 186
3 512
2 512
1 512
2 512
1 512
2 512
4 512
1 512
4 512
2 512
1 512
4 512
1 512
1 512
3 512
0 140
3 512
3 512
3 512
0 129
1 512
1 512
1 512
2 512
0 203
2 512
0 460
1 512
6 512
5 512
4 512
1 512
1 512
4 512
1 512
2 512
1 512
2 512
7 512
3 512
3 512
3 512
3 512
2 512
2 512
1 512
4 512
3 512
1 512
3 512
2 512
7 512
4 512
2 512
3 512
1 512
2 512
4 512
5 512
4 512
2 512
6 512
3 512
5 512
6 512
2 512
2 512
1 512
3 512
2 512
2 512
3 512
3 512
1 512
5 512
5 512
1 512
2 512
8 512
3 512
3 512
4 512
4 512
1 512
3 512
1 512
3 512
6 512
4 512
6 512
2 512
2 512
1 512
3 512
4 512
3 512
2 512
2 512
1 512
0 322
2 512
3 512
5 512
3 512
5 512
1 512
8 512
5 512
4 512
2 512
3 512
3 512
2 512
3 512
4 512
5 512
0 281
0 166
4 512
4 512
3 512
2 512
2 512
1 512
4 512
4 512
2 512
3 512
4 512
3 512
2 512
0 363
1 512
3 512
4 512
1 512
2 512
3 512
3 512
4 512
3 512
3 512
1 512
1 512
4 512
1 512
0 280
3 512
2 512
2 512
6 512
3 512
6 512
3 512
2 512
2 512
4 512
2 512
2 512
2 512
3 512
4 512
2 512
3 512
4 512
7 512
2 512
1 512
1 512
1 512
3 512
5 512
6 512
8 512
2 512
7 512
3 512
4 512
5 512
2 512
4 512
3 512
2 512
3 512
6 512
4 512
6 512
1 512
1 512
1 512
2 512
2 512
2 512
2 512
4 512
2 512
3 512
1 512
2 512
3 512
2 512
1 512
3 512
1 512
3 512
2 512
8 512
6 512
6 512
5 512
1 512
1 512
2 512
1 512
3 512
3 512
3 512
1 512
2 512
3 512
4 512
1 512
2 512
2 512
4 512
2 512
5 512
3 512
4 512
3 512
2 512
1 512
1 512
6 512
4 512
1 512
3 512
4 512
2 512
3 512
3 512
4 512
2 512
4 512
1 512
1 512
1 512
1 512
5 512
1 512
5 512
5 512
1 512
4 512
3 512
2 512
1 512
1 512
5 512
4 512
3 512
1 512
2 512
4 512
3 512
2 512
6 512
3 512
3 512
0 227
5 512
0 412
0 317
1 512
2 512
0 145
4 512
4 512
5 512
6 512
3 512
2 512
4 512
2 512
7 512
2 512
4 512
2 512
3 512
2 512
3 512
3 512
0 211
3 512
2 512
2 512
1 512
3 512
0 162
2 512
5 512
1 512
4 512
3 512
4 512
2 512
3 512
1 512
4 512
3 512
5 512
2 512
6 512
1 512
2 512
4 512
3 512
4 512
2 512
7 512
0 122
3 512
5 512
0 89
3 512
2 512
3 512
3 512
1 512
2 512
6 512
0 278
4 512
0 354
2 512
1 512
3 512
4 512
6 512
2 512
2 512
3 512
3 512
2 512
1 512
2 512
2 512
3 512
4 512
3 512
3 512
4 512
2 512
2 512
4 512
2 512
2 512
0 285
4 512
1 512
1 512
3 512
0 350
1 512
1 512
1 512
1 512
0 304
4 512
2 512
5 512
3 512
3 512
2 512
5 512
0 404
3 512
1 512
0 417
1 512
1 512
2 512
3 512
1 512
2 512
1 512
3 512
3 512
1 512
5 512
1 512
4 512
1 512
2 512
7 512
3 512
2 512
1 512
1 512
1 512
2 512
2 512
1 512
1 512
0 387
4 512
1 512
1 512
4 512
0 450
5 512
3 512
3 512
3 512
2 512
3 512
4 512
1 512
2 512
1 512
1 512
3 512
2 512
3 512
2 512
0 293
2 512
1 512
3 512
3 512
2 512
0 134
1 512
0 494
3 512
6 512
4 512
1 512
0 342
1 512
2 512
1 512
1 512
2 512
2 512
2 512
2 512
3 512
2 512
3 512
2 512
2 512
3 512
1 512
5 512
2 512
4 512
4 512
2 512
3 512
2 512
1 512
3 512
2 512
1 512
1 512
1 512
3 512
1 512
2 512
2 512
3 512
3 512
0 323
3 512
1 512
3 512
0 391
5 512
3 512
2 512
2 512
0 308
4 512
1 512
2 512
2 512
2 512
2 512
0 434
4 512
2 512
3 512
3 512
4 512
1 512
3 512
3 512
4 512
4 512
1 512
2 512
0 307
1 512
4 512
4 512
4 512
4 512
4 512
4 512
4 512
1 512
1 512
2 512
2 512
4 512
1 512
2 512
4 512
3 512
1 512
4 512
1 512
3 512
2 512
2 512
1 512
4 512
5 512
2 512
2 512
0 488
2 512
6 512
2 512
2 512
2 512
2 512
1 512
1 512
2 512
1 512
2 512
4 512
2 512
3 512
5 512
3 512
5 512
4 512
0 483
0 127
2 512
3 512
1 512
3 512
0 219
0 227
6 512
2 512
2 512
2 512
2 512
5 512
3 512
1 512
1 512
3 512
4 512
4 512
4 512
2 512
3 512
4 512
4 512
2 512
4 512
3 512
6 512
0 484
1 512
6 512
1 512
2 512
6 512
3 512
7 512
1 512
5 512
0 289
2 512
2 512
7 512
2 512
1 512
1 512
1 512
3 512
3 512
4 512
2 512
2 512
0 312
3 512
2 512
3 512
5 512
1 512
6 512
2 512
1 512
3 512
0 395
2 512
4 512
3 512
1 512
5 512
1 512
2 512
3 512
3 512
1 512
1 512
3 512
6 512
2 512
2 512
2 512
2 512
5 512
2 512
2 512
3 512
2 512
5 512
3 512
2 512
4 512
3 512
2 512
1 512
1 512
3 512
2 512
2 512
4 512
1 512
4 512
3 512
4 512
1 512
2 512
0 322
1 512
1 512
1 512
3 512
3 512
3 512
2 512
2 512
2 512
2 512
5 512
4 512
5 512
2 512
2 512
2 512
2 512
3 512
3 512
4 512
3 512
4 512
3 512
3 512
2 512
5 512
6 512
1 512
4 512
2 512
6 512
3 512
6 512
1 512
3 512
4 512
2 512
3 512
2 512
0 238
2 512
6 512
0 322
2 512
3 512
4 512
0 295
5 512
2 512
3 512
0 104
1 512
3 512
2 512
2 512
4 512
5 512
1 512
2 512
2 512
0 296
4 512
1 512
1 512
2 512
4 512
2 512
2 512
2 512
3 512
1 512
4 512
5 512
3 512
1 512
2 512
4 512
1 512
4 512
3 512
4 512
1 512
5 512
1 512
1 512
2 512
5 512
4 512
3 512
5 512
3 512
2 512
3 512
3 512
2 512
0 418
2 512
3 512
2 512
1 512
3 512
3 512
8 512
3 512
3 512
3 512
1 512
4 512
3 512
3 512
2 512
0 163
1 512
4 512
4 512
3 512
2 512
2 512
3 512
2 512
2 512
0 364
4 512
1 512
2 512
3 512
0 261
6 512
5 512
2 512
4 512
4 512
3 512
1 512
6 512
2 512
7 512
1 512
2 512
3 512
7 512
0 276
0 412
2 512
2 512
3 512
2 512
3 512
0 271
3 512
2 512
2 512
4 512
3 512
4 512
3 512
4 512
3 512
1 512
1 512
3 512
2 512
4 512
4 512
3 512
3 512
2 512
2 512
2 512
1 512
4 512
6 512
0 372
3 512
3 512
3 512
2 512
4 512
3 512
2 512
2 512
3 512
5 512
2 512
2 512
2 512
3 512
4 512
1 512
1 512
2 512
1 512
1 512
1 512
2 512
0 268
4 512
3 512
2 512
5 512
1 512
3 512
1 512
1 512
1 512
1 512
5 512
3 512
2 512
2 512
2 512
3 512
5 512
2 512
5 512
1 512
6 512
3 512
1 512
2 512
1 512
2 512
2 512
5 512
1 512
4 512
1 512
3 512
3 512
2 512
2 512
7 512
1 512
2 512
1 512
2 512
4 512
3 512
5 512
5 512
2 512
2 512
1 512
2 512
2 512
3 512
0 199
3 512
3 512
2 512
2 512
1 512
2 512
2 512
2 512
2 512
2 512
4 512
1 512
1 512
5 512
4 512
7 512
1 512
5 512
5 512
1 512
4 512
2 512
6 512
3 512
2 512
2 512
4 512
3 512
4 512
0 375
2 512
1 512
3 512
5 512
3 512
4 512
2 512
3 512
3 512
1 512
4 512
1 512
3 512
1 512
2 512
5 512
1 512
2 512
3 512
1 512
4 512
4 512
1 512
4 512
2 512
2 512
1 512
4 512
4 512
1 512
2 512
2 512
1 512
1 512
2 512
2 512
5 512
2 512
1 512
1 512
3 512
3 512
1 512
4 512
2 512
4 512
1 512
4 512
2 512
2 512
2 512
3 512
4 512
1 512
2 512
8 512
6 512
0 452
4 512
5 512
4 512
1 512
4 512
4 512
3 512
3 512
1 512
3 512
2 512
2 512
1 512
1 512
4 512
1 512
4 512
5 512
2 512
0 176
4 512
3 512
3 512
1 512
5 512
1 512
2 512
0 251
3 512
6 512
3 512
3 512
2 512
1 512
2 512
4 512
2 512
3 512
0 230
1 512
1 512
6 512
2 512
3 512
2 512
3 512
5 512
4 512
2 512
0 242
1 512
3 512
5 512
3 512
4 512
1 512
2 512
2 512
3 512
1 512
1 512
1 512
0 422
4 512
3 512
2 512
3 512
4 512
1 512
5 512
3 512
7 512
2 512
5 512
2 512
2 512
1 512
4 512
7 512
4 512
5 512
4 512
2 512
4 512
1 512
2 512
3 512
2 512
1 512
3 512
3 512
6 512
3 512
4 512
4 512
1 512
4 512
4 512
5 512
2 512
1 512
3 512
1 512
3 512
2 512
2 512
2 512
1 512
3 512
3 512
2 512
0 461
2 512
2 512
2 512
2 512
1 512
2 512
5 512
3 512
3 512
2 512
4 512
2 512
3 512
1 512
0 221
5 512
0 185
1 512
1 512
4 512
0 232
1 512
3 512
4 512
1 512
5 512
1 512
1 512
3 512
4 512
1 512
1 512
3 512
3 512
3 512
1 512
0 311
1 512
2 512
1 512
3 512
2 512
3 512
2 512
3 512
2 512
1 512
7 512
6 512
1 512
6 512
4 512
6 512
1 512
5 512
3 512
2 512
4 512
0 325
3 512
4 512
2 512
3 512
3 512
2 512
4 512
2 512
6 512
1 512
4 512
3 512
2 512
2 512
1 512
3 512
3 512
0 431
2 512
0 353
1 512
3 512
3 512
2 512
3 512
2 512
2 512
3 512
2 512
0 159
3 512
2 512
0 182
4 512
3 512
5 512
8 512
4 512
0 400
2 512
5 512
3 512
1 512
1 512
4 512
4 512
4 512
0 477
3 512
1 512
3 512
0 285
3 512
2 512
2 512
6 512
3 512
2 512
5 512
2 512
2 512
2 512
1 512
0 223
4 512
1 512
1 512
3 512
4 512
3 512
2 512
3 512
2 512
1 512
2 512
3 512
2 512
4 512
1 512
1 512
4 512
2 512
1 512
2 512
1 512
1 512
2 512
3 512
4 512
4 512
2 512
4 512
2 512
1 512
3 512
1 512
1 512
4 512
4 512
1 512
4 512
5 512
1 512
4 512
3 512
5 512
1 512
1 512
2 512
2 512
2 512
7 512
1 512
3 512
4 512
3 512
3 512
3 512
4 512
4 512
4 512
1 512
7 512
4 512
2 512
2 512
0 349
7 512
5 512
5 512
3 512
4 512
3 512
3 512
2 512
2 512
3 512
2 512
3 512
5 512
4 512
2 512
3 512
5 512
4 512
4 512
1 512
0 322
3 512
1 512
3 512
0 318
1 512
5 512
4 512
2 512
4 512
0 436
5 512
3 512
2 512
2 512
0 140
0 265
1 512
3 512
2 512
2 512
2 512
3 512
4 512
4 512
2 512
2 512
4 512
2 512
2 512
6 512
2 512
3 512
2 512
3 512
4 512
2 512
1 512
4 512
2 512
1 512
1 512
4 512
4 512
0 172
1 512
4 512
5 512
2 512
1 512
1 512
5 512
0 467
4 512
2 512
2 512
1 512
2 512
3 512
2 512
0 281
3 512
5 512
2 512
1 512
3 512
2 512
0 288
1 512
2 512
3 512
2 512
4 512
3 512
2 512
1 512
4 512
4 512
5 512
4 512
1 512
5 512
2 512
1 512
4 512
5 512
2 512
1 512
5 512
3 512
0 285
2 512
3 512
3 512
2 512
4 512
3 512
7 512
1 512
1 512
3 512
3 512
4 512
3 512
1 512
2 512
6 512
1 512
1 512
0 196
0 334
3 512
2 512
2 512
3 512
2 512
3 512
2 512
1 512
2 512
2 512
1 512
1 512
1 512
4 512
1 512
3 512
2 512
3 512
1 512
5 512
1 512
3 512
3 512
1 512
2 512
1 512
2 512
2 512
6 512
2 512
3 512
3 512
4 512
4 512
2 512
0 205
1 512
4 512
1 512
4 512
2 512
2 512
2 512
2 512
3 512
2 512
4 512
2 512
7 512
2 512
4 512
1 512
0 229
5 512
9 512
1 512
3 512
2 512
2 512
4 512
4 512
0 402
4 512
3 512
0 196
2 512
1 512
4 512
6 512
2 512
1 512
3 512
4 512
4 512
3 512
1 512
4 512
3 512
3 512
3 512
4 512
2 512
2 512
5 512
3 512
5 512
2 512
1 512
2 512
4 512
3 512
3 512
5 512
3 512
1 512
4 512
3 512
2 512
1 512
1 512
5 512
1 512
2 512
3 512
3 512
0 197
3 512
3 512
1 512
2 512
3 512
4 512
3 512
3 512
0 494
4 512
4 512
1 512
4 512
4 512
4 512
2 512
2 512
5 512
3 512
4 512
0 307
3 512
0 164
1 512
6 512
3 512
6 512
1 512
1 512
2 512
6 512
2 512
2 512
1 512
2 512
2 512
5 512
2 512
1 512
6 512
2 512
1 512
4 512
1 512
1 512
4 512
4 512
3 512
2 512
6 512
2 512
6 512
2 512
0 484
2 512
4 512
5 512
2 512
1 512
0 159
3 512
4 512
3 512
0 320
4 512
1 512
2 512
2 512
3 512
6 512
2 512
1 512
3 512
2 512
4 512
4 512
5 512
6 512
2 512
1 512
3 512
0 394
1 512
1 512
3 512
2 512
0 471
1 512
1 512
3 512
1 512
2 512
0 311
6 512
3 512
1 512
5 512
1 512
3 512
2 512
2 512
2 512
6 512
3 512
3 512
3 512
1 512
4 512
2 512
0 457
4 512
3 512
1 512
2 512
2 512
4 512
1 512
4 512
2 512
4 512
2 512
4 512
1 512
7 512
2 512
2 512
1 512
2 512
3 512
2 512
7 512
3 512
5 512
4 512
1 512
4 512
1 512
2 512
1 512
2 512
0 509
3 512
0 359
3 512
1 512
2 512
4 512
6 512
1 512
3 512
3 512
3 512
4 512
1 512
5 512
4 512
3 512
1 512
3 512
3 512
3 512
1 512
3 512
0 476
3 512
1 512
4 512
3 512
4 512
4 512
2 512
3 512
5 512
0 194
2 512
2 512
0 177
3 512
6 512
2 512
0 190
7 512
5 512
2 512
3 512
1 512
2 512
2 512
6 512
1 512
2 512
3 512
0 489
4 512
7 512
1 512
5 512
2 512
1 512
3 512
3 512
1 512
1 512
2 512
3 512
4 512
3 512
1 512
4 512
1 512
8 512
4 512
7 512
4 512
1 512
3 512
3 512
3 512
0 502
4 512
2 512
1 512
4 512
0 330
4 512
2 512
6 512
3 512
5 512
3 512
3 512
1 512
5 512
6 512
6 512
5 512
3 512
0 293
5 512
8 512
4 512
2 512
2 512
2 512
0 251
0 465
2 512
2 512
2 512
2 512
3 512
4 512
1 512
4 512
2 512
9 512
2 512
3 512
3 512
4 512
5 512
4 512
3 512
5 512
0 276
2 512
1 512
2 512
2 512
2 512
1 512
2 512
4 512
6 512
6 512
3 512
1 512
0 195
0 364
3 512
2 512
4 512
3 512
0 250
6 512
2 512
4 512
1 512
4 512
1 512
1 512
1 512
3 512
5 512
2 512
4 512
0 241
8 512
5 512
2 512
7 512
3 512
3 512
5 512
4 512
3 512
6 512
5 512
0 447
4 512
1 512
1 512
4 512
3 512
2 512
2 512
4 512
3 512
3 512
7 512
4 512
1 512
4 512
3 512
0 218
6 512
4 512
3 512
5 512
4 512
3 512
1 512
3 512
2 512
4 512
1 512
0 174
4 512
3 512
4 512
2 512
2 512
1 512
1 512
3 512
3 512
1 512
1 512
2 512
6 512
1 512
2 512
2 512
3 512
5 512
1 512
3 512
2 512
4 512
3 512
2 512
0 232
3 512
2 512
2 512
3 512
1 512
3 512
2 512
3 512
1 512
4 512
3 512
1 512
2 512
0 372
1 512
1 512
3 512
2 512
1 512
1 512
2 512
3 512
3 512
3 512
1 512
6 512
3 512
5 512
1 512
2 512
3 512
2 512
2 512
0 171
3 512
0 497
3 512
1 512
3 512
3 512
4 512
2 512
3 512
3 512
7 512
2 512
4 512
2 512
1 512
6 512
4 512
2 512
3 512
3 512
3 512
6 512
2 512
1 512
0 111
6 512
2 512
3 512
2 512
3 512
4 512
1 512
1 512
6 512
1 512
3 512
5 512
5 512
5 512
3 512
1 512
0 453
3 512
2 512
1 512
1 512
4 512
2 512
0 270
3 512
1 512
2 512
0 419
5 512
0 487
4 512
2 512
1 512
2 512
4 512
2 512
1 512
1 512
2 512
0 477
2 512
5 512
5 512
1 512
2 512
3 512
4 512
4 512
3 512
3 512
4 512
1 512
4 512
2 512
4 512
0 123
2 512
2 512
0 206
4 512
5 512
1 512
1 512
3 512
6 512
1 512
2 512
3 512
3 512
1 512
0 233
2 512
2 512
3 512
1 512
4 512
1 512
2 512
2 512
2 512
1 512
2 512
3 512
4 512
1 512
2 512
2 512
2 512
1 512
2 512
4 512
5 512
1 512
0 204
1 512
1 512
3 512
2 512
3 512
0 238
3 512
1 512
1 512
0 477
3 512
1 512
3 512
3 512
0 229
3 512
4 512
2 512
3 512
5 512
0 233
4 512
2 512
1 512
3 512
2 512
2 512
2 512
3 512
3 512
0 487
1 512
3 512
2 512
1 512
1 512
4 512
1 512
2 512
2 512
4 512
1 512
0 281
3 512
4 512
1 512
3 512
4 512
0 336
4 512
3 512
6 512
6 512
3 512
2 512
1 512
4 512
4 512
2 512
6 512
7 512
1 512
2 512
1 512
0 364
2 512
2 512
3 512
2 512
7 512
2 512
0 179
5 512
6 512
4 512
1 512
5 512
4 512
5 512
0 214
1 512
1 512
3 512
0 435
5 512
2 512
2 512
2 512
5 512
2 512
1 512
3 512
4 512
2 512
0 248
5 512
6 512
2 512
2 512
3 512
1 512
3 512
0 282
4 512
4 512
4 512
3 512
5 512
1 512
2 512
8 512
2 512
3 512
4 512
3 512
2 512
1 512
3 512
2 512
3 512
3 512
3 512
2 512
1 512
4 512
4 512
1 512
3 512
5 512
3 512
2 512
1 512
1 512
4 512
8 512
0 319
2 512
1 512
5 512
3 512
4 512
4 512
2 512
3 512
0 172
2 512
3 512
1 512
3 512
0 359
7 512
5 512
3 512
2 512
4 512
3 512
1 512
2 512
5 512
2 512
3 512
1 512
2 512
2 512
7 512
2 512
0 465
0 180
1 512
6 512
5 512
1 512
4 512
3 512
4 512
3 512
3 512
2 512
0 358
1 512
0 416
1 512
0 272
5 512
3 512
4 512
4 512
1 512
5 512
2 512
3 512
1 512
2 512
5 512
4 512
3 512
1 512
2 512
2 512
0 134
3 512
6 512
5 512
4 512
3 512
1 512
2 512
2 512
1 512
3 512
5 512
2 512
1 512
3 512
1 512
2 512
4 512
1 512
2 512
3 512
2 512
2 512
3 512
3 512
0 141
3 512
3 512
4 512
3 512
2 512
3 512
2 512
3 512
3 512
1 512
1 512
2 512
4 512
4 512
2 512
1 512
2 512
4 512
7 512
1 512
2 512
1 512
2 512
2 512
4 512
2 512
5 512
2 512
2 512
0 276
0 383
1 512
2 512
3 512
6 512
0 206
3 512
2 512
2 512
5 512
4 512
3 512
1 512
3 512
2 512
4 512
2 512
4 512
7 512
1 512
2 512
4 512
1 512
4 512
2 512
3 512
3 512
3 512
4 512
1 512
0 180
3 512
5 512
3 512
3 512
0 305
4 512
0 362
4 512
4 512
1 512
0 325
4 512
2 512
3 512
3 512
1 512
2 512
2 512
2 512
0 466
1 512
3 512
0 90
2 512
2 512
6 512
3 512
2 512
2 512
2 512
2 512
2 512
4 512
7 512
3 512
2 512
4 512
4 512
5 512
4 512
2 512
0 458
2 512
1 512
1 512
3 512
1 512
3 512
4 512
3 512
2 512
3 512
4 512
3 512
5 512
1 512
1 512
3 512
2 512
3 512
3 512
4 512
2 512
0 277
2 512
1 512
4 512
1 512
2 512
3 512
4 512
2 512
1 512
0 189
3 512
4 512
2 512
1 512
4 512
2 512
1 512
2 512
7 512
2 512
4 512
3 512
2 512
2 512
6 512
3 512
2 512
2 512
5 512
3 512
5 512
5 512
3 512
3 512
4 512
4 512
2 512
2 512
5 512
2 512
1 512
1 512
6 512
6 512
2 512
4 512
1 512
1 512
2 512
2 512
3 512
0 252
2 512
4 512
1 512
6 512
3 512
3 512
1 512
2 512
1 512
1 512
3 512
1 512
3 512
2 512
2 512
2 512
3 512
3 512
5 512
1 512
6 512
3 512
3 512
1 512
1 512
1 512
3 512
2 512
4 512
3 512
1 512
3 512
1 512
6 512
3 512
1 512
0 302
1 512
4 512
1 512
1 512
1 512
3 512
3 512
2 512
2 512
3 512
2 512
2 512
0 139
1 512
0 205
3 512
2 512
0 400
3 512
3 512
3 512
5 512
2 512
1 512
3 512
4 512
2 512
1 512
1 512
4 512
4 512
6 512
5 512
2 512
6 512
1 512
2 512
3 512
4 512
4 512
2 512
2 512
2 512
3 512
0 222
2 512
2 512
5 512
1 512
6 512
6 512
3 512
8 512
2 512
7 512
2 512
4 512
2 512
4 512
0 275
6 512
4 512
1 512
1 512
4 512
7 512
0 396
3 512
0 170
4 512
2 512
0 296
5 512
2 512
0 368
3 512
5 512
2 512
2 512
1 512
2 512
2 512
3 512
5 512
3 512
5 512
4 512
3 512
3 512
2 512
3 512
3 512
2 512
1 512
2 512
5 512
4 512
2 512
5 512
1 512
5 512
3 512
1 512
3 512
1 512
4 512
2 512
1 512
0 451
0 340
5 512
5 512
2 512
2 512
0 510
3 512
1 512
0 166
2 512
2 512
5 512
1 512
3 512
2 512
0 310
4 512
3 512
3 512
3 512
2 512
4 512
2 512
5 512
2 512
4 512
6 512
8 512
3 512
6 512
1 512
1 512
3 512
0 202
0 162
0 227
2 512
4 512
4 512
5 512
3 512
4 512
4 512
0 413
6 512
2 512
1 512
5 512
1 512
5 512
2 512
2 512
3 512
2 512
2 512
2 512
1 512
7 512
4 512
2 512
4 512
1 512
5 512
4 512
4 512
