# SA for random K-SAT
# K = 3   N = 2048   M = 8320   seed = 437569519
# alpha = 4.062500   nIter = 8192  Tmax = 0.200000
# 1:lowestUnsat  2:runTime
2 8192
2 8192
0 4911
1 8192
3 8192
0 2356
1 8192
2 8192
1 8192
2 8192
0 2434
3 8192
1 8192
1 8192
0 6199
2 8192
0 6880
2 8192
0 4628
1 8192
5 8192
3 8192
2 8192
2 8192
3 8192
0 4489
1 8192
2 8192
0 4396
1 8192
0 2348
1 8192
1 8192
1 8192
2 8192
2 8192
1 8192
0 1501
1 8192
1 8192
3 8192
0 2836
1 8192
0 3880
2 8192
2 8192
2 8192
3 8192
0 5659
1 8192
0 3269
1 8192
0 6280
2 8192
3 8192
1 8192
0 4214
2 8192
4 8192
4 8192
1 8192
1 8192
2 8192
2 8192
3 8192
1 8192
3 8192
2 8192
0 2522
1 8192
2 8192
0 2120
0 2005
1 8192
1 8192
0 6715
2 8192
1 8192
1 8192
1 8192
1 8192
0 6769
1 8192
1 8192
3 8192
0 3677
1 8192
1 8192
2 8192
0 1981
3 8192
1 8192
3 8192
0 2351
0 2630
1 8192
1 8192
2 8192
0 3170
0 3354
2 8192
0 6970
3 8192
1 8192
1 8192
0 2271
0 2592
1 8192
1 8192
2 8192
0 2532
0 2916
2 8192
1 8192
0 6771
2 8192
2 8192
0 2924
2 8192
0 2817
3 8192
0 2372
0 7093
1 8192
1 8192
1 8192
2 8192
2 8192
1 8192
4 8192
1 8192
1 8192
0 5005
2 8192
1 8192
0 4165
0 4278
0 2428
1 8192
2 8192
1 8192
2 8192
4 8192
0 2932
1 8192
0 3751
4 8192
2 8192
1 8192
3 8192
0 3391
1 8192
1 8192
1 8192
0 6312
1 8192
2 8192
2 8192
3 8192
3 8192
0 4491
1 8192
1 8192
1 8192
1 8192
0 2147
0 2931
2 8192
0 5854
1 8192
2 8192
1 8192
2 8192
0 2152
4 8192
2 8192
2 8192
1 8192
2 8192
1 8192
6 8192
4 8192
3 8192
0 3796
1 8192
1 8192
1 8192
0 3256
2 8192
0 2796
1 8192
1 8192
2 8192
3 8192
1 8192
3 8192
0 1212
1 8192
1 8192
2 8192
2 8192
1 8192
3 8192
1 8192
1 8192
2 8192
1 8192
2 8192
0 5081
1 8192
0 7255
3 8192
0 5457
1 8192
0 3637
2 8192
2 8192
3 8192
2 8192
1 8192
2 8192
3 8192
4 8192
2 8192
0 4783
3 8192
0 3382
1 8192
1 8192
0 2578
3 8192
5 8192
0 2020
1 8192
0 2385
2 8192
0 6317
1 8192
1 8192
3 8192
4 8192
4 8192
1 8192
1 8192
3 8192
2 8192
1 8192
2 8192
2 8192
2 8192
3 8192
1 8192
0 2212
2 8192
4 8192
1 8192
0 2730
0 5242
0 2395
0 4120
0 2066
1 8192
2 8192
1 8192
5 8192
1 8192
1 8192
2 8192
0 4112
2 8192
4 8192
3 8192
1 8192
0 6630
3 8192
0 5419
0 2081
1 8192
2 8192
1 8192
0 4842
0 4735
0 4743
1 8192
4 8192
1 8192
0 5398
1 8192
1 8192
4 8192
0 2633
0 2484
0 4026
3 8192
0 2100
4 8192
2 8192
0 1706
1 8192
4 8192
0 2205
4 8192
4 8192
0 2456
0 3448
0 2146
0 2403
1 8192
1 8192
4 8192
0 7639
0 4413
2 8192
1 8192
1 8192
0 2745
0 5138
4 8192
1 8192
4 8192
2 8192
1 8192
3 8192
0 6378
1 8192
1 8192
0 6508
2 8192
0 6602
1 8192
4 8192
4 8192
0 3386
3 8192
2 8192
2 8192
2 8192
1 8192
0 5698
5 8192
0 2223
1 8192
1 8192
0 3327
2 8192
0 5134
0 3422
0 3342
1 8192
6 8192
1 8192
1 8192
1 8192
2 8192
0 5715
2 8192
1 8192
0 2946
1 8192
3 8192
0 3987
4 8192
3 8192
2 8192
2 8192
0 4106
1 8192
3 8192
3 8192
1 8192
1 8192
1 8192
1 8192
3 8192
0 7432
1 8192
0 2996
1 8192
2 8192
1 8192
1 8192
0 5940
0 3798
0 1380
2 8192
0 5289
2 8192
1 8192
1 8192
0 7581
1 8192
1 8192
1 8192
1 8192
0 7498
3 8192
1 8192
2 8192
0 1301
0 3662
0 6321
2 8192
3 8192
0 5705
0 2114
0 2724
2 8192
0 3256
0 6146
0 4973
1 8192
1 8192
0 4999
0 921
0 5025
0 3933
2 8192
2 8192
3 8192
4 8192
0 2607
0 3147
3 8192
2 8192
1 8192
0 1992
0 6625
1 8192
2 8192
1 8192
1 8192
0 1353
1 8192
2 8192
0 7278
5 8192
1 8192
0 2263
3 8192
0 3776
1 8192
1 8192
1 8192
0 2880
1 8192
0 4817
0 5690
1 8192
0 4230
2 8192
1 8192
1 8192
2 8192
3 8192
2 8192
2 8192
0 2672
0 3356
0 2633
0 6097
0 2587
2 8192
2 8192
1 8192
4 8192
1 8192
0 1734
1 8192
0 2502
4 8192
2 8192
3 8192
1 8192
1 8192
2 8192
1 8192
0 7218
0 5215
1 8192
3 8192
1 8192
0 2948
1 8192
1 8192
1 8192
1 8192
3 8192
3 8192
2 8192
0 3058
3 8192
0 2362
3 8192
4 8192
1 8192
2 8192
1 8192
1 8192
2 8192
0 1598
0 3752
0 1720
1 8192
2 8192
1 8192
2 8192
1 8192
2 8192
0 3277
0 4098
4 8192
2 8192
2 8192
3 8192
2 8192
1 8192
0 6982
1 8192
1 8192
0 2007
0 6609
0 2929
2 8192
2 8192
3 8192
0 3518
0 2488
0 3675
1 8192
0 3922
0 5252
3 8192
3 8192
2 8192
2 8192
1 8192
3 8192
1 8192
3 8192
1 8192
1 8192
3 8192
1 8192
1 8192
1 8192
2 8192
2 8192
0 3866
1 8192
0 2546
0 4273
7 8192
4 8192
2 8192
2 8192
2 8192
1 8192
2 8192
2 8192
1 8192
5 8192
1 8192
0 7584
0 4603
0 5507
1 8192
0 1777
2 8192
1 8192
2 8192
2 8192
1 8192
0 5765
0 5962
3 8192
2 8192
0 3148
4 8192
1 8192
2 8192
2 8192
2 8192
5 8192
0 2817
0 2792
1 8192
2 8192
0 3997
0 5178
1 8192
0 3550
1 8192
4 8192
3 8192
0 7046
0 7742
1 8192
0 3041
1 8192
1 8192
1 8192
1 8192
4 8192
3 8192
7 8192
2 8192
1 8192
0 3599
1 8192
3 8192
1 8192
4 8192
0 1976
1 8192
0 5521
3 8192
0 2931
0 4229
1 8192
1 8192
2 8192
0 3579
1 8192
1 8192
0 2033
1 8192
2 8192
0 2551
0 3761
1 8192
1 8192
1 8192
1 8192
2 8192
4 8192
0 3141
3 8192
2 8192
2 8192
3 8192
1 8192
2 8192
2 8192
0 1801
1 8192
3 8192
0 3207
0 3127
4 8192
2 8192
4 8192
0 1903
1 8192
2 8192
1 8192
2 8192
0 1517
0 2165
2 8192
1 8192
3 8192
1 8192
0 3837
0 5025
1 8192
2 8192
1 8192
0 2754
4 8192
2 8192
0 3948
1 8192
0 6291
2 8192
2 8192
0 2491
3 8192
1 8192
0 2808
1 8192
0 1900
2 8192
3 8192
2 8192
1 8192
1 8192
3 8192
0 3720
2 8192
1 8192
0 3639
0 2217
0 1665
3 8192
1 8192
2 8192
2 8192
1 8192
3 8192
1 8192
1 8192
4 8192
2 8192
0 2993
0 8094
1 8192
0 1961
1 8192
0 3334
1 8192
1 8192
2 8192
3 8192
0 3891
2 8192
3 8192
0 4430
1 8192
0 3212
2 8192
1 8192
0 4562
0 2231
1 8192
1 8192
2 8192
0 1575
0 1196
1 8192
0 3912
2 8192
2 8192
1 8192
1 8192
1 8192
3 8192
1 8192
1 8192
0 2650
0 4543
1 8192
3 8192
0 6210
1 8192
2 8192
1 8192
1 8192
0 5891
2 8192
0 6447
1 8192
0 7745
0 3305
1 8192
0 3596
0 6016
1 8192
1 8192
0 6221
2 8192
0 5251
2 8192
2 8192
1 8192
1 8192
0 7466
0 2568
2 8192
5 8192
2 8192
1 8192
0 2234
3 8192
0 1964
0 2512
1 8192
2 8192
1 8192
1 8192
0 8077
0 3205
1 8192
1 8192
2 8192
2 8192
0 2720
2 8192
2 8192
2 8192
0 2850
1 8192
0 4555
1 8192
0 3886
1 8192
3 8192
3 8192
2 8192
3 8192
1 8192
2 8192
3 8192
2 8192
0 2762
0 3566
2 8192
1 8192
1 8192
0 2813
0 2261
1 8192
1 8192
3 8192
0 2284
2 8192
2 8192
0 3278
2 8192
0 4037
4 8192
5 8192
0 3640
1 8192
1 8192
0 1788
1 8192
0 2999
1 8192
2 8192
1 8192
1 8192
0 6908
0 2546
1 8192
2 8192
0 4935
0 5283
1 8192
1 8192
1 8192
1 8192
0 6511
1 8192
0 7071
0 5406
0 8013
0 2435
0 2786
4 8192
0 7812
0 3734
1 8192
1 8192
0 3589
1 8192
1 8192
1 8192
1 8192
3 8192
2 8192
2 8192
1 8192
1 8192
2 8192
1 8192
1 8192
2 8192
2 8192
2 8192
3 8192
0 1729
1 8192
1 8192
0 5367
1 8192
0 3163
0 3722
3 8192
1 8192
1 8192
0 3225
0 5673
3 8192
1 8192
1 8192
0 1383
2 8192
2 8192
1 8192
2 8192
2 8192
0 4592
1 8192
1 8192
1 8192
1 8192
0 3767
2 8192
2 8192
2 8192
3 8192
1 8192
0 3327
0 2735
0 3219
1 8192
0 3777
0 5912
0 3930
1 8192
0 3640
0 7543
1 8192
2 8192
1 8192
1 8192
1 8192
1 8192
1 8192
3 8192
2 8192
1 8192
1 8192
1 8192
2 8192
1 8192
1 8192
0 5752
0 2756
0 4541
1 8192
1 8192
1 8192
1 8192
2 8192
2 8192
1 8192
1 8192
0 2845
2 8192
0 5127
0 4460
1 8192
6 8192
1 8192
4 8192
0 4220
1 8192
1 8192
0 5580
3 8192
2 8192
1 8192
6 8192
0 4877
1 8192
1 8192
1 8192
0 2331
1 8192
1 8192
3 8192
1 8192
2 8192
3 8192
0 3710
0 1973
2 8192
5 8192
3 8192
1 8192
1 8192
2 8192
0 5656
1 8192
1 8192
2 8192
0 4796
0 8068
1 8192
1 8192
2 8192
2 8192
3 8192
1 8192
4 8192
2 8192
2 8192
2 8192
0 5961
2 8192
1 8192
3 8192
0 2253
3 8192
2 8192
4 8192
1 8192
0 5080
0 2206
0 4339
0 6274
2 8192
1 8192
0 5836
2 8192
2 8192
2 8192
0 1902
1 8192
1 8192
1 8192
1 8192
0 3418
1 8192
1 8192
0 2191
0 3436
1 8192
0 2517
0 3085
0 7827
1 8192
0 3179
0 5820
4 8192
0 7294
3 8192
2 8192
4 8192
3 8192
2 8192
1 8192
3 8192
4 8192
5 8192
1 8192
1 8192
2 8192
1 8192
1 8192
0 1711
0 5006
3 8192
0 5117
2 8192
5 8192
1 8192
4 8192
0 5041
1 8192
0 4799
4 8192
2 8192
1 8192
1 8192
0 2593
1 8192
0 5081
1 8192
2 8192
2 8192
2 8192
1 8192
4 8192
0 3934
2 8192
2 8192
1 8192
1 8192
0 6217
0 2931
0 7298
0 7216
1 8192
3 8192
3 8192
1 8192
0 4047
1 8192
1 8192
1 8192
1 8192
1 8192
3 8192
3 8192
3 8192
2 8192
0 1965
2 8192
0 1683
0 4408
1 8192
4 8192
0 3867
2 8192
0 1605
0 7601
2 8192
1 8192
1 8192
1 8192
2 8192
2 8192
1 8192
4 8192
2 8192
0 4135
1 8192
2 8192
0 1902
0 2882
4 8192
0 3184
1 8192
1 8192
3 8192
1 8192
1 8192
1 8192
2 8192
0 1856
1 8192
0 3746
0 4269
2 8192
3 8192
4 8192
2 8192
0 4111
3 8192
2 8192
0 4033
2 8192
2 8192
0 2871
0 3822
0 4846
2 8192
1 8192
2 8192
2 8192
1 8192
2 8192
2 8192
1 8192
1 8192
1 8192
1 8192
3 8192
4 8192
3 8192
1 8192
2 8192
1 8192
2 8192
1 8192
1 8192
1 8192
2 8192
1 8192
2 8192
2 8192
0 2940
2 8192
1 8192
2 8192
1 8192
2 8192
2 8192
2 8192
2 8192
4 8192
0 3063
2 8192
2 8192
0 5876
1 8192
1 8192
5 8192
1 8192
0 7481
0 3133
2 8192
0 6514
2 8192
0 7746
1 8192
1 8192
2 8192
0 5773
2 8192
1 8192
2 8192
1 8192
1 8192
1 8192
0 3120
2 8192
3 8192
4 8192
2 8192
2 8192
1 8192
1 8192
1 8192
1 8192
1 8192
2 8192
0 4397
1 8192
0 8119
1 8192
0 2494
0 4433
0 2634
1 8192
3 8192
1 8192
0 6269
1 8192
2 8192
0 5327
0 4408
2 8192
1 8192
1 8192
1 8192
3 8192
3 8192
8 8192
2 8192
1 8192
1 8192
3 8192
0 7116
1 8192
1 8192
0 6186
0 1554
3 8192
0 3099
2 8192
2 8192
1 8192
0 3250
2 8192
0 4786
3 8192
1 8192
2 8192
1 8192
3 8192
0 7261
5 8192
0 3713
2 8192
1 8192
0 2204
2 8192
0 4218
0 6572
2 8192
0 2021
0 4230
2 8192
1 8192
0 7357
1 8192
0 2304
1 8192
4 8192
1 8192
0 2833
1 8192
0 4976
1 8192
0 3218
0 2995
1 8192
1 8192
1 8192
1 8192
1 8192
1 8192
0 7946
0 5531
0 2949
0 3269
1 8192
2 8192
2 8192
0 7776
2 8192
2 8192
2 8192
1 8192
3 8192
1 8192
0 2416
2 8192
3 8192
0 1949
1 8192
2 8192
1 8192
2 8192
2 8192
1 8192
5 8192
0 6500
0 5256
5 8192
2 8192
2 8192
4 8192
1 8192
2 8192
1 8192
2 8192
1 8192
0 2283
2 8192
1 8192
0 4907
1 8192
3 8192
0 3086
1 8192
1 8192
0 4070
0 2394
0 3309
2 8192
1 8192
3 8192
0 3929
0 5635
2 8192
0 3175
5 8192
0 2390
0 1848
2 8192
0 7281
0 5408
1 8192
0 1702
3 8192
0 2367
2 8192
1 8192
0 4416
0 2288
0 2482
0 3856
1 8192
0 2625
2 8192
2 8192
3 8192
0 5006
2 8192
2 8192
2 8192
1 8192
0 5824
1 8192
2 8192
5 8192
2 8192
0 3241
0 1943
2 8192
1 8192
2 8192
1 8192
1 8192
2 8192
2 8192
3 8192
2 8192
0 4024
2 8192
0 3847
3 8192
0 1724
2 8192
1 8192
1 8192
5 8192
2 8192
1 8192
0 4058
0 5144
1 8192
2 8192
5 8192
1 8192
1 8192
0 5522
0 1626
1 8192
2 8192
1 8192
0 1901
3 8192
4 8192
0 2347
3 8192
2 8192
2 8192
1 8192
0 6558
3 8192
3 8192
0 3121
1 8192
1 8192
2 8192
1 8192
0 2805
1 8192
2 8192
2 8192
0 7666
0 3154
0 3509
0 2872
2 8192
1 8192
1 8192
0 3840
3 8192
2 8192
3 8192
3 8192
1 8192
0 1756
5 8192
2 8192
1 8192
2 8192
2 8192
1 8192
2 8192
0 5122
2 8192
0 4450
1 8192
1 8192
3 8192
4 8192
1 8192
1 8192
0 4452
2 8192
3 8192
2 8192
1 8192
0 2967
2 8192
2 8192
1 8192
1 8192
2 8192
0 3214
1 8192
0 1876
0 2269
1 8192
0 2819
1 8192
2 8192
2 8192
0 3693
1 8192
2 8192
0 4325
2 8192
3 8192
1 8192
0 2058
2 8192
3 8192
1 8192
2 8192
3 8192
4 8192
1 8192
1 8192
0 3370
1 8192
1 8192
1 8192
0 3011
1 8192
2 8192
3 8192
0 3386
1 8192
2 8192
1 8192
0 4912
1 8192
4 8192
2 8192
1 8192
5 8192
2 8192
1 8192
3 8192
1 8192
1 8192
0 5575
3 8192
1 8192
2 8192
2 8192
2 8192
0 5709
0 6478
1 8192
1 8192
4 8192
1 8192
3 8192
2 8192
1 8192
0 1330
1 8192
3 8192
1 8192
0 4250
1 8192
1 8192
3 8192
2 8192
2 8192
1 8192
0 5151
0 2989
1 8192
1 8192
0 3839
1 8192
0 4335
1 8192
4 8192
0 5842
1 8192
0 3379
4 8192
0 7723
4 8192
3 8192
0 3353
1 8192
0 2049
1 8192
1 8192
3 8192
2 8192
2 8192
1 8192
1 8192
0 1556
1 8192
0 6045
0 2425
2 8192
1 8192
3 8192
1 8192
1 8192
4 8192
0 4205
2 8192
2 8192
0 4070
1 8192
2 8192
3 8192
0 3233
1 8192
0 1936
0 4455
2 8192
0 6789
0 2702
0 2783
2 8192
6 8192
0 2261
5 8192
0 6151
1 8192
0 5053
1 8192
3 8192
0 1330
3 8192
0 2776
1 8192
0 2857
0 3416
2 8192
1 8192
1 8192
3 8192
0 4345
0 2231
1 8192
2 8192
3 8192
2 8192
2 8192
2 8192
0 3016
2 8192
2 8192
1 8192
0 2164
1 8192
3 8192
2 8192
0 3030
3 8192
1 8192
0 1498
0 2126
1 8192
0 3748
2 8192
3 8192
1 8192
2 8192
0 2546
1 8192
1 8192
2 8192
3 8192
0 3071
1 8192
3 8192
0 2022
1 8192
0 7346
0 4555
2 8192
2 8192
2 8192
1 8192
2 8192
3 8192
0 3540
1 8192
0 2976
2 8192
1 8192
3 8192
2 8192
2 8192
0 2367
2 8192
3 8192
1 8192
0 3289
1 8192
2 8192
1 8192
6 8192
0 3444
1 8192
2 8192
1 8192
2 8192
0 4384
0 2785
2 8192
2 8192
0 2251
1 8192
1 8192
2 8192
1 8192
2 8192
3 8192
2 8192
1 8192
2 8192
0 2895
1 8192
1 8192
3 8192
0 8135
2 8192
4 8192
1 8192
4 8192
0 5096
1 8192
3 8192
2 8192
0 3765
2 8192
2 8192
2 8192
0 4016
0 3137
0 4062
3 8192
2 8192
1 8192
2 8192
2 8192
2 8192
4 8192
0 5075
0 2373
1 8192
1 8192
1 8192
0 4446
1 8192
2 8192
1 8192
2 8192
1 8192
0 3429
1 8192
2 8192
0 2672
1 8192
2 8192
1 8192
0 3155
0 5187
2 8192
1 8192
0 3490
1 8192
1 8192
1 8192
0 4298
2 8192
0 1757
0 2879
3 8192
2 8192
2 8192
1 8192
1 8192
1 8192
1 8192
0 4245
2 8192
1 8192
1 8192
2 8192
3 8192
0 2524
2 8192
2 8192
2 8192
0 6088
2 8192
2 8192
4 8192
1 8192
1 8192
1 8192
0 3128
2 8192
1 8192
1 8192
5 8192
3 8192
0 4326
0 2736
0 4791
1 8192
0 2829
2 8192
1 8192
1 8192
1 8192
5 8192
1 8192
1 8192
0 3119
1 8192
3 8192
0 1639
2 8192
2 8192
3 8192
0 2557
0 6409
2 8192
1 8192
1 8192
1 8192
1 8192
2 8192
2 8192
1 8192
1 8192
0 4800
0 2022
2 8192
0 4653
1 8192
2 8192
1 8192
2 8192
1 8192
0 3802
3 8192
0 7499
3 8192
3 8192
3 8192
1 8192
1 8192
2 8192
3 8192
1 8192
2 8192
0 5670
1 8192
2 8192
5 8192
0 5788
0 2897
1 8192
1 8192
2 8192
0 2972
3 8192
3 8192
3 8192
1 8192
3 8192
2 8192
0 3873
1 8192
2 8192
1 8192
0 2873
2 8192
1 8192
0 5491
1 8192
0 6886
1 8192
0 3309
1 8192
2 8192
3 8192
2 8192
0 3842
0 2572
1 8192
0 1408
1 8192
3 8192
0 2259
1 8192
1 8192
3 8192
0 1803
3 8192
1 8192
1 8192
1 8192
1 8192
5 8192
0 3266
1 8192
1 8192
1 8192
0 7683
1 8192
0 7279
1 8192
1 8192
3 8192
0 7105
1 8192
1 8192
2 8192
0 4049
1 8192
2 8192
2 8192
1 8192
2 8192
2 8192
2 8192
3 8192
3 8192
1 8192
0 3144
4 8192
1 8192
0 2058
1 8192
0 2862
3 8192
2 8192
1 8192
1 8192
0 1894
0 2909
1 8192
0 6214
1 8192
1 8192
3 8192
1 8192
2 8192
0 2493
3 8192
0 2759
0 4577
1 8192
0 7547
1 8192
1 8192
1 8192
0 3039
0 7916
2 8192
3 8192
1 8192
0 2010
3 8192
1 8192
1 8192
3 8192
2 8192
1 8192
0 4866
0 6618
0 4752
2 8192
0 2363
0 6031
1 8192
2 8192
4 8192
1 8192
1 8192
2 8192
1 8192
1 8192
2 8192
3 8192
0 7966
0 4226
0 6463
1 8192
1 8192
1 8192
3 8192
1 8192
1 8192
1 8192
0 3176
1 8192
1 8192
0 6278
3 8192
0 3376
1 8192
4 8192
1 8192
2 8192
3 8192
0 3198
2 8192
2 8192
1 8192
1 8192
0 3589
0 4864
2 8192
0 2674
1 8192
3 8192
0 2201
1 8192
2 8192
1 8192
1 8192
1 8192
0 4719
1 8192
1 8192
0 2473
0 4849
0 2071
6 8192
1 8192
2 8192
2 8192
1 8192
2 8192
0 4461
2 8192
1 8192
3 8192
1 8192
5 8192
1 8192
3 8192
0 3151
2 8192
1 8192
1 8192
1 8192
0 3509
2 8192
3 8192
0 3702
1 8192
4 8192
3 8192
1 8192
1 8192
2 8192
2 8192
0 5994
0 2046
0 3967
0 2922
1 8192
1 8192
0 2785
1 8192
1 8192
1 8192
1 8192
1 8192
0 5519
4 8192
0 1908
1 8192
4 8192
6 8192
1 8192
1 8192
0 7980
1 8192
1 8192
2 8192
0 6618
1 8192
3 8192
5 8192
0 1873
4 8192
0 1864
2 8192
1 8192
0 4071
1 8192
1 8192
2 8192
2 8192
2 8192
2 8192
2 8192
2 8192
1 8192
0 1629
1 8192
4 8192
5 8192
0 5633
1 8192
1 8192
3 8192
2 8192
4 8192
0 7497
0 5973
1 8192
0 5134
1 8192
2 8192
3 8192
0 6946
0 2975
0 3423
1 8192
3 8192
1 8192
3 8192
1 8192
1 8192
2 8192
1 8192
2 8192
1 8192
0 3014
1 8192
1 8192
4 8192
1 8192
1 8192
2 8192
0 2732
3 8192
2 8192
1 8192
3 8192
0 2497
3 8192
3 8192
0 6706
0 5558
2 8192
2 8192
0 1706
2 8192
1 8192
0 7888
1 8192
0 2819
5 8192
0 3148
0 4114
2 8192
2 8192
0 7716
3 8192
0 2268
1 8192
0 3881
2 8192
1 8192
1 8192
2 8192
4 8192
2 8192
0 6122
1 8192
1 8192
1 8192
1 8192
4 8192
0 4243
1 8192
2 8192
2 8192
2 8192
3 8192
1 8192
0 7310
2 8192
1 8192
0 4902
3 8192
7 8192
1 8192
1 8192
1 8192
2 8192
5 8192
0 5179
2 8192
0 2739
2 8192
1 8192
1 8192
1 8192
1 8192
2 8192
1 8192
5 8192
1 8192
5 8192
0 6778
3 8192
0 5554
0 5170
1 8192
2 8192
0 3596
0 7175
0 4859
0 2132
1 8192
0 2900
0 4755
1 8192
0 6216
0 3557
2 8192
2 8192
2 8192
1 8192
4 8192
1 8192
1 8192
1 8192
1 8192
2 8192
2 8192
2 8192
1 8192
1 8192
2 8192
2 8192
1 8192
1 8192
3 8192
2 8192
1 8192
0 4901
1 8192
0 2960
1 8192
1 8192
3 8192
1 8192
1 8192
2 8192
1 8192
0 1667
1 8192
2 8192
1 8192
3 8192
1 8192
0 2971
2 8192
0 5187
2 8192
3 8192
0 4146
0 3769
4 8192
2 8192
0 7169
2 8192
2 8192
3 8192
0 1898
2 8192
2 8192
1 8192
1 8192
3 8192
2 8192
2 8192
5 8192
5 8192
0 7268
1 8192
1 8192
1 8192
0 6962
1 8192
2 8192
0 1971
0 2078
3 8192
0 2543
3 8192
3 8192
1 8192
1 8192
0 5601
2 8192
0 3927
2 8192
3 8192
1 8192
2 8192
1 8192
1 8192
0 4648
0 2380
5 8192
1 8192
4 8192
3 8192
0 1972
3 8192
2 8192
1 8192
4 8192
0 2291
1 8192
3 8192
3 8192
3 8192
1 8192
1 8192
0 4000
2 8192
2 8192
3 8192
0 4543
1 8192
1 8192
0 3883
0 3479
2 8192
1 8192
2 8192
0 4508
0 2300
1 8192
0 5853
0 6470
1 8192
0 5256
1 8192
0 4387
2 8192
2 8192
0 2133
3 8192
0 5813
2 8192
1 8192
2 8192
2 8192
0 2373
0 3352
0 7629
0 5773
1 8192
2 8192
0 3508
0 3050
4 8192
0 3320
0 2082
2 8192
2 8192
0 7652
3 8192
2 8192
2 8192
1 8192
1 8192
0 1944
1 8192
2 8192
1 8192
0 3124
0 2153
1 8192
0 4303
0 4113
1 8192
2 8192
0 1769
0 5368
0 7266
0 6098
0 4031
0 3476
0 3799
5 8192
2 8192
0 3249
0 5241
1 8192
2 8192
1 8192
0 4987
1 8192
0 1616
0 3014
3 8192
1 8192
1 8192
1 8192
4 8192
0 3043
4 8192
0 2485
0 3916
4 8192
1 8192
1 8192
3 8192
0 4218
4 8192
0 5005
0 4395
3 8192
3 8192
2 8192
1 8192
1 8192
1 8192
1 8192
3 8192
4 8192
0 3335
1 8192
5 8192
3 8192
2 8192
1 8192
2 8192
3 8192
0 2600
1 8192
0 2269
2 8192
3 8192
1 8192
1 8192
2 8192
0 3894
3 8192
0 2360
3 8192
5 8192
1 8192
0 4741
1 8192
2 8192
2 8192
2 8192
1 8192
0 6325
0 5332
0 799
1 8192
0 3972
0 2891
2 8192
0 4158
1 8192
3 8192
0 6070
1 8192
2 8192
0 7974
2 8192
0 7016
0 2611
4 8192
0 2055
1 8192
0 4406
0 3709
3 8192
0 5071
1 8192
3 8192
3 8192
0 4008
1 8192
2 8192
0 2961
2 8192
0 6984
2 8192
1 8192
1 8192
3 8192
1 8192
1 8192
0 2650
0 2924
1 8192
0 1909
0 2235
1 8192
0 1812
1 8192
1 8192
3 8192
1 8192
0 2358
0 1998
2 8192
0 3805
0 4965
4 8192
2 8192
1 8192
3 8192
1 8192
0 3481
3 8192
0 6712
0 8176
2 8192
0 2040
2 8192
0 7009
1 8192
1 8192
3 8192
1 8192
3 8192
0 2461
2 8192
1 8192
1 8192
0 5628
1 8192
0 2641
0 2658
3 8192
0 7120
1 8192
2 8192
1 8192
1 8192
0 3917
0 6830
1 8192
0 8058
1 8192
0 5385
1 8192
0 2258
1 8192
2 8192
1 8192
1 8192
5 8192
3 8192
0 4121
1 8192
0 2253
0 2720
1 8192
1 8192
1 8192
1 8192
1 8192
3 8192
1 8192
0 4799
2 8192
0 2816
0 5855
1 8192
2 8192
2 8192
1 8192
3 8192
3 8192
0 5208
0 4550
2 8192
2 8192
3 8192
0 4126
0 7955
1 8192
1 8192
1 8192
3 8192
2 8192
1 8192
1 8192
1 8192
0 4215
2 8192
2 8192
1 8192
1 8192
2 8192
0 3268
2 8192
1 8192
2 8192
3 8192
1 8192
1 8192
1 8192
1 8192
1 8192
2 8192
1 8192
1 8192
0 1742
1 8192
0 1789
1 8192
5 8192
2 8192
0 2647
1 8192
0 1592
0 2426
1 8192
2 8192
1 8192
0 3675
0 3005
1 8192
1 8192
0 2422
0 2548
2 8192
0 4631
3 8192
1 8192
0 2099
0 2295
1 8192
2 8192
4 8192
1 8192
2 8192
2 8192
3 8192
0 6982
4 8192
2 8192
0 7230
0 4633
1 8192
1 8192
0 2010
1 8192
2 8192
2 8192
4 8192
5 8192
1 8192
1 8192
0 3265
0 2822
3 8192
1 8192
2 8192
3 8192
1 8192
2 8192
0 6032
1 8192
1 8192
0 1952
0 3093
3 8192
2 8192
0 6803
0 2065
0 3867
3 8192
2 8192
2 8192
2 8192
1 8192
1 8192
0 3713
0 2462
0 4984
3 8192
0 1647
2 8192
4 8192
0 2758
2 8192
0 7300
0 1949
2 8192
2 8192
1 8192
1 8192
3 8192
0 2002
2 8192
1 8192
1 8192
0 4300
2 8192
2 8192
0 7266
1 8192
2 8192
3 8192
0 4025
1 8192
2 8192
0 3625
0 2749
4 8192
3 8192
0 4093
0 2798
2 8192
2 8192
0 3883
2 8192
1 8192
0 4907
2 8192
3 8192
0 2495
0 3830
0 3869
1 8192
1 8192
0 1669
2 8192
3 8192
3 8192
2 8192
2 8192
1 8192
0 5536
2 8192
1 8192
3 8192
1 8192
2 8192
0 2319
1 8192
1 8192
1 8192
1 8192
1 8192
3 8192
2 8192
1 8192
1 8192
0 3630
0 1830
0 6330
1 8192
0 2861
0 7289
2 8192
1 8192
3 8192
1 8192
1 8192
4 8192
3 8192
0 4551
1 8192
3 8192
0 3428
4 8192
1 8192
0 1647
0 3634
0 2770
1 8192
0 5400
0 2319
0 4332
2 8192
2 8192
1 8192
0 7194
2 8192
1 8192
1 8192
1 8192
0 1878
4 8192
3 8192
2 8192
2 8192
3 8192
1 8192
1 8192
1 8192
0 1914
1 8192
1 8192
1 8192
1 8192
1 8192
1 8192
3 8192
0 4762
0 1932
1 8192
2 8192
0 6724
1 8192
1 8192
1 8192
3 8192
0 5419
4 8192
1 8192
0 2240
0 2443
2 8192
1 8192
0 4440
0 1929
2 8192
0 3831
2 8192
3 8192
3 8192
2 8192
0 2129
1 8192
1 8192
0 2406
2 8192
2 8192
1 8192
1 8192
1 8192
0 4856
2 8192
3 8192
0 5770
1 8192
0 5131
2 8192
0 4666
0 1786
1 8192
1 8192
3 8192
2 8192
2 8192
1 8192
0 7787
1 8192
1 8192
2 8192
0 5531
0 4511
0 3140
0 1832
2 8192
0 3153
2 8192
2 8192
0 3724
0 3252
2 8192
0 3534
1 8192
2 8192
1 8192
1 8192
0 4915
0 7882
2 8192
1 8192
0 6766
0 2567
3 8192
0 6920
2 8192
3 8192
6 8192
1 8192
4 8192
2 8192
0 2565
2 8192
2 8192
0 2890
2 8192
0 1880
3 8192
0 2360
0 2566
0 5048
3 8192
4 8192
3 8192
6 8192
0 3219
0 2447
2 8192
0 3987
1 8192
1 8192
0 2253
1 8192
2 8192
3 8192
2 8192
1 8192
0 3620
0 1584
1 8192
0 4284
4 8192
1 8192
0 5940
2 8192
1 8192
0 6142
1 8192
1 8192
1 8192
1 8192
3 8192
5 8192
2 8192
0 5103
0 1200
0 1988
2 8192
1 8192
1 8192
1 8192
2 8192
3 8192
1 8192
0 2929
1 8192
1 8192
0 1075
1 8192
1 8192
2 8192
0 1886
1 8192
2 8192
0 2989
0 4691
2 8192
1 8192
0 4041
2 8192
0 3515
1 8192
3 8192
1 8192
0 5698
0 4770
2 8192
1 8192
1 8192
1 8192
0 6012
0 4403
6 8192
0 7474
3 8192
1 8192
0 2135
3 8192
1 8192
2 8192
1 8192
2 8192
2 8192
1 8192
1 8192
0 3388
0 4162
1 8192
2 8192
2 8192
1 8192
2 8192
0 3102
0 7377
0 3703
1 8192
1 8192
0 2337
1 8192
1 8192
1 8192
1 8192
0 7306
1 8192
1 8192
1 8192
0 6739
1 8192
1 8192
2 8192
4 8192
1 8192
0 2078
0 3877
0 4630
1 8192
1 8192
0 5588
2 8192
2 8192
2 8192
1 8192
1 8192
0 4264
2 8192
2 8192
1 8192
1 8192
3 8192
2 8192
0 3424
2 8192
3 8192
4 8192
1 8192
1 8192
1 8192
3 8192
1 8192
2 8192
2 8192
1 8192
0 6568
0 8117
2 8192
1 8192
1 8192
0 3307
0 4231
4 8192
0 1591
1 8192
2 8192
1 8192
1 8192
0 7486
0 4003
2 8192
0 4068
0 4681
4 8192
2 8192
1 8192
1 8192
1 8192
3 8192
3 8192
1 8192
3 8192
0 3893
0 3850
4 8192
1 8192
1 8192
3 8192
0 2800
1 8192
0 1341
1 8192
1 8192
0 2555
0 1676
0 1712
0 3435
1 8192
1 8192
1 8192
2 8192
1 8192
1 8192
3 8192
0 2875
0 2715
0 2895
1 8192
2 8192
2 8192
2 8192
2 8192
2 8192
3 8192
2 8192
1 8192
1 8192
0 2796
2 8192
2 8192
1 8192
2 8192
0 2469
0 7211
1 8192
0 4953
3 8192
1 8192
1 8192
1 8192
1 8192
1 8192
1 8192
1 8192
0 4008
1 8192
3 8192
0 2524
3 8192
1 8192
1 8192
2 8192
0 8092
2 8192
1 8192
1 8192
1 8192
4 8192
2 8192
1 8192
2 8192
1 8192
2 8192
0 2838
2 8192
1 8192
2 8192
1 8192
0 7623
4 8192
1 8192
2 8192
4 8192
1 8192
0 2816
0 1752
0 2086
1 8192
0 1879
3 8192
0 3417
1 8192
0 3677
4 8192
1 8192
1 8192
0 6631
1 8192
0 1605
2 8192
3 8192
2 8192
2 8192
1 8192
2 8192
0 6830
2 8192
3 8192
3 8192
1 8192
2 8192
2 8192
1 8192
4 8192
1 8192
0 2176
3 8192
4 8192
2 8192
0 8038
0 2547
3 8192
1 8192
0 5885
0 2361
0 4738
1 8192
2 8192
0 3157
0 4953
2 8192
0 5888
2 8192
2 8192
2 8192
0 6151
2 8192
0 2876
2 8192
1 8192
0 3337
1 8192
0 6237
1 8192
0 6520
0 2726
5 8192
0 6591
3 8192
3 8192
0 3919
1 8192
2 8192
3 8192
0 5624
2 8192
0 6571
0 3982
1 8192
4 8192
1 8192
4 8192
0 2668
0 5529
2 8192
1 8192
1 8192
1 8192
2 8192
1 8192
1 8192
0 4156
1 8192
2 8192
1 8192
0 6459
1 8192
1 8192
2 8192
0 2254
1 8192
1 8192
2 8192
2 8192
0 3697
1 8192
0 2177
3 8192
1 8192
2 8192
3 8192
0 6448
0 3809
1 8192
4 8192
2 8192
0 2237
4 8192
0 2719
0 4353
3 8192
2 8192
0 6192
1 8192
1 8192
0 5303
2 8192
3 8192
1 8192
2 8192
0 3583
2 8192
1 8192
1 8192
1 8192
1 8192
1 8192
2 8192
3 8192
1 8192
1 8192
2 8192
0 6331
0 6399
4 8192
3 8192
3 8192
0 6243
1 8192
0 7981
2 8192
0 4096
0 6488
3 8192
2 8192
0 7134
1 8192
2 8192
1 8192
0 2439
1 8192
0 7067
0 2980
0 3163
0 2375
0 6273
2 8192
0 1633
0 2995
0 2747
1 8192
0 5800
2 8192
3 8192
3 8192
2 8192
3 8192
2 8192
0 3227
1 8192
2 8192
0 3226
4 8192
1 8192
0 2979
1 8192
1 8192
2 8192
1 8192
3 8192
3 8192
3 8192
1 8192
2 8192
3 8192
1 8192
0 1956
3 8192
1 8192
1 8192
1 8192
2 8192
1 8192
2 8192
0 2874
2 8192
1 8192
2 8192
1 8192
2 8192
1 8192
0 4713
3 8192
3 8192
2 8192
0 2220
0 3341
2 8192
1 8192
0 3181
4 8192
0 3072
0 4846
1 8192
2 8192
2 8192
1 8192
2 8192
1 8192
0 5526
5 8192
1 8192
0 5664
0 5982
0 2370
0 1778
0 3216
1 8192
2 8192
0 1698
0 3008
2 8192
0 7676
0 2170
4 8192
0 4864
1 8192
1 8192
3 8192
1 8192
1 8192
3 8192
2 8192
0 1901
2 8192
1 8192
1 8192
1 8192
1 8192
1 8192
1 8192
1 8192
2 8192
2 8192
1 8192
4 8192
0 2429
1 8192
1 8192
1 8192
0 7803
4 8192
1 8192
3 8192
0 2766
2 8192
2 8192
1 8192
0 2554
4 8192
1 8192
0 1992
1 8192
0 3089
1 8192
0 5105
2 8192
0 4191
1 8192
0 1962
1 8192
3 8192
1 8192
4 8192
1 8192
0 2693
3 8192
2 8192
0 4086
0 4640
0 7638
0 7061
1 8192
3 8192
1 8192
4 8192
2 8192
2 8192
1 8192
1 8192
1 8192
3 8192
2 8192
1 8192
1 8192
3 8192
1 8192
3 8192
6 8192
1 8192
2 8192
1 8192
2 8192
1 8192
0 2524
0 4061
1 8192
2 8192
0 4698
3 8192
1 8192
0 1882
7 8192
3 8192
0 2951
0 4416
0 2860
2 8192
1 8192
0 3150
1 8192
0 2091
1 8192
2 8192
3 8192
1 8192
2 8192
1 8192
1 8192
4 8192
3 8192
0 2455
1 8192
1 8192
1 8192
1 8192
1 8192
1 8192
1 8192
2 8192
1 8192
0 5457
1 8192
3 8192
3 8192
0 2646
0 3489
1 8192
2 8192
3 8192
0 1775
3 8192
2 8192
0 3835
1 8192
1 8192
0 3672
1 8192
0 2451
1 8192
0 6453
1 8192
2 8192
1 8192
2 8192
2 8192
2 8192
2 8192
2 8192
1 8192
0 1831
0 7819
3 8192
2 8192
2 8192
2 8192
1 8192
1 8192
1 8192
0 1842
1 8192
1 8192
0 6594
3 8192
0 2383
1 8192
1 8192
1 8192
3 8192
0 2230
1 8192
0 2832
0 2236
3 8192
1 8192
4 8192
2 8192
2 8192
1 8192
0 4114
0 5603
0 1939
1 8192
2 8192
0 4284
1 8192
0 5687
3 8192
3 8192
0 3973
0 1175
4 8192
1 8192
2 8192
3 8192
0 5283
0 2821
2 8192
1 8192
0 5163
1 8192
1 8192
3 8192
2 8192
1 8192
0 4014
1 8192
0 6564
2 8192
1 8192
0 1159
1 8192
2 8192
1 8192
0 1747
3 8192
1 8192
3 8192
3 8192
1 8192
1 8192
0 3625
0 1788
3 8192
1 8192
2 8192
1 8192
0 2116
0 1848
0 3236
1 8192
2 8192
3 8192
1 8192
1 8192
1 8192
1 8192
1 8192
1 8192
1 8192
2 8192
1 8192
4 8192
0 1739
1 8192
2 8192
2 8192
0 3839
1 8192
4 8192
2 8192
2 8192
0 7273
1 8192
3 8192
1 8192
2 8192
0 7081
0 2582
0 8126
1 8192
1 8192
0 1909
1 8192
0 4795
2 8192
2 8192
1 8192
1 8192
1 8192
3 8192
0 5015
0 3509
2 8192
1 8192
1 8192
0 3342
3 8192
2 8192
0 2832
2 8192
2 8192
2 8192
1 8192
1 8192
2 8192
4 8192
1 8192
2 8192
4 8192
0 4246
1 8192
3 8192
4 8192
2 8192
2 8192
2 8192
1 8192
1 8192
0 3368
2 8192
1 8192
2 8192
1 8192
3 8192
0 3882
2 8192
1 8192
1 8192
0 4863
0 7037
4 8192
0 3980
3 8192
3 8192
1 8192
4 8192
3 8192
0 3435
0 3784
2 8192
0 2989
0 4734
1 8192
3 8192
0 1389
1 8192
1 8192
0 4620
1 8192
0 2577
2 8192
1 8192
3 8192
2 8192
0 2760
0 4990
2 8192
2 8192
0 2162
2 8192
3 8192
0 3534
0 4684
0 2044
0 1882
1 8192
2 8192
1 8192
3 8192
2 8192
1 8192
2 8192
3 8192
0 2360
6 8192
2 8192
1 8192
2 8192
1 8192
4 8192
0 5223
2 8192
3 8192
0 5859
0 4825
2 8192
0 2344
0 4989
2 8192
1 8192
0 4225
1 8192
1 8192
2 8192
1 8192
3 8192
2 8192
3 8192
1 8192
3 8192
1 8192
0 2052
2 8192
2 8192
3 8192
0 3246
1 8192
2 8192
2 8192
1 8192
0 3417
1 8192
2 8192
4 8192
1 8192
1 8192
2 8192
0 1948
0 2251
1 8192
1 8192
0 6526
2 8192
1 8192
2 8192
1 8192
1 8192
4 8192
1 8192
1 8192
1 8192
2 8192
0 5298
4 8192
1 8192
0 5973
0 2930
1 8192
1 8192
0 7579
0 3714
1 8192
2 8192
2 8192
0 6139
0 2170
2 8192
1 8192
2 8192
1 8192
0 5921
1 8192
0 3784
2 8192
2 8192
1 8192
1 8192
2 8192
1 8192
0 4164
1 8192
1 8192
2 8192
1 8192
1 8192
2 8192
2 8192
2 8192
0 3910
1 8192
3 8192
2 8192
1 8192
0 1607
1 8192
1 8192
1 8192
1 8192
2 8192
0 3482
3 8192
0 4472
2 8192
0 7013
2 8192
2 8192
2 8192
1 8192
2 8192
1 8192
2 8192
0 3662
0 1850
2 8192
0 7106
1 8192
0 3091
3 8192
1 8192
0 2965
3 8192
3 8192
1 8192
0 5332
3 8192
0 3418
2 8192
0 2931
3 8192
0 2894
1 8192
0 5550
0 3870
0 2389
1 8192
1 8192
4 8192
2 8192
2 8192
7 8192
0 6278
0 2416
3 8192
1 8192
0 1731
1 8192
1 8192
2 8192
1 8192
0 3899
3 8192
1 8192
1 8192
4 8192
2 8192
1 8192
3 8192
2 8192
1 8192
1 8192
0 3039
1 8192
3 8192
0 3508
2 8192
0 8128
1 8192
0 2671
1 8192
1 8192
1 8192
0 4899
0 8081
2 8192
3 8192
1 8192
1 8192
4 8192
0 4618
2 8192
0 1779
1 8192
1 8192
2 8192
1 8192
0 2982
0 3051
1 8192
1 8192
2 8192
4 8192
1 8192
0 4162
2 8192
0 2991
1 8192
0 2460
0 4397
0 2651
0 7923
1 8192
0 3524
0 3084
2 8192
3 8192
1 8192
2 8192
1 8192
2 8192
1 8192
0 2586
2 8192
2 8192
1 8192
2 8192
0 5217
0 5958
0 5707
2 8192
1 8192
2 8192
2 8192
0 6443
1 8192
4 8192
2 8192
1 8192
3 8192
4 8192
1 8192
2 8192
0 3742
2 8192
1 8192
2 8192
2 8192
2 8192
0 2072
2 8192
2 8192
1 8192
1 8192
0 3572
1 8192
1 8192
1 8192
2 8192
4 8192
4 8192
0 1726
0 2644
1 8192
1 8192
0 6618
0 2367
0 2818
2 8192
0 4314
0 4178
1 8192
1 8192
1 8192
1 8192
3 8192
0 1291
4 8192
0 6152
0 2717
0 4309
1 8192
0 3210
0 2412
0 3962
0 2924
0 3937
1 8192
0 3971
2 8192
1 8192
2 8192
1 8192
2 8192
1 8192
0 1419
0 3121
3 8192
3 8192
4 8192
0 6575
0 3491
1 8192
7 8192
3 8192
0 2347
2 8192
0 6324
0 5960
2 8192
1 8192
2 8192
0 3109
1 8192
1 8192
1 8192
2 8192
1 8192
0 5678
1 8192
0 3803
3 8192
3 8192
1 8192
0 4424
1 8192
3 8192
1 8192
1 8192
2 8192
1 8192
0 7720
1 8192
0 3197
0 3008
1 8192
0 2804
0 3268
1 8192
2 8192
0 6529
0 2937
2 8192
0 4010
2 8192
0 6252
2 8192
4 8192
0 3842
2 8192
0 4892
1 8192
1 8192
0 3394
0 5446
2 8192
0 7611
0 1881
1 8192
1 8192
0 3681
4 8192
0 2840
1 8192
1 8192
1 8192
1 8192
2 8192
1 8192
0 4706
3 8192
3 8192
4 8192
1 8192
1 8192
2 8192
3 8192
1 8192
0 4319
0 3688
1 8192
1 8192
3 8192
3 8192
0 8185
1 8192
1 8192
0 3588
0 4541
2 8192
1 8192
1 8192
3 8192
1 8192
0 2082
0 6942
3 8192
0 2189
1 8192
0 4030
1 8192
0 1951
1 8192
3 8192
3 8192
1 8192
0 3644
0 2519
1 8192
2 8192
1 8192
2 8192
1 8192
0 6912
1 8192
1 8192
0 7300
5 8192
2 8192
0 1709
1 8192
1 8192
0 2046
1 8192
3 8192
1 8192
1 8192
2 8192
1 8192
2 8192
4 8192
0 3568
1 8192
2 8192
1 8192
2 8192
1 8192
0 1736
4 8192
2 8192
1 8192
4 8192
1 8192
1 8192
2 8192
2 8192
2 8192
4 8192
1 8192
0 4698
0 5765
1 8192
1 8192
1 8192
0 2819
1 8192
2 8192
1 8192
2 8192
0 3393
0 4644
1 8192
0 3919
1 8192
1 8192
0 2695
1 8192
2 8192
0 5680
0 2309
3 8192
2 8192
1 8192
1 8192
1 8192
0 2661
1 8192
0 6335
1 8192
0 8113
3 8192
3 8192
0 2687
2 8192
1 8192
2 8192
2 8192
1 8192
1 8192
1 8192
4 8192
2 8192
0 3944
2 8192
0 2514
1 8192
1 8192
3 8192
2 8192
3 8192
2 8192
0 1781
3 8192
3 8192
2 8192
3 8192
1 8192
2 8192
0 4102
3 8192
1 8192
1 8192
0 4603
1 8192
3 8192
0 3506
3 8192
0 1551
0 3242
4 8192
0 2099
3 8192
0 3199
2 8192
0 1756
2 8192
2 8192
1 8192
0 1649
2 8192
0 7820
2 8192
1 8192
1 8192
1 8192
0 2998
0 3037
0 5694
0 4412
1 8192
0 5044
1 8192
1 8192
0 2397
1 8192
0 2795
0 4478
2 8192
2 8192
2 8192
1 8192
1 8192
0 3820
1 8192
1 8192
2 8192
0 4663
1 8192
0 2237
0 2718
1 8192
1 8192
0 3275
1 8192
1 8192
0 7680
1 8192
1 8192
0 6920
0 3032
2 8192
0 3783
0 5034
0 2918
0 5999
5 8192
3 8192
0 2113
2 8192
0 5000
1 8192
2 8192
0 5027
4 8192
1 8192
1 8192
2 8192
1 8192
1 8192
1 8192
2 8192
1 8192
0 6012
2 8192
1 8192
0 2091
5 8192
1 8192
2 8192
1 8192
0 5819
1 8192
2 8192
0 2589
0 3257
2 8192
5 8192
0 4994
0 4704
0 2143
0 6146
3 8192
2 8192
2 8192
1 8192
3 8192
3 8192
2 8192
3 8192
1 8192
0 2576
1 8192
2 8192
3 8192
1 8192
1 8192
1 8192
0 3056
0 4941
2 8192
2 8192
1 8192
0 1626
1 8192
4 8192
1 8192
0 3043
1 8192
2 8192
0 5829
0 5725
1 8192
0 6957
1 8192
0 8054
0 6070
0 3451
1 8192
1 8192
0 4085
2 8192
1 8192
1 8192
1 8192
3 8192
2 8192
0 1717
2 8192
2 8192
3 8192
2 8192
2 8192
2 8192
4 8192
1 8192
1 8192
1 8192
2 8192
0 6429
1 8192
1 8192
3 8192
0 5242
1 8192
2 8192
0 6860
1 8192
1 8192
1 8192
4 8192
2 8192
2 8192
0 3021
1 8192
1 8192
2 8192
2 8192
0 2881
0 4173
0 5045
2 8192
3 8192
2 8192
3 8192
1 8192
1 8192
1 8192
0 3387
2 8192
1 8192
1 8192
0 2831
0 5309
1 8192
1 8192
2 8192
0 3263
1 8192
2 8192
1 8192
1 8192
3 8192
0 4491
1 8192
0 1949
0 7258
3 8192
2 8192
0 2145
0 3805
1 8192
1 8192
0 5165
0 4382
1 8192
0 1813
1 8192
2 8192
1 8192
1 8192
1 8192
2 8192
2 8192
1 8192
1 8192
1 8192
1 8192
1 8192
1 8192
2 8192
2 8192
0 2640
2 8192
4 8192
1 8192
1 8192
3 8192
0 2072
0 2117
2 8192
3 8192
1 8192
0 4457
4 8192
1 8192
3 8192
1 8192
0 4817
0 5090
0 5159
0 3464
1 8192
2 8192
1 8192
1 8192
1 8192
1 8192
3 8192
1 8192
1 8192
2 8192
2 8192
0 2684
3 8192
2 8192
1 8192
0 3427
3 8192
3 8192
1 8192
3 8192
1 8192
1 8192
1 8192
1 8192
0 3545
2 8192
2 8192
0 2146
0 3801
1 8192
1 8192
1 8192
2 8192
3 8192
3 8192
5 8192
2 8192
0 2013
0 2195
2 8192
0 5802
2 8192
2 8192
1 8192
0 3328
0 2256
0 4021
3 8192
1 8192
1 8192
2 8192
2 8192
0 4678
2 8192
2 8192
0 3696
0 2266
1 8192
1 8192
2 8192
1 8192
0 1635
2 8192
0 2122
0 1833
2 8192
1 8192
4 8192
1 8192
0 4169
4 8192
3 8192
2 8192
3 8192
0 3855
0 1934
2 8192
1 8192
0 7504
1 8192
2 8192
3 8192
3 8192
2 8192
0 2203
0 3360
4 8192
1 8192
1 8192
1 8192
1 8192
1 8192
3 8192
3 8192
0 3314
2 8192
0 3330
1 8192
0 2126
0 5519
4 8192
1 8192
3 8192
1 8192
2 8192
1 8192
0 7974
1 8192
1 8192
2 8192
1 8192
0 3123
3 8192
2 8192
3 8192
0 1749
1 8192
3 8192
0 7298
1 8192
2 8192
2 8192
2 8192
2 8192
0 4129
1 8192
1 8192
0 7237
0 1510
0 3439
0 7737
0 1898
4 8192
0 3740
3 8192
2 8192
0 1212
1 8192
0 6879
0 4918
3 8192
1 8192
0 3623
2 8192
3 8192
0 4940
1 8192
3 8192
4 8192
1 8192
1 8192
3 8192
2 8192
0 2563
3 8192
1 8192
1 8192
1 8192
2 8192
3 8192
2 8192
4 8192
1 8192
0 4998
2 8192
1 8192
1 8192
2 8192
1 8192
2 8192
0 2788
2 8192
2 8192
3 8192
1 8192
0 3224
1 8192
0 3788
2 8192
2 8192
1 8192
1 8192
3 8192
0 4748
2 8192
1 8192
1 8192
3 8192
2 8192
2 8192
2 8192
0 4648
1 8192
1 8192
1 8192
1 8192
2 8192
2 8192
2 8192
3 8192
1 8192
0 6871
0 3571
2 8192
1 8192
0 4428
1 8192
1 8192
4 8192
2 8192
1 8192
2 8192
3 8192
1 8192
1 8192
2 8192
1 8192
0 5631
0 2191
0 3211
1 8192
2 8192
3 8192
0 3002
1 8192
0 6631
1 8192
0 3131
1 8192
1 8192
1 8192
0 3012
4 8192
2 8192
1 8192
2 8192
2 8192
2 8192
1 8192
1 8192
1 8192
2 8192
1 8192
1 8192
2 8192
2 8192
3 8192
1 8192
0 4308
1 8192
1 8192
1 8192
2 8192
1 8192
1 8192
2 8192
2 8192
1 8192
1 8192
0 3810
2 8192
2 8192
2 8192
0 2980
0 3787
0 3619
0 4867
0 3846
1 8192
2 8192
0 4279
2 8192
0 3748
0 3636
2 8192
0 2563
1 8192
0 5595
1 8192
1 8192
0 2492
3 8192
2 8192
1 8192
0 6569
5 8192
1 8192
3 8192
0 3406
2 8192
3 8192
0 3222
1 8192
1 8192
2 8192
1 8192
0 4956
0 4317
1 8192
2 8192
1 8192
2 8192
0 5855
2 8192
1 8192
1 8192
0 1996
2 8192
0 7348
1 8192
2 8192
1 8192
3 8192
2 8192
0 2467
1 8192
0 3664
2 8192
2 8192
1 8192
0 2735
0 7379
1 8192
2 8192
0 1974
0 5454
4 8192
2 8192
2 8192
2 8192
1 8192
4 8192
1 8192
0 4936
1 8192
4 8192
1 8192
5 8192
0 4345
0 4674
0 3184
3 8192
3 8192
0 2227
0 5943
0 1938
2 8192
0 7029
2 8192
0 4760
0 7162
1 8192
2 8192
1 8192
0 3355
0 2073
2 8192
0 3424
1 8192
2 8192
3 8192
0 2650
1 8192
2 8192
1 8192
0 2398
3 8192
1 8192
2 8192
1 8192
0 7271
1 8192
2 8192
0 3759
1 8192
1 8192
1 8192
0 3258
0 7889
1 8192
0 3235
2 8192
0 4493
0 6684
2 8192
2 8192
0 4021
3 8192
0 3335
0 4588
1 8192
2 8192
1 8192
0 2869
0 3990
2 8192
2 8192
2 8192
0 7465
2 8192
1 8192
0 2896
2 8192
1 8192
2 8192
0 1417
0 5978
0 1948
3 8192
0 5172
0 1594
1 8192
2 8192
2 8192
0 3111
1 8192
0 2806
0 3329
0 3255
3 8192
2 8192
0 7331
4 8192
2 8192
4 8192
1 8192
2 8192
2 8192
1 8192
4 8192
2 8192
3 8192
1 8192
0 2117
3 8192
2 8192
0 3338
1 8192
1 8192
1 8192
1 8192
2 8192
2 8192
0 3128
0 3529
0 7782
2 8192
2 8192
3 8192
0 3156
1 8192
2 8192
1 8192
2 8192
2 8192
2 8192
0 2629
1 8192
2 8192
0 3521
0 3631
2 8192
0 2942
1 8192
0 2746
0 3428
1 8192
0 2731
0 6534
2 8192
3 8192
1 8192
2 8192
0 2001
1 8192
1 8192
3 8192
0 1908
2 8192
2 8192
3 8192
2 8192
2 8192
1 8192
1 8192
1 8192
0 2582
4 8192
2 8192
2 8192
1 8192
2 8192
1 8192
1 8192
2 8192
2 8192
0 3975
2 8192
0 5383
0 3130
5 8192
1 8192
1 8192
2 8192
2 8192
1 8192
3 8192
0 3200
1 8192
2 8192
1 8192
1 8192
2 8192
1 8192
0 3037
0 2604
2 8192
2 8192
0 1815
1 8192
2 8192
2 8192
1 8192
0 8068
2 8192
2 8192
0 3032
0 2393
0 5884
0 2277
2 8192
3 8192
0 2925
0 5155
1 8192
1 8192
2 8192
0 3485
1 8192
0 6000
1 8192
0 1890
1 8192
2 8192
3 8192
2 8192
0 6546
1 8192
0 3171
0 3014
2 8192
1 8192
1 8192
0 2093
3 8192
3 8192
0 2591
1 8192
1 8192
1 8192
0 4085
2 8192
1 8192
0 7540
2 8192
2 8192
2 8192
6 8192
4 8192
2 8192
1 8192
2 8192
1 8192
4 8192
0 4039
1 8192
0 4240
1 8192
2 8192
1 8192
2 8192
2 8192
0 6495
1 8192
0 6169
2 8192
1 8192
0 5315
1 8192
0 3574
2 8192
3 8192
1 8192
1 8192
1 8192
0 5310
0 6740
2 8192
0 8007
1 8192
0 4041
1 8192
0 6212
2 8192
0 1893
2 8192
0 2518
1 8192
0 3325
0 5341
1 8192
1 8192
1 8192
0 2660
0 1329
0 5011
1 8192
1 8192
1 8192
0 4053
2 8192
1 8192
0 5778
0 7303
2 8192
2 8192
3 8192
1 8192
2 8192
0 4574
0 3211
0 1882
0 3247
2 8192
0 2411
0 2585
1 8192
3 8192
0 1593
2 8192
2 8192
0 4149
0 7565
1 8192
3 8192
0 5827
1 8192
1 8192
0 6480
1 8192
1 8192
2 8192
0 6959
3 8192
0 7218
1 8192
1 8192
3 8192
2 8192
0 2784
2 8192
0 6132
0 5588
2 8192
1 8192
0 6299
0 5321
3 8192
1 8192
3 8192
0 5473
1 8192
3 8192
1 8192
2 8192
1 8192
0 2859
2 8192
6 8192
2 8192
0 2689
0 1725
0 1719
0 4979
1 8192
2 8192
3 8192
2 8192
2 8192
0 3569
1 8192
0 3498
0 3745
1 8192
2 8192
2 8192
3 8192
3 8192
4 8192
1 8192
1 8192
4 8192
1 8192
0 4037
0 3140
2 8192
0 3037
3 8192
0 7589
2 8192
7 8192
3 8192
2 8192
1 8192
1 8192
0 3101
2 8192
2 8192
2 8192
0 5001
1 8192
0 3019
1 8192
2 8192
0 4825
3 8192
2 8192
5 8192
1 8192
1 8192
0 1586
2 8192
2 8192
2 8192
0 2941
3 8192
1 8192
1 8192
0 2606
2 8192
1 8192
1 8192
2 8192
0 4625
0 6471
1 8192
2 8192
3 8192
1 8192
0 1941
2 8192
3 8192
1 8192
0 8133
1 8192
0 1820
2 8192
0 5730
1 8192
0 2729
1 8192
0 5197
2 8192
3 8192
2 8192
1 8192
4 8192
3 8192
1 8192
0 1426
1 8192
2 8192
1 8192
4 8192
4 8192
1 8192
1 8192
0 2878
2 8192
1 8192
0 3380
1 8192
1 8192
1 8192
3 8192
0 5036
2 8192
0 5458
0 2176
0 3146
2 8192
1 8192
1 8192
2 8192
2 8192
5 8192
0 3279
3 8192
1 8192
1 8192
1 8192
3 8192
2 8192
0 692
2 8192
0 2576
0 2965
0 4091
2 8192
0 3550
2 8192
2 8192
3 8192
1 8192
1 8192
1 8192
2 8192
0 4939
7 8192
1 8192
1 8192
2 8192
0 2297
1 8192
1 8192
3 8192
3 8192
0 3888
3 8192
0 4790
5 8192
1 8192
0 4494
2 8192
0 2817
3 8192
2 8192
0 1470
0 4020
0 2461
0 4760
2 8192
1 8192
2 8192
1 8192
2 8192
2 8192
2 8192
1 8192
3 8192
2 8192
1 8192
3 8192
0 3596
1 8192
2 8192
0 4087
0 7164
2 8192
2 8192
0 6767
0 4568
3 8192
3 8192
1 8192
0 3696
1 8192
3 8192
0 2261
3 8192
1 8192
2 8192
1 8192
2 8192
1 8192
0 1943
2 8192
1 8192
2 8192
0 6388
4 8192
0 1160
1 8192
2 8192
1 8192
3 8192
1 8192
2 8192
0 3983
2 8192
2 8192
1 8192
2 8192
3 8192
4 8192
1 8192
1 8192
2 8192
1 8192
1 8192
0 6031
2 8192
4 8192
0 3083
0 4342
1 8192
0 1933
0 3442
3 8192
1 8192
0 3310
5 8192
3 8192
2 8192
0 1962
1 8192
0 3789
1 8192
0 3768
2 8192
2 8192
0 5106
3 8192
0 4123
1 8192
0 3354
3 8192
0 1780
4 8192
2 8192
2 8192
1 8192
1 8192
4 8192
1 8192
2 8192
0 3057
1 8192
1 8192
2 8192
3 8192
0 2909
3 8192
0 2931
2 8192
3 8192
2 8192
1 8192
2 8192
1 8192
0 2155
5 8192
1 8192
2 8192
2 8192
0 5953
0 1459
0 3495
1 8192
1 8192
4 8192
0 3424
3 8192
0 5021
2 8192
0 6204
3 8192
0 2335
1 8192
0 3240
2 8192
2 8192
1 8192
3 8192
3 8192
0 5757
2 8192
2 8192
1 8192
1 8192
2 8192
0 2360
0 3656
1 8192
0 2384
3 8192
1 8192
0 3570
1 8192
1 8192
0 2707
2 8192
1 8192
1 8192
3 8192
0 5549
3 8192
0 2361
1 8192
1 8192
1 8192
0 3182
3 8192
0 5361
1 8192
0 4081
0 2235
2 8192
1 8192
2 8192
2 8192
0 5883
0 4333
1 8192
0 2835
1 8192
0 2677
1 8192
0 2566
0 1758
4 8192
1 8192
2 8192
1 8192
0 4493
1 8192
0 5326
0 2101
1 8192
1 8192
4 8192
1 8192
0 5884
4 8192
1 8192
1 8192
1 8192
3 8192
1 8192
0 3055
1 8192
1 8192
0 7455
0 3690
5 8192
1 8192
2 8192
1 8192
3 8192
3 8192
0 2527
0 2004
2 8192
0 3179
1 8192
1 8192
2 8192
3 8192
0 3227
1 8192
1 8192
1 8192
2 8192
1 8192
1 8192
3 8192
2 8192
1 8192
0 5275
3 8192
2 8192
2 8192
3 8192
0 7677
0 3985
1 8192
1 8192
0 1999
1 8192
2 8192
0 3532
1 8192
0 5261
1 8192
1 8192
2 8192
0 5506
1 8192
3 8192
3 8192
1 8192
0 6013
0 2888
0 3408
4 8192
2 8192
0 3968
1 8192
3 8192
0 1610
0 4531
1 8192
0 5380
4 8192
1 8192
2 8192
1 8192
1 8192
2 8192
0 2131
0 7861
1 8192
1 8192
1 8192
1 8192
4 8192
1 8192
2 8192
0 7541
3 8192
0 2702
1 8192
1 8192
0 3580
0 3810
2 8192
6 8192
0 3809
2 8192
0 5307
3 8192
1 8192
0 2169
1 8192
1 8192
1 8192
1 8192
0 3185
2 8192
2 8192
1 8192
0 5799
3 8192
0 7123
1 8192
1 8192
2 8192
1 8192
3 8192
0 4557
1 8192
1 8192
2 8192
0 2635
2 8192
3 8192
1 8192
1 8192
0 3011
1 8192
0 4721
0 7473
0 3206
1 8192
0 6124
1 8192
2 8192
1 8192
1 8192
1 8192
2 8192
0 2669
1 8192
2 8192
1 8192
0 3833
2 8192
0 4539
0 1912
0 4113
7 8192
1 8192
3 8192
0 3436
3 8192
1 8192
2 8192
2 8192
1 8192
1 8192
0 7668
0 2137
1 8192
2 8192
3 8192
0 4114
0 2058
2 8192
2 8192
2 8192
1 8192
1 8192
0 3127
2 8192
1 8192
1 8192
0 1978
1 8192
2 8192
1 8192
0 5700
0 3680
1 8192
1 8192
1 8192
2 8192
2 8192
2 8192
1 8192
0 1843
2 8192
2 8192
0 4133
0 2606
1 8192
2 8192
1 8192
2 8192
1 8192
1 8192
2 8192
1 8192
1 8192
1 8192
0 4052
1 8192
1 8192
0 7301
1 8192
3 8192
2 8192
3 8192
1 8192
3 8192
0 2548
0 4008
2 8192
2 8192
2 8192
0 4372
0 1689
0 7140
0 3038
1 8192
0 2704
2 8192
3 8192
3 8192
3 8192
1 8192
1 8192
1 8192
4 8192
1 8192
2 8192
1 8192
2 8192
1 8192
0 2685
1 8192
0 2730
0 4758
0 7881
1 8192
0 2034
3 8192
0 2401
2 8192
4 8192
2 8192
2 8192
1 8192
3 8192
0 4253
0 3634
1 8192
2 8192
1 8192
2 8192
5 8192
0 3656
2 8192
0 5993
1 8192
1 8192
0 3689
2 8192
0 4340
1 8192
4 8192
0 3703
1 8192
1 8192
1 8192
4 8192
2 8192
0 7369
1 8192
0 6016
2 8192
4 8192
3 8192
2 8192
1 8192
2 8192
3 8192
6 8192
1 8192
0 5008
0 4021
0 7053
1 8192
0 5620
1 8192
1 8192
1 8192
1 8192
5 8192
1 8192
1 8192
0 4415
1 8192
0 1690
2 8192
3 8192
0 4674
1 8192
1 8192
0 2846
2 8192
0 1578
3 8192
0 2629
2 8192
1 8192
2 8192
4 8192
1 8192
0 7640
1 8192
0 7099
3 8192
1 8192
1 8192
0 2256
1 8192
2 8192
1 8192
0 7832
3 8192
0 1435
5 8192
0 3110
2 8192
5 8192
1 8192
1 8192
0 2192
2 8192
3 8192
1 8192
2 8192
1 8192
1 8192
0 4872
1 8192
0 1738
2 8192
0 1804
0 3677
1 8192
1 8192
2 8192
4 8192
3 8192
3 8192
1 8192
3 8192
5 8192
2 8192
1 8192
2 8192
2 8192
3 8192
0 2546
2 8192
0 2411
0 2978
3 8192
2 8192
2 8192
0 6762
2 8192
1 8192
2 8192
3 8192
2 8192
1 8192
1 8192
2 8192
2 8192
2 8192
1 8192
2 8192
0 1854
1 8192
0 4357
5 8192
2 8192
4 8192
3 8192
2 8192
0 4540
4 8192
1 8192
0 6915
3 8192
1 8192
1 8192
1 8192
1 8192
3 8192
2 8192
2 8192
0 4906
1 8192
0 3200
1 8192
4 8192
1 8192
0 6900
1 8192
3 8192
1 8192
2 8192
1 8192
2 8192
1 8192
0 4836
1 8192
1 8192
2 8192
0 6620
3 8192
2 8192
4 8192
3 8192
0 2063
3 8192
2 8192
3 8192
0 5202
1 8192
1 8192
3 8192
1 8192
2 8192
2 8192
1 8192
0 6153
0 5383
2 8192
1 8192
4 8192
0 4870
1 8192
1 8192
2 8192
2 8192
1 8192
4 8192
4 8192
1 8192
2 8192
0 2642
0 3684
2 8192
5 8192
1 8192
1 8192
1 8192
0 3421
0 2932
1 8192
3 8192
0 3080
2 8192
0 2088
0 4785
3 8192
0 5699
0 2625
0 4690
1 8192
0 3532
1 8192
1 8192
5 8192
0 2073
1 8192
2 8192
1 8192
1 8192
1 8192
1 8192
0 4272
1 8192
2 8192
0 4100
1 8192
0 4909
0 3895
1 8192
0 3830
1 8192
1 8192
1 8192
1 8192
1 8192
0 2484
1 8192
2 8192
0 6556
0 4932
2 8192
2 8192
3 8192
1 8192
1 8192
0 3339
1 8192
1 8192
1 8192
1 8192
5 8192
0 3757
0 2705
0 5840
2 8192
0 1895
1 8192
0 3654
2 8192
3 8192
3 8192
0 2652
0 4935
0 2969
0 1917
3 8192
0 1802
1 8192
5 8192
1 8192
0 1399
2 8192
5 8192
3 8192
2 8192
0 2624
1 8192
1 8192
0 1736
0 6645
1 8192
1 8192
1 8192
0 2736
1 8192
1 8192
1 8192
3 8192
2 8192
3 8192
1 8192
2 8192
1 8192
1 8192
0 2565
0 4016
0 2280
3 8192
1 8192
1 8192
2 8192
0 7763
1 8192
3 8192
1 8192
0 1439
1 8192
0 4180
3 8192
3 8192
1 8192
0 3975
1 8192
2 8192
3 8192
2 8192
1 8192
0 3664
1 8192
0 2001
2 8192
1 8192
0 7965
1 8192
1 8192
1 8192
0 1929
3 8192
1 8192
0 3802
1 8192
0 2225
0 3809
2 8192
1 8192
2 8192
1 8192
0 3354
0 1762
2 8192
2 8192
1 8192
3 8192
2 8192
3 8192
0 5768
0 2820
0 5527
3 8192
0 2793
4 8192
2 8192
1 8192
1 8192
0 5560
2 8192
2 8192
1 8192
1 8192
2 8192
0 7405
1 8192
3 8192
1 8192
1 8192
0 2343
1 8192
3 8192
4 8192
1 8192
3 8192
3 8192
4 8192
1 8192
3 8192
1 8192
0 2714
2 8192
1 8192
1 8192
0 3771
1 8192
3 8192
1 8192
0 2893
2 8192
1 8192
4 8192
1 8192
2 8192
4 8192
0 3269
2 8192
1 8192
3 8192
1 8192
3 8192
1 8192
1 8192
2 8192
6 8192
2 8192
0 3389
1 8192
3 8192
5 8192
0 2259
2 8192
2 8192
2 8192
2 8192
0 2334
0 1913
0 3363
2 8192
1 8192
4 8192
0 3370
2 8192
3 8192
0 2775
0 5806
1 8192
0 5716
2 8192
0 5819
0 2778
1 8192
0 2340
3 8192
1 8192
2 8192
1 8192
1 8192
1 8192
1 8192
2 8192
0 6065
0 8094
1 8192
1 8192
5 8192
1 8192
3 8192
1 8192
3 8192
0 2869
1 8192
1 8192
2 8192
0 2694
0 1961
0 5047
2 8192
2 8192
0 3603
1 8192
2 8192
3 8192
5 8192
0 1704
1 8192
3 8192
3 8192
1 8192
0 1808
3 8192
0 2214
2 8192
1 8192
0 5672
1 8192
1 8192
0 6041
2 8192
4 8192
2 8192
1 8192
0 2750
1 8192
1 8192
1 8192
0 6664
2 8192
2 8192
2 8192
2 8192
1 8192
1 8192
1 8192
3 8192
2 8192
0 2426
1 8192
3 8192
3 8192
0 2211
1 8192
1 8192
1 8192
0 2016
2 8192
1 8192
0 3730
0 7038
0 4803
0 2910
1 8192
2 8192
0 2668
0 3783
1 8192
0 4182
1 8192
3 8192
1 8192
0 2137
0 7951
1 8192
0 4250
3 8192
0 3585
3 8192
1 8192
3 8192
0 4285
1 8192
1 8192
0 4266
0 3029
2 8192
1 8192
2 8192
2 8192
2 8192
1 8192
0 1881
1 8192
3 8192
2 8192
0 8128
0 4938
2 8192
1 8192
1 8192
1 8192
2 8192
4 8192
0 3174
1 8192
2 8192
1 8192
0 2259
2 8192
2 8192
0 4825
2 8192
2 8192
3 8192
0 7554
1 8192
0 3750
3 8192
0 5103
0 2539
1 8192
2 8192
0 1824
2 8192
0 4114
0 6470
1 8192
4 8192
1 8192
1 8192
0 4242
0 2615
3 8192
1 8192
1 8192
3 8192
0 1886
3 8192
1 8192
0 2352
2 8192
0 1945
1 8192
1 8192
3 8192
1 8192
0 4013
3 8192
0 2712
1 8192
1 8192
0 3685
1 8192
0 1709
1 8192
0 7031
1 8192
0 2834
1 8192
4 8192
0 2762
2 8192
2 8192
0 3361
1 8192
1 8192
0 2758
1 8192
2 8192
0 2790
0 4089
1 8192
1 8192
0 4296
4 8192
1 8192
0 2446
2 8192
0 7123
1 8192
3 8192
0 2408
1 8192
0 2583
1 8192
0 7416
2 8192
2 8192
3 8192
0 2334
1 8192
0 1935
1 8192
0 3544
1 8192
0 2808
3 8192
0 2768
0 7920
1 8192
1 8192
0 4426
1 8192
1 8192
2 8192
0 2797
3 8192
0 2259
1 8192
1 8192
1 8192
3 8192
1 8192
1 8192
0 2751
1 8192
0 3644
2 8192
1 8192
1 8192
0 2069
3 8192
0 3251
1 8192
4 8192
1 8192
1 8192
2 8192
0 3266
1 8192
0 2029
3 8192
0 3410
0 5241
2 8192
0 1423
2 8192
1 8192
1 8192
0 3862
3 8192
4 8192
1 8192
0 2517
1 8192
0 4222
3 8192
3 8192
0 2546
1 8192
0 5688
1 8192
0 4844
0 2833
1 8192
1 8192
3 8192
1 8192
0 5132
0 2439
1 8192
0 1776
5 8192
3 8192
2 8192
2 8192
0 2877
0 2021
3 8192
6 8192
4 8192
2 8192
2 8192
0 1945
0 7186
2 8192
4 8192
0 4117
0 7468
2 8192
1 8192
1 8192
2 8192
2 8192
1 8192
0 3715
2 8192
0 2036
1 8192
0 5297
0 7063
0 5934
0 2045
0 603
1 8192
1 8192
0 2232
0 5535
2 8192
0 2333
0 3067
0 7289
2 8192
0 2666
1 8192
1 8192
1 8192
1 8192
0 1997
0 7269
2 8192
2 8192
0 5492
5 8192
0 2670
1 8192
2 8192
0 5818
2 8192
0 2111
2 8192
2 8192
0 2585
1 8192
1 8192
2 8192
2 8192
1 8192
0 3786
2 8192
2 8192
3 8192
0 3187
1 8192
4 8192
1 8192
1 8192
1 8192
2 8192
0 2570
1 8192
0 5751
3 8192
2 8192
6 8192
0 1346
4 8192
3 8192
1 8192
4 8192
0 8103
0 2927
1 8192
0 2608
1 8192
0 3441
0 5494
0 2756
0 3918
2 8192
2 8192
3 8192
3 8192
1 8192
2 8192
2 8192
1 8192
0 4201
3 8192
1 8192
1 8192
1 8192
0 7861
1 8192
1 8192
2 8192
1 8192
4 8192
2 8192
4 8192
0 2594
1 8192
2 8192
3 8192
0 3010
1 8192
3 8192
1 8192
1 8192
0 3145
0 4482
1 8192
1 8192
1 8192
2 8192
1 8192
0 4950
3 8192
0 3103
1 8192
0 3618
1 8192
1 8192
2 8192
3 8192
3 8192
2 8192
1 8192
0 4780
0 3096
1 8192
2 8192
0 2372
2 8192
0 3398
3 8192
3 8192
1 8192
5 8192
0 3221
2 8192
2 8192
0 7918
0 8176
2 8192
1 8192
3 8192
0 2478
3 8192
0 2678
1 8192
1 8192
2 8192
1 8192
4 8192
0 1888
0 2475
0 2564
0 1581
1 8192
1 8192
1 8192
1 8192
2 8192
2 8192
1 8192
0 5736
1 8192
1 8192
3 8192
1 8192
0 2490
1 8192
3 8192
2 8192
2 8192
2 8192
1 8192
1 8192
2 8192
2 8192
1 8192
0 4680
0 2231
1 8192
2 8192
1 8192
1 8192
1 8192
3 8192
0 2840
1 8192
3 8192
1 8192
2 8192
2 8192
1 8192
3 8192
2 8192
1 8192
0 2124
0 3233
1 8192
1 8192
1 8192
1 8192
0 2668
2 8192
1 8192
0 2718
0 1735
0 4777
0 4307
0 6019
2 8192
0 2321
0 4116
2 8192
0 4988
3 8192
0 3317
1 8192
1 8192
1 8192
1 8192
2 8192
2 8192
4 8192
1 8192
0 1475
1 8192
3 8192
2 8192
0 3315
1 8192
3 8192
1 8192
0 8060
1 8192
1 8192
0 1862
0 3624
1 8192
2 8192
2 8192
0 7344
1 8192
1 8192
3 8192
2 8192
1 8192
0 2265
1 8192
1 8192
2 8192
0 7748
1 8192
2 8192
1 8192
0 4792
1 8192
0 6550
0 3452
2 8192
0 4578
3 8192
0 3699
1 8192
0 4409
0 5554
0 3744
2 8192
0 3922
0 3870
0 5945
3 8192
1 8192
0 3786
0 5245
0 7965
0 5603
1 8192
2 8192
3 8192
0 4017
0 3316
2 8192
1 8192
0 2586
2 8192
2 8192
0 5101
2 8192
1 8192
0 5741
1 8192
1 8192
2 8192
0 4681
3 8192
0 2860
0 6328
0 2885
3 8192
1 8192
4 8192
0 2741
1 8192
3 8192
2 8192
1 8192
1 8192
3 8192
1 8192
1 8192
1 8192
1 8192
3 8192
4 8192
1 8192
1 8192
4 8192
1 8192
2 8192
1 8192
2 8192
2 8192
2 8192
2 8192
4 8192
0 1910
4 8192
1 8192
3 8192
2 8192
1 8192
2 8192
0 2338
4 8192
2 8192
2 8192
3 8192
2 8192
0 2056
0 3300
0 5074
1 8192
0 3095
1 8192
0 4344
0 5506
2 8192
2 8192
0 3325
3 8192
4 8192
1 8192
0 4863
1 8192
0 3236
2 8192
0 3795
0 5685
0 3176
2 8192
1 8192
0 4792
0 2506
1 8192
2 8192
1 8192
1 8192
3 8192
0 1929
0 4213
1 8192
0 2684
0 7880
3 8192
0 5231
1 8192
1 8192
0 4464
0 1943
1 8192
1 8192
2 8192
2 8192
4 8192
2 8192
2 8192
2 8192
4 8192
0 5254
2 8192
1 8192
0 1834
1 8192
1 8192
2 8192
2 8192
2 8192
1 8192
2 8192
0 5400
0 4586
1 8192
0 4367
0 2820
0 2772
1 8192
0 4743
0 8173
2 8192
2 8192
1 8192
1 8192
1 8192
2 8192
2 8192
0 1725
0 2929
3 8192
2 8192
4 8192
1 8192
1 8192
2 8192
0 5081
0 2384
0 2085
1 8192
3 8192
2 8192
2 8192
1 8192
2 8192
1 8192
0 1966
3 8192
0 2326
2 8192
1 8192
1 8192
2 8192
2 8192
5 8192
0 2270
2 8192
1 8192
0 2155
2 8192
0 3547
0 2280
2 8192
1 8192
2 8192
1 8192
1 8192
7 8192
0 4487
2 8192
1 8192
1 8192
1 8192
1 8192
2 8192
0 4248
4 8192
1 8192
1 8192
0 2149
1 8192
1 8192
3 8192
0 3427
2 8192
0 5134
0 4748
1 8192
0 1800
0 3555
1 8192
1 8192
0 6083
2 8192
0 6130
2 8192
3 8192
5 8192
2 8192
0 2862
2 8192
0 3147
0 2861
1 8192
0 3785
0 3788
0 3757
5 8192
2 8192
3 8192
0 5931
1 8192
0 8183
1 8192
0 3156
4 8192
0 2067
1 8192
0 8166
3 8192
2 8192
0 3507
0 5328
0 4483
2 8192
0 5341
2 8192
0 3469
1 8192
2 8192
1 8192
0 5986
0 3280
1 8192
3 8192
1 8192
0 6614
1 8192
2 8192
0 6340
1 8192
0 6371
3 8192
2 8192
1 8192
1 8192
1 8192
3 8192
2 8192
2 8192
0 3436
1 8192
0 2073
1 8192
0 6376
1 8192
1 8192
6 8192
0 7571
1 8192
0 2896
1 8192
1 8192
0 7031
0 3730
1 8192
2 8192
0 7313
2 8192
2 8192
2 8192
0 4295
2 8192
0 6099
1 8192
2 8192
2 8192
1 8192
0 1158
1 8192
1 8192
2 8192
1 8192
2 8192
2 8192
0 5907
2 8192
1 8192
3 8192
0 2769
1 8192
0 5848
0 5794
3 8192
0 2191
3 8192
0 2918
1 8192
1 8192
0 2521
1 8192
2 8192
0 6986
0 3025
2 8192
2 8192
2 8192
2 8192
1 8192
5 8192
2 8192
1 8192
1 8192
1 8192
0 2579
2 8192
1 8192
2 8192
1 8192
2 8192
0 6139
4 8192
2 8192
2 8192
0 2164
3 8192
1 8192
1 8192
1 8192
1 8192
0 4642
3 8192
1 8192
3 8192
2 8192
4 8192
0 1626
0 4829
0 5978
0 3912
1 8192
1 8192
3 8192
1 8192
2 8192
0 2924
4 8192
1 8192
0 2378
0 6383
1 8192
4 8192
1 8192
1 8192
2 8192
1 8192
4 8192
2 8192
2 8192
0 5151
2 8192
1 8192
1 8192
0 3917
3 8192
1 8192
1 8192
0 6552
1 8192
4 8192
1 8192
3 8192
1 8192
1 8192
2 8192
1 8192
2 8192
0 8065
1 8192
1 8192
1 8192
1 8192
0 5444
0 5155
0 4583
0 1909
2 8192
2 8192
2 8192
0 3606
2 8192
3 8192
2 8192
3 8192
1 8192
3 8192
2 8192
1 8192
3 8192
0 2511
1 8192
2 8192
1 8192
3 8192
2 8192
1 8192
2 8192
3 8192
2 8192
1 8192
1 8192
1 8192
4 8192
0 3069
0 5393
1 8192
3 8192
1 8192
1 8192
0 3526
1 8192
0 3168
2 8192
2 8192
2 8192
0 4022
1 8192
1 8192
2 8192
1 8192
2 8192
0 3655
2 8192
1 8192
0 2462
0 5051
2 8192
0 3862
1 8192
2 8192
3 8192
2 8192
5 8192
1 8192
1 8192
0 2940
1 8192
1 8192
2 8192
3 8192
2 8192
0 2206
1 8192
2 8192
0 1555
1 8192
0 5249
2 8192
1 8192
1 8192
0 3313
2 8192
0 4098
3 8192
2 8192
1 8192
3 8192
0 1307
0 2848
2 8192
2 8192
1 8192
1 8192
1 8192
0 4228
4 8192
0 2208
0 2820
2 8192
2 8192
1 8192
2 8192
1 8192
1 8192
3 8192
0 6523
4 8192
1 8192
1 8192
2 8192
0 4453
0 6628
1 8192
1 8192
2 8192
0 2182
1 8192
3 8192
3 8192
1 8192
1 8192
4 8192
2 8192
4 8192
2 8192
0 3825
1 8192
3 8192
5 8192
3 8192
0 4375
3 8192
0 1499
3 8192
0 7374
4 8192
3 8192
0 3910
1 8192
3 8192
0 3761
0 3768
2 8192
0 7555
0 7422
0 5772
0 3690
0 2128
3 8192
2 8192
3 8192
1 8192
0 2800
0 4963
0 3507
1 8192
1 8192
1 8192
1 8192
0 2979
1 8192
0 4426
1 8192
4 8192
3 8192
0 2755
1 8192
2 8192
0 2002
1 8192
3 8192
2 8192
1 8192
1 8192
3 8192
1 8192
0 4495
0 2862
1 8192
1 8192
1 8192
0 4766
5 8192
1 8192
4 8192
0 5535
3 8192
1 8192
0 4488
1 8192
0 2577
0 1937
3 8192
3 8192
2 8192
3 8192
0 3877
1 8192
2 8192
1 8192
0 2618
1 8192
0 2614
3 8192
1 8192
0 3250
0 3355
4 8192
0 7362
0 1829
1 8192
0 2370
2 8192
0 7770
2 8192
2 8192
3 8192
3 8192
0 4981
2 8192
2 8192
4 8192
0 3009
1 8192
2 8192
0 3664
3 8192
0 2502
2 8192
1 8192
1 8192
0 2703
1 8192
1 8192
0 3140
0 3072
2 8192
1 8192
0 3447
0 1645
1 8192
1 8192
0 2889
0 4861
1 8192
0 7762
3 8192
1 8192
2 8192
3 8192
1 8192
0 8067
1 8192
0 4978
0 2145
0 2526
1 8192
0 2213
1 8192
0 3061
1 8192
2 8192
3 8192
3 8192
0 6681
0 5521
0 2505
1 8192
3 8192
1 8192
0 1448
1 8192
5 8192
1 8192
3 8192
1 8192
2 8192
4 8192
1 8192
2 8192
0 2670
1 8192
0 1590
3 8192
1 8192
0 4490
1 8192
1 8192
2 8192
2 8192
3 8192
2 8192
3 8192
1 8192
0 4955
1 8192
0 2065
0 4750
0 5921
1 8192
1 8192
0 2913
2 8192
1 8192
1 8192
3 8192
0 1612
1 8192
1 8192
1 8192
2 8192
2 8192
2 8192
2 8192
1 8192
0 1483
0 1994
4 8192
0 8067
0 3537
1 8192
2 8192
4 8192
2 8192
2 8192
1 8192
2 8192
0 3595
3 8192
1 8192
2 8192
2 8192
1 8192
2 8192
1 8192
1 8192
1 8192
3 8192
1 8192
1 8192
2 8192
0 2354
0 2884
1 8192
2 8192
4 8192
2 8192
2 8192
1 8192
1 8192
3 8192
0 1650
0 3196
1 8192
2 8192
1 8192
2 8192
0 7466
0 5666
4 8192
1 8192
1 8192
1 8192
3 8192
1 8192
1 8192
0 7266
1 8192
1 8192
2 8192
2 8192
1 8192
3 8192
1 8192
1 8192
0 6665
3 8192
1 8192
1 8192
4 8192
3 8192
0 7618
1 8192
1 8192
1 8192
1 8192
2 8192
4 8192
3 8192
3 8192
0 5368
0 5705
2 8192
1 8192
3 8192
1 8192
3 8192
1 8192
0 2328
7 8192
0 5046
3 8192
2 8192
0 1363
0 4106
0 3030
0 6363
1 8192
1 8192
4 8192
2 8192
0 4285
1 8192
2 8192
0 2675
2 8192
0 4720
0 6759
1 8192
3 8192
0 2937
2 8192
3 8192
3 8192
3 8192
1 8192
2 8192
0 6335
1 8192
2 8192
0 4814
3 8192
1 8192
0 6525
1 8192
2 8192
0 1295
2 8192
3 8192
0 2304
1 8192
1 8192
2 8192
1 8192
0 2260
2 8192
5 8192
1 8192
0 2251
2 8192
1 8192
1 8192
1 8192
2 8192
2 8192
1 8192
3 8192
1 8192
3 8192
3 8192
4 8192
2 8192
0 7172
0 2285
1 8192
1 8192
0 3232
1 8192
2 8192
0 2782
2 8192
0 2201
2 8192
3 8192
1 8192
2 8192
1 8192
0 4008
3 8192
0 1855
3 8192
1 8192
0 5218
0 6593
0 2679
0 3606
2 8192
2 8192
0 2566
2 8192
0 4979
0 6609
0 3267
3 8192
3 8192
3 8192
1 8192
0 2446
0 4205
0 3052
3 8192
4 8192
1 8192
0 4063
2 8192
2 8192
1 8192
1 8192
2 8192
0 4683
1 8192
0 1608
1 8192
0 2050
0 3129
2 8192
2 8192
2 8192
1 8192
5 8192
0 3550
3 8192
3 8192
1 8192
1 8192
1 8192
1 8192
0 5700
0 2604
3 8192
0 3984
3 8192
1 8192
1 8192
1 8192
1 8192
1 8192
0 7396
0 4732
3 8192
1 8192
0 5478
1 8192
3 8192
0 3280
3 8192
0 6484
1 8192
2 8192
2 8192
1 8192
2 8192
1 8192
1 8192
4 8192
0 7961
2 8192
1 8192
3 8192
5 8192
1 8192
0 3196
3 8192
3 8192
1 8192
2 8192
1 8192
4 8192
1 8192
1 8192
0 3231
0 2339
2 8192
1 8192
3 8192
0 2469
0 5141
4 8192
2 8192
1 8192
1 8192
1 8192
1 8192
0 3855
1 8192
1 8192
2 8192
1 8192
1 8192
3 8192
2 8192
0 6446
3 8192
0 6307
0 2122
1 8192
3 8192
1 8192
1 8192
0 5121
1 8192
0 3367
0 3561
2 8192
2 8192
1 8192
1 8192
2 8192
1 8192
4 8192
2 8192
1 8192
0 4789
4 8192
1 8192
3 8192
3 8192
0 2922
1 8192
1 8192
0 1765
1 8192
0 4299
1 8192
0 5983
2 8192
2 8192
1 8192
0 2405
3 8192
2 8192
1 8192
1 8192
4 8192
1 8192
1 8192
0 1707
2 8192
0 6706
0 7263
2 8192
2 8192
2 8192
4 8192
2 8192
0 2248
3 8192
1 8192
2 8192
0 5842
1 8192
2 8192
1 8192
1 8192
1 8192
1 8192
3 8192
1 8192
1 8192
1 8192
1 8192
0 3129
0 3538
1 8192
1 8192
0 2771
1 8192
0 7604
2 8192
1 8192
1 8192
0 3315
1 8192
4 8192
0 2782
1 8192
2 8192
1 8192
0 4488
0 4498
0 7341
2 8192
5 8192
2 8192
2 8192
1 8192
1 8192
2 8192
0 3634
1 8192
4 8192
0 1749
0 3055
3 8192
2 8192
1 8192
2 8192
0 4110
0 1408
2 8192
1 8192
0 6351
1 8192
0 2549
0 3614
1 8192
0 2915
1 8192
1 8192
1 8192
3 8192
2 8192
1 8192
2 8192
3 8192
2 8192
1 8192
0 6266
0 2731
1 8192
1 8192
0 5568
1 8192
3 8192
1 8192
0 6274
2 8192
3 8192
4 8192
2 8192
0 3306
1 8192
1 8192
3 8192
0 5538
1 8192
2 8192
1 8192
1 8192
1 8192
1 8192
0 8085
3 8192
0 5052
2 8192
1 8192
1 8192
3 8192
1 8192
0 3152
0 2122
1 8192
0 2827
1 8192
1 8192
1 8192
1 8192
1 8192
2 8192
0 2486
2 8192
2 8192
1 8192
3 8192
2 8192
3 8192
1 8192
1 8192
1 8192
0 6601
2 8192
1 8192
0 3997
2 8192
0 3124
2 8192
0 2119
1 8192
2 8192
1 8192
1 8192
2 8192
3 8192
1 8192
0 2706
1 8192
1 8192
0 5049
0 2169
0 3919
1 8192
3 8192
1 8192
0 3213
2 8192
1 8192
2 8192
0 2530
0 2347
0 3034
2 8192
2 8192
0 5806
1 8192
3 8192
1 8192
1 8192
2 8192
1 8192
0 8006
0 2330
0 3757
0 3294
1 8192
1 8192
0 3516
0 3251
0 3371
5 8192
2 8192
2 8192
0 4696
1 8192
1 8192
2 8192
0 1912
1 8192
1 8192
1 8192
0 2989
2 8192
2 8192
0 3352
1 8192
1 8192
2 8192
1 8192
0 5855
0 6400
0 3763
1 8192
1 8192
1 8192
2 8192
0 2737
0 2321
2 8192
4 8192
1 8192
0 4571
1 8192
2 8192
3 8192
5 8192
1 8192
1 8192
2 8192
4 8192
2 8192
2 8192
0 2241
1 8192
0 3786
0 3669
1 8192
1 8192
1 8192
1 8192
3 8192
3 8192
3 8192
4 8192
3 8192
2 8192
1 8192
2 8192
0 4026
0 2785
2 8192
0 2261
4 8192
0 5283
2 8192
1 8192
0 2059
4 8192
1 8192
2 8192
1 8192
1 8192
2 8192
0 4598
2 8192
3 8192
1 8192
1 8192
2 8192
2 8192
3 8192
0 3638
1 8192
0 3810
0 4893
1 8192
2 8192
1 8192
3 8192
0 4210
1 8192
2 8192
1 8192
0 3347
0 3916
2 8192
1 8192
4 8192
1 8192
1 8192
1 8192
4 8192
3 8192
1 8192
1 8192
1 8192
2 8192
3 8192
2 8192
2 8192
2 8192
0 2992
0 7354
1 8192
3 8192
2 8192
0 2740
1 8192
0 4896
1 8192
0 5578
3 8192
0 2847
1 8192
2 8192
1 8192
1 8192
2 8192
5 8192
2 8192
0 2281
0 3605
1 8192
1 8192
0 3209
0 2228
3 8192
1 8192
0 1775
0 7112
3 8192
1 8192
0 7231
2 8192
2 8192
1 8192
1 8192
0 2906
2 8192
3 8192
0 1608
1 8192
1 8192
0 6960
1 8192
0 1740
3 8192
3 8192
1 8192
0 3655
1 8192
1 8192
1 8192
0 4832
0 5455
2 8192
1 8192
4 8192
1 8192
1 8192
0 2743
0 1601
1 8192
3 8192
0 3750
0 3275
2 8192
3 8192
2 8192
2 8192
1 8192
0 2019
0 1594
1 8192
3 8192
2 8192
2 8192
1 8192
0 3397
1 8192
1 8192
1 8192
1 8192
1 8192
0 1042
0 3877
3 8192
0 3607
2 8192
1 8192
1 8192
0 6965
1 8192
2 8192
3 8192
2 8192
2 8192
0 5354
1 8192
1 8192
0 4400
3 8192
3 8192
1 8192
1 8192
1 8192
0 1818
0 5102
1 8192
0 5103
1 8192
3 8192
1 8192
1 8192
4 8192
2 8192
3 8192
2 8192
3 8192
0 7256
1 8192
4 8192
0 3111
4 8192
1 8192
4 8192
0 2477
0 5254
0 5108
2 8192
1 8192
0 2441
0 3056
2 8192
0 3516
0 2590
1 8192
2 8192
1 8192
1 8192
1 8192
1 8192
2 8192
0 3800
2 8192
2 8192
2 8192
0 2399
2 8192
2 8192
2 8192
1 8192
0 941
0 7991
3 8192
1 8192
0 4998
1 8192
1 8192
0 5969
1 8192
1 8192
4 8192
1 8192
4 8192
0 3293
4 8192
0 2789
2 8192
1 8192
1 8192
2 8192
2 8192
2 8192
2 8192
0 6800
1 8192
3 8192
1 8192
0 6692
0 3825
1 8192
1 8192
3 8192
1 8192
1 8192
1 8192
0 3054
2 8192
0 5777
1 8192
0 6752
0 7124
2 8192
1 8192
0 3870
1 8192
1 8192
0 2601
0 4260
0 1598
2 8192
1 8192
0 5321
3 8192
0 3494
4 8192
2 8192
1 8192
1 8192
1 8192
1 8192
2 8192
0 3457
0 7186
1 8192
1 8192
0 5275
0 3431
0 2585
0 4043
0 4718
2 8192
4 8192
3 8192
0 7671
1 8192
3 8192
1 8192
3 8192
1 8192
2 8192
2 8192
1 8192
1 8192
1 8192
0 4888
3 8192
0 3151
0 5768
0 2757
0 2406
4 8192
1 8192
3 8192
0 6881
2 8192
1 8192
2 8192
1 8192
1 8192
2 8192
0 1448
2 8192
0 4557
2 8192
2 8192
3 8192
2 8192
2 8192
1 8192
1 8192
2 8192
0 6225
1 8192
2 8192
0 5253
3 8192
2 8192
1 8192
2 8192
1 8192
1 8192
1 8192
1 8192
4 8192
0 3014
1 8192
0 2675
1 8192
1 8192
0 2392
0 3603
0 2042
1 8192
2 8192
1 8192
1 8192
2 8192
1 8192
2 8192
2 8192
0 2600
3 8192
1 8192
1 8192
2 8192
2 8192
1 8192
3 8192
3 8192
0 4571
1 8192
4 8192
1 8192
2 8192
1 8192
0 7057
2 8192
1 8192
0 2146
0 5346
0 7844
1 8192
1 8192
5 8192
3 8192
0 1721
0 3633
1 8192
1 8192
1 8192
2 8192
3 8192
0 6046
3 8192
5 8192
0 4430
1 8192
0 3421
1 8192
1 8192
1 8192
5 8192
2 8192
2 8192
0 4282
2 8192
0 6112
0 1787
0 4102
1 8192
0 5018
1 8192
2 8192
1 8192
2 8192
1 8192
0 2887
2 8192
3 8192
1 8192
1 8192
2 8192
3 8192
2 8192
0 6575
0 2599
2 8192
2 8192
1 8192
0 3561
0 3235
1 8192
2 8192
0 3787
3 8192
0 6607
0 2771
1 8192
3 8192
0 2736
0 3586
1 8192
0 2678
3 8192
2 8192
0 2471
2 8192
1 8192
3 8192
0 2147
0 3019
4 8192
2 8192
1 8192
0 2103
2 8192
0 6467
1 8192
0 4835
1 8192
0 3720
1 8192
2 8192
1 8192
2 8192
1 8192
2 8192
1 8192
2 8192
0 4362
1 8192
2 8192
0 2003
2 8192
2 8192
1 8192
2 8192
3 8192
3 8192
1 8192
2 8192
5 8192
3 8192
1 8192
2 8192
0 3446
1 8192
1 8192
1 8192
4 8192
0 2884
1 8192
0 737
2 8192
2 8192
1 8192
1 8192
2 8192
0 6402
2 8192
0 3247
1 8192
6 8192
2 8192
0 2607
1 8192
0 4492
3 8192
1 8192
2 8192
1 8192
4 8192
1 8192
2 8192
0 3925
0 3993
2 8192
0 2252
2 8192
2 8192
2 8192
4 8192
1 8192
1 8192
1 8192
1 8192
1 8192
1 8192
0 5426
0 4966
1 8192
2 8192
1 8192
7 8192
1 8192
2 8192
1 8192
1 8192
2 8192
2 8192
1 8192
1 8192
1 8192
0 4802
0 5108
1 8192
3 8192
2 8192
0 3672
3 8192
2 8192
1 8192
1 8192
1 8192
1 8192
2 8192
0 1250
4 8192
0 3644
0 3922
0 3597
0 6866
0 2204
1 8192
0 4162
0 4452
1 8192
2 8192
3 8192
1 8192
1 8192
4 8192
1 8192
0 2305
1 8192
3 8192
0 2426
3 8192
1 8192
2 8192
0 2704
2 8192
1 8192
0 6062
3 8192
2 8192
1 8192
1 8192
1 8192
1 8192
1 8192
1 8192
1 8192
0 1579
1 8192
3 8192
1 8192
3 8192
0 2272
0 2465
1 8192
1 8192
0 4260
1 8192
2 8192
0 2418
3 8192
2 8192
0 2164
0 3593
1 8192
1 8192
0 5965
3 8192
3 8192
0 1778
0 2894
1 8192
0 2967
0 4328
2 8192
1 8192
3 8192
0 6048
0 2144
3 8192
0 5403
3 8192
3 8192
1 8192
2 8192
0 4921
1 8192
1 8192
0 4132
1 8192
2 8192
3 8192
2 8192
2 8192
3 8192
1 8192
2 8192
2 8192
0 2518
0 6484
2 8192
1 8192
1 8192
1 8192
4 8192
0 2825
2 8192
1 8192
1 8192
0 3561
1 8192
1 8192
0 2977
0 3711
1 8192
1 8192
1 8192
3 8192
2 8192
0 2168
0 2719
0 3725
0 2555
2 8192
0 6173
0 4958
4 8192
1 8192
1 8192
1 8192
0 4232
0 8120
0 4698
1 8192
1 8192
1 8192
1 8192
0 7884
3 8192
3 8192
3 8192
2 8192
2 8192
2 8192
2 8192
1 8192
0 4076
0 3839
2 8192
1 8192
2 8192
0 2321
0 2181
0 5221
2 8192
2 8192
1 8192
2 8192
3 8192
1 8192
1 8192
1 8192
4 8192
1 8192
2 8192
1 8192
3 8192
2 8192
2 8192
0 5344
2 8192
1 8192
1 8192
3 8192
0 2377
2 8192
0 3400
0 2255
0 7663
1 8192
0 4496
0 2646
0 7879
0 2009
0 7312
0 1867
2 8192
2 8192
1 8192
2 8192
1 8192
1 8192
0 2981
1 8192
2 8192
1 8192
0 2679
1 8192
0 4105
1 8192
3 8192
0 2599
0 2090
0 2163
0 2188
3 8192
4 8192
1 8192
2 8192
2 8192
0 3995
2 8192
1 8192
0 3597
3 8192
1 8192
2 8192
2 8192
2 8192
1 8192
3 8192
2 8192
1 8192
1 8192
0 3164
1 8192
3 8192
1 8192
2 8192
1 8192
1 8192
1 8192
1 8192
0 2809
2 8192
0 1803
1 8192
1 8192
4 8192
3 8192
2 8192
5 8192
3 8192
4 8192
2 8192
1 8192
0 5142
2 8192
2 8192
1 8192
1 8192
0 3080
2 8192
1 8192
2 8192
3 8192
2 8192
1 8192
4 8192
0 1867
0 3349
3 8192
0 6108
1 8192
2 8192
1 8192
1 8192
3 8192
3 8192
3 8192
2 8192
0 2547
1 8192
0 3465
2 8192
1 8192
1 8192
1 8192
5 8192
0 3491
0 3441
0 3022
0 6658
1 8192
1 8192
0 3456
2 8192
1 8192
2 8192
1 8192
3 8192
1 8192
0 6943
1 8192
0 3987
2 8192
0 4002
0 2662
1 8192
4 8192
4 8192
0 5050
1 8192
0 1713
2 8192
0 5497
2 8192
1 8192
1 8192
2 8192
2 8192
2 8192
1 8192
0 2348
0 2684
3 8192
1 8192
1 8192
0 2292
3 8192
2 8192
1 8192
0 4525
0 3322
0 4086
1 8192
0 3901
1 8192
2 8192
1 8192
0 3358
0 7680
0 3171
6 8192
1 8192
0 2253
0 1805
1 8192
5 8192
0 1608
0 2754
4 8192
4 8192
1 8192
3 8192
0 6117
1 8192
1 8192
1 8192
2 8192
1 8192
1 8192
1 8192
1 8192
1 8192
0 2348
0 1758
0 3511
3 8192
0 6778
1 8192
2 8192
0 3990
2 8192
1 8192
4 8192
2 8192
2 8192
3 8192
0 5022
0 6510
0 1099
1 8192
0 2463
3 8192
1 8192
0 5115
1 8192
1 8192
1 8192
0 4638
4 8192
2 8192
0 2665
3 8192
0 3622
0 1458
1 8192
0 2877
3 8192
1 8192
0 1464
0 4398
2 8192
1 8192
0 7301
1 8192
1 8192
1 8192
2 8192
1 8192
1 8192
1 8192
4 8192
1 8192
0 3351
1 8192
4 8192
4 8192
5 8192
0 3802
0 2930
1 8192
0 2338
2 8192
0 5423
3 8192
1 8192
1 8192
4 8192
0 2980
1 8192
0 5881
0 3292
3 8192
1 8192
3 8192
1 8192
0 2856
0 2396
0 3006
0 3592
1 8192
1 8192
0 4006
2 8192
0 3323
0 3065
2 8192
1 8192
1 8192
2 8192
2 8192
1 8192
1 8192
2 8192
1 8192
2 8192
0 3714
3 8192
2 8192
1 8192
3 8192
3 8192
1 8192
1 8192
1 8192
1 8192
5 8192
0 3658
1 8192
0 3606
0 5588
0 5397
3 8192
0 4898
1 8192
3 8192
0 4696
0 1837
1 8192
3 8192
0 3001
1 8192
1 8192
5 8192
0 7842
1 8192
1 8192
0 1095
0 4174
1 8192
0 906
2 8192
2 8192
4 8192
2 8192
0 1669
1 8192
4 8192
0 4947
1 8192
0 2013
1 8192
1 8192
1 8192
1 8192
1 8192
1 8192
1 8192
0 5454
0 2399
0 4957
0 5885
2 8192
1 8192
3 8192
0 3432
2 8192
1 8192
2 8192
0 5830
1 8192
0 6095
2 8192
2 8192
2 8192
4 8192
0 3135
1 8192
0 3534
1 8192
2 8192
1 8192
1 8192
0 2624
0 2599
3 8192
0 4539
1 8192
1 8192
0 1788
1 8192
3 8192
1 8192
0 3352
1 8192
0 3038
1 8192
2 8192
0 2157
2 8192
5 8192
1 8192
3 8192
1 8192
2 8192
2 8192
1 8192
2 8192
0 3363
1 8192
0 7786
2 8192
1 8192
0 2269
2 8192
2 8192
0 3802
1 8192
1 8192
0 5838
5 8192
1 8192
2 8192
2 8192
1 8192
1 8192
1 8192
2 8192
1 8192
3 8192
0 3700
1 8192
2 8192
1 8192
3 8192
0 3176
1 8192
1 8192
1 8192
0 2652
0 7543
0 3177
1 8192
1 8192
1 8192
1 8192
2 8192
0 6063
0 4028
2 8192
1 8192
0 3123
1 8192
2 8192
2 8192
1 8192
0 4335
1 8192
0 1947
2 8192
3 8192
1 8192
4 8192
1 8192
1 8192
3 8192
2 8192
0 4044
2 8192
3 8192
1 8192
0 2088
1 8192
1 8192
1 8192
0 5181
2 8192
3 8192
1 8192
1 8192
2 8192
1 8192
0 4715
2 8192
0 6759
1 8192
0 3039
0 5921
1 8192
2 8192
2 8192
2 8192
1 8192
1 8192
0 3762
0 2241
0 2392
2 8192
3 8192
2 8192
1 8192
3 8192
1 8192
2 8192
0 2587
0 2248
2 8192
1 8192
0 2046
0 3277
3 8192
1 8192
0 3293
0 2007
1 8192
0 4791
1 8192
1 8192
4 8192
4 8192
2 8192
1 8192
1 8192
1 8192
0 3799
1 8192
1 8192
1 8192
0 6418
2 8192
0 2227
2 8192
0 3226
2 8192
0 3586
2 8192
0 3185
0 2668
2 8192
0 3103
1 8192
0 4007
0 5327
0 2177
1 8192
1 8192
2 8192
0 2028
1 8192
0 7870
2 8192
2 8192
1 8192
1 8192
1 8192
2 8192
3 8192
2 8192
0 3654
1 8192
1 8192
4 8192
3 8192
0 5246
0 2622
5 8192
0 4553
0 3025
0 6666
3 8192
0 5844
0 2627
1 8192
4 8192
0 4524
0 4235
1 8192
2 8192
1 8192
1 8192
3 8192
4 8192
0 3967
0 6220
1 8192
0 4509
2 8192
0 1876
0 4663
2 8192
1 8192
2 8192
0 4658
3 8192
0 7863
1 8192
3 8192
0 1031
1 8192
1 8192
2 8192
2 8192
3 8192
1 8192
2 8192
1 8192
1 8192
1 8192
0 3067
1 8192
2 8192
3 8192
2 8192
1 8192
3 8192
0 2827
3 8192
1 8192
0 3969
0 3488
0 5553
0 5076
0 3450
2 8192
2 8192
1 8192
1 8192
0 2424
3 8192
2 8192
2 8192
0 2566
2 8192
0 1780
0 3942
0 2504
1 8192
0 5445
4 8192
2 8192
1 8192
1 8192
3 8192
2 8192
2 8192
2 8192
0 4544
1 8192
1 8192
0 6863
3 8192
1 8192
4 8192
0 2774
1 8192
2 8192
1 8192
2 8192
2 8192
3 8192
2 8192
4 8192
1 8192
0 5084
0 5323
3 8192
1 8192
1 8192
0 3670
2 8192
2 8192
2 8192
0 1342
3 8192
3 8192
2 8192
0 2007
1 8192
0 2842
1 8192
1 8192
0 1830
1 8192
1 8192
0 4225
1 8192
1 8192
0 3351
0 4433
1 8192
2 8192
5 8192
3 8192
1 8192
0 2318
1 8192
0 1909
0 7161
2 8192
3 8192
0 2927
2 8192
1 8192
2 8192
2 8192
2 8192
4 8192
2 8192
0 5770
1 8192
1 8192
0 2490
4 8192
1 8192
0 4224
0 1901
2 8192
1 8192
0 2190
2 8192
1 8192
0 5160
0 5310
2 8192
2 8192
0 3855
3 8192
0 1136
0 4841
1 8192
1 8192
0 2979
2 8192
2 8192
3 8192
2 8192
3 8192
2 8192
4 8192
0 7652
5 8192
1 8192
3 8192
0 5226
1 8192
1 8192
2 8192
1 8192
0 2136
2 8192
2 8192
2 8192
0 1963
0 1622
1 8192
0 4570
2 8192
0 2822
2 8192
3 8192
1 8192
2 8192
0 5455
2 8192
0 4457
3 8192
1 8192
3 8192
2 8192
1 8192
1 8192
1 8192
4 8192
1 8192
1 8192
1 8192
1 8192
2 8192
3 8192
0 2475
2 8192
3 8192
3 8192
2 8192
3 8192
0 5916
0 3874
5 8192
2 8192
0 7519
0 4062
1 8192
1 8192
3 8192
0 3228
0 2390
2 8192
0 2298
2 8192
1 8192
0 4313
1 8192
2 8192
1 8192
0 3991
1 8192
1 8192
2 8192
2 8192
2 8192
1 8192
0 5907
1 8192
2 8192
3 8192
1 8192
1 8192
4 8192
2 8192
1 8192
4 8192
0 6776
0 1792
1 8192
2 8192
1 8192
0 5738
0 6199
1 8192
4 8192
3 8192
0 1436
0 4095
1 8192
3 8192
2 8192
0 3395
0 2309
0 2950
1 8192
0 6562
0 7244
0 4625
1 8192
0 6894
0 4163
2 8192
0 5135
1 8192
3 8192
2 8192
0 4458
2 8192
2 8192
0 4698
2 8192
0 6311
2 8192
1 8192
0 5488
1 8192
0 4313
1 8192
3 8192
0 3103
0 3733
4 8192
3 8192
0 1780
1 8192
1 8192
0 2102
3 8192
2 8192
1 8192
1 8192
2 8192
1 8192
5 8192
2 8192
0 7109
1 8192
1 8192
0 7671
0 3442
0 2760
1 8192
5 8192
1 8192
1 8192
1 8192
2 8192
1 8192
0 2565
2 8192
0 4433
1 8192
0 1694
1 8192
1 8192
4 8192
1 8192
0 3710
0 2270
0 3632
2 8192
3 8192
1 8192
2 8192
2 8192
4 8192
0 5712
3 8192
2 8192
0 5853
0 3566
2 8192
2 8192
0 3824
2 8192
0 3139
2 8192
0 1218
2 8192
1 8192
2 8192
4 8192
2 8192
1 8192
2 8192
1 8192
0 1544
0 3789
1 8192
0 3676
0 2239
1 8192
0 2481
1 8192
6 8192
2 8192
0 3287
2 8192
0 2636
0 4024
2 8192
2 8192
2 8192
2 8192
1 8192
1 8192
0 5255
3 8192
3 8192
1 8192
0 6379
1 8192
3 8192
2 8192
1 8192
1 8192
1 8192
1 8192
0 1993
1 8192
3 8192
1 8192
0 4137
1 8192
1 8192
0 3079
1 8192
4 8192
0 5203
0 2690
3 8192
2 8192
1 8192
7 8192
1 8192
2 8192
0 3934
1 8192
0 5451
3 8192
0 5778
2 8192
2 8192
2 8192
0 4636
2 8192
2 8192
1 8192
0 2699
1 8192
0 6778
5 8192
2 8192
1 8192
0 3703
1 8192
0 3386
1 8192
1 8192
0 2634
2 8192
1 8192
1 8192
0 5245
3 8192
0 3435
0 6192
3 8192
0 2438
2 8192
0 7973
1 8192
1 8192
3 8192
0 6165
2 8192
0 5207
3 8192
1 8192
0 2442
3 8192
1 8192
2 8192
0 7936
0 1850
1 8192
2 8192
2 8192
2 8192
2 8192
0 2561
0 2507
2 8192
0 1646
2 8192
3 8192
1 8192
1 8192
0 5685
2 8192
0 6156
1 8192
1 8192
3 8192
0 6714
4 8192
1 8192
3 8192
0 2053
0 3372
1 8192
0 4912
2 8192
2 8192
1 8192
1 8192
3 8192
3 8192
2 8192
1 8192
2 8192
0 1594
2 8192
1 8192
3 8192
2 8192
2 8192
0 1408
4 8192
0 6683
0 4816
1 8192
0 3037
5 8192
0 3359
1 8192
1 8192
2 8192
1 8192
0 3318
3 8192
1 8192
4 8192
2 8192
2 8192
0 2632
2 8192
0 4885
5 8192
1 8192
1 8192
0 3185
0 4084
0 2132
1 8192
1 8192
1 8192
0 1936
2 8192
4 8192
0 1408
1 8192
0 5483
0 2772
2 8192
0 3433
1 8192
2 8192
1 8192
2 8192
1 8192
2 8192
2 8192
3 8192
0 2687
1 8192
2 8192
0 3833
1 8192
2 8192
2 8192
2 8192
1 8192
3 8192
1 8192
0 3895
1 8192
2 8192
3 8192
1 8192
1 8192
2 8192
0 4277
1 8192
0 7985
1 8192
2 8192
0 3532
0 5765
1 8192
2 8192
1 8192
1 8192
2 8192
3 8192
1 8192
1 8192
1 8192
0 4747
2 8192
0 2315
5 8192
3 8192
3 8192
0 2850
1 8192
1 8192
3 8192
2 8192
0 7078
0 1894
0 5350
1 8192
2 8192
1 8192
3 8192
3 8192
1 8192
1 8192
1 8192
0 2844
3 8192
2 8192
4 8192
2 8192
2 8192
2 8192
2 8192
2 8192
5 8192
0 1920
2 8192
1 8192
1 8192
4 8192
1 8192
5 8192
0 3905
2 8192
3 8192
2 8192
1 8192
1 8192
2 8192
1 8192
2 8192
1 8192
1 8192
3 8192
4 8192
1 8192
2 8192
1 8192
1 8192
2 8192
0 3552
1 8192
1 8192
1 8192
3 8192
4 8192
2 8192
1 8192
3 8192
1 8192
1 8192
2 8192
1 8192
2 8192
3 8192
0 2312
2 8192
3 8192
1 8192
3 8192
3 8192
1 8192
0 2958
2 8192
0 2052
1 8192
1 8192
4 8192
0 3735
1 8192
0 3344
5 8192
2 8192
1 8192
0 2582
0 6771
1 8192
1 8192
2 8192
0 2301
0 3719
2 8192
2 8192
1 8192
0 4121
0 1864
0 4515
4 8192
0 2806
2 8192
1 8192
2 8192
2 8192
2 8192
1 8192
0 2399
1 8192
0 1847
0 1900
2 8192
0 2489
2 8192
4 8192
0 2307
1 8192
0 2767
1 8192
1 8192
1 8192
2 8192
0 2846
4 8192
1 8192
1 8192
1 8192
3 8192
2 8192
2 8192
0 3794
