# SA for random K-SAT
# K = 3   N = 512   M = 2080   seed = 3683185635
# alpha = 4.062500   nIter = 512  Tmax = 0.200000
# 1:lowestUnsat  2:runTime
0 362
2 512
1 512
0 183
2 512
2 512
4 512
2 512
3 512
0 27
1 512
1 512
2 512
0 158
3 512
4 512
2 512
3 512
2 512
1 512
2 512
3 512
3 512
2 512
1 512
2 512
2 512
1 512
3 512
4 512
1 512
0 146
1 512
1 512
1 512
0 97
3 512
4 512
1 512
2 512
3 512
0 289
1 512
1 512
2 512
1 512
2 512
3 512
2 512
1 512
1 512
0 423
2 512
3 512
3 512
2 512
2 512
1 512
2 512
4 512
4 512
2 512
3 512
1 512
0 397
1 512
3 512
2 512
1 512
4 512
1 512
1 512
2 512
1 512
3 512
3 512
0 86
1 512
0 268
2 512
1 512
1 512
3 512
2 512
1 512
2 512
3 512
3 512
2 512
0 46
1 512
1 512
1 512
0 234
1 512
0 369
0 52
2 512
0 160
2 512
3 512
0 124
2 512
6 512
2 512
0 175
0 181
1 512
2 512
3 512
2 512
2 512
5 512
2 512
2 512
0 226
1 512
3 512
0 98
1 512
2 512
1 512
2 512
2 512
0 95
1 512
0 336
4 512
0 305
6 512
2 512
2 512
1 512
3 512
1 512
2 512
1 512
6 512
3 512
0 139
6 512
3 512
2 512
0 93
3 512
1 512
1 512
1 512
1 512
1 512
1 512
3 512
1 512
1 512
1 512
0 119
3 512
1 512
3 512
2 512
1 512
4 512
2 512
1 512
2 512
4 512
2 512
0 55
1 512
0 182
0 330
2 512
3 512
0 82
1 512
1 512
2 512
1 512
0 201
5 512
1 512
0 201
1 512
2 512
3 512
0 413
2 512
0 179
0 32
1 512
2 512
1 512
4 512
1 512
1 512
2 512
2 512
2 512
3 512
1 512
0 263
3 512
1 512
2 512
0 311
3 512
1 512
1 512
0 390
3 512
5 512
1 512
3 512
1 512
2 512
2 512
2 512
0 63
4 512
1 512
1 512
4 512
2 512
3 512
2 512
2 512
3 512
3 512
0 444
3 512
0 63
3 512
1 512
1 512
2 512
1 512
0 123
1 512
4 512
5 512
2 512
1 512
0 156
0 417
5 512
3 512
0 463
4 512
3 512
1 512
0 120
1 512
0 139
3 512
2 512
2 512
1 512
2 512
0 385
4 512
0 371
0 492
1 512
7 512
2 512
2 512
1 512
0 167
2 512
2 512
0 436
3 512
4 512
1 512
1 512
1 512
1 512
3 512
2 512
1 512
2 512
4 512
0 176
1 512
2 512
1 512
3 512
1 512
2 512
2 512
2 512
2 512
0 177
3 512
2 512
1 512
0 107
0 146
1 512
3 512
3 512
0 394
0 265
1 512
0 433
0 81
5 512
2 512
1 512
3 512
0 491
4 512
2 512
0 222
3 512
1 512
5 512
1 512
2 512
0 167
1 512
1 512
1 512
1 512
1 512
0 162
2 512
1 512
2 512
4 512
2 512
3 512
0 487
2 512
4 512
4 512
2 512
0 130
3 512
1 512
0 423
1 512
3 512
2 512
2 512
3 512
1 512
4 512
2 512
3 512
3 512
1 512
4 512
3 512
2 512
2 512
2 512
1 512
2 512
1 512
0 322
3 512
1 512
2 512
2 512
2 512
1 512
1 512
3 512
3 512
3 512
2 512
1 512
3 512
2 512
2 512
1 512
0 72
2 512
0 141
1 512
5 512
2 512
2 512
3 512
0 203
0 115
2 512
1 512
4 512
2 512
0 292
0 132
0 181
3 512
2 512
0 279
1 512
2 512
4 512
4 512
0 272
2 512
2 512
4 512
1 512
1 512
3 512
2 512
3 512
1 512
3 512
1 512
2 512
4 512
4 512
1 512
2 512
2 512
2 512
1 512
3 512
2 512
2 512
0 341
2 512
2 512
0 164
2 512
1 512
2 512
1 512
0 85
1 512
3 512
1 512
1 512
2 512
1 512
1 512
2 512
4 512
1 512
1 512
1 512
0 210
5 512
2 512
1 512
4 512
2 512
2 512
0 103
2 512
1 512
1 512
2 512
3 512
0 346
3 512
1 512
2 512
2 512
0 230
4 512
2 512
2 512
3 512
1 512
5 512
2 512
1 512
3 512
2 512
5 512
2 512
3 512
1 512
1 512
2 512
0 119
2 512
2 512
1 512
2 512
4 512
1 512
2 512
3 512
1 512
1 512
1 512
1 512
1 512
2 512
3 512
1 512
2 512
4 512
1 512
1 512
1 512
1 512
3 512
1 512
2 512
1 512
0 75
3 512
2 512
3 512
0 481
3 512
0 361
4 512
3 512
5 512
5 512
3 512
1 512
1 512
2 512
1 512
2 512
3 512
0 202
1 512
0 97
3 512
4 512
1 512
1 512
0 84
2 512
1 512
3 512
2 512
3 512
4 512
0 223
1 512
0 171
3 512
1 512
0 106
3 512
3 512
1 512
2 512
3 512
3 512
2 512
3 512
1 512
3 512
1 512
1 512
0 204
5 512
1 512
3 512
2 512
2 512
1 512
1 512
2 512
1 512
1 512
1 512
1 512
4 512
1 512
1 512
2 512
1 512
0 163
4 512
2 512
1 512
0 76
0 267
4 512
1 512
1 512
1 512
4 512
0 111
0 344
2 512
1 512
1 512
0 50
3 512
1 512
2 512
1 512
2 512
0 358
2 512
5 512
1 512
3 512
1 512
1 512
2 512
1 512
2 512
1 512
1 512
2 512
0 170
4 512
2 512
1 512
2 512
3 512
2 512
1 512
0 434
2 512
0 133
2 512
0 134
5 512
1 512
3 512
0 211
1 512
1 512
1 512
0 131
1 512
3 512
1 512
1 512
2 512
2 512
0 65
1 512
0 142
4 512
2 512
0 182
3 512
3 512
2 512
2 512
1 512
2 512
3 512
2 512
2 512
2 512
3 512
2 512
0 442
0 84
3 512
4 512
1 512
1 512
3 512
1 512
3 512
1 512
3 512
1 512
1 512
1 512
4 512
0 185
4 512
2 512
2 512
2 512
0 87
0 107
2 512
0 148
2 512
2 512
2 512
1 512
3 512
1 512
2 512
0 251
0 157
2 512
1 512
0 99
1 512
2 512
0 255
3 512
2 512
1 512
0 142
1 512
3 512
1 512
2 512
3 512
0 91
2 512
3 512
2 512
2 512
1 512
1 512
2 512
0 79
0 462
2 512
2 512
3 512
4 512
1 512
3 512
0 275
1 512
2 512
1 512
2 512
1 512
5 512
0 112
0 193
1 512
0 145
2 512
4 512
6 512
2 512
5 512
2 512
2 512
1 512
5 512
0 220
1 512
2 512
1 512
2 512
1 512
0 129
5 512
3 512
6 512
1 512
2 512
1 512
2 512
2 512
0 176
3 512
5 512
1 512
0 403
1 512
1 512
2 512
1 512
1 512
3 512
1 512
1 512
2 512
2 512
1 512
1 512
2 512
4 512
1 512
2 512
2 512
4 512
2 512
0 409
1 512
0 190
3 512
3 512
2 512
2 512
0 169
1 512
0 142
4 512
1 512
2 512
1 512
1 512
1 512
0 27
2 512
2 512
2 512
1 512
0 128
2 512
0 274
2 512
1 512
0 298
6 512
2 512
1 512
3 512
1 512
1 512
2 512
0 64
6 512
2 512
2 512
3 512
1 512
3 512
2 512
1 512
1 512
2 512
4 512
0 139
3 512
1 512
0 276
1 512
1 512
2 512
3 512
3 512
2 512
2 512
0 343
2 512
5 512
2 512
0 149
2 512
0 127
0 42
0 425
0 119
1 512
1 512
2 512
2 512
2 512
1 512
2 512
4 512
1 512
0 286
0 487
1 512
1 512
2 512
1 512
0 97
2 512
1 512
0 477
3 512
3 512
3 512
0 285
1 512
1 512
4 512
1 512
1 512
3 512
2 512
3 512
3 512
0 82
2 512
3 512
1 512
3 512
0 217
5 512
2 512
1 512
3 512
0 159
0 109
0 115
3 512
3 512
2 512
1 512
2 512
2 512
0 305
2 512
3 512
4 512
2 512
2 512
0 131
2 512
2 512
3 512
1 512
3 512
3 512
4 512
0 357
3 512
2 512
4 512
2 512
4 512
1 512
1 512
0 137
1 512
2 512
0 114
1 512
0 175
3 512
4 512
2 512
2 512
4 512
3 512
1 512
3 512
0 220
2 512
0 257
2 512
3 512
2 512
1 512
2 512
2 512
1 512
1 512
3 512
4 512
2 512
2 512
2 512
2 512
2 512
0 237
2 512
2 512
3 512
2 512
1 512
2 512
2 512
4 512
6 512
3 512
1 512
2 512
2 512
0 76
3 512
2 512
1 512
1 512
0 145
4 512
3 512
3 512
2 512
3 512
4 512
1 512
1 512
3 512
1 512
1 512
3 512
4 512
3 512
1 512
3 512
2 512
3 512
5 512
0 467
2 512
3 512
3 512
2 512
2 512
2 512
3 512
2 512
0 115
1 512
1 512
4 512
2 512
0 343
1 512
4 512
2 512
1 512
2 512
2 512
1 512
3 512
3 512
0 409
4 512
2 512
3 512
4 512
2 512
1 512
2 512
3 512
3 512
2 512
1 512
1 512
2 512
0 247
1 512
0 290
0 120
5 512
2 512
0 33
1 512
1 512
0 186
3 512
1 512
1 512
0 279
0 115
3 512
2 512
0 230
2 512
3 512
1 512
1 512
3 512
2 512
2 512
2 512
1 512
0 176
1 512
1 512
1 512
1 512
4 512
3 512
1 512
0 175
3 512
0 132
2 512
1 512
0 56
4 512
5 512
2 512
0 290
2 512
3 512
0 126
1 512
1 512
1 512
3 512
2 512
3 512
2 512
2 512
0 382
3 512
0 222
3 512
1 512
0 45
1 512
2 512
3 512
2 512
4 512
4 512
1 512
2 512
4 512
2 512
2 512
2 512
2 512
0 143
3 512
1 512
5 512
1 512
2 512
3 512
2 512
2 512
3 512
0 84
0 237
1 512
1 512
2 512
1 512
2 512
2 512
2 512
2 512
1 512
0 193
0 124
0 122
0 87
1 512
0 174
2 512
1 512
1 512
5 512
3 512
3 512
1 512
1 512
1 512
3 512
0 72
1 512
2 512
3 512
1 512
1 512
4 512
4 512
0 183
1 512
3 512
3 512
3 512
1 512
1 512
1 512
0 287
1 512
1 512
1 512
0 436
1 512
1 512
0 217
2 512
2 512
0 143
2 512
4 512
2 512
1 512
0 240
3 512
2 512
2 512
2 512
1 512
3 512
2 512
1 512
1 512
2 512
1 512
3 512
1 512
0 115
1 512
1 512
3 512
2 512
3 512
1 512
2 512
2 512
2 512
1 512
2 512
1 512
3 512
2 512
0 105
3 512
1 512
4 512
3 512
4 512
2 512
2 512
0 499
2 512
3 512
0 148
3 512
1 512
1 512
2 512
2 512
0 191
3 512
1 512
1 512
1 512
1 512
1 512
0 93
2 512
1 512
2 512
2 512
2 512
0 430
1 512
2 512
4 512
1 512
1 512
1 512
1 512
1 512
0 242
1 512
0 295
1 512
2 512
1 512
1 512
0 249
0 352
1 512
1 512
3 512
1 512
2 512
2 512
2 512
3 512
3 512
2 512
2 512
2 512
4 512
3 512
2 512
4 512
1 512
1 512
2 512
2 512
1 512
2 512
1 512
2 512
2 512
3 512
2 512
5 512
2 512
2 512
2 512
2 512
0 231
3 512
2 512
1 512
0 103
1 512
2 512
1 512
1 512
2 512
2 512
4 512
1 512
0 341
1 512
1 512
2 512
2 512
2 512
4 512
2 512
1 512
3 512
2 512
3 512
0 194
1 512
0 122
1 512
1 512
1 512
1 512
4 512
2 512
2 512
2 512
3 512
3 512
0 130
0 320
5 512
1 512
1 512
1 512
1 512
2 512
3 512
6 512
1 512
2 512
3 512
2 512
0 502
1 512
4 512
1 512
0 109
1 512
3 512
1 512
4 512
3 512
0 63
1 512
1 512
3 512
2 512
2 512
3 512
5 512
0 102
0 172
1 512
2 512
1 512
0 364
0 57
0 294
2 512
5 512
1 512
2 512
1 512
1 512
2 512
1 512
3 512
1 512
1 512
1 512
2 512
1 512
5 512
3 512
0 75
0 224
1 512
1 512
2 512
2 512
0 187
1 512
5 512
2 512
2 512
1 512
3 512
2 512
1 512
2 512
2 512
0 134
1 512
2 512
1 512
1 512
0 436
3 512
4 512
3 512
4 512
0 128
5 512
2 512
1 512
0 264
2 512
1 512
4 512
0 116
2 512
1 512
0 189
0 431
1 512
1 512
1 512
3 512
4 512
4 512
5 512
1 512
1 512
1 512
0 258
2 512
3 512
3 512
1 512
1 512
1 512
1 512
3 512
2 512
1 512
2 512
1 512
1 512
2 512
1 512
1 512
4 512
2 512
1 512
3 512
0 218
5 512
1 512
2 512
3 512
3 512
1 512
3 512
0 102
2 512
3 512
2 512
2 512
2 512
1 512
1 512
2 512
2 512
2 512
2 512
1 512
1 512
1 512
4 512
1 512
0 113
1 512
4 512
1 512
2 512
3 512
2 512
1 512
1 512
3 512
1 512
2 512
2 512
5 512
1 512
0 58
3 512
4 512
1 512
2 512
1 512
2 512
2 512
3 512
2 512
0 241
2 512
1 512
1 512
5 512
2 512
0 185
3 512
2 512
4 512
2 512
0 253
3 512
0 171
1 512
0 451
2 512
1 512
1 512
3 512
2 512
2 512
1 512
0 150
4 512
0 334
2 512
3 512
4 512
3 512
2 512
3 512
1 512
1 512
2 512
1 512
1 512
2 512
1 512
1 512
3 512
0 276
2 512
2 512
6 512
1 512
0 91
1 512
1 512
1 512
2 512
1 512
1 512
3 512
2 512
1 512
3 512
1 512
4 512
0 294
3 512
1 512
0 432
3 512
1 512
1 512
3 512
2 512
1 512
3 512
1 512
2 512
4 512
0 351
1 512
3 512
2 512
1 512
3 512
1 512
2 512
2 512
0 104
1 512
0 340
2 512
3 512
2 512
1 512
4 512
1 512
2 512
2 512
2 512
2 512
0 150
1 512
2 512
2 512
2 512
4 512
0 290
3 512
1 512
4 512
1 512
2 512
0 209
2 512
2 512
3 512
0 385
2 512
4 512
3 512
3 512
2 512
0 96
3 512
4 512
1 512
0 114
3 512
1 512
2 512
1 512
3 512
2 512
3 512
0 156
1 512
1 512
4 512
2 512
4 512
1 512
3 512
2 512
1 512
1 512
3 512
1 512
1 512
5 512
2 512
0 412
2 512
3 512
3 512
3 512
1 512
0 148
1 512
3 512
3 512
1 512
2 512
1 512
3 512
3 512
2 512
1 512
4 512
2 512
0 281
2 512
2 512
4 512
1 512
1 512
0 164
1 512
0 155
3 512
0 341
0 141
1 512
3 512
1 512
0 341
3 512
2 512
1 512
1 512
1 512
1 512
3 512
3 512
7 512
1 512
3 512
1 512
2 512
3 512
4 512
5 512
2 512
2 512
4 512
2 512
3 512
0 69
1 512
3 512
0 172
1 512
0 133
2 512
1 512
2 512
1 512
2 512
1 512
2 512
2 512
2 512
3 512
2 512
1 512
2 512
2 512
3 512
0 350
1 512
2 512
0 191
2 512
0 171
2 512
4 512
3 512
3 512
3 512
1 512
5 512
2 512
0 376
3 512
0 302
2 512
2 512
1 512
3 512
2 512
4 512
1 512
3 512
2 512
2 512
4 512
4 512
3 512
0 165
0 202
4 512
2 512
2 512
3 512
2 512
2 512
0 47
2 512
4 512
2 512
0 374
3 512
0 100
1 512
0 312
0 216
3 512
1 512
1 512
1 512
4 512
1 512
2 512
1 512
1 512
4 512
1 512
0 239
2 512
1 512
3 512
1 512
0 216
1 512
0 150
1 512
1 512
1 512
0 175
3 512
3 512
0 311
2 512
2 512
3 512
1 512
1 512
1 512
0 76
3 512
3 512
3 512
0 75
0 178
1 512
3 512
0 270
3 512
1 512
5 512
3 512
0 152
4 512
1 512
0 317
2 512
4 512
1 512
5 512
0 505
0 117
3 512
2 512
1 512
4 512
2 512
1 512
3 512
2 512
1 512
4 512
2 512
0 102
5 512
3 512
1 512
1 512
2 512
4 512
1 512
1 512
0 151
1 512
2 512
2 512
1 512
2 512
1 512
1 512
3 512
2 512
1 512
3 512
4 512
3 512
2 512
1 512
3 512
3 512
0 285
4 512
3 512
6 512
0 66
2 512
1 512
2 512
1 512
1 512
2 512
2 512
0 124
0 192
0 494
1 512
3 512
4 512
2 512
1 512
2 512
1 512
2 512
1 512
1 512
2 512
3 512
0 145
1 512
4 512
2 512
2 512
1 512
2 512
1 512
2 512
3 512
0 294
3 512
1 512
3 512
1 512
2 512
1 512
0 406
2 512
1 512
1 512
1 512
4 512
1 512
4 512
2 512
1 512
1 512
2 512
0 121
1 512
0 101
0 149
2 512
2 512
1 512
5 512
0 391
2 512
3 512
3 512
0 311
2 512
1 512
4 512
0 91
0 233
3 512
1 512
1 512
0 241
0 182
3 512
2 512
3 512
1 512
3 512
3 512
2 512
1 512
2 512
4 512
2 512
3 512
1 512
8 512
3 512
1 512
1 512
0 448
1 512
1 512
2 512
3 512
2 512
0 109
1 512
1 512
1 512
1 512
3 512
2 512
8 512
2 512
3 512
4 512
2 512
1 512
2 512
4 512
0 238
1 512
0 183
3 512
1 512
2 512
1 512
1 512
1 512
1 512
2 512
1 512
1 512
2 512
2 512
1 512
2 512
1 512
2 512
2 512
2 512
6 512
4 512
2 512
2 512
1 512
1 512
1 512
1 512
0 232
1 512
3 512
2 512
2 512
1 512
1 512
2 512
2 512
0 408
1 512
2 512
3 512
6 512
2 512
1 512
4 512
2 512
1 512
1 512
4 512
2 512
3 512
1 512
2 512
3 512
2 512
7 512
1 512
1 512
2 512
5 512
3 512
2 512
1 512
2 512
0 468
0 108
0 80
0 99
1 512
1 512
3 512
2 512
3 512
1 512
1 512
1 512
0 157
0 144
1 512
1 512
0 178
3 512
0 386
3 512
1 512
7 512
0 352
1 512
3 512
4 512
2 512
3 512
2 512
3 512
2 512
4 512
3 512
3 512
2 512
2 512
1 512
2 512
0 299
3 512
1 512
3 512
1 512
2 512
3 512
3 512
6 512
2 512
2 512
1 512
2 512
0 303
2 512
0 178
3 512
1 512
2 512
1 512
2 512
0 171
2 512
5 512
2 512
3 512
1 512
2 512
1 512
2 512
1 512
2 512
3 512
1 512
2 512
3 512
2 512
1 512
2 512
3 512
1 512
3 512
4 512
5 512
2 512
2 512
0 207
5 512
3 512
2 512
0 199
3 512
0 322
0 118
2 512
3 512
3 512
1 512
0 370
0 215
2 512
7 512
2 512
0 54
3 512
2 512
1 512
3 512
2 512
0 342
0 272
1 512
1 512
2 512
1 512
3 512
1 512
2 512
4 512
3 512
1 512
3 512
4 512
2 512
3 512
2 512
1 512
3 512
2 512
3 512
0 163
3 512
2 512
1 512
3 512
3 512
3 512
1 512
1 512
0 45
2 512
0 316
3 512
4 512
3 512
3 512
1 512
3 512
4 512
4 512
2 512
4 512
3 512
1 512
0 380
0 415
2 512
1 512
4 512
1 512
3 512
3 512
1 512
1 512
3 512
2 512
1 512
2 512
0 81
1 512
2 512
0 191
0 226
3 512
2 512
1 512
2 512
1 512
3 512
2 512
2 512
1 512
2 512
4 512
1 512
2 512
5 512
4 512
0 121
1 512
3 512
2 512
5 512
1 512
0 291
1 512
2 512
2 512
0 201
3 512
2 512
1 512
0 186
1 512
2 512
2 512
2 512
1 512
0 124
2 512
1 512
2 512
4 512
2 512
0 201
2 512
3 512
2 512
3 512
0 25
3 512
0 120
1 512
2 512
2 512
1 512
3 512
1 512
2 512
1 512
4 512
2 512
1 512
3 512
1 512
0 87
2 512
1 512
2 512
1 512
2 512
2 512
5 512
0 218
2 512
1 512
2 512
0 261
2 512
3 512
2 512
3 512
2 512
3 512
1 512
1 512
3 512
0 104
2 512
2 512
1 512
4 512
2 512
4 512
4 512
1 512
2 512
1 512
1 512
0 294
0 267
5 512
2 512
2 512
0 134
3 512
3 512
2 512
0 159
1 512
1 512
2 512
1 512
2 512
0 130
1 512
2 512
1 512
0 243
3 512
2 512
0 49
1 512
0 95
2 512
2 512
5 512
4 512
2 512
0 105
1 512
1 512
2 512
2 512
2 512
2 512
2 512
2 512
2 512
2 512
0 112
3 512
7 512
3 512
2 512
4 512
0 328
1 512
2 512
1 512
2 512
2 512
2 512
2 512
3 512
1 512
1 512
1 512
2 512
4 512
0 208
2 512
1 512
2 512
3 512
1 512
1 512
3 512
0 247
3 512
2 512
1 512
2 512
1 512
0 196
1 512
0 354
4 512
3 512
2 512
1 512
3 512
3 512
1 512
2 512
1 512
3 512
3 512
2 512
3 512
1 512
0 125
2 512
2 512
3 512
1 512
1 512
2 512
3 512
1 512
3 512
5 512
5 512
4 512
2 512
1 512
5 512
0 455
1 512
1 512
2 512
1 512
3 512
2 512
2 512
1 512
2 512
0 244
1 512
3 512
1 512
2 512
0 180
1 512
2 512
2 512
1 512
4 512
0 83
3 512
1 512
1 512
1 512
2 512
2 512
1 512
1 512
2 512
0 243
0 488
0 162
0 267
1 512
2 512
3 512
4 512
2 512
5 512
4 512
3 512
0 172
0 59
3 512
3 512
0 172
1 512
3 512
2 512
2 512
0 465
2 512
2 512
5 512
1 512
3 512
5 512
4 512
2 512
3 512
0 71
1 512
3 512
0 121
0 350
3 512
1 512
1 512
3 512
0 171
0 183
0 252
1 512
2 512
3 512
4 512
0 427
1 512
2 512
2 512
1 512
1 512
2 512
2 512
1 512
2 512
1 512
1 512
2 512
5 512
2 512
0 186
2 512
2 512
0 209
2 512
3 512
4 512
3 512
1 512
3 512
2 512
4 512
0 119
1 512
1 512
1 512
1 512
2 512
2 512
0 66
1 512
3 512
1 512
0 270
1 512
4 512
3 512
2 512
1 512
3 512
3 512
0 417
2 512
1 512
4 512
1 512
3 512
1 512
4 512
1 512
3 512
1 512
4 512
2 512
0 382
2 512
1 512
1 512
2 512
0 144
1 512
1 512
1 512
3 512
3 512
3 512
2 512
2 512
3 512
3 512
1 512
1 512
2 512
1 512
3 512
3 512
2 512
4 512
0 277
0 355
3 512
1 512
2 512
1 512
3 512
0 42
1 512
2 512
3 512
1 512
0 225
0 393
1 512
1 512
2 512
1 512
1 512
1 512
0 149
4 512
1 512
0 304
2 512
0 176
1 512
4 512
0 441
3 512
1 512
0 96
1 512
3 512
3 512
1 512
2 512
1 512
1 512
1 512
4 512
3 512
5 512
1 512
2 512
4 512
4 512
3 512
0 142
4 512
0 391
3 512
2 512
1 512
3 512
2 512
5 512
1 512
1 512
3 512
2 512
4 512
3 512
2 512
0 358
2 512
2 512
1 512
1 512
0 253
3 512
3 512
2 512
2 512
1 512
2 512
0 311
0 353
1 512
2 512
2 512
0 89
2 512
1 512
2 512
3 512
0 191
0 89
2 512
2 512
2 512
0 222
0 174
3 512
0 96
3 512
1 512
1 512
1 512
2 512
1 512
2 512
0 72
3 512
5 512
2 512
1 512
1 512
2 512
0 148
0 183
2 512
1 512
3 512
2 512
0 131
2 512
0 220
5 512
2 512
0 96
1 512
2 512
0 361
2 512
0 203
2 512
2 512
0 124
2 512
6 512
2 512
3 512
4 512
1 512
2 512
1 512
4 512
1 512
2 512
2 512
4 512
3 512
4 512
1 512
1 512
1 512
0 155
1 512
2 512
0 133
3 512
4 512
1 512
1 512
2 512
0 119
1 512
4 512
1 512
0 131
2 512
1 512
1 512
0 321
1 512
3 512
2 512
2 512
1 512
2 512
4 512
0 176
4 512
2 512
1 512
1 512
1 512
3 512
2 512
0 116
3 512
1 512
2 512
0 163
1 512
1 512
3 512
0 324
2 512
3 512
3 512
1 512
0 249
2 512
1 512
1 512
2 512
3 512
2 512
1 512
0 160
2 512
1 512
1 512
0 177
0 356
0 138
1 512
6 512
1 512
4 512
3 512
1 512
1 512
2 512
2 512
1 512
2 512
0 88
2 512
2 512
1 512
1 512
2 512
4 512
4 512
0 352
3 512
2 512
3 512
2 512
0 307
0 129
0 47
2 512
1 512
2 512
2 512
1 512
2 512
2 512
3 512
1 512
3 512
0 70
0 414
4 512
4 512
3 512
1 512
3 512
1 512
0 101
3 512
2 512
5 512
2 512
1 512
1 512
2 512
1 512
1 512
0 394
4 512
1 512
0 123
2 512
2 512
3 512
1 512
5 512
2 512
2 512
3 512
3 512
0 317
2 512
3 512
0 393
1 512
3 512
4 512
1 512
1 512
3 512
1 512
1 512
0 355
1 512
2 512
1 512
1 512
3 512
3 512
1 512
3 512
1 512
0 96
1 512
1 512
3 512
2 512
2 512
3 512
1 512
1 512
2 512
1 512
3 512
2 512
2 512
3 512
2 512
2 512
1 512
2 512
1 512
2 512
1 512
1 512
0 418
4 512
1 512
1 512
0 163
0 271
0 114
2 512
3 512
4 512
0 163
2 512
1 512
2 512
3 512
4 512
2 512
3 512
3 512
0 214
3 512
0 136
1 512
2 512
3 512
2 512
1 512
4 512
3 512
2 512
4 512
1 512
4 512
2 512
1 512
1 512
1 512
1 512
0 131
4 512
0 212
4 512
1 512
3 512
3 512
1 512
1 512
3 512
3 512
2 512
2 512
3 512
1 512
2 512
1 512
0 382
2 512
0 120
5 512
2 512
0 188
1 512
2 512
0 51
3 512
4 512
1 512
2 512
1 512
2 512
2 512
2 512
0 145
2 512
3 512
0 204
2 512
1 512
2 512
1 512
3 512
0 180
2 512
2 512
1 512
2 512
0 356
1 512
2 512
0 367
2 512
0 328
2 512
0 164
2 512
1 512
2 512
1 512
2 512
4 512
4 512
1 512
2 512
3 512
1 512
1 512
2 512
3 512
1 512
2 512
3 512
1 512
3 512
2 512
3 512
1 512
3 512
2 512
3 512
1 512
4 512
1 512
2 512
2 512
1 512
3 512
1 512
1 512
1 512
1 512
0 403
3 512
0 386
2 512
1 512
3 512
1 512
0 93
3 512
2 512
1 512
6 512
2 512
2 512
0 484
1 512
3 512
1 512
0 201
2 512
1 512
4 512
1 512
1 512
1 512
2 512
1 512
1 512
5 512
1 512
2 512
3 512
0 222
2 512
4 512
5 512
0 114
2 512
1 512
1 512
4 512
0 111
0 119
3 512
0 254
3 512
1 512
1 512
0 37
4 512
1 512
1 512
0 128
1 512
2 512
2 512
1 512
1 512
3 512
2 512
1 512
4 512
4 512
2 512
0 70
0 472
3 512
1 512
2 512
2 512
3 512
1 512
0 201
1 512
2 512
2 512
3 512
3 512
3 512
3 512
4 512
1 512
1 512
4 512
1 512
0 303
2 512
3 512
4 512
3 512
2 512
1 512
2 512
1 512
3 512
3 512
3 512
5 512
4 512
0 41
2 512
0 440
1 512
2 512
2 512
2 512
0 192
2 512
1 512
3 512
1 512
4 512
4 512
0 125
0 406
1 512
1 512
1 512
1 512
0 185
4 512
2 512
4 512
1 512
4 512
2 512
0 159
2 512
0 175
1 512
0 382
3 512
3 512
1 512
0 174
2 512
2 512
1 512
4 512
4 512
1 512
1 512
1 512
1 512
2 512
4 512
6 512
3 512
1 512
2 512
1 512
2 512
1 512
4 512
3 512
2 512
0 190
2 512
1 512
3 512
1 512
2 512
2 512
2 512
2 512
4 512
2 512
1 512
4 512
1 512
0 203
2 512
3 512
2 512
2 512
1 512
1 512
0 339
3 512
1 512
1 512
5 512
2 512
2 512
2 512
0 134
4 512
1 512
2 512
2 512
2 512
3 512
3 512
3 512
3 512
2 512
0 408
1 512
2 512
0 498
1 512
5 512
0 377
1 512
1 512
1 512
2 512
2 512
1 512
0 187
2 512
3 512
0 79
2 512
0 117
0 135
2 512
2 512
1 512
0 166
3 512
0 115
3 512
3 512
1 512
4 512
0 142
2 512
0 124
1 512
2 512
2 512
0 121
3 512
0 275
1 512
3 512
1 512
1 512
1 512
2 512
2 512
1 512
6 512
1 512
4 512
3 512
1 512
1 512
0 183
1 512
1 512
2 512
1 512
2 512
2 512
3 512
2 512
2 512
1 512
0 394
2 512
2 512
3 512
1 512
3 512
1 512
1 512
3 512
3 512
2 512
2 512
0 103
3 512
2 512
2 512
3 512
1 512
4 512
1 512
1 512
1 512
3 512
2 512
1 512
1 512
2 512
2 512
4 512
0 351
1 512
2 512
4 512
2 512
1 512
2 512
1 512
2 512
6 512
0 186
2 512
3 512
3 512
3 512
3 512
1 512
0 472
0 287
3 512
1 512
2 512
1 512
0 248
4 512
0 196
2 512
4 512
1 512
1 512
0 288
2 512
4 512
3 512
5 512
2 512
0 171
3 512
2 512
1 512
1 512
1 512
3 512
0 118
2 512
0 401
2 512
1 512
2 512
2 512
2 512
4 512
2 512
1 512
1 512
3 512
3 512
0 276
0 72
2 512
1 512
2 512
4 512
2 512
1 512
1 512
3 512
0 148
3 512
2 512
2 512
3 512
3 512
1 512
2 512
2 512
0 177
3 512
2 512
4 512
1 512
2 512
0 296
0 120
1 512
0 260
1 512
2 512
1 512
2 512
0 54
3 512
2 512
0 160
1 512
1 512
1 512
2 512
4 512
1 512
1 512
1 512
2 512
2 512
4 512
0 310
0 125
0 202
2 512
0 147
3 512
1 512
3 512
2 512
4 512
2 512
1 512
3 512
0 220
4 512
0 126
0 233
0 441
1 512
2 512
3 512
3 512
1 512
5 512
1 512
1 512
2 512
2 512
2 512
3 512
1 512
2 512
0 42
3 512
3 512
1 512
2 512
0 307
1 512
2 512
2 512
2 512
1 512
0 182
3 512
4 512
2 512
2 512
1 512
3 512
0 84
3 512
1 512
5 512
3 512
3 512
2 512
0 59
0 146
1 512
3 512
1 512
1 512
1 512
1 512
1 512
2 512
2 512
4 512
0 235
4 512
4 512
0 175
1 512
0 221
3 512
3 512
2 512
1 512
2 512
2 512
4 512
2 512
1 512
1 512
2 512
1 512
1 512
2 512
4 512
1 512
3 512
2 512
3 512
1 512
3 512
1 512
1 512
2 512
1 512
2 512
3 512
0 510
2 512
2 512
3 512
1 512
1 512
2 512
1 512
2 512
0 274
1 512
0 109
2 512
2 512
0 133
0 79
5 512
0 108
1 512
1 512
0 83
1 512
1 512
1 512
0 176
1 512
1 512
0 494
1 512
2 512
3 512
1 512
4 512
2 512
3 512
3 512
3 512
1 512
1 512
0 104
2 512
1 512
1 512
6 512
0 99
4 512
1 512
5 512
3 512
0 175
2 512
3 512
0 255
0 193
4 512
0 121
1 512
4 512
0 124
6 512
5 512
3 512
3 512
1 512
1 512
1 512
3 512
0 234
1 512
1 512
2 512
2 512
1 512
2 512
2 512
3 512
2 512
0 109
1 512
4 512
2 512
1 512
2 512
2 512
1 512
0 350
1 512
5 512
2 512
2 512
5 512
2 512
1 512
2 512
4 512
1 512
2 512
1 512
2 512
1 512
3 512
3 512
3 512
0 67
1 512
0 508
3 512
5 512
1 512
3 512
3 512
2 512
1 512
1 512
2 512
1 512
2 512
1 512
3 512
1 512
1 512
2 512
4 512
2 512
1 512
1 512
0 307
1 512
0 124
1 512
1 512
3 512
0 77
2 512
0 364
2 512
0 256
2 512
2 512
1 512
1 512
2 512
1 512
1 512
2 512
1 512
0 301
2 512
1 512
2 512
1 512
2 512
1 512
1 512
2 512
1 512
4 512
3 512
2 512
3 512
1 512
1 512
2 512
1 512
3 512
2 512
2 512
4 512
3 512
1 512
3 512
3 512
3 512
2 512
1 512
0 477
0 176
1 512
4 512
3 512
2 512
1 512
0 283
0 183
2 512
2 512
0 506
2 512
0 200
1 512
2 512
3 512
1 512
3 512
1 512
0 131
1 512
0 316
1 512
2 512
2 512
2 512
1 512
2 512
1 512
2 512
2 512
5 512
1 512
1 512
2 512
2 512
1 512
1 512
1 512
3 512
0 403
1 512
3 512
3 512
1 512
2 512
3 512
0 159
2 512
8 512
1 512
0 92
1 512
1 512
2 512
4 512
2 512
2 512
2 512
2 512
1 512
1 512
0 276
1 512
3 512
0 175
0 135
1 512
0 120
2 512
3 512
1 512
2 512
3 512
1 512
1 512
2 512
1 512
4 512
2 512
1 512
3 512
3 512
0 225
2 512
2 512
1 512
7 512
2 512
1 512
4 512
2 512
3 512
0 277
3 512
3 512
1 512
1 512
1 512
2 512
6 512
2 512
0 155
2 512
0 396
5 512
0 359
2 512
1 512
1 512
3 512
1 512
1 512
0 93
3 512
2 512
3 512
2 512
0 140
3 512
3 512
2 512
2 512
2 512
2 512
1 512
5 512
2 512
2 512
1 512
1 512
2 512
2 512
1 512
1 512
2 512
4 512
4 512
1 512
2 512
3 512
2 512
7 512
1 512
3 512
1 512
2 512
1 512
1 512
1 512
3 512
2 512
2 512
1 512
1 512
1 512
0 504
3 512
3 512
0 320
1 512
5 512
3 512
2 512
3 512
2 512
2 512
2 512
3 512
4 512
2 512
2 512
2 512
1 512
2 512
3 512
3 512
4 512
2 512
2 512
2 512
1 512
4 512
0 55
1 512
4 512
0 166
1 512
1 512
3 512
3 512
4 512
2 512
2 512
3 512
1 512
2 512
2 512
0 175
1 512
2 512
2 512
2 512
2 512
2 512
0 170
1 512
3 512
3 512
2 512
3 512
1 512
0 468
3 512
3 512
2 512
4 512
1 512
0 74
6 512
6 512
3 512
1 512
1 512
3 512
0 148
4 512
4 512
3 512
2 512
0 118
2 512
1 512
1 512
1 512
4 512
2 512
1 512
2 512
2 512
4 512
2 512
2 512
3 512
0 175
1 512
0 221
1 512
3 512
4 512
0 161
1 512
2 512
3 512
2 512
2 512
1 512
0 213
1 512
2 512
4 512
2 512
2 512
2 512
1 512
3 512
0 263
3 512
5 512
5 512
1 512
0 180
0 113
2 512
1 512
2 512
1 512
0 393
0 62
2 512
1 512
0 368
2 512
2 512
2 512
2 512
3 512
2 512
1 512
0 120
1 512
1 512
4 512
2 512
1 512
3 512
2 512
2 512
0 184
2 512
0 321
2 512
1 512
2 512
1 512
0 173
4 512
3 512
0 338
2 512
2 512
1 512
4 512
1 512
0 221
1 512
3 512
1 512
1 512
2 512
3 512
5 512
4 512
3 512
3 512
4 512
1 512
1 512
1 512
2 512
0 244
2 512
1 512
3 512
1 512
1 512
3 512
2 512
3 512
2 512
2 512
1 512
1 512
1 512
2 512
3 512
3 512
1 512
1 512
1 512
1 512
0 103
0 229
1 512
0 162
1 512
1 512
2 512
3 512
3 512
2 512
0 128
3 512
0 332
3 512
2 512
2 512
0 404
3 512
0 238
1 512
0 186
1 512
2 512
0 267
2 512
1 512
3 512
3 512
0 273
2 512
2 512
2 512
1 512
2 512
2 512
1 512
3 512
1 512
1 512
1 512
2 512
1 512
2 512
0 359
2 512
2 512
4 512
1 512
2 512
1 512
1 512
2 512
2 512
2 512
1 512
1 512
2 512
0 324
2 512
2 512
3 512
1 512
2 512
4 512
2 512
1 512
0 375
4 512
6 512
0 101
3 512
1 512
3 512
2 512
2 512
3 512
5 512
1 512
1 512
1 512
2 512
2 512
1 512
2 512
4 512
0 400
1 512
1 512
1 512
6 512
3 512
2 512
0 348
0 321
3 512
4 512
2 512
1 512
5 512
2 512
3 512
1 512
1 512
3 512
3 512
1 512
1 512
2 512
1 512
1 512
1 512
2 512
2 512
5 512
3 512
1 512
0 254
3 512
1 512
2 512
1 512
2 512
5 512
2 512
4 512
2 512
2 512
2 512
1 512
1 512
2 512
2 512
1 512
2 512
1 512
1 512
0 103
1 512
0 97
1 512
2 512
3 512
1 512
1 512
1 512
1 512
3 512
2 512
3 512
3 512
1 512
2 512
4 512
1 512
2 512
5 512
0 183
3 512
1 512
2 512
2 512
1 512
1 512
1 512
1 512
3 512
3 512
1 512
3 512
2 512
2 512
1 512
3 512
3 512
0 180
2 512
4 512
2 512
1 512
0 39
1 512
3 512
0 150
3 512
4 512
3 512
0 287
0 218
1 512
1 512
1 512
0 99
0 154
1 512
2 512
1 512
4 512
5 512
3 512
1 512
0 141
3 512
2 512
2 512
1 512
2 512
2 512
3 512
2 512
1 512
1 512
0 131
6 512
4 512
2 512
4 512
4 512
3 512
2 512
2 512
1 512
0 246
1 512
3 512
5 512
2 512
2 512
0 141
1 512
1 512
3 512
3 512
3 512
1 512
2 512
0 381
2 512
1 512
2 512
3 512
2 512
1 512
4 512
2 512
2 512
2 512
0 402
0 105
0 71
1 512
0 167
2 512
2 512
2 512
1 512
1 512
2 512
4 512
3 512
2 512
6 512
2 512
0 132
1 512
1 512
4 512
1 512
0 119
2 512
3 512
2 512
3 512
1 512
2 512
1 512
2 512
2 512
1 512
2 512
1 512
1 512
2 512
1 512
2 512
1 512
4 512
3 512
2 512
3 512
4 512
3 512
1 512
2 512
1 512
4 512
2 512
1 512
2 512
3 512
5 512
2 512
2 512
1 512
1 512
1 512
1 512
3 512
2 512
2 512
0 132
2 512
1 512
1 512
0 361
0 143
2 512
2 512
0 118
2 512
2 512
1 512
2 512
1 512
3 512
0 442
1 512
1 512
3 512
2 512
2 512
4 512
4 512
3 512
1 512
0 266
0 264
3 512
3 512
3 512
2 512
1 512
2 512
3 512
3 512
0 116
1 512
3 512
0 126
1 512
2 512
4 512
3 512
1 512
2 512
3 512
1 512
0 174
1 512
1 512
1 512
2 512
1 512
1 512
2 512
2 512
1 512
1 512
3 512
1 512
1 512
1 512
0 242
3 512
3 512
3 512
0 355
2 512
1 512
1 512
1 512
4 512
0 190
2 512
2 512
5 512
4 512
1 512
3 512
2 512
1 512
2 512
1 512
0 143
1 512
1 512
2 512
1 512
2 512
1 512
1 512
1 512
2 512
2 512
1 512
1 512
1 512
1 512
2 512
3 512
4 512
4 512
1 512
3 512
2 512
2 512
1 512
2 512
0 171
1 512
1 512
2 512
5 512
2 512
2 512
1 512
2 512
3 512
0 220
0 178
1 512
2 512
5 512
3 512
0 61
3 512
2 512
3 512
0 429
0 197
1 512
4 512
0 205
4 512
3 512
1 512
2 512
1 512
2 512
1 512
4 512
3 512
2 512
2 512
1 512
0 122
0 275
1 512
4 512
2 512
0 143
2 512
0 188
3 512
1 512
0 89
1 512
2 512
1 512
2 512
3 512
2 512
4 512
1 512
1 512
2 512
5 512
0 97
0 326
3 512
4 512
4 512
1 512
2 512
0 449
3 512
0 285
3 512
2 512
2 512
1 512
0 433
1 512
2 512
1 512
2 512
2 512
1 512
2 512
1 512
1 512
1 512
0 114
0 383
0 92
0 400
4 512
0 156
3 512
2 512
2 512
0 415
5 512
1 512
1 512
1 512
3 512
1 512
1 512
1 512
1 512
1 512
0 161
1 512
1 512
0 143
4 512
0 203
3 512
0 101
1 512
1 512
1 512
0 222
3 512
2 512
1 512
2 512
1 512
0 102
2 512
2 512
1 512
0 96
2 512
3 512
2 512
3 512
2 512
2 512
2 512
2 512
2 512
4 512
2 512
2 512
5 512
0 174
2 512
4 512
4 512
2 512
3 512
2 512
1 512
4 512
0 165
2 512
1 512
0 222
2 512
1 512
3 512
0 415
2 512
2 512
1 512
4 512
2 512
1 512
2 512
0 483
1 512
5 512
4 512
1 512
5 512
2 512
5 512
1 512
0 115
1 512
0 158
0 55
1 512
2 512
2 512
1 512
1 512
3 512
4 512
1 512
1 512
4 512
2 512
1 512
1 512
0 150
2 512
2 512
3 512
0 117
2 512
2 512
3 512
0 219
0 100
3 512
2 512
2 512
2 512
3 512
0 383
0 63
3 512
1 512
3 512
2 512
0 85
4 512
3 512
1 512
0 385
1 512
1 512
2 512
0 262
3 512
3 512
3 512
0 98
3 512
3 512
2 512
2 512
0 392
5 512
1 512
4 512
3 512
2 512
2 512
3 512
0 104
4 512
2 512
4 512
0 330
2 512
2 512
0 491
2 512
1 512
2 512
1 512
3 512
1 512
1 512
2 512
3 512
2 512
1 512
1 512
1 512
1 512
0 203
0 122
4 512
2 512
0 313
3 512
0 279
2 512
0 127
1 512
3 512
2 512
2 512
3 512
2 512
1 512
2 512
0 312
1 512
2 512
1 512
0 189
2 512
2 512
1 512
3 512
1 512
4 512
0 126
1 512
2 512
2 512
0 58
2 512
1 512
2 512
3 512
4 512
1 512
1 512
0 420
2 512
2 512
2 512
2 512
4 512
1 512
0 222
1 512
1 512
2 512
2 512
3 512
3 512
1 512
2 512
3 512
0 164
0 316
0 263
4 512
2 512
1 512
1 512
0 90
1 512
1 512
3 512
3 512
2 512
2 512
0 483
1 512
2 512
4 512
2 512
1 512
3 512
1 512
3 512
3 512
1 512
0 113
0 368
1 512
1 512
3 512
0 83
1 512
2 512
0 248
1 512
1 512
3 512
2 512
0 142
1 512
1 512
2 512
1 512
4 512
2 512
2 512
1 512
0 417
3 512
2 512
1 512
4 512
1 512
1 512
4 512
2 512
1 512
6 512
3 512
5 512
4 512
0 176
2 512
4 512
2 512
3 512
2 512
1 512
3 512
2 512
1 512
3 512
4 512
1 512
2 512
1 512
2 512
2 512
0 497
2 512
0 300
4 512
0 278
1 512
1 512
2 512
2 512
5 512
0 183
2 512
2 512
1 512
1 512
0 259
3 512
3 512
2 512
2 512
4 512
3 512
1 512
1 512
4 512
2 512
0 91
0 130
1 512
1 512
3 512
2 512
1 512
1 512
1 512
0 59
2 512
4 512
0 197
4 512
0 79
1 512
0 41
2 512
0 371
2 512
1 512
2 512
4 512
1 512
1 512
1 512
4 512
0 409
2 512
1 512
1 512
3 512
2 512
0 256
1 512
1 512
3 512
2 512
3 512
1 512
2 512
1 512
2 512
4 512
0 118
1 512
1 512
2 512
3 512
3 512
2 512
1 512
5 512
5 512
0 210
0 301
2 512
4 512
1 512
2 512
2 512
2 512
1 512
1 512
3 512
1 512
0 134
1 512
2 512
1 512
1 512
2 512
6 512
4 512
1 512
3 512
0 223
3 512
3 512
2 512
1 512
2 512
2 512
1 512
2 512
0 342
1 512
0 279
1 512
1 512
3 512
1 512
3 512
1 512
0 111
1 512
1 512
0 77
3 512
3 512
2 512
1 512
1 512
0 155
4 512
1 512
1 512
2 512
0 161
1 512
0 259
1 512
0 42
3 512
4 512
1 512
1 512
2 512
3 512
4 512
2 512
0 137
1 512
3 512
0 94
1 512
2 512
2 512
2 512
2 512
2 512
1 512
3 512
0 155
1 512
2 512
1 512
2 512
4 512
1 512
1 512
1 512
0 176
3 512
0 63
2 512
0 274
1 512
2 512
1 512
3 512
1 512
2 512
3 512
3 512
1 512
3 512
2 512
2 512
2 512
2 512
4 512
0 44
2 512
4 512
2 512
1 512
1 512
0 139
3 512
1 512
2 512
2 512
0 57
0 369
1 512
2 512
2 512
4 512
0 41
0 123
1 512
3 512
3 512
2 512
1 512
3 512
2 512
2 512
3 512
2 512
1 512
2 512
4 512
2 512
1 512
0 285
2 512
2 512
1 512
2 512
1 512
1 512
1 512
1 512
3 512
0 227
4 512
1 512
1 512
3 512
2 512
1 512
1 512
1 512
0 498
0 155
2 512
3 512
0 111
0 91
4 512
0 326
2 512
1 512
1 512
1 512
3 512
0 137
0 185
1 512
5 512
2 512
0 197
2 512
1 512
2 512
3 512
0 302
3 512
1 512
1 512
3 512
2 512
2 512
2 512
1 512
4 512
2 512
2 512
0 320
1 512
2 512
4 512
3 512
0 45
4 512
1 512
2 512
2 512
2 512
1 512
3 512
3 512
2 512
1 512
1 512
1 512
2 512
1 512
0 365
2 512
1 512
2 512
4 512
1 512
2 512
3 512
3 512
2 512
0 204
1 512
1 512
2 512
0 50
1 512
5 512
1 512
2 512
3 512
1 512
0 345
1 512
0 155
3 512
2 512
1 512
0 245
4 512
2 512
2 512
2 512
1 512
4 512
2 512
3 512
2 512
0 50
0 137
4 512
2 512
1 512
1 512
1 512
1 512
3 512
3 512
4 512
4 512
1 512
2 512
0 198
1 512
0 383
4 512
0 194
2 512
2 512
2 512
0 131
3 512
3 512
2 512
2 512
3 512
2 512
3 512
2 512
1 512
1 512
3 512
1 512
1 512
1 512
3 512
3 512
4 512
1 512
1 512
2 512
1 512
2 512
0 86
2 512
1 512
2 512
2 512
3 512
3 512
3 512
1 512
2 512
3 512
2 512
4 512
3 512
0 155
0 65
3 512
1 512
2 512
2 512
0 162
2 512
0 462
1 512
1 512
2 512
6 512
2 512
1 512
2 512
1 512
2 512
3 512
0 491
2 512
3 512
0 506
2 512
2 512
2 512
2 512
1 512
2 512
0 360
2 512
0 111
0 151
1 512
4 512
5 512
2 512
2 512
1 512
4 512
2 512
2 512
2 512
4 512
2 512
3 512
0 204
1 512
2 512
1 512
2 512
2 512
2 512
1 512
1 512
2 512
1 512
2 512
0 234
2 512
1 512
4 512
2 512
1 512
2 512
2 512
2 512
1 512
2 512
0 121
0 499
3 512
2 512
1 512
1 512
3 512
1 512
1 512
3 512
2 512
0 455
2 512
0 489
1 512
2 512
1 512
4 512
2 512
0 128
2 512
4 512
2 512
3 512
1 512
3 512
1 512
2 512
0 173
1 512
1 512
1 512
1 512
0 294
1 512
3 512
2 512
1 512
1 512
0 121
3 512
3 512
7 512
3 512
0 70
3 512
3 512
4 512
0 317
1 512
4 512
1 512
1 512
4 512
2 512
4 512
0 414
1 512
1 512
0 221
0 181
1 512
4 512
3 512
3 512
1 512
4 512
1 512
2 512
2 512
1 512
1 512
1 512
1 512
2 512
0 347
0 490
1 512
2 512
1 512
0 492
3 512
1 512
1 512
2 512
3 512
2 512
2 512
0 198
3 512
1 512
1 512
4 512
4 512
0 258
1 512
2 512
1 512
2 512
1 512
3 512
3 512
0 255
0 72
1 512
1 512
0 282
1 512
4 512
5 512
0 232
1 512
1 512
0 510
2 512
1 512
2 512
2 512
3 512
3 512
0 281
1 512
3 512
0 303
1 512
1 512
2 512
1 512
2 512
0 80
0 117
5 512
2 512
1 512
1 512
2 512
1 512
0 177
1 512
1 512
0 180
3 512
3 512
3 512
0 440
2 512
4 512
1 512
2 512
3 512
2 512
2 512
1 512
2 512
1 512
0 386
2 512
4 512
2 512
1 512
2 512
1 512
3 512
3 512
3 512
2 512
1 512
3 512
0 273
1 512
1 512
2 512
1 512
0 146
0 452
2 512
1 512
3 512
0 120
2 512
1 512
2 512
2 512
3 512
0 479
0 48
2 512
1 512
1 512
2 512
2 512
1 512
1 512
2 512
2 512
2 512
1 512
0 217
3 512
0 201
2 512
3 512
2 512
2 512
5 512
2 512
1 512
2 512
2 512
5 512
1 512
3 512
2 512
5 512
5 512
1 512
0 141
5 512
2 512
1 512
2 512
1 512
1 512
3 512
0 452
1 512
3 512
0 192
2 512
2 512
1 512
4 512
0 369
1 512
2 512
2 512
2 512
1 512
1 512
2 512
3 512
2 512
1 512
3 512
0 234
0 418
1 512
2 512
1 512
5 512
2 512
1 512
0 388
0 293
1 512
4 512
5 512
3 512
2 512
1 512
2 512
3 512
1 512
0 422
2 512
1 512
1 512
4 512
1 512
5 512
1 512
0 507
2 512
1 512
2 512
4 512
1 512
1 512
1 512
2 512
2 512
1 512
1 512
3 512
1 512
3 512
1 512
3 512
2 512
2 512
1 512
0 160
2 512
1 512
4 512
2 512
3 512
1 512
3 512
3 512
2 512
1 512
1 512
0 242
1 512
3 512
3 512
5 512
3 512
2 512
1 512
3 512
2 512
2 512
1 512
1 512
2 512
0 424
1 512
2 512
1 512
0 401
2 512
5 512
1 512
1 512
3 512
1 512
4 512
2 512
2 512
6 512
0 197
4 512
2 512
1 512
3 512
1 512
0 370
0 35
2 512
2 512
4 512
2 512
1 512
1 512
1 512
2 512
2 512
2 512
1 512
2 512
1 512
3 512
2 512
4 512
1 512
3 512
4 512
1 512
4 512
2 512
1 512
0 499
2 512
3 512
0 419
2 512
4 512
3 512
0 290
0 194
2 512
1 512
0 58
1 512
1 512
2 512
1 512
2 512
2 512
1 512
0 239
2 512
0 228
0 92
1 512
0 358
0 131
3 512
2 512
1 512
4 512
0 355
3 512
2 512
2 512
2 512
3 512
1 512
2 512
4 512
0 38
0 137
2 512
4 512
0 124
0 156
1 512
1 512
0 166
2 512
1 512
0 257
2 512
2 512
3 512
3 512
1 512
2 512
1 512
4 512
0 168
1 512
2 512
3 512
2 512
2 512
1 512
2 512
0 175
1 512
0 104
1 512
2 512
1 512
3 512
0 161
1 512
2 512
1 512
3 512
0 189
1 512
2 512
1 512
3 512
0 44
2 512
3 512
0 108
0 165
0 268
1 512
1 512
2 512
1 512
1 512
1 512
1 512
1 512
1 512
4 512
2 512
2 512
0 236
0 358
2 512
1 512
0 84
3 512
0 251
4 512
4 512
2 512
1 512
0 103
3 512
0 223
3 512
1 512
2 512
1 512
1 512
0 184
1 512
2 512
3 512
1 512
1 512
2 512
2 512
2 512
3 512
4 512
3 512
0 316
1 512
2 512
3 512
1 512
3 512
0 132
2 512
1 512
2 512
3 512
1 512
5 512
1 512
4 512
2 512
3 512
2 512
3 512
2 512
4 512
0 199
2 512
1 512
2 512
2 512
0 137
2 512
2 512
1 512
0 162
2 512
0 374
1 512
1 512
3 512
1 512
1 512
3 512
1 512
1 512
1 512
3 512
2 512
2 512
0 438
2 512
2 512
1 512
1 512
0 353
1 512
5 512
3 512
2 512
1 512
1 512
1 512
4 512
2 512
0 410
1 512
3 512
1 512
2 512
1 512
3 512
3 512
3 512
5 512
2 512
0 333
2 512
2 512
1 512
1 512
3 512
2 512
2 512
0 263
5 512
1 512
3 512
2 512
0 210
2 512
1 512
4 512
1 512
0 184
1 512
4 512
3 512
4 512
3 512
3 512
1 512
3 512
3 512
0 245
4 512
3 512
3 512
1 512
1 512
2 512
2 512
2 512
6 512
0 144
3 512
3 512
0 380
4 512
1 512
6 512
0 271
2 512
2 512
1 512
1 512
2 512
5 512
2 512
0 441
0 499
4 512
3 512
0 147
1 512
0 135
2 512
2 512
1 512
1 512
1 512
3 512
2 512
2 512
0 81
0 192
2 512
2 512
2 512
1 512
1 512
1 512
2 512
2 512
0 147
2 512
1 512
3 512
2 512
1 512
0 239
2 512
1 512
2 512
3 512
1 512
1 512
4 512
3 512
0 260
0 274
2 512
4 512
1 512
2 512
0 286
1 512
2 512
1 512
1 512
1 512
4 512
2 512
2 512
0 496
2 512
0 384
2 512
2 512
1 512
1 512
1 512
1 512
0 191
2 512
2 512
1 512
2 512
3 512
3 512
2 512
0 283
2 512
0 333
3 512
1 512
1 512
2 512
3 512
1 512
0 171
3 512
1 512
1 512
2 512
1 512
2 512
2 512
2 512
6 512
0 39
0 80
1 512
3 512
3 512
1 512
1 512
3 512
1 512
2 512
1 512
2 512
1 512
3 512
3 512
2 512
1 512
1 512
1 512
4 512
2 512
1 512
0 408
1 512
4 512
1 512
3 512
1 512
2 512
1 512
1 512
0 144
1 512
1 512
6 512
2 512
3 512
0 366
2 512
2 512
3 512
1 512
6 512
1 512
0 223
0 218
2 512
2 512
1 512
1 512
1 512
3 512
2 512
0 199
3 512
0 233
4 512
2 512
2 512
4 512
3 512
6 512
2 512
2 512
1 512
2 512
1 512
4 512
1 512
0 387
0 319
2 512
1 512
4 512
1 512
1 512
3 512
1 512
3 512
2 512
1 512
1 512
2 512
1 512
1 512
1 512
1 512
0 295
1 512
0 219
2 512
5 512
0 396
3 512
1 512
0 320
1 512
1 512
1 512
3 512
1 512
3 512
1 512
3 512
3 512
3 512
1 512
1 512
0 93
1 512
1 512
1 512
2 512
2 512
4 512
3 512
2 512
2 512
3 512
3 512
2 512
5 512
2 512
0 181
1 512
1 512
1 512
6 512
4 512
2 512
1 512
3 512
0 468
1 512
2 512
2 512
3 512
1 512
1 512
2 512
2 512
3 512
1 512
1 512
2 512
1 512
3 512
3 512
0 234
2 512
1 512
2 512
1 512
2 512
1 512
2 512
1 512
1 512
4 512
2 512
7 512
0 181
1 512
3 512
3 512
0 101
1 512
0 93
3 512
4 512
2 512
1 512
0 398
3 512
1 512
3 512
4 512
2 512
1 512
1 512
1 512
1 512
3 512
1 512
3 512
3 512
4 512
0 133
4 512
5 512
1 512
6 512
1 512
1 512
4 512
1 512
3 512
0 87
0 122
0 97
1 512
4 512
6 512
2 512
1 512
3 512
3 512
5 512
1 512
1 512
2 512
2 512
3 512
1 512
5 512
1 512
0 411
1 512
0 148
3 512
1 512
2 512
5 512
4 512
2 512
0 228
4 512
4 512
1 512
0 428
2 512
2 512
1 512
3 512
2 512
2 512
3 512
3 512
4 512
2 512
1 512
1 512
3 512
4 512
3 512
2 512
1 512
2 512
4 512
1 512
1 512
1 512
4 512
1 512
2 512
4 512
2 512
0 35
3 512
0 30
1 512
4 512
2 512
1 512
1 512
0 49
0 35
3 512
3 512
1 512
3 512
1 512
3 512
5 512
1 512
1 512
1 512
1 512
1 512
0 137
0 135
2 512
1 512
3 512
0 239
1 512
0 441
2 512
0 100
2 512
0 414
3 512
4 512
1 512
4 512
5 512
2 512
5 512
1 512
1 512
4 512
3 512
3 512
2 512
1 512
3 512
2 512
1 512
3 512
2 512
1 512
2 512
4 512
1 512
1 512
0 226
2 512
4 512
1 512
0 173
6 512
0 138
3 512
1 512
2 512
5 512
1 512
0 215
1 512
0 164
1 512
2 512
4 512
2 512
3 512
1 512
1 512
1 512
1 512
2 512
2 512
2 512
2 512
1 512
2 512
3 512
1 512
1 512
1 512
3 512
3 512
2 512
2 512
0 200
0 138
0 154
2 512
2 512
2 512
3 512
3 512
2 512
2 512
2 512
2 512
6 512
3 512
2 512
1 512
1 512
3 512
3 512
3 512
3 512
3 512
2 512
0 105
4 512
1 512
0 150
3 512
0 43
2 512
2 512
3 512
1 512
2 512
0 416
0 105
2 512
1 512
1 512
3 512
0 453
2 512
3 512
2 512
4 512
1 512
3 512
0 261
0 163
1 512
2 512
0 377
5 512
0 402
2 512
2 512
2 512
0 265
1 512
2 512
2 512
0 124
3 512
2 512
2 512
3 512
1 512
2 512
3 512
2 512
2 512
4 512
1 512
0 360
0 508
3 512
3 512
5 512
2 512
2 512
0 374
1 512
2 512
1 512
2 512
2 512
0 331
1 512
1 512
1 512
2 512
7 512
1 512
2 512
2 512
0 76
2 512
1 512
3 512
0 169
2 512
3 512
3 512
1 512
0 224
1 512
1 512
2 512
1 512
0 411
1 512
1 512
2 512
2 512
4 512
2 512
2 512
5 512
0 94
1 512
0 145
3 512
4 512
2 512
1 512
2 512
4 512
2 512
4 512
0 89
3 512
3 512
1 512
4 512
3 512
3 512
0 91
0 114
0 128
2 512
1 512
2 512
2 512
0 264
1 512
2 512
3 512
0 410
5 512
0 441
1 512
2 512
3 512
2 512
2 512
3 512
0 333
4 512
3 512
0 136
1 512
5 512
1 512
1 512
1 512
2 512
1 512
4 512
3 512
3 512
0 158
5 512
4 512
2 512
2 512
2 512
2 512
1 512
1 512
5 512
3 512
3 512
4 512
0 409
1 512
2 512
1 512
2 512
0 62
0 73
2 512
0 163
2 512
1 512
3 512
1 512
2 512
0 171
3 512
1 512
3 512
3 512
0 196
2 512
3 512
2 512
2 512
5 512
0 183
1 512
1 512
2 512
1 512
4 512
1 512
3 512
2 512
2 512
1 512
2 512
3 512
0 73
2 512
1 512
0 54
2 512
2 512
0 496
0 140
2 512
0 180
2 512
1 512
2 512
0 113
1 512
3 512
2 512
1 512
0 188
4 512
3 512
2 512
3 512
2 512
3 512
3 512
0 71
2 512
1 512
3 512
1 512
1 512
0 95
1 512
6 512
0 465
2 512
1 512
0 185
0 196
1 512
2 512
1 512
0 183
1 512
0 120
4 512
2 512
4 512
2 512
2 512
3 512
1 512
1 512
2 512
0 184
3 512
3 512
3 512
1 512
2 512
3 512
3 512
0 162
2 512
3 512
1 512
0 171
2 512
0 93
0 93
1 512
1 512
2 512
1 512
3 512
0 153
2 512
1 512
2 512
1 512
3 512
1 512
5 512
3 512
2 512
2 512
2 512
0 110
3 512
3 512
4 512
0 291
2 512
1 512
2 512
2 512
2 512
4 512
1 512
2 512
0 280
3 512
0 235
4 512
2 512
1 512
1 512
0 241
3 512
3 512
2 512
2 512
3 512
3 512
1 512
2 512
2 512
2 512
1 512
0 168
2 512
3 512
2 512
3 512
1 512
1 512
3 512
5 512
4 512
3 512
1 512
1 512
4 512
3 512
4 512
0 199
1 512
2 512
5 512
1 512
3 512
1 512
1 512
0 195
3 512
3 512
2 512
2 512
3 512
2 512
3 512
1 512
1 512
4 512
2 512
1 512
2 512
1 512
2 512
2 512
3 512
2 512
5 512
4 512
1 512
1 512
6 512
5 512
0 269
1 512
1 512
1 512
3 512
3 512
3 512
2 512
0 215
1 512
1 512
2 512
5 512
4 512
0 311
4 512
0 197
0 118
4 512
2 512
2 512
3 512
2 512
2 512
1 512
2 512
2 512
0 94
2 512
1 512
3 512
1 512
2 512
2 512
0 152
4 512
1 512
4 512
3 512
3 512
0 50
3 512
5 512
1 512
4 512
2 512
3 512
0 303
1 512
0 301
3 512
1 512
4 512
1 512
3 512
4 512
0 157
3 512
0 99
3 512
1 512
4 512
2 512
1 512
5 512
5 512
3 512
1 512
3 512
3 512
3 512
0 316
2 512
3 512
4 512
2 512
2 512
5 512
2 512
1 512
3 512
3 512
2 512
4 512
0 251
2 512
0 57
0 224
3 512
2 512
1 512
3 512
6 512
1 512
1 512
0 171
3 512
4 512
1 512
2 512
3 512
2 512
2 512
1 512
2 512
3 512
2 512
2 512
2 512
4 512
2 512
0 136
4 512
2 512
4 512
3 512
1 512
1 512
4 512
1 512
1 512
2 512
1 512
2 512
2 512
1 512
2 512
3 512
0 246
1 512
2 512
1 512
2 512
3 512
2 512
2 512
1 512
4 512
1 512
1 512
0 198
2 512
2 512
3 512
1 512
0 293
4 512
3 512
1 512
2 512
1 512
2 512
1 512
2 512
1 512
2 512
2 512
2 512
0 61
3 512
2 512
2 512
2 512
1 512
3 512
2 512
2 512
0 396
1 512
3 512
3 512
2 512
0 142
5 512
2 512
0 55
2 512
0 343
2 512
2 512
1 512
1 512
1 512
2 512
1 512
0 53
3 512
1 512
1 512
1 512
1 512
0 226
3 512
2 512
2 512
1 512
1 512
2 512
0 356
2 512
2 512
0 66
3 512
1 512
2 512
1 512
0 163
1 512
2 512
1 512
1 512
2 512
1 512
1 512
1 512
2 512
2 512
2 512
3 512
3 512
2 512
1 512
2 512
3 512
5 512
1 512
2 512
1 512
2 512
2 512
1 512
1 512
1 512
2 512
1 512
1 512
2 512
2 512
1 512
5 512
0 481
3 512
0 399
3 512
1 512
2 512
2 512
2 512
3 512
0 205
0 452
3 512
1 512
0 112
3 512
0 177
2 512
1 512
0 175
2 512
1 512
1 512
2 512
0 170
0 285
1 512
3 512
2 512
3 512
2 512
2 512
0 92
1 512
2 512
5 512
1 512
2 512
1 512
0 244
1 512
1 512
1 512
4 512
4 512
1 512
2 512
2 512
2 512
4 512
1 512
0 317
2 512
5 512
2 512
2 512
2 512
1 512
1 512
2 512
0 211
5 512
2 512
2 512
1 512
2 512
1 512
4 512
1 512
2 512
6 512
2 512
4 512
4 512
1 512
3 512
1 512
1 512
3 512
0 132
2 512
1 512
0 387
2 512
1 512
1 512
0 412
1 512
2 512
1 512
2 512
3 512
3 512
1 512
2 512
3 512
2 512
4 512
2 512
1 512
0 85
1 512
2 512
1 512
3 512
0 103
2 512
0 342
4 512
4 512
0 436
1 512
0 30
1 512
4 512
0 404
2 512
2 512
2 512
1 512
2 512
2 512
3 512
0 261
4 512
3 512
0 175
1 512
2 512
1 512
4 512
1 512
0 113
0 181
1 512
0 386
2 512
1 512
1 512
1 512
2 512
1 512
6 512
4 512
4 512
1 512
2 512
2 512
2 512
4 512
0 399
5 512
3 512
1 512
1 512
2 512
2 512
3 512
0 163
1 512
3 512
2 512
2 512
0 323
0 60
1 512
4 512
1 512
3 512
1 512
2 512
3 512
0 131
3 512
1 512
1 512
6 512
5 512
2 512
2 512
2 512
1 512
0 389
0 139
1 512
5 512
0 374
1 512
4 512
2 512
1 512
2 512
2 512
1 512
1 512
1 512
2 512
3 512
0 291
0 235
2 512
0 198
1 512
0 506
2 512
5 512
0 147
3 512
1 512
3 512
2 512
2 512
0 101
1 512
4 512
2 512
1 512
2 512
1 512
1 512
1 512
4 512
0 368
1 512
1 512
1 512
3 512
0 166
3 512
2 512
2 512
1 512
1 512
3 512
1 512
2 512
1 512
0 48
2 512
2 512
4 512
1 512
2 512
0 261
2 512
0 420
1 512
4 512
5 512
1 512
2 512
2 512
3 512
0 209
2 512
3 512
3 512
2 512
1 512
1 512
1 512
1 512
3 512
2 512
2 512
2 512
1 512
3 512
2 512
2 512
1 512
3 512
3 512
1 512
1 512
1 512
1 512
1 512
1 512
2 512
3 512
6 512
0 226
0 324
2 512
2 512
0 123
2 512
3 512
1 512
1 512
5 512
0 247
3 512
1 512
4 512
3 512
1 512
0 437
1 512
1 512
2 512
1 512
2 512
1 512
0 100
1 512
4 512
1 512
0 409
0 363
4 512
1 512
4 512
0 31
1 512
1 512
3 512
2 512
3 512
1 512
1 512
2 512
1 512
3 512
0 227
2 512
3 512
2 512
4 512
0 146
3 512
1 512
1 512
0 409
2 512
3 512
1 512
1 512
2 512
4 512
2 512
0 316
3 512
4 512
2 512
4 512
2 512
3 512
3 512
4 512
2 512
1 512
3 512
2 512
1 512
1 512
1 512
4 512
0 57
0 216
1 512
1 512
2 512
1 512
2 512
1 512
3 512
0 122
2 512
2 512
1 512
3 512
2 512
1 512
2 512
3 512
1 512
3 512
2 512
3 512
5 512
2 512
2 512
0 236
1 512
1 512
3 512
2 512
0 425
1 512
1 512
1 512
1 512
2 512
1 512
0 268
0 176
2 512
3 512
3 512
0 349
0 55
1 512
0 335
1 512
2 512
3 512
3 512
1 512
1 512
3 512
0 306
2 512
2 512
2 512
2 512
2 512
3 512
1 512
3 512
2 512
1 512
0 65
4 512
2 512
1 512
2 512
0 440
0 105
2 512
5 512
3 512
3 512
1 512
2 512
2 512
3 512
2 512
1 512
4 512
3 512
0 241
2 512
2 512
2 512
2 512
1 512
4 512
1 512
3 512
0 380
2 512
2 512
4 512
2 512
3 512
2 512
1 512
2 512
1 512
2 512
0 107
2 512
2 512
2 512
2 512
0 120
4 512
1 512
1 512
1 512
2 512
0 464
5 512
1 512
2 512
0 249
1 512
3 512
1 512
1 512
2 512
2 512
2 512
0 154
0 107
4 512
4 512
2 512
2 512
2 512
0 78
3 512
1 512
3 512
2 512
7 512
0 316
2 512
0 235
1 512
3 512
1 512
2 512
2 512
4 512
4 512
0 222
1 512
1 512
2 512
4 512
3 512
1 512
4 512
1 512
3 512
1 512
2 512
2 512
1 512
1 512
0 229
1 512
4 512
2 512
1 512
1 512
4 512
1 512
3 512
1 512
2 512
0 151
1 512
1 512
2 512
2 512
3 512
4 512
3 512
1 512
0 256
1 512
0 260
2 512
1 512
0 218
4 512
0 323
0 237
0 47
2 512
2 512
4 512
2 512
1 512
2 512
3 512
0 405
0 37
2 512
2 512
3 512
1 512
0 75
1 512
1 512
2 512
3 512
1 512
2 512
3 512
5 512
2 512
2 512
2 512
2 512
2 512
1 512
1 512
3 512
1 512
2 512
0 318
1 512
1 512
3 512
0 68
0 280
2 512
4 512
1 512
2 512
3 512
1 512
3 512
2 512
4 512
2 512
0 175
1 512
2 512
3 512
0 147
2 512
1 512
2 512
1 512
4 512
3 512
5 512
2 512
2 512
2 512
4 512
0 33
4 512
0 141
2 512
1 512
2 512
1 512
2 512
4 512
2 512
1 512
0 373
2 512
3 512
0 179
2 512
3 512
3 512
1 512
3 512
1 512
2 512
0 128
2 512
2 512
3 512
4 512
1 512
1 512
2 512
1 512
1 512
4 512
1 512
7 512
3 512
1 512
4 512
2 512
3 512
0 348
4 512
1 512
3 512
1 512
2 512
1 512
2 512
1 512
2 512
0 150
1 512
1 512
0 207
3 512
1 512
4 512
0 87
1 512
1 512
2 512
0 130
2 512
2 512
3 512
0 144
2 512
1 512
2 512
1 512
2 512
1 512
1 512
3 512
2 512
0 99
0 144
2 512
0 72
1 512
2 512
5 512
0 90
1 512
2 512
1 512
3 512
2 512
4 512
1 512
0 142
4 512
0 378
5 512
1 512
1 512
2 512
1 512
1 512
2 512
2 512
1 512
3 512
2 512
0 369
4 512
1 512
2 512
2 512
0 260
3 512
1 512
2 512
1 512
0 347
1 512
1 512
2 512
2 512
2 512
3 512
4 512
2 512
3 512
2 512
2 512
2 512
1 512
2 512
1 512
4 512
0 391
1 512
1 512
0 260
2 512
0 485
1 512
2 512
2 512
2 512
2 512
5 512
3 512
2 512
0 170
3 512
1 512
2 512
4 512
1 512
4 512
0 125
3 512
1 512
3 512
5 512
0 475
3 512
1 512
0 435
2 512
0 90
1 512
1 512
0 115
3 512
1 512
1 512
2 512
1 512
3 512
3 512
4 512
0 174
2 512
0 75
4 512
2 512
0 239
2 512
3 512
0 394
2 512
2 512
2 512
3 512
0 166
2 512
2 512
3 512
2 512
2 512
4 512
2 512
2 512
0 300
1 512
5 512
1 512
3 512
2 512
2 512
0 178
1 512
1 512
1 512
4 512
0 507
2 512
4 512
1 512
2 512
1 512
2 512
4 512
3 512
1 512
2 512
3 512
1 512
3 512
3 512
3 512
1 512
1 512
1 512
1 512
3 512
3 512
1 512
4 512
3 512
5 512
2 512
2 512
4 512
3 512
2 512
1 512
3 512
2 512
1 512
1 512
0 65
2 512
4 512
4 512
0 74
3 512
2 512
3 512
3 512
1 512
1 512
1 512
6 512
1 512
1 512
2 512
4 512
3 512
0 131
3 512
2 512
4 512
3 512
2 512
3 512
0 153
2 512
1 512
2 512
0 448
1 512
0 227
1 512
2 512
3 512
0 102
1 512
4 512
1 512
6 512
2 512
2 512
3 512
2 512
1 512
2 512
4 512
1 512
1 512
4 512
2 512
4 512
1 512
2 512
3 512
4 512
3 512
4 512
2 512
1 512
2 512
4 512
3 512
1 512
2 512
1 512
2 512
0 210
2 512
5 512
1 512
1 512
0 106
3 512
2 512
1 512
2 512
2 512
5 512
1 512
1 512
3 512
1 512
1 512
1 512
1 512
3 512
2 512
1 512
2 512
0 232
1 512
3 512
3 512
2 512
2 512
2 512
3 512
3 512
2 512
2 512
3 512
2 512
1 512
1 512
1 512
3 512
2 512
1 512
0 164
4 512
3 512
2 512
1 512
0 94
0 229
0 121
1 512
0 315
0 253
0 265
4 512
0 402
3 512
0 186
3 512
1 512
1 512
1 512
1 512
3 512
1 512
4 512
4 512
1 512
4 512
3 512
3 512
1 512
2 512
2 512
6 512
3 512
2 512
2 512
3 512
1 512
1 512
2 512
0 233
1 512
1 512
0 112
4 512
3 512
2 512
0 376
4 512
5 512
3 512
3 512
0 147
3 512
3 512
4 512
1 512
2 512
0 335
2 512
2 512
2 512
3 512
3 512
0 130
2 512
3 512
2 512
1 512
1 512
0 360
6 512
2 512
3 512
1 512
1 512
1 512
1 512
1 512
3 512
3 512
1 512
2 512
1 512
2 512
2 512
1 512
0 106
1 512
2 512
1 512
2 512
3 512
1 512
2 512
3 512
5 512
3 512
2 512
5 512
2 512
1 512
2 512
2 512
0 109
1 512
4 512
2 512
1 512
0 386
2 512
1 512
0 71
3 512
1 512
3 512
0 140
0 216
1 512
2 512
0 322
3 512
6 512
2 512
1 512
1 512
3 512
2 512
0 167
2 512
2 512
3 512
1 512
2 512
1 512
3 512
3 512
2 512
0 129
1 512
2 512
2 512
1 512
2 512
3 512
0 90
3 512
2 512
3 512
0 74
2 512
1 512
1 512
2 512
2 512
3 512
1 512
3 512
3 512
1 512
2 512
5 512
0 282
2 512
1 512
1 512
1 512
2 512
0 164
3 512
0 112
2 512
1 512
3 512
2 512
0 168
1 512
3 512
1 512
4 512
0 206
1 512
5 512
1 512
4 512
1 512
1 512
2 512
1 512
5 512
6 512
0 84
1 512
2 512
1 512
1 512
1 512
3 512
3 512
2 512
1 512
1 512
1 512
1 512
0 126
0 110
2 512
3 512
2 512
1 512
3 512
0 149
2 512
2 512
3 512
2 512
2 512
1 512
1 512
3 512
1 512
2 512
2 512
3 512
0 130
1 512
1 512
1 512
1 512
1 512
0 150
2 512
2 512
2 512
2 512
0 152
3 512
0 461
2 512
2 512
1 512
1 512
1 512
0 80
2 512
3 512
1 512
2 512
1 512
4 512
1 512
1 512
1 512
1 512
3 512
0 488
3 512
3 512
3 512
2 512
3 512
2 512
3 512
0 171
4 512
2 512
0 75
1 512
1 512
3 512
2 512
4 512
1 512
1 512
4 512
0 385
2 512
3 512
2 512
0 51
0 332
0 155
1 512
1 512
2 512
3 512
3 512
1 512
2 512
1 512
0 263
1 512
1 512
1 512
1 512
0 249
1 512
0 63
2 512
2 512
3 512
1 512
1 512
0 174
0 30
3 512
6 512
2 512
2 512
1 512
0 299
2 512
2 512
2 512
1 512
0 447
2 512
2 512
1 512
1 512
2 512
3 512
1 512
2 512
1 512
2 512
3 512
0 254
0 154
2 512
5 512
2 512
2 512
3 512
2 512
1 512
2 512
2 512
2 512
2 512
2 512
0 148
4 512
2 512
4 512
5 512
1 512
3 512
3 512
2 512
1 512
2 512
6 512
3 512
3 512
1 512
1 512
1 512
1 512
5 512
2 512
1 512
2 512
0 196
2 512
3 512
1 512
2 512
1 512
0 177
2 512
3 512
0 81
1 512
3 512
0 115
3 512
0 336
1 512
6 512
1 512
2 512
1 512
2 512
2 512
6 512
4 512
1 512
3 512
2 512
1 512
3 512
2 512
0 366
3 512
2 512
1 512
1 512
2 512
1 512
3 512
1 512
3 512
1 512
0 301
1 512
4 512
2 512
0 118
3 512
2 512
2 512
2 512
3 512
1 512
1 512
1 512
1 512
0 486
2 512
1 512
2 512
2 512
1 512
4 512
1 512
3 512
1 512
3 512
3 512
2 512
2 512
3 512
0 158
3 512
1 512
3 512
1 512
1 512
1 512
0 340
2 512
0 207
2 512
1 512
4 512
0 122
2 512
2 512
1 512
3 512
1 512
5 512
2 512
0 74
2 512
0 90
3 512
1 512
0 85
2 512
1 512
3 512
2 512
2 512
4 512
2 512
1 512
2 512
1 512
4 512
1 512
1 512
2 512
1 512
2 512
3 512
0 141
2 512
3 512
2 512
2 512
2 512
2 512
1 512
2 512
0 263
2 512
2 512
0 79
1 512
0 339
1 512
4 512
1 512
5 512
4 512
4 512
3 512
1 512
2 512
4 512
1 512
1 512
2 512
2 512
3 512
1 512
0 250
4 512
1 512
2 512
2 512
1 512
1 512
0 74
3 512
3 512
2 512
0 88
1 512
2 512
2 512
1 512
1 512
2 512
1 512
3 512
2 512
1 512
3 512
2 512
1 512
1 512
6 512
2 512
3 512
0 175
4 512
1 512
1 512
0 41
1 512
1 512
5 512
2 512
0 315
2 512
0 197
3 512
2 512
5 512
3 512
3 512
3 512
2 512
3 512
2 512
1 512
1 512
1 512
1 512
3 512
3 512
1 512
3 512
3 512
4 512
0 140
0 271
0 86
1 512
2 512
1 512
0 302
2 512
0 197
4 512
1 512
2 512
0 259
6 512
0 401
3 512
1 512
0 77
3 512
2 512
0 445
2 512
2 512
0 382
2 512
4 512
2 512
2 512
1 512
2 512
1 512
3 512
1 512
2 512
2 512
0 58
1 512
2 512
3 512
3 512
1 512
2 512
2 512
1 512
0 126
1 512
4 512
3 512
1 512
1 512
1 512
2 512
2 512
2 512
0 122
2 512
4 512
2 512
4 512
2 512
1 512
0 504
1 512
3 512
1 512
2 512
1 512
1 512
0 151
0 201
5 512
3 512
4 512
2 512
1 512
1 512
0 220
2 512
0 223
2 512
0 370
2 512
4 512
0 61
3 512
2 512
1 512
1 512
3 512
1 512
2 512
4 512
1 512
4 512
1 512
1 512
2 512
2 512
2 512
4 512
1 512
2 512
2 512
0 176
4 512
4 512
4 512
4 512
4 512
4 512
2 512
2 512
4 512
1 512
2 512
1 512
3 512
2 512
3 512
0 475
2 512
3 512
2 512
2 512
3 512
1 512
2 512
0 289
1 512
3 512
2 512
2 512
1 512
1 512
4 512
0 352
3 512
2 512
0 97
1 512
2 512
3 512
3 512
1 512
1 512
2 512
0 78
2 512
2 512
1 512
1 512
2 512
2 512
0 49
1 512
1 512
4 512
2 512
2 512
1 512
3 512
2 512
1 512
2 512
2 512
0 384
2 512
4 512
1 512
0 471
1 512
1 512
1 512
3 512
2 512
2 512
1 512
2 512
3 512
2 512
2 512
2 512
2 512
0 126
1 512
2 512
1 512
0 158
1 512
1 512
0 190
3 512
2 512
3 512
2 512
4 512
2 512
2 512
1 512
2 512
1 512
1 512
0 284
1 512
2 512
3 512
1 512
2 512
1 512
4 512
1 512
3 512
2 512
1 512
1 512
3 512
2 512
0 291
0 268
2 512
1 512
1 512
1 512
2 512
1 512
3 512
2 512
1 512
2 512
3 512
2 512
2 512
3 512
0 174
1 512
4 512
3 512
2 512
1 512
5 512
0 36
2 512
1 512
2 512
2 512
3 512
1 512
1 512
2 512
2 512
1 512
3 512
3 512
1 512
3 512
2 512
1 512
3 512
1 512
1 512
0 127
3 512
1 512
2 512
1 512
1 512
0 200
1 512
3 512
3 512
1 512
5 512
1 512
1 512
0 155
4 512
1 512
1 512
0 97
3 512
3 512
3 512
1 512
1 512
3 512
1 512
3 512
2 512
1 512
2 512
1 512
2 512
3 512
3 512
0 228
2 512
1 512
1 512
2 512
1 512
2 512
2 512
4 512
1 512
4 512
2 512
2 512
2 512
2 512
4 512
4 512
4 512
1 512
1 512
2 512
1 512
0 213
4 512
1 512
0 95
2 512
3 512
2 512
1 512
0 50
1 512
3 512
1 512
2 512
3 512
2 512
2 512
6 512
2 512
1 512
2 512
0 169
0 209
2 512
2 512
1 512
0 395
2 512
2 512
2 512
1 512
0 316
0 116
1 512
0 96
2 512
3 512
3 512
4 512
1 512
1 512
1 512
2 512
1 512
5 512
2 512
3 512
4 512
1 512
1 512
3 512
3 512
2 512
3 512
4 512
0 128
1 512
2 512
3 512
1 512
2 512
3 512
1 512
1 512
2 512
3 512
1 512
2 512
0 53
1 512
0 237
0 474
1 512
1 512
1 512
2 512
1 512
2 512
2 512
0 396
4 512
2 512
5 512
5 512
0 261
3 512
3 512
4 512
2 512
3 512
1 512
3 512
5 512
4 512
0 63
1 512
0 222
1 512
3 512
2 512
1 512
3 512
0 131
0 333
3 512
2 512
4 512
5 512
2 512
0 184
3 512
2 512
1 512
1 512
2 512
1 512
0 192
2 512
3 512
3 512
3 512
0 134
0 274
0 494
2 512
2 512
1 512
3 512
1 512
1 512
0 159
0 309
2 512
4 512
2 512
1 512
3 512
3 512
2 512
3 512
2 512
1 512
2 512
0 60
1 512
0 43
1 512
0 285
1 512
1 512
2 512
2 512
2 512
2 512
4 512
1 512
3 512
3 512
1 512
2 512
3 512
0 475
1 512
4 512
2 512
1 512
4 512
3 512
1 512
4 512
1 512
1 512
1 512
1 512
5 512
1 512
2 512
1 512
4 512
3 512
3 512
2 512
3 512
6 512
3 512
1 512
1 512
3 512
2 512
1 512
3 512
0 71
1 512
3 512
2 512
1 512
3 512
3 512
0 365
3 512
4 512
2 512
2 512
2 512
3 512
2 512
2 512
0 103
1 512
1 512
2 512
4 512
0 276
0 86
0 126
2 512
0 161
1 512
2 512
2 512
1 512
3 512
0 368
2 512
2 512
3 512
2 512
4 512
3 512
4 512
1 512
0 109
2 512
3 512
1 512
0 188
4 512
2 512
0 78
0 243
0 378
0 457
1 512
2 512
3 512
2 512
0 145
3 512
3 512
1 512
2 512
3 512
3 512
0 100
1 512
2 512
4 512
2 512
3 512
4 512
1 512
1 512
2 512
1 512
3 512
0 175
1 512
0 183
3 512
2 512
1 512
2 512
2 512
2 512
2 512
2 512
3 512
1 512
3 512
0 290
0 263
2 512
3 512
1 512
2 512
1 512
3 512
1 512
2 512
0 118
2 512
0 506
2 512
3 512
4 512
2 512
3 512
0 175
0 272
1 512
1 512
0 54
0 195
0 192
0 113
3 512
2 512
4 512
1 512
0 93
0 130
1 512
5 512
1 512
4 512
4 512
2 512
1 512
2 512
0 276
2 512
1 512
2 512
1 512
3 512
5 512
1 512
1 512
3 512
0 56
3 512
1 512
1 512
2 512
4 512
1 512
5 512
2 512
3 512
4 512
1 512
1 512
1 512
1 512
3 512
5 512
5 512
2 512
2 512
3 512
3 512
2 512
0 196
1 512
1 512
1 512
1 512
3 512
3 512
0 234
0 159
1 512
2 512
1 512
2 512
1 512
1 512
1 512
2 512
0 126
6 512
0 32
1 512
1 512
1 512
4 512
2 512
0 315
1 512
1 512
0 232
0 149
1 512
1 512
2 512
1 512
2 512
2 512
2 512
2 512
1 512
3 512
2 512
1 512
3 512
4 512
3 512
1 512
3 512
2 512
3 512
0 501
3 512
2 512
2 512
1 512
2 512
0 192
1 512
0 447
4 512
1 512
2 512
2 512
0 56
1 512
1 512
6 512
3 512
3 512
2 512
4 512
2 512
2 512
2 512
3 512
1 512
2 512
2 512
1 512
2 512
2 512
4 512
4 512
2 512
3 512
1 512
0 348
0 328
0 440
0 481
3 512
2 512
2 512
2 512
0 338
3 512
1 512
2 512
1 512
1 512
3 512
0 481
4 512
1 512
2 512
2 512
0 75
3 512
2 512
1 512
0 104
3 512
2 512
4 512
3 512
0 203
0 200
2 512
2 512
2 512
1 512
1 512
2 512
2 512
1 512
1 512
2 512
1 512
0 163
2 512
2 512
0 236
0 147
1 512
2 512
1 512
5 512
2 512
3 512
2 512
2 512
7 512
0 435
1 512
1 512
1 512
0 296
1 512
3 512
0 212
2 512
0 226
2 512
3 512
0 222
1 512
4 512
2 512
0 329
0 189
2 512
2 512
2 512
1 512
3 512
0 188
3 512
4 512
0 80
0 306
2 512
0 46
2 512
3 512
1 512
2 512
2 512
3 512
1 512
1 512
1 512
1 512
0 204
1 512
2 512
3 512
3 512
0 207
1 512
2 512
3 512
1 512
1 512
1 512
3 512
1 512
2 512
1 512
0 250
1 512
0 210
1 512
0 218
2 512
2 512
3 512
1 512
2 512
3 512
2 512
1 512
2 512
1 512
1 512
3 512
2 512
1 512
1 512
0 272
1 512
2 512
0 325
0 54
1 512
0 436
2 512
3 512
1 512
1 512
3 512
3 512
0 238
2 512
2 512
1 512
3 512
1 512
2 512
1 512
3 512
3 512
3 512
0 220
2 512
1 512
2 512
2 512
2 512
1 512
1 512
1 512
0 461
0 384
1 512
1 512
4 512
2 512
0 207
1 512
1 512
2 512
2 512
5 512
1 512
1 512
2 512
2 512
2 512
3 512
3 512
2 512
3 512
4 512
1 512
3 512
0 91
3 512
2 512
1 512
2 512
1 512
2 512
2 512
3 512
4 512
1 512
2 512
2 512
1 512
0 202
4 512
2 512
3 512
2 512
0 509
2 512
2 512
6 512
2 512
4 512
1 512
1 512
3 512
2 512
4 512
2 512
4 512
3 512
1 512
1 512
1 512
0 142
2 512
2 512
2 512
2 512
0 119
4 512
1 512
3 512
1 512
4 512
2 512
3 512
2 512
2 512
1 512
3 512
1 512
2 512
5 512
3 512
1 512
0 192
2 512
1 512
0 51
2 512
0 439
3 512
1 512
0 430
3 512
2 512
0 295
1 512
1 512
2 512
1 512
0 391
0 469
1 512
1 512
1 512
1 512
1 512
2 512
0 464
0 161
3 512
1 512
1 512
3 512
3 512
1 512
1 512
3 512
1 512
2 512
3 512
0 114
0 439
1 512
3 512
1 512
1 512
1 512
0 292
3 512
2 512
2 512
1 512
2 512
3 512
1 512
1 512
1 512
3 512
1 512
3 512
2 512
1 512
0 274
3 512
4 512
4 512
4 512
3 512
1 512
2 512
3 512
2 512
2 512
1 512
0 194
2 512
2 512
3 512
2 512
1 512
1 512
5 512
1 512
2 512
5 512
1 512
3 512
3 512
5 512
2 512
1 512
1 512
1 512
2 512
2 512
0 240
2 512
0 229
1 512
2 512
5 512
4 512
2 512
0 152
2 512
2 512
3 512
1 512
1 512
3 512
0 122
3 512
3 512
3 512
2 512
0 164
1 512
1 512
4 512
3 512
3 512
0 129
3 512
2 512
0 238
1 512
4 512
3 512
3 512
1 512
3 512
3 512
2 512
0 182
2 512
0 67
2 512
1 512
1 512
1 512
3 512
3 512
2 512
0 372
1 512
0 478
1 512
2 512
3 512
2 512
0 169
3 512
2 512
1 512
0 246
1 512
4 512
3 512
2 512
2 512
3 512
3 512
2 512
1 512
2 512
2 512
1 512
2 512
2 512
4 512
1 512
2 512
1 512
2 512
2 512
4 512
1 512
2 512
0 252
3 512
1 512
3 512
0 303
3 512
2 512
2 512
2 512
2 512
1 512
0 299
1 512
3 512
1 512
0 217
0 110
1 512
3 512
4 512
1 512
1 512
4 512
3 512
1 512
3 512
2 512
0 153
2 512
2 512
1 512
1 512
3 512
3 512
3 512
2 512
4 512
2 512
2 512
5 512
5 512
4 512
0 145
3 512
4 512
0 131
1 512
5 512
2 512
0 133
0 434
4 512
2 512
0 154
2 512
0 105
3 512
0 209
1 512
3 512
6 512
4 512
1 512
1 512
3 512
2 512
2 512
3 512
0 254
5 512
1 512
1 512
3 512
4 512
6 512
1 512
1 512
2 512
2 512
0 74
2 512
1 512
2 512
3 512
3 512
1 512
3 512
0 123
2 512
0 292
1 512
1 512
1 512
4 512
3 512
0 75
6 512
5 512
0 180
3 512
2 512
4 512
0 218
2 512
1 512
2 512
1 512
3 512
3 512
1 512
0 381
4 512
4 512
3 512
2 512
1 512
0 122
3 512
1 512
1 512
3 512
1 512
4 512
0 262
0 92
2 512
3 512
0 141
3 512
1 512
1 512
1 512
3 512
3 512
3 512
1 512
4 512
3 512
4 512
3 512
2 512
1 512
3 512
3 512
4 512
1 512
1 512
5 512
3 512
1 512
3 512
4 512
2 512
2 512
4 512
1 512
3 512
3 512
2 512
3 512
2 512
2 512
1 512
3 512
3 512
3 512
4 512
3 512
5 512
3 512
3 512
1 512
4 512
2 512
1 512
3 512
1 512
2 512
0 113
2 512
2 512
3 512
2 512
1 512
6 512
1 512
2 512
1 512
1 512
3 512
2 512
2 512
2 512
3 512
0 78
1 512
3 512
4 512
0 496
3 512
4 512
0 355
6 512
2 512
1 512
2 512
1 512
0 190
1 512
2 512
2 512
0 201
3 512
1 512
3 512
1 512
2 512
0 127
1 512
2 512
2 512
2 512
2 512
1 512
2 512
2 512
1 512
5 512
4 512
3 512
1 512
3 512
1 512
1 512
5 512
2 512
1 512
4 512
0 95
3 512
0 254
2 512
0 34
2 512
3 512
5 512
0 129
0 251
1 512
1 512
2 512
1 512
3 512
3 512
4 512
2 512
3 512
1 512
0 145
3 512
1 512
4 512
0 132
4 512
4 512
3 512
5 512
1 512
3 512
1 512
0 219
2 512
2 512
2 512
4 512
1 512
