# SA for random K-SAT
# K = 3   N = 512   M = 2112   seed = 4006956886
# alpha = 4.125000   nIter = 2048  Tmax = 0.200000
# 1:lowestUnsat  2:runTime
4 2048
2 2048
2 2048
0 753
3 2048
1 2048
1 2048
2 2048
3 2048
1 2048
3 2048
0 286
3 2048
0 553
0 413
1 2048
2 2048
2 2048
3 2048
2 2048
2 2048
3 2048
2 2048
0 1850
0 403
2 2048
5 2048
3 2048
1 2048
1 2048
3 2048
1 2048
2 2048
2 2048
1 2048
1 2048
4 2048
0 258
0 206
1 2048
1 2048
2 2048
3 2048
1 2048
1 2048
0 453
2 2048
1 2048
1 2048
2 2048
3 2048
1 2048
1 2048
2 2048
2 2048
2 2048
1 2048
3 2048
2 2048
1 2048
3 2048
0 324
5 2048
1 2048
3 2048
2 2048
1 2048
2 2048
1 2048
1 2048
5 2048
3 2048
2 2048
3 2048
1 2048
0 778
4 2048
1 2048
0 1369
2 2048
1 2048
4 2048
0 940
1 2048
1 2048
1 2048
3 2048
2 2048
2 2048
0 58
1 2048
1 2048
2 2048
0 512
1 2048
2 2048
1 2048
0 391
1 2048
0 384
2 2048
1 2048
0 638
1 2048
1 2048
2 2048
2 2048
1 2048
0 803
3 2048
1 2048
2 2048
2 2048
1 2048
2 2048
1 2048
2 2048
2 2048
2 2048
3 2048
1 2048
1 2048
1 2048
1 2048
2 2048
2 2048
3 2048
2 2048
1 2048
3 2048
2 2048
4 2048
1 2048
0 470
1 2048
3 2048
2 2048
2 2048
1 2048
2 2048
1 2048
1 2048
0 302
0 386
2 2048
4 2048
1 2048
1 2048
1 2048
2 2048
0 566
0 732
1 2048
1 2048
3 2048
1 2048
0 1501
2 2048
2 2048
2 2048
2 2048
2 2048
0 224
1 2048
1 2048
2 2048
0 746
3 2048
3 2048
0 658
3 2048
2 2048
1 2048
0 336
2 2048
3 2048
2 2048
2 2048
3 2048
2 2048
0 805
1 2048
2 2048
1 2048
1 2048
1 2048
2 2048
1 2048
1 2048
0 1151
1 2048
3 2048
1 2048
2 2048
3 2048
1 2048
0 1798
1 2048
2 2048
1 2048
0 367
1 2048
2 2048
3 2048
1 2048
2 2048
2 2048
1 2048
1 2048
0 626
4 2048
3 2048
0 463
2 2048
0 1822
0 304
3 2048
1 2048
1 2048
2 2048
0 450
0 52
2 2048
1 2048
3 2048
1 2048
2 2048
0 889
4 2048
2 2048
2 2048
3 2048
3 2048
4 2048
1 2048
2 2048
1 2048
3 2048
2 2048
0 245
1 2048
3 2048
2 2048
0 705
3 2048
1 2048
2 2048
1 2048
1 2048
2 2048
2 2048
1 2048
0 939
0 1902
1 2048
2 2048
1 2048
0 321
0 127
0 530
2 2048
1 2048
3 2048
1 2048
0 1173
2 2048
0 474
0 733
2 2048
2 2048
1 2048
0 1297
0 434
2 2048
0 1517
2 2048
3 2048
3 2048
1 2048
3 2048
3 2048
2 2048
0 416
0 421
0 425
1 2048
3 2048
2 2048
2 2048
1 2048
2 2048
2 2048
3 2048
1 2048
3 2048
0 300
1 2048
2 2048
1 2048
1 2048
1 2048
1 2048
2 2048
4 2048
1 2048
2 2048
5 2048
0 1319
1 2048
2 2048
1 2048
2 2048
1 2048
3 2048
3 2048
3 2048
2 2048
1 2048
2 2048
0 295
1 2048
2 2048
3 2048
1 2048
1 2048
2 2048
0 343
1 2048
0 332
2 2048
3 2048
1 2048
1 2048
0 211
1 2048
1 2048
0 107
2 2048
2 2048
2 2048
4 2048
1 2048
2 2048
5 2048
0 651
1 2048
1 2048
0 1655
1 2048
1 2048
1 2048
0 645
1 2048
2 2048
0 884
1 2048
0 1674
1 2048
0 1809
5 2048
2 2048
2 2048
1 2048
1 2048
0 340
0 166
0 411
1 2048
2 2048
1 2048
4 2048
2 2048
2 2048
0 1789
0 600
3 2048
0 880
0 447
2 2048
3 2048
1 2048
0 1900
1 2048
1 2048
0 376
3 2048
1 2048
2 2048
2 2048
2 2048
1 2048
2 2048
1 2048
3 2048
0 229
2 2048
0 81
1 2048
2 2048
3 2048
1 2048
1 2048
0 653
1 2048
0 898
0 368
2 2048
3 2048
1 2048
1 2048
1 2048
3 2048
2 2048
2 2048
1 2048
1 2048
1 2048
2 2048
1 2048
0 587
2 2048
2 2048
2 2048
1 2048
2 2048
1 2048
1 2048
1 2048
1 2048
1 2048
1 2048
2 2048
2 2048
0 1196
1 2048
1 2048
1 2048
0 1073
0 276
1 2048
3 2048
3 2048
0 352
0 722
2 2048
1 2048
2 2048
2 2048
0 625
2 2048
1 2048
0 96
3 2048
1 2048
3 2048
1 2048
1 2048
1 2048
1 2048
1 2048
2 2048
1 2048
2 2048
3 2048
1 2048
2 2048
1 2048
0 783
1 2048
1 2048
2 2048
0 1026
0 212
3 2048
1 2048
2 2048
1 2048
2 2048
3 2048
2 2048
2 2048
2 2048
2 2048
0 1908
2 2048
1 2048
1 2048
1 2048
1 2048
4 2048
1 2048
1 2048
0 336
1 2048
0 1373
0 1286
3 2048
2 2048
3 2048
2 2048
2 2048
1 2048
2 2048
1 2048
2 2048
0 471
2 2048
1 2048
1 2048
1 2048
2 2048
0 1420
1 2048
3 2048
2 2048
1 2048
0 1226
2 2048
1 2048
2 2048
1 2048
1 2048
2 2048
2 2048
3 2048
2 2048
1 2048
1 2048
2 2048
2 2048
2 2048
2 2048
1 2048
2 2048
0 49
2 2048
1 2048
2 2048
0 521
0 642
2 2048
3 2048
2 2048
1 2048
0 209
2 2048
0 268
1 2048
1 2048
3 2048
3 2048
1 2048
2 2048
1 2048
2 2048
3 2048
1 2048
4 2048
0 132
1 2048
1 2048
1 2048
0 1851
1 2048
0 407
2 2048
3 2048
2 2048
0 757
2 2048
0 253
2 2048
1 2048
2 2048
2 2048
1 2048
1 2048
2 2048
1 2048
0 276
2 2048
1 2048
1 2048
0 676
3 2048
1 2048
2 2048
0 1731
0 202
1 2048
1 2048
3 2048
3 2048
1 2048
3 2048
1 2048
1 2048
1 2048
1 2048
2 2048
2 2048
1 2048
6 2048
1 2048
2 2048
0 485
1 2048
0 515
2 2048
1 2048
0 829
1 2048
0 547
0 1257
0 103
2 2048
1 2048
2 2048
0 107
3 2048
2 2048
4 2048
2 2048
2 2048
3 2048
1 2048
0 693
1 2048
0 358
2 2048
2 2048
3 2048
0 235
1 2048
0 489
3 2048
1 2048
1 2048
2 2048
2 2048
3 2048
2 2048
2 2048
0 759
1 2048
1 2048
2 2048
3 2048
1 2048
1 2048
0 297
0 861
0 267
0 251
1 2048
3 2048
1 2048
1 2048
2 2048
4 2048
2 2048
3 2048
1 2048
2 2048
2 2048
2 2048
0 122
2 2048
0 294
3 2048
0 155
0 26
1 2048
2 2048
1 2048
0 255
3 2048
0 103
1 2048
0 207
2 2048
3 2048
1 2048
0 366
2 2048
1 2048
0 1272
0 1364
2 2048
1 2048
3 2048
6 2048
2 2048
2 2048
6 2048
2 2048
3 2048
0 618
2 2048
1 2048
0 82
0 1114
2 2048
5 2048
2 2048
2 2048
2 2048
0 1581
1 2048
1 2048
1 2048
0 399
3 2048
0 134
2 2048
3 2048
3 2048
3 2048
3 2048
1 2048
4 2048
1 2048
2 2048
3 2048
1 2048
1 2048
0 258
1 2048
2 2048
1 2048
2 2048
3 2048
1 2048
2 2048
0 1999
1 2048
1 2048
5 2048
2 2048
0 614
2 2048
2 2048
1 2048
1 2048
0 190
1 2048
1 2048
0 324
3 2048
0 595
0 715
2 2048
1 2048
3 2048
0 107
1 2048
0 187
1 2048
3 2048
0 617
0 1597
1 2048
1 2048
0 1573
1 2048
1 2048
1 2048
3 2048
1 2048
2 2048
1 2048
0 846
1 2048
2 2048
1 2048
1 2048
1 2048
1 2048
3 2048
1 2048
2 2048
1 2048
1 2048
1 2048
0 1174
1 2048
1 2048
3 2048
3 2048
2 2048
0 506
4 2048
2 2048
2 2048
4 2048
2 2048
4 2048
1 2048
1 2048
2 2048
0 271
1 2048
2 2048
1 2048
2 2048
1 2048
1 2048
2 2048
2 2048
5 2048
3 2048
1 2048
1 2048
1 2048
0 374
2 2048
2 2048
1 2048
0 76
1 2048
1 2048
1 2048
4 2048
3 2048
1 2048
2 2048
2 2048
3 2048
1 2048
2 2048
0 1667
3 2048
1 2048
0 1634
3 2048
1 2048
2 2048
0 315
3 2048
1 2048
2 2048
1 2048
2 2048
1 2048
1 2048
0 930
2 2048
3 2048
2 2048
2 2048
0 627
0 585
0 102
2 2048
2 2048
2 2048
2 2048
2 2048
0 256
2 2048
0 233
1 2048
4 2048
1 2048
1 2048
2 2048
2 2048
2 2048
2 2048
0 481
1 2048
1 2048
1 2048
3 2048
1 2048
1 2048
1 2048
3 2048
1 2048
0 1012
1 2048
0 813
3 2048
0 657
1 2048
1 2048
1 2048
0 1506
2 2048
0 131
1 2048
2 2048
2 2048
1 2048
1 2048
2 2048
1 2048
2 2048
1 2048
0 349
0 534
1 2048
0 1160
3 2048
1 2048
2 2048
2 2048
2 2048
1 2048
0 756
1 2048
0 302
1 2048
4 2048
1 2048
2 2048
0 389
3 2048
3 2048
2 2048
2 2048
2 2048
0 286
1 2048
1 2048
4 2048
0 737
2 2048
2 2048
2 2048
1 2048
2 2048
1 2048
3 2048
1 2048
1 2048
2 2048
3 2048
1 2048
1 2048
2 2048
2 2048
2 2048
2 2048
0 387
1 2048
2 2048
0 97
2 2048
5 2048
2 2048
2 2048
1 2048
1 2048
2 2048
2 2048
2 2048
1 2048
2 2048
0 107
1 2048
1 2048
1 2048
2 2048
1 2048
0 1303
1 2048
0 1260
1 2048
0 858
2 2048
0 922
0 778
1 2048
1 2048
1 2048
3 2048
2 2048
1 2048
1 2048
1 2048
1 2048
1 2048
2 2048
3 2048
1 2048
2 2048
1 2048
0 1398
4 2048
3 2048
1 2048
1 2048
3 2048
2 2048
4 2048
2 2048
1 2048
1 2048
0 1028
2 2048
0 327
4 2048
3 2048
0 496
0 139
2 2048
2 2048
0 293
0 574
3 2048
0 597
0 1100
3 2048
2 2048
2 2048
4 2048
2 2048
0 523
2 2048
2 2048
1 2048
3 2048
3 2048
2 2048
2 2048
2 2048
1 2048
3 2048
3 2048
3 2048
0 435
2 2048
1 2048
3 2048
3 2048
2 2048
4 2048
0 37
1 2048
2 2048
2 2048
1 2048
1 2048
3 2048
3 2048
0 1137
2 2048
3 2048
2 2048
1 2048
0 223
2 2048
0 1549
0 249
2 2048
1 2048
1 2048
1 2048
1 2048
0 222
2 2048
1 2048
2 2048
1 2048
1 2048
3 2048
5 2048
1 2048
1 2048
3 2048
3 2048
1 2048
0 1523
2 2048
1 2048
0 284
1 2048
1 2048
2 2048
2 2048
2 2048
3 2048
1 2048
1 2048
3 2048
1 2048
2 2048
1 2048
3 2048
2 2048
1 2048
1 2048
1 2048
2 2048
2 2048
2 2048
3 2048
3 2048
2 2048
1 2048
4 2048
4 2048
2 2048
1 2048
1 2048
2 2048
0 1186
1 2048
2 2048
2 2048
1 2048
3 2048
1 2048
4 2048
2 2048
3 2048
2 2048
4 2048
3 2048
0 497
3 2048
4 2048
0 144
5 2048
2 2048
0 717
1 2048
2 2048
1 2048
3 2048
2 2048
3 2048
0 1285
0 1355
2 2048
1 2048
2 2048
1 2048
1 2048
2 2048
2 2048
1 2048
0 500
0 357
1 2048
3 2048
2 2048
2 2048
1 2048
4 2048
3 2048
2 2048
5 2048
1 2048
2 2048
0 226
1 2048
2 2048
1 2048
1 2048
2 2048
2 2048
2 2048
1 2048
1 2048
0 1663
1 2048
1 2048
3 2048
3 2048
3 2048
1 2048
0 717
2 2048
0 312
0 291
0 238
1 2048
0 633
1 2048
1 2048
4 2048
2 2048
4 2048
2 2048
3 2048
1 2048
1 2048
2 2048
1 2048
1 2048
2 2048
3 2048
3 2048
1 2048
1 2048
3 2048
3 2048
1 2048
1 2048
2 2048
2 2048
2 2048
2 2048
3 2048
1 2048
0 490
2 2048
2 2048
1 2048
2 2048
1 2048
3 2048
2 2048
1 2048
1 2048
0 1794
2 2048
2 2048
1 2048
2 2048
2 2048
2 2048
1 2048
4 2048
2 2048
2 2048
1 2048
0 962
1 2048
0 939
1 2048
2 2048
0 1269
3 2048
0 100
2 2048
0 373
1 2048
0 217
2 2048
2 2048
0 1236
4 2048
2 2048
1 2048
0 401
2 2048
3 2048
2 2048
2 2048
2 2048
1 2048
2 2048
2 2048
1 2048
2 2048
1 2048
0 433
1 2048
0 844
1 2048
1 2048
0 1686
1 2048
1 2048
2 2048
1 2048
1 2048
3 2048
1 2048
1 2048
4 2048
1 2048
1 2048
0 267
0 150
1 2048
4 2048
1 2048
0 810
1 2048
1 2048
2 2048
3 2048
3 2048
1 2048
1 2048
1 2048
1 2048
0 463
1 2048
2 2048
0 46
2 2048
4 2048
1 2048
1 2048
1 2048
4 2048
3 2048
1 2048
0 422
1 2048
1 2048
1 2048
2 2048
4 2048
1 2048
1 2048
2 2048
2 2048
2 2048
2 2048
1 2048
1 2048
2 2048
2 2048
3 2048
5 2048
2 2048
2 2048
0 1121
3 2048
3 2048
3 2048
2 2048
1 2048
2 2048
2 2048
1 2048
0 1021
3 2048
1 2048
0 428
2 2048
1 2048
0 734
1 2048
0 333
0 1103
1 2048
1 2048
2 2048
0 235
2 2048
1 2048
3 2048
0 466
2 2048
3 2048
1 2048
1 2048
2 2048
2 2048
1 2048
2 2048
2 2048
0 176
1 2048
1 2048
1 2048
0 709
3 2048
0 240
2 2048
1 2048
2 2048
1 2048
3 2048
2 2048
3 2048
2 2048
1 2048
0 1604
3 2048
1 2048
0 40
1 2048
2 2048
0 571
2 2048
1 2048
2 2048
1 2048
2 2048
1 2048
1 2048
0 694
0 1431
1 2048
0 179
3 2048
1 2048
4 2048
3 2048
2 2048
2 2048
1 2048
1 2048
4 2048
2 2048
1 2048
2 2048
3 2048
1 2048
2 2048
0 456
0 195
1 2048
0 103
0 1641
0 421
4 2048
2 2048
2 2048
2 2048
1 2048
2 2048
1 2048
0 560
0 235
1 2048
1 2048
3 2048
2 2048
4 2048
3 2048
1 2048
2 2048
1 2048
2 2048
4 2048
1 2048
0 488
2 2048
3 2048
3 2048
0 548
2 2048
4 2048
0 712
1 2048
3 2048
2 2048
3 2048
0 545
0 52
1 2048
1 2048
2 2048
1 2048
2 2048
0 175
3 2048
2 2048
2 2048
3 2048
3 2048
2 2048
2 2048
4 2048
0 1248
1 2048
1 2048
0 173
1 2048
2 2048
3 2048
2 2048
2 2048
0 854
0 162
0 663
1 2048
3 2048
0 280
2 2048
2 2048
2 2048
3 2048
3 2048
1 2048
1 2048
0 540
1 2048
0 859
2 2048
2 2048
3 2048
3 2048
1 2048
0 168
2 2048
0 462
1 2048
2 2048
3 2048
1 2048
0 1246
0 1035
1 2048
1 2048
0 479
1 2048
1 2048
2 2048
2 2048
1 2048
3 2048
2 2048
2 2048
2 2048
2 2048
0 1745
2 2048
1 2048
3 2048
3 2048
1 2048
0 267
0 1133
3 2048
3 2048
1 2048
2 2048
3 2048
1 2048
2 2048
2 2048
0 268
1 2048
2 2048
0 729
3 2048
0 1132
1 2048
0 684
0 565
1 2048
4 2048
3 2048
2 2048
6 2048
2 2048
1 2048
0 475
0 1714
1 2048
1 2048
2 2048
2 2048
2 2048
3 2048
0 612
0 125
1 2048
3 2048
2 2048
1 2048
1 2048
1 2048
2 2048
2 2048
1 2048
0 368
1 2048
2 2048
4 2048
1 2048
1 2048
5 2048
2 2048
1 2048
4 2048
4 2048
0 1292
0 813
4 2048
1 2048
3 2048
2 2048
2 2048
1 2048
0 725
1 2048
0 395
1 2048
0 840
2 2048
1 2048
0 181
2 2048
3 2048
0 523
1 2048
2 2048
1 2048
1 2048
2 2048
0 501
1 2048
0 595
2 2048
2 2048
3 2048
1 2048
4 2048
3 2048
3 2048
2 2048
1 2048
1 2048
0 1061
2 2048
0 773
0 450
3 2048
4 2048
1 2048
2 2048
1 2048
2 2048
2 2048
0 436
1 2048
1 2048
1 2048
6 2048
2 2048
0 110
2 2048
0 828
6 2048
1 2048
1 2048
0 151
1 2048
2 2048
4 2048
1 2048
2 2048
0 540
6 2048
0 630
0 294
2 2048
0 1149
0 84
2 2048
1 2048
0 343
1 2048
2 2048
4 2048
2 2048
1 2048
2 2048
2 2048
1 2048
2 2048
0 976
2 2048
1 2048
2 2048
0 1946
0 195
1 2048
1 2048
0 368
2 2048
1 2048
1 2048
0 165
2 2048
0 680
1 2048
2 2048
1 2048
2 2048
0 999
0 716
0 222
0 432
2 2048
2 2048
1 2048
2 2048
1 2048
3 2048
0 44
0 47
3 2048
2 2048
0 175
0 858
3 2048
2 2048
0 417
2 2048
1 2048
4 2048
6 2048
1 2048
3 2048
0 215
2 2048
2 2048
1 2048
0 318
0 503
2 2048
1 2048
2 2048
1 2048
1 2048
1 2048
2 2048
2 2048
1 2048
4 2048
1 2048
4 2048
1 2048
3 2048
1 2048
3 2048
2 2048
2 2048
1 2048
3 2048
2 2048
0 108
1 2048
2 2048
0 640
2 2048
2 2048
1 2048
2 2048
2 2048
1 2048
2 2048
1 2048
3 2048
1 2048
0 1630
1 2048
0 353
2 2048
1 2048
3 2048
1 2048
0 1095
0 1878
3 2048
2 2048
2 2048
3 2048
2 2048
2 2048
3 2048
3 2048
1 2048
3 2048
3 2048
3 2048
1 2048
1 2048
1 2048
1 2048
1 2048
1 2048
0 1932
0 1532
2 2048
1 2048
1 2048
1 2048
2 2048
2 2048
1 2048
2 2048
1 2048
3 2048
3 2048
2 2048
2 2048
1 2048
2 2048
1 2048
1 2048
3 2048
2 2048
0 990
2 2048
3 2048
0 117
0 231
2 2048
2 2048
0 388
0 465
1 2048
1 2048
0 140
2 2048
3 2048
2 2048
3 2048
0 283
3 2048
4 2048
3 2048
1 2048
2 2048
1 2048
0 429
1 2048
0 1406
1 2048
1 2048
1 2048
2 2048
3 2048
2 2048
0 285
0 565
1 2048
1 2048
5 2048
3 2048
0 709
0 135
2 2048
2 2048
1 2048
2 2048
1 2048
1 2048
3 2048
0 207
2 2048
1 2048
1 2048
2 2048
0 248
2 2048
3 2048
0 521
3 2048
0 392
2 2048
5 2048
1 2048
1 2048
0 648
0 172
1 2048
0 198
2 2048
0 240
1 2048
0 349
2 2048
1 2048
1 2048
3 2048
5 2048
0 236
2 2048
2 2048
0 902
3 2048
2 2048
2 2048
2 2048
2 2048
3 2048
0 1193
0 369
3 2048
2 2048
2 2048
1 2048
4 2048
2 2048
2 2048
1 2048
1 2048
2 2048
3 2048
0 447
0 1071
6 2048
3 2048
3 2048
2 2048
3 2048
3 2048
3 2048
0 1799
2 2048
2 2048
2 2048
3 2048
0 526
1 2048
3 2048
1 2048
0 908
0 654
1 2048
2 2048
2 2048
3 2048
0 197
1 2048
3 2048
0 612
1 2048
0 610
1 2048
2 2048
0 335
1 2048
0 707
2 2048
1 2048
1 2048
3 2048
2 2048
1 2048
2 2048
3 2048
0 472
0 1860
0 589
1 2048
3 2048
0 380
2 2048
2 2048
0 854
1 2048
2 2048
0 1399
1 2048
1 2048
3 2048
1 2048
2 2048
0 1795
1 2048
2 2048
1 2048
3 2048
2 2048
0 1444
0 538
0 1069
3 2048
2 2048
1 2048
1 2048
0 298
1 2048
0 751
1 2048
2 2048
2 2048
1 2048
0 813
3 2048
0 221
2 2048
1 2048
1 2048
2 2048
3 2048
1 2048
1 2048
3 2048
3 2048
3 2048
1 2048
1 2048
0 990
4 2048
0 332
1 2048
1 2048
2 2048
7 2048
0 355
1 2048
4 2048
1 2048
5 2048
0 377
4 2048
1 2048
5 2048
1 2048
2 2048
2 2048
2 2048
0 511
2 2048
3 2048
3 2048
4 2048
0 836
0 1657
3 2048
0 78
0 831
2 2048
2 2048
2 2048
2 2048
1 2048
3 2048
1 2048
0 651
3 2048
3 2048
2 2048
0 423
0 932
2 2048
1 2048
2 2048
1 2048
2 2048
1 2048
2 2048
0 208
3 2048
2 2048
0 161
7 2048
1 2048
0 63
4 2048
0 222
0 476
1 2048
0 448
2 2048
2 2048
1 2048
3 2048
0 1038
1 2048
3 2048
2 2048
3 2048
4 2048
3 2048
1 2048
1 2048
1 2048
2 2048
0 547
1 2048
1 2048
1 2048
1 2048
1 2048
4 2048
1 2048
2 2048
0 68
0 220
3 2048
0 1765
0 170
1 2048
3 2048
0 156
3 2048
0 496
0 1577
1 2048
3 2048
3 2048
3 2048
4 2048
2 2048
3 2048
1 2048
1 2048
1 2048
1 2048
2 2048
1 2048
1 2048
1 2048
0 643
1 2048
1 2048
3 2048
1 2048
2 2048
0 1521
0 579
4 2048
1 2048
4 2048
2 2048
0 292
3 2048
1 2048
1 2048
1 2048
2 2048
2 2048
1 2048
1 2048
0 954
1 2048
1 2048
3 2048
4 2048
2 2048
3 2048
1 2048
2 2048
1 2048
3 2048
0 206
2 2048
2 2048
0 634
0 1200
3 2048
1 2048
1 2048
3 2048
2 2048
3 2048
2 2048
1 2048
2 2048
0 743
2 2048
0 686
2 2048
0 235
2 2048
3 2048
1 2048
1 2048
2 2048
1 2048
1 2048
2 2048
4 2048
0 337
2 2048
1 2048
3 2048
4 2048
1 2048
3 2048
3 2048
1 2048
1 2048
2 2048
3 2048
3 2048
0 508
0 417
2 2048
0 706
1 2048
3 2048
1 2048
1 2048
2 2048
1 2048
2 2048
0 599
1 2048
2 2048
3 2048
2 2048
1 2048
0 356
0 1509
3 2048
2 2048
0 776
0 1155
0 355
2 2048
1 2048
2 2048
2 2048
3 2048
0 58
2 2048
0 224
3 2048
2 2048
2 2048
2 2048
2 2048
1 2048
0 462
0 475
3 2048
1 2048
3 2048
3 2048
1 2048
1 2048
1 2048
2 2048
0 1864
3 2048
0 143
2 2048
2 2048
2 2048
1 2048
0 197
1 2048
2 2048
2 2048
5 2048
1 2048
1 2048
2 2048
1 2048
1 2048
2 2048
1 2048
0 538
0 654
1 2048
2 2048
1 2048
2 2048
3 2048
2 2048
1 2048
2 2048
3 2048
2 2048
1 2048
2 2048
0 1190
1 2048
2 2048
1 2048
1 2048
3 2048
4 2048
2 2048
2 2048
2 2048
3 2048
1 2048
2 2048
1 2048
2 2048
0 243
0 523
0 1430
0 1235
2 2048
2 2048
1 2048
1 2048
0 87
1 2048
2 2048
3 2048
3 2048
4 2048
1 2048
1 2048
1 2048
0 1297
1 2048
2 2048
2 2048
2 2048
1 2048
0 548
2 2048
5 2048
3 2048
1 2048
5 2048
4 2048
3 2048
0 1296
2 2048
2 2048
0 878
1 2048
1 2048
1 2048
4 2048
2 2048
2 2048
0 1733
0 598
2 2048
0 1345
2 2048
2 2048
3 2048
1 2048
1 2048
1 2048
2 2048
3 2048
1 2048
1 2048
2 2048
0 207
3 2048
0 391
1 2048
3 2048
2 2048
1 2048
3 2048
4 2048
3 2048
1 2048
5 2048
0 265
2 2048
1 2048
1 2048
1 2048
1 2048
3 2048
2 2048
0 439
1 2048
2 2048
1 2048
1 2048
3 2048
0 1616
2 2048
1 2048
3 2048
2 2048
2 2048
0 468
1 2048
1 2048
3 2048
3 2048
0 197
1 2048
1 2048
1 2048
0 299
1 2048
2 2048
0 638
2 2048
1 2048
0 247
1 2048
1 2048
0 150
0 214
3 2048
1 2048
1 2048
2 2048
2 2048
2 2048
2 2048
1 2048
2 2048
1 2048
1 2048
2 2048
0 812
0 1559
0 2037
2 2048
1 2048
0 277
1 2048
2 2048
2 2048
3 2048
1 2048
1 2048
1 2048
3 2048
1 2048
2 2048
1 2048
1 2048
1 2048
3 2048
2 2048
0 222
2 2048
2 2048
0 595
0 814
3 2048
0 286
0 927
2 2048
0 457
0 405
0 232
1 2048
2 2048
2 2048
2 2048
1 2048
1 2048
4 2048
2 2048
0 624
2 2048
3 2048
0 347
4 2048
4 2048
4 2048
1 2048
2 2048
2 2048
1 2048
1 2048
3 2048
0 390
3 2048
2 2048
1 2048
2 2048
2 2048
1 2048
1 2048
2 2048
2 2048
3 2048
3 2048
3 2048
2 2048
1 2048
3 2048
1 2048
0 1771
1 2048
4 2048
1 2048
1 2048
2 2048
3 2048
1 2048
1 2048
0 522
2 2048
1 2048
1 2048
2 2048
2 2048
2 2048
0 349
1 2048
2 2048
2 2048
3 2048
2 2048
1 2048
1 2048
2 2048
2 2048
2 2048
1 2048
0 1297
3 2048
3 2048
2 2048
3 2048
2 2048
0 245
1 2048
3 2048
0 1135
1 2048
0 129
1 2048
0 835
0 1015
2 2048
0 546
1 2048
1 2048
1 2048
2 2048
1 2048
2 2048
1 2048
1 2048
2 2048
2 2048
0 243
1 2048
1 2048
0 1705
1 2048
4 2048
2 2048
2 2048
1 2048
1 2048
0 360
0 741
1 2048
0 618
1 2048
0 100
0 126
3 2048
2 2048
1 2048
0 862
2 2048
1 2048
2 2048
1 2048
2 2048
1 2048
2 2048
1 2048
0 478
4 2048
3 2048
1 2048
1 2048
4 2048
0 563
3 2048
0 614
2 2048
0 209
3 2048
0 339
4 2048
0 801
0 1152
0 255
2 2048
2 2048
1 2048
2 2048
0 1148
1 2048
4 2048
1 2048
1 2048
2 2048
0 563
4 2048
4 2048
1 2048
1 2048
1 2048
5 2048
1 2048
1 2048
2 2048
0 1741
0 411
0 515
1 2048
0 203
2 2048
2 2048
2 2048
0 1140
2 2048
0 318
1 2048
3 2048
2 2048
0 1934
1 2048
1 2048
2 2048
2 2048
0 370
1 2048
1 2048
2 2048
1 2048
1 2048
3 2048
1 2048
5 2048
2 2048
4 2048
3 2048
2 2048
2 2048
0 936
3 2048
4 2048
1 2048
1 2048
2 2048
0 1037
1 2048
1 2048
1 2048
3 2048
4 2048
0 648
0 299
3 2048
0 210
1 2048
4 2048
1 2048
1 2048
1 2048
2 2048
3 2048
0 726
1 2048
0 208
2 2048
2 2048
1 2048
1 2048
1 2048
4 2048
1 2048
2 2048
1 2048
3 2048
0 308
0 1492
1 2048
1 2048
0 379
1 2048
0 1338
2 2048
4 2048
0 214
1 2048
0 386
0 275
2 2048
1 2048
2 2048
3 2048
1 2048
0 254
6 2048
1 2048
1 2048
0 174
1 2048
2 2048
1 2048
0 307
5 2048
2 2048
2 2048
1 2048
3 2048
2 2048
1 2048
0 889
2 2048
1 2048
1 2048
0 704
2 2048
2 2048
2 2048
3 2048
1 2048
1 2048
1 2048
2 2048
0 701
0 1024
2 2048
1 2048
1 2048
2 2048
0 1106
3 2048
2 2048
3 2048
3 2048
0 309
1 2048
4 2048
2 2048
3 2048
1 2048
2 2048
1 2048
1 2048
0 90
2 2048
1 2048
1 2048
1 2048
1 2048
3 2048
2 2048
3 2048
0 639
2 2048
0 299
3 2048
2 2048
1 2048
3 2048
2 2048
2 2048
3 2048
1 2048
0 211
2 2048
2 2048
2 2048
2 2048
0 256
1 2048
1 2048
0 303
1 2048
1 2048
0 221
1 2048
2 2048
1 2048
2 2048
1 2048
3 2048
2 2048
2 2048
3 2048
0 145
5 2048
1 2048
2 2048
3 2048
1 2048
2 2048
0 391
1 2048
3 2048
1 2048
1 2048
3 2048
1 2048
0 356
1 2048
1 2048
0 1955
0 467
2 2048
3 2048
3 2048
2 2048
0 1741
0 157
0 479
2 2048
2 2048
1 2048
2 2048
1 2048
3 2048
1 2048
1 2048
0 879
3 2048
2 2048
2 2048
2 2048
1 2048
1 2048
2 2048
1 2048
0 1011
0 293
3 2048
1 2048
0 516
2 2048
2 2048
1 2048
0 679
3 2048
2 2048
0 195
1 2048
2 2048
2 2048
1 2048
0 947
2 2048
2 2048
2 2048
4 2048
1 2048
3 2048
2 2048
1 2048
0 365
1 2048
0 1493
1 2048
1 2048
0 396
1 2048
3 2048
5 2048
1 2048
4 2048
2 2048
0 198
2 2048
0 637
1 2048
2 2048
3 2048
0 943
0 168
4 2048
1 2048
2 2048
1 2048
2 2048
3 2048
3 2048
2 2048
1 2048
3 2048
2 2048
1 2048
1 2048
1 2048
1 2048
1 2048
1 2048
1 2048
2 2048
1 2048
3 2048
1 2048
2 2048
0 646
3 2048
3 2048
1 2048
1 2048
2 2048
1 2048
2 2048
0 470
4 2048
1 2048
1 2048
3 2048
0 654
1 2048
2 2048
1 2048
0 606
0 1403
1 2048
2 2048
0 524
0 363
1 2048
1 2048
0 602
0 535
0 172
0 265
2 2048
0 244
1 2048
0 216
2 2048
1 2048
2 2048
0 60
1 2048
1 2048
4 2048
0 447
1 2048
1 2048
1 2048
1 2048
0 1882
0 1179
0 166
0 486
3 2048
0 583
1 2048
2 2048
1 2048
1 2048
1 2048
1 2048
0 43
3 2048
0 672
6 2048
1 2048
0 193
3 2048
2 2048
3 2048
2 2048
3 2048
2 2048
0 254
3 2048
1 2048
1 2048
3 2048
3 2048
2 2048
0 190
2 2048
2 2048
0 995
1 2048
2 2048
0 1580
1 2048
1 2048
1 2048
0 191
1 2048
1 2048
5 2048
1 2048
1 2048
2 2048
1 2048
1 2048
3 2048
4 2048
0 597
0 663
2 2048
1 2048
1 2048
2 2048
1 2048
0 293
2 2048
0 455
2 2048
0 171
0 432
0 534
2 2048
2 2048
4 2048
1 2048
1 2048
0 358
0 395
1 2048
3 2048
1 2048
0 639
2 2048
1 2048
2 2048
2 2048
0 220
1 2048
2 2048
3 2048
1 2048
1 2048
1 2048
1 2048
1 2048
3 2048
2 2048
3 2048
3 2048
1 2048
0 282
1 2048
0 401
0 99
3 2048
2 2048
1 2048
0 494
3 2048
2 2048
1 2048
3 2048
1 2048
1 2048
4 2048
1 2048
1 2048
2 2048
1 2048
3 2048
0 840
2 2048
0 145
3 2048
2 2048
2 2048
2 2048
0 441
3 2048
3 2048
2 2048
3 2048
0 653
2 2048
4 2048
1 2048
1 2048
4 2048
1 2048
3 2048
1 2048
2 2048
3 2048
1 2048
1 2048
1 2048
2 2048
1 2048
1 2048
0 200
1 2048
2 2048
0 799
3 2048
4 2048
3 2048
1 2048
2 2048
0 81
0 240
1 2048
2 2048
2 2048
2 2048
1 2048
0 57
0 1329
2 2048
1 2048
1 2048
1 2048
4 2048
3 2048
0 267
3 2048
2 2048
1 2048
1 2048
1 2048
0 220
1 2048
1 2048
2 2048
3 2048
0 701
1 2048
2 2048
1 2048
1 2048
1 2048
2 2048
0 484
3 2048
3 2048
1 2048
4 2048
3 2048
3 2048
0 925
4 2048
3 2048
0 335
2 2048
5 2048
2 2048
2 2048
2 2048
2 2048
1 2048
1 2048
4 2048
2 2048
1 2048
2 2048
1 2048
2 2048
2 2048
2 2048
2 2048
1 2048
5 2048
1 2048
0 119
1 2048
1 2048
2 2048
1 2048
0 285
4 2048
3 2048
2 2048
2 2048
3 2048
2 2048
1 2048
2 2048
0 1759
2 2048
2 2048
1 2048
0 305
1 2048
1 2048
1 2048
1 2048
4 2048
1 2048
1 2048
0 449
1 2048
2 2048
1 2048
0 378
1 2048
1 2048
0 332
2 2048
2 2048
1 2048
3 2048
1 2048
1 2048
1 2048
1 2048
0 740
1 2048
1 2048
2 2048
1 2048
3 2048
0 1800
1 2048
0 174
2 2048
4 2048
0 661
1 2048
0 324
1 2048
0 793
2 2048
3 2048
0 467
0 742
2 2048
0 276
0 834
2 2048
1 2048
1 2048
2 2048
3 2048
6 2048
1 2048
3 2048
1 2048
0 588
3 2048
1 2048
3 2048
2 2048
3 2048
2 2048
3 2048
3 2048
1 2048
1 2048
2 2048
2 2048
1 2048
2 2048
0 138
1 2048
3 2048
1 2048
1 2048
1 2048
1 2048
1 2048
0 444
1 2048
0 178
1 2048
1 2048
1 2048
1 2048
0 215
2 2048
0 317
1 2048
2 2048
2 2048
0 1537
0 502
0 610
0 395
2 2048
1 2048
1 2048
2 2048
1 2048
1 2048
2 2048
1 2048
2 2048
1 2048
4 2048
2 2048
2 2048
1 2048
0 256
2 2048
1 2048
0 269
2 2048
4 2048
2 2048
0 738
1 2048
2 2048
1 2048
1 2048
0 349
1 2048
1 2048
6 2048
1 2048
0 451
0 403
4 2048
2 2048
1 2048
4 2048
0 539
2 2048
1 2048
1 2048
1 2048
2 2048
1 2048
3 2048
1 2048
1 2048
4 2048
2 2048
2 2048
3 2048
0 445
2 2048
5 2048
3 2048
1 2048
1 2048
2 2048
1 2048
2 2048
0 430
0 294
1 2048
3 2048
1 2048
1 2048
2 2048
2 2048
1 2048
3 2048
2 2048
2 2048
1 2048
2 2048
3 2048
2 2048
2 2048
0 573
1 2048
0 724
0 563
0 1467
4 2048
3 2048
3 2048
0 839
1 2048
1 2048
2 2048
3 2048
3 2048
2 2048
0 150
0 251
0 218
3 2048
3 2048
1 2048
2 2048
0 197
2 2048
1 2048
4 2048
1 2048
3 2048
0 1104
0 1658
0 67
2 2048
3 2048
1 2048
1 2048
3 2048
4 2048
1 2048
1 2048
0 149
2 2048
1 2048
2 2048
2 2048
0 1566
3 2048
2 2048
0 787
1 2048
1 2048
2 2048
0 171
0 898
0 975
3 2048
2 2048
1 2048
0 1951
1 2048
1 2048
0 230
1 2048
1 2048
1 2048
1 2048
2 2048
0 323
0 656
1 2048
1 2048
1 2048
0 1113
5 2048
2 2048
1 2048
2 2048
1 2048
1 2048
1 2048
2 2048
0 504
3 2048
1 2048
1 2048
4 2048
2 2048
0 366
1 2048
0 1132
1 2048
2 2048
1 2048
0 983
1 2048
0 657
3 2048
3 2048
1 2048
1 2048
1 2048
4 2048
1 2048
1 2048
1 2048
1 2048
1 2048
6 2048
2 2048
2 2048
1 2048
0 226
1 2048
2 2048
4 2048
2 2048
4 2048
0 323
1 2048
1 2048
1 2048
1 2048
3 2048
3 2048
4 2048
1 2048
5 2048
0 305
2 2048
0 1464
5 2048
0 216
1 2048
2 2048
1 2048
4 2048
0 781
3 2048
2 2048
4 2048
0 131
2 2048
2 2048
1 2048
1 2048
1 2048
2 2048
2 2048
0 554
1 2048
1 2048
1 2048
1 2048
1 2048
1 2048
2 2048
3 2048
0 329
1 2048
0 1189
3 2048
2 2048
1 2048
3 2048
3 2048
3 2048
2 2048
3 2048
1 2048
2 2048
3 2048
1 2048
0 357
2 2048
2 2048
1 2048
2 2048
2 2048
1 2048
3 2048
1 2048
0 262
2 2048
0 398
1 2048
1 2048
0 109
2 2048
1 2048
2 2048
1 2048
1 2048
1 2048
2 2048
1 2048
3 2048
3 2048
1 2048
2 2048
2 2048
3 2048
1 2048
2 2048
1 2048
5 2048
1 2048
3 2048
0 318
1 2048
0 280
2 2048
0 533
1 2048
0 325
0 494
2 2048
3 2048
1 2048
4 2048
1 2048
0 131
0 1119
3 2048
2 2048
3 2048
0 1519
2 2048
0 114
0 477
5 2048
1 2048
1 2048
2 2048
1 2048
1 2048
2 2048
0 134
1 2048
2 2048
2 2048
0 815
0 595
2 2048
2 2048
1 2048
1 2048
1 2048
1 2048
1 2048
1 2048
1 2048
1 2048
0 434
3 2048
1 2048
3 2048
1 2048
3 2048
2 2048
1 2048
2 2048
0 447
1 2048
3 2048
5 2048
0 1308
2 2048
1 2048
4 2048
1 2048
1 2048
0 119
1 2048
1 2048
1 2048
1 2048
1 2048
4 2048
0 1546
1 2048
2 2048
0 66
1 2048
1 2048
0 1672
2 2048
0 256
0 307
1 2048
1 2048
2 2048
2 2048
1 2048
2 2048
3 2048
1 2048
3 2048
2 2048
0 544
1 2048
0 256
2 2048
1 2048
3 2048
1 2048
3 2048
0 307
3 2048
2 2048
2 2048
0 126
1 2048
1 2048
2 2048
2 2048
2 2048
0 627
2 2048
4 2048
1 2048
1 2048
1 2048
2 2048
1 2048
1 2048
0 888
3 2048
2 2048
0 189
1 2048
1 2048
1 2048
3 2048
2 2048
3 2048
2 2048
0 288
1 2048
3 2048
0 731
2 2048
0 738
3 2048
0 496
2 2048
1 2048
2 2048
1 2048
1 2048
2 2048
4 2048
0 322
0 121
1 2048
1 2048
3 2048
0 869
1 2048
0 590
0 245
1 2048
1 2048
1 2048
1 2048
1 2048
1 2048
1 2048
1 2048
3 2048
0 1200
1 2048
2 2048
0 518
2 2048
1 2048
5 2048
1 2048
2 2048
1 2048
1 2048
2 2048
1 2048
1 2048
1 2048
4 2048
1 2048
1 2048
1 2048
2 2048
0 398
0 196
1 2048
3 2048
2 2048
3 2048
1 2048
1 2048
3 2048
5 2048
1 2048
1 2048
3 2048
2 2048
0 1391
0 311
2 2048
1 2048
0 263
3 2048
2 2048
4 2048
4 2048
2 2048
1 2048
0 883
2 2048
1 2048
2 2048
4 2048
0 749
1 2048
3 2048
1 2048
1 2048
1 2048
1 2048
0 252
0 245
1 2048
1 2048
2 2048
1 2048
2 2048
1 2048
1 2048
2 2048
3 2048
0 1480
2 2048
2 2048
0 393
1 2048
1 2048
2 2048
4 2048
1 2048
3 2048
1 2048
3 2048
2 2048
1 2048
0 397
0 540
1 2048
1 2048
1 2048
4 2048
1 2048
5 2048
0 555
1 2048
1 2048
0 468
1 2048
2 2048
3 2048
0 330
2 2048
2 2048
0 478
3 2048
0 421
0 235
2 2048
1 2048
0 521
3 2048
3 2048
2 2048
1 2048
1 2048
0 1888
3 2048
2 2048
1 2048
2 2048
1 2048
0 496
0 790
2 2048
2 2048
1 2048
1 2048
2 2048
2 2048
2 2048
1 2048
0 850
2 2048
1 2048
0 1450
2 2048
1 2048
1 2048
2 2048
3 2048
1 2048
1 2048
0 570
2 2048
1 2048
2 2048
1 2048
2 2048
3 2048
1 2048
1 2048
1 2048
2 2048
0 260
3 2048
2 2048
0 458
3 2048
1 2048
0 373
2 2048
0 390
2 2048
1 2048
2 2048
0 478
2 2048
0 286
3 2048
0 190
1 2048
2 2048
2 2048
0 399
1 2048
1 2048
2 2048
2 2048
2 2048
2 2048
1 2048
0 293
1 2048
2 2048
1 2048
0 1044
0 411
3 2048
0 362
3 2048
3 2048
1 2048
1 2048
0 241
0 173
4 2048
1 2048
1 2048
0 695
1 2048
3 2048
4 2048
2 2048
0 497
0 427
2 2048
2 2048
1 2048
1 2048
2 2048
0 734
3 2048
1 2048
1 2048
0 884
2 2048
2 2048
1 2048
1 2048
1 2048
3 2048
1 2048
1 2048
3 2048
1 2048
1 2048
4 2048
2 2048
1 2048
1 2048
3 2048
0 101
0 1480
1 2048
0 484
0 637
0 348
2 2048
1 2048
0 215
2 2048
2 2048
1 2048
0 678
2 2048
3 2048
3 2048
0 288
2 2048
1 2048
1 2048
2 2048
0 1288
4 2048
2 2048
1 2048
1 2048
1 2048
1 2048
2 2048
0 160
1 2048
2 2048
2 2048
4 2048
2 2048
0 342
1 2048
3 2048
2 2048
2 2048
1 2048
1 2048
0 704
2 2048
1 2048
3 2048
1 2048
1 2048
1 2048
1 2048
3 2048
1 2048
1 2048
0 196
2 2048
0 347
0 768
5 2048
3 2048
2 2048
2 2048
1 2048
3 2048
2 2048
4 2048
4 2048
2 2048
3 2048
1 2048
3 2048
5 2048
2 2048
1 2048
1 2048
0 590
2 2048
0 367
1 2048
0 743
0 714
2 2048
5 2048
0 226
2 2048
2 2048
3 2048
1 2048
1 2048
0 46
1 2048
2 2048
1 2048
4 2048
2 2048
1 2048
1 2048
3 2048
3 2048
2 2048
4 2048
2 2048
0 391
2 2048
1 2048
1 2048
1 2048
2 2048
2 2048
1 2048
3 2048
0 774
2 2048
0 732
3 2048
4 2048
4 2048
2 2048
0 566
1 2048
1 2048
5 2048
3 2048
2 2048
0 689
3 2048
2 2048
1 2048
4 2048
2 2048
1 2048
2 2048
3 2048
0 558
2 2048
2 2048
0 280
1 2048
0 615
1 2048
4 2048
1 2048
0 675
1 2048
2 2048
0 258
1 2048
0 1662
2 2048
1 2048
3 2048
1 2048
1 2048
4 2048
3 2048
2 2048
3 2048
3 2048
2 2048
2 2048
3 2048
0 188
2 2048
1 2048
0 146
3 2048
1 2048
2 2048
0 1137
1 2048
2 2048
3 2048
1 2048
3 2048
5 2048
1 2048
2 2048
0 370
3 2048
2 2048
2 2048
2 2048
0 664
0 336
2 2048
2 2048
1 2048
4 2048
1 2048
1 2048
0 1717
0 57
3 2048
2 2048
1 2048
1 2048
4 2048
2 2048
0 103
1 2048
0 540
2 2048
0 366
1 2048
0 150
0 582
0 404
3 2048
1 2048
1 2048
0 1008
1 2048
2 2048
2 2048
0 517
4 2048
4 2048
1 2048
1 2048
2 2048
1 2048
1 2048
0 784
2 2048
1 2048
1 2048
0 1101
2 2048
3 2048
4 2048
0 1802
1 2048
0 1110
1 2048
2 2048
1 2048
2 2048
0 994
3 2048
2 2048
1 2048
0 953
1 2048
2 2048
0 613
0 267
3 2048
2 2048
2 2048
3 2048
1 2048
1 2048
1 2048
3 2048
1 2048
1 2048
0 205
0 260
1 2048
1 2048
1 2048
2 2048
3 2048
2 2048
2 2048
1 2048
2 2048
4 2048
0 775
1 2048
0 81
1 2048
1 2048
2 2048
2 2048
1 2048
2 2048
2 2048
3 2048
3 2048
1 2048
0 736
1 2048
0 269
2 2048
2 2048
1 2048
3 2048
3 2048
0 194
0 112
1 2048
1 2048
1 2048
1 2048
2 2048
0 603
0 1235
0 235
2 2048
2 2048
2 2048
1 2048
2 2048
1 2048
2 2048
0 1545
0 474
0 761
3 2048
1 2048
4 2048
1 2048
0 245
5 2048
2 2048
0 886
6 2048
3 2048
0 1019
3 2048
1 2048
0 121
2 2048
0 840
4 2048
0 1619
1 2048
0 408
2 2048
3 2048
2 2048
1 2048
1 2048
1 2048
3 2048
0 1030
3 2048
6 2048
3 2048
4 2048
1 2048
1 2048
1 2048
2 2048
1 2048
0 1533
1 2048
1 2048
1 2048
1 2048
4 2048
4 2048
2 2048
1 2048
0 868
5 2048
0 331
2 2048
2 2048
0 724
1 2048
1 2048
1 2048
3 2048
1 2048
3 2048
1 2048
2 2048
0 183
2 2048
1 2048
0 1420
2 2048
4 2048
1 2048
0 659
1 2048
3 2048
3 2048
1 2048
1 2048
1 2048
2 2048
1 2048
2 2048
1 2048
2 2048
3 2048
0 1584
1 2048
0 327
0 552
1 2048
3 2048
2 2048
1 2048
1 2048
0 1076
2 2048
2 2048
1 2048
0 407
1 2048
1 2048
1 2048
2 2048
1 2048
1 2048
2 2048
1 2048
0 545
0 221
2 2048
1 2048
1 2048
0 235
2 2048
0 188
2 2048
2 2048
1 2048
1 2048
1 2048
1 2048
0 271
0 715
1 2048
1 2048
2 2048
2 2048
5 2048
2 2048
0 423
1 2048
3 2048
1 2048
1 2048
2 2048
0 184
0 543
1 2048
2 2048
0 642
1 2048
1 2048
1 2048
3 2048
3 2048
0 441
2 2048
5 2048
1 2048
0 1397
2 2048
0 374
4 2048
0 79
1 2048
0 741
1 2048
1 2048
1 2048
0 182
1 2048
1 2048
2 2048
4 2048
1 2048
2 2048
1 2048
1 2048
2 2048
1 2048
2 2048
2 2048
3 2048
3 2048
6 2048
1 2048
2 2048
0 336
3 2048
1 2048
0 888
4 2048
2 2048
0 968
0 473
0 557
2 2048
4 2048
1 2048
1 2048
0 143
2 2048
0 1053
3 2048
4 2048
1 2048
2 2048
3 2048
3 2048
4 2048
0 225
3 2048
1 2048
3 2048
1 2048
1 2048
1 2048
0 1546
0 604
0 836
0 316
1 2048
4 2048
2 2048
0 230
3 2048
1 2048
2 2048
0 810
2 2048
2 2048
2 2048
0 1816
4 2048
6 2048
0 747
2 2048
3 2048
0 478
0 67
3 2048
0 95
1 2048
1 2048
3 2048
0 564
1 2048
1 2048
3 2048
1 2048
2 2048
2 2048
1 2048
2 2048
4 2048
0 534
3 2048
0 366
2 2048
0 103
0 725
3 2048
0 305
1 2048
1 2048
1 2048
1 2048
1 2048
0 1144
2 2048
1 2048
2 2048
1 2048
2 2048
1 2048
1 2048
1 2048
4 2048
1 2048
2 2048
5 2048
1 2048
4 2048
0 283
0 248
2 2048
1 2048
2 2048
4 2048
1 2048
1 2048
3 2048
1 2048
2 2048
0 221
1 2048
3 2048
4 2048
1 2048
1 2048
2 2048
2 2048
2 2048
1 2048
0 138
3 2048
1 2048
0 238
2 2048
2 2048
0 144
0 394
2 2048
3 2048
4 2048
3 2048
1 2048
0 289
0 953
1 2048
0 78
1 2048
2 2048
0 383
1 2048
2 2048
1 2048
2 2048
2 2048
2 2048
1 2048
0 565
1 2048
1 2048
1 2048
3 2048
1 2048
1 2048
1 2048
1 2048
3 2048
3 2048
1 2048
2 2048
1 2048
0 362
2 2048
3 2048
1 2048
1 2048
0 375
3 2048
3 2048
1 2048
0 1367
0 106
2 2048
1 2048
1 2048
1 2048
1 2048
5 2048
0 1261
2 2048
2 2048
0 369
1 2048
1 2048
4 2048
2 2048
0 162
1 2048
2 2048
2 2048
1 2048
1 2048
3 2048
2 2048
2 2048
1 2048
1 2048
1 2048
0 639
0 480
1 2048
2 2048
0 284
3 2048
2 2048
1 2048
1 2048
2 2048
0 43
2 2048
0 260
2 2048
2 2048
2 2048
1 2048
0 130
0 260
1 2048
1 2048
0 365
3 2048
2 2048
2 2048
3 2048
1 2048
0 881
3 2048
2 2048
2 2048
3 2048
1 2048
2 2048
1 2048
2 2048
2 2048
1 2048
3 2048
1 2048
1 2048
1 2048
1 2048
0 274
3 2048
0 156
1 2048
2 2048
3 2048
1 2048
0 326
3 2048
1 2048
2 2048
2 2048
2 2048
1 2048
4 2048
0 724
0 377
1 2048
3 2048
3 2048
1 2048
3 2048
1 2048
1 2048
3 2048
1 2048
2 2048
2 2048
2 2048
0 172
2 2048
2 2048
2 2048
1 2048
0 343
0 114
2 2048
1 2048
1 2048
1 2048
3 2048
1 2048
2 2048
4 2048
4 2048
2 2048
2 2048
0 729
0 129
3 2048
2 2048
2 2048
2 2048
2 2048
2 2048
2 2048
2 2048
2 2048
1 2048
0 297
0 1144
1 2048
3 2048
3 2048
2 2048
4 2048
2 2048
0 609
3 2048
1 2048
3 2048
1 2048
1 2048
2 2048
2 2048
0 108
0 1282
0 243
2 2048
3 2048
2 2048
0 1364
3 2048
2 2048
0 201
2 2048
0 805
2 2048
2 2048
2 2048
2 2048
1 2048
4 2048
1 2048
2 2048
3 2048
0 566
4 2048
0 717
0 120
2 2048
0 1064
2 2048
2 2048
3 2048
0 519
2 2048
2 2048
1 2048
1 2048
2 2048
2 2048
3 2048
3 2048
0 978
1 2048
3 2048
3 2048
2 2048
1 2048
0 470
1 2048
1 2048
1 2048
5 2048
0 431
0 494
6 2048
1 2048
2 2048
0 96
2 2048
0 65
2 2048
1 2048
2 2048
3 2048
0 99
2 2048
1 2048
3 2048
1 2048
0 1621
2 2048
2 2048
2 2048
1 2048
0 527
0 559
3 2048
1 2048
2 2048
1 2048
3 2048
0 321
1 2048
3 2048
3 2048
2 2048
2 2048
0 416
1 2048
0 1111
0 1746
3 2048
0 185
1 2048
2 2048
0 711
1 2048
3 2048
1 2048
2 2048
2 2048
1 2048
1 2048
2 2048
2 2048
1 2048
1 2048
0 940
1 2048
2 2048
1 2048
3 2048
2 2048
3 2048
1 2048
4 2048
2 2048
1 2048
1 2048
1 2048
4 2048
4 2048
2 2048
0 515
2 2048
0 1034
1 2048
1 2048
0 255
0 705
2 2048
2 2048
2 2048
5 2048
1 2048
1 2048
2 2048
1 2048
2 2048
2 2048
1 2048
2 2048
5 2048
3 2048
2 2048
3 2048
1 2048
3 2048
2 2048
5 2048
1 2048
2 2048
3 2048
4 2048
3 2048
1 2048
1 2048
0 260
1 2048
2 2048
2 2048
0 223
1 2048
0 593
1 2048
1 2048
1 2048
1 2048
1 2048
3 2048
3 2048
1 2048
2 2048
2 2048
3 2048
0 652
2 2048
2 2048
1 2048
1 2048
3 2048
1 2048
1 2048
0 1548
3 2048
3 2048
0 124
1 2048
3 2048
1 2048
2 2048
0 369
2 2048
2 2048
1 2048
0 548
2 2048
0 1027
1 2048
3 2048
0 43
2 2048
0 461
1 2048
1 2048
3 2048
1 2048
2 2048
1 2048
1 2048
2 2048
1 2048
3 2048
0 355
1 2048
1 2048
2 2048
0 312
1 2048
0 353
3 2048
5 2048
0 1961
0 373
5 2048
2 2048
0 437
1 2048
1 2048
0 434
0 220
0 76
0 354
0 240
1 2048
1 2048
2 2048
1 2048
0 290
0 711
2 2048
1 2048
0 420
1 2048
2 2048
1 2048
0 608
2 2048
0 639
0 284
1 2048
2 2048
0 201
2 2048
0 311
2 2048
0 261
3 2048
1 2048
1 2048
0 676
3 2048
2 2048
2 2048
0 652
2 2048
1 2048
1 2048
4 2048
1 2048
3 2048
1 2048
0 138
4 2048
0 877
1 2048
2 2048
0 227
2 2048
0 1532
0 372
2 2048
2 2048
0 884
1 2048
2 2048
2 2048
2 2048
1 2048
0 814
3 2048
0 803
0 725
0 295
2 2048
2 2048
1 2048
1 2048
1 2048
3 2048
0 1132
1 2048
2 2048
0 731
2 2048
0 377
1 2048
4 2048
0 220
1 2048
5 2048
1 2048
2 2048
1 2048
3 2048
3 2048
1 2048
1 2048
3 2048
3 2048
0 576
1 2048
3 2048
2 2048
0 152
2 2048
1 2048
2 2048
2 2048
0 155
1 2048
0 52
1 2048
1 2048
1 2048
1 2048
0 855
3 2048
2 2048
2 2048
0 361
2 2048
4 2048
4 2048
1 2048
1 2048
0 51
2 2048
1 2048
1 2048
0 701
3 2048
3 2048
2 2048
2 2048
4 2048
2 2048
6 2048
2 2048
3 2048
2 2048
1 2048
2 2048
2 2048
3 2048
1 2048
1 2048
0 137
3 2048
0 106
1 2048
1 2048
2 2048
1 2048
3 2048
2 2048
1 2048
0 376
1 2048
1 2048
0 577
1 2048
2 2048
0 222
1 2048
0 1110
2 2048
1 2048
2 2048
1 2048
1 2048
1 2048
2 2048
1 2048
1 2048
1 2048
0 203
1 2048
3 2048
2 2048
2 2048
2 2048
1 2048
0 526
2 2048
2 2048
0 1909
1 2048
0 1845
2 2048
3 2048
0 459
0 394
1 2048
3 2048
1 2048
1 2048
3 2048
4 2048
2 2048
0 338
3 2048
1 2048
1 2048
1 2048
1 2048
3 2048
1 2048
4 2048
2 2048
3 2048
0 413
3 2048
3 2048
2 2048
2 2048
1 2048
2 2048
2 2048
1 2048
3 2048
1 2048
2 2048
2 2048
1 2048
0 222
1 2048
1 2048
2 2048
3 2048
0 520
4 2048
3 2048
0 146
2 2048
0 741
2 2048
1 2048
1 2048
3 2048
3 2048
2 2048
0 177
2 2048
0 585
4 2048
0 401
3 2048
1 2048
0 282
0 881
0 1022
2 2048
2 2048
2 2048
1 2048
1 2048
0 467
3 2048
0 580
4 2048
1 2048
4 2048
1 2048
0 995
5 2048
0 527
0 234
2 2048
2 2048
3 2048
2 2048
1 2048
2 2048
2 2048
1 2048
3 2048
2 2048
4 2048
1 2048
0 539
2 2048
1 2048
0 1362
1 2048
2 2048
1 2048
2 2048
1 2048
2 2048
1 2048
2 2048
2 2048
3 2048
1 2048
3 2048
2 2048
1 2048
1 2048
2 2048
0 213
0 562
3 2048
1 2048
3 2048
2 2048
2 2048
2 2048
1 2048
1 2048
0 847
6 2048
2 2048
2 2048
1 2048
2 2048
2 2048
0 435
2 2048
2 2048
1 2048
2 2048
2 2048
0 67
3 2048
1 2048
3 2048
1 2048
3 2048
3 2048
3 2048
2 2048
0 71
3 2048
2 2048
5 2048
2 2048
1 2048
4 2048
1 2048
0 162
0 878
1 2048
1 2048
0 236
1 2048
2 2048
0 413
0 2021
0 385
2 2048
1 2048
1 2048
0 300
1 2048
0 330
2 2048
2 2048
1 2048
1 2048
2 2048
4 2048
3 2048
3 2048
2 2048
0 436
2 2048
2 2048
2 2048
4 2048
2 2048
2 2048
2 2048
2 2048
0 695
1 2048
4 2048
1 2048
2 2048
1 2048
2 2048
0 260
2 2048
3 2048
0 330
2 2048
1 2048
0 193
2 2048
1 2048
0 486
1 2048
3 2048
3 2048
3 2048
0 54
1 2048
2 2048
0 1006
3 2048
1 2048
2 2048
2 2048
2 2048
2 2048
2 2048
2 2048
0 234
3 2048
1 2048
0 319
0 435
0 286
1 2048
3 2048
0 72
3 2048
2 2048
2 2048
1 2048
1 2048
1 2048
1 2048
2 2048
2 2048
3 2048
1 2048
1 2048
2 2048
1 2048
2 2048
0 1035
2 2048
2 2048
1 2048
1 2048
3 2048
1 2048
0 609
2 2048
4 2048
1 2048
1 2048
3 2048
1 2048
0 305
2 2048
0 821
2 2048
1 2048
2 2048
2 2048
0 1473
0 902
3 2048
1 2048
3 2048
0 497
4 2048
0 723
2 2048
0 443
0 1603
0 171
3 2048
2 2048
1 2048
2 2048
2 2048
0 203
2 2048
1 2048
0 446
0 258
3 2048
2 2048
2 2048
2 2048
3 2048
1 2048
1 2048
2 2048
4 2048
2 2048
3 2048
2 2048
0 1184
0 289
0 67
1 2048
3 2048
1 2048
2 2048
1 2048
1 2048
0 353
2 2048
1 2048
1 2048
0 806
2 2048
1 2048
1 2048
1 2048
2 2048
0 1431
1 2048
1 2048
1 2048
0 540
0 506
4 2048
2 2048
0 435
0 108
2 2048
0 628
0 1441
0 952
0 1265
1 2048
1 2048
1 2048
2 2048
1 2048
1 2048
0 310
0 663
1 2048
2 2048
2 2048
0 368
1 2048
4 2048
1 2048
0 1935
1 2048
1 2048
4 2048
2 2048
1 2048
1 2048
3 2048
0 765
1 2048
0 604
0 223
1 2048
2 2048
1 2048
3 2048
2 2048
0 109
0 735
1 2048
0 113
0 203
2 2048
2 2048
1 2048
1 2048
3 2048
2 2048
1 2048
1 2048
1 2048
3 2048
2 2048
1 2048
1 2048
1 2048
2 2048
0 405
1 2048
1 2048
1 2048
1 2048
3 2048
0 586
0 773
1 2048
0 263
0 1997
1 2048
0 1656
2 2048
1 2048
0 131
3 2048
0 290
2 2048
1 2048
3 2048
1 2048
2 2048
1 2048
4 2048
1 2048
1 2048
1 2048
2 2048
0 194
2 2048
2 2048
2 2048
0 68
2 2048
1 2048
1 2048
1 2048
3 2048
1 2048
1 2048
2 2048
2 2048
1 2048
3 2048
1 2048
1 2048
1 2048
3 2048
1 2048
1 2048
0 892
2 2048
0 1147
1 2048
0 525
0 376
1 2048
1 2048
0 505
1 2048
3 2048
4 2048
3 2048
2 2048
0 137
2 2048
2 2048
0 1055
1 2048
1 2048
2 2048
2 2048
2 2048
4 2048
2 2048
0 94
0 124
3 2048
1 2048
0 874
0 1059
0 426
2 2048
2 2048
1 2048
1 2048
2 2048
4 2048
4 2048
2 2048
2 2048
2 2048
2 2048
0 454
2 2048
2 2048
2 2048
4 2048
1 2048
2 2048
2 2048
1 2048
0 817
1 2048
3 2048
2 2048
0 729
1 2048
4 2048
2 2048
1 2048
4 2048
3 2048
2 2048
0 224
3 2048
2 2048
2 2048
2 2048
1 2048
3 2048
1 2048
2 2048
1 2048
1 2048
0 770
2 2048
0 1969
2 2048
2 2048
3 2048
1 2048
3 2048
1 2048
2 2048
4 2048
3 2048
1 2048
2 2048
1 2048
2 2048
1 2048
1 2048
0 880
0 400
1 2048
2 2048
0 966
1 2048
2 2048
4 2048
3 2048
0 890
2 2048
1 2048
3 2048
3 2048
3 2048
0 374
0 891
3 2048
1 2048
1 2048
1 2048
1 2048
1 2048
1 2048
1 2048
2 2048
1 2048
2 2048
0 599
1 2048
5 2048
2 2048
0 447
0 364
4 2048
2 2048
4 2048
0 329
1 2048
2 2048
2 2048
0 66
1 2048
0 436
3 2048
3 2048
1 2048
2 2048
2 2048
1 2048
1 2048
0 550
1 2048
0 573
2 2048
2 2048
4 2048
2 2048
0 269
1 2048
2 2048
1 2048
1 2048
0 286
1 2048
0 431
0 605
2 2048
4 2048
0 293
1 2048
1 2048
1 2048
4 2048
2 2048
5 2048
2 2048
1 2048
1 2048
1 2048
2 2048
1 2048
4 2048
2 2048
3 2048
0 805
2 2048
2 2048
1 2048
3 2048
0 514
1 2048
2 2048
1 2048
2 2048
2 2048
2 2048
0 489
1 2048
1 2048
2 2048
0 1168
3 2048
0 466
1 2048
0 98
3 2048
1 2048
1 2048
3 2048
1 2048
0 258
1 2048
0 101
0 825
5 2048
1 2048
1 2048
3 2048
1 2048
0 467
1 2048
1 2048
2 2048
1 2048
1 2048
2 2048
0 306
3 2048
1 2048
1 2048
1 2048
1 2048
1 2048
3 2048
0 574
2 2048
6 2048
2 2048
0 244
2 2048
0 112
2 2048
1 2048
0 456
2 2048
1 2048
0 613
2 2048
1 2048
3 2048
3 2048
1 2048
1 2048
2 2048
1 2048
2 2048
2 2048
2 2048
1 2048
1 2048
0 985
1 2048
3 2048
0 1363
2 2048
0 97
1 2048
1 2048
1 2048
1 2048
1 2048
2 2048
3 2048
3 2048
3 2048
1 2048
1 2048
1 2048
1 2048
0 502
0 357
0 354
3 2048
1 2048
2 2048
1 2048
1 2048
1 2048
3 2048
1 2048
3 2048
0 68
3 2048
1 2048
3 2048
4 2048
2 2048
4 2048
3 2048
2 2048
2 2048
1 2048
0 191
1 2048
3 2048
0 259
1 2048
2 2048
2 2048
0 205
0 494
2 2048
3 2048
3 2048
2 2048
1 2048
1 2048
1 2048
0 177
4 2048
2 2048
2 2048
0 194
3 2048
1 2048
2 2048
0 438
1 2048
0 172
1 2048
1 2048
2 2048
1 2048
0 1625
2 2048
1 2048
1 2048
0 424
2 2048
2 2048
0 938
1 2048
2 2048
1 2048
2 2048
3 2048
0 328
3 2048
0 57
1 2048
3 2048
0 128
1 2048
0 617
1 2048
0 515
2 2048
2 2048
2 2048
1 2048
2 2048
2 2048
0 724
1 2048
2 2048
1 2048
3 2048
1 2048
3 2048
1 2048
0 95
1 2048
2 2048
0 626
2 2048
3 2048
2 2048
2 2048
4 2048
3 2048
2 2048
4 2048
1 2048
0 442
1 2048
2 2048
1 2048
3 2048
1 2048
1 2048
4 2048
3 2048
2 2048
1 2048
0 632
1 2048
2 2048
0 296
2 2048
1 2048
0 913
0 1366
1 2048
0 1307
2 2048
0 106
0 197
1 2048
3 2048
1 2048
0 512
2 2048
1 2048
3 2048
2 2048
2 2048
0 294
3 2048
1 2048
1 2048
1 2048
0 1068
4 2048
0 549
2 2048
0 460
2 2048
0 296
2 2048
1 2048
2 2048
1 2048
2 2048
1 2048
1 2048
3 2048
2 2048
2 2048
3 2048
3 2048
0 730
0 202
0 661
0 803
2 2048
3 2048
0 560
1 2048
5 2048
1 2048
2 2048
0 154
1 2048
4 2048
2 2048
1 2048
0 148
1 2048
3 2048
1 2048
0 738
3 2048
1 2048
1 2048
3 2048
2 2048
0 615
1 2048
3 2048
1 2048
1 2048
3 2048
0 322
2 2048
1 2048
1 2048
3 2048
1 2048
0 512
1 2048
5 2048
1 2048
2 2048
1 2048
0 693
1 2048
3 2048
1 2048
3 2048
0 419
2 2048
2 2048
2 2048
0 795
1 2048
3 2048
3 2048
1 2048
2 2048
1 2048
3 2048
1 2048
5 2048
1 2048
0 317
1 2048
0 225
3 2048
2 2048
1 2048
2 2048
0 229
1 2048
1 2048
0 253
2 2048
2 2048
0 258
2 2048
2 2048
3 2048
0 1043
0 612
1 2048
0 110
4 2048
0 290
6 2048
0 1570
0 933
2 2048
1 2048
0 293
0 557
1 2048
3 2048
1 2048
2 2048
3 2048
1 2048
1 2048
1 2048
1 2048
0 629
3 2048
7 2048
0 254
1 2048
2 2048
0 653
1 2048
2 2048
2 2048
4 2048
1 2048
3 2048
2 2048
1 2048
5 2048
4 2048
1 2048
1 2048
0 176
1 2048
3 2048
1 2048
1 2048
1 2048
0 1535
3 2048
2 2048
1 2048
0 861
1 2048
1 2048
1 2048
1 2048
1 2048
2 2048
2 2048
0 875
0 750
0 568
1 2048
2 2048
2 2048
2 2048
2 2048
0 196
2 2048
2 2048
3 2048
2 2048
0 131
1 2048
1 2048
3 2048
1 2048
0 536
1 2048
1 2048
1 2048
2 2048
0 1507
0 1950
0 248
1 2048
2 2048
1 2048
3 2048
0 595
2 2048
2 2048
0 346
2 2048
1 2048
0 476
2 2048
2 2048
0 405
0 364
1 2048
1 2048
1 2048
1 2048
2 2048
1 2048
1 2048
3 2048
1 2048
0 391
2 2048
2 2048
1 2048
2 2048
4 2048
3 2048
1 2048
2 2048
1 2048
0 560
2 2048
1 2048
2 2048
2 2048
1 2048
0 675
3 2048
1 2048
2 2048
4 2048
2 2048
1 2048
2 2048
1 2048
3 2048
1 2048
2 2048
0 79
3 2048
0 463
0 373
2 2048
2 2048
0 724
1 2048
3 2048
0 2029
3 2048
0 845
2 2048
1 2048
3 2048
1 2048
3 2048
2 2048
0 867
2 2048
0 706
1 2048
2 2048
1 2048
3 2048
4 2048
1 2048
1 2048
0 86
0 681
1 2048
3 2048
2 2048
0 330
2 2048
1 2048
0 144
3 2048
1 2048
2 2048
1 2048
1 2048
1 2048
2 2048
2 2048
3 2048
1 2048
0 1086
2 2048
0 1041
1 2048
2 2048
0 279
1 2048
0 858
1 2048
0 1135
0 215
2 2048
3 2048
1 2048
2 2048
0 234
0 150
1 2048
1 2048
1 2048
1 2048
0 786
1 2048
3 2048
2 2048
2 2048
3 2048
1 2048
0 430
4 2048
1 2048
0 518
1 2048
1 2048
0 326
1 2048
2 2048
3 2048
3 2048
2 2048
2 2048
2 2048
1 2048
2 2048
3 2048
4 2048
0 197
2 2048
2 2048
1 2048
3 2048
0 81
1 2048
0 401
2 2048
1 2048
2 2048
0 214
4 2048
1 2048
0 944
2 2048
2 2048
2 2048
1 2048
4 2048
0 340
1 2048
0 642
2 2048
3 2048
1 2048
0 1237
1 2048
1 2048
1 2048
0 519
3 2048
4 2048
0 599
2 2048
1 2048
1 2048
1 2048
2 2048
2 2048
3 2048
1 2048
1 2048
0 609
2 2048
1 2048
2 2048
2 2048
3 2048
1 2048
1 2048
1 2048
1 2048
0 346
2 2048
3 2048
1 2048
1 2048
4 2048
2 2048
3 2048
4 2048
1 2048
0 547
0 1072
1 2048
3 2048
0 344
2 2048
0 809
3 2048
0 1271
4 2048
5 2048
1 2048
1 2048
0 1980
1 2048
1 2048
6 2048
3 2048
2 2048
2 2048
2 2048
2 2048
2 2048
2 2048
1 2048
2 2048
2 2048
1 2048
1 2048
0 578
0 757
3 2048
2 2048
3 2048
1 2048
3 2048
1 2048
3 2048
2 2048
1 2048
1 2048
0 1352
0 144
1 2048
1 2048
2 2048
1 2048
1 2048
2 2048
1 2048
2 2048
3 2048
2 2048
3 2048
2 2048
3 2048
2 2048
0 1372
0 247
1 2048
0 317
0 1648
2 2048
1 2048
0 43
1 2048
2 2048
2 2048
0 182
2 2048
2 2048
0 843
0 248
3 2048
3 2048
3 2048
1 2048
3 2048
0 118
1 2048
3 2048
1 2048
1 2048
0 115
5 2048
2 2048
0 477
3 2048
1 2048
3 2048
0 355
3 2048
3 2048
2 2048
5 2048
1 2048
1 2048
1 2048
1 2048
2 2048
2 2048
2 2048
2 2048
1 2048
1 2048
3 2048
2 2048
2 2048
0 271
1 2048
3 2048
1 2048
2 2048
3 2048
3 2048
0 728
0 473
1 2048
1 2048
1 2048
3 2048
1 2048
2 2048
2 2048
0 93
0 488
2 2048
0 357
1 2048
0 483
1 2048
0 338
2 2048
2 2048
1 2048
0 92
1 2048
0 141
1 2048
0 625
3 2048
2 2048
3 2048
0 456
1 2048
2 2048
3 2048
1 2048
2 2048
1 2048
3 2048
2 2048
3 2048
0 419
3 2048
1 2048
0 803
0 460
1 2048
1 2048
0 1033
1 2048
3 2048
3 2048
2 2048
0 340
0 780
1 2048
3 2048
2 2048
3 2048
2 2048
2 2048
1 2048
0 93
4 2048
1 2048
0 274
1 2048
1 2048
3 2048
2 2048
5 2048
1 2048
2 2048
2 2048
3 2048
1 2048
1 2048
0 658
2 2048
1 2048
2 2048
2 2048
3 2048
1 2048
2 2048
0 660
2 2048
1 2048
2 2048
2 2048
1 2048
2 2048
1 2048
3 2048
1 2048
0 494
1 2048
4 2048
1 2048
0 254
1 2048
0 290
0 493
1 2048
2 2048
0 358
1 2048
1 2048
4 2048
1 2048
0 2032
0 962
2 2048
3 2048
1 2048
3 2048
1 2048
2 2048
3 2048
0 639
1 2048
3 2048
0 242
1 2048
2 2048
2 2048
1 2048
4 2048
3 2048
1 2048
2 2048
3 2048
2 2048
1 2048
1 2048
1 2048
0 212
3 2048
1 2048
0 212
0 1757
0 1473
5 2048
0 600
1 2048
3 2048
3 2048
4 2048
0 51
3 2048
2 2048
4 2048
1 2048
2 2048
1 2048
2 2048
0 71
1 2048
1 2048
1 2048
1 2048
0 359
4 2048
2 2048
0 927
3 2048
2 2048
0 467
0 187
0 967
0 935
1 2048
4 2048
4 2048
1 2048
3 2048
5 2048
1 2048
2 2048
3 2048
1 2048
1 2048
1 2048
2 2048
3 2048
2 2048
1 2048
3 2048
5 2048
0 764
2 2048
2 2048
0 235
3 2048
4 2048
2 2048
2 2048
1 2048
2 2048
0 563
2 2048
0 419
2 2048
0 1050
2 2048
1 2048
1 2048
2 2048
0 481
0 1018
1 2048
1 2048
2 2048
1 2048
2 2048
1 2048
2 2048
1 2048
2 2048
2 2048
3 2048
1 2048
2 2048
0 1992
1 2048
0 828
2 2048
2 2048
0 264
3 2048
0 741
1 2048
2 2048
4 2048
1 2048
2 2048
1 2048
2 2048
1 2048
0 263
1 2048
1 2048
2 2048
2 2048
3 2048
2 2048
2 2048
0 329
2 2048
3 2048
1 2048
2 2048
0 1867
2 2048
1 2048
0 415
3 2048
2 2048
0 395
5 2048
1 2048
0 282
1 2048
1 2048
2 2048
0 576
4 2048
2 2048
0 1199
2 2048
1 2048
2 2048
3 2048
3 2048
1 2048
0 267
2 2048
1 2048
0 1096
2 2048
1 2048
3 2048
1 2048
2 2048
1 2048
1 2048
1 2048
2 2048
1 2048
1 2048
1 2048
0 259
0 276
2 2048
3 2048
0 223
1 2048
1 2048
0 664
1 2048
4 2048
1 2048
1 2048
2 2048
0 152
3 2048
1 2048
1 2048
1 2048
3 2048
1 2048
0 406
0 466
4 2048
3 2048
1 2048
1 2048
4 2048
1 2048
2 2048
0 210
2 2048
1 2048
0 2015
2 2048
1 2048
0 395
0 1507
1 2048
1 2048
2 2048
2 2048
1 2048
0 728
3 2048
1 2048
1 2048
0 383
1 2048
0 420
1 2048
1 2048
2 2048
0 1187
4 2048
3 2048
2 2048
0 588
1 2048
0 459
1 2048
0 300
1 2048
0 231
3 2048
1 2048
3 2048
1 2048
0 287
1 2048
2 2048
1 2048
2 2048
0 1181
1 2048
2 2048
0 213
1 2048
1 2048
1 2048
0 453
1 2048
2 2048
3 2048
0 462
4 2048
1 2048
0 254
0 333
0 1117
2 2048
1 2048
1 2048
1 2048
3 2048
4 2048
5 2048
1 2048
2 2048
1 2048
4 2048
3 2048
0 231
0 482
1 2048
2 2048
2 2048
2 2048
1 2048
0 745
1 2048
0 108
1 2048
2 2048
2 2048
0 399
0 379
1 2048
1 2048
2 2048
0 422
3 2048
1 2048
0 361
2 2048
3 2048
0 842
3 2048
0 294
1 2048
3 2048
3 2048
1 2048
2 2048
0 267
2 2048
0 552
1 2048
2 2048
0 1213
0 326
1 2048
2 2048
2 2048
2 2048
0 1162
3 2048
1 2048
2 2048
0 240
2 2048
0 940
0 403
3 2048
0 901
2 2048
0 1223
6 2048
1 2048
3 2048
2 2048
0 295
0 143
1 2048
0 513
1 2048
1 2048
0 231
2 2048
2 2048
1 2048
4 2048
2 2048
1 2048
2 2048
1 2048
0 88
0 450
1 2048
1 2048
0 455
4 2048
0 290
2 2048
1 2048
1 2048
2 2048
0 644
3 2048
4 2048
2 2048
1 2048
2 2048
2 2048
1 2048
1 2048
1 2048
0 957
1 2048
2 2048
1 2048
1 2048
2 2048
2 2048
0 228
1 2048
2 2048
2 2048
1 2048
2 2048
0 1726
0 1386
1 2048
1 2048
3 2048
1 2048
2 2048
2 2048
2 2048
1 2048
2 2048
2 2048
0 268
3 2048
1 2048
2 2048
2 2048
2 2048
3 2048
2 2048
0 320
1 2048
1 2048
3 2048
1 2048
0 434
0 158
1 2048
0 1351
2 2048
0 731
3 2048
3 2048
1 2048
3 2048
2 2048
1 2048
0 213
2 2048
2 2048
1 2048
0 342
1 2048
4 2048
2 2048
1 2048
2 2048
3 2048
2 2048
1 2048
3 2048
2 2048
1 2048
2 2048
1 2048
2 2048
3 2048
1 2048
1 2048
0 262
0 376
3 2048
3 2048
2 2048
3 2048
5 2048
2 2048
1 2048
1 2048
2 2048
0 1055
4 2048
2 2048
2 2048
1 2048
2 2048
0 151
1 2048
1 2048
1 2048
2 2048
2 2048
0 1284
1 2048
2 2048
3 2048
1 2048
0 188
1 2048
3 2048
1 2048
0 592
1 2048
1 2048
0 567
0 519
2 2048
1 2048
1 2048
1 2048
2 2048
0 578
2 2048
1 2048
4 2048
5 2048
1 2048
2 2048
2 2048
4 2048
2 2048
3 2048
0 304
0 1849
3 2048
4 2048
3 2048
1 2048
2 2048
0 111
3 2048
1 2048
2 2048
2 2048
2 2048
0 1557
1 2048
2 2048
3 2048
0 647
1 2048
0 404
1 2048
3 2048
3 2048
3 2048
0 163
1 2048
1 2048
1 2048
4 2048
1 2048
0 1333
1 2048
1 2048
1 2048
1 2048
0 304
1 2048
3 2048
1 2048
0 1875
2 2048
1 2048
0 324
2 2048
1 2048
2 2048
0 282
1 2048
3 2048
2 2048
1 2048
0 265
2 2048
1 2048
1 2048
2 2048
1 2048
2 2048
1 2048
1 2048
0 228
1 2048
0 1271
2 2048
2 2048
2 2048
1 2048
0 353
2 2048
1 2048
3 2048
0 749
2 2048
1 2048
2 2048
2 2048
4 2048
3 2048
1 2048
1 2048
2 2048
2 2048
1 2048
1 2048
1 2048
2 2048
2 2048
3 2048
3 2048
1 2048
0 640
2 2048
3 2048
2 2048
5 2048
2 2048
3 2048
2 2048
1 2048
2 2048
2 2048
1 2048
2 2048
2 2048
3 2048
1 2048
0 150
1 2048
2 2048
1 2048
1 2048
0 113
0 87
0 118
1 2048
3 2048
0 364
0 763
1 2048
1 2048
2 2048
3 2048
2 2048
1 2048
1 2048
2 2048
1 2048
1 2048
0 131
0 752
2 2048
3 2048
2 2048
2 2048
0 76
0 259
0 647
2 2048
1 2048
5 2048
2 2048
2 2048
3 2048
5 2048
1 2048
3 2048
3 2048
2 2048
2 2048
0 1856
2 2048
2 2048
0 254
3 2048
3 2048
3 2048
0 904
1 2048
3 2048
0 510
0 966
0 169
0 1045
1 2048
3 2048
2 2048
2 2048
1 2048
2 2048
1 2048
0 170
0 721
1 2048
0 444
4 2048
0 1219
1 2048
3 2048
0 218
1 2048
5 2048
3 2048
3 2048
1 2048
0 424
0 538
2 2048
1 2048
2 2048
3 2048
1 2048
1 2048
3 2048
4 2048
1 2048
3 2048
1 2048
2 2048
2 2048
3 2048
1 2048
3 2048
1 2048
2 2048
0 458
1 2048
2 2048
4 2048
0 129
3 2048
1 2048
1 2048
0 67
3 2048
0 49
1 2048
0 50
2 2048
0 366
2 2048
0 610
2 2048
0 636
0 499
0 427
0 209
2 2048
1 2048
1 2048
2 2048
4 2048
3 2048
1 2048
1 2048
1 2048
1 2048
2 2048
3 2048
1 2048
0 369
2 2048
0 251
0 523
0 1126
2 2048
2 2048
3 2048
3 2048
2 2048
6 2048
1 2048
1 2048
0 583
1 2048
4 2048
0 1850
1 2048
3 2048
2 2048
0 916
2 2048
2 2048
1 2048
1 2048
2 2048
0 104
2 2048
0 67
4 2048
1 2048
0 366
4 2048
1 2048
0 673
1 2048
2 2048
3 2048
3 2048
3 2048
2 2048
1 2048
2 2048
2 2048
2 2048
2 2048
1 2048
1 2048
0 227
1 2048
2 2048
2 2048
1 2048
0 339
0 150
1 2048
1 2048
2 2048
1 2048
2 2048
2 2048
2 2048
3 2048
0 614
2 2048
1 2048
3 2048
1 2048
2 2048
0 381
3 2048
1 2048
0 277
1 2048
4 2048
2 2048
1 2048
3 2048
2 2048
0 485
1 2048
1 2048
2 2048
3 2048
4 2048
2 2048
1 2048
3 2048
1 2048
2 2048
1 2048
2 2048
3 2048
2 2048
3 2048
2 2048
7 2048
3 2048
1 2048
2 2048
0 217
1 2048
0 569
1 2048
0 456
1 2048
4 2048
1 2048
2 2048
0 401
1 2048
3 2048
2 2048
0 1070
1 2048
1 2048
0 674
1 2048
2 2048
2 2048
0 1846
3 2048
1 2048
3 2048
0 1131
1 2048
3 2048
4 2048
1 2048
4 2048
2 2048
2 2048
2 2048
2 2048
2 2048
1 2048
1 2048
2 2048
0 1295
3 2048
1 2048
1 2048
0 535
0 475
5 2048
1 2048
2 2048
1 2048
4 2048
3 2048
0 994
2 2048
0 1290
1 2048
3 2048
0 1929
0 341
4 2048
1 2048
2 2048
2 2048
1 2048
2 2048
2 2048
1 2048
1 2048
0 274
1 2048
1 2048
2 2048
0 1272
2 2048
0 294
1 2048
2 2048
3 2048
2 2048
2 2048
3 2048
2 2048
1 2048
2 2048
0 226
2 2048
1 2048
0 323
3 2048
0 651
1 2048
0 880
0 405
2 2048
1 2048
1 2048
1 2048
0 145
2 2048
1 2048
0 292
5 2048
3 2048
2 2048
2 2048
0 221
2 2048
1 2048
3 2048
2 2048
1 2048
1 2048
1 2048
1 2048
2 2048
4 2048
0 1839
1 2048
2 2048
1 2048
3 2048
1 2048
2 2048
1 2048
0 154
2 2048
0 236
0 354
1 2048
0 448
2 2048
3 2048
4 2048
0 749
1 2048
1 2048
4 2048
1 2048
1 2048
4 2048
1 2048
0 610
1 2048
2 2048
0 112
1 2048
1 2048
3 2048
1 2048
5 2048
4 2048
1 2048
2 2048
4 2048
1 2048
2 2048
3 2048
1 2048
3 2048
1 2048
5 2048
0 378
3 2048
0 1638
1 2048
1 2048
3 2048
1 2048
1 2048
0 733
1 2048
2 2048
2 2048
2 2048
0 1288
2 2048
2 2048
2 2048
1 2048
1 2048
1 2048
2 2048
0 211
2 2048
1 2048
0 472
2 2048
3 2048
2 2048
2 2048
0 787
3 2048
2 2048
2 2048
2 2048
1 2048
3 2048
3 2048
4 2048
2 2048
1 2048
1 2048
0 302
1 2048
3 2048
3 2048
2 2048
3 2048
1 2048
1 2048
0 720
2 2048
1 2048
2 2048
1 2048
0 1481
0 372
2 2048
0 317
0 347
0 779
0 846
1 2048
2 2048
0 63
1 2048
1 2048
2 2048
3 2048
0 499
2 2048
0 1485
0 1899
1 2048
1 2048
1 2048
3 2048
1 2048
2 2048
5 2048
0 680
3 2048
1 2048
2 2048
1 2048
1 2048
2 2048
2 2048
0 903
2 2048
1 2048
1 2048
0 1515
3 2048
3 2048
2 2048
3 2048
2 2048
1 2048
0 88
1 2048
1 2048
0 143
2 2048
1 2048
2 2048
2 2048
0 176
0 305
1 2048
1 2048
1 2048
2 2048
0 180
0 345
3 2048
0 581
1 2048
0 983
0 260
1 2048
2 2048
1 2048
4 2048
2 2048
3 2048
0 829
3 2048
1 2048
1 2048
0 506
0 211
3 2048
1 2048
1 2048
0 949
1 2048
1 2048
3 2048
1 2048
4 2048
1 2048
3 2048
1 2048
3 2048
0 640
4 2048
3 2048
3 2048
2 2048
2 2048
2 2048
0 549
3 2048
0 567
1 2048
3 2048
1 2048
0 262
2 2048
2 2048
0 742
3 2048
0 260
1 2048
3 2048
1 2048
0 156
2 2048
1 2048
1 2048
2 2048
2 2048
0 467
2 2048
4 2048
4 2048
1 2048
1 2048
1 2048
1 2048
3 2048
1 2048
2 2048
1 2048
2 2048
1 2048
0 78
1 2048
2 2048
2 2048
1 2048
1 2048
3 2048
1 2048
0 1228
2 2048
3 2048
1 2048
1 2048
2 2048
2 2048
0 390
2 2048
2 2048
1 2048
2 2048
0 423
3 2048
0 898
0 191
2 2048
1 2048
3 2048
3 2048
2 2048
0 134
3 2048
4 2048
3 2048
3 2048
3 2048
1 2048
1 2048
1 2048
2 2048
1 2048
3 2048
3 2048
3 2048
1 2048
3 2048
1 2048
2 2048
0 51
2 2048
1 2048
1 2048
2 2048
3 2048
2 2048
3 2048
2 2048
2 2048
1 2048
0 997
1 2048
0 685
0 169
2 2048
1 2048
0 164
0 439
0 137
2 2048
2 2048
2 2048
2 2048
2 2048
4 2048
1 2048
2 2048
1 2048
1 2048
2 2048
2 2048
2 2048
1 2048
3 2048
1 2048
1 2048
2 2048
3 2048
1 2048
0 790
1 2048
3 2048
0 140
3 2048
3 2048
2 2048
1 2048
3 2048
1 2048
2 2048
2 2048
2 2048
1 2048
1 2048
0 293
1 2048
0 1818
4 2048
0 65
3 2048
1 2048
0 1009
1 2048
1 2048
2 2048
2 2048
2 2048
2 2048
4 2048
2 2048
4 2048
3 2048
3 2048
0 317
0 389
1 2048
2 2048
1 2048
5 2048
0 296
1 2048
2 2048
1 2048
0 138
0 489
1 2048
3 2048
1 2048
3 2048
1 2048
1 2048
0 373
2 2048
2 2048
4 2048
2 2048
1 2048
4 2048
0 2029
2 2048
1 2048
3 2048
0 486
0 469
3 2048
0 203
1 2048
1 2048
2 2048
0 387
0 129
2 2048
3 2048
5 2048
3 2048
0 966
3 2048
0 119
3 2048
2 2048
0 421
0 487
4 2048
0 435
3 2048
4 2048
1 2048
1 2048
2 2048
0 289
4 2048
3 2048
0 625
4 2048
2 2048
0 556
3 2048
1 2048
0 183
2 2048
1 2048
1 2048
1 2048
4 2048
1 2048
0 1236
0 249
3 2048
2 2048
3 2048
1 2048
3 2048
5 2048
2 2048
0 82
0 151
3 2048
1 2048
0 92
1 2048
5 2048
2 2048
2 2048
0 646
3 2048
0 741
1 2048
1 2048
3 2048
3 2048
0 719
3 2048
0 851
2 2048
2 2048
3 2048
1 2048
3 2048
4 2048
2 2048
2 2048
1 2048
1 2048
1 2048
2 2048
1 2048
1 2048
3 2048
1 2048
1 2048
1 2048
2 2048
5 2048
0 198
3 2048
2 2048
4 2048
1 2048
1 2048
2 2048
1 2048
1 2048
1 2048
0 206
2 2048
2 2048
1 2048
2 2048
3 2048
1 2048
2 2048
2 2048
1 2048
2 2048
0 486
1 2048
1 2048
0 1538
3 2048
0 186
2 2048
2 2048
1 2048
2 2048
0 1071
4 2048
0 161
0 448
0 433
2 2048
0 363
0 455
1 2048
1 2048
2 2048
0 508
3 2048
4 2048
2 2048
3 2048
2 2048
1 2048
1 2048
2 2048
3 2048
2 2048
2 2048
0 403
2 2048
2 2048
3 2048
3 2048
0 280
2 2048
2 2048
1 2048
0 405
3 2048
1 2048
1 2048
1 2048
1 2048
1 2048
2 2048
1 2048
1 2048
2 2048
0 387
0 762
2 2048
3 2048
2 2048
1 2048
1 2048
1 2048
3 2048
3 2048
2 2048
2 2048
2 2048
2 2048
0 735
0 158
1 2048
2 2048
3 2048
1 2048
2 2048
2 2048
0 481
3 2048
0 381
0 732
2 2048
2 2048
0 1341
0 539
2 2048
2 2048
2 2048
3 2048
1 2048
3 2048
2 2048
2 2048
1 2048
2 2048
0 525
0 508
0 459
2 2048
2 2048
0 114
2 2048
3 2048
1 2048
1 2048
3 2048
0 483
2 2048
1 2048
2 2048
1 2048
2 2048
1 2048
5 2048
0 1886
0 246
4 2048
3 2048
0 559
1 2048
0 1097
1 2048
5 2048
1 2048
2 2048
3 2048
1 2048
0 304
1 2048
1 2048
0 420
2 2048
0 581
3 2048
1 2048
0 177
1 2048
2 2048
0 339
2 2048
2 2048
2 2048
2 2048
1 2048
2 2048
1 2048
2 2048
2 2048
1 2048
1 2048
2 2048
3 2048
0 947
2 2048
4 2048
2 2048
1 2048
0 525
0 315
2 2048
0 257
4 2048
3 2048
4 2048
2 2048
0 279
2 2048
2 2048
4 2048
1 2048
2 2048
2 2048
2 2048
1 2048
2 2048
4 2048
2 2048
0 162
1 2048
2 2048
0 1624
3 2048
1 2048
1 2048
0 773
1 2048
0 1437
1 2048
2 2048
3 2048
1 2048
1 2048
0 751
1 2048
0 940
1 2048
5 2048
1 2048
3 2048
0 1815
2 2048
0 1424
0 438
2 2048
1 2048
5 2048
1 2048
3 2048
0 154
2 2048
2 2048
0 317
5 2048
1 2048
4 2048
5 2048
0 1492
0 708
2 2048
1 2048
0 640
1 2048
2 2048
1 2048
1 2048
0 221
3 2048
1 2048
1 2048
1 2048
2 2048
6 2048
4 2048
2 2048
2 2048
1 2048
1 2048
2 2048
0 767
3 2048
3 2048
1 2048
2 2048
1 2048
1 2048
1 2048
4 2048
2 2048
1 2048
0 1070
2 2048
2 2048
0 557
1 2048
0 66
1 2048
0 1308
1 2048
3 2048
0 568
2 2048
0 888
0 1618
2 2048
2 2048
1 2048
1 2048
1 2048
0 1609
3 2048
3 2048
1 2048
0 691
3 2048
3 2048
1 2048
1 2048
1 2048
1 2048
1 2048
0 264
5 2048
0 371
0 244
2 2048
0 407
4 2048
3 2048
2 2048
1 2048
2 2048
0 234
0 1275
1 2048
3 2048
2 2048
0 1907
2 2048
3 2048
2 2048
2 2048
1 2048
2 2048
1 2048
0 448
3 2048
0 598
0 828
1 2048
2 2048
1 2048
3 2048
1 2048
4 2048
1 2048
1 2048
0 606
0 1340
1 2048
0 282
1 2048
1 2048
4 2048
0 379
4 2048
0 846
0 676
0 579
2 2048
0 84
2 2048
1 2048
2 2048
2 2048
0 449
1 2048
1 2048
0 1768
1 2048
0 486
1 2048
2 2048
2 2048
3 2048
2 2048
2 2048
3 2048
1 2048
0 480
0 77
1 2048
2 2048
0 136
2 2048
5 2048
0 373
3 2048
3 2048
0 219
2 2048
4 2048
2 2048
1 2048
1 2048
3 2048
2 2048
1 2048
4 2048
2 2048
1 2048
2 2048
1 2048
0 480
2 2048
2 2048
2 2048
3 2048
2 2048
2 2048
3 2048
1 2048
1 2048
5 2048
2 2048
1 2048
0 54
2 2048
1 2048
2 2048
1 2048
2 2048
1 2048
2 2048
4 2048
3 2048
3 2048
0 1794
1 2048
4 2048
3 2048
1 2048
3 2048
0 369
0 731
1 2048
1 2048
2 2048
0 1644
2 2048
2 2048
0 1838
0 908
1 2048
4 2048
4 2048
3 2048
0 628
1 2048
2 2048
0 221
0 299
1 2048
4 2048
0 1253
3 2048
1 2048
3 2048
2 2048
1 2048
2 2048
2 2048
1 2048
1 2048
2 2048
1 2048
2 2048
2 2048
6 2048
1 2048
2 2048
0 918
2 2048
3 2048
4 2048
0 663
1 2048
0 340
3 2048
0 1983
0 76
1 2048
2 2048
4 2048
5 2048
2 2048
2 2048
2 2048
5 2048
2 2048
1 2048
2 2048
2 2048
4 2048
3 2048
2 2048
0 934
0 208
4 2048
4 2048
2 2048
1 2048
2 2048
1 2048
2 2048
1 2048
2 2048
2 2048
0 364
1 2048
0 92
0 1109
2 2048
2 2048
1 2048
2 2048
0 382
0 664
1 2048
2 2048
1 2048
1 2048
1 2048
3 2048
3 2048
0 678
1 2048
2 2048
3 2048
2 2048
1 2048
2 2048
1 2048
0 204
0 650
2 2048
3 2048
1 2048
1 2048
3 2048
1 2048
1 2048
0 303
0 421
2 2048
2 2048
1 2048
1 2048
4 2048
0 889
0 254
2 2048
2 2048
0 181
1 2048
1 2048
1 2048
2 2048
2 2048
3 2048
1 2048
6 2048
2 2048
2 2048
3 2048
2 2048
0 426
2 2048
0 360
1 2048
1 2048
1 2048
0 307
0 310
5 2048
0 56
2 2048
1 2048
2 2048
1 2048
1 2048
3 2048
1 2048
1 2048
5 2048
2 2048
2 2048
1 2048
3 2048
0 786
0 1353
1 2048
3 2048
2 2048
0 1599
2 2048
1 2048
2 2048
0 1722
2 2048
0 201
1 2048
3 2048
1 2048
1 2048
0 231
2 2048
1 2048
1 2048
1 2048
2 2048
2 2048
2 2048
5 2048
4 2048
1 2048
3 2048
3 2048
2 2048
0 863
4 2048
2 2048
2 2048
0 821
1 2048
3 2048
3 2048
1 2048
1 2048
1 2048
3 2048
0 483
2 2048
1 2048
3 2048
1 2048
0 463
1 2048
2 2048
0 598
4 2048
0 67
2 2048
1 2048
1 2048
0 93
0 962
1 2048
1 2048
4 2048
1 2048
1 2048
2 2048
3 2048
0 407
0 285
2 2048
2 2048
2 2048
2 2048
1 2048
2 2048
1 2048
0 948
3 2048
0 838
1 2048
2 2048
0 198
2 2048
1 2048
2 2048
2 2048
2 2048
3 2048
4 2048
0 640
0 259
2 2048
3 2048
3 2048
3 2048
0 150
1 2048
1 2048
1 2048
2 2048
1 2048
2 2048
6 2048
2 2048
1 2048
2 2048
0 333
1 2048
1 2048
1 2048
2 2048
3 2048
3 2048
2 2048
3 2048
1 2048
0 1082
0 1155
2 2048
1 2048
2 2048
2 2048
1 2048
0 738
0 1065
1 2048
3 2048
1 2048
4 2048
1 2048
1 2048
1 2048
2 2048
0 484
1 2048
0 418
1 2048
1 2048
2 2048
1 2048
2 2048
1 2048
3 2048
2 2048
1 2048
1 2048
1 2048
2 2048
2 2048
1 2048
0 728
1 2048
4 2048
3 2048
2 2048
3 2048
2 2048
3 2048
1 2048
2 2048
1 2048
2 2048
2 2048
1 2048
1 2048
2 2048
1 2048
4 2048
0 1550
1 2048
1 2048
4 2048
1 2048
2 2048
1 2048
1 2048
0 410
1 2048
1 2048
2 2048
1 2048
1 2048
3 2048
1 2048
0 710
0 775
3 2048
0 306
1 2048
0 240
0 229
0 206
4 2048
2 2048
1 2048
3 2048
2 2048
0 72
1 2048
2 2048
2 2048
2 2048
0 365
2 2048
1 2048
2 2048
1 2048
2 2048
0 1270
1 2048
2 2048
0 145
1 2048
1 2048
1 2048
0 788
2 2048
2 2048
1 2048
1 2048
1 2048
4 2048
4 2048
2 2048
0 743
2 2048
2 2048
1 2048
1 2048
2 2048
1 2048
3 2048
0 567
1 2048
1 2048
1 2048
1 2048
1 2048
1 2048
1 2048
2 2048
0 389
1 2048
4 2048
0 81
3 2048
0 1095
3 2048
1 2048
1 2048
3 2048
1 2048
2 2048
2 2048
1 2048
3 2048
1 2048
3 2048
1 2048
3 2048
0 86
1 2048
0 294
1 2048
1 2048
2 2048
0 876
1 2048
5 2048
2 2048
1 2048
4 2048
0 143
1 2048
1 2048
1 2048
1 2048
1 2048
0 577
1 2048
0 1277
1 2048
2 2048
1 2048
2 2048
3 2048
2 2048
0 214
2 2048
1 2048
2 2048
1 2048
2 2048
0 448
2 2048
2 2048
1 2048
5 2048
0 131
1 2048
4 2048
1 2048
1 2048
2 2048
2 2048
0 1352
2 2048
0 98
0 439
1 2048
0 1526
0 129
0 61
1 2048
0 602
2 2048
2 2048
3 2048
1 2048
0 467
1 2048
3 2048
1 2048
1 2048
2 2048
0 475
1 2048
0 295
4 2048
1 2048
1 2048
2 2048
2 2048
2 2048
2 2048
2 2048
0 245
2 2048
2 2048
3 2048
0 634
0 1215
1 2048
3 2048
4 2048
0 1357
0 695
4 2048
1 2048
0 44
1 2048
4 2048
3 2048
0 578
1 2048
1 2048
2 2048
2 2048
3 2048
2 2048
0 550
0 316
0 539
3 2048
2 2048
2 2048
2 2048
3 2048
3 2048
3 2048
1 2048
2 2048
1 2048
3 2048
1 2048
2 2048
3 2048
1 2048
2 2048
2 2048
2 2048
2 2048
1 2048
2 2048
0 2005
2 2048
2 2048
0 289
1 2048
1 2048
1 2048
2 2048
3 2048
0 264
1 2048
2 2048
2 2048
3 2048
0 668
4 2048
2 2048
0 326
2 2048
1 2048
2 2048
2 2048
1 2048
2 2048
4 2048
2 2048
1 2048
0 458
0 206
1 2048
5 2048
4 2048
3 2048
1 2048
3 2048
0 539
1 2048
2 2048
2 2048
2 2048
1 2048
2 2048
3 2048
2 2048
1 2048
2 2048
3 2048
2 2048
2 2048
3 2048
1 2048
2 2048
1 2048
2 2048
3 2048
1 2048
0 291
1 2048
2 2048
3 2048
2 2048
2 2048
3 2048
1 2048
2 2048
3 2048
1 2048
2 2048
2 2048
2 2048
1 2048
3 2048
1 2048
3 2048
1 2048
1 2048
3 2048
1 2048
1 2048
2 2048
0 765
1 2048
0 85
0 194
3 2048
0 367
2 2048
1 2048
0 1037
0 837
0 807
2 2048
0 85
1 2048
0 1193
2 2048
2 2048
0 616
0 432
1 2048
3 2048
1 2048
0 224
1 2048
2 2048
0 1923
3 2048
1 2048
2 2048
3 2048
1 2048
1 2048
3 2048
2 2048
2 2048
3 2048
3 2048
3 2048
1 2048
2 2048
1 2048
4 2048
2 2048
1 2048
1 2048
0 293
2 2048
0 1349
1 2048
0 792
0 1013
3 2048
2 2048
2 2048
0 178
2 2048
3 2048
1 2048
4 2048
2 2048
0 107
3 2048
2 2048
2 2048
2 2048
0 1520
1 2048
4 2048
1 2048
1 2048
1 2048
1 2048
0 1534
2 2048
0 698
0 281
2 2048
0 143
1 2048
1 2048
0 415
1 2048
2 2048
1 2048
2 2048
2 2048
1 2048
1 2048
0 561
2 2048
4 2048
5 2048
4 2048
0 520
1 2048
3 2048
3 2048
0 255
0 858
3 2048
1 2048
4 2048
1 2048
2 2048
1 2048
4 2048
0 410
2 2048
3 2048
2 2048
2 2048
0 384
1 2048
1 2048
0 729
1 2048
4 2048
0 130
2 2048
1 2048
1 2048
1 2048
4 2048
1 2048
2 2048
2 2048
1 2048
2 2048
0 183
1 2048
2 2048
2 2048
1 2048
2 2048
3 2048
1 2048
0 315
3 2048
1 2048
0 189
2 2048
1 2048
2 2048
2 2048
2 2048
1 2048
2 2048
1 2048
3 2048
4 2048
0 1369
3 2048
0 916
0 548
1 2048
3 2048
4 2048
1 2048
2 2048
1 2048
3 2048
3 2048
3 2048
4 2048
2 2048
2 2048
0 29
1 2048
1 2048
0 78
1 2048
0 630
0 531
3 2048
1 2048
1 2048
2 2048
3 2048
2 2048
2 2048
1 2048
4 2048
1 2048
1 2048
1 2048
4 2048
1 2048
2 2048
2 2048
1 2048
3 2048
0 103
2 2048
1 2048
2 2048
4 2048
1 2048
2 2048
2 2048
0 490
1 2048
1 2048
4 2048
1 2048
3 2048
1 2048
1 2048
1 2048
1 2048
1 2048
0 476
0 807
3 2048
1 2048
1 2048
2 2048
0 52
4 2048
0 269
0 477
4 2048
0 1476
1 2048
0 594
3 2048
1 2048
4 2048
2 2048
3 2048
2 2048
0 240
1 2048
1 2048
2 2048
2 2048
2 2048
0 818
2 2048
3 2048
2 2048
2 2048
1 2048
1 2048
2 2048
2 2048
1 2048
0 904
1 2048
1 2048
1 2048
2 2048
3 2048
0 285
1 2048
1 2048
0 237
1 2048
1 2048
1 2048
3 2048
3 2048
0 371
0 556
2 2048
2 2048
2 2048
2 2048
2 2048
4 2048
1 2048
1 2048
1 2048
3 2048
2 2048
0 137
2 2048
3 2048
0 1045
1 2048
1 2048
0 136
1 2048
0 667
0 1422
1 2048
4 2048
1 2048
1 2048
1 2048
0 1623
3 2048
1 2048
0 229
0 513
0 371
3 2048
2 2048
0 327
2 2048
1 2048
4 2048
0 197
2 2048
0 755
0 229
1 2048
3 2048
3 2048
0 1779
0 584
1 2048
1 2048
0 486
0 1146
2 2048
2 2048
0 162
1 2048
1 2048
1 2048
2 2048
1 2048
0 648
4 2048
0 1366
2 2048
1 2048
2 2048
2 2048
3 2048
3 2048
0 736
0 1440
3 2048
0 234
1 2048
3 2048
1 2048
2 2048
0 416
2 2048
1 2048
1 2048
2 2048
1 2048
3 2048
1 2048
1 2048
3 2048
1 2048
3 2048
1 2048
1 2048
0 328
2 2048
4 2048
1 2048
0 1112
1 2048
1 2048
1 2048
0 500
1 2048
1 2048
0 541
1 2048
1 2048
2 2048
2 2048
2 2048
0 278
4 2048
1 2048
2 2048
2 2048
2 2048
3 2048
3 2048
1 2048
4 2048
2 2048
2 2048
1 2048
2 2048
0 926
1 2048
0 365
1 2048
0 1188
3 2048
4 2048
0 210
1 2048
4 2048
0 424
2 2048
1 2048
1 2048
2 2048
2 2048
2 2048
2 2048
0 1358
1 2048
2 2048
2 2048
2 2048
2 2048
3 2048
2 2048
0 315
1 2048
1 2048
2 2048
2 2048
3 2048
2 2048
1 2048
0 220
2 2048
1 2048
2 2048
2 2048
0 513
1 2048
0 870
0 502
2 2048
4 2048
1 2048
0 503
3 2048
1 2048
1 2048
1 2048
3 2048
1 2048
2 2048
2 2048
2 2048
1 2048
2 2048
0 1352
2 2048
1 2048
2 2048
1 2048
2 2048
2 2048
4 2048
1 2048
2 2048
1 2048
0 22
1 2048
1 2048
0 222
1 2048
2 2048
4 2048
2 2048
1 2048
2 2048
1 2048
2 2048
2 2048
1 2048
1 2048
1 2048
1 2048
1 2048
1 2048
1 2048
0 188
1 2048
2 2048
0 586
2 2048
2 2048
1 2048
2 2048
3 2048
1 2048
1 2048
1 2048
2 2048
3 2048
1 2048
0 449
3 2048
2 2048
1 2048
0 491
0 325
0 127
0 475
1 2048
2 2048
3 2048
0 1045
2 2048
1 2048
2 2048
1 2048
1 2048
1 2048
1 2048
3 2048
2 2048
4 2048
0 1428
0 719
3 2048
3 2048
1 2048
2 2048
0 418
1 2048
1 2048
1 2048
3 2048
1 2048
3 2048
1 2048
2 2048
0 366
3 2048
0 839
1 2048
0 551
3 2048
0 1447
0 748
4 2048
4 2048
1 2048
2 2048
2 2048
2 2048
1 2048
1 2048
0 289
1 2048
1 2048
2 2048
0 492
5 2048
3 2048
1 2048
3 2048
3 2048
1 2048
3 2048
1 2048
2 2048
1 2048
2 2048
1 2048
0 658
3 2048
1 2048
0 621
3 2048
1 2048
2 2048
0 289
0 792
4 2048
1 2048
0 368
1 2048
1 2048
2 2048
1 2048
1 2048
2 2048
2 2048
1 2048
1 2048
3 2048
2 2048
1 2048
3 2048
0 271
1 2048
1 2048
2 2048
3 2048
1 2048
1 2048
0 391
0 435
1 2048
2 2048
2 2048
1 2048
0 904
1 2048
2 2048
1 2048
1 2048
1 2048
3 2048
2 2048
2 2048
2 2048
1 2048
1 2048
1 2048
0 110
2 2048
1 2048
2 2048
3 2048
5 2048
2 2048
1 2048
0 395
2 2048
2 2048
1 2048
3 2048
1 2048
0 492
2 2048
1 2048
2 2048
1 2048
1 2048
0 1029
2 2048
0 1144
1 2048
0 218
1 2048
1 2048
1 2048
2 2048
3 2048
2 2048
3 2048
3 2048
2 2048
3 2048
2 2048
1 2048
1 2048
0 593
1 2048
1 2048
0 531
3 2048
2 2048
2 2048
1 2048
2 2048
1 2048
0 263
1 2048
2 2048
2 2048
3 2048
1 2048
2 2048
5 2048
0 622
2 2048
3 2048
2 2048
1 2048
1 2048
0 235
1 2048
1 2048
1 2048
3 2048
2 2048
1 2048
2 2048
1 2048
1 2048
2 2048
0 605
1 2048
4 2048
1 2048
1 2048
0 136
2 2048
2 2048
3 2048
2 2048
1 2048
1 2048
3 2048
1 2048
2 2048
0 540
0 1368
0 70
1 2048
3 2048
3 2048
2 2048
5 2048
2 2048
0 219
3 2048
0 236
2 2048
1 2048
0 762
0 1512
0 264
1 2048
2 2048
1 2048
3 2048
0 147
2 2048
2 2048
1 2048
1 2048
1 2048
1 2048
4 2048
1 2048
3 2048
2 2048
3 2048
1 2048
3 2048
0 330
2 2048
0 880
1 2048
2 2048
1 2048
4 2048
1 2048
0 1138
1 2048
2 2048
2 2048
3 2048
2 2048
1 2048
1 2048
3 2048
1 2048
1 2048
2 2048
2 2048
1 2048
0 340
1 2048
1 2048
0 1263
3 2048
3 2048
1 2048
2 2048
3 2048
0 580
1 2048
2 2048
2 2048
3 2048
1 2048
1 2048
1 2048
3 2048
0 309
1 2048
2 2048
1 2048
1 2048
1 2048
3 2048
2 2048
4 2048
2 2048
0 583
1 2048
2 2048
1 2048
2 2048
0 1041
1 2048
1 2048
1 2048
2 2048
2 2048
3 2048
4 2048
1 2048
2 2048
1 2048
0 338
2 2048
0 1410
1 2048
2 2048
3 2048
0 187
1 2048
1 2048
0 1626
3 2048
4 2048
0 186
2 2048
0 529
0 837
1 2048
1 2048
3 2048
1 2048
3 2048
1 2048
0 236
0 54
0 321
1 2048
1 2048
1 2048
2 2048
1 2048
1 2048
1 2048
1 2048
3 2048
0 256
1 2048
1 2048
0 554
3 2048
0 107
0 392
2 2048
1 2048
1 2048
1 2048
1 2048
3 2048
2 2048
2 2048
0 165
3 2048
0 209
1 2048
0 1320
2 2048
1 2048
0 954
4 2048
1 2048
0 406
2 2048
1 2048
3 2048
2 2048
1 2048
2 2048
0 313
2 2048
3 2048
2 2048
2 2048
0 1831
2 2048
1 2048
1 2048
4 2048
2 2048
1 2048
0 451
1 2048
1 2048
0 1855
1 2048
1 2048
1 2048
2 2048
2 2048
1 2048
1 2048
2 2048
0 403
2 2048
0 785
1 2048
0 417
1 2048
1 2048
1 2048
0 593
2 2048
2 2048
2 2048
2 2048
1 2048
3 2048
0 810
3 2048
2 2048
3 2048
3 2048
0 53
3 2048
0 469
0 88
2 2048
1 2048
2 2048
5 2048
1 2048
0 1091
0 2023
2 2048
4 2048
2 2048
1 2048
4 2048
2 2048
1 2048
0 498
2 2048
3 2048
0 848
1 2048
4 2048
2 2048
1 2048
2 2048
2 2048
3 2048
1 2048
3 2048
4 2048
0 1111
0 494
0 1165
1 2048
0 747
0 741
2 2048
1 2048
1 2048
3 2048
0 522
1 2048
