# SA for random K-SAT
# K = 3   N = 1024   M = 4224   seed = 1718474413
# alpha = 4.125000   nIter = 4096  Tmax = 0.200000
# 1:lowestUnsat  2:runTime
2 4096
4 4096
3 4096
3 4096
2 4096
2 4096
1 4096
1 4096
3 4096
3 4096
2 4096
3 4096
2 4096
1 4096
3 4096
0 1998
1 4096
5 4096
0 2045
2 4096
2 4096
2 4096
5 4096
4 4096
1 4096
0 2169
4 4096
1 4096
6 4096
2 4096
1 4096
5 4096
3 4096
2 4096
3 4096
2 4096
3 4096
0 2442
1 4096
1 4096
2 4096
2 4096
1 4096
0 3936
0 1655
3 4096
1 4096
5 4096
1 4096
2 4096
1 4096
1 4096
3 4096
2 4096
1 4096
1 4096
3 4096
6 4096
2 4096
4 4096
4 4096
2 4096
2 4096
4 4096
1 4096
0 2396
0 1181
1 4096
2 4096
2 4096
5 4096
2 4096
0 3945
2 4096
3 4096
2 4096
3 4096
0 1529
1 4096
5 4096
0 726
2 4096
4 4096
1 4096
1 4096
1 4096
3 4096
2 4096
1 4096
3 4096
1 4096
6 4096
2 4096
2 4096
3 4096
1 4096
2 4096
3 4096
2 4096
3 4096
3 4096
2 4096
1 4096
1 4096
1 4096
5 4096
5 4096
4 4096
5 4096
4 4096
3 4096
0 1771
1 4096
1 4096
1 4096
0 976
4 4096
0 1995
1 4096
0 1504
2 4096
3 4096
1 4096
3 4096
1 4096
1 4096
1 4096
0 2450
4 4096
1 4096
1 4096
1 4096
0 1106
2 4096
3 4096
1 4096
6 4096
4 4096
2 4096
2 4096
0 3092
3 4096
2 4096
4 4096
2 4096
0 2273
4 4096
1 4096
0 1761
2 4096
3 4096
0 2217
2 4096
4 4096
2 4096
1 4096
2 4096
3 4096
3 4096
2 4096
1 4096
1 4096
3 4096
5 4096
1 4096
2 4096
0 761
0 2747
3 4096
2 4096
0 867
2 4096
0 1775
3 4096
2 4096
4 4096
1 4096
2 4096
4 4096
2 4096
2 4096
1 4096
2 4096
4 4096
1 4096
2 4096
4 4096
1 4096
1 4096
3 4096
1 4096
2 4096
1 4096
3 4096
1 4096
2 4096
1 4096
4 4096
0 729
0 2234
1 4096
1 4096
0 2257
2 4096
3 4096
2 4096
0 2823
3 4096
2 4096
1 4096
5 4096
2 4096
3 4096
1 4096
2 4096
0 701
3 4096
5 4096
2 4096
3 4096
2 4096
2 4096
3 4096
4 4096
3 4096
3 4096
2 4096
1 4096
0 3092
2 4096
0 1294
2 4096
1 4096
2 4096
1 4096
2 4096
1 4096
3 4096
1 4096
0 608
2 4096
1 4096
0 1112
5 4096
1 4096
0 1355
2 4096
0 1905
3 4096
3 4096
4 4096
1 4096
2 4096
1 4096
0 1267
1 4096
0 2032
2 4096
3 4096
3 4096
2 4096
1 4096
3 4096
2 4096
1 4096
3 4096
1 4096
4 4096
3 4096
3 4096
3 4096
2 4096
1 4096
0 765
3 4096
2 4096
3 4096
0 2581
0 1371
2 4096
3 4096
2 4096
3 4096
2 4096
1 4096
1 4096
3 4096
2 4096
1 4096
2 4096
2 4096
1 4096
1 4096
2 4096
1 4096
2 4096
1 4096
2 4096
4 4096
3 4096
3 4096
3 4096
1 4096
3 4096
0 2580
1 4096
0 1479
5 4096
1 4096
1 4096
4 4096
4 4096
2 4096
1 4096
1 4096
3 4096
1 4096
2 4096
4 4096
1 4096
5 4096
2 4096
3 4096
0 3861
1 4096
2 4096
2 4096
0 2612
3 4096
2 4096
3 4096
3 4096
2 4096
2 4096
1 4096
4 4096
2 4096
2 4096
2 4096
2 4096
4 4096
2 4096
3 4096
5 4096
0 1287
2 4096
4 4096
2 4096
1 4096
2 4096
4 4096
6 4096
3 4096
3 4096
0 1059
0 772
1 4096
2 4096
2 4096
4 4096
5 4096
1 4096
1 4096
1 4096
1 4096
4 4096
2 4096
2 4096
2 4096
1 4096
5 4096
1 4096
4 4096
1 4096
2 4096
2 4096
1 4096
0 1163
0 3223
1 4096
0 996
0 780
0 1638
2 4096
0 2981
4 4096
2 4096
1 4096
2 4096
2 4096
0 2878
3 4096
1 4096
1 4096
6 4096
0 1530
2 4096
2 4096
0 2387
1 4096
0 2951
2 4096
0 3165
3 4096
3 4096
1 4096
3 4096
3 4096
2 4096
3 4096
1 4096
2 4096
0 1570
6 4096
3 4096
2 4096
1 4096
3 4096
1 4096
2 4096
1 4096
3 4096
1 4096
2 4096
6 4096
5 4096
2 4096
0 1256
3 4096
1 4096
1 4096
1 4096
2 4096
2 4096
4 4096
2 4096
2 4096
1 4096
1 4096
2 4096
1 4096
2 4096
1 4096
0 832
0 1598
0 2406
0 689
1 4096
0 808
2 4096
0 909
3 4096
4 4096
5 4096
0 1353
3 4096
2 4096
3 4096
0 1118
2 4096
1 4096
0 2168
2 4096
0 4073
2 4096
2 4096
3 4096
1 4096
4 4096
2 4096
6 4096
2 4096
1 4096
1 4096
2 4096
1 4096
5 4096
0 1725
2 4096
2 4096
2 4096
2 4096
3 4096
6 4096
4 4096
1 4096
0 358
2 4096
1 4096
0 693
2 4096
0 3498
3 4096
4 4096
2 4096
1 4096
1 4096
0 610
2 4096
3 4096
2 4096
0 2760
2 4096
1 4096
1 4096
0 901
4 4096
2 4096
3 4096
0 884
3 4096
3 4096
1 4096
4 4096
3 4096
2 4096
1 4096
4 4096
0 585
1 4096
4 4096
2 4096
1 4096
0 393
3 4096
1 4096
2 4096
2 4096
3 4096
1 4096
2 4096
2 4096
2 4096
2 4096
4 4096
3 4096
1 4096
4 4096
3 4096
1 4096
2 4096
6 4096
3 4096
3 4096
1 4096
2 4096
2 4096
2 4096
2 4096
3 4096
1 4096
4 4096
2 4096
0 555
5 4096
2 4096
2 4096
2 4096
2 4096
0 3365
3 4096
2 4096
0 849
1 4096
3 4096
3 4096
1 4096
1 4096
1 4096
0 2210
0 3068
4 4096
6 4096
2 4096
0 1993
2 4096
1 4096
4 4096
3 4096
1 4096
5 4096
0 514
1 4096
2 4096
1 4096
1 4096
0 2166
1 4096
0 966
1 4096
2 4096
2 4096
3 4096
2 4096
1 4096
1 4096
3 4096
1 4096
0 3586
2 4096
2 4096
4 4096
0 710
0 2153
3 4096
1 4096
2 4096
3 4096
1 4096
0 3275
1 4096
0 3468
4 4096
0 634
3 4096
0 427
1 4096
0 3020
1 4096
3 4096
0 1019
0 2338
3 4096
2 4096
1 4096
1 4096
2 4096
1 4096
1 4096
4 4096
4 4096
2 4096
3 4096
4 4096
3 4096
2 4096
0 1023
1 4096
2 4096
5 4096
3 4096
4 4096
6 4096
4 4096
3 4096
2 4096
2 4096
4 4096
1 4096
3 4096
1 4096
1 4096
3 4096
1 4096
2 4096
1 4096
0 1137
0 2154
2 4096
1 4096
3 4096
2 4096
1 4096
3 4096
1 4096
2 4096
4 4096
2 4096
0 3498
2 4096
1 4096
3 4096
4 4096
3 4096
3 4096
4 4096
1 4096
0 2269
0 654
4 4096
3 4096
1 4096
2 4096
2 4096
0 974
1 4096
2 4096
1 4096
3 4096
2 4096
1 4096
0 451
3 4096
4 4096
1 4096
1 4096
1 4096
4 4096
1 4096
0 1375
1 4096
1 4096
3 4096
4 4096
2 4096
1 4096
2 4096
0 2519
0 1291
0 2969
0 3394
5 4096
2 4096
1 4096
1 4096
4 4096
4 4096
4 4096
2 4096
1 4096
3 4096
1 4096
2 4096
1 4096
4 4096
5 4096
5 4096
1 4096
1 4096
2 4096
2 4096
2 4096
2 4096
3 4096
6 4096
1 4096
1 4096
2 4096
3 4096
0 1516
1 4096
2 4096
1 4096
2 4096
0 1063
3 4096
2 4096
2 4096
2 4096
0 3922
6 4096
5 4096
5 4096
3 4096
3 4096
4 4096
2 4096
1 4096
2 4096
4 4096
0 1039
1 4096
1 4096
5 4096
1 4096
1 4096
3 4096
3 4096
1 4096
3 4096
2 4096
1 4096
3 4096
5 4096
2 4096
5 4096
3 4096
5 4096
0 1612
3 4096
1 4096
2 4096
3 4096
1 4096
1 4096
2 4096
1 4096
1 4096
1 4096
5 4096
2 4096
3 4096
2 4096
1 4096
0 1955
3 4096
1 4096
1 4096
2 4096
2 4096
3 4096
1 4096
0 747
1 4096
2 4096
3 4096
3 4096
1 4096
3 4096
3 4096
3 4096
0 2383
1 4096
3 4096
2 4096
1 4096
0 1700
4 4096
1 4096
1 4096
4 4096
0 323
5 4096
1 4096
3 4096
3 4096
1 4096
2 4096
3 4096
3 4096
1 4096
3 4096
3 4096
4 4096
2 4096
1 4096
4 4096
3 4096
0 683
5 4096
4 4096
2 4096
0 2238
1 4096
2 4096
0 854
3 4096
0 2545
1 4096
2 4096
1 4096
2 4096
4 4096
1 4096
2 4096
1 4096
3 4096
3 4096
1 4096
1 4096
3 4096
0 877
1 4096
0 2073
1 4096
1 4096
1 4096
2 4096
2 4096
1 4096
2 4096
1 4096
2 4096
1 4096
1 4096
2 4096
3 4096
0 3016
4 4096
0 1666
0 1051
2 4096
4 4096
3 4096
1 4096
4 4096
1 4096
0 1113
2 4096
2 4096
1 4096
1 4096
0 1665
3 4096
2 4096
1 4096
4 4096
1 4096
5 4096
0 2577
1 4096
3 4096
1 4096
0 847
2 4096
0 1053
0 868
0 1875
0 630
4 4096
1 4096
2 4096
0 1106
3 4096
0 3577
2 4096
3 4096
1 4096
5 4096
0 1888
0 1580
3 4096
1 4096
1 4096
1 4096
3 4096
0 548
1 4096
3 4096
1 4096
4 4096
3 4096
3 4096
2 4096
3 4096
3 4096
2 4096
4 4096
3 4096
2 4096
2 4096
3 4096
2 4096
2 4096
3 4096
4 4096
2 4096
2 4096
5 4096
3 4096
2 4096
0 1033
5 4096
2 4096
0 793
3 4096
2 4096
1 4096
2 4096
3 4096
3 4096
2 4096
3 4096
4 4096
0 3380
2 4096
0 1053
3 4096
3 4096
1 4096
3 4096
4 4096
4 4096
4 4096
2 4096
3 4096
4 4096
2 4096
0 696
4 4096
1 4096
3 4096
3 4096
3 4096
2 4096
2 4096
3 4096
2 4096
4 4096
2 4096
1 4096
0 507
1 4096
5 4096
2 4096
1 4096
3 4096
5 4096
2 4096
1 4096
2 4096
1 4096
3 4096
3 4096
1 4096
1 4096
2 4096
1 4096
3 4096
8 4096
1 4096
3 4096
4 4096
0 2467
1 4096
2 4096
5 4096
2 4096
2 4096
3 4096
3 4096
2 4096
4 4096
2 4096
3 4096
3 4096
3 4096
1 4096
1 4096
0 2407
2 4096
5 4096
2 4096
2 4096
1 4096
3 4096
1 4096
1 4096
1 4096
2 4096
3 4096
4 4096
0 2476
0 2427
3 4096
0 1489
3 4096
0 439
3 4096
1 4096
2 4096
0 1782
3 4096
2 4096
1 4096
6 4096
6 4096
0 730
4 4096
4 4096
3 4096
0 782
2 4096
3 4096
5 4096
3 4096
3 4096
1 4096
4 4096
1 4096
1 4096
0 1404
2 4096
1 4096
2 4096
0 1296
1 4096
1 4096
3 4096
3 4096
0 516
2 4096
2 4096
2 4096
0 1360
0 1583
1 4096
2 4096
4 4096
3 4096
3 4096
0 1402
2 4096
0 2239
1 4096
3 4096
0 3954
5 4096
1 4096
2 4096
4 4096
1 4096
2 4096
2 4096
1 4096
3 4096
3 4096
2 4096
1 4096
2 4096
1 4096
6 4096
4 4096
1 4096
3 4096
4 4096
1 4096
2 4096
1 4096
3 4096
1 4096
1 4096
2 4096
3 4096
2 4096
1 4096
1 4096
2 4096
4 4096
4 4096
3 4096
5 4096
5 4096
1 4096
3 4096
1 4096
0 1156
1 4096
3 4096
1 4096
3 4096
0 1340
1 4096
3 4096
5 4096
1 4096
2 4096
1 4096
1 4096
2 4096
3 4096
1 4096
1 4096
2 4096
3 4096
0 3277
5 4096
3 4096
3 4096
0 1900
1 4096
2 4096
1 4096
3 4096
0 1447
4 4096
5 4096
2 4096
2 4096
2 4096
0 2107
3 4096
2 4096
2 4096
3 4096
4 4096
4 4096
4 4096
3 4096
1 4096
1 4096
0 1555
2 4096
0 1465
3 4096
2 4096
3 4096
2 4096
3 4096
1 4096
1 4096
2 4096
1 4096
0 2644
2 4096
2 4096
1 4096
1 4096
3 4096
1 4096
2 4096
3 4096
1 4096
1 4096
1 4096
1 4096
1 4096
2 4096
3 4096
1 4096
2 4096
2 4096
2 4096
1 4096
1 4096
1 4096
2 4096
1 4096
2 4096
2 4096
1 4096
3 4096
2 4096
2 4096
2 4096
2 4096
1 4096
3 4096
2 4096
3 4096
4 4096
2 4096
3 4096
2 4096
3 4096
4 4096
1 4096
1 4096
4 4096
0 2063
1 4096
0 973
1 4096
5 4096
1 4096
2 4096
0 1232
2 4096
0 1884
4 4096
1 4096
3 4096
2 4096
2 4096
2 4096
2 4096
1 4096
3 4096
0 893
3 4096
0 3509
1 4096
1 4096
3 4096
5 4096
2 4096
1 4096
3 4096
3 4096
2 4096
2 4096
1 4096
4 4096
0 1250
3 4096
2 4096
2 4096
5 4096
0 1221
0 790
1 4096
3 4096
1 4096
3 4096
0 1276
0 2194
3 4096
0 3946
2 4096
2 4096
2 4096
1 4096
1 4096
2 4096
1 4096
1 4096
3 4096
7 4096
0 1192
0 1198
3 4096
3 4096
3 4096
0 962
1 4096
2 4096
2 4096
0 837
0 733
1 4096
3 4096
5 4096
0 2422
2 4096
4 4096
0 1233
2 4096
2 4096
1 4096
2 4096
1 4096
1 4096
0 3480
2 4096
1 4096
2 4096
0 1841
2 4096
2 4096
1 4096
0 1889
2 4096
2 4096
2 4096
0 1443
1 4096
2 4096
0 1368
4 4096
0 4077
1 4096
4 4096
2 4096
4 4096
2 4096
1 4096
3 4096
3 4096
1 4096
2 4096
4 4096
0 405
0 1052
2 4096
2 4096
4 4096
2 4096
3 4096
1 4096
4 4096
0 3483
1 4096
0 743
2 4096
1 4096
0 3372
4 4096
2 4096
2 4096
4 4096
1 4096
1 4096
0 2590
2 4096
2 4096
3 4096
5 4096
1 4096
1 4096
5 4096
0 828
4 4096
1 4096
3 4096
3 4096
3 4096
1 4096
3 4096
1 4096
1 4096
0 1660
2 4096
1 4096
2 4096
2 4096
0 1419
4 4096
1 4096
0 1479
0 842
3 4096
3 4096
1 4096
5 4096
3 4096
2 4096
0 1955
1 4096
2 4096
7 4096
0 438
0 1692
2 4096
2 4096
4 4096
2 4096
4 4096
1 4096
2 4096
6 4096
1 4096
2 4096
2 4096
3 4096
2 4096
0 1690
1 4096
2 4096
4 4096
3 4096
2 4096
1 4096
5 4096
1 4096
3 4096
5 4096
1 4096
2 4096
1 4096
5 4096
3 4096
1 4096
3 4096
3 4096
3 4096
0 485
1 4096
1 4096
4 4096
5 4096
2 4096
3 4096
1 4096
2 4096
2 4096
3 4096
1 4096
4 4096
2 4096
1 4096
4 4096
1 4096
3 4096
1 4096
2 4096
2 4096
3 4096
1 4096
1 4096
2 4096
2 4096
3 4096
0 3349
5 4096
4 4096
3 4096
4 4096
2 4096
2 4096
3 4096
1 4096
4 4096
3 4096
2 4096
1 4096
0 1647
3 4096
1 4096
2 4096
3 4096
1 4096
2 4096
5 4096
3 4096
2 4096
3 4096
0 934
3 4096
1 4096
2 4096
3 4096
2 4096
3 4096
0 671
2 4096
0 873
2 4096
1 4096
3 4096
1 4096
1 4096
1 4096
0 1988
2 4096
1 4096
1 4096
1 4096
4 4096
1 4096
2 4096
2 4096
1 4096
3 4096
3 4096
2 4096
3 4096
4 4096
2 4096
2 4096
2 4096
1 4096
1 4096
3 4096
2 4096
2 4096
3 4096
2 4096
1 4096
1 4096
1 4096
1 4096
2 4096
5 4096
2 4096
3 4096
2 4096
3 4096
1 4096
2 4096
1 4096
0 2124
2 4096
3 4096
0 3212
3 4096
0 3165
1 4096
0 1287
3 4096
3 4096
0 1710
1 4096
2 4096
0 2695
3 4096
1 4096
2 4096
2 4096
1 4096
3 4096
2 4096
2 4096
1 4096
4 4096
3 4096
4 4096
0 2817
1 4096
2 4096
5 4096
1 4096
1 4096
0 834
2 4096
3 4096
3 4096
4 4096
2 4096
0 1892
1 4096
2 4096
3 4096
3 4096
4 4096
2 4096
1 4096
1 4096
1 4096
3 4096
2 4096
0 677
2 4096
4 4096
2 4096
5 4096
6 4096
3 4096
4 4096
2 4096
3 4096
4 4096
3 4096
2 4096
2 4096
1 4096
2 4096
3 4096
1 4096
0 3124
1 4096
4 4096
2 4096
5 4096
0 2030
0 1853
4 4096
2 4096
2 4096
3 4096
1 4096
3 4096
1 4096
3 4096
4 4096
0 2348
4 4096
1 4096
3 4096
1 4096
5 4096
0 758
2 4096
1 4096
3 4096
3 4096
0 1149
7 4096
2 4096
2 4096
4 4096
7 4096
4 4096
6 4096
1 4096
2 4096
3 4096
2 4096
4 4096
3 4096
1 4096
0 1158
3 4096
2 4096
3 4096
2 4096
1 4096
1 4096
2 4096
3 4096
2 4096
3 4096
3 4096
1 4096
1 4096
2 4096
0 3520
1 4096
3 4096
0 1663
1 4096
1 4096
1 4096
1 4096
2 4096
2 4096
3 4096
1 4096
6 4096
0 2649
3 4096
1 4096
2 4096
0 982
0 563
1 4096
2 4096
0 2908
2 4096
1 4096
0 938
2 4096
1 4096
2 4096
3 4096
0 913
5 4096
6 4096
1 4096
1 4096
2 4096
1 4096
2 4096
3 4096
0 1547
3 4096
0 1520
4 4096
2 4096
2 4096
3 4096
3 4096
4 4096
2 4096
4 4096
1 4096
1 4096
2 4096
3 4096
1 4096
3 4096
3 4096
0 1999
3 4096
2 4096
2 4096
5 4096
2 4096
2 4096
1 4096
1 4096
1 4096
3 4096
2 4096
6 4096
1 4096
4 4096
4 4096
4 4096
2 4096
5 4096
3 4096
1 4096
0 1210
1 4096
4 4096
2 4096
0 1348
1 4096
5 4096
0 2502
4 4096
0 768
2 4096
3 4096
3 4096
5 4096
0 1253
1 4096
2 4096
1 4096
2 4096
3 4096
1 4096
0 935
1 4096
1 4096
4 4096
1 4096
0 1343
6 4096
1 4096
1 4096
0 2374
2 4096
0 1206
1 4096
3 4096
1 4096
3 4096
4 4096
2 4096
2 4096
0 301
3 4096
2 4096
1 4096
2 4096
1 4096
4 4096
1 4096
1 4096
2 4096
0 1842
2 4096
1 4096
1 4096
2 4096
1 4096
2 4096
5 4096
2 4096
2 4096
1 4096
1 4096
0 1310
3 4096
1 4096
3 4096
4 4096
0 1880
0 3053
2 4096
5 4096
1 4096
3 4096
1 4096
1 4096
1 4096
2 4096
1 4096
3 4096
2 4096
3 4096
2 4096
2 4096
0 3593
1 4096
1 4096
2 4096
1 4096
2 4096
0 3011
4 4096
3 4096
3 4096
1 4096
2 4096
0 1320
0 1948
4 4096
2 4096
3 4096
0 2057
1 4096
2 4096
0 714
2 4096
0 1841
0 1005
1 4096
3 4096
3 4096
4 4096
1 4096
2 4096
0 3083
0 1988
3 4096
1 4096
1 4096
2 4096
1 4096
0 2165
2 4096
2 4096
0 819
2 4096
4 4096
0 2858
0 646
2 4096
7 4096
2 4096
1 4096
2 4096
2 4096
0 1330
1 4096
1 4096
2 4096
3 4096
4 4096
2 4096
1 4096
2 4096
3 4096
1 4096
1 4096
2 4096
2 4096
1 4096
4 4096
2 4096
1 4096
0 840
2 4096
1 4096
5 4096
2 4096
0 886
1 4096
2 4096
2 4096
2 4096
3 4096
1 4096
1 4096
1 4096
1 4096
3 4096
4 4096
1 4096
2 4096
3 4096
0 478
2 4096
1 4096
2 4096
2 4096
2 4096
1 4096
4 4096
3 4096
2 4096
3 4096
2 4096
2 4096
3 4096
2 4096
0 3989
3 4096
2 4096
0 1281
2 4096
3 4096
2 4096
4 4096
3 4096
0 4009
1 4096
1 4096
3 4096
1 4096
1 4096
0 897
2 4096
1 4096
2 4096
3 4096
2 4096
1 4096
5 4096
6 4096
2 4096
2 4096
0 1889
1 4096
1 4096
1 4096
3 4096
4 4096
3 4096
7 4096
4 4096
1 4096
1 4096
3 4096
2 4096
1 4096
2 4096
2 4096
3 4096
2 4096
2 4096
2 4096
3 4096
2 4096
0 1684
1 4096
0 1751
2 4096
3 4096
1 4096
0 2274
1 4096
3 4096
3 4096
3 4096
3 4096
4 4096
1 4096
3 4096
2 4096
2 4096
4 4096
3 4096
0 1067
1 4096
3 4096
4 4096
0 2584
0 1961
0 763
3 4096
1 4096
2 4096
2 4096
2 4096
3 4096
2 4096
0 2545
2 4096
4 4096
2 4096
2 4096
2 4096
1 4096
2 4096
0 516
4 4096
1 4096
3 4096
0 2665
2 4096
1 4096
1 4096
4 4096
4 4096
2 4096
0 1728
1 4096
2 4096
3 4096
2 4096
3 4096
2 4096
2 4096
3 4096
4 4096
2 4096
2 4096
1 4096
3 4096
1 4096
2 4096
0 2525
1 4096
2 4096
3 4096
5 4096
0 465
5 4096
0 742
2 4096
0 2400
2 4096
1 4096
1 4096
1 4096
5 4096
5 4096
0 1561
2 4096
4 4096
1 4096
0 973
2 4096
1 4096
2 4096
2 4096
2 4096
0 2465
2 4096
2 4096
1 4096
3 4096
1 4096
4 4096
6 4096
0 1618
2 4096
4 4096
1 4096
0 2257
0 1816
3 4096
0 1424
2 4096
3 4096
3 4096
0 1138
2 4096
4 4096
0 1510
2 4096
2 4096
1 4096
0 1767
4 4096
1 4096
2 4096
1 4096
2 4096
0 1429
1 4096
2 4096
1 4096
1 4096
1 4096
4 4096
2 4096
2 4096
4 4096
1 4096
0 907
2 4096
2 4096
1 4096
2 4096
2 4096
2 4096
5 4096
3 4096
1 4096
4 4096
4 4096
2 4096
0 2461
2 4096
4 4096
0 2961
4 4096
0 1124
2 4096
3 4096
1 4096
3 4096
1 4096
0 604
6 4096
3 4096
2 4096
4 4096
2 4096
0 1539
1 4096
4 4096
1 4096
5 4096
5 4096
1 4096
3 4096
1 4096
1 4096
3 4096
2 4096
0 1304
0 3837
3 4096
3 4096
2 4096
2 4096
2 4096
1 4096
1 4096
2 4096
3 4096
0 1369
1 4096
3 4096
2 4096
2 4096
2 4096
2 4096
4 4096
0 3761
1 4096
1 4096
0 1827
3 4096
4 4096
1 4096
2 4096
3 4096
0 772
3 4096
2 4096
2 4096
1 4096
1 4096
2 4096
2 4096
4 4096
2 4096
2 4096
1 4096
2 4096
0 1544
2 4096
7 4096
4 4096
1 4096
3 4096
4 4096
1 4096
0 1247
0 2065
2 4096
1 4096
3 4096
1 4096
1 4096
1 4096
2 4096
3 4096
4 4096
0 1759
4 4096
1 4096
3 4096
3 4096
1 4096
1 4096
3 4096
1 4096
0 2432
1 4096
0 1746
1 4096
0 870
2 4096
3 4096
2 4096
2 4096
1 4096
0 1278
4 4096
3 4096
2 4096
0 672
3 4096
2 4096
5 4096
2 4096
3 4096
2 4096
2 4096
2 4096
3 4096
4 4096
1 4096
2 4096
2 4096
1 4096
2 4096
2 4096
1 4096
3 4096
3 4096
2 4096
3 4096
4 4096
3 4096
2 4096
4 4096
1 4096
1 4096
1 4096
0 3335
2 4096
1 4096
2 4096
0 804
3 4096
5 4096
1 4096
1 4096
4 4096
1 4096
0 813
0 802
4 4096
2 4096
2 4096
4 4096
0 1359
2 4096
1 4096
0 3378
2 4096
4 4096
2 4096
1 4096
1 4096
1 4096
6 4096
5 4096
1 4096
4 4096
2 4096
5 4096
4 4096
1 4096
2 4096
4 4096
1 4096
1 4096
2 4096
0 2670
0 2871
2 4096
2 4096
1 4096
3 4096
4 4096
1 4096
2 4096
4 4096
0 669
2 4096
1 4096
1 4096
2 4096
2 4096
4 4096
2 4096
2 4096
5 4096
0 2251
4 4096
3 4096
1 4096
0 2020
3 4096
4 4096
2 4096
4 4096
5 4096
4 4096
0 777
3 4096
1 4096
3 4096
1 4096
0 2156
4 4096
0 2622
1 4096
1 4096
0 2334
1 4096
4 4096
5 4096
2 4096
3 4096
3 4096
0 1143
5 4096
4 4096
3 4096
4 4096
2 4096
1 4096
2 4096
1 4096
0 1084
1 4096
1 4096
0 508
2 4096
3 4096
1 4096
3 4096
2 4096
3 4096
3 4096
3 4096
3 4096
5 4096
0 1723
3 4096
2 4096
1 4096
3 4096
0 3568
0 3117
1 4096
2 4096
2 4096
1 4096
1 4096
0 701
3 4096
1 4096
2 4096
0 2485
0 1973
4 4096
2 4096
0 1267
0 1079
2 4096
6 4096
0 2157
1 4096
3 4096
5 4096
1 4096
3 4096
1 4096
2 4096
4 4096
0 1014
2 4096
7 4096
1 4096
1 4096
3 4096
4 4096
3 4096
0 980
2 4096
0 638
1 4096
1 4096
2 4096
3 4096
3 4096
3 4096
0 2373
1 4096
2 4096
1 4096
0 1596
1 4096
2 4096
3 4096
1 4096
3 4096
2 4096
2 4096
2 4096
2 4096
6 4096
0 849
2 4096
1 4096
1 4096
4 4096
2 4096
2 4096
2 4096
2 4096
3 4096
2 4096
2 4096
0 1018
1 4096
3 4096
2 4096
2 4096
6 4096
6 4096
2 4096
2 4096
2 4096
2 4096
2 4096
3 4096
2 4096
3 4096
1 4096
0 931
0 1384
2 4096
3 4096
1 4096
3 4096
0 3013
2 4096
2 4096
2 4096
3 4096
3 4096
0 1212
2 4096
2 4096
3 4096
3 4096
3 4096
1 4096
3 4096
2 4096
1 4096
2 4096
0 1764
3 4096
1 4096
2 4096
1 4096
0 837
0 3393
0 1525
1 4096
2 4096
2 4096
2 4096
1 4096
3 4096
1 4096
4 4096
1 4096
2 4096
2 4096
2 4096
3 4096
5 4096
3 4096
2 4096
2 4096
3 4096
0 1277
2 4096
1 4096
1 4096
3 4096
3 4096
4 4096
1 4096
3 4096
1 4096
1 4096
3 4096
0 4084
0 2038
4 4096
3 4096
0 2350
3 4096
1 4096
2 4096
3 4096
1 4096
2 4096
3 4096
1 4096
3 4096
2 4096
1 4096
2 4096
0 2194
2 4096
3 4096
1 4096
4 4096
5 4096
6 4096
2 4096
3 4096
2 4096
1 4096
1 4096
0 1502
1 4096
2 4096
3 4096
3 4096
0 1042
3 4096
1 4096
0 2003
2 4096
0 1706
1 4096
1 4096
0 1181
1 4096
2 4096
2 4096
2 4096
6 4096
3 4096
2 4096
4 4096
1 4096
2 4096
1 4096
2 4096
5 4096
1 4096
0 1822
1 4096
2 4096
2 4096
3 4096
1 4096
6 4096
2 4096
4 4096
1 4096
1 4096
2 4096
4 4096
0 1928
6 4096
2 4096
3 4096
2 4096
0 1761
0 968
0 518
1 4096
2 4096
1 4096
1 4096
0 2585
2 4096
1 4096
2 4096
3 4096
3 4096
1 4096
3 4096
2 4096
3 4096
4 4096
3 4096
3 4096
1 4096
2 4096
2 4096
2 4096
0 3009
0 2267
4 4096
2 4096
1 4096
0 1759
2 4096
2 4096
1 4096
1 4096
4 4096
1 4096
4 4096
0 1020
3 4096
3 4096
2 4096
1 4096
3 4096
1 4096
3 4096
5 4096
2 4096
5 4096
0 253
2 4096
1 4096
3 4096
3 4096
3 4096
3 4096
3 4096
1 4096
0 906
1 4096
2 4096
1 4096
3 4096
1 4096
0 3454
0 681
2 4096
3 4096
2 4096
1 4096
1 4096
3 4096
3 4096
2 4096
0 3536
5 4096
1 4096
3 4096
4 4096
4 4096
4 4096
2 4096
3 4096
1 4096
1 4096
3 4096
1 4096
4 4096
2 4096
1 4096
2 4096
2 4096
0 360
2 4096
0 2423
2 4096
0 1386
6 4096
1 4096
4 4096
3 4096
1 4096
0 2352
1 4096
4 4096
6 4096
1 4096
1 4096
0 3970
2 4096
3 4096
0 2376
5 4096
3 4096
0 1040
2 4096
3 4096
0 911
1 4096
2 4096
1 4096
2 4096
4 4096
2 4096
1 4096
1 4096
1 4096
2 4096
0 757
4 4096
2 4096
3 4096
2 4096
2 4096
1 4096
0 2563
4 4096
0 737
3 4096
2 4096
2 4096
4 4096
2 4096
2 4096
3 4096
1 4096
3 4096
1 4096
3 4096
2 4096
2 4096
2 4096
3 4096
2 4096
2 4096
1 4096
3 4096
5 4096
1 4096
2 4096
4 4096
1 4096
1 4096
1 4096
0 3193
1 4096
1 4096
1 4096
1 4096
3 4096
2 4096
4 4096
0 3440
3 4096
2 4096
1 4096
0 1047
1 4096
6 4096
1 4096
1 4096
4 4096
1 4096
2 4096
1 4096
2 4096
1 4096
2 4096
4 4096
2 4096
1 4096
1 4096
1 4096
2 4096
1 4096
0 3307
1 4096
3 4096
0 1719
5 4096
1 4096
2 4096
3 4096
2 4096
4 4096
3 4096
1 4096
1 4096
2 4096
1 4096
3 4096
1 4096
1 4096
3 4096
1 4096
4 4096
2 4096
1 4096
4 4096
6 4096
1 4096
0 1228
4 4096
4 4096
2 4096
0 2878
1 4096
3 4096
3 4096
0 462
3 4096
2 4096
2 4096
2 4096
5 4096
6 4096
1 4096
2 4096
2 4096
4 4096
3 4096
4 4096
2 4096
3 4096
1 4096
3 4096
1 4096
2 4096
0 665
2 4096
2 4096
2 4096
5 4096
3 4096
2 4096
0 3710
3 4096
5 4096
1 4096
3 4096
3 4096
4 4096
1 4096
3 4096
2 4096
1 4096
1 4096
2 4096
0 1609
3 4096
0 2270
1 4096
1 4096
2 4096
1 4096
4 4096
5 4096
4 4096
4 4096
2 4096
0 2264
4 4096
1 4096
0 867
5 4096
1 4096
0 1097
4 4096
1 4096
1 4096
3 4096
1 4096
4 4096
1 4096
3 4096
4 4096
2 4096
6 4096
0 3549
1 4096
3 4096
2 4096
2 4096
2 4096
1 4096
0 2406
3 4096
1 4096
0 1001
0 658
4 4096
1 4096
0 945
2 4096
1 4096
0 2999
0 1276
2 4096
4 4096
2 4096
3 4096
2 4096
1 4096
2 4096
1 4096
2 4096
1 4096
2 4096
0 1560
3 4096
0 624
0 3932
2 4096
2 4096
3 4096
1 4096
3 4096
5 4096
1 4096
0 1602
1 4096
0 1397
3 4096
1 4096
2 4096
1 4096
1 4096
4 4096
2 4096
1 4096
3 4096
0 673
1 4096
2 4096
1 4096
1 4096
2 4096
0 1301
2 4096
3 4096
1 4096
0 986
2 4096
7 4096
2 4096
0 908
1 4096
2 4096
1 4096
0 997
3 4096
3 4096
2 4096
2 4096
1 4096
2 4096
1 4096
4 4096
5 4096
2 4096
0 3418
5 4096
2 4096
1 4096
2 4096
1 4096
0 2514
2 4096
1 4096
1 4096
2 4096
2 4096
2 4096
0 2855
2 4096
4 4096
3 4096
3 4096
0 3753
0 1046
1 4096
2 4096
1 4096
1 4096
1 4096
3 4096
3 4096
2 4096
2 4096
2 4096
2 4096
4 4096
1 4096
2 4096
3 4096
3 4096
3 4096
2 4096
1 4096
1 4096
2 4096
0 1364
3 4096
3 4096
7 4096
3 4096
2 4096
2 4096
1 4096
2 4096
0 1765
2 4096
2 4096
2 4096
2 4096
1 4096
2 4096
3 4096
3 4096
1 4096
6 4096
1 4096
2 4096
1 4096
1 4096
1 4096
2 4096
2 4096
2 4096
0 1637
0 1736
0 1160
5 4096
0 2614
1 4096
3 4096
2 4096
2 4096
2 4096
1 4096
3 4096
2 4096
2 4096
2 4096
2 4096
2 4096
2 4096
2 4096
4 4096
2 4096
1 4096
0 1285
2 4096
6 4096
2 4096
1 4096
1 4096
0 3347
1 4096
1 4096
1 4096
3 4096
2 4096
1 4096
1 4096
1 4096
3 4096
3 4096
1 4096
1 4096
5 4096
4 4096
3 4096
0 1094
2 4096
1 4096
3 4096
3 4096
0 762
2 4096
2 4096
3 4096
1 4096
0 1067
3 4096
3 4096
1 4096
4 4096
1 4096
1 4096
2 4096
2 4096
0 1572
4 4096
2 4096
0 1595
0 1513
0 2593
2 4096
3 4096
3 4096
1 4096
3 4096
3 4096
2 4096
1 4096
3 4096
2 4096
1 4096
1 4096
4 4096
1 4096
0 1115
3 4096
2 4096
4 4096
5 4096
2 4096
1 4096
2 4096
2 4096
1 4096
2 4096
3 4096
2 4096
2 4096
3 4096
1 4096
2 4096
4 4096
1 4096
3 4096
1 4096
8 4096
6 4096
1 4096
3 4096
4 4096
3 4096
1 4096
3 4096
3 4096
1 4096
2 4096
1 4096
1 4096
6 4096
2 4096
5 4096
1 4096
1 4096
4 4096
1 4096
2 4096
4 4096
1 4096
1 4096
2 4096
2 4096
1 4096
1 4096
2 4096
1 4096
3 4096
2 4096
2 4096
2 4096
1 4096
2 4096
1 4096
0 2115
5 4096
2 4096
1 4096
2 4096
3 4096
2 4096
4 4096
0 1493
4 4096
2 4096
2 4096
3 4096
1 4096
0 1037
1 4096
0 2022
3 4096
2 4096
3 4096
2 4096
2 4096
2 4096
1 4096
1 4096
1 4096
1 4096
1 4096
4 4096
2 4096
2 4096
4 4096
2 4096
0 1772
1 4096
1 4096
0 1195
3 4096
0 842
2 4096
4 4096
3 4096
4 4096
0 3466
1 4096
0 1206
3 4096
0 1109
3 4096
3 4096
2 4096
3 4096
4 4096
1 4096
2 4096
2 4096
0 1485
2 4096
1 4096
3 4096
2 4096
2 4096
1 4096
3 4096
3 4096
3 4096
3 4096
4 4096
3 4096
1 4096
2 4096
3 4096
4 4096
4 4096
0 1321
1 4096
2 4096
1 4096
1 4096
0 3032
1 4096
2 4096
1 4096
3 4096
3 4096
2 4096
2 4096
4 4096
2 4096
4 4096
2 4096
2 4096
1 4096
2 4096
0 2782
4 4096
1 4096
1 4096
0 921
2 4096
1 4096
2 4096
2 4096
1 4096
3 4096
2 4096
1 4096
3 4096
0 1658
1 4096
0 855
4 4096
4 4096
3 4096
4 4096
1 4096
3 4096
2 4096
0 3823
4 4096
1 4096
3 4096
5 4096
1 4096
2 4096
3 4096
2 4096
1 4096
2 4096
1 4096
0 2187
1 4096
0 1812
4 4096
0 1897
2 4096
2 4096
1 4096
2 4096
2 4096
3 4096
0 3052
3 4096
4 4096
3 4096
2 4096
5 4096
3 4096
0 796
1 4096
2 4096
1 4096
2 4096
1 4096
3 4096
0 252
2 4096
1 4096
1 4096
3 4096
4 4096
2 4096
5 4096
1 4096
0 1977
0 2761
3 4096
1 4096
1 4096
0 1472
4 4096
4 4096
3 4096
1 4096
5 4096
2 4096
0 753
3 4096
3 4096
2 4096
0 2432
4 4096
3 4096
1 4096
0 1531
3 4096
0 2223
1 4096
1 4096
2 4096
3 4096
1 4096
3 4096
1 4096
1 4096
1 4096
1 4096
1 4096
1 4096
3 4096
4 4096
1 4096
2 4096
2 4096
0 2600
3 4096
4 4096
4 4096
5 4096
2 4096
3 4096
1 4096
1 4096
2 4096
0 953
3 4096
1 4096
1 4096
1 4096
1 4096
2 4096
2 4096
1 4096
1 4096
2 4096
2 4096
4 4096
3 4096
3 4096
1 4096
1 4096
2 4096
3 4096
2 4096
3 4096
5 4096
5 4096
2 4096
3 4096
0 1993
1 4096
4 4096
0 868
2 4096
1 4096
1 4096
2 4096
1 4096
3 4096
1 4096
7 4096
3 4096
2 4096
3 4096
1 4096
2 4096
2 4096
4 4096
4 4096
3 4096
1 4096
3 4096
3 4096
5 4096
4 4096
5 4096
3 4096
2 4096
4 4096
4 4096
0 598
1 4096
2 4096
1 4096
2 4096
3 4096
2 4096
0 2496
3 4096
0 3117
0 2225
4 4096
1 4096
0 1866
2 4096
3 4096
0 2523
3 4096
3 4096
5 4096
1 4096
0 685
3 4096
4 4096
3 4096
2 4096
1 4096
4 4096
2 4096
3 4096
1 4096
3 4096
1 4096
4 4096
1 4096
3 4096
1 4096
1 4096
4 4096
4 4096
5 4096
3 4096
1 4096
6 4096
1 4096
1 4096
6 4096
0 2138
3 4096
3 4096
2 4096
3 4096
2 4096
1 4096
3 4096
0 3341
3 4096
1 4096
2 4096
1 4096
1 4096
2 4096
1 4096
3 4096
1 4096
1 4096
1 4096
1 4096
1 4096
0 2300
4 4096
5 4096
2 4096
0 2949
1 4096
1 4096
4 4096
1 4096
1 4096
1 4096
1 4096
0 1015
3 4096
3 4096
1 4096
0 2406
1 4096
5 4096
0 4000
3 4096
2 4096
1 4096
1 4096
3 4096
1 4096
6 4096
2 4096
3 4096
2 4096
2 4096
0 1295
4 4096
2 4096
2 4096
2 4096
0 1843
2 4096
2 4096
1 4096
0 1860
3 4096
1 4096
2 4096
2 4096
1 4096
1 4096
2 4096
3 4096
2 4096
0 3298
3 4096
1 4096
2 4096
3 4096
1 4096
2 4096
0 921
4 4096
5 4096
1 4096
2 4096
0 1920
5 4096
1 4096
1 4096
1 4096
2 4096
1 4096
2 4096
3 4096
1 4096
0 1105
3 4096
3 4096
3 4096
1 4096
0 1657
4 4096
2 4096
1 4096
3 4096
2 4096
2 4096
3 4096
2 4096
2 4096
0 354
1 4096
1 4096
1 4096
1 4096
5 4096
1 4096
4 4096
2 4096
3 4096
4 4096
1 4096
2 4096
3 4096
2 4096
5 4096
2 4096
1 4096
1 4096
2 4096
3 4096
3 4096
1 4096
1 4096
0 2792
0 2610
2 4096
2 4096
4 4096
1 4096
3 4096
1 4096
1 4096
3 4096
2 4096
3 4096
3 4096
2 4096
4 4096
5 4096
3 4096
3 4096
1 4096
0 3795
1 4096
2 4096
2 4096
1 4096
2 4096
3 4096
1 4096
1 4096
2 4096
3 4096
3 4096
4 4096
1 4096
5 4096
1 4096
1 4096
3 4096
4 4096
2 4096
3 4096
1 4096
0 2330
2 4096
3 4096
0 933
1 4096
2 4096
2 4096
1 4096
3 4096
4 4096
0 1487
0 1458
5 4096
2 4096
1 4096
2 4096
5 4096
1 4096
1 4096
3 4096
5 4096
3 4096
3 4096
1 4096
2 4096
3 4096
2 4096
0 1613
3 4096
2 4096
1 4096
0 3828
2 4096
2 4096
0 631
5 4096
2 4096
4 4096
2 4096
1 4096
1 4096
2 4096
2 4096
2 4096
2 4096
0 1274
5 4096
2 4096
0 1703
1 4096
3 4096
3 4096
3 4096
4 4096
3 4096
6 4096
4 4096
0 1254
1 4096
0 1769
2 4096
4 4096
4 4096
1 4096
2 4096
2 4096
2 4096
2 4096
2 4096
2 4096
0 814
1 4096
3 4096
0 2302
1 4096
1 4096
1 4096
0 847
2 4096
6 4096
2 4096
3 4096
3 4096
3 4096
5 4096
1 4096
0 2790
3 4096
1 4096
0 403
1 4096
1 4096
2 4096
1 4096
2 4096
4 4096
2 4096
3 4096
2 4096
3 4096
1 4096
3 4096
0 1370
1 4096
1 4096
4 4096
3 4096
1 4096
0 524
2 4096
0 1931
4 4096
3 4096
4 4096
1 4096
0 1479
2 4096
2 4096
1 4096
1 4096
5 4096
2 4096
3 4096
1 4096
5 4096
2 4096
3 4096
0 2495
0 2838
0 3785
2 4096
1 4096
0 584
1 4096
2 4096
6 4096
3 4096
1 4096
4 4096
1 4096
1 4096
1 4096
3 4096
2 4096
2 4096
1 4096
3 4096
0 465
4 4096
1 4096
0 1551
2 4096
2 4096
2 4096
3 4096
5 4096
2 4096
3 4096
1 4096
1 4096
2 4096
0 2677
3 4096
2 4096
2 4096
1 4096
0 496
1 4096
1 4096
2 4096
0 1000
3 4096
1 4096
4 4096
2 4096
3 4096
2 4096
2 4096
0 2538
2 4096
1 4096
1 4096
2 4096
1 4096
3 4096
3 4096
1 4096
3 4096
6 4096
2 4096
3 4096
3 4096
2 4096
1 4096
2 4096
1 4096
3 4096
1 4096
2 4096
2 4096
3 4096
0 3137
1 4096
3 4096
2 4096
2 4096
1 4096
0 1240
1 4096
2 4096
2 4096
2 4096
3 4096
2 4096
2 4096
2 4096
1 4096
0 2791
1 4096
4 4096
1 4096
2 4096
1 4096
0 1082
1 4096
1 4096
1 4096
3 4096
5 4096
3 4096
2 4096
0 2172
2 4096
3 4096
3 4096
3 4096
3 4096
1 4096
3 4096
2 4096
3 4096
1 4096
2 4096
3 4096
1 4096
1 4096
4 4096
1 4096
1 4096
4 4096
2 4096
1 4096
3 4096
1 4096
2 4096
2 4096
2 4096
2 4096
2 4096
3 4096
3 4096
0 2222
3 4096
2 4096
3 4096
3 4096
3 4096
1 4096
1 4096
2 4096
1 4096
2 4096
3 4096
2 4096
6 4096
0 1587
2 4096
1 4096
0 558
3 4096
1 4096
0 1640
4 4096
2 4096
3 4096
0 1964
0 3560
3 4096
2 4096
1 4096
1 4096
3 4096
1 4096
1 4096
2 4096
1 4096
0 3905
4 4096
0 2451
1 4096
1 4096
3 4096
3 4096
1 4096
2 4096
0 1112
3 4096
4 4096
3 4096
1 4096
3 4096
3 4096
0 2616
1 4096
2 4096
1 4096
4 4096
4 4096
2 4096
2 4096
1 4096
3 4096
3 4096
3 4096
2 4096
0 3100
2 4096
2 4096
3 4096
4 4096
2 4096
2 4096
4 4096
2 4096
2 4096
2 4096
3 4096
1 4096
1 4096
2 4096
2 4096
0 2166
1 4096
1 4096
2 4096
2 4096
0 3587
0 1344
2 4096
3 4096
1 4096
2 4096
1 4096
2 4096
1 4096
4 4096
2 4096
2 4096
2 4096
0 4094
4 4096
2 4096
3 4096
1 4096
1 4096
0 966
5 4096
4 4096
0 1222
5 4096
2 4096
0 446
3 4096
2 4096
1 4096
0 2793
5 4096
3 4096
8 4096
2 4096
2 4096
1 4096
2 4096
3 4096
2 4096
0 3614
2 4096
1 4096
1 4096
3 4096
1 4096
1 4096
0 560
3 4096
2 4096
1 4096
1 4096
0 3661
4 4096
1 4096
2 4096
2 4096
5 4096
1 4096
0 1746
1 4096
3 4096
3 4096
3 4096
3 4096
0 447
1 4096
3 4096
2 4096
2 4096
6 4096
2 4096
0 2827
3 4096
3 4096
1 4096
1 4096
0 1579
2 4096
0 2261
1 4096
1 4096
1 4096
2 4096
4 4096
3 4096
2 4096
4 4096
2 4096
7 4096
0 1863
1 4096
3 4096
3 4096
2 4096
1 4096
2 4096
4 4096
1 4096
1 4096
3 4096
1 4096
3 4096
4 4096
0 2040
3 4096
3 4096
1 4096
5 4096
4 4096
1 4096
2 4096
3 4096
1 4096
2 4096
0 747
2 4096
1 4096
3 4096
3 4096
2 4096
0 3072
2 4096
1 4096
0 1580
2 4096
3 4096
1 4096
4 4096
3 4096
2 4096
2 4096
3 4096
0 1517
2 4096
2 4096
1 4096
0 1016
0 493
0 1334
0 1058
4 4096
1 4096
1 4096
2 4096
1 4096
5 4096
1 4096
0 3127
0 2742
2 4096
6 4096
3 4096
4 4096
2 4096
3 4096
4 4096
2 4096
6 4096
2 4096
1 4096
4 4096
4 4096
1 4096
2 4096
0 887
0 1375
3 4096
1 4096
4 4096
5 4096
1 4096
2 4096
1 4096
0 546
3 4096
4 4096
2 4096
0 3138
1 4096
2 4096
2 4096
0 643
1 4096
1 4096
1 4096
4 4096
1 4096
0 1060
2 4096
2 4096
1 4096
2 4096
2 4096
2 4096
3 4096
1 4096
3 4096
1 4096
2 4096
2 4096
2 4096
2 4096
3 4096
4 4096
0 636
2 4096
3 4096
4 4096
1 4096
2 4096
3 4096
1 4096
2 4096
1 4096
1 4096
3 4096
1 4096
1 4096
1 4096
2 4096
2 4096
3 4096
3 4096
5 4096
3 4096
0 1621
2 4096
1 4096
2 4096
3 4096
0 1607
2 4096
4 4096
3 4096
0 874
3 4096
2 4096
2 4096
1 4096
1 4096
1 4096
4 4096
2 4096
3 4096
1 4096
3 4096
1 4096
2 4096
3 4096
5 4096
3 4096
2 4096
2 4096
2 4096
3 4096
3 4096
4 4096
5 4096
1 4096
1 4096
2 4096
0 3289
1 4096
2 4096
1 4096
6 4096
2 4096
1 4096
1 4096
1 4096
3 4096
2 4096
1 4096
1 4096
0 536
4 4096
3 4096
1 4096
1 4096
1 4096
3 4096
1 4096
2 4096
1 4096
1 4096
2 4096
1 4096
2 4096
1 4096
3 4096
1 4096
0 1434
1 4096
5 4096
4 4096
0 4073
8 4096
3 4096
3 4096
1 4096
4 4096
1 4096
3 4096
2 4096
0 2338
1 4096
4 4096
3 4096
1 4096
3 4096
1 4096
3 4096
2 4096
0 1466
2 4096
1 4096
3 4096
1 4096
2 4096
4 4096
5 4096
2 4096
2 4096
3 4096
2 4096
0 463
4 4096
1 4096
3 4096
1 4096
2 4096
2 4096
3 4096
2 4096
3 4096
3 4096
1 4096
1 4096
3 4096
3 4096
2 4096
1 4096
0 935
0 1623
3 4096
1 4096
3 4096
2 4096
3 4096
3 4096
1 4096
3 4096
6 4096
2 4096
2 4096
2 4096
1 4096
2 4096
1 4096
3 4096
3 4096
5 4096
1 4096
1 4096
0 2602
8 4096
3 4096
3 4096
2 4096
2 4096
2 4096
5 4096
2 4096
2 4096
2 4096
3 4096
3 4096
2 4096
1 4096
2 4096
3 4096
6 4096
2 4096
0 597
2 4096
1 4096
2 4096
3 4096
2 4096
2 4096
3 4096
0 708
4 4096
3 4096
2 4096
0 1813
0 2009
1 4096
2 4096
1 4096
2 4096
4 4096
1 4096
3 4096
3 4096
1 4096
2 4096
2 4096
1 4096
1 4096
2 4096
0 1247
4 4096
2 4096
1 4096
2 4096
1 4096
4 4096
5 4096
1 4096
2 4096
3 4096
1 4096
5 4096
0 1334
2 4096
1 4096
4 4096
2 4096
1 4096
3 4096
1 4096
1 4096
1 4096
0 2501
5 4096
3 4096
0 800
1 4096
2 4096
1 4096
2 4096
1 4096
2 4096
2 4096
2 4096
2 4096
3 4096
3 4096
0 3538
2 4096
1 4096
0 1430
3 4096
0 787
6 4096
1 4096
2 4096
3 4096
2 4096
2 4096
0 886
4 4096
1 4096
0 3008
1 4096
3 4096
4 4096
1 4096
0 2166
3 4096
2 4096
0 1857
4 4096
1 4096
0 1027
2 4096
2 4096
5 4096
1 4096
0 1839
1 4096
3 4096
3 4096
0 1369
0 3991
1 4096
1 4096
3 4096
0 489
2 4096
3 4096
1 4096
4 4096
3 4096
0 427
1 4096
3 4096
3 4096
0 1706
0 694
3 4096
0 312
4 4096
3 4096
3 4096
3 4096
1 4096
0 951
1 4096
3 4096
4 4096
1 4096
2 4096
1 4096
3 4096
2 4096
3 4096
4 4096
0 638
3 4096
3 4096
2 4096
2 4096
6 4096
0 2476
2 4096
6 4096
8 4096
4 4096
0 670
0 913
1 4096
1 4096
0 1078
6 4096
1 4096
1 4096
3 4096
1 4096
1 4096
3 4096
5 4096
2 4096
1 4096
3 4096
3 4096
2 4096
3 4096
3 4096
2 4096
3 4096
4 4096
0 1679
2 4096
1 4096
1 4096
1 4096
5 4096
0 2218
3 4096
0 1537
3 4096
6 4096
1 4096
2 4096
1 4096
0 1266
3 4096
1 4096
0 1667
2 4096
6 4096
1 4096
2 4096
1 4096
2 4096
0 1476
2 4096
0 2833
3 4096
1 4096
1 4096
0 868
0 981
4 4096
0 1173
2 4096
2 4096
1 4096
2 4096
2 4096
2 4096
3 4096
2 4096
2 4096
3 4096
3 4096
3 4096
3 4096
2 4096
4 4096
1 4096
2 4096
5 4096
1 4096
1 4096
2 4096
2 4096
1 4096
1 4096
1 4096
5 4096
0 2978
1 4096
1 4096
3 4096
4 4096
0 1358
0 685
2 4096
2 4096
2 4096
3 4096
2 4096
3 4096
2 4096
2 4096
1 4096
0 1658
4 4096
5 4096
1 4096
0 925
5 4096
4 4096
1 4096
3 4096
1 4096
2 4096
2 4096
2 4096
2 4096
1 4096
1 4096
0 2053
1 4096
4 4096
1 4096
2 4096
3 4096
2 4096
2 4096
0 850
2 4096
3 4096
3 4096
2 4096
0 2508
1 4096
2 4096
0 1035
1 4096
4 4096
1 4096
2 4096
2 4096
3 4096
1 4096
5 4096
1 4096
1 4096
1 4096
0 1424
0 1781
1 4096
4 4096
1 4096
3 4096
0 1707
2 4096
2 4096
1 4096
2 4096
1 4096
2 4096
2 4096
6 4096
3 4096
2 4096
1 4096
2 4096
1 4096
2 4096
0 3663
2 4096
0 331
2 4096
4 4096
1 4096
1 4096
3 4096
4 4096
0 3638
1 4096
2 4096
5 4096
0 3544
3 4096
1 4096
2 4096
2 4096
1 4096
2 4096
2 4096
5 4096
3 4096
2 4096
0 976
2 4096
2 4096
3 4096
4 4096
1 4096
2 4096
0 1237
3 4096
1 4096
1 4096
3 4096
3 4096
4 4096
2 4096
0 2933
5 4096
3 4096
0 1327
0 2001
2 4096
0 953
2 4096
3 4096
1 4096
1 4096
3 4096
1 4096
3 4096
0 986
3 4096
4 4096
3 4096
4 4096
6 4096
3 4096
4 4096
2 4096
1 4096
2 4096
1 4096
5 4096
1 4096
1 4096
1 4096
2 4096
5 4096
1 4096
2 4096
0 1108
1 4096
1 4096
4 4096
3 4096
2 4096
3 4096
1 4096
2 4096
2 4096
0 972
0 884
0 1004
3 4096
2 4096
0 2371
3 4096
3 4096
7 4096
1 4096
4 4096
2 4096
3 4096
3 4096
5 4096
0 658
2 4096
0 2882
2 4096
0 1390
0 885
2 4096
3 4096
2 4096
2 4096
1 4096
2 4096
3 4096
4 4096
7 4096
3 4096
2 4096
3 4096
3 4096
0 1994
1 4096
0 774
3 4096
1 4096
4 4096
3 4096
4 4096
4 4096
3 4096
2 4096
3 4096
0 1207
1 4096
2 4096
0 2765
1 4096
2 4096
1 4096
1 4096
0 1288
5 4096
1 4096
0 1438
3 4096
2 4096
2 4096
4 4096
3 4096
2 4096
0 2897
0 2920
4 4096
0 2594
1 4096
0 831
2 4096
1 4096
2 4096
1 4096
3 4096
0 2091
2 4096
2 4096
0 533
0 1958
0 1147
1 4096
2 4096
3 4096
1 4096
2 4096
3 4096
1 4096
1 4096
1 4096
1 4096
1 4096
3 4096
1 4096
0 1154
1 4096
1 4096
3 4096
2 4096
3 4096
3 4096
4 4096
1 4096
0 2767
3 4096
1 4096
1 4096
3 4096
0 3864
3 4096
2 4096
2 4096
2 4096
0 2375
4 4096
1 4096
1 4096
0 1611
2 4096
5 4096
2 4096
3 4096
3 4096
1 4096
5 4096
3 4096
2 4096
1 4096
2 4096
2 4096
4 4096
2 4096
2 4096
4 4096
0 788
1 4096
2 4096
3 4096
3 4096
2 4096
1 4096
1 4096
2 4096
6 4096
2 4096
3 4096
2 4096
0 1371
2 4096
5 4096
1 4096
1 4096
3 4096
6 4096
4 4096
3 4096
2 4096
3 4096
2 4096
0 618
2 4096
3 4096
5 4096
0 1629
2 4096
3 4096
1 4096
2 4096
4 4096
0 599
3 4096
5 4096
0 891
0 1062
1 4096
7 4096
0 1083
3 4096
1 4096
4 4096
2 4096
1 4096
6 4096
4 4096
3 4096
2 4096
2 4096
1 4096
1 4096
3 4096
1 4096
3 4096
1 4096
0 829
3 4096
0 3037
1 4096
1 4096
1 4096
1 4096
2 4096
5 4096
2 4096
4 4096
3 4096
2 4096
2 4096
3 4096
3 4096
3 4096
1 4096
1 4096
1 4096
4 4096
2 4096
2 4096
1 4096
4 4096
0 1209
1 4096
3 4096
3 4096
4 4096
1 4096
0 653
4 4096
3 4096
5 4096
3 4096
3 4096
1 4096
2 4096
1 4096
2 4096
1 4096
2 4096
1 4096
2 4096
4 4096
0 966
2 4096
5 4096
3 4096
2 4096
2 4096
1 4096
5 4096
0 709
2 4096
1 4096
2 4096
0 1286
2 4096
5 4096
6 4096
1 4096
1 4096
3 4096
3 4096
2 4096
3 4096
3 4096
0 3300
0 852
2 4096
3 4096
1 4096
3 4096
2 4096
1 4096
3 4096
3 4096
3 4096
4 4096
1 4096
1 4096
0 1292
2 4096
1 4096
2 4096
1 4096
3 4096
3 4096
2 4096
1 4096
0 1703
1 4096
3 4096
0 2244
1 4096
4 4096
3 4096
0 498
3 4096
6 4096
3 4096
3 4096
2 4096
2 4096
2 4096
1 4096
1 4096
0 1273
3 4096
4 4096
2 4096
1 4096
1 4096
2 4096
3 4096
2 4096
4 4096
0 270
4 4096
1 4096
2 4096
1 4096
5 4096
4 4096
1 4096
3 4096
3 4096
0 2126
0 2450
2 4096
2 4096
1 4096
0 876
2 4096
1 4096
3 4096
0 2886
2 4096
4 4096
0 980
4 4096
0 766
5 4096
1 4096
0 1235
2 4096
3 4096
3 4096
2 4096
2 4096
2 4096
1 4096
2 4096
1 4096
2 4096
1 4096
2 4096
2 4096
1 4096
2 4096
2 4096
2 4096
0 460
4 4096
0 2964
3 4096
1 4096
2 4096
0 492
0 1487
1 4096
3 4096
1 4096
1 4096
3 4096
0 2795
0 2970
1 4096
3 4096
1 4096
3 4096
4 4096
1 4096
5 4096
1 4096
4 4096
0 1060
1 4096
0 919
2 4096
1 4096
3 4096
0 1064
3 4096
3 4096
1 4096
1 4096
0 1311
2 4096
0 3070
1 4096
3 4096
2 4096
3 4096
1 4096
2 4096
1 4096
2 4096
3 4096
1 4096
0 1122
4 4096
0 545
4 4096
2 4096
2 4096
2 4096
3 4096
2 4096
1 4096
6 4096
1 4096
1 4096
1 4096
2 4096
2 4096
0 578
3 4096
1 4096
6 4096
0 882
2 4096
2 4096
2 4096
2 4096
3 4096
1 4096
1 4096
3 4096
1 4096
2 4096
5 4096
1 4096
2 4096
0 1903
3 4096
6 4096
2 4096
4 4096
2 4096
2 4096
2 4096
0 2086
0 3665
3 4096
2 4096
1 4096
4 4096
2 4096
1 4096
4 4096
3 4096
1 4096
3 4096
4 4096
3 4096
1 4096
4 4096
3 4096
4 4096
2 4096
1 4096
0 1514
3 4096
1 4096
3 4096
1 4096
2 4096
1 4096
0 3713
5 4096
1 4096
1 4096
3 4096
6 4096
5 4096
0 3015
0 3117
2 4096
6 4096
2 4096
2 4096
3 4096
3 4096
4 4096
0 3671
2 4096
4 4096
4 4096
1 4096
1 4096
1 4096
2 4096
2 4096
2 4096
4 4096
3 4096
4 4096
3 4096
1 4096
3 4096
2 4096
1 4096
1 4096
3 4096
2 4096
0 1461
1 4096
1 4096
4 4096
1 4096
2 4096
0 1177
1 4096
1 4096
0 993
4 4096
1 4096
2 4096
1 4096
3 4096
3 4096
2 4096
1 4096
3 4096
4 4096
0 3083
3 4096
1 4096
1 4096
2 4096
4 4096
2 4096
2 4096
1 4096
1 4096
4 4096
5 4096
0 1969
1 4096
1 4096
1 4096
0 1106
6 4096
1 4096
4 4096
2 4096
1 4096
0 1720
4 4096
3 4096
2 4096
0 1557
1 4096
3 4096
0 2191
2 4096
3 4096
1 4096
1 4096
1 4096
0 1822
1 4096
3 4096
0 1233
1 4096
2 4096
3 4096
0 1808
5 4096
4 4096
5 4096
2 4096
1 4096
2 4096
2 4096
2 4096
2 4096
4 4096
2 4096
2 4096
0 1483
0 572
1 4096
4 4096
2 4096
1 4096
2 4096
1 4096
6 4096
1 4096
2 4096
1 4096
0 1430
1 4096
1 4096
0 1668
1 4096
3 4096
2 4096
1 4096
3 4096
2 4096
3 4096
1 4096
1 4096
1 4096
7 4096
2 4096
0 2253
4 4096
1 4096
0 1845
3 4096
1 4096
2 4096
1 4096
1 4096
2 4096
1 4096
2 4096
4 4096
0 622
2 4096
1 4096
1 4096
3 4096
1 4096
1 4096
1 4096
2 4096
2 4096
1 4096
4 4096
2 4096
1 4096
1 4096
1 4096
0 1999
1 4096
2 4096
2 4096
0 810
1 4096
3 4096
1 4096
0 3804
1 4096
4 4096
5 4096
2 4096
2 4096
1 4096
4 4096
2 4096
0 513
1 4096
1 4096
1 4096
5 4096
1 4096
1 4096
3 4096
4 4096
3 4096
1 4096
3 4096
3 4096
3 4096
0 1395
0 2431
0 2391
2 4096
1 4096
1 4096
3 4096
4 4096
0 1578
3 4096
5 4096
1 4096
3 4096
2 4096
1 4096
3 4096
4 4096
2 4096
1 4096
2 4096
1 4096
2 4096
6 4096
0 1354
0 3930
1 4096
0 350
4 4096
0 2874
2 4096
2 4096
1 4096
3 4096
3 4096
3 4096
0 2026
1 4096
1 4096
0 2135
2 4096
0 2614
4 4096
0 637
0 1447
2 4096
3 4096
1 4096
1 4096
1 4096
0 2567
0 884
4 4096
2 4096
1 4096
4 4096
4 4096
2 4096
1 4096
2 4096
1 4096
2 4096
3 4096
4 4096
0 995
2 4096
1 4096
2 4096
3 4096
0 644
1 4096
0 1516
0 2269
1 4096
1 4096
2 4096
5 4096
2 4096
2 4096
4 4096
2 4096
3 4096
3 4096
4 4096
4 4096
3 4096
4 4096
2 4096
1 4096
1 4096
4 4096
2 4096
3 4096
0 2794
2 4096
2 4096
2 4096
1 4096
3 4096
2 4096
1 4096
2 4096
1 4096
1 4096
0 738
1 4096
3 4096
0 1544
4 4096
1 4096
0 1969
2 4096
4 4096
0 2657
2 4096
3 4096
2 4096
2 4096
0 977
1 4096
2 4096
3 4096
0 2434
2 4096
0 3130
3 4096
2 4096
2 4096
1 4096
0 1669
2 4096
1 4096
4 4096
0 1084
2 4096
2 4096
3 4096
3 4096
3 4096
2 4096
5 4096
2 4096
2 4096
2 4096
1 4096
2 4096
3 4096
1 4096
2 4096
5 4096
5 4096
2 4096
2 4096
0 1656
1 4096
2 4096
1 4096
1 4096
1 4096
0 3497
3 4096
3 4096
0 800
0 1477
6 4096
2 4096
1 4096
2 4096
1 4096
2 4096
3 4096
3 4096
2 4096
0 665
1 4096
3 4096
2 4096
1 4096
1 4096
1 4096
3 4096
2 4096
1 4096
0 1004
4 4096
4 4096
2 4096
3 4096
0 774
3 4096
2 4096
1 4096
0 2442
0 925
2 4096
4 4096
3 4096
1 4096
2 4096
3 4096
1 4096
2 4096
4 4096
3 4096
2 4096
1 4096
4 4096
0 562
5 4096
3 4096
4 4096
1 4096
1 4096
1 4096
2 4096
3 4096
1 4096
2 4096
0 1942
2 4096
2 4096
1 4096
4 4096
3 4096
2 4096
3 4096
1 4096
1 4096
3 4096
0 1276
2 4096
2 4096
1 4096
1 4096
0 2792
0 1210
3 4096
2 4096
5 4096
0 1090
0 3757
0 2428
3 4096
6 4096
1 4096
3 4096
1 4096
1 4096
3 4096
1 4096
4 4096
2 4096
3 4096
4 4096
3 4096
1 4096
2 4096
1 4096
1 4096
4 4096
2 4096
3 4096
1 4096
3 4096
4 4096
1 4096
4 4096
1 4096
0 1096
1 4096
3 4096
5 4096
2 4096
5 4096
2 4096
1 4096
0 2337
3 4096
0 3646
4 4096
2 4096
1 4096
1 4096
1 4096
3 4096
2 4096
1 4096
4 4096
1 4096
3 4096
3 4096
0 1210
4 4096
1 4096
4 4096
5 4096
5 4096
2 4096
2 4096
3 4096
0 2123
2 4096
1 4096
1 4096
2 4096
3 4096
1 4096
0 3961
2 4096
1 4096
2 4096
3 4096
2 4096
6 4096
3 4096
1 4096
0 1751
2 4096
3 4096
2 4096
2 4096
0 1386
0 880
3 4096
2 4096
1 4096
3 4096
0 4088
0 1530
2 4096
1 4096
1 4096
4 4096
1 4096
2 4096
0 1997
1 4096
3 4096
1 4096
2 4096
4 4096
3 4096
3 4096
3 4096
3 4096
2 4096
5 4096
1 4096
0 1897
0 2300
1 4096
0 1197
1 4096
1 4096
3 4096
2 4096
0 850
2 4096
2 4096
0 1253
2 4096
3 4096
1 4096
2 4096
1 4096
3 4096
0 1887
1 4096
1 4096
1 4096
0 1243
0 1027
0 1142
0 3545
3 4096
4 4096
2 4096
3 4096
1 4096
2 4096
4 4096
2 4096
0 1873
0 2233
2 4096
2 4096
1 4096
5 4096
0 1213
4 4096
3 4096
2 4096
1 4096
2 4096
1 4096
5 4096
0 1245
2 4096
5 4096
0 1451
4 4096
7 4096
1 4096
0 1694
3 4096
3 4096
0 3295
1 4096
2 4096
4 4096
1 4096
2 4096
3 4096
2 4096
2 4096
1 4096
0 2173
2 4096
2 4096
1 4096
1 4096
2 4096
3 4096
3 4096
3 4096
1 4096
1 4096
6 4096
4 4096
3 4096
2 4096
3 4096
2 4096
3 4096
2 4096
1 4096
1 4096
3 4096
1 4096
4 4096
1 4096
4 4096
0 699
2 4096
2 4096
1 4096
2 4096
2 4096
3 4096
2 4096
3 4096
3 4096
1 4096
2 4096
1 4096
1 4096
3 4096
2 4096
0 225
2 4096
2 4096
1 4096
1 4096
3 4096
2 4096
1 4096
3 4096
3 4096
0 1113
3 4096
0 887
1 4096
2 4096
3 4096
0 822
3 4096
2 4096
2 4096
5 4096
6 4096
3 4096
3 4096
2 4096
2 4096
4 4096
0 2618
1 4096
3 4096
1 4096
0 1072
1 4096
2 4096
2 4096
2 4096
0 1017
1 4096
0 837
3 4096
3 4096
3 4096
1 4096
3 4096
5 4096
1 4096
8 4096
2 4096
2 4096
2 4096
0 1388
2 4096
3 4096
1 4096
2 4096
2 4096
1 4096
1 4096
3 4096
4 4096
3 4096
1 4096
1 4096
2 4096
3 4096
0 1249
9 4096
1 4096
1 4096
1 4096
1 4096
4 4096
3 4096
2 4096
1 4096
1 4096
1 4096
2 4096
3 4096
3 4096
1 4096
1 4096
8 4096
2 4096
0 1460
3 4096
0 1761
3 4096
2 4096
1 4096
5 4096
1 4096
0 849
1 4096
2 4096
2 4096
3 4096
3 4096
3 4096
1 4096
1 4096
1 4096
2 4096
4 4096
0 790
0 1479
1 4096
4 4096
4 4096
2 4096
0 882
1 4096
2 4096
2 4096
1 4096
0 4013
2 4096
2 4096
5 4096
0 2730
5 4096
3 4096
0 3092
2 4096
1 4096
4 4096
4 4096
0 2177
1 4096
1 4096
3 4096
2 4096
1 4096
2 4096
3 4096
3 4096
3 4096
1 4096
1 4096
1 4096
0 523
1 4096
1 4096
2 4096
2 4096
1 4096
1 4096
1 4096
0 2124
1 4096
4 4096
2 4096
1 4096
4 4096
5 4096
2 4096
1 4096
2 4096
1 4096
3 4096
4 4096
1 4096
4 4096
2 4096
1 4096
0 3450
2 4096
4 4096
2 4096
1 4096
4 4096
3 4096
4 4096
3 4096
1 4096
3 4096
3 4096
2 4096
0 327
3 4096
1 4096
1 4096
3 4096
2 4096
8 4096
3 4096
6 4096
1 4096
3 4096
3 4096
4 4096
2 4096
5 4096
2 4096
1 4096
1 4096
3 4096
3 4096
2 4096
1 4096
1 4096
3 4096
3 4096
3 4096
2 4096
1 4096
1 4096
1 4096
4 4096
3 4096
1 4096
6 4096
2 4096
3 4096
1 4096
2 4096
2 4096
0 2449
2 4096
0 2151
0 1198
0 1062
0 4015
1 4096
3 4096
2 4096
4 4096
2 4096
2 4096
4 4096
2 4096
3 4096
3 4096
1 4096
1 4096
3 4096
4 4096
3 4096
2 4096
2 4096
1 4096
3 4096
6 4096
1 4096
4 4096
4 4096
2 4096
0 1511
1 4096
1 4096
3 4096
1 4096
2 4096
2 4096
3 4096
1 4096
2 4096
0 475
2 4096
0 2344
3 4096
0 1253
1 4096
2 4096
2 4096
4 4096
0 1151
3 4096
1 4096
3 4096
4 4096
2 4096
1 4096
5 4096
5 4096
1 4096
1 4096
3 4096
4 4096
1 4096
6 4096
4 4096
2 4096
1 4096
2 4096
3 4096
3 4096
2 4096
4 4096
1 4096
2 4096
1 4096
6 4096
4 4096
7 4096
4 4096
0 1686
4 4096
2 4096
6 4096
1 4096
3 4096
1 4096
2 4096
0 1849
2 4096
4 4096
1 4096
1 4096
3 4096
1 4096
2 4096
3 4096
2 4096
2 4096
3 4096
2 4096
2 4096
0 2015
2 4096
0 1418
3 4096
2 4096
1 4096
5 4096
1 4096
0 3658
2 4096
0 1493
3 4096
1 4096
1 4096
2 4096
1 4096
5 4096
5 4096
4 4096
1 4096
2 4096
2 4096
1 4096
1 4096
1 4096
1 4096
1 4096
1 4096
1 4096
2 4096
1 4096
0 1577
1 4096
0 1980
2 4096
2 4096
1 4096
2 4096
2 4096
1 4096
3 4096
0 1553
3 4096
1 4096
4 4096
2 4096
6 4096
1 4096
5 4096
6 4096
4 4096
2 4096
3 4096
4 4096
4 4096
2 4096
3 4096
1 4096
3 4096
0 934
1 4096
3 4096
2 4096
3 4096
5 4096
3 4096
4 4096
3 4096
4 4096
2 4096
1 4096
1 4096
2 4096
3 4096
0 568
4 4096
3 4096
2 4096
3 4096
3 4096
2 4096
2 4096
0 1162
1 4096
4 4096
1 4096
0 4083
3 4096
1 4096
3 4096
2 4096
3 4096
2 4096
4 4096
2 4096
4 4096
0 3100
4 4096
2 4096
2 4096
3 4096
2 4096
2 4096
2 4096
1 4096
1 4096
2 4096
1 4096
1 4096
1 4096
3 4096
3 4096
2 4096
4 4096
2 4096
2 4096
2 4096
1 4096
3 4096
0 422
3 4096
4 4096
3 4096
1 4096
2 4096
0 1329
3 4096
0 1369
0 973
0 740
1 4096
2 4096
2 4096
4 4096
3 4096
5 4096
0 1256
2 4096
1 4096
1 4096
0 2659
1 4096
2 4096
4 4096
1 4096
0 1932
2 4096
1 4096
2 4096
2 4096
1 4096
2 4096
3 4096
3 4096
0 1308
5 4096
2 4096
2 4096
2 4096
0 372
3 4096
3 4096
1 4096
2 4096
1 4096
3 4096
1 4096
0 1885
0 1875
4 4096
0 862
2 4096
2 4096
3 4096
1 4096
3 4096
3 4096
1 4096
0 1353
2 4096
0 3597
1 4096
3 4096
1 4096
1 4096
0 2212
3 4096
1 4096
4 4096
3 4096
2 4096
5 4096
2 4096
4 4096
2 4096
3 4096
2 4096
2 4096
0 1189
1 4096
3 4096
1 4096
0 826
1 4096
1 4096
1 4096
4 4096
2 4096
2 4096
3 4096
2 4096
3 4096
4 4096
1 4096
1 4096
0 801
0 2796
2 4096
1 4096
3 4096
1 4096
1 4096
4 4096
1 4096
3 4096
2 4096
1 4096
2 4096
2 4096
3 4096
2 4096
5 4096
4 4096
2 4096
1 4096
4 4096
2 4096
4 4096
3 4096
5 4096
1 4096
4 4096
3 4096
0 983
0 1263
1 4096
2 4096
2 4096
2 4096
0 1765
2 4096
3 4096
2 4096
2 4096
2 4096
1 4096
1 4096
0 1269
1 4096
1 4096
4 4096
1 4096
2 4096
1 4096
3 4096
3 4096
0 1153
3 4096
2 4096
2 4096
2 4096
1 4096
5 4096
2 4096
1 4096
2 4096
1 4096
1 4096
3 4096
3 4096
2 4096
4 4096
1 4096
2 4096
3 4096
5 4096
2 4096
2 4096
4 4096
5 4096
1 4096
1 4096
2 4096
2 4096
4 4096
2 4096
0 671
0 1725
2 4096
6 4096
1 4096
2 4096
2 4096
3 4096
3 4096
1 4096
5 4096
0 1051
1 4096
2 4096
0 517
3 4096
5 4096
2 4096
1 4096
3 4096
3 4096
2 4096
2 4096
4 4096
3 4096
0 1110
0 859
0 3117
1 4096
3 4096
2 4096
1 4096
6 4096
1 4096
4 4096
1 4096
2 4096
3 4096
1 4096
4 4096
2 4096
3 4096
1 4096
1 4096
5 4096
2 4096
1 4096
5 4096
2 4096
3 4096
3 4096
1 4096
0 1263
3 4096
2 4096
1 4096
6 4096
4 4096
0 1206
3 4096
2 4096
1 4096
1 4096
3 4096
3 4096
2 4096
1 4096
1 4096
1 4096
0 893
4 4096
3 4096
2 4096
2 4096
1 4096
2 4096
4 4096
6 4096
0 1954
2 4096
2 4096
2 4096
4 4096
0 2415
0 2802
2 4096
1 4096
0 2456
0 2539
2 4096
4 4096
2 4096
1 4096
3 4096
4 4096
3 4096
2 4096
3 4096
4 4096
1 4096
3 4096
1 4096
2 4096
0 3959
3 4096
4 4096
1 4096
3 4096
2 4096
1 4096
1 4096
2 4096
3 4096
0 1699
0 3691
2 4096
3 4096
0 1143
3 4096
3 4096
0 2928
2 4096
2 4096
3 4096
1 4096
1 4096
2 4096
3 4096
1 4096
1 4096
2 4096
2 4096
2 4096
1 4096
1 4096
0 2309
0 582
0 1036
0 3491
2 4096
3 4096
1 4096
4 4096
1 4096
0 3001
3 4096
1 4096
2 4096
2 4096
2 4096
4 4096
2 4096
0 1562
3 4096
4 4096
2 4096
1 4096
3 4096
1 4096
3 4096
1 4096
2 4096
5 4096
0 3380
3 4096
0 3040
1 4096
1 4096
1 4096
2 4096
2 4096
0 2345
1 4096
2 4096
2 4096
4 4096
2 4096
2 4096
1 4096
2 4096
2 4096
2 4096
5 4096
3 4096
1 4096
3 4096
1 4096
1 4096
4 4096
2 4096
0 679
1 4096
1 4096
1 4096
1 4096
0 1917
1 4096
4 4096
0 3075
4 4096
2 4096
1 4096
0 3719
5 4096
3 4096
2 4096
1 4096
2 4096
2 4096
3 4096
1 4096
6 4096
1 4096
3 4096
3 4096
6 4096
3 4096
1 4096
4 4096
3 4096
2 4096
2 4096
1 4096
1 4096
1 4096
3 4096
2 4096
2 4096
2 4096
1 4096
3 4096
1 4096
0 944
2 4096
3 4096
5 4096
0 3550
2 4096
3 4096
2 4096
0 1697
1 4096
2 4096
0 475
1 4096
0 3516
3 4096
0 463
1 4096
3 4096
5 4096
0 2527
2 4096
0 476
1 4096
1 4096
1 4096
3 4096
1 4096
1 4096
1 4096
1 4096
2 4096
3 4096
2 4096
6 4096
2 4096
4 4096
2 4096
1 4096
0 1553
0 715
2 4096
0 2725
4 4096
4 4096
3 4096
2 4096
7 4096
3 4096
2 4096
3 4096
0 725
4 4096
4 4096
1 4096
1 4096
3 4096
4 4096
2 4096
3 4096
0 978
5 4096
6 4096
0 2706
2 4096
1 4096
1 4096
0 1505
1 4096
0 2532
1 4096
2 4096
2 4096
3 4096
5 4096
0 1291
1 4096
0 1218
3 4096
3 4096
1 4096
1 4096
1 4096
4 4096
5 4096
3 4096
0 1576
3 4096
1 4096
3 4096
2 4096
3 4096
3 4096
6 4096
2 4096
0 1635
2 4096
1 4096
2 4096
4 4096
1 4096
2 4096
1 4096
1 4096
2 4096
3 4096
3 4096
1 4096
1 4096
5 4096
3 4096
0 1640
1 4096
4 4096
1 4096
4 4096
2 4096
2 4096
2 4096
4 4096
1 4096
1 4096
1 4096
0 383
4 4096
1 4096
0 3946
3 4096
1 4096
2 4096
1 4096
0 1248
2 4096
1 4096
0 1703
2 4096
2 4096
0 1483
0 681
1 4096
1 4096
1 4096
4 4096
3 4096
2 4096
2 4096
4 4096
2 4096
0 1427
2 4096
3 4096
2 4096
1 4096
5 4096
1 4096
0 1745
1 4096
2 4096
1 4096
2 4096
2 4096
1 4096
3 4096
1 4096
0 1115
4 4096
1 4096
2 4096
1 4096
2 4096
1 4096
3 4096
1 4096
4 4096
1 4096
3 4096
1 4096
3 4096
5 4096
3 4096
6 4096
2 4096
1 4096
0 1097
1 4096
2 4096
1 4096
1 4096
4 4096
5 4096
3 4096
1 4096
1 4096
2 4096
1 4096
1 4096
2 4096
3 4096
2 4096
2 4096
2 4096
1 4096
1 4096
4 4096
2 4096
1 4096
1 4096
2 4096
0 1136
4 4096
3 4096
2 4096
2 4096
4 4096
2 4096
2 4096
5 4096
0 3798
0 1102
4 4096
0 1522
2 4096
0 1307
2 4096
2 4096
3 4096
0 966
1 4096
1 4096
2 4096
1 4096
3 4096
2 4096
0 823
1 4096
3 4096
2 4096
2 4096
2 4096
0 862
0 801
2 4096
5 4096
1 4096
1 4096
4 4096
2 4096
1 4096
4 4096
4 4096
1 4096
3 4096
0 2022
3 4096
2 4096
3 4096
0 2068
1 4096
3 4096
3 4096
0 2194
0 1707
1 4096
0 2796
2 4096
1 4096
2 4096
1 4096
0 454
1 4096
4 4096
4 4096
2 4096
1 4096
0 1072
1 4096
1 4096
3 4096
2 4096
3 4096
1 4096
1 4096
1 4096
3 4096
3 4096
3 4096
0 1780
2 4096
4 4096
2 4096
1 4096
2 4096
0 1229
1 4096
1 4096
3 4096
3 4096
1 4096
0 1121
4 4096
0 581
1 4096
3 4096
3 4096
2 4096
2 4096
1 4096
0 448
4 4096
1 4096
3 4096
2 4096
2 4096
6 4096
5 4096
1 4096
1 4096
1 4096
2 4096
3 4096
2 4096
1 4096
2 4096
0 3408
1 4096
0 2673
1 4096
1 4096
1 4096
0 982
1 4096
1 4096
4 4096
4 4096
2 4096
0 503
1 4096
4 4096
1 4096
1 4096
3 4096
3 4096
0 2700
4 4096
1 4096
7 4096
0 629
1 4096
4 4096
2 4096
1 4096
1 4096
2 4096
1 4096
2 4096
0 789
5 4096
2 4096
4 4096
2 4096
2 4096
0 879
2 4096
2 4096
4 4096
1 4096
3 4096
1 4096
3 4096
2 4096
0 412
5 4096
1 4096
2 4096
4 4096
2 4096
0 1320
2 4096
2 4096
1 4096
1 4096
3 4096
3 4096
1 4096
2 4096
2 4096
0 1811
4 4096
2 4096
4 4096
3 4096
1 4096
3 4096
2 4096
2 4096
3 4096
2 4096
4 4096
2 4096
1 4096
5 4096
2 4096
1 4096
2 4096
2 4096
6 4096
1 4096
4 4096
5 4096
4 4096
1 4096
5 4096
0 2816
3 4096
1 4096
0 703
3 4096
1 4096
6 4096
2 4096
3 4096
0 1517
2 4096
1 4096
2 4096
3 4096
3 4096
2 4096
3 4096
1 4096
2 4096
1 4096
2 4096
2 4096
2 4096
1 4096
3 4096
3 4096
2 4096
1 4096
2 4096
2 4096
3 4096
0 1432
4 4096
1 4096
3 4096
3 4096
3 4096
2 4096
0 829
2 4096
2 4096
3 4096
4 4096
1 4096
2 4096
1 4096
3 4096
0 1575
1 4096
2 4096
2 4096
1 4096
0 1596
1 4096
2 4096
1 4096
2 4096
1 4096
0 3834
4 4096
1 4096
2 4096
2 4096
1 4096
2 4096
1 4096
3 4096
0 2566
6 4096
5 4096
2 4096
3 4096
1 4096
0 2145
1 4096
1 4096
3 4096
1 4096
1 4096
4 4096
2 4096
1 4096
2 4096
1 4096
2 4096
1 4096
2 4096
1 4096
2 4096
4 4096
0 845
1 4096
4 4096
0 727
3 4096
3 4096
3 4096
2 4096
0 1325
2 4096
2 4096
1 4096
1 4096
1 4096
1 4096
3 4096
0 2920
0 642
2 4096
2 4096
4 4096
1 4096
2 4096
1 4096
4 4096
0 703
1 4096
1 4096
1 4096
1 4096
3 4096
4 4096
2 4096
4 4096
1 4096
1 4096
2 4096
1 4096
4 4096
0 1750
0 3215
2 4096
2 4096
3 4096
2 4096
2 4096
1 4096
2 4096
1 4096
0 675
2 4096
3 4096
1 4096
3 4096
3 4096
2 4096
2 4096
2 4096
2 4096
2 4096
0 679
0 2038
3 4096
1 4096
1 4096
2 4096
4 4096
3 4096
1 4096
2 4096
0 1347
2 4096
0 2117
1 4096
0 581
2 4096
6 4096
0 3875
0 1051
0 1665
3 4096
1 4096
0 2805
1 4096
3 4096
1 4096
1 4096
1 4096
4 4096
1 4096
0 2283
2 4096
2 4096
3 4096
3 4096
2 4096
2 4096
3 4096
1 4096
2 4096
1 4096
0 741
1 4096
2 4096
1 4096
1 4096
2 4096
1 4096
4 4096
3 4096
1 4096
3 4096
0 1189
0 494
1 4096
1 4096
3 4096
3 4096
1 4096
0 2091
4 4096
1 4096
2 4096
0 2255
3 4096
4 4096
3 4096
3 4096
2 4096
0 1843
3 4096
1 4096
2 4096
4 4096
3 4096
3 4096
3 4096
5 4096
3 4096
6 4096
4 4096
0 988
1 4096
2 4096
1 4096
0 1775
4 4096
3 4096
1 4096
1 4096
2 4096
0 1070
2 4096
3 4096
5 4096
1 4096
0 2409
1 4096
2 4096
1 4096
3 4096
3 4096
2 4096
2 4096
0 666
5 4096
2 4096
0 1309
2 4096
5 4096
3 4096
1 4096
5 4096
5 4096
4 4096
1 4096
4 4096
1 4096
3 4096
2 4096
1 4096
1 4096
2 4096
1 4096
3 4096
2 4096
2 4096
2 4096
2 4096
3 4096
2 4096
1 4096
3 4096
4 4096
3 4096
2 4096
2 4096
1 4096
1 4096
3 4096
2 4096
1 4096
6 4096
1 4096
1 4096
5 4096
2 4096
1 4096
0 1727
4 4096
1 4096
1 4096
1 4096
1 4096
0 524
2 4096
0 2244
0 488
3 4096
1 4096
3 4096
3 4096
2 4096
3 4096
2 4096
2 4096
0 693
0 1786
3 4096
1 4096
5 4096
1 4096
1 4096
1 4096
2 4096
2 4096
3 4096
4 4096
2 4096
6 4096
1 4096
2 4096
3 4096
1 4096
2 4096
2 4096
1 4096
2 4096
2 4096
3 4096
1 4096
1 4096
3 4096
1 4096
2 4096
6 4096
3 4096
1 4096
1 4096
0 1996
1 4096
1 4096
1 4096
1 4096
1 4096
1 4096
0 2594
3 4096
1 4096
2 4096
2 4096
3 4096
1 4096
4 4096
2 4096
2 4096
0 3994
1 4096
1 4096
2 4096
2 4096
1 4096
1 4096
1 4096
2 4096
7 4096
1 4096
3 4096
2 4096
1 4096
2 4096
3 4096
2 4096
2 4096
2 4096
5 4096
0 1015
2 4096
1 4096
3 4096
1 4096
1 4096
1 4096
1 4096
3 4096
3 4096
1 4096
1 4096
2 4096
5 4096
5 4096
1 4096
2 4096
1 4096
3 4096
3 4096
1 4096
4 4096
3 4096
1 4096
2 4096
1 4096
2 4096
1 4096
5 4096
0 935
3 4096
0 1052
2 4096
1 4096
2 4096
2 4096
3 4096
2 4096
0 1312
2 4096
2 4096
3 4096
4 4096
0 4066
5 4096
4 4096
3 4096
3 4096
2 4096
3 4096
0 2068
1 4096
3 4096
4 4096
1 4096
1 4096
0 1707
3 4096
3 4096
1 4096
3 4096
1 4096
3 4096
1 4096
1 4096
3 4096
5 4096
3 4096
2 4096
1 4096
2 4096
1 4096
2 4096
2 4096
3 4096
2 4096
2 4096
4 4096
1 4096
1 4096
1 4096
5 4096
1 4096
2 4096
4 4096
2 4096
3 4096
1 4096
1 4096
4 4096
0 2210
5 4096
4 4096
3 4096
3 4096
0 3503
0 1561
3 4096
0 1520
1 4096
4 4096
1 4096
3 4096
2 4096
4 4096
0 1181
2 4096
0 2561
0 1191
4 4096
2 4096
3 4096
4 4096
0 1063
3 4096
2 4096
2 4096
1 4096
0 1740
2 4096
3 4096
3 4096
5 4096
2 4096
4 4096
5 4096
4 4096
2 4096
3 4096
3 4096
3 4096
1 4096
0 3258
1 4096
4 4096
1 4096
2 4096
3 4096
1 4096
1 4096
4 4096
1 4096
5 4096
2 4096
1 4096
3 4096
3 4096
0 1136
4 4096
1 4096
1 4096
1 4096
0 2494
2 4096
2 4096
1 4096
3 4096
2 4096
0 3947
2 4096
2 4096
3 4096
0 3938
4 4096
4 4096
2 4096
0 1092
0 2624
1 4096
1 4096
2 4096
1 4096
1 4096
4 4096
6 4096
2 4096
1 4096
3 4096
2 4096
4 4096
0 1763
2 4096
4 4096
1 4096
4 4096
2 4096
2 4096
2 4096
1 4096
2 4096
2 4096
1 4096
2 4096
1 4096
2 4096
0 1322
2 4096
4 4096
2 4096
3 4096
3 4096
2 4096
5 4096
4 4096
2 4096
2 4096
0 1068
5 4096
1 4096
2 4096
1 4096
3 4096
4 4096
1 4096
0 1543
3 4096
2 4096
0 2568
1 4096
1 4096
3 4096
0 1404
3 4096
0 1578
1 4096
2 4096
3 4096
5 4096
2 4096
4 4096
0 1231
1 4096
3 4096
2 4096
0 3310
2 4096
4 4096
1 4096
4 4096
1 4096
2 4096
2 4096
3 4096
5 4096
5 4096
2 4096
1 4096
0 301
3 4096
2 4096
0 829
4 4096
0 1003
1 4096
1 4096
2 4096
2 4096
2 4096
1 4096
0 481
3 4096
2 4096
3 4096
1 4096
1 4096
2 4096
1 4096
1 4096
3 4096
3 4096
0 3772
5 4096
4 4096
2 4096
3 4096
3 4096
2 4096
1 4096
1 4096
3 4096
2 4096
1 4096
3 4096
3 4096
0 2279
2 4096
2 4096
4 4096
3 4096
0 1093
1 4096
0 618
2 4096
0 2141
5 4096
2 4096
1 4096
2 4096
1 4096
2 4096
3 4096
1 4096
2 4096
4 4096
6 4096
3 4096
0 3656
4 4096
3 4096
2 4096
1 4096
3 4096
3 4096
4 4096
0 669
4 4096
2 4096
0 711
0 1498
3 4096
3 4096
1 4096
1 4096
2 4096
0 1236
0 1506
4 4096
0 1260
3 4096
4 4096
1 4096
5 4096
3 4096
0 1460
1 4096
1 4096
1 4096
4 4096
2 4096
0 1034
4 4096
3 4096
5 4096
0 1552
0 821
1 4096
5 4096
2 4096
1 4096
3 4096
1 4096
1 4096
3 4096
2 4096
3 4096
1 4096
2 4096
2 4096
2 4096
2 4096
3 4096
2 4096
0 1466
1 4096
0 921
1 4096
2 4096
3 4096
2 4096
4 4096
2 4096
3 4096
1 4096
0 1869
4 4096
0 3387
2 4096
3 4096
1 4096
0 936
2 4096
8 4096
7 4096
2 4096
1 4096
2 4096
4 4096
3 4096
2 4096
6 4096
2 4096
1 4096
1 4096
1 4096
0 2215
0 1543
0 578
2 4096
5 4096
0 970
1 4096
2 4096
2 4096
1 4096
2 4096
4 4096
0 3529
4 4096
4 4096
4 4096
6 4096
2 4096
1 4096
4 4096
3 4096
1 4096
2 4096
1 4096
1 4096
2 4096
0 2062
1 4096
1 4096
4 4096
3 4096
4 4096
1 4096
4 4096
1 4096
1 4096
2 4096
5 4096
0 573
3 4096
1 4096
0 2858
2 4096
3 4096
3 4096
3 4096
2 4096
3 4096
1 4096
3 4096
2 4096
2 4096
2 4096
3 4096
2 4096
3 4096
3 4096
2 4096
2 4096
0 1069
2 4096
2 4096
3 4096
5 4096
1 4096
4 4096
0 2090
1 4096
3 4096
1 4096
5 4096
5 4096
0 2735
3 4096
1 4096
2 4096
3 4096
2 4096
1 4096
1 4096
3 4096
3 4096
4 4096
3 4096
4 4096
2 4096
5 4096
2 4096
2 4096
0 1261
2 4096
1 4096
3 4096
0 1078
2 4096
2 4096
0 1040
4 4096
0 3633
6 4096
3 4096
1 4096
2 4096
3 4096
3 4096
0 1537
3 4096
1 4096
2 4096
1 4096
0 2577
1 4096
2 4096
1 4096
0 3767
4 4096
1 4096
3 4096
1 4096
3 4096
3 4096
1 4096
0 1462
0 1601
1 4096
2 4096
0 1322
0 2980
1 4096
2 4096
4 4096
1 4096
4 4096
0 1519
1 4096
1 4096
3 4096
0 1464
2 4096
0 2014
2 4096
3 4096
4 4096
1 4096
1 4096
1 4096
0 665
2 4096
0 1793
3 4096
1 4096
2 4096
1 4096
2 4096
2 4096
2 4096
1 4096
3 4096
1 4096
2 4096
2 4096
0 882
0 1720
1 4096
2 4096
1 4096
1 4096
4 4096
2 4096
2 4096
1 4096
2 4096
3 4096
2 4096
2 4096
4 4096
2 4096
1 4096
5 4096
0 794
2 4096
2 4096
2 4096
0 1457
2 4096
2 4096
3 4096
1 4096
1 4096
2 4096
2 4096
2 4096
1 4096
2 4096
2 4096
3 4096
1 4096
4 4096
1 4096
1 4096
2 4096
3 4096
0 3336
2 4096
1 4096
3 4096
2 4096
3 4096
0 2846
3 4096
2 4096
1 4096
2 4096
2 4096
1 4096
1 4096
4 4096
2 4096
5 4096
2 4096
1 4096
3 4096
3 4096
1 4096
1 4096
3 4096
1 4096
1 4096
1 4096
3 4096
4 4096
3 4096
1 4096
1 4096
3 4096
1 4096
0 1102
2 4096
3 4096
1 4096
0 1316
0 1943
1 4096
3 4096
3 4096
5 4096
0 773
1 4096
1 4096
0 813
1 4096
1 4096
4 4096
1 4096
3 4096
0 2708
1 4096
2 4096
2 4096
0 3022
0 2020
2 4096
1 4096
2 4096
1 4096
0 890
0 1227
2 4096
1 4096
2 4096
1 4096
0 1478
2 4096
1 4096
2 4096
2 4096
1 4096
0 3288
1 4096
3 4096
4 4096
2 4096
3 4096
2 4096
1 4096
2 4096
3 4096
3 4096
2 4096
3 4096
4 4096
0 2966
2 4096
5 4096
3 4096
1 4096
0 4003
6 4096
0 851
1 4096
3 4096
5 4096
3 4096
3 4096
4 4096
4 4096
1 4096
5 4096
3 4096
2 4096
2 4096
2 4096
1 4096
3 4096
2 4096
2 4096
1 4096
1 4096
3 4096
1 4096
2 4096
1 4096
3 4096
0 978
1 4096
4 4096
2 4096
2 4096
3 4096
1 4096
2 4096
1 4096
2 4096
2 4096
1 4096
3 4096
1 4096
1 4096
0 1965
1 4096
3 4096
1 4096
4 4096
2 4096
6 4096
1 4096
0 1688
3 4096
2 4096
3 4096
5 4096
0 1205
0 1011
2 4096
4 4096
3 4096
0 1507
3 4096
2 4096
1 4096
3 4096
3 4096
2 4096
2 4096
0 1725
5 4096
4 4096
0 2877
2 4096
1 4096
4 4096
2 4096
1 4096
1 4096
3 4096
3 4096
2 4096
6 4096
3 4096
3 4096
3 4096
1 4096
3 4096
3 4096
2 4096
1 4096
0 3075
3 4096
2 4096
1 4096
1 4096
0 2437
4 4096
1 4096
3 4096
1 4096
1 4096
2 4096
3 4096
2 4096
1 4096
3 4096
1 4096
3 4096
0 1640
3 4096
3 4096
1 4096
4 4096
2 4096
3 4096
0 428
1 4096
2 4096
0 2797
2 4096
2 4096
4 4096
2 4096
1 4096
0 1819
2 4096
2 4096
3 4096
2 4096
5 4096
3 4096
2 4096
3 4096
0 1448
1 4096
0 2129
4 4096
3 4096
2 4096
1 4096
2 4096
1 4096
1 4096
2 4096
0 1770
0 2711
1 4096
2 4096
0 993
2 4096
3 4096
2 4096
3 4096
3 4096
4 4096
1 4096
2 4096
3 4096
2 4096
1 4096
1 4096
3 4096
2 4096
3 4096
2 4096
1 4096
3 4096
2 4096
4 4096
0 1496
3 4096
1 4096
3 4096
2 4096
3 4096
1 4096
1 4096
3 4096
5 4096
3 4096
1 4096
3 4096
4 4096
2 4096
2 4096
2 4096
1 4096
1 4096
3 4096
2 4096
2 4096
1 4096
2 4096
2 4096
4 4096
1 4096
2 4096
2 4096
1 4096
1 4096
2 4096
1 4096
4 4096
0 1582
1 4096
3 4096
4 4096
2 4096
2 4096
3 4096
6 4096
2 4096
6 4096
2 4096
0 366
0 1853
2 4096
2 4096
1 4096
3 4096
2 4096
2 4096
3 4096
2 4096
3 4096
2 4096
2 4096
1 4096
1 4096
0 3919
2 4096
5 4096
3 4096
3 4096
4 4096
1 4096
2 4096
3 4096
1 4096
0 423
2 4096
3 4096
2 4096
2 4096
2 4096
3 4096
1 4096
2 4096
3 4096
2 4096
2 4096
2 4096
1 4096
0 1903
4 4096
4 4096
2 4096
4 4096
1 4096
1 4096
5 4096
0 928
2 4096
2 4096
3 4096
4 4096
1 4096
2 4096
1 4096
2 4096
2 4096
0 2131
2 4096
1 4096
3 4096
1 4096
1 4096
3 4096
5 4096
0 1791
1 4096
2 4096
1 4096
0 3062
2 4096
0 1042
0 1426
6 4096
1 4096
0 637
2 4096
2 4096
3 4096
0 3259
3 4096
2 4096
0 1090
2 4096
2 4096
1 4096
2 4096
3 4096
2 4096
4 4096
3 4096
0 1088
0 1480
5 4096
4 4096
3 4096
3 4096
0 824
2 4096
3 4096
4 4096
0 3028
1 4096
2 4096
2 4096
4 4096
3 4096
2 4096
1 4096
1 4096
3 4096
2 4096
4 4096
3 4096
2 4096
0 4047
2 4096
2 4096
0 838
3 4096
0 637
3 4096
0 2156
6 4096
4 4096
5 4096
5 4096
2 4096
1 4096
2 4096
5 4096
2 4096
3 4096
2 4096
1 4096
5 4096
1 4096
1 4096
3 4096
4 4096
2 4096
1 4096
2 4096
1 4096
1 4096
3 4096
2 4096
2 4096
0 1151
2 4096
2 4096
4 4096
2 4096
3 4096
3 4096
2 4096
3 4096
1 4096
2 4096
1 4096
1 4096
0 909
2 4096
1 4096
2 4096
1 4096
5 4096
0 1113
3 4096
1 4096
3 4096
1 4096
2 4096
1 4096
3 4096
1 4096
4 4096
2 4096
1 4096
1 4096
0 747
0 521
4 4096
8 4096
1 4096
4 4096
4 4096
0 2287
2 4096
0 1803
1 4096
3 4096
1 4096
1 4096
2 4096
3 4096
1 4096
0 1044
2 4096
0 1160
2 4096
1 4096
1 4096
0 3104
4 4096
2 4096
2 4096
1 4096
3 4096
1 4096
2 4096
0 2270
4 4096
1 4096
1 4096
0 1275
0 1235
1 4096
2 4096
4 4096
1 4096
2 4096
1 4096
2 4096
5 4096
0 2530
1 4096
2 4096
2 4096
3 4096
2 4096
4 4096
2 4096
2 4096
0 918
3 4096
3 4096
4 4096
1 4096
3 4096
2 4096
2 4096
1 4096
1 4096
1 4096
1 4096
3 4096
3 4096
1 4096
2 4096
4 4096
1 4096
2 4096
1 4096
3 4096
3 4096
3 4096
3 4096
3 4096
3 4096
4 4096
2 4096
1 4096
2 4096
1 4096
1 4096
3 4096
3 4096
1 4096
3 4096
6 4096
2 4096
0 1452
1 4096
2 4096
1 4096
4 4096
1 4096
3 4096
2 4096
4 4096
1 4096
1 4096
5 4096
1 4096
0 1985
2 4096
0 1787
1 4096
2 4096
3 4096
5 4096
1 4096
2 4096
3 4096
2 4096
3 4096
0 1125
0 3276
1 4096
2 4096
3 4096
1 4096
3 4096
1 4096
3 4096
2 4096
1 4096
2 4096
2 4096
2 4096
2 4096
3 4096
2 4096
2 4096
1 4096
1 4096
3 4096
1 4096
2 4096
0 1848
2 4096
0 2497
3 4096
1 4096
0 1574
2 4096
3 4096
3 4096
2 4096
4 4096
2 4096
0 1537
3 4096
3 4096
2 4096
1 4096
1 4096
2 4096
2 4096
0 1756
1 4096
3 4096
1 4096
1 4096
3 4096
3 4096
1 4096
1 4096
4 4096
1 4096
3 4096
6 4096
0 1763
3 4096
2 4096
2 4096
1 4096
2 4096
1 4096
1 4096
1 4096
3 4096
3 4096
1 4096
3 4096
2 4096
4 4096
1 4096
0 1007
0 1207
2 4096
0 2209
3 4096
0 915
3 4096
3 4096
1 4096
2 4096
1 4096
1 4096
0 1493
0 1483
2 4096
1 4096
0 3885
4 4096
1 4096
4 4096
0 1640
2 4096
2 4096
2 4096
1 4096
0 1040
1 4096
5 4096
2 4096
4 4096
3 4096
2 4096
1 4096
2 4096
2 4096
7 4096
0 1506
0 1057
1 4096
3 4096
2 4096
1 4096
3 4096
1 4096
2 4096
3 4096
3 4096
4 4096
3 4096
1 4096
2 4096
1 4096
0 804
3 4096
2 4096
4 4096
3 4096
1 4096
1 4096
4 4096
3 4096
0 1190
2 4096
2 4096
4 4096
1 4096
4 4096
1 4096
3 4096
3 4096
2 4096
1 4096
1 4096
2 4096
1 4096
2 4096
3 4096
2 4096
2 4096
1 4096
4 4096
1 4096
1 4096
0 1008
2 4096
4 4096
1 4096
4 4096
1 4096
1 4096
2 4096
3 4096
4 4096
1 4096
3 4096
2 4096
3 4096
1 4096
1 4096
2 4096
0 1388
2 4096
1 4096
3 4096
2 4096
1 4096
0 707
1 4096
4 4096
4 4096
1 4096
3 4096
0 963
0 680
3 4096
1 4096
4 4096
3 4096
1 4096
4 4096
0 278
4 4096
4 4096
2 4096
0 2138
1 4096
0 855
3 4096
1 4096
5 4096
2 4096
3 4096
1 4096
4 4096
2 4096
1 4096
3 4096
3 4096
1 4096
2 4096
2 4096
1 4096
1 4096
2 4096
1 4096
0 2793
2 4096
4 4096
2 4096
2 4096
0 1054
1 4096
1 4096
2 4096
3 4096
2 4096
1 4096
0 3463
1 4096
0 588
2 4096
2 4096
4 4096
5 4096
3 4096
2 4096
2 4096
1 4096
2 4096
4 4096
2 4096
2 4096
0 1396
4 4096
5 4096
3 4096
3 4096
1 4096
1 4096
2 4096
2 4096
3 4096
1 4096
5 4096
4 4096
2 4096
2 4096
2 4096
4 4096
2 4096
0 1323
1 4096
0 642
4 4096
0 1870
1 4096
1 4096
0 2798
1 4096
1 4096
1 4096
1 4096
1 4096
2 4096
1 4096
3 4096
2 4096
2 4096
1 4096
4 4096
2 4096
3 4096
4 4096
1 4096
1 4096
4 4096
3 4096
3 4096
0 3784
0 937
2 4096
6 4096
0 468
3 4096
3 4096
1 4096
5 4096
2 4096
3 4096
4 4096
0 564
4 4096
3 4096
2 4096
4 4096
1 4096
1 4096
1 4096
3 4096
2 4096
2 4096
2 4096
1 4096
3 4096
3 4096
5 4096
3 4096
2 4096
4 4096
1 4096
2 4096
1 4096
1 4096
1 4096
3 4096
1 4096
3 4096
0 2463
4 4096
3 4096
2 4096
0 606
1 4096
1 4096
1 4096
3 4096
0 1801
2 4096
1 4096
2 4096
5 4096
4 4096
2 4096
1 4096
3 4096
1 4096
1 4096
3 4096
0 1081
1 4096
0 3175
3 4096
4 4096
0 3000
2 4096
4 4096
2 4096
3 4096
6 4096
5 4096
2 4096
0 3692
0 1424
1 4096
2 4096
2 4096
0 3019
0 363
1 4096
1 4096
4 4096
0 3121
3 4096
2 4096
2 4096
1 4096
3 4096
3 4096
2 4096
1 4096
1 4096
4 4096
3 4096
1 4096
4 4096
2 4096
3 4096
4 4096
1 4096
0 3697
1 4096
4 4096
6 4096
2 4096
0 2158
0 2950
2 4096
2 4096
2 4096
5 4096
2 4096
6 4096
4 4096
0 955
2 4096
2 4096
3 4096
2 4096
3 4096
3 4096
2 4096
1 4096
4 4096
0 1361
3 4096
2 4096
0 2565
4 4096
4 4096
3 4096
2 4096
1 4096
2 4096
3 4096
1 4096
4 4096
2 4096
2 4096
0 1961
3 4096
3 4096
2 4096
3 4096
1 4096
1 4096
0 779
2 4096
3 4096
0 1432
0 737
2 4096
0 1923
3 4096
1 4096
5 4096
2 4096
3 4096
2 4096
2 4096
3 4096
0 3295
2 4096
3 4096
3 4096
4 4096
3 4096
3 4096
1 4096
1 4096
3 4096
1 4096
2 4096
1 4096
1 4096
2 4096
4 4096
1 4096
3 4096
0 2888
0 3934
3 4096
3 4096
2 4096
4 4096
2 4096
2 4096
4 4096
2 4096
4 4096
4 4096
0 943
0 1423
1 4096
6 4096
4 4096
1 4096
1 4096
0 797
1 4096
4 4096
1 4096
2 4096
2 4096
1 4096
1 4096
2 4096
1 4096
4 4096
2 4096
4 4096
2 4096
2 4096
1 4096
4 4096
2 4096
1 4096
1 4096
0 1354
1 4096
5 4096
4 4096
2 4096
4 4096
1 4096
5 4096
2 4096
1 4096
1 4096
1 4096
0 4056
5 4096
5 4096
2 4096
2 4096
2 4096
0 1552
1 4096
0 652
0 442
2 4096
0 1554
4 4096
2 4096
3 4096
3 4096
1 4096
2 4096
2 4096
3 4096
3 4096
4 4096
1 4096
0 2944
3 4096
4 4096
2 4096
1 4096
3 4096
2 4096
4 4096
2 4096
1 4096
1 4096
0 2817
1 4096
2 4096
1 4096
1 4096
5 4096
3 4096
2 4096
0 3223
0 1618
0 993
4 4096
1 4096
2 4096
0 297
2 4096
3 4096
1 4096
0 989
4 4096
4 4096
2 4096
3 4096
0 4090
1 4096
3 4096
0 3238
1 4096
0 1907
1 4096
1 4096
2 4096
1 4096
2 4096
3 4096
3 4096
2 4096
2 4096
1 4096
4 4096
0 1816
1 4096
1 4096
3 4096
3 4096
1 4096
1 4096
1 4096
1 4096
0 2607
4 4096
2 4096
2 4096
3 4096
2 4096
3 4096
1 4096
3 4096
2 4096
3 4096
1 4096
3 4096
2 4096
0 736
3 4096
2 4096
1 4096
2 4096
2 4096
1 4096
1 4096
1 4096
2 4096
2 4096
0 2933
1 4096
1 4096
0 1902
5 4096
1 4096
2 4096
1 4096
4 4096
1 4096
2 4096
2 4096
1 4096
2 4096
4 4096
2 4096
0 906
1 4096
2 4096
1 4096
1 4096
2 4096
2 4096
3 4096
1 4096
3 4096
3 4096
6 4096
2 4096
1 4096
0 1359
1 4096
3 4096
2 4096
0 2475
0 1521
2 4096
2 4096
3 4096
3 4096
3 4096
4 4096
1 4096
1 4096
3 4096
2 4096
4 4096
3 4096
0 3624
0 1361
1 4096
5 4096
1 4096
1 4096
1 4096
2 4096
2 4096
1 4096
1 4096
0 2100
3 4096
2 4096
1 4096
2 4096
3 4096
2 4096
1 4096
0 496
1 4096
5 4096
2 4096
2 4096
3 4096
3 4096
1 4096
1 4096
1 4096
1 4096
3 4096
1 4096
2 4096
4 4096
3 4096
3 4096
2 4096
1 4096
2 4096
3 4096
1 4096
3 4096
3 4096
2 4096
4 4096
3 4096
0 1815
0 1560
1 4096
2 4096
3 4096
2 4096
2 4096
3 4096
5 4096
3 4096
3 4096
1 4096
2 4096
0 1717
0 2745
1 4096
2 4096
0 2408
1 4096
4 4096
3 4096
4 4096
2 4096
2 4096
4 4096
3 4096
1 4096
1 4096
4 4096
1 4096
5 4096
3 4096
3 4096
3 4096
1 4096
2 4096
0 1297
6 4096
0 3768
3 4096
2 4096
1 4096
3 4096
1 4096
4 4096
5 4096
1 4096
3 4096
2 4096
3 4096
2 4096
2 4096
4 4096
3 4096
1 4096
1 4096
2 4096
3 4096
1 4096
4 4096
1 4096
0 1739
3 4096
1 4096
2 4096
2 4096
1 4096
2 4096
4 4096
3 4096
0 1859
3 4096
2 4096
3 4096
2 4096
0 2779
2 4096
2 4096
2 4096
2 4096
1 4096
2 4096
0 1938
0 2106
3 4096
1 4096
1 4096
4 4096
1 4096
3 4096
4 4096
0 1177
1 4096
0 2752
5 4096
2 4096
1 4096
1 4096
2 4096
1 4096
1 4096
1 4096
3 4096
2 4096
2 4096
0 397
3 4096
2 4096
1 4096
4 4096
2 4096
2 4096
2 4096
4 4096
1 4096
2 4096
2 4096
1 4096
1 4096
4 4096
3 4096
3 4096
0 621
0 651
1 4096
4 4096
1 4096
3 4096
0 1779
3 4096
2 4096
3 4096
2 4096
4 4096
3 4096
3 4096
4 4096
0 1983
2 4096
2 4096
1 4096
1 4096
2 4096
5 4096
1 4096
4 4096
1 4096
0 1561
1 4096
0 788
1 4096
0 2042
1 4096
0 681
2 4096
1 4096
1 4096
1 4096
2 4096
3 4096
1 4096
3 4096
3 4096
2 4096
2 4096
2 4096
2 4096
3 4096
5 4096
0 532
3 4096
1 4096
4 4096
1 4096
2 4096
3 4096
2 4096
0 2093
2 4096
1 4096
2 4096
1 4096
0 1804
1 4096
1 4096
1 4096
3 4096
4 4096
4 4096
2 4096
0 949
2 4096
1 4096
1 4096
3 4096
0 1687
4 4096
3 4096
7 4096
1 4096
2 4096
1 4096
2 4096
1 4096
2 4096
0 2702
3 4096
1 4096
0 2929
0 2273
1 4096
4 4096
1 4096
5 4096
3 4096
1 4096
2 4096
4 4096
0 2340
3 4096
1 4096
0 1067
1 4096
1 4096
2 4096
1 4096
4 4096
2 4096
4 4096
2 4096
5 4096
3 4096
3 4096
1 4096
1 4096
0 976
0 2200
2 4096
6 4096
2 4096
0 475
0 544
3 4096
1 4096
3 4096
1 4096
4 4096
0 1982
4 4096
0 2511
1 4096
2 4096
1 4096
4 4096
2 4096
1 4096
1 4096
1 4096
1 4096
0 3829
1 4096
4 4096
1 4096
2 4096
0 3598
2 4096
0 1415
2 4096
2 4096
2 4096
0 3161
5 4096
2 4096
2 4096
3 4096
1 4096
2 4096
5 4096
4 4096
2 4096
2 4096
1 4096
1 4096
0 1180
4 4096
4 4096
1 4096
2 4096
0 1402
1 4096
4 4096
1 4096
1 4096
1 4096
0 1315
2 4096
1 4096
0 2874
1 4096
3 4096
1 4096
2 4096
0 1369
0 1202
2 4096
4 4096
1 4096
1 4096
3 4096
1 4096
3 4096
4 4096
2 4096
3 4096
2 4096
3 4096
3 4096
1 4096
2 4096
1 4096
2 4096
0 507
2 4096
3 4096
2 4096
1 4096
4 4096
4 4096
4 4096
0 2419
0 952
2 4096
6 4096
2 4096
7 4096
2 4096
1 4096
1 4096
5 4096
1 4096
2 4096
0 487
1 4096
4 4096
0 2236
2 4096
3 4096
2 4096
4 4096
4 4096
0 1323
3 4096
3 4096
4 4096
3 4096
1 4096
2 4096
1 4096
2 4096
5 4096
0 1161
0 1756
1 4096
1 4096
3 4096
2 4096
3 4096
4 4096
2 4096
2 4096
3 4096
1 4096
1 4096
0 1744
1 4096
1 4096
2 4096
2 4096
3 4096
1 4096
1 4096
3 4096
5 4096
5 4096
1 4096
2 4096
0 2966
3 4096
1 4096
3 4096
2 4096
3 4096
4 4096
2 4096
0 909
1 4096
2 4096
0 584
1 4096
1 4096
0 2879
4 4096
3 4096
3 4096
2 4096
2 4096
2 4096
0 3585
2 4096
0 1410
4 4096
1 4096
2 4096
1 4096
4 4096
1 4096
1 4096
0 940
2 4096
0 1432
3 4096
3 4096
0 1082
2 4096
2 4096
2 4096
1 4096
2 4096
3 4096
1 4096
2 4096
2 4096
2 4096
1 4096
1 4096
3 4096
4 4096
2 4096
1 4096
1 4096
1 4096
2 4096
1 4096
3 4096
2 4096
2 4096
2 4096
1 4096
1 4096
2 4096
3 4096
2 4096
3 4096
1 4096
5 4096
3 4096
1 4096
0 1480
1 4096
0 2129
2 4096
1 4096
2 4096
2 4096
3 4096
3 4096
3 4096
2 4096
2 4096
0 2502
2 4096
1 4096
2 4096
2 4096
2 4096
1 4096
4 4096
1 4096
2 4096
3 4096
2 4096
