# SA for random K-SAT
# K = 3   N = 128   M = 544   seed = 3730190781
# alpha = 4.250000   nIter = 1024  Tmax = 0.200000
# 1:lowestUnsat  2:runTime
3 1024
1 1024
2 1024
2 1024
0 151
2 1024
2 1024
0 13
1 1024
2 1024
1 1024
2 1024
0 22
0 56
2 1024
2 1024
2 1024
0 181
0 82
1 1024
2 1024
1 1024
0 100
3 1024
1 1024
0 194
0 296
2 1024
1 1024
2 1024
2 1024
1 1024
2 1024
1 1024
0 9
0 165
2 1024
1 1024
2 1024
0 9
0 106
2 1024
1 1024
0 186
1 1024
1 1024
1 1024
2 1024
1 1024
3 1024
1 1024
1 1024
0 113
0 339
2 1024
1 1024
0 26
1 1024
0 72
1 1024
2 1024
2 1024
1 1024
0 417
1 1024
2 1024
2 1024
1 1024
2 1024
4 1024
2 1024
1 1024
4 1024
0 28
2 1024
2 1024
1 1024
4 1024
1 1024
2 1024
0 119
1 1024
1 1024
1 1024
2 1024
2 1024
1 1024
0 51
1 1024
1 1024
1 1024
0 163
1 1024
0 230
1 1024
0 161
0 395
2 1024
0 220
1 1024
0 244
3 1024
0 11
1 1024
1 1024
0 80
2 1024
1 1024
2 1024
0 522
1 1024
4 1024
0 88
1 1024
1 1024
1 1024
1 1024
1 1024
2 1024
2 1024
2 1024
0 124
0 33
1 1024
1 1024
0 32
1 1024
3 1024
2 1024
1 1024
0 1003
0 276
1 1024
0 81
1 1024
1 1024
0 161
2 1024
1 1024
2 1024
2 1024
3 1024
2 1024
1 1024
2 1024
0 250
3 1024
2 1024
0 39
1 1024
0 116
0 60
2 1024
2 1024
1 1024
0 16
2 1024
0 50
2 1024
1 1024
0 183
3 1024
1 1024
1 1024
1 1024
2 1024
0 93
0 17
0 160
3 1024
4 1024
2 1024
1 1024
0 32
2 1024
1 1024
1 1024
2 1024
1 1024
1 1024
2 1024
0 158
2 1024
1 1024
0 9
1 1024
2 1024
1 1024
1 1024
0 329
2 1024
0 40
0 11
0 35
2 1024
3 1024
1 1024
1 1024
3 1024
2 1024
4 1024
1 1024
3 1024
2 1024
2 1024
3 1024
2 1024
0 222
0 27
1 1024
1 1024
1 1024
0 124
3 1024
2 1024
1 1024
3 1024
2 1024
0 87
1 1024
1 1024
1 1024
1 1024
0 23
1 1024
1 1024
1 1024
1 1024
2 1024
1 1024
0 39
1 1024
1 1024
2 1024
1 1024
1 1024
1 1024
2 1024
3 1024
2 1024
1 1024
0 66
1 1024
1 1024
0 182
0 150
1 1024
1 1024
1 1024
0 35
1 1024
0 759
1 1024
3 1024
1 1024
1 1024
2 1024
0 112
1 1024
2 1024
1 1024
0 134
0 56
1 1024
2 1024
1 1024
2 1024
0 67
1 1024
2 1024
1 1024
0 20
1 1024
0 50
1 1024
1 1024
1 1024
1 1024
1 1024
0 219
0 10
1 1024
3 1024
1 1024
1 1024
3 1024
0 12
0 27
0 954
3 1024
0 115
1 1024
1 1024
1 1024
3 1024
1 1024
1 1024
0 114
1 1024
1 1024
1 1024
1 1024
1 1024
2 1024
2 1024
0 443
3 1024
0 10
1 1024
2 1024
2 1024
3 1024
1 1024
0 269
1 1024
1 1024
2 1024
0 302
1 1024
1 1024
1 1024
2 1024
1 1024
3 1024
1 1024
2 1024
1 1024
1 1024
1 1024
1 1024
1 1024
0 22
2 1024
0 227
1 1024
0 67
3 1024
0 371
1 1024
1 1024
1 1024
1 1024
1 1024
0 121
2 1024
1 1024
0 23
2 1024
1 1024
0 326
3 1024
1 1024
1 1024
2 1024
1 1024
1 1024
0 57
2 1024
1 1024
2 1024
2 1024
1 1024
2 1024
3 1024
2 1024
0 38
0 51
1 1024
2 1024
1 1024
0 159
3 1024
2 1024
1 1024
0 34
1 1024
1 1024
3 1024
3 1024
2 1024
1 1024
0 35
2 1024
2 1024
2 1024
1 1024
0 205
1 1024
0 138
1 1024
1 1024
0 15
2 1024
0 24
2 1024
0 11
2 1024
2 1024
0 16
1 1024
0 88
2 1024
0 464
0 245
2 1024
0 15
1 1024
2 1024
0 55
1 1024
2 1024
1 1024
2 1024
0 98
0 145
1 1024
2 1024
1 1024
3 1024
1 1024
0 547
1 1024
3 1024
2 1024
1 1024
1 1024
2 1024
1 1024
2 1024
2 1024
0 61
0 243
2 1024
0 387
0 717
2 1024
3 1024
0 135
1 1024
2 1024
4 1024
0 19
0 172
1 1024
1 1024
0 18
1 1024
1 1024
1 1024
2 1024
0 33
2 1024
1 1024
0 31
1 1024
1 1024
0 118
0 29
2 1024
1 1024
0 313
1 1024
2 1024
3 1024
2 1024
1 1024
3 1024
1 1024
1 1024
1 1024
1 1024
1 1024
1 1024
2 1024
1 1024
2 1024
1 1024
1 1024
0 30
2 1024
0 41
1 1024
2 1024
1 1024
1 1024
1 1024
0 351
1 1024
3 1024
0 11
0 15
1 1024
2 1024
5 1024
0 53
2 1024
2 1024
1 1024
1 1024
1 1024
1 1024
0 154
5 1024
0 19
2 1024
1 1024
0 33
1 1024
2 1024
1 1024
2 1024
2 1024
2 1024
1 1024
2 1024
3 1024
2 1024
2 1024
2 1024
1 1024
0 8
1 1024
2 1024
1 1024
0 32
0 8
0 35
2 1024
2 1024
2 1024
1 1024
0 26
1 1024
1 1024
0 738
0 362
3 1024
1 1024
1 1024
2 1024
2 1024
0 64
2 1024
0 15
1 1024
1 1024
0 83
0 61
1 1024
2 1024
2 1024
2 1024
1 1024
1 1024
1 1024
3 1024
1 1024
4 1024
0 37
2 1024
2 1024
0 32
2 1024
1 1024
1 1024
1 1024
2 1024
1 1024
1 1024
2 1024
1 1024
2 1024
2 1024
1 1024
1 1024
1 1024
0 12
1 1024
3 1024
0 42
1 1024
2 1024
1 1024
1 1024
0 178
2 1024
1 1024
1 1024
2 1024
1 1024
2 1024
2 1024
0 15
1 1024
1 1024
2 1024
1 1024
0 24
1 1024
1 1024
1 1024
3 1024
3 1024
1 1024
1 1024
0 77
0 46
0 141
1 1024
1 1024
2 1024
0 40
2 1024
1 1024
1 1024
2 1024
0 15
1 1024
3 1024
2 1024
1 1024
2 1024
0 16
1 1024
1 1024
2 1024
1 1024
1 1024
1 1024
1 1024
1 1024
2 1024
3 1024
2 1024
1 1024
1 1024
1 1024
2 1024
0 58
1 1024
3 1024
1 1024
0 92
1 1024
3 1024
1 1024
1 1024
1 1024
2 1024
0 101
1 1024
2 1024
0 81
0 8
2 1024
0 40
2 1024
1 1024
2 1024
0 22
1 1024
0 143
0 228
1 1024
0 154
2 1024
0 378
2 1024
2 1024
0 56
1 1024
1 1024
1 1024
1 1024
2 1024
1 1024
3 1024
2 1024
1 1024
1 1024
1 1024
0 48
2 1024
0 36
0 44
1 1024
0 218
1 1024
2 1024
1 1024
1 1024
0 10
4 1024
1 1024
1 1024
1 1024
2 1024
0 118
2 1024
2 1024
1 1024
1 1024
0 93
2 1024
1 1024
1 1024
1 1024
1 1024
3 1024
2 1024
3 1024
2 1024
1 1024
1 1024
1 1024
1 1024
2 1024
2 1024
1 1024
1 1024
1 1024
2 1024
1 1024
2 1024
1 1024
2 1024
1 1024
3 1024
3 1024
0 132
0 111
0 166
0 8
1 1024
1 1024
2 1024
1 1024
1 1024
2 1024
1 1024
0 33
1 1024
1 1024
0 193
3 1024
0 208
1 1024
1 1024
0 118
1 1024
1 1024
0 89
0 14
0 35
2 1024
1 1024
2 1024
1 1024
1 1024
0 249
1 1024
0 198
2 1024
1 1024
3 1024
2 1024
1 1024
1 1024
2 1024
1 1024
2 1024
2 1024
1 1024
0 215
3 1024
1 1024
1 1024
1 1024
1 1024
0 71
1 1024
0 24
0 5
0 178
2 1024
2 1024
2 1024
2 1024
1 1024
0 293
2 1024
0 39
2 1024
4 1024
1 1024
2 1024
1 1024
3 1024
0 632
1 1024
1 1024
0 28
2 1024
1 1024
1 1024
1 1024
2 1024
1 1024
0 30
1 1024
1 1024
1 1024
1 1024
0 146
2 1024
1 1024
3 1024
1 1024
1 1024
3 1024
2 1024
1 1024
1 1024
1 1024
1 1024
2 1024
0 101
0 152
2 1024
2 1024
2 1024
3 1024
1 1024
0 212
1 1024
0 124
1 1024
0 17
4 1024
0 61
2 1024
0 73
1 1024
2 1024
2 1024
3 1024
0 50
1 1024
2 1024
2 1024
2 1024
3 1024
0 334
1 1024
0 203
2 1024
3 1024
3 1024
1 1024
0 54
1 1024
1 1024
0 265
1 1024
0 86
1 1024
2 1024
3 1024
0 64
0 161
3 1024
3 1024
1 1024
0 11
1 1024
0 147
0 10
1 1024
1 1024
0 814
2 1024
1 1024
0 6
0 36
1 1024
1 1024
0 452
1 1024
1 1024
1 1024
2 1024
3 1024
0 378
0 388
2 1024
3 1024
1 1024
2 1024
2 1024
1 1024
1 1024
3 1024
2 1024
1 1024
0 60
0 102
2 1024
1 1024
1 1024
1 1024
1 1024
3 1024
3 1024
3 1024
1 1024
1 1024
0 65
0 113
2 1024
1 1024
2 1024
3 1024
1 1024
1 1024
4 1024
3 1024
1 1024
1 1024
4 1024
1 1024
1 1024
1 1024
2 1024
0 830
3 1024
1 1024
2 1024
2 1024
0 28
1 1024
1 1024
1 1024
2 1024
2 1024
1 1024
0 36
1 1024
1 1024
0 28
0 11
1 1024
2 1024
2 1024
2 1024
2 1024
0 238
0 7
0 12
1 1024
0 32
1 1024
2 1024
2 1024
1 1024
1 1024
1 1024
1 1024
0 193
0 122
0 249
0 75
0 82
3 1024
1 1024
1 1024
2 1024
0 40
0 17
1 1024
0 579
0 46
0 46
0 53
1 1024
2 1024
0 23
0 80
2 1024
0 58
2 1024
1 1024
2 1024
0 386
0 13
2 1024
1 1024
0 174
2 1024
2 1024
2 1024
1 1024
2 1024
1 1024
0 171
1 1024
1 1024
1 1024
2 1024
1 1024
0 60
2 1024
2 1024
1 1024
0 116
1 1024
1 1024
3 1024
2 1024
2 1024
2 1024
3 1024
1 1024
2 1024
0 120
0 74
2 1024
1 1024
2 1024
0 30
2 1024
0 12
2 1024
1 1024
3 1024
1 1024
1 1024
1 1024
3 1024
1 1024
3 1024
1 1024
1 1024
1 1024
1 1024
1 1024
1 1024
0 52
1 1024
2 1024
1 1024
1 1024
3 1024
4 1024
0 17
1 1024
0 7
0 93
0 23
1 1024
1 1024
1 1024
1 1024
1 1024
2 1024
2 1024
1 1024
2 1024
1 1024
0 8
1 1024
3 1024
0 50
1 1024
1 1024
1 1024
1 1024
1 1024
2 1024
0 53
1 1024
1 1024
1 1024
2 1024
2 1024
1 1024
1 1024
1 1024
2 1024
0 17
1 1024
2 1024
1 1024
2 1024
1 1024
0 357
0 83
1 1024
2 1024
0 11
2 1024
0 62
2 1024
1 1024
1 1024
1 1024
1 1024
1 1024
1 1024
2 1024
1 1024
2 1024
3 1024
0 46
2 1024
1 1024
2 1024
1 1024
1 1024
0 828
1 1024
1 1024
1 1024
1 1024
1 1024
1 1024
1 1024
0 192
1 1024
0 12
0 31
0 172
0 51
1 1024
2 1024
3 1024
1 1024
2 1024
2 1024
3 1024
2 1024
1 1024
1 1024
1 1024
3 1024
1 1024
2 1024
2 1024
0 40
2 1024
2 1024
1 1024
1 1024
1 1024
4 1024
1 1024
2 1024
0 194
1 1024
3 1024
1 1024
1 1024
0 103
1 1024
2 1024
3 1024
1 1024
0 57
1 1024
2 1024
0 175
1 1024
1 1024
1 1024
1 1024
1 1024
0 44
1 1024
0 72
2 1024
0 926
0 59
2 1024
2 1024
2 1024
0 65
1 1024
1 1024
3 1024
1 1024
1 1024
1 1024
1 1024
0 23
2 1024
1 1024
1 1024
1 1024
0 145
1 1024
1 1024
2 1024
0 504
2 1024
3 1024
2 1024
0 95
3 1024
3 1024
1 1024
0 20
1 1024
1 1024
1 1024
3 1024
1 1024
1 1024
1 1024
1 1024
1 1024
0 294
2 1024
2 1024
3 1024
2 1024
3 1024
1 1024
0 91
2 1024
1 1024
0 306
1 1024
2 1024
0 48
2 1024
1 1024
2 1024
1 1024
1 1024
3 1024
2 1024
3 1024
2 1024
1 1024
2 1024
0 53
2 1024
1 1024
1 1024
1 1024
4 1024
2 1024
0 203
3 1024
0 7
3 1024
2 1024
0 69
0 54
1 1024
1 1024
1 1024
0 689
1 1024
1 1024
1 1024
1 1024
2 1024
3 1024
1 1024
1 1024
0 64
1 1024
3 1024
1 1024
0 12
0 27
0 15
0 311
1 1024
0 63
1 1024
2 1024
1 1024
1 1024
2 1024
0 52
1 1024
2 1024
2 1024
1 1024
2 1024
1 1024
1 1024
1 1024
1 1024
0 30
2 1024
1 1024
0 472
2 1024
0 58
2 1024
3 1024
1 1024
3 1024
1 1024
1 1024
1 1024
1 1024
2 1024
1 1024
1 1024
3 1024
1 1024
1 1024
0 97
3 1024
0 185
1 1024
1 1024
1 1024
2 1024
1 1024
2 1024
3 1024
0 619
0 85
3 1024
1 1024
2 1024
0 14
2 1024
0 55
1 1024
1 1024
2 1024
1 1024
1 1024
2 1024
1 1024
2 1024
1 1024
1 1024
2 1024
1 1024
1 1024
2 1024
1 1024
1 1024
0 15
2 1024
2 1024
2 1024
2 1024
3 1024
2 1024
0 41
2 1024
2 1024
1 1024
1 1024
0 13
3 1024
3 1024
1 1024
1 1024
1 1024
1 1024
2 1024
0 78
1 1024
0 10
1 1024
2 1024
0 13
3 1024
2 1024
1 1024
2 1024
2 1024
0 120
2 1024
0 26
2 1024
1 1024
0 39
3 1024
0 18
0 175
0 36
1 1024
1 1024
1 1024
2 1024
3 1024
1 1024
1 1024
2 1024
2 1024
0 204
2 1024
1 1024
1 1024
0 77
1 1024
1 1024
2 1024
1 1024
2 1024
0 18
3 1024
2 1024
1 1024
0 266
1 1024
0 280
1 1024
1 1024
1 1024
3 1024
1 1024
1 1024
3 1024
1 1024
0 334
4 1024
0 332
1 1024
1 1024
1 1024
2 1024
0 464
2 1024
1 1024
1 1024
2 1024
0 121
0 44
2 1024
0 8
2 1024
2 1024
2 1024
2 1024
1 1024
1 1024
2 1024
0 109
1 1024
1 1024
1 1024
2 1024
0 36
2 1024
1 1024
1 1024
0 56
1 1024
0 152
1 1024
2 1024
1 1024
2 1024
2 1024
0 9
0 60
3 1024
2 1024
1 1024
0 234
2 1024
1 1024
1 1024
1 1024
1 1024
1 1024
0 58
1 1024
4 1024
0 78
2 1024
2 1024
2 1024
1 1024
0 89
3 1024
1 1024
0 54
0 69
1 1024
1 1024
0 128
1 1024
0 27
0 214
1 1024
2 1024
2 1024
1 1024
0 38
0 61
1 1024
0 10
1 1024
0 65
2 1024
0 425
1 1024
2 1024
1 1024
1 1024
0 147
2 1024
1 1024
1 1024
1 1024
2 1024
1 1024
1 1024
1 1024
1 1024
0 53
1 1024
3 1024
1 1024
1 1024
2 1024
3 1024
1 1024
0 91
0 65
1 1024
1 1024
1 1024
2 1024
1 1024
0 177
3 1024
1 1024
0 502
0 355
2 1024
1 1024
1 1024
2 1024
1 1024
1 1024
2 1024
0 15
1 1024
3 1024
2 1024
1 1024
1 1024
0 818
2 1024
1 1024
2 1024
1 1024
0 10
2 1024
1 1024
1 1024
1 1024
0 44
1 1024
1 1024
2 1024
0 20
1 1024
3 1024
1 1024
2 1024
0 25
2 1024
2 1024
2 1024
1 1024
1 1024
1 1024
1 1024
1 1024
2 1024
1 1024
2 1024
0 280
3 1024
1 1024
0 423
0 19
0 13
0 205
0 181
0 14
2 1024
1 1024
1 1024
2 1024
1 1024
0 332
1 1024
0 26
1 1024
1 1024
0 27
1 1024
1 1024
1 1024
2 1024
0 985
1 1024
2 1024
0 124
1 1024
1 1024
1 1024
3 1024
2 1024
1 1024
1 1024
1 1024
3 1024
0 48
0 509
1 1024
0 16
1 1024
0 140
0 299
1 1024
2 1024
0 73
1 1024
4 1024
2 1024
0 55
0 32
0 38
1 1024
0 60
0 111
0 654
0 41
0 162
0 219
1 1024
2 1024
0 7
1 1024
1 1024
1 1024
2 1024
1 1024
0 13
2 1024
0 11
0 185
0 100
2 1024
2 1024
1 1024
1 1024
0 20
0 5
0 231
0 38
1 1024
2 1024
0 40
0 43
2 1024
0 67
2 1024
2 1024
2 1024
1 1024
1 1024
0 9
1 1024
2 1024
1 1024
2 1024
1 1024
0 92
1 1024
1 1024
3 1024
1 1024
1 1024
1 1024
1 1024
2 1024
2 1024
2 1024
2 1024
0 405
1 1024
0 88
2 1024
1 1024
1 1024
1 1024
2 1024
3 1024
1 1024
1 1024
1 1024
2 1024
1 1024
0 18
0 44
2 1024
2 1024
3 1024
2 1024
1 1024
2 1024
2 1024
1 1024
1 1024
1 1024
1 1024
1 1024
0 94
0 7
0 5
1 1024
2 1024
0 449
2 1024
2 1024
0 63
1 1024
1 1024
2 1024
1 1024
1 1024
0 35
1 1024
2 1024
1 1024
2 1024
1 1024
1 1024
0 16
2 1024
0 99
1 1024
1 1024
2 1024
0 114
2 1024
2 1024
1 1024
2 1024
1 1024
2 1024
2 1024
1 1024
3 1024
2 1024
0 81
3 1024
1 1024
3 1024
1 1024
0 96
1 1024
1 1024
1 1024
1 1024
2 1024
2 1024
1 1024
2 1024
2 1024
3 1024
0 8
0 147
1 1024
1 1024
2 1024
1 1024
2 1024
3 1024
0 11
1 1024
0 153
1 1024
1 1024
1 1024
1 1024
1 1024
3 1024
1 1024
1 1024
2 1024
1 1024
0 62
1 1024
2 1024
2 1024
3 1024
1 1024
1 1024
2 1024
3 1024
1 1024
0 631
3 1024
2 1024
1 1024
1 1024
2 1024
0 118
1 1024
1 1024
1 1024
2 1024
2 1024
1 1024
1 1024
2 1024
1 1024
1 1024
3 1024
2 1024
0 28
0 143
1 1024
0 77
1 1024
2 1024
1 1024
2 1024
0 67
1 1024
1 1024
1 1024
1 1024
0 12
1 1024
1 1024
0 21
1 1024
2 1024
1 1024
1 1024
2 1024
0 146
1 1024
1 1024
1 1024
1 1024
1 1024
2 1024
2 1024
1 1024
0 166
1 1024
1 1024
1 1024
0 78
1 1024
0 70
3 1024
0 177
2 1024
1 1024
1 1024
1 1024
0 52
1 1024
1 1024
2 1024
2 1024
1 1024
1 1024
0 10
2 1024
1 1024
0 13
3 1024
0 283
3 1024
1 1024
1 1024
2 1024
1 1024
0 157
0 351
3 1024
2 1024
1 1024
0 254
0 354
1 1024
1 1024
4 1024
2 1024
2 1024
0 827
2 1024
1 1024
1 1024
2 1024
2 1024
0 44
1 1024
1 1024
3 1024
2 1024
1 1024
1 1024
0 33
0 170
1 1024
0 12
1 1024
1 1024
0 28
3 1024
0 53
1 1024
0 25
0 189
2 1024
0 77
1 1024
2 1024
0 306
1 1024
1 1024
2 1024
1 1024
2 1024
1 1024
0 387
0 16
0 60
0 367
1 1024
1 1024
3 1024
1 1024
1 1024
2 1024
1 1024
3 1024
0 172
3 1024
3 1024
0 226
1 1024
3 1024
2 1024
2 1024
3 1024
2 1024
3 1024
1 1024
0 779
0 72
1 1024
0 32
1 1024
0 44
2 1024
0 52
1 1024
1 1024
0 61
1 1024
1 1024
1 1024
1 1024
2 1024
1 1024
0 218
3 1024
0 126
2 1024
0 101
1 1024
1 1024
2 1024
1 1024
3 1024
0 178
1 1024
1 1024
2 1024
2 1024
1 1024
1 1024
0 215
1 1024
2 1024
2 1024
1 1024
1 1024
0 18
1 1024
2 1024
0 63
1 1024
0 23
1 1024
1 1024
1 1024
3 1024
2 1024
1 1024
2 1024
2 1024
3 1024
1 1024
1 1024
2 1024
1 1024
0 201
1 1024
1 1024
1 1024
0 536
1 1024
3 1024
0 122
1 1024
1 1024
0 69
1 1024
1 1024
0 156
1 1024
2 1024
1 1024
1 1024
1 1024
2 1024
1 1024
1 1024
1 1024
2 1024
0 85
2 1024
1 1024
2 1024
1 1024
1 1024
2 1024
1 1024
0 23
1 1024
1 1024
3 1024
0 47
0 68
2 1024
2 1024
0 55
1 1024
2 1024
2 1024
1 1024
1 1024
0 103
0 212
1 1024
1 1024
1 1024
1 1024
1 1024
2 1024
1 1024
1 1024
1 1024
1 1024
1 1024
1 1024
0 28
1 1024
1 1024
3 1024
1 1024
0 10
1 1024
1 1024
2 1024
1 1024
1 1024
1 1024
2 1024
2 1024
1 1024
1 1024
0 104
1 1024
2 1024
0 203
0 375
1 1024
3 1024
1 1024
3 1024
2 1024
1 1024
1 1024
2 1024
1 1024
2 1024
1 1024
0 21
1 1024
1 1024
3 1024
2 1024
1 1024
2 1024
2 1024
1 1024
0 6
3 1024
2 1024
2 1024
2 1024
1 1024
2 1024
2 1024
2 1024
0 36
0 25
1 1024
2 1024
1 1024
1 1024
3 1024
2 1024
0 484
0 138
1 1024
1 1024
2 1024
2 1024
1 1024
0 17
2 1024
1 1024
0 77
2 1024
1 1024
0 38
0 25
1 1024
1 1024
0 271
2 1024
3 1024
0 206
1 1024
0 7
1 1024
1 1024
1 1024
1 1024
1 1024
0 87
1 1024
1 1024
1 1024
1 1024
2 1024
1 1024
2 1024
0 238
1 1024
1 1024
0 48
2 1024
0 33
0 327
0 36
1 1024
2 1024
3 1024
3 1024
1 1024
0 125
2 1024
3 1024
0 354
2 1024
0 30
1 1024
2 1024
3 1024
1 1024
1 1024
1 1024
0 225
1 1024
1 1024
1 1024
3 1024
3 1024
3 1024
1 1024
2 1024
1 1024
2 1024
2 1024
2 1024
2 1024
3 1024
1 1024
1 1024
1 1024
0 35
3 1024
3 1024
2 1024
2 1024
2 1024
1 1024
1 1024
3 1024
1 1024
2 1024
2 1024
0 7
1 1024
1 1024
1 1024
2 1024
1 1024
1 1024
1 1024
1 1024
1 1024
5 1024
1 1024
2 1024
1 1024
1 1024
0 163
2 1024
1 1024
2 1024
5 1024
4 1024
0 33
2 1024
1 1024
1 1024
2 1024
1 1024
2 1024
1 1024
0 313
2 1024
0 11
1 1024
1 1024
0 41
3 1024
3 1024
0 57
1 1024
1 1024
0 55
1 1024
1 1024
1 1024
1 1024
1 1024
1 1024
1 1024
1 1024
1 1024
2 1024
1 1024
3 1024
1 1024
2 1024
0 11
0 23
1 1024
2 1024
2 1024
0 18
0 432
1 1024
1 1024
2 1024
1 1024
2 1024
0 134
0 6
3 1024
1 1024
0 24
2 1024
2 1024
1 1024
0 208
0 153
0 82
3 1024
1 1024
2 1024
0 69
1 1024
2 1024
1 1024
1 1024
2 1024
0 122
1 1024
0 30
1 1024
1 1024
0 40
1 1024
1 1024
0 52
1 1024
1 1024
1 1024
1 1024
2 1024
1 1024
1 1024
1 1024
1 1024
3 1024
2 1024
1 1024
0 126
1 1024
0 185
1 1024
1 1024
2 1024
0 205
1 1024
1 1024
0 602
1 1024
2 1024
1 1024
1 1024
0 99
0 31
1 1024
0 95
2 1024
2 1024
2 1024
3 1024
0 82
1 1024
1 1024
0 408
1 1024
0 154
1 1024
1 1024
0 8
1 1024
2 1024
1 1024
1 1024
0 9
1 1024
1 1024
0 300
2 1024
0 131
2 1024
1 1024
3 1024
1 1024
0 10
2 1024
1 1024
2 1024
2 1024
1 1024
2 1024
2 1024
2 1024
1 1024
1 1024
4 1024
2 1024
2 1024
0 20
0 150
1 1024
1 1024
0 26
2 1024
2 1024
3 1024
1 1024
1 1024
2 1024
3 1024
1 1024
3 1024
2 1024
0 120
1 1024
0 37
1 1024
2 1024
2 1024
2 1024
1 1024
3 1024
2 1024
0 68
1 1024
1 1024
2 1024
0 52
0 12
1 1024
3 1024
2 1024
2 1024
1 1024
1 1024
0 131
0 260
3 1024
1 1024
0 50
0 451
4 1024
1 1024
1 1024
2 1024
0 57
1 1024
1 1024
0 67
2 1024
0 14
0 199
0 223
1 1024
1 1024
1 1024
1 1024
0 8
3 1024
1 1024
3 1024
1 1024
0 379
2 1024
3 1024
0 34
2 1024
2 1024
2 1024
2 1024
1 1024
1 1024
1 1024
1 1024
2 1024
0 135
1 1024
2 1024
2 1024
1 1024
1 1024
1 1024
1 1024
1 1024
2 1024
0 199
2 1024
0 164
0 429
3 1024
0 53
2 1024
0 46
1 1024
2 1024
1 1024
0 19
2 1024
1 1024
1 1024
2 1024
1 1024
1 1024
1 1024
0 52
1 1024
2 1024
0 325
2 1024
0 214
2 1024
0 83
0 26
1 1024
1 1024
2 1024
0 14
0 242
2 1024
2 1024
1 1024
1 1024
2 1024
0 240
1 1024
1 1024
1 1024
2 1024
1 1024
2 1024
0 61
2 1024
1 1024
1 1024
1 1024
1 1024
2 1024
1 1024
1 1024
1 1024
0 144
1 1024
1 1024
2 1024
1 1024
0 27
0 7
0 104
2 1024
1 1024
1 1024
0 27
1 1024
1 1024
1 1024
2 1024
1 1024
2 1024
1 1024
1 1024
1 1024
0 22
1 1024
1 1024
1 1024
0 20
0 320
0 59
1 1024
1 1024
1 1024
1 1024
2 1024
3 1024
4 1024
0 142
1 1024
1 1024
1 1024
1 1024
3 1024
1 1024
1 1024
1 1024
1 1024
0 30
1 1024
0 139
2 1024
2 1024
1 1024
3 1024
2 1024
1 1024
3 1024
0 15
0 17
1 1024
1 1024
1 1024
0 137
0 44
1 1024
1 1024
1 1024
0 74
0 396
3 1024
1 1024
0 47
2 1024
1 1024
0 80
2 1024
2 1024
0 65
1 1024
1 1024
1 1024
2 1024
2 1024
0 141
1 1024
1 1024
1 1024
1 1024
1 1024
1 1024
2 1024
0 27
2 1024
1 1024
0 303
0 93
2 1024
0 241
1 1024
2 1024
3 1024
1 1024
2 1024
0 103
1 1024
0 249
2 1024
0 36
0 18
1 1024
2 1024
1 1024
1 1024
2 1024
1 1024
2 1024
0 61
1 1024
2 1024
1 1024
2 1024
1 1024
0 124
1 1024
0 127
2 1024
0 10
0 105
0 32
1 1024
1 1024
3 1024
0 468
0 109
2 1024
0 344
3 1024
0 201
3 1024
1 1024
2 1024
0 12
2 1024
1 1024
2 1024
0 524
1 1024
1 1024
0 82
1 1024
0 351
0 113
1 1024
1 1024
1 1024
0 186
1 1024
0 14
2 1024
1 1024
0 6
1 1024
2 1024
1 1024
0 29
0 83
1 1024
2 1024
3 1024
0 11
0 14
3 1024
1 1024
0 140
0 516
2 1024
1 1024
1 1024
0 390
1 1024
2 1024
1 1024
1 1024
1 1024
1 1024
0 252
1 1024
1 1024
1 1024
0 375
2 1024
1 1024
1 1024
0 296
0 23
2 1024
1 1024
2 1024
1 1024
0 13
0 73
3 1024
1 1024
0 48
0 36
0 346
1 1024
1 1024
1 1024
1 1024
0 34
0 37
4 1024
3 1024
1 1024
1 1024
3 1024
0 139
0 101
2 1024
1 1024
1 1024
0 34
2 1024
1 1024
2 1024
4 1024
1 1024
1 1024
3 1024
1 1024
1 1024
1 1024
1 1024
0 388
1 1024
0 21
3 1024
1 1024
1 1024
3 1024
1 1024
1 1024
3 1024
3 1024
1 1024
1 1024
2 1024
1 1024
3 1024
1 1024
2 1024
2 1024
0 303
2 1024
2 1024
2 1024
2 1024
0 11
2 1024
3 1024
2 1024
2 1024
2 1024
2 1024
1 1024
0 417
1 1024
2 1024
0 5
1 1024
0 19
2 1024
1 1024
1 1024
2 1024
2 1024
0 28
0 199
1 1024
2 1024
1 1024
0 7
1 1024
0 28
2 1024
2 1024
3 1024
1 1024
1 1024
1 1024
1 1024
1 1024
3 1024
2 1024
0 77
1 1024
3 1024
0 24
0 19
1 1024
0 33
0 15
1 1024
1 1024
0 66
1 1024
1 1024
0 49
2 1024
2 1024
0 298
0 56
2 1024
2 1024
0 79
0 32
1 1024
4 1024
0 68
2 1024
2 1024
2 1024
0 196
2 1024
2 1024
1 1024
1 1024
1 1024
0 58
1 1024
1 1024
1 1024
1 1024
1 1024
1 1024
1 1024
1 1024
1 1024
1 1024
0 181
2 1024
2 1024
3 1024
1 1024
0 170
0 195
1 1024
2 1024
1 1024
0 127
0 12
1 1024
1 1024
2 1024
1 1024
1 1024
1 1024
0 29
2 1024
2 1024
1 1024
1 1024
2 1024
3 1024
1 1024
0 262
0 27
2 1024
2 1024
1 1024
4 1024
1 1024
0 25
1 1024
0 14
2 1024
0 30
2 1024
1 1024
0 214
0 82
2 1024
1 1024
1 1024
1 1024
1 1024
2 1024
2 1024
1 1024
3 1024
0 26
0 19
1 1024
2 1024
2 1024
3 1024
1 1024
2 1024
2 1024
0 40
3 1024
0 59
0 49
1 1024
1 1024
0 13
0 170
2 1024
1 1024
3 1024
1 1024
1 1024
0 4
0 33
0 125
2 1024
1 1024
1 1024
2 1024
1 1024
1 1024
1 1024
0 60
3 1024
0 22
1 1024
1 1024
0 261
1 1024
0 30
1 1024
2 1024
3 1024
1 1024
3 1024
2 1024
0 30
1 1024
1 1024
0 204
0 220
2 1024
0 68
3 1024
2 1024
0 94
1 1024
3 1024
2 1024
1 1024
3 1024
2 1024
0 230
1 1024
2 1024
3 1024
3 1024
0 92
2 1024
1 1024
1 1024
2 1024
2 1024
2 1024
2 1024
2 1024
2 1024
1 1024
2 1024
0 110
3 1024
1 1024
0 65
2 1024
0 35
0 98
2 1024
0 52
0 15
0 634
2 1024
0 27
3 1024
0 10
2 1024
2 1024
2 1024
0 259
0 31
0 948
1 1024
1 1024
1 1024
1 1024
2 1024
2 1024
2 1024
1 1024
0 85
3 1024
0 231
0 90
1 1024
1 1024
1 1024
1 1024
1 1024
1 1024
2 1024
0 45
1 1024
1 1024
2 1024
1 1024
3 1024
1 1024
2 1024
1 1024
2 1024
2 1024
1 1024
2 1024
0 142
1 1024
1 1024
0 17
3 1024
1 1024
1 1024
1 1024
1 1024
1 1024
1 1024
2 1024
1 1024
2 1024
0 240
1 1024
2 1024
1 1024
1 1024
2 1024
1 1024
1 1024
0 64
0 33
0 153
1 1024
1 1024
3 1024
1 1024
1 1024
1 1024
5 1024
2 1024
2 1024
2 1024
0 197
0 25
1 1024
1 1024
1 1024
1 1024
1 1024
2 1024
0 106
1 1024
1 1024
0 109
1 1024
2 1024
1 1024
0 15
3 1024
1 1024
1 1024
1 1024
3 1024
1 1024
2 1024
0 25
2 1024
1 1024
1 1024
1 1024
2 1024
4 1024
0 44
1 1024
1 1024
0 5
3 1024
1 1024
1 1024
1 1024
2 1024
1 1024
1 1024
2 1024
1 1024
1 1024
2 1024
0 15
2 1024
1 1024
3 1024
1 1024
1 1024
2 1024
0 46
1 1024
2 1024
1 1024
1 1024
0 10
1 1024
2 1024
1 1024
1 1024
0 147
2 1024
2 1024
1 1024
1 1024
0 247
0 73
1 1024
0 95
2 1024
0 151
4 1024
0 12
1 1024
1 1024
1 1024
1 1024
1 1024
1 1024
2 1024
0 293
1 1024
1 1024
1 1024
2 1024
0 6
0 30
2 1024
2 1024
3 1024
1 1024
0 12
1 1024
0 35
1 1024
1 1024
0 10
1 1024
2 1024
1 1024
1 1024
0 77
1 1024
1 1024
2 1024
1 1024
2 1024
1 1024
1 1024
1 1024
2 1024
1 1024
1 1024
1 1024
1 1024
2 1024
0 37
1 1024
1 1024
3 1024
2 1024
0 157
1 1024
3 1024
2 1024
1 1024
1 1024
1 1024
0 31
1 1024
2 1024
3 1024
1 1024
1 1024
0 85
1 1024
1 1024
0 386
1 1024
1 1024
0 73
3 1024
1 1024
3 1024
2 1024
2 1024
4 1024
1 1024
2 1024
0 44
2 1024
2 1024
1 1024
0 36
1 1024
1 1024
1 1024
0 218
1 1024
1 1024
0 250
0 8
0 6
0 175
1 1024
1 1024
3 1024
1 1024
1 1024
0 843
2 1024
1 1024
0 165
1 1024
1 1024
0 58
1 1024
2 1024
2 1024
1 1024
0 38
1 1024
2 1024
0 176
0 348
0 42
2 1024
2 1024
1 1024
0 67
2 1024
1 1024
0 201
1 1024
0 30
1 1024
1 1024
1 1024
0 250
2 1024
2 1024
1 1024
0 155
1 1024
3 1024
1 1024
3 1024
0 121
1 1024
1 1024
1 1024
0 13
2 1024
0 324
1 1024
1 1024
2 1024
1 1024
0 72
1 1024
1 1024
1 1024
1 1024
1 1024
1 1024
1 1024
2 1024
0 219
1 1024
3 1024
1 1024
1 1024
1 1024
2 1024
1 1024
2 1024
1 1024
1 1024
0 91
0 41
1 1024
1 1024
1 1024
0 6
0 95
2 1024
0 12
1 1024
1 1024
2 1024
2 1024
0 219
2 1024
0 83
0 51
1 1024
1 1024
2 1024
1 1024
1 1024
0 22
0 37
1 1024
1 1024
0 19
1 1024
1 1024
0 21
2 1024
2 1024
1 1024
2 1024
2 1024
0 81
1 1024
2 1024
0 37
0 36
1 1024
1 1024
1 1024
2 1024
1 1024
1 1024
2 1024
1 1024
4 1024
3 1024
1 1024
1 1024
1 1024
2 1024
3 1024
0 79
1 1024
1 1024
1 1024
1 1024
2 1024
2 1024
2 1024
2 1024
2 1024
1 1024
1 1024
2 1024
1 1024
1 1024
1 1024
1 1024
1 1024
1 1024
2 1024
1 1024
1 1024
4 1024
0 89
1 1024
0 111
1 1024
2 1024
1 1024
1 1024
1 1024
1 1024
1 1024
1 1024
0 23
2 1024
2 1024
0 104
5 1024
2 1024
1 1024
3 1024
2 1024
3 1024
1 1024
3 1024
1 1024
2 1024
1 1024
2 1024
2 1024
0 225
1 1024
1 1024
2 1024
1 1024
1 1024
1 1024
2 1024
1 1024
3 1024
1 1024
0 36
0 74
1 1024
1 1024
1 1024
2 1024
0 90
1 1024
0 510
1 1024
1 1024
1 1024
1 1024
0 34
0 72
1 1024
2 1024
3 1024
1 1024
2 1024
3 1024
0 144
2 1024
1 1024
0 21
0 42
2 1024
1 1024
1 1024
1 1024
1 1024
1 1024
1 1024
2 1024
1 1024
1 1024
0 19
2 1024
2 1024
1 1024
0 144
1 1024
2 1024
2 1024
1 1024
2 1024
1 1024
2 1024
2 1024
0 30
1 1024
1 1024
1 1024
3 1024
1 1024
0 27
0 65
1 1024
1 1024
1 1024
2 1024
2 1024
4 1024
0 197
1 1024
1 1024
0 135
1 1024
1 1024
1 1024
0 186
1 1024
2 1024
1 1024
1 1024
1 1024
1 1024
2 1024
0 242
1 1024
1 1024
2 1024
1 1024
2 1024
1 1024
1 1024
1 1024
2 1024
1 1024
1 1024
2 1024
2 1024
1 1024
1 1024
2 1024
2 1024
0 229
2 1024
2 1024
1 1024
0 207
2 1024
1 1024
1 1024
1 1024
2 1024
0 23
2 1024
2 1024
2 1024
1 1024
1 1024
0 195
1 1024
0 210
0 190
0 30
3 1024
1 1024
1 1024
2 1024
2 1024
1 1024
1 1024
3 1024
1 1024
1 1024
2 1024
1 1024
3 1024
2 1024
1 1024
2 1024
1 1024
2 1024
1 1024
1 1024
2 1024
2 1024
2 1024
1 1024
0 173
0 7
3 1024
1 1024
2 1024
1 1024
1 1024
2 1024
2 1024
2 1024
2 1024
4 1024
2 1024
0 128
2 1024
1 1024
0 180
1 1024
4 1024
0 798
2 1024
1 1024
3 1024
2 1024
3 1024
0 359
2 1024
2 1024
3 1024
1 1024
2 1024
0 30
0 129
2 1024
2 1024
0 81
2 1024
1 1024
1 1024
1 1024
1 1024
0 15
2 1024
3 1024
1 1024
1 1024
1 1024
2 1024
2 1024
2 1024
1 1024
1 1024
2 1024
0 71
0 14
0 92
1 1024
1 1024
2 1024
1 1024
0 17
0 44
2 1024
1 1024
0 79
2 1024
2 1024
1 1024
0 7
1 1024
1 1024
2 1024
1 1024
2 1024
2 1024
0 60
2 1024
1 1024
0 140
0 68
1 1024
3 1024
2 1024
0 55
0 196
2 1024
2 1024
1 1024
1 1024
0 28
2 1024
1 1024
1 1024
1 1024
1 1024
0 116
1 1024
0 173
1 1024
1 1024
0 61
4 1024
1 1024
2 1024
1 1024
1 1024
0 599
1 1024
1 1024
0 93
1 1024
1 1024
0 114
0 12
1 1024
1 1024
0 18
1 1024
1 1024
1 1024
2 1024
1 1024
2 1024
2 1024
3 1024
0 468
1 1024
0 199
2 1024
0 360
1 1024
1 1024
2 1024
0 64
2 1024
0 88
1 1024
1 1024
1 1024
0 76
1 1024
1 1024
0 128
1 1024
1 1024
1 1024
2 1024
1 1024
0 158
0 92
3 1024
1 1024
1 1024
0 113
2 1024
2 1024
2 1024
1 1024
2 1024
0 51
0 69
1 1024
2 1024
0 8
1 1024
1 1024
1 1024
1 1024
0 62
1 1024
1 1024
1 1024
2 1024
2 1024
0 165
1 1024
2 1024
0 41
2 1024
1 1024
0 705
0 168
1 1024
1 1024
2 1024
3 1024
0 28
2 1024
2 1024
1 1024
1 1024
1 1024
1 1024
2 1024
1 1024
0 811
1 1024
1 1024
2 1024
1 1024
1 1024
0 432
1 1024
0 73
0 53
2 1024
1 1024
2 1024
2 1024
2 1024
0 180
1 1024
1 1024
0 44
2 1024
1 1024
2 1024
0 448
2 1024
1 1024
3 1024
2 1024
2 1024
2 1024
3 1024
2 1024
1 1024
0 259
0 23
2 1024
2 1024
0 49
0 34
2 1024
1 1024
0 37
2 1024
2 1024
1 1024
0 372
3 1024
1 1024
3 1024
1 1024
1 1024
1 1024
1 1024
1 1024
1 1024
2 1024
2 1024
0 6
1 1024
0 14
1 1024
1 1024
2 1024
1 1024
2 1024
2 1024
1 1024
1 1024
1 1024
1 1024
0 170
2 1024
1 1024
0 18
1 1024
1 1024
1 1024
1 1024
0 70
1 1024
0 203
1 1024
0 329
1 1024
0 392
1 1024
1 1024
3 1024
0 203
0 53
1 1024
2 1024
2 1024
3 1024
1 1024
0 23
1 1024
1 1024
2 1024
0 324
0 11
2 1024
3 1024
2 1024
0 10
1 1024
1 1024
3 1024
0 14
0 10
2 1024
2 1024
0 65
1 1024
1 1024
2 1024
1 1024
0 45
2 1024
2 1024
2 1024
1 1024
2 1024
2 1024
1 1024
0 221
1 1024
1 1024
0 308
1 1024
1 1024
1 1024
2 1024
0 34
2 1024
1 1024
1 1024
0 60
0 190
3 1024
1 1024
1 1024
1 1024
1 1024
1 1024
1 1024
1 1024
3 1024
1 1024
1 1024
2 1024
0 111
1 1024
2 1024
1 1024
1 1024
0 75
0 10
2 1024
1 1024
2 1024
0 117
1 1024
1 1024
1 1024
3 1024
1 1024
0 82
1 1024
2 1024
1 1024
1 1024
4 1024
0 485
0 34
2 1024
0 246
1 1024
2 1024
1 1024
1 1024
3 1024
1 1024
2 1024
1 1024
0 730
0 259
0 91
1 1024
1 1024
2 1024
3 1024
0 31
0 484
1 1024
2 1024
2 1024
1 1024
4 1024
2 1024
0 342
2 1024
1 1024
1 1024
0 32
1 1024
2 1024
2 1024
2 1024
0 123
0 52
1 1024
0 84
0 263
2 1024
1 1024
1 1024
1 1024
1 1024
1 1024
1 1024
2 1024
2 1024
0 584
3 1024
0 455
1 1024
0 85
1 1024
1 1024
1 1024
1 1024
2 1024
0 73
1 1024
1 1024
3 1024
2 1024
1 1024
1 1024
1 1024
1 1024
2 1024
1 1024
0 37
1 1024
0 356
0 8
0 42
3 1024
1 1024
1 1024
2 1024
3 1024
1 1024
0 103
2 1024
1 1024
1 1024
1 1024
4 1024
1 1024
1 1024
2 1024
1 1024
0 9
0 54
0 32
1 1024
1 1024
1 1024
2 1024
1 1024
1 1024
2 1024
0 8
0 7
1 1024
1 1024
1 1024
1 1024
1 1024
1 1024
1 1024
1 1024
0 113
2 1024
0 25
1 1024
1 1024
1 1024
3 1024
1 1024
2 1024
2 1024
0 51
0 121
0 11
1 1024
2 1024
1 1024
1 1024
0 143
3 1024
1 1024
1 1024
2 1024
0 59
1 1024
1 1024
1 1024
2 1024
2 1024
0 39
2 1024
1 1024
1 1024
1 1024
1 1024
2 1024
3 1024
1 1024
0 37
3 1024
0 17
1 1024
0 484
1 1024
1 1024
1 1024
1 1024
1 1024
0 18
0 37
1 1024
1 1024
0 215
1 1024
1 1024
1 1024
2 1024
2 1024
3 1024
1 1024
1 1024
2 1024
1 1024
0 58
0 387
1 1024
0 50
0 31
2 1024
0 11
1 1024
3 1024
1 1024
1 1024
1 1024
1 1024
2 1024
0 57
1 1024
1 1024
2 1024
0 17
2 1024
3 1024
0 15
0 17
1 1024
1 1024
0 343
1 1024
3 1024
1 1024
1 1024
0 18
1 1024
2 1024
2 1024
0 154
1 1024
1 1024
0 345
3 1024
2 1024
2 1024
1 1024
2 1024
3 1024
1 1024
2 1024
1 1024
2 1024
0 61
3 1024
2 1024
0 79
2 1024
1 1024
2 1024
1 1024
2 1024
4 1024
1 1024
1 1024
2 1024
2 1024
0 83
1 1024
1 1024
2 1024
0 9
1 1024
0 30
0 65
1 1024
2 1024
2 1024
0 19
2 1024
2 1024
3 1024
1 1024
1 1024
1 1024
0 63
0 25
1 1024
3 1024
1 1024
1 1024
3 1024
1 1024
0 521
1 1024
1 1024
1 1024
0 61
1 1024
2 1024
2 1024
2 1024
1 1024
0 44
1 1024
0 49
0 12
2 1024
0 45
2 1024
3 1024
3 1024
1 1024
1 1024
3 1024
1 1024
0 148
1 1024
3 1024
0 12
1 1024
0 10
2 1024
1 1024
1 1024
1 1024
0 9
1 1024
1 1024
2 1024
1 1024
1 1024
2 1024
1 1024
0 199
2 1024
4 1024
2 1024
2 1024
1 1024
1 1024
0 22
1 1024
2 1024
1 1024
1 1024
1 1024
1 1024
2 1024
3 1024
2 1024
1 1024
1 1024
2 1024
2 1024
0 30
2 1024
1 1024
1 1024
2 1024
2 1024
0 73
1 1024
1 1024
0 28
1 1024
1 1024
2 1024
1 1024
0 39
2 1024
1 1024
1 1024
1 1024
2 1024
2 1024
2 1024
2 1024
0 53
1 1024
1 1024
2 1024
1 1024
2 1024
1 1024
1 1024
0 139
3 1024
0 167
0 78
1 1024
3 1024
2 1024
0 409
1 1024
0 32
1 1024
1 1024
0 61
1 1024
1 1024
1 1024
1 1024
2 1024
2 1024
0 30
0 109
1 1024
1 1024
1 1024
1 1024
0 177
1 1024
1 1024
3 1024
2 1024
1 1024
1 1024
1 1024
2 1024
0 15
1 1024
2 1024
0 21
0 344
0 47
0 130
0 10
3 1024
0 54
1 1024
2 1024
0 237
1 1024
3 1024
0 101
0 65
1 1024
2 1024
4 1024
0 42
1 1024
1 1024
0 125
2 1024
2 1024
2 1024
1 1024
0 200
1 1024
0 204
2 1024
0 8
0 248
1 1024
2 1024
0 62
2 1024
1 1024
4 1024
0 8
1 1024
3 1024
0 40
1 1024
1 1024
1 1024
2 1024
2 1024
1 1024
2 1024
1 1024
1 1024
2 1024
1 1024
1 1024
1 1024
0 96
1 1024
0 29
1 1024
0 311
0 100
1 1024
0 23
3 1024
3 1024
1 1024
0 26
0 54
2 1024
3 1024
1 1024
0 158
0 154
3 1024
0 25
1 1024
0 49
1 1024
0 386
0 724
0 207
0 256
1 1024
0 41
1 1024
0 156
2 1024
0 167
1 1024
2 1024
0 107
1 1024
1 1024
2 1024
2 1024
0 42
1 1024
1 1024
1 1024
2 1024
2 1024
1 1024
1 1024
0 14
3 1024
0 28
3 1024
0 142
2 1024
1 1024
0 217
3 1024
2 1024
0 13
0 85
2 1024
1 1024
1 1024
3 1024
2 1024
1 1024
2 1024
0 6
0 53
1 1024
1 1024
3 1024
2 1024
0 34
1 1024
0 97
1 1024
1 1024
1 1024
2 1024
1 1024
1 1024
1 1024
4 1024
2 1024
2 1024
1 1024
0 127
0 97
0 28
1 1024
1 1024
1 1024
1 1024
1 1024
0 11
0 20
0 7
0 34
0 13
1 1024
1 1024
2 1024
0 67
2 1024
1 1024
2 1024
2 1024
1 1024
1 1024
2 1024
0 225
3 1024
2 1024
0 200
2 1024
0 22
0 303
0 15
0 208
0 48
1 1024
0 11
1 1024
0 9
0 136
0 42
1 1024
2 1024
2 1024
0 677
1 1024
0 51
0 103
1 1024
1 1024
1 1024
1 1024
1 1024
1 1024
2 1024
0 8
1 1024
0 259
1 1024
2 1024
0 5
1 1024
1 1024
1 1024
4 1024
0 14
1 1024
2 1024
2 1024
2 1024
2 1024
1 1024
3 1024
1 1024
1 1024
1 1024
2 1024
2 1024
2 1024
0 253
1 1024
2 1024
1 1024
0 8
2 1024
3 1024
1 1024
0 12
1 1024
1 1024
0 29
4 1024
1 1024
1 1024
1 1024
0 38
2 1024
2 1024
2 1024
1 1024
1 1024
2 1024
1 1024
2 1024
1 1024
2 1024
1 1024
0 568
1 1024
1 1024
0 212
1 1024
1 1024
1 1024
0 81
2 1024
1 1024
2 1024
3 1024
1 1024
0 53
3 1024
0 68
1 1024
2 1024
3 1024
0 5
1 1024
1 1024
2 1024
2 1024
0 101
0 12
2 1024
0 45
1 1024
1 1024
1 1024
0 88
1 1024
0 4
2 1024
2 1024
0 8
1 1024
0 14
1 1024
1 1024
4 1024
2 1024
2 1024
3 1024
1 1024
0 313
2 1024
2 1024
2 1024
2 1024
3 1024
1 1024
1 1024
1 1024
2 1024
0 228
2 1024
1 1024
1 1024
2 1024
1 1024
2 1024
3 1024
0 148
2 1024
2 1024
0 813
2 1024
1 1024
0 71
0 42
2 1024
1 1024
2 1024
0 858
0 97
3 1024
0 128
2 1024
2 1024
2 1024
0 11
2 1024
2 1024
1 1024
0 12
1 1024
2 1024
1 1024
0 48
0 30
1 1024
1 1024
2 1024
1 1024
0 286
0 66
2 1024
1 1024
0 31
2 1024
1 1024
3 1024
0 39
1 1024
0 57
1 1024
1 1024
2 1024
0 37
0 19
1 1024
2 1024
3 1024
1 1024
1 1024
2 1024
2 1024
0 23
1 1024
1 1024
0 69
2 1024
1 1024
3 1024
1 1024
2 1024
2 1024
0 78
2 1024
1 1024
2 1024
1 1024
2 1024
1 1024
1 1024
2 1024
3 1024
2 1024
2 1024
1 1024
1 1024
2 1024
2 1024
0 55
1 1024
0 41
0 58
1 1024
2 1024
3 1024
0 59
0 531
1 1024
0 35
1 1024
2 1024
0 399
1 1024
0 90
1 1024
1 1024
2 1024
1 1024
1 1024
4 1024
3 1024
1 1024
1 1024
1 1024
1 1024
3 1024
1 1024
1 1024
2 1024
1 1024
0 11
2 1024
2 1024
2 1024
0 25
1 1024
4 1024
0 220
2 1024
0 180
0 154
0 117
0 82
2 1024
2 1024
0 35
1 1024
2 1024
0 206
2 1024
0 134
1 1024
0 33
1 1024
0 134
0 136
2 1024
1 1024
1 1024
4 1024
0 418
0 66
1 1024
2 1024
1 1024
1 1024
1 1024
2 1024
1 1024
2 1024
1 1024
1 1024
1 1024
1 1024
2 1024
3 1024
1 1024
1 1024
0 126
1 1024
1 1024
0 121
1 1024
0 83
1 1024
1 1024
1 1024
2 1024
2 1024
2 1024
1 1024
1 1024
1 1024
2 1024
2 1024
2 1024
2 1024
1 1024
0 89
2 1024
3 1024
1 1024
1 1024
2 1024
1 1024
0 173
1 1024
0 67
1 1024
2 1024
0 542
0 53
0 52
0 195
1 1024
1 1024
1 1024
0 377
1 1024
1 1024
3 1024
1 1024
0 72
3 1024
2 1024
2 1024
0 123
2 1024
2 1024
0 65
1 1024
1 1024
0 125
1 1024
0 145
2 1024
1 1024
1 1024
1 1024
1 1024
4 1024
1 1024
0 17
2 1024
2 1024
1 1024
1 1024
0 15
2 1024
2 1024
0 162
1 1024
1 1024
1 1024
0 88
0 39
2 1024
0 262
0 87
2 1024
1 1024
1 1024
0 102
2 1024
0 78
1 1024
0 44
1 1024
1 1024
3 1024
0 123
1 1024
0 25
1 1024
1 1024
1 1024
3 1024
2 1024
3 1024
1 1024
1 1024
1 1024
1 1024
1 1024
1 1024
0 174
0 71
2 1024
1 1024
1 1024
2 1024
1 1024
3 1024
3 1024
2 1024
1 1024
0 22
0 142
2 1024
1 1024
1 1024
1 1024
4 1024
1 1024
2 1024
1 1024
2 1024
2 1024
0 211
2 1024
2 1024
1 1024
1 1024
1 1024
0 237
3 1024
0 8
1 1024
1 1024
1 1024
1 1024
0 414
1 1024
2 1024
0 24
2 1024
0 174
0 48
1 1024
0 67
2 1024
2 1024
1 1024
0 39
0 21
1 1024
2 1024
1 1024
1 1024
2 1024
1 1024
1 1024
4 1024
2 1024
2 1024
0 78
2 1024
1 1024
0 67
0 71
0 44
1 1024
1 1024
1 1024
1 1024
1 1024
1 1024
1 1024
1 1024
5 1024
3 1024
0 216
1 1024
1 1024
1 1024
0 451
1 1024
3 1024
3 1024
2 1024
2 1024
1 1024
2 1024
1 1024
1 1024
2 1024
3 1024
2 1024
1 1024
1 1024
2 1024
1 1024
3 1024
2 1024
3 1024
2 1024
1 1024
3 1024
1 1024
1 1024
1 1024
0 130
1 1024
1 1024
1 1024
1 1024
2 1024
1 1024
1 1024
0 6
1 1024
0 5
1 1024
0 6
0 69
0 128
1 1024
1 1024
0 32
2 1024
0 36
2 1024
0 47
0 87
1 1024
1 1024
1 1024
1 1024
3 1024
4 1024
0 47
2 1024
1 1024
1 1024
0 21
1 1024
3 1024
3 1024
1 1024
0 64
1 1024
0 21
2 1024
1 1024
1 1024
2 1024
0 87
0 350
1 1024
1 1024
2 1024
2 1024
0 55
1 1024
0 24
1 1024
0 101
2 1024
2 1024
1 1024
1 1024
2 1024
1 1024
0 344
0 21
1 1024
0 76
2 1024
0 111
2 1024
2 1024
0 41
2 1024
0 102
1 1024
0 246
2 1024
0 59
0 10
2 1024
0 81
0 30
1 1024
1 1024
3 1024
1 1024
3 1024
1 1024
1 1024
2 1024
2 1024
1 1024
2 1024
0 160
1 1024
2 1024
1 1024
1 1024
2 1024
1 1024
1 1024
1 1024
1 1024
1 1024
1 1024
0 277
1 1024
1 1024
0 384
2 1024
1 1024
3 1024
3 1024
1 1024
2 1024
0 302
1 1024
2 1024
2 1024
3 1024
1 1024
2 1024
1 1024
4 1024
2 1024
2 1024
1 1024
3 1024
2 1024
1 1024
3 1024
3 1024
1 1024
1 1024
3 1024
1 1024
2 1024
1 1024
2 1024
1 1024
0 44
1 1024
2 1024
1 1024
0 176
2 1024
1 1024
1 1024
1 1024
2 1024
2 1024
0 418
1 1024
2 1024
0 197
2 1024
0 116
0 56
2 1024
2 1024
1 1024
2 1024
1 1024
2 1024
2 1024
1 1024
0 27
1 1024
2 1024
1 1024
1 1024
1 1024
1 1024
1 1024
1 1024
0 78
1 1024
0 131
0 47
1 1024
0 32
0 722
2 1024
2 1024
1 1024
1 1024
1 1024
1 1024
0 152
2 1024
1 1024
0 9
1 1024
0 372
2 1024
1 1024
0 30
2 1024
0 190
1 1024
2 1024
0 99
2 1024
0 17
1 1024
1 1024
0 192
2 1024
2 1024
1 1024
1 1024
2 1024
1 1024
1 1024
3 1024
0 48
0 13
1 1024
1 1024
0 7
1 1024
2 1024
1 1024
1 1024
0 379
1 1024
1 1024
2 1024
1 1024
1 1024
0 240
0 102
3 1024
1 1024
3 1024
0 182
0 109
1 1024
1 1024
2 1024
1 1024
0 146
0 183
2 1024
1 1024
0 228
1 1024
1 1024
3 1024
1 1024
1 1024
1 1024
2 1024
1 1024
2 1024
2 1024
2 1024
0 12
1 1024
3 1024
1 1024
3 1024
1 1024
2 1024
2 1024
1 1024
0 295
0 105
2 1024
0 233
0 31
2 1024
0 133
1 1024
2 1024
0 41
1 1024
2 1024
1 1024
0 154
0 81
1 1024
1 1024
1 1024
1 1024
0 441
1 1024
1 1024
0 322
0 151
2 1024
0 24
1 1024
2 1024
1 1024
1 1024
1 1024
0 118
3 1024
3 1024
2 1024
3 1024
1 1024
1 1024
3 1024
1 1024
2 1024
1 1024
2 1024
2 1024
1 1024
0 50
0 17
0 73
2 1024
0 440
1 1024
1 1024
0 38
3 1024
0 21
1 1024
1 1024
2 1024
1 1024
0 47
2 1024
1 1024
0 198
2 1024
0 203
3 1024
0 148
0 192
2 1024
1 1024
0 54
0 548
1 1024
1 1024
0 69
1 1024
0 18
0 193
0 277
1 1024
2 1024
3 1024
1 1024
0 84
0 133
1 1024
1 1024
2 1024
1 1024
3 1024
0 127
1 1024
2 1024
1 1024
1 1024
1 1024
1 1024
0 278
2 1024
3 1024
1 1024
1 1024
1 1024
0 412
3 1024
1 1024
0 175
1 1024
3 1024
1 1024
0 433
0 31
2 1024
2 1024
0 23
0 47
1 1024
1 1024
2 1024
4 1024
0 20
0 20
2 1024
0 48
1 1024
0 306
0 20
1 1024
1 1024
1 1024
1 1024
2 1024
1 1024
1 1024
0 61
1 1024
1 1024
0 258
0 77
0 26
1 1024
0 16
1 1024
2 1024
1 1024
1 1024
0 121
0 99
1 1024
2 1024
1 1024
1 1024
1 1024
3 1024
1 1024
1 1024
1 1024
1 1024
1 1024
1 1024
1 1024
1 1024
0 19
1 1024
0 18
3 1024
1 1024
1 1024
2 1024
0 51
3 1024
1 1024
1 1024
3 1024
0 158
2 1024
1 1024
2 1024
1 1024
1 1024
2 1024
1 1024
1 1024
0 31
0 24
1 1024
2 1024
1 1024
1 1024
2 1024
2 1024
0 37
1 1024
2 1024
0 44
1 1024
0 30
0 101
3 1024
0 141
1 1024
3 1024
1 1024
1 1024
1 1024
1 1024
0 31
1 1024
0 171
1 1024
1 1024
1 1024
2 1024
0 504
1 1024
1 1024
1 1024
2 1024
0 56
2 1024
3 1024
0 60
1 1024
1 1024
1 1024
1 1024
0 84
3 1024
1 1024
1 1024
1 1024
0 17
1 1024
1 1024
1 1024
2 1024
3 1024
2 1024
1 1024
2 1024
1 1024
2 1024
1 1024
0 74
0 13
0 70
1 1024
1 1024
1 1024
0 92
2 1024
1 1024
0 45
1 1024
1 1024
0 81
1 1024
1 1024
3 1024
1 1024
2 1024
3 1024
0 123
0 36
1 1024
3 1024
2 1024
2 1024
0 284
2 1024
1 1024
3 1024
1 1024
2 1024
2 1024
1 1024
1 1024
2 1024
1 1024
0 201
4 1024
3 1024
1 1024
1 1024
1 1024
0 73
0 725
2 1024
0 109
2 1024
0 812
1 1024
1 1024
2 1024
3 1024
0 623
2 1024
0 263
1 1024
2 1024
1 1024
2 1024
2 1024
1 1024
1 1024
2 1024
2 1024
0 114
2 1024
2 1024
2 1024
0 192
1 1024
0 9
2 1024
0 64
1 1024
2 1024
2 1024
1 1024
1 1024
0 28
0 91
1 1024
0 17
1 1024
0 9
2 1024
0 36
0 14
2 1024
1 1024
1 1024
0 77
1 1024
0 27
5 1024
1 1024
1 1024
3 1024
0 198
2 1024
1 1024
2 1024
1 1024
3 1024
0 40
2 1024
1 1024
0 120
0 61
2 1024
0 949
2 1024
1 1024
2 1024
1 1024
1 1024
2 1024
1 1024
0 27
1 1024
0 15
1 1024
1 1024
1 1024
0 12
0 273
2 1024
3 1024
2 1024
2 1024
1 1024
1 1024
0 99
1 1024
0 50
0 44
1 1024
4 1024
4 1024
1 1024
0 11
1 1024
1 1024
1 1024
0 10
4 1024
0 191
1 1024
1 1024
0 119
2 1024
1 1024
2 1024
0 499
0 780
1 1024
1 1024
0 183
0 7
0 51
1 1024
0 184
0 259
1 1024
1 1024
0 23
2 1024
1 1024
0 37
2 1024
2 1024
1 1024
0 612
1 1024
1 1024
1 1024
2 1024
3 1024
1 1024
3 1024
0 145
2 1024
1 1024
0 77
0 13
2 1024
3 1024
2 1024
1 1024
1 1024
2 1024
2 1024
0 16
4 1024
1 1024
1 1024
2 1024
1 1024
0 236
1 1024
2 1024
4 1024
2 1024
2 1024
1 1024
0 314
2 1024
0 53
1 1024
2 1024
1 1024
1 1024
1 1024
2 1024
3 1024
3 1024
0 39
1 1024
4 1024
1 1024
0 23
2 1024
2 1024
1 1024
3 1024
1 1024
1 1024
2 1024
1 1024
0 21
1 1024
1 1024
3 1024
1 1024
2 1024
0 76
1 1024
1 1024
0 21
0 36
2 1024
0 31
2 1024
2 1024
0 25
3 1024
1 1024
1 1024
1 1024
0 51
1 1024
0 205
1 1024
1 1024
0 282
1 1024
3 1024
2 1024
3 1024
2 1024
1 1024
2 1024
0 57
2 1024
0 40
1 1024
0 38
2 1024
1 1024
0 14
0 17
2 1024
2 1024
0 40
1 1024
1 1024
2 1024
1 1024
0 31
3 1024
1 1024
1 1024
0 233
0 310
1 1024
0 151
2 1024
2 1024
1 1024
1 1024
2 1024
0 29
2 1024
2 1024
0 10
2 1024
0 111
2 1024
1 1024
1 1024
1 1024
1 1024
0 52
0 510
4 1024
1 1024
1 1024
0 212
1 1024
1 1024
2 1024
1 1024
2 1024
0 208
0 170
0 95
2 1024
0 25
3 1024
0 274
3 1024
2 1024
0 357
3 1024
2 1024
1 1024
1 1024
2 1024
1 1024
1 1024
2 1024
2 1024
0 230
0 93
1 1024
2 1024
0 116
1 1024
1 1024
1 1024
1 1024
0 782
0 91
2 1024
0 353
1 1024
2 1024
1 1024
1 1024
1 1024
1 1024
1 1024
2 1024
1 1024
0 98
0 15
2 1024
2 1024
1 1024
0 231
1 1024
1 1024
1 1024
2 1024
2 1024
2 1024
1 1024
0 25
2 1024
1 1024
1 1024
0 167
0 317
0 40
1 1024
1 1024
4 1024
1 1024
2 1024
2 1024
1 1024
3 1024
1 1024
3 1024
2 1024
0 169
1 1024
1 1024
2 1024
0 185
2 1024
1 1024
1 1024
2 1024
1 1024
1 1024
1 1024
2 1024
1 1024
0 65
0 51
1 1024
2 1024
3 1024
2 1024
1 1024
0 321
2 1024
2 1024
1 1024
1 1024
1 1024
0 373
1 1024
3 1024
1 1024
2 1024
1 1024
2 1024
0 195
1 1024
1 1024
0 5
1 1024
1 1024
1 1024
1 1024
1 1024
1 1024
2 1024
0 71
0 53
1 1024
0 11
2 1024
1 1024
1 1024
1 1024
3 1024
1 1024
2 1024
0 43
0 113
2 1024
3 1024
0 328
2 1024
2 1024
0 48
1 1024
2 1024
1 1024
0 25
0 26
2 1024
2 1024
1 1024
2 1024
2 1024
2 1024
1 1024
2 1024
0 43
2 1024
1 1024
2 1024
0 145
0 98
1 1024
1 1024
2 1024
0 22
1 1024
0 189
1 1024
2 1024
1 1024
1 1024
0 9
1 1024
0 6
2 1024
2 1024
1 1024
1 1024
1 1024
2 1024
1 1024
2 1024
1 1024
0 11
0 87
2 1024
1 1024
0 116
1 1024
2 1024
1 1024
2 1024
0 245
3 1024
2 1024
1 1024
3 1024
2 1024
2 1024
0 189
1 1024
1 1024
1 1024
2 1024
0 11
2 1024
2 1024
1 1024
2 1024
2 1024
1 1024
1 1024
2 1024
1 1024
2 1024
1 1024
2 1024
1 1024
1 1024
2 1024
2 1024
0 408
2 1024
1 1024
3 1024
0 86
2 1024
1 1024
0 6
0 152
1 1024
1 1024
1 1024
2 1024
1 1024
1 1024
2 1024
2 1024
3 1024
4 1024
1 1024
1 1024
0 50
0 9
0 424
2 1024
1 1024
0 28
1 1024
2 1024
2 1024
1 1024
2 1024
1 1024
1 1024
2 1024
1 1024
0 15
0 51
2 1024
1 1024
0 20
1 1024
0 27
2 1024
1 1024
1 1024
0 28
1 1024
0 28
2 1024
1 1024
1 1024
0 17
1 1024
1 1024
1 1024
2 1024
0 19
2 1024
1 1024
3 1024
1 1024
1 1024
2 1024
1 1024
0 51
0 25
1 1024
0 85
2 1024
2 1024
1 1024
2 1024
1 1024
1 1024
1 1024
1 1024
0 70
2 1024
2 1024
0 45
1 1024
3 1024
2 1024
1 1024
1 1024
1 1024
2 1024
1 1024
0 14
1 1024
1 1024
1 1024
2 1024
0 56
0 155
0 22
1 1024
1 1024
2 1024
2 1024
3 1024
3 1024
1 1024
2 1024
1 1024
1 1024
2 1024
2 1024
0 136
1 1024
3 1024
1 1024
1 1024
1 1024
0 15
2 1024
1 1024
1 1024
1 1024
0 153
1 1024
2 1024
2 1024
0 39
1 1024
1 1024
1 1024
1 1024
2 1024
2 1024
1 1024
2 1024
1 1024
4 1024
2 1024
0 219
1 1024
1 1024
1 1024
1 1024
1 1024
0 11
1 1024
1 1024
2 1024
0 108
1 1024
1 1024
1 1024
0 35
2 1024
1 1024
0 106
0 31
1 1024
3 1024
1 1024
0 84
1 1024
1 1024
2 1024
2 1024
4 1024
1 1024
2 1024
1 1024
1 1024
1 1024
0 395
2 1024
3 1024
2 1024
0 16
1 1024
2 1024
2 1024
2 1024
1 1024
0 18
1 1024
2 1024
1 1024
3 1024
1 1024
1 1024
2 1024
1 1024
2 1024
1 1024
3 1024
1 1024
0 53
0 18
0 67
1 1024
1 1024
0 207
1 1024
3 1024
0 25
0 86
2 1024
1 1024
0 43
1 1024
1 1024
2 1024
1 1024
2 1024
2 1024
1 1024
1 1024
1 1024
2 1024
1 1024
2 1024
1 1024
1 1024
1 1024
0 11
1 1024
1 1024
1 1024
2 1024
1 1024
0 9
1 1024
1 1024
1 1024
3 1024
2 1024
1 1024
1 1024
1 1024
1 1024
1 1024
1 1024
0 128
0 133
1 1024
1 1024
0 74
2 1024
2 1024
1 1024
1 1024
0 241
1 1024
1 1024
2 1024
1 1024
1 1024
3 1024
1 1024
1 1024
1 1024
1 1024
2 1024
1 1024
2 1024
2 1024
1 1024
1 1024
2 1024
3 1024
1 1024
1 1024
0 33
1 1024
1 1024
1 1024
2 1024
1 1024
1 1024
1 1024
2 1024
1 1024
0 120
1 1024
0 36
1 1024
1 1024
0 67
3 1024
2 1024
2 1024
1 1024
2 1024
2 1024
0 82
3 1024
1 1024
1 1024
3 1024
1 1024
1 1024
2 1024
1 1024
1 1024
1 1024
0 58
1 1024
0 79
1 1024
1 1024
1 1024
1 1024
2 1024
0 196
2 1024
0 22
2 1024
1 1024
2 1024
1 1024
0 47
0 36
1 1024
0 71
2 1024
1 1024
0 23
1 1024
2 1024
1 1024
1 1024
3 1024
2 1024
1 1024
2 1024
1 1024
0 388
1 1024
0 144
1 1024
0 80
1 1024
0 86
2 1024
1 1024
2 1024
1 1024
2 1024
1 1024
0 10
2 1024
2 1024
2 1024
2 1024
0 579
2 1024
2 1024
2 1024
1 1024
2 1024
2 1024
0 90
0 49
1 1024
2 1024
0 100
2 1024
1 1024
1 1024
1 1024
3 1024
2 1024
1 1024
1 1024
0 93
1 1024
1 1024
1 1024
3 1024
3 1024
0 247
0 823
1 1024
2 1024
0 15
1 1024
1 1024
2 1024
1 1024
0 26
1 1024
1 1024
1 1024
1 1024
0 23
2 1024
2 1024
2 1024
1 1024
0 110
1 1024
3 1024
1 1024
4 1024
3 1024
1 1024
0 25
2 1024
1 1024
1 1024
1 1024
0 271
2 1024
1 1024
0 525
1 1024
1 1024
0 193
1 1024
2 1024
1 1024
2 1024
1 1024
1 1024
2 1024
2 1024
0 285
1 1024
0 74
1 1024
1 1024
1 1024
1 1024
1 1024
2 1024
1 1024
2 1024
0 100
2 1024
0 51
0 436
0 343
0 132
2 1024
0 57
0 34
1 1024
1 1024
1 1024
0 53
0 48
0 47
0 347
0 82
1 1024
2 1024
1 1024
1 1024
1 1024
0 56
1 1024
1 1024
0 125
2 1024
1 1024
0 196
2 1024
0 75
2 1024
1 1024
1 1024
0 73
2 1024
0 55
1 1024
2 1024
3 1024
1 1024
1 1024
2 1024
2 1024
0 94
0 54
0 96
2 1024
0 392
1 1024
1 1024
1 1024
1 1024
0 130
0 52
0 41
1 1024
1 1024
1 1024
1 1024
1 1024
1 1024
2 1024
3 1024
2 1024
1 1024
1 1024
4 1024
1 1024
1 1024
0 70
1 1024
0 960
2 1024
1 1024
1 1024
1 1024
0 159
0 4
1 1024
0 146
1 1024
2 1024
1 1024
3 1024
1 1024
1 1024
1 1024
1 1024
1 1024
2 1024
1 1024
1 1024
0 10
2 1024
1 1024
1 1024
3 1024
0 318
0 329
1 1024
2 1024
0 197
1 1024
0 6
0 15
1 1024
0 824
1 1024
1 1024
1 1024
0 56
0 492
2 1024
1 1024
0 17
1 1024
1 1024
2 1024
1 1024
0 64
2 1024
1 1024
1 1024
2 1024
1 1024
2 1024
0 17
0 47
0 8
1 1024
2 1024
1 1024
0 123
2 1024
0 114
1 1024
0 15
1 1024
2 1024
2 1024
2 1024
0 351
1 1024
0 125
3 1024
2 1024
4 1024
3 1024
2 1024
0 22
0 210
0 73
1 1024
2 1024
1 1024
1 1024
1 1024
3 1024
1 1024
2 1024
0 30
1 1024
0 56
2 1024
0 16
1 1024
0 12
0 39
0 192
3 1024
2 1024
1 1024
3 1024
1 1024
2 1024
1 1024
2 1024
2 1024
1 1024
0 67
1 1024
0 36
0 38
3 1024
1 1024
2 1024
2 1024
1 1024
2 1024
1 1024
2 1024
1 1024
2 1024
1 1024
1 1024
1 1024
1 1024
1 1024
1 1024
1 1024
1 1024
0 60
3 1024
1 1024
1 1024
2 1024
2 1024
0 37
0 131
0 138
1 1024
1 1024
0 102
1 1024
1 1024
1 1024
2 1024
2 1024
2 1024
0 51
0 25
1 1024
2 1024
1 1024
1 1024
1 1024
1 1024
1 1024
2 1024
1 1024
1 1024
3 1024
1 1024
0 232
0 222
2 1024
2 1024
1 1024
1 1024
0 10
2 1024
1 1024
1 1024
0 209
1 1024
2 1024
1 1024
2 1024
2 1024
0 290
3 1024
0 262
1 1024
2 1024
0 50
0 248
3 1024
1 1024
3 1024
2 1024
1 1024
0 197
1 1024
0 6
3 1024
0 149
1 1024
2 1024
1 1024
0 180
1 1024
2 1024
2 1024
2 1024
1 1024
3 1024
0 368
2 1024
1 1024
2 1024
3 1024
3 1024
1 1024
1 1024
2 1024
2 1024
1 1024
1 1024
0 18
2 1024
2 1024
1 1024
0 93
1 1024
1 1024
2 1024
3 1024
3 1024
2 1024
1 1024
1 1024
2 1024
1 1024
2 1024
2 1024
1 1024
1 1024
1 1024
1 1024
2 1024
2 1024
2 1024
3 1024
3 1024
1 1024
1 1024
1 1024
1 1024
1 1024
0 116
1 1024
1 1024
1 1024
2 1024
4 1024
2 1024
1 1024
0 137
2 1024
3 1024
2 1024
2 1024
0 15
1 1024
2 1024
1 1024
1 1024
0 109
1 1024
1 1024
2 1024
3 1024
0 8
1 1024
0 392
0 29
0 6
1 1024
1 1024
0 54
1 1024
1 1024
1 1024
0 10
2 1024
2 1024
1 1024
3 1024
1 1024
0 115
1 1024
1 1024
2 1024
0 131
2 1024
0 17
2 1024
0 375
1 1024
1 1024
3 1024
1 1024
2 1024
2 1024
0 37
1 1024
1 1024
1 1024
1 1024
3 1024
0 103
0 232
2 1024
0 42
1 1024
2 1024
1 1024
2 1024
0 11
0 91
0 54
3 1024
1 1024
3 1024
0 6
3 1024
0 142
2 1024
2 1024
1 1024
0 1002
3 1024
2 1024
1 1024
2 1024
1 1024
2 1024
1 1024
2 1024
1 1024
1 1024
0 68
2 1024
0 84
1 1024
1 1024
1 1024
1 1024
0 38
0 6
1 1024
0 16
1 1024
1 1024
1 1024
0 15
3 1024
0 27
0 315
2 1024
1 1024
2 1024
1 1024
2 1024
1 1024
0 99
0 61
1 1024
2 1024
1 1024
1 1024
1 1024
2 1024
2 1024
0 161
2 1024
2 1024
1 1024
1 1024
1 1024
1 1024
0 254
1 1024
1 1024
1 1024
2 1024
1 1024
1 1024
0 170
2 1024
1 1024
1 1024
2 1024
0 172
0 18
1 1024
2 1024
1 1024
3 1024
1 1024
0 16
2 1024
1 1024
2 1024
2 1024
0 11
1 1024
2 1024
0 22
1 1024
0 260
2 1024
0 47
1 1024
0 114
1 1024
2 1024
1 1024
1 1024
3 1024
0 11
2 1024
2 1024
2 1024
1 1024
0 28
0 11
1 1024
0 38
0 345
1 1024
2 1024
2 1024
1 1024
2 1024
2 1024
1 1024
2 1024
0 435
3 1024
2 1024
3 1024
3 1024
1 1024
1 1024
0 30
2 1024
1 1024
2 1024
2 1024
0 153
0 56
1 1024
2 1024
0 8
3 1024
2 1024
0 62
1 1024
2 1024
1 1024
0 31
1 1024
0 338
1 1024
2 1024
1 1024
0 604
1 1024
0 50
1 1024
1 1024
2 1024
1 1024
1 1024
1 1024
2 1024
1 1024
3 1024
3 1024
2 1024
1 1024
1 1024
1 1024
0 87
1 1024
2 1024
1 1024
2 1024
1 1024
1 1024
2 1024
2 1024
2 1024
4 1024
1 1024
0 33
1 1024
2 1024
0 373
2 1024
1 1024
0 466
0 44
0 27
2 1024
3 1024
0 34
0 25
0 40
1 1024
1 1024
1 1024
3 1024
1 1024
0 399
1 1024
2 1024
1 1024
1 1024
0 27
1 1024
1 1024
2 1024
1 1024
1 1024
4 1024
3 1024
2 1024
1 1024
0 22
0 49
3 1024
1 1024
1 1024
2 1024
1 1024
0 98
0 91
1 1024
0 8
0 13
1 1024
2 1024
1 1024
1 1024
0 19
1 1024
0 11
1 1024
0 387
0 20
1 1024
2 1024
1 1024
1 1024
0 148
1 1024
0 54
0 75
1 1024
1 1024
2 1024
3 1024
1 1024
0 91
3 1024
1 1024
0 50
2 1024
1 1024
2 1024
2 1024
0 76
1 1024
0 9
1 1024
1 1024
0 215
1 1024
0 30
2 1024
2 1024
1 1024
0 591
2 1024
0 5
1 1024
1 1024
0 139
1 1024
1 1024
2 1024
1 1024
3 1024
0 102
1 1024
0 26
3 1024
1 1024
1 1024
4 1024
2 1024
1 1024
2 1024
1 1024
1 1024
1 1024
1 1024
2 1024
1 1024
3 1024
2 1024
1 1024
2 1024
1 1024
1 1024
2 1024
1 1024
1 1024
2 1024
1 1024
0 88
0 414
2 1024
1 1024
0 7
1 1024
1 1024
0 83
0 19
1 1024
3 1024
1 1024
3 1024
1 1024
1 1024
0 256
2 1024
2 1024
1 1024
0 51
2 1024
0 9
0 43
0 99
1 1024
2 1024
2 1024
1 1024
2 1024
1 1024
2 1024
0 586
2 1024
1 1024
3 1024
1 1024
3 1024
3 1024
2 1024
3 1024
1 1024
2 1024
0 88
0 207
0 282
1 1024
2 1024
2 1024
2 1024
1 1024
1 1024
1 1024
1 1024
1 1024
0 252
0 10
1 1024
1 1024
3 1024
0 42
1 1024
1 1024
2 1024
1 1024
0 92
1 1024
1 1024
3 1024
0 16
1 1024
0 15
2 1024
2 1024
1 1024
0 114
1 1024
2 1024
1 1024
0 89
5 1024
0 31
2 1024
1 1024
0 35
0 105
0 61
1 1024
2 1024
1 1024
3 1024
1 1024
0 39
1 1024
0 16
0 241
2 1024
2 1024
1 1024
1 1024
0 79
1 1024
0 37
2 1024
1 1024
2 1024
0 12
2 1024
1 1024
0 78
1 1024
0 40
1 1024
2 1024
0 345
0 46
0 34
1 1024
0 28
0 473
1 1024
2 1024
1 1024
1 1024
0 103
2 1024
0 82
1 1024
0 11
1 1024
1 1024
1 1024
1 1024
2 1024
2 1024
1 1024
2 1024
2 1024
1 1024
1 1024
1 1024
1 1024
1 1024
1 1024
1 1024
0 345
0 18
1 1024
0 207
1 1024
1 1024
2 1024
1 1024
1 1024
4 1024
2 1024
0 162
2 1024
2 1024
1 1024
2 1024
1 1024
0 147
2 1024
1 1024
2 1024
3 1024
1 1024
0 65
1 1024
2 1024
0 195
0 110
1 1024
1 1024
1 1024
0 23
1 1024
1 1024
4 1024
1 1024
0 18
2 1024
1 1024
3 1024
1 1024
1 1024
0 258
2 1024
1 1024
1 1024
0 94
0 39
3 1024
2 1024
2 1024
0 16
0 6
0 19
0 303
2 1024
2 1024
1 1024
3 1024
1 1024
2 1024
3 1024
1 1024
2 1024
2 1024
1 1024
1 1024
1 1024
0 53
1 1024
1 1024
0 228
2 1024
1 1024
1 1024
0 27
1 1024
0 156
1 1024
0 29
1 1024
1 1024
0 38
3 1024
1 1024
1 1024
1 1024
1 1024
0 50
0 19
1 1024
0 25
2 1024
0 187
1 1024
0 238
1 1024
1 1024
0 111
2 1024
1 1024
2 1024
2 1024
0 36
0 9
2 1024
0 26
1 1024
1 1024
1 1024
0 47
1 1024
1 1024
2 1024
1 1024
1 1024
2 1024
1 1024
2 1024
1 1024
2 1024
1 1024
1 1024
0 14
2 1024
1 1024
1 1024
5 1024
1 1024
1 1024
1 1024
0 29
0 199
1 1024
2 1024
0 398
1 1024
1 1024
1 1024
1 1024
1 1024
1 1024
2 1024
1 1024
1 1024
0 90
2 1024
1 1024
0 313
2 1024
3 1024
1 1024
1 1024
2 1024
1 1024
1 1024
2 1024
0 411
1 1024
2 1024
2 1024
0 186
0 39
3 1024
1 1024
2 1024
3 1024
0 394
2 1024
2 1024
0 491
1 1024
1 1024
1 1024
1 1024
1 1024
1 1024
1 1024
1 1024
1 1024
0 55
3 1024
1 1024
2 1024
2 1024
2 1024
1 1024
0 180
1 1024
1 1024
1 1024
2 1024
1 1024
1 1024
2 1024
2 1024
0 151
0 54
1 1024
1 1024
0 46
2 1024
2 1024
1 1024
1 1024
0 13
0 98
1 1024
1 1024
0 10
1 1024
1 1024
0 19
1 1024
1 1024
1 1024
1 1024
2 1024
0 100
0 536
0 12
3 1024
1 1024
2 1024
0 131
2 1024
2 1024
2 1024
1 1024
1 1024
0 44
1 1024
0 595
1 1024
0 132
1 1024
0 64
2 1024
1 1024
1 1024
1 1024
2 1024
1 1024
1 1024
0 46
1 1024
1 1024
4 1024
1 1024
1 1024
1 1024
0 35
1 1024
0 190
0 129
1 1024
2 1024
3 1024
2 1024
3 1024
0 262
1 1024
1 1024
0 16
0 83
1 1024
1 1024
0 109
1 1024
2 1024
0 196
0 20
2 1024
1 1024
1 1024
1 1024
0 13
1 1024
1 1024
2 1024
2 1024
0 8
0 6
1 1024
0 83
0 188
1 1024
0 90
0 40
2 1024
3 1024
1 1024
0 222
2 1024
1 1024
1 1024
3 1024
1 1024
1 1024
1 1024
0 75
2 1024
0 101
1 1024
0 25
4 1024
2 1024
1 1024
1 1024
1 1024
0 164
2 1024
3 1024
0 134
3 1024
1 1024
1 1024
0 14
1 1024
1 1024
1 1024
1 1024
0 110
1 1024
1 1024
0 110
0 162
1 1024
1 1024
1 1024
0 64
2 1024
3 1024
0 291
1 1024
2 1024
2 1024
1 1024
1 1024
1 1024
3 1024
1 1024
0 103
1 1024
1 1024
0 22
0 136
0 164
1 1024
1 1024
1 1024
1 1024
1 1024
2 1024
3 1024
3 1024
1 1024
1 1024
4 1024
1 1024
0 19
2 1024
1 1024
3 1024
0 29
2 1024
2 1024
1 1024
1 1024
2 1024
2 1024
1 1024
0 124
1 1024
1 1024
2 1024
1 1024
0 69
1 1024
2 1024
3 1024
0 87
1 1024
2 1024
1 1024
0 66
1 1024
1 1024
0 17
2 1024
1 1024
2 1024
1 1024
1 1024
0 272
1 1024
1 1024
0 17
1 1024
0 69
1 1024
0 31
2 1024
3 1024
2 1024
2 1024
1 1024
1 1024
0 169
0 48
2 1024
0 34
0 23
3 1024
0 446
0 11
1 1024
2 1024
3 1024
0 135
1 1024
1 1024
1 1024
1 1024
2 1024
3 1024
0 38
0 108
1 1024
2 1024
1 1024
1 1024
3 1024
0 62
1 1024
0 127
3 1024
1 1024
0 18
0 16
1 1024
2 1024
1 1024
1 1024
0 453
2 1024
2 1024
1 1024
0 216
1 1024
1 1024
0 174
0 205
1 1024
2 1024
0 13
0 67
0 22
1 1024
0 66
2 1024
3 1024
1 1024
0 14
2 1024
1 1024
0 19
1 1024
0 108
1 1024
2 1024
2 1024
0 439
0 39
0 151
0 349
1 1024
2 1024
0 98
0 427
2 1024
1 1024
1 1024
1 1024
3 1024
3 1024
2 1024
4 1024
3 1024
1 1024
2 1024
2 1024
1 1024
1 1024
2 1024
1 1024
1 1024
2 1024
2 1024
1 1024
3 1024
2 1024
2 1024
0 598
0 29
1 1024
0 78
4 1024
1 1024
3 1024
2 1024
2 1024
1 1024
1 1024
2 1024
0 159
0 62
1 1024
0 75
2 1024
0 10
4 1024
1 1024
3 1024
2 1024
3 1024
2 1024
1 1024
1 1024
0 68
1 1024
1 1024
1 1024
3 1024
2 1024
0 401
0 329
0 13
1 1024
2 1024
2 1024
2 1024
2 1024
1 1024
1 1024
0 18
2 1024
2 1024
1 1024
0 142
1 1024
1 1024
1 1024
0 18
1 1024
1 1024
1 1024
2 1024
1 1024
2 1024
2 1024
2 1024
1 1024
0 18
1 1024
1 1024
1 1024
1 1024
1 1024
1 1024
1 1024
0 11
0 78
1 1024
1 1024
1 1024
1 1024
1 1024
2 1024
3 1024
3 1024
0 116
1 1024
1 1024
0 657
1 1024
2 1024
1 1024
1 1024
2 1024
1 1024
2 1024
2 1024
2 1024
3 1024
2 1024
0 526
2 1024
1 1024
2 1024
0 46
1 1024
1 1024
1 1024
1 1024
1 1024
1 1024
2 1024
1 1024
3 1024
0 82
1 1024
1 1024
3 1024
2 1024
1 1024
3 1024
1 1024
1 1024
0 279
1 1024
2 1024
2 1024
0 23
2 1024
2 1024
2 1024
1 1024
1 1024
1 1024
2 1024
0 29
2 1024
2 1024
1 1024
1 1024
1 1024
1 1024
0 214
0 91
2 1024
0 394
2 1024
1 1024
2 1024
1 1024
0 28
2 1024
1 1024
3 1024
2 1024
2 1024
3 1024
2 1024
1 1024
0 62
2 1024
2 1024
1 1024
1 1024
3 1024
2 1024
0 18
2 1024
1 1024
0 154
2 1024
2 1024
1 1024
2 1024
3 1024
3 1024
2 1024
2 1024
3 1024
1 1024
1 1024
2 1024
1 1024
1 1024
1 1024
2 1024
2 1024
0 721
1 1024
3 1024
1 1024
0 28
3 1024
1 1024
1 1024
0 49
0 34
0 62
1 1024
2 1024
2 1024
1 1024
1 1024
1 1024
3 1024
1 1024
0 45
0 94
0 73
1 1024
1 1024
1 1024
1 1024
1 1024
0 16
2 1024
0 15
1 1024
2 1024
1 1024
2 1024
2 1024
1 1024
2 1024
1 1024
2 1024
2 1024
0 28
0 83
2 1024
1 1024
2 1024
1 1024
0 44
1 1024
0 24
1 1024
1 1024
0 89
4 1024
3 1024
1 1024
2 1024
0 72
1 1024
2 1024
1 1024
1 1024
1 1024
1 1024
3 1024
3 1024
1 1024
2 1024
1 1024
0 71
0 73
2 1024
1 1024
1 1024
2 1024
1 1024
3 1024
1 1024
2 1024
1 1024
2 1024
2 1024
1 1024
2 1024
2 1024
0 69
0 17
2 1024
0 12
2 1024
0 22
3 1024
0 55
2 1024
1 1024
2 1024
1 1024
1 1024
1 1024
1 1024
1 1024
1 1024
2 1024
1 1024
0 433
0 15
2 1024
3 1024
3 1024
1 1024
1 1024
2 1024
1 1024
3 1024
3 1024
1 1024
1 1024
1 1024
1 1024
2 1024
0 6
0 15
1 1024
2 1024
0 18
0 90
2 1024
0 22
0 124
1 1024
0 25
1 1024
1 1024
2 1024
2 1024
1 1024
2 1024
2 1024
1 1024
1 1024
1 1024
0 772
1 1024
2 1024
4 1024
2 1024
3 1024
1 1024
1 1024
0 141
2 1024
2 1024
2 1024
1 1024
0 16
0 152
1 1024
1 1024
2 1024
1 1024
3 1024
2 1024
0 75
0 55
2 1024
1 1024
1 1024
1 1024
2 1024
2 1024
1 1024
0 25
1 1024
2 1024
2 1024
0 36
0 133
0 45
0 13
0 145
1 1024
0 35
1 1024
0 13
1 1024
1 1024
0 256
0 115
0 10
0 48
2 1024
0 27
1 1024
1 1024
1 1024
2 1024
1 1024
0 49
0 17
0 45
0 31
2 1024
3 1024
2 1024
1 1024
1 1024
1 1024
0 169
1 1024
1 1024
2 1024
0 84
1 1024
2 1024
2 1024
1 1024
2 1024
1 1024
1 1024
2 1024
2 1024
0 187
1 1024
2 1024
2 1024
1 1024
1 1024
1 1024
2 1024
1 1024
1 1024
1 1024
1 1024
2 1024
0 28
2 1024
2 1024
1 1024
2 1024
0 140
2 1024
0 229
2 1024
0 6
2 1024
2 1024
2 1024
1 1024
1 1024
2 1024
0 46
1 1024
2 1024
1 1024
2 1024
1 1024
2 1024
3 1024
2 1024
2 1024
0 158
1 1024
2 1024
1 1024
1 1024
2 1024
0 66
4 1024
1 1024
0 37
1 1024
2 1024
1 1024
2 1024
1 1024
2 1024
1 1024
2 1024
0 6
3 1024
1 1024
2 1024
1 1024
1 1024
2 1024
1 1024
0 37
0 20
0 9
0 101
0 85
0 226
1 1024
1 1024
1 1024
2 1024
1 1024
3 1024
1 1024
1 1024
2 1024
1 1024
1 1024
1 1024
1 1024
2 1024
1 1024
2 1024
1 1024
0 29
1 1024
2 1024
1 1024
1 1024
0 131
1 1024
1 1024
1 1024
2 1024
3 1024
2 1024
3 1024
2 1024
0 40
2 1024
0 408
1 1024
0 66
4 1024
0 20
2 1024
2 1024
2 1024
1 1024
3 1024
1 1024
0 7
2 1024
1 1024
0 29
2 1024
0 202
1 1024
1 1024
2 1024
0 64
0 221
1 1024
1 1024
0 25
1 1024
0 18
1 1024
3 1024
4 1024
0 135
0 11
2 1024
0 239
1 1024
0 328
2 1024
2 1024
1 1024
1 1024
1 1024
2 1024
0 80
0 141
0 65
4 1024
1 1024
1 1024
2 1024
3 1024
2 1024
0 101
0 20
0 364
1 1024
0 182
2 1024
2 1024
1 1024
1 1024
2 1024
1 1024
1 1024
3 1024
2 1024
3 1024
1 1024
2 1024
1 1024
1 1024
2 1024
3 1024
0 55
1 1024
3 1024
0 453
1 1024
2 1024
1 1024
1 1024
1 1024
1 1024
1 1024
0 85
1 1024
3 1024
0 42
3 1024
2 1024
1 1024
3 1024
1 1024
2 1024
1 1024
1 1024
2 1024
0 29
0 214
0 105
0 61
2 1024
1 1024
1 1024
0 496
3 1024
1 1024
0 45
1 1024
2 1024
0 56
2 1024
0 473
0 52
2 1024
3 1024
1 1024
0 500
1 1024
1 1024
1 1024
0 43
0 453
2 1024
0 100
1 1024
2 1024
3 1024
3 1024
1 1024
1 1024
0 1022
1 1024
2 1024
1 1024
2 1024
1 1024
0 42
2 1024
1 1024
3 1024
1 1024
2 1024
1 1024
0 149
0 172
1 1024
3 1024
2 1024
2 1024
0 21
1 1024
4 1024
0 27
2 1024
1 1024
1 1024
1 1024
1 1024
3 1024
0 112
1 1024
1 1024
1 1024
1 1024
1 1024
1 1024
1 1024
0 539
1 1024
1 1024
0 31
0 135
2 1024
0 108
1 1024
2 1024
1 1024
1 1024
1 1024
1 1024
0 66
2 1024
2 1024
3 1024
4 1024
1 1024
1 1024
2 1024
2 1024
0 358
1 1024
1 1024
1 1024
0 322
2 1024
1 1024
1 1024
2 1024
2 1024
1 1024
0 85
2 1024
2 1024
1 1024
0 21
1 1024
0 173
3 1024
1 1024
0 26
2 1024
2 1024
2 1024
1 1024
1 1024
1 1024
0 77
3 1024
1 1024
0 6
1 1024
0 59
1 1024
1 1024
2 1024
3 1024
1 1024
0 45
0 211
3 1024
0 42
1 1024
4 1024
1 1024
1 1024
1 1024
0 15
0 49
2 1024
1 1024
1 1024
2 1024
1 1024
1 1024
1 1024
2 1024
1 1024
0 225
2 1024
2 1024
2 1024
2 1024
1 1024
0 129
1 1024
1 1024
0 119
1 1024
1 1024
1 1024
0 17
0 118
0 378
1 1024
1 1024
1 1024
2 1024
2 1024
0 337
0 42
1 1024
0 15
2 1024
1 1024
2 1024
0 115
1 1024
0 15
1 1024
0 336
1 1024
0 30
1 1024
2 1024
0 133
2 1024
3 1024
1 1024
2 1024
2 1024
1 1024
2 1024
0 129
1 1024
1 1024
2 1024
1 1024
1 1024
0 86
2 1024
2 1024
3 1024
1 1024
1 1024
2 1024
3 1024
0 197
0 135
4 1024
0 17
0 503
1 1024
0 205
1 1024
2 1024
1 1024
2 1024
1 1024
1 1024
1 1024
0 10
1 1024
2 1024
0 282
1 1024
1 1024
2 1024
0 15
1 1024
2 1024
0 386
2 1024
1 1024
3 1024
1 1024
1 1024
1 1024
1 1024
2 1024
0 43
1 1024
3 1024
1 1024
3 1024
2 1024
0 44
0 31
2 1024
1 1024
1 1024
2 1024
2 1024
3 1024
2 1024
1 1024
1 1024
1 1024
1 1024
0 41
2 1024
0 26
1 1024
1 1024
2 1024
0 34
1 1024
2 1024
1 1024
0 44
0 16
0 273
1 1024
1 1024
2 1024
0 28
2 1024
0 127
1 1024
1 1024
1 1024
3 1024
3 1024
1 1024
1 1024
2 1024
1 1024
1 1024
1 1024
0 51
0 145
0 202
1 1024
2 1024
1 1024
1 1024
0 147
0 181
0 440
1 1024
1 1024
1 1024
1 1024
1 1024
1 1024
0 16
0 74
2 1024
1 1024
1 1024
1 1024
1 1024
1 1024
2 1024
0 25
0 238
1 1024
4 1024
1 1024
2 1024
2 1024
3 1024
1 1024
1 1024
0 97
1 1024
2 1024
1 1024
0 68
2 1024
0 85
1 1024
1 1024
1 1024
0 83
1 1024
2 1024
1 1024
0 367
4 1024
3 1024
1 1024
0 71
0 138
1 1024
1 1024
1 1024
1 1024
1 1024
0 79
0 84
3 1024
1 1024
2 1024
2 1024
1 1024
0 152
2 1024
1 1024
1 1024
1 1024
1 1024
0 164
2 1024
1 1024
2 1024
2 1024
0 304
0 661
1 1024
3 1024
1 1024
2 1024
4 1024
1 1024
1 1024
1 1024
1 1024
1 1024
0 556
1 1024
0 43
2 1024
3 1024
0 69
1 1024
1 1024
0 70
1 1024
1 1024
3 1024
2 1024
0 5
1 1024
1 1024
1 1024
0 1012
2 1024
2 1024
3 1024
2 1024
3 1024
2 1024
2 1024
3 1024
2 1024
0 170
1 1024
1 1024
0 27
3 1024
3 1024
2 1024
2 1024
0 521
1 1024
1 1024
2 1024
3 1024
2 1024
0 132
1 1024
0 63
1 1024
2 1024
1 1024
2 1024
1 1024
1 1024
0 241
0 318
0 248
1 1024
3 1024
1 1024
2 1024
1 1024
3 1024
1 1024
2 1024
0 29
1 1024
1 1024
1 1024
1 1024
0 17
3 1024
0 62
0 85
0 65
2 1024
2 1024
2 1024
1 1024
1 1024
2 1024
1 1024
2 1024
1 1024
2 1024
2 1024
2 1024
0 197
0 326
1 1024
1 1024
3 1024
3 1024
0 29
1 1024
2 1024
1 1024
3 1024
0 113
1 1024
1 1024
1 1024
2 1024
1 1024
2 1024
0 404
0 153
3 1024
2 1024
0 277
0 135
1 1024
0 24
2 1024
3 1024
1 1024
1 1024
0 16
1 1024
3 1024
1 1024
1 1024
2 1024
1 1024
1 1024
0 13
2 1024
1 1024
3 1024
1 1024
1 1024
0 97
1 1024
3 1024
1 1024
3 1024
2 1024
1 1024
1 1024
1 1024
1 1024
1 1024
2 1024
0 361
2 1024
3 1024
2 1024
1 1024
2 1024
2 1024
0 192
1 1024
3 1024
1 1024
1 1024
0 53
2 1024
2 1024
1 1024
1 1024
1 1024
0 28
1 1024
1 1024
2 1024
3 1024
2 1024
1 1024
1 1024
1 1024
1 1024
1 1024
2 1024
0 26
2 1024
1 1024
3 1024
0 31
1 1024
0 10
1 1024
2 1024
2 1024
0 237
1 1024
0 53
0 224
2 1024
3 1024
1 1024
0 12
0 228
0 77
0 29
1 1024
1 1024
0 38
1 1024
0 21
0 175
2 1024
2 1024
0 55
0 287
0 57
1 1024
2 1024
1 1024
1 1024
0 153
2 1024
0 52
1 1024
0 52
0 86
1 1024
1 1024
1 1024
1 1024
1 1024
0 213
0 133
1 1024
1 1024
2 1024
2 1024
0 271
2 1024
0 80
3 1024
2 1024
1 1024
2 1024
1 1024
2 1024
2 1024
0 11
2 1024
1 1024
1 1024
2 1024
0 8
0 15
2 1024
1 1024
0 114
2 1024
1 1024
2 1024
2 1024
2 1024
1 1024
0 149
1 1024
1 1024
2 1024
1 1024
1 1024
2 1024
0 118
1 1024
0 134
3 1024
4 1024
1 1024
2 1024
1 1024
2 1024
0 13
1 1024
0 318
1 1024
1 1024
0 206
2 1024
2 1024
1 1024
2 1024
1 1024
3 1024
3 1024
0 194
1 1024
1 1024
1 1024
0 153
1 1024
3 1024
0 142
1 1024
2 1024
1 1024
2 1024
2 1024
1 1024
2 1024
1 1024
2 1024
0 54
0 111
1 1024
1 1024
1 1024
3 1024
0 57
1 1024
1 1024
1 1024
3 1024
1 1024
2 1024
0 406
1 1024
2 1024
0 89
1 1024
0 169
1 1024
2 1024
0 56
2 1024
1 1024
1 1024
2 1024
0 94
3 1024
2 1024
2 1024
4 1024
1 1024
2 1024
2 1024
1 1024
0 90
1 1024
2 1024
0 22
1 1024
1 1024
2 1024
2 1024
1 1024
1 1024
1 1024
0 20
0 13
1 1024
2 1024
2 1024
2 1024
1 1024
2 1024
2 1024
4 1024
2 1024
0 44
2 1024
2 1024
1 1024
1 1024
0 141
2 1024
3 1024
1 1024
1 1024
1 1024
0 84
2 1024
0 30
1 1024
2 1024
0 244
1 1024
1 1024
1 1024
1 1024
0 58
0 44
1 1024
0 5
3 1024
2 1024
1 1024
1 1024
1 1024
2 1024
1 1024
0 111
0 44
2 1024
0 171
1 1024
3 1024
1 1024
1 1024
1 1024
1 1024
0 52
0 84
1 1024
2 1024
1 1024
2 1024
1 1024
3 1024
1 1024
1 1024
0 127
0 183
2 1024
1 1024
3 1024
1 1024
0 122
2 1024
2 1024
1 1024
0 75
1 1024
0 164
2 1024
1 1024
3 1024
2 1024
1 1024
1 1024
2 1024
1 1024
2 1024
1 1024
2 1024
2 1024
0 74
1 1024
2 1024
0 25
0 9
0 193
1 1024
1 1024
0 236
0 247
2 1024
1 1024
0 41
2 1024
2 1024
1 1024
0 44
2 1024
0 26
0 33
1 1024
3 1024
1 1024
1 1024
1 1024
0 204
0 926
1 1024
2 1024
3 1024
2 1024
3 1024
1 1024
0 56
1 1024
2 1024
1 1024
2 1024
2 1024
1 1024
0 14
1 1024
2 1024
1 1024
1 1024
0 33
0 15
2 1024
1 1024
0 237
2 1024
2 1024
2 1024
1 1024
0 237
2 1024
1 1024
3 1024
2 1024
1 1024
0 13
1 1024
1 1024
1 1024
0 8
3 1024
1 1024
4 1024
2 1024
2 1024
1 1024
1 1024
0 47
1 1024
0 74
1 1024
0 800
0 42
0 22
1 1024
1 1024
1 1024
2 1024
1 1024
0 174
3 1024
0 126
1 1024
0 35
2 1024
3 1024
1 1024
0 58
1 1024
2 1024
1 1024
4 1024
1 1024
2 1024
4 1024
3 1024
1 1024
2 1024
0 33
2 1024
3 1024
3 1024
4 1024
1 1024
1 1024
1 1024
3 1024
0 391
1 1024
1 1024
0 20
2 1024
1 1024
0 10
1 1024
1 1024
0 85
1 1024
1 1024
0 100
0 212
1 1024
1 1024
2 1024
1 1024
2 1024
1 1024
2 1024
0 122
1 1024
0 326
2 1024
2 1024
1 1024
3 1024
1 1024
2 1024
2 1024
2 1024
1 1024
0 100
2 1024
2 1024
1 1024
1 1024
2 1024
1 1024
3 1024
1 1024
1 1024
2 1024
0 94
2 1024
1 1024
0 141
2 1024
2 1024
2 1024
1 1024
0 105
2 1024
1 1024
0 46
2 1024
0 98
0 75
1 1024
1 1024
2 1024
0 22
2 1024
0 77
1 1024
0 22
0 51
2 1024
0 358
2 1024
0 185
1 1024
1 1024
1 1024
0 239
0 19
0 125
0 221
2 1024
2 1024
4 1024
1 1024
1 1024
0 217
1 1024
2 1024
2 1024
2 1024
0 30
0 11
3 1024
2 1024
2 1024
2 1024
2 1024
1 1024
1 1024
0 69
1 1024
1 1024
2 1024
2 1024
2 1024
1 1024
1 1024
2 1024
2 1024
2 1024
1 1024
0 45
2 1024
0 71
0 266
1 1024
1 1024
1 1024
1 1024
1 1024
2 1024
1 1024
3 1024
1 1024
1 1024
0 13
1 1024
1 1024
0 719
2 1024
0 52
2 1024
2 1024
3 1024
2 1024
2 1024
1 1024
2 1024
1 1024
0 210
0 244
1 1024
1 1024
1 1024
1 1024
1 1024
2 1024
3 1024
1 1024
1 1024
1 1024
1 1024
1 1024
2 1024
0 8
1 1024
1 1024
2 1024
2 1024
0 7
1 1024
0 43
1 1024
1 1024
1 1024
2 1024
0 55
1 1024
1 1024
2 1024
1 1024
1 1024
2 1024
0 99
2 1024
0 27
2 1024
2 1024
1 1024
1 1024
3 1024
0 86
0 17
1 1024
2 1024
0 33
1 1024
0 371
0 175
0 38
1 1024
1 1024
2 1024
1 1024
1 1024
3 1024
1 1024
0 35
1 1024
1 1024
2 1024
1 1024
2 1024
1 1024
2 1024
1 1024
1 1024
1 1024
0 96
0 22
1 1024
2 1024
1 1024
0 27
1 1024
0 66
3 1024
2 1024
1 1024
0 103
0 69
1 1024
3 1024
2 1024
2 1024
1 1024
1 1024
0 122
0 190
2 1024
3 1024
0 9
4 1024
0 75
0 57
0 47
2 1024
2 1024
0 24
1 1024
1 1024
0 200
3 1024
1 1024
1 1024
1 1024
1 1024
2 1024
2 1024
0 130
3 1024
2 1024
0 223
2 1024
0 270
1 1024
0 304
2 1024
0 17
1 1024
2 1024
1 1024
1 1024
2 1024
0 136
1 1024
0 316
1 1024
2 1024
2 1024
1 1024
1 1024
1 1024
1 1024
1 1024
1 1024
1 1024
1 1024
0 366
1 1024
0 207
1 1024
1 1024
1 1024
1 1024
2 1024
1 1024
1 1024
1 1024
1 1024
2 1024
1 1024
1 1024
2 1024
1 1024
1 1024
0 48
1 1024
2 1024
1 1024
1 1024
3 1024
0 26
2 1024
2 1024
1 1024
3 1024
3 1024
0 89
1 1024
3 1024
0 22
1 1024
2 1024
2 1024
1 1024
1 1024
1 1024
0 58
1 1024
0 35
3 1024
1 1024
1 1024
1 1024
1 1024
3 1024
0 17
2 1024
3 1024
1 1024
1 1024
2 1024
2 1024
0 63
2 1024
1 1024
0 13
3 1024
0 22
0 14
1 1024
0 977
3 1024
1 1024
1 1024
1 1024
1 1024
3 1024
3 1024
3 1024
2 1024
1 1024
1 1024
2 1024
2 1024
1 1024
2 1024
0 77
1 1024
1 1024
1 1024
3 1024
1 1024
1 1024
3 1024
0 16
2 1024
0 30
1 1024
2 1024
2 1024
2 1024
0 226
3 1024
0 20
1 1024
1 1024
1 1024
0 170
2 1024
3 1024
1 1024
1 1024
0 268
1 1024
0 206
2 1024
1 1024
1 1024
2 1024
1 1024
2 1024
1 1024
0 15
1 1024
2 1024
3 1024
1 1024
2 1024
0 121
0 54
1 1024
2 1024
1 1024
1 1024
0 17
0 206
2 1024
1 1024
3 1024
0 192
0 34
0 9
2 1024
2 1024
1 1024
1 1024
0 28
3 1024
2 1024
3 1024
2 1024
1 1024
3 1024
1 1024
1 1024
1 1024
0 112
1 1024
1 1024
4 1024
1 1024
1 1024
1 1024
0 198
0 29
3 1024
0 52
1 1024
1 1024
1 1024
1 1024
0 7
0 714
0 117
0 47
1 1024
0 105
1 1024
2 1024
1 1024
2 1024
1 1024
0 24
0 94
0 169
1 1024
0 7
2 1024
1 1024
1 1024
1 1024
0 292
1 1024
1 1024
2 1024
0 219
1 1024
1 1024
4 1024
3 1024
1 1024
1 1024
1 1024
2 1024
0 11
1 1024
1 1024
0 546
1 1024
0 29
2 1024
0 251
1 1024
2 1024
0 23
0 347
1 1024
2 1024
2 1024
0 9
1 1024
3 1024
2 1024
1 1024
1 1024
2 1024
2 1024
3 1024
1 1024
3 1024
1 1024
1 1024
2 1024
1 1024
2 1024
1 1024
0 35
1 1024
0 17
1 1024
1 1024
1 1024
0 13
1 1024
0 123
1 1024
1 1024
2 1024
2 1024
1 1024
2 1024
1 1024
2 1024
2 1024
0 15
1 1024
1 1024
0 91
1 1024
0 192
1 1024
3 1024
1 1024
2 1024
1 1024
2 1024
2 1024
0 10
1 1024
2 1024
0 186
1 1024
0 163
2 1024
3 1024
1 1024
2 1024
2 1024
2 1024
2 1024
2 1024
1 1024
1 1024
1 1024
1 1024
3 1024
2 1024
0 54
1 1024
2 1024
0 16
0 135
1 1024
1 1024
0 145
0 22
1 1024
0 8
1 1024
1 1024
1 1024
2 1024
0 150
0 67
0 567
0 130
3 1024
1 1024
1 1024
0 90
1 1024
2 1024
2 1024
0 16
2 1024
2 1024
1 1024
2 1024
0 34
2 1024
0 808
2 1024
0 23
3 1024
3 1024
1 1024
1 1024
0 11
0 24
1 1024
3 1024
0 211
2 1024
3 1024
1 1024
2 1024
1 1024
2 1024
1 1024
1 1024
0 44
2 1024
1 1024
2 1024
0 174
1 1024
2 1024
1 1024
1 1024
1 1024
2 1024
0 116
0 78
1 1024
2 1024
0 11
1 1024
0 9
0 36
1 1024
1 1024
3 1024
1 1024
