# SA for random K-SAT
# K = 3   N = 256   M = 1088   seed = 868826980
# alpha = 4.250000   nIter = 1024  Tmax = 0.200000
# 1:lowestUnsat  2:runTime
3 1024
0 456
3 1024
0 19
2 1024
2 1024
2 1024
2 1024
1 1024
3 1024
2 1024
0 200
0 451
3 1024
1 1024
2 1024
1 1024
1 1024
2 1024
5 1024
2 1024
2 1024
4 1024
1 1024
2 1024
2 1024
2 1024
3 1024
0 248
2 1024
3 1024
2 1024
2 1024
3 1024
2 1024
2 1024
2 1024
1 1024
2 1024
3 1024
1 1024
2 1024
1 1024
1 1024
1 1024
2 1024
4 1024
1 1024
0 37
2 1024
3 1024
2 1024
4 1024
5 1024
2 1024
4 1024
1 1024
1 1024
0 325
0 506
3 1024
1 1024
2 1024
2 1024
2 1024
4 1024
2 1024
4 1024
1 1024
4 1024
3 1024
1 1024
3 1024
3 1024
1 1024
2 1024
3 1024
2 1024
3 1024
1 1024
1 1024
7 1024
0 68
1 1024
2 1024
0 71
2 1024
4 1024
1 1024
1 1024
2 1024
1 1024
0 307
3 1024
1 1024
1 1024
3 1024
3 1024
1 1024
0 175
0 14
1 1024
2 1024
3 1024
1 1024
1 1024
4 1024
1 1024
2 1024
2 1024
2 1024
3 1024
1 1024
1 1024
0 208
1 1024
2 1024
2 1024
1 1024
0 71
1 1024
1 1024
1 1024
3 1024
1 1024
3 1024
0 41
1 1024
4 1024
3 1024
2 1024
5 1024
0 143
3 1024
4 1024
2 1024
0 277
0 101
1 1024
3 1024
1 1024
1 1024
2 1024
2 1024
2 1024
3 1024
1 1024
4 1024
1 1024
2 1024
1 1024
5 1024
1 1024
2 1024
1 1024
2 1024
1 1024
3 1024
1 1024
1 1024
1 1024
0 140
0 475
3 1024
1 1024
1 1024
2 1024
2 1024
1 1024
6 1024
4 1024
2 1024
2 1024
2 1024
3 1024
1 1024
2 1024
2 1024
3 1024
1 1024
1 1024
3 1024
1 1024
1 1024
2 1024
1 1024
3 1024
3 1024
2 1024
1 1024
0 116
3 1024
1 1024
2 1024
1 1024
2 1024
1 1024
1 1024
2 1024
2 1024
1 1024
2 1024
4 1024
3 1024
2 1024
1 1024
4 1024
1 1024
3 1024
2 1024
2 1024
3 1024
4 1024
2 1024
2 1024
2 1024
2 1024
1 1024
2 1024
2 1024
3 1024
0 61
2 1024
2 1024
2 1024
4 1024
2 1024
3 1024
2 1024
3 1024
3 1024
2 1024
2 1024
2 1024
1 1024
3 1024
3 1024
1 1024
1 1024
2 1024
1 1024
3 1024
1 1024
2 1024
1 1024
0 88
1 1024
0 285
3 1024
1 1024
3 1024
3 1024
1 1024
1 1024
1 1024
1 1024
2 1024
1 1024
3 1024
1 1024
2 1024
1 1024
3 1024
1 1024
1 1024
1 1024
2 1024
2 1024
1 1024
2 1024
1 1024
2 1024
1 1024
3 1024
3 1024
5 1024
2 1024
2 1024
0 204
5 1024
2 1024
1 1024
2 1024
2 1024
2 1024
1 1024
1 1024
2 1024
2 1024
2 1024
1 1024
1 1024
2 1024
1 1024
1 1024
2 1024
2 1024
3 1024
4 1024
1 1024
3 1024
4 1024
1 1024
3 1024
4 1024
2 1024
2 1024
1 1024
1 1024
3 1024
3 1024
2 1024
1 1024
4 1024
1 1024
3 1024
2 1024
0 66
4 1024
1 1024
2 1024
1 1024
3 1024
1 1024
1 1024
3 1024
1 1024
2 1024
2 1024
2 1024
2 1024
2 1024
3 1024
2 1024
1 1024
1 1024
1 1024
3 1024
6 1024
2 1024
2 1024
1 1024
2 1024
3 1024
2 1024
3 1024
3 1024
0 232
0 21
3 1024
2 1024
3 1024
4 1024
4 1024
2 1024
2 1024
3 1024
3 1024
1 1024
1 1024
3 1024
2 1024
3 1024
2 1024
0 238
4 1024
0 63
2 1024
1 1024
4 1024
0 349
1 1024
2 1024
2 1024
2 1024
4 1024
3 1024
2 1024
3 1024
2 1024
3 1024
0 892
0 150
2 1024
3 1024
1 1024
5 1024
2 1024
1 1024
2 1024
3 1024
2 1024
1 1024
2 1024
1 1024
3 1024
3 1024
0 41
2 1024
4 1024
1 1024
3 1024
0 420
1 1024
4 1024
0 203
3 1024
1 1024
4 1024
2 1024
1 1024
2 1024
1 1024
4 1024
3 1024
3 1024
2 1024
3 1024
0 152
2 1024
2 1024
3 1024
2 1024
2 1024
0 242
3 1024
1 1024
3 1024
3 1024
3 1024
2 1024
3 1024
1 1024
1 1024
3 1024
3 1024
2 1024
2 1024
2 1024
4 1024
3 1024
1 1024
2 1024
3 1024
1 1024
1 1024
1 1024
2 1024
3 1024
3 1024
1 1024
2 1024
0 173
0 286
1 1024
3 1024
4 1024
1 1024
3 1024
1 1024
2 1024
2 1024
3 1024
2 1024
1 1024
4 1024
1 1024
1 1024
0 156
1 1024
3 1024
2 1024
3 1024
2 1024
0 493
0 129
2 1024
1 1024
1 1024
3 1024
2 1024
1 1024
0 638
3 1024
3 1024
3 1024
3 1024
2 1024
3 1024
2 1024
1 1024
1 1024
3 1024
0 185
2 1024
2 1024
2 1024
2 1024
1 1024
1 1024
1 1024
2 1024
2 1024
1 1024
2 1024
3 1024
0 297
1 1024
2 1024
3 1024
1 1024
4 1024
2 1024
1 1024
1 1024
2 1024
1 1024
3 1024
2 1024
1 1024
1 1024
2 1024
2 1024
5 1024
2 1024
2 1024
2 1024
3 1024
1 1024
3 1024
1 1024
2 1024
1 1024
6 1024
3 1024
0 102
1 1024
1 1024
1 1024
2 1024
3 1024
1 1024
2 1024
2 1024
1 1024
2 1024
1 1024
4 1024
1 1024
3 1024
2 1024
1 1024
2 1024
0 150
2 1024
3 1024
3 1024
0 169
1 1024
1 1024
4 1024
2 1024
4 1024
2 1024
4 1024
1 1024
2 1024
1 1024
3 1024
2 1024
2 1024
2 1024
1 1024
3 1024
2 1024
1 1024
2 1024
3 1024
2 1024
3 1024
2 1024
1 1024
3 1024
3 1024
4 1024
4 1024
1 1024
1 1024
3 1024
2 1024
3 1024
1 1024
2 1024
2 1024
1 1024
2 1024
4 1024
2 1024
2 1024
0 107
2 1024
2 1024
3 1024
1 1024
1 1024
1 1024
2 1024
1 1024
1 1024
2 1024
3 1024
0 249
2 1024
3 1024
2 1024
2 1024
3 1024
1 1024
1 1024
2 1024
1 1024
0 579
0 191
1 1024
4 1024
2 1024
1 1024
0 204
2 1024
1 1024
2 1024
1 1024
4 1024
3 1024
1 1024
1 1024
3 1024
3 1024
2 1024
4 1024
4 1024
2 1024
1 1024
1 1024
3 1024
3 1024
1 1024
3 1024
1 1024
1 1024
1 1024
2 1024
1 1024
1 1024
2 1024
5 1024
2 1024
3 1024
3 1024
3 1024
1 1024
2 1024
1 1024
3 1024
0 36
1 1024
3 1024
2 1024
3 1024
2 1024
5 1024
2 1024
0 19
2 1024
0 646
2 1024
1 1024
2 1024
1 1024
4 1024
3 1024
3 1024
3 1024
3 1024
2 1024
3 1024
2 1024
1 1024
1 1024
5 1024
2 1024
3 1024
3 1024
2 1024
1 1024
3 1024
1 1024
1 1024
3 1024
2 1024
2 1024
3 1024
1 1024
1 1024
2 1024
1 1024
0 374
1 1024
1 1024
2 1024
1 1024
2 1024
4 1024
1 1024
4 1024
2 1024
1 1024
1 1024
3 1024
2 1024
2 1024
3 1024
1 1024
2 1024
2 1024
0 97
2 1024
3 1024
3 1024
1 1024
3 1024
3 1024
2 1024
3 1024
2 1024
2 1024
3 1024
1 1024
1 1024
4 1024
2 1024
0 521
3 1024
2 1024
1 1024
3 1024
5 1024
2 1024
2 1024
2 1024
2 1024
1 1024
1 1024
2 1024
1 1024
2 1024
4 1024
1 1024
1 1024
3 1024
3 1024
2 1024
1 1024
0 229
1 1024
3 1024
0 555
1 1024
1 1024
3 1024
3 1024
0 169
0 77
2 1024
1 1024
3 1024
1 1024
2 1024
0 224
2 1024
0 255
3 1024
3 1024
0 158
2 1024
3 1024
0 191
0 428
0 256
1 1024
0 632
0 98
0 472
2 1024
1 1024
2 1024
0 331
3 1024
2 1024
2 1024
2 1024
1 1024
2 1024
1 1024
3 1024
4 1024
3 1024
1 1024
2 1024
2 1024
2 1024
1 1024
0 611
2 1024
3 1024
3 1024
2 1024
1 1024
3 1024
2 1024
2 1024
3 1024
1 1024
1 1024
3 1024
3 1024
1 1024
4 1024
1 1024
1 1024
3 1024
1 1024
4 1024
4 1024
2 1024
0 384
4 1024
1 1024
4 1024
2 1024
0 338
2 1024
3 1024
3 1024
0 147
1 1024
1 1024
3 1024
3 1024
0 747
1 1024
2 1024
1 1024
3 1024
1 1024
1 1024
2 1024
3 1024
2 1024
1 1024
1 1024
2 1024
3 1024
0 255
4 1024
2 1024
1 1024
3 1024
4 1024
3 1024
4 1024
0 107
1 1024
1 1024
3 1024
3 1024
0 276
1 1024
3 1024
0 27
1 1024
0 188
2 1024
2 1024
3 1024
3 1024
2 1024
1 1024
1 1024
2 1024
3 1024
0 604
2 1024
2 1024
4 1024
1 1024
2 1024
1 1024
0 173
0 399
1 1024
3 1024
3 1024
2 1024
2 1024
3 1024
4 1024
3 1024
1 1024
4 1024
3 1024
2 1024
2 1024
1 1024
1 1024
3 1024
5 1024
5 1024
2 1024
2 1024
2 1024
2 1024
1 1024
0 82
0 289
1 1024
3 1024
3 1024
3 1024
2 1024
0 200
3 1024
3 1024
2 1024
0 145
3 1024
0 59
3 1024
1 1024
3 1024
1 1024
3 1024
3 1024
2 1024
0 83
1 1024
3 1024
1 1024
1 1024
2 1024
3 1024
0 435
2 1024
0 310
2 1024
1 1024
3 1024
2 1024
2 1024
4 1024
3 1024
2 1024
3 1024
4 1024
0 192
0 326
4 1024
4 1024
2 1024
2 1024
1 1024
1 1024
4 1024
3 1024
1 1024
2 1024
1 1024
1 1024
4 1024
4 1024
2 1024
0 889
1 1024
0 750
2 1024
2 1024
1 1024
1 1024
2 1024
3 1024
0 339
3 1024
2 1024
2 1024
3 1024
3 1024
0 56
3 1024
1 1024
3 1024
3 1024
2 1024
0 74
1 1024
3 1024
1 1024
5 1024
3 1024
2 1024
0 116
2 1024
2 1024
2 1024
1 1024
2 1024
2 1024
0 78
2 1024
3 1024
3 1024
3 1024
2 1024
2 1024
1 1024
1 1024
2 1024
1 1024
1 1024
2 1024
2 1024
4 1024
1 1024
0 30
3 1024
2 1024
1 1024
2 1024
2 1024
1 1024
2 1024
1 1024
3 1024
1 1024
3 1024
5 1024
1 1024
2 1024
1 1024
3 1024
3 1024
2 1024
1 1024
4 1024
7 1024
3 1024
3 1024
0 316
1 1024
3 1024
2 1024
2 1024
2 1024
2 1024
1 1024
2 1024
0 299
2 1024
2 1024
0 50
1 1024
3 1024
4 1024
1 1024
1 1024
1 1024
2 1024
2 1024
0 18
3 1024
2 1024
2 1024
1 1024
1 1024
5 1024
2 1024
0 116
2 1024
0 309
1 1024
2 1024
0 676
3 1024
1 1024
4 1024
0 19
2 1024
2 1024
0 22
4 1024
3 1024
1 1024
1 1024
3 1024
3 1024
1 1024
4 1024
0 78
3 1024
3 1024
0 804
0 97
0 84
2 1024
4 1024
2 1024
1 1024
2 1024
3 1024
2 1024
1 1024
4 1024
2 1024
1 1024
0 49
2 1024
0 974
1 1024
1 1024
2 1024
3 1024
3 1024
5 1024
0 170
0 165
1 1024
1 1024
1 1024
2 1024
1 1024
2 1024
2 1024
1 1024
1 1024
2 1024
2 1024
2 1024
4 1024
0 372
1 1024
0 201
3 1024
1 1024
1 1024
2 1024
1 1024
4 1024
2 1024
3 1024
3 1024
1 1024
0 338
1 1024
3 1024
1 1024
4 1024
2 1024
2 1024
2 1024
3 1024
0 40
3 1024
1 1024
2 1024
1 1024
5 1024
3 1024
3 1024
0 76
2 1024
2 1024
2 1024
3 1024
1 1024
1 1024
3 1024
1 1024
3 1024
1 1024
4 1024
0 249
5 1024
2 1024
3 1024
1 1024
2 1024
2 1024
4 1024
2 1024
3 1024
2 1024
4 1024
2 1024
1 1024
1 1024
3 1024
1 1024
4 1024
3 1024
1 1024
4 1024
3 1024
1 1024
0 46
1 1024
0 105
2 1024
1 1024
1 1024
2 1024
2 1024
1 1024
1 1024
2 1024
1 1024
4 1024
1 1024
3 1024
2 1024
1 1024
3 1024
1 1024
2 1024
3 1024
3 1024
4 1024
1 1024
6 1024
1 1024
2 1024
2 1024
2 1024
1 1024
1 1024
4 1024
2 1024
4 1024
2 1024
2 1024
4 1024
0 192
1 1024
1 1024
3 1024
0 20
5 1024
2 1024
3 1024
3 1024
3 1024
4 1024
2 1024
2 1024
2 1024
3 1024
5 1024
2 1024
1 1024
0 89
3 1024
2 1024
1 1024
3 1024
1 1024
4 1024
2 1024
2 1024
1 1024
1 1024
1 1024
2 1024
3 1024
2 1024
1 1024
2 1024
1 1024
1 1024
1 1024
3 1024
1 1024
2 1024
4 1024
3 1024
3 1024
2 1024
2 1024
2 1024
0 154
3 1024
4 1024
2 1024
3 1024
1 1024
1 1024
0 89
2 1024
1 1024
3 1024
0 110
2 1024
2 1024
1 1024
3 1024
2 1024
1 1024
1 1024
4 1024
3 1024
1 1024
4 1024
0 490
3 1024
3 1024
5 1024
3 1024
1 1024
2 1024
3 1024
2 1024
4 1024
1 1024
1 1024
2 1024
3 1024
2 1024
1 1024
0 763
0 125
0 22
2 1024
3 1024
3 1024
2 1024
2 1024
0 48
2 1024
0 606
2 1024
1 1024
1 1024
1 1024
0 31
3 1024
3 1024
2 1024
4 1024
0 54
0 1021
3 1024
4 1024
2 1024
3 1024
3 1024
2 1024
2 1024
1 1024
3 1024
2 1024
4 1024
2 1024
1 1024
3 1024
3 1024
4 1024
2 1024
2 1024
1 1024
1 1024
0 40
5 1024
4 1024
6 1024
3 1024
2 1024
0 420
3 1024
2 1024
0 19
1 1024
2 1024
2 1024
2 1024
4 1024
0 67
1 1024
1 1024
0 554
1 1024
3 1024
0 52
1 1024
1 1024
5 1024
0 40
2 1024
3 1024
2 1024
3 1024
3 1024
2 1024
6 1024
1 1024
2 1024
1 1024
1 1024
0 326
2 1024
1 1024
2 1024
2 1024
3 1024
1 1024
3 1024
1 1024
2 1024
1 1024
1 1024
2 1024
2 1024
1 1024
4 1024
0 161
0 593
2 1024
2 1024
6 1024
2 1024
1 1024
0 96
3 1024
0 360
1 1024
4 1024
0 76
3 1024
0 257
3 1024
4 1024
2 1024
1 1024
0 87
4 1024
3 1024
2 1024
3 1024
2 1024
2 1024
2 1024
1 1024
4 1024
2 1024
2 1024
1 1024
2 1024
2 1024
2 1024
4 1024
2 1024
1 1024
2 1024
1 1024
2 1024
2 1024
2 1024
2 1024
2 1024
3 1024
2 1024
4 1024
1 1024
1 1024
0 703
1 1024
2 1024
0 300
2 1024
3 1024
5 1024
3 1024
2 1024
2 1024
3 1024
2 1024
2 1024
1 1024
1 1024
2 1024
1 1024
1 1024
2 1024
2 1024
3 1024
1 1024
0 52
2 1024
5 1024
3 1024
0 100
2 1024
2 1024
4 1024
3 1024
2 1024
2 1024
1 1024
2 1024
1 1024
2 1024
2 1024
4 1024
1 1024
0 31
1 1024
3 1024
1 1024
2 1024
2 1024
1 1024
0 787
3 1024
1 1024
3 1024
4 1024
2 1024
3 1024
1 1024
2 1024
3 1024
2 1024
2 1024
3 1024
1 1024
2 1024
3 1024
2 1024
3 1024
1 1024
1 1024
0 217
1 1024
4 1024
3 1024
3 1024
2 1024
0 58
1 1024
1 1024
2 1024
1 1024
3 1024
1 1024
2 1024
2 1024
1 1024
1 1024
2 1024
3 1024
1 1024
1 1024
0 225
0 658
1 1024
1 1024
3 1024
3 1024
1 1024
2 1024
1 1024
2 1024
2 1024
2 1024
0 154
1 1024
1 1024
2 1024
3 1024
2 1024
1 1024
2 1024
2 1024
1 1024
2 1024
2 1024
1 1024
1 1024
1 1024
1 1024
2 1024
2 1024
2 1024
1 1024
1 1024
1 1024
1 1024
4 1024
0 13
1 1024
3 1024
3 1024
1 1024
2 1024
3 1024
3 1024
2 1024
2 1024
2 1024
2 1024
2 1024
3 1024
1 1024
3 1024
0 23
2 1024
2 1024
2 1024
0 267
0 539
1 1024
2 1024
2 1024
1 1024
1 1024
2 1024
1 1024
2 1024
0 349
1 1024
2 1024
2 1024
5 1024
3 1024
1 1024
1 1024
0 83
2 1024
4 1024
2 1024
0 69
2 1024
1 1024
1 1024
4 1024
1 1024
2 1024
0 113
0 200
2 1024
3 1024
2 1024
3 1024
1 1024
4 1024
1 1024
3 1024
2 1024
1 1024
1 1024
0 266
4 1024
1 1024
0 523
3 1024
1 1024
2 1024
2 1024
2 1024
1 1024
3 1024
4 1024
3 1024
1 1024
1 1024
3 1024
0 572
4 1024
3 1024
3 1024
2 1024
3 1024
4 1024
4 1024
1 1024
1 1024
3 1024
0 319
1 1024
2 1024
1 1024
0 729
1 1024
1 1024
3 1024
2 1024
3 1024
2 1024
2 1024
4 1024
1 1024
0 267
1 1024
1 1024
0 180
0 184
0 109
1 1024
0 59
2 1024
2 1024
0 164
1 1024
0 495
1 1024
3 1024
2 1024
2 1024
1 1024
2 1024
3 1024
0 303
3 1024
1 1024
3 1024
1 1024
4 1024
2 1024
0 798
0 170
2 1024
1 1024
1 1024
0 888
3 1024
0 322
3 1024
1 1024
1 1024
2 1024
2 1024
2 1024
1 1024
1 1024
3 1024
0 685
1 1024
1 1024
3 1024
3 1024
3 1024
1 1024
1 1024
3 1024
2 1024
3 1024
2 1024
1 1024
0 26
0 50
2 1024
1 1024
1 1024
2 1024
3 1024
3 1024
3 1024
3 1024
2 1024
4 1024
1 1024
0 317
2 1024
1 1024
1 1024
2 1024
4 1024
1 1024
2 1024
3 1024
3 1024
3 1024
3 1024
6 1024
1 1024
3 1024
2 1024
2 1024
2 1024
4 1024
3 1024
3 1024
1 1024
2 1024
2 1024
1 1024
1 1024
1 1024
0 873
0 24
1 1024
2 1024
2 1024
3 1024
4 1024
5 1024
4 1024
1 1024
2 1024
1 1024
1 1024
2 1024
4 1024
3 1024
3 1024
2 1024
2 1024
1 1024
2 1024
6 1024
2 1024
1 1024
0 114
1 1024
2 1024
0 151
4 1024
3 1024
1 1024
2 1024
3 1024
1 1024
2 1024
3 1024
2 1024
4 1024
3 1024
1 1024
0 23
1 1024
1 1024
1 1024
2 1024
3 1024
0 111
1 1024
3 1024
0 121
2 1024
1 1024
2 1024
2 1024
1 1024
1 1024
3 1024
2 1024
3 1024
2 1024
2 1024
0 307
2 1024
2 1024
3 1024
0 125
2 1024
2 1024
2 1024
2 1024
0 210
1 1024
2 1024
1 1024
3 1024
3 1024
1 1024
2 1024
2 1024
3 1024
2 1024
3 1024
2 1024
3 1024
2 1024
2 1024
2 1024
3 1024
0 111
4 1024
1 1024
2 1024
4 1024
3 1024
2 1024
4 1024
2 1024
3 1024
1 1024
0 348
1 1024
4 1024
1 1024
1 1024
0 38
1 1024
1 1024
1 1024
4 1024
1 1024
4 1024
1 1024
3 1024
3 1024
0 140
2 1024
1 1024
2 1024
1 1024
2 1024
1 1024
0 461
1 1024
2 1024
3 1024
1 1024
3 1024
3 1024
1 1024
3 1024
3 1024
1 1024
0 209
2 1024
2 1024
1 1024
1 1024
0 141
3 1024
3 1024
3 1024
2 1024
4 1024
4 1024
3 1024
2 1024
0 683
1 1024
1 1024
2 1024
1 1024
2 1024
1 1024
2 1024
1 1024
2 1024
1 1024
2 1024
2 1024
2 1024
3 1024
2 1024
1 1024
2 1024
3 1024
3 1024
3 1024
2 1024
2 1024
1 1024
1 1024
3 1024
0 856
4 1024
1 1024
2 1024
1 1024
3 1024
4 1024
2 1024
2 1024
3 1024
1 1024
3 1024
2 1024
2 1024
2 1024
0 164
3 1024
1 1024
3 1024
3 1024
3 1024
1 1024
2 1024
1 1024
2 1024
3 1024
3 1024
2 1024
2 1024
3 1024
2 1024
1 1024
0 681
3 1024
2 1024
3 1024
4 1024
1 1024
3 1024
1 1024
0 306
4 1024
1 1024
2 1024
1 1024
2 1024
1 1024
3 1024
1 1024
2 1024
1 1024
3 1024
4 1024
0 137
3 1024
2 1024
2 1024
4 1024
2 1024
1 1024
1 1024
3 1024
2 1024
1 1024
3 1024
3 1024
2 1024
4 1024
0 735
0 160
0 54
1 1024
1 1024
2 1024
1 1024
1 1024
1 1024
2 1024
1 1024
4 1024
4 1024
1 1024
2 1024
2 1024
3 1024
2 1024
1 1024
1 1024
2 1024
3 1024
1 1024
2 1024
2 1024
2 1024
2 1024
4 1024
2 1024
2 1024
1 1024
1 1024
3 1024
2 1024
0 358
4 1024
1 1024
3 1024
1 1024
3 1024
2 1024
3 1024
2 1024
3 1024
1 1024
0 426
2 1024
3 1024
3 1024
3 1024
2 1024
2 1024
2 1024
2 1024
3 1024
5 1024
2 1024
2 1024
5 1024
3 1024
3 1024
3 1024
3 1024
2 1024
2 1024
6 1024
2 1024
1 1024
1 1024
1 1024
4 1024
1 1024
4 1024
0 998
4 1024
1 1024
1 1024
2 1024
1 1024
2 1024
1 1024
3 1024
2 1024
2 1024
1 1024
1 1024
3 1024
1 1024
8 1024
1 1024
1 1024
2 1024
0 193
2 1024
0 190
1 1024
0 685
3 1024
3 1024
2 1024
0 54
2 1024
1 1024
1 1024
2 1024
3 1024
1 1024
2 1024
2 1024
4 1024
1 1024
1 1024
1 1024
2 1024
4 1024
5 1024
3 1024
2 1024
1 1024
1 1024
2 1024
2 1024
1 1024
4 1024
3 1024
1 1024
3 1024
4 1024
3 1024
2 1024
1 1024
3 1024
1 1024
1 1024
3 1024
2 1024
3 1024
3 1024
0 105
2 1024
1 1024
2 1024
2 1024
2 1024
2 1024
2 1024
2 1024
4 1024
1 1024
3 1024
3 1024
0 75
3 1024
4 1024
0 158
2 1024
2 1024
1 1024
0 53
3 1024
0 230
1 1024
4 1024
2 1024
1 1024
1 1024
0 54
2 1024
2 1024
2 1024
1 1024
3 1024
1 1024
2 1024
1 1024
3 1024
1 1024
3 1024
3 1024
2 1024
3 1024
3 1024
0 711
1 1024
2 1024
2 1024
2 1024
1 1024
3 1024
3 1024
1 1024
1 1024
0 425
4 1024
3 1024
2 1024
2 1024
0 279
1 1024
1 1024
5 1024
3 1024
0 835
4 1024
1 1024
3 1024
3 1024
0 260
2 1024
5 1024
4 1024
2 1024
2 1024
2 1024
1 1024
1 1024
1 1024
1 1024
3 1024
3 1024
2 1024
2 1024
3 1024
0 141
0 417
1 1024
0 462
4 1024
1 1024
5 1024
1 1024
3 1024
4 1024
2 1024
0 682
2 1024
2 1024
2 1024
2 1024
1 1024
1 1024
1 1024
2 1024
2 1024
2 1024
3 1024
3 1024
2 1024
1 1024
3 1024
1 1024
2 1024
2 1024
2 1024
4 1024
4 1024
3 1024
1 1024
3 1024
3 1024
4 1024
1 1024
3 1024
1 1024
4 1024
1 1024
1 1024
1 1024
2 1024
3 1024
3 1024
2 1024
2 1024
3 1024
1 1024
4 1024
2 1024
2 1024
1 1024
3 1024
2 1024
2 1024
3 1024
1 1024
3 1024
1 1024
2 1024
1 1024
3 1024
2 1024
3 1024
1 1024
2 1024
3 1024
0 99
1 1024
3 1024
4 1024
3 1024
3 1024
3 1024
3 1024
2 1024
0 64
3 1024
1 1024
3 1024
4 1024
1 1024
2 1024
4 1024
2 1024
2 1024
2 1024
1 1024
2 1024
1 1024
0 184
0 103
1 1024
5 1024
0 127
1 1024
3 1024
0 263
2 1024
1 1024
2 1024
0 78
1 1024
2 1024
3 1024
3 1024
0 222
1 1024
3 1024
2 1024
2 1024
3 1024
1 1024
2 1024
1 1024
2 1024
2 1024
1 1024
1 1024
4 1024
2 1024
1 1024
2 1024
6 1024
2 1024
1 1024
1 1024
2 1024
2 1024
2 1024
1 1024
4 1024
3 1024
1 1024
5 1024
1 1024
1 1024
4 1024
1 1024
0 42
3 1024
0 146
0 109
4 1024
2 1024
2 1024
1 1024
1 1024
2 1024
4 1024
1 1024
0 34
2 1024
2 1024
1 1024
0 168
1 1024
3 1024
1 1024
2 1024
1 1024
3 1024
2 1024
2 1024
4 1024
3 1024
3 1024
1 1024
1 1024
2 1024
3 1024
3 1024
4 1024
0 371
1 1024
1 1024
0 519
5 1024
5 1024
3 1024
2 1024
4 1024
2 1024
2 1024
0 250
4 1024
1 1024
0 274
3 1024
1 1024
4 1024
1 1024
2 1024
1 1024
2 1024
1 1024
1 1024
0 88
1 1024
3 1024
0 63
3 1024
1 1024
1 1024
1 1024
3 1024
1 1024
4 1024
2 1024
2 1024
2 1024
4 1024
1 1024
1 1024
3 1024
3 1024
1 1024
1 1024
1 1024
2 1024
2 1024
2 1024
1 1024
1 1024
0 50
0 321
0 417
4 1024
1 1024
3 1024
1 1024
1 1024
2 1024
2 1024
3 1024
2 1024
2 1024
3 1024
4 1024
3 1024
2 1024
4 1024
3 1024
0 476
1 1024
2 1024
0 258
4 1024
3 1024
1 1024
3 1024
1 1024
3 1024
1 1024
0 117
1 1024
2 1024
1 1024
1 1024
1 1024
2 1024
4 1024
1 1024
4 1024
3 1024
1 1024
1 1024
1 1024
1 1024
0 416
2 1024
3 1024
2 1024
5 1024
2 1024
2 1024
3 1024
1 1024
0 96
1 1024
1 1024
3 1024
2 1024
2 1024
2 1024
2 1024
2 1024
2 1024
3 1024
3 1024
2 1024
2 1024
1 1024
4 1024
3 1024
0 733
3 1024
3 1024
4 1024
1 1024
6 1024
3 1024
2 1024
3 1024
1 1024
1 1024
3 1024
2 1024
1 1024
1 1024
0 304
3 1024
1 1024
2 1024
4 1024
3 1024
2 1024
3 1024
3 1024
0 373
0 128
0 325
1 1024
3 1024
0 52
2 1024
2 1024
2 1024
1 1024
1 1024
1 1024
2 1024
4 1024
1 1024
4 1024
4 1024
4 1024
3 1024
2 1024
2 1024
2 1024
1 1024
2 1024
3 1024
2 1024
4 1024
2 1024
3 1024
1 1024
1 1024
3 1024
3 1024
0 92
1 1024
1 1024
3 1024
1 1024
2 1024
2 1024
2 1024
1 1024
1 1024
2 1024
2 1024
1 1024
1 1024
1 1024
3 1024
2 1024
1 1024
2 1024
0 179
2 1024
1 1024
1 1024
1 1024
3 1024
0 110
1 1024
2 1024
1 1024
3 1024
1 1024
0 49
1 1024
2 1024
1 1024
1 1024
3 1024
1 1024
1 1024
1 1024
2 1024
1 1024
4 1024
2 1024
1 1024
2 1024
2 1024
3 1024
1 1024
4 1024
2 1024
1 1024
2 1024
2 1024
3 1024
0 138
4 1024
2 1024
2 1024
4 1024
2 1024
3 1024
2 1024
3 1024
3 1024
2 1024
1 1024
2 1024
2 1024
1 1024
3 1024
1 1024
0 423
2 1024
1 1024
2 1024
2 1024
1 1024
1 1024
1 1024
2 1024
3 1024
3 1024
0 79
2 1024
2 1024
2 1024
5 1024
2 1024
1 1024
2 1024
2 1024
2 1024
7 1024
1 1024
3 1024
1 1024
0 175
3 1024
1 1024
4 1024
3 1024
1 1024
1 1024
3 1024
2 1024
2 1024
3 1024
3 1024
1 1024
2 1024
3 1024
0 358
1 1024
1 1024
1 1024
2 1024
3 1024
1 1024
1 1024
2 1024
2 1024
1 1024
1 1024
1 1024
3 1024
1 1024
4 1024
2 1024
0 82
4 1024
0 115
2 1024
2 1024
2 1024
1 1024
1 1024
1 1024
5 1024
3 1024
1 1024
2 1024
2 1024
2 1024
2 1024
1 1024
2 1024
5 1024
2 1024
3 1024
3 1024
2 1024
3 1024
4 1024
1 1024
4 1024
1 1024
2 1024
2 1024
1 1024
2 1024
2 1024
3 1024
0 57
1 1024
4 1024
1 1024
0 141
0 81
2 1024
1 1024
2 1024
0 89
3 1024
2 1024
0 525
2 1024
1 1024
2 1024
0 52
3 1024
2 1024
5 1024
2 1024
1 1024
3 1024
0 184
0 265
3 1024
1 1024
2 1024
1 1024
1 1024
3 1024
3 1024
1 1024
1 1024
4 1024
1 1024
1 1024
1 1024
2 1024
3 1024
1 1024
3 1024
1 1024
2 1024
3 1024
1 1024
0 50
1 1024
1 1024
2 1024
2 1024
1 1024
1 1024
2 1024
1 1024
3 1024
2 1024
1 1024
0 181
1 1024
3 1024
2 1024
2 1024
4 1024
1 1024
3 1024
1 1024
2 1024
1 1024
3 1024
4 1024
1 1024
2 1024
1 1024
3 1024
3 1024
3 1024
2 1024
0 92
2 1024
1 1024
2 1024
1 1024
2 1024
1 1024
0 175
4 1024
4 1024
3 1024
2 1024
1 1024
2 1024
2 1024
3 1024
2 1024
1 1024
2 1024
4 1024
4 1024
2 1024
2 1024
3 1024
0 311
2 1024
3 1024
2 1024
2 1024
1 1024
1 1024
1 1024
2 1024
2 1024
0 203
1 1024
2 1024
2 1024
0 69
5 1024
1 1024
0 126
2 1024
2 1024
4 1024
4 1024
2 1024
2 1024
1 1024
2 1024
2 1024
2 1024
3 1024
3 1024
4 1024
2 1024
4 1024
3 1024
2 1024
0 164
0 153
1 1024
2 1024
2 1024
2 1024
1 1024
2 1024
1 1024
2 1024
2 1024
2 1024
1 1024
3 1024
1 1024
0 281
3 1024
2 1024
3 1024
3 1024
4 1024
3 1024
1 1024
2 1024
2 1024
1 1024
3 1024
1 1024
2 1024
3 1024
0 705
1 1024
4 1024
2 1024
1 1024
1 1024
1 1024
1 1024
1 1024
1 1024
2 1024
2 1024
2 1024
1 1024
2 1024
1 1024
2 1024
4 1024
1 1024
0 467
5 1024
2 1024
2 1024
3 1024
2 1024
3 1024
3 1024
2 1024
4 1024
2 1024
0 177
3 1024
2 1024
2 1024
1 1024
5 1024
1 1024
2 1024
1 1024
1 1024
2 1024
3 1024
3 1024
1 1024
1 1024
1 1024
2 1024
3 1024
3 1024
1 1024
5 1024
1 1024
3 1024
1 1024
0 352
4 1024
2 1024
2 1024
0 127
2 1024
5 1024
3 1024
2 1024
1 1024
1 1024
1 1024
1 1024
1 1024
2 1024
5 1024
1 1024
1 1024
2 1024
2 1024
1 1024
2 1024
2 1024
1 1024
3 1024
4 1024
4 1024
2 1024
4 1024
4 1024
1 1024
2 1024
3 1024
2 1024
1 1024
2 1024
1 1024
0 112
0 457
1 1024
2 1024
1 1024
1 1024
1 1024
0 719
1 1024
3 1024
1 1024
0 37
3 1024
0 227
3 1024
0 335
2 1024
3 1024
0 164
1 1024
1 1024
1 1024
1 1024
3 1024
1 1024
3 1024
0 84
2 1024
2 1024
4 1024
2 1024
0 181
2 1024
5 1024
0 329
3 1024
1 1024
2 1024
0 45
3 1024
2 1024
1 1024
2 1024
3 1024
0 333
2 1024
2 1024
3 1024
1 1024
2 1024
0 667
4 1024
1 1024
3 1024
1 1024
1 1024
1 1024
2 1024
4 1024
1 1024
3 1024
2 1024
2 1024
1 1024
1 1024
4 1024
3 1024
4 1024
3 1024
0 84
1 1024
3 1024
2 1024
2 1024
2 1024
3 1024
1 1024
0 226
5 1024
2 1024
1 1024
2 1024
2 1024
3 1024
3 1024
2 1024
3 1024
2 1024
2 1024
3 1024
0 81
4 1024
2 1024
2 1024
2 1024
1 1024
1 1024
4 1024
4 1024
2 1024
4 1024
4 1024
1 1024
5 1024
0 96
0 793
1 1024
3 1024
1 1024
3 1024
1 1024
4 1024
3 1024
0 780
1 1024
1 1024
2 1024
0 275
2 1024
2 1024
2 1024
3 1024
1 1024
1 1024
3 1024
0 55
1 1024
1 1024
1 1024
2 1024
2 1024
0 247
2 1024
4 1024
4 1024
1 1024
1 1024
0 282
4 1024
1 1024
3 1024
2 1024
0 122
4 1024
1 1024
2 1024
2 1024
1 1024
6 1024
3 1024
5 1024
4 1024
1 1024
2 1024
1 1024
5 1024
1 1024
2 1024
0 65
1 1024
1 1024
2 1024
1 1024
1 1024
1 1024
2 1024
2 1024
1 1024
1 1024
1 1024
1 1024
1 1024
2 1024
5 1024
1 1024
3 1024
2 1024
3 1024
0 978
2 1024
0 121
4 1024
3 1024
0 461
1 1024
2 1024
1 1024
2 1024
1 1024
0 98
2 1024
2 1024
3 1024
1 1024
2 1024
2 1024
4 1024
2 1024
2 1024
2 1024
4 1024
1 1024
4 1024
1 1024
2 1024
2 1024
3 1024
3 1024
0 428
2 1024
1 1024
2 1024
2 1024
2 1024
3 1024
4 1024
2 1024
1 1024
2 1024
0 41
2 1024
3 1024
3 1024
2 1024
0 171
1 1024
1 1024
4 1024
2 1024
0 44
2 1024
5 1024
3 1024
1 1024
1 1024
3 1024
1 1024
3 1024
1 1024
5 1024
1 1024
3 1024
3 1024
3 1024
3 1024
2 1024
4 1024
2 1024
2 1024
1 1024
4 1024
2 1024
2 1024
0 69
4 1024
4 1024
1 1024
1 1024
2 1024
3 1024
2 1024
4 1024
0 231
3 1024
2 1024
1 1024
2 1024
2 1024
0 72
1 1024
4 1024
2 1024
1 1024
2 1024
1 1024
3 1024
2 1024
2 1024
3 1024
2 1024
1 1024
0 117
1 1024
1 1024
4 1024
0 108
1 1024
0 54
3 1024
2 1024
0 411
3 1024
4 1024
2 1024
2 1024
1 1024
2 1024
2 1024
2 1024
2 1024
3 1024
1 1024
2 1024
3 1024
1 1024
3 1024
2 1024
2 1024
1 1024
0 644
3 1024
3 1024
2 1024
3 1024
2 1024
2 1024
2 1024
2 1024
3 1024
4 1024
2 1024
1 1024
2 1024
3 1024
2 1024
1 1024
6 1024
1 1024
1 1024
2 1024
3 1024
1 1024
0 380
2 1024
1 1024
1 1024
0 163
1 1024
1 1024
2 1024
2 1024
2 1024
2 1024
1 1024
2 1024
2 1024
1 1024
3 1024
1 1024
2 1024
2 1024
3 1024
1 1024
1 1024
1 1024
2 1024
2 1024
1 1024
0 108
3 1024
2 1024
1 1024
1 1024
1 1024
4 1024
2 1024
1 1024
3 1024
1 1024
2 1024
3 1024
3 1024
3 1024
3 1024
1 1024
2 1024
1 1024
2 1024
1 1024
2 1024
2 1024
1 1024
3 1024
2 1024
1 1024
3 1024
1 1024
1 1024
4 1024
1 1024
4 1024
0 48
2 1024
2 1024
2 1024
3 1024
3 1024
1 1024
0 97
2 1024
1 1024
1 1024
1 1024
4 1024
3 1024
0 125
2 1024
0 86
2 1024
1 1024
2 1024
2 1024
3 1024
2 1024
0 209
3 1024
1 1024
0 72
2 1024
2 1024
1 1024
3 1024
2 1024
3 1024
0 200
1 1024
3 1024
1 1024
1 1024
3 1024
2 1024
3 1024
3 1024
2 1024
3 1024
2 1024
5 1024
0 195
1 1024
2 1024
4 1024
2 1024
1 1024
2 1024
3 1024
4 1024
2 1024
2 1024
5 1024
1 1024
1 1024
3 1024
3 1024
3 1024
2 1024
3 1024
2 1024
2 1024
4 1024
1 1024
3 1024
0 16
3 1024
2 1024
2 1024
3 1024
3 1024
4 1024
3 1024
3 1024
3 1024
0 81
2 1024
2 1024
0 27
2 1024
3 1024
2 1024
2 1024
4 1024
2 1024
1 1024
1 1024
2 1024
1 1024
4 1024
1 1024
2 1024
2 1024
2 1024
4 1024
3 1024
2 1024
3 1024
2 1024
2 1024
1 1024
5 1024
3 1024
2 1024
4 1024
1 1024
4 1024
2 1024
3 1024
0 90
3 1024
2 1024
2 1024
0 451
0 134
2 1024
1 1024
3 1024
3 1024
2 1024
2 1024
1 1024
1 1024
2 1024
1 1024
2 1024
3 1024
0 929
2 1024
2 1024
4 1024
3 1024
1 1024
2 1024
2 1024
1 1024
2 1024
3 1024
1 1024
1 1024
2 1024
1 1024
2 1024
3 1024
2 1024
4 1024
0 160
1 1024
1 1024
1 1024
2 1024
7 1024
1 1024
3 1024
2 1024
2 1024
3 1024
1 1024
1 1024
2 1024
2 1024
1 1024
3 1024
2 1024
1 1024
2 1024
1 1024
3 1024
3 1024
1 1024
2 1024
3 1024
2 1024
1 1024
1 1024
2 1024
2 1024
3 1024
2 1024
3 1024
1 1024
2 1024
3 1024
3 1024
2 1024
1 1024
1 1024
2 1024
1 1024
3 1024
1 1024
0 142
1 1024
5 1024
2 1024
3 1024
3 1024
1 1024
2 1024
3 1024
3 1024
1 1024
2 1024
1 1024
4 1024
3 1024
2 1024
1 1024
6 1024
2 1024
2 1024
5 1024
3 1024
3 1024
1 1024
2 1024
1 1024
3 1024
2 1024
3 1024
1 1024
0 251
0 72
2 1024
1 1024
1 1024
2 1024
3 1024
0 524
4 1024
1 1024
3 1024
1 1024
3 1024
0 611
0 188
1 1024
2 1024
4 1024
2 1024
0 62
2 1024
3 1024
3 1024
3 1024
2 1024
3 1024
2 1024
2 1024
1 1024
5 1024
1 1024
1 1024
2 1024
1 1024
4 1024
3 1024
1 1024
2 1024
0 106
2 1024
1 1024
1 1024
2 1024
3 1024
2 1024
1 1024
3 1024
1 1024
1 1024
3 1024
0 45
3 1024
0 191
1 1024
3 1024
2 1024
3 1024
2 1024
1 1024
1 1024
2 1024
0 510
2 1024
2 1024
1 1024
0 667
2 1024
0 69
2 1024
2 1024
1 1024
1 1024
0 125
3 1024
0 170
1 1024
0 177
2 1024
1 1024
2 1024
2 1024
6 1024
2 1024
3 1024
1 1024
1 1024
2 1024
3 1024
3 1024
1 1024
2 1024
1 1024
1 1024
3 1024
0 131
2 1024
3 1024
3 1024
2 1024
3 1024
0 112
2 1024
2 1024
5 1024
0 173
1 1024
1 1024
2 1024
2 1024
5 1024
1 1024
1 1024
3 1024
3 1024
3 1024
3 1024
5 1024
3 1024
3 1024
5 1024
3 1024
5 1024
2 1024
0 159
2 1024
1 1024
1 1024
3 1024
1 1024
0 210
3 1024
1 1024
2 1024
1 1024
3 1024
2 1024
3 1024
1 1024
2 1024
4 1024
4 1024
3 1024
4 1024
5 1024
1 1024
1 1024
1 1024
3 1024
1 1024
1 1024
1 1024
2 1024
3 1024
2 1024
1 1024
2 1024
2 1024
2 1024
2 1024
0 77
2 1024
2 1024
3 1024
2 1024
3 1024
2 1024
2 1024
3 1024
2 1024
1 1024
1 1024
2 1024
3 1024
3 1024
1 1024
1 1024
4 1024
4 1024
0 152
3 1024
3 1024
3 1024
0 128
2 1024
2 1024
3 1024
3 1024
2 1024
1 1024
2 1024
4 1024
1 1024
2 1024
0 33
1 1024
1 1024
2 1024
0 132
2 1024
1 1024
3 1024
3 1024
3 1024
1 1024
2 1024
2 1024
1 1024
3 1024
1 1024
3 1024
0 140
1 1024
3 1024
1 1024
2 1024
4 1024
1 1024
3 1024
2 1024
1 1024
1 1024
0 68
3 1024
3 1024
1 1024
1 1024
1 1024
2 1024
2 1024
4 1024
2 1024
1 1024
4 1024
1 1024
3 1024
0 215
3 1024
3 1024
2 1024
0 203
1 1024
3 1024
3 1024
0 103
1 1024
1 1024
2 1024
3 1024
4 1024
3 1024
1 1024
1 1024
2 1024
2 1024
1 1024
2 1024
2 1024
2 1024
1 1024
2 1024
4 1024
1 1024
3 1024
3 1024
2 1024
1 1024
3 1024
2 1024
4 1024
1 1024
4 1024
3 1024
1 1024
4 1024
2 1024
2 1024
1 1024
3 1024
0 170
2 1024
2 1024
3 1024
5 1024
1 1024
1 1024
1 1024
1 1024
4 1024
2 1024
2 1024
1 1024
3 1024
3 1024
0 479
1 1024
1 1024
1 1024
0 86
2 1024
3 1024
3 1024
3 1024
3 1024
2 1024
2 1024
2 1024
0 129
2 1024
4 1024
1 1024
0 56
3 1024
1 1024
5 1024
3 1024
4 1024
1 1024
0 725
2 1024
1 1024
2 1024
2 1024
2 1024
2 1024
3 1024
1 1024
3 1024
0 82
1 1024
1 1024
2 1024
0 58
0 366
2 1024
3 1024
0 205
2 1024
3 1024
0 445
2 1024
3 1024
3 1024
3 1024
1 1024
0 616
3 1024
2 1024
1 1024
0 77
2 1024
2 1024
2 1024
2 1024
1 1024
1 1024
2 1024
1 1024
1 1024
3 1024
0 151
1 1024
4 1024
0 46
1 1024
2 1024
2 1024
5 1024
3 1024
3 1024
2 1024
2 1024
3 1024
1 1024
1 1024
2 1024
1 1024
2 1024
2 1024
2 1024
3 1024
0 454
1 1024
1 1024
3 1024
0 933
3 1024
0 756
3 1024
1 1024
2 1024
3 1024
2 1024
2 1024
0 146
2 1024
2 1024
3 1024
3 1024
1 1024
0 115
0 219
2 1024
1 1024
3 1024
3 1024
1 1024
2 1024
1 1024
1 1024
2 1024
1 1024
2 1024
1 1024
3 1024
3 1024
3 1024
5 1024
0 228
0 820
1 1024
2 1024
2 1024
1 1024
2 1024
2 1024
0 203
2 1024
1 1024
2 1024
1 1024
1 1024
1 1024
1 1024
3 1024
0 35
0 156
3 1024
3 1024
2 1024
1 1024
1 1024
2 1024
4 1024
1 1024
4 1024
2 1024
5 1024
3 1024
1 1024
1 1024
3 1024
3 1024
2 1024
3 1024
1 1024
3 1024
1 1024
3 1024
1 1024
2 1024
0 336
3 1024
3 1024
3 1024
2 1024
3 1024
1 1024
0 182
1 1024
1 1024
3 1024
1 1024
1 1024
2 1024
0 98
7 1024
3 1024
0 165
1 1024
2 1024
1 1024
1 1024
1 1024
3 1024
3 1024
3 1024
0 360
1 1024
2 1024
3 1024
3 1024
5 1024
3 1024
3 1024
1 1024
2 1024
1 1024
3 1024
2 1024
2 1024
4 1024
0 193
2 1024
2 1024
1 1024
1 1024
1 1024
5 1024
2 1024
1 1024
2 1024
1 1024
3 1024
1 1024
1 1024
2 1024
4 1024
0 94
2 1024
0 27
1 1024
2 1024
2 1024
4 1024
2 1024
1 1024
2 1024
3 1024
1 1024
4 1024
1 1024
2 1024
3 1024
4 1024
2 1024
0 419
1 1024
5 1024
3 1024
3 1024
4 1024
2 1024
3 1024
4 1024
2 1024
2 1024
2 1024
3 1024
2 1024
1 1024
1 1024
3 1024
2 1024
4 1024
3 1024
4 1024
3 1024
1 1024
1 1024
2 1024
3 1024
2 1024
1 1024
5 1024
2 1024
2 1024
1 1024
2 1024
3 1024
4 1024
2 1024
4 1024
2 1024
0 125
3 1024
3 1024
1 1024
0 275
2 1024
2 1024
0 113
1 1024
1 1024
2 1024
0 96
3 1024
1 1024
1 1024
3 1024
2 1024
1 1024
3 1024
4 1024
1 1024
2 1024
2 1024
1 1024
1 1024
2 1024
4 1024
3 1024
3 1024
2 1024
3 1024
2 1024
1 1024
4 1024
2 1024
2 1024
1 1024
2 1024
0 393
1 1024
0 74
0 18
0 64
0 128
1 1024
4 1024
4 1024
6 1024
4 1024
1 1024
2 1024
4 1024
3 1024
0 202
3 1024
3 1024
2 1024
3 1024
2 1024
2 1024
2 1024
2 1024
1 1024
2 1024
1 1024
1 1024
0 178
2 1024
0 384
3 1024
1 1024
2 1024
1 1024
1 1024
1 1024
2 1024
3 1024
0 106
2 1024
2 1024
1 1024
0 941
2 1024
2 1024
1 1024
1 1024
2 1024
2 1024
2 1024
3 1024
2 1024
1 1024
1 1024
1 1024
1 1024
5 1024
3 1024
1 1024
1 1024
3 1024
1 1024
1 1024
0 114
0 264
1 1024
3 1024
1 1024
1 1024
2 1024
2 1024
1 1024
0 183
3 1024
2 1024
3 1024
3 1024
2 1024
3 1024
1 1024
1 1024
1 1024
1 1024
2 1024
3 1024
1 1024
1 1024
3 1024
4 1024
3 1024
3 1024
4 1024
3 1024
4 1024
0 673
1 1024
0 225
1 1024
4 1024
2 1024
4 1024
3 1024
2 1024
2 1024
2 1024
2 1024
2 1024
1 1024
4 1024
2 1024
3 1024
1 1024
0 88
4 1024
3 1024
3 1024
2 1024
2 1024
2 1024
3 1024
2 1024
1 1024
1 1024
2 1024
2 1024
2 1024
0 172
1 1024
1 1024
3 1024
1 1024
2 1024
1 1024
1 1024
2 1024
1 1024
0 403
1 1024
1 1024
2 1024
2 1024
2 1024
2 1024
3 1024
1 1024
0 849
3 1024
3 1024
0 248
0 437
1 1024
3 1024
2 1024
2 1024
1 1024
1 1024
0 87
3 1024
0 144
1 1024
1 1024
1 1024
2 1024
3 1024
1 1024
2 1024
3 1024
1 1024
4 1024
4 1024
4 1024
0 116
1 1024
3 1024
3 1024
1 1024
2 1024
4 1024
2 1024
3 1024
3 1024
1 1024
1 1024
0 373
5 1024
0 172
2 1024
1 1024
1 1024
4 1024
2 1024
2 1024
4 1024
2 1024
1 1024
0 484
2 1024
3 1024
1 1024
1 1024
1 1024
2 1024
1 1024
3 1024
1 1024
1 1024
3 1024
0 91
3 1024
3 1024
2 1024
3 1024
3 1024
2 1024
4 1024
3 1024
3 1024
1 1024
1 1024
2 1024
3 1024
3 1024
1 1024
2 1024
2 1024
2 1024
3 1024
3 1024
0 112
2 1024
2 1024
4 1024
2 1024
1 1024
4 1024
2 1024
1 1024
0 47
3 1024
1 1024
0 246
2 1024
1 1024
4 1024
1 1024
1 1024
0 405
2 1024
3 1024
3 1024
3 1024
2 1024
1 1024
2 1024
1 1024
2 1024
0 209
0 202
2 1024
2 1024
2 1024
4 1024
1 1024
2 1024
2 1024
1 1024
1 1024
3 1024
1 1024
4 1024
0 117
4 1024
3 1024
1 1024
2 1024
4 1024
2 1024
2 1024
3 1024
2 1024
1 1024
0 279
0 99
3 1024
1 1024
1 1024
1 1024
1 1024
1 1024
2 1024
2 1024
4 1024
4 1024
3 1024
1 1024
4 1024
2 1024
3 1024
2 1024
1 1024
1 1024
2 1024
2 1024
3 1024
0 61
1 1024
3 1024
4 1024
1 1024
2 1024
2 1024
0 509
2 1024
3 1024
3 1024
1 1024
2 1024
2 1024
1 1024
2 1024
2 1024
0 366
1 1024
1 1024
0 28
1 1024
3 1024
1 1024
2 1024
3 1024
1 1024
3 1024
3 1024
3 1024
3 1024
4 1024
3 1024
4 1024
2 1024
4 1024
3 1024
1 1024
2 1024
4 1024
3 1024
2 1024
0 802
2 1024
2 1024
1 1024
4 1024
2 1024
4 1024
0 150
2 1024
1 1024
0 1019
2 1024
2 1024
0 664
4 1024
2 1024
3 1024
1 1024
3 1024
3 1024
2 1024
2 1024
1 1024
2 1024
2 1024
0 87
1 1024
2 1024
3 1024
2 1024
3 1024
2 1024
5 1024
2 1024
5 1024
3 1024
1 1024
1 1024
0 157
0 206
2 1024
0 158
1 1024
2 1024
3 1024
2 1024
0 73
4 1024
2 1024
3 1024
0 135
3 1024
1 1024
1 1024
1 1024
2 1024
4 1024
2 1024
2 1024
1 1024
3 1024
2 1024
1 1024
3 1024
3 1024
3 1024
1 1024
2 1024
1 1024
2 1024
1 1024
1 1024
2 1024
1 1024
1 1024
3 1024
2 1024
2 1024
1 1024
4 1024
3 1024
3 1024
2 1024
2 1024
3 1024
2 1024
4 1024
5 1024
2 1024
2 1024
1 1024
2 1024
1 1024
0 711
2 1024
1 1024
1 1024
2 1024
2 1024
2 1024
3 1024
0 64
2 1024
2 1024
2 1024
3 1024
0 20
4 1024
3 1024
1 1024
3 1024
0 58
1 1024
1 1024
2 1024
1 1024
2 1024
4 1024
3 1024
3 1024
2 1024
3 1024
1 1024
1 1024
4 1024
2 1024
2 1024
1 1024
2 1024
3 1024
1 1024
3 1024
4 1024
2 1024
4 1024
1 1024
1 1024
1 1024
1 1024
1 1024
2 1024
1 1024
1 1024
3 1024
1 1024
1 1024
2 1024
0 52
2 1024
4 1024
4 1024
1 1024
4 1024
0 153
0 234
1 1024
1 1024
6 1024
4 1024
5 1024
1 1024
5 1024
1 1024
2 1024
1 1024
2 1024
1 1024
3 1024
1 1024
1 1024
3 1024
0 384
2 1024
3 1024
2 1024
5 1024
2 1024
4 1024
1 1024
0 132
3 1024
1 1024
3 1024
3 1024
1 1024
2 1024
2 1024
6 1024
1 1024
2 1024
2 1024
2 1024
2 1024
3 1024
2 1024
3 1024
2 1024
0 186
2 1024
3 1024
2 1024
4 1024
0 9
1 1024
2 1024
2 1024
1 1024
1 1024
1 1024
2 1024
0 274
4 1024
0 234
4 1024
1 1024
3 1024
1 1024
2 1024
0 164
3 1024
4 1024
3 1024
4 1024
2 1024
1 1024
2 1024
2 1024
1 1024
3 1024
2 1024
2 1024
3 1024
1 1024
1 1024
0 242
1 1024
2 1024
2 1024
1 1024
1 1024
2 1024
2 1024
1 1024
4 1024
1 1024
3 1024
4 1024
2 1024
1 1024
1 1024
1 1024
1 1024
2 1024
1 1024
1 1024
2 1024
2 1024
1 1024
3 1024
2 1024
3 1024
4 1024
2 1024
4 1024
1 1024
2 1024
3 1024
2 1024
0 268
1 1024
2 1024
4 1024
2 1024
0 217
3 1024
2 1024
2 1024
1 1024
0 243
2 1024
2 1024
1 1024
1 1024
4 1024
1 1024
2 1024
4 1024
2 1024
6 1024
2 1024
2 1024
3 1024
3 1024
3 1024
0 516
4 1024
2 1024
4 1024
0 242
1 1024
2 1024
3 1024
1 1024
1 1024
4 1024
3 1024
2 1024
3 1024
3 1024
2 1024
1 1024
2 1024
2 1024
1 1024
0 116
2 1024
2 1024
2 1024
2 1024
5 1024
2 1024
3 1024
0 187
2 1024
4 1024
3 1024
5 1024
2 1024
3 1024
1 1024
1 1024
1 1024
5 1024
1 1024
2 1024
3 1024
2 1024
0 259
2 1024
2 1024
1 1024
2 1024
2 1024
1 1024
1 1024
3 1024
2 1024
3 1024
0 484
6 1024
2 1024
1 1024
2 1024
2 1024
1 1024
2 1024
2 1024
1 1024
4 1024
0 189
1 1024
1 1024
1 1024
2 1024
2 1024
1 1024
2 1024
2 1024
2 1024
2 1024
1 1024
1 1024
4 1024
4 1024
3 1024
2 1024
0 299
3 1024
2 1024
1 1024
3 1024
1 1024
1 1024
1 1024
0 946
4 1024
2 1024
1 1024
3 1024
1 1024
1 1024
3 1024
1 1024
2 1024
4 1024
3 1024
2 1024
2 1024
5 1024
1 1024
3 1024
2 1024
1 1024
3 1024
3 1024
2 1024
2 1024
2 1024
3 1024
3 1024
0 124
1 1024
3 1024
1 1024
3 1024
1 1024
1 1024
4 1024
2 1024
1 1024
3 1024
2 1024
1 1024
0 261
3 1024
2 1024
2 1024
2 1024
0 196
0 301
0 134
1 1024
2 1024
2 1024
2 1024
2 1024
3 1024
1 1024
1 1024
1 1024
1 1024
5 1024
4 1024
3 1024
0 83
2 1024
2 1024
3 1024
2 1024
0 63
2 1024
2 1024
1 1024
3 1024
1 1024
0 89
1 1024
1 1024
2 1024
2 1024
5 1024
4 1024
6 1024
1 1024
1 1024
2 1024
2 1024
3 1024
2 1024
1 1024
2 1024
1 1024
1 1024
2 1024
1 1024
3 1024
0 225
2 1024
1 1024
3 1024
2 1024
1 1024
1 1024
0 100
6 1024
3 1024
2 1024
1 1024
1 1024
3 1024
3 1024
2 1024
1 1024
4 1024
2 1024
2 1024
3 1024
1 1024
3 1024
1 1024
3 1024
1 1024
3 1024
3 1024
2 1024
2 1024
4 1024
2 1024
3 1024
3 1024
3 1024
2 1024
2 1024
3 1024
0 193
1 1024
1 1024
5 1024
2 1024
2 1024
1 1024
3 1024
3 1024
2 1024
4 1024
1 1024
3 1024
0 488
3 1024
3 1024
3 1024
2 1024
1 1024
4 1024
1 1024
3 1024
1 1024
3 1024
1 1024
4 1024
3 1024
2 1024
2 1024
2 1024
0 61
3 1024
3 1024
2 1024
1 1024
1 1024
2 1024
4 1024
3 1024
1 1024
1 1024
3 1024
1 1024
2 1024
2 1024
1 1024
0 137
0 19
1 1024
2 1024
4 1024
2 1024
2 1024
1 1024
0 229
3 1024
1 1024
1 1024
3 1024
5 1024
0 74
2 1024
0 336
1 1024
1 1024
1 1024
3 1024
1 1024
1 1024
3 1024
3 1024
1 1024
4 1024
3 1024
1 1024
1 1024
1 1024
2 1024
2 1024
2 1024
3 1024
1 1024
2 1024
3 1024
1 1024
1 1024
1 1024
2 1024
3 1024
0 11
0 555
3 1024
0 174
2 1024
1 1024
2 1024
1 1024
1 1024
1 1024
3 1024
1 1024
1 1024
1 1024
1 1024
3 1024
3 1024
2 1024
0 138
1 1024
0 1020
0 393
1 1024
2 1024
3 1024
4 1024
5 1024
2 1024
3 1024
2 1024
2 1024
3 1024
0 54
0 239
0 351
2 1024
2 1024
3 1024
2 1024
2 1024
3 1024
2 1024
2 1024
1 1024
2 1024
2 1024
5 1024
0 29
2 1024
2 1024
1 1024
0 167
4 1024
2 1024
1 1024
5 1024
1 1024
1 1024
3 1024
3 1024
1 1024
3 1024
1 1024
1 1024
1 1024
1 1024
2 1024
0 197
2 1024
2 1024
0 452
0 845
1 1024
4 1024
3 1024
2 1024
3 1024
3 1024
2 1024
0 248
2 1024
2 1024
3 1024
4 1024
4 1024
0 617
0 414
1 1024
2 1024
3 1024
2 1024
2 1024
3 1024
1 1024
2 1024
4 1024
1 1024
0 146
3 1024
4 1024
1 1024
1 1024
2 1024
3 1024
3 1024
1 1024
2 1024
1 1024
2 1024
3 1024
1 1024
4 1024
5 1024
4 1024
1 1024
3 1024
2 1024
1 1024
5 1024
1 1024
2 1024
1 1024
0 557
0 440
3 1024
3 1024
3 1024
0 170
2 1024
2 1024
1 1024
1 1024
4 1024
1 1024
3 1024
2 1024
2 1024
3 1024
2 1024
1 1024
3 1024
3 1024
3 1024
2 1024
2 1024
2 1024
1 1024
2 1024
2 1024
5 1024
3 1024
1 1024
3 1024
2 1024
1 1024
1 1024
1 1024
1 1024
2 1024
1 1024
2 1024
4 1024
2 1024
1 1024
2 1024
2 1024
3 1024
0 100
4 1024
0 103
2 1024
3 1024
2 1024
2 1024
3 1024
0 558
0 194
1 1024
2 1024
2 1024
0 88
2 1024
2 1024
2 1024
2 1024
1 1024
1 1024
1 1024
2 1024
1 1024
1 1024
3 1024
6 1024
0 36
1 1024
0 239
5 1024
1 1024
4 1024
1 1024
3 1024
3 1024
1 1024
3 1024
3 1024
3 1024
2 1024
3 1024
3 1024
2 1024
0 58
1 1024
2 1024
1 1024
5 1024
1 1024
1 1024
3 1024
2 1024
3 1024
3 1024
2 1024
0 174
2 1024
4 1024
1 1024
0 147
2 1024
2 1024
1 1024
1 1024
1 1024
3 1024
2 1024
2 1024
3 1024
2 1024
4 1024
0 48
1 1024
1 1024
2 1024
0 492
2 1024
1 1024
2 1024
1 1024
3 1024
3 1024
1 1024
5 1024
3 1024
2 1024
1 1024
1 1024
2 1024
0 740
1 1024
4 1024
3 1024
1 1024
3 1024
2 1024
2 1024
0 324
5 1024
1 1024
5 1024
1 1024
3 1024
1 1024
2 1024
1 1024
2 1024
2 1024
1 1024
3 1024
1 1024
2 1024
3 1024
2 1024
5 1024
3 1024
5 1024
1 1024
1 1024
1 1024
0 44
1 1024
2 1024
3 1024
1 1024
1 1024
1 1024
3 1024
3 1024
1 1024
2 1024
2 1024
3 1024
1 1024
2 1024
4 1024
2 1024
1 1024
1 1024
2 1024
0 67
1 1024
1 1024
1 1024
1 1024
1 1024
1 1024
4 1024
1 1024
2 1024
1 1024
1 1024
1 1024
2 1024
1 1024
1 1024
2 1024
4 1024
0 192
1 1024
2 1024
2 1024
3 1024
3 1024
3 1024
3 1024
1 1024
2 1024
3 1024
2 1024
1 1024
2 1024
1 1024
2 1024
2 1024
2 1024
3 1024
3 1024
2 1024
3 1024
2 1024
1 1024
3 1024
1 1024
2 1024
1 1024
4 1024
4 1024
1 1024
2 1024
1 1024
1 1024
1 1024
3 1024
2 1024
4 1024
1 1024
0 156
3 1024
3 1024
1 1024
0 140
1 1024
2 1024
1 1024
2 1024
2 1024
3 1024
0 36
1 1024
1 1024
3 1024
3 1024
0 65
2 1024
4 1024
1 1024
5 1024
1 1024
1 1024
2 1024
0 94
3 1024
3 1024
2 1024
1 1024
1 1024
3 1024
2 1024
3 1024
2 1024
3 1024
1 1024
1 1024
3 1024
1 1024
2 1024
1 1024
2 1024
2 1024
1 1024
0 22
2 1024
2 1024
1 1024
1 1024
3 1024
1 1024
4 1024
3 1024
2 1024
4 1024
1 1024
2 1024
2 1024
0 803
2 1024
2 1024
4 1024
3 1024
3 1024
4 1024
2 1024
0 194
0 144
2 1024
2 1024
1 1024
2 1024
3 1024
2 1024
3 1024
4 1024
0 937
1 1024
1 1024
3 1024
2 1024
6 1024
2 1024
2 1024
1 1024
0 135
3 1024
4 1024
2 1024
0 647
1 1024
1 1024
3 1024
2 1024
1 1024
2 1024
4 1024
2 1024
5 1024
1 1024
1 1024
1 1024
2 1024
2 1024
1 1024
4 1024
1 1024
0 159
0 98
1 1024
2 1024
1 1024
0 51
1 1024
1 1024
2 1024
1 1024
3 1024
1 1024
0 237
3 1024
3 1024
2 1024
0 78
1 1024
1 1024
1 1024
1 1024
2 1024
4 1024
3 1024
2 1024
0 231
2 1024
1 1024
3 1024
1 1024
2 1024
2 1024
1 1024
3 1024
1 1024
4 1024
2 1024
1 1024
0 40
2 1024
1 1024
1 1024
0 202
3 1024
6 1024
2 1024
6 1024
1 1024
4 1024
2 1024
5 1024
2 1024
2 1024
2 1024
3 1024
3 1024
1 1024
0 52
0 371
1 1024
1 1024
0 106
0 287
1 1024
1 1024
0 127
3 1024
4 1024
2 1024
2 1024
1 1024
2 1024
1 1024
1 1024
4 1024
2 1024
2 1024
2 1024
2 1024
1 1024
1 1024
0 120
1 1024
2 1024
2 1024
1 1024
2 1024
5 1024
0 684
1 1024
3 1024
2 1024
0 359
1 1024
2 1024
2 1024
2 1024
3 1024
2 1024
1 1024
3 1024
2 1024
2 1024
2 1024
1 1024
2 1024
2 1024
1 1024
1 1024
2 1024
1 1024
1 1024
2 1024
3 1024
1 1024
0 71
3 1024
5 1024
4 1024
0 216
0 62
2 1024
2 1024
1 1024
1 1024
4 1024
1 1024
4 1024
1 1024
2 1024
3 1024
3 1024
1 1024
1 1024
1 1024
3 1024
2 1024
3 1024
3 1024
1 1024
2 1024
1 1024
4 1024
4 1024
3 1024
1 1024
1 1024
2 1024
1 1024
3 1024
2 1024
4 1024
4 1024
2 1024
2 1024
2 1024
2 1024
3 1024
2 1024
3 1024
2 1024
0 104
1 1024
1 1024
0 229
1 1024
1 1024
1 1024
1 1024
2 1024
5 1024
2 1024
3 1024
4 1024
1 1024
2 1024
1 1024
2 1024
2 1024
1 1024
1 1024
1 1024
3 1024
2 1024
5 1024
4 1024
2 1024
2 1024
3 1024
1 1024
1 1024
2 1024
1 1024
2 1024
5 1024
2 1024
2 1024
1 1024
1 1024
2 1024
2 1024
0 245
2 1024
1 1024
3 1024
2 1024
3 1024
2 1024
4 1024
1 1024
0 160
1 1024
0 118
3 1024
2 1024
3 1024
3 1024
3 1024
2 1024
2 1024
1 1024
1 1024
3 1024
0 114
1 1024
1 1024
3 1024
1 1024
0 194
0 211
2 1024
3 1024
1 1024
1 1024
2 1024
1 1024
3 1024
0 423
2 1024
2 1024
1 1024
1 1024
2 1024
3 1024
3 1024
5 1024
1 1024
2 1024
0 224
2 1024
2 1024
2 1024
1 1024
0 84
2 1024
2 1024
1 1024
2 1024
2 1024
5 1024
2 1024
0 152
2 1024
5 1024
2 1024
2 1024
1 1024
1 1024
4 1024
1 1024
3 1024
0 44
3 1024
2 1024
2 1024
0 78
3 1024
2 1024
2 1024
2 1024
5 1024
3 1024
1 1024
3 1024
5 1024
2 1024
1 1024
3 1024
3 1024
1 1024
3 1024
2 1024
3 1024
0 231
1 1024
2 1024
1 1024
1 1024
2 1024
1 1024
3 1024
6 1024
4 1024
2 1024
2 1024
0 231
2 1024
3 1024
2 1024
1 1024
2 1024
1 1024
1 1024
1 1024
2 1024
0 658
2 1024
1 1024
1 1024
2 1024
2 1024
3 1024
1 1024
3 1024
1 1024
1 1024
3 1024
0 240
3 1024
3 1024
3 1024
3 1024
1 1024
2 1024
2 1024
3 1024
5 1024
1 1024
2 1024
2 1024
5 1024
1 1024
3 1024
3 1024
1 1024
4 1024
2 1024
3 1024
1 1024
3 1024
1 1024
4 1024
1 1024
4 1024
2 1024
1 1024
0 782
2 1024
5 1024
2 1024
1 1024
2 1024
1 1024
2 1024
3 1024
1 1024
1 1024
2 1024
2 1024
0 274
2 1024
1 1024
3 1024
0 980
2 1024
1 1024
4 1024
1 1024
1 1024
2 1024
1 1024
2 1024
3 1024
3 1024
0 97
2 1024
2 1024
1 1024
3 1024
2 1024
1 1024
2 1024
0 597
3 1024
1 1024
2 1024
3 1024
3 1024
5 1024
2 1024
3 1024
2 1024
1 1024
1 1024
4 1024
2 1024
0 122
2 1024
3 1024
1 1024
2 1024
3 1024
2 1024
1 1024
1 1024
4 1024
5 1024
3 1024
0 238
0 75
3 1024
2 1024
0 495
2 1024
1 1024
3 1024
2 1024
3 1024
1 1024
1 1024
2 1024
1 1024
2 1024
1 1024
1 1024
1 1024
3 1024
3 1024
2 1024
5 1024
4 1024
2 1024
3 1024
2 1024
3 1024
1 1024
1 1024
3 1024
1 1024
2 1024
1 1024
3 1024
0 432
2 1024
2 1024
3 1024
5 1024
3 1024
0 646
2 1024
3 1024
3 1024
2 1024
4 1024
2 1024
1 1024
1 1024
0 109
2 1024
1 1024
2 1024
2 1024
3 1024
0 94
2 1024
2 1024
1 1024
2 1024
1 1024
2 1024
2 1024
3 1024
2 1024
3 1024
3 1024
3 1024
1 1024
1 1024
3 1024
2 1024
2 1024
1 1024
1 1024
1 1024
1 1024
2 1024
2 1024
3 1024
2 1024
1 1024
1 1024
3 1024
4 1024
1 1024
0 53
0 356
2 1024
3 1024
2 1024
1 1024
1 1024
2 1024
1 1024
1 1024
2 1024
1 1024
4 1024
2 1024
5 1024
2 1024
0 313
1 1024
1 1024
4 1024
1 1024
3 1024
0 495
1 1024
2 1024
1 1024
1 1024
2 1024
2 1024
4 1024
3 1024
1 1024
1 1024
2 1024
0 50
0 266
0 103
2 1024
1 1024
4 1024
0 276
6 1024
0 413
2 1024
2 1024
4 1024
0 286
2 1024
0 236
2 1024
3 1024
2 1024
3 1024
2 1024
1 1024
2 1024
1 1024
1 1024
2 1024
1 1024
2 1024
4 1024
1 1024
3 1024
1 1024
1 1024
1 1024
2 1024
3 1024
2 1024
1 1024
4 1024
1 1024
2 1024
3 1024
1 1024
1 1024
2 1024
3 1024
2 1024
1 1024
3 1024
2 1024
1 1024
2 1024
2 1024
3 1024
3 1024
4 1024
3 1024
3 1024
2 1024
2 1024
2 1024
2 1024
0 244
1 1024
2 1024
1 1024
3 1024
4 1024
0 449
2 1024
2 1024
3 1024
0 333
2 1024
2 1024
4 1024
1 1024
2 1024
3 1024
2 1024
1 1024
2 1024
1 1024
1 1024
0 189
2 1024
2 1024
4 1024
2 1024
1 1024
2 1024
1 1024
1 1024
3 1024
3 1024
4 1024
2 1024
2 1024
2 1024
3 1024
0 143
2 1024
4 1024
2 1024
1 1024
1 1024
2 1024
4 1024
6 1024
1 1024
1 1024
1 1024
2 1024
1 1024
2 1024
1 1024
1 1024
0 39
2 1024
1 1024
3 1024
4 1024
2 1024
0 307
1 1024
0 267
2 1024
2 1024
3 1024
1 1024
1 1024
1 1024
1 1024
3 1024
2 1024
2 1024
0 400
1 1024
1 1024
2 1024
2 1024
3 1024
3 1024
1 1024
1 1024
1 1024
0 326
2 1024
1 1024
3 1024
3 1024
2 1024
1 1024
3 1024
0 206
1 1024
1 1024
2 1024
4 1024
2 1024
3 1024
2 1024
1 1024
3 1024
4 1024
2 1024
2 1024
1 1024
1 1024
2 1024
2 1024
1 1024
3 1024
1 1024
1 1024
2 1024
0 35
1 1024
2 1024
1 1024
1 1024
3 1024
1 1024
1 1024
2 1024
5 1024
2 1024
0 55
2 1024
1 1024
3 1024
3 1024
2 1024
0 356
2 1024
0 97
4 1024
1 1024
2 1024
0 59
0 140
3 1024
1 1024
2 1024
1 1024
3 1024
0 105
1 1024
0 201
1 1024
4 1024
0 250
1 1024
4 1024
1 1024
1 1024
5 1024
2 1024
4 1024
3 1024
1 1024
1 1024
1 1024
2 1024
3 1024
1 1024
1 1024
3 1024
2 1024
0 46
2 1024
0 215
1 1024
0 187
3 1024
3 1024
1 1024
2 1024
0 183
2 1024
2 1024
3 1024
2 1024
2 1024
1 1024
2 1024
1 1024
1 1024
0 340
1 1024
6 1024
3 1024
2 1024
2 1024
0 115
4 1024
2 1024
0 109
0 589
2 1024
1 1024
4 1024
2 1024
2 1024
2 1024
1 1024
3 1024
1 1024
2 1024
4 1024
2 1024
1 1024
2 1024
1 1024
0 131
0 43
4 1024
1 1024
3 1024
3 1024
2 1024
1 1024
1 1024
2 1024
3 1024
2 1024
4 1024
2 1024
1 1024
2 1024
4 1024
2 1024
2 1024
2 1024
1 1024
2 1024
0 117
4 1024
2 1024
3 1024
1 1024
3 1024
2 1024
2 1024
1 1024
4 1024
2 1024
1 1024
1 1024
3 1024
1 1024
3 1024
0 332
1 1024
1 1024
2 1024
2 1024
3 1024
2 1024
0 180
2 1024
2 1024
2 1024
1 1024
1 1024
4 1024
4 1024
2 1024
2 1024
3 1024
2 1024
2 1024
2 1024
3 1024
4 1024
0 716
0 62
0 120
2 1024
0 563
4 1024
3 1024
5 1024
4 1024
2 1024
4 1024
2 1024
5 1024
1 1024
1 1024
1 1024
3 1024
0 56
1 1024
3 1024
1 1024
1 1024
6 1024
1 1024
2 1024
3 1024
1 1024
1 1024
2 1024
0 351
3 1024
2 1024
0 782
0 845
2 1024
2 1024
1 1024
2 1024
0 134
2 1024
2 1024
2 1024
3 1024
3 1024
4 1024
0 112
2 1024
3 1024
1 1024
2 1024
1 1024
2 1024
1 1024
0 866
2 1024
6 1024
3 1024
4 1024
3 1024
3 1024
2 1024
1 1024
0 118
4 1024
2 1024
1 1024
3 1024
1 1024
2 1024
0 14
3 1024
0 278
4 1024
3 1024
2 1024
2 1024
2 1024
0 60
2 1024
1 1024
2 1024
1 1024
2 1024
1 1024
2 1024
1 1024
1 1024
2 1024
2 1024
0 565
4 1024
1 1024
1 1024
3 1024
2 1024
1 1024
1 1024
3 1024
2 1024
3 1024
1 1024
1 1024
2 1024
1 1024
2 1024
2 1024
1 1024
0 130
2 1024
2 1024
1 1024
2 1024
1 1024
1 1024
0 254
3 1024
3 1024
2 1024
5 1024
2 1024
3 1024
3 1024
1 1024
2 1024
2 1024
2 1024
1 1024
3 1024
1 1024
1 1024
3 1024
3 1024
4 1024
2 1024
3 1024
3 1024
2 1024
0 51
1 1024
1 1024
1 1024
5 1024
4 1024
2 1024
2 1024
4 1024
0 108
2 1024
0 39
3 1024
4 1024
1 1024
3 1024
2 1024
3 1024
2 1024
3 1024
2 1024
3 1024
2 1024
0 47
3 1024
0 307
2 1024
3 1024
3 1024
0 173
1 1024
1 1024
4 1024
2 1024
0 264
2 1024
0 73
2 1024
3 1024
0 142
4 1024
3 1024
2 1024
1 1024
4 1024
4 1024
3 1024
0 402
1 1024
2 1024
2 1024
3 1024
1 1024
1 1024
1 1024
1 1024
2 1024
2 1024
0 587
2 1024
4 1024
2 1024
5 1024
2 1024
2 1024
2 1024
0 38
2 1024
1 1024
1 1024
2 1024
2 1024
5 1024
0 203
3 1024
2 1024
1 1024
2 1024
0 879
1 1024
1 1024
3 1024
1 1024
2 1024
2 1024
2 1024
1 1024
3 1024
0 48
0 509
2 1024
0 32
3 1024
1 1024
2 1024
1 1024
2 1024
2 1024
3 1024
2 1024
1 1024
2 1024
1 1024
3 1024
1 1024
2 1024
4 1024
0 22
2 1024
3 1024
2 1024
1 1024
1 1024
0 276
2 1024
1 1024
3 1024
0 312
1 1024
2 1024
1 1024
1 1024
0 215
1 1024
4 1024
2 1024
2 1024
3 1024
2 1024
1 1024
0 231
0 188
3 1024
3 1024
2 1024
5 1024
0 72
1 1024
3 1024
2 1024
2 1024
0 672
3 1024
2 1024
3 1024
2 1024
0 693
2 1024
4 1024
2 1024
3 1024
1 1024
1 1024
3 1024
2 1024
1 1024
2 1024
2 1024
3 1024
2 1024
1 1024
4 1024
2 1024
1 1024
4 1024
1 1024
1 1024
3 1024
4 1024
2 1024
1 1024
0 264
3 1024
2 1024
0 77
1 1024
5 1024
0 48
1 1024
3 1024
5 1024
3 1024
1 1024
2 1024
3 1024
1 1024
2 1024
2 1024
3 1024
2 1024
5 1024
1 1024
1 1024
1 1024
2 1024
0 102
1 1024
2 1024
2 1024
2 1024
3 1024
1 1024
3 1024
1 1024
5 1024
2 1024
1 1024
2 1024
2 1024
3 1024
1 1024
1 1024
1 1024
2 1024
5 1024
3 1024
2 1024
2 1024
1 1024
0 288
2 1024
2 1024
2 1024
1 1024
1 1024
3 1024
5 1024
1 1024
3 1024
4 1024
2 1024
2 1024
1 1024
2 1024
4 1024
2 1024
1 1024
0 723
1 1024
3 1024
3 1024
3 1024
0 181
0 37
4 1024
3 1024
3 1024
2 1024
1 1024
2 1024
3 1024
3 1024
1 1024
1 1024
1 1024
1 1024
3 1024
4 1024
2 1024
2 1024
1 1024
1 1024
1 1024
2 1024
1 1024
1 1024
2 1024
1 1024
1 1024
2 1024
2 1024
2 1024
0 31
2 1024
2 1024
3 1024
3 1024
4 1024
1 1024
2 1024
3 1024
4 1024
2 1024
0 418
1 1024
1 1024
0 102
1 1024
1 1024
3 1024
2 1024
3 1024
3 1024
0 411
3 1024
0 65
3 1024
1 1024
3 1024
1 1024
3 1024
3 1024
2 1024
3 1024
1 1024
1 1024
3 1024
2 1024
2 1024
2 1024
3 1024
0 355
2 1024
2 1024
3 1024
1 1024
2 1024
1 1024
3 1024
1 1024
3 1024
1 1024
1 1024
2 1024
3 1024
1 1024
1 1024
1 1024
2 1024
5 1024
2 1024
1 1024
3 1024
1 1024
1 1024
1 1024
1 1024
3 1024
1 1024
1 1024
2 1024
2 1024
2 1024
1 1024
3 1024
3 1024
1 1024
1 1024
0 492
2 1024
0 414
2 1024
1 1024
1 1024
1 1024
3 1024
2 1024
1 1024
1 1024
2 1024
2 1024
1 1024
1 1024
1 1024
0 207
1 1024
0 1006
2 1024
4 1024
2 1024
0 69
3 1024
3 1024
3 1024
1 1024
3 1024
1 1024
2 1024
2 1024
1 1024
2 1024
4 1024
4 1024
3 1024
2 1024
2 1024
5 1024
1 1024
1 1024
2 1024
2 1024
3 1024
2 1024
3 1024
3 1024
2 1024
3 1024
4 1024
2 1024
2 1024
4 1024
4 1024
3 1024
2 1024
3 1024
1 1024
2 1024
2 1024
4 1024
3 1024
4 1024
1 1024
3 1024
5 1024
1 1024
1 1024
1 1024
3 1024
2 1024
1 1024
2 1024
4 1024
1 1024
3 1024
1 1024
1 1024
2 1024
1 1024
1 1024
1 1024
1 1024
1 1024
3 1024
4 1024
3 1024
2 1024
3 1024
2 1024
2 1024
1 1024
1 1024
0 64
3 1024
1 1024
2 1024
2 1024
0 467
2 1024
1 1024
0 114
1 1024
3 1024
1 1024
2 1024
2 1024
0 109
1 1024
2 1024
2 1024
1 1024
1 1024
2 1024
1 1024
2 1024
1 1024
3 1024
2 1024
1 1024
1 1024
1 1024
3 1024
0 248
4 1024
2 1024
2 1024
1 1024
2 1024
3 1024
2 1024
1 1024
1 1024
4 1024
2 1024
2 1024
2 1024
1 1024
3 1024
5 1024
3 1024
2 1024
2 1024
2 1024
1 1024
0 102
3 1024
2 1024
2 1024
2 1024
2 1024
1 1024
4 1024
2 1024
2 1024
1 1024
4 1024
4 1024
1 1024
4 1024
2 1024
3 1024
3 1024
4 1024
2 1024
0 57
1 1024
2 1024
2 1024
2 1024
3 1024
2 1024
4 1024
3 1024
4 1024
2 1024
3 1024
3 1024
1 1024
1 1024
4 1024
2 1024
0 76
2 1024
2 1024
2 1024
1 1024
2 1024
3 1024
2 1024
2 1024
5 1024
3 1024
1 1024
3 1024
3 1024
2 1024
1 1024
4 1024
3 1024
3 1024
1 1024
0 91
1 1024
2 1024
2 1024
3 1024
1 1024
3 1024
1 1024
3 1024
2 1024
3 1024
1 1024
3 1024
2 1024
2 1024
1 1024
1 1024
1 1024
1 1024
1 1024
1 1024
3 1024
3 1024
4 1024
3 1024
3 1024
2 1024
1 1024
3 1024
2 1024
2 1024
2 1024
3 1024
4 1024
2 1024
1 1024
2 1024
4 1024
2 1024
2 1024
0 152
1 1024
3 1024
2 1024
2 1024
1 1024
2 1024
0 357
1 1024
1 1024
0 132
4 1024
1 1024
3 1024
2 1024
4 1024
2 1024
1 1024
3 1024
0 646
2 1024
1 1024
0 332
3 1024
2 1024
4 1024
1 1024
0 294
1 1024
2 1024
0 173
0 293
5 1024
3 1024
1 1024
2 1024
3 1024
1 1024
0 48
3 1024
4 1024
1 1024
1 1024
1 1024
1 1024
1 1024
1 1024
4 1024
2 1024
0 70
3 1024
2 1024
1 1024
1 1024
3 1024
4 1024
4 1024
1 1024
1 1024
2 1024
0 25
0 317
3 1024
4 1024
2 1024
3 1024
3 1024
2 1024
2 1024
2 1024
2 1024
2 1024
2 1024
2 1024
1 1024
4 1024
0 57
0 26
4 1024
1 1024
1 1024
1 1024
2 1024
2 1024
3 1024
2 1024
3 1024
2 1024
2 1024
2 1024
2 1024
1 1024
0 78
5 1024
1 1024
2 1024
2 1024
3 1024
2 1024
3 1024
2 1024
2 1024
2 1024
1 1024
4 1024
0 166
2 1024
3 1024
1 1024
0 96
2 1024
2 1024
2 1024
2 1024
2 1024
0 302
3 1024
2 1024
2 1024
1 1024
1 1024
1 1024
1 1024
2 1024
5 1024
0 418
2 1024
2 1024
4 1024
4 1024
3 1024
3 1024
3 1024
0 797
3 1024
3 1024
4 1024
4 1024
0 101
3 1024
3 1024
1 1024
2 1024
1 1024
2 1024
5 1024
3 1024
3 1024
2 1024
2 1024
4 1024
4 1024
3 1024
2 1024
1 1024
1 1024
1 1024
2 1024
3 1024
1 1024
1 1024
3 1024
3 1024
2 1024
1 1024
5 1024
3 1024
2 1024
1 1024
0 326
3 1024
3 1024
2 1024
2 1024
2 1024
2 1024
2 1024
3 1024
2 1024
1 1024
5 1024
1 1024
4 1024
2 1024
3 1024
1 1024
4 1024
3 1024
0 216
2 1024
1 1024
3 1024
3 1024
2 1024
4 1024
3 1024
1 1024
2 1024
3 1024
0 404
2 1024
4 1024
2 1024
1 1024
4 1024
1 1024
4 1024
2 1024
2 1024
1 1024
1 1024
1 1024
3 1024
1 1024
3 1024
1 1024
0 794
0 330
3 1024
2 1024
4 1024
2 1024
1 1024
3 1024
3 1024
2 1024
2 1024
2 1024
2 1024
2 1024
3 1024
2 1024
1 1024
2 1024
0 42
2 1024
3 1024
1 1024
2 1024
2 1024
2 1024
2 1024
0 120
3 1024
3 1024
1 1024
2 1024
0 362
4 1024
1 1024
1 1024
3 1024
1 1024
1 1024
3 1024
3 1024
0 273
2 1024
3 1024
1 1024
4 1024
2 1024
3 1024
1 1024
2 1024
5 1024
2 1024
1 1024
1 1024
2 1024
1 1024
3 1024
1 1024
3 1024
1 1024
4 1024
2 1024
2 1024
3 1024
4 1024
3 1024
2 1024
4 1024
1 1024
2 1024
3 1024
0 23
4 1024
2 1024
1 1024
1 1024
1 1024
2 1024
2 1024
3 1024
3 1024
2 1024
3 1024
2 1024
2 1024
1 1024
2 1024
4 1024
4 1024
2 1024
1 1024
5 1024
2 1024
1 1024
2 1024
1 1024
1 1024
3 1024
0 32
1 1024
3 1024
1 1024
3 1024
2 1024
4 1024
0 126
2 1024
1 1024
1 1024
2 1024
1 1024
2 1024
3 1024
1 1024
2 1024
2 1024
4 1024
1 1024
1 1024
0 111
1 1024
4 1024
1 1024
1 1024
3 1024
2 1024
0 145
1 1024
2 1024
2 1024
2 1024
2 1024
1 1024
1 1024
4 1024
1 1024
1 1024
3 1024
0 252
5 1024
0 190
2 1024
2 1024
0 53
2 1024
0 28
2 1024
1 1024
1 1024
5 1024
2 1024
1 1024
0 729
1 1024
2 1024
3 1024
3 1024
2 1024
4 1024
1 1024
5 1024
1 1024
4 1024
3 1024
1 1024
2 1024
2 1024
2 1024
5 1024
1 1024
2 1024
1 1024
1 1024
0 44
2 1024
2 1024
5 1024
1 1024
3 1024
1 1024
0 156
3 1024
1 1024
1 1024
3 1024
3 1024
2 1024
2 1024
3 1024
1 1024
3 1024
0 48
3 1024
1 1024
1 1024
2 1024
2 1024
4 1024
1 1024
2 1024
1 1024
1 1024
2 1024
1 1024
2 1024
4 1024
3 1024
2 1024
3 1024
1 1024
1 1024
2 1024
2 1024
1 1024
3 1024
1 1024
2 1024
2 1024
1 1024
3 1024
4 1024
2 1024
2 1024
5 1024
4 1024
1 1024
0 47
0 37
2 1024
2 1024
2 1024
1 1024
2 1024
2 1024
3 1024
0 212
3 1024
2 1024
4 1024
0 524
4 1024
4 1024
2 1024
1 1024
1 1024
2 1024
0 50
3 1024
0 48
1 1024
2 1024
1 1024
2 1024
2 1024
1 1024
1 1024
2 1024
1 1024
2 1024
2 1024
2 1024
0 28
1 1024
2 1024
2 1024
1 1024
2 1024
1 1024
2 1024
1 1024
0 162
0 159
3 1024
3 1024
3 1024
1 1024
2 1024
1 1024
1 1024
1 1024
1 1024
0 191
3 1024
4 1024
2 1024
2 1024
1 1024
2 1024
1 1024
0 29
3 1024
3 1024
2 1024
5 1024
2 1024
3 1024
1 1024
1 1024
2 1024
1 1024
2 1024
1 1024
1 1024
1 1024
2 1024
3 1024
2 1024
2 1024
1 1024
2 1024
2 1024
4 1024
1 1024
2 1024
3 1024
3 1024
1 1024
0 236
2 1024
1 1024
2 1024
3 1024
3 1024
3 1024
1 1024
3 1024
2 1024
4 1024
0 251
0 179
2 1024
4 1024
2 1024
2 1024
1 1024
1 1024
3 1024
4 1024
1 1024
2 1024
2 1024
1 1024
1 1024
1 1024
1 1024
2 1024
3 1024
3 1024
3 1024
1 1024
3 1024
0 49
2 1024
2 1024
1 1024
1 1024
2 1024
4 1024
3 1024
4 1024
2 1024
0 415
1 1024
3 1024
0 32
0 51
2 1024
1 1024
2 1024
1 1024
2 1024
2 1024
1 1024
2 1024
3 1024
1 1024
3 1024
3 1024
3 1024
3 1024
2 1024
4 1024
2 1024
1 1024
1 1024
0 241
5 1024
1 1024
0 212
2 1024
1 1024
3 1024
1 1024
2 1024
4 1024
3 1024
2 1024
2 1024
2 1024
1 1024
1 1024
1 1024
2 1024
2 1024
2 1024
1 1024
4 1024
2 1024
1 1024
4 1024
3 1024
1 1024
1 1024
2 1024
3 1024
1 1024
0 667
2 1024
1 1024
2 1024
2 1024
0 133
0 250
3 1024
3 1024
5 1024
1 1024
2 1024
2 1024
1 1024
0 694
4 1024
1 1024
4 1024
1 1024
1 1024
2 1024
2 1024
3 1024
1 1024
3 1024
2 1024
2 1024
2 1024
1 1024
2 1024
2 1024
0 256
2 1024
2 1024
2 1024
1 1024
3 1024
2 1024
2 1024
2 1024
4 1024
0 679
3 1024
4 1024
2 1024
0 484
0 26
1 1024
0 32
2 1024
0 53
1 1024
1 1024
1 1024
3 1024
2 1024
4 1024
2 1024
4 1024
4 1024
2 1024
1 1024
2 1024
2 1024
3 1024
1 1024
2 1024
1 1024
1 1024
0 211
3 1024
2 1024
1 1024
3 1024
1 1024
0 547
1 1024
0 338
2 1024
1 1024
4 1024
3 1024
0 60
5 1024
5 1024
2 1024
0 355
3 1024
4 1024
3 1024
2 1024
3 1024
2 1024
4 1024
3 1024
1 1024
1 1024
2 1024
0 165
3 1024
3 1024
2 1024
1 1024
2 1024
2 1024
2 1024
4 1024
1 1024
3 1024
2 1024
2 1024
3 1024
2 1024
2 1024
2 1024
2 1024
1 1024
1 1024
1 1024
1 1024
3 1024
6 1024
3 1024
3 1024
1 1024
4 1024
4 1024
2 1024
2 1024
2 1024
1 1024
0 15
2 1024
3 1024
2 1024
0 509
3 1024
0 326
5 1024
1 1024
2 1024
1 1024
3 1024
0 88
0 624
3 1024
0 919
3 1024
2 1024
5 1024
1 1024
2 1024
3 1024
3 1024
2 1024
2 1024
2 1024
2 1024
1 1024
0 28
0 90
0 147
2 1024
3 1024
0 354
0 1019
0 151
1 1024
1 1024
1 1024
1 1024
2 1024
0 50
3 1024
1 1024
1 1024
0 259
4 1024
0 242
3 1024
2 1024
1 1024
3 1024
3 1024
4 1024
3 1024
0 62
2 1024
2 1024
1 1024
1 1024
2 1024
1 1024
3 1024
3 1024
2 1024
1 1024
3 1024
1 1024
2 1024
2 1024
4 1024
0 393
0 83
2 1024
3 1024
3 1024
2 1024
1 1024
2 1024
2 1024
6 1024
4 1024
2 1024
2 1024
1 1024
1 1024
4 1024
2 1024
2 1024
0 193
1 1024
1 1024
2 1024
2 1024
3 1024
2 1024
3 1024
1 1024
3 1024
2 1024
4 1024
3 1024
2 1024
1 1024
4 1024
4 1024
1 1024
3 1024
2 1024
3 1024
1 1024
3 1024
2 1024
1 1024
4 1024
2 1024
3 1024
1 1024
0 783
1 1024
2 1024
2 1024
1 1024
3 1024
2 1024
3 1024
3 1024
1 1024
1 1024
1 1024
2 1024
2 1024
3 1024
2 1024
1 1024
2 1024
5 1024
1 1024
1 1024
1 1024
3 1024
2 1024
2 1024
1 1024
3 1024
2 1024
0 137
2 1024
3 1024
0 92
2 1024
0 380
6 1024
2 1024
3 1024
1 1024
3 1024
2 1024
2 1024
2 1024
3 1024
2 1024
2 1024
5 1024
1 1024
1 1024
1 1024
2 1024
2 1024
2 1024
1 1024
3 1024
3 1024
4 1024
2 1024
4 1024
1 1024
1 1024
1 1024
3 1024
4 1024
3 1024
2 1024
2 1024
3 1024
5 1024
2 1024
1 1024
1 1024
2 1024
0 110
3 1024
1 1024
3 1024
2 1024
2 1024
3 1024
0 79
7 1024
3 1024
5 1024
4 1024
2 1024
4 1024
4 1024
4 1024
0 69
1 1024
1 1024
1 1024
0 168
1 1024
0 82
3 1024
5 1024
1 1024
0 107
1 1024
1 1024
1 1024
1 1024
2 1024
1 1024
1 1024
4 1024
2 1024
4 1024
2 1024
2 1024
3 1024
1 1024
3 1024
4 1024
1 1024
4 1024
3 1024
0 247
1 1024
1 1024
3 1024
4 1024
2 1024
2 1024
0 16
1 1024
2 1024
1 1024
0 62
2 1024
2 1024
0 67
4 1024
2 1024
2 1024
2 1024
2 1024
2 1024
4 1024
2 1024
0 145
1 1024
1 1024
3 1024
1 1024
1 1024
4 1024
1 1024
3 1024
5 1024
2 1024
1 1024
2 1024
0 193
0 754
1 1024
2 1024
1 1024
0 325
5 1024
1 1024
0 168
3 1024
1 1024
4 1024
1 1024
2 1024
1 1024
2 1024
0 207
2 1024
2 1024
3 1024
0 39
1 1024
3 1024
0 353
0 317
2 1024
2 1024
1 1024
0 191
3 1024
1 1024
4 1024
1 1024
2 1024
2 1024
2 1024
3 1024
1 1024
3 1024
2 1024
1 1024
2 1024
0 528
4 1024
2 1024
4 1024
2 1024
1 1024
1 1024
1 1024
4 1024
0 86
2 1024
1 1024
1 1024
1 1024
3 1024
4 1024
3 1024
2 1024
2 1024
1 1024
1 1024
2 1024
3 1024
2 1024
1 1024
2 1024
2 1024
1 1024
1 1024
0 57
3 1024
6 1024
2 1024
1 1024
2 1024
3 1024
1 1024
2 1024
2 1024
1 1024
2 1024
2 1024
2 1024
1 1024
1 1024
4 1024
1 1024
2 1024
1 1024
0 551
3 1024
0 118
3 1024
3 1024
2 1024
4 1024
2 1024
2 1024
2 1024
0 145
2 1024
5 1024
5 1024
3 1024
1 1024
2 1024
1 1024
4 1024
2 1024
1 1024
1 1024
2 1024
2 1024
1 1024
3 1024
4 1024
2 1024
2 1024
1 1024
3 1024
1 1024
2 1024
3 1024
0 64
2 1024
2 1024
3 1024
2 1024
2 1024
3 1024
2 1024
3 1024
0 260
2 1024
3 1024
3 1024
2 1024
3 1024
2 1024
4 1024
1 1024
2 1024
1 1024
4 1024
2 1024
3 1024
3 1024
5 1024
2 1024
1 1024
2 1024
1 1024
1 1024
1 1024
1 1024
2 1024
1 1024
2 1024
1 1024
2 1024
2 1024
3 1024
2 1024
0 371
1 1024
1 1024
1 1024
3 1024
0 138
0 40
3 1024
2 1024
2 1024
2 1024
0 189
2 1024
1 1024
1 1024
3 1024
5 1024
1 1024
3 1024
2 1024
2 1024
1 1024
3 1024
3 1024
2 1024
0 55
3 1024
2 1024
1 1024
1 1024
0 217
0 64
2 1024
2 1024
2 1024
3 1024
6 1024
2 1024
3 1024
2 1024
2 1024
0 17
2 1024
3 1024
4 1024
3 1024
1 1024
1 1024
3 1024
0 192
2 1024
1 1024
3 1024
2 1024
3 1024
2 1024
2 1024
3 1024
0 23
1 1024
2 1024
2 1024
1 1024
2 1024
2 1024
1 1024
0 422
2 1024
4 1024
3 1024
2 1024
0 76
2 1024
0 224
2 1024
4 1024
3 1024
3 1024
1 1024
0 239
1 1024
2 1024
2 1024
2 1024
1 1024
1 1024
3 1024
1 1024
4 1024
2 1024
2 1024
3 1024
3 1024
2 1024
1 1024
2 1024
4 1024
3 1024
1 1024
5 1024
2 1024
3 1024
1 1024
2 1024
3 1024
1 1024
2 1024
6 1024
1 1024
1 1024
3 1024
2 1024
0 27
3 1024
2 1024
2 1024
1 1024
1 1024
1 1024
3 1024
3 1024
2 1024
2 1024
2 1024
3 1024
0 67
1 1024
3 1024
1 1024
2 1024
1 1024
4 1024
0 237
2 1024
3 1024
1 1024
2 1024
3 1024
4 1024
1 1024
2 1024
4 1024
2 1024
0 581
2 1024
6 1024
4 1024
0 33
4 1024
0 121
1 1024
1 1024
2 1024
0 384
2 1024
4 1024
2 1024
1 1024
1 1024
2 1024
2 1024
2 1024
1 1024
2 1024
2 1024
2 1024
3 1024
3 1024
1 1024
2 1024
0 510
2 1024
3 1024
2 1024
2 1024
3 1024
3 1024
1 1024
3 1024
1 1024
2 1024
4 1024
4 1024
3 1024
1 1024
2 1024
1 1024
2 1024
1 1024
3 1024
2 1024
2 1024
3 1024
3 1024
1 1024
2 1024
3 1024
1 1024
0 509
3 1024
0 73
2 1024
3 1024
1 1024
2 1024
2 1024
0 511
0 194
1 1024
3 1024
2 1024
0 72
2 1024
4 1024
1 1024
3 1024
3 1024
0 470
5 1024
2 1024
3 1024
1 1024
3 1024
1 1024
1 1024
1 1024
0 192
3 1024
2 1024
2 1024
2 1024
1 1024
3 1024
1 1024
2 1024
1 1024
1 1024
2 1024
0 312
4 1024
0 93
0 63
1 1024
0 54
0 101
3 1024
1 1024
2 1024
1 1024
3 1024
3 1024
3 1024
2 1024
2 1024
1 1024
1 1024
0 131
1 1024
2 1024
2 1024
3 1024
1 1024
1 1024
3 1024
1 1024
1 1024
3 1024
1 1024
2 1024
2 1024
1 1024
0 76
1 1024
2 1024
1 1024
0 21
3 1024
0 50
4 1024
1 1024
2 1024
3 1024
2 1024
0 54
1 1024
1 1024
4 1024
1 1024
1 1024
1 1024
1 1024
2 1024
1 1024
1 1024
2 1024
3 1024
0 122
4 1024
2 1024
2 1024
1 1024
4 1024
1 1024
2 1024
1 1024
2 1024
2 1024
0 49
2 1024
0 64
1 1024
5 1024
3 1024
3 1024
4 1024
2 1024
1 1024
1 1024
2 1024
0 635
0 251
2 1024
2 1024
3 1024
1 1024
3 1024
1 1024
3 1024
2 1024
2 1024
2 1024
0 328
1 1024
3 1024
2 1024
3 1024
2 1024
2 1024
1 1024
1 1024
1 1024
1 1024
1 1024
4 1024
0 71
1 1024
0 84
0 159
2 1024
5 1024
3 1024
0 134
2 1024
1 1024
1 1024
2 1024
0 304
1 1024
1 1024
2 1024
2 1024
1 1024
2 1024
1 1024
4 1024
1 1024
3 1024
2 1024
2 1024
1 1024
0 12
4 1024
3 1024
1 1024
2 1024
1 1024
2 1024
1 1024
2 1024
2 1024
3 1024
2 1024
1 1024
1 1024
1 1024
1 1024
2 1024
1 1024
1 1024
4 1024
2 1024
4 1024
2 1024
4 1024
1 1024
0 728
4 1024
1 1024
0 739
3 1024
2 1024
1 1024
6 1024
2 1024
4 1024
2 1024
0 386
3 1024
0 157
0 65
2 1024
4 1024
2 1024
2 1024
3 1024
1 1024
1 1024
1 1024
3 1024
1 1024
0 60
3 1024
1 1024
3 1024
2 1024
3 1024
4 1024
1 1024
2 1024
1 1024
3 1024
2 1024
2 1024
4 1024
2 1024
5 1024
1 1024
2 1024
1 1024
1 1024
0 123
3 1024
0 376
1 1024
0 365
0 241
3 1024
2 1024
2 1024
3 1024
1 1024
1 1024
2 1024
1 1024
1 1024
1 1024
2 1024
1 1024
1 1024
5 1024
1 1024
0 228
2 1024
2 1024
1 1024
0 57
0 181
2 1024
1 1024
1 1024
4 1024
1 1024
3 1024
2 1024
0 231
2 1024
3 1024
3 1024
3 1024
2 1024
3 1024
3 1024
3 1024
1 1024
2 1024
3 1024
1 1024
2 1024
3 1024
1 1024
3 1024
4 1024
1 1024
1 1024
1 1024
1 1024
2 1024
2 1024
2 1024
5 1024
3 1024
3 1024
1 1024
1 1024
3 1024
4 1024
2 1024
3 1024
2 1024
2 1024
1 1024
0 17
1 1024
1 1024
4 1024
2 1024
3 1024
2 1024
2 1024
3 1024
3 1024
0 135
1 1024
1 1024
0 163
4 1024
2 1024
2 1024
2 1024
1 1024
0 351
2 1024
2 1024
0 189
1 1024
1 1024
0 308
3 1024
2 1024
4 1024
2 1024
2 1024
4 1024
2 1024
3 1024
1 1024
0 929
1 1024
4 1024
3 1024
1 1024
1 1024
2 1024
2 1024
4 1024
2 1024
2 1024
2 1024
0 80
4 1024
2 1024
4 1024
1 1024
0 128
2 1024
2 1024
2 1024
5 1024
1 1024
1 1024
1 1024
2 1024
4 1024
4 1024
3 1024
2 1024
1 1024
2 1024
0 213
3 1024
3 1024
2 1024
1 1024
0 49
1 1024
3 1024
2 1024
2 1024
4 1024
4 1024
3 1024
0 25
5 1024
1 1024
0 33
1 1024
3 1024
3 1024
2 1024
1 1024
2 1024
1 1024
3 1024
1 1024
1 1024
2 1024
3 1024
1 1024
1 1024
1 1024
2 1024
2 1024
2 1024
1 1024
1 1024
3 1024
2 1024
3 1024
1 1024
2 1024
1 1024
1 1024
1 1024
3 1024
0 212
1 1024
2 1024
3 1024
2 1024
4 1024
0 109
3 1024
0 254
2 1024
0 59
2 1024
1 1024
2 1024
0 55
0 134
0 71
0 51
5 1024
2 1024
2 1024
1 1024
1 1024
1 1024
2 1024
0 242
0 188
1 1024
3 1024
1 1024
2 1024
2 1024
2 1024
1 1024
1 1024
3 1024
3 1024
2 1024
3 1024
2 1024
4 1024
5 1024
4 1024
0 84
2 1024
0 301
3 1024
2 1024
2 1024
1 1024
1 1024
1 1024
1 1024
2 1024
3 1024
1 1024
2 1024
4 1024
1 1024
2 1024
1 1024
1 1024
0 170
3 1024
4 1024
3 1024
2 1024
0 225
3 1024
6 1024
1 1024
2 1024
0 27
0 102
4 1024
2 1024
2 1024
1 1024
2 1024
2 1024
2 1024
1 1024
2 1024
2 1024
3 1024
4 1024
3 1024
1 1024
0 92
4 1024
1 1024
2 1024
3 1024
2 1024
2 1024
1 1024
1 1024
3 1024
1 1024
1 1024
1 1024
1 1024
2 1024
2 1024
2 1024
0 63
1 1024
2 1024
1 1024
3 1024
0 29
4 1024
1 1024
3 1024
3 1024
2 1024
1 1024
3 1024
0 684
2 1024
1 1024
3 1024
2 1024
2 1024
3 1024
2 1024
1 1024
5 1024
2 1024
3 1024
1 1024
4 1024
2 1024
2 1024
1 1024
3 1024
2 1024
3 1024
1 1024
2 1024
0 26
3 1024
0 43
1 1024
1 1024
2 1024
1 1024
0 105
4 1024
2 1024
1 1024
3 1024
0 243
2 1024
1 1024
2 1024
2 1024
0 341
2 1024
2 1024
2 1024
1 1024
3 1024
2 1024
6 1024
2 1024
2 1024
2 1024
1 1024
0 52
2 1024
2 1024
2 1024
2 1024
2 1024
0 62
5 1024
5 1024
1 1024
1 1024
3 1024
2 1024
2 1024
4 1024
5 1024
2 1024
3 1024
1 1024
1 1024
3 1024
0 620
2 1024
0 167
4 1024
3 1024
2 1024
1 1024
1 1024
0 350
3 1024
3 1024
2 1024
2 1024
5 1024
0 415
1 1024
4 1024
3 1024
1 1024
5 1024
3 1024
0 237
2 1024
1 1024
3 1024
2 1024
3 1024
1 1024
0 231
4 1024
1 1024
1 1024
3 1024
0 846
4 1024
2 1024
3 1024
3 1024
3 1024
1 1024
1 1024
2 1024
0 145
2 1024
0 291
1 1024
2 1024
3 1024
3 1024
1 1024
2 1024
1 1024
3 1024
2 1024
0 33
1 1024
1 1024
2 1024
2 1024
4 1024
3 1024
2 1024
0 90
2 1024
4 1024
2 1024
2 1024
2 1024
1 1024
0 122
1 1024
1 1024
5 1024
3 1024
2 1024
2 1024
1 1024
1 1024
0 620
1 1024
1 1024
3 1024
1 1024
3 1024
1 1024
1 1024
0 25
3 1024
5 1024
2 1024
4 1024
1 1024
1 1024
1 1024
0 362
1 1024
2 1024
1 1024
1 1024
1 1024
3 1024
3 1024
3 1024
0 562
1 1024
1 1024
2 1024
3 1024
1 1024
4 1024
3 1024
1 1024
1 1024
2 1024
0 24
1 1024
1 1024
1 1024
0 115
2 1024
3 1024
1 1024
2 1024
2 1024
2 1024
1 1024
1 1024
2 1024
0 156
3 1024
1 1024
1 1024
0 65
0 246
1 1024
2 1024
1 1024
3 1024
2 1024
1 1024
2 1024
1 1024
2 1024
2 1024
2 1024
2 1024
3 1024
2 1024
0 462
1 1024
2 1024
1 1024
1 1024
3 1024
2 1024
1 1024
1 1024
3 1024
4 1024
2 1024
3 1024
2 1024
1 1024
1 1024
3 1024
0 142
1 1024
0 289
3 1024
3 1024
1 1024
1 1024
1 1024
3 1024
1 1024
2 1024
0 121
2 1024
1 1024
2 1024
4 1024
2 1024
5 1024
1 1024
3 1024
4 1024
2 1024
2 1024
2 1024
0 31
1 1024
0 61
0 598
1 1024
3 1024
4 1024
2 1024
3 1024
2 1024
2 1024
4 1024
2 1024
2 1024
2 1024
2 1024
2 1024
5 1024
2 1024
2 1024
4 1024
2 1024
1 1024
2 1024
3 1024
2 1024
3 1024
0 149
3 1024
0 14
1 1024
2 1024
1 1024
3 1024
1 1024
1 1024
0 459
0 468
2 1024
0 171
1 1024
3 1024
0 397
1 1024
1 1024
1 1024
1 1024
1 1024
2 1024
3 1024
2 1024
2 1024
5 1024
1 1024
0 364
1 1024
2 1024
2 1024
2 1024
0 203
4 1024
2 1024
4 1024
1 1024
1 1024
2 1024
3 1024
0 370
2 1024
2 1024
1 1024
2 1024
2 1024
1 1024
3 1024
1 1024
2 1024
2 1024
2 1024
3 1024
2 1024
3 1024
4 1024
4 1024
2 1024
1 1024
0 47
2 1024
1 1024
6 1024
4 1024
2 1024
4 1024
1 1024
1 1024
2 1024
3 1024
3 1024
1 1024
1 1024
5 1024
1 1024
1 1024
0 108
3 1024
2 1024
3 1024
3 1024
2 1024
1 1024
4 1024
4 1024
4 1024
2 1024
2 1024
0 670
1 1024
4 1024
2 1024
3 1024
2 1024
3 1024
1 1024
1 1024
1 1024
3 1024
0 206
0 205
3 1024
1 1024
1 1024
0 52
1 1024
4 1024
2 1024
4 1024
2 1024
2 1024
2 1024
2 1024
2 1024
2 1024
3 1024
3 1024
2 1024
3 1024
1 1024
2 1024
3 1024
2 1024
1 1024
1 1024
2 1024
2 1024
1 1024
2 1024
1 1024
2 1024
2 1024
1 1024
1 1024
3 1024
2 1024
2 1024
3 1024
5 1024
2 1024
3 1024
1 1024
2 1024
1 1024
1 1024
2 1024
1 1024
1 1024
2 1024
1 1024
3 1024
2 1024
1 1024
1 1024
3 1024
2 1024
4 1024
2 1024
0 229
0 197
1 1024
2 1024
3 1024
2 1024
2 1024
3 1024
2 1024
0 282
2 1024
0 98
2 1024
2 1024
0 220
1 1024
3 1024
1 1024
0 44
2 1024
0 767
2 1024
2 1024
2 1024
2 1024
1 1024
3 1024
2 1024
1 1024
2 1024
4 1024
0 505
0 346
0 363
0 28
2 1024
1 1024
2 1024
2 1024
1 1024
0 216
6 1024
2 1024
1 1024
2 1024
2 1024
3 1024
1 1024
1 1024
2 1024
1 1024
0 139
1 1024
2 1024
1 1024
1 1024
2 1024
1 1024
2 1024
3 1024
3 1024
1 1024
2 1024
1 1024
2 1024
1 1024
3 1024
2 1024
0 127
2 1024
1 1024
2 1024
3 1024
1 1024
2 1024
2 1024
1 1024
1 1024
3 1024
2 1024
2 1024
0 178
2 1024
2 1024
2 1024
0 192
5 1024
2 1024
4 1024
3 1024
3 1024
2 1024
1 1024
2 1024
4 1024
1 1024
1 1024
1 1024
4 1024
2 1024
1 1024
4 1024
1 1024
1 1024
3 1024
2 1024
1 1024
2 1024
2 1024
2 1024
1 1024
1 1024
1 1024
1 1024
1 1024
3 1024
3 1024
3 1024
0 191
4 1024
3 1024
3 1024
2 1024
1 1024
2 1024
6 1024
2 1024
3 1024
2 1024
4 1024
3 1024
1 1024
1 1024
3 1024
4 1024
4 1024
0 74
3 1024
2 1024
2 1024
2 1024
3 1024
2 1024
2 1024
1 1024
1 1024
2 1024
3 1024
1 1024
1 1024
2 1024
3 1024
0 161
3 1024
2 1024
3 1024
0 160
1 1024
4 1024
2 1024
1 1024
2 1024
2 1024
1 1024
2 1024
2 1024
0 182
5 1024
0 19
4 1024
1 1024
0 461
4 1024
4 1024
2 1024
3 1024
3 1024
2 1024
3 1024
3 1024
2 1024
2 1024
1 1024
1 1024
3 1024
2 1024
2 1024
1 1024
3 1024
0 361
3 1024
4 1024
3 1024
3 1024
3 1024
1 1024
4 1024
3 1024
1 1024
1 1024
1 1024
1 1024
3 1024
3 1024
8 1024
3 1024
3 1024
1 1024
3 1024
1 1024
1 1024
3 1024
2 1024
3 1024
4 1024
1 1024
3 1024
2 1024
4 1024
0 221
2 1024
2 1024
3 1024
1 1024
0 246
2 1024
3 1024
2 1024
2 1024
4 1024
1 1024
0 426
4 1024
2 1024
2 1024
4 1024
4 1024
2 1024
1 1024
3 1024
3 1024
0 688
1 1024
0 398
1 1024
0 66
2 1024
1 1024
3 1024
1 1024
2 1024
2 1024
4 1024
3 1024
1 1024
1 1024
1 1024
2 1024
1 1024
2 1024
3 1024
2 1024
1 1024
1 1024
1 1024
3 1024
2 1024
1 1024
2 1024
2 1024
4 1024
1 1024
2 1024
1 1024
0 234
3 1024
2 1024
2 1024
2 1024
1 1024
4 1024
4 1024
2 1024
0 15
3 1024
3 1024
2 1024
1 1024
3 1024
0 46
4 1024
1 1024
4 1024
5 1024
0 255
2 1024
0 119
3 1024
4 1024
1 1024
0 829
1 1024
0 253
4 1024
1 1024
1 1024
2 1024
0 117
2 1024
3 1024
3 1024
1 1024
3 1024
1 1024
1 1024
2 1024
2 1024
2 1024
2 1024
3 1024
4 1024
