# SA for random K-SAT
# K = 3   N = 32768   M = 131072   seed = 1329349960
# alpha = 4.000000   nIter = 16384  Tmax = 0.200000
# 1:lowestUnsat  2:runTime
1 16384
4 16384
1 16384
4 16384
0 15918
0 13818
2 16384
5 16384
0 9273
1 16384
2 16384
4 16384
2 16384
3 16384
3 16384
2 16384
3 16384
3 16384
2 16384
2 16384
4 16384
1 16384
5 16384
0 10998
5 16384
1 16384
2 16384
3 16384
3 16384
2 16384
3 16384
3 16384
1 16384
4 16384
3 16384
0 13084
1 16384
7 16384
3 16384
2 16384
1 16384
2 16384
3 16384
3 16384
1 16384
4 16384
5 16384
1 16384
1 16384
5 16384
7 16384
2 16384
4 16384
1 16384
3 16384
2 16384
1 16384
0 15154
1 16384
2 16384
2 16384
4 16384
2 16384
2 16384
4 16384
3 16384
2 16384
4 16384
2 16384
2 16384
2 16384
3 16384
0 9197
3 16384
2 16384
6 16384
4 16384
7 16384
3 16384
0 14179
8 16384
1 16384
1 16384
6 16384
1 16384
3 16384
1 16384
3 16384
1 16384
2 16384
1 16384
1 16384
3 16384
5 16384
5 16384
0 14673
2 16384
5 16384
5 16384
0 16231
2 16384
0 14072
1 16384
2 16384
5 16384
2 16384
3 16384
3 16384
4 16384
0 11964
1 16384
1 16384
2 16384
2 16384
4 16384
1 16384
2 16384
3 16384
2 16384
1 16384
0 13315
1 16384
0 12271
2 16384
2 16384
5 16384
4 16384
0 15107
1 16384
3 16384
2 16384
1 16384
2 16384
1 16384
2 16384
0 13846
1 16384
2 16384
1 16384
1 16384
0 15161
2 16384
1 16384
2 16384
1 16384
5 16384
5 16384
2 16384
0 14807
1 16384
1 16384
1 16384
4 16384
1 16384
2 16384
3 16384
2 16384
2 16384
4 16384
0 13585
3 16384
0 12791
1 16384
2 16384
2 16384
4 16384
3 16384
0 14534
3 16384
4 16384
1 16384
2 16384
3 16384
2 16384
6 16384
2 16384
5 16384
2 16384
1 16384
0 11109
3 16384
3 16384
1 16384
1 16384
3 16384
0 11575
2 16384
1 16384
3 16384
3 16384
3 16384
7 16384
4 16384
3 16384
3 16384
0 10354
3 16384
2 16384
1 16384
4 16384
1 16384
1 16384
2 16384
1 16384
2 16384
3 16384
0 12907
3 16384
0 9496
4 16384
0 12261
4 16384
3 16384
1 16384
2 16384
4 16384
2 16384
1 16384
5 16384
4 16384
1 16384
4 16384
1 16384
0 9346
3 16384
2 16384
2 16384
0 14129
0 15610
3 16384
1 16384
1 16384
4 16384
3 16384
1 16384
3 16384
0 14173
0 15952
1 16384
4 16384
4 16384
2 16384
2 16384
5 16384
3 16384
1 16384
3 16384
6 16384
3 16384
2 16384
3 16384
3 16384
2 16384
0 9372
1 16384
5 16384
5 16384
0 14093
3 16384
1 16384
1 16384
3 16384
0 15457
0 13254
3 16384
0 12638
4 16384
4 16384
2 16384
4 16384
3 16384
2 16384
3 16384
0 13935
0 12221
0 9072
2 16384
4 16384
0 12022
4 16384
2 16384
5 16384
1 16384
0 10557
1 16384
2 16384
2 16384
1 16384
1 16384
0 13570
4 16384
1 16384
2 16384
0 16210
4 16384
2 16384
1 16384
2 16384
2 16384
2 16384
1 16384
3 16384
1 16384
3 16384
2 16384
4 16384
2 16384
1 16384
1 16384
0 9125
2 16384
0 12692
4 16384
5 16384
0 14108
1 16384
1 16384
0 11595
4 16384
5 16384
1 16384
2 16384
2 16384
1 16384
3 16384
3 16384
1 16384
5 16384
3 16384
0 9741
6 16384
2 16384
4 16384
1 16384
3 16384
0 10971
2 16384
0 13291
3 16384
2 16384
2 16384
2 16384
1 16384
3 16384
1 16384
0 14894
4 16384
3 16384
3 16384
3 16384
4 16384
3 16384
1 16384
1 16384
3 16384
4 16384
1 16384
3 16384
1 16384
2 16384
0 12502
3 16384
3 16384
2 16384
2 16384
1 16384
3 16384
5 16384
2 16384
3 16384
1 16384
3 16384
2 16384
5 16384
3 16384
1 16384
3 16384
4 16384
1 16384
3 16384
5 16384
2 16384
1 16384
4 16384
0 9639
0 14131
0 14052
7 16384
1 16384
0 14317
2 16384
7 16384
4 16384
4 16384
2 16384
2 16384
1 16384
1 16384
5 16384
2 16384
8 16384
1 16384
1 16384
1 16384
0 16159
1 16384
2 16384
2 16384
2 16384
1 16384
3 16384
2 16384
4 16384
2 16384
1 16384
3 16384
2 16384
0 11406
3 16384
2 16384
1 16384
6 16384
0 15767
2 16384
3 16384
2 16384
0 14563
1 16384
0 12408
3 16384
1 16384
1 16384
5 16384
0 10642
2 16384
2 16384
1 16384
1 16384
3 16384
2 16384
3 16384
2 16384
2 16384
2 16384
2 16384
5 16384
3 16384
3 16384
3 16384
1 16384
1 16384
3 16384
3 16384
1 16384
3 16384
5 16384
4 16384
0 13506
1 16384
1 16384
6 16384
1 16384
1 16384
5 16384
4 16384
0 11677
4 16384
1 16384
3 16384
1 16384
1 16384
1 16384
0 13532
5 16384
4 16384
0 8550
4 16384
1 16384
3 16384
1 16384
1 16384
5 16384
2 16384
4 16384
2 16384
2 16384
2 16384
1 16384
2 16384
3 16384
1 16384
3 16384
0 13160
1 16384
2 16384
3 16384
2 16384
3 16384
0 14319
1 16384
0 14033
1 16384
2 16384
5 16384
3 16384
2 16384
2 16384
1 16384
3 16384
1 16384
2 16384
5 16384
1 16384
3 16384
2 16384
4 16384
4 16384
1 16384
2 16384
3 16384
0 13114
2 16384
3 16384
1 16384
2 16384
2 16384
3 16384
2 16384
2 16384
1 16384
0 11393
3 16384
2 16384
4 16384
2 16384
1 16384
1 16384
1 16384
0 12558
0 14743
1 16384
2 16384
0 12303
6 16384
2 16384
2 16384
2 16384
1 16384
2 16384
1 16384
4 16384
3 16384
1 16384
1 16384
4 16384
2 16384
0 13046
1 16384
2 16384
2 16384
4 16384
2 16384
1 16384
1 16384
3 16384
1 16384
1 16384
2 16384
3 16384
1 16384
3 16384
2 16384
3 16384
2 16384
1 16384
0 14416
2 16384
3 16384
1 16384
0 9065
0 15596
1 16384
2 16384
0 16166
2 16384
2 16384
2 16384
2 16384
4 16384
2 16384
6 16384
2 16384
1 16384
2 16384
0 14579
4 16384
2 16384
4 16384
2 16384
1 16384
2 16384
0 16353
3 16384
0 10548
1 16384
3 16384
4 16384
3 16384
3 16384
2 16384
1 16384
2 16384
3 16384
1 16384
3 16384
0 14725
1 16384
2 16384
2 16384
5 16384
3 16384
0 16290
6 16384
0 14476
2 16384
0 11686
1 16384
0 13060
2 16384
1 16384
0 12955
1 16384
3 16384
3 16384
0 14815
3 16384
1 16384
1 16384
2 16384
2 16384
3 16384
1 16384
3 16384
2 16384
1 16384
3 16384
1 16384
4 16384
4 16384
0 12980
1 16384
2 16384
0 13929
4 16384
3 16384
2 16384
0 13998
2 16384
2 16384
0 15787
1 16384
3 16384
2 16384
1 16384
3 16384
0 10068
0 10475
1 16384
4 16384
0 12615
2 16384
7 16384
1 16384
3 16384
0 10915
4 16384
5 16384
2 16384
0 14009
2 16384
5 16384
2 16384
2 16384
0 10908
0 13774
1 16384
1 16384
4 16384
4 16384
4 16384
1 16384
3 16384
1 16384
1 16384
2 16384
1 16384
1 16384
3 16384
2 16384
1 16384
3 16384
5 16384
3 16384
2 16384
1 16384
2 16384
1 16384
2 16384
2 16384
0 14871
1 16384
1 16384
1 16384
3 16384
2 16384
0 13419
2 16384
4 16384
2 16384
1 16384
4 16384
1 16384
4 16384
0 11874
7 16384
6 16384
1 16384
1 16384
2 16384
5 16384
0 16322
2 16384
3 16384
1 16384
3 16384
0 14551
1 16384
3 16384
1 16384
0 13898
3 16384
2 16384
0 12215
2 16384
6 16384
0 13525
0 14896
3 16384
3 16384
3 16384
0 14343
0 9003
5 16384
4 16384
1 16384
2 16384
1 16384
1 16384
3 16384
1 16384
2 16384
2 16384
2 16384
2 16384
1 16384
1 16384
2 16384
3 16384
1 16384
2 16384
3 16384
1 16384
3 16384
3 16384
0 12109
1 16384
2 16384
1 16384
3 16384
4 16384
2 16384
3 16384
2 16384
0 11786
2 16384
2 16384
2 16384
2 16384
2 16384
2 16384
6 16384
1 16384
0 13871
3 16384
1 16384
4 16384
0 14269
0 16078
3 16384
5 16384
2 16384
7 16384
4 16384
0 14200
1 16384
1 16384
3 16384
4 16384
4 16384
3 16384
2 16384
3 16384
4 16384
2 16384
2 16384
2 16384
2 16384
3 16384
1 16384
1 16384
1 16384
1 16384
1 16384
2 16384
4 16384
3 16384
3 16384
1 16384
1 16384
2 16384
0 15637
0 10747
1 16384
0 14829
4 16384
2 16384
3 16384
3 16384
2 16384
3 16384
0 12794
2 16384
2 16384
3 16384
2 16384
5 16384
1 16384
2 16384
4 16384
0 15796
3 16384
4 16384
2 16384
3 16384
0 14662
0 9048
2 16384
1 16384
1 16384
2 16384
1 16384
0 11437
2 16384
2 16384
4 16384
3 16384
0 15850
1 16384
4 16384
1 16384
1 16384
2 16384
2 16384
6 16384
3 16384
2 16384
5 16384
1 16384
1 16384
0 12933
1 16384
5 16384
1 16384
0 11808
0 10740
4 16384
2 16384
2 16384
1 16384
3 16384
4 16384
0 10871
5 16384
3 16384
3 16384
2 16384
1 16384
1 16384
1 16384
1 16384
2 16384
2 16384
2 16384
3 16384
3 16384
4 16384
2 16384
2 16384
0 13130
2 16384
0 11099
0 15536
0 11921
2 16384
5 16384
1 16384
1 16384
4 16384
0 14015
2 16384
1 16384
1 16384
2 16384
2 16384
1 16384
2 16384
1 16384
1 16384
6 16384
1 16384
2 16384
3 16384
0 14135
1 16384
4 16384
3 16384
2 16384
1 16384
3 16384
2 16384
4 16384
3 16384
1 16384
0 12866
2 16384
2 16384
2 16384
1 16384
1 16384
1 16384
1 16384
3 16384
2 16384
6 16384
1 16384
1 16384
2 16384
3 16384
1 16384
3 16384
4 16384
1 16384
2 16384
3 16384
3 16384
4 16384
1 16384
1 16384
1 16384
3 16384
3 16384
3 16384
5 16384
4 16384
1 16384
5 16384
3 16384
1 16384
0 15420
0 14014
3 16384
2 16384
3 16384
2 16384
2 16384
0 13248
4 16384
2 16384
1 16384
1 16384
0 11677
4 16384
1 16384
1 16384
3 16384
1 16384
5 16384
2 16384
2 16384
3 16384
4 16384
1 16384
1 16384
3 16384
2 16384
3 16384
4 16384
3 16384
1 16384
1 16384
1 16384
3 16384
4 16384
1 16384
7 16384
0 16056
2 16384
2 16384
2 16384
3 16384
5 16384
3 16384
3 16384
2 16384
1 16384
5 16384
6 16384
4 16384
2 16384
1 16384
1 16384
2 16384
2 16384
1 16384
3 16384
4 16384
3 16384
3 16384
3 16384
2 16384
5 16384
3 16384
1 16384
2 16384
1 16384
1 16384
0 11250
3 16384
3 16384
2 16384
7 16384
1 16384
2 16384
0 12276
1 16384
4 16384
2 16384
3 16384
1 16384
2 16384
0 14965
3 16384
1 16384
2 16384
0 16000
4 16384
0 12250
0 14265
8 16384
3 16384
0 10882
1 16384
2 16384
0 14178
2 16384
3 16384
1 16384
4 16384
3 16384
2 16384
3 16384
2 16384
1 16384
2 16384
3 16384
1 16384
2 16384
4 16384
4 16384
2 16384
0 10794
1 16384
0 15061
4 16384
1 16384
3 16384
3 16384
2 16384
2 16384
5 16384
0 12208
4 16384
3 16384
2 16384
3 16384
0 13324
1 16384
3 16384
0 13285
1 16384
0 14738
1 16384
3 16384
1 16384
1 16384
3 16384
3 16384
4 16384
2 16384
2 16384
1 16384
1 16384
1 16384
2 16384
2 16384
2 16384
1 16384
1 16384
2 16384
2 16384
0 11491
0 14234
0 15535
2 16384
1 16384
3 16384
3 16384
4 16384
3 16384
3 16384
1 16384
2 16384
6 16384
0 9481
3 16384
2 16384
4 16384
0 14288
3 16384
0 9001
0 11587
1 16384
2 16384
3 16384
2 16384
3 16384
3 16384
6 16384
1 16384
3 16384
2 16384
1 16384
1 16384
1 16384
1 16384
5 16384
0 12905
1 16384
3 16384
3 16384
3 16384
2 16384
0 12549
1 16384
2 16384
4 16384
3 16384
2 16384
0 13634
2 16384
4 16384
2 16384
2 16384
2 16384
4 16384
4 16384
1 16384
1 16384
3 16384
1 16384
0 15183
2 16384
0 9680
2 16384
2 16384
2 16384
0 12453
2 16384
1 16384
2 16384
1 16384
2 16384
2 16384
0 16377
1 16384
0 13482
0 13736
3 16384
4 16384
2 16384
3 16384
1 16384
2 16384
2 16384
2 16384
0 9630
2 16384
4 16384
3 16384
2 16384
0 16370
0 15394
3 16384
3 16384
3 16384
5 16384
1 16384
7 16384
1 16384
0 14326
1 16384
2 16384
3 16384
0 15517
1 16384
3 16384
1 16384
2 16384
2 16384
3 16384
0 11612
7 16384
4 16384
5 16384
0 11409
1 16384
1 16384
2 16384
2 16384
0 15176
3 16384
1 16384
4 16384
1 16384
6 16384
0 10585
4 16384
4 16384
0 15317
0 14841
0 14292
1 16384
3 16384
0 12237
3 16384
3 16384
5 16384
6 16384
2 16384
2 16384
1 16384
2 16384
2 16384
1 16384
3 16384
0 10304
0 10072
1 16384
1 16384
3 16384
1 16384
3 16384
5 16384
2 16384
1 16384
3 16384
6 16384
0 11462
3 16384
3 16384
0 15746
3 16384
2 16384
1 16384
2 16384
3 16384
2 16384
3 16384
3 16384
1 16384
6 16384
1 16384
0 15872
2 16384
3 16384
1 16384
0 13929
4 16384
4 16384
3 16384
8 16384
1 16384
3 16384
1 16384
0 10727
4 16384
1 16384
5 16384
2 16384
0 14001
2 16384
0 15548
1 16384
1 16384
4 16384
3 16384
4 16384
5 16384
2 16384
3 16384
0 11526
0 13146
2 16384
2 16384
1 16384
2 16384
3 16384
3 16384
2 16384
0 14685
3 16384
3 16384
1 16384
5 16384
3 16384
0 9751
4 16384
1 16384
3 16384
4 16384
3 16384
2 16384
2 16384
0 13607
5 16384
2 16384
1 16384
3 16384
0 14790
3 16384
3 16384
2 16384
1 16384
2 16384
3 16384
1 16384
4 16384
4 16384
0 15629
5 16384
6 16384
5 16384
3 16384
3 16384
3 16384
0 8696
6 16384
1 16384
1 16384
2 16384
1 16384
8 16384
5 16384
5 16384
3 16384
1 16384
0 11105
3 16384
2 16384
0 11614
2 16384
2 16384
1 16384
2 16384
2 16384
3 16384
3 16384
3 16384
2 16384
0 9219
2 16384
0 10089
3 16384
0 9100
4 16384
1 16384
5 16384
7 16384
1 16384
4 16384
1 16384
3 16384
2 16384
0 12589
2 16384
3 16384
1 16384
4 16384
3 16384
1 16384
4 16384
2 16384
2 16384
3 16384
3 16384
3 16384
2 16384
2 16384
1 16384
3 16384
1 16384
1 16384
1 16384
0 12202
3 16384
2 16384
1 16384
4 16384
0 14245
3 16384
3 16384
3 16384
1 16384
7 16384
2 16384
5 16384
3 16384
4 16384
1 16384
3 16384
0 13913
4 16384
2 16384
0 12489
0 15995
0 15733
1 16384
2 16384
1 16384
1 16384
1 16384
6 16384
0 15420
0 14805
1 16384
0 12753
3 16384
1 16384
2 16384
1 16384
0 14642
1 16384
1 16384
3 16384
1 16384
2 16384
2 16384
2 16384
7 16384
1 16384
2 16384
1 16384
1 16384
3 16384
2 16384
0 16196
1 16384
2 16384
2 16384
0 10692
3 16384
2 16384
5 16384
0 13566
1 16384
3 16384
3 16384
1 16384
3 16384
2 16384
1 16384
1 16384
1 16384
4 16384
1 16384
5 16384
2 16384
1 16384
0 10472
2 16384
2 16384
0 16302
2 16384
2 16384
2 16384
2 16384
2 16384
1 16384
3 16384
0 14522
1 16384
6 16384
3 16384
2 16384
2 16384
2 16384
4 16384
0 14048
1 16384
1 16384
2 16384
5 16384
4 16384
3 16384
2 16384
3 16384
1 16384
5 16384
1 16384
1 16384
2 16384
1 16384
2 16384
1 16384
4 16384
0 15894
3 16384
2 16384
0 10334
4 16384
1 16384
2 16384
4 16384
2 16384
3 16384
3 16384
3 16384
1 16384
1 16384
2 16384
0 14755
0 16236
3 16384
2 16384
2 16384
0 12893
2 16384
0 15477
3 16384
3 16384
2 16384
4 16384
3 16384
0 8291
5 16384
0 14981
1 16384
2 16384
2 16384
0 9787
1 16384
3 16384
2 16384
2 16384
2 16384
3 16384
4 16384
2 16384
1 16384
1 16384
1 16384
2 16384
1 16384
5 16384
2 16384
4 16384
2 16384
2 16384
1 16384
1 16384
1 16384
2 16384
2 16384
1 16384
0 15213
1 16384
1 16384
0 15144
2 16384
4 16384
2 16384
1 16384
3 16384
1 16384
5 16384
3 16384
1 16384
2 16384
4 16384
5 16384
1 16384
0 12807
3 16384
2 16384
5 16384
3 16384
0 11142
3 16384
2 16384
7 16384
2 16384
1 16384
3 16384
1 16384
2 16384
3 16384
0 12683
2 16384
3 16384
1 16384
1 16384
2 16384
3 16384
1 16384
1 16384
1 16384
3 16384
2 16384
2 16384
1 16384
2 16384
5 16384
1 16384
3 16384
3 16384
2 16384
3 16384
0 12814
0 11839
3 16384
5 16384
2 16384
4 16384
2 16384
5 16384
0 15901
2 16384
0 10253
2 16384
3 16384
3 16384
2 16384
3 16384
1 16384
2 16384
1 16384
0 13746
4 16384
3 16384
4 16384
1 16384
3 16384
2 16384
2 16384
1 16384
0 10965
4 16384
2 16384
5 16384
2 16384
1 16384
3 16384
0 12815
0 15917
0 7891
1 16384
1 16384
5 16384
2 16384
1 16384
2 16384
2 16384
1 16384
1 16384
0 11293
4 16384
8 16384
1 16384
1 16384
5 16384
1 16384
1 16384
2 16384
1 16384
4 16384
1 16384
2 16384
2 16384
5 16384
1 16384
5 16384
1 16384
3 16384
2 16384
0 13375
4 16384
0 10528
2 16384
2 16384
1 16384
1 16384
1 16384
0 12660
3 16384
2 16384
1 16384
1 16384
2 16384
2 16384
1 16384
0 15076
1 16384
4 16384
3 16384
3 16384
2 16384
0 16306
1 16384
0 10528
2 16384
2 16384
3 16384
3 16384
2 16384
1 16384
2 16384
2 16384
1 16384
2 16384
2 16384
0 14921
0 10180
2 16384
2 16384
2 16384
2 16384
2 16384
1 16384
1 16384
2 16384
2 16384
6 16384
3 16384
3 16384
2 16384
2 16384
3 16384
3 16384
2 16384
2 16384
4 16384
2 16384
2 16384
3 16384
4 16384
4 16384
5 16384
2 16384
3 16384
4 16384
1 16384
3 16384
1 16384
3 16384
1 16384
0 16295
2 16384
4 16384
1 16384
2 16384
0 12600
1 16384
1 16384
1 16384
2 16384
1 16384
0 15807
0 15048
2 16384
1 16384
3 16384
1 16384
1 16384
2 16384
0 15937
2 16384
4 16384
2 16384
3 16384
2 16384
3 16384
0 13703
0 13637
3 16384
2 16384
1 16384
0 13167
4 16384
2 16384
0 14342
1 16384
1 16384
3 16384
4 16384
2 16384
1 16384
5 16384
4 16384
4 16384
1 16384
7 16384
3 16384
1 16384
2 16384
0 11974
2 16384
2 16384
2 16384
2 16384
5 16384
2 16384
2 16384
0 11630
2 16384
5 16384
3 16384
4 16384
6 16384
0 14546
1 16384
1 16384
1 16384
3 16384
2 16384
0 11867
3 16384
2 16384
1 16384
0 12222
4 16384
1 16384
0 15146
2 16384
2 16384
1 16384
3 16384
0 13864
4 16384
7 16384
3 16384
3 16384
1 16384
0 12169
5 16384
0 16115
4 16384
0 15478
2 16384
2 16384
1 16384
1 16384
1 16384
2 16384
2 16384
2 16384
3 16384
1 16384
2 16384
3 16384
8 16384
1 16384
3 16384
5 16384
1 16384
4 16384
2 16384
1 16384
4 16384
0 14550
2 16384
5 16384
3 16384
4 16384
2 16384
6 16384
5 16384
0 14127
2 16384
4 16384
2 16384
0 16089
2 16384
1 16384
4 16384
5 16384
1 16384
1 16384
2 16384
1 16384
3 16384
1 16384
3 16384
2 16384
4 16384
1 16384
2 16384
4 16384
1 16384
3 16384
1 16384
3 16384
0 13337
3 16384
1 16384
2 16384
3 16384
1 16384
1 16384
1 16384
1 16384
2 16384
1 16384
3 16384
2 16384
2 16384
2 16384
1 16384
3 16384
5 16384
1 16384
1 16384
2 16384
0 11054
1 16384
3 16384
4 16384
0 15631
1 16384
3 16384
3 16384
3 16384
0 10548
3 16384
2 16384
0 14734
8 16384
3 16384
1 16384
1 16384
0 9817
1 16384
2 16384
2 16384
1 16384
3 16384
1 16384
3 16384
1 16384
5 16384
3 16384
2 16384
1 16384
2 16384
4 16384
2 16384
3 16384
2 16384
3 16384
2 16384
3 16384
0 14896
3 16384
1 16384
2 16384
1 16384
5 16384
2 16384
3 16384
3 16384
3 16384
0 12210
3 16384
2 16384
5 16384
2 16384
0 15317
0 15379
2 16384
1 16384
5 16384
0 11066
4 16384
4 16384
3 16384
1 16384
4 16384
1 16384
0 13744
0 10014
2 16384
4 16384
2 16384
1 16384
2 16384
3 16384
2 16384
1 16384
0 11934
1 16384
1 16384
2 16384
4 16384
4 16384
2 16384
1 16384
4 16384
4 16384
0 8255
2 16384
5 16384
2 16384
4 16384
2 16384
2 16384
0 15721
0 12734
3 16384
4 16384
3 16384
0 14710
1 16384
1 16384
3 16384
4 16384
2 16384
4 16384
1 16384
5 16384
3 16384
1 16384
2 16384
1 16384
0 11076
3 16384
3 16384
0 14660
4 16384
6 16384
2 16384
0 11575
3 16384
1 16384
3 16384
2 16384
2 16384
4 16384
2 16384
1 16384
3 16384
4 16384
2 16384
2 16384
2 16384
2 16384
2 16384
1 16384
2 16384
3 16384
2 16384
0 13001
0 10721
2 16384
2 16384
2 16384
0 15329
2 16384
0 14230
3 16384
3 16384
3 16384
2 16384
1 16384
1 16384
0 13333
3 16384
5 16384
1 16384
1 16384
1 16384
3 16384
2 16384
4 16384
0 10833
2 16384
0 9232
3 16384
5 16384
1 16384
2 16384
1 16384
2 16384
1 16384
2 16384
1 16384
2 16384
1 16384
2 16384
1 16384
1 16384
1 16384
3 16384
5 16384
3 16384
1 16384
7 16384
1 16384
0 13214
1 16384
1 16384
2 16384
4 16384
1 16384
5 16384
3 16384
0 9030
3 16384
0 9092
0 13175
5 16384
4 16384
2 16384
1 16384
0 14151
4 16384
2 16384
3 16384
2 16384
0 12505
1 16384
4 16384
1 16384
1 16384
0 10172
0 15116
5 16384
1 16384
2 16384
3 16384
4 16384
3 16384
1 16384
2 16384
1 16384
2 16384
1 16384
1 16384
1 16384
3 16384
4 16384
3 16384
3 16384
1 16384
6 16384
2 16384
0 15137
5 16384
0 13318
2 16384
5 16384
0 10644
0 14024
0 14112
3 16384
1 16384
1 16384
1 16384
3 16384
2 16384
2 16384
5 16384
4 16384
3 16384
3 16384
4 16384
2 16384
1 16384
3 16384
2 16384
4 16384
2 16384
1 16384
3 16384
2 16384
1 16384
4 16384
2 16384
0 13887
7 16384
2 16384
4 16384
1 16384
1 16384
3 16384
0 15929
2 16384
2 16384
1 16384
1 16384
1 16384
2 16384
2 16384
1 16384
3 16384
5 16384
2 16384
2 16384
4 16384
5 16384
0 13556
7 16384
2 16384
4 16384
1 16384
2 16384
4 16384
2 16384
2 16384
1 16384
3 16384
1 16384
2 16384
3 16384
0 15103
1 16384
0 13756
3 16384
2 16384
2 16384
0 14602
2 16384
1 16384
4 16384
2 16384
1 16384
5 16384
2 16384
2 16384
5 16384
3 16384
2 16384
0 14022
0 13131
0 12930
3 16384
0 14279
0 15222
2 16384
3 16384
2 16384
1 16384
0 11463
1 16384
1 16384
1 16384
1 16384
1 16384
2 16384
1 16384
3 16384
4 16384
1 16384
3 16384
3 16384
3 16384
1 16384
3 16384
0 9808
3 16384
1 16384
2 16384
1 16384
2 16384
1 16384
1 16384
2 16384
2 16384
1 16384
2 16384
2 16384
1 16384
0 9207
0 10913
3 16384
0 9864
2 16384
6 16384
4 16384
1 16384
2 16384
1 16384
1 16384
3 16384
2 16384
2 16384
1 16384
3 16384
2 16384
2 16384
0 12075
0 15860
3 16384
1 16384
1 16384
3 16384
5 16384
5 16384
5 16384
3 16384
1 16384
1 16384
4 16384
1 16384
2 16384
2 16384
2 16384
3 16384
2 16384
2 16384
0 10284
0 14735
1 16384
1 16384
1 16384
4 16384
1 16384
5 16384
1 16384
3 16384
6 16384
5 16384
3 16384
1 16384
2 16384
5 16384
0 12361
0 15200
1 16384
1 16384
1 16384
0 11262
2 16384
3 16384
3 16384
1 16384
2 16384
2 16384
2 16384
1 16384
1 16384
0 12125
2 16384
3 16384
3 16384
3 16384
0 15204
1 16384
3 16384
3 16384
3 16384
4 16384
1 16384
1 16384
2 16384
1 16384
2 16384
3 16384
1 16384
3 16384
0 13964
3 16384
0 15153
3 16384
2 16384
0 12627
4 16384
0 13398
1 16384
2 16384
3 16384
2 16384
1 16384
1 16384
1 16384
1 16384
2 16384
1 16384
1 16384
4 16384
3 16384
5 16384
0 12842
4 16384
1 16384
4 16384
2 16384
2 16384
1 16384
2 16384
3 16384
1 16384
9 16384
2 16384
2 16384
0 11242
4 16384
1 16384
2 16384
2 16384
2 16384
0 15581
1 16384
1 16384
2 16384
1 16384
3 16384
2 16384
2 16384
3 16384
5 16384
0 13980
1 16384
3 16384
3 16384
0 13215
3 16384
3 16384
1 16384
0 10295
1 16384
2 16384
3 16384
1 16384
2 16384
2 16384
3 16384
3 16384
1 16384
2 16384
1 16384
3 16384
0 10885
1 16384
1 16384
1 16384
2 16384
5 16384
2 16384
2 16384
1 16384
2 16384
3 16384
1 16384
3 16384
1 16384
3 16384
2 16384
3 16384
3 16384
6 16384
1 16384
4 16384
2 16384
4 16384
0 10200
6 16384
3 16384
3 16384
1 16384
1 16384
3 16384
2 16384
5 16384
0 10168
1 16384
1 16384
5 16384
7 16384
3 16384
1 16384
1 16384
1 16384
1 16384
3 16384
1 16384
3 16384
2 16384
1 16384
2 16384
4 16384
4 16384
0 13838
4 16384
2 16384
4 16384
0 14117
3 16384
0 7762
4 16384
3 16384
0 14005
0 10315
2 16384
3 16384
3 16384
1 16384
4 16384
0 11893
2 16384
1 16384
2 16384
0 12337
3 16384
3 16384
4 16384
2 16384
0 14718
0 16153
5 16384
2 16384
2 16384
1 16384
3 16384
2 16384
1 16384
4 16384
3 16384
3 16384
3 16384
1 16384
3 16384
2 16384
2 16384
1 16384
2 16384
0 13316
1 16384
0 15855
6 16384
2 16384
5 16384
2 16384
0 13822
2 16384
5 16384
3 16384
3 16384
1 16384
1 16384
0 9451
2 16384
4 16384
0 10638
2 16384
4 16384
1 16384
2 16384
0 12724
3 16384
0 10630
3 16384
4 16384
3 16384
1 16384
3 16384
0 15525
3 16384
2 16384
3 16384
1 16384
1 16384
2 16384
4 16384
3 16384
2 16384
0 10419
2 16384
0 13749
3 16384
2 16384
2 16384
4 16384
0 16216
0 15833
2 16384
2 16384
5 16384
2 16384
1 16384
2 16384
4 16384
1 16384
1 16384
3 16384
2 16384
0 13953
0 15547
0 11679
5 16384
0 14420
1 16384
1 16384
3 16384
0 9703
1 16384
0 15112
3 16384
0 13824
1 16384
2 16384
4 16384
2 16384
4 16384
1 16384
2 16384
2 16384
3 16384
1 16384
2 16384
1 16384
3 16384
3 16384
1 16384
0 15659
4 16384
4 16384
2 16384
2 16384
4 16384
2 16384
2 16384
2 16384
4 16384
1 16384
4 16384
3 16384
3 16384
3 16384
3 16384
0 13288
5 16384
2 16384
2 16384
3 16384
7 16384
2 16384
2 16384
0 15886
2 16384
1 16384
1 16384
2 16384
2 16384
1 16384
2 16384
1 16384
7 16384
7 16384
3 16384
2 16384
7 16384
1 16384
2 16384
2 16384
1 16384
4 16384
5 16384
2 16384
2 16384
2 16384
1 16384
3 16384
3 16384
4 16384
0 11950
3 16384
0 12813
2 16384
2 16384
1 16384
1 16384
2 16384
3 16384
1 16384
3 16384
0 14520
1 16384
3 16384
1 16384
3 16384
2 16384
1 16384
4 16384
1 16384
4 16384
2 16384
2 16384
2 16384
1 16384
1 16384
4 16384
4 16384
4 16384
3 16384
3 16384
0 12332
3 16384
3 16384
0 14657
3 16384
3 16384
2 16384
2 16384
3 16384
3 16384
1 16384
1 16384
9 16384
2 16384
1 16384
5 16384
0 14476
2 16384
1 16384
3 16384
3 16384
1 16384
0 10645
0 9260
3 16384
7 16384
4 16384
3 16384
1 16384
5 16384
1 16384
2 16384
3 16384
1 16384
2 16384
3 16384
2 16384
3 16384
2 16384
3 16384
1 16384
4 16384
1 16384
0 9368
2 16384
5 16384
2 16384
2 16384
2 16384
3 16384
2 16384
0 15338
3 16384
2 16384
2 16384
0 11972
4 16384
0 13906
1 16384
3 16384
3 16384
4 16384
2 16384
4 16384
2 16384
2 16384
1 16384
4 16384
2 16384
1 16384
1 16384
1 16384
2 16384
1 16384
3 16384
0 8970
0 12109
3 16384
4 16384
1 16384
2 16384
3 16384
6 16384
3 16384
3 16384
2 16384
3 16384
1 16384
2 16384
3 16384
1 16384
1 16384
2 16384
2 16384
2 16384
1 16384
1 16384
1 16384
1 16384
0 11400
1 16384
1 16384
2 16384
5 16384
6 16384
1 16384
2 16384
5 16384
1 16384
1 16384
1 16384
1 16384
1 16384
1 16384
3 16384
2 16384
3 16384
4 16384
1 16384
0 14305
0 14858
1 16384
2 16384
8 16384
2 16384
4 16384
1 16384
2 16384
3 16384
1 16384
4 16384
0 12176
1 16384
4 16384
0 12258
3 16384
1 16384
0 14262
2 16384
2 16384
2 16384
2 16384
2 16384
6 16384
1 16384
0 14937
4 16384
1 16384
0 16253
2 16384
6 16384
0 13014
3 16384
0 13353
5 16384
4 16384
2 16384
2 16384
2 16384
1 16384
1 16384
1 16384
2 16384
4 16384
5 16384
2 16384
5 16384
2 16384
1 16384
2 16384
2 16384
0 13304
1 16384
0 8214
1 16384
3 16384
1 16384
4 16384
4 16384
0 15758
4 16384
3 16384
1 16384
3 16384
1 16384
0 12517
5 16384
1 16384
1 16384
1 16384
0 15400
3 16384
2 16384
2 16384
1 16384
1 16384
2 16384
1 16384
1 16384
3 16384
0 14802
0 11292
2 16384
3 16384
1 16384
3 16384
3 16384
1 16384
1 16384
5 16384
3 16384
3 16384
2 16384
1 16384
1 16384
3 16384
2 16384
2 16384
3 16384
3 16384
2 16384
3 16384
4 16384
4 16384
3 16384
4 16384
3 16384
5 16384
0 15875
1 16384
0 13342
5 16384
4 16384
4 16384
0 13468
4 16384
0 14825
2 16384
1 16384
1 16384
2 16384
3 16384
2 16384
3 16384
0 15965
0 13309
1 16384
5 16384
3 16384
1 16384
0 9601
0 13907
0 13963
2 16384
4 16384
2 16384
4 16384
4 16384
2 16384
2 16384
3 16384
4 16384
1 16384
2 16384
2 16384
3 16384
2 16384
1 16384
3 16384
1 16384
1 16384
1 16384
5 16384
1 16384
3 16384
3 16384
0 14841
2 16384
0 13510
1 16384
2 16384
8 16384
4 16384
3 16384
1 16384
0 16027
1 16384
2 16384
7 16384
2 16384
2 16384
4 16384
3 16384
3 16384
0 13983
5 16384
1 16384
1 16384
3 16384
2 16384
3 16384
0 10712
3 16384
1 16384
2 16384
2 16384
1 16384
1 16384
1 16384
1 16384
0 12925
3 16384
3 16384
3 16384
2 16384
3 16384
3 16384
3 16384
2 16384
2 16384
0 11229
1 16384
2 16384
4 16384
0 11426
1 16384
1 16384
0 11376
6 16384
2 16384
3 16384
3 16384
2 16384
0 15780
1 16384
4 16384
5 16384
2 16384
3 16384
2 16384
0 14389
2 16384
2 16384
2 16384
3 16384
3 16384
1 16384
2 16384
1 16384
3 16384
5 16384
0 15819
1 16384
1 16384
5 16384
4 16384
0 11353
2 16384
2 16384
1 16384
1 16384
1 16384
3 16384
1 16384
2 16384
4 16384
0 9611
1 16384
2 16384
0 15608
4 16384
2 16384
1 16384
3 16384
3 16384
1 16384
2 16384
0 8937
2 16384
1 16384
1 16384
2 16384
3 16384
4 16384
2 16384
5 16384
3 16384
4 16384
2 16384
2 16384
2 16384
8 16384
0 16242
2 16384
3 16384
2 16384
2 16384
1 16384
0 14915
2 16384
4 16384
1 16384
5 16384
2 16384
2 16384
2 16384
2 16384
4 16384
1 16384
3 16384
1 16384
4 16384
0 16121
1 16384
2 16384
2 16384
2 16384
1 16384
4 16384
1 16384
3 16384
1 16384
6 16384
2 16384
3 16384
6 16384
0 10650
1 16384
2 16384
3 16384
1 16384
1 16384
1 16384
2 16384
3 16384
2 16384
1 16384
5 16384
1 16384
1 16384
2 16384
2 16384
4 16384
1 16384
2 16384
3 16384
3 16384
2 16384
4 16384
3 16384
2 16384
3 16384
5 16384
1 16384
1 16384
1 16384
3 16384
3 16384
6 16384
2 16384
6 16384
0 10444
1 16384
0 13582
3 16384
1 16384
2 16384
3 16384
0 14282
1 16384
2 16384
0 15727
2 16384
6 16384
0 15064
2 16384
9 16384
1 16384
2 16384
1 16384
3 16384
1 16384
3 16384
1 16384
2 16384
4 16384
1 16384
3 16384
2 16384
2 16384
3 16384
1 16384
1 16384
2 16384
0 11391
0 14932
1 16384
4 16384
0 14734
1 16384
1 16384
4 16384
3 16384
0 10925
3 16384
2 16384
2 16384
3 16384
4 16384
1 16384
2 16384
2 16384
1 16384
3 16384
7 16384
5 16384
0 15355
1 16384
0 12138
0 11369
2 16384
0 16095
1 16384
1 16384
2 16384
5 16384
3 16384
4 16384
1 16384
1 16384
1 16384
1 16384
1 16384
6 16384
2 16384
0 13704
0 15881
1 16384
2 16384
2 16384
1 16384
4 16384
1 16384
5 16384
1 16384
4 16384
2 16384
0 14553
6 16384
0 11334
1 16384
1 16384
0 11628
3 16384
4 16384
0 13475
3 16384
1 16384
1 16384
6 16384
2 16384
0 14110
4 16384
0 9238
5 16384
1 16384
1 16384
1 16384
0 8162
2 16384
3 16384
2 16384
4 16384
1 16384
3 16384
2 16384
1 16384
1 16384
0 14116
4 16384
3 16384
3 16384
2 16384
0 12962
2 16384
0 12885
1 16384
2 16384
4 16384
3 16384
2 16384
1 16384
1 16384
1 16384
1 16384
1 16384
3 16384
5 16384
1 16384
0 14070
4 16384
1 16384
2 16384
1 16384
0 14365
0 15064
1 16384
3 16384
0 10344
3 16384
8 16384
3 16384
4 16384
0 10726
1 16384
3 16384
1 16384
2 16384
3 16384
1 16384
4 16384
4 16384
1 16384
3 16384
1 16384
0 10705
1 16384
1 16384
2 16384
0 14024
4 16384
1 16384
1 16384
2 16384
1 16384
5 16384
4 16384
2 16384
3 16384
1 16384
2 16384
1 16384
4 16384
2 16384
1 16384
3 16384
3 16384
1 16384
3 16384
3 16384
3 16384
4 16384
1 16384
3 16384
5 16384
2 16384
3 16384
0 11491
1 16384
4 16384
3 16384
2 16384
4 16384
1 16384
2 16384
1 16384
3 16384
2 16384
1 16384
5 16384
3 16384
3 16384
0 13476
4 16384
4 16384
1 16384
1 16384
1 16384
3 16384
2 16384
2 16384
7 16384
1 16384
1 16384
4 16384
2 16384
1 16384
5 16384
1 16384
3 16384
2 16384
1 16384
1 16384
0 15628
1 16384
3 16384
1 16384
4 16384
2 16384
2 16384
2 16384
0 10213
2 16384
2 16384
2 16384
1 16384
0 13752
3 16384
1 16384
5 16384
3 16384
1 16384
3 16384
1 16384
3 16384
1 16384
2 16384
4 16384
1 16384
4 16384
1 16384
4 16384
1 16384
2 16384
5 16384
1 16384
4 16384
2 16384
2 16384
2 16384
2 16384
0 16163
3 16384
1 16384
1 16384
3 16384
4 16384
1 16384
0 12273
5 16384
2 16384
2 16384
3 16384
2 16384
3 16384
5 16384
3 16384
1 16384
5 16384
4 16384
3 16384
4 16384
3 16384
4 16384
3 16384
3 16384
1 16384
1 16384
4 16384
4 16384
2 16384
6 16384
1 16384
2 16384
0 12396
1 16384
1 16384
3 16384
3 16384
1 16384
2 16384
3 16384
2 16384
0 11748
1 16384
2 16384
0 15551
1 16384
8 16384
3 16384
0 14496
0 14969
7 16384
2 16384
5 16384
0 10108
1 16384
4 16384
1 16384
1 16384
5 16384
0 10132
1 16384
1 16384
4 16384
1 16384
1 16384
1 16384
3 16384
2 16384
5 16384
2 16384
1 16384
2 16384
0 10847
1 16384
4 16384
1 16384
1 16384
1 16384
4 16384
3 16384
1 16384
5 16384
5 16384
3 16384
4 16384
3 16384
1 16384
0 9686
0 10421
2 16384
5 16384
1 16384
3 16384
5 16384
1 16384
4 16384
2 16384
2 16384
1 16384
1 16384
3 16384
1 16384
1 16384
1 16384
1 16384
0 14654
1 16384
1 16384
5 16384
1 16384
1 16384
3 16384
3 16384
0 14780
2 16384
1 16384
2 16384
1 16384
3 16384
1 16384
4 16384
1 16384
2 16384
2 16384
0 12930
4 16384
2 16384
1 16384
1 16384
1 16384
0 10764
3 16384
2 16384
3 16384
4 16384
1 16384
2 16384
1 16384
2 16384
1 16384
4 16384
2 16384
4 16384
5 16384
1 16384
2 16384
2 16384
1 16384
1 16384
0 15916
1 16384
0 14728
2 16384
10 16384
2 16384
0 9597
1 16384
3 16384
6 16384
2 16384
1 16384
1 16384
2 16384
1 16384
5 16384
2 16384
3 16384
3 16384
2 16384
4 16384
1 16384
2 16384
3 16384
3 16384
1 16384
1 16384
1 16384
2 16384
3 16384
0 16055
7 16384
2 16384
4 16384
5 16384
2 16384
2 16384
1 16384
1 16384
2 16384
2 16384
3 16384
4 16384
0 15290
6 16384
2 16384
3 16384
3 16384
3 16384
5 16384
3 16384
2 16384
3 16384
3 16384
1 16384
2 16384
1 16384
0 14517
2 16384
1 16384
2 16384
1 16384
4 16384
1 16384
3 16384
6 16384
5 16384
1 16384
3 16384
0 10099
5 16384
1 16384
0 11574
5 16384
4 16384
1 16384
2 16384
2 16384
0 10605
1 16384
0 15079
1 16384
1 16384
2 16384
1 16384
1 16384
3 16384
1 16384
2 16384
2 16384
3 16384
4 16384
2 16384
4 16384
3 16384
2 16384
7 16384
0 14928
5 16384
3 16384
2 16384
2 16384
2 16384
1 16384
2 16384
5 16384
1 16384
3 16384
3 16384
1 16384
2 16384
2 16384
2 16384
5 16384
2 16384
0 13999
0 15003
5 16384
1 16384
0 11141
6 16384
3 16384
2 16384
2 16384
4 16384
1 16384
1 16384
0 9602
0 14128
1 16384
1 16384
0 14782
2 16384
4 16384
1 16384
1 16384
6 16384
1 16384
0 16228
1 16384
2 16384
2 16384
1 16384
2 16384
1 16384
5 16384
2 16384
2 16384
3 16384
2 16384
2 16384
1 16384
1 16384
4 16384
4 16384
3 16384
2 16384
2 16384
3 16384
1 16384
2 16384
2 16384
0 14490
2 16384
1 16384
1 16384
3 16384
0 14141
3 16384
1 16384
3 16384
5 16384
2 16384
1 16384
5 16384
1 16384
1 16384
3 16384
3 16384
2 16384
2 16384
4 16384
0 12332
1 16384
2 16384
4 16384
3 16384
2 16384
0 15736
1 16384
3 16384
5 16384
3 16384
4 16384
2 16384
0 14242
0 11412
0 14015
0 15174
2 16384
3 16384
3 16384
0 16012
5 16384
5 16384
3 16384
1 16384
5 16384
0 12075
5 16384
3 16384
2 16384
4 16384
1 16384
3 16384
0 14407
0 16023
2 16384
2 16384
6 16384
1 16384
3 16384
4 16384
0 12973
1 16384
1 16384
1 16384
0 11964
2 16384
1 16384
0 11392
3 16384
1 16384
0 13950
3 16384
3 16384
1 16384
0 10772
1 16384
0 12997
6 16384
1 16384
1 16384
0 13131
5 16384
1 16384
0 14568
2 16384
1 16384
3 16384
0 9741
4 16384
2 16384
3 16384
3 16384
1 16384
0 14699
0 12534
0 12101
2 16384
3 16384
5 16384
5 16384
3 16384
3 16384
1 16384
2 16384
4 16384
3 16384
2 16384
2 16384
7 16384
4 16384
0 9658
1 16384
2 16384
2 16384
3 16384
4 16384
3 16384
3 16384
5 16384
1 16384
3 16384
0 15232
0 13239
0 10753
4 16384
1 16384
3 16384
3 16384
2 16384
3 16384
4 16384
3 16384
3 16384
4 16384
2 16384
1 16384
2 16384
2 16384
0 14533
1 16384
4 16384
4 16384
2 16384
2 16384
6 16384
0 14885
1 16384
0 15502
1 16384
3 16384
1 16384
0 15525
2 16384
3 16384
3 16384
2 16384
0 11729
2 16384
0 15777
1 16384
0 16362
1 16384
1 16384
3 16384
1 16384
0 16125
2 16384
1 16384
1 16384
1 16384
4 16384
2 16384
2 16384
4 16384
0 10360
2 16384
2 16384
1 16384
1 16384
4 16384
1 16384
2 16384
2 16384
2 16384
2 16384
0 14856
1 16384
2 16384
0 12543
4 16384
1 16384
3 16384
3 16384
2 16384
2 16384
1 16384
3 16384
0 15891
3 16384
4 16384
1 16384
1 16384
1 16384
1 16384
3 16384
3 16384
4 16384
3 16384
1 16384
3 16384
1 16384
3 16384
3 16384
1 16384
3 16384
3 16384
0 10094
6 16384
2 16384
1 16384
0 15552
2 16384
1 16384
1 16384
2 16384
0 11327
0 9362
2 16384
2 16384
2 16384
6 16384
5 16384
0 11435
2 16384
2 16384
1 16384
0 9353
1 16384
1 16384
4 16384
1 16384
3 16384
5 16384
4 16384
2 16384
0 15869
2 16384
2 16384
0 12539
1 16384
4 16384
4 16384
2 16384
0 16013
3 16384
1 16384
3 16384
4 16384
1 16384
2 16384
2 16384
0 14874
2 16384
0 13484
1 16384
2 16384
2 16384
3 16384
3 16384
1 16384
0 12513
2 16384
4 16384
3 16384
0 11677
1 16384
3 16384
2 16384
3 16384
2 16384
1 16384
2 16384
1 16384
1 16384
1 16384
2 16384
4 16384
1 16384
3 16384
4 16384
3 16384
1 16384
5 16384
4 16384
1 16384
2 16384
0 10871
1 16384
1 16384
5 16384
1 16384
3 16384
5 16384
1 16384
2 16384
3 16384
4 16384
3 16384
3 16384
1 16384
3 16384
2 16384
2 16384
2 16384
1 16384
2 16384
2 16384
2 16384
3 16384
0 13683
1 16384
3 16384
1 16384
3 16384
3 16384
5 16384
2 16384
2 16384
2 16384
2 16384
3 16384
6 16384
4 16384
1 16384
2 16384
0 9534
0 15286
3 16384
2 16384
4 16384
2 16384
2 16384
3 16384
2 16384
0 12012
4 16384
3 16384
2 16384
0 13458
3 16384
2 16384
1 16384
1 16384
0 12788
4 16384
1 16384
1 16384
1 16384
1 16384
0 14972
3 16384
3 16384
2 16384
2 16384
3 16384
1 16384
0 10065
2 16384
1 16384
2 16384
2 16384
2 16384
3 16384
1 16384
2 16384
3 16384
2 16384
1 16384
2 16384
4 16384
4 16384
5 16384
4 16384
3 16384
1 16384
3 16384
0 14591
3 16384
7 16384
2 16384
4 16384
3 16384
2 16384
0 12878
2 16384
0 14252
2 16384
5 16384
2 16384
4 16384
3 16384
1 16384
4 16384
3 16384
0 15585
3 16384
3 16384
3 16384
3 16384
4 16384
3 16384
4 16384
6 16384
2 16384
0 13927
3 16384
1 16384
3 16384
4 16384
1 16384
1 16384
5 16384
3 16384
1 16384
0 14526
3 16384
3 16384
3 16384
5 16384
3 16384
1 16384
1 16384
3 16384
1 16384
4 16384
1 16384
0 15254
5 16384
4 16384
2 16384
3 16384
1 16384
2 16384
2 16384
2 16384
1 16384
2 16384
5 16384
1 16384
1 16384
3 16384
2 16384
5 16384
5 16384
2 16384
3 16384
1 16384
0 12275
1 16384
2 16384
1 16384
2 16384
4 16384
1 16384
1 16384
4 16384
3 16384
0 15972
1 16384
2 16384
1 16384
3 16384
5 16384
0 15651
0 13415
2 16384
1 16384
4 16384
2 16384
5 16384
2 16384
0 15134
1 16384
3 16384
3 16384
5 16384
1 16384
0 12214
0 16366
0 11068
1 16384
2 16384
2 16384
1 16384
5 16384
1 16384
3 16384
2 16384
2 16384
1 16384
2 16384
2 16384
6 16384
3 16384
0 16260
0 11625
3 16384
0 10013
4 16384
2 16384
3 16384
3 16384
4 16384
0 10120
4 16384
1 16384
1 16384
3 16384
2 16384
2 16384
0 15869
2 16384
1 16384
0 14986
3 16384
0 13705
1 16384
0 14704
5 16384
2 16384
0 11148
3 16384
3 16384
2 16384
0 14497
0 13138
4 16384
3 16384
1 16384
7 16384
3 16384
1 16384
3 16384
0 16038
4 16384
4 16384
2 16384
1 16384
0 14180
0 15607
0 9288
0 12898
3 16384
0 14753
2 16384
3 16384
1 16384
6 16384
4 16384
0 12509
3 16384
4 16384
0 16151
2 16384
0 12479
8 16384
3 16384
0 15387
3 16384
1 16384
3 16384
2 16384
2 16384
1 16384
2 16384
4 16384
3 16384
4 16384
0 15644
0 15148
0 10833
2 16384
0 14371
0 15552
0 15937
1 16384
0 12777
2 16384
1 16384
1 16384
4 16384
5 16384
2 16384
7 16384
2 16384
5 16384
1 16384
2 16384
0 11735
1 16384
3 16384
3 16384
4 16384
2 16384
1 16384
5 16384
2 16384
1 16384
1 16384
2 16384
0 13903
2 16384
2 16384
0 8231
1 16384
2 16384
2 16384
4 16384
4 16384
1 16384
2 16384
0 11841
1 16384
3 16384
2 16384
2 16384
1 16384
5 16384
0 10643
2 16384
1 16384
2 16384
3 16384
2 16384
1 16384
0 12079
3 16384
3 16384
1 16384
2 16384
2 16384
0 13082
2 16384
2 16384
3 16384
5 16384
2 16384
2 16384
2 16384
1 16384
3 16384
3 16384
3 16384
4 16384
3 16384
0 15943
3 16384
3 16384
1 16384
0 14963
0 16254
2 16384
1 16384
1 16384
1 16384
3 16384
1 16384
5 16384
2 16384
2 16384
3 16384
4 16384
2 16384
0 9349
6 16384
1 16384
1 16384
2 16384
2 16384
5 16384
1 16384
2 16384
3 16384
4 16384
5 16384
2 16384
1 16384
1 16384
4 16384
3 16384
0 16334
6 16384
0 12791
1 16384
4 16384
0 15080
0 12640
2 16384
3 16384
2 16384
2 16384
5 16384
2 16384
4 16384
3 16384
2 16384
1 16384
2 16384
6 16384
4 16384
3 16384
1 16384
3 16384
1 16384
3 16384
3 16384
4 16384
1 16384
4 16384
2 16384
1 16384
0 11798
2 16384
3 16384
1 16384
3 16384
1 16384
0 13326
1 16384
4 16384
0 14678
1 16384
1 16384
4 16384
1 16384
1 16384
2 16384
1 16384
1 16384
7 16384
2 16384
5 16384
4 16384
2 16384
0 16156
4 16384
3 16384
0 10192
3 16384
1 16384
1 16384
2 16384
3 16384
2 16384
1 16384
1 16384
4 16384
3 16384
2 16384
2 16384
1 16384
5 16384
2 16384
4 16384
0 12785
1 16384
3 16384
0 8851
1 16384
0 11416
5 16384
4 16384
2 16384
5 16384
3 16384
3 16384
3 16384
1 16384
4 16384
2 16384
3 16384
4 16384
2 16384
4 16384
3 16384
2 16384
3 16384
2 16384
4 16384
1 16384
1 16384
2 16384
2 16384
2 16384
3 16384
0 15220
2 16384
1 16384
2 16384
2 16384
1 16384
2 16384
1 16384
2 16384
5 16384
3 16384
3 16384
4 16384
0 15325
0 13481
2 16384
3 16384
5 16384
3 16384
4 16384
0 11549
3 16384
1 16384
2 16384
3 16384
0 14968
1 16384
4 16384
2 16384
2 16384
3 16384
2 16384
1 16384
2 16384
2 16384
4 16384
2 16384
1 16384
2 16384
3 16384
1 16384
2 16384
0 13629
6 16384
4 16384
2 16384
1 16384
2 16384
4 16384
2 16384
2 16384
2 16384
6 16384
1 16384
0 8410
1 16384
4 16384
2 16384
1 16384
0 13078
0 12724
6 16384
3 16384
1 16384
1 16384
0 15864
0 16229
2 16384
1 16384
1 16384
4 16384
0 14126
3 16384
1 16384
2 16384
2 16384
2 16384
0 10171
0 14926
2 16384
2 16384
3 16384
1 16384
1 16384
1 16384
4 16384
3 16384
2 16384
1 16384
1 16384
3 16384
3 16384
5 16384
0 14002
1 16384
3 16384
2 16384
1 16384
3 16384
3 16384
2 16384
1 16384
2 16384
2 16384
1 16384
1 16384
1 16384
2 16384
2 16384
6 16384
2 16384
0 10502
1 16384
1 16384
2 16384
5 16384
0 13279
2 16384
4 16384
5 16384
3 16384
2 16384
0 15478
3 16384
2 16384
0 9564
0 10227
3 16384
1 16384
1 16384
5 16384
3 16384
2 16384
1 16384
2 16384
3 16384
4 16384
4 16384
2 16384
3 16384
5 16384
2 16384
2 16384
4 16384
2 16384
1 16384
2 16384
0 14741
4 16384
1 16384
0 15773
2 16384
1 16384
4 16384
0 15982
3 16384
1 16384
1 16384
0 12686
2 16384
1 16384
2 16384
2 16384
1 16384
0 15853
0 11661
3 16384
5 16384
1 16384
0 15420
5 16384
2 16384
1 16384
2 16384
0 10368
1 16384
4 16384
0 13543
2 16384
2 16384
4 16384
3 16384
0 15445
4 16384
3 16384
2 16384
2 16384
0 10304
3 16384
3 16384
0 12678
2 16384
2 16384
2 16384
5 16384
1 16384
1 16384
2 16384
2 16384
2 16384
2 16384
2 16384
1 16384
2 16384
0 12569
1 16384
3 16384
1 16384
2 16384
1 16384
0 14891
3 16384
2 16384
5 16384
4 16384
2 16384
0 12472
3 16384
0 16378
0 8961
2 16384
4 16384
4 16384
4 16384
1 16384
1 16384
5 16384
4 16384
3 16384
1 16384
1 16384
2 16384
3 16384
2 16384
1 16384
0 10796
2 16384
3 16384
4 16384
0 15212
1 16384
6 16384
3 16384
4 16384
2 16384
3 16384
2 16384
2 16384
0 8408
2 16384
4 16384
0 15191
2 16384
4 16384
2 16384
4 16384
3 16384
2 16384
3 16384
5 16384
4 16384
0 14516
2 16384
3 16384
1 16384
3 16384
2 16384
2 16384
2 16384
5 16384
1 16384
0 15428
0 10352
6 16384
0 14030
2 16384
4 16384
4 16384
1 16384
2 16384
0 10749
0 14886
1 16384
0 11274
3 16384
1 16384
2 16384
0 12266
5 16384
4 16384
2 16384
1 16384
2 16384
1 16384
3 16384
2 16384
3 16384
4 16384
3 16384
3 16384
4 16384
3 16384
1 16384
4 16384
1 16384
3 16384
1 16384
4 16384
1 16384
6 16384
6 16384
0 11888
2 16384
3 16384
3 16384
1 16384
3 16384
0 13293
0 14697
0 15525
1 16384
1 16384
0 10835
4 16384
5 16384
5 16384
2 16384
3 16384
2 16384
2 16384
2 16384
1 16384
1 16384
3 16384
2 16384
0 10121
2 16384
2 16384
3 16384
2 16384
2 16384
6 16384
2 16384
1 16384
2 16384
6 16384
2 16384
1 16384
0 15167
2 16384
1 16384
4 16384
0 15447
1 16384
4 16384
2 16384
2 16384
10 16384
1 16384
3 16384
1 16384
3 16384
1 16384
3 16384
5 16384
2 16384
1 16384
1 16384
1 16384
2 16384
3 16384
2 16384
3 16384
4 16384
2 16384
6 16384
2 16384
5 16384
0 14763
4 16384
2 16384
4 16384
3 16384
1 16384
1 16384
1 16384
5 16384
4 16384
6 16384
1 16384
1 16384
3 16384
2 16384
2 16384
4 16384
2 16384
2 16384
1 16384
1 16384
10 16384
3 16384
1 16384
2 16384
3 16384
1 16384
3 16384
3 16384
0 13958
2 16384
2 16384
4 16384
1 16384
4 16384
4 16384
3 16384
3 16384
0 11978
2 16384
5 16384
1 16384
1 16384
3 16384
1 16384
2 16384
2 16384
2 16384
3 16384
3 16384
2 16384
2 16384
3 16384
2 16384
1 16384
1 16384
3 16384
1 16384
0 10317
2 16384
1 16384
1 16384
2 16384
3 16384
1 16384
2 16384
1 16384
1 16384
1 16384
4 16384
1 16384
4 16384
3 16384
4 16384
3 16384
3 16384
4 16384
2 16384
1 16384
2 16384
2 16384
5 16384
1 16384
1 16384
2 16384
4 16384
3 16384
2 16384
2 16384
1 16384
2 16384
2 16384
4 16384
4 16384
0 10681
1 16384
4 16384
1 16384
3 16384
1 16384
1 16384
3 16384
1 16384
5 16384
1 16384
4 16384
1 16384
1 16384
1 16384
4 16384
2 16384
4 16384
0 15817
4 16384
2 16384
3 16384
1 16384
5 16384
2 16384
2 16384
1 16384
2 16384
3 16384
1 16384
3 16384
2 16384
2 16384
2 16384
0 14597
2 16384
4 16384
2 16384
0 11716
2 16384
1 16384
3 16384
1 16384
5 16384
2 16384
0 11256
2 16384
0 14583
0 15373
5 16384
4 16384
0 13201
2 16384
1 16384
2 16384
6 16384
0 14686
2 16384
2 16384
2 16384
7 16384
1 16384
1 16384
0 12147
2 16384
3 16384
1 16384
4 16384
2 16384
1 16384
0 11383
4 16384
3 16384
3 16384
1 16384
1 16384
2 16384
0 13091
1 16384
5 16384
2 16384
2 16384
1 16384
2 16384
1 16384
2 16384
2 16384
1 16384
2 16384
0 12118
2 16384
2 16384
2 16384
1 16384
6 16384
3 16384
3 16384
0 11225
3 16384
0 15001
5 16384
4 16384
1 16384
2 16384
4 16384
1 16384
1 16384
4 16384
2 16384
3 16384
0 12417
4 16384
4 16384
3 16384
3 16384
2 16384
4 16384
1 16384
5 16384
1 16384
1 16384
3 16384
4 16384
1 16384
2 16384
2 16384
3 16384
1 16384
1 16384
1 16384
1 16384
0 13969
6 16384
0 8583
1 16384
2 16384
1 16384
3 16384
5 16384
3 16384
3 16384
1 16384
3 16384
0 10020
1 16384
11 16384
5 16384
3 16384
4 16384
3 16384
3 16384
0 12228
1 16384
5 16384
0 10709
8 16384
1 16384
0 13306
2 16384
2 16384
1 16384
2 16384
1 16384
6 16384
0 13301
4 16384
2 16384
5 16384
1 16384
3 16384
4 16384
1 16384
1 16384
1 16384
1 16384
2 16384
2 16384
1 16384
2 16384
1 16384
4 16384
3 16384
1 16384
1 16384
2 16384
2 16384
1 16384
5 16384
1 16384
3 16384
2 16384
1 16384
4 16384
1 16384
4 16384
5 16384
4 16384
1 16384
0 12435
4 16384
0 8281
0 11522
2 16384
1 16384
2 16384
1 16384
3 16384
6 16384
1 16384
3 16384
0 11525
3 16384
1 16384
1 16384
4 16384
2 16384
1 16384
4 16384
2 16384
3 16384
3 16384
1 16384
2 16384
1 16384
2 16384
2 16384
2 16384
1 16384
3 16384
0 14741
2 16384
4 16384
2 16384
0 14195
4 16384
1 16384
2 16384
3 16384
1 16384
1 16384
2 16384
3 16384
1 16384
0 11590
0 15955
4 16384
2 16384
3 16384
4 16384
2 16384
2 16384
3 16384
3 16384
5 16384
1 16384
0 11475
4 16384
0 14387
3 16384
0 15522
1 16384
1 16384
0 13512
1 16384
3 16384
4 16384
2 16384
2 16384
3 16384
0 8559
3 16384
1 16384
5 16384
0 10664
3 16384
2 16384
1 16384
0 9233
0 11596
6 16384
0 16215
2 16384
3 16384
1 16384
1 16384
1 16384
3 16384
2 16384
1 16384
0 14428
0 13215
0 15399
2 16384
2 16384
2 16384
2 16384
5 16384
0 12828
1 16384
3 16384
4 16384
1 16384
3 16384
0 11052
3 16384
3 16384
0 15457
0 13576
6 16384
1 16384
0 15981
1 16384
1 16384
2 16384
5 16384
4 16384
3 16384
3 16384
2 16384
0 12845
2 16384
1 16384
1 16384
0 13936
1 16384
2 16384
2 16384
1 16384
2 16384
1 16384
2 16384
1 16384
3 16384
1 16384
3 16384
3 16384
1 16384
1 16384
4 16384
0 13139
1 16384
2 16384
7 16384
0 15397
1 16384
2 16384
1 16384
3 16384
0 12297
0 14179
2 16384
0 13143
0 12605
2 16384
1 16384
3 16384
1 16384
0 14299
2 16384
3 16384
2 16384
4 16384
5 16384
4 16384
3 16384
2 16384
1 16384
1 16384
1 16384
3 16384
3 16384
1 16384
2 16384
1 16384
0 16194
2 16384
1 16384
1 16384
0 11000
4 16384
1 16384
4 16384
2 16384
4 16384
2 16384
3 16384
1 16384
2 16384
1 16384
3 16384
1 16384
1 16384
0 13602
1 16384
1 16384
3 16384
1 16384
5 16384
2 16384
2 16384
1 16384
1 16384
1 16384
0 13404
5 16384
9 16384
3 16384
3 16384
3 16384
3 16384
2 16384
1 16384
1 16384
0 15225
1 16384
3 16384
1 16384
1 16384
2 16384
2 16384
0 13016
2 16384
0 12884
1 16384
1 16384
1 16384
2 16384
1 16384
1 16384
1 16384
3 16384
1 16384
3 16384
3 16384
1 16384
1 16384
2 16384
4 16384
4 16384
1 16384
1 16384
1 16384
0 13835
2 16384
4 16384
0 10732
1 16384
0 13123
1 16384
2 16384
3 16384
1 16384
2 16384
2 16384
2 16384
2 16384
2 16384
2 16384
5 16384
1 16384
2 16384
0 13268
1 16384
1 16384
4 16384
2 16384
2 16384
0 11787
5 16384
5 16384
1 16384
4 16384
3 16384
1 16384
1 16384
2 16384
2 16384
4 16384
2 16384
0 15068
1 16384
2 16384
3 16384
1 16384
3 16384
2 16384
6 16384
2 16384
1 16384
2 16384
1 16384
3 16384
3 16384
3 16384
1 16384
2 16384
3 16384
3 16384
1 16384
2 16384
3 16384
0 14471
6 16384
6 16384
1 16384
1 16384
1 16384
0 9518
1 16384
0 9923
6 16384
1 16384
4 16384
0 15042
0 12707
3 16384
2 16384
5 16384
5 16384
2 16384
1 16384
2 16384
0 10076
2 16384
2 16384
1 16384
0 16075
2 16384
2 16384
2 16384
1 16384
1 16384
1 16384
1 16384
1 16384
9 16384
0 12924
2 16384
2 16384
6 16384
2 16384
1 16384
2 16384
3 16384
1 16384
1 16384
0 14213
5 16384
4 16384
4 16384
0 10761
3 16384
2 16384
1 16384
0 12433
4 16384
4 16384
1 16384
4 16384
3 16384
5 16384
2 16384
2 16384
2 16384
6 16384
4 16384
1 16384
2 16384
1 16384
3 16384
3 16384
4 16384
3 16384
2 16384
1 16384
3 16384
2 16384
2 16384
1 16384
6 16384
6 16384
0 11281
0 12418
2 16384
4 16384
1 16384
2 16384
0 9635
5 16384
3 16384
0 14439
2 16384
1 16384
2 16384
0 15773
4 16384
3 16384
2 16384
1 16384
4 16384
3 16384
4 16384
1 16384
2 16384
3 16384
3 16384
0 10887
0 10078
4 16384
1 16384
2 16384
2 16384
1 16384
2 16384
3 16384
1 16384
1 16384
1 16384
3 16384
0 11872
1 16384
1 16384
0 11955
1 16384
2 16384
4 16384
2 16384
3 16384
6 16384
1 16384
3 16384
0 15617
1 16384
0 12920
2 16384
4 16384
2 16384
0 16003
3 16384
2 16384
2 16384
1 16384
1 16384
1 16384
1 16384
2 16384
2 16384
2 16384
1 16384
0 12938
3 16384
0 11092
5 16384
0 15961
2 16384
1 16384
5 16384
2 16384
0 14735
1 16384
3 16384
4 16384
2 16384
0 10733
2 16384
2 16384
2 16384
0 10120
3 16384
3 16384
1 16384
2 16384
0 11313
2 16384
2 16384
3 16384
4 16384
4 16384
1 16384
5 16384
3 16384
1 16384
2 16384
2 16384
3 16384
3 16384
1 16384
3 16384
1 16384
4 16384
4 16384
0 10938
2 16384
2 16384
5 16384
6 16384
3 16384
2 16384
0 11861
1 16384
4 16384
0 16329
1 16384
4 16384
0 10487
2 16384
0 15513
2 16384
0 13990
3 16384
0 15609
0 13886
5 16384
2 16384
2 16384
3 16384
0 13258
0 13921
1 16384
0 14185
0 10160
5 16384
2 16384
1 16384
2 16384
2 16384
5 16384
3 16384
1 16384
2 16384
1 16384
2 16384
4 16384
3 16384
3 16384
4 16384
0 13884
3 16384
0 12754
4 16384
1 16384
2 16384
6 16384
2 16384
1 16384
3 16384
0 13400
2 16384
2 16384
3 16384
2 16384
1 16384
0 13132
1 16384
1 16384
6 16384
0 14913
2 16384
4 16384
0 16062
1 16384
3 16384
2 16384
4 16384
1 16384
2 16384
3 16384
4 16384
3 16384
3 16384
2 16384
1 16384
1 16384
2 16384
1 16384
3 16384
1 16384
0 12447
5 16384
1 16384
3 16384
2 16384
2 16384
3 16384
2 16384
3 16384
1 16384
3 16384
6 16384
0 12938
9 16384
1 16384
2 16384
3 16384
2 16384
4 16384
1 16384
2 16384
1 16384
5 16384
2 16384
5 16384
3 16384
1 16384
1 16384
3 16384
3 16384
3 16384
8 16384
2 16384
7 16384
0 12122
5 16384
0 14965
2 16384
1 16384
2 16384
1 16384
2 16384
1 16384
3 16384
2 16384
2 16384
5 16384
1 16384
1 16384
1 16384
3 16384
2 16384
4 16384
0 14361
0 12388
2 16384
1 16384
3 16384
1 16384
2 16384
3 16384
3 16384
0 10449
4 16384
1 16384
2 16384
2 16384
3 16384
4 16384
3 16384
3 16384
3 16384
2 16384
3 16384
2 16384
2 16384
0 13991
0 13638
2 16384
1 16384
1 16384
0 10128
5 16384
2 16384
3 16384
3 16384
5 16384
5 16384
0 12748
2 16384
5 16384
3 16384
4 16384
0 16362
3 16384
1 16384
3 16384
1 16384
2 16384
2 16384
2 16384
1 16384
2 16384
1 16384
3 16384
2 16384
3 16384
0 15298
3 16384
2 16384
2 16384
1 16384
2 16384
1 16384
1 16384
3 16384
6 16384
0 9863
4 16384
3 16384
1 16384
1 16384
1 16384
4 16384
2 16384
5 16384
2 16384
2 16384
3 16384
3 16384
4 16384
1 16384
1 16384
2 16384
1 16384
3 16384
4 16384
0 10737
1 16384
1 16384
5 16384
3 16384
5 16384
0 16007
3 16384
2 16384
0 11109
2 16384
2 16384
2 16384
3 16384
1 16384
0 9196
2 16384
1 16384
3 16384
0 15913
7 16384
0 12278
0 15258
5 16384
1 16384
2 16384
5 16384
1 16384
0 8814
2 16384
0 15911
1 16384
0 12168
2 16384
0 11824
3 16384
2 16384
2 16384
3 16384
1 16384
1 16384
4 16384
1 16384
2 16384
2 16384
1 16384
4 16384
1 16384
1 16384
2 16384
2 16384
1 16384
1 16384
5 16384
2 16384
1 16384
4 16384
1 16384
2 16384
0 15268
1 16384
1 16384
1 16384
2 16384
4 16384
0 16358
1 16384
3 16384
5 16384
2 16384
0 15248
2 16384
2 16384
0 12021
4 16384
4 16384
1 16384
2 16384
2 16384
2 16384
3 16384
2 16384
2 16384
2 16384
1 16384
1 16384
1 16384
2 16384
4 16384
2 16384
0 12230
1 16384
0 12345
2 16384
3 16384
0 14239
1 16384
2 16384
3 16384
0 15112
0 9485
3 16384
2 16384
3 16384
0 12509
4 16384
4 16384
2 16384
1 16384
3 16384
1 16384
0 11266
2 16384
3 16384
0 13220
2 16384
5 16384
2 16384
3 16384
1 16384
3 16384
3 16384
2 16384
0 12669
2 16384
2 16384
1 16384
2 16384
4 16384
5 16384
4 16384
3 16384
2 16384
4 16384
4 16384
4 16384
6 16384
0 10708
3 16384
1 16384
3 16384
1 16384
0 16227
4 16384
6 16384
2 16384
2 16384
1 16384
3 16384
4 16384
1 16384
1 16384
7 16384
3 16384
0 11228
2 16384
4 16384
2 16384
1 16384
6 16384
0 16042
1 16384
2 16384
0 14876
1 16384
2 16384
1 16384
5 16384
3 16384
1 16384
1 16384
5 16384
3 16384
1 16384
1 16384
1 16384
2 16384
1 16384
1 16384
5 16384
0 10051
2 16384
7 16384
4 16384
1 16384
5 16384
0 16144
3 16384
3 16384
4 16384
3 16384
5 16384
1 16384
1 16384
1 16384
0 9133
3 16384
1 16384
2 16384
3 16384
3 16384
3 16384
0 15592
3 16384
1 16384
4 16384
0 9763
0 14878
0 15336
3 16384
4 16384
1 16384
1 16384
2 16384
6 16384
2 16384
1 16384
2 16384
2 16384
1 16384
1 16384
1 16384
2 16384
1 16384
2 16384
1 16384
4 16384
2 16384
0 9739
0 12238
7 16384
0 16126
1 16384
3 16384
6 16384
3 16384
5 16384
1 16384
1 16384
1 16384
2 16384
2 16384
0 11886
3 16384
1 16384
1 16384
3 16384
1 16384
0 13447
4 16384
1 16384
5 16384
3 16384
2 16384
5 16384
5 16384
1 16384
3 16384
2 16384
6 16384
3 16384
0 10574
1 16384
4 16384
1 16384
1 16384
4 16384
2 16384
2 16384
1 16384
1 16384
0 11255
2 16384
3 16384
1 16384
3 16384
2 16384
0 10325
4 16384
5 16384
4 16384
3 16384
3 16384
0 8673
2 16384
2 16384
2 16384
3 16384
1 16384
3 16384
2 16384
1 16384
0 14765
0 14740
2 16384
3 16384
2 16384
2 16384
4 16384
0 15321
3 16384
4 16384
1 16384
2 16384
1 16384
1 16384
1 16384
2 16384
2 16384
3 16384
2 16384
1 16384
4 16384
0 14477
5 16384
0 9550
4 16384
2 16384
2 16384
5 16384
2 16384
1 16384
3 16384
4 16384
1 16384
3 16384
3 16384
1 16384
3 16384
0 16268
4 16384
2 16384
6 16384
1 16384
2 16384
3 16384
3 16384
3 16384
3 16384
1 16384
0 16047
2 16384
3 16384
2 16384
4 16384
3 16384
0 11127
1 16384
2 16384
3 16384
1 16384
3 16384
1 16384
3 16384
3 16384
5 16384
0 13869
2 16384
0 13826
2 16384
2 16384
4 16384
3 16384
2 16384
2 16384
1 16384
1 16384
0 14914
0 10824
1 16384
3 16384
5 16384
3 16384
2 16384
2 16384
2 16384
3 16384
3 16384
1 16384
2 16384
2 16384
1 16384
1 16384
1 16384
1 16384
5 16384
5 16384
0 11939
2 16384
1 16384
2 16384
4 16384
2 16384
1 16384
4 16384
2 16384
0 16128
3 16384
1 16384
2 16384
3 16384
0 9268
3 16384
3 16384
2 16384
2 16384
6 16384
1 16384
3 16384
3 16384
2 16384
4 16384
0 16205
2 16384
2 16384
1 16384
4 16384
1 16384
3 16384
2 16384
5 16384
1 16384
1 16384
0 15107
1 16384
0 9790
1 16384
4 16384
1 16384
3 16384
2 16384
1 16384
0 14509
2 16384
6 16384
2 16384
1 16384
5 16384
4 16384
3 16384
2 16384
1 16384
2 16384
0 14045
1 16384
2 16384
2 16384
4 16384
2 16384
3 16384
3 16384
1 16384
2 16384
3 16384
1 16384
1 16384
1 16384
5 16384
1 16384
0 14369
3 16384
4 16384
3 16384
3 16384
2 16384
2 16384
2 16384
2 16384
1 16384
4 16384
2 16384
2 16384
1 16384
3 16384
1 16384
0 13585
3 16384
3 16384
1 16384
4 16384
3 16384
1 16384
2 16384
2 16384
4 16384
1 16384
2 16384
0 13303
5 16384
3 16384
4 16384
4 16384
7 16384
3 16384
1 16384
1 16384
1 16384
2 16384
4 16384
0 14125
4 16384
1 16384
3 16384
3 16384
0 16341
4 16384
1 16384
1 16384
1 16384
3 16384
6 16384
2 16384
1 16384
2 16384
3 16384
1 16384
5 16384
2 16384
0 14246
5 16384
1 16384
1 16384
2 16384
4 16384
3 16384
6 16384
1 16384
2 16384
5 16384
4 16384
0 11755
0 13863
4 16384
2 16384
2 16384
1 16384
1 16384
5 16384
2 16384
3 16384
3 16384
1 16384
1 16384
1 16384
1 16384
3 16384
2 16384
1 16384
5 16384
1 16384
0 12787
3 16384
2 16384
1 16384
2 16384
3 16384
2 16384
1 16384
5 16384
0 13960
3 16384
2 16384
0 15857
1 16384
4 16384
1 16384
3 16384
6 16384
1 16384
3 16384
1 16384
2 16384
4 16384
1 16384
0 9516
3 16384
2 16384
1 16384
2 16384
3 16384
1 16384
4 16384
4 16384
7 16384
0 13979
2 16384
1 16384
2 16384
4 16384
0 10386
2 16384
3 16384
1 16384
4 16384
5 16384
1 16384
1 16384
5 16384
2 16384
2 16384
0 15029
5 16384
2 16384
5 16384
0 12478
2 16384
3 16384
2 16384
5 16384
5 16384
2 16384
2 16384
4 16384
4 16384
0 15328
0 10213
0 10514
4 16384
3 16384
1 16384
2 16384
3 16384
1 16384
2 16384
1 16384
1 16384
4 16384
3 16384
4 16384
4 16384
3 16384
1 16384
1 16384
2 16384
1 16384
2 16384
3 16384
0 15379
0 10828
2 16384
1 16384
2 16384
1 16384
3 16384
3 16384
2 16384
1 16384
1 16384
2 16384
4 16384
1 16384
4 16384
4 16384
4 16384
3 16384
2 16384
0 11649
2 16384
0 10812
6 16384
1 16384
4 16384
1 16384
2 16384
2 16384
1 16384
8 16384
2 16384
2 16384
1 16384
4 16384
4 16384
1 16384
1 16384
3 16384
2 16384
2 16384
3 16384
1 16384
3 16384
0 13682
1 16384
1 16384
3 16384
0 10569
2 16384
0 13298
2 16384
2 16384
2 16384
1 16384
0 14641
0 16350
2 16384
1 16384
2 16384
1 16384
1 16384
0 16111
1 16384
2 16384
6 16384
2 16384
2 16384
1 16384
0 10964
3 16384
0 12713
6 16384
2 16384
5 16384
3 16384
0 12389
1 16384
1 16384
0 16207
2 16384
2 16384
0 16058
1 16384
1 16384
6 16384
4 16384
3 16384
4 16384
3 16384
3 16384
2 16384
1 16384
3 16384
1 16384
4 16384
0 12870
4 16384
3 16384
3 16384
4 16384
4 16384
1 16384
2 16384
2 16384
3 16384
3 16384
1 16384
2 16384
4 16384
1 16384
1 16384
1 16384
6 16384
0 15739
0 15406
2 16384
2 16384
4 16384
4 16384
2 16384
5 16384
2 16384
5 16384
2 16384
2 16384
4 16384
0 10394
2 16384
0 15332
1 16384
7 16384
1 16384
1 16384
0 9715
3 16384
2 16384
2 16384
3 16384
1 16384
2 16384
0 15744
2 16384
3 16384
1 16384
4 16384
4 16384
2 16384
0 9771
2 16384
2 16384
3 16384
1 16384
3 16384
1 16384
2 16384
1 16384
5 16384
3 16384
2 16384
4 16384
1 16384
4 16384
1 16384
1 16384
5 16384
2 16384
2 16384
0 16152
6 16384
1 16384
3 16384
2 16384
1 16384
2 16384
3 16384
0 11622
2 16384
2 16384
4 16384
0 15463
3 16384
3 16384
2 16384
4 16384
2 16384
5 16384
2 16384
8 16384
0 11452
1 16384
2 16384
1 16384
2 16384
0 14242
3 16384
1 16384
2 16384
1 16384
1 16384
1 16384
0 15919
1 16384
1 16384
0 16137
1 16384
0 15391
3 16384
4 16384
1 16384
3 16384
3 16384
4 16384
2 16384
0 11288
1 16384
6 16384
1 16384
5 16384
3 16384
5 16384
3 16384
2 16384
7 16384
3 16384
2 16384
2 16384
1 16384
1 16384
1 16384
1 16384
1 16384
6 16384
3 16384
1 16384
1 16384
1 16384
1 16384
3 16384
3 16384
2 16384
1 16384
6 16384
1 16384
1 16384
2 16384
1 16384
2 16384
2 16384
2 16384
1 16384
1 16384
1 16384
1 16384
1 16384
0 15867
2 16384
3 16384
5 16384
2 16384
2 16384
0 13688
0 14696
1 16384
2 16384
4 16384
3 16384
3 16384
1 16384
2 16384
1 16384
6 16384
2 16384
2 16384
3 16384
1 16384
1 16384
2 16384
4 16384
3 16384
8 16384
0 10702
3 16384
3 16384
2 16384
3 16384
2 16384
5 16384
3 16384
2 16384
4 16384
1 16384
3 16384
1 16384
2 16384
3 16384
1 16384
3 16384
3 16384
1 16384
1 16384
1 16384
0 10728
3 16384
3 16384
2 16384
4 16384
1 16384
1 16384
4 16384
1 16384
3 16384
4 16384
3 16384
3 16384
4 16384
0 14906
5 16384
3 16384
3 16384
4 16384
1 16384
1 16384
1 16384
3 16384
2 16384
2 16384
3 16384
5 16384
3 16384
3 16384
4 16384
3 16384
1 16384
0 11273
0 10739
0 14266
4 16384
1 16384
2 16384
3 16384
3 16384
0 11435
0 12108
5 16384
0 13562
1 16384
1 16384
1 16384
2 16384
4 16384
2 16384
2 16384
1 16384
1 16384
3 16384
4 16384
2 16384
4 16384
3 16384
3 16384
0 13378
3 16384
2 16384
4 16384
1 16384
1 16384
1 16384
4 16384
3 16384
1 16384
2 16384
1 16384
1 16384
2 16384
0 15015
0 10461
1 16384
3 16384
2 16384
0 11928
6 16384
4 16384
0 12555
0 14054
0 15178
1 16384
1 16384
2 16384
1 16384
1 16384
2 16384
1 16384
1 16384
0 13054
2 16384
0 16307
4 16384
3 16384
3 16384
0 13712
0 13787
3 16384
0 11126
3 16384
3 16384
6 16384
0 12226
5 16384
3 16384
3 16384
2 16384
1 16384
1 16384
3 16384
1 16384
1 16384
4 16384
1 16384
5 16384
0 12831
2 16384
3 16384
4 16384
2 16384
0 15004
6 16384
4 16384
2 16384
0 14615
3 16384
1 16384
0 12756
1 16384
0 14013
3 16384
4 16384
3 16384
1 16384
1 16384
1 16384
1 16384
2 16384
1 16384
3 16384
1 16384
2 16384
1 16384
1 16384
3 16384
2 16384
0 13282
0 12507
2 16384
2 16384
1 16384
0 13402
0 13020
1 16384
2 16384
2 16384
2 16384
5 16384
0 16024
6 16384
1 16384
2 16384
1 16384
2 16384
1 16384
5 16384
0 13779
3 16384
3 16384
2 16384
1 16384
1 16384
5 16384
4 16384
1 16384
2 16384
3 16384
2 16384
5 16384
3 16384
2 16384
1 16384
4 16384
2 16384
1 16384
3 16384
2 16384
3 16384
3 16384
2 16384
1 16384
2 16384
3 16384
1 16384
2 16384
1 16384
4 16384
4 16384
3 16384
2 16384
1 16384
2 16384
2 16384
1 16384
1 16384
5 16384
6 16384
1 16384
6 16384
1 16384
3 16384
2 16384
2 16384
2 16384
2 16384
3 16384
2 16384
2 16384
1 16384
1 16384
2 16384
0 16273
5 16384
2 16384
2 16384
1 16384
2 16384
4 16384
1 16384
1 16384
1 16384
2 16384
2 16384
2 16384
3 16384
1 16384
3 16384
1 16384
2 16384
3 16384
0 11784
2 16384
0 14116
4 16384
2 16384
1 16384
4 16384
4 16384
3 16384
2 16384
5 16384
3 16384
2 16384
4 16384
3 16384
6 16384
4 16384
0 15046
0 12306
4 16384
1 16384
5 16384
0 12402
1 16384
2 16384
3 16384
4 16384
4 16384
1 16384
4 16384
4 16384
3 16384
1 16384
1 16384
2 16384
3 16384
3 16384
2 16384
1 16384
1 16384
0 13045
3 16384
2 16384
4 16384
6 16384
1 16384
1 16384
0 12071
3 16384
0 14445
4 16384
2 16384
4 16384
4 16384
4 16384
1 16384
5 16384
2 16384
1 16384
0 13381
1 16384
2 16384
0 13207
0 14056
1 16384
2 16384
3 16384
3 16384
2 16384
4 16384
5 16384
4 16384
1 16384
6 16384
3 16384
0 9985
1 16384
1 16384
2 16384
0 14615
2 16384
1 16384
1 16384
1 16384
3 16384
3 16384
3 16384
3 16384
1 16384
1 16384
4 16384
2 16384
2 16384
4 16384
3 16384
0 12719
1 16384
0 15305
3 16384
0 14986
4 16384
3 16384
2 16384
0 16323
0 14680
2 16384
1 16384
0 15718
0 14133
0 11267
1 16384
2 16384
1 16384
2 16384
3 16384
4 16384
1 16384
4 16384
0 15256
1 16384
3 16384
2 16384
0 14173
7 16384
0 16267
4 16384
1 16384
4 16384
1 16384
0 9455
0 16194
2 16384
3 16384
1 16384
0 14884
0 15064
3 16384
3 16384
1 16384
1 16384
2 16384
1 16384
1 16384
1 16384
4 16384
2 16384
5 16384
2 16384
2 16384
0 10837
2 16384
3 16384
1 16384
1 16384
1 16384
0 11041
2 16384
4 16384
4 16384
3 16384
2 16384
3 16384
4 16384
0 10362
0 14047
5 16384
1 16384
0 11497
0 16384
0 16225
2 16384
1 16384
1 16384
1 16384
3 16384
5 16384
2 16384
2 16384
2 16384
1 16384
0 13190
1 16384
2 16384
2 16384
2 16384
3 16384
2 16384
0 14514
1 16384
5 16384
2 16384
1 16384
3 16384
3 16384
3 16384
2 16384
2 16384
1 16384
1 16384
5 16384
1 16384
3 16384
0 14412
1 16384
1 16384
3 16384
2 16384
1 16384
3 16384
2 16384
2 16384
0 13167
2 16384
2 16384
1 16384
1 16384
2 16384
0 12774
2 16384
1 16384
0 9723
2 16384
4 16384
0 16131
1 16384
6 16384
5 16384
2 16384
2 16384
3 16384
1 16384
2 16384
3 16384
1 16384
1 16384
2 16384
1 16384
1 16384
3 16384
1 16384
4 16384
1 16384
1 16384
2 16384
1 16384
0 14171
1 16384
0 8671
2 16384
0 9664
3 16384
0 13041
4 16384
5 16384
1 16384
0 10407
3 16384
2 16384
1 16384
4 16384
1 16384
5 16384
3 16384
1 16384
1 16384
3 16384
2 16384
2 16384
3 16384
2 16384
3 16384
1 16384
1 16384
1 16384
2 16384
6 16384
0 16235
2 16384
1 16384
1 16384
5 16384
2 16384
3 16384
1 16384
2 16384
1 16384
1 16384
1 16384
5 16384
2 16384
2 16384
3 16384
4 16384
1 16384
4 16384
0 14456
4 16384
1 16384
2 16384
5 16384
0 11464
3 16384
2 16384
1 16384
2 16384
0 13504
5 16384
0 15154
1 16384
2 16384
6 16384
0 10138
1 16384
6 16384
5 16384
2 16384
5 16384
0 12372
3 16384
1 16384
0 15620
3 16384
2 16384
1 16384
1 16384
1 16384
3 16384
4 16384
0 11316
4 16384
3 16384
3 16384
4 16384
1 16384
0 13147
3 16384
6 16384
2 16384
3 16384
2 16384
1 16384
6 16384
3 16384
3 16384
1 16384
2 16384
1 16384
1 16384
3 16384
1 16384
2 16384
2 16384
2 16384
2 16384
0 12035
3 16384
2 16384
3 16384
3 16384
4 16384
5 16384
3 16384
2 16384
1 16384
3 16384
1 16384
2 16384
1 16384
2 16384
3 16384
2 16384
1 16384
1 16384
2 16384
2 16384
1 16384
2 16384
2 16384
1 16384
0 12860
4 16384
1 16384
1 16384
2 16384
2 16384
4 16384
3 16384
0 12785
0 8684
1 16384
0 16263
3 16384
3 16384
3 16384
2 16384
3 16384
3 16384
2 16384
3 16384
1 16384
5 16384
1 16384
1 16384
4 16384
1 16384
3 16384
1 16384
2 16384
1 16384
2 16384
1 16384
2 16384
4 16384
3 16384
5 16384
5 16384
1 16384
0 16233
5 16384
2 16384
0 14360
1 16384
3 16384
2 16384
6 16384
3 16384
1 16384
2 16384
0 12959
4 16384
1 16384
2 16384
5 16384
3 16384
3 16384
0 11312
4 16384
0 12641
5 16384
2 16384
1 16384
4 16384
4 16384
1 16384
2 16384
0 14154
3 16384
0 13720
0 13009
1 16384
2 16384
1 16384
2 16384
2 16384
0 11172
3 16384
0 14220
4 16384
0 10167
7 16384
2 16384
1 16384
1 16384
1 16384
2 16384
1 16384
2 16384
2 16384
1 16384
4 16384
2 16384
0 14158
3 16384
3 16384
4 16384
3 16384
2 16384
1 16384
1 16384
1 16384
1 16384
4 16384
2 16384
1 16384
1 16384
1 16384
3 16384
2 16384
0 16317
2 16384
1 16384
4 16384
2 16384
1 16384
1 16384
2 16384
6 16384
2 16384
6 16384
5 16384
6 16384
1 16384
1 16384
1 16384
0 15044
1 16384
2 16384
1 16384
0 8252
2 16384
1 16384
2 16384
1 16384
0 9052
3 16384
3 16384
1 16384
5 16384
1 16384
1 16384
2 16384
0 9771
2 16384
1 16384
0 14924
1 16384
0 10288
1 16384
0 13396
3 16384
0 15499
4 16384
3 16384
2 16384
3 16384
2 16384
3 16384
2 16384
3 16384
1 16384
3 16384
0 16318
0 12582
2 16384
1 16384
2 16384
0 13053
1 16384
4 16384
2 16384
3 16384
2 16384
4 16384
2 16384
1 16384
1 16384
3 16384
4 16384
0 13244
1 16384
8 16384
3 16384
3 16384
2 16384
2 16384
2 16384
3 16384
1 16384
2 16384
5 16384
1 16384
4 16384
3 16384
2 16384
1 16384
2 16384
3 16384
1 16384
4 16384
2 16384
3 16384
0 10676
3 16384
0 12521
1 16384
2 16384
4 16384
5 16384
2 16384
1 16384
0 15474
1 16384
0 14877
1 16384
6 16384
4 16384
1 16384
1 16384
3 16384
1 16384
1 16384
3 16384
1 16384
1 16384
2 16384
3 16384
2 16384
1 16384
2 16384
1 16384
5 16384
2 16384
2 16384
1 16384
3 16384
1 16384
1 16384
0 13771
1 16384
1 16384
2 16384
2 16384
1 16384
2 16384
3 16384
1 16384
2 16384
2 16384
6 16384
1 16384
2 16384
1 16384
5 16384
1 16384
4 16384
2 16384
2 16384
0 12834
1 16384
3 16384
2 16384
0 12678
4 16384
2 16384
3 16384
3 16384
2 16384
3 16384
0 11368
5 16384
3 16384
3 16384
3 16384
0 14677
0 13205
0 10038
0 9383
4 16384
3 16384
2 16384
1 16384
2 16384
2 16384
3 16384
4 16384
1 16384
6 16384
4 16384
2 16384
3 16384
3 16384
3 16384
1 16384
0 11157
2 16384
2 16384
1 16384
1 16384
1 16384
2 16384
1 16384
2 16384
2 16384
1 16384
3 16384
5 16384
0 13608
2 16384
3 16384
5 16384
0 11093
6 16384
4 16384
1 16384
1 16384
1 16384
0 14742
3 16384
0 14718
0 9343
2 16384
1 16384
2 16384
2 16384
4 16384
1 16384
2 16384
2 16384
1 16384
2 16384
0 12103
2 16384
4 16384
2 16384
2 16384
1 16384
1 16384
2 16384
1 16384
1 16384
2 16384
1 16384
1 16384
6 16384
1 16384
0 15184
6 16384
2 16384
2 16384
3 16384
0 11704
5 16384
2 16384
1 16384
0 12452
5 16384
2 16384
2 16384
2 16384
3 16384
3 16384
1 16384
0 13389
5 16384
5 16384
0 10618
1 16384
1 16384
0 9283
1 16384
1 16384
0 11860
1 16384
1 16384
4 16384
1 16384
0 15992
1 16384
2 16384
1 16384
1 16384
5 16384
2 16384
3 16384
1 16384
1 16384
1 16384
2 16384
5 16384
3 16384
4 16384
1 16384
6 16384
1 16384
1 16384
4 16384
0 13029
1 16384
3 16384
4 16384
0 9043
1 16384
0 10558
3 16384
1 16384
1 16384
3 16384
0 11243
4 16384
4 16384
2 16384
2 16384
1 16384
2 16384
3 16384
0 15979
5 16384
1 16384
1 16384
3 16384
4 16384
3 16384
2 16384
4 16384
2 16384
2 16384
4 16384
2 16384
4 16384
0 12005
2 16384
4 16384
3 16384
1 16384
3 16384
3 16384
1 16384
0 9893
2 16384
1 16384
3 16384
5 16384
4 16384
0 15974
0 14256
3 16384
3 16384
2 16384
1 16384
1 16384
2 16384
1 16384
4 16384
3 16384
0 14433
3 16384
1 16384
5 16384
3 16384
3 16384
5 16384
2 16384
2 16384
1 16384
3 16384
1 16384
2 16384
7 16384
1 16384
1 16384
3 16384
4 16384
2 16384
1 16384
4 16384
3 16384
3 16384
3 16384
2 16384
1 16384
2 16384
1 16384
1 16384
2 16384
4 16384
2 16384
2 16384
4 16384
2 16384
3 16384
4 16384
2 16384
5 16384
1 16384
2 16384
1 16384
0 11761
1 16384
7 16384
1 16384
4 16384
4 16384
1 16384
1 16384
2 16384
4 16384
3 16384
1 16384
5 16384
3 16384
1 16384
1 16384
0 15821
4 16384
5 16384
0 11543
3 16384
1 16384
2 16384
1 16384
0 9129
1 16384
3 16384
1 16384
0 10748
2 16384
1 16384
3 16384
1 16384
0 14343
1 16384
5 16384
0 14571
1 16384
7 16384
1 16384
2 16384
5 16384
1 16384
3 16384
3 16384
3 16384
5 16384
4 16384
2 16384
4 16384
4 16384
1 16384
0 14689
0 15977
3 16384
2 16384
3 16384
0 11093
1 16384
0 10974
5 16384
2 16384
2 16384
3 16384
3 16384
2 16384
2 16384
1 16384
2 16384
1 16384
1 16384
1 16384
3 16384
2 16384
2 16384
1 16384
3 16384
3 16384
0 11739
1 16384
0 14182
2 16384
2 16384
0 13538
4 16384
1 16384
3 16384
1 16384
0 11629
2 16384
1 16384
1 16384
0 15220
1 16384
2 16384
1 16384
1 16384
1 16384
0 11742
3 16384
2 16384
2 16384
0 9330
1 16384
1 16384
1 16384
3 16384
4 16384
4 16384
6 16384
1 16384
4 16384
2 16384
1 16384
5 16384
0 10636
1 16384
8 16384
3 16384
1 16384
4 16384
2 16384
4 16384
1 16384
2 16384
0 14184
4 16384
1 16384
2 16384
2 16384
1 16384
2 16384
4 16384
0 15259
3 16384
0 14768
4 16384
7 16384
1 16384
1 16384
3 16384
2 16384
1 16384
2 16384
1 16384
1 16384
1 16384
1 16384
1 16384
2 16384
2 16384
2 16384
1 16384
1 16384
3 16384
1 16384
2 16384
1 16384
5 16384
4 16384
3 16384
2 16384
3 16384
2 16384
3 16384
3 16384
0 16311
2 16384
1 16384
2 16384
1 16384
5 16384
1 16384
1 16384
3 16384
8 16384
3 16384
1 16384
0 12329
2 16384
5 16384
2 16384
2 16384
3 16384
0 16097
0 15170
0 12377
3 16384
2 16384
1 16384
0 11663
1 16384
0 10536
3 16384
1 16384
6 16384
3 16384
3 16384
1 16384
4 16384
0 10258
2 16384
1 16384
4 16384
4 16384
7 16384
0 13049
2 16384
1 16384
1 16384
2 16384
3 16384
0 12039
2 16384
4 16384
1 16384
6 16384
2 16384
4 16384
3 16384
0 10391
5 16384
1 16384
4 16384
2 16384
3 16384
2 16384
0 15895
1 16384
2 16384
2 16384
3 16384
0 13343
1 16384
2 16384
4 16384
0 12983
0 15138
0 15486
2 16384
1 16384
3 16384
1 16384
2 16384
3 16384
1 16384
0 14547
1 16384
0 15856
1 16384
1 16384
2 16384
2 16384
4 16384
1 16384
3 16384
3 16384
2 16384
7 16384
3 16384
0 15086
0 15329
1 16384
4 16384
5 16384
4 16384
2 16384
1 16384
3 16384
0 14394
1 16384
2 16384
2 16384
2 16384
2 16384
4 16384
2 16384
4 16384
1 16384
2 16384
5 16384
1 16384
0 11635
1 16384
1 16384
2 16384
1 16384
2 16384
2 16384
1 16384
2 16384
0 11646
3 16384
5 16384
1 16384
0 12544
3 16384
0 13389
3 16384
2 16384
1 16384
2 16384
0 15228
3 16384
2 16384
5 16384
2 16384
0 10361
0 11990
3 16384
2 16384
3 16384
2 16384
2 16384
2 16384
4 16384
0 12160
1 16384
1 16384
1 16384
4 16384
2 16384
7 16384
2 16384
3 16384
2 16384
2 16384
0 12796
0 14897
5 16384
0 15266
2 16384
1 16384
3 16384
4 16384
2 16384
1 16384
1 16384
4 16384
3 16384
1 16384
0 9373
1 16384
5 16384
2 16384
3 16384
3 16384
3 16384
0 10252
4 16384
6 16384
2 16384
4 16384
1 16384
2 16384
0 11161
1 16384
0 16049
3 16384
1 16384
7 16384
0 15274
0 13516
5 16384
0 14750
1 16384
1 16384
5 16384
2 16384
0 14071
6 16384
3 16384
0 14719
2 16384
2 16384
1 16384
2 16384
3 16384
1 16384
1 16384
0 15243
2 16384
1 16384
1 16384
2 16384
3 16384
4 16384
1 16384
1 16384
2 16384
4 16384
3 16384
1 16384
3 16384
2 16384
5 16384
4 16384
0 10198
1 16384
2 16384
0 10253
2 16384
4 16384
2 16384
3 16384
1 16384
2 16384
1 16384
6 16384
2 16384
2 16384
4 16384
0 15126
1 16384
2 16384
2 16384
1 16384
1 16384
3 16384
0 10025
2 16384
3 16384
4 16384
3 16384
4 16384
0 14969
3 16384
0 14698
1 16384
2 16384
4 16384
2 16384
2 16384
2 16384
2 16384
0 13265
2 16384
1 16384
0 13912
2 16384
0 11686
2 16384
0 15896
1 16384
3 16384
0 16036
3 16384
0 15703
2 16384
2 16384
1 16384
0 9192
1 16384
5 16384
3 16384
2 16384
1 16384
4 16384
6 16384
2 16384
2 16384
4 16384
4 16384
4 16384
0 11586
4 16384
4 16384
3 16384
0 12606
2 16384
4 16384
0 14489
3 16384
3 16384
2 16384
3 16384
3 16384
2 16384
2 16384
2 16384
1 16384
0 14780
1 16384
3 16384
5 16384
4 16384
1 16384
3 16384
2 16384
1 16384
4 16384
2 16384
2 16384
2 16384
5 16384
1 16384
4 16384
2 16384
3 16384
2 16384
1 16384
2 16384
2 16384
5 16384
1 16384
1 16384
3 16384
2 16384
1 16384
4 16384
2 16384
5 16384
0 13417
2 16384
3 16384
4 16384
4 16384
2 16384
2 16384
1 16384
3 16384
6 16384
1 16384
2 16384
1 16384
2 16384
1 16384
2 16384
2 16384
3 16384
2 16384
3 16384
2 16384
1 16384
5 16384
0 13852
2 16384
5 16384
2 16384
2 16384
1 16384
6 16384
2 16384
2 16384
2 16384
5 16384
3 16384
1 16384
1 16384
0 11062
3 16384
2 16384
2 16384
2 16384
2 16384
2 16384
1 16384
0 15624
3 16384
1 16384
1 16384
2 16384
2 16384
5 16384
0 11501
3 16384
4 16384
2 16384
0 15949
4 16384
4 16384
1 16384
1 16384
0 16195
2 16384
2 16384
3 16384
1 16384
1 16384
1 16384
0 15376
1 16384
4 16384
0 12769
2 16384
2 16384
7 16384
4 16384
3 16384
0 16228
2 16384
1 16384
2 16384
2 16384
2 16384
0 16368
1 16384
1 16384
1 16384
3 16384
1 16384
3 16384
4 16384
0 10338
2 16384
3 16384
3 16384
3 16384
2 16384
1 16384
1 16384
1 16384
3 16384
2 16384
5 16384
0 15031
2 16384
4 16384
2 16384
1 16384
0 11554
1 16384
3 16384
2 16384
3 16384
0 11799
0 10708
3 16384
1 16384
2 16384
3 16384
0 12958
3 16384
2 16384
2 16384
0 15215
3 16384
2 16384
4 16384
0 9353
4 16384
0 12073
2 16384
2 16384
1 16384
5 16384
4 16384
3 16384
2 16384
3 16384
3 16384
0 14871
4 16384
1 16384
1 16384
2 16384
1 16384
0 11913
3 16384
1 16384
0 14976
1 16384
3 16384
1 16384
1 16384
2 16384
8 16384
3 16384
2 16384
0 14263
1 16384
1 16384
3 16384
1 16384
1 16384
2 16384
1 16384
0 11617
4 16384
0 12888
5 16384
3 16384
3 16384
3 16384
2 16384
1 16384
5 16384
1 16384
5 16384
0 16137
3 16384
2 16384
2 16384
3 16384
2 16384
4 16384
1 16384
1 16384
3 16384
5 16384
3 16384
2 16384
4 16384
0 8816
2 16384
1 16384
3 16384
0 14757
4 16384
1 16384
1 16384
5 16384
2 16384
0 16144
1 16384
0 12124
0 14422
1 16384
6 16384
1 16384
4 16384
0 13827
3 16384
3 16384
3 16384
4 16384
0 14718
2 16384
0 11554
4 16384
0 13524
2 16384
1 16384
1 16384
1 16384
2 16384
4 16384
1 16384
7 16384
5 16384
1 16384
3 16384
1 16384
1 16384
1 16384
2 16384
2 16384
1 16384
1 16384
1 16384
2 16384
4 16384
1 16384
5 16384
4 16384
3 16384
1 16384
4 16384
3 16384
3 16384
0 16318
1 16384
4 16384
2 16384
1 16384
0 15411
0 10648
2 16384
2 16384
2 16384
0 13180
3 16384
4 16384
0 15016
1 16384
3 16384
3 16384
1 16384
2 16384
3 16384
4 16384
2 16384
2 16384
3 16384
5 16384
2 16384
1 16384
1 16384
1 16384
3 16384
3 16384
2 16384
2 16384
1 16384
2 16384
0 12352
0 14956
4 16384
5 16384
1 16384
1 16384
1 16384
1 16384
1 16384
0 14934
6 16384
1 16384
2 16384
4 16384
3 16384
5 16384
1 16384
5 16384
2 16384
2 16384
3 16384
2 16384
5 16384
1 16384
0 14374
3 16384
1 16384
2 16384
3 16384
2 16384
3 16384
4 16384
3 16384
6 16384
1 16384
1 16384
0 14233
3 16384
3 16384
1 16384
1 16384
3 16384
3 16384
1 16384
1 16384
2 16384
1 16384
4 16384
3 16384
1 16384
5 16384
1 16384
0 13810
3 16384
2 16384
2 16384
0 11566
3 16384
1 16384
0 12480
6 16384
3 16384
0 14517
2 16384
1 16384
1 16384
1 16384
1 16384
2 16384
0 9441
3 16384
0 15903
0 10711
2 16384
1 16384
2 16384
3 16384
1 16384
1 16384
2 16384
2 16384
2 16384
0 14168
3 16384
0 15426
0 10869
1 16384
2 16384
2 16384
1 16384
0 12475
1 16384
7 16384
4 16384
1 16384
2 16384
1 16384
3 16384
2 16384
1 16384
4 16384
3 16384
4 16384
4 16384
1 16384
1 16384
5 16384
2 16384
4 16384
1 16384
2 16384
1 16384
2 16384
4 16384
1 16384
4 16384
0 9972
1 16384
0 13407
3 16384
1 16384
4 16384
3 16384
4 16384
1 16384
2 16384
0 13308
2 16384
4 16384
1 16384
3 16384
1 16384
6 16384
1 16384
2 16384
2 16384
6 16384
2 16384
1 16384
2 16384
2 16384
1 16384
1 16384
3 16384
3 16384
1 16384
2 16384
4 16384
1 16384
1 16384
3 16384
3 16384
2 16384
4 16384
4 16384
2 16384
3 16384
8 16384
4 16384
3 16384
0 12367
4 16384
1 16384
3 16384
1 16384
4 16384
2 16384
3 16384
3 16384
1 16384
1 16384
2 16384
4 16384
4 16384
2 16384
4 16384
1 16384
6 16384
4 16384
3 16384
2 16384
2 16384
0 11996
0 15024
3 16384
2 16384
1 16384
0 12446
1 16384
1 16384
0 13860
1 16384
1 16384
5 16384
1 16384
1 16384
2 16384
2 16384
3 16384
2 16384
4 16384
3 16384
2 16384
1 16384
2 16384
5 16384
4 16384
2 16384
2 16384
2 16384
3 16384
1 16384
1 16384
2 16384
1 16384
2 16384
1 16384
1 16384
5 16384
1 16384
3 16384
7 16384
2 16384
0 11772
1 16384
3 16384
3 16384
1 16384
10 16384
4 16384
2 16384
2 16384
2 16384
1 16384
1 16384
4 16384
0 15560
3 16384
2 16384
1 16384
1 16384
2 16384
1 16384
2 16384
1 16384
3 16384
5 16384
1 16384
1 16384
0 14547
1 16384
2 16384
2 16384
0 13677
2 16384
1 16384
2 16384
4 16384
0 14850
5 16384
2 16384
5 16384
3 16384
1 16384
3 16384
0 10228
0 14415
3 16384
0 15584
5 16384
2 16384
1 16384
3 16384
4 16384
3 16384
0 11911
2 16384
0 11960
3 16384
2 16384
1 16384
4 16384
0 11986
0 15411
0 13399
5 16384
3 16384
4 16384
7 16384
1 16384
4 16384
1 16384
2 16384
3 16384
3 16384
1 16384
3 16384
2 16384
3 16384
1 16384
3 16384
2 16384
5 16384
2 16384
2 16384
2 16384
2 16384
3 16384
4 16384
0 15651
2 16384
0 13336
1 16384
1 16384
5 16384
1 16384
1 16384
4 16384
1 16384
1 16384
4 16384
3 16384
1 16384
0 11933
5 16384
0 10312
2 16384
1 16384
1 16384
3 16384
4 16384
2 16384
2 16384
2 16384
0 13628
1 16384
4 16384
2 16384
0 12902
2 16384
2 16384
4 16384
1 16384
2 16384
1 16384
0 14993
1 16384
2 16384
2 16384
4 16384
1 16384
0 15653
2 16384
3 16384
2 16384
1 16384
0 16305
2 16384
1 16384
0 10955
1 16384
1 16384
2 16384
1 16384
4 16384
1 16384
1 16384
1 16384
2 16384
1 16384
3 16384
3 16384
2 16384
4 16384
7 16384
3 16384
1 16384
4 16384
4 16384
3 16384
0 12689
2 16384
3 16384
2 16384
1 16384
2 16384
2 16384
6 16384
1 16384
2 16384
1 16384
0 15837
2 16384
2 16384
1 16384
3 16384
4 16384
4 16384
0 10121
3 16384
0 8942
5 16384
3 16384
0 14920
2 16384
1 16384
1 16384
5 16384
3 16384
1 16384
1 16384
6 16384
2 16384
5 16384
4 16384
3 16384
1 16384
4 16384
5 16384
3 16384
1 16384
3 16384
3 16384
2 16384
1 16384
2 16384
1 16384
1 16384
0 16275
1 16384
2 16384
2 16384
1 16384
0 15832
3 16384
0 11046
3 16384
2 16384
2 16384
1 16384
4 16384
1 16384
0 12593
1 16384
5 16384
3 16384
0 15264
4 16384
2 16384
1 16384
2 16384
3 16384
4 16384
3 16384
3 16384
1 16384
4 16384
2 16384
0 15893
1 16384
1 16384
2 16384
0 14240
3 16384
1 16384
2 16384
1 16384
4 16384
1 16384
1 16384
2 16384
2 16384
1 16384
4 16384
2 16384
3 16384
2 16384
2 16384
0 13014
1 16384
5 16384
0 10529
1 16384
4 16384
1 16384
3 16384
3 16384
0 9326
4 16384
2 16384
1 16384
2 16384
1 16384
7 16384
1 16384
1 16384
4 16384
2 16384
3 16384
8 16384
2 16384
4 16384
1 16384
3 16384
3 16384
1 16384
4 16384
2 16384
4 16384
2 16384
4 16384
1 16384
4 16384
0 15086
2 16384
1 16384
3 16384
3 16384
1 16384
1 16384
0 12742
3 16384
2 16384
1 16384
3 16384
1 16384
1 16384
2 16384
1 16384
1 16384
1 16384
1 16384
4 16384
2 16384
6 16384
8 16384
3 16384
3 16384
3 16384
1 16384
4 16384
4 16384
1 16384
4 16384
2 16384
0 15080
1 16384
1 16384
1 16384
1 16384
4 16384
5 16384
1 16384
2 16384
1 16384
2 16384
2 16384
0 14755
1 16384
1 16384
6 16384
2 16384
0 9971
6 16384
2 16384
3 16384
2 16384
4 16384
3 16384
3 16384
2 16384
1 16384
4 16384
0 11214
2 16384
0 11083
2 16384
3 16384
0 13380
2 16384
3 16384
1 16384
2 16384
4 16384
2 16384
0 13964
4 16384
1 16384
2 16384
5 16384
3 16384
6 16384
1 16384
2 16384
1 16384
3 16384
1 16384
1 16384
3 16384
3 16384
3 16384
3 16384
3 16384
2 16384
1 16384
2 16384
0 15725
2 16384
2 16384
5 16384
1 16384
0 11327
2 16384
6 16384
4 16384
1 16384
2 16384
1 16384
1 16384
2 16384
7 16384
4 16384
1 16384
2 16384
3 16384
3 16384
2 16384
2 16384
3 16384
2 16384
1 16384
3 16384
1 16384
1 16384
1 16384
6 16384
2 16384
3 16384
3 16384
0 10331
1 16384
1 16384
2 16384
4 16384
2 16384
4 16384
3 16384
1 16384
2 16384
1 16384
4 16384
1 16384
6 16384
1 16384
3 16384
1 16384
4 16384
1 16384
1 16384
3 16384
6 16384
1 16384
2 16384
6 16384
3 16384
3 16384
10 16384
3 16384
0 14517
1 16384
2 16384
4 16384
1 16384
1 16384
1 16384
0 14243
8 16384
5 16384
1 16384
3 16384
2 16384
0 14391
1 16384
0 16361
2 16384
1 16384
1 16384
1 16384
2 16384
3 16384
4 16384
3 16384
2 16384
0 11873
0 9998
3 16384
4 16384
2 16384
0 11879
0 14424
2 16384
3 16384
0 15258
0 16235
3 16384
3 16384
4 16384
0 8815
2 16384
2 16384
1 16384
3 16384
2 16384
1 16384
3 16384
2 16384
3 16384
2 16384
3 16384
1 16384
2 16384
2 16384
1 16384
1 16384
3 16384
2 16384
0 10950
1 16384
4 16384
1 16384
1 16384
4 16384
4 16384
1 16384
1 16384
2 16384
2 16384
2 16384
0 13405
4 16384
3 16384
6 16384
0 15174
1 16384
1 16384
5 16384
6 16384
1 16384
2 16384
1 16384
1 16384
3 16384
2 16384
3 16384
3 16384
3 16384
0 12098
5 16384
1 16384
2 16384
1 16384
2 16384
2 16384
1 16384
1 16384
0 15760
6 16384
1 16384
0 10344
4 16384
2 16384
3 16384
1 16384
1 16384
0 13554
0 15319
4 16384
3 16384
3 16384
0 13961
3 16384
4 16384
0 9757
0 10596
2 16384
1 16384
2 16384
2 16384
3 16384
1 16384
4 16384
2 16384
1 16384
2 16384
1 16384
2 16384
2 16384
4 16384
0 11572
7 16384
0 11442
1 16384
0 13755
3 16384
3 16384
3 16384
2 16384
2 16384
1 16384
4 16384
0 11749
5 16384
1 16384
2 16384
0 16158
2 16384
3 16384
1 16384
2 16384
2 16384
4 16384
0 12781
6 16384
3 16384
1 16384
3 16384
0 14435
0 10690
1 16384
1 16384
0 11230
1 16384
1 16384
2 16384
3 16384
3 16384
1 16384
0 16384
0 16196
3 16384
1 16384
1 16384
1 16384
2 16384
1 16384
0 10183
1 16384
1 16384
1 16384
5 16384
3 16384
1 16384
1 16384
0 14479
5 16384
3 16384
1 16384
3 16384
1 16384
0 9673
1 16384
3 16384
1 16384
3 16384
0 13915
0 12527
2 16384
0 11855
0 15204
0 11418
0 10189
3 16384
0 14728
3 16384
3 16384
2 16384
2 16384
4 16384
1 16384
2 16384
0 12681
4 16384
2 16384
1 16384
2 16384
3 16384
0 9259
3 16384
0 13012
4 16384
2 16384
3 16384
7 16384
4 16384
4 16384
2 16384
3 16384
5 16384
1 16384
2 16384
1 16384
2 16384
1 16384
1 16384
2 16384
1 16384
4 16384
2 16384
7 16384
0 14357
0 14007
3 16384
1 16384
3 16384
4 16384
5 16384
2 16384
2 16384
3 16384
4 16384
4 16384
2 16384
5 16384
3 16384
4 16384
4 16384
0 13664
5 16384
4 16384
1 16384
1 16384
1 16384
0 13961
3 16384
1 16384
1 16384
3 16384
2 16384
2 16384
4 16384
0 11797
0 13247
2 16384
0 8357
2 16384
0 15785
0 14750
3 16384
2 16384
1 16384
0 16366
1 16384
0 15332
2 16384
2 16384
5 16384
3 16384
4 16384
1 16384
1 16384
2 16384
3 16384
1 16384
2 16384
0 8596
1 16384
4 16384
0 15746
0 13576
2 16384
1 16384
1 16384
4 16384
4 16384
0 16126
2 16384
5 16384
2 16384
1 16384
1 16384
1 16384
4 16384
1 16384
4 16384
4 16384
1 16384
3 16384
2 16384
1 16384
3 16384
3 16384
3 16384
0 12945
6 16384
1 16384
1 16384
1 16384
1 16384
3 16384
2 16384
0 16336
2 16384
1 16384
4 16384
2 16384
3 16384
1 16384
1 16384
1 16384
0 12395
2 16384
2 16384
3 16384
3 16384
1 16384
1 16384
3 16384
1 16384
2 16384
4 16384
1 16384
3 16384
1 16384
1 16384
0 14990
2 16384
2 16384
3 16384
3 16384
1 16384
0 9369
1 16384
0 14221
5 16384
2 16384
1 16384
3 16384
4 16384
3 16384
3 16384
3 16384
3 16384
1 16384
1 16384
1 16384
1 16384
0 10129
2 16384
2 16384
1 16384
3 16384
2 16384
1 16384
1 16384
2 16384
1 16384
0 14214
2 16384
4 16384
2 16384
1 16384
1 16384
2 16384
4 16384
0 11339
0 10188
1 16384
3 16384
1 16384
5 16384
1 16384
5 16384
0 10434
1 16384
4 16384
1 16384
5 16384
1 16384
2 16384
1 16384
5 16384
1 16384
1 16384
1 16384
3 16384
7 16384
2 16384
3 16384
5 16384
1 16384
2 16384
2 16384
0 10935
4 16384
0 13054
2 16384
2 16384
1 16384
1 16384
6 16384
2 16384
7 16384
3 16384
2 16384
0 12215
2 16384
2 16384
1 16384
1 16384
4 16384
7 16384
2 16384
1 16384
2 16384
4 16384
2 16384
2 16384
0 12245
0 11863
3 16384
2 16384
1 16384
3 16384
2 16384
0 11325
0 10040
0 14050
2 16384
2 16384
2 16384
2 16384
2 16384
3 16384
2 16384
1 16384
2 16384
1 16384
2 16384
4 16384
2 16384
1 16384
5 16384
0 13064
3 16384
2 16384
4 16384
2 16384
1 16384
7 16384
5 16384
2 16384
4 16384
1 16384
2 16384
3 16384
4 16384
2 16384
3 16384
0 10670
0 11560
6 16384
1 16384
2 16384
2 16384
1 16384
8 16384
3 16384
2 16384
0 15932
4 16384
0 10995
3 16384
2 16384
0 12763
2 16384
4 16384
3 16384
0 16190
4 16384
