# SA for random K-SAT
# K = 3   N = 8192   M = 32768   seed = 4239864384
# alpha = 4.000000   nIter = 32768  Tmax = 0.200000
# 1:lowestUnsat  2:runTime
0 16368
0 14826
0 17495
0 22668
0 15894
0 12354
0 13277
0 14212
1 32768
0 19636
0 11495
0 13793
0 29128
1 32768
0 14385
0 13842
0 30865
0 19047
1 32768
0 13385
0 12654
0 14750
0 14453
0 14457
0 14122
0 14258
0 9903
0 14907
0 14736
0 11495
0 18781
0 14247
0 19708
0 15706
0 9891
1 32768
0 18787
1 32768
1 32768
2 32768
1 32768
0 13492
1 32768
0 25806
0 32229
0 10880
0 14176
0 11911
0 17740
0 16584
1 32768
0 12221
0 12038
0 14231
0 13636
0 12882
0 17004
0 22897
1 32768
0 12965
0 13360
1 32768
0 14102
0 14828
0 17282
0 15739
0 12850
0 15016
0 13500
0 22488
0 23929
0 14841
0 13157
0 13433
0 14781
0 13656
1 32768
0 15022
0 26401
0 12807
0 14762
0 13412
0 12643
0 12548
0 11294
0 18255
0 12313
0 14499
0 20589
0 27521
0 16902
1 32768
0 10089
0 21926
0 16584
0 9903
1 32768
0 26957
1 32768
0 14215
0 26138
0 17319
0 13465
0 18562
0 19544
1 32768
0 12532
0 14205
2 32768
0 13037
0 15638
1 32768
0 13252
1 32768
0 22392
1 32768
1 32768
0 12798
0 25653
0 10844
0 13954
1 32768
3 32768
0 26316
0 15420
0 22777
1 32768
0 13523
0 14366
0 13001
0 11906
0 30124
1 32768
0 14180
0 14234
0 11195
0 21343
0 16000
0 18112
0 13322
0 22018
0 10219
0 11116
1 32768
1 32768
0 16393
1 32768
0 18054
0 10302
1 32768
0 15016
0 18573
0 15256
1 32768
0 14897
0 26461
0 22647
0 13612
1 32768
0 13448
0 9974
0 20550
0 14231
0 11561
0 13459
0 12961
0 11453
1 32768
0 18844
0 12341
1 32768
0 14261
0 29618
0 18662
1 32768
0 16586
2 32768
0 19117
2 32768
1 32768
0 16127
0 14455
1 32768
0 16104
0 14947
1 32768
0 16525
1 32768
0 13971
1 32768
0 16201
0 29645
0 16734
0 12879
0 20894
0 18932
0 17664
1 32768
0 19336
0 15814
0 18713
0 12766
0 12477
0 19107
0 18524
0 23910
0 13334
0 13804
0 14059
0 29005
1 32768
0 14627
0 15682
0 19947
0 19900
0 12902
0 17649
0 16586
0 11700
0 14167
1 32768
0 9880
0 12301
0 17633
0 14230
0 11428
0 18996
0 16317
0 14667
2 32768
1 32768
0 12602
1 32768
0 13612
0 14169
0 25194
0 17725
1 32768
0 32084
0 12048
0 13298
1 32768
0 10861
0 16947
0 16687
0 15320
0 11798
0 15600
2 32768
1 32768
1 32768
0 19579
0 19900
1 32768
1 32768
0 12683
0 20056
1 32768
0 12895
1 32768
0 20597
0 13722
0 12712
0 16430
0 17734
0 17022
0 16189
0 18459
0 12825
1 32768
1 32768
0 16788
1 32768
0 12254
0 30997
0 19974
0 26544
1 32768
0 12994
0 24553
0 15625
1 32768
1 32768
0 28496
0 11950
0 15856
1 32768
0 23645
0 18674
0 13378
0 10829
0 21000
0 14695
0 24689
0 13839
0 22619
1 32768
0 9860
1 32768
2 32768
2 32768
1 32768
0 11271
0 18027
0 15964
0 11549
1 32768
0 17283
0 14049
2 32768
0 14556
1 32768
0 21942
0 15420
0 14976
0 17209
0 13795
0 18934
0 16830
0 24662
0 13048
1 32768
1 32768
0 16009
0 11129
2 32768
0 13981
0 12997
0 13195
1 32768
1 32768
0 28488
1 32768
0 19230
0 26345
1 32768
0 15353
0 28748
1 32768
1 32768
0 12346
0 12545
0 18498
0 15463
0 15866
0 24652
0 17779
1 32768
2 32768
0 19516
0 18709
0 24332
0 13506
0 11987
0 17114
1 32768
0 13081
0 16947
0 17742
0 16516
1 32768
0 16159
0 14825
0 14007
0 19084
0 11516
0 15395
0 15785
0 14212
0 16325
0 19440
0 13902
1 32768
0 23955
0 16508
1 32768
0 22815
0 10869
1 32768
0 16313
0 20564
0 12150
0 13940
0 12990
0 19709
0 13520
1 32768
0 13059
2 32768
0 10867
0 18364
0 20463
0 11542
0 14261
0 16027
0 15416
1 32768
1 32768
0 18991
0 16972
1 32768
0 15929
0 18683
0 16027
0 20155
0 14973
0 14487
0 12495
0 12859
0 25149
0 25933
0 14122
0 18450
0 10881
0 16207
1 32768
1 32768
0 25790
0 31388
0 13699
2 32768
0 13490
1 32768
1 32768
0 14913
0 32678
1 32768
0 30089
0 12994
1 32768
0 17867
0 15858
0 11576
0 13896
0 16897
0 25923
0 25575
0 16433
0 22271
0 11532
1 32768
0 9202
0 13460
2 32768
0 29890
0 26295
0 14607
0 20937
0 21187
0 11424
0 14733
0 11294
0 28470
1 32768
1 32768
0 22299
0 11155
0 12834
0 23898
1 32768
1 32768
0 17040
0 11455
0 12262
1 32768
1 32768
1 32768
0 32427
1 32768
0 22119
0 15480
1 32768
0 20363
0 14158
0 26994
0 14796
0 17199
2 32768
0 29955
0 13207
0 14622
0 19583
1 32768
1 32768
0 12605
0 17832
0 12789
0 14537
2 32768
1 32768
0 19804
1 32768
0 14102
0 16275
1 32768
0 16794
1 32768
1 32768
0 13869
0 16224
1 32768
1 32768
1 32768
0 14911
0 15326
0 19108
0 13556
1 32768
0 23261
0 12351
0 15609
0 16722
0 14927
0 18182
1 32768
0 28483
0 11235
0 13664
0 19151
1 32768
0 12398
0 20487
0 14837
0 13149
0 18312
0 15668
0 22830
1 32768
0 22511
2 32768
0 14738
1 32768
2 32768
0 16727
1 32768
0 14225
2 32768
0 13226
0 9854
0 17023
0 10068
1 32768
0 24479
0 16990
0 18843
0 12504
0 21591
0 17267
0 18186
0 23891
0 12460
0 24620
0 15249
1 32768
0 13697
0 16203
0 23538
0 19444
0 13874
0 20753
0 31080
1 32768
0 15928
0 17209
0 18872
0 17299
0 27829
0 12815
0 16163
0 17185
1 32768
0 10703
1 32768
0 17726
1 32768
0 11633
0 14993
0 19352
0 26619
0 12514
1 32768
0 20930
0 15979
0 27310
0 14825
0 27512
0 14491
0 15820
0 17551
0 23429
0 12802
0 15857
3 32768
0 15169
1 32768
0 21082
0 14023
0 18088
0 16768
1 32768
1 32768
0 26504
0 12779
1 32768
0 11128
0 20383
1 32768
0 11691
0 15367
0 16100
0 12417
0 11647
0 14256
0 19284
2 32768
0 19844
0 13034
1 32768
2 32768
0 12371
0 12525
0 12969
0 12482
0 21428
0 15915
1 32768
0 25877
1 32768
0 14007
0 25856
1 32768
0 20677
2 32768
0 11250
1 32768
0 29250
0 23734
1 32768
0 13800
2 32768
0 15281
0 12307
0 13036
0 19898
0 14036
0 12467
0 12334
1 32768
1 32768
0 19771
0 13577
0 19872
0 19481
0 14397
0 14345
0 13768
0 28596
1 32768
1 32768
0 20531
0 12937
0 15302
0 24674
0 18245
0 18495
0 11229
0 13574
0 14078
0 11377
2 32768
0 16556
0 14126
0 11934
0 11803
2 32768
0 15383
0 15121
2 32768
1 32768
0 13317
1 32768
1 32768
1 32768
0 11752
0 10826
0 11766
0 12669
0 11762
1 32768
0 18861
1 32768
1 32768
1 32768
1 32768
2 32768
0 20376
0 10664
1 32768
0 10939
1 32768
0 10342
0 17748
0 17764
1 32768
1 32768
0 24193
0 20216
0 25411
0 25298
0 29307
0 11245
0 14632
1 32768
0 15315
0 17939
0 26187
0 21396
1 32768
0 26473
0 16058
0 17082
3 32768
1 32768
0 17787
2 32768
0 16627
0 21070
0 21352
0 20100
1 32768
0 11481
0 14526
2 32768
0 13010
0 20421
0 22645
0 15819
0 16952
0 10759
2 32768
1 32768
0 15795
1 32768
1 32768
0 10375
2 32768
0 12441
1 32768
0 15047
0 12338
2 32768
0 17644
1 32768
0 19959
0 11929
0 23218
1 32768
0 11231
1 32768
0 13554
1 32768
0 13431
0 26433
0 26052
2 32768
0 12727
0 24419
0 18815
1 32768
0 13393
0 13748
0 15351
0 18965
2 32768
0 12982
1 32768
0 9763
0 27441
0 17402
0 15677
1 32768
0 14337
1 32768
0 13410
0 16547
0 18369
0 15268
0 18381
0 11760
0 20908
0 13503
0 11681
0 11045
0 15409
0 13008
0 23184
0 13215
0 21361
0 14429
0 20823
0 22024
0 20625
0 30569
0 11925
0 11330
0 31455
0 23334
0 32500
0 18712
0 16080
0 17656
0 12398
0 28538
1 32768
1 32768
0 29323
0 15895
0 15204
1 32768
1 32768
0 16101
0 32385
1 32768
0 14966
0 11878
0 15518
0 11558
0 18400
0 13683
0 11895
0 27333
0 31751
1 32768
0 16857
1 32768
0 24946
0 17019
1 32768
2 32768
0 32054
0 11158
0 21022
1 32768
0 28475
0 17147
0 17793
0 12901
0 13113
1 32768
0 26554
0 9985
0 18615
0 23032
0 13156
0 21328
2 32768
0 14037
0 24866
0 12364
1 32768
0 27955
0 17125
0 15955
1 32768
0 14400
0 8830
0 21170
1 32768
0 13915
1 32768
0 15361
0 12725
0 17079
0 12683
0 17222
0 16476
0 21874
1 32768
0 18094
0 16025
0 14284
1 32768
1 32768
0 10798
1 32768
3 32768
0 27214
0 27779
0 13022
0 11090
1 32768
0 14605
0 16714
0 19356
0 12980
1 32768
0 19281
0 31725
0 20216
0 16127
0 31562
0 9464
1 32768
0 14140
0 18338
1 32768
0 13849
0 18668
0 11586
0 13531
1 32768
0 13758
0 10476
0 13870
0 15923
1 32768
1 32768
2 32768
1 32768
1 32768
0 25441
1 32768
0 13335
1 32768
0 11634
0 18684
0 17908
0 15007
0 23100
0 24329
1 32768
0 13577
0 19133
0 28465
0 14806
1 32768
0 18382
0 13922
0 11508
0 13728
0 15517
0 18146
0 17054
1 32768
1 32768
0 14480
0 12452
1 32768
0 14648
0 15649
0 13863
0 16756
2 32768
0 18384
2 32768
0 21263
0 12623
1 32768
2 32768
0 11764
0 12041
1 32768
0 16397
1 32768
1 32768
0 22829
0 23567
0 10772
1 32768
0 29235
0 19599
0 10565
0 16547
0 21550
0 14775
0 16475
0 23883
0 18523
0 20487
0 17208
1 32768
0 12388
0 13349
0 12473
1 32768
0 25379
0 16343
0 14956
1 32768
0 10135
2 32768
0 16935
1 32768
0 17918
0 13143
0 31401
1 32768
0 13139
0 19237
0 18036
2 32768
0 16760
0 9365
0 14404
1 32768
0 12913
0 11988
0 15431
0 24307
0 25732
0 13425
2 32768
0 10701
0 16182
0 19079
1 32768
2 32768
0 10713
0 16719
0 13592
0 19600
0 13589
0 20030
0 13959
0 11535
0 21180
1 32768
0 24467
0 18005
0 22937
0 9979
0 11146
0 13868
0 13556
0 25882
1 32768
0 14857
0 14333
0 11761
0 31099
0 12681
0 26601
0 11082
1 32768
1 32768
0 15740
0 24826
1 32768
0 12773
1 32768
0 14847
2 32768
0 20832
1 32768
0 13200
0 10641
0 10827
0 18919
2 32768
0 31397
0 11953
0 12658
0 14760
0 14939
0 13236
0 11470
1 32768
0 16575
0 11298
0 32081
0 13020
1 32768
0 15782
0 23001
0 15963
0 12631
0 10157
0 12023
0 25786
1 32768
0 18751
0 23291
1 32768
0 13388
0 18904
0 9673
0 15317
0 22938
0 15210
0 17171
0 22561
0 12025
1 32768
2 32768
1 32768
0 12989
0 13041
0 14827
0 24026
0 23467
1 32768
1 32768
1 32768
0 17927
0 17851
0 12328
1 32768
0 24042
0 12479
0 18293
2 32768
0 13930
0 14908
0 14083
1 32768
0 12569
0 10994
0 16072
0 14553
0 21906
0 16727
0 12593
0 16405
0 23945
0 12373
0 15987
0 21525
0 16756
0 10547
0 18081
0 16811
0 17035
0 16049
0 18287
3 32768
0 12276
0 20038
0 20144
0 30169
0 21391
0 16022
0 14857
0 13415
0 12541
0 24447
0 32457
2 32768
0 11851
0 23065
0 16997
1 32768
1 32768
0 15999
0 30486
0 10998
0 12020
1 32768
0 12794
1 32768
0 11137
0 23392
1 32768
1 32768
0 18623
0 11266
0 26646
1 32768
0 16344
0 23035
0 22762
0 14999
0 9952
0 18246
1 32768
0 14115
0 23471
0 12445
1 32768
0 31459
0 30811
0 18622
1 32768
2 32768
0 10879
0 21234
0 24287
1 32768
1 32768
1 32768
0 10764
1 32768
0 16544
0 17109
0 22316
0 16974
0 11894
1 32768
1 32768
1 32768
1 32768
0 15762
0 25321
0 10966
0 15263
0 14613
0 18034
0 19593
2 32768
0 10815
0 13164
0 18577
0 12088
0 14262
0 23602
0 17830
0 30807
0 11535
1 32768
0 18116
0 14451
0 10752
0 20379
0 17269
0 18417
0 12527
0 13540
1 32768
0 28640
1 32768
0 14452
1 32768
0 14640
0 28242
0 18528
0 16907
0 11339
3 32768
0 15690
0 16562
0 18744
1 32768
0 13981
0 11605
0 13340
0 16063
0 32096
0 13336
0 13225
0 18657
0 24153
0 20300
0 13906
0 17713
0 25885
2 32768
0 22742
1 32768
0 18349
0 13125
0 11576
0 12569
0 13968
0 16974
0 19420
0 16630
0 20501
0 21523
2 32768
0 13986
1 32768
0 14447
0 17493
0 18022
0 23647
0 17479
0 20126
0 22507
0 15840
0 17784
0 17690
1 32768
1 32768
2 32768
0 12697
1 32768
0 14492
0 16484
0 14242
0 27323
0 17317
0 29056
0 15459
1 32768
0 14391
2 32768
0 26406
0 16555
0 17927
0 17984
1 32768
1 32768
0 14149
0 28017
0 16319
0 14667
0 13266
0 12570
1 32768
0 21508
0 15830
0 12590
2 32768
0 13201
0 11592
0 15157
0 22806
0 20837
0 11650
0 13775
0 27627
0 13899
0 24518
0 11277
0 13139
0 12737
1 32768
1 32768
0 19074
2 32768
0 14715
1 32768
3 32768
0 16278
0 14157
0 13313
2 32768
1 32768
0 12732
0 22661
1 32768
2 32768
1 32768
0 25183
0 12084
1 32768
1 32768
0 17682
0 31236
0 22732
1 32768
0 16939
1 32768
0 11827
0 16455
2 32768
1 32768
1 32768
0 14869
1 32768
1 32768
0 15398
0 12349
0 19157
1 32768
0 12848
1 32768
0 13251
0 26221
0 15058
0 13124
0 13758
0 14888
0 15805
0 18436
0 31901
0 21430
0 20236
1 32768
0 20962
0 10557
0 15987
0 11677
2 32768
0 16150
0 13019
1 32768
0 12234
0 16720
1 32768
2 32768
0 12138
0 31460
1 32768
1 32768
0 30621
0 31074
0 22861
2 32768
0 15322
0 14660
1 32768
0 14626
0 12040
1 32768
0 11738
0 13371
0 12040
0 16888
0 24374
0 14206
0 13786
0 18414
0 15063
1 32768
0 18719
0 19298
0 13024
0 18288
1 32768
0 23073
0 11887
0 18080
0 15158
0 15540
0 27813
1 32768
0 11015
0 10398
0 11251
1 32768
0 14335
1 32768
0 11599
2 32768
0 15043
0 16482
0 18036
0 21609
0 10090
0 18392
0 15690
0 17227
0 13674
0 15466
0 25625
0 31321
0 11851
0 12867
0 12276
0 11657
0 17561
1 32768
1 32768
1 32768
1 32768
0 13341
2 32768
0 22866
0 18006
0 14529
1 32768
0 14136
1 32768
0 14921
0 17965
1 32768
0 22754
0 13818
0 16139
0 27178
1 32768
0 15721
1 32768
0 17347
0 31846
1 32768
0 10324
1 32768
0 19473
0 31027
0 30849
0 25990
0 11995
1 32768
0 15290
0 18943
0 10370
1 32768
0 13717
0 14919
0 11455
0 11856
0 11566
0 28770
0 14065
2 32768
0 12751
0 13919
0 15916
0 19902
0 19914
0 13409
0 14873
1 32768
1 32768
0 14467
0 11655
0 26964
0 18214
0 18299
0 14509
0 29309
1 32768
0 17239
0 13834
1 32768
0 13813
0 14484
0 22397
0 13698
0 18151
0 13793
0 16389
0 12635
1 32768
0 24752
1 32768
1 32768
0 21341
0 18544
0 16864
0 12394
0 15061
0 12829
0 18625
0 13500
1 32768
0 20896
0 14552
0 23954
0 23672
1 32768
1 32768
1 32768
0 23909
0 18681
1 32768
0 18170
0 18585
0 18554
0 26853
0 14767
0 13134
0 10984
0 28836
1 32768
0 24889
0 29360
0 13857
0 16780
0 13909
1 32768
0 10792
0 13830
1 32768
0 23170
0 11432
1 32768
1 32768
0 22320
0 11971
0 16790
1 32768
0 21933
1 32768
0 30179
0 29316
0 14072
1 32768
0 10396
0 15181
0 18312
2 32768
0 10916
1 32768
0 17662
0 13970
0 23054
0 16520
1 32768
1 32768
0 27734
0 26354
0 10227
0 18335
2 32768
0 17051
0 11239
0 17733
1 32768
0 13477
0 30901
0 16913
0 19558
0 14822
1 32768
1 32768
0 22149
0 13561
1 32768
0 12589
0 13455
0 12509
0 10952
0 11536
0 13414
0 21005
0 22994
1 32768
0 14498
1 32768
0 13181
0 16347
0 20968
0 18311
0 13287
0 11914
0 18693
0 13210
0 14911
0 17320
0 19842
0 16792
1 32768
0 16109
0 13967
0 29478
0 18099
0 23883
1 32768
0 12708
0 19561
0 19552
0 30407
0 11260
0 24244
1 32768
1 32768
0 10475
1 32768
0 16862
0 16722
0 11512
0 17621
0 18332
0 12898
1 32768
0 9661
0 11043
0 27216
0 10811
0 11476
0 14186
0 12533
0 15053
1 32768
0 13233
1 32768
1 32768
0 22197
1 32768
0 11404
0 10600
0 13651
0 13865
1 32768
0 12263
1 32768
1 32768
0 12669
0 14934
0 15215
1 32768
0 13248
1 32768
0 13360
2 32768
1 32768
0 10213
0 20972
0 10619
0 13702
0 18724
0 15597
0 14530
2 32768
3 32768
0 13409
1 32768
1 32768
0 21303
0 24276
0 15101
0 28724
0 24081
0 15738
0 15855
2 32768
0 12692
0 13071
0 17983
0 22310
0 11862
1 32768
0 12839
0 17291
1 32768
0 13433
0 17687
0 11586
0 16985
0 15253
0 16395
0 11117
0 15452
0 18515
0 23213
0 16374
0 19990
2 32768
1 32768
0 12352
0 20244
0 22972
0 16222
0 12560
0 24125
1 32768
0 14614
1 32768
0 32755
0 22102
1 32768
0 24247
0 18197
0 14885
0 12923
1 32768
0 14818
0 10806
0 12868
1 32768
0 12862
0 15179
0 13695
0 15224
0 13726
0 18923
0 16273
1 32768
1 32768
0 18861
0 12280
0 14964
1 32768
0 23193
0 11748
1 32768
1 32768
1 32768
0 12696
0 17150
0 11800
0 11569
0 12441
0 14691
0 13789
0 18073
0 17190
0 18425
0 10593
0 13086
0 17019
0 22945
0 30033
2 32768
0 18710
1 32768
1 32768
0 13335
0 13036
0 24310
1 32768
1 32768
0 26381
0 12624
0 12385
0 15139
0 16162
0 12686
0 18683
0 10161
0 11315
0 12858
0 20283
0 19636
0 12721
1 32768
0 10946
1 32768
0 14041
0 13610
0 24599
0 16548
0 14909
0 23313
0 17751
0 13005
0 14052
0 17994
0 25254
0 15542
0 19866
0 8911
2 32768
0 16835
1 32768
0 19797
1 32768
0 13402
0 12166
0 12167
0 13073
0 24898
0 26299
2 32768
0 18756
0 17045
0 21466
1 32768
0 10934
0 12675
1 32768
0 13435
0 16690
1 32768
1 32768
0 14101
1 32768
2 32768
0 11517
2 32768
0 26642
1 32768
0 16103
1 32768
0 15218
1 32768
0 14343
0 22876
1 32768
0 12860
0 31058
0 13302
1 32768
0 13754
3 32768
0 13528
0 11035
0 28907
0 13502
0 16979
0 17244
0 23020
0 32703
0 11687
0 16445
0 18992
0 22492
2 32768
0 13886
0 15174
0 13454
0 19903
0 23354
0 15217
0 25403
0 13988
0 31355
0 18727
0 11115
0 13748
0 18414
0 24203
1 32768
1 32768
0 12966
1 32768
1 32768
0 11751
0 22780
0 18596
0 11252
0 13739
0 16262
1 32768
1 32768
0 25694
0 15081
1 32768
0 20473
0 11549
0 16384
0 17261
0 18516
0 24264
0 12095
1 32768
0 11462
0 17030
1 32768
0 14458
0 13949
1 32768
0 12652
0 16211
0 15750
0 17264
0 14631
0 18338
0 13456
0 18637
0 25045
0 17779
1 32768
0 20968
0 18228
0 22023
2 32768
1 32768
0 18818
1 32768
1 32768
0 23437
0 12535
0 11136
0 11117
0 32299
0 12683
0 13622
0 10624
2 32768
0 13277
0 12968
1 32768
0 15705
0 15447
1 32768
0 13885
1 32768
0 11764
0 10529
1 32768
0 23480
0 19263
1 32768
0 24995
0 20103
1 32768
1 32768
0 18650
0 17558
0 21352
1 32768
0 16999
0 20612
2 32768
0 19769
0 26364
2 32768
2 32768
0 29271
0 10463
0 18156
0 16210
0 15534
0 14829
0 13524
0 15277
0 22950
0 15087
0 13678
0 15672
0 16415
0 25546
1 32768
0 12139
0 11586
1 32768
0 16906
0 13977
0 20420
1 32768
0 23330
0 12843
1 32768
0 15317
0 11455
1 32768
1 32768
0 12235
0 14759
0 24385
1 32768
0 29460
0 13044
1 32768
0 31041
2 32768
1 32768
0 14363
0 14396
2 32768
0 14158
2 32768
0 24171
0 12609
0 21328
0 20915
0 14973
0 15675
0 17689
0 19801
1 32768
0 13295
0 13727
0 17021
0 16268
0 13007
0 14493
0 17603
1 32768
0 12780
1 32768
0 24236
0 12106
0 14689
0 11903
0 19155
0 14412
0 19669
2 32768
0 20086
0 12138
0 26633
1 32768
1 32768
1 32768
0 14014
0 23923
0 20584
0 19857
0 28042
0 20437
0 14482
0 15203
2 32768
0 12455
0 14817
0 21982
0 12722
0 11396
0 11887
1 32768
2 32768
0 15786
1 32768
1 32768
0 14843
0 24013
0 11767
0 11673
1 32768
0 15766
0 21971
0 9539
0 14044
0 14891
0 25034
0 14415
0 28530
1 32768
0 19166
0 12628
0 16398
0 14211
0 21150
0 19707
0 21119
0 27460
1 32768
0 14909
0 12203
0 24389
0 13688
1 32768
0 27481
0 16141
0 30620
0 15154
0 28373
0 15107
0 11192
0 27906
1 32768
0 13947
3 32768
2 32768
1 32768
1 32768
0 27109
0 13384
0 16036
0 26482
0 31250
2 32768
0 14167
0 17716
0 11668
1 32768
0 15159
0 21977
0 23406
0 13711
0 21830
0 10705
1 32768
2 32768
0 13336
0 15244
0 13211
0 14234
0 27397
2 32768
0 23022
0 13087
1 32768
0 14475
0 22472
0 12582
0 28832
1 32768
3 32768
0 14152
0 19826
0 15123
0 24152
0 13343
0 13033
0 13024
0 11825
0 14636
2 32768
0 16273
1 32768
2 32768
0 13531
0 14858
0 13677
0 12819
0 26624
0 17013
0 19013
0 16073
0 10103
0 20938
0 14371
1 32768
0 16525
0 23640
2 32768
0 29524
0 27819
1 32768
2 32768
0 18530
1 32768
1 32768
1 32768
0 16216
0 14559
0 23654
0 14404
1 32768
0 12655
0 12554
0 15010
0 16031
0 20902
0 19451
0 14590
0 10573
1 32768
0 19747
1 32768
0 11673
0 10702
0 11177
0 12191
1 32768
0 18313
0 32092
0 12805
0 13894
0 25235
0 22782
0 14321
0 31444
1 32768
0 13568
0 27364
0 11618
0 32727
0 14390
0 21249
1 32768
1 32768
0 17496
0 14950
1 32768
0 11457
1 32768
1 32768
0 14628
0 17723
0 13582
2 32768
0 13574
0 27411
0 16516
0 14632
0 15050
1 32768
0 17448
1 32768
0 13550
1 32768
0 23196
0 9637
1 32768
0 11576
1 32768
0 19688
1 32768
0 10075
1 32768
0 26080
0 14922
0 17124
0 18564
1 32768
0 14288
1 32768
0 11852
0 11775
0 15202
0 13015
0 13351
0 11539
0 13621
0 14266
0 12477
0 13247
0 15397
1 32768
0 18023
1 32768
0 14471
1 32768
0 20456
0 15011
0 14367
0 10619
0 24527
0 11930
1 32768
1 32768
0 17217
0 31511
1 32768
0 20132
0 27618
0 10998
0 31099
0 17756
0 15004
0 15672
2 32768
0 10281
0 12126
0 20650
0 31528
1 32768
1 32768
0 15352
1 32768
0 12645
0 27982
0 12533
0 13396
0 19337
0 14848
2 32768
0 17115
0 27102
0 14338
0 24906
1 32768
0 17413
0 27934
0 17630
0 15246
2 32768
0 17521
0 13625
0 15570
0 20251
1 32768
2 32768
0 14723
0 13372
0 17138
1 32768
0 19123
0 19939
0 23120
2 32768
0 13413
0 29199
0 11422
0 22543
0 11148
0 17884
1 32768
1 32768
0 14246
0 14905
0 29007
0 15277
2 32768
0 13156
0 15249
0 12725
0 29535
1 32768
0 11141
0 12692
0 11187
0 27375
1 32768
0 12616
0 27642
0 12619
0 14153
0 13262
0 13629
0 27374
1 32768
0 18664
0 12475
0 15365
0 11847
0 12814
0 27433
0 15298
1 32768
0 23458
0 19235
0 17596
1 32768
0 9266
1 32768
0 15309
2 32768
0 13021
0 13379
0 13298
0 13852
0 20619
1 32768
1 32768
0 14392
0 17520
0 30703
0 28062
0 21517
0 23176
0 12716
0 15560
0 18907
0 13396
0 16316
0 16265
0 11018
0 15297
0 24949
0 13665
0 19542
1 32768
0 14461
0 22739
0 20951
0 13245
0 24137
0 11573
1 32768
0 17026
0 26659
0 27367
0 16819
0 20075
0 25457
0 22782
1 32768
0 20940
1 32768
0 16495
0 12752
1 32768
0 13669
0 12573
1 32768
0 13609
0 18551
0 14873
0 16097
0 19414
1 32768
0 14309
0 15875
1 32768
0 12355
0 15560
0 25871
0 20028
0 25549
1 32768
0 30558
0 17905
0 20788
1 32768
0 20107
0 15099
1 32768
0 11271
0 17461
0 15835
0 13112
0 26605
0 19423
0 18501
0 15261
0 11637
1 32768
0 22432
1 32768
0 11558
0 14528
0 11422
0 28472
2 32768
1 32768
0 28814
0 13746
0 25260
1 32768
1 32768
0 21152
1 32768
0 16657
0 19042
0 15428
1 32768
1 32768
0 20958
0 14998
0 13053
0 13965
0 21868
2 32768
1 32768
0 10256
0 12839
0 30836
0 23851
0 13323
0 19028
0 25340
0 10691
0 30260
0 18562
2 32768
0 17741
0 13889
0 24146
0 20934
0 22203
0 14029
4 32768
1 32768
0 13867
0 12325
0 19599
0 10446
0 24510
0 21978
0 26361
2 32768
0 14424
1 32768
0 14903
1 32768
0 20539
0 21901
0 27028
0 11153
0 18142
0 18745
1 32768
2 32768
0 13369
0 29427
0 13216
2 32768
1 32768
0 14565
0 11459
0 16881
1 32768
0 11309
0 17173
1 32768
0 12003
0 11736
0 16901
0 31893
1 32768
0 17551
0 12705
0 11565
0 32417
0 13068
0 17903
0 30584
0 12471
0 13590
0 14787
1 32768
0 27397
1 32768
1 32768
0 10636
0 15120
1 32768
0 13191
0 14496
1 32768
0 25866
0 13265
0 14752
0 16742
0 27542
0 30313
0 17607
0 13508
0 19642
0 14435
0 26131
2 32768
1 32768
0 12101
0 11226
0 12361
0 16144
0 27046
0 27822
0 19871
1 32768
0 13822
0 13290
0 12306
0 23513
1 32768
0 20684
0 19392
0 20468
0 17410
1 32768
0 15337
0 18456
0 14128
2 32768
0 12436
1 32768
0 11502
0 31894
0 13433
1 32768
1 32768
0 19130
2 32768
0 12980
1 32768
0 13630
0 17951
0 13142
0 11974
0 16673
0 24193
0 13446
0 16022
1 32768
0 18220
0 22691
0 23581
0 14547
0 26934
0 18840
0 12847
0 21011
0 17922
0 11635
0 30724
0 17553
1 32768
0 14773
0 13599
1 32768
0 13664
0 18923
0 14747
0 27534
0 13808
0 19121
1 32768
0 18373
0 15569
0 15575
0 24722
0 11794
0 21384
0 21201
1 32768
0 12274
0 15338
0 12114
0 22837
0 14785
0 32474
0 22152
0 21422
0 13933
0 16089
0 17664
1 32768
0 11974
1 32768
0 30584
0 11860
0 15579
1 32768
0 27082
0 16292
0 17033
0 18241
0 11765
0 27711
1 32768
0 18477
3 32768
0 10302
1 32768
0 10699
0 32039
1 32768
0 28726
0 10721
0 21700
0 14356
0 21588
0 18030
1 32768
0 32404
0 15419
0 30351
0 16816
1 32768
0 12005
0 11908
0 23196
0 15391
0 21380
1 32768
0 32192
1 32768
0 17600
0 29391
0 14769
0 13544
0 16873
1 32768
0 13113
0 17053
0 16794
0 22126
1 32768
1 32768
0 19333
0 14344
0 14765
0 15161
0 12387
0 12470
2 32768
0 15101
1 32768
0 23314
0 14433
0 21846
1 32768
2 32768
0 15827
1 32768
1 32768
0 11320
0 9398
1 32768
0 11593
1 32768
0 17717
1 32768
0 23737
0 18441
2 32768
0 31807
0 12335
0 12918
0 16591
0 14889
1 32768
1 32768
0 23898
0 24521
1 32768
0 18451
0 13874
0 12502
0 14357
0 16387
0 11373
0 15313
0 14014
0 13766
0 13903
0 11873
0 26161
0 11131
1 32768
0 32288
0 18265
0 20273
0 11629
0 10508
0 18819
1 32768
1 32768
0 23779
2 32768
0 19459
2 32768
1 32768
0 19816
0 22164
0 21688
0 24445
0 10853
0 20451
0 12244
1 32768
0 24192
1 32768
0 11094
0 15835
0 11275
0 11648
0 11393
0 16998
0 11727
1 32768
2 32768
0 25254
0 13915
0 31057
0 18194
1 32768
0 10688
0 21679
0 11676
0 18187
0 12746
0 22434
0 10740
1 32768
0 18979
0 17926
3 32768
0 15038
0 17521
1 32768
0 17916
0 18619
0 14274
0 19151
0 20633
0 10612
0 14809
2 32768
1 32768
1 32768
2 32768
0 16386
0 11659
0 28635
0 24807
0 20357
1 32768
0 11410
0 12598
0 12600
0 24335
0 15327
0 10905
0 25338
0 27307
1 32768
0 17637
0 15914
1 32768
1 32768
0 32406
0 13030
0 22487
0 25943
0 11110
0 13041
0 16024
0 15476
0 17010
1 32768
1 32768
0 13600
1 32768
1 32768
0 17197
0 28288
0 13075
0 26095
1 32768
0 13669
0 16712
0 13902
0 14283
0 18233
0 20998
0 20188
0 10854
0 21369
0 13410
0 15867
0 16052
0 16500
0 13991
0 18325
0 11145
1 32768
0 13877
0 19046
0 15742
0 15405
1 32768
1 32768
0 13943
0 12371
1 32768
0 16077
0 10346
1 32768
0 17517
0 18017
0 15529
0 17632
0 13563
0 13004
0 12440
0 10261
0 15791
2 32768
0 11926
0 15863
0 23084
0 15130
0 10929
0 15254
0 13744
1 32768
0 25984
0 10718
0 13765
1 32768
0 11198
0 28572
1 32768
0 12870
1 32768
1 32768
0 24092
0 13348
0 23873
0 16386
0 13215
0 19179
1 32768
0 16944
0 22386
0 12088
0 13404
0 17846
0 17971
0 21732
0 18846
1 32768
0 12444
0 20316
0 14210
0 19048
2 32768
0 18627
0 25952
0 13026
0 15692
1 32768
0 20963
0 11599
0 11660
0 10351
0 13764
0 31306
0 16646
0 16088
1 32768
0 16702
0 29500
0 15361
0 11936
0 13040
0 14828
1 32768
0 17029
0 28489
0 12285
0 11315
0 15073
2 32768
0 22823
0 14409
0 12668
0 21188
0 19011
0 13971
0 12575
0 31702
0 14212
1 32768
0 16750
0 16682
0 12644
2 32768
0 17147
1 32768
0 11239
0 11115
1 32768
1 32768
0 13601
1 32768
0 25833
0 20679
0 14593
2 32768
0 10319
0 13613
0 30110
0 12253
0 22067
0 15210
1 32768
0 17660
2 32768
0 18282
0 9848
0 9037
1 32768
0 16741
0 16238
0 15938
0 12691
0 14037
0 11924
0 26500
0 11111
0 17002
0 15187
0 28566
0 13054
0 23848
0 11516
0 18270
0 11798
0 14930
0 15334
0 15474
1 32768
1 32768
0 15982
0 13387
0 12958
0 12595
0 11720
1 32768
0 18919
0 30546
0 16194
0 10459
0 9979
1 32768
1 32768
0 15734
0 17124
1 32768
0 24787
0 13868
0 20144
0 14937
2 32768
0 22810
0 12459
0 12912
0 11527
0 22235
0 14643
1 32768
0 27972
0 16284
0 29727
0 25132
2 32768
1 32768
0 31335
0 13333
0 19318
1 32768
0 16281
1 32768
0 14984
1 32768
2 32768
0 11749
0 28137
1 32768
0 28969
0 14109
0 20296
0 14110
0 20276
0 15204
0 22613
0 17690
0 15038
1 32768
0 26327
0 21881
0 13065
0 12869
0 15484
0 12638
0 15496
0 22525
0 19750
0 21257
0 18556
0 12993
0 12773
1 32768
1 32768
0 19296
0 12988
0 29937
1 32768
0 13684
0 12827
0 18328
0 18011
0 12681
0 11768
0 11531
0 12508
0 18882
0 10114
0 27742
0 14819
1 32768
0 12240
0 14112
0 16544
0 24974
1 32768
0 11817
1 32768
0 16820
0 23393
0 31704
0 14700
0 18895
1 32768
0 16210
3 32768
2 32768
0 16628
0 13977
0 14128
0 25273
0 17061
0 14117
0 24478
0 16508
0 12137
0 12439
0 14105
0 11723
0 14142
0 22751
0 14667
1 32768
0 15839
0 12333
0 18769
0 22049
0 15093
1 32768
0 14950
1 32768
0 14679
0 13602
1 32768
0 18835
0 10849
1 32768
0 18421
0 20822
0 15175
0 27198
0 18466
0 18804
0 16673
1 32768
1 32768
2 32768
0 14949
1 32768
0 11499
0 14173
0 13858
0 14077
1 32768
0 14996
0 16796
0 23426
0 21047
0 11635
0 28633
0 10881
0 18535
1 32768
1 32768
0 20120
0 17253
0 11948
2 32768
0 12959
2 32768
0 22749
0 13276
0 18432
1 32768
0 16994
0 11777
0 13543
0 12205
0 19574
0 17675
0 21006
0 12701
0 14627
0 16333
0 19075
1 32768
0 20889
1 32768
1 32768
0 12910
1 32768
0 15373
0 12567
0 11271
0 11518
0 13292
1 32768
0 17051
0 16267
3 32768
2 32768
0 17515
1 32768
0 20360
0 22083
0 12512
2 32768
0 10898
0 31168
0 11972
1 32768
1 32768
0 14506
0 21759
1 32768
2 32768
0 16107
0 28319
0 17825
0 12394
0 26816
0 13410
0 15205
0 11293
0 17646
1 32768
0 17746
2 32768
0 10634
0 11381
0 16142
0 13898
0 13842
2 32768
0 16870
0 11711
0 14744
0 15854
1 32768
0 15352
0 15305
0 25837
0 24553
0 11699
1 32768
0 12010
0 15257
1 32768
0 20869
0 28067
0 16765
0 18311
0 10648
0 28224
0 26225
1 32768
1 32768
0 12019
0 15332
1 32768
0 13283
0 16338
0 9536
1 32768
0 12677
0 12504
0 27572
0 18794
0 28929
0 14736
0 27610
0 17174
0 20972
1 32768
0 15495
0 13888
0 17207
0 17125
1 32768
0 18416
0 13856
0 22246
0 18994
0 24028
0 12885
1 32768
0 17164
0 21210
0 17386
0 12702
0 28615
0 14584
0 15347
0 11516
1 32768
0 18384
1 32768
1 32768
0 10326
1 32768
0 26996
0 12367
0 21063
0 16692
0 12473
1 32768
0 16122
0 11480
0 12131
0 12202
0 12751
0 18506
0 23155
3 32768
0 20114
0 14815
0 14169
0 13722
1 32768
1 32768
0 19321
0 14155
0 28668
0 22419
0 19757
0 12771
0 10450
0 15141
0 14922
0 12476
0 27415
0 16791
0 13152
1 32768
0 14159
0 17278
1 32768
3 32768
1 32768
1 32768
1 32768
1 32768
0 19972
2 32768
0 18200
1 32768
0 17945
0 13754
1 32768
0 18398
0 18785
0 22226
0 15741
0 11756
0 11193
0 18415
0 28771
0 14870
0 23423
0 31495
0 19765
1 32768
0 22928
1 32768
0 12008
1 32768
0 13275
0 17656
0 19158
2 32768
0 11163
2 32768
0 12184
0 17905
0 16704
0 18037
0 29166
0 11890
0 24111
0 15084
0 14868
0 25762
0 25905
0 22973
1 32768
0 19392
0 17251
0 14749
0 16584
0 15169
0 16988
0 16147
2 32768
0 11866
0 18749
0 16074
0 17923
0 17234
2 32768
0 31335
0 12894
1 32768
0 15361
0 14844
0 13910
1 32768
1 32768
0 14096
1 32768
2 32768
0 18457
0 12230
0 12306
0 29658
0 12918
0 28472
0 25676
0 18737
0 13153
0 17498
0 15296
0 23198
0 16493
1 32768
0 14048
0 22212
1 32768
0 18136
0 17926
0 16960
0 11364
0 18444
0 31333
0 19603
1 32768
0 10694
0 11964
0 12373
1 32768
0 15031
0 20096
0 17972
0 15174
0 14653
0 20773
2 32768
0 14494
0 12741
0 21793
1 32768
0 15111
0 21073
1 32768
0 10709
0 16196
1 32768
1 32768
0 23502
0 14439
1 32768
0 11116
1 32768
0 13504
1 32768
0 19846
0 12223
0 13276
0 13985
0 9857
0 15504
0 25721
0 22832
0 12659
1 32768
0 16554
0 20066
0 20253
2 32768
0 20598
0 25692
1 32768
0 18968
1 32768
1 32768
0 17017
0 16713
0 14731
0 18987
0 18708
0 18416
1 32768
0 14321
1 32768
0 11148
0 13545
0 11408
0 15306
0 17597
0 14301
0 10977
1 32768
2 32768
0 17776
0 11068
0 13815
0 15545
1 32768
0 15135
2 32768
0 15994
0 18643
0 15914
0 17435
0 20588
1 32768
0 16441
0 15186
0 24111
0 32377
1 32768
0 13134
0 10749
1 32768
0 13808
0 10711
0 15927
0 15217
0 26104
0 14090
0 14671
2 32768
0 22690
0 16883
0 14489
0 23045
0 15555
1 32768
1 32768
1 32768
0 11922
2 32768
1 32768
0 9985
0 9542
1 32768
0 15913
3 32768
0 10282
0 15490
0 26234
0 10672
0 25215
0 14901
0 12103
0 18836
0 11242
1 32768
0 27814
1 32768
0 29824
0 10938
0 13421
2 32768
0 15354
1 32768
3 32768
0 17799
1 32768
0 17217
0 12386
2 32768
0 12841
2 32768
0 14872
1 32768
0 22968
0 11509
0 10030
0 11063
0 31184
0 13133
0 26931
0 13327
0 9738
0 12964
0 12149
0 12951
0 13768
0 17932
1 32768
1 32768
0 12808
0 25747
0 12616
0 13040
0 10648
0 18455
0 18202
0 9142
1 32768
1 32768
1 32768
1 32768
0 13984
1 32768
0 14344
1 32768
0 16183
0 14159
0 13373
1 32768
0 10310
0 31209
0 18081
0 23204
1 32768
1 32768
0 13124
0 21134
0 28368
0 13965
0 21549
0 22711
1 32768
0 18317
1 32768
0 12587
0 16244
0 15971
0 16426
0 13492
0 14609
0 21311
0 18889
1 32768
1 32768
0 19276
0 23967
1 32768
0 19268
0 12033
1 32768
1 32768
0 31569
0 19024
0 16704
0 11034
0 15437
0 12443
1 32768
0 13319
1 32768
0 15762
1 32768
0 15230
0 21695
0 12293
0 11996
0 29675
0 16589
0 19051
0 26812
1 32768
0 13150
1 32768
0 11418
1 32768
0 11842
0 18477
0 15822
1 32768
0 28353
0 11468
0 10334
1 32768
0 29427
0 23636
0 31384
0 28340
1 32768
0 11198
0 26286
0 10069
0 12869
0 23528
0 21280
1 32768
0 23227
0 11644
0 15354
0 15188
0 19179
0 11051
1 32768
0 14921
0 12696
1 32768
0 12890
0 12475
1 32768
0 17160
0 17649
0 19049
1 32768
0 13366
1 32768
0 11334
0 31279
0 14346
0 14362
0 13897
0 15181
0 12679
0 14605
0 18497
0 20709
0 17665
1 32768
0 13900
2 32768
0 17085
0 27394
1 32768
1 32768
0 17316
0 21844
0 8721
1 32768
0 11966
1 32768
0 13578
0 11924
1 32768
1 32768
1 32768
0 16125
0 18895
0 10146
0 21092
1 32768
0 12538
1 32768
0 13359
0 12861
0 31052
2 32768
0 13926
1 32768
1 32768
0 14642
1 32768
1 32768
0 28356
0 23950
0 17126
0 10798
0 11415
0 26878
1 32768
0 17780
0 17386
0 23001
2 32768
1 32768
1 32768
0 15492
0 11389
0 31415
0 17920
0 19854
1 32768
0 27597
1 32768
0 12507
1 32768
0 19894
0 15024
0 26740
0 16823
0 23629
0 13911
1 32768
1 32768
0 10836
0 17055
0 17057
0 16037
0 27407
0 29267
1 32768
1 32768
1 32768
0 22426
1 32768
0 13641
0 18836
0 18976
0 12398
1 32768
0 19986
1 32768
0 18554
0 22313
1 32768
0 16185
0 14787
2 32768
0 12140
0 18285
0 16795
0 15242
0 20633
0 18008
0 11726
1 32768
0 14335
0 14050
0 12866
0 15694
0 29807
0 24220
0 12861
0 14904
0 18522
0 15169
0 12850
3 32768
0 23941
0 10129
0 27522
1 32768
0 12818
1 32768
0 12946
0 11616
0 9952
0 23439
0 20898
0 15329
0 22283
1 32768
1 32768
0 17530
1 32768
0 11287
1 32768
0 16211
0 16663
1 32768
0 19200
0 19962
1 32768
0 24104
1 32768
0 18502
0 25925
0 11470
0 32496
0 31967
0 13694
1 32768
0 16499
0 17658
0 11572
0 16653
0 13597
0 12709
0 11726
0 19212
0 13307
0 12230
2 32768
0 19198
0 14434
2 32768
0 24972
0 19911
0 21459
0 12414
1 32768
1 32768
0 11251
0 12905
0 24120
0 15325
0 10734
1 32768
0 20970
0 20101
0 18277
0 12830
0 11419
1 32768
0 12040
1 32768
1 32768
2 32768
2 32768
0 12114
0 12624
0 14675
0 16664
0 12447
0 22127
0 14077
0 27915
1 32768
0 11044
1 32768
0 13837
0 17168
0 14550
0 17660
0 17086
2 32768
0 14768
0 29169
0 20472
0 15741
0 12195
1 32768
0 13583
0 28511
1 32768
0 20761
0 10681
0 20775
0 16544
0 12375
0 15985
1 32768
0 11621
1 32768
0 12290
0 21025
0 15588
1 32768
0 12925
0 17287
0 17112
0 12788
0 15997
0 23529
0 15745
2 32768
0 13809
1 32768
0 30840
1 32768
0 21680
0 27780
0 11858
1 32768
1 32768
1 32768
0 9486
1 32768
0 19389
0 12613
0 19119
1 32768
0 14043
0 31098
0 14543
2 32768
0 14176
0 21142
0 12300
0 27441
2 32768
0 14048
1 32768
0 13182
0 16609
0 13283
0 10586
0 32515
0 15393
0 14664
0 21484
0 15243
0 10512
0 12702
0 15142
2 32768
1 32768
0 20421
0 13327
0 12912
0 18456
0 18968
0 19853
0 13110
0 12822
1 32768
0 12927
1 32768
0 24362
1 32768
0 23995
0 20148
0 16547
1 32768
0 16425
0 13429
0 19880
0 11974
0 12481
1 32768
0 18461
0 13072
0 17543
0 13900
0 11242
1 32768
0 16690
0 19972
0 13166
1 32768
0 20171
0 21655
0 14503
1 32768
0 23164
0 14535
0 12084
0 13758
1 32768
1 32768
0 25807
0 22978
0 13277
0 25543
1 32768
1 32768
0 11551
0 26558
0 17765
1 32768
0 15048
1 32768
1 32768
0 10741
0 20811
1 32768
1 32768
1 32768
1 32768
0 28502
0 11606
0 12604
1 32768
0 13171
0 19887
0 10661
0 19372
0 18164
0 13177
0 10863
1 32768
0 22320
0 32049
0 15140
0 12969
0 15531
0 16557
1 32768
0 23301
0 13773
0 10742
1 32768
1 32768
0 16529
0 21428
0 10183
0 16380
0 15270
1 32768
0 11336
1 32768
1 32768
1 32768
0 13092
0 14284
0 20074
0 27286
1 32768
0 15896
0 17032
2 32768
0 13486
1 32768
0 21725
0 19676
1 32768
0 17710
0 28720
1 32768
0 24492
1 32768
0 25102
0 16661
0 16149
0 14291
0 28733
0 29997
0 21673
0 13547
0 17945
0 14520
0 12842
1 32768
0 22176
0 20760
0 12385
0 11077
1 32768
0 14067
0 16268
0 14277
0 10240
1 32768
1 32768
2 32768
1 32768
0 14070
0 14322
3 32768
0 14195
0 13760
0 13163
0 17249
0 30988
0 11802
0 32298
1 32768
0 13555
0 14896
0 26278
2 32768
0 25326
0 12571
0 17765
1 32768
1 32768
0 17113
1 32768
0 13364
0 22405
0 19287
1 32768
0 11633
0 22024
0 11070
1 32768
1 32768
0 14844
0 15645
0 12859
1 32768
0 17555
1 32768
0 18971
2 32768
1 32768
0 16183
1 32768
0 20830
1 32768
1 32768
0 19284
0 13816
1 32768
0 18133
0 18110
0 19046
0 13947
1 32768
0 29121
0 12457
0 32056
1 32768
0 15589
0 12376
0 18384
0 14604
0 25477
0 26302
0 22733
1 32768
0 13700
0 21894
1 32768
0 9849
2 32768
1 32768
0 15063
0 11038
1 32768
1 32768
0 15719
0 14337
0 22176
0 20951
0 15707
0 19442
2 32768
0 18098
0 24696
0 14206
0 14248
1 32768
0 12483
0 21737
0 31049
0 16327
0 22067
0 17033
1 32768
0 17138
0 21197
1 32768
0 11802
0 29590
0 14362
0 11220
0 11239
0 20035
1 32768
1 32768
0 15161
0 13463
1 32768
0 11048
1 32768
0 21026
0 14637
0 20103
1 32768
0 25440
0 22082
0 14481
0 14749
0 11505
0 18908
0 18345
1 32768
0 26718
0 15802
1 32768
1 32768
3 32768
0 13915
2 32768
0 13833
3 32768
0 14690
0 26860
2 32768
0 15399
0 12682
0 10974
0 25201
1 32768
0 15973
0 10708
0 12494
0 14448
1 32768
0 12216
0 23235
1 32768
0 14608
1 32768
2 32768
0 25017
0 31116
0 12354
0 13215
0 10803
0 16497
0 25791
0 17383
0 16017
1 32768
0 21578
0 21988
0 17950
2 32768
1 32768
1 32768
0 12647
0 13446
1 32768
0 25005
0 18012
1 32768
2 32768
0 19128
1 32768
0 22096
0 25911
0 12230
0 22816
0 9928
0 10877
0 21507
0 12173
0 18196
0 17763
1 32768
0 16498
1 32768
0 20041
1 32768
0 10819
0 18174
0 10295
0 17070
0 25170
0 15170
0 14137
0 13464
0 11693
1 32768
0 13408
1 32768
0 13709
0 11247
0 13082
0 13642
0 14400
0 20416
0 26976
0 11523
2 32768
0 15049
0 11436
0 27927
0 17907
1 32768
0 13505
0 17138
0 13474
0 15181
0 18354
0 11004
0 15071
0 24940
1 32768
0 19805
1 32768
0 12814
1 32768
0 24120
0 14587
1 32768
0 17739
0 12778
0 15862
0 16143
0 18903
0 17813
1 32768
1 32768
0 17585
0 11699
2 32768
2 32768
3 32768
0 14852
0 18586
0 12145
0 15291
0 10364
0 25272
0 12675
0 13186
0 11033
0 13288
0 29689
0 14011
0 20622
1 32768
0 11697
1 32768
0 16510
0 21477
0 14872
0 15361
0 17619
0 14736
0 17549
0 13996
0 15574
0 25947
2 32768
1 32768
1 32768
1 32768
0 23638
1 32768
1 32768
0 28322
0 30876
0 13181
0 13810
0 15413
0 12319
0 19087
0 20088
0 32390
1 32768
0 16126
0 17784
0 12568
1 32768
0 15687
0 32626
0 10707
0 21347
1 32768
1 32768
1 32768
0 20080
0 15298
0 10635
0 14691
0 25902
0 22720
0 13037
3 32768
0 11783
0 13949
0 18422
0 25028
0 24640
0 13407
0 32102
0 14686
0 17285
0 13893
0 18000
0 19681
1 32768
0 15731
0 9737
1 32768
0 21548
0 15721
0 18903
0 15443
0 14982
0 17212
0 26235
0 20891
0 13705
0 17482
0 10683
0 12972
0 15162
0 15262
0 16326
1 32768
0 13562
0 24690
0 11107
0 16959
0 17500
3 32768
0 18729
0 12112
0 14890
1 32768
0 18153
1 32768
0 31227
0 13954
0 16382
0 29155
0 12828
0 20798
0 19534
0 30238
1 32768
1 32768
1 32768
0 13458
0 12978
0 11929
0 23486
0 22447
1 32768
0 16615
0 23732
0 13856
0 14536
0 16106
0 11435
0 15268
0 11878
0 16043
1 32768
0 11682
0 21354
0 16579
0 13839
0 14138
1 32768
0 21941
0 28913
1 32768
0 17173
0 15162
0 14532
0 17030
0 31039
0 11406
0 27951
0 14358
0 17468
1 32768
0 28975
0 12303
1 32768
0 28431
1 32768
0 19836
1 32768
0 16125
0 19935
0 14755
0 21007
0 12690
1 32768
0 22884
0 21699
1 32768
1 32768
0 16863
0 12234
0 14166
0 14345
0 19831
0 13187
0 11888
0 16085
0 24355
2 32768
0 27751
0 14459
0 11226
0 14069
0 10471
0 12388
0 16600
0 20456
0 18906
0 13644
0 26200
1 32768
0 22995
2 32768
0 22392
0 27740
0 14181
0 13233
0 11908
0 18173
0 13475
0 23820
1 32768
0 16039
0 14109
0 26058
0 12144
0 23875
0 12081
0 13528
0 14211
0 14329
0 24936
1 32768
0 23784
2 32768
0 11614
0 19186
0 14079
0 15629
0 12743
0 30276
0 26749
0 12358
0 23390
0 12488
0 17474
0 15268
1 32768
0 29445
0 19466
0 16853
2 32768
0 14506
0 19681
0 17606
0 16044
0 25764
0 16295
1 32768
0 13921
1 32768
0 15113
1 32768
0 15287
0 12692
0 10573
2 32768
0 13563
0 11835
0 19136
0 25864
0 11594
0 19918
0 15955
0 30586
0 13023
0 13144
0 12135
0 12357
0 10829
0 14707
0 23980
0 29229
0 14817
1 32768
0 12696
1 32768
0 16129
0 13782
0 28075
0 17397
0 19548
0 18670
1 32768
0 11204
1 32768
0 14508
0 17293
0 20494
0 14199
0 15974
1 32768
0 13376
0 16205
0 19189
0 12209
0 14397
0 19612
0 17908
2 32768
2 32768
0 12711
0 15908
0 15998
0 14675
0 16546
0 12572
0 14759
0 10959
1 32768
0 12583
0 19428
1 32768
2 32768
0 16382
0 15594
1 32768
2 32768
0 31382
0 13521
0 13234
0 27248
0 11238
0 14080
1 32768
1 32768
0 12514
1 32768
0 12972
1 32768
1 32768
0 18776
2 32768
2 32768
0 17904
0 28706
0 14944
0 21684
0 14881
2 32768
0 15774
0 16917
0 11933
0 21237
0 29770
0 18078
0 21646
0 18096
0 28672
0 20085
0 13643
0 14763
0 28182
0 31159
0 19963
0 12707
1 32768
0 12196
0 23211
0 15998
1 32768
0 10990
0 17633
0 19206
0 30372
0 15832
0 16823
1 32768
0 18950
0 24568
0 15580
0 13098
0 19083
0 18679
0 20705
3 32768
2 32768
0 12848
2 32768
0 13544
0 12338
0 18857
0 14103
1 32768
0 28423
0 14897
0 13327
0 16654
0 27586
0 14151
0 11644
0 15852
0 31758
1 32768
0 14460
0 30653
3 32768
0 16140
0 22468
0 11952
0 11948
0 14189
0 13560
1 32768
0 30676
0 10368
0 14703
1 32768
0 12195
0 13858
0 14959
0 12881
0 29250
0 22388
0 19672
1 32768
1 32768
0 10634
0 16914
1 32768
0 14581
0 29375
1 32768
1 32768
2 32768
0 13141
0 26963
0 12215
0 14436
0 11337
0 15622
0 13019
1 32768
1 32768
0 21125
0 18436
0 11857
1 32768
1 32768
0 11940
2 32768
0 15734
0 16146
0 26684
0 18440
1 32768
0 29060
0 22579
0 16512
0 15201
0 20663
0 15576
1 32768
0 13305
0 12265
1 32768
0 15495
1 32768
0 9972
1 32768
0 22353
1 32768
0 15199
0 16460
1 32768
0 18613
1 32768
1 32768
0 18064
0 15211
2 32768
0 15455
0 14001
0 16815
0 16195
0 24738
0 22014
0 17343
1 32768
0 24853
0 14702
0 19179
1 32768
0 14708
0 14569
0 23322
0 29548
0 22249
1 32768
0 12635
0 11198
0 14671
0 21393
0 25282
0 14082
0 12426
1 32768
0 13894
0 17161
0 18738
0 23352
0 26764
0 15091
0 13975
1 32768
0 12770
0 26792
0 14001
0 10691
0 32508
0 18282
1 32768
0 29120
0 13052
0 13938
1 32768
0 17079
0 28221
0 17444
1 32768
0 16708
0 12585
0 13427
0 20867
0 18183
0 19280
0 18445
0 14772
0 15139
1 32768
0 14485
0 15096
0 11866
1 32768
0 11423
0 17240
0 23884
0 14720
0 11904
1 32768
1 32768
0 15849
0 20506
0 12313
0 18690
0 32673
0 14777
0 20100
0 13589
2 32768
0 23114
0 14446
1 32768
2 32768
1 32768
0 23078
1 32768
0 32149
0 13901
0 12020
1 32768
0 21853
0 24645
0 22446
0 12643
1 32768
0 32114
0 15007
1 32768
1 32768
0 13882
0 14197
0 17440
0 16360
0 13309
0 19063
0 12467
0 11258
0 14368
0 14606
0 18152
0 10724
1 32768
0 19150
0 16200
0 28336
0 14932
0 16302
0 20233
0 12675
0 10397
0 10169
1 32768
0 12385
0 20665
0 20888
1 32768
0 25078
0 14984
0 12615
1 32768
0 13082
0 20504
0 19911
1 32768
0 29083
0 18705
1 32768
0 12602
1 32768
0 23450
1 32768
0 14436
1 32768
0 12917
0 12548
1 32768
0 17918
0 13570
0 18301
0 20233
1 32768
1 32768
0 24686
0 13757
0 13201
0 10377
1 32768
0 10840
0 25357
0 22346
0 21763
0 20320
2 32768
1 32768
0 14137
0 12383
1 32768
1 32768
0 13031
0 14408
0 26832
0 20161
0 19482
0 17897
0 29336
0 21114
0 11975
0 27870
0 12707
0 15591
0 18205
0 14020
0 11646
0 15219
0 14013
2 32768
1 32768
0 19573
0 23727
0 18347
0 18834
0 23182
2 32768
0 11629
0 18434
0 11479
0 18560
0 29848
1 32768
0 16543
0 12377
0 24846
0 13768
0 24921
1 32768
0 12783
0 19057
0 17659
1 32768
1 32768
0 12378
0 15605
0 11501
0 19473
2 32768
0 15493
1 32768
1 32768
0 11840
0 13867
0 18326
0 14292
1 32768
1 32768
0 13405
0 32365
0 12151
1 32768
0 17673
0 18813
1 32768
2 32768
0 13405
0 14491
0 13829
0 24983
1 32768
0 12356
0 22258
0 14350
0 27056
1 32768
0 15418
0 16909
1 32768
0 24986
2 32768
1 32768
1 32768
0 14958
0 11220
0 10981
0 17789
0 16281
0 18063
0 11542
0 11544
0 11401
0 17579
0 11915
1 32768
0 24235
0 27802
0 13071
0 18280
0 11362
0 11292
1 32768
0 11846
0 18019
0 11954
0 19673
0 16478
0 19932
0 14115
0 23935
1 32768
0 22432
0 26757
0 18362
0 20385
0 18024
0 13083
0 22940
0 13474
0 12636
1 32768
0 28210
2 32768
0 13882
0 15944
0 30563
0 18595
2 32768
1 32768
0 21849
0 21090
0 16839
0 28303
1 32768
0 19591
0 12183
0 12118
0 16028
0 14995
1 32768
0 10865
0 25689
1 32768
1 32768
0 17999
0 25439
0 18594
0 29588
0 19982
0 15831
0 31074
2 32768
0 25017
0 22346
2 32768
0 15800
0 12594
1 32768
0 16484
0 20038
1 32768
0 17319
0 14936
0 18277
0 13609
0 15251
0 25950
0 17684
0 19253
0 10909
0 12853
0 17085
1 32768
0 14739
0 31309
0 30445
1 32768
1 32768
0 15474
1 32768
0 17491
0 19740
1 32768
1 32768
0 15507
0 21199
1 32768
0 24940
0 12506
0 21447
0 27711
0 10756
0 20909
1 32768
0 15833
1 32768
0 13541
0 15113
1 32768
0 12601
0 18326
1 32768
0 14409
1 32768
1 32768
1 32768
0 14035
0 12989
0 21128
0 17332
0 20163
0 17196
0 14441
0 13323
0 16213
0 22749
0 11013
0 20573
0 18757
0 12474
0 28294
0 23208
0 17142
1 32768
1 32768
1 32768
0 24416
0 15986
0 31375
0 18650
0 11476
0 15322
0 13247
0 16195
0 10395
0 14544
0 11114
0 12592
0 15582
1 32768
0 20944
1 32768
1 32768
0 9887
0 18545
0 20758
0 12810
0 22131
0 13477
0 25942
0 12260
1 32768
2 32768
0 21694
0 16423
0 20682
0 17739
1 32768
0 15534
0 14457
0 17932
0 12047
0 12099
0 12644
0 11437
0 22921
1 32768
0 19539
0 13647
0 18736
1 32768
0 11252
1 32768
0 11138
0 12517
1 32768
0 12615
0 12210
0 15782
0 17727
0 13227
0 26066
2 32768
0 12408
0 13195
0 14488
1 32768
0 29845
0 14448
2 32768
2 32768
2 32768
0 16570
0 26793
1 32768
1 32768
0 21496
0 21555
2 32768
0 18651
1 32768
0 14255
0 12444
0 13607
0 11604
0 20280
0 24553
0 20390
0 19977
0 11364
1 32768
0 16366
0 22915
0 14593
0 15404
0 16197
1 32768
0 14668
0 15022
0 22986
1 32768
0 14351
0 15815
0 18062
0 22070
0 14279
2 32768
1 32768
0 16709
0 12987
2 32768
0 11945
0 9525
0 13039
0 24494
1 32768
0 15363
2 32768
0 14673
0 11447
1 32768
0 15092
2 32768
1 32768
0 12958
0 21049
0 21224
0 17508
0 20591
0 16951
1 32768
0 8697
1 32768
0 15239
0 11573
1 32768
0 18113
0 16063
0 17917
1 32768
0 14723
0 14071
0 10850
0 9473
0 26457
0 11025
2 32768
1 32768
2 32768
0 21854
0 18328
1 32768
0 15640
0 18873
0 13947
0 11796
1 32768
0 14192
0 10970
0 17157
0 16912
0 13964
0 12584
0 12243
0 16963
0 13250
2 32768
0 29063
0 18385
1 32768
0 14980
0 13554
0 14806
0 13082
0 12004
0 13982
0 12990
0 11529
1 32768
0 11360
0 12488
1 32768
0 15467
0 12279
1 32768
0 11789
0 10233
0 16742
1 32768
0 12558
0 9719
0 13176
0 12999
0 18049
0 20748
1 32768
1 32768
1 32768
0 25414
0 13052
0 11273
0 15057
0 12091
0 14067
0 23735
0 11884
0 12919
1 32768
1 32768
0 12714
0 13660
0 16952
0 26659
0 13651
0 21122
0 19839
0 24855
0 13776
0 10890
0 10666
0 12730
0 21821
0 20131
0 14111
1 32768
0 25280
0 17700
0 17579
0 20270
0 31135
1 32768
0 17287
0 28586
0 12243
1 32768
0 14413
1 32768
1 32768
0 18644
1 32768
0 16540
0 12063
1 32768
1 32768
0 20648
0 16610
0 16522
0 13817
1 32768
0 14711
0 23575
0 14673
0 16603
0 12129
0 25197
0 15379
1 32768
0 14747
1 32768
0 11666
0 28837
0 15399
0 13092
0 16149
0 15260
2 32768
0 13560
0 19983
0 31696
1 32768
0 18787
0 14462
0 32569
0 26543
0 14018
0 11273
1 32768
1 32768
0 13675
0 11931
0 13771
0 20073
1 32768
1 32768
0 21253
0 28168
0 13980
0 12950
0 10889
0 11994
0 22972
0 23705
0 13431
0 14809
0 12127
0 25474
0 15869
0 14663
0 17315
0 15090
0 18712
0 18555
0 20281
0 12323
0 13124
0 13790
1 32768
0 15460
0 18309
2 32768
2 32768
1 32768
0 12538
1 32768
0 15135
0 11750
0 23862
0 12907
0 25970
0 12711
0 15262
0 28786
0 30405
0 17157
0 12474
1 32768
2 32768
0 17450
0 12208
0 25021
0 16196
0 17051
0 12737
0 14756
0 26879
0 19048
0 13196
1 32768
0 16434
1 32768
0 17869
0 29619
2 32768
0 10268
1 32768
0 15648
0 28181
0 15114
0 16661
0 21140
0 12296
0 13745
0 14124
0 12582
0 25893
0 12534
0 15079
0 10833
0 28359
1 32768
2 32768
1 32768
0 13928
0 15533
0 11618
0 30642
0 16936
0 31008
1 32768
0 15739
1 32768
0 11808
1 32768
0 16337
1 32768
0 25281
1 32768
0 20559
0 19657
0 15238
0 12739
0 17141
0 13835
0 19078
0 16750
1 32768
1 32768
0 25572
0 22533
0 16710
0 17665
0 15268
0 14873
0 15435
0 15864
0 14018
0 18269
0 18972
1 32768
0 13265
0 13409
0 18186
0 11432
0 14510
0 22430
2 32768
0 10853
1 32768
0 13994
0 13049
1 32768
1 32768
0 10657
2 32768
0 16217
0 18043
0 12318
0 27622
0 19383
0 23910
1 32768
0 11708
0 26032
1 32768
0 11545
0 16987
1 32768
0 21282
1 32768
1 32768
1 32768
0 11230
1 32768
1 32768
1 32768
0 12593
1 32768
1 32768
0 13046
0 17805
1 32768
0 20895
0 18081
1 32768
1 32768
0 11617
0 17862
0 14546
0 19272
2 32768
0 26736
0 21769
1 32768
0 12135
1 32768
0 26688
0 9548
0 17762
1 32768
1 32768
2 32768
0 13334
0 14731
0 13138
2 32768
0 14927
0 14911
0 12106
0 19746
0 16608
0 13348
2 32768
0 31149
3 32768
0 30691
1 32768
0 31849
0 10406
1 32768
2 32768
0 13454
0 13051
0 18383
0 23548
0 18670
2 32768
0 13644
0 15840
0 10444
0 26618
1 32768
0 9973
0 15971
0 26283
1 32768
0 21557
1 32768
0 22026
0 26887
2 32768
0 25639
2 32768
0 13688
1 32768
0 11433
1 32768
0 11280
0 16536
1 32768
0 15711
0 16135
0 27368
0 30981
0 19150
0 14436
2 32768
1 32768
0 15264
0 18864
0 11304
0 17334
0 23164
1 32768
0 30905
0 15814
0 19661
1 32768
0 14052
0 13422
0 31826
0 12620
1 32768
0 14381
1 32768
1 32768
1 32768
0 15666
0 14424
1 32768
1 32768
0 13444
0 13039
0 9776
0 15210
0 12227
1 32768
0 12142
1 32768
0 12979
0 12458
0 11708
0 30158
0 20876
1 32768
0 10886
0 19317
0 27944
2 32768
0 10178
0 12813
0 14567
0 13907
0 16508
1 32768
0 11032
0 14554
0 13694
0 18652
0 12160
0 23616
2 32768
1 32768
0 18578
1 32768
0 16078
0 14990
0 17604
0 14208
0 23430
0 10138
0 11073
0 24560
0 14299
1 32768
1 32768
1 32768
0 31916
0 15640
0 12044
0 22038
0 26844
0 9840
0 21170
1 32768
0 13558
0 15650
0 19292
1 32768
0 27869
0 17008
0 24269
0 22963
0 14730
0 32766
0 13246
0 22927
0 10602
0 10094
0 15059
0 17216
2 32768
0 17592
0 12151
0 16778
0 15182
0 17088
0 20979
0 16657
0 16817
0 21016
0 14540
1 32768
0 13390
1 32768
0 20163
0 21902
0 10387
0 16023
0 23217
0 16066
0 27583
0 15665
0 19128
0 11371
0 15261
0 19383
1 32768
0 12041
0 9076
0 21028
1 32768
0 11237
0 13895
0 17711
0 31239
0 19803
0 9364
0 14236
0 12473
0 19241
0 13997
0 10355
0 21817
0 16542
0 15680
1 32768
0 15631
0 30554
0 18766
0 16121
0 16978
0 14279
0 23481
0 22761
0 29560
0 11911
0 19272
0 14237
0 19278
0 14579
0 27786
0 18691
0 13890
0 26238
0 14797
2 32768
0 13322
1 32768
0 29695
0 15793
0 13666
0 16854
1 32768
0 24675
1 32768
1 32768
1 32768
0 10047
0 14606
0 12154
0 22383
0 25035
1 32768
1 32768
1 32768
0 13845
1 32768
0 11108
1 32768
0 20041
0 23277
0 10739
0 13854
0 11767
0 27085
1 32768
0 14380
0 14233
0 18394
0 26561
0 14838
0 15332
0 11330
0 21628
0 14019
0 17019
1 32768
0 31242
2 32768
0 23793
1 32768
0 20181
0 10692
0 14564
0 19440
1 32768
0 15851
0 14677
0 11196
0 15105
0 14127
0 16845
0 24251
0 12081
1 32768
1 32768
0 25982
1 32768
0 15086
0 15500
0 12167
0 16798
0 31065
0 27782
0 28517
0 22229
0 25542
0 16076
0 16252
0 12281
0 12469
0 17926
0 14393
0 25028
0 17524
1 32768
1 32768
1 32768
0 16321
0 10741
0 12200
1 32768
0 28694
1 32768
0 11204
0 23858
1 32768
0 23329
1 32768
1 32768
0 31681
0 27444
1 32768
0 14872
0 23679
3 32768
0 9752
1 32768
0 13513
0 13431
0 14847
1 32768
2 32768
0 20544
0 18662
0 12973
3 32768
0 14899
1 32768
0 20792
0 27869
0 11495
1 32768
1 32768
0 14727
0 11698
1 32768
0 23879
1 32768
0 11651
1 32768
0 12991
0 15854
0 12735
0 15205
1 32768
0 11271
0 12092
1 32768
1 32768
0 13047
0 27466
0 26869
0 18630
1 32768
0 12608
1 32768
2 32768
0 14007
0 29092
0 14775
0 20463
0 13340
0 14941
0 23837
0 23923
0 21881
0 23351
2 32768
1 32768
1 32768
0 11513
0 25326
0 30057
0 16807
0 15770
1 32768
1 32768
0 24214
0 23723
0 9966
0 13312
0 18293
1 32768
2 32768
1 32768
0 15085
1 32768
0 15446
0 17288
0 23409
0 17177
1 32768
0 12998
2 32768
1 32768
0 17432
0 17646
1 32768
0 16660
0 15311
0 13692
0 18459
0 24381
1 32768
0 16702
0 12598
0 16381
0 29425
0 12738
0 14014
0 21335
0 21026
0 19542
2 32768
0 16529
0 17770
1 32768
0 19009
1 32768
1 32768
0 18559
0 19982
0 10669
1 32768
0 11414
0 12210
0 23405
1 32768
0 20039
0 13086
1 32768
0 15229
0 12299
1 32768
0 13535
0 13308
0 14243
0 11564
0 18339
0 15160
0 23559
0 27842
0 13345
0 17154
0 12777
0 10811
0 14735
0 30234
0 16938
0 14125
0 15226
0 17975
0 13030
0 13930
0 13867
0 16165
0 23722
0 16732
0 13664
0 16132
0 11316
0 13314
0 14392
0 17207
0 18527
1 32768
0 12900
0 12585
0 13311
1 32768
0 21161
1 32768
0 31927
1 32768
0 12729
0 14483
0 12476
0 19165
0 14639
1 32768
0 20407
1 32768
0 26850
3 32768
0 13429
0 10394
1 32768
2 32768
0 10643
0 20042
0 11896
0 24553
0 17399
1 32768
0 18127
0 19601
1 32768
1 32768
1 32768
0 15612
0 23290
0 11319
1 32768
0 12669
0 12624
0 13778
0 21462
0 16185
0 18335
0 15685
2 32768
1 32768
1 32768
0 22904
0 11611
1 32768
0 10892
1 32768
0 10700
0 15029
1 32768
0 13849
0 13000
0 25695
0 14523
0 14515
0 14487
0 16970
0 15499
0 30932
0 11461
0 17019
0 12963
0 21138
1 32768
0 17959
0 19153
0 17154
0 13370
0 10663
1 32768
0 17777
3 32768
0 14099
0 13690
0 11071
0 12514
1 32768
1 32768
1 32768
1 32768
2 32768
0 15557
1 32768
0 23025
0 13198
0 13152
0 15073
0 17889
0 20719
1 32768
0 12477
0 28272
0 22633
0 18481
0 16000
1 32768
1 32768
0 14650
0 17911
0 11568
0 18226
1 32768
0 14329
1 32768
1 32768
1 32768
0 20211
0 11309
0 11777
0 16009
0 10579
0 25457
1 32768
0 12809
0 21917
0 16001
0 9973
4 32768
0 11396
0 26865
1 32768
1 32768
1 32768
2 32768
0 12204
0 18235
0 17310
0 19773
0 27263
0 13473
0 12278
0 25027
2 32768
0 19534
1 32768
0 15365
0 30354
0 10478
0 13613
0 10828
0 19177
0 31372
0 11377
0 14430
1 32768
0 22540
0 13717
0 22456
0 19162
1 32768
0 11467
0 13385
0 13266
0 16765
1 32768
1 32768
2 32768
1 32768
2 32768
0 16755
0 28208
0 20143
0 14930
0 15727
0 17817
1 32768
0 13954
0 20989
0 22026
0 10441
0 18820
1 32768
0 14741
1 32768
0 11652
0 31145
0 12014
2 32768
1 32768
0 13750
0 23679
0 15497
0 13152
0 11151
0 18025
0 16674
0 13152
0 11110
0 13283
2 32768
0 25073
0 14023
0 29327
0 25677
0 14718
1 32768
1 32768
0 17092
1 32768
0 15424
0 24521
0 29383
0 10715
0 17993
0 22526
0 15184
0 14414
0 11472
1 32768
0 16479
3 32768
0 13086
0 14121
0 26876
0 19978
0 14917
3 32768
0 19007
1 32768
0 13156
0 13466
0 24022
0 14652
1 32768
0 12294
2 32768
1 32768
1 32768
0 12604
1 32768
0 18065
0 9856
0 26310
0 12202
0 21923
0 11968
1 32768
1 32768
3 32768
2 32768
0 18472
0 12484
1 32768
4 32768
3 32768
0 29376
0 12138
0 11038
0 14772
1 32768
0 27180
0 18948
1 32768
0 15688
1 32768
0 14310
1 32768
0 15075
1 32768
0 14725
0 29392
0 31030
0 27179
0 32117
0 14736
1 32768
0 19278
0 12253
1 32768
1 32768
0 21614
0 24192
1 32768
0 19964
0 13453
0 30053
0 16627
0 12846
0 11342
3 32768
0 16677
1 32768
0 12339
0 24653
1 32768
0 15435
0 16054
0 19846
0 18394
0 13756
0 11908
0 21085
0 23555
0 12133
0 13545
1 32768
0 11592
1 32768
0 13551
1 32768
0 16230
0 14972
1 32768
0 20690
0 10747
2 32768
0 11188
0 15594
0 11473
1 32768
0 17846
0 11729
0 15134
1 32768
1 32768
1 32768
0 14015
0 27629
2 32768
0 11974
0 16375
0 28435
0 13155
0 14719
0 31302
0 16046
0 23179
0 23515
0 14313
1 32768
0 14671
0 15569
0 13227
1 32768
0 11033
1 32768
0 20794
0 29073
0 16622
0 12284
0 16681
2 32768
0 9414
1 32768
0 17269
1 32768
0 27934
0 17597
0 15671
0 30545
0 20218
0 29996
0 18695
0 30018
0 11890
0 13781
1 32768
0 32027
0 19188
2 32768
0 15623
0 15169
0 12438
0 14779
0 26117
2 32768
0 15167
0 24678
0 15175
0 23733
2 32768
0 16196
0 20381
0 23560
0 13875
0 21772
0 10752
0 13766
1 32768
0 11930
0 12737
1 32768
1 32768
0 12867
0 16863
1 32768
1 32768
0 14694
3 32768
2 32768
0 21105
0 12811
1 32768
0 11438
0 10581
1 32768
0 20875
0 14562
0 13858
1 32768
0 21275
1 32768
0 21830
0 26343
0 19299
0 13853
0 17370
0 31246
0 13112
1 32768
0 20622
1 32768
0 25507
0 14669
0 18624
0 16837
0 16034
0 13559
0 26996
0 20427
0 11237
0 11582
2 32768
1 32768
0 14649
4 32768
0 18521
0 13397
0 13931
1 32768
0 13523
0 13188
0 17240
1 32768
0 11064
0 12439
0 13594
0 16824
0 21039
1 32768
0 14425
0 12879
0 13441
0 12180
0 29185
0 22570
0 17824
0 13323
0 22308
0 13566
0 18453
1 32768
1 32768
0 15620
1 32768
0 11804
0 23685
0 16437
0 15247
0 11891
1 32768
0 15271
1 32768
0 24359
0 19824
0 18819
0 9681
2 32768
0 18134
0 23751
1 32768
0 12856
2 32768
0 16330
1 32768
0 13515
0 16474
0 22500
0 12334
0 19525
0 13462
0 11754
0 17422
1 32768
0 24307
0 29134
2 32768
0 18969
0 20105
0 13037
0 12582
0 14526
0 12478
0 13176
0 20393
1 32768
0 18579
0 21467
0 14438
1 32768
0 24033
0 15236
0 27390
0 10676
0 15162
0 23282
0 15661
0 13043
1 32768
0 15793
0 14041
0 17526
0 14331
1 32768
0 29059
0 29675
0 26297
0 26956
0 27945
0 31853
0 30527
1 32768
1 32768
0 14733
0 17717
0 12836
0 29427
1 32768
0 19466
0 29774
0 15731
0 16992
2 32768
0 15186
0 17635
0 12992
1 32768
1 32768
2 32768
0 13385
2 32768
0 11988
0 18967
0 17866
0 10584
1 32768
1 32768
0 18779
0 22301
1 32768
0 14801
0 15652
0 14791
0 22292
0 16915
0 18484
2 32768
0 11907
0 26160
0 15839
0 11586
3 32768
3 32768
0 11662
0 16988
1 32768
0 29652
0 22475
1 32768
1 32768
3 32768
0 27883
0 18949
0 12429
0 13309
0 32509
0 13576
0 12516
1 32768
0 11108
0 11563
0 12515
0 22266
1 32768
1 32768
0 12316
1 32768
1 32768
0 10907
0 11005
0 15319
0 10607
1 32768
0 13923
0 16352
0 10551
0 18687
1 32768
1 32768
0 17537
1 32768
1 32768
0 12233
0 29104
0 13679
0 22489
0 11688
1 32768
0 18449
1 32768
1 32768
0 28523
0 14376
0 12302
2 32768
0 11638
0 14124
0 12910
0 16026
0 18708
0 24147
0 28813
1 32768
0 15580
1 32768
0 12349
0 23317
0 32376
0 24369
0 21959
1 32768
1 32768
0 24805
2 32768
0 17817
0 11788
0 12267
0 13412
1 32768
0 12403
2 32768
0 10822
0 15453
2 32768
0 10820
0 16232
1 32768
0 20165
0 11291
0 14285
0 19001
0 14660
0 13098
3 32768
1 32768
0 17240
0 13881
0 18370
0 24391
0 28031
1 32768
0 24244
0 10042
0 14066
0 10104
0 16222
0 11382
0 20502
0 25614
0 13800
0 17467
1 32768
0 14848
0 21532
0 19986
0 15177
0 15459
1 32768
1 32768
0 19087
3 32768
0 13628
1 32768
0 23728
0 14835
0 11295
0 14066
1 32768
0 20977
0 27453
0 19114
0 10247
1 32768
0 17847
0 13452
0 14697
0 16425
0 11791
1 32768
0 15116
0 24592
0 18126
0 20968
0 14930
0 10000
0 18174
0 14611
1 32768
2 32768
0 15753
0 13133
0 30099
0 18658
1 32768
0 22067
0 18000
0 19935
0 11920
0 14962
0 14525
2 32768
0 15583
0 12940
0 19686
0 11210
0 23814
0 11043
1 32768
0 13812
0 10746
0 32583
0 14000
0 14451
0 13752
0 15739
0 14382
0 25288
0 10555
0 20755
0 21960
0 12362
0 16157
0 9871
1 32768
1 32768
0 23643
1 32768
0 15664
0 16656
0 12623
2 32768
1 32768
0 11300
0 11939
0 11160
0 13132
0 24238
1 32768
0 20318
1 32768
0 18333
1 32768
1 32768
0 12028
0 23145
0 22161
0 12062
0 16884
0 14941
1 32768
0 10433
0 11419
0 29039
1 32768
0 21662
0 14496
0 14620
1 32768
0 17360
0 30295
0 11061
0 15262
0 17183
0 18903
1 32768
0 13217
0 14960
0 14638
0 19270
0 14030
0 21768
1 32768
0 30350
0 12366
0 29389
0 11130
0 11316
0 12667
0 24493
0 13041
1 32768
0 13263
0 12346
0 20479
0 13522
0 15777
0 13403
1 32768
0 14263
1 32768
0 10425
0 21457
1 32768
0 19328
0 25898
0 11156
0 14472
0 17427
0 12985
1 32768
0 13791
0 16790
0 25263
1 32768
0 12176
2 32768
1 32768
0 18247
0 14074
0 13298
1 32768
0 12609
0 18620
0 10598
0 22293
0 14151
0 11667
0 29698
0 14956
3 32768
0 12854
0 19302
0 16580
0 12931
1 32768
1 32768
1 32768
1 32768
0 22930
0 20290
1 32768
2 32768
0 17916
0 17324
0 13743
0 12438
0 27538
0 30499
0 15713
0 29696
0 15528
3 32768
0 21966
0 31728
0 12508
1 32768
1 32768
0 18313
0 14556
0 21145
0 14984
0 22163
0 18313
0 23649
0 11718
0 28036
0 23641
0 20764
0 11418
0 19332
1 32768
0 15507
2 32768
0 25586
0 15810
0 11471
0 16104
0 14665
0 26195
0 12104
0 20303
0 11366
0 15220
1 32768
0 29553
0 9816
0 17677
0 28563
0 13424
0 16736
0 15940
1 32768
1 32768
0 22134
0 12895
0 17282
0 12094
0 13308
0 12656
0 17117
0 14836
0 18896
0 22845
1 32768
0 25052
1 32768
0 11781
0 19748
0 27209
1 32768
1 32768
0 14032
0 14832
0 26064
0 13379
0 23763
0 26395
0 16972
0 23236
0 16604
0 29935
0 11773
0 13045
0 30873
0 15226
0 14228
0 11307
0 21128
0 16545
0 17059
1 32768
0 12132
0 19617
0 15464
0 21532
0 18208
0 13053
0 26196
0 29381
0 12854
1 32768
1 32768
0 17649
0 11562
1 32768
0 11331
0 12117
0 18833
0 28615
0 13659
0 21975
0 12139
0 18984
0 18346
0 13529
1 32768
1 32768
0 24044
0 19733
0 15755
0 15788
0 16745
0 21231
0 17185
1 32768
1 32768
0 17797
0 16647
0 25038
1 32768
1 32768
1 32768
0 32487
0 13152
0 22239
0 30397
0 14011
0 22232
0 13260
0 15454
1 32768
0 15719
0 19969
0 13775
1 32768
1 32768
0 30355
0 11666
0 13533
0 9464
1 32768
0 16675
1 32768
1 32768
0 31085
1 32768
0 20973
0 24874
0 22378
0 15807
0 14012
2 32768
0 18266
0 15742
0 15724
0 22847
0 11724
0 13743
0 12411
0 23342
0 13874
0 11207
0 20516
0 14345
0 16236
0 16529
0 26443
0 12217
0 16288
1 32768
0 23065
0 12911
1 32768
0 28107
1 32768
0 14017
1 32768
0 20409
0 20988
0 12767
1 32768
0 15101
0 20251
0 15957
0 30701
0 16901
2 32768
0 25194
0 12514
0 12774
0 13085
0 25590
0 19097
1 32768
0 14942
0 27182
0 20565
0 15975
0 11940
0 31879
1 32768
1 32768
0 9716
0 14329
1 32768
0 15399
0 12354
0 12338
0 11532
0 20136
0 16434
1 32768
0 10826
0 28320
0 15072
0 15394
0 11844
1 32768
0 17351
0 17797
1 32768
0 15548
1 32768
1 32768
0 12133
0 13265
0 14638
0 22507
0 18815
2 32768
0 26065
0 24529
0 17420
0 11392
0 12009
0 11868
1 32768
0 32767
0 14748
0 21870
0 25271
0 19050
2 32768
0 16062
0 14180
0 19826
0 31911
0 13974
0 17724
0 19155
0 16946
0 21271
0 21308
1 32768
0 17216
0 11932
0 18100
0 20395
0 14151
0 16770
0 11293
0 31874
0 18183
1 32768
0 17221
2 32768
0 23180
1 32768
0 18727
0 13127
0 16384
0 15417
0 16910
0 12889
0 21059
1 32768
0 15207
0 17133
0 13207
0 10697
0 12256
0 11229
1 32768
0 11902
0 13044
0 22837
1 32768
0 10783
0 12226
0 15931
0 15102
0 13960
0 15192
1 32768
0 9787
0 13060
0 15154
0 10058
0 13770
0 12501
1 32768
0 24632
0 25141
0 17363
0 26175
0 12398
0 10112
0 12114
0 15595
1 32768
0 20673
0 11668
0 15171
0 14338
0 16036
0 15947
0 31257
1 32768
0 19874
0 19268
0 17555
1 32768
1 32768
0 15390
0 19909
0 14983
1 32768
0 13832
0 13642
0 15549
0 16761
0 12021
2 32768
1 32768
0 21018
1 32768
0 12371
0 14565
0 22699
0 24002
0 11779
0 18050
0 10910
0 13040
0 31167
0 15044
0 18826
0 13493
0 22108
2 32768
0 30603
0 19677
1 32768
1 32768
0 15900
1 32768
1 32768
0 21158
1 32768
1 32768
1 32768
1 32768
1 32768
0 16333
1 32768
0 14155
0 16739
1 32768
0 14229
0 15577
0 16661
0 12551
0 12207
0 11716
1 32768
0 16077
0 27035
0 24200
0 11756
0 14402
0 10580
0 12399
0 17039
0 9250
0 17630
2 32768
1 32768
0 27068
0 11062
0 12636
0 28274
0 20527
1 32768
0 17121
0 22395
0 14038
0 16795
0 23476
0 17929
0 14766
1 32768
0 15694
0 26218
0 21584
0 12625
0 13716
0 13438
0 13495
1 32768
0 17327
1 32768
0 18033
0 12462
0 16870
0 32486
1 32768
2 32768
1 32768
0 12439
0 17848
1 32768
0 25601
0 19320
2 32768
0 15716
0 12394
1 32768
0 26036
1 32768
0 12936
0 12320
0 14112
0 20014
0 13505
0 13534
0 17859
0 27705
0 17848
0 12780
1 32768
0 15333
0 21807
0 10600
0 25767
0 13706
1 32768
0 12698
0 22616
0 17037
0 20849
0 18301
0 13534
0 13069
1 32768
0 11750
0 13491
1 32768
0 16508
0 16198
1 32768
2 32768
0 23532
1 32768
1 32768
0 25186
0 18361
0 12409
0 21380
0 17019
0 11822
0 18290
1 32768
1 32768
0 16240
0 16137
0 10861
0 20063
0 11786
1 32768
0 27274
0 25429
2 32768
0 20461
0 15706
0 10032
0 11864
0 11774
0 26439
0 11795
0 15192
0 20087
0 16591
0 13615
0 24810
0 10790
0 30156
0 25138
1 32768
0 10741
1 32768
0 15958
1 32768
0 24487
0 21746
0 11227
0 30700
0 15009
0 15081
0 12976
0 16209
0 11226
1 32768
0 13441
0 13505
0 12716
0 15309
1 32768
0 16172
0 26231
0 18772
0 11789
1 32768
0 12560
0 27520
0 12651
0 13774
0 16295
0 15731
0 10924
0 13202
0 26862
0 10429
0 18450
1 32768
0 11362
0 19474
0 20865
1 32768
0 11458
0 13731
0 25040
0 10798
0 13491
1 32768
0 23853
1 32768
0 30758
0 16584
0 27022
0 19699
0 10902
0 17434
0 13315
0 20735
0 17081
0 10664
0 15296
1 32768
1 32768
1 32768
0 20584
1 32768
1 32768
0 10323
0 13407
0 14240
0 25214
0 19651
0 19427
0 23758
1 32768
0 13297
0 15998
0 16411
0 13860
0 11861
1 32768
0 12782
0 13423
2 32768
0 24171
1 32768
1 32768
2 32768
0 10765
0 26120
0 22044
0 16976
0 17254
0 12485
0 32166
0 17099
0 19395
0 18100
0 15184
0 12361
0 22186
0 18077
0 22234
0 24784
0 12089
1 32768
0 16680
0 13677
2 32768
0 11696
0 26316
2 32768
1 32768
0 14669
0 12657
1 32768
0 16518
0 25895
0 23591
0 10836
1 32768
0 22707
0 13241
0 15571
1 32768
0 9164
1 32768
0 12148
1 32768
1 32768
0 17403
1 32768
0 14608
0 25613
1 32768
0 19151
0 15284
2 32768
0 12194
0 13937
0 15970
0 18047
0 17701
1 32768
0 15849
0 22012
0 17341
0 12637
0 11531
0 11501
0 16332
0 23268
0 18023
0 18869
0 17040
0 14009
0 23106
0 14880
1 32768
2 32768
0 10452
0 26753
0 15805
0 14373
0 14225
1 32768
3 32768
0 11883
0 15093
0 12715
0 26007
2 32768
1 32768
0 21699
1 32768
0 20116
0 24142
0 12451
1 32768
0 20053
0 14622
1 32768
0 13377
0 20391
0 10896
0 14035
0 12328
0 17424
0 19129
0 16538
0 15858
0 12818
0 13547
1 32768
0 11108
0 11866
0 12877
0 20447
0 26847
2 32768
0 20321
0 13634
0 17690
0 12557
0 23232
0 21958
0 13699
1 32768
0 18458
0 26508
0 12419
0 11531
1 32768
0 28678
0 14369
1 32768
0 12043
0 14351
0 18656
0 25002
0 11986
0 19351
2 32768
1 32768
0 15753
0 25371
0 16921
1 32768
0 13102
0 16377
2 32768
0 17419
0 15122
1 32768
0 18794
1 32768
0 10607
1 32768
0 19713
0 11466
0 11702
1 32768
0 32668
2 32768
0 20189
0 18249
0 15183
0 15404
0 13563
0 28183
0 11102
0 18194
0 10839
0 13712
0 13252
0 18352
0 20742
0 25990
0 18435
1 32768
0 13763
0 23919
0 28610
0 26410
0 13102
0 11324
0 22370
0 11610
0 19829
0 32338
1 32768
1 32768
0 12433
1 32768
0 24506
0 12457
1 32768
0 16325
0 16220
0 15224
0 12150
0 12894
0 11768
0 13370
0 14839
0 12863
0 11872
1 32768
1 32768
0 12337
1 32768
0 16022
0 15866
0 23903
0 26111
0 17684
0 21685
1 32768
0 14837
0 17680
0 13941
2 32768
0 26049
0 20653
0 19178
1 32768
0 15550
0 11081
1 32768
1 32768
0 18039
0 22101
0 15630
0 16789
0 14262
0 13484
1 32768
0 10384
0 29364
0 14449
0 24082
0 13092
2 32768
0 22455
0 10976
0 12178
0 15942
0 13424
1 32768
0 11328
0 12605
0 12228
0 27796
1 32768
0 14418
0 15252
1 32768
1 32768
0 14056
0 15228
1 32768
1 32768
0 24967
0 12931
0 12786
0 15001
0 26578
0 13510
0 30320
0 16135
0 13573
0 13283
0 14984
0 11667
0 11095
0 12562
0 25500
0 14293
0 19871
1 32768
0 13338
0 18573
0 14361
0 13282
1 32768
0 20960
0 13093
0 14968
1 32768
0 15721
0 15550
1 32768
0 13102
0 27503
0 13641
0 24696
0 11765
0 16935
0 10534
1 32768
0 13069
0 22158
0 19853
1 32768
0 16888
1 32768
0 12113
0 15806
0 23580
0 16359
1 32768
1 32768
0 28090
1 32768
0 13260
0 17519
2 32768
0 16275
0 16740
0 10184
1 32768
1 32768
2 32768
0 12074
0 14469
0 31235
1 32768
0 15599
0 12951
0 21188
2 32768
0 14952
0 12667
0 13309
0 12531
1 32768
0 16347
1 32768
2 32768
0 12822
0 20287
1 32768
1 32768
0 11834
0 11286
1 32768
4 32768
0 19055
0 12161
1 32768
0 25131
1 32768
0 15832
0 15768
0 12290
1 32768
0 12649
0 18493
1 32768
1 32768
1 32768
0 11965
1 32768
0 13435
0 32384
0 30079
1 32768
0 16076
0 13355
0 19590
0 12984
0 19022
0 14258
0 18545
0 11603
0 11376
0 19255
1 32768
1 32768
0 27322
0 12514
1 32768
1 32768
0 22878
1 32768
0 14238
0 20614
0 32535
0 16381
0 16847
0 21062
0 13353
1 32768
2 32768
1 32768
0 13699
0 11153
1 32768
0 15600
1 32768
1 32768
1 32768
0 16067
1 32768
0 16856
0 14974
0 17229
0 14094
1 32768
1 32768
0 14338
2 32768
0 29557
0 19464
0 29894
0 14222
2 32768
0 26603
1 32768
0 13964
0 26087
0 15235
0 13648
0 11809
2 32768
2 32768
1 32768
0 12253
0 11035
0 13404
0 17781
0 14130
0 14244
1 32768
0 20550
0 11682
1 32768
0 14369
0 31534
0 16246
0 14555
0 16941
0 18026
0 23117
0 15568
0 22267
0 20173
1 32768
0 20166
0 15057
0 12443
0 21185
0 10974
0 16569
0 21160
2 32768
0 13429
0 12004
0 15203
1 32768
0 15332
0 13596
0 22780
0 9596
0 12320
0 18435
1 32768
1 32768
0 12360
0 28629
0 14435
0 13576
1 32768
1 32768
0 19462
0 17444
0 13156
0 15035
0 16300
0 21899
0 16236
0 22729
0 20357
0 20798
0 14136
0 14975
0 12997
0 29849
1 32768
0 16193
1 32768
1 32768
3 32768
0 11695
0 17522
0 11133
0 11725
0 13832
1 32768
0 13319
1 32768
0 24133
1 32768
0 13247
0 12875
0 12685
0 15237
1 32768
0 13963
0 18681
0 14379
0 14206
1 32768
0 16080
0 11197
1 32768
0 12957
1 32768
0 22148
0 14262
0 21383
0 14526
0 12507
0 22929
1 32768
0 21736
0 26236
0 10739
0 16033
0 15766
0 16128
0 17562
0 15363
2 32768
1 32768
0 13216
0 12302
0 14131
0 14744
0 13768
1 32768
0 17039
0 15913
0 18063
0 25061
1 32768
0 18983
0 19319
1 32768
0 12209
0 14764
0 20788
0 32459
0 16365
0 18939
0 19359
0 19438
2 32768
1 32768
0 26116
0 14150
0 15259
0 24633
1 32768
1 32768
0 21406
0 16498
0 12850
0 11770
1 32768
0 14508
1 32768
0 14457
0 14875
0 17105
0 21409
0 11674
0 15240
0 15166
0 27523
0 15564
1 32768
1 32768
0 13721
0 14387
0 18091
0 12808
0 23356
0 14730
1 32768
0 15682
0 18396
0 16364
0 23316
0 12713
0 13999
0 18408
0 12269
0 21565
0 15405
0 19510
0 18712
0 16908
0 11487
0 27330
0 15039
0 16714
0 29853
0 26577
0 10170
0 17901
0 16855
1 32768
1 32768
0 13352
0 14381
0 18301
1 32768
0 32709
0 16112
0 17547
1 32768
0 23036
0 27171
2 32768
1 32768
0 12952
1 32768
1 32768
0 27239
1 32768
0 15419
0 19810
0 10831
0 15894
1 32768
2 32768
1 32768
0 20754
0 12161
1 32768
0 25372
0 19278
0 13323
0 15158
0 32283
0 12283
0 12113
1 32768
1 32768
1 32768
0 13596
0 11278
0 16238
0 13939
1 32768
0 14056
0 26415
0 19552
0 14856
2 32768
0 20043
1 32768
0 16427
0 13620
1 32768
1 32768
0 19929
0 9968
0 13676
0 14835
1 32768
0 18190
0 22132
0 13097
1 32768
0 23179
0 10506
2 32768
0 13442
0 11913
0 12533
0 18283
0 16023
0 17968
0 15940
0 29236
1 32768
0 12194
0 11586
0 19207
0 23831
1 32768
0 11703
0 13875
0 11563
0 22475
0 12555
0 13439
0 12067
0 13103
0 12531
0 10596
1 32768
0 19878
0 14451
1 32768
1 32768
0 14290
0 20342
0 14820
1 32768
0 22378
0 20903
0 14695
0 20258
1 32768
0 27646
2 32768
0 14160
0 15795
0 21257
0 12617
0 29611
0 11915
0 16992
1 32768
0 10238
0 16056
0 13322
0 12148
0 13728
2 32768
1 32768
0 21562
1 32768
0 19896
0 11935
0 14907
0 17539
0 24729
0 11969
0 25890
0 25728
0 16542
0 15715
0 16355
0 23691
0 14598
0 24535
1 32768
0 20059
0 17679
0 29922
1 32768
0 20197
0 13980
0 25642
0 18765
1 32768
0 30844
0 17007
0 17285
0 18049
0 18271
0 21581
0 17495
1 32768
0 25845
1 32768
0 23401
0 9955
0 14982
0 17408
0 18589
0 19958
0 15512
0 17631
1 32768
0 21592
0 21217
0 16053
2 32768
0 14087
0 14777
0 31860
0 17825
1 32768
1 32768
1 32768
0 27608
0 12025
1 32768
1 32768
0 14745
3 32768
0 27589
0 9989
1 32768
0 10455
0 17033
0 12266
0 19818
1 32768
1 32768
0 16340
1 32768
0 14924
0 19461
1 32768
0 12113
1 32768
0 13543
0 21262
0 19445
0 11115
0 11176
1 32768
0 18060
3 32768
0 16011
0 18395
0 15413
0 11701
1 32768
0 12530
0 11820
0 13240
0 12338
0 15749
2 32768
0 15389
0 19198
1 32768
0 12853
1 32768
0 14866
0 14626
0 12221
0 11426
0 22991
2 32768
0 13083
0 15144
1 32768
0 12058
0 12856
0 18190
2 32768
0 13508
0 24554
1 32768
1 32768
0 29017
0 19042
0 12655
0 14272
0 17577
0 14922
0 9445
1 32768
0 15130
0 15705
0 11364
0 25533
0 12676
1 32768
0 11573
0 10028
1 32768
0 14050
0 20292
0 12781
3 32768
0 11430
1 32768
0 18811
1 32768
0 18692
1 32768
0 13662
0 14560
1 32768
0 26729
0 31150
0 16408
0 20929
0 29684
0 23786
1 32768
1 32768
1 32768
0 12082
1 32768
0 16010
1 32768
0 12594
0 23262
0 26718
0 12186
0 13754
1 32768
0 10860
0 25942
0 20845
0 24531
0 16309
0 14061
0 15527
0 21095
0 18121
0 20519
0 19358
0 26924
0 12828
0 9737
1 32768
0 17733
0 18699
0 16703
0 16206
0 17405
0 23565
2 32768
0 27174
1 32768
0 12798
2 32768
0 17727
0 13728
1 32768
0 15597
0 24785
1 32768
1 32768
0 12086
1 32768
0 13490
0 14964
3 32768
0 15770
0 25145
1 32768
0 15577
1 32768
0 14661
0 17086
0 11786
0 10913
1 32768
0 30768
1 32768
1 32768
0 12593
0 17325
0 24378
0 22200
2 32768
0 22717
1 32768
2 32768
0 13766
0 13383
0 12389
0 25134
0 18144
2 32768
1 32768
0 10993
0 12490
0 15012
1 32768
0 25645
1 32768
1 32768
0 27944
0 22582
0 15491
0 15614
0 15029
2 32768
0 10554
0 29630
0 14118
0 22358
0 18443
0 19133
0 15940
0 11843
3 32768
0 19022
0 26887
0 11714
1 32768
0 12070
0 12532
0 26031
0 16015
0 24279
1 32768
0 21449
0 19658
1 32768
0 17324
1 32768
0 13411
0 21214
0 17166
0 23534
0 11227
1 32768
1 32768
0 26352
1 32768
0 12665
0 17664
0 19352
0 11658
0 14894
0 27893
0 13935
0 16825
1 32768
0 16441
0 14918
0 15249
0 15647
0 20255
0 15430
1 32768
0 15452
0 15642
1 32768
0 22117
0 19757
0 11019
0 15648
1 32768
1 32768
0 16663
0 22138
0 10985
0 10960
0 11879
1 32768
2 32768
0 12461
0 21573
0 13939
0 26577
0 11018
0 13578
0 16926
0 16369
0 13767
0 14218
0 17595
3 32768
0 13397
0 13234
0 30783
1 32768
0 11523
0 12543
0 13217
0 31117
0 17292
0 11493
1 32768
1 32768
0 11587
0 15248
0 21327
0 14016
0 22523
0 16420
0 12817
1 32768
0 14397
0 13544
0 15141
0 20835
0 18493
1 32768
0 27320
0 11249
1 32768
1 32768
1 32768
0 14691
0 23048
0 19774
0 19047
0 11230
0 11466
0 32502
0 15995
0 13199
0 19116
0 16338
0 10746
0 25369
0 32508
0 27033
0 24306
0 15288
0 16521
0 13975
0 14766
0 17843
0 14202
0 22112
1 32768
0 14233
0 16366
0 15615
0 9178
1 32768
1 32768
0 13730
1 32768
0 24744
0 12772
2 32768
1 32768
0 21325
0 15319
1 32768
0 23848
0 10673
0 31125
0 10116
0 22165
0 21401
1 32768
0 12330
0 12200
1 32768
0 30146
1 32768
1 32768
1 32768
2 32768
0 17150
0 24559
0 24126
0 21594
0 25128
0 23510
0 14968
0 16994
0 13715
0 22377
0 17189
0 15917
0 21315
1 32768
0 12684
0 11268
1 32768
0 13492
0 22752
0 23196
0 23944
0 12582
0 17209
0 10839
0 26729
0 15652
0 21517
0 15196
0 13078
1 32768
0 14130
0 12859
0 16010
1 32768
0 24780
0 15633
0 13728
0 15640
0 19402
0 15304
0 13138
0 13533
0 16964
0 28323
0 16206
0 15275
0 22965
2 32768
0 11397
0 16923
0 17104
0 15934
1 32768
0 13705
0 14671
2 32768
1 32768
0 19637
1 32768
1 32768
0 16263
1 32768
0 15604
1 32768
0 13431
1 32768
0 16929
0 16602
0 26022
0 17057
0 16172
1 32768
0 11344
1 32768
0 14758
1 32768
0 14587
1 32768
0 10950
0 32327
0 12036
0 14799
0 15254
0 21144
1 32768
1 32768
0 12298
0 10540
0 20046
0 10078
0 16228
1 32768
0 14673
0 16080
0 14239
0 15394
0 18130
0 26986
1 32768
0 17218
0 25349
0 17124
0 23792
0 20092
0 17968
0 18243
0 28254
1 32768
0 15861
0 32730
0 12611
0 14368
1 32768
0 15997
0 13730
0 22536
0 14566
0 15295
0 14819
0 12438
0 13869
1 32768
0 15401
0 21249
0 22480
1 32768
0 20177
0 26997
0 14929
0 13540
0 17672
1 32768
0 16533
0 13678
1 32768
1 32768
0 10891
0 17137
0 10773
0 14298
0 20450
3 32768
0 21842
0 22545
1 32768
0 15505
1 32768
1 32768
0 24776
2 32768
1 32768
0 18785
0 13897
1 32768
0 13910
1 32768
0 22324
0 16965
0 13331
0 12286
0 10848
0 20060
0 26797
0 22342
0 16911
1 32768
0 15263
0 12030
0 11749
0 26803
0 14099
0 22946
0 14237
2 32768
0 11336
1 32768
0 21000
0 20702
0 28989
0 13237
0 20554
1 32768
0 11687
0 11962
1 32768
0 13681
0 11695
0 17290
0 29357
0 16530
0 15493
0 18958
1 32768
0 12220
3 32768
0 19588
0 23478
1 32768
1 32768
0 13786
1 32768
1 32768
0 9682
1 32768
0 17610
2 32768
0 13862
0 10998
1 32768
0 19703
0 17241
0 17577
0 12888
0 13948
1 32768
0 24521
0 12915
0 15821
1 32768
0 15751
0 11262
0 18074
0 19249
0 12030
4 32768
0 13255
0 21591
0 16316
1 32768
1 32768
0 15569
0 25947
0 17103
1 32768
1 32768
0 12016
0 10787
1 32768
0 11143
0 20167
0 16673
1 32768
0 18593
0 28921
1 32768
0 23696
0 15302
0 18220
0 10414
0 32686
0 24807
0 30442
0 11180
0 14895
1 32768
0 20046
1 32768
0 17904
0 15603
0 17294
0 12472
0 25185
0 13170
0 20289
0 12157
0 11227
0 18177
0 19480
0 22191
0 14267
0 18994
1 32768
0 27563
1 32768
0 30897
0 16269
0 13661
0 18930
0 15783
0 20578
0 14323
0 11915
1 32768
0 23238
0 14286
1 32768
0 14422
0 18972
1 32768
1 32768
0 11115
1 32768
1 32768
0 11888
0 14198
0 12690
0 12996
1 32768
0 24618
0 16184
0 10119
0 23081
1 32768
0 14718
1 32768
1 32768
0 16103
1 32768
0 29254
0 12354
0 28424
1 32768
0 20430
0 16234
1 32768
0 12758
0 22993
1 32768
0 10559
0 22276
0 10627
0 13670
1 32768
1 32768
0 12339
0 21820
0 10634
1 32768
0 18004
0 15858
0 15484
1 32768
0 19036
1 32768
0 11658
0 15299
2 32768
0 27121
1 32768
0 11482
0 12751
0 10516
0 15669
0 14530
1 32768
0 13262
0 13736
1 32768
1 32768
0 16639
0 13003
0 30543
0 16520
0 11274
1 32768
0 11902
2 32768
0 19960
0 11257
0 27475
0 24843
0 16161
0 14431
0 12364
0 15214
0 14282
2 32768
0 14629
0 14184
0 24608
0 30126
1 32768
1 32768
0 25772
0 19210
0 13357
0 10620
1 32768
0 17537
0 10000
0 18322
1 32768
0 18640
0 14252
0 14397
2 32768
1 32768
0 18390
0 14386
0 15101
1 32768
1 32768
2 32768
0 27094
1 32768
1 32768
1 32768
1 32768
1 32768
0 17380
0 11572
0 19744
0 10913
1 32768
0 25159
0 12319
0 13701
0 13165
0 27688
1 32768
0 10105
0 18702
0 12611
0 17463
0 23389
0 24693
1 32768
1 32768
0 21816
0 13854
0 13217
2 32768
1 32768
0 29380
0 16683
0 31412
0 29904
2 32768
0 12255
1 32768
0 17264
0 23861
1 32768
0 14332
0 13102
0 14821
0 15546
0 16530
0 15135
0 12277
0 23379
1 32768
1 32768
0 17172
0 11030
0 20190
0 25548
1 32768
0 12350
0 17939
0 19350
0 11957
2 32768
0 11302
0 20576
1 32768
1 32768
0 18030
1 32768
1 32768
0 12934
1 32768
1 32768
1 32768
0 24589
0 17084
0 25176
1 32768
0 17833
0 32456
0 16678
0 12682
1 32768
0 9491
0 13166
0 17444
0 14134
0 15389
0 13730
0 16483
0 27610
0 14124
0 12291
0 15490
1 32768
1 32768
0 21031
0 26876
0 22480
0 12471
0 15028
0 11555
1 32768
1 32768
1 32768
0 21936
0 12425
1 32768
0 15919
0 20143
0 14337
0 12589
1 32768
0 20126
0 15978
0 23949
0 19715
0 17685
3 32768
0 12307
0 13818
0 31417
2 32768
1 32768
1 32768
0 20483
1 32768
0 21877
0 28078
2 32768
1 32768
1 32768
0 16185
0 16388
0 22287
0 30850
1 32768
0 14130
0 11497
0 13986
0 11927
0 14849
0 16292
0 13499
0 26191
0 12337
1 32768
0 22507
0 16891
0 10344
0 16456
0 11271
0 12744
1 32768
0 13026
0 15226
0 19175
0 16838
1 32768
0 14059
0 18535
0 11178
0 25034
0 10954
0 19936
1 32768
1 32768
1 32768
1 32768
0 11029
0 20322
0 17321
0 22541
0 26436
0 19384
0 11773
0 14259
2 32768
0 14122
0 15652
0 10560
0 15585
1 32768
0 17550
0 11068
0 13797
0 12139
1 32768
0 14659
0 14608
0 22442
0 14349
0 14866
0 13505
0 11350
0 13145
0 21410
0 18452
0 13273
0 12612
0 15639
0 15933
0 10524
1 32768
1 32768
0 22350
0 14453
1 32768
0 13895
1 32768
0 28053
0 11956
0 24341
0 12371
0 13622
0 12250
1 32768
0 29953
1 32768
1 32768
0 20055
0 12252
0 11593
0 29372
0 25775
0 15420
0 14155
0 11017
0 15826
0 14497
0 16948
0 17078
3 32768
0 14187
0 22519
0 17873
0 10930
0 23184
1 32768
1 32768
0 15766
0 18951
1 32768
1 32768
0 19618
0 15292
0 18044
0 12858
2 32768
1 32768
0 14450
0 26996
1 32768
0 15069
0 13085
0 18586
0 29674
2 32768
0 10460
0 9933
0 13138
0 12127
0 19769
0 15904
0 19351
1 32768
0 12495
0 17024
1 32768
2 32768
1 32768
1 32768
0 19307
1 32768
0 20118
0 26803
0 14723
0 27079
2 32768
0 15590
1 32768
0 19945
0 13758
0 22357
0 15521
1 32768
1 32768
0 13922
0 19990
1 32768
0 23169
0 14502
0 23743
0 14379
0 14079
0 16609
0 13017
0 17454
0 10306
0 11423
0 14407
1 32768
0 16606
1 32768
0 18475
1 32768
1 32768
0 19151
0 14891
0 14325
1 32768
0 12462
1 32768
1 32768
1 32768
0 27819
0 9945
1 32768
0 13266
1 32768
0 12859
0 13634
1 32768
1 32768
0 13770
0 15531
1 32768
0 10902
1 32768
0 13117
0 10962
0 13144
0 10445
2 32768
1 32768
1 32768
1 32768
0 15190
0 23200
1 32768
0 15139
0 16090
0 14694
0 27049
0 11459
1 32768
2 32768
0 10401
1 32768
1 32768
0 21623
1 32768
0 10571
0 15726
1 32768
0 14418
0 17373
0 17698
0 20123
0 20843
0 17738
1 32768
0 17265
0 13268
0 29702
2 32768
0 15423
0 24068
2 32768
0 19123
1 32768
0 9960
0 31860
0 16551
0 15524
0 15363
0 23540
0 13338
0 19744
0 17057
0 14380
0 11646
0 26961
1 32768
0 25048
0 13570
0 14318
0 15745
0 13000
0 29017
0 18822
1 32768
0 11766
3 32768
0 14602
1 32768
0 15669
0 18224
0 17694
1 32768
0 11738
2 32768
0 28462
0 16333
0 21917
0 15009
0 10906
0 13736
0 19302
1 32768
3 32768
1 32768
1 32768
0 26540
1 32768
0 22442
0 13727
0 24826
0 12726
2 32768
0 18854
0 22435
0 13134
0 23365
0 29691
0 12381
0 12432
0 17380
3 32768
1 32768
0 17111
0 11843
0 13360
1 32768
0 13766
0 11518
0 26318
1 32768
1 32768
1 32768
0 15675
0 13148
1 32768
0 12981
1 32768
0 13632
0 11322
1 32768
0 29173
0 28724
1 32768
0 30338
0 16931
0 17176
0 16546
0 12314
0 19814
0 32481
0 19055
1 32768
0 13455
0 19120
0 25315
0 22949
0 17401
0 30003
0 15011
1 32768
0 12649
0 29823
1 32768
0 14564
1 32768
1 32768
0 15391
0 17413
1 32768
1 32768
1 32768
0 13330
0 11895
0 12333
2 32768
0 16211
3 32768
0 19346
0 13936
1 32768
1 32768
0 22454
0 18568
0 11553
0 15831
0 15947
0 25212
1 32768
1 32768
1 32768
5 32768
1 32768
0 28421
0 30531
1 32768
0 23435
0 15233
1 32768
1 32768
0 12334
0 13677
0 29528
1 32768
0 11251
2 32768
0 16260
0 15208
1 32768
1 32768
0 16383
0 19784
2 32768
0 22426
0 14918
1 32768
1 32768
0 11258
0 14024
2 32768
0 30432
0 14038
1 32768
0 13935
0 16282
1 32768
0 19177
0 23379
0 13820
0 11875
0 15168
0 11635
0 12834
1 32768
0 17373
0 13253
0 12962
1 32768
1 32768
0 16360
0 11625
0 24457
1 32768
1 32768
0 14475
0 10472
0 12899
0 14458
0 23854
0 21644
0 21453
0 10736
0 15647
0 18686
0 14812
1 32768
0 11636
1 32768
0 22331
0 17373
0 21362
0 17800
0 21152
1 32768
1 32768
1 32768
0 11819
0 32584
1 32768
0 15584
0 15106
1 32768
0 21833
0 16492
0 16097
0 20381
0 14933
0 16656
0 21687
0 20387
0 26588
0 14400
0 22342
0 15002
0 17724
0 17800
0 11110
0 11768
1 32768
1 32768
1 32768
0 17336
0 28251
0 18283
0 31284
0 21621
0 17411
0 11490
0 26534
1 32768
0 27621
1 32768
1 32768
0 13241
0 11917
0 12531
0 28976
0 13542
1 32768
1 32768
1 32768
0 12697
2 32768
0 12256
0 19833
1 32768
1 32768
0 26072
1 32768
0 12626
0 12889
0 14706
0 28020
0 10967
0 31002
1 32768
0 11233
0 11436
0 18054
0 17512
0 28057
0 22123
0 31352
0 13517
0 12621
0 16839
0 25007
1 32768
0 23457
0 11899
0 18002
1 32768
1 32768
0 31702
0 16269
0 15713
0 17497
1 32768
0 14462
1 32768
0 16646
0 11353
0 11153
0 12781
0 15298
0 27771
0 10898
0 23789
0 10352
0 14394
3 32768
1 32768
0 15968
0 29420
0 15387
1 32768
1 32768
1 32768
0 12946
0 16356
0 15331
0 9524
0 13248
0 16189
0 15996
0 11591
0 15335
0 16677
0 27530
1 32768
0 16371
1 32768
0 18507
0 13290
1 32768
0 14572
0 19852
0 11788
1 32768
1 32768
0 13595
1 32768
0 15859
2 32768
0 25956
0 16708
1 32768
2 32768
0 18843
0 12093
0 12761
0 13634
1 32768
1 32768
1 32768
0 19693
0 9750
0 15254
1 32768
0 16812
1 32768
0 13908
0 15638
0 29969
0 15164
1 32768
0 17840
0 13327
0 15729
0 14575
0 13919
0 20020
0 14474
1 32768
0 26830
0 15587
2 32768
0 14509
0 14973
0 15783
1 32768
0 13858
0 16524
0 18411
0 14431
1 32768
2 32768
0 28034
0 16698
0 10436
0 14939
0 15477
0 24499
1 32768
0 11603
0 31749
0 13264
0 30205
0 13545
0 17455
2 32768
0 13228
1 32768
0 10854
0 24251
0 32371
0 13222
0 15221
1 32768
2 32768
0 16547
1 32768
2 32768
0 26186
1 32768
2 32768
0 13698
0 13875
0 15933
0 10109
0 31178
0 23057
0 11240
0 11875
0 11943
0 13670
0 12108
0 17817
0 15507
0 14816
0 11695
2 32768
0 19935
0 15339
0 22144
0 11087
1 32768
0 14143
1 32768
2 32768
1 32768
0 13757
1 32768
1 32768
0 13390
1 32768
1 32768
0 11783
1 32768
0 13926
1 32768
0 30417
0 10459
0 16535
0 9295
0 17483
1 32768
1 32768
0 14015
0 15546
0 11900
2 32768
0 12723
0 16115
2 32768
0 20602
0 13512
0 14388
0 11968
0 24215
0 14820
0 13791
2 32768
0 14071
0 18987
0 21797
0 17258
0 13333
0 12777
0 10713
0 12468
2 32768
0 14686
1 32768
0 21387
0 21329
1 32768
0 21589
0 25847
0 22092
0 14648
1 32768
1 32768
0 28614
0 14144
