# SA for random K-SAT
# K = 3   N = 8192   M = 32768   seed = 3430887252
# alpha = 4.000000   nIter = 8192  Tmax = 0.200000
# 1:lowestUnsat  2:runTime
0 3991
0 4335
0 7113
2 8192
2 8192
1 8192
0 4936
0 4356
3 8192
3 8192
1 8192
2 8192
0 7011
1 8192
2 8192
0 3501
1 8192
3 8192
0 5065
0 3146
2 8192
0 5262
1 8192
1 8192
1 8192
0 5426
1 8192
0 5264
1 8192
0 6245
0 3108
1 8192
0 4244
5 8192
1 8192
1 8192
0 6260
0 7642
2 8192
0 5372
1 8192
0 6345
1 8192
3 8192
1 8192
1 8192
2 8192
0 7621
2 8192
0 4175
3 8192
1 8192
3 8192
0 5903
2 8192
3 8192
0 3915
2 8192
3 8192
2 8192
4 8192
3 8192
3 8192
1 8192
2 8192
1 8192
1 8192
0 7810
2 8192
0 4596
1 8192
3 8192
3 8192
3 8192
1 8192
2 8192
1 8192
4 8192
0 6392
0 5906
1 8192
2 8192
1 8192
0 4724
1 8192
3 8192
0 5564
1 8192
2 8192
0 5345
1 8192
2 8192
2 8192
1 8192
4 8192
2 8192
2 8192
0 6562
1 8192
1 8192
1 8192
2 8192
3 8192
0 5518
1 8192
0 5121
2 8192
0 3585
2 8192
0 6560
1 8192
0 6876
5 8192
1 8192
3 8192
2 8192
0 5012
0 5579
2 8192
0 6640
4 8192
2 8192
0 4198
0 8119
0 4065
0 6862
0 4814
2 8192
1 8192
3 8192
3 8192
2 8192
0 7528
0 7103
3 8192
0 5019
3 8192
1 8192
0 4547
4 8192
3 8192
1 8192
2 8192
1 8192
1 8192
0 7978
0 4920
0 3600
1 8192
1 8192
1 8192
3 8192
0 7369
0 4477
1 8192
0 3208
0 6683
1 8192
2 8192
3 8192
1 8192
2 8192
0 4503
1 8192
0 6569
1 8192
1 8192
0 4457
1 8192
0 6890
2 8192
1 8192
2 8192
1 8192
2 8192
0 5980
1 8192
4 8192
2 8192
1 8192
1 8192
1 8192
1 8192
2 8192
2 8192
0 5736
1 8192
3 8192
2 8192
0 4467
4 8192
1 8192
0 3666
2 8192
2 8192
2 8192
3 8192
0 6034
1 8192
3 8192
2 8192
2 8192
1 8192
3 8192
1 8192
2 8192
2 8192
4 8192
1 8192
2 8192
2 8192
0 4897
0 7680
0 5470
0 7650
0 3805
1 8192
2 8192
3 8192
1 8192
0 3495
0 5377
1 8192
0 5642
3 8192
2 8192
0 5029
2 8192
3 8192
3 8192
1 8192
0 4841
2 8192
1 8192
1 8192
2 8192
0 4048
1 8192
1 8192
2 8192
0 4591
0 6009
1 8192
2 8192
2 8192
0 7380
0 3356
1 8192
4 8192
5 8192
1 8192
3 8192
0 4938
1 8192
0 7176
1 8192
0 4892
1 8192
0 4930
2 8192
1 8192
1 8192
0 6595
0 3828
0 8119
1 8192
0 5640
1 8192
3 8192
1 8192
2 8192
2 8192
0 6622
2 8192
1 8192
1 8192
1 8192
0 6462
2 8192
0 4251
0 4987
1 8192
1 8192
1 8192
0 4285
2 8192
2 8192
2 8192
0 6785
2 8192
1 8192
1 8192
0 4117
1 8192
2 8192
1 8192
1 8192
1 8192
2 8192
0 4594
0 7649
2 8192
4 8192
2 8192
0 6579
1 8192
3 8192
3 8192
3 8192
1 8192
2 8192
0 5376
3 8192
1 8192
1 8192
1 8192
1 8192
3 8192
1 8192
3 8192
0 2886
1 8192
0 4034
1 8192
0 4039
1 8192
0 7758
1 8192
1 8192
0 6534
1 8192
1 8192
0 5456
1 8192
1 8192
3 8192
4 8192
2 8192
0 5440
0 5613
3 8192
2 8192
1 8192
2 8192
1 8192
1 8192
1 8192
1 8192
0 4266
0 4990
2 8192
1 8192
0 4281
1 8192
2 8192
3 8192
2 8192
3 8192
3 8192
1 8192
2 8192
3 8192
2 8192
5 8192
5 8192
0 3521
0 8091
1 8192
1 8192
0 7526
0 4495
2 8192
2 8192
0 4412
0 4867
1 8192
1 8192
4 8192
3 8192
1 8192
1 8192
1 8192
2 8192
0 5276
3 8192
0 5827
0 6108
0 3519
2 8192
6 8192
3 8192
1 8192
1 8192
1 8192
0 4664
0 7352
1 8192
1 8192
4 8192
0 6276
0 6987
3 8192
1 8192
2 8192
1 8192
0 8069
0 7238
0 7261
3 8192
3 8192
1 8192
0 7599
2 8192
2 8192
2 8192
0 6482
1 8192
0 4588
2 8192
2 8192
2 8192
0 6662
2 8192
2 8192
0 5029
3 8192
1 8192
1 8192
0 5185
2 8192
0 3554
1 8192
0 7222
1 8192
0 3897
2 8192
0 4991
1 8192
1 8192
2 8192
1 8192
0 5898
0 4330
3 8192
0 5890
0 7239
1 8192
3 8192
0 4846
0 6046
3 8192
2 8192
1 8192
2 8192
1 8192
2 8192
1 8192
1 8192
1 8192
3 8192
2 8192
1 8192
1 8192
5 8192
0 5012
0 7267
2 8192
1 8192
0 4126
1 8192
1 8192
2 8192
2 8192
1 8192
1 8192
1 8192
6 8192
0 4953
1 8192
3 8192
1 8192
1 8192
0 3024
0 3674
1 8192
2 8192
3 8192
1 8192
0 5046
1 8192
0 7131
4 8192
3 8192
1 8192
0 5701
1 8192
0 6544
2 8192
3 8192
0 6687
1 8192
3 8192
1 8192
1 8192
1 8192
8 8192
0 5023
0 7294
1 8192
1 8192
0 6465
2 8192
1 8192
1 8192
1 8192
0 6553
0 6614
1 8192
1 8192
0 6855
1 8192
1 8192
2 8192
0 7013
0 5379
3 8192
2 8192
1 8192
2 8192
2 8192
2 8192
2 8192
0 7959
0 5080
0 5168
2 8192
1 8192
2 8192
1 8192
0 6010
0 6652
4 8192
0 3263
0 6732
0 7122
1 8192
3 8192
2 8192
2 8192
2 8192
0 6529
0 7189
0 2790
1 8192
0 7203
4 8192
2 8192
3 8192
4 8192
1 8192
0 4614
1 8192
0 3703
0 3676
0 6157
0 5897
2 8192
0 7084
3 8192
2 8192
0 5425
4 8192
1 8192
0 4852
0 7248
3 8192
1 8192
0 3634
0 4407
1 8192
1 8192
0 6979
0 5804
2 8192
0 3820
2 8192
1 8192
3 8192
0 4354
2 8192
0 7345
0 5290
0 5292
1 8192
1 8192
3 8192
1 8192
2 8192
1 8192
0 3374
2 8192
0 6327
0 5497
0 5342
7 8192
0 4997
0 6381
1 8192
0 5787
0 8002
2 8192
2 8192
2 8192
1 8192
0 4055
3 8192
0 3832
2 8192
2 8192
1 8192
1 8192
4 8192
1 8192
3 8192
0 7193
1 8192
2 8192
2 8192
2 8192
0 3041
1 8192
2 8192
0 5932
0 6061
3 8192
2 8192
0 6667
1 8192
1 8192
1 8192
3 8192
1 8192
1 8192
0 7050
3 8192
3 8192
0 7206
1 8192
0 7986
1 8192
1 8192
0 6232
0 4438
6 8192
2 8192
3 8192
1 8192
0 3661
1 8192
0 4929
1 8192
3 8192
0 6911
1 8192
2 8192
2 8192
2 8192
3 8192
1 8192
0 4816
0 4573
3 8192
0 3897
1 8192
1 8192
0 5371
3 8192
0 6239
2 8192
0 6666
1 8192
1 8192
2 8192
2 8192
0 7839
0 7217
0 4362
3 8192
2 8192
2 8192
0 5575
0 7309
3 8192
0 7039
0 4407
1 8192
0 3083
2 8192
1 8192
1 8192
4 8192
0 7412
2 8192
0 7166
0 4373
0 7782
1 8192
2 8192
0 3316
1 8192
2 8192
1 8192
0 6664
1 8192
2 8192
1 8192
4 8192
3 8192
0 4715
1 8192
5 8192
2 8192
0 7896
1 8192
2 8192
1 8192
1 8192
0 4729
0 5140
1 8192
0 5433
0 6970
1 8192
2 8192
1 8192
3 8192
2 8192
1 8192
0 7714
0 7021
2 8192
2 8192
1 8192
0 8166
1 8192
1 8192
1 8192
0 4260
0 7777
0 3769
1 8192
2 8192
1 8192
1 8192
0 6795
3 8192
2 8192
2 8192
1 8192
0 7590
1 8192
0 5311
1 8192
5 8192
0 4500
1 8192
2 8192
0 4709
0 6936
0 6441
1 8192
0 3548
1 8192
3 8192
1 8192
3 8192
0 3801
2 8192
1 8192
5 8192
1 8192
3 8192
0 5660
2 8192
0 3739
2 8192
0 4597
2 8192
1 8192
1 8192
1 8192
0 4589
0 7940
1 8192
3 8192
1 8192
0 6132
2 8192
2 8192
1 8192
3 8192
1 8192
1 8192
0 7719
2 8192
1 8192
6 8192
3 8192
5 8192
1 8192
2 8192
0 6550
0 7776
2 8192
0 6756
1 8192
0 7575
0 4270
2 8192
1 8192
4 8192
0 5895
1 8192
1 8192
2 8192
2 8192
2 8192
0 3864
0 4384
2 8192
1 8192
2 8192
5 8192
1 8192
1 8192
1 8192
0 6205
1 8192
0 7818
0 3277
4 8192
0 6186
1 8192
3 8192
1 8192
2 8192
0 4959
0 5531
0 4167
2 8192
1 8192
2 8192
1 8192
1 8192
1 8192
1 8192
1 8192
4 8192
2 8192
2 8192
4 8192
0 4981
1 8192
2 8192
0 5035
0 7996
0 7827
0 4032
1 8192
4 8192
0 4941
3 8192
1 8192
3 8192
0 4050
0 5847
3 8192
3 8192
2 8192
4 8192
1 8192
0 7798
1 8192
0 5781
0 5499
4 8192
2 8192
1 8192
0 5262
2 8192
3 8192
2 8192
1 8192
2 8192
1 8192
1 8192
0 3514
2 8192
0 4480
3 8192
0 5476
2 8192
2 8192
1 8192
0 4229
1 8192
0 6397
3 8192
0 4027
0 4012
2 8192
4 8192
0 4822
0 8000
2 8192
3 8192
0 8020
2 8192
0 7820
3 8192
0 5147
1 8192
0 4410
0 5774
0 7779
2 8192
0 5282
2 8192
1 8192
3 8192
0 5745
1 8192
2 8192
2 8192
0 6390
0 5004
1 8192
2 8192
0 7067
1 8192
3 8192
0 7003
1 8192
2 8192
0 4415
1 8192
2 8192
2 8192
1 8192
0 6311
1 8192
1 8192
0 3085
0 5033
2 8192
2 8192
1 8192
1 8192
2 8192
2 8192
2 8192
3 8192
1 8192
5 8192
0 3910
0 6108
1 8192
0 7890
2 8192
2 8192
1 8192
2 8192
0 5252
4 8192
1 8192
2 8192
4 8192
1 8192
1 8192
1 8192
1 8192
2 8192
1 8192
1 8192
1 8192
0 4377
2 8192
1 8192
0 7188
1 8192
1 8192
0 5859
1 8192
3 8192
3 8192
0 6297
3 8192
0 7331
0 3450
2 8192
3 8192
3 8192
1 8192
2 8192
3 8192
3 8192
0 4794
0 8156
2 8192
2 8192
0 4859
1 8192
1 8192
4 8192
1 8192
2 8192
3 8192
2 8192
4 8192
2 8192
3 8192
0 4353
3 8192
5 8192
1 8192
1 8192
1 8192
0 5673
2 8192
0 6115
3 8192
1 8192
1 8192
4 8192
4 8192
3 8192
1 8192
1 8192
1 8192
0 4648
0 5027
3 8192
1 8192
0 4188
1 8192
1 8192
0 6469
2 8192
1 8192
1 8192
3 8192
1 8192
1 8192
1 8192
2 8192
2 8192
5 8192
0 3509
2 8192
3 8192
2 8192
2 8192
1 8192
0 6890
2 8192
4 8192
2 8192
0 7092
1 8192
1 8192
2 8192
1 8192
0 5158
0 4151
1 8192
1 8192
1 8192
3 8192
0 3834
0 5751
3 8192
1 8192
0 5430
3 8192
1 8192
1 8192
1 8192
2 8192
1 8192
0 4391
2 8192
1 8192
1 8192
1 8192
5 8192
2 8192
2 8192
3 8192
2 8192
0 6607
3 8192
1 8192
1 8192
0 4555
2 8192
1 8192
3 8192
2 8192
2 8192
0 4125
4 8192
1 8192
2 8192
2 8192
1 8192
3 8192
2 8192
1 8192
1 8192
1 8192
0 7813
3 8192
1 8192
2 8192
0 4815
1 8192
2 8192
4 8192
2 8192
0 6531
1 8192
4 8192
0 7440
2 8192
0 4961
0 5744
0 6413
3 8192
2 8192
1 8192
1 8192
2 8192
3 8192
1 8192
0 4682
0 4816
1 8192
1 8192
3 8192
0 6698
2 8192
0 4327
1 8192
0 5497
1 8192
1 8192
0 5641
2 8192
0 5647
1 8192
0 6690
1 8192
0 7550
2 8192
3 8192
1 8192
1 8192
0 3027
1 8192
2 8192
0 5681
1 8192
1 8192
3 8192
1 8192
1 8192
1 8192
1 8192
3 8192
1 8192
3 8192
1 8192
0 3854
0 6291
2 8192
1 8192
0 3172
0 4953
0 3956
0 7928
0 4050
1 8192
1 8192
0 8085
1 8192
1 8192
3 8192
0 8013
2 8192
1 8192
3 8192
0 3339
0 7159
0 3582
1 8192
1 8192
2 8192
2 8192
0 6783
1 8192
2 8192
2 8192
0 7733
0 4667
0 6132
0 6626
1 8192
1 8192
2 8192
0 8079
0 3730
2 8192
2 8192
1 8192
0 6466
1 8192
3 8192
3 8192
2 8192
1 8192
1 8192
1 8192
0 4333
1 8192
0 4969
1 8192
1 8192
0 4489
6 8192
0 6178
0 3986
2 8192
1 8192
1 8192
1 8192
2 8192
3 8192
1 8192
1 8192
0 4016
1 8192
1 8192
2 8192
1 8192
4 8192
1 8192
0 8183
3 8192
1 8192
2 8192
2 8192
2 8192
0 6686
3 8192
0 4005
2 8192
4 8192
1 8192
0 4626
2 8192
0 6869
0 4942
2 8192
1 8192
0 3853
1 8192
0 4340
0 4680
2 8192
2 8192
0 7135
1 8192
2 8192
4 8192
0 6271
0 6731
1 8192
0 3529
2 8192
2 8192
1 8192
4 8192
2 8192
0 5480
0 7127
3 8192
3 8192
1 8192
0 4562
0 6214
0 8177
2 8192
4 8192
2 8192
3 8192
0 6815
0 7257
1 8192
2 8192
3 8192
2 8192
1 8192
2 8192
2 8192
2 8192
2 8192
1 8192
1 8192
0 6141
3 8192
1 8192
1 8192
3 8192
0 4513
1 8192
3 8192
0 5797
3 8192
0 6069
2 8192
2 8192
2 8192
1 8192
0 4115
0 6500
1 8192
5 8192
1 8192
2 8192
1 8192
1 8192
0 5885
0 4688
1 8192
1 8192
1 8192
0 4391
1 8192
1 8192
0 5069
1 8192
0 5311
2 8192
0 5169
3 8192
0 4865
1 8192
4 8192
0 7241
2 8192
0 6260
0 6569
0 7877
2 8192
2 8192
2 8192
3 8192
1 8192
1 8192
0 6286
1 8192
1 8192
3 8192
0 6459
1 8192
2 8192
0 7683
1 8192
1 8192
1 8192
0 5709
3 8192
2 8192
3 8192
2 8192
2 8192
1 8192
0 6950
0 6757
4 8192
1 8192
1 8192
1 8192
1 8192
3 8192
0 5747
0 7585
0 8072
0 6454
0 6622
0 5925
0 6607
0 4981
0 5928
2 8192
1 8192
0 8097
0 6185
1 8192
2 8192
0 3932
2 8192
1 8192
1 8192
2 8192
1 8192
0 4796
1 8192
4 8192
1 8192
2 8192
2 8192
2 8192
2 8192
3 8192
1 8192
2 8192
1 8192
0 6087
0 7271
1 8192
0 4719
1 8192
1 8192
1 8192
2 8192
0 4115
1 8192
2 8192
0 7408
1 8192
1 8192
4 8192
0 4964
1 8192
1 8192
3 8192
3 8192
2 8192
0 3983
0 4250
0 6208
1 8192
1 8192
0 4012
0 5488
1 8192
5 8192
0 5971
1 8192
0 8018
1 8192
0 5971
3 8192
1 8192
1 8192
3 8192
0 6308
2 8192
2 8192
4 8192
1 8192
3 8192
0 7100
3 8192
1 8192
0 7515
3 8192
2 8192
3 8192
3 8192
1 8192
2 8192
1 8192
1 8192
0 7356
1 8192
0 4362
1 8192
1 8192
1 8192
2 8192
4 8192
0 5261
1 8192
3 8192
1 8192
1 8192
1 8192
0 6999
1 8192
0 5941
2 8192
0 4130
2 8192
3 8192
1 8192
3 8192
1 8192
2 8192
0 6908
0 6370
0 5875
0 4462
0 7397
3 8192
2 8192
2 8192
1 8192
1 8192
0 4908
1 8192
0 5355
3 8192
0 4998
2 8192
2 8192
4 8192
0 5883
3 8192
2 8192
1 8192
0 5501
1 8192
1 8192
2 8192
0 3847
2 8192
0 5421
2 8192
1 8192
3 8192
2 8192
2 8192
2 8192
0 3170
7 8192
2 8192
3 8192
2 8192
0 6069
1 8192
0 4580
1 8192
3 8192
6 8192
0 6875
2 8192
1 8192
1 8192
0 3978
1 8192
0 6758
2 8192
0 3242
2 8192
0 7989
1 8192
1 8192
0 4105
1 8192
3 8192
5 8192
1 8192
1 8192
0 3831
3 8192
3 8192
5 8192
1 8192
0 3956
3 8192
0 6184
1 8192
1 8192
0 6637
0 7846
1 8192
2 8192
1 8192
2 8192
1 8192
2 8192
1 8192
1 8192
0 3994
2 8192
0 8098
1 8192
0 6879
1 8192
2 8192
0 4484
1 8192
1 8192
2 8192
3 8192
1 8192
0 3539
0 6225
0 4447
0 3138
3 8192
1 8192
4 8192
4 8192
2 8192
3 8192
2 8192
3 8192
0 3967
0 4011
2 8192
1 8192
1 8192
4 8192
1 8192
3 8192
2 8192
0 3895
2 8192
2 8192
0 7574
3 8192
1 8192
2 8192
1 8192
4 8192
0 3711
0 6143
2 8192
1 8192
1 8192
0 5417
2 8192
1 8192
0 4591
2 8192
2 8192
2 8192
2 8192
0 7323
1 8192
0 6544
3 8192
0 5266
1 8192
3 8192
0 7046
1 8192
0 7677
1 8192
0 3806
2 8192
1 8192
1 8192
0 6658
0 4888
3 8192
1 8192
0 5868
3 8192
1 8192
2 8192
3 8192
1 8192
1 8192
1 8192
0 6677
1 8192
0 7649
2 8192
0 7882
2 8192
3 8192
2 8192
5 8192
0 6478
1 8192
0 6717
0 5390
2 8192
0 4919
1 8192
6 8192
4 8192
0 6910
0 5339
1 8192
0 5481
1 8192
1 8192
2 8192
0 6366
0 5606
0 3440
0 5603
2 8192
4 8192
1 8192
2 8192
1 8192
3 8192
2 8192
0 6962
5 8192
2 8192
1 8192
0 5671
3 8192
2 8192
1 8192
1 8192
1 8192
2 8192
1 8192
0 3249
2 8192
0 5799
4 8192
0 7947
1 8192
2 8192
0 3221
0 6935
1 8192
4 8192
0 6257
2 8192
0 4850
0 3354
0 6745
1 8192
2 8192
2 8192
3 8192
2 8192
3 8192
2 8192
2 8192
0 6052
0 3376
1 8192
0 5053
0 4233
2 8192
1 8192
5 8192
2 8192
4 8192
0 3941
0 6315
1 8192
1 8192
0 5266
0 6395
3 8192
2 8192
1 8192
0 6128
0 6798
0 3907
2 8192
2 8192
1 8192
4 8192
2 8192
1 8192
3 8192
3 8192
1 8192
3 8192
1 8192
0 5542
1 8192
2 8192
3 8192
3 8192
3 8192
4 8192
0 6966
0 3426
2 8192
2 8192
0 3591
1 8192
2 8192
2 8192
2 8192
1 8192
3 8192
0 3654
3 8192
1 8192
1 8192
0 5795
0 3537
1 8192
1 8192
0 3692
1 8192
2 8192
1 8192
0 7900
1 8192
2 8192
0 6538
1 8192
0 7069
0 5945
0 5234
2 8192
3 8192
1 8192
0 3532
3 8192
0 7518
3 8192
1 8192
3 8192
0 4809
1 8192
0 6392
1 8192
2 8192
2 8192
1 8192
1 8192
0 6121
2 8192
1 8192
4 8192
1 8192
0 3666
1 8192
1 8192
4 8192
4 8192
0 4269
1 8192
4 8192
1 8192
1 8192
0 3584
2 8192
1 8192
3 8192
0 6277
6 8192
2 8192
1 8192
1 8192
4 8192
3 8192
0 5316
1 8192
1 8192
1 8192
4 8192
1 8192
0 4593
0 4765
2 8192
1 8192
2 8192
1 8192
0 6207
3 8192
3 8192
0 4916
5 8192
3 8192
0 7414
3 8192
0 4113
1 8192
2 8192
0 5811
2 8192
0 7750
1 8192
4 8192
1 8192
2 8192
1 8192
1 8192
0 5185
0 5845
2 8192
0 5896
3 8192
3 8192
1 8192
1 8192
0 5709
2 8192
2 8192
1 8192
1 8192
0 4986
2 8192
0 5355
1 8192
1 8192
0 3340
3 8192
3 8192
2 8192
1 8192
1 8192
0 6306
3 8192
2 8192
0 7463
1 8192
1 8192
0 3338
0 8043
2 8192
1 8192
2 8192
1 8192
2 8192
1 8192
0 6727
0 6276
1 8192
2 8192
1 8192
0 5513
4 8192
1 8192
3 8192
3 8192
3 8192
0 6043
3 8192
0 7055
1 8192
3 8192
1 8192
2 8192
1 8192
0 5728
1 8192
2 8192
1 8192
1 8192
0 4613
4 8192
1 8192
3 8192
0 7045
1 8192
2 8192
3 8192
0 6520
0 8123
1 8192
2 8192
0 6956
0 5745
2 8192
1 8192
1 8192
2 8192
1 8192
2 8192
5 8192
2 8192
5 8192
4 8192
1 8192
1 8192
0 7212
0 4406
2 8192
1 8192
1 8192
1 8192
0 5522
2 8192
3 8192
1 8192
1 8192
1 8192
1 8192
3 8192
2 8192
2 8192
1 8192
0 5444
1 8192
1 8192
0 7187
2 8192
2 8192
1 8192
1 8192
2 8192
4 8192
1 8192
0 6755
0 5515
1 8192
0 7693
1 8192
3 8192
2 8192
0 7915
0 7605
0 5266
1 8192
1 8192
0 6157
0 6989
1 8192
3 8192
1 8192
3 8192
4 8192
1 8192
4 8192
2 8192
0 4038
1 8192
2 8192
0 7563
2 8192
1 8192
4 8192
0 5208
2 8192
5 8192
0 5211
4 8192
2 8192
2 8192
1 8192
1 8192
3 8192
1 8192
0 4573
2 8192
2 8192
0 7795
0 6301
3 8192
0 3948
2 8192
1 8192
0 5652
2 8192
1 8192
2 8192
0 3570
1 8192
1 8192
0 4824
0 4114
1 8192
1 8192
0 7389
2 8192
1 8192
3 8192
5 8192
2 8192
1 8192
0 5112
3 8192
1 8192
0 3901
1 8192
0 7713
0 7797
4 8192
3 8192
1 8192
1 8192
1 8192
3 8192
1 8192
3 8192
2 8192
2 8192
1 8192
1 8192
1 8192
3 8192
1 8192
1 8192
1 8192
0 5514
2 8192
0 6453
2 8192
0 4444
0 4894
1 8192
1 8192
1 8192
1 8192
2 8192
3 8192
1 8192
1 8192
1 8192
0 4087
1 8192
0 5715
0 6814
2 8192
1 8192
0 4082
1 8192
0 4089
3 8192
2 8192
1 8192
3 8192
0 6160
0 3339
2 8192
3 8192
1 8192
1 8192
0 5153
0 3994
3 8192
1 8192
0 4046
2 8192
1 8192
7 8192
3 8192
1 8192
1 8192
0 7137
0 6866
2 8192
2 8192
1 8192
0 3535
0 6788
0 4609
3 8192
1 8192
0 4108
1 8192
1 8192
4 8192
3 8192
1 8192
0 7506
2 8192
0 6115
1 8192
3 8192
1 8192
2 8192
0 7343
2 8192
2 8192
1 8192
1 8192
1 8192
2 8192
0 5834
3 8192
0 4198
0 5132
1 8192
0 6303
0 4485
1 8192
0 4400
1 8192
2 8192
0 7709
2 8192
1 8192
2 8192
2 8192
0 5111
4 8192
0 7741
1 8192
1 8192
1 8192
1 8192
3 8192
3 8192
0 6443
2 8192
0 7900
2 8192
3 8192
2 8192
2 8192
3 8192
2 8192
1 8192
0 5312
1 8192
0 6797
0 6816
3 8192
1 8192
2 8192
0 6557
3 8192
1 8192
1 8192
0 3374
4 8192
3 8192
0 4463
0 2703
3 8192
2 8192
0 5678
1 8192
1 8192
0 4857
2 8192
2 8192
3 8192
0 3983
2 8192
0 7680
1 8192
0 6980
0 3287
4 8192
1 8192
1 8192
0 4327
0 5125
2 8192
0 4351
0 3409
3 8192
6 8192
1 8192
3 8192
4 8192
2 8192
0 3709
2 8192
1 8192
2 8192
2 8192
0 5005
1 8192
6 8192
4 8192
1 8192
3 8192
3 8192
1 8192
0 7994
0 5117
6 8192
0 3550
2 8192
2 8192
1 8192
0 5140
1 8192
1 8192
0 6639
1 8192
2 8192
0 5639
1 8192
1 8192
2 8192
0 4266
0 5175
2 8192
2 8192
0 6357
2 8192
4 8192
1 8192
1 8192
0 5249
3 8192
1 8192
1 8192
0 6627
2 8192
3 8192
0 4651
2 8192
5 8192
2 8192
0 7388
0 5007
2 8192
2 8192
4 8192
1 8192
1 8192
3 8192
0 6642
0 4059
0 5508
1 8192
1 8192
0 5427
0 4964
1 8192
1 8192
1 8192
3 8192
1 8192
0 4253
1 8192
1 8192
4 8192
3 8192
0 6454
1 8192
1 8192
2 8192
0 3224
2 8192
2 8192
1 8192
1 8192
0 5401
1 8192
2 8192
1 8192
0 6883
2 8192
1 8192
4 8192
2 8192
4 8192
0 4055
2 8192
3 8192
4 8192
3 8192
1 8192
0 4044
3 8192
1 8192
1 8192
3 8192
1 8192
0 6826
1 8192
2 8192
2 8192
0 4669
2 8192
2 8192
3 8192
0 6357
4 8192
1 8192
1 8192
1 8192
0 4367
0 5531
1 8192
3 8192
1 8192
0 4580
1 8192
2 8192
1 8192
2 8192
3 8192
0 7432
0 6313
0 5747
3 8192
1 8192
1 8192
0 6429
4 8192
2 8192
3 8192
3 8192
1 8192
1 8192
2 8192
0 4150
6 8192
3 8192
0 5317
0 5478
2 8192
2 8192
1 8192
1 8192
2 8192
1 8192
2 8192
1 8192
3 8192
0 4255
1 8192
0 3833
1 8192
3 8192
0 4998
1 8192
1 8192
0 5692
2 8192
1 8192
1 8192
0 4693
1 8192
0 5987
1 8192
1 8192
2 8192
2 8192
0 4240
4 8192
2 8192
0 2871
1 8192
3 8192
1 8192
1 8192
2 8192
2 8192
2 8192
1 8192
2 8192
0 4318
0 5159
0 5313
0 3998
3 8192
1 8192
0 7035
2 8192
1 8192
0 7552
0 5388
0 2942
2 8192
1 8192
3 8192
0 5621
2 8192
0 6983
0 5634
1 8192
1 8192
0 4676
1 8192
0 5436
2 8192
1 8192
4 8192
1 8192
0 5300
0 3852
1 8192
3 8192
1 8192
2 8192
1 8192
1 8192
0 5747
0 5954
0 4418
0 3689
1 8192
5 8192
5 8192
3 8192
1 8192
4 8192
1 8192
0 6448
2 8192
3 8192
0 5554
1 8192
1 8192
1 8192
4 8192
1 8192
3 8192
3 8192
3 8192
2 8192
2 8192
3 8192
1 8192
2 8192
3 8192
0 3791
0 5127
1 8192
0 6641
1 8192
1 8192
2 8192
1 8192
1 8192
3 8192
1 8192
2 8192
5 8192
0 6064
0 6604
2 8192
2 8192
0 5084
0 3845
0 5093
1 8192
0 7284
3 8192
2 8192
1 8192
0 3895
1 8192
0 3539
0 6161
1 8192
4 8192
0 3851
2 8192
2 8192
0 7856
2 8192
0 5802
0 3337
2 8192
1 8192
0 3763
0 3766
0 3173
0 4770
2 8192
1 8192
0 6632
2 8192
1 8192
0 3828
0 6006
1 8192
0 5784
0 3206
2 8192
1 8192
2 8192
1 8192
2 8192
0 3020
1 8192
1 8192
0 7613
2 8192
1 8192
1 8192
0 6796
0 6621
1 8192
0 4551
2 8192
0 7716
2 8192
2 8192
1 8192
0 5354
3 8192
1 8192
3 8192
1 8192
0 6700
0 5420
2 8192
2 8192
1 8192
1 8192
1 8192
1 8192
1 8192
1 8192
1 8192
1 8192
0 4988
3 8192
2 8192
0 5749
0 5055
2 8192
2 8192
5 8192
2 8192
0 6045
1 8192
1 8192
1 8192
0 4999
0 7170
1 8192
1 8192
0 6837
1 8192
1 8192
2 8192
1 8192
2 8192
0 4093
1 8192
1 8192
1 8192
2 8192
2 8192
1 8192
0 5417
4 8192
1 8192
2 8192
3 8192
0 4887
2 8192
3 8192
2 8192
6 8192
1 8192
0 3587
0 5917
0 5420
1 8192
0 5846
1 8192
1 8192
2 8192
3 8192
1 8192
1 8192
1 8192
0 4530
1 8192
4 8192
0 4161
2 8192
0 4501
1 8192
0 4039
0 4726
0 5904
1 8192
1 8192
0 6405
2 8192
0 7768
0 4174
4 8192
0 3614
0 4099
1 8192
0 5213
3 8192
0 6343
1 8192
0 3813
1 8192
2 8192
0 7080
0 5725
1 8192
0 5011
3 8192
1 8192
2 8192
0 6066
4 8192
0 3663
1 8192
1 8192
2 8192
1 8192
3 8192
1 8192
1 8192
3 8192
2 8192
2 8192
3 8192
3 8192
1 8192
2 8192
0 4671
0 3441
0 6845
1 8192
0 5217
3 8192
2 8192
0 5307
3 8192
1 8192
3 8192
1 8192
0 3996
1 8192
0 7021
2 8192
2 8192
0 5698
2 8192
1 8192
1 8192
0 7624
5 8192
2 8192
1 8192
1 8192
2 8192
1 8192
2 8192
2 8192
4 8192
3 8192
1 8192
4 8192
2 8192
1 8192
0 4171
2 8192
3 8192
1 8192
2 8192
2 8192
0 8141
1 8192
3 8192
2 8192
0 6231
2 8192
1 8192
0 5366
0 4426
1 8192
2 8192
0 3812
2 8192
1 8192
2 8192
0 6003
0 4972
0 6807
1 8192
1 8192
0 6598
2 8192
4 8192
2 8192
1 8192
3 8192
0 3254
1 8192
1 8192
1 8192
0 6171
2 8192
2 8192
0 7244
2 8192
1 8192
1 8192
3 8192
2 8192
4 8192
4 8192
2 8192
0 7442
2 8192
1 8192
0 6248
1 8192
0 6331
2 8192
2 8192
2 8192
2 8192
2 8192
0 6394
3 8192
3 8192
1 8192
3 8192
1 8192
0 6194
1 8192
1 8192
0 7565
0 4616
0 5036
4 8192
3 8192
2 8192
3 8192
1 8192
1 8192
1 8192
2 8192
1 8192
0 4703
0 5001
1 8192
1 8192
2 8192
3 8192
2 8192
3 8192
3 8192
0 7170
1 8192
0 5577
1 8192
0 6912
4 8192
2 8192
3 8192
3 8192
0 7066
1 8192
2 8192
1 8192
1 8192
0 5705
3 8192
2 8192
3 8192
1 8192
0 4461
2 8192
1 8192
0 4862
2 8192
1 8192
4 8192
1 8192
0 7396
0 4781
2 8192
2 8192
2 8192
1 8192
0 5479
1 8192
3 8192
0 7660
0 3947
2 8192
1 8192
2 8192
1 8192
2 8192
1 8192
2 8192
2 8192
3 8192
0 3767
3 8192
0 6041
0 4601
2 8192
3 8192
2 8192
0 5701
1 8192
2 8192
4 8192
0 4147
2 8192
1 8192
2 8192
1 8192
5 8192
0 4371
2 8192
2 8192
1 8192
3 8192
0 6816
0 4556
2 8192
1 8192
2 8192
0 4291
1 8192
3 8192
2 8192
3 8192
2 8192
1 8192
3 8192
1 8192
0 3854
0 4355
3 8192
0 3372
1 8192
0 3986
2 8192
0 7382
1 8192
0 3663
0 6578
0 4956
2 8192
2 8192
1 8192
2 8192
2 8192
0 7495
2 8192
2 8192
1 8192
3 8192
2 8192
1 8192
5 8192
1 8192
1 8192
0 6702
0 4685
0 4576
0 5242
2 8192
0 5614
2 8192
0 6068
2 8192
1 8192
6 8192
2 8192
1 8192
0 5530
1 8192
2 8192
1 8192
1 8192
1 8192
1 8192
0 3455
0 3846
0 6061
0 8094
2 8192
0 3277
3 8192
4 8192
3 8192
5 8192
1 8192
3 8192
1 8192
1 8192
1 8192
1 8192
1 8192
2 8192
0 2993
0 6441
2 8192
1 8192
3 8192
0 6320
5 8192
1 8192
4 8192
0 3426
0 7882
1 8192
3 8192
2 8192
0 6177
1 8192
3 8192
0 7109
1 8192
1 8192
0 6900
1 8192
1 8192
2 8192
0 5426
1 8192
2 8192
3 8192
0 8110
1 8192
3 8192
1 8192
0 5689
6 8192
2 8192
0 6601
2 8192
2 8192
2 8192
0 5745
1 8192
4 8192
0 5581
3 8192
3 8192
0 3150
0 3201
2 8192
2 8192
5 8192
0 7998
1 8192
2 8192
1 8192
2 8192
1 8192
3 8192
0 5401
3 8192
5 8192
0 4295
5 8192
2 8192
0 7006
0 7304
1 8192
2 8192
1 8192
2 8192
1 8192
0 3896
1 8192
2 8192
0 5542
0 5414
3 8192
1 8192
0 5971
0 7422
0 7280
2 8192
0 5013
1 8192
2 8192
2 8192
4 8192
0 5225
2 8192
2 8192
4 8192
3 8192
0 5247
0 3551
1 8192
5 8192
1 8192
2 8192
1 8192
0 7735
3 8192
1 8192
2 8192
1 8192
0 3845
1 8192
2 8192
0 5471
3 8192
2 8192
2 8192
2 8192
2 8192
0 7490
1 8192
1 8192
0 6500
2 8192
1 8192
1 8192
2 8192
0 6195
0 6923
6 8192
0 7498
3 8192
1 8192
0 5634
0 5284
1 8192
9 8192
1 8192
1 8192
4 8192
2 8192
1 8192
1 8192
1 8192
1 8192
1 8192
0 6713
0 7131
0 6287
3 8192
0 4655
0 5786
1 8192
3 8192
0 7043
4 8192
0 5354
1 8192
2 8192
1 8192
3 8192
1 8192
0 5352
1 8192
1 8192
0 7768
5 8192
1 8192
1 8192
0 6665
1 8192
2 8192
1 8192
3 8192
1 8192
4 8192
3 8192
2 8192
1 8192
3 8192
0 6015
2 8192
0 7134
0 6793
0 5925
0 4130
3 8192
0 5186
0 7820
0 7599
0 5129
1 8192
1 8192
0 7194
2 8192
0 7730
1 8192
1 8192
2 8192
0 5477
0 5275
2 8192
2 8192
2 8192
2 8192
2 8192
2 8192
5 8192
1 8192
1 8192
0 4975
1 8192
0 7402
1 8192
2 8192
3 8192
3 8192
0 4706
2 8192
4 8192
2 8192
2 8192
0 4460
0 6210
1 8192
0 4704
2 8192
0 8054
4 8192
1 8192
1 8192
1 8192
1 8192
2 8192
2 8192
0 3846
1 8192
1 8192
1 8192
1 8192
1 8192
0 4416
1 8192
2 8192
0 4444
0 6154
1 8192
3 8192
3 8192
0 3679
0 3764
2 8192
1 8192
0 6684
1 8192
2 8192
2 8192
1 8192
0 7467
0 6780
4 8192
0 3329
0 5531
0 3408
0 6419
0 7534
2 8192
3 8192
2 8192
0 5187
1 8192
2 8192
1 8192
0 7215
0 3716
0 6029
2 8192
2 8192
2 8192
0 5736
3 8192
3 8192
1 8192
1 8192
0 3726
4 8192
2 8192
0 6488
1 8192
4 8192
4 8192
1 8192
1 8192
0 7833
1 8192
1 8192
1 8192
1 8192
1 8192
2 8192
0 5008
1 8192
0 3785
3 8192
0 4584
1 8192
0 5617
2 8192
1 8192
1 8192
1 8192
2 8192
2 8192
3 8192
2 8192
3 8192
3 8192
1 8192
1 8192
1 8192
3 8192
0 5473
4 8192
1 8192
1 8192
4 8192
2 8192
1 8192
2 8192
0 7658
0 5864
1 8192
2 8192
2 8192
4 8192
1 8192
1 8192
4 8192
0 7510
2 8192
0 5293
1 8192
2 8192
1 8192
1 8192
1 8192
0 3995
1 8192
0 4126
0 4030
0 4537
4 8192
0 7119
3 8192
1 8192
1 8192
1 8192
0 7242
1 8192
1 8192
2 8192
0 6189
0 7965
3 8192
0 5837
3 8192
1 8192
0 7842
2 8192
1 8192
1 8192
0 4651
0 5772
3 8192
1 8192
2 8192
0 6627
2 8192
2 8192
5 8192
3 8192
1 8192
0 5732
2 8192
2 8192
5 8192
0 5717
0 6516
0 8086
1 8192
1 8192
1 8192
3 8192
3 8192
0 3624
0 4401
0 4861
4 8192
3 8192
0 5971
2 8192
3 8192
0 6662
3 8192
2 8192
0 7475
1 8192
1 8192
2 8192
1 8192
2 8192
0 6157
1 8192
3 8192
0 4906
1 8192
2 8192
5 8192
2 8192
0 6460
4 8192
3 8192
2 8192
2 8192
1 8192
2 8192
1 8192
0 5473
0 3474
1 8192
1 8192
1 8192
0 3681
3 8192
0 5062
0 5039
3 8192
2 8192
3 8192
2 8192
0 4960
3 8192
1 8192
0 5440
2 8192
5 8192
3 8192
2 8192
1 8192
1 8192
0 6789
1 8192
2 8192
3 8192
0 7088
1 8192
3 8192
0 6649
1 8192
1 8192
3 8192
3 8192
0 5462
3 8192
3 8192
1 8192
1 8192
1 8192
2 8192
1 8192
0 4014
0 3179
1 8192
1 8192
1 8192
3 8192
2 8192
0 4789
3 8192
2 8192
0 7875
1 8192
1 8192
0 5258
2 8192
3 8192
1 8192
0 4740
0 5895
0 7526
1 8192
4 8192
0 4598
1 8192
2 8192
1 8192
1 8192
1 8192
3 8192
2 8192
1 8192
1 8192
1 8192
1 8192
1 8192
1 8192
2 8192
0 4754
0 6182
1 8192
0 5053
3 8192
2 8192
0 5104
1 8192
0 7159
1 8192
2 8192
1 8192
0 6913
6 8192
0 5621
0 4654
2 8192
2 8192
1 8192
0 4194
0 5965
2 8192
1 8192
2 8192
1 8192
0 3186
1 8192
1 8192
1 8192
1 8192
1 8192
2 8192
2 8192
2 8192
2 8192
1 8192
0 4201
1 8192
1 8192
3 8192
0 6949
2 8192
4 8192
4 8192
1 8192
2 8192
0 2820
1 8192
0 4467
2 8192
1 8192
0 3000
1 8192
1 8192
0 3859
5 8192
0 4466
1 8192
1 8192
1 8192
2 8192
0 3982
0 8131
3 8192
1 8192
0 4543
1 8192
1 8192
1 8192
0 3901
0 6036
1 8192
0 5418
0 3943
0 3456
2 8192
0 4735
0 7323
0 5025
3 8192
2 8192
1 8192
2 8192
0 5391
1 8192
1 8192
2 8192
2 8192
2 8192
4 8192
1 8192
2 8192
2 8192
3 8192
1 8192
2 8192
3 8192
2 8192
1 8192
0 3372
1 8192
2 8192
3 8192
1 8192
2 8192
1 8192
2 8192
2 8192
2 8192
2 8192
1 8192
1 8192
1 8192
1 8192
2 8192
1 8192
1 8192
1 8192
2 8192
0 6495
1 8192
2 8192
2 8192
3 8192
0 7519
0 5434
1 8192
0 5454
2 8192
4 8192
1 8192
0 6689
1 8192
1 8192
0 3283
4 8192
4 8192
2 8192
0 8024
1 8192
4 8192
0 7273
0 5379
2 8192
3 8192
1 8192
3 8192
0 4391
3 8192
3 8192
0 4243
1 8192
3 8192
0 6321
1 8192
0 4848
0 4408
1 8192
1 8192
1 8192
0 7389
1 8192
0 4209
0 3807
3 8192
1 8192
3 8192
5 8192
2 8192
1 8192
2 8192
1 8192
3 8192
1 8192
0 5107
2 8192
4 8192
3 8192
2 8192
2 8192
2 8192
0 3862
0 7255
3 8192
5 8192
1 8192
1 8192
0 4907
1 8192
1 8192
2 8192
2 8192
0 4516
1 8192
1 8192
1 8192
1 8192
1 8192
2 8192
3 8192
3 8192
1 8192
0 4565
0 4161
0 3797
1 8192
3 8192
1 8192
2 8192
3 8192
0 4676
0 5031
1 8192
4 8192
1 8192
1 8192
0 7085
1 8192
0 4212
1 8192
2 8192
1 8192
3 8192
4 8192
1 8192
0 5778
0 6674
2 8192
0 4686
0 7157
1 8192
2 8192
0 5585
2 8192
2 8192
1 8192
0 5549
2 8192
0 6115
2 8192
1 8192
3 8192
1 8192
0 6654
0 5069
0 5975
3 8192
0 5986
2 8192
0 5191
1 8192
2 8192
2 8192
2 8192
1 8192
0 3514
0 6898
2 8192
1 8192
3 8192
1 8192
0 6407
2 8192
1 8192
1 8192
1 8192
2 8192
0 7315
3 8192
1 8192
0 4976
0 4574
2 8192
1 8192
2 8192
2 8192
0 4303
0 7279
0 6397
0 5181
1 8192
0 7925
2 8192
0 7838
0 6928
0 4496
0 6667
4 8192
3 8192
1 8192
1 8192
1 8192
0 4586
0 4541
2 8192
1 8192
0 5939
1 8192
0 5919
0 5039
3 8192
3 8192
1 8192
1 8192
1 8192
1 8192
1 8192
2 8192
0 4102
0 3407
1 8192
1 8192
2 8192
1 8192
0 6269
1 8192
0 5637
2 8192
4 8192
2 8192
1 8192
2 8192
0 5176
4 8192
1 8192
0 7243
1 8192
1 8192
0 6488
8 8192
1 8192
1 8192
0 3884
0 3871
1 8192
0 3577
4 8192
2 8192
3 8192
1 8192
0 6957
1 8192
0 6370
3 8192
3 8192
1 8192
3 8192
0 4156
2 8192
0 4855
0 3667
0 4017
1 8192
0 4797
3 8192
0 5697
1 8192
0 7063
1 8192
1 8192
0 5867
0 5764
3 8192
3 8192
2 8192
3 8192
1 8192
0 8041
1 8192
3 8192
0 6900
1 8192
1 8192
0 7135
1 8192
3 8192
1 8192
0 6017
1 8192
3 8192
0 4347
1 8192
1 8192
2 8192
0 5639
1 8192
4 8192
1 8192
0 5350
2 8192
2 8192
2 8192
1 8192
2 8192
3 8192
2 8192
0 6840
0 5573
4 8192
4 8192
1 8192
2 8192
0 4332
0 7476
0 3737
1 8192
0 3407
2 8192
1 8192
1 8192
1 8192
1 8192
4 8192
2 8192
1 8192
1 8192
4 8192
4 8192
1 8192
1 8192
3 8192
4 8192
1 8192
1 8192
2 8192
2 8192
4 8192
0 4859
2 8192
1 8192
2 8192
2 8192
1 8192
1 8192
1 8192
0 4660
2 8192
0 4650
0 3956
0 3292
1 8192
1 8192
2 8192
1 8192
3 8192
4 8192
0 2738
1 8192
1 8192
2 8192
0 4802
4 8192
0 5863
0 4081
0 7555
1 8192
1 8192
1 8192
2 8192
2 8192
1 8192
0 4265
2 8192
1 8192
4 8192
2 8192
0 7218
0 3853
0 4734
0 7890
0 5755
4 8192
0 6110
0 4176
1 8192
2 8192
0 5965
0 6155
3 8192
1 8192
7 8192
4 8192
0 4314
2 8192
2 8192
1 8192
2 8192
2 8192
0 3058
1 8192
1 8192
2 8192
1 8192
3 8192
0 5847
0 8148
1 8192
2 8192
1 8192
1 8192
1 8192
3 8192
2 8192
0 4204
1 8192
3 8192
0 6385
1 8192
2 8192
0 6569
0 5264
1 8192
1 8192
0 5728
2 8192
0 6064
1 8192
1 8192
0 3926
3 8192
0 7403
0 6430
1 8192
1 8192
0 4503
0 7791
1 8192
2 8192
0 7354
1 8192
0 8157
1 8192
1 8192
1 8192
0 6949
1 8192
1 8192
3 8192
2 8192
2 8192
0 4658
0 4337
0 5291
2 8192
2 8192
2 8192
0 5730
1 8192
0 5166
1 8192
2 8192
3 8192
3 8192
0 3230
1 8192
0 8068
0 3714
0 5981
1 8192
1 8192
0 5476
0 6560
2 8192
1 8192
1 8192
0 5068
1 8192
2 8192
1 8192
2 8192
3 8192
2 8192
0 6776
1 8192
0 3925
2 8192
1 8192
1 8192
1 8192
0 5390
1 8192
0 5067
2 8192
2 8192
1 8192
0 7441
1 8192
1 8192
0 6473
1 8192
2 8192
2 8192
3 8192
0 6847
0 6610
0 5083
2 8192
1 8192
0 7398
1 8192
1 8192
1 8192
1 8192
2 8192
0 5799
1 8192
4 8192
1 8192
0 6166
0 7907
2 8192
0 4352
0 5689
1 8192
0 5709
1 8192
1 8192
0 3782
4 8192
2 8192
0 4200
3 8192
0 7838
0 3986
0 6797
0 6231
1 8192
0 3161
2 8192
0 3403
4 8192
2 8192
0 4790
0 6823
0 3901
1 8192
0 4961
1 8192
1 8192
0 5155
2 8192
0 5995
2 8192
0 3892
0 3016
1 8192
1 8192
1 8192
3 8192
0 5235
1 8192
2 8192
0 4660
3 8192
2 8192
3 8192
2 8192
1 8192
0 6899
0 6256
1 8192
2 8192
0 5872
1 8192
0 8019
1 8192
1 8192
0 4826
0 4289
2 8192
2 8192
5 8192
0 2574
2 8192
0 5019
1 8192
1 8192
2 8192
4 8192
1 8192
2 8192
1 8192
1 8192
2 8192
0 5688
2 8192
0 5604
0 7377
2 8192
2 8192
2 8192
4 8192
1 8192
1 8192
4 8192
2 8192
2 8192
1 8192
1 8192
2 8192
1 8192
2 8192
0 6094
1 8192
1 8192
4 8192
2 8192
0 4497
1 8192
0 4912
5 8192
2 8192
2 8192
0 5367
0 5967
1 8192
2 8192
0 5749
2 8192
0 5588
1 8192
2 8192
1 8192
1 8192
0 6055
1 8192
1 8192
2 8192
1 8192
2 8192
3 8192
2 8192
2 8192
0 3361
2 8192
1 8192
3 8192
1 8192
1 8192
2 8192
0 7387
3 8192
2 8192
0 5532
0 3815
0 5960
0 7749
2 8192
1 8192
1 8192
1 8192
2 8192
1 8192
1 8192
3 8192
0 5494
1 8192
1 8192
2 8192
0 2912
1 8192
1 8192
0 4578
2 8192
1 8192
1 8192
0 5728
3 8192
1 8192
3 8192
4 8192
1 8192
1 8192
0 7969
1 8192
2 8192
0 4076
3 8192
2 8192
2 8192
0 5494
2 8192
2 8192
4 8192
0 6212
0 6281
0 4809
2 8192
1 8192
1 8192
0 6981
0 7355
1 8192
0 6123
0 8121
2 8192
3 8192
2 8192
1 8192
2 8192
1 8192
1 8192
0 4100
1 8192
3 8192
3 8192
2 8192
2 8192
1 8192
0 5389
2 8192
0 4520
0 4014
0 6963
4 8192
1 8192
2 8192
0 5512
2 8192
1 8192
2 8192
8 8192
2 8192
2 8192
5 8192
2 8192
0 7732
3 8192
2 8192
2 8192
2 8192
2 8192
2 8192
3 8192
0 7852
0 4312
2 8192
1 8192
2 8192
3 8192
2 8192
1 8192
1 8192
0 5974
0 5769
2 8192
1 8192
0 5103
0 3410
2 8192
1 8192
4 8192
2 8192
1 8192
2 8192
3 8192
1 8192
1 8192
1 8192
0 7178
2 8192
2 8192
0 8153
0 5117
1 8192
1 8192
1 8192
2 8192
1 8192
2 8192
3 8192
2 8192
0 3243
2 8192
0 4942
2 8192
0 7473
1 8192
2 8192
2 8192
1 8192
2 8192
2 8192
0 6441
1 8192
2 8192
4 8192
0 7656
1 8192
1 8192
1 8192
2 8192
3 8192
1 8192
0 2649
2 8192
2 8192
0 8135
2 8192
1 8192
0 6221
0 6176
1 8192
1 8192
1 8192
1 8192
1 8192
0 6367
1 8192
1 8192
1 8192
2 8192
0 5372
1 8192
1 8192
1 8192
1 8192
2 8192
2 8192
1 8192
1 8192
1 8192
3 8192
1 8192
3 8192
0 6244
1 8192
1 8192
4 8192
1 8192
3 8192
0 4684
1 8192
1 8192
2 8192
1 8192
1 8192
1 8192
1 8192
2 8192
3 8192
0 6618
4 8192
0 5101
0 7833
0 6491
1 8192
0 4134
1 8192
1 8192
1 8192
2 8192
3 8192
1 8192
1 8192
4 8192
3 8192
1 8192
0 6849
0 7688
1 8192
1 8192
2 8192
1 8192
1 8192
0 5612
3 8192
5 8192
5 8192
0 7584
1 8192
2 8192
5 8192
2 8192
1 8192
3 8192
1 8192
4 8192
1 8192
1 8192
1 8192
0 3533
1 8192
2 8192
2 8192
3 8192
2 8192
2 8192
0 7648
0 7317
1 8192
1 8192
0 4141
2 8192
1 8192
1 8192
2 8192
1 8192
1 8192
1 8192
1 8192
0 7576
0 5233
2 8192
3 8192
0 4770
2 8192
0 4398
2 8192
1 8192
1 8192
2 8192
1 8192
0 7443
2 8192
1 8192
3 8192
1 8192
1 8192
3 8192
1 8192
1 8192
1 8192
0 3912
3 8192
0 4391
0 5488
1 8192
4 8192
2 8192
1 8192
2 8192
0 6651
0 7760
0 5681
1 8192
1 8192
1 8192
1 8192
1 8192
2 8192
1 8192
0 6744
0 3293
0 8086
2 8192
2 8192
2 8192
2 8192
1 8192
0 5848
1 8192
1 8192
1 8192
1 8192
4 8192
0 6348
0 3995
2 8192
2 8192
2 8192
0 6699
2 8192
0 5601
2 8192
2 8192
0 6589
0 3495
0 4570
0 8170
0 3633
0 3150
1 8192
0 3808
4 8192
2 8192
0 6393
1 8192
0 6321
2 8192
5 8192
1 8192
3 8192
2 8192
1 8192
0 3779
3 8192
2 8192
2 8192
1 8192
1 8192
1 8192
3 8192
2 8192
0 4866
1 8192
1 8192
4 8192
4 8192
0 5386
3 8192
0 7561
1 8192
2 8192
2 8192
1 8192
0 6302
1 8192
1 8192
5 8192
5 8192
0 7279
1 8192
0 6044
1 8192
2 8192
0 4157
4 8192
0 4398
4 8192
0 4061
1 8192
3 8192
2 8192
0 7597
3 8192
1 8192
3 8192
3 8192
1 8192
2 8192
1 8192
1 8192
0 5009
1 8192
0 6019
2 8192
1 8192
1 8192
0 4639
6 8192
4 8192
1 8192
2 8192
2 8192
1 8192
0 6847
3 8192
0 5060
0 4716
2 8192
0 7758
2 8192
0 4646
1 8192
3 8192
3 8192
0 3350
2 8192
1 8192
2 8192
1 8192
3 8192
1 8192
3 8192
3 8192
2 8192
2 8192
1 8192
0 5028
0 5522
1 8192
2 8192
2 8192
2 8192
2 8192
1 8192
1 8192
1 8192
0 7135
1 8192
0 4674
2 8192
2 8192
0 6768
0 7963
4 8192
0 6489
0 4770
2 8192
0 5743
3 8192
1 8192
3 8192
0 5448
0 3395
0 5320
0 4216
0 6170
1 8192
0 5912
1 8192
0 3722
1 8192
1 8192
1 8192
2 8192
1 8192
1 8192
2 8192
5 8192
1 8192
1 8192
0 7834
2 8192
0 3785
2 8192
2 8192
0 3756
1 8192
1 8192
0 3982
0 6246
2 8192
1 8192
1 8192
2 8192
3 8192
4 8192
0 4730
1 8192
2 8192
0 4612
3 8192
2 8192
1 8192
0 3658
1 8192
3 8192
1 8192
2 8192
2 8192
0 3778
0 5560
4 8192
0 4475
2 8192
2 8192
1 8192
0 6882
3 8192
2 8192
0 5360
1 8192
3 8192
1 8192
0 6111
2 8192
4 8192
1 8192
5 8192
1 8192
1 8192
1 8192
0 4145
1 8192
1 8192
3 8192
0 4819
0 6436
0 5932
1 8192
2 8192
0 5972
3 8192
2 8192
0 4051
1 8192
2 8192
0 3268
1 8192
1 8192
2 8192
1 8192
1 8192
0 5289
0 5969
0 5217
1 8192
0 3037
1 8192
0 7673
0 5132
0 6180
0 5673
0 4551
1 8192
0 3821
2 8192
2 8192
1 8192
0 4397
5 8192
0 4136
1 8192
0 4181
0 6026
0 8170
3 8192
2 8192
3 8192
1 8192
1 8192
0 8188
1 8192
2 8192
0 6300
2 8192
0 7589
0 4360
0 4318
0 4329
0 4677
0 5954
4 8192
3 8192
1 8192
3 8192
0 5746
4 8192
1 8192
3 8192
1 8192
1 8192
1 8192
1 8192
0 2527
1 8192
2 8192
1 8192
1 8192
1 8192
4 8192
1 8192
3 8192
2 8192
2 8192
2 8192
1 8192
0 7183
0 7991
3 8192
1 8192
1 8192
0 3770
0 5857
1 8192
0 5490
3 8192
0 7999
3 8192
4 8192
1 8192
0 6010
1 8192
2 8192
2 8192
2 8192
3 8192
1 8192
3 8192
2 8192
1 8192
0 4433
3 8192
1 8192
2 8192
0 3697
1 8192
1 8192
0 4361
1 8192
0 7743
1 8192
2 8192
1 8192
3 8192
1 8192
2 8192
2 8192
0 5239
2 8192
1 8192
1 8192
3 8192
0 7862
0 7136
1 8192
4 8192
2 8192
1 8192
2 8192
0 4291
0 7077
1 8192
1 8192
1 8192
0 3384
0 5671
0 6202
1 8192
0 5256
1 8192
2 8192
1 8192
0 4157
1 8192
3 8192
0 5315
1 8192
1 8192
2 8192
0 6362
1 8192
0 4637
1 8192
1 8192
0 4464
1 8192
0 4752
0 5670
0 6344
1 8192
1 8192
0 3947
0 5507
2 8192
3 8192
3 8192
1 8192
0 7032
0 5594
0 6192
3 8192
1 8192
1 8192
0 6483
1 8192
4 8192
0 4536
0 5656
1 8192
1 8192
2 8192
1 8192
2 8192
1 8192
1 8192
0 6862
2 8192
1 8192
1 8192
0 6697
3 8192
1 8192
1 8192
6 8192
0 5078
1 8192
2 8192
0 5901
3 8192
0 3309
1 8192
1 8192
0 6326
1 8192
1 8192
0 5808
2 8192
2 8192
3 8192
1 8192
4 8192
1 8192
2 8192
1 8192
0 4206
2 8192
1 8192
0 5480
2 8192
3 8192
0 5507
1 8192
0 5188
0 3925
1 8192
0 4546
3 8192
5 8192
3 8192
0 8119
1 8192
1 8192
2 8192
1 8192
2 8192
1 8192
3 8192
1 8192
0 4522
1 8192
0 4199
0 6494
2 8192
0 4710
0 7792
0 7296
1 8192
1 8192
3 8192
1 8192
2 8192
2 8192
3 8192
1 8192
1 8192
2 8192
1 8192
2 8192
1 8192
0 6522
0 4478
0 3424
0 7416
1 8192
2 8192
3 8192
1 8192
2 8192
0 5722
4 8192
0 5848
1 8192
2 8192
3 8192
2 8192
0 4359
1 8192
2 8192
0 5565
2 8192
1 8192
0 7092
0 3931
0 8114
0 4185
1 8192
0 5348
0 6006
1 8192
0 5710
0 4157
2 8192
0 4339
1 8192
1 8192
2 8192
3 8192
1 8192
2 8192
4 8192
1 8192
0 4049
0 6320
0 4550
1 8192
1 8192
1 8192
1 8192
0 6191
6 8192
3 8192
4 8192
1 8192
0 6884
0 6231
1 8192
2 8192
2 8192
1 8192
3 8192
2 8192
1 8192
0 4741
0 2916
2 8192
0 8072
0 4933
0 5019
1 8192
1 8192
0 5954
3 8192
1 8192
2 8192
0 5801
1 8192
0 8083
2 8192
3 8192
0 5791
1 8192
0 5834
3 8192
0 3641
1 8192
1 8192
1 8192
2 8192
1 8192
2 8192
2 8192
1 8192
0 5076
0 8023
0 3940
1 8192
2 8192
2 8192
0 3149
2 8192
3 8192
1 8192
1 8192
2 8192
1 8192
0 6127
0 5370
2 8192
1 8192
1 8192
3 8192
2 8192
2 8192
1 8192
2 8192
0 4509
0 3668
1 8192
0 4080
2 8192
0 4247
0 8112
0 7154
0 7519
0 4734
2 8192
1 8192
2 8192
1 8192
1 8192
4 8192
2 8192
3 8192
2 8192
4 8192
5 8192
0 4514
0 3623
0 4344
2 8192
1 8192
1 8192
0 3871
2 8192
1 8192
1 8192
1 8192
0 4613
1 8192
1 8192
3 8192
0 6079
1 8192
1 8192
1 8192
0 4118
0 7906
1 8192
0 4442
2 8192
1 8192
0 7942
4 8192
0 6865
1 8192
1 8192
1 8192
4 8192
0 3582
0 4222
2 8192
1 8192
3 8192
1 8192
4 8192
1 8192
0 7318
0 8091
1 8192
0 6852
2 8192
2 8192
2 8192
1 8192
2 8192
1 8192
3 8192
2 8192
2 8192
1 8192
1 8192
0 3116
1 8192
2 8192
2 8192
0 6454
0 7246
1 8192
1 8192
2 8192
2 8192
0 7398
0 3808
0 6503
2 8192
1 8192
0 4395
3 8192
1 8192
0 4792
0 4706
3 8192
5 8192
1 8192
0 3711
1 8192
3 8192
1 8192
1 8192
2 8192
1 8192
0 6097
1 8192
0 3833
0 5691
0 3903
0 7799
3 8192
1 8192
0 5315
0 4607
4 8192
3 8192
2 8192
0 4729
0 6031
0 7760
0 7300
1 8192
0 4662
1 8192
2 8192
1 8192
0 5718
1 8192
2 8192
0 6801
1 8192
2 8192
3 8192
1 8192
0 4403
1 8192
0 7656
2 8192
0 7550
2 8192
0 7151
1 8192
1 8192
2 8192
1 8192
1 8192
4 8192
0 4988
1 8192
0 4438
3 8192
0 4656
2 8192
4 8192
1 8192
1 8192
0 3644
1 8192
1 8192
2 8192
1 8192
2 8192
3 8192
2 8192
2 8192
4 8192
2 8192
0 4841
0 4719
1 8192
1 8192
2 8192
2 8192
0 6795
0 5302
1 8192
2 8192
1 8192
0 3173
0 7994
0 3915
0 3985
1 8192
1 8192
2 8192
0 4764
2 8192
2 8192
2 8192
3 8192
2 8192
1 8192
0 5358
1 8192
1 8192
3 8192
0 5392
1 8192
1 8192
4 8192
0 3329
0 6415
2 8192
0 7845
4 8192
0 7481
2 8192
2 8192
2 8192
0 7866
2 8192
2 8192
4 8192
0 5955
1 8192
1 8192
0 5043
0 5028
1 8192
0 3355
5 8192
3 8192
3 8192
2 8192
1 8192
0 5092
1 8192
2 8192
1 8192
2 8192
6 8192
1 8192
0 5394
1 8192
1 8192
3 8192
1 8192
1 8192
1 8192
2 8192
1 8192
1 8192
0 4999
0 5014
2 8192
2 8192
3 8192
0 8020
0 4229
2 8192
0 4123
1 8192
1 8192
0 6902
0 7011
1 8192
1 8192
1 8192
0 6695
2 8192
0 7548
0 7204
4 8192
2 8192
0 5182
1 8192
1 8192
1 8192
3 8192
2 8192
2 8192
1 8192
2 8192
2 8192
2 8192
2 8192
1 8192
5 8192
0 4536
3 8192
2 8192
5 8192
2 8192
1 8192
1 8192
3 8192
1 8192
3 8192
1 8192
2 8192
0 5280
1 8192
1 8192
1 8192
0 3602
0 7159
2 8192
2 8192
2 8192
1 8192
0 6384
2 8192
1 8192
4 8192
0 5521
1 8192
3 8192
3 8192
0 3943
1 8192
0 4015
0 3167
1 8192
1 8192
0 5412
3 8192
1 8192
2 8192
3 8192
1 8192
0 6050
0 6070
2 8192
3 8192
0 7113
3 8192
1 8192
0 5439
0 3304
0 2879
3 8192
2 8192
0 3642
2 8192
3 8192
1 8192
1 8192
0 3779
2 8192
0 7091
0 7679
2 8192
0 6082
0 6076
1 8192
0 4922
2 8192
5 8192
0 7141
0 3347
2 8192
1 8192
3 8192
1 8192
2 8192
1 8192
3 8192
3 8192
3 8192
1 8192
1 8192
0 6501
3 8192
3 8192
2 8192
1 8192
2 8192
0 7747
0 3105
5 8192
1 8192
0 2803
3 8192
0 7599
2 8192
1 8192
1 8192
2 8192
0 4711
0 6122
3 8192
2 8192
2 8192
1 8192
2 8192
0 5260
1 8192
1 8192
2 8192
0 6320
0 4924
3 8192
1 8192
0 3517
2 8192
1 8192
1 8192
0 5171
4 8192
0 6788
1 8192
1 8192
5 8192
1 8192
1 8192
0 5125
0 5276
3 8192
3 8192
0 3472
1 8192
1 8192
1 8192
1 8192
1 8192
1 8192
1 8192
1 8192
4 8192
5 8192
1 8192
0 6049
0 6021
1 8192
1 8192
0 5639
1 8192
0 4576
2 8192
0 5956
1 8192
2 8192
1 8192
0 5718
1 8192
2 8192
4 8192
0 6180
0 5868
2 8192
1 8192
3 8192
1 8192
3 8192
1 8192
3 8192
1 8192
0 4346
2 8192
1 8192
2 8192
3 8192
1 8192
3 8192
0 8191
0 6046
2 8192
1 8192
0 5745
1 8192
3 8192
0 4154
1 8192
2 8192
0 3928
2 8192
3 8192
1 8192
1 8192
0 6032
2 8192
4 8192
4 8192
0 7693
3 8192
0 4554
2 8192
0 4519
7 8192
0 7258
0 6570
1 8192
0 5006
3 8192
1 8192
2 8192
2 8192
5 8192
2 8192
2 8192
2 8192
0 4130
1 8192
4 8192
0 7943
0 4291
3 8192
0 7443
0 4864
2 8192
1 8192
1 8192
3 8192
3 8192
1 8192
0 5620
2 8192
1 8192
0 6730
1 8192
2 8192
3 8192
0 7051
0 2855
3 8192
2 8192
0 5814
0 5055
3 8192
1 8192
1 8192
3 8192
0 3073
0 4546
1 8192
2 8192
5 8192
4 8192
0 5977
1 8192
2 8192
0 5425
0 6645
0 5199
4 8192
1 8192
3 8192
3 8192
0 4056
0 3826
2 8192
3 8192
1 8192
2 8192
0 4398
1 8192
3 8192
1 8192
1 8192
0 4199
1 8192
1 8192
1 8192
3 8192
4 8192
2 8192
5 8192
0 4877
3 8192
0 5081
1 8192
2 8192
0 6196
1 8192
5 8192
1 8192
0 5320
1 8192
1 8192
2 8192
3 8192
0 3304
0 8178
1 8192
1 8192
0 4849
1 8192
1 8192
0 3807
2 8192
0 5061
2 8192
1 8192
0 6382
0 6573
1 8192
0 4365
2 8192
0 5192
1 8192
1 8192
2 8192
1 8192
4 8192
1 8192
1 8192
1 8192
1 8192
2 8192
1 8192
3 8192
1 8192
0 5486
2 8192
2 8192
0 5068
3 8192
0 4656
0 6811
1 8192
3 8192
0 3800
2 8192
1 8192
2 8192
0 4467
1 8192
0 7941
2 8192
0 7181
1 8192
1 8192
0 7096
2 8192
1 8192
2 8192
2 8192
0 5134
0 3651
0 5966
2 8192
2 8192
1 8192
2 8192
2 8192
2 8192
2 8192
0 5307
1 8192
1 8192
1 8192
3 8192
2 8192
0 7352
1 8192
2 8192
1 8192
0 4888
3 8192
2 8192
0 7257
3 8192
4 8192
2 8192
0 4934
2 8192
1 8192
2 8192
0 5978
5 8192
1 8192
2 8192
5 8192
0 5567
3 8192
2 8192
1 8192
2 8192
0 8092
1 8192
2 8192
1 8192
3 8192
1 8192
1 8192
1 8192
1 8192
4 8192
0 5376
2 8192
2 8192
3 8192
2 8192
1 8192
2 8192
0 4079
3 8192
2 8192
2 8192
0 6712
2 8192
1 8192
2 8192
1 8192
2 8192
2 8192
0 7106
0 6920
1 8192
0 8043
2 8192
1 8192
8 8192
0 5512
0 5032
1 8192
2 8192
2 8192
1 8192
1 8192
3 8192
2 8192
0 4261
0 4485
0 7392
0 4734
2 8192
0 7687
0 8163
4 8192
5 8192
1 8192
0 6319
0 5042
0 4965
1 8192
0 4563
1 8192
2 8192
0 5498
2 8192
0 5839
2 8192
2 8192
1 8192
1 8192
1 8192
0 6753
3 8192
0 6024
2 8192
0 6323
0 5798
3 8192
0 7762
2 8192
0 3682
1 8192
1 8192
0 6325
3 8192
1 8192
2 8192
2 8192
4 8192
0 4147
0 6064
3 8192
0 7052
0 5505
0 3811
2 8192
2 8192
3 8192
2 8192
3 8192
3 8192
0 7030
5 8192
3 8192
2 8192
0 6006
2 8192
0 8179
1 8192
0 5298
1 8192
1 8192
2 8192
2 8192
1 8192
1 8192
0 5551
1 8192
1 8192
0 6259
1 8192
2 8192
2 8192
4 8192
0 3662
0 3883
0 5365
1 8192
1 8192
1 8192
0 6074
0 3391
0 3369
4 8192
0 3756
4 8192
2 8192
1 8192
1 8192
3 8192
1 8192
1 8192
3 8192
0 5152
3 8192
0 6453
1 8192
0 5938
2 8192
0 4793
4 8192
1 8192
1 8192
0 7950
3 8192
1 8192
2 8192
2 8192
1 8192
2 8192
2 8192
0 4759
0 7322
1 8192
1 8192
3 8192
2 8192
2 8192
2 8192
2 8192
1 8192
2 8192
2 8192
0 8063
1 8192
1 8192
1 8192
0 4554
1 8192
3 8192
3 8192
0 3622
3 8192
0 5396
1 8192
3 8192
2 8192
0 6497
0 4696
0 4558
2 8192
1 8192
2 8192
1 8192
1 8192
1 8192
0 4061
1 8192
2 8192
0 7372
2 8192
3 8192
3 8192
1 8192
3 8192
1 8192
1 8192
2 8192
0 5973
0 4564
1 8192
3 8192
3 8192
3 8192
0 6418
1 8192
0 6939
2 8192
5 8192
1 8192
2 8192
1 8192
2 8192
3 8192
0 7966
0 6016
0 4519
0 4385
3 8192
2 8192
1 8192
3 8192
3 8192
1 8192
2 8192
1 8192
2 8192
0 4366
0 5201
1 8192
0 3286
3 8192
4 8192
2 8192
1 8192
1 8192
1 8192
0 4846
2 8192
2 8192
2 8192
1 8192
1 8192
3 8192
2 8192
0 5992
0 6199
0 6426
1 8192
2 8192
1 8192
0 4096
2 8192
3 8192
0 4001
0 3733
1 8192
1 8192
0 7851
2 8192
2 8192
3 8192
2 8192
3 8192
3 8192
4 8192
0 6711
1 8192
2 8192
0 7351
1 8192
0 5082
0 6181
0 5032
2 8192
1 8192
0 4598
1 8192
0 5280
0 3431
1 8192
2 8192
4 8192
1 8192
0 5584
1 8192
1 8192
0 3833
2 8192
1 8192
1 8192
1 8192
1 8192
1 8192
0 5963
0 6874
0 5502
1 8192
3 8192
2 8192
0 4855
0 7565
2 8192
0 4503
0 6393
4 8192
5 8192
3 8192
1 8192
0 6408
2 8192
2 8192
3 8192
1 8192
2 8192
1 8192
1 8192
2 8192
3 8192
1 8192
2 8192
1 8192
3 8192
1 8192
1 8192
3 8192
2 8192
1 8192
1 8192
2 8192
3 8192
0 7181
1 8192
1 8192
1 8192
1 8192
0 6634
0 5372
0 5572
1 8192
1 8192
0 6141
3 8192
0 3240
2 8192
1 8192
5 8192
0 4672
2 8192
0 8118
1 8192
2 8192
0 4444
2 8192
0 3764
1 8192
0 3882
2 8192
5 8192
0 4411
0 4099
0 4854
0 3817
2 8192
1 8192
2 8192
1 8192
1 8192
0 6884
2 8192
0 5773
4 8192
0 6087
1 8192
3 8192
1 8192
1 8192
0 3825
4 8192
2 8192
1 8192
2 8192
0 4707
0 6751
1 8192
3 8192
1 8192
1 8192
1 8192
1 8192
1 8192
0 5809
1 8192
2 8192
3 8192
1 8192
0 3551
1 8192
0 3319
2 8192
3 8192
2 8192
1 8192
2 8192
1 8192
4 8192
0 7273
2 8192
3 8192
2 8192
0 4086
0 6328
0 4529
0 4873
3 8192
2 8192
4 8192
2 8192
1 8192
3 8192
3 8192
0 8187
2 8192
3 8192
1 8192
0 5565
1 8192
1 8192
3 8192
5 8192
0 7172
0 5596
0 6168
1 8192
1 8192
5 8192
0 4149
5 8192
2 8192
2 8192
1 8192
0 4985
3 8192
1 8192
0 4296
1 8192
3 8192
0 3791
2 8192
2 8192
0 3139
0 7700
3 8192
1 8192
1 8192
1 8192
1 8192
2 8192
1 8192
2 8192
3 8192
4 8192
3 8192
3 8192
2 8192
0 7262
0 6200
2 8192
0 7782
2 8192
0 3385
3 8192
1 8192
1 8192
1 8192
1 8192
0 5760
1 8192
4 8192
1 8192
0 3866
1 8192
1 8192
1 8192
1 8192
1 8192
4 8192
0 7259
2 8192
0 5401
0 4575
1 8192
0 5644
1 8192
0 3938
1 8192
1 8192
0 6655
0 7356
4 8192
1 8192
3 8192
1 8192
2 8192
0 5342
1 8192
0 6280
0 7194
0 4097
1 8192
1 8192
2 8192
1 8192
2 8192
0 4041
4 8192
3 8192
0 5524
0 5196
1 8192
0 7836
1 8192
2 8192
2 8192
2 8192
1 8192
3 8192
1 8192
3 8192
2 8192
0 5788
2 8192
1 8192
2 8192
0 4864
1 8192
3 8192
0 2855
0 3285
2 8192
0 4394
0 5580
2 8192
0 4045
1 8192
1 8192
0 4509
0 4450
1 8192
0 4531
4 8192
0 4500
2 8192
1 8192
1 8192
0 5885
1 8192
0 4798
2 8192
2 8192
2 8192
2 8192
5 8192
1 8192
1 8192
1 8192
3 8192
0 8188
3 8192
1 8192
1 8192
3 8192
1 8192
0 5202
2 8192
2 8192
2 8192
0 4218
1 8192
0 4238
0 5896
1 8192
1 8192
1 8192
2 8192
0 7446
1 8192
0 6797
0 4987
3 8192
1 8192
2 8192
2 8192
3 8192
0 3927
2 8192
3 8192
3 8192
3 8192
2 8192
0 5916
0 6676
2 8192
1 8192
1 8192
2 8192
1 8192
2 8192
1 8192
1 8192
2 8192
2 8192
0 6468
2 8192
2 8192
5 8192
0 5291
2 8192
0 6747
2 8192
4 8192
2 8192
0 6122
1 8192
1 8192
5 8192
0 7299
0 4900
1 8192
2 8192
1 8192
2 8192
1 8192
1 8192
2 8192
0 4095
2 8192
1 8192
0 3708
1 8192
3 8192
1 8192
0 7716
1 8192
0 6929
4 8192
0 7775
1 8192
1 8192
0 4126
2 8192
0 6263
1 8192
1 8192
1 8192
1 8192
2 8192
1 8192
1 8192
2 8192
2 8192
3 8192
3 8192
1 8192
0 4935
1 8192
0 4861
1 8192
4 8192
0 5752
3 8192
1 8192
3 8192
1 8192
1 8192
1 8192
3 8192
0 3535
1 8192
0 7391
0 7979
1 8192
1 8192
2 8192
2 8192
2 8192
0 8099
2 8192
1 8192
2 8192
0 7047
3 8192
1 8192
1 8192
2 8192
4 8192
2 8192
4 8192
1 8192
0 3931
1 8192
2 8192
1 8192
1 8192
1 8192
0 4436
0 3340
1 8192
0 6667
3 8192
2 8192
1 8192
2 8192
2 8192
1 8192
0 3308
0 5726
1 8192
2 8192
0 2951
1 8192
1 8192
3 8192
0 3124
1 8192
1 8192
4 8192
1 8192
0 5721
3 8192
1 8192
0 2800
4 8192
4 8192
2 8192
0 4055
1 8192
1 8192
2 8192
0 7616
2 8192
2 8192
0 3208
1 8192
1 8192
4 8192
1 8192
1 8192
1 8192
0 5116
0 7167
1 8192
0 5875
0 4589
2 8192
0 4938
2 8192
0 5973
1 8192
1 8192
1 8192
0 3923
4 8192
1 8192
5 8192
1 8192
0 5016
1 8192
3 8192
3 8192
1 8192
1 8192
4 8192
1 8192
2 8192
1 8192
1 8192
1 8192
1 8192
2 8192
0 4766
2 8192
1 8192
2 8192
2 8192
0 3496
1 8192
1 8192
0 7815
2 8192
1 8192
0 3854
1 8192
3 8192
2 8192
0 5365
0 4519
0 4169
1 8192
0 6465
1 8192
0 7345
2 8192
2 8192
0 4879
0 3515
1 8192
0 6914
2 8192
0 3812
1 8192
2 8192
0 4524
1 8192
2 8192
2 8192
2 8192
2 8192
1 8192
0 7640
3 8192
1 8192
3 8192
0 3861
1 8192
1 8192
1 8192
1 8192
3 8192
1 8192
1 8192
2 8192
2 8192
2 8192
3 8192
2 8192
0 3784
2 8192
2 8192
1 8192
2 8192
1 8192
1 8192
0 4841
1 8192
0 5397
0 7122
0 6034
1 8192
0 4300
0 3783
0 3896
3 8192
1 8192
1 8192
1 8192
3 8192
3 8192
3 8192
0 5660
2 8192
1 8192
2 8192
1 8192
0 5414
0 4922
1 8192
2 8192
1 8192
3 8192
2 8192
3 8192
2 8192
1 8192
0 4423
5 8192
2 8192
1 8192
2 8192
0 5901
4 8192
0 6560
3 8192
2 8192
2 8192
4 8192
0 6603
0 4738
1 8192
1 8192
0 5384
0 6641
1 8192
1 8192
1 8192
0 6252
0 6953
2 8192
2 8192
2 8192
1 8192
0 7099
1 8192
0 5649
3 8192
1 8192
1 8192
0 4211
0 4165
0 3137
2 8192
5 8192
1 8192
3 8192
1 8192
1 8192
1 8192
2 8192
1 8192
0 4168
0 7656
4 8192
1 8192
0 3873
0 4377
0 7551
0 5246
1 8192
2 8192
1 8192
1 8192
1 8192
2 8192
3 8192
1 8192
0 8091
0 5069
1 8192
1 8192
0 5094
0 3770
4 8192
3 8192
1 8192
2 8192
6 8192
0 7299
1 8192
0 4918
3 8192
0 3017
5 8192
1 8192
0 4022
2 8192
4 8192
1 8192
2 8192
5 8192
3 8192
0 6318
1 8192
3 8192
2 8192
2 8192
4 8192
2 8192
2 8192
1 8192
3 8192
0 4061
2 8192
1 8192
2 8192
1 8192
1 8192
0 6193
3 8192
1 8192
0 5756
0 4576
1 8192
2 8192
1 8192
0 3382
1 8192
0 7756
2 8192
0 7536
3 8192
0 5896
0 4831
0 7643
1 8192
1 8192
2 8192
3 8192
2 8192
3 8192
0 4957
1 8192
0 7595
0 7629
3 8192
3 8192
1 8192
2 8192
1 8192
1 8192
1 8192
0 6112
1 8192
1 8192
3 8192
0 4272
2 8192
0 6407
0 3587
1 8192
5 8192
4 8192
0 7461
1 8192
3 8192
1 8192
0 7836
3 8192
2 8192
1 8192
2 8192
0 3730
0 4341
1 8192
2 8192
0 4365
1 8192
1 8192
0 3861
3 8192
1 8192
2 8192
1 8192
0 4210
0 3054
2 8192
1 8192
4 8192
1 8192
1 8192
1 8192
1 8192
1 8192
1 8192
6 8192
1 8192
1 8192
0 7054
1 8192
2 8192
3 8192
1 8192
5 8192
0 6152
2 8192
1 8192
1 8192
0 7681
2 8192
0 5753
0 6844
1 8192
1 8192
0 5099
4 8192
1 8192
0 4397
2 8192
3 8192
0 4971
1 8192
1 8192
0 4065
0 4051
2 8192
1 8192
4 8192
1 8192
0 4912
0 3736
2 8192
0 7889
1 8192
1 8192
1 8192
2 8192
0 3628
3 8192
2 8192
2 8192
1 8192
2 8192
1 8192
0 2997
2 8192
1 8192
0 4709
1 8192
1 8192
0 3573
0 8093
0 4393
3 8192
1 8192
2 8192
0 5274
3 8192
4 8192
3 8192
4 8192
3 8192
0 3818
1 8192
0 3746
1 8192
0 4637
0 3322
1 8192
0 6000
0 3450
1 8192
2 8192
0 3996
1 8192
0 8122
2 8192
2 8192
2 8192
5 8192
0 7264
0 5357
0 3923
1 8192
0 4288
1 8192
1 8192
4 8192
0 6868
1 8192
4 8192
1 8192
1 8192
3 8192
1 8192
4 8192
1 8192
4 8192
0 3631
0 4146
0 5308
1 8192
1 8192
3 8192
2 8192
2 8192
0 7569
0 5363
2 8192
0 6948
3 8192
1 8192
0 4402
2 8192
2 8192
0 6429
0 8154
1 8192
3 8192
1 8192
0 5859
2 8192
3 8192
0 4714
1 8192
5 8192
0 6791
0 7942
3 8192
0 7605
2 8192
3 8192
0 3854
2 8192
1 8192
1 8192
0 4760
2 8192
1 8192
2 8192
0 4648
1 8192
4 8192
1 8192
0 5183
0 4919
2 8192
2 8192
1 8192
1 8192
2 8192
1 8192
3 8192
1 8192
0 4375
2 8192
0 4200
3 8192
0 7268
3 8192
0 3425
2 8192
0 5461
1 8192
1 8192
1 8192
2 8192
0 6546
2 8192
2 8192
0 5335
0 4186
3 8192
2 8192
0 6290
2 8192
2 8192
0 4038
1 8192
0 7693
2 8192
3 8192
0 6643
1 8192
2 8192
2 8192
3 8192
1 8192
1 8192
2 8192
0 6862
0 2877
0 2935
1 8192
0 3240
2 8192
2 8192
0 3943
0 5631
0 4609
3 8192
0 3465
2 8192
1 8192
0 5352
3 8192
2 8192
1 8192
2 8192
1 8192
0 7116
2 8192
2 8192
2 8192
1 8192
2 8192
0 6539
1 8192
1 8192
3 8192
0 4446
1 8192
0 4920
1 8192
2 8192
2 8192
0 5543
0 4677
1 8192
1 8192
2 8192
3 8192
0 3454
3 8192
0 4521
1 8192
0 4018
1 8192
2 8192
2 8192
2 8192
0 6796
0 5378
3 8192
0 5383
1 8192
3 8192
3 8192
1 8192
3 8192
1 8192
0 6187
1 8192
1 8192
3 8192
1 8192
3 8192
2 8192
3 8192
0 3948
2 8192
0 4031
2 8192
1 8192
1 8192
0 5311
4 8192
0 7149
1 8192
1 8192
1 8192
0 3444
2 8192
1 8192
0 5243
2 8192
1 8192
0 5554
2 8192
1 8192
2 8192
2 8192
4 8192
0 5302
3 8192
5 8192
0 7826
2 8192
0 4923
3 8192
2 8192
1 8192
3 8192
1 8192
1 8192
1 8192
0 5084
0 4379
2 8192
1 8192
1 8192
1 8192
1 8192
3 8192
2 8192
1 8192
1 8192
3 8192
0 6742
1 8192
0 4502
0 5391
1 8192
1 8192
2 8192
0 5962
1 8192
3 8192
1 8192
1 8192
0 3975
2 8192
0 5832
0 7286
0 5959
4 8192
2 8192
3 8192
1 8192
0 4915
2 8192
3 8192
5 8192
4 8192
0 6499
0 3841
0 6002
3 8192
1 8192
2 8192
2 8192
3 8192
0 4997
2 8192
1 8192
1 8192
0 3477
1 8192
3 8192
2 8192
0 3739
2 8192
0 4314
1 8192
0 6150
1 8192
2 8192
1 8192
0 5783
0 4146
1 8192
1 8192
0 3267
1 8192
0 6275
0 5546
1 8192
0 5100
0 6123
1 8192
1 8192
0 5004
2 8192
1 8192
3 8192
0 4619
0 5308
3 8192
1 8192
0 3646
1 8192
1 8192
1 8192
0 4503
2 8192
3 8192
3 8192
3 8192
0 3644
0 6000
2 8192
1 8192
0 7448
2 8192
3 8192
1 8192
2 8192
0 4802
1 8192
1 8192
0 4975
1 8192
1 8192
4 8192
2 8192
1 8192
0 5416
1 8192
2 8192
5 8192
1 8192
1 8192
1 8192
3 8192
1 8192
2 8192
0 3326
1 8192
1 8192
3 8192
1 8192
1 8192
1 8192
2 8192
2 8192
1 8192
1 8192
1 8192
0 6113
0 7782
3 8192
1 8192
1 8192
5 8192
0 3525
2 8192
2 8192
1 8192
2 8192
3 8192
0 4597
1 8192
0 4960
1 8192
0 6660
3 8192
2 8192
0 7736
2 8192
0 4064
1 8192
1 8192
2 8192
0 6338
0 4616
1 8192
1 8192
0 4792
0 5647
2 8192
0 7568
3 8192
0 6009
1 8192
1 8192
1 8192
3 8192
1 8192
0 7456
1 8192
2 8192
0 4742
1 8192
4 8192
0 5727
3 8192
5 8192
0 4141
2 8192
0 6997
0 6720
0 5311
1 8192
0 4979
2 8192
2 8192
2 8192
3 8192
1 8192
1 8192
1 8192
3 8192
4 8192
0 6533
2 8192
1 8192
0 4438
0 4062
2 8192
2 8192
2 8192
1 8192
3 8192
1 8192
2 8192
0 4526
4 8192
2 8192
1 8192
0 4392
1 8192
1 8192
1 8192
0 3975
2 8192
0 6206
0 6745
2 8192
0 3584
1 8192
1 8192
0 4657
4 8192
5 8192
1 8192
1 8192
0 5829
1 8192
2 8192
0 4062
1 8192
2 8192
1 8192
1 8192
1 8192
4 8192
3 8192
1 8192
1 8192
2 8192
1 8192
1 8192
0 5658
1 8192
3 8192
3 8192
4 8192
1 8192
1 8192
2 8192
1 8192
1 8192
1 8192
0 5674
1 8192
1 8192
0 4527
2 8192
1 8192
1 8192
0 5198
0 6761
1 8192
0 4579
2 8192
1 8192
0 7345
2 8192
2 8192
1 8192
0 4358
1 8192
2 8192
2 8192
0 5765
2 8192
1 8192
0 7197
0 5421
3 8192
3 8192
2 8192
0 3131
4 8192
0 5879
2 8192
3 8192
0 5275
2 8192
0 3599
0 3835
0 3350
3 8192
5 8192
2 8192
2 8192
1 8192
1 8192
1 8192
3 8192
2 8192
1 8192
6 8192
1 8192
2 8192
3 8192
1 8192
0 4073
0 5430
5 8192
1 8192
1 8192
2 8192
0 6038
1 8192
1 8192
0 4049
1 8192
0 4143
0 4675
3 8192
0 4819
0 3516
1 8192
1 8192
1 8192
3 8192
0 7058
1 8192
2 8192
1 8192
1 8192
1 8192
1 8192
4 8192
2 8192
1 8192
0 5201
1 8192
2 8192
0 3587
0 6759
3 8192
3 8192
3 8192
4 8192
1 8192
1 8192
3 8192
2 8192
3 8192
1 8192
2 8192
1 8192
1 8192
1 8192
1 8192
1 8192
0 7865
0 3434
2 8192
1 8192
0 4803
3 8192
0 4926
0 7449
0 7026
1 8192
4 8192
2 8192
4 8192
0 5243
0 7444
2 8192
3 8192
0 7820
0 4838
0 7910
1 8192
1 8192
0 4086
4 8192
1 8192
0 6237
1 8192
0 6202
1 8192
0 6137
0 3250
0 4234
1 8192
0 5468
7 8192
2 8192
0 8030
2 8192
2 8192
2 8192
1 8192
1 8192
3 8192
2 8192
1 8192
0 3713
2 8192
0 5382
0 3817
2 8192
2 8192
0 4522
1 8192
2 8192
2 8192
1 8192
0 5193
2 8192
1 8192
1 8192
0 6045
1 8192
1 8192
1 8192
4 8192
3 8192
1 8192
3 8192
3 8192
3 8192
1 8192
0 5334
1 8192
1 8192
1 8192
1 8192
1 8192
1 8192
0 6696
1 8192
1 8192
0 3678
1 8192
1 8192
2 8192
0 4743
0 3377
4 8192
0 5424
1 8192
2 8192
0 4890
3 8192
1 8192
1 8192
2 8192
1 8192
3 8192
2 8192
1 8192
1 8192
0 8093
2 8192
2 8192
2 8192
2 8192
0 4425
2 8192
1 8192
1 8192
5 8192
2 8192
2 8192
1 8192
0 6636
1 8192
1 8192
1 8192
1 8192
0 4731
0 7274
1 8192
1 8192
1 8192
1 8192
2 8192
1 8192
2 8192
2 8192
1 8192
0 4891
0 3375
2 8192
0 3429
0 5103
1 8192
0 5790
0 5475
2 8192
1 8192
3 8192
1 8192
1 8192
2 8192
1 8192
0 3711
1 8192
3 8192
4 8192
1 8192
0 7636
0 5141
1 8192
0 5770
1 8192
3 8192
2 8192
4 8192
1 8192
2 8192
0 4308
0 4125
0 3956
1 8192
0 6159
0 7682
1 8192
2 8192
1 8192
0 5547
1 8192
1 8192
2 8192
1 8192
2 8192
0 4932
1 8192
1 8192
0 5116
0 5825
2 8192
1 8192
0 5000
1 8192
3 8192
0 5479
3 8192
0 7236
2 8192
1 8192
2 8192
1 8192
0 4344
0 3365
3 8192
1 8192
0 6557
0 5219
1 8192
0 6882
2 8192
1 8192
3 8192
0 4558
2 8192
0 7021
1 8192
0 2999
1 8192
2 8192
1 8192
1 8192
1 8192
2 8192
2 8192
4 8192
1 8192
1 8192
1 8192
0 7116
0 5325
2 8192
0 7891
0 6621
5 8192
3 8192
3 8192
1 8192
2 8192
1 8192
2 8192
2 8192
0 4647
1 8192
1 8192
0 4097
2 8192
0 7405
1 8192
1 8192
1 8192
1 8192
2 8192
2 8192
0 3866
2 8192
2 8192
2 8192
3 8192
2 8192
4 8192
0 4535
2 8192
1 8192
1 8192
1 8192
0 7576
1 8192
2 8192
1 8192
0 7640
0 4452
1 8192
1 8192
2 8192
2 8192
2 8192
0 7554
0 5703
0 5692
1 8192
1 8192
2 8192
0 5660
0 4260
0 4954
1 8192
3 8192
0 4364
2 8192
1 8192
2 8192
1 8192
0 7526
1 8192
2 8192
1 8192
0 6343
1 8192
1 8192
1 8192
1 8192
2 8192
1 8192
2 8192
0 6247
1 8192
1 8192
0 4586
0 5990
1 8192
2 8192
0 3709
1 8192
0 5119
0 5198
2 8192
1 8192
4 8192
1 8192
0 7043
5 8192
2 8192
0 4975
2 8192
0 5280
4 8192
2 8192
0 6623
0 5277
0 8098
0 3941
0 5586
2 8192
0 6424
7 8192
1 8192
1 8192
1 8192
1 8192
1 8192
0 6996
1 8192
1 8192
1 8192
2 8192
1 8192
2 8192
1 8192
1 8192
0 5155
2 8192
1 8192
1 8192
3 8192
2 8192
2 8192
4 8192
2 8192
0 7390
1 8192
2 8192
2 8192
2 8192
0 4666
0 5057
0 7729
2 8192
0 7676
3 8192
1 8192
2 8192
4 8192
2 8192
2 8192
2 8192
3 8192
1 8192
2 8192
3 8192
0 5424
4 8192
1 8192
3 8192
1 8192
1 8192
3 8192
4 8192
3 8192
2 8192
0 4796
0 4257
2 8192
3 8192
0 5393
2 8192
2 8192
1 8192
2 8192
0 4115
4 8192
1 8192
0 6312
4 8192
0 6257
1 8192
0 4925
0 3724
0 6404
2 8192
4 8192
0 4481
0 5349
1 8192
1 8192
1 8192
1 8192
0 7289
1 8192
2 8192
2 8192
2 8192
0 5760
0 7547
1 8192
1 8192
4 8192
1 8192
2 8192
2 8192
2 8192
3 8192
1 8192
0 4495
2 8192
2 8192
0 4220
1 8192
1 8192
1 8192
0 8106
0 7559
2 8192
2 8192
0 7587
2 8192
1 8192
1 8192
2 8192
5 8192
4 8192
1 8192
3 8192
0 7211
0 6467
0 5177
0 4804
1 8192
0 7697
0 5062
2 8192
0 3815
0 5728
1 8192
1 8192
0 4061
4 8192
1 8192
2 8192
1 8192
1 8192
0 8024
5 8192
1 8192
0 7306
2 8192
2 8192
2 8192
1 8192
0 6126
2 8192
0 3784
1 8192
2 8192
0 4174
2 8192
2 8192
0 4724
0 5616
4 8192
3 8192
1 8192
0 4367
3 8192
1 8192
2 8192
2 8192
0 7214
0 4512
0 8185
1 8192
2 8192
2 8192
1 8192
2 8192
0 6926
2 8192
2 8192
1 8192
2 8192
1 8192
0 4134
1 8192
2 8192
3 8192
0 5707
2 8192
1 8192
1 8192
2 8192
0 7717
1 8192
1 8192
1 8192
0 5491
3 8192
2 8192
2 8192
2 8192
1 8192
2 8192
2 8192
3 8192
1 8192
1 8192
1 8192
1 8192
1 8192
0 4605
2 8192
1 8192
1 8192
0 7543
0 6004
2 8192
1 8192
1 8192
2 8192
3 8192
3 8192
0 6941
1 8192
6 8192
0 4799
1 8192
0 4234
4 8192
4 8192
0 3829
1 8192
0 4768
0 4706
1 8192
4 8192
3 8192
0 5808
1 8192
1 8192
1 8192
0 5960
1 8192
2 8192
2 8192
2 8192
0 5368
3 8192
0 5758
2 8192
2 8192
0 6751
0 5200
2 8192
2 8192
1 8192
1 8192
3 8192
2 8192
1 8192
2 8192
0 7871
1 8192
1 8192
0 6839
0 7326
3 8192
2 8192
0 7022
0 4478
0 4006
0 7474
4 8192
1 8192
1 8192
0 4840
1 8192
2 8192
2 8192
0 6008
0 7483
0 4455
2 8192
0 8117
0 7309
1 8192
2 8192
1 8192
2 8192
0 4666
4 8192
1 8192
1 8192
0 4262
2 8192
0 2668
1 8192
2 8192
1 8192
1 8192
1 8192
1 8192
1 8192
2 8192
1 8192
2 8192
2 8192
1 8192
3 8192
1 8192
1 8192
0 6687
2 8192
1 8192
1 8192
0 5143
3 8192
1 8192
3 8192
2 8192
3 8192
1 8192
0 4198
1 8192
1 8192
4 8192
0 3791
1 8192
0 5939
1 8192
1 8192
0 6223
0 4216
1 8192
0 6807
1 8192
1 8192
2 8192
2 8192
0 4242
0 8182
2 8192
4 8192
3 8192
4 8192
0 4921
1 8192
0 3337
0 4141
0 7724
1 8192
2 8192
1 8192
1 8192
0 4061
4 8192
3 8192
3 8192
0 6912
0 4761
0 7272
1 8192
0 7983
0 4789
2 8192
1 8192
4 8192
1 8192
0 5330
1 8192
7 8192
0 4281
1 8192
1 8192
2 8192
0 5525
1 8192
1 8192
3 8192
3 8192
1 8192
1 8192
1 8192
2 8192
3 8192
0 5324
2 8192
1 8192
2 8192
3 8192
0 5606
1 8192
2 8192
0 6721
0 7890
3 8192
2 8192
2 8192
1 8192
1 8192
0 8150
1 8192
2 8192
1 8192
1 8192
2 8192
0 4979
2 8192
0 5547
2 8192
0 4763
0 3913
1 8192
2 8192
0 7970
6 8192
1 8192
3 8192
0 7264
1 8192
4 8192
1 8192
1 8192
0 6520
1 8192
0 6462
0 6124
1 8192
3 8192
0 6540
1 8192
0 4626
0 4611
0 7050
2 8192
2 8192
1 8192
0 6298
1 8192
0 5989
1 8192
1 8192
4 8192
2 8192
0 5691
1 8192
2 8192
2 8192
1 8192
1 8192
3 8192
0 6743
4 8192
1 8192
2 8192
1 8192
2 8192
0 4813
0 3453
0 7398
0 3929
0 5627
0 4273
0 6307
2 8192
1 8192
0 8101
1 8192
0 6300
0 5149
2 8192
1 8192
6 8192
1 8192
1 8192
1 8192
0 6078
0 7037
0 4888
0 8016
2 8192
3 8192
1 8192
0 5217
0 4206
1 8192
0 8152
4 8192
3 8192
2 8192
1 8192
0 5242
2 8192
0 5280
0 6278
1 8192
1 8192
1 8192
5 8192
1 8192
1 8192
1 8192
1 8192
1 8192
1 8192
1 8192
1 8192
1 8192
1 8192
0 5951
0 4260
2 8192
1 8192
3 8192
2 8192
1 8192
1 8192
3 8192
2 8192
1 8192
0 5798
1 8192
0 3505
8 8192
0 3562
0 4698
1 8192
1 8192
2 8192
1 8192
0 4514
3 8192
0 4026
2 8192
0 6651
0 5752
2 8192
1 8192
0 5647
0 6682
2 8192
2 8192
1 8192
2 8192
1 8192
1 8192
0 4739
3 8192
0 3770
1 8192
2 8192
0 5044
1 8192
0 6936
3 8192
4 8192
1 8192
0 6082
4 8192
2 8192
3 8192
1 8192
2 8192
0 5411
1 8192
3 8192
0 5667
0 4086
3 8192
2 8192
1 8192
0 3477
1 8192
1 8192
2 8192
0 7283
0 7263
3 8192
1 8192
1 8192
2 8192
0 4913
1 8192
2 8192
0 6887
5 8192
0 5310
0 6425
1 8192
0 7605
0 6539
3 8192
2 8192
1 8192
2 8192
1 8192
4 8192
0 5082
0 5715
0 2885
4 8192
5 8192
2 8192
3 8192
4 8192
0 8106
3 8192
1 8192
4 8192
3 8192
3 8192
4 8192
1 8192
0 6985
1 8192
1 8192
2 8192
1 8192
2 8192
5 8192
2 8192
1 8192
0 6806
0 4158
1 8192
1 8192
1 8192
2 8192
2 8192
1 8192
2 8192
0 5536
0 5057
2 8192
3 8192
0 5675
0 6788
4 8192
1 8192
1 8192
0 7780
0 3597
1 8192
1 8192
2 8192
1 8192
0 8173
1 8192
1 8192
2 8192
0 3395
4 8192
2 8192
2 8192
1 8192
0 3934
1 8192
0 7382
2 8192
2 8192
0 4978
1 8192
2 8192
1 8192
1 8192
3 8192
2 8192
2 8192
1 8192
1 8192
1 8192
0 4724
1 8192
4 8192
2 8192
0 6221
4 8192
0 5350
0 6740
1 8192
1 8192
0 7199
0 4802
2 8192
2 8192
2 8192
0 4977
1 8192
2 8192
0 5658
2 8192
1 8192
2 8192
1 8192
0 5346
0 2875
0 3953
2 8192
0 5917
0 4882
1 8192
4 8192
1 8192
1 8192
1 8192
2 8192
0 5235
1 8192
0 4926
1 8192
1 8192
0 4866
1 8192
1 8192
1 8192
0 5907
0 7737
3 8192
2 8192
1 8192
5 8192
0 6277
2 8192
0 5756
0 5771
2 8192
0 6011
0 5393
2 8192
4 8192
0 4616
1 8192
2 8192
2 8192
3 8192
1 8192
0 6313
0 6594
1 8192
1 8192
0 7071
2 8192
0 3190
3 8192
1 8192
1 8192
2 8192
1 8192
1 8192
3 8192
1 8192
0 4473
1 8192
3 8192
1 8192
1 8192
1 8192
1 8192
2 8192
1 8192
1 8192
1 8192
1 8192
2 8192
1 8192
1 8192
3 8192
0 4108
0 3991
0 7099
1 8192
1 8192
0 7209
1 8192
1 8192
0 4588
2 8192
0 4919
0 4698
1 8192
0 3916
1 8192
5 8192
3 8192
2 8192
1 8192
1 8192
4 8192
1 8192
2 8192
0 3896
0 3700
0 5699
2 8192
0 5924
3 8192
2 8192
1 8192
0 3747
0 7589
0 6646
1 8192
3 8192
0 3868
1 8192
0 4570
1 8192
2 8192
2 8192
1 8192
1 8192
1 8192
2 8192
1 8192
0 4420
2 8192
2 8192
1 8192
2 8192
1 8192
3 8192
1 8192
1 8192
2 8192
2 8192
0 5062
1 8192
0 5406
4 8192
1 8192
2 8192
1 8192
4 8192
1 8192
0 7357
1 8192
1 8192
0 7874
0 4322
1 8192
2 8192
0 4090
3 8192
2 8192
0 6699
1 8192
1 8192
2 8192
0 4449
1 8192
1 8192
3 8192
1 8192
0 6049
2 8192
1 8192
0 4057
2 8192
3 8192
2 8192
1 8192
0 8060
0 6345
2 8192
1 8192
4 8192
1 8192
1 8192
0 3202
0 5244
1 8192
2 8192
1 8192
0 4337
1 8192
1 8192
1 8192
1 8192
0 6940
0 5710
3 8192
2 8192
2 8192
3 8192
1 8192
1 8192
1 8192
2 8192
2 8192
1 8192
0 3302
2 8192
2 8192
1 8192
0 4511
4 8192
0 4303
3 8192
1 8192
5 8192
0 4599
1 8192
4 8192
0 3425
1 8192
0 3840
1 8192
0 3930
1 8192
3 8192
2 8192
2 8192
1 8192
0 7627
1 8192
4 8192
1 8192
1 8192
0 6896
0 4696
1 8192
1 8192
2 8192
2 8192
2 8192
1 8192
1 8192
1 8192
3 8192
0 5474
0 6209
2 8192
0 4415
3 8192
2 8192
1 8192
3 8192
1 8192
1 8192
0 7256
0 4757
1 8192
3 8192
0 3991
3 8192
1 8192
5 8192
0 4947
3 8192
0 4681
0 7688
1 8192
2 8192
0 7487
2 8192
0 5354
1 8192
1 8192
2 8192
1 8192
1 8192
0 3364
1 8192
1 8192
0 4348
1 8192
2 8192
1 8192
2 8192
3 8192
2 8192
2 8192
1 8192
1 8192
0 6934
0 4133
1 8192
0 5059
1 8192
1 8192
5 8192
0 8094
1 8192
4 8192
1 8192
0 4370
1 8192
0 6598
0 3979
1 8192
0 6837
2 8192
1 8192
0 4389
1 8192
0 5241
2 8192
0 5209
0 7075
1 8192
1 8192
3 8192
0 3991
1 8192
3 8192
3 8192
1 8192
1 8192
3 8192
3 8192
1 8192
1 8192
1 8192
2 8192
2 8192
1 8192
0 7397
2 8192
0 5576
0 3433
0 4189
1 8192
2 8192
1 8192
1 8192
0 2673
3 8192
1 8192
3 8192
1 8192
2 8192
1 8192
1 8192
1 8192
3 8192
0 7149
1 8192
1 8192
0 6650
1 8192
3 8192
4 8192
0 4713
4 8192
1 8192
2 8192
2 8192
1 8192
1 8192
1 8192
2 8192
2 8192
0 6518
0 7687
0 8073
0 2989
2 8192
0 3404
1 8192
1 8192
1 8192
0 3852
1 8192
0 7029
1 8192
0 7915
0 4502
1 8192
1 8192
1 8192
2 8192
2 8192
1 8192
0 6432
0 2952
2 8192
0 6090
2 8192
3 8192
4 8192
4 8192
0 5179
2 8192
2 8192
2 8192
2 8192
0 8180
2 8192
1 8192
2 8192
3 8192
1 8192
2 8192
2 8192
1 8192
1 8192
0 3437
0 7240
0 5360
0 5009
0 5981
2 8192
0 7286
0 3392
1 8192
6 8192
1 8192
1 8192
4 8192
0 7758
1 8192
1 8192
0 6650
0 6886
1 8192
1 8192
1 8192
1 8192
0 4076
3 8192
3 8192
1 8192
1 8192
5 8192
1 8192
2 8192
0 3778
0 3667
2 8192
1 8192
1 8192
1 8192
2 8192
5 8192
3 8192
3 8192
1 8192
3 8192
0 4264
4 8192
1 8192
3 8192
1 8192
1 8192
1 8192
5 8192
0 3099
1 8192
0 6776
1 8192
0 4393
1 8192
1 8192
0 4146
1 8192
3 8192
0 3310
1 8192
1 8192
2 8192
3 8192
0 4726
2 8192
0 4679
1 8192
1 8192
0 4060
0 5005
0 5447
2 8192
0 6306
1 8192
0 5113
0 4276
1 8192
2 8192
1 8192
3 8192
3 8192
0 6063
0 7169
1 8192
2 8192
0 6798
1 8192
0 6761
3 8192
1 8192
0 7555
1 8192
1 8192
0 3438
0 5014
2 8192
0 5795
2 8192
0 5857
2 8192
2 8192
1 8192
0 7766
1 8192
3 8192
0 4150
1 8192
1 8192
2 8192
2 8192
2 8192
1 8192
1 8192
1 8192
2 8192
3 8192
0 6067
2 8192
0 6539
0 4285
1 8192
0 5194
0 4962
1 8192
1 8192
3 8192
0 5838
3 8192
2 8192
0 4217
2 8192
0 6066
4 8192
6 8192
1 8192
1 8192
0 6678
2 8192
0 4393
2 8192
1 8192
1 8192
1 8192
1 8192
2 8192
2 8192
0 5450
1 8192
1 8192
0 5272
2 8192
2 8192
1 8192
0 4295
4 8192
3 8192
3 8192
1 8192
0 7804
1 8192
3 8192
4 8192
0 8008
1 8192
1 8192
3 8192
1 8192
0 3127
2 8192
1 8192
3 8192
2 8192
1 8192
2 8192
4 8192
1 8192
3 8192
1 8192
1 8192
2 8192
1 8192
0 3920
0 3705
0 3110
0 6419
1 8192
1 8192
2 8192
2 8192
0 6193
1 8192
0 5750
0 6672
0 4836
2 8192
0 6313
0 8124
1 8192
1 8192
1 8192
1 8192
0 3875
2 8192
1 8192
3 8192
0 5342
4 8192
4 8192
1 8192
2 8192
1 8192
0 4863
1 8192
0 6642
1 8192
0 3785
2 8192
0 8068
1 8192
0 3249
1 8192
0 4132
1 8192
0 7752
0 6383
2 8192
1 8192
1 8192
0 4110
0 4221
1 8192
1 8192
1 8192
2 8192
2 8192
2 8192
3 8192
1 8192
3 8192
1 8192
1 8192
1 8192
4 8192
0 6705
2 8192
1 8192
3 8192
3 8192
0 2862
1 8192
0 7827
3 8192
0 7213
2 8192
1 8192
1 8192
2 8192
0 5734
1 8192
4 8192
2 8192
0 3940
0 5271
0 5167
1 8192
3 8192
3 8192
0 7612
0 6423
1 8192
0 5395
0 7047
3 8192
0 4186
3 8192
0 7521
0 3976
0 7547
0 6911
1 8192
1 8192
1 8192
2 8192
2 8192
1 8192
1 8192
3 8192
1 8192
0 4809
1 8192
0 5470
4 8192
2 8192
3 8192
3 8192
1 8192
0 8049
0 4547
0 5701
0 7319
0 4706
0 5350
1 8192
1 8192
1 8192
0 6012
1 8192
2 8192
2 8192
1 8192
1 8192
2 8192
0 6707
1 8192
1 8192
1 8192
0 5410
3 8192
0 7260
1 8192
1 8192
2 8192
1 8192
1 8192
0 7362
1 8192
1 8192
1 8192
0 6732
2 8192
1 8192
0 5182
1 8192
2 8192
0 3184
1 8192
0 3627
3 8192
2 8192
3 8192
2 8192
2 8192
0 7460
1 8192
0 7222
2 8192
0 7174
2 8192
1 8192
0 3033
1 8192
5 8192
4 8192
2 8192
0 4346
0 6986
2 8192
3 8192
0 3302
4 8192
2 8192
2 8192
0 7303
1 8192
1 8192
1 8192
4 8192
0 4401
1 8192
1 8192
2 8192
2 8192
3 8192
1 8192
4 8192
0 8060
0 4248
0 4844
2 8192
1 8192
3 8192
3 8192
0 4532
3 8192
3 8192
1 8192
1 8192
1 8192
1 8192
1 8192
2 8192
0 3049
1 8192
1 8192
1 8192
1 8192
2 8192
1 8192
0 4479
0 3486
3 8192
1 8192
1 8192
3 8192
2 8192
2 8192
1 8192
0 5704
0 5352
1 8192
1 8192
0 2877
1 8192
0 7385
1 8192
3 8192
4 8192
0 3708
1 8192
2 8192
1 8192
0 6277
4 8192
1 8192
0 3430
0 7452
1 8192
2 8192
2 8192
0 5086
1 8192
2 8192
1 8192
0 3976
2 8192
1 8192
1 8192
2 8192
1 8192
3 8192
1 8192
3 8192
2 8192
1 8192
0 4623
0 5907
3 8192
2 8192
2 8192
0 7203
2 8192
4 8192
0 6008
0 4529
1 8192
5 8192
0 4406
0 3296
1 8192
0 5435
2 8192
2 8192
3 8192
0 5191
1 8192
1 8192
3 8192
0 3657
1 8192
2 8192
1 8192
0 6065
1 8192
1 8192
1 8192
0 5593
1 8192
0 6798
2 8192
0 4793
1 8192
2 8192
5 8192
1 8192
4 8192
0 4948
1 8192
2 8192
0 5520
1 8192
3 8192
1 8192
2 8192
1 8192
1 8192
1 8192
0 4491
1 8192
2 8192
2 8192
4 8192
4 8192
1 8192
0 6118
2 8192
0 7012
2 8192
1 8192
0 5605
2 8192
1 8192
3 8192
2 8192
0 4737
0 5578
0 4785
5 8192
2 8192
1 8192
1 8192
0 3714
1 8192
5 8192
0 4445
0 3604
1 8192
0 7197
2 8192
1 8192
3 8192
1 8192
0 5859
2 8192
2 8192
1 8192
2 8192
1 8192
4 8192
1 8192
0 5195
3 8192
2 8192
2 8192
4 8192
0 7407
3 8192
3 8192
0 6674
0 3794
3 8192
3 8192
3 8192
1 8192
2 8192
3 8192
0 3979
1 8192
0 8191
1 8192
0 4273
1 8192
2 8192
1 8192
1 8192
0 6087
0 6233
2 8192
4 8192
1 8192
0 7208
0 8024
0 4044
0 2982
6 8192
0 7204
3 8192
0 6252
0 6369
2 8192
1 8192
1 8192
0 7685
1 8192
1 8192
4 8192
1 8192
1 8192
3 8192
1 8192
0 7164
1 8192
0 5835
2 8192
1 8192
1 8192
1 8192
2 8192
0 5243
0 5685
0 8175
0 3710
3 8192
0 6971
2 8192
1 8192
0 5177
0 5189
0 6628
1 8192
0 4911
1 8192
0 5815
3 8192
1 8192
3 8192
0 3637
1 8192
0 3664
3 8192
1 8192
2 8192
0 7407
0 6657
0 5093
1 8192
0 5892
7 8192
2 8192
0 6992
0 5344
0 3753
0 7738
1 8192
3 8192
0 7247
0 7065
2 8192
1 8192
2 8192
4 8192
0 3866
1 8192
1 8192
1 8192
0 5890
1 8192
2 8192
0 3620
0 8147
2 8192
0 5927
5 8192
2 8192
2 8192
0 4129
0 6653
0 8067
0 5995
3 8192
1 8192
1 8192
1 8192
1 8192
3 8192
3 8192
1 8192
2 8192
3 8192
0 3766
0 4260
1 8192
2 8192
2 8192
0 2917
1 8192
2 8192
1 8192
0 6227
1 8192
1 8192
1 8192
0 5951
2 8192
1 8192
0 5207
1 8192
0 8095
1 8192
1 8192
3 8192
1 8192
1 8192
3 8192
5 8192
2 8192
1 8192
0 3970
2 8192
0 7368
1 8192
1 8192
3 8192
0 4820
0 5549
2 8192
3 8192
1 8192
1 8192
3 8192
1 8192
3 8192
0 5818
1 8192
1 8192
3 8192
3 8192
2 8192
1 8192
1 8192
0 7978
0 6522
0 5739
0 6780
5 8192
0 7336
1 8192
0 6525
2 8192
0 3151
3 8192
0 5750
1 8192
3 8192
0 5440
1 8192
2 8192
2 8192
0 4008
1 8192
2 8192
1 8192
0 6950
0 7543
1 8192
1 8192
5 8192
2 8192
2 8192
0 6099
2 8192
2 8192
1 8192
2 8192
1 8192
1 8192
2 8192
0 7720
1 8192
0 5152
2 8192
1 8192
2 8192
0 5138
1 8192
1 8192
2 8192
0 3729
2 8192
1 8192
0 5611
1 8192
5 8192
2 8192
4 8192
2 8192
2 8192
0 5435
1 8192
2 8192
1 8192
2 8192
2 8192
0 3750
1 8192
0 2822
3 8192
0 6658
2 8192
3 8192
0 7231
2 8192
2 8192
4 8192
0 8071
0 3524
0 7489
4 8192
2 8192
0 5712
0 4501
1 8192
0 5648
0 6129
4 8192
1 8192
2 8192
0 5040
0 7476
0 5146
2 8192
2 8192
1 8192
1 8192
1 8192
0 7792
0 5628
4 8192
2 8192
1 8192
1 8192
0 6246
0 4655
1 8192
1 8192
2 8192
0 6096
1 8192
2 8192
3 8192
2 8192
4 8192
1 8192
2 8192
1 8192
0 5631
3 8192
2 8192
2 8192
1 8192
0 4915
1 8192
4 8192
0 4288
1 8192
1 8192
4 8192
0 5236
0 5659
1 8192
0 3827
3 8192
0 7214
1 8192
0 4711
2 8192
0 3209
0 4314
0 5330
2 8192
2 8192
0 4981
2 8192
2 8192
1 8192
0 5635
1 8192
0 8107
0 4547
0 4452
2 8192
1 8192
4 8192
2 8192
1 8192
1 8192
1 8192
0 7200
0 5651
2 8192
1 8192
1 8192
2 8192
3 8192
1 8192
2 8192
2 8192
2 8192
1 8192
0 6682
0 4552
4 8192
2 8192
3 8192
6 8192
1 8192
1 8192
0 4842
3 8192
2 8192
3 8192
1 8192
2 8192
3 8192
0 3397
1 8192
1 8192
2 8192
4 8192
1 8192
2 8192
1 8192
3 8192
1 8192
1 8192
3 8192
0 8022
4 8192
0 4711
2 8192
2 8192
2 8192
0 7316
2 8192
1 8192
1 8192
2 8192
3 8192
1 8192
2 8192
2 8192
5 8192
1 8192
2 8192
1 8192
1 8192
3 8192
1 8192
2 8192
0 6160
1 8192
0 4141
2 8192
1 8192
1 8192
1 8192
2 8192
0 5872
2 8192
0 6021
0 7624
0 6565
0 4595
2 8192
1 8192
0 5327
0 5455
0 4661
3 8192
3 8192
1 8192
1 8192
0 7278
3 8192
1 8192
1 8192
1 8192
1 8192
1 8192
0 5697
1 8192
1 8192
2 8192
0 6839
1 8192
1 8192
0 7365
1 8192
0 3745
0 5762
1 8192
0 4453
1 8192
1 8192
0 7792
1 8192
2 8192
0 4374
2 8192
1 8192
1 8192
0 8059
0 3700
2 8192
0 6655
0 7464
2 8192
0 4217
1 8192
3 8192
2 8192
2 8192
2 8192
1 8192
1 8192
2 8192
2 8192
1 8192
2 8192
3 8192
0 7309
2 8192
4 8192
1 8192
0 7344
4 8192
0 5346
0 5676
0 5980
6 8192
0 3322
0 3015
0 4140
0 6757
0 5008
1 8192
2 8192
2 8192
0 7217
2 8192
1 8192
1 8192
1 8192
0 5096
3 8192
1 8192
1 8192
1 8192
1 8192
3 8192
0 3944
0 6206
0 4130
0 5419
0 7263
1 8192
1 8192
1 8192
2 8192
2 8192
3 8192
0 6747
1 8192
0 4596
1 8192
0 7207
0 6889
1 8192
1 8192
1 8192
2 8192
