# SA for random K-SAT
# K = 3   N = 4096   M = 16384   seed = 2432849675
# alpha = 4.000000   nIter = 32768  Tmax = 0.200000
# 1:lowestUnsat  2:runTime
0 13385
1 32768
1 32768
0 11331
0 7957
0 9167
0 8609
0 8624
0 9974
1 32768
0 15125
0 10423
1 32768
1 32768
1 32768
1 32768
0 15896
0 8090
0 11696
0 12207
0 8371
1 32768
1 32768
0 14414
0 11884
0 12634
0 8067
0 13586
0 7722
0 9930
0 9025
0 21094
0 9764
0 13359
0 14662
0 11947
0 13292
0 19862
0 10071
1 32768
1 32768
0 10064
0 10457
0 16531
1 32768
1 32768
1 32768
0 15831
0 13771
0 8080
0 12575
1 32768
0 28460
0 11916
0 14281
0 11764
0 17409
0 23535
0 13760
0 9278
0 19818
0 9819
0 18200
0 15611
0 14207
1 32768
1 32768
0 11272
0 14378
0 12397
0 13726
0 9871
0 14636
0 8304
0 14186
0 12007
0 10786
0 14674
0 12697
1 32768
1 32768
0 13644
0 15632
0 25197
0 20859
0 10743
0 22300
0 13425
0 9933
0 14704
0 11533
0 9517
0 14191
0 16126
1 32768
0 7397
0 12756
0 12356
0 13962
1 32768
0 21995
0 20397
0 16151
1 32768
0 13907
1 32768
0 10601
0 15106
0 11867
0 15056
1 32768
0 12476
1 32768
1 32768
0 9597
0 5724
0 13682
0 16322
0 9563
0 13248
0 12067
0 7450
1 32768
0 8611
0 20629
0 12498
0 11081
0 31324
0 17449
1 32768
0 13344
0 10062
0 14129
1 32768
0 14513
0 9028
0 17980
0 25266
1 32768
0 9881
0 16696
0 9216
0 14841
0 14147
0 14313
0 13057
0 17096
0 8903
0 11759
0 11502
0 10536
0 22085
0 9452
0 15808
1 32768
0 11554
1 32768
0 14116
0 11776
0 11017
0 10351
0 9032
0 10580
0 21180
0 14244
0 16656
0 23851
0 9530
2 32768
0 17338
0 10300
0 9060
1 32768
0 21347
0 9062
0 8965
0 7896
0 7767
0 13054
0 12083
0 15334
0 9651
0 17673
0 11488
0 10870
0 23322
0 13394
0 11129
0 31112
0 11458
1 32768
1 32768
0 8679
0 8989
0 13324
0 11999
0 11455
1 32768
1 32768
0 8332
0 27314
0 11898
0 8595
0 9450
0 14820
0 12527
0 17864
0 9131
0 8102
0 11192
2 32768
0 13448
1 32768
0 11214
0 31964
0 10169
0 13429
0 7038
0 13964
0 12606
0 12754
1 32768
0 17193
0 11074
1 32768
0 24638
0 7840
0 25780
0 10254
0 10690
0 9919
0 12519
0 15459
0 10487
1 32768
0 13723
0 11657
0 11411
0 8747
1 32768
0 12390
0 11678
0 10733
0 8733
0 8947
0 8524
0 13758
0 32482
0 11068
0 9355
0 20265
1 32768
0 10460
0 15311
1 32768
0 20368
1 32768
0 23834
1 32768
0 24800
0 9558
0 17793
0 15386
0 16245
0 28628
0 26410
0 21230
0 12881
0 8138
0 12118
0 26267
0 11259
1 32768
0 9030
0 8315
0 10698
0 10745
0 12133
1 32768
0 9907
0 9212
0 20383
0 11646
0 10971
0 21666
0 8598
0 9801
0 9734
0 9460
0 11421
1 32768
1 32768
0 29995
0 9195
0 18284
0 9864
0 8979
0 8413
0 9375
1 32768
0 11774
0 10610
0 9113
0 19726
0 9958
0 14666
0 15972
1 32768
0 13012
1 32768
0 11791
0 10925
0 9245
0 8856
1 32768
0 15665
1 32768
0 15134
0 12707
0 14993
0 8274
1 32768
0 19831
3 32768
0 8123
0 6931
1 32768
0 8332
0 10302
0 13488
0 11988
0 11560
0 22814
0 9694
0 13660
1 32768
0 11412
0 9336
2 32768
2 32768
0 14899
0 18927
0 14388
0 7501
0 24273
0 11289
0 10445
0 31925
0 18005
0 9357
0 7450
0 10062
0 9337
0 24122
1 32768
0 16554
0 11966
0 13760
0 13150
0 9624
0 13323
1 32768
0 12442
0 13903
0 8616
0 12212
1 32768
0 14618
1 32768
0 26377
0 16738
0 10237
0 8991
0 26992
0 29544
0 13116
0 16338
0 11037
0 10043
0 8369
0 8462
0 9780
0 12728
1 32768
0 8913
0 21778
0 9552
0 13079
0 12649
0 27690
1 32768
0 8614
0 12248
0 6818
1 32768
0 11635
0 14485
0 9706
0 11866
0 30026
0 8434
0 11956
0 12331
1 32768
0 12179
0 9672
0 16027
0 8133
1 32768
2 32768
0 12371
0 7605
0 15150
0 9868
0 18066
0 8418
0 18448
0 9596
0 13115
0 15053
0 6929
0 14393
0 17440
1 32768
0 8347
0 12226
0 10035
0 11954
0 11947
0 11092
0 27554
0 9671
0 10493
0 7857
0 11085
1 32768
0 8799
0 15326
1 32768
2 32768
0 14941
0 27440
0 10505
1 32768
0 26104
0 19417
1 32768
0 14868
0 10187
0 12572
2 32768
0 16401
0 26319
0 10238
1 32768
0 12663
0 6836
0 8913
0 12315
0 8330
0 7242
0 17483
0 11610
0 7482
0 7583
0 9263
1 32768
0 9063
0 18552
1 32768
0 11788
0 11766
1 32768
0 10416
0 27711
0 14776
1 32768
0 22685
0 10385
0 16718
0 14263
0 8606
0 12614
0 9125
0 9566
0 31632
0 10138
0 15683
0 22737
0 12069
1 32768
0 14165
0 15610
0 21507
0 11698
1 32768
0 9309
0 10419
1 32768
0 31423
0 13956
1 32768
0 19172
0 10939
0 12048
0 12331
0 12178
0 21709
0 15772
0 22068
0 8998
0 11822
0 22152
0 11675
0 25365
0 22414
0 12461
0 16281
0 22228
0 12910
0 8116
0 10498
0 17356
0 10795
0 31369
0 12918
0 12634
0 12513
0 10606
2 32768
0 32385
1 32768
0 13255
0 9403
0 11431
0 9012
0 8547
0 9934
0 14819
1 32768
0 11724
0 8566
0 12017
0 12037
0 8392
0 15937
0 9141
0 12595
2 32768
0 11142
0 14221
0 15674
0 11648
1 32768
0 26363
0 12968
1 32768
0 13590
0 10592
0 14996
0 19728
0 22179
0 12080
0 18558
0 15196
0 7627
0 18181
0 23851
0 16737
0 21767
0 26668
0 12052
0 10741
0 9763
0 10438
0 14654
1 32768
0 9324
0 23108
0 21976
0 9544
0 14193
0 9399
0 13641
1 32768
0 9884
2 32768
1 32768
0 10526
1 32768
0 13310
0 14526
0 18843
0 16320
0 11648
0 31575
0 13101
1 32768
0 12686
0 9665
0 9248
0 10353
0 15566
0 9330
0 12452
1 32768
1 32768
1 32768
0 13644
1 32768
0 11714
2 32768
0 9886
0 17447
0 10276
0 14465
0 14862
0 14784
0 22925
0 8993
0 7507
0 24850
0 9227
1 32768
0 12772
0 9940
0 10033
0 11484
0 8508
1 32768
0 14778
0 9039
0 12458
0 10849
0 11577
0 17373
0 19499
0 10517
0 9536
0 19019
0 10633
0 11310
0 26896
0 7994
2 32768
0 14457
0 15060
0 16147
0 9910
0 28563
1 32768
0 8882
0 13011
0 20717
0 8636
2 32768
0 8472
0 21143
1 32768
0 9673
0 13779
0 9629
1 32768
1 32768
1 32768
0 10282
0 9455
0 10162
0 10085
0 13408
0 13683
0 10783
0 10753
0 12473
1 32768
0 15847
0 7005
0 8343
0 13532
0 13457
1 32768
0 11104
0 16109
0 12937
0 10864
1 32768
0 8547
1 32768
0 9957
0 13394
0 10603
0 7578
0 12906
0 8188
0 15837
0 12720
0 12473
0 19614
0 11211
0 18496
0 8222
0 15952
1 32768
0 9591
0 10201
0 10075
0 14024
0 9236
0 9271
0 10689
0 18022
0 18753
0 16483
0 11911
0 20146
0 27017
0 8174
1 32768
0 15091
0 13900
0 12491
0 18072
0 11406
0 28536
0 15071
0 14929
0 9855
0 9856
0 17781
0 18890
0 17473
0 9128
0 13300
0 23466
0 10890
0 13046
0 9555
0 10640
0 11354
0 9853
0 10180
0 27881
0 11082
0 21040
0 8718
0 9656
0 12202
0 30884
0 8159
0 11240
0 20596
0 10183
0 15287
0 11084
0 7723
0 10998
0 11399
0 12007
0 14610
1 32768
0 23225
0 19502
0 11397
0 10998
0 9068
0 10591
0 14477
0 8391
0 12912
0 8999
0 12037
0 21182
0 14704
1 32768
1 32768
0 16744
0 16827
1 32768
0 8729
2 32768
0 19937
0 16937
0 24126
0 18229
0 11873
0 14495
1 32768
0 14833
1 32768
0 10194
0 19898
0 10636
0 10828
0 8819
0 11761
0 14466
0 9746
0 16778
0 10136
1 32768
0 11154
0 16942
0 30019
0 9915
0 15833
1 32768
0 12541
0 8485
0 10728
0 14108
0 20277
2 32768
0 16717
0 14215
0 12501
0 9317
0 8291
0 12572
0 12096
2 32768
0 9001
0 9681
0 8582
0 30292
0 8775
1 32768
0 19611
0 20623
0 10617
0 12517
0 9775
1 32768
1 32768
1 32768
0 14034
0 10877
0 8643
0 10942
0 13897
0 25689
0 14766
0 19213
0 13111
0 15511
0 9326
0 15745
0 9766
0 8742
0 10238
0 7250
0 10770
0 8164
0 11209
0 11354
0 8544
0 13687
0 7452
0 9229
1 32768
0 18379
0 9077
0 18795
0 20657
0 8928
0 23816
1 32768
0 16143
1 32768
0 10557
0 11323
0 21093
0 31585
0 11523
0 10819
0 16202
0 13623
1 32768
0 9076
0 10321
0 9419
0 7452
0 11715
0 11736
0 12995
0 17602
0 12092
0 12015
1 32768
0 14109
1 32768
0 7399
0 8974
0 13528
0 10655
0 10267
0 10063
0 6107
0 10977
1 32768
0 8980
0 7740
0 13829
0 9377
0 13871
0 12974
0 12636
0 13343
0 6781
0 15760
0 11051
0 10775
1 32768
0 10564
0 12146
0 7724
1 32768
0 10612
0 11408
1 32768
0 22469
0 20431
1 32768
0 8805
0 8750
0 19651
0 9974
1 32768
0 13382
0 8328
0 9966
0 17504
0 11370
0 7489
0 9206
2 32768
0 11134
0 8973
0 9451
1 32768
1 32768
0 9151
1 32768
1 32768
0 7884
0 9087
0 10769
1 32768
1 32768
0 8669
0 24886
0 13557
2 32768
0 15575
0 11187
0 21131
0 12461
0 10364
2 32768
0 10564
0 8723
1 32768
0 10724
0 17031
0 13654
1 32768
0 11746
1 32768
0 23710
1 32768
0 9234
0 12548
0 7911
0 10302
2 32768
1 32768
0 11130
0 9058
0 11607
0 11993
1 32768
1 32768
0 15979
0 9045
0 11280
0 11452
1 32768
1 32768
0 14289
0 11865
0 10756
0 16333
0 7985
0 8825
0 15451
1 32768
0 12717
0 12079
0 18216
0 11295
0 13570
1 32768
0 27750
0 15280
0 9744
0 7574
0 17792
0 10637
0 8443
0 9603
0 11414
0 14403
0 24240
1 32768
0 26717
0 22575
1 32768
0 8609
0 9971
0 11143
0 10231
0 26505
0 11648
0 8689
0 9847
0 9477
0 17940
0 8483
0 11363
0 16156
1 32768
0 8400
0 8768
0 10592
0 9750
0 9683
1 32768
1 32768
0 17786
0 11527
0 22372
0 10614
0 8059
1 32768
0 8471
1 32768
0 10280
0 19573
0 9637
0 7921
0 27955
0 9365
0 7808
0 21800
0 6445
1 32768
0 15986
1 32768
0 9567
0 14733
1 32768
0 12523
1 32768
1 32768
0 21342
0 9750
0 9051
0 9678
0 20996
0 13281
0 14464
0 13876
0 12324
0 12749
0 17569
0 12630
0 9083
0 12895
0 9677
0 6241
0 8694
0 8284
0 11748
0 8099
0 13300
0 19352
0 16616
0 21072
0 9808
0 29866
0 21540
0 13905
0 8045
0 9430
0 9646
1 32768
0 17483
0 6562
0 11991
0 11520
0 11211
0 18562
0 26755
0 15231
0 11273
0 9284
0 12218
0 16929
0 24231
0 8869
0 12576
0 10664
0 10969
0 27112
0 14968
0 11551
0 7955
0 11533
1 32768
0 12050
0 11367
2 32768
0 10165
0 9777
0 11089
0 12290
0 12470
1 32768
0 10986
0 19896
0 9515
0 18062
0 11856
0 10409
0 9843
0 10610
0 10711
1 32768
0 10391
0 10750
0 6879
0 22082
0 25895
0 7746
1 32768
0 13654
0 10205
0 16734
0 16025
0 21702
0 16480
0 30676
0 8216
0 15584
2 32768
0 9519
0 19054
0 9913
1 32768
0 16072
2 32768
0 18353
0 16353
0 11313
0 7800
0 16756
0 10199
0 9766
0 8651
0 9712
0 9733
0 12541
1 32768
0 10028
0 9724
0 8594
0 20366
0 9948
0 12055
0 11811
1 32768
0 9589
0 14432
0 12736
0 14661
0 27536
0 12733
1 32768
1 32768
0 15944
0 8379
0 13454
0 17445
0 12590
0 11066
0 8687
0 17847
0 8752
0 14004
0 11144
0 11303
0 11416
0 16157
0 18013
0 9833
0 7347
0 16496
0 8450
0 9841
0 9106
1 32768
1 32768
0 7363
0 12631
0 9557
0 15208
0 11229
0 10474
1 32768
0 12474
0 11284
0 18536
0 9259
0 12508
0 7794
0 15885
0 10014
1 32768
0 10476
0 9322
1 32768
0 6847
0 8098
0 11957
0 15646
0 17231
1 32768
0 17549
0 12039
1 32768
0 8729
0 8295
1 32768
0 18808
0 7947
0 10102
0 12003
0 13411
0 8352
0 22817
0 12556
0 11347
0 15359
1 32768
0 9286
0 21769
0 11516
0 8036
0 27948
0 10355
0 13219
1 32768
1 32768
0 11879
0 8308
0 12373
0 9435
1 32768
0 27512
0 11302
0 9809
0 21989
0 10627
0 13130
0 12500
0 20256
0 9775
0 9694
0 10201
0 10875
0 15098
2 32768
0 24770
0 9328
1 32768
1 32768
1 32768
0 13266
0 10771
1 32768
0 6694
0 9258
0 17890
1 32768
1 32768
0 10496
1 32768
0 10874
0 7816
0 12377
1 32768
0 9202
0 17916
0 23825
0 12826
0 19560
0 8848
0 8846
0 14399
0 11450
0 15762
0 15178
0 11629
0 19745
0 22601
0 7948
0 20374
0 8449
0 7532
1 32768
0 9705
0 13505
0 9054
0 7810
0 8137
0 18352
0 13540
1 32768
0 18201
1 32768
1 32768
0 9894
0 8821
0 11394
0 8414
0 16612
1 32768
0 9710
0 8853
0 23865
0 19720
1 32768
0 13593
0 32555
0 16125
0 8627
1 32768
0 16181
0 11329
1 32768
2 32768
0 10959
0 9773
1 32768
0 14281
0 16757
0 19116
0 13686
0 8726
1 32768
0 8288
0 11388
0 16724
0 10750
0 11305
1 32768
1 32768
0 7480
0 31866
0 19815
1 32768
1 32768
1 32768
0 8677
0 22675
0 12399
0 12817
0 16245
0 17351
1 32768
0 25233
1 32768
0 8169
0 11064
0 10594
0 15788
0 10264
0 9091
0 25258
0 9655
0 15692
1 32768
2 32768
0 11013
1 32768
0 30183
1 32768
2 32768
0 11798
1 32768
0 26444
1 32768
0 10419
0 18183
0 10076
0 10262
0 12561
0 12046
0 11989
0 18303
0 14440
0 17028
1 32768
0 9006
1 32768
0 12362
0 7253
0 10059
1 32768
0 7801
0 10717
0 14067
0 14442
1 32768
0 7654
0 15235
0 17812
1 32768
0 10998
0 13495
0 10219
0 10856
0 12512
0 9620
0 7467
0 19804
0 12306
0 10973
0 6621
0 17347
0 8983
0 13241
0 12502
0 13740
1 32768
0 29390
2 32768
0 13099
0 8235
0 17740
0 10627
1 32768
0 14407
1 32768
0 7139
0 9909
2 32768
0 10659
0 8129
0 11215
0 10006
0 19869
0 16909
0 11117
0 24120
0 14545
0 7639
0 10689
0 15849
0 31631
0 12111
0 8833
0 11731
0 9262
0 12450
0 13383
0 9532
0 8823
0 22410
0 14104
0 14038
0 9992
0 16696
0 8300
0 20259
0 11995
0 32091
0 21165
2 32768
0 8321
0 9657
1 32768
0 8968
0 13306
0 8658
0 14941
0 10894
0 9887
1 32768
0 27236
0 14953
0 20787
0 10428
0 9162
0 12317
0 7155
0 13341
0 13212
0 20713
0 10141
0 9367
0 19802
0 7636
0 13119
0 10814
0 16590
1 32768
0 7464
2 32768
0 10677
0 10467
0 23605
0 13389
0 16349
0 13246
0 26796
0 9073
0 12830
3 32768
0 12621
0 11476
0 8766
0 10637
0 8311
0 11720
0 17673
0 12520
0 14918
0 10850
0 10713
0 14503
0 26909
1 32768
0 12972
0 23424
1 32768
1 32768
0 25159
0 10554
1 32768
0 10136
1 32768
0 11901
0 9877
0 16414
0 9865
1 32768
3 32768
1 32768
0 13864
0 8873
0 9491
0 8508
1 32768
0 12684
2 32768
0 10713
0 10605
1 32768
1 32768
0 20417
0 13904
0 5400
1 32768
0 11651
0 11334
0 9691
0 13501
0 11541
0 8610
1 32768
0 8678
0 11150
0 9901
1 32768
0 9217
0 8859
0 13411
0 11445
0 12021
0 8971
0 7405
0 7813
0 13918
1 32768
0 10726
0 15345
0 12398
0 10995
0 11344
0 12369
0 9320
0 22103
1 32768
0 13858
0 8969
0 8707
0 15889
0 22565
0 9522
0 9716
0 14167
0 9249
0 11329
0 21710
3 32768
0 19134
1 32768
1 32768
0 7352
0 16960
0 10664
0 7016
0 7665
0 12601
0 17519
0 15106
0 15443
0 13293
0 11815
0 8305
0 7579
0 9553
0 12397
0 31484
0 8796
0 9569
0 12388
0 13227
0 13592
0 9495
0 26118
0 12645
0 25310
0 20448
1 32768
0 19204
0 8873
0 29721
0 7788
0 15289
0 9537
1 32768
0 16726
0 9935
2 32768
0 11210
0 17796
1 32768
0 20744
0 12089
1 32768
0 14400
0 10122
0 10367
0 12542
0 12231
0 9418
0 22068
0 14289
0 8234
0 12356
0 20941
0 14987
2 32768
0 15618
0 9695
0 11670
0 8654
0 14323
0 9276
0 8745
0 12042
0 8759
1 32768
0 11801
0 7888
0 10684
0 9839
0 14496
0 22106
0 13125
1 32768
0 11418
0 19365
0 18503
0 25364
0 9653
0 20308
0 8725
0 8778
0 12235
0 14466
0 13322
1 32768
0 9250
0 8765
0 16950
0 14754
0 12113
0 14516
0 13848
0 8500
0 8263
0 12399
0 7832
0 13287
0 8884
0 11805
0 11122
0 20650
0 22111
0 10527
0 7705
1 32768
0 23291
0 14751
0 7957
0 8026
0 19018
2 32768
0 10930
0 10087
0 7552
1 32768
0 16900
0 8880
0 8585
0 22535
0 10609
0 11186
0 11708
0 11088
1 32768
0 10791
0 10722
0 7982
1 32768
0 7619
0 10450
0 12855
0 13487
0 11207
0 25494
0 9616
0 12372
2 32768
0 11380
0 10258
0 17560
0 9821
2 32768
0 7802
0 13194
0 30655
0 9192
1 32768
0 21563
1 32768
0 29284
0 24649
0 21101
0 15689
0 13426
0 9371
0 14008
0 13497
0 13026
0 10465
0 18337
0 8552
0 25458
0 9753
0 11405
0 12420
1 32768
1 32768
0 16154
2 32768
0 20003
0 18518
0 16216
1 32768
0 13093
0 9111
0 10222
1 32768
0 12578
1 32768
0 18313
0 10593
0 10339
0 9157
0 17148
1 32768
0 12194
0 13152
0 17674
0 10732
0 11173
0 16783
1 32768
0 16299
0 10685
0 8732
0 13317
0 15660
0 10464
0 11925
0 9240
0 20809
0 23022
0 23101
0 7073
0 7598
0 9230
1 32768
0 22333
1 32768
0 14786
0 7141
0 14593
0 14129
0 14544
0 8442
1 32768
0 9231
0 9234
0 30481
1 32768
0 14017
0 11402
0 15241
0 16206
0 12319
0 16222
0 8156
0 10462
0 9071
0 9655
0 7355
0 26810
0 8382
0 9885
0 16657
0 11028
1 32768
0 14034
0 13507
0 26516
0 9847
0 13197
0 10087
0 17501
0 13738
0 7417
0 8196
0 7806
0 16031
0 17149
0 10818
0 23725
0 8818
0 8852
0 10063
0 11518
0 10248
0 9765
0 14732
0 13702
0 16523
0 8413
1 32768
1 32768
0 17074
0 17463
0 9124
0 11606
0 17610
0 18265
0 10578
0 12829
0 13264
1 32768
0 8941
0 13715
0 15863
0 11109
0 15940
0 7842
0 18869
0 11160
0 11152
0 7175
0 18802
0 17854
0 13712
0 9405
0 7857
0 8518
0 9388
1 32768
0 13508
0 8160
0 24337
0 22793
0 9257
0 11530
0 11283
0 17263
1 32768
0 12802
0 6184
0 12016
0 12980
0 12018
1 32768
0 20447
0 9937
0 9886
0 12731
0 10245
0 29766
1 32768
0 9043
1 32768
0 13598
0 6352
0 8932
0 11836
0 14007
0 9682
0 9015
0 9901
0 14373
0 19421
1 32768
1 32768
0 12783
0 26440
0 10589
0 18286
0 21029
0 13471
0 11703
0 8661
0 15128
1 32768
1 32768
0 12352
0 12302
0 11210
1 32768
0 8935
0 21392
0 11708
0 10191
0 19628
0 9940
0 12156
0 12697
0 13856
0 17918
0 8461
0 21196
0 30585
0 11289
0 9035
0 7220
1 32768
0 20563
0 9891
0 11204
1 32768
0 8379
0 10866
1 32768
0 13702
0 10533
0 10998
0 13513
0 8862
0 11795
0 11121
1 32768
0 15693
1 32768
1 32768
0 18830
0 9738
0 8794
1 32768
1 32768
0 20004
0 8422
0 12091
0 11433
0 8925
0 12745
0 14948
1 32768
0 13665
0 7844
0 9672
0 12228
0 12640
0 13134
0 13462
0 10756
0 15887
0 16286
0 11904
0 8831
2 32768
0 13425
0 23021
0 17554
0 17449
1 32768
0 26198
0 14539
0 24584
0 10281
0 17933
0 10359
1 32768
0 9531
0 11281
0 12069
0 12726
0 10784
0 10924
0 5482
0 15948
0 13984
0 11438
0 12885
0 7645
0 26707
0 9014
1 32768
0 17859
0 16430
1 32768
0 10855
0 11976
0 13307
0 11166
0 7878
1 32768
0 7084
0 9781
0 6938
0 12416
0 10570
0 8906
0 11282
1 32768
0 7032
0 26302
0 13725
0 9436
0 11551
0 10060
0 16659
0 10414
0 18981
0 12443
0 9869
0 11543
0 8350
0 8092
0 10905
0 28189
0 9735
0 18185
0 8926
0 11609
0 18940
0 28604
0 12401
0 10999
0 9017
0 14601
0 9080
0 17840
0 6953
0 13074
0 15491
0 14072
0 14923
1 32768
0 11925
0 17218
0 22338
0 12698
0 15483
0 21960
0 12405
0 26299
1 32768
1 32768
0 16840
0 13206
0 14742
0 13843
0 13621
1 32768
1 32768
0 12232
0 13883
0 27631
1 32768
0 11616
1 32768
0 19011
0 12557
0 28903
0 16995
0 13505
0 12906
0 19358
0 9351
0 10178
0 11539
1 32768
0 8066
0 15122
0 11750
0 12499
0 8755
0 8241
0 7813
0 7620
0 25221
0 7111
0 13380
0 13045
0 16410
0 15262
0 20342
0 9697
0 20750
1 32768
0 12793
0 10107
0 9667
0 12249
0 12398
0 31388
0 14282
0 9392
0 9098
0 31955
0 12518
1 32768
0 13017
0 6358
0 8523
0 13218
0 10151
0 20274
0 12036
1 32768
0 11555
0 8065
0 10235
0 10323
0 18126
1 32768
0 12650
0 10978
0 12526
2 32768
0 11978
0 11305
0 14917
0 10001
0 14748
0 7758
2 32768
0 10496
0 16824
0 11438
0 11474
0 9943
0 13384
1 32768
0 15600
0 8809
2 32768
0 16000
0 22149
0 11208
0 14345
0 11708
0 31781
1 32768
0 32266
0 18011
0 6561
0 12398
1 32768
0 7705
0 9432
0 8809
0 7819
0 15581
0 9867
0 14841
0 11666
0 15607
1 32768
0 9300
0 20839
0 11929
0 11162
0 8116
0 18806
0 29243
0 9213
0 8921
0 10495
0 13444
1 32768
0 14394
0 9456
0 14504
1 32768
0 9556
1 32768
0 8606
1 32768
0 11946
0 8737
0 11051
0 14669
0 9201
0 12279
0 19094
2 32768
0 12561
0 26791
0 9477
0 8512
0 25339
0 19084
0 14651
0 16550
0 9177
1 32768
0 10090
2 32768
0 16306
0 23213
1 32768
0 12211
0 9454
0 8634
0 9244
1 32768
0 11230
0 13710
0 24304
0 22930
0 8356
0 11060
0 11773
0 7557
0 13163
1 32768
1 32768
1 32768
1 32768
0 10154
0 13553
0 10908
0 9271
0 14644
0 11135
0 10008
0 11724
1 32768
0 16889
0 14373
1 32768
0 10791
0 9035
0 14840
0 17339
0 10976
0 13880
0 8113
0 10407
0 15019
0 13905
0 12432
1 32768
0 10004
0 15439
0 8899
0 7936
0 9229
0 9847
0 7326
0 6914
0 10870
0 11288
0 9884
0 18522
0 18581
0 9157
0 9893
0 9374
0 9338
0 14154
0 7770
1 32768
1 32768
0 11278
0 14223
0 13698
0 27441
1 32768
0 19032
0 17440
0 13188
0 27663
1 32768
0 9265
0 9146
0 11997
0 9114
0 10990
0 14938
0 25912
0 11134
1 32768
0 15758
1 32768
0 14062
0 11607
0 8327
1 32768
0 9132
0 6317
0 12992
0 26040
1 32768
0 15525
0 19181
0 14950
1 32768
1 32768
0 6724
1 32768
0 9685
0 18856
0 17475
0 9030
1 32768
0 12341
0 10020
0 13937
1 32768
0 9909
0 16360
0 9745
0 9638
0 10484
0 11981
0 21116
0 18701
0 22036
0 9303
0 9178
0 10418
0 9098
0 22113
0 11179
0 23220
0 12757
0 10496
0 7680
0 10394
0 12088
0 26885
0 20362
0 7759
1 32768
0 16214
0 14894
0 13323
1 32768
0 10499
0 12922
0 9256
0 12829
0 16952
0 12609
0 10235
0 19310
1 32768
0 13165
0 9541
0 11233
0 30473
0 12312
0 8621
1 32768
0 15500
0 7929
0 14613
0 22232
0 12519
0 11406
0 6007
0 14746
0 9595
0 6298
4 32768
0 14941
0 11663
0 20378
0 10115
0 11779
0 16595
0 6742
0 11342
0 16718
0 15436
0 8714
0 11600
0 9082
1 32768
0 9676
0 31608
0 8426
0 8770
0 27568
0 28303
0 12737
0 13377
0 11417
0 14094
0 10645
0 13850
0 9073
0 9405
0 13470
1 32768
0 15111
0 14187
0 18937
1 32768
0 15525
0 13276
0 9461
0 11222
1 32768
1 32768
0 12720
0 21660
0 18119
0 8140
0 20466
0 11599
0 11548
0 16524
1 32768
0 10046
0 12763
0 10536
1 32768
0 11175
1 32768
0 20888
0 7723
1 32768
2 32768
0 15112
0 7777
0 18991
0 27129
0 20620
1 32768
0 8928
0 9179
0 10959
0 10713
0 10275
0 11440
0 11726
0 9350
0 22704
0 8196
0 16803
0 16371
0 10860
0 10977
0 16113
0 7093
0 8053
0 10498
1 32768
1 32768
1 32768
0 9800
0 14285
0 9224
0 9734
0 9359
0 9641
2 32768
0 19486
0 7320
0 8694
2 32768
0 10061
0 18246
0 9777
0 13769
1 32768
0 10096
1 32768
0 13101
0 17384
0 10219
0 25720
0 9896
0 12828
0 12904
0 10164
0 15164
0 9332
0 11444
0 7839
1 32768
0 12780
0 16358
0 13362
1 32768
0 8081
0 10750
0 10691
0 8023
0 14596
0 21589
1 32768
1 32768
0 9321
0 9273
0 13818
0 18000
0 14023
0 17293
0 12186
0 30194
0 8588
0 10120
0 12446
1 32768
0 9206
0 8327
0 12633
0 12015
0 10615
0 26626
0 16349
0 13890
0 16606
0 17511
0 9964
0 9515
0 11945
0 25257
0 8783
1 32768
0 9216
0 27853
0 12818
1 32768
0 12672
1 32768
0 17914
0 8347
0 8640
0 12911
0 8946
0 14087
0 13988
0 14467
0 16442
1 32768
0 17261
1 32768
0 10591
0 11146
0 32764
0 10980
0 13672
1 32768
0 8300
0 18536
0 14867
0 13190
0 13348
0 14403
0 12994
1 32768
0 20906
0 14779
0 12532
0 17795
0 14008
0 12509
1 32768
0 20503
0 20455
0 11302
0 12695
0 9576
0 13954
0 14241
1 32768
0 10090
0 17000
0 20322
0 11213
0 17818
0 10239
0 10435
0 20622
0 28559
0 8082
0 9462
0 15497
0 7422
0 17931
0 9202
0 15015
0 15848
0 12294
0 10512
0 12653
0 15958
0 12107
0 8269
1 32768
0 13021
0 9121
0 10708
0 12018
0 13412
0 11107
0 15154
0 9802
0 9040
0 10087
0 14568
1 32768
0 13650
0 11124
0 12531
0 14416
0 11837
0 11561
0 9191
0 7228
0 8854
0 15830
0 9182
0 23965
0 15325
1 32768
0 9584
0 12466
0 7740
0 8269
1 32768
0 13906
1 32768
0 7564
0 8147
0 8948
0 8277
0 16405
0 9331
0 26070
0 8630
1 32768
0 13981
1 32768
0 7742
0 15313
0 13135
1 32768
0 12698
0 11482
0 12587
0 9867
0 14497
0 7371
1 32768
0 17233
0 28666
0 19003
0 16273
0 9445
0 9077
0 25451
0 8883
0 13147
0 13058
0 10990
0 15849
0 26658
0 24012
0 8235
0 16048
0 8290
0 13380
0 15609
1 32768
0 7946
0 14939
0 16657
0 9168
0 26888
0 14131
0 14293
1 32768
0 10400
0 11764
0 12436
0 12520
0 11392
1 32768
0 10475
0 15129
0 17437
1 32768
0 16515
0 16272
0 9580
0 11366
1 32768
0 12279
0 10541
0 12330
0 8753
0 11702
0 11621
0 9772
0 10089
0 13164
1 32768
1 32768
0 11624
0 14799
0 30330
0 11361
0 8631
0 9480
0 28351
0 16323
0 11462
0 10952
0 15947
0 13596
0 10207
0 10066
0 10272
1 32768
0 11976
0 26325
1 32768
0 16714
0 14843
0 11627
0 9389
0 22344
0 10987
0 14236
2 32768
0 17116
0 7083
0 13074
0 9973
0 8695
1 32768
0 9477
0 12622
0 21695
0 12077
2 32768
0 20998
0 13536
2 32768
0 14323
0 11716
0 12040
0 12439
0 11267
1 32768
0 14197
0 10299
0 13543
0 22383
0 17297
0 10420
0 9515
0 9166
0 15759
0 10649
0 21169
0 17211
0 10972
0 11977
1 32768
0 10188
0 22661
0 10816
0 8845
0 10693
0 19366
0 10038
0 10956
0 7531
0 14582
1 32768
0 18506
0 24393
1 32768
0 12004
1 32768
0 11037
0 8025
0 18750
0 8575
0 29966
0 25494
0 22807
0 9819
0 12917
0 13181
0 9633
0 8627
0 16282
0 11169
1 32768
0 13550
0 18293
0 10272
0 10002
0 12108
0 10646
0 29117
0 7890
0 7718
0 23070
1 32768
0 15405
0 15728
1 32768
0 10052
0 13064
0 8228
0 14837
1 32768
1 32768
0 29505
1 32768
0 24045
0 10217
0 19390
0 26112
0 12155
0 9943
0 20636
0 11646
1 32768
0 11505
1 32768
0 14586
1 32768
0 8731
0 14943
0 9753
0 8771
0 16146
0 20905
0 10714
1 32768
0 18294
0 7295
0 7145
0 16298
1 32768
0 16078
1 32768
0 10143
0 10473
0 9964
0 8742
0 14964
0 8322
0 11430
0 29163
0 18987
0 16609
0 15720
0 11745
0 8969
0 16634
1 32768
0 14861
0 15763
0 11581
0 9000
0 9035
2 32768
0 11030
0 14580
0 11836
0 18141
0 19743
0 7220
0 18860
0 18981
0 14105
0 11032
0 10279
0 9515
0 30262
0 15091
0 9113
0 10274
0 11322
0 15183
0 17412
0 14570
0 9541
0 12600
1 32768
0 10544
0 10203
0 8224
0 9361
0 14036
0 12348
0 14641
0 10959
0 9618
0 11817
0 9880
0 24228
0 11737
0 13406
0 15276
0 15615
0 13067
1 32768
0 7766
0 22271
0 9986
0 7809
1 32768
0 6473
0 15640
0 13427
0 11839
0 24862
2 32768
0 9681
0 11031
0 9800
0 8771
0 12789
0 9718
0 11920
0 7487
0 16620
0 10938
0 8393
0 21684
0 9343
0 17141
0 11026
0 13620
0 20925
0 16351
0 9794
0 31719
0 11060
0 10696
0 18045
1 32768
0 8260
0 10296
0 10094
2 32768
0 8638
0 13717
0 14453
0 12616
0 14600
2 32768
1 32768
0 7767
1 32768
0 25504
0 11015
0 10327
0 13384
0 12710
1 32768
1 32768
0 9371
0 13424
0 11348
0 12291
0 14077
0 14025
0 6644
0 10934
0 19695
0 11523
0 12441
0 17003
0 11948
0 10435
0 17170
0 16695
0 9232
0 13245
0 16799
0 10631
0 19751
0 12623
0 9684
2 32768
0 9708
1 32768
0 9735
0 9629
0 9427
0 17206
0 8798
0 13193
0 14232
0 8976
0 12044
0 16297
0 12649
1 32768
0 11845
0 10713
0 23483
0 16035
0 14547
0 10918
0 21936
0 7808
0 19565
0 19093
0 24153
0 12916
0 13409
1 32768
0 11906
1 32768
0 11892
1 32768
0 31354
0 16150
0 31035
1 32768
1 32768
0 9093
0 8507
0 14485
0 8850
1 32768
0 17640
1 32768
0 8041
0 10341
0 13946
0 20836
0 8112
1 32768
0 18716
0 18539
0 15137
1 32768
0 11637
0 29219
1 32768
0 13978
0 10309
0 11133
0 21578
0 22886
0 20834
0 32116
0 13816
0 9051
1 32768
0 10239
0 13938
1 32768
0 14694
0 8420
0 12614
0 8325
0 13300
0 13712
1 32768
0 11161
0 16156
0 13816
0 8186
0 16560
0 14113
0 18752
0 9724
0 10647
1 32768
1 32768
0 12166
0 32768
0 14257
0 10259
0 31697
0 12911
0 10981
1 32768
0 16407
0 14517
0 6811
0 17045
1 32768
1 32768
0 10082
0 9217
0 7364
1 32768
0 10420
0 9125
0 10417
0 12822
0 11466
0 16009
0 8110
0 18699
0 8356
0 9655
0 9878
1 32768
0 13069
0 13668
0 9635
0 9062
0 14864
1 32768
0 14315
0 11208
0 7762
0 7498
0 9357
1 32768
0 7665
0 12705
0 10937
0 11144
0 12881
0 7670
0 7949
1 32768
0 13060
0 18138
1 32768
0 10722
1 32768
0 8748
0 13726
1 32768
0 9828
0 8410
0 13228
0 24422
0 13276
1 32768
0 6455
0 23348
0 20990
0 27762
0 11741
0 11292
0 12634
0 7328
0 12275
0 15732
0 10815
1 32768
1 32768
0 10970
0 10280
0 14782
0 13914
0 9291
0 8412
0 11134
0 13852
0 26371
0 9410
0 11579
0 10614
0 12300
0 9904
0 12827
0 10235
0 7587
0 12661
0 21703
0 8860
0 10561
0 12169
0 12495
0 8896
0 11301
0 9573
0 8624
0 11542
0 8988
0 8658
0 11115
0 10579
0 21106
0 10918
0 15189
0 14422
0 32659
0 6020
0 16097
0 11784
0 8443
0 11900
0 12268
0 29406
0 11332
0 7751
0 9966
0 15323
0 10562
0 9991
0 17896
0 8609
0 10707
0 12617
0 7362
0 12658
0 12422
1 32768
0 13018
1 32768
0 9237
0 11243
0 15462
0 9277
0 7900
0 8600
0 11482
0 12421
0 11515
0 16657
0 9923
0 10803
0 10570
0 9900
0 19819
0 10292
1 32768
0 13666
1 32768
0 20374
0 14142
2 32768
0 10588
0 14316
0 7348
0 10903
0 11023
0 7283
0 8347
0 15045
1 32768
0 9348
0 24681
1 32768
0 7891
0 11619
0 8394
1 32768
0 10957
0 11082
0 15576
0 8624
0 15639
0 15766
0 8412
0 10501
0 23601
0 9122
0 7826
0 10473
0 20657
0 11912
0 10732
0 12856
0 12421
0 9415
0 14364
0 16856
1 32768
0 9969
0 12419
0 10119
0 9294
0 13989
0 10786
0 11099
0 14913
0 18736
0 9995
0 19431
1 32768
0 12110
0 7321
1 32768
0 11792
0 7905
0 18082
0 16967
0 21530
0 9629
0 11285
0 22125
0 11430
0 19530
0 11622
0 22504
0 9734
0 11349
0 9997
0 7784
0 9751
0 24054
0 11086
0 12650
0 19618
0 24927
0 9705
0 23283
0 11525
0 10526
0 12662
0 11218
0 13117
0 13540
0 12728
2 32768
0 7655
0 8058
0 9936
1 32768
2 32768
0 12392
0 12368
0 7392
0 7548
0 7231
1 32768
1 32768
0 9322
0 8732
0 9403
0 9656
0 11188
0 14116
0 24338
0 8560
0 10452
0 30846
0 15670
0 10500
0 27977
1 32768
0 14813
0 9219
0 24840
0 9728
0 17625
0 8946
0 30082
1 32768
0 9273
0 9432
0 21490
0 11289
0 9907
0 12974
0 11080
0 12832
1 32768
1 32768
0 11739
0 14321
0 11159
0 25071
2 32768
1 32768
0 11070
0 12544
0 10589
0 31088
1 32768
0 19079
0 30426
0 20580
0 20448
1 32768
0 9309
0 6217
1 32768
0 17163
0 8090
1 32768
0 15185
0 13067
0 11785
0 16768
2 32768
0 12101
0 10802
0 21372
0 10649
1 32768
0 11689
0 10295
0 10309
1 32768
0 10432
1 32768
0 8497
0 12548
0 22599
0 20815
0 9396
1 32768
0 18483
1 32768
0 9839
0 17531
0 7354
0 12479
1 32768
0 13936
0 10932
0 21181
0 15982
0 13695
0 14328
0 9585
0 27528
0 11044
0 10945
0 8156
0 11569
0 16374
0 11107
0 10451
0 11581
0 11864
0 9078
0 15430
0 9882
0 13780
0 10686
0 18728
0 14543
0 10588
0 26903
0 17594
0 18356
0 13189
0 8486
0 11013
0 7303
0 30210
0 10644
0 7795
0 15021
0 10770
0 17067
0 14777
0 11037
0 10385
0 9198
0 27635
0 10864
0 12211
2 32768
0 10573
0 10446
0 8433
0 19789
0 18009
0 25694
0 13153
0 8921
0 28154
0 11297
0 5946
0 10773
0 10098
1 32768
0 12082
0 12072
0 7638
0 19676
0 8909
0 12887
0 11393
1 32768
0 12282
0 8189
0 9312
0 25835
1 32768
0 8013
0 10594
1 32768
0 8451
1 32768
0 10740
1 32768
0 12897
0 17290
0 23919
1 32768
0 7806
0 11443
0 23424
1 32768
1 32768
0 32415
1 32768
0 9477
0 8150
0 16642
0 12715
0 12129
0 9115
0 9153
0 30021
0 26830
0 7337
0 9041
0 15553
0 12158
0 14462
0 8012
1 32768
0 10398
0 17657
0 10032
0 12889
0 11695
0 10171
1 32768
0 14892
0 7554
0 8978
0 7635
0 9143
0 9651
1 32768
0 9723
0 9289
0 8944
0 7340
0 11508
0 7639
0 8583
0 11893
0 17447
0 6448
0 20741
0 8996
0 7999
0 10046
0 12705
0 18913
2 32768
0 10455
0 12506
0 13368
1 32768
0 13005
0 10693
0 18693
0 15294
0 11074
0 20800
0 12664
0 14038
0 9922
2 32768
0 10186
0 11283
0 9255
0 8639
1 32768
0 7321
0 8643
0 15305
0 28040
0 10849
0 11034
0 13825
0 23579
0 8957
0 10480
0 14838
0 14496
0 9943
0 17064
0 9197
1 32768
0 12672
0 18327
0 8197
0 7924
0 9490
2 32768
1 32768
0 9665
0 11036
0 13106
1 32768
0 11441
0 25737
0 9597
0 8387
0 30530
0 8959
2 32768
0 8748
0 12048
1 32768
0 15363
0 28111
0 27614
0 12294
0 8526
0 8970
0 8399
0 8891
0 9588
0 10272
0 17330
0 8066
0 10538
0 9213
0 14462
0 10631
0 9023
1 32768
1 32768
0 7770
0 11557
0 8914
0 7474
2 32768
1 32768
0 23586
0 31803
0 11320
0 20788
0 11290
0 10042
0 8071
0 11104
0 12037
0 23332
1 32768
0 13844
0 12000
2 32768
0 21811
0 16528
0 8355
0 27754
1 32768
0 11981
0 14777
0 6629
0 10992
0 23216
0 8955
0 15711
0 9059
0 17167
0 18422
1 32768
0 12767
0 12424
0 11170
0 11800
0 12794
0 13223
1 32768
0 20754
0 16748
0 27092
0 11507
0 11889
0 11737
0 9917
0 12598
1 32768
0 7442
2 32768
0 8030
0 10538
0 10445
0 11264
0 17030
0 10464
0 13091
0 12408
0 13110
0 10412
0 10459
1 32768
0 9499
0 11410
0 11447
2 32768
2 32768
0 12570
0 20533
0 25586
0 10264
0 9708
1 32768
0 8057
0 10029
0 13681
0 16745
0 8888
0 31810
0 9509
0 12962
0 26462
0 12095
0 10440
0 8494
0 18326
0 8274
0 13730
1 32768
0 19100
0 32275
0 14752
0 10843
0 10655
0 19752
0 9992
2 32768
1 32768
0 8988
0 12250
1 32768
0 18066
0 13938
0 16871
0 10665
0 20040
0 11759
1 32768
1 32768
0 9744
0 12589
0 9268
1 32768
0 29819
0 10099
0 8384
0 14026
1 32768
0 14322
0 10178
0 9227
0 12174
0 11017
0 15156
0 8793
0 14298
0 11728
0 9693
0 8909
0 17596
2 32768
0 30235
0 10545
0 28063
0 28301
0 11623
0 9100
0 16606
0 15350
1 32768
0 9334
0 17039
0 13739
1 32768
0 15454
0 12102
0 11080
0 8927
0 25527
1 32768
0 12704
0 8675
0 10322
0 10149
0 10848
0 12199
1 32768
0 10195
0 12673
0 14762
0 7815
0 11867
1 32768
2 32768
0 11886
0 12465
0 10697
0 11230
0 18112
0 17002
0 16954
0 20503
0 8613
0 12634
0 13216
1 32768
0 11331
0 8377
0 9195
0 25167
0 15061
0 9727
1 32768
0 15783
1 32768
1 32768
0 9827
0 13317
0 13087
0 12927
1 32768
1 32768
0 10107
0 10416
0 10351
0 12933
0 13468
0 9601
0 10265
0 15315
0 14381
0 15842
0 16475
0 13814
0 13377
0 10879
0 9918
0 8360
0 10317
0 16324
1 32768
0 7776
0 10151
1 32768
0 9619
0 15308
0 12491
0 26373
0 10792
0 23045
0 18509
0 12012
2 32768
0 8754
0 11050
0 10770
0 12488
0 10316
0 22747
0 8636
0 11180
0 13287
0 13866
0 12563
0 13147
1 32768
1 32768
0 9712
0 10069
1 32768
0 23164
0 12666
0 9958
0 12616
0 21376
0 12404
0 8803
0 14090
0 9368
0 9869
0 10357
0 13685
0 9526
0 16142
1 32768
0 21813
0 8281
0 12205
0 9704
1 32768
0 11683
0 16402
0 13677
0 10746
0 8279
0 14410
1 32768
1 32768
0 20228
0 24705
0 11216
0 17916
0 9538
0 12109
0 16072
1 32768
0 13160
0 9512
0 8024
0 11381
0 12430
0 12742
0 13545
0 13405
0 25253
0 11188
0 17587
0 15004
0 8176
0 11278
0 8316
0 9052
2 32768
0 8348
0 14062
1 32768
0 13550
2 32768
0 7912
0 28400
0 14226
0 13311
0 13846
0 29771
0 15242
0 17491
0 9512
1 32768
0 17575
0 10609
0 19372
0 13082
0 8179
0 11259
0 8969
1 32768
0 8785
0 6052
0 12367
0 21264
0 14772
0 14137
0 11877
0 10610
1 32768
1 32768
0 9348
0 8982
0 9021
0 21581
0 10276
0 25396
0 17255
2 32768
0 13636
1 32768
0 14776
0 7166
0 11104
0 9906
0 10774
1 32768
0 16247
0 13825
0 24411
1 32768
0 16748
1 32768
1 32768
1 32768
0 11117
0 8369
0 9956
1 32768
0 26842
0 6942
0 7896
0 10287
0 10034
0 9397
0 14666
0 9430
0 9458
0 21332
1 32768
0 10707
0 12355
0 17862
0 24278
0 18181
0 11128
0 10527
0 9847
1 32768
0 11256
0 25802
0 12282
0 8241
0 13863
0 32756
0 13147
0 10537
0 9419
0 9171
0 7006
0 12425
0 16542
0 10035
0 9445
0 7401
1 32768
0 7270
0 8267
0 22797
0 13874
0 11130
0 10640
0 10642
0 9345
0 7963
1 32768
0 8628
0 14112
0 16542
0 12243
0 11385
0 10293
0 9441
0 11648
0 10862
0 18700
0 14323
0 8726
0 17689
0 12299
0 7387
0 10418
0 13267
0 24151
0 12001
0 28648
0 14964
1 32768
1 32768
0 19492
0 12125
0 23582
0 15225
0 18276
0 17498
0 11426
0 16144
0 15613
0 8884
0 9544
0 12825
1 32768
0 12421
0 9726
0 13055
0 7373
1 32768
0 22329
0 8814
0 11387
0 8562
0 11243
0 10672
0 9849
0 15903
0 6799
0 9266
0 8789
0 10286
1 32768
0 16342
0 9740
1 32768
0 8746
0 12218
0 11600
0 13037
0 10646
1 32768
1 32768
0 13821
1 32768
0 9909
0 10184
0 8676
1 32768
0 9564
1 32768
1 32768
0 9035
1 32768
0 9068
0 8496
0 14978
0 12118
1 32768
0 9444
0 16078
0 19653
0 26209
1 32768
0 9216
0 12453
0 13136
0 8324
0 14478
0 7529
0 10755
1 32768
1 32768
0 7686
1 32768
0 24463
0 12596
0 9892
0 10535
0 17971
1 32768
0 13223
0 29097
1 32768
0 23821
0 17966
0 27687
0 9378
0 9253
0 8622
0 14395
0 24188
0 12519
0 11971
1 32768
1 32768
0 12551
0 11368
0 10968
0 10589
0 9828
0 8986
0 18135
0 11037
0 9122
0 10176
0 10276
0 9991
0 7860
1 32768
0 10074
0 10953
0 9880
0 13532
0 11441
0 17432
0 10979
0 9019
0 16916
0 8835
0 16670
0 8518
0 11089
1 32768
0 10809
0 13413
0 22149
0 9117
0 12220
0 26138
0 11679
0 10562
1 32768
0 14055
0 10998
0 9942
0 12841
0 18274
0 21527
0 15398
0 25483
0 24586
0 13704
0 8435
0 9197
1 32768
0 16907
1 32768
0 18382
0 14116
0 14032
1 32768
0 8975
0 13930
0 10006
0 24071
0 7842
1 32768
1 32768
0 22736
1 32768
2 32768
1 32768
0 8213
0 15440
0 7766
0 11726
0 10769
0 11778
0 10945
0 9291
0 19775
0 14645
0 26446
0 13004
0 14904
0 12942
0 11089
0 31785
0 12633
0 8390
0 14203
0 9745
0 10838
0 15014
0 13609
0 28739
0 18679
0 10029
0 11284
0 14314
0 8368
0 13138
0 6689
0 10728
0 19795
0 12983
1 32768
1 32768
0 7537
0 10488
1 32768
0 8899
1 32768
0 7862
0 14811
0 15209
0 8991
1 32768
0 9240
0 9862
0 10178
1 32768
0 13308
0 10682
0 11352
0 10036
0 15218
0 9356
0 7030
0 11134
0 13997
0 12067
0 11706
1 32768
0 11950
0 7668
0 18992
0 7048
0 12831
0 25144
0 8667
0 10395
0 20424
0 8426
0 18082
0 9531
0 10231
0 18255
0 20497
0 17555
0 10056
0 12505
0 10323
0 19053
0 10107
0 9026
0 8942
0 17151
1 32768
0 10256
0 13523
0 10213
0 15241
0 12406
1 32768
0 15255
0 29833
0 10702
0 29972
0 10556
1 32768
0 14056
1 32768
0 10603
0 9216
0 10969
0 14480
0 9524
0 11302
0 11557
0 9342
1 32768
0 28785
0 18314
0 16320
0 11197
1 32768
0 10901
0 11147
1 32768
1 32768
0 13640
1 32768
1 32768
2 32768
0 15059
0 29097
0 13230
0 26601
0 6987
0 10310
0 14900
0 14292
0 14543
0 13860
0 15101
1 32768
0 14050
0 8282
0 8669
0 16720
0 11907
0 13397
1 32768
1 32768
0 10993
0 9163
0 22189
0 16263
0 9976
0 17167
0 31057
1 32768
0 9309
0 9837
0 21235
1 32768
1 32768
0 14252
0 11463
0 8179
1 32768
1 32768
0 31782
1 32768
0 7647
0 16768
0 11616
0 18873
0 8283
0 12194
0 9256
0 18016
0 9461
0 11790
0 13112
0 7772
0 11435
0 12488
0 20286
0 7986
0 8175
0 9894
0 9120
0 13806
0 12650
0 18989
0 12333
0 10668
0 9215
0 18907
0 7297
0 9228
0 7759
0 12606
0 11799
2 32768
1 32768
2 32768
0 17003
0 13039
0 11826
0 15685
0 13487
0 10697
0 16404
0 25181
1 32768
0 19627
0 13738
0 16170
0 9070
1 32768
0 16214
0 12871
0 14131
0 11872
0 8462
0 12713
0 8952
1 32768
0 7207
0 17155
0 11181
0 14864
0 16751
1 32768
0 8907
1 32768
0 9084
0 10975
0 13093
1 32768
0 7086
0 10965
0 10389
0 14213
0 10697
0 9533
0 23062
1 32768
1 32768
0 12724
0 11392
0 8580
0 24619
0 15318
1 32768
0 13252
0 11782
0 9711
0 19307
0 9515
1 32768
0 12153
0 7913
0 12298
0 8582
1 32768
0 9973
0 13674
1 32768
0 10273
0 8260
0 10850
0 5255
0 10294
0 9517
0 13693
0 12502
0 8079
0 13627
0 6777
0 9747
1 32768
0 6790
0 8681
0 15057
0 20940
0 12926
0 14494
0 11370
1 32768
0 32293
0 11715
1 32768
0 24172
0 18451
0 7884
0 13199
0 12656
0 14284
0 14434
0 19041
0 12668
0 15184
1 32768
0 18490
0 21382
0 9598
1 32768
1 32768
0 10954
1 32768
1 32768
0 11933
0 12219
0 19967
0 13505
1 32768
0 11973
1 32768
0 12928
1 32768
0 9863
0 14054
0 24313
0 10270
1 32768
0 9236
0 16228
0 11063
1 32768
0 16054
0 16827
0 8527
3 32768
0 19297
0 14740
0 24482
1 32768
0 15722
0 7400
0 16291
0 17026
0 9851
0 8110
0 13636
0 26365
0 7326
0 7995
0 7829
0 28163
0 9725
0 9740
0 13124
0 9495
0 22275
0 16859
0 13959
2 32768
0 16508
0 19595
0 23662
0 14022
0 9620
1 32768
1 32768
0 13687
0 23013
0 13308
0 25462
0 12372
0 14746
0 8505
0 7934
0 11048
0 10608
0 11518
1 32768
0 15850
0 10773
0 12022
0 12648
0 9400
0 11122
0 26712
0 10790
0 22286
0 8400
0 8969
0 9278
0 8123
0 13405
0 9268
0 10837
0 7891
0 22870
0 7253
1 32768
1 32768
0 13231
0 12471
0 19856
0 8460
0 8440
0 8419
1 32768
0 16330
0 13119
0 12660
1 32768
1 32768
1 32768
0 24359
0 10953
0 17104
0 11949
0 8994
0 23219
1 32768
0 13547
0 9561
0 11694
0 10363
0 12347
1 32768
0 11954
0 9228
1 32768
0 8047
0 15361
0 9066
0 30961
1 32768
0 11334
0 13129
0 8916
0 8564
0 17087
0 8806
0 10399
0 11380
0 19660
0 8965
0 9905
0 11950
0 7584
0 8454
0 9680
0 16827
0 10786
0 6955
1 32768
0 13221
0 10680
1 32768
0 11921
0 7736
0 9371
0 5446
0 8089
0 22465
1 32768
0 8796
0 10306
0 9713
0 11249
0 13053
0 17081
1 32768
0 17364
0 8230
0 23710
0 8740
1 32768
0 8573
1 32768
0 22898
1 32768
1 32768
0 26205
0 22634
0 8634
0 22430
0 14039
0 12234
0 8953
0 9542
1 32768
0 12514
0 14229
0 17735
0 15779
0 10768
0 8616
0 19008
0 7244
0 7953
0 13060
0 8989
0 14879
0 6779
1 32768
0 15922
0 21267
0 7245
0 14349
0 14870
0 10579
0 12439
0 12464
0 11012
0 19684
0 7987
0 13207
0 20031
0 9491
0 10215
0 8748
1 32768
0 11483
0 11656
0 14428
0 11876
0 10823
0 10180
0 8643
0 13849
0 21324
0 14594
0 16732
1 32768
0 10898
1 32768
0 12515
0 17204
2 32768
0 13056
0 11345
0 16655
0 8763
0 8127
0 10693
0 16644
0 9515
0 31730
1 32768
0 9355
0 13886
0 12979
0 9037
0 11953
0 14393
1 32768
1 32768
1 32768
0 7396
0 9584
0 32179
2 32768
1 32768
0 6791
0 13593
1 32768
1 32768
0 13059
0 27673
0 7970
0 11894
1 32768
0 10137
0 26600
0 13129
1 32768
0 9953
0 12055
1 32768
0 9188
1 32768
0 9506
1 32768
0 24697
0 16427
0 14264
0 10369
0 9270
0 11061
0 13968
0 8962
1 32768
0 7134
0 20848
0 16101
0 8928
1 32768
0 12114
0 10767
0 20449
1 32768
0 26239
0 20817
0 15104
1 32768
0 25376
0 7594
0 18670
0 12363
0 9681
0 8342
0 7020
0 10721
0 10194
0 15853
0 9421
0 13356
0 7139
0 15939
1 32768
0 15299
0 15160
1 32768
1 32768
0 10940
0 14812
1 32768
0 20273
0 14039
2 32768
0 13289
1 32768
0 17133
0 9960
0 23611
0 23872
0 14073
0 27028
0 10462
0 8929
0 10317
0 22213
0 9591
0 11649
0 16168
0 7742
0 10491
0 16191
0 8534
1 32768
0 9554
0 20759
0 9468
0 15644
0 19416
1 32768
0 9246
0 18556
0 7624
0 14255
0 15692
0 11898
0 12618
1 32768
0 13084
2 32768
0 7820
0 10734
1 32768
1 32768
1 32768
0 11361
0 22530
0 8557
1 32768
0 24418
0 15073
0 8002
1 32768
1 32768
0 18401
0 15804
0 8837
0 7589
1 32768
0 11342
0 9951
0 11522
1 32768
0 12278
0 5363
0 12529
0 24322
0 23222
1 32768
0 22972
0 22370
0 14927
0 24391
1 32768
0 10875
0 13092
0 8899
0 14876
0 11425
1 32768
0 14097
1 32768
1 32768
1 32768
0 8926
0 7790
0 8852
0 8508
0 13964
0 11362
1 32768
0 9992
0 9803
0 9620
0 13758
0 7953
0 10103
1 32768
0 11603
0 13662
0 11390
0 29286
0 11683
0 13196
0 28311
0 10505
0 12328
0 13097
0 11510
0 10145
0 10507
0 9137
0 10686
0 9752
0 9015
0 8266
0 11464
0 10315
0 8884
0 12283
0 13852
0 12392
0 12990
0 21888
0 10013
0 11331
0 17735
0 8267
1 32768
0 14839
0 10702
0 25024
0 29580
0 11926
0 15091
0 10691
0 8977
0 10775
0 13370
0 14464
0 13921
0 12404
0 19436
0 9312
0 6667
0 15218
0 14907
0 7772
0 12744
1 32768
0 8114
1 32768
0 9526
0 8339
0 12816
0 9710
0 9990
0 29732
1 32768
0 16857
0 16232
0 13936
0 12645
1 32768
0 10878
0 21065
0 9374
0 10444
2 32768
0 7606
0 11711
0 15967
1 32768
0 22501
0 8559
0 9487
0 10006
0 9933
0 17332
0 10236
0 8740
0 20627
0 16626
0 10905
1 32768
1 32768
2 32768
0 6927
0 14122
0 12841
0 16126
0 5442
0 10723
1 32768
0 13562
0 10741
0 14854
0 23508
3 32768
1 32768
1 32768
0 8794
0 19740
0 21451
0 16678
0 9530
0 18821
0 12594
0 15653
2 32768
0 9173
0 21827
0 7749
0 18822
0 29084
0 15128
0 12961
0 10286
0 10815
0 14724
0 19146
0 10513
1 32768
0 13109
0 6507
0 19522
0 11231
0 11309
1 32768
1 32768
0 12987
0 29919
0 10180
0 10709
0 9480
0 13236
0 10071
0 17096
0 9229
0 13114
0 11108
1 32768
0 9352
0 8419
0 17725
0 20170
0 28021
0 9244
0 23542
0 15637
0 10432
0 13762
1 32768
0 8206
0 11682
0 11417
1 32768
0 23124
0 12755
0 30649
0 8823
0 12695
0 23325
0 28271
0 7674
1 32768
1 32768
0 11428
0 17967
0 21312
0 9745
0 29975
0 9982
0 12772
0 18805
0 12998
0 10432
0 21891
0 11593
0 20594
0 17116
0 14729
0 11145
0 9957
0 15276
0 10237
0 11851
0 7136
0 18646
0 9903
1 32768
0 10652
0 8896
0 9276
0 12429
0 8222
0 27304
0 9270
0 10913
0 10186
0 8627
0 9859
0 13119
0 9214
1 32768
0 17056
0 10181
0 17137
0 14696
0 17085
0 10349
1 32768
0 10164
0 10299
0 10720
0 15931
0 10643
0 13357
0 10908
0 8512
1 32768
0 12503
0 27844
0 7750
0 15841
0 11965
0 15036
0 8409
0 18963
0 7403
0 9296
0 11803
0 12782
0 19950
0 15819
1 32768
1 32768
1 32768
0 9085
2 32768
0 15419
0 7816
0 8649
0 9483
0 11653
0 10379
2 32768
0 8222
0 21443
0 12629
0 14638
1 32768
1 32768
1 32768
0 7430
0 9531
1 32768
0 9096
0 8956
0 7693
0 9703
0 16482
0 7976
0 10577
0 10625
0 15098
0 10614
0 15524
0 22007
0 11985
0 15511
0 11034
0 23840
0 17568
0 8076
0 7648
2 32768
0 14609
0 12919
0 11829
0 21604
0 10106
0 9314
0 10707
0 11702
0 14908
0 8598
0 11208
1 32768
0 10429
0 13360
0 7958
0 10524
1 32768
0 12851
0 11117
0 23323
0 12062
0 10955
0 16306
0 15811
1 32768
0 24023
0 8022
0 11164
0 14156
0 12177
0 9957
0 9865
0 12105
0 14378
0 11583
0 10939
0 10152
0 28104
0 10852
0 18419
0 16795
0 12406
1 32768
0 19723
0 10072
2 32768
0 9230
1 32768
0 9144
0 17166
0 9685
0 7376
0 21111
1 32768
0 9928
0 10376
0 13018
1 32768
0 9708
0 16154
1 32768
0 7958
0 10479
0 11094
0 7858
0 7524
0 15631
0 9892
1 32768
0 12957
0 11293
0 10560
0 15960
1 32768
0 30381
0 21159
0 13992
0 19381
0 8279
0 11189
1 32768
0 8588
0 17290
0 10204
1 32768
0 9264
0 10950
0 15495
0 9693
0 8340
0 16863
1 32768
0 13725
0 9612
0 13388
0 10529
0 8230
0 13933
0 7660
0 10689
0 11081
0 9566
0 22612
0 13518
0 21705
0 8164
0 13027
0 9193
0 11154
0 8858
0 11593
0 11373
0 13650
0 10053
1 32768
0 13064
0 10255
0 30326
0 15851
0 22106
0 10143
0 11558
0 17572
0 12998
1 32768
0 9301
0 13236
0 13150
0 13982
1 32768
0 10464
0 12396
2 32768
0 16999
0 9870
0 18145
0 7069
0 8555
0 7087
0 11572
0 14852
0 8346
1 32768
0 13207
1 32768
0 9817
0 9736
0 8481
0 16505
0 11701
0 11130
0 10350
0 11727
0 17028
0 5398
0 14205
2 32768
0 9367
0 13028
0 10895
0 10581
0 7666
0 13353
0 11502
0 13148
0 12267
0 12022
0 16456
0 22397
0 15688
0 15972
1 32768
0 14385
0 11131
1 32768
0 8253
0 25793
0 9926
0 15765
0 10165
0 17662
0 12425
0 11556
0 11113
0 29236
0 10306
0 17212
0 22066
0 17860
0 12087
0 10002
0 11416
0 15470
0 11246
0 10068
0 11533
0 8059
0 17628
0 9120
0 12458
0 11744
1 32768
0 8614
0 8865
1 32768
0 11547
0 15255
0 9964
0 27425
0 9077
0 7805
0 13669
0 10522
0 8023
0 11571
0 10094
0 26839
0 15695
0 10574
0 8552
0 17970
0 12361
0 11823
0 19920
0 13044
0 11991
0 10603
0 9847
0 8010
0 14029
1 32768
0 11261
0 12724
0 8684
0 24119
0 9779
0 12484
1 32768
0 15593
0 12053
0 27828
0 9938
1 32768
0 8900
0 12189
0 13408
0 12751
0 8937
0 16089
0 14712
0 7908
0 24269
0 9215
0 8450
0 17954
1 32768
0 9678
0 9935
2 32768
0 9493
0 8832
0 11502
0 13147
0 9960
0 13874
0 24538
0 10168
0 13822
0 18866
1 32768
0 11236
1 32768
0 8986
0 14370
0 29695
1 32768
1 32768
1 32768
0 11237
0 9893
0 9431
0 21115
1 32768
0 8034
0 11387
0 12461
0 32389
0 15489
0 7948
0 8341
0 10544
0 6083
0 13267
0 10241
0 14775
0 10317
1 32768
0 11032
0 11598
1 32768
0 26270
0 11724
0 8837
0 10846
0 19443
1 32768
0 8344
0 12885
0 9660
0 19646
0 9646
0 13220
0 17364
0 9236
0 12168
0 13294
0 11004
0 13360
0 13383
1 32768
0 21069
0 15958
0 15633
0 11353
0 9096
0 13536
0 12360
0 8951
0 8665
0 11044
0 10654
0 18104
0 10587
0 13026
1 32768
0 7787
0 8814
0 17986
0 13874
0 12947
1 32768
0 10702
2 32768
1 32768
1 32768
0 12256
0 9009
0 15344
0 12147
1 32768
0 16564
0 10559
0 8575
0 17735
0 31965
0 10552
0 8629
0 14447
0 12053
1 32768
0 11362
0 7985
1 32768
1 32768
0 8694
0 11289
0 15135
0 11237
0 9568
0 8386
0 10160
1 32768
0 24514
0 20031
0 8985
0 10020
1 32768
0 27407
1 32768
0 24696
0 15096
0 10635
0 11545
0 9528
0 14125
0 11142
0 17440
0 15755
0 6825
0 26417
0 15482
0 10903
1 32768
0 17677
0 12619
1 32768
0 7021
1 32768
0 11386
0 13977
2 32768
1 32768
0 11855
0 9455
0 17583
0 8609
0 10476
0 14169
0 17631
0 8518
0 10731
0 16926
1 32768
0 12742
0 10946
0 9579
0 20811
0 16475
0 23546
0 10356
1 32768
0 11713
1 32768
0 10415
0 20082
1 32768
0 11993
2 32768
0 9920
0 18052
0 16356
0 11986
0 11495
0 16470
0 14003
0 9169
0 10662
0 14363
0 12309
0 15895
0 8757
0 14819
0 8846
0 9963
1 32768
0 9770
0 20762
0 14960
0 12018
0 9374
0 25882
0 11333
2 32768
0 11081
0 7895
0 24863
0 11640
0 12392
0 10263
0 12221
0 10964
0 13406
0 9018
0 8471
0 8330
0 14282
0 13032
0 8811
0 19324
0 14911
0 7482
0 11034
0 10134
0 9220
0 13931
0 12483
2 32768
0 7341
0 9203
0 18464
0 10624
0 10289
0 13260
0 10748
0 7246
0 15344
0 7976
0 9873
0 13471
0 26986
0 12296
0 22146
0 15380
0 12463
0 8582
1 32768
0 17415
3 32768
0 11081
1 32768
0 7383
0 12770
0 24097
0 9837
0 15627
1 32768
0 10516
0 17417
0 8760
0 9601
0 12097
0 8979
1 32768
0 11091
0 21748
0 12357
1 32768
0 8958
0 10587
0 16368
1 32768
0 12333
0 14298
0 22494
0 16465
0 8241
0 7320
2 32768
0 11934
0 27736
1 32768
0 12536
0 10856
0 10473
0 8805
0 11930
0 14514
1 32768
1 32768
0 15001
0 9382
0 8682
0 11577
0 21121
0 22789
0 10161
1 32768
0 7943
0 8716
0 13042
0 10311
0 16787
0 8366
0 10119
0 14259
0 10876
0 22854
0 12159
0 15857
2 32768
0 10512
0 11624
0 12141
0 18063
0 9915
0 19448
0 12537
0 10748
0 11914
0 13558
0 17128
0 6833
0 11645
1 32768
0 9765
1 32768
1 32768
0 23651
0 10683
0 11832
0 13307
0 8862
0 10488
0 31215
0 10700
0 12343
0 14736
0 12415
0 10662
0 10199
0 7510
0 11798
0 8643
0 14581
0 29883
0 21681
0 12003
0 14549
1 32768
0 31555
1 32768
0 16335
0 14848
0 7124
0 17629
0 20012
0 9964
1 32768
0 7304
0 7651
0 13699
0 8565
0 10802
0 7632
0 10106
1 32768
0 12077
0 6590
0 9004
0 16730
0 14062
0 14825
0 16664
0 13953
1 32768
0 8527
0 18311
0 19040
0 11687
0 10174
2 32768
0 7854
0 14646
0 30465
0 7882
0 9798
0 9945
0 16621
0 11964
0 22621
0 12562
0 11937
0 8840
0 14393
0 10406
1 32768
0 11731
0 11356
0 9217
0 11710
0 11836
0 30947
1 32768
0 10709
0 7552
0 17880
0 10980
0 10902
0 9763
0 20453
0 31008
0 13615
0 13740
0 19456
0 16317
0 8839
0 12050
0 11895
1 32768
0 25967
0 14548
0 19064
0 11134
0 13496
0 9497
0 14132
0 9987
0 13922
0 9327
1 32768
0 11972
0 8482
0 28329
0 28126
0 29638
0 8753
0 18654
0 14407
0 16065
1 32768
0 13915
0 10258
0 12226
0 10572
0 8182
1 32768
0 11409
0 11129
0 14059
0 11088
0 14173
0 10683
0 11112
0 6530
0 16931
0 8804
0 7059
0 20953
1 32768
1 32768
1 32768
0 13818
0 10283
0 6739
0 9165
0 10800
1 32768
0 10899
0 10660
0 22411
0 12206
0 9830
0 7917
0 23228
0 8593
0 30973
0 9650
0 7536
1 32768
0 12178
0 7911
0 9212
0 8836
0 8693
0 7044
1 32768
0 13231
0 13550
0 9053
0 10031
0 27352
0 11660
0 12417
0 7688
0 13578
0 19821
1 32768
1 32768
1 32768
1 32768
1 32768
0 9358
0 26266
0 8326
0 18580
0 9951
0 20258
0 7904
0 15178
0 17712
0 10710
0 11982
0 7710
0 16552
0 12522
0 13785
1 32768
0 7626
0 13048
0 16262
1 32768
0 9092
0 8751
0 12895
0 9208
0 10277
0 10734
0 21434
0 15058
0 17873
0 6942
0 8732
0 13524
1 32768
0 22456
0 22208
1 32768
0 11886
0 27986
0 10191
0 8396
0 11705
0 14845
0 9913
0 8076
1 32768
0 8144
0 20386
0 18113
0 8012
0 10722
0 10138
0 14026
0 8903
0 9707
1 32768
0 9465
1 32768
0 9863
0 20823
0 20961
0 21179
0 31099
0 15538
0 17094
0 11707
1 32768
0 13287
0 7739
0 25345
0 10608
0 20764
1 32768
0 9501
0 8687
0 9484
3 32768
0 10264
0 20111
1 32768
1 32768
0 10465
0 15788
2 32768
1 32768
0 14367
1 32768
0 11217
0 12020
0 18908
0 9400
1 32768
0 8369
0 10378
0 11408
0 10414
0 9433
0 8154
0 8606
0 11184
0 9726
0 10605
1 32768
0 11162
0 13429
0 8873
1 32768
0 9270
0 10218
0 6126
0 12349
0 26519
0 12253
0 13402
0 11448
0 11444
0 7603
0 12889
1 32768
0 8494
0 13786
0 6641
0 10435
0 23988
0 14418
1 32768
1 32768
0 11407
0 13951
0 18565
0 21771
0 7516
0 8248
0 8743
0 7558
0 8762
1 32768
0 12195
1 32768
0 18226
1 32768
1 32768
0 10442
0 11296
0 11703
0 9072
0 18412
0 20805
2 32768
0 11942
0 11850
0 7942
0 11898
0 12916
0 15908
0 8072
0 14237
0 12718
0 10340
0 11276
1 32768
1 32768
1 32768
0 12092
0 28846
0 10645
0 16988
0 9364
0 9100
0 9365
0 10494
0 14043
0 26408
0 8632
0 12037
0 13018
0 9789
0 12325
1 32768
1 32768
0 9889
0 9278
0 8766
0 11707
0 11174
1 32768
2 32768
2 32768
1 32768
0 9176
1 32768
0 21914
0 15918
0 14376
0 8663
1 32768
0 9830
0 8829
2 32768
0 11587
0 11510
0 16202
1 32768
1 32768
1 32768
2 32768
0 16180
0 10316
0 14529
0 10976
1 32768
0 12553
0 19102
0 11461
0 10475
0 9001
0 9888
0 29499
0 5369
0 8213
0 10547
0 10234
0 17343
0 10151
0 7563
1 32768
0 23957
0 13933
0 10406
1 32768
0 7600
0 25411
1 32768
1 32768
0 10904
0 7408
0 6566
0 9144
0 26828
0 28135
0 10416
0 14966
1 32768
0 17047
1 32768
0 10938
1 32768
1 32768
1 32768
0 32162
0 10966
0 18551
0 10621
1 32768
0 17562
0 23581
0 9098
0 8965
0 17057
1 32768
0 13577
0 10469
0 25345
0 13855
0 15971
0 13256
0 9493
0 11686
0 13009
0 13859
0 9386
0 13600
0 11140
0 11382
0 10988
0 9759
1 32768
0 11650
1 32768
0 8571
0 14150
0 12398
0 9232
0 10203
0 9316
0 18753
0 7703
0 14779
0 19315
0 10758
0 21922
1 32768
0 8176
0 7041
0 19936
0 9534
0 12147
0 26404
0 11670
0 16558
0 9894
0 18581
0 7803
0 11081
0 15940
0 10673
1 32768
0 11579
0 9423
0 8412
0 7043
0 16944
0 8016
1 32768
0 11452
0 9589
0 15816
0 15374
0 18656
0 12611
1 32768
0 17618
0 19826
1 32768
0 26974
0 17334
0 16227
1 32768
0 10620
1 32768
0 10100
0 11244
1 32768
1 32768
0 9942
0 20421
2 32768
1 32768
0 11066
0 16261
0 9112
0 9770
0 12444
0 11111
0 12589
0 10344
0 10036
1 32768
0 11962
0 14744
0 14033
0 22754
0 9624
1 32768
0 10521
1 32768
0 12572
0 13158
1 32768
0 10124
0 10469
0 11794
0 9009
0 6179
0 11149
0 9804
0 14380
0 7789
0 18406
0 13515
0 13202
0 7110
0 30697
0 10819
0 14347
0 8623
0 10441
0 8694
0 6951
0 17728
0 13907
0 10371
0 10991
0 9059
0 7899
0 27422
3 32768
0 25536
0 11487
0 10884
0 13333
0 24897
1 32768
0 13129
0 21829
0 23191
0 13082
0 7672
1 32768
0 8770
0 14357
0 11500
0 10720
0 11571
0 27134
0 11003
0 12390
0 10269
0 14091
0 15699
0 9613
0 18081
0 11462
0 16573
2 32768
0 9231
0 17553
0 20327
0 26060
0 9018
1 32768
1 32768
0 8657
0 10737
0 8623
0 17653
0 15421
0 7275
0 15323
0 10450
0 9582
0 8192
0 10711
0 10947
0 11643
0 9852
0 11547
0 13762
0 10586
0 20215
1 32768
0 13141
0 9815
1 32768
0 15878
0 9947
1 32768
1 32768
0 16287
0 13602
0 9216
0 17225
1 32768
0 9369
0 20219
0 17073
0 8056
2 32768
1 32768
1 32768
0 10379
0 24243
0 13209
0 8108
0 11853
0 18447
0 10101
0 12967
0 10908
1 32768
0 22919
0 25688
0 10395
0 16085
0 22546
0 10981
0 14439
0 14984
1 32768
0 9230
0 8618
0 8319
1 32768
1 32768
0 13680
1 32768
0 30471
0 13703
0 7971
0 14551
1 32768
1 32768
0 10229
1 32768
0 8124
0 7086
0 9127
0 12506
0 9211
0 32752
0 8961
0 13106
0 15633
0 8489
0 13000
0 20175
0 9719
0 14305
0 9427
0 16676
0 9279
1 32768
0 10056
0 10458
0 9833
0 16732
0 25293
0 10943
1 32768
0 15058
0 14584
1 32768
0 16674
0 16088
0 9386
1 32768
0 20912
0 21143
0 14567
0 8416
0 11820
0 11004
0 10268
0 12919
2 32768
0 19019
0 12378
0 14719
0 10134
2 32768
0 7548
0 19918
0 22084
0 28925
0 10789
0 18009
0 8559
0 7471
0 14427
0 15310
0 8035
0 11472
0 12635
0 9728
1 32768
0 11621
0 10455
0 13389
0 10005
0 12402
0 16394
0 8486
0 17787
0 10043
0 8576
0 10733
0 8731
1 32768
0 6693
1 32768
0 18440
0 12583
1 32768
1 32768
0 10349
1 32768
0 13449
0 19743
0 11272
0 10049
0 8733
0 19570
0 10576
0 21244
1 32768
0 14381
0 11402
0 9318
1 32768
0 8909
0 11469
0 13832
0 15204
0 16327
0 9330
0 15923
1 32768
0 24660
1 32768
0 21773
0 11428
0 7146
0 22818
0 10164
0 25859
0 10205
0 14347
1 32768
0 9167
0 9437
0 12886
0 9758
1 32768
0 28595
0 8929
0 9188
0 10514
1 32768
0 11738
0 8517
2 32768
0 13435
0 8241
0 12499
0 8693
1 32768
0 12778
0 10865
0 11055
0 7587
0 7054
2 32768
2 32768
0 12225
0 20934
0 11766
0 14590
0 10988
0 9280
1 32768
0 8612
0 10968
0 7860
0 9755
0 9549
1 32768
0 11954
0 10314
1 32768
0 10665
0 23961
0 13961
0 10643
0 8989
0 32357
0 23583
1 32768
0 9209
0 16118
0 27388
0 13827
0 12806
0 8577
0 13764
0 11559
0 9770
0 14382
0 10027
0 16909
0 8793
0 26661
0 11483
0 22859
0 8850
0 17161
0 22532
0 11806
0 21689
1 32768
0 14099
0 11053
1 32768
0 14828
0 10090
0 14900
0 12875
0 20578
0 12681
0 13379
1 32768
0 15516
0 11394
0 24318
0 9420
0 12345
0 6960
0 11325
0 13502
0 15287
0 23177
0 9104
0 16498
0 13505
0 15020
0 19912
1 32768
0 13105
0 13312
0 12171
0 11415
0 10105
0 30239
0 23733
0 11795
0 12202
0 9461
0 11458
0 11817
0 10975
0 12863
0 20978
1 32768
0 9546
1 32768
0 20502
0 10523
0 28360
0 9607
1 32768
0 8440
0 11415
0 10976
0 8916
0 19386
0 27865
0 20893
1 32768
0 17142
0 7361
0 17492
0 9492
0 14074
0 16031
0 10645
1 32768
0 24893
0 10891
0 11774
0 10659
0 14463
1 32768
0 32017
1 32768
0 11154
0 15031
1 32768
0 10075
0 15150
2 32768
0 9598
0 14432
1 32768
1 32768
0 29169
2 32768
1 32768
0 26143
0 14902
0 9773
0 9143
0 12654
0 8859
0 11586
0 13699
0 30613
0 12771
0 22549
0 9691
0 13312
0 23010
0 30289
0 13421
0 11909
1 32768
0 17488
0 14357
1 32768
0 7320
0 11655
0 8770
0 13556
0 13528
0 13728
0 25571
0 10194
0 8066
0 12970
0 9021
0 27824
0 17964
0 7155
0 14095
0 10350
0 10563
0 10465
0 17526
0 15428
0 13718
0 10158
0 19406
0 8438
0 10264
0 10632
0 18285
0 15179
0 16462
0 20259
0 10962
1 32768
1 32768
0 19835
0 7618
0 9618
0 16032
0 11289
0 15320
0 23710
0 9523
0 12591
1 32768
0 11344
0 10303
0 9841
0 11559
1 32768
0 15588
0 10529
0 15564
0 13215
0 9662
2 32768
1 32768
0 22490
1 32768
0 12501
0 28888
0 10829
0 11606
0 13614
0 15202
0 14341
0 10931
1 32768
0 10771
1 32768
0 14083
0 13013
0 13724
0 12457
0 11912
0 29755
0 26893
0 8275
0 15508
0 30140
0 16324
0 11625
0 16949
0 11734
1 32768
0 11981
0 12879
0 13152
0 7774
0 25201
1 32768
0 17876
0 10690
0 8570
0 8453
1 32768
0 13904
0 11096
0 15937
0 18823
0 11936
2 32768
0 10892
0 6733
0 13572
0 6607
0 11292
0 25471
0 13586
0 16897
0 21269
0 16099
0 28651
0 10467
0 9971
0 8526
0 12195
0 10162
0 30400
0 20979
0 20525
0 11546
0 9914
0 12743
0 8951
0 10241
0 13236
1 32768
0 9102
0 11364
0 17438
0 17497
0 13925
0 15435
0 13206
0 11456
0 19338
1 32768
1 32768
0 8047
0 13284
0 9387
0 20560
0 10998
1 32768
0 12007
0 18475
0 9316
0 8788
1 32768
1 32768
0 17276
0 14296
0 6716
0 8578
0 10230
0 24571
0 8478
0 12395
0 10168
0 9122
0 18115
0 10652
1 32768
0 8563
0 8331
0 10045
0 13053
0 9953
2 32768
0 10546
0 25789
0 12552
0 10589
0 10352
0 14069
0 7561
0 11767
0 8369
0 18233
0 18323
0 29092
1 32768
0 10032
0 20723
0 13584
1 32768
0 19248
0 10660
0 10702
0 10295
0 13205
0 12468
0 10886
0 9924
0 18981
0 14274
1 32768
0 14058
0 12284
0 16943
1 32768
1 32768
0 28504
1 32768
0 12927
0 10978
0 13872
0 9625
2 32768
0 16162
0 10643
0 8831
1 32768
0 9310
1 32768
1 32768
0 7598
1 32768
0 14811
0 6992
0 13099
0 10013
0 9890
1 32768
0 13769
0 23563
0 14839
1 32768
0 10033
0 12272
0 10755
0 11504
0 7680
1 32768
1 32768
0 8928
0 9618
1 32768
0 12627
0 6520
0 11111
0 9204
0 8639
1 32768
0 14910
0 10278
0 16842
0 9718
0 29731
1 32768
0 10098
0 24919
1 32768
0 11962
0 13199
1 32768
1 32768
1 32768
0 7319
0 14839
0 11181
0 19744
0 8646
0 10856
0 10918
0 16473
0 6579
0 14340
0 8853
0 10611
0 15820
0 15805
0 15032
0 10839
1 32768
0 9861
0 7935
0 26036
0 12869
0 10172
0 12104
1 32768
0 17528
0 10932
0 10789
0 11204
0 8092
0 11447
0 11242
0 5774
0 16314
0 10016
1 32768
1 32768
0 14234
0 12911
0 10165
1 32768
0 10648
0 27772
0 8663
0 11831
0 12432
0 11417
2 32768
1 32768
0 9400
0 9197
0 16932
0 9555
0 8158
0 7812
1 32768
0 13230
0 10803
0 10824
0 13742
1 32768
0 17428
0 9064
0 9304
0 10245
0 13733
0 11848
0 10902
0 17633
4 32768
0 9721
0 9077
0 8319
0 12108
1 32768
0 13275
0 29746
0 14892
0 19665
1 32768
0 13795
0 15240
0 10426
0 14398
2 32768
0 9585
1 32768
0 9460
0 12054
0 13001
0 14243
0 12119
0 9854
0 10552
0 11531
0 9366
0 7046
0 10399
0 21013
0 14367
0 21447
0 8925
0 14266
0 30911
1 32768
0 10721
1 32768
0 9457
0 12165
0 7715
0 13679
2 32768
0 12877
0 15570
1 32768
0 12308
0 10650
0 9611
0 10692
0 16603
0 12926
0 18268
0 22198
0 9535
0 13162
0 16300
0 13932
0 13608
0 20358
0 27694
0 10130
0 14528
0 10108
0 12607
1 32768
0 9259
1 32768
0 15851
0 7454
0 16591
0 10224
1 32768
0 7712
0 10436
1 32768
1 32768
0 17414
0 14072
0 8795
0 9166
0 14216
1 32768
0 16441
0 10515
1 32768
0 11233
2 32768
0 11335
0 14487
0 9873
0 17214
0 7998
0 14566
0 17221
0 30847
0 10458
0 14730
0 10173
0 11689
0 12523
0 10418
0 10477
0 15204
0 7332
0 10180
0 13689
0 27077
0 9858
0 18193
0 17958
1 32768
0 10114
0 10082
0 16272
0 8953
0 13398
0 8229
0 13011
0 22767
0 16377
0 9895
0 8257
0 19712
0 11892
0 17427
0 16873
0 20968
0 13548
0 9211
0 9949
0 19786
0 20603
0 8634
1 32768
0 8321
0 8751
0 11158
0 17581
0 10740
0 22814
0 9579
1 32768
0 23697
0 11743
0 7424
0 10115
0 15107
0 12100
0 17179
0 9280
0 19443
0 6874
1 32768
0 21678
0 7931
0 29018
0 9933
1 32768
1 32768
0 7821
0 7969
0 11084
3 32768
0 10635
0 11192
0 10334
0 28112
0 21424
0 22431
0 11367
0 12979
0 17379
0 10147
0 11862
0 9285
0 15336
0 6695
1 32768
1 32768
0 11585
0 19400
0 18225
0 15275
0 10543
0 8276
0 12454
0 23293
0 16589
0 21573
0 14404
0 8272
0 13543
0 13176
0 11000
0 8400
0 8738
1 32768
0 11157
0 16252
0 25928
0 13398
1 32768
1 32768
0 11105
0 15861
0 9184
0 15418
0 22354
0 9747
0 8701
0 8029
0 14044
0 30764
0 21521
0 10263
0 14207
0 7549
2 32768
0 9192
0 9257
0 16073
0 16049
0 11268
0 11724
0 14645
0 23165
1 32768
0 10295
0 14239
0 9567
0 24936
0 7636
0 9667
0 16443
0 7863
0 6974
1 32768
0 9564
0 17013
0 9878
1 32768
0 16790
0 16614
0 8702
0 9503
1 32768
0 9872
0 8425
0 10402
0 9418
1 32768
0 16421
0 9498
0 25772
0 8916
0 10416
0 32675
0 9165
0 12693
0 11671
0 13557
0 28153
0 7978
0 11877
1 32768
0 11818
0 12179
1 32768
0 16904
0 9633
0 15200
0 11422
0 7733
0 11196
0 7018
2 32768
0 10641
0 6595
1 32768
0 17757
0 10517
0 14978
0 10955
0 11390
1 32768
0 13754
0 11236
0 19421
0 19330
0 15934
0 7575
0 7070
0 16224
0 16007
0 28279
0 10507
0 23932
0 17747
0 22950
0 11408
0 13153
0 20160
0 20856
0 12930
1 32768
0 11413
0 8454
0 25770
0 12446
1 32768
0 9568
0 12618
1 32768
0 9038
0 15616
0 10443
1 32768
0 18924
0 29449
0 10213
0 14795
0 9407
0 19359
0 7009
0 6717
0 7963
0 10132
1 32768
0 24130
0 10173
0 13547
0 13643
0 13368
0 8138
0 11654
0 9371
0 12765
0 18223
0 10074
0 11376
0 10091
1 32768
0 29674
1 32768
0 7541
0 13227
1 32768
2 32768
1 32768
0 10619
2 32768
0 14102
0 10563
0 14272
0 15677
1 32768
0 9325
1 32768
0 17317
2 32768
2 32768
0 7074
0 15412
0 19384
0 11376
0 15976
0 10338
0 13784
1 32768
0 9871
0 12979
0 15467
0 11483
0 17040
0 11093
0 18923
0 15578
0 8897
0 18597
0 18611
0 23917
1 32768
0 8353
0 9083
0 14705
0 10249
1 32768
0 10376
0 9060
0 10406
0 4831
0 14927
0 10216
0 18149
0 10914
0 11451
0 8174
0 15823
0 9352
0 12238
0 9472
0 32281
1 32768
0 13616
0 11815
0 8221
1 32768
0 10105
0 13012
0 9054
0 8968
0 11594
0 13676
0 14098
0 9944
0 7632
0 16268
1 32768
0 12363
1 32768
1 32768
0 7867
1 32768
0 16871
0 8317
0 8264
0 9209
1 32768
0 15901
0 11888
0 10297
0 10077
0 9575
0 13497
0 25609
1 32768
0 14508
0 12261
0 15743
0 19464
0 9890
0 12996
0 9600
0 8928
0 17698
0 14307
0 8304
0 7743
0 18100
0 7641
1 32768
0 9158
0 10890
0 18485
0 20248
1 32768
0 6488
0 14767
0 12744
0 10098
0 8407
3 32768
0 11007
0 10386
0 8751
0 14465
0 12787
0 9795
0 11614
0 11275
0 11572
0 17219
0 16734
0 15010
0 8481
1 32768
0 8164
0 19819
1 32768
1 32768
0 14927
0 10816
0 8095
0 13655
0 15665
1 32768
1 32768
0 22156
1 32768
0 10780
0 11762
1 32768
0 30044
0 26092
0 11178
0 7898
0 18314
0 13071
0 14463
0 15586
0 11578
1 32768
0 13344
0 10980
1 32768
0 9951
0 6939
0 13144
1 32768
0 12608
0 10049
0 10723
1 32768
0 5366
0 9986
0 9047
0 12829
0 7589
0 10213
0 10629
0 11706
0 11749
0 13896
0 13545
0 18311
0 9256
0 7976
0 13454
0 9586
0 9878
1 32768
0 10655
0 11135
1 32768
0 8045
0 7669
0 28968
1 32768
1 32768
0 11075
0 29471
0 9576
0 13823
0 11606
1 32768
0 22728
0 20422
0 21949
0 12968
0 8284
0 9735
1 32768
0 12345
0 10194
0 16409
1 32768
0 21191
0 10612
1 32768
0 13739
1 32768
0 7634
0 10434
1 32768
0 15521
0 14008
0 9781
0 9357
0 12893
0 11601
0 16014
0 21593
1 32768
0 11079
1 32768
0 11260
0 13624
0 20991
0 31366
0 12547
0 9012
0 9826
0 9462
0 12556
1 32768
0 8740
0 14606
0 8405
0 11833
0 10567
0 7780
1 32768
0 9407
0 28755
0 9761
1 32768
0 12565
0 17434
1 32768
0 8493
0 8158
0 8099
1 32768
0 8198
0 29452
1 32768
0 11730
1 32768
0 8518
0 17619
0 11571
0 12064
0 11469
0 29840
0 12707
0 10839
0 8791
0 13718
1 32768
0 8788
0 12308
0 7988
0 10185
1 32768
0 9388
0 10342
0 19913
0 9286
0 8416
0 17436
0 7449
2 32768
0 14613
1 32768
0 13419
0 12704
0 14916
0 8696
0 30356
0 17036
0 12635
0 7376
0 9556
0 10447
0 15513
0 26582
0 27650
0 17122
0 17063
1 32768
0 9976
0 6127
0 8414
0 15586
0 18848
0 22424
0 10422
0 23807
0 7948
0 9553
0 11906
0 20908
0 15688
0 12561
0 8797
0 11135
0 15529
0 9646
0 9872
1 32768
0 7964
0 7301
0 11532
1 32768
0 13087
0 10960
0 10861
0 10382
0 5713
0 13272
0 14324
0 15300
0 10286
0 9843
0 7072
0 20162
0 10434
0 6921
0 7499
0 10263
0 18299
0 13020
0 9775
0 12254
1 32768
0 13841
0 9194
0 17934
1 32768
0 10951
1 32768
0 9214
0 13116
0 15947
1 32768
0 10662
0 12479
0 14859
0 10626
1 32768
0 8448
0 14290
0 9548
0 10863
0 14732
0 13026
0 8708
0 16678
0 8293
0 7455
0 8156
1 32768
0 18941
1 32768
1 32768
2 32768
0 25758
0 11441
0 8155
1 32768
1 32768
1 32768
0 20881
0 11683
1 32768
0 12864
1 32768
0 14047
0 9264
0 11655
0 6527
0 20062
0 25699
0 10792
0 21392
0 20411
0 13120
0 15680
0 22569
1 32768
0 10714
0 11460
0 8737
0 14806
0 8665
0 7771
0 13685
0 8070
0 17181
0 12000
0 12008
0 16874
0 8000
0 13342
2 32768
0 11750
0 9878
0 17708
0 10690
0 16395
0 10894
0 15069
0 7709
0 9270
0 13808
0 11108
2 32768
0 27798
2 32768
0 22544
1 32768
0 6808
0 9883
0 12041
0 22803
0 8240
0 27006
0 28564
0 15117
0 27842
0 7542
0 16850
0 13532
0 14191
0 17251
0 11359
0 19125
0 15979
0 11137
0 12061
0 8070
0 21044
0 8331
0 7413
0 10081
0 8146
0 9766
0 7194
0 22610
0 17440
0 9338
0 11428
0 14252
0 11167
0 15182
0 21476
0 12749
0 10514
0 10532
0 18950
1 32768
2 32768
0 26637
0 8275
0 13388
0 11961
0 25595
0 21232
0 14980
0 8223
0 14876
0 9165
1 32768
0 9733
0 9243
0 13076
0 6530
1 32768
0 22192
0 15371
0 10227
0 12597
0 8294
0 8185
0 8925
0 30841
0 30351
1 32768
0 20529
0 12922
0 20980
0 11136
0 8577
0 11542
0 30465
1 32768
0 14041
0 12198
0 15712
0 12351
2 32768
0 31929
0 14015
0 13650
0 11029
0 14673
0 29990
0 11927
1 32768
0 11423
0 12435
0 13746
0 10687
0 11075
0 9890
0 11009
0 10636
0 22811
0 10319
1 32768
0 9956
0 11305
0 11146
0 7884
1 32768
0 28026
0 10690
0 18388
1 32768
0 26074
0 10754
1 32768
0 17623
0 12098
1 32768
0 9057
0 7000
0 8116
0 11526
0 13989
0 8006
0 15219
2 32768
0 23828
0 11644
1 32768
0 9995
0 11188
1 32768
0 17381
0 12149
0 8551
0 9519
0 8867
0 11292
0 9436
0 8974
0 9140
0 17910
0 14209
0 11596
0 10828
1 32768
0 9927
1 32768
0 12963
0 15623
0 19645
0 20271
0 12497
0 11209
0 12483
0 28965
0 11125
0 17465
1 32768
0 8337
0 8880
0 11174
0 10792
0 13927
0 7599
0 14480
0 25122
0 21739
0 10602
0 9068
0 6869
0 11556
1 32768
0 12511
0 27384
1 32768
0 10525
0 13243
0 18549
0 8268
0 11066
0 8538
0 12536
0 8316
0 22594
0 9557
0 7928
0 18717
0 13214
0 13857
1 32768
0 15451
0 9681
0 13456
1 32768
0 16843
0 30029
0 15994
0 9096
0 8587
0 9643
0 12258
1 32768
0 13796
0 19015
0 10896
0 9635
0 23011
0 12002
0 11648
0 7696
0 17477
0 7800
0 11225
0 11427
1 32768
0 21606
0 15685
0 13146
0 17627
0 8521
0 9743
0 20011
0 13117
0 23527
1 32768
0 11386
0 13992
0 16831
0 10199
0 14871
0 10714
0 11979
0 9309
0 12066
0 11281
0 14004
1 32768
0 9307
1 32768
0 23653
0 13507
1 32768
1 32768
0 10472
0 25324
0 16872
0 28652
0 10971
0 13585
0 15522
0 13565
1 32768
1 32768
1 32768
0 9082
0 11291
0 10569
0 14549
0 10640
0 11880
0 25033
0 10327
0 14072
0 16176
0 9013
1 32768
0 17813
0 6700
0 14909
0 9693
1 32768
1 32768
0 9119
0 10829
1 32768
1 32768
0 11951
0 8274
0 12306
0 14054
0 8205
1 32768
2 32768
0 9795
0 14717
0 15132
0 22843
1 32768
0 14421
1 32768
1 32768
0 8707
0 10359
0 12520
0 21450
0 16291
0 31348
0 7390
0 9687
0 12937
0 8125
0 13222
0 9145
0 12418
0 16776
0 9527
0 8209
0 8231
0 10769
0 9871
0 20409
0 13385
1 32768
0 26691
0 11038
0 7632
2 32768
0 10691
1 32768
0 11661
0 14143
0 13821
0 26121
0 8852
0 7494
0 11875
0 8503
0 7972
0 7950
0 17658
0 9195
0 10666
1 32768
0 7899
0 7417
0 7648
1 32768
0 9791
1 32768
0 11968
3 32768
0 9475
0 9967
0 16410
1 32768
0 12960
0 6658
0 15435
0 12343
0 10014
0 13736
1 32768
0 11888
0 15219
0 10655
0 8956
0 13251
0 13192
0 30673
0 8722
0 8084
0 9915
0 10477
0 18382
0 9065
1 32768
0 12429
0 11334
0 24783
1 32768
0 15018
0 9596
0 16878
0 12479
1 32768
0 15159
0 30837
0 12765
0 11692
0 8489
0 12519
0 19041
0 10957
0 21589
0 31884
0 14876
0 10297
0 9189
1 32768
0 9972
0 16897
0 8537
0 7156
0 20874
0 10644
0 8554
0 14643
0 8303
0 7385
1 32768
0 10219
0 29381
0 29890
0 16863
0 13990
0 12073
0 7583
1 32768
2 32768
0 29064
0 13834
0 7900
0 10545
0 17520
0 8501
0 15314
0 11481
2 32768
0 11188
0 12634
1 32768
0 10110
1 32768
0 8896
1 32768
0 12577
0 9715
0 20487
0 11455
0 12740
0 15125
0 21056
0 15400
0 16991
2 32768
0 9941
0 13043
0 12460
0 12002
1 32768
0 8387
0 10567
0 8051
0 20178
0 7081
0 9372
1 32768
0 27232
1 32768
0 13487
0 18548
0 11090
0 11928
0 11503
0 12431
0 15761
0 12263
1 32768
0 11592
0 12378
1 32768
0 19226
0 8794
0 9746
0 9981
1 32768
1 32768
2 32768
0 11787
0 13735
1 32768
1 32768
1 32768
0 11199
0 9013
0 11678
0 10020
0 12776
0 8847
0 11478
0 16902
0 9365
1 32768
0 12322
0 31545
0 9901
0 11221
0 12317
0 9810
0 8662
0 13840
0 17694
0 12398
0 8752
0 13939
0 9929
1 32768
0 11498
1 32768
0 30567
0 11391
0 12429
0 5743
0 14241
0 8110
0 7791
0 10180
0 9746
0 14774
0 13745
1 32768
0 10380
1 32768
1 32768
0 28528
0 14940
3 32768
0 15395
0 10698
0 8429
0 9628
0 11173
0 8595
0 17276
0 12828
0 10737
0 15535
0 12244
0 14314
0 15017
0 22121
0 12019
0 13202
0 18249
0 15041
0 27146
0 8354
0 31521
0 12656
0 28124
0 8605
0 12996
0 8672
0 29041
0 17269
1 32768
0 13154
1 32768
1 32768
0 8776
0 19098
0 12215
0 10884
0 32474
0 12233
0 7178
0 27185
0 14709
0 20049
1 32768
0 7557
1 32768
0 10061
0 14972
0 32389
0 10809
1 32768
0 14518
0 13778
0 7747
0 8314
0 12561
1 32768
0 12998
0 18298
0 18806
0 7329
0 18412
0 13090
0 7328
0 10956
0 11615
0 9223
0 12451
1 32768
0 12881
0 9832
0 11074
0 8574
0 13530
0 10613
0 11149
0 8449
0 9747
0 11263
0 7510
0 20849
0 11886
0 9265
1 32768
0 12763
0 13131
0 12321
0 11191
0 12887
0 18007
1 32768
0 10263
0 7945
0 6977
0 18600
1 32768
0 10404
0 12482
0 10432
0 7491
0 12681
0 10288
0 21949
0 9385
0 20717
0 9907
0 24013
0 12071
1 32768
0 14014
0 9266
0 11783
0 12143
1 32768
1 32768
0 15239
0 8115
0 15050
1 32768
0 10883
1 32768
0 6801
1 32768
0 9738
0 10171
0 16305
0 13728
0 10469
0 27041
0 12433
0 23425
0 13529
0 12338
0 12145
0 10118
0 10602
0 32542
0 10470
0 13139
0 11516
0 16371
2 32768
0 9396
0 12169
0 10130
0 11546
0 15386
0 8255
0 16614
0 10671
0 11212
1 32768
0 30868
0 8448
0 6612
0 13837
0 12406
0 30668
0 13586
0 7937
1 32768
0 9433
0 11020
0 8410
0 25687
0 12382
0 8280
0 10797
0 10480
0 21571
0 8846
0 19276
0 12618
0 9832
0 9829
0 9018
0 16386
0 13182
0 14244
0 11505
0 22611
0 13923
0 11439
0 10362
0 14334
0 10310
0 17724
0 9427
2 32768
0 15980
0 14509
0 15101
0 8192
0 11506
0 9835
0 9029
0 8228
0 7724
0 26269
0 24266
0 9911
0 8758
0 25481
1 32768
0 13098
0 11850
1 32768
0 8406
0 8471
0 9823
0 15576
0 11453
0 23735
0 22409
0 12923
0 7835
0 21181
0 12859
3 32768
0 16818
1 32768
0 18925
0 9277
0 8728
0 15831
0 15052
0 16069
0 11424
0 10355
0 10703
0 10316
0 32026
0 8786
0 11221
0 8896
0 21146
0 12021
0 11968
0 13151
0 9961
4 32768
0 10931
1 32768
0 11580
0 11723
0 16912
0 10675
0 6998
0 12921
0 20819
0 10840
1 32768
0 18027
0 14675
0 9726
2 32768
0 11732
0 14049
0 7718
0 17574
1 32768
0 9082
0 10551
0 17511
0 22759
0 7522
0 15022
1 32768
1 32768
0 25782
0 10406
0 17504
0 16855
0 18447
0 8051
1 32768
0 12499
0 11311
0 17376
0 27350
1 32768
0 14443
0 13369
0 12776
0 13656
0 13842
0 6653
0 32060
0 12227
0 17511
1 32768
0 16608
0 10098
0 7289
0 9875
0 25642
2 32768
0 9491
0 9991
0 12468
0 8549
0 15254
0 25878
0 10263
0 14133
0 10369
1 32768
0 9495
0 9167
0 28307
0 16253
1 32768
0 16918
0 10732
0 12685
1 32768
0 11823
0 14400
1 32768
0 10968
0 9103
1 32768
1 32768
1 32768
0 9513
0 10933
0 29273
0 18526
0 10129
0 14527
0 13709
0 28296
2 32768
0 10416
1 32768
0 16186
2 32768
0 9232
0 13147
0 17007
0 10033
1 32768
0 20260
0 8833
1 32768
0 18454
0 19813
0 13958
0 7920
0 13027
1 32768
0 15280
0 16901
0 9507
3 32768
0 8448
0 20490
0 16113
1 32768
1 32768
0 11773
0 19181
0 12387
0 10440
0 17812
0 7987
2 32768
0 9465
0 13145
0 18483
0 10703
0 11445
0 16008
1 32768
0 13355
0 15173
0 17021
0 14409
0 12437
0 12036
0 12051
0 15365
1 32768
0 8533
0 19202
0 9190
0 10026
1 32768
1 32768
0 15176
0 21382
0 8841
0 13734
0 9753
0 18075
0 11015
0 9647
0 7324
0 12630
0 15494
0 10325
0 12473
0 12422
0 11982
0 8828
0 11307
0 9167
0 11951
0 9016
1 32768
0 13945
0 8792
0 6946
0 10465
0 24217
0 20449
0 10576
0 17169
0 8395
0 11238
0 22458
0 12615
0 12899
1 32768
0 7901
0 11614
0 8877
1 32768
0 7929
0 18629
0 21153
0 11289
0 10898
0 9328
0 9578
0 9374
0 12990
0 24111
0 13088
1 32768
0 9276
0 9308
0 8430
0 18323
0 12888
0 7731
0 10163
0 12527
0 9365
0 10242
0 7536
0 6718
2 32768
0 13635
1 32768
1 32768
0 11428
1 32768
0 8644
0 12858
0 12853
0 32321
0 10454
0 9664
1 32768
0 12063
0 9699
0 12559
0 22207
1 32768
0 22631
1 32768
0 7550
0 24622
0 14479
0 14515
1 32768
0 7199
0 12252
0 7678
1 32768
0 14610
0 8734
1 32768
0 12140
0 16948
0 10093
0 13896
0 7999
0 11368
0 12437
0 7491
0 10776
1 32768
0 13854
0 14981
1 32768
0 11000
0 9127
0 12344
0 10953
0 8202
0 11700
0 9535
0 13136
0 10064
0 12039
0 10578
0 24232
0 15103
0 13571
0 12518
0 12513
0 11457
0 30266
0 10311
0 9743
1 32768
0 15052
0 14187
0 13536
0 15285
0 24345
0 9865
0 11030
0 13607
0 17865
1 32768
0 7921
0 14797
0 12233
0 27056
0 15011
1 32768
0 9315
0 12425
0 14138
0 12476
0 19488
0 17555
0 7553
0 20024
0 16061
0 9776
0 13519
0 11858
0 9981
1 32768
0 9707
0 22981
1 32768
0 12964
1 32768
0 19258
0 7696
0 17535
0 14923
0 11718
0 8186
0 7612
0 9321
0 10343
0 21937
0 15497
0 29219
0 10851
0 7850
0 5775
0 20020
0 9622
2 32768
0 8706
0 7561
0 11000
0 21363
0 14788
0 10354
0 11864
0 19888
0 19384
0 8453
2 32768
0 25455
0 10269
0 12336
0 10621
0 11464
0 9022
0 8256
0 18854
0 9047
0 12192
0 13900
0 8414
0 8778
1 32768
0 11202
0 27190
0 32181
0 11853
0 14587
1 32768
1 32768
1 32768
1 32768
0 10553
1 32768
1 32768
0 13019
0 12362
0 14419
0 6954
0 12726
1 32768
1 32768
0 9499
0 14713
1 32768
1 32768
0 22901
0 9704
0 13539
0 25946
0 13022
0 12431
0 9923
0 9572
0 9483
0 22005
0 10428
0 15066
0 9821
0 9865
1 32768
0 27952
0 8332
1 32768
0 12414
0 11555
0 6887
1 32768
0 16727
0 12736
0 17858
0 8789
0 14594
0 9215
0 12149
0 13170
0 12850
0 9810
1 32768
1 32768
0 15356
4 32768
0 10073
0 20039
0 11417
0 12167
0 31061
0 10884
0 8457
0 11881
1 32768
1 32768
0 21483
0 9562
0 8645
0 24118
0 10645
1 32768
0 8455
0 10609
0 9102
0 9694
0 7440
0 13804
0 15692
0 23911
0 15316
0 14841
0 13743
1 32768
0 19429
0 12487
1 32768
0 11295
0 14019
0 12187
0 30102
0 12374
1 32768
3 32768
0 12313
0 20311
1 32768
0 11522
0 9357
0 31516
0 10171
0 9352
0 21315
0 22158
1 32768
0 8082
1 32768
0 14040
0 8065
0 19036
0 12846
0 11350
0 12550
0 14457
0 8021
0 8408
0 7255
0 6387
0 11858
0 10230
0 9397
0 11142
0 13110
1 32768
0 10294
0 6836
0 10696
0 12529
0 11284
0 12309
1 32768
0 9910
0 13081
1 32768
0 11454
1 32768
0 8717
0 10772
0 9657
0 12738
0 10334
0 10299
0 14893
0 11614
0 7899
0 30674
0 10245
0 12624
1 32768
1 32768
1 32768
1 32768
1 32768
0 10061
0 18719
0 9817
2 32768
0 16402
0 9353
1 32768
0 14857
1 32768
1 32768
0 9211
0 11517
0 15681
0 8516
0 14855
0 14558
0 7859
0 9836
0 10013
0 13136
0 24469
0 12395
0 10916
0 6711
1 32768
0 15420
1 32768
0 11410
0 10531
0 9140
0 15366
0 8228
0 8525
0 13719
0 17220
2 32768
0 12162
0 7129
0 11484
0 11395
0 12222
0 23367
0 9537
1 32768
0 16304
1 32768
0 13721
0 18383
0 12477
0 9679
0 10025
0 7263
1 32768
0 8414
1 32768
0 16227
0 31140
0 13524
0 18511
0 10775
0 13176
0 10319
1 32768
0 19552
0 9694
0 7220
0 8060
0 18938
0 10606
0 14910
0 21053
0 11702
0 12797
0 11966
0 18570
1 32768
0 9087
1 32768
0 15110
0 8137
0 13506
0 8858
0 25581
0 10838
0 11128
0 13814
0 11977
0 8147
0 10133
2 32768
0 11473
0 10246
0 28738
0 14021
0 16530
1 32768
0 11285
0 13400
0 14407
0 10016
0 7242
0 11393
0 8638
0 21022
0 12490
0 10268
0 23770
0 13888
1 32768
1 32768
0 26322
0 11852
1 32768
0 9801
1 32768
0 14199
0 9012
0 9182
0 10602
0 8083
0 10604
0 16988
0 21345
1 32768
0 26476
0 8038
2 32768
0 10398
0 8421
1 32768
0 7832
0 9974
1 32768
0 10523
0 14082
0 10282
1 32768
0 7662
0 22928
1 32768
1 32768
0 15293
0 6677
0 12045
0 10926
0 5721
0 22607
0 15494
0 9465
0 11303
0 12563
0 16013
0 15815
0 10120
1 32768
0 16903
2 32768
0 14227
0 7474
0 9264
0 10146
0 12477
0 14842
0 11624
0 11248
1 32768
2 32768
0 12502
0 13594
0 12769
0 12379
0 11522
0 13633
0 13767
0 6656
1 32768
0 12280
0 9577
0 7252
0 20411
0 12254
1 32768
0 9523
0 19646
0 10325
0 18508
0 7767
0 13886
0 11732
2 32768
0 11357
0 8265
0 10258
0 13588
0 29691
0 28303
1 32768
0 14751
0 8056
0 8222
1 32768
0 20187
1 32768
0 10566
0 9158
0 29409
1 32768
0 32019
0 14583
0 10705
0 13770
1 32768
0 12621
0 11191
0 12645
0 11594
0 13520
1 32768
0 9840
0 10014
0 8536
0 10348
0 15238
1 32768
0 10555
0 24995
0 8710
0 12253
0 10090
1 32768
0 22956
0 25652
0 11342
0 6508
0 14372
0 10193
0 14915
0 11824
0 10694
0 16689
0 10461
0 8822
0 18193
0 8759
0 11078
1 32768
0 8931
1 32768
0 11336
0 8382
0 21675
0 14797
0 15324
1 32768
0 12131
0 13439
0 9326
0 8157
0 14046
0 11542
0 9243
1 32768
0 19038
0 9123
0 18694
0 10183
0 10382
0 9941
0 9847
0 8848
1 32768
0 10199
0 12649
0 11047
0 10950
0 12813
0 10094
0 10218
0 13514
1 32768
0 11029
0 8258
1 32768
1 32768
0 10912
0 14144
0 26646
0 12590
0 9888
0 28974
0 13861
0 10842
0 10675
0 10973
0 17421
0 13608
0 13638
0 13873
0 9958
0 9836
0 13450
0 12120
0 10091
0 11987
0 12335
1 32768
0 29923
0 8751
0 22297
0 20344
1 32768
0 8611
0 11883
0 23695
0 8814
0 12350
0 8725
0 23973
0 18854
0 9410
0 10183
0 10344
0 14909
0 10893
1 32768
0 16193
0 14300
0 8782
0 18517
1 32768
1 32768
0 11071
1 32768
0 19114
0 10014
1 32768
0 11769
0 10307
0 9273
0 12839
2 32768
0 8767
0 8751
0 14168
2 32768
0 8494
1 32768
0 9434
3 32768
0 10315
0 8000
0 12181
0 10249
0 22233
0 7562
0 26109
0 6862
0 12176
0 18876
0 13877
0 22292
1 32768
0 8894
0 11566
0 12627
1 32768
0 21937
0 12194
0 8533
0 11099
0 10859
0 21868
0 10477
0 13759
0 13000
0 9474
0 8336
0 9856
0 28602
0 12478
0 12517
0 8782
0 13243
0 10701
0 10923
0 11087
0 18670
2 32768
0 9336
2 32768
0 8672
0 8081
0 8815
0 8867
0 13813
0 20541
0 14370
0 11988
0 11969
1 32768
0 14185
0 22281
0 21837
0 17407
1 32768
0 10916
1 32768
0 8873
1 32768
0 13074
0 9133
0 7223
3 32768
0 17188
1 32768
2 32768
1 32768
0 6791
0 20669
0 9782
1 32768
0 10160
0 10182
0 12186
0 26056
0 17393
0 9727
0 8558
1 32768
1 32768
0 11725
0 18730
0 11184
0 13810
0 11308
1 32768
0 12631
0 8559
1 32768
0 12903
0 11583
0 20130
0 13422
0 9074
0 10712
0 8822
0 16357
0 13646
0 9517
0 7534
0 13014
0 17383
0 10477
0 12876
1 32768
0 9685
0 7899
0 8488
0 9028
0 10662
0 19010
0 17036
1 32768
0 11452
0 13440
0 6678
0 12167
0 10815
3 32768
0 16349
0 11801
0 12135
0 12528
1 32768
0 10385
1 32768
0 9786
0 7995
0 14940
0 13465
0 12121
0 9845
1 32768
0 9066
1 32768
0 14002
0 8785
0 8744
1 32768
0 11039
0 11787
0 11847
0 8293
0 23033
1 32768
1 32768
0 8733
0 10399
0 12199
1 32768
0 9431
0 13576
0 12160
0 11693
0 10673
1 32768
0 12657
0 10984
0 8231
1 32768
0 24128
0 10013
0 12323
0 17244
0 12484
0 12791
0 10731
1 32768
0 18472
0 15949
1 32768
0 23825
0 9017
1 32768
1 32768
0 10028
0 9724
0 18125
2 32768
0 14663
0 15103
0 11939
0 9772
0 9410
0 8212
0 8865
0 11778
0 8397
0 10430
0 13009
0 10022
0 10491
0 18339
1 32768
1 32768
0 12908
0 9259
0 11752
0 13879
0 16982
0 14626
0 8372
1 32768
0 11868
0 8344
0 11783
0 10924
0 8548
1 32768
0 10066
0 9006
0 11636
0 10029
0 12551
1 32768
1 32768
0 11506
0 9429
0 8930
0 9231
0 12774
0 11105
2 32768
0 24441
0 8442
0 11347
0 17532
0 21156
0 12290
0 12104
0 16385
0 9091
0 14353
0 15201
0 8840
0 10857
1 32768
0 12699
0 11632
1 32768
2 32768
0 11087
0 10046
0 12989
0 22306
1 32768
0 19797
0 23118
0 9715
0 6790
0 14661
1 32768
0 9549
0 10474
1 32768
0 12982
0 9203
0 10771
0 13570
0 9890
0 15323
0 10467
0 6527
0 9840
1 32768
0 11784
0 9340
2 32768
0 24120
0 9972
0 6777
0 15789
0 10151
0 11374
0 11444
0 10061
0 12364
0 13283
0 10795
0 7640
0 13380
1 32768
0 15732
0 13255
0 12078
0 15716
0 9859
0 17610
0 11380
0 10490
0 9117
1 32768
1 32768
1 32768
0 10150
0 8198
0 10172
0 16819
0 8527
0 9439
0 15275
0 13700
0 13469
0 10323
0 11271
0 20865
0 32075
0 10190
0 11473
0 20069
0 15838
0 21378
0 15533
0 21566
0 15645
1 32768
0 22265
1 32768
0 16274
0 7523
0 12904
0 9173
1 32768
0 12393
0 12135
0 17135
1 32768
0 11419
0 10605
0 10378
0 18190
0 9625
0 12838
0 7850
0 10617
0 14029
0 12565
0 9733
0 13645
0 11766
0 17073
0 7550
0 10010
0 11692
0 14064
0 10646
1 32768
0 28432
0 21317
0 11273
0 9271
1 32768
0 10135
0 10464
0 14545
0 24956
1 32768
0 10718
0 11437
0 15375
1 32768
0 12795
0 17635
0 9448
0 11271
0 10300
0 11561
0 14726
0 13497
0 14533
0 18524
0 11011
0 8873
0 11445
0 13847
0 10260
0 8893
0 11205
0 9163
1 32768
0 10879
0 10329
0 7814
0 17212
0 18852
0 11287
0 15980
1 32768
0 14212
0 10346
1 32768
1 32768
0 10621
0 10452
0 11250
0 9952
0 8882
0 12151
0 13474
0 10567
1 32768
1 32768
0 13599
0 14669
0 9301
0 8844
0 9674
0 17481
2 32768
0 7820
1 32768
0 24461
0 9719
1 32768
1 32768
0 11585
0 27966
0 15740
0 12317
0 16064
2 32768
0 11167
0 11238
1 32768
0 11661
0 15288
0 12292
0 10901
0 9722
0 12770
0 12885
0 24810
1 32768
0 10278
0 7036
0 11593
0 9244
0 8052
1 32768
0 13855
1 32768
0 11035
0 10449
0 11538
1 32768
0 7742
0 12636
0 11846
0 13890
0 9174
0 9610
0 10144
0 12537
1 32768
0 7939
2 32768
0 13621
0 10324
0 15115
0 22813
1 32768
1 32768
0 13960
0 27873
0 8265
0 7941
0 9939
0 31914
0 17513
0 30348
0 16513
0 10613
