# SA for random K-SAT
# K = 4   N = 1024   M = 8704   seed = 456230197
# alpha = 8.500000   nIter = 4096  Tmax = 0.200000
# 1:lowestUnsat  2:runTime
0 408
0 326
0 775
0 492
0 1477
0 380
0 485
0 599
0 828
0 397
0 300
0 298
0 340
0 247
0 628
0 193
0 574
0 823
0 407
0 255
0 395
0 467
0 362
0 760
0 616
0 693
0 176
0 402
0 197
0 352
0 650
0 996
0 258
0 348
0 302
0 223
0 402
0 836
0 333
0 565
0 527
0 314
0 440
0 304
0 256
0 883
0 350
0 222
0 580
0 368
0 294
0 552
0 310
0 497
0 425
0 652
0 129
0 207
0 202
0 178
0 74
0 558
0 641
0 363
0 289
0 1285
0 329
0 161
0 674
0 306
0 382
0 288
0 1161
0 505
0 2177
0 423
0 342
0 606
0 835
0 374
0 676
0 187
0 742
0 1385
0 222
0 402
0 392
0 1138
0 522
0 670
0 658
0 642
0 792
0 803
0 443
0 276
0 368
0 590
0 191
0 200
0 439
0 410
0 277
0 424
0 363
0 450
0 396
0 310
0 325
0 316
0 1299
0 424
0 340
0 582
0 489
0 525
0 455
0 349
0 1062
0 241
0 741
0 452
0 409
0 979
0 766
0 326
0 580
0 536
0 541
0 266
0 694
0 727
0 727
0 310
0 1032
0 942
0 727
0 585
0 257
0 425
0 220
0 345
0 658
0 568
0 363
0 466
0 454
0 467
0 529
0 1458
0 358
0 447
0 737
0 422
0 151
0 552
0 928
0 781
0 966
0 271
0 2545
0 321
0 869
0 278
0 158
0 581
0 290
0 285
0 328
0 707
0 1113
0 177
0 441
0 323
0 518
0 1219
0 148
0 389
0 286
0 404
0 853
0 974
0 192
0 226
0 1840
0 357
0 488
0 518
0 646
0 1046
0 358
0 199
0 522
0 788
0 889
0 321
0 180
0 354
0 220
0 562
0 246
0 404
0 549
0 727
0 286
0 346
0 429
0 422
0 301
0 137
0 1544
0 290
0 734
0 349
0 816
0 150
0 648
0 440
0 500
0 432
0 361
0 504
0 318
0 594
0 273
0 481
0 150
0 509
0 203
0 329
0 488
0 695
0 552
0 205
0 630
0 1374
0 392
0 194
0 91
0 335
0 211
0 795
0 462
0 613
0 640
0 271
0 404
0 203
0 458
0 211
0 469
0 92
0 1043
0 495
0 385
0 334
0 222
0 649
0 415
0 226
0 387
0 469
0 393
0 387
0 355
0 534
0 370
0 624
0 240
0 544
0 333
0 379
0 257
0 256
0 580
0 521
0 311
0 468
0 298
0 114
0 439
0 706
0 443
0 301
1 4096
0 607
0 631
0 831
0 336
0 482
0 395
0 200
0 811
0 743
0 389
0 570
0 319
0 1647
0 423
0 473
0 511
0 486
0 520
0 175
0 307
0 288
0 363
0 648
0 587
0 460
0 418
0 106
0 314
0 729
0 563
0 415
0 569
0 968
0 821
0 367
0 505
0 493
0 394
0 380
0 203
0 189
0 416
0 621
0 264
0 248
0 381
0 424
0 283
0 355
0 345
0 439
0 387
0 725
0 554
0 131
0 519
0 639
0 899
0 517
1 4096
0 375
0 146
0 455
0 340
0 393
0 597
0 3554
0 338
0 178
0 226
0 1287
0 461
0 340
0 645
0 1978
0 384
0 208
0 238
0 593
0 248
0 373
0 447
0 544
0 490
0 447
0 390
0 343
0 352
0 152
0 268
0 447
0 228
1 4096
0 1156
0 205
0 293
0 323
0 309
0 368
0 571
0 1584
0 363
0 295
0 653
0 213
0 118
0 169
0 484
0 539
0 617
0 682
0 196
0 509
0 624
0 401
0 640
0 495
0 612
0 499
0 299
0 491
0 614
0 211
0 727
0 547
0 578
0 415
0 181
0 202
0 1180
0 258
0 295
0 873
0 556
0 474
0 387
0 423
0 298
0 473
0 224
0 324
0 491
0 315
0 633
0 712
0 257
0 414
0 529
0 410
0 450
0 231
0 551
0 3233
0 193
0 275
0 187
0 315
0 731
0 292
0 347
0 412
0 512
0 520
0 572
0 544
0 326
0 374
0 448
0 217
0 851
0 262
0 168
0 1085
0 570
0 145
0 1264
0 494
0 1039
0 427
0 663
0 545
0 220
0 559
0 449
0 445
0 818
0 244
0 530
0 342
0 399
0 431
0 596
0 207
0 562
0 1070
0 591
0 579
0 417
0 694
0 538
0 157
0 164
0 488
0 503
0 167
0 1599
0 483
0 429
0 335
0 328
1 4096
0 494
0 279
0 431
0 678
0 607
0 493
0 305
0 283
0 1075
0 351
0 369
0 441
0 323
0 421
0 204
0 419
1 4096
0 347
0 593
0 301
0 419
0 653
0 372
0 251
0 528
0 288
0 605
0 825
0 640
0 394
0 582
0 1383
0 403
0 736
0 707
0 974
0 186
0 563
0 579
0 541
0 335
0 405
0 673
0 389
0 278
0 497
0 499
0 446
0 545
0 350
0 370
0 542
0 436
0 598
0 541
0 195
0 231
0 541
0 144
0 462
0 474
0 187
0 410
0 350
0 387
0 311
0 523
0 286
0 582
0 359
0 567
0 287
0 331
0 376
0 580
0 257
0 167
0 315
0 423
0 244
0 447
0 3410
0 437
0 343
0 197
0 369
0 233
0 195
0 241
0 1185
0 368
0 434
0 312
0 1156
2 4096
0 276
0 218
0 569
0 477
0 263
0 212
0 426
0 435
0 276
0 229
0 824
0 654
0 916
0 336
0 287
0 293
0 400
0 373
0 408
0 1508
0 269
0 606
0 151
0 1180
0 606
0 168
0 734
0 782
0 439
0 369
0 604
0 501
0 462
0 423
0 1206
0 302
0 309
0 537
0 231
0 203
0 683
0 444
0 933
0 233
0 620
0 657
0 479
0 183
0 674
0 323
0 685
0 192
0 635
0 563
0 873
0 198
0 201
0 364
0 245
0 236
0 139
0 308
0 655
0 194
0 680
0 295
0 671
0 333
0 297
0 460
0 858
0 266
0 630
0 258
0 248
0 384
0 529
0 392
0 447
0 335
0 457
0 429
0 361
0 390
0 877
0 679
0 284
0 571
0 494
0 323
0 299
0 176
0 248
0 403
0 1655
0 370
0 354
0 439
0 325
0 331
0 416
0 328
0 771
0 285
0 535
0 457
0 333
0 686
0 347
0 348
0 386
0 591
0 322
1 4096
0 779
0 694
0 2049
0 448
0 600
0 630
0 770
0 323
0 653
0 785
0 343
0 442
0 624
0 202
0 461
0 157
0 634
0 469
0 188
0 444
0 200
0 419
0 741
0 359
0 920
0 180
0 472
0 209
0 268
0 1000
0 926
0 470
0 324
0 1043
0 201
0 753
0 262
0 253
0 540
0 203
0 218
0 289
0 1088
0 474
0 162
0 287
0 70
0 482
0 452
0 401
0 207
0 853
0 285
0 461
0 224
0 301
0 637
0 470
0 292
0 237
0 711
0 451
0 283
0 706
0 331
0 450
0 868
0 543
0 187
0 432
0 529
0 811
0 653
0 178
0 333
0 349
0 795
0 462
0 383
0 463
0 188
0 358
0 855
0 821
0 398
0 297
0 433
0 236
0 297
0 469
0 432
0 407
0 431
0 490
0 475
0 885
0 356
0 710
0 311
0 374
0 281
0 375
0 572
0 728
0 193
0 501
0 464
0 825
0 1148
0 638
0 328
0 364
0 220
0 534
0 736
0 405
0 596
0 1009
0 1138
0 731
0 463
0 217
0 98
0 204
0 1225
0 149
0 854
0 327
0 292
0 584
0 876
0 283
0 800
0 264
0 510
0 196
0 471
0 229
0 255
0 499
0 634
0 235
0 267
0 1044
0 251
0 190
0 733
0 148
0 611
0 279
0 394
0 115
0 464
0 705
0 593
0 838
0 504
0 806
0 776
0 175
0 363
0 271
0 731
0 613
0 270
0 518
0 464
0 191
0 248
0 343
0 565
0 826
0 160
0 160
0 328
0 569
0 112
0 366
0 229
0 330
0 651
0 549
0 2188
0 298
0 856
0 338
0 386
0 418
0 182
0 241
0 421
0 333
0 151
0 328
0 458
0 451
0 247
0 153
0 308
0 203
0 789
0 711
0 760
0 613
0 404
0 752
0 687
0 776
0 790
0 207
0 227
0 602
0 115
0 322
0 223
0 497
0 351
0 606
0 521
0 397
0 283
0 338
0 304
0 912
0 389
0 178
0 255
1 4096
0 363
0 518
0 1084
0 472
0 566
0 523
0 491
0 849
0 449
0 343
0 846
0 539
0 166
0 340
0 317
0 291
0 846
0 582
0 325
0 368
0 190
0 353
0 511
0 415
0 401
0 481
0 503
0 382
0 291
0 621
0 178
0 428
0 200
0 387
0 1013
0 445
0 446
0 1467
0 444
0 124
0 446
0 193
0 290
0 147
0 272
0 722
0 411
0 400
0 184
0 317
0 390
0 822
0 572
0 231
0 259
0 2396
0 457
0 520
0 613
0 197
0 457
0 780
0 1384
0 336
0 310
0 481
0 259
0 1061
0 553
0 303
0 841
0 662
0 929
0 286
0 2432
0 628
0 902
0 458
0 315
0 585
0 275
0 157
0 418
0 1291
0 986
0 520
0 436
0 466
0 243
0 575
0 318
0 370
0 707
0 738
0 272
0 322
0 421
0 300
0 380
0 363
0 584
0 609
0 444
0 632
0 335
0 150
0 410
0 168
0 188
0 254
0 771
0 346
0 381
0 520
0 586
0 621
0 380
0 563
0 393
0 1465
0 1175
0 226
0 291
0 497
0 414
0 248
0 606
0 272
0 86
0 280
0 448
0 456
0 233
0 516
0 501
0 424
0 432
0 176
0 363
0 521
0 592
0 921
0 307
0 772
0 458
0 416
0 655
0 507
0 332
0 303
0 412
0 855
0 481
0 269
0 137
0 570
0 389
0 365
0 497
0 897
0 596
0 309
0 829
0 184
0 712
0 443
0 231
0 309
0 827
0 412
0 256
0 351
0 388
0 592
0 254
0 86
0 464
0 322
0 697
0 182
0 349
0 996
0 145
0 468
0 198
0 361
0 461
0 455
0 531
0 270
0 184
0 747
0 285
0 205
0 962
0 732
0 436
0 634
0 389
0 471
0 167
0 316
0 440
0 375
0 659
0 459
0 1382
0 699
0 298
0 219
0 498
0 515
0 444
0 278
0 825
0 854
0 212
0 702
0 453
0 649
0 724
0 673
0 476
0 356
0 690
0 530
0 384
0 240
0 169
0 908
0 343
0 215
0 625
0 924
0 249
0 576
0 536
0 553
0 350
0 1089
0 1238
0 196
0 923
0 768
0 423
0 406
0 222
0 261
0 366
0 700
0 306
0 502
0 779
0 407
0 100
0 437
0 1113
0 530
0 593
0 385
0 826
0 228
0 361
0 404
0 253
0 727
0 330
0 268
0 657
0 408
0 338
0 317
0 483
0 559
0 408
0 619
0 556
0 454
0 233
0 156
0 1108
0 303
0 633
0 550
0 226
0 508
0 396
0 180
0 461
0 564
0 669
0 334
0 786
0 660
0 396
0 400
0 1421
0 409
0 122
0 445
1 4096
0 389
0 547
0 1365
0 526
0 273
0 171
0 404
0 912
0 1239
0 287
0 159
0 793
0 549
0 501
0 730
0 863
0 513
0 490
0 601
0 391
0 167
0 544
0 1108
0 495
0 631
0 566
0 199
0 350
0 204
0 911
0 624
0 337
0 193
0 658
0 185
0 299
0 344
0 167
0 182
0 288
0 320
0 559
0 728
0 242
1 4096
0 489
0 380
0 316
0 207
0 484
0 581
0 460
0 447
0 472
0 233
0 500
0 599
0 890
0 409
0 464
0 1006
0 643
0 333
0 558
0 444
0 444
0 578
0 143
0 344
0 234
0 462
0 524
0 456
0 170
0 839
0 617
0 173
0 220
0 590
0 84
0 993
0 345
0 134
0 215
0 624
0 153
0 394
0 413
0 576
0 534
0 703
0 513
0 1264
0 571
0 873
0 490
0 379
0 370
0 827
0 332
0 134
0 334
0 810
0 576
0 346
0 550
0 823
0 528
0 1249
0 334
0 301
0 375
0 86
0 774
0 764
0 592
0 677
0 875
0 566
0 451
0 785
0 395
0 513
0 311
0 388
0 439
0 241
0 1174
0 486
0 262
0 344
0 205
0 475
0 625
0 328
0 170
0 899
0 243
0 299
0 358
0 524
0 269
0 700
0 860
0 588
0 289
0 384
0 685
0 230
0 393
0 211
0 551
0 718
0 312
0 471
0 520
0 673
0 108
0 387
0 727
0 230
0 810
0 520
0 686
0 832
0 285
0 1355
0 2173
0 670
0 220
0 359
0 976
0 564
0 443
0 350
0 265
0 642
0 357
0 946
0 415
0 172
0 738
0 440
0 471
0 265
0 2202
0 369
0 569
0 619
0 470
0 160
0 528
0 399
0 319
0 229
0 757
0 310
0 455
0 180
0 617
0 225
0 339
0 693
0 559
0 584
0 398
0 431
0 368
0 674
1 4096
0 691
0 184
0 387
0 284
0 280
0 513
0 246
2 4096
0 690
0 533
0 526
0 407
0 343
0 707
0 703
0 377
0 649
0 171
0 302
0 472
0 574
0 187
0 753
0 809
0 2959
0 497
0 2850
0 391
0 354
0 732
0 549
0 531
0 152
0 431
0 633
0 149
0 696
0 248
0 454
0 333
0 617
0 355
0 306
0 897
0 409
0 750
0 439
0 464
0 215
0 711
0 464
0 327
0 496
0 2052
0 496
0 266
0 330
0 143
0 561
0 367
0 371
0 479
0 376
0 704
0 603
0 498
0 476
0 475
0 318
0 498
0 710
0 397
0 309
0 383
0 293
0 190
0 535
0 204
0 309
0 283
0 400
0 297
0 758
0 331
0 698
0 723
0 642
0 352
0 796
0 931
0 583
0 715
0 1173
0 304
0 751
0 721
0 334
0 572
0 355
0 270
0 568
0 429
0 298
0 473
0 305
0 408
0 312
0 1445
0 697
0 494
0 231
0 783
0 649
0 910
0 294
0 467
0 191
0 693
0 574
0 395
0 230
0 585
0 243
0 589
0 277
0 349
0 416
0 756
0 550
0 514
0 336
0 612
0 215
0 615
0 238
0 891
0 501
0 504
0 474
0 166
0 306
0 318
0 755
0 380
0 867
0 393
0 545
0 211
0 175
0 444
0 535
0 1016
0 341
0 270
0 614
0 690
0 769
0 189
0 409
0 691
0 281
0 796
0 732
0 209
0 717
0 702
0 995
0 616
0 345
0 168
0 396
0 596
0 424
0 553
0 276
0 435
0 200
0 365
0 196
0 1008
0 320
0 394
0 982
0 149
0 2008
0 1411
0 470
0 238
0 938
0 272
0 381
0 622
0 290
0 196
0 1358
0 196
0 398
0 507
0 838
0 968
0 286
0 426
0 807
0 334
0 558
0 251
0 262
0 557
0 677
1 4096
0 469
0 813
0 812
0 426
0 398
0 298
0 302
0 449
0 417
0 678
0 975
0 309
0 333
0 635
0 847
0 134
0 583
0 323
0 261
0 907
0 634
0 690
0 320
0 842
0 248
0 392
0 350
0 633
0 1425
0 656
0 342
0 712
0 188
0 279
0 2948
0 657
0 1208
0 459
0 628
0 511
0 160
0 788
0 260
0 203
0 579
0 263
0 630
0 362
0 267
0 493
0 304
0 644
0 251
0 383
0 554
0 235
0 1053
0 293
0 332
0 210
0 706
0 709
0 1082
0 474
0 599
0 348
0 1485
0 510
0 1215
0 290
0 443
0 575
0 228
0 333
0 746
0 213
0 425
0 285
0 317
0 505
0 317
0 726
0 790
0 383
0 493
0 896
0 140
1 4096
0 584
0 335
0 2019
0 450
0 334
0 570
0 369
0 238
0 186
0 392
0 334
0 731
0 490
0 399
0 519
0 345
0 370
0 1046
0 558
0 524
0 333
0 297
0 406
0 468
0 715
0 1543
0 353
0 259
0 651
0 576
0 141
0 243
0 577
0 221
0 819
0 215
0 310
0 423
0 1085
0 398
0 527
0 423
0 321
0 402
0 282
0 374
0 473
0 282
0 354
0 1236
0 474
0 1234
0 686
0 412
0 292
0 195
0 297
0 579
0 1232
0 767
0 544
0 394
0 337
0 313
0 439
0 237
0 552
0 1021
0 370
0 476
0 577
0 700
0 132
0 555
0 748
0 303
0 655
0 470
0 167
0 740
0 738
0 654
0 610
0 552
0 721
0 342
0 582
0 294
0 415
0 411
0 476
0 705
0 166
0 684
0 553
0 313
0 345
0 552
0 327
0 629
0 457
0 305
0 397
0 824
0 594
0 499
0 326
0 303
0 1019
0 559
0 567
0 108
0 291
0 399
0 466
0 493
0 360
0 217
0 186
0 733
0 510
0 130
0 302
0 288
0 282
0 397
0 324
0 400
0 350
0 655
0 519
0 363
0 368
0 495
0 286
0 500
0 1035
0 858
0 345
0 470
0 330
0 330
0 374
0 1102
0 427
0 331
0 344
0 339
0 435
0 382
0 1137
0 1116
0 1139
0 994
0 754
0 516
0 597
0 132
0 548
0 1683
0 389
0 410
0 408
0 459
0 115
0 111
0 988
0 230
0 565
0 486
0 220
0 513
0 647
0 311
0 504
0 1178
0 384
0 465
0 437
0 345
0 402
0 370
0 382
0 274
0 269
0 1226
0 608
0 458
0 290
0 721
0 319
0 575
0 1001
0 419
0 213
0 531
0 442
0 355
0 510
0 932
0 328
0 616
0 489
0 462
0 257
0 564
0 291
0 257
0 460
0 1156
0 880
0 659
0 582
0 396
0 1979
0 348
0 336
0 930
0 719
0 1858
0 712
0 452
0 227
0 524
0 474
0 494
0 819
0 318
0 274
0 353
0 348
0 754
0 352
0 600
0 438
0 569
0 631
0 375
0 276
0 355
0 550
0 748
0 704
0 246
0 469
0 518
0 375
0 285
0 672
0 241
0 456
0 363
0 718
0 121
0 278
0 338
0 243
0 336
0 493
0 754
0 380
0 392
0 344
0 375
0 395
0 467
0 289
0 575
0 1139
0 522
0 1258
0 224
0 425
1 4096
0 449
0 432
0 519
0 308
0 841
0 1201
0 118
0 367
0 843
0 332
0 346
0 328
0 347
0 1146
0 1633
0 883
0 713
0 686
0 910
0 393
0 492
0 366
0 968
0 1413
0 718
0 2276
0 922
0 271
0 353
0 366
0 515
0 276
0 760
0 1228
0 298
0 317
0 784
0 368
0 143
0 928
0 524
0 344
0 545
0 629
0 408
0 458
0 548
0 614
0 483
0 1617
0 528
0 402
0 357
0 1776
0 382
0 603
0 248
0 370
0 1013
0 931
0 571
0 1141
0 305
0 1397
0 419
0 497
0 518
0 515
0 799
0 713
0 387
0 1329
0 178
0 473
0 444
0 283
0 311
0 420
0 318
0 435
0 179
0 672
0 302
0 279
0 557
0 559
0 250
0 217
0 245
0 298
0 441
0 690
0 250
0 392
0 305
0 293
0 267
0 567
0 598
0 751
0 676
0 3027
0 351
0 344
0 919
0 820
0 481
0 460
0 337
0 474
0 289
0 1572
0 1253
0 422
0 364
0 368
0 563
0 690
0 162
0 480
0 882
0 279
0 456
0 970
0 567
0 144
0 482
0 251
0 1044
0 544
0 559
0 449
0 465
0 464
0 917
0 1496
0 542
0 568
0 780
0 415
0 583
0 218
0 438
0 730
0 926
0 452
0 251
0 211
0 576
0 361
0 264
0 236
0 368
0 596
0 150
0 398
0 210
0 447
0 490
0 381
0 279
0 558
0 409
0 689
0 336
0 135
0 286
0 1067
0 261
0 344
0 422
0 271
0 479
0 256
0 450
0 637
0 528
0 241
0 593
0 1802
0 660
0 422
0 306
0 580
0 545
0 1068
0 648
0 128
0 816
0 484
0 438
0 526
0 110
0 249
0 559
0 463
0 838
0 895
0 169
0 686
0 535
0 628
0 498
0 558
0 851
0 189
0 128
0 462
0 414
0 506
0 289
0 754
0 273
0 301
0 108
0 227
0 515
0 448
0 246
0 309
0 1137
0 220
0 292
0 610
0 250
0 479
0 366
0 198
0 598
0 349
0 485
0 405
0 434
0 641
0 550
0 567
0 193
0 878
0 138
0 187
0 318
0 207
0 551
0 412
0 315
0 504
0 287
0 520
0 498
0 277
0 258
0 275
0 195
0 210
0 850
0 578
0 288
0 135
0 380
0 588
0 594
0 566
0 318
0 522
0 268
0 345
0 367
0 751
0 313
0 122
0 250
0 394
0 285
0 489
0 621
0 724
0 452
0 408
0 477
0 318
0 911
0 922
0 257
0 361
0 812
0 226
0 995
0 513
0 191
0 2123
0 363
0 515
0 728
0 900
0 509
0 759
0 577
0 371
0 213
0 1070
0 534
0 238
0 442
0 277
0 2116
0 598
0 810
0 690
0 533
0 252
0 420
0 506
0 145
0 1568
0 690
0 670
0 245
0 328
0 334
0 148
0 364
0 298
0 306
0 581
0 273
0 598
0 261
0 1122
0 401
0 476
0 111
0 403
0 302
0 343
0 442
0 1035
0 536
0 433
0 845
0 247
0 245
0 397
0 874
0 742
0 327
0 521
0 334
0 1143
0 332
0 575
0 437
0 405
0 657
0 564
0 499
0 385
0 637
0 226
0 250
0 179
0 323
0 581
0 433
0 411
0 411
0 660
0 436
0 449
0 758
0 714
0 277
0 379
0 740
0 117
0 733
0 283
0 794
0 379
0 506
0 710
0 432
0 453
0 580
0 609
0 435
0 842
0 357
0 513
0 129
0 83
0 290
0 392
0 424
0 453
0 345
1 4096
0 821
0 138
0 502
0 175
0 381
0 168
0 209
0 707
0 523
0 282
0 361
0 464
0 235
0 786
0 171
0 993
0 349
0 365
0 459
0 346
0 497
0 442
0 861
0 168
0 365
0 315
0 471
0 407
0 287
0 117
0 229
0 616
0 628
0 1352
0 793
0 383
0 240
0 524
0 1056
0 332
0 1010
0 442
0 498
0 367
0 506
0 489
0 407
0 638
0 365
0 348
0 494
0 456
0 110
0 814
0 532
0 464
0 668
0 547
0 543
0 350
0 624
0 446
0 274
0 300
0 553
0 736
0 156
0 683
0 340
0 285
0 1256
0 405
0 3250
0 698
0 929
0 370
0 298
0 498
0 365
0 1285
0 309
0 427
0 1022
0 409
0 183
0 603
0 729
0 248
0 342
0 255
0 287
0 870
0 243
0 306
0 601
0 349
0 430
0 230
0 295
0 517
0 1501
0 411
0 2388
0 832
0 112
0 3039
0 494
0 968
0 598
0 210
0 350
0 777
0 722
0 216
0 620
0 606
0 585
0 557
0 530
0 302
0 193
0 322
0 1346
0 525
0 336
0 598
0 645
0 836
0 138
0 372
0 415
0 208
0 359
0 503
0 484
0 146
0 403
1 4096
0 730
0 259
0 700
0 139
0 410
0 563
0 526
0 433
0 420
0 446
0 167
0 175
0 633
0 447
0 349
0 494
0 764
0 218
0 569
0 590
0 400
0 462
0 161
0 437
0 321
0 502
0 485
0 661
0 419
0 1072
0 367
0 1041
0 396
0 411
0 467
0 396
0 376
0 1717
0 502
0 384
0 277
0 343
0 418
0 730
0 123
0 575
0 863
0 392
0 443
0 674
0 389
0 455
0 543
0 179
0 378
0 590
0 408
0 1607
0 263
0 359
0 848
0 215
0 291
0 599
0 257
0 356
0 935
0 562
0 307
0 637
0 341
0 356
0 196
0 390
0 464
0 422
0 968
0 482
0 499
0 158
0 786
0 154
0 188
0 457
0 565
0 593
0 311
0 610
0 337
0 917
0 193
0 238
0 391
0 226
0 600
0 375
0 1592
0 752
0 667
0 418
0 617
0 576
0 455
0 192
0 444
0 594
0 491
0 408
0 119
0 309
0 404
0 345
0 836
0 299
0 1849
0 369
0 441
1 4096
0 415
0 176
0 187
0 520
0 816
0 1146
0 496
0 524
0 345
0 129
0 2107
0 140
0 468
0 344
0 388
0 727
0 336
0 1059
0 231
0 429
0 807
0 384
0 387
0 356
0 571
0 443
0 268
0 669
0 541
0 539
0 627
0 427
0 147
0 358
0 449
0 305
0 171
0 533
0 393
0 131
0 1308
0 355
0 285
0 257
0 345
0 550
0 338
0 620
0 816
0 144
0 446
0 356
0 1231
0 354
0 888
0 396
0 565
0 368
0 430
0 1060
0 416
0 401
0 264
0 3456
0 697
0 89
0 434
0 354
0 876
0 247
0 260
0 916
0 613
0 582
0 339
0 402
0 544
0 862
0 581
0 154
0 432
0 2617
0 998
0 594
0 156
0 54
0 1124
0 295
0 347
0 749
0 376
0 459
0 534
0 220
0 463
0 427
0 411
0 1811
0 569
0 644
0 793
0 296
0 759
0 400
0 343
0 320
0 475
0 149
0 430
0 467
0 624
0 492
0 486
0 316
0 350
0 532
0 598
0 200
0 346
0 941
0 466
0 188
0 2242
0 1007
0 393
0 341
0 461
0 306
0 487
0 323
0 580
0 252
0 787
0 1523
0 704
0 667
0 671
0 572
0 224
0 281
0 294
0 244
0 524
0 413
0 274
0 346
0 1059
0 1047
0 381
0 650
0 471
0 887
0 181
0 1151
0 447
0 1134
0 391
0 386
0 1129
0 292
0 251
0 368
0 1451
0 312
0 525
0 445
0 1303
0 686
0 392
0 336
0 1236
0 257
0 186
0 337
0 310
0 578
0 532
0 291
0 516
0 553
0 940
0 466
0 111
0 414
0 688
0 387
0 545
0 1425
0 880
0 273
0 307
0 681
0 154
0 244
0 168
0 940
0 371
0 449
0 303
0 544
0 2153
0 445
0 257
0 685
0 329
0 367
0 197
0 1920
0 348
0 807
0 829
0 393
0 1583
0 292
0 744
0 527
0 348
0 189
0 178
0 492
0 880
0 539
0 662
0 589
0 531
0 271
0 258
0 241
0 446
0 138
0 437
0 565
0 478
0 621
0 225
0 1123
0 295
0 265
0 405
0 604
0 557
0 463
0 233
0 489
0 417
0 149
0 198
0 866
0 133
0 422
0 442
0 442
0 361
0 270
0 586
0 1267
0 560
0 249
0 190
0 841
0 269
0 414
0 228
0 322
0 511
0 270
0 564
0 402
0 346
0 338
0 249
0 384
0 667
0 430
0 240
0 302
0 993
0 926
0 300
0 649
0 625
0 692
0 450
0 909
0 319
0 183
0 434
0 1021
0 649
0 558
0 362
0 371
0 386
0 631
0 470
0 600
0 320
0 230
0 268
0 942
0 556
0 582
0 212
0 369
0 425
0 779
0 551
0 589
0 289
0 271
0 848
0 482
0 255
0 434
0 508
0 711
0 293
0 347
0 322
0 484
0 594
0 359
0 812
0 538
0 331
0 843
0 899
1 4096
0 586
0 593
0 174
0 410
0 81
0 305
0 264
0 177
0 219
0 367
0 173
0 563
0 738
0 759
0 527
0 285
0 1485
0 1017
0 212
0 78
0 245
0 364
0 303
0 785
0 313
0 250
0 485
0 427
0 115
3 4096
0 353
0 552
0 442
0 718
0 290
0 723
0 122
0 419
0 1169
0 579
0 440
0 262
0 292
0 308
0 253
0 653
0 343
0 297
0 301
0 1063
0 683
0 439
0 363
0 527
0 422
0 870
0 429
0 611
0 684
0 387
0 285
0 532
0 364
0 366
0 501
0 161
0 352
0 413
0 489
0 421
0 685
0 345
0 165
0 444
0 872
0 478
0 752
0 208
0 814
0 417
0 182
0 546
0 430
0 135
0 528
0 437
0 463
0 1515
0 384
0 681
0 403
0 962
0 612
0 407
0 792
0 862
0 612
0 191
0 702
0 217
0 375
0 704
0 232
0 778
0 1265
0 409
0 400
0 444
0 511
0 347
0 730
0 344
0 267
0 484
0 666
0 324
0 1058
0 308
0 811
0 276
0 282
0 900
0 326
0 772
0 633
0 966
0 548
0 674
0 260
0 318
0 251
2 4096
0 645
0 324
0 273
0 1168
0 355
0 808
0 512
0 238
0 772
0 520
0 317
0 410
0 444
0 399
0 672
0 345
0 239
0 565
0 813
0 179
0 347
0 579
0 385
0 249
0 194
0 423
0 297
0 163
0 246
0 127
0 507
0 796
0 184
0 363
0 266
0 725
0 629
0 380
0 869
0 419
0 133
0 293
0 247
0 529
0 267
0 1392
0 483
0 926
0 147
0 683
0 672
0 186
0 870
0 454
0 1368
0 665
0 396
0 132
0 184
0 488
0 233
0 229
0 429
0 392
0 352
0 174
0 425
0 714
0 394
0 1008
0 832
0 697
0 1246
0 326
0 472
0 1542
0 639
0 287
0 815
0 1412
0 475
0 587
0 155
0 491
0 304
0 246
0 316
0 150
0 284
0 470
0 663
0 293
0 386
0 470
0 364
0 871
0 696
0 554
0 261
0 548
0 501
0 302
0 418
0 219
0 694
0 630
0 413
0 863
0 641
0 266
0 211
0 249
0 870
0 371
0 261
0 574
0 343
0 459
0 616
0 784
0 1143
0 236
0 353
0 363
0 777
0 964
0 1064
0 661
0 1494
0 815
0 446
0 474
0 274
0 532
0 375
0 404
0 352
0 610
0 215
0 602
0 520
0 129
0 390
0 353
0 763
0 547
0 879
0 270
0 561
0 278
0 491
0 416
0 315
0 678
0 294
0 87
0 182
0 430
0 547
0 150
0 404
0 217
0 1086
0 537
0 193
0 426
0 514
0 227
0 587
0 745
0 381
0 288
0 220
0 458
0 618
0 380
0 274
0 167
0 722
0 662
0 680
0 728
0 255
0 345
0 298
0 550
0 144
0 529
0 697
0 481
0 622
0 377
0 727
0 295
0 588
0 933
0 271
0 256
0 506
0 553
0 441
0 360
0 382
0 596
0 566
0 183
0 410
0 488
0 892
0 260
0 743
0 598
0 648
0 337
0 593
0 250
0 662
0 780
0 362
0 724
0 210
0 234
0 677
0 309
0 384
0 939
0 282
0 464
0 405
0 127
0 411
0 576
0 183
0 147
0 474
0 71
0 790
0 382
0 598
0 699
0 369
0 423
0 440
0 639
0 165
0 379
0 557
0 251
0 496
0 243
0 156
0 771
0 295
0 507
0 430
0 361
0 435
0 262
0 262
0 605
0 930
0 464
0 331
0 747
0 558
0 527
0 411
0 306
0 236
0 398
0 371
0 599
0 397
0 366
0 891
0 614
0 310
0 635
0 653
0 272
0 271
0 722
0 225
0 213
0 356
0 569
0 449
0 227
0 1412
0 508
0 708
0 341
0 246
0 327
0 431
0 2547
0 880
0 612
0 388
0 217
0 251
0 2098
0 509
0 546
0 305
0 766
0 896
0 445
0 250
0 160
0 380
0 330
0 242
0 277
0 968
0 628
0 393
0 431
0 250
0 315
0 947
0 674
0 219
0 571
0 140
0 388
0 319
0 579
0 440
0 480
0 493
0 770
0 147
0 433
0 1875
0 1116
0 501
0 412
0 560
0 314
0 313
0 377
0 345
0 484
0 137
0 860
0 350
0 544
0 421
0 610
0 416
0 340
0 324
0 244
0 314
0 243
0 1624
0 652
0 571
0 402
0 448
0 603
0 382
0 634
0 188
0 270
0 2390
0 289
0 182
0 557
0 760
0 513
0 1092
0 262
0 761
0 631
0 555
0 626
0 530
0 295
0 671
0 377
0 250
0 545
0 225
0 764
0 403
0 795
0 638
0 814
0 366
0 780
0 724
0 450
0 317
0 165
0 712
0 537
0 391
0 520
0 106
0 284
0 386
0 664
0 351
0 347
0 616
0 363
0 742
0 341
0 744
0 197
0 390
0 636
0 129
0 891
0 702
0 264
0 522
0 501
0 549
0 133
0 399
0 320
0 355
0 518
0 302
0 293
0 425
0 306
0 297
0 512
0 692
0 522
0 236
0 577
0 437
0 850
0 399
0 585
0 1020
0 262
0 608
0 507
0 637
0 165
0 870
0 228
0 173
0 962
0 449
0 639
0 224
0 375
0 85
0 499
0 933
0 588
0 274
0 108
0 275
0 308
0 451
0 390
0 243
0 154
0 285
0 368
0 145
0 964
0 407
0 702
0 344
0 762
0 447
0 137
0 1048
0 183
0 433
0 418
0 231
0 534
0 569
0 230
0 241
0 466
0 535
0 606
0 2279
0 604
0 209
0 291
0 227
0 492
0 362
0 388
0 305
0 1186
0 406
0 1338
0 728
0 373
0 608
0 856
0 600
0 282
0 1006
0 191
0 417
0 673
0 486
0 464
0 259
0 201
0 381
0 848
0 300
0 430
0 509
0 605
0 266
0 213
0 306
0 594
0 523
0 1135
0 348
0 477
0 1112
0 347
0 473
0 221
0 570
0 452
0 171
0 569
0 183
0 646
0 405
0 489
0 382
0 533
0 320
0 477
0 678
0 429
0 339
0 554
0 782
0 395
0 551
0 157
0 492
0 291
0 660
0 456
0 958
0 360
0 1024
0 578
0 469
0 437
0 238
0 96
0 306
0 368
0 158
0 298
0 342
0 420
0 103
0 350
0 620
0 500
0 540
0 985
0 354
0 466
0 1242
0 407
0 187
0 668
0 1070
0 329
0 458
0 79
0 293
0 322
0 465
0 396
0 402
0 831
0 242
0 262
0 347
0 180
0 456
0 575
0 396
0 506
0 307
0 715
0 324
0 239
0 549
0 198
0 770
0 307
0 289
0 396
0 331
0 551
0 313
0 689
0 323
0 225
0 410
0 305
0 980
0 888
0 447
0 417
0 376
0 419
0 427
0 540
0 1054
0 700
0 378
0 379
0 301
0 253
0 295
0 549
0 420
0 106
0 557
0 369
0 237
0 459
0 559
0 574
0 210
0 370
0 276
0 492
0 274
0 359
0 842
0 316
0 593
0 604
0 810
0 225
0 569
0 688
0 660
0 359
0 314
0 809
0 454
0 481
0 1483
0 371
0 516
0 164
0 353
0 514
0 435
0 439
0 364
0 555
0 602
0 391
0 264
0 937
0 178
0 597
0 478
0 176
0 172
0 221
0 317
0 266
0 693
0 362
0 222
0 403
0 509
0 641
0 386
0 230
0 745
0 417
0 331
0 217
0 290
0 768
0 562
0 973
0 343
0 269
0 228
0 203
0 492
0 296
0 355
0 784
0 763
0 739
0 539
0 338
0 303
0 519
0 407
0 462
0 655
0 252
0 286
0 833
0 193
0 1263
0 1226
0 822
0 411
0 1966
0 490
0 644
0 758
0 143
0 474
0 482
0 240
0 587
0 549
0 646
0 607
0 516
0 383
0 202
0 305
0 277
0 152
0 157
0 1121
0 291
0 136
0 449
0 592
0 519
0 248
0 260
0 707
0 776
0 171
0 318
0 394
0 823
0 262
0 603
0 740
0 229
0 376
0 1001
0 652
0 266
0 617
0 673
0 325
0 264
0 465
0 148
0 406
0 471
0 420
0 280
0 508
0 200
0 191
0 1173
0 332
0 458
0 187
0 423
0 693
0 516
0 425
0 602
0 395
0 237
0 567
0 340
0 356
0 603
0 612
0 279
0 501
0 264
0 833
0 206
0 732
0 720
0 551
0 886
0 757
0 321
0 363
0 382
0 378
0 696
0 1739
0 158
0 446
0 681
1 4096
0 403
0 324
0 580
0 451
0 446
0 403
0 339
0 184
0 536
0 161
0 1126
0 405
0 345
1 4096
0 247
0 603
0 127
0 274
0 1099
0 550
0 377
0 1195
0 360
0 454
0 313
0 210
0 557
0 739
0 363
0 216
0 438
1 4096
0 583
0 733
0 393
0 887
0 452
0 299
0 425
0 374
0 361
0 1115
0 964
0 139
0 108
0 236
0 434
0 419
0 606
0 898
0 308
0 413
0 280
0 654
0 474
0 612
0 223
0 466
0 635
0 553
0 725
0 1058
0 497
0 419
0 803
0 204
0 228
0 262
1 4096
0 275
0 196
0 440
0 179
0 377
0 340
0 2724
0 476
0 649
0 979
0 403
0 269
0 297
0 366
0 454
0 663
0 399
0 478
0 365
0 644
0 591
0 733
0 518
0 371
0 337
0 613
0 411
0 490
0 456
0 531
0 491
0 832
0 972
0 384
0 772
0 606
0 586
0 728
0 512
0 158
0 115
0 338
0 419
0 325
0 554
0 536
0 383
0 302
0 639
0 543
0 488
0 520
0 718
0 365
0 432
0 323
0 329
0 130
0 268
0 553
0 601
0 610
0 495
0 466
0 591
0 421
0 661
0 436
0 816
0 242
0 362
0 296
0 345
0 714
0 469
0 859
1 4096
0 749
0 1094
0 196
0 545
0 552
0 118
0 824
0 367
0 1413
0 435
0 168
0 72
0 343
0 485
0 233
0 1348
0 198
0 571
0 414
0 672
0 711
0 438
0 435
0 445
0 280
0 403
0 152
0 601
0 163
0 367
0 336
0 90
0 417
0 353
0 305
0 1074
0 165
0 255
0 500
0 405
0 451
0 468
0 359
0 281
0 864
0 521
0 1078
0 345
0 187
0 247
0 571
0 474
0 295
0 756
0 241
0 1837
0 289
0 269
0 800
0 441
0 443
0 344
0 576
0 635
0 661
0 294
0 381
1 4096
0 751
0 486
0 478
1 4096
0 584
0 972
0 268
0 390
0 383
0 565
0 288
0 684
0 711
0 109
0 451
0 505
0 431
0 574
0 377
0 726
0 444
0 552
0 436
0 397
0 452
0 235
0 1048
0 397
0 571
0 506
0 457
0 234
0 342
0 853
0 286
0 347
0 143
0 494
0 341
0 354
0 1378
0 1446
0 571
0 468
0 126
0 612
0 528
0 760
0 1318
0 560
0 487
0 445
0 260
0 263
0 2028
0 499
0 216
0 270
0 539
0 502
0 486
0 214
0 621
0 314
0 383
0 447
0 775
0 161
0 463
0 453
0 331
0 289
0 372
0 1789
0 942
0 860
0 529
0 469
0 1244
0 335
0 1221
0 283
0 351
0 762
0 729
0 362
0 288
0 486
0 575
0 301
0 285
0 187
0 986
0 183
0 800
0 430
0 583
0 237
0 759
0 204
0 407
0 586
0 435
0 498
0 236
0 378
0 442
0 248
0 300
0 335
0 286
0 260
0 115
0 422
0 190
0 568
0 289
0 298
0 481
0 421
0 847
0 452
0 190
0 302
0 757
0 833
0 920
0 678
0 305
0 375
0 451
0 452
0 269
0 619
0 603
0 631
0 339
0 153
0 960
0 568
0 361
0 495
0 580
0 475
0 188
0 551
0 1044
0 387
0 682
0 420
0 251
0 505
0 352
0 477
0 437
0 333
0 423
0 497
0 431
0 478
0 288
0 351
0 541
0 637
0 877
0 383
0 187
0 564
0 149
0 956
0 338
0 547
0 522
0 291
0 194
0 615
0 885
0 203
0 367
0 600
0 822
0 463
0 1237
0 210
0 848
0 570
0 570
0 149
0 548
0 479
0 390
0 518
0 570
0 597
0 569
0 373
0 685
0 572
0 385
0 1473
0 530
0 441
0 491
0 299
0 652
0 248
0 237
0 801
0 496
0 426
0 721
0 228
0 656
0 507
0 582
0 589
0 446
0 701
0 586
0 666
0 552
0 524
0 169
0 404
0 229
0 1277
0 732
0 450
0 325
0 951
0 348
0 362
0 286
0 870
0 814
0 795
0 385
0 393
0 153
0 1014
0 339
0 468
0 170
0 945
0 254
0 662
0 357
0 579
0 294
0 311
0 759
0 697
0 181
0 588
0 446
0 170
0 325
0 740
0 207
0 649
0 225
0 531
0 463
0 386
0 827
0 338
0 574
0 305
0 604
0 823
0 880
0 540
0 657
0 1209
0 382
0 1306
0 942
0 386
0 431
0 441
0 252
0 266
0 849
0 555
0 382
0 575
0 489
0 409
0 525
0 605
0 376
0 716
0 146
0 720
0 461
0 1005
0 447
0 513
0 253
0 643
0 551
0 380
0 448
0 412
0 454
0 1599
0 371
0 390
0 325
0 405
0 402
0 930
0 459
0 924
0 364
0 396
0 331
0 226
0 312
0 625
0 1086
0 247
0 484
0 382
0 228
0 543
0 1192
0 603
0 306
0 189
0 597
0 2378
0 260
0 507
0 161
0 190
0 243
0 864
0 284
0 594
0 187
0 348
0 633
0 453
0 839
0 481
0 59
0 270
0 269
0 401
0 623
0 508
0 566
0 272
0 277
0 2952
0 919
0 713
0 748
0 400
0 223
0 202
0 821
0 461
0 1013
0 298
0 486
0 1106
0 475
0 754
0 565
0 431
0 444
0 723
0 253
0 429
0 140
0 353
0 201
0 297
0 435
0 879
0 307
0 389
0 352
0 1108
0 713
0 716
0 271
0 292
0 106
0 343
0 1337
0 556
0 317
0 654
0 525
0 879
0 483
0 613
0 2121
0 436
0 251
0 2020
0 615
0 410
0 281
0 483
0 479
0 179
0 854
0 242
0 932
0 657
0 1090
0 837
0 699
0 359
0 469
0 797
0 281
0 548
0 342
0 1523
0 827
0 704
0 430
0 474
0 438
0 404
0 770
0 746
0 268
0 433
0 1129
0 872
0 366
0 497
0 423
0 338
0 522
0 821
0 244
0 733
0 480
0 854
0 268
0 246
0 1063
0 305
0 412
0 369
0 393
0 360
0 494
0 422
0 359
0 463
0 396
0 324
0 360
0 628
0 1125
0 419
0 2093
0 820
0 632
0 366
0 612
0 515
0 434
0 208
0 216
0 162
0 347
0 618
0 506
0 427
0 263
0 208
0 79
0 757
0 264
0 2783
0 552
0 771
0 651
0 683
0 687
0 157
0 264
0 386
0 482
0 819
0 963
0 202
0 358
0 491
0 350
0 541
0 480
0 322
0 2319
0 499
0 331
0 755
0 988
0 439
0 446
0 584
0 399
0 642
0 404
0 476
0 233
0 852
0 805
0 569
0 825
0 523
0 333
0 454
0 272
0 561
0 1141
0 478
0 339
0 208
0 279
0 450
0 306
0 769
0 474
0 379
0 177
0 354
0 857
0 423
0 496
0 502
0 555
0 709
0 370
0 625
0 910
0 773
0 176
0 403
0 334
0 237
0 279
0 731
0 311
0 1668
0 73
0 61
0 841
0 166
0 1087
0 628
0 318
0 285
0 246
0 515
0 511
0 201
0 854
0 338
0 289
0 307
0 445
0 476
0 208
0 781
0 464
0 858
0 469
0 231
0 431
0 463
0 597
0 388
0 280
0 287
0 1011
0 325
0 192
0 486
0 369
0 353
0 420
0 669
0 663
0 441
0 411
0 605
0 353
0 484
0 800
0 461
0 459
0 564
0 354
0 499
0 224
0 469
0 260
0 1248
0 360
0 207
0 78
0 272
0 289
0 352
0 287
0 247
0 132
0 425
0 369
0 721
0 235
0 738
0 481
0 381
0 1136
0 1092
0 534
0 1120
0 321
0 765
0 612
0 520
0 500
0 519
0 276
0 400
0 477
0 360
0 603
0 354
0 527
0 296
0 2034
0 519
0 826
0 787
0 485
0 348
0 1067
0 187
0 301
0 709
0 854
0 536
0 639
0 246
0 585
0 384
0 581
0 228
0 539
0 210
0 521
0 256
0 412
0 368
0 153
0 551
0 253
0 114
0 334
0 515
0 147
0 354
0 143
0 390
0 634
0 252
0 421
0 294
0 489
0 919
0 504
0 122
0 614
0 733
0 405
0 634
0 216
0 263
0 437
0 728
0 330
0 433
0 522
0 345
0 586
0 131
0 408
0 426
0 526
0 342
0 300
0 427
0 286
0 163
0 486
0 468
0 592
0 307
0 221
0 326
0 623
0 454
0 320
0 826
0 831
0 428
0 283
0 138
0 363
0 492
0 526
0 248
1 4096
0 1012
0 416
0 937
0 330
0 119
0 564
0 648
0 489
0 779
0 380
0 383
0 358
0 306
0 348
0 326
0 416
0 482
0 85
0 342
0 483
0 294
0 328
0 292
0 388
0 451
0 405
0 546
0 604
0 863
0 651
0 218
0 585
0 152
0 559
0 370
0 384
0 301
0 918
0 510
0 560
0 519
0 1043
0 183
0 415
0 787
0 483
0 589
0 504
0 316
0 154
0 658
0 1862
0 246
0 317
0 597
0 723
0 499
0 329
0 92
0 501
0 426
0 408
0 590
0 614
0 411
0 427
0 365
0 332
0 284
0 337
0 647
0 946
0 273
0 631
0 580
0 235
0 523
0 378
0 211
0 261
0 721
0 548
0 430
0 1414
0 1376
0 433
0 530
0 559
0 264
0 443
0 247
0 643
0 295
0 389
0 726
0 342
0 455
0 392
0 217
0 267
0 1223
0 440
0 505
0 273
0 343
0 798
0 531
0 500
0 736
0 635
0 456
0 869
0 459
0 750
0 208
0 520
0 1118
0 312
0 440
0 1302
0 92
0 162
0 591
0 402
0 269
0 650
0 251
0 550
0 326
0 986
0 287
0 769
0 375
0 144
0 399
0 304
0 464
0 240
0 134
0 546
0 374
0 295
0 634
0 372
0 975
0 439
0 193
0 225
0 267
0 977
0 346
0 634
0 414
0 431
0 775
0 378
0 251
0 622
0 373
0 472
0 161
0 407
0 496
0 236
0 240
0 519
0 1218
0 296
0 378
0 281
0 220
0 458
0 216
0 342
0 1081
0 303
0 352
0 253
0 213
0 371
0 433
0 228
0 1170
0 560
0 451
0 697
0 127
0 832
0 394
0 110
0 330
0 410
0 183
0 70
0 166
0 281
0 489
0 562
0 421
0 673
0 541
0 1024
0 936
0 295
0 855
0 220
0 383
0 1068
0 117
0 380
0 710
0 321
0 134
0 526
0 386
0 264
0 1327
0 568
0 765
0 377
0 446
0 478
0 874
0 884
0 257
0 469
0 369
0 294
0 441
0 110
0 396
0 826
0 221
0 489
0 364
0 630
0 812
0 928
0 426
0 683
0 464
0 455
0 255
0 474
0 541
0 405
0 823
0 373
0 334
0 254
0 458
0 231
0 429
0 256
0 460
0 936
0 274
0 856
0 1671
0 239
0 1162
0 237
0 639
0 459
0 388
0 388
0 1415
0 413
0 229
0 278
0 227
0 654
0 261
0 212
0 386
0 464
0 402
0 347
0 1302
0 766
0 264
0 360
0 820
0 786
0 713
0 875
0 709
0 307
0 616
0 841
0 316
0 261
0 455
0 716
0 322
0 424
0 334
0 622
0 473
0 777
0 734
0 315
0 365
0 295
0 131
0 563
0 924
0 935
0 284
0 599
0 457
0 762
0 630
0 1133
0 590
0 367
0 539
0 477
0 666
0 417
0 369
0 1556
0 311
0 353
0 425
0 307
0 269
0 807
0 684
0 221
0 259
0 250
0 438
0 765
0 679
0 219
0 528
0 260
0 343
0 490
0 443
0 421
0 426
0 396
0 1003
0 190
0 149
0 278
0 901
0 364
0 577
0 218
0 252
0 493
0 725
0 205
0 650
0 481
0 671
0 250
0 506
0 499
0 733
0 431
0 528
0 283
0 566
0 427
0 556
0 395
0 523
0 411
0 651
0 387
0 925
0 368
0 268
0 287
0 397
0 794
0 559
0 290
0 550
0 1313
0 258
0 597
0 620
0 816
0 696
0 301
0 217
0 276
0 513
0 638
0 399
1 4096
0 500
0 466
0 272
0 315
0 352
0 370
0 674
0 537
0 558
0 105
1 4096
0 326
0 543
0 712
0 401
0 250
0 493
0 388
0 557
0 152
0 553
0 385
0 889
0 237
0 437
0 220
0 588
0 555
0 1086
0 560
0 405
0 188
0 543
0 315
0 693
0 366
0 323
0 406
0 189
0 519
0 100
0 1044
0 479
0 231
0 254
0 765
0 393
0 285
0 357
0 573
0 156
0 212
0 291
0 1535
0 394
0 493
0 223
0 343
0 639
0 238
0 326
0 558
0 254
0 232
0 758
0 257
0 561
0 637
0 734
0 438
0 535
0 900
0 380
0 776
0 541
0 424
0 810
0 604
0 489
0 339
0 612
0 846
0 202
0 300
0 155
0 816
0 121
0 1012
0 270
0 299
0 264
0 695
0 294
0 300
0 260
0 135
0 594
0 823
0 459
0 545
0 782
0 245
0 490
0 347
0 714
0 655
0 624
0 446
0 447
0 237
0 553
0 312
0 499
0 635
0 350
0 397
0 552
0 419
0 302
0 396
0 475
0 982
0 484
0 154
0 604
0 485
0 583
0 350
0 328
0 572
0 395
0 617
0 404
0 404
0 402
0 499
0 649
0 567
0 297
0 862
0 416
0 653
0 317
0 467
0 230
0 182
0 297
0 303
0 739
0 396
0 242
0 426
0 638
0 325
0 314
0 397
0 291
0 572
0 622
0 261
0 583
0 616
0 1459
0 531
0 1108
0 729
0 217
0 399
0 176
0 709
0 334
0 409
0 603
0 564
0 466
0 393
0 328
0 758
0 712
0 488
0 462
0 407
0 153
0 497
0 384
0 476
0 555
0 554
0 641
0 452
0 480
0 677
0 1156
0 533
0 309
0 331
0 232
0 445
0 558
0 349
0 402
0 598
0 106
0 732
0 741
0 768
0 219
0 344
0 401
0 829
0 321
0 1019
0 921
0 522
0 167
0 188
0 701
0 995
0 251
0 284
0 741
0 298
0 130
0 469
0 356
0 157
0 487
0 915
0 376
0 477
0 327
0 186
0 170
0 405
0 355
0 353
0 427
0 610
0 619
0 114
0 424
0 351
0 282
0 409
0 706
0 520
0 567
0 508
0 366
0 228
0 104
0 857
0 433
0 361
0 357
0 408
0 317
0 116
0 132
0 851
0 464
0 1199
0 563
0 174
0 429
0 312
0 282
0 310
0 356
0 256
0 281
0 560
0 391
0 239
0 287
0 472
0 376
0 491
0 311
0 547
0 265
0 464
0 837
0 176
0 402
0 436
0 684
0 1171
0 280
0 757
0 378
0 612
0 360
0 184
0 282
0 733
0 1418
0 211
0 376
0 2919
0 574
0 293
0 403
0 481
0 1339
0 217
0 1134
0 638
0 806
0 328
0 336
0 228
0 569
0 526
0 300
0 357
0 388
0 1365
0 184
0 282
0 292
0 642
0 636
0 420
0 152
0 726
0 467
0 666
0 375
0 225
0 669
0 492
0 296
0 366
0 239
0 161
0 612
0 329
0 306
0 402
0 92
0 438
0 351
0 372
0 493
0 210
0 464
0 216
0 571
0 403
0 478
0 358
0 1859
0 836
0 287
0 207
0 1163
0 642
0 519
0 353
0 493
0 716
0 1005
0 670
0 544
0 678
0 506
0 307
0 164
0 78
0 329
0 664
0 577
0 246
0 287
0 213
0 523
0 621
0 210
0 414
0 353
0 377
0 1167
0 589
0 711
0 397
0 1112
0 882
0 573
0 670
0 527
0 291
0 478
0 572
0 1105
0 291
0 1910
0 575
0 858
0 457
0 447
0 277
0 197
0 639
0 116
0 300
0 251
0 455
0 577
0 305
0 514
0 321
0 423
0 285
0 524
0 400
0 388
0 478
0 823
0 216
0 186
0 354
0 452
0 244
0 508
0 540
0 604
0 467
0 262
0 523
0 316
0 566
0 741
0 2473
0 721
0 562
0 445
0 291
0 524
0 241
0 732
0 262
0 312
0 345
0 530
0 335
0 277
0 612
0 559
0 658
0 521
0 453
0 409
0 696
0 297
0 830
0 486
0 939
0 263
0 679
0 468
0 1406
0 411
0 347
0 272
0 881
0 523
0 415
0 338
0 310
0 351
0 1074
0 921
0 317
0 231
0 278
0 320
0 882
0 1588
0 478
0 541
0 359
1 4096
0 317
0 136
0 722
0 479
0 529
1 4096
0 625
0 894
0 1061
0 248
0 648
0 299
0 332
0 257
0 794
0 225
0 536
0 438
0 876
0 559
0 458
0 409
0 813
0 368
0 232
0 688
0 310
0 3785
0 443
0 390
0 482
0 552
0 408
0 1375
0 454
0 808
0 870
0 595
0 264
0 289
0 214
0 246
0 825
0 450
0 743
0 796
0 1011
0 591
0 363
0 244
0 116
0 319
0 256
0 799
0 471
0 444
0 617
0 512
0 833
0 539
0 1087
0 743
0 662
0 595
0 709
0 540
0 262
0 538
0 351
0 404
0 354
0 575
0 371
0 545
0 233
0 441
0 255
0 144
0 354
0 489
0 384
0 360
0 914
0 220
0 229
0 796
0 304
0 817
0 211
0 330
0 380
0 339
0 487
0 697
0 326
0 384
0 857
0 874
0 387
0 379
0 452
0 417
0 800
0 545
0 258
0 231
0 493
0 183
0 695
0 802
0 698
0 533
0 328
0 102
0 470
0 640
0 1738
0 323
0 276
0 311
0 591
0 148
0 936
0 588
0 827
0 1018
0 245
0 387
1 4096
0 211
0 860
0 397
0 588
0 156
0 687
0 238
0 368
0 713
0 193
0 687
0 265
0 401
0 577
0 410
0 407
0 393
0 477
0 453
0 204
0 339
0 939
0 1249
0 548
0 444
0 364
0 713
0 522
0 433
0 281
0 1207
0 282
0 415
0 783
0 1025
0 614
0 573
0 1759
0 279
0 764
0 593
0 320
0 448
0 265
0 291
0 362
0 387
0 394
0 540
0 100
0 452
0 400
0 541
0 700
0 457
0 322
0 483
0 140
0 519
0 439
0 595
0 710
0 1113
0 537
1 4096
0 418
0 271
0 664
0 469
0 144
0 513
0 248
0 367
0 553
0 1324
0 421
0 297
0 345
0 638
0 346
0 450
0 708
0 511
0 386
0 665
0 500
0 641
0 517
0 164
0 198
0 507
0 287
0 963
0 384
0 409
0 377
0 403
0 483
0 900
0 612
0 193
0 597
0 621
0 818
0 202
0 501
0 543
0 359
0 583
0 379
0 359
0 668
0 367
0 238
0 569
0 531
0 1142
0 708
0 219
0 531
0 798
0 473
0 546
0 1104
0 776
0 412
0 862
0 759
0 284
0 332
0 652
0 446
0 477
0 477
0 491
0 491
0 525
0 521
0 351
0 1069
0 413
0 596
0 434
0 314
0 328
0 545
0 407
0 361
0 713
0 412
0 718
0 562
0 3565
0 494
0 270
0 363
0 193
0 425
0 376
0 645
0 187
0 427
0 728
0 243
0 552
0 793
0 888
0 564
0 246
0 422
0 282
0 84
0 204
0 262
0 277
0 439
0 503
0 313
0 583
0 481
0 392
0 531
0 615
0 243
0 422
0 1285
0 474
0 351
0 745
0 604
0 188
0 324
0 1556
0 361
0 254
0 445
0 307
0 737
0 320
0 276
0 112
0 451
0 528
0 938
0 576
0 387
0 495
0 471
0 315
0 587
0 242
0 384
0 290
0 540
0 554
0 471
0 186
0 597
0 197
0 317
0 332
0 429
0 2376
0 581
0 842
0 267
0 273
0 353
0 257
0 602
0 458
0 731
0 648
0 373
0 786
0 449
0 494
0 1201
0 178
0 322
0 483
0 280
0 1136
0 678
0 504
0 1411
0 569
0 350
0 946
0 343
0 400
0 432
0 1892
0 264
0 272
0 427
0 290
0 543
0 892
0 267
0 465
0 559
0 617
0 2266
0 494
0 663
0 494
0 670
0 582
0 443
0 303
0 248
0 612
0 718
0 179
0 432
0 226
0 441
0 292
0 443
0 298
0 193
0 741
0 715
0 135
0 485
0 330
0 524
0 419
0 163
0 442
0 257
0 169
0 187
0 892
0 414
0 195
0 2314
0 590
0 631
0 236
0 724
0 371
0 851
0 260
0 395
0 521
0 255
0 427
0 2506
0 317
0 486
0 483
0 190
0 311
0 2340
0 110
0 518
0 283
0 729
0 528
0 334
0 811
0 827
0 792
0 270
0 367
0 320
0 287
0 435
0 571
0 315
0 114
0 939
0 282
0 128
0 363
0 865
0 345
0 340
0 343
0 445
0 208
0 347
0 639
0 976
0 168
0 473
0 637
0 1421
0 688
0 564
0 497
0 265
0 871
0 182
0 958
0 436
0 304
0 193
0 403
0 346
0 1072
0 231
0 836
0 543
0 281
0 341
0 416
0 116
0 587
0 193
0 276
0 257
0 454
0 555
0 565
0 201
0 1180
0 241
0 486
0 363
0 679
0 445
0 276
0 852
0 362
0 611
0 432
0 1477
0 312
0 366
0 601
0 256
0 789
0 1233
0 498
0 278
0 352
0 498
0 349
0 664
0 858
0 378
0 432
0 944
0 350
0 365
0 244
0 638
0 502
0 838
0 620
0 453
0 334
0 994
0 301
0 625
0 242
0 609
0 193
0 788
0 899
0 803
0 622
0 636
0 397
0 575
0 234
0 471
0 225
0 281
0 262
0 704
0 178
0 463
0 340
0 447
0 365
0 671
0 103
0 411
0 388
0 482
0 286
0 881
0 461
0 290
0 293
0 410
0 234
0 191
0 349
0 119
0 212
0 327
0 918
0 274
0 351
0 425
0 329
0 541
0 886
0 886
0 483
0 266
0 451
0 566
0 395
0 897
0 315
0 384
0 582
0 1260
0 393
0 518
0 172
0 568
0 806
0 588
0 369
0 663
0 366
0 591
0 166
0 115
0 722
0 335
0 412
0 332
0 300
0 423
0 580
0 180
0 1117
0 1265
0 324
0 655
0 158
0 379
0 672
0 305
0 324
0 269
0 138
0 443
0 429
0 631
0 440
0 779
0 580
0 483
0 135
0 844
0 557
0 386
0 329
0 680
0 602
0 757
0 221
0 549
0 72
0 326
0 241
0 623
0 483
0 401
0 478
0 629
0 471
0 315
0 297
0 426
0 105
0 235
0 498
0 597
0 348
0 198
0 225
0 601
0 1234
0 181
0 292
0 642
0 211
0 448
0 145
0 140
0 223
0 459
0 1215
0 658
0 754
0 419
0 888
0 353
0 491
0 468
0 195
0 705
0 836
0 387
0 635
0 420
0 631
0 250
0 1073
0 187
0 569
0 567
0 317
0 525
0 303
0 321
0 550
0 368
0 852
0 438
0 201
0 267
0 569
0 198
0 379
0 433
0 285
0 185
0 699
0 406
0 521
0 270
0 593
0 244
0 1097
0 894
0 568
0 312
0 932
0 195
0 254
0 638
0 1105
0 1000
0 640
0 235
0 251
0 394
0 426
0 319
0 186
0 226
0 554
0 439
0 141
0 265
0 437
0 826
0 207
0 185
0 419
0 61
0 454
0 419
0 294
0 338
0 157
0 660
0 462
0 582
0 633
0 790
0 257
0 320
0 213
0 548
0 131
0 322
0 364
0 421
0 501
0 745
0 191
0 682
0 375
0 590
0 1022
0 1529
0 564
0 436
0 177
0 360
0 748
0 385
0 364
1 4096
0 457
0 476
0 261
0 628
0 392
0 658
0 204
0 417
0 306
0 421
0 249
0 512
0 467
0 591
0 621
0 207
0 294
0 578
0 347
0 182
0 489
0 237
0 486
0 606
0 378
0 419
0 122
0 299
0 425
0 527
0 333
0 380
0 1357
0 459
0 507
0 289
0 760
0 557
0 326
0 127
0 558
0 542
0 526
0 809
0 353
0 531
0 848
0 374
0 607
0 267
0 346
0 280
0 341
0 484
0 387
0 626
0 483
0 185
0 480
0 485
0 293
0 297
0 759
0 335
0 242
0 417
0 338
0 523
0 678
0 163
1 4096
0 886
0 655
0 470
0 655
0 357
0 827
0 493
0 219
0 586
0 1388
0 195
0 273
0 307
0 225
0 338
0 172
0 617
0 228
0 373
0 570
0 82
0 198
0 394
0 754
0 544
0 304
0 185
0 710
0 450
0 474
0 279
0 395
0 715
0 524
0 479
0 668
0 726
0 427
0 342
0 327
0 240
0 138
0 182
0 424
0 222
0 669
0 517
0 451
0 493
0 1581
0 857
0 243
0 176
0 390
0 244
0 296
0 298
0 503
0 167
0 242
0 1306
0 433
0 735
0 872
0 481
0 684
0 1121
0 765
0 431
0 645
0 362
0 377
0 508
0 770
0 821
0 330
0 578
0 256
0 400
0 543
0 471
0 760
0 525
0 407
0 565
0 386
0 455
0 292
0 790
0 142
0 967
0 306
0 256
0 801
0 479
0 276
0 249
0 192
0 388
0 945
0 868
0 152
0 586
0 644
0 150
0 112
0 522
0 987
0 311
1 4096
0 390
0 501
0 631
0 577
0 416
0 119
0 360
0 302
0 188
0 822
0 356
0 313
0 204
0 423
0 784
0 557
0 403
0 452
0 466
0 629
0 2617
0 243
0 896
0 509
0 595
0 597
0 439
0 253
0 150
0 558
0 85
0 869
0 226
0 377
0 480
0 771
0 418
0 1769
0 574
0 978
0 666
0 390
0 244
0 964
0 157
0 473
0 292
0 379
0 195
0 371
0 231
0 277
0 308
0 575
0 278
0 476
0 825
0 515
0 1351
0 1385
0 307
0 789
0 460
0 339
0 296
0 1014
0 318
0 317
0 274
0 670
0 1050
0 542
0 958
0 439
0 223
0 400
0 199
0 704
0 475
0 609
0 561
0 2095
0 710
0 490
0 289
0 973
0 493
0 1155
0 290
0 417
0 964
0 933
0 1685
0 297
0 798
0 343
0 804
0 360
0 609
0 2265
0 269
0 336
0 744
0 197
0 122
0 535
0 380
0 296
0 436
0 486
0 541
0 549
0 1176
0 204
0 322
0 396
0 818
0 616
0 896
0 423
0 429
0 666
0 312
0 249
0 531
0 246
0 204
0 146
0 1109
0 491
0 301
0 272
0 322
0 295
0 978
0 385
0 232
0 551
0 159
0 596
0 566
0 260
0 354
0 367
0 281
0 502
0 328
0 304
0 481
0 706
0 673
0 806
0 202
0 450
0 464
0 776
0 428
0 254
0 309
0 350
0 881
0 429
0 300
0 403
0 1971
0 1137
0 820
0 1989
0 115
0 347
0 376
0 128
0 285
0 344
0 794
0 286
0 242
0 108
0 627
0 350
0 563
0 335
0 549
0 388
0 523
0 304
0 676
0 1019
0 501
0 476
0 484
0 1147
0 534
0 499
0 595
0 433
0 356
0 634
0 363
0 299
0 485
0 387
0 356
0 788
0 1058
0 83
0 1109
0 251
0 374
0 505
0 746
0 391
0 581
0 210
0 567
0 309
0 623
0 850
0 122
0 310
0 823
0 269
0 355
0 682
0 500
1 4096
0 378
0 543
0 528
0 200
0 180
0 489
0 658
0 1473
0 369
0 651
0 517
0 340
0 408
0 386
0 212
0 513
0 708
0 461
0 655
0 258
0 235
0 311
0 375
0 396
0 710
0 2466
0 772
0 536
0 391
0 303
0 869
0 472
0 523
0 459
0 2195
0 235
0 447
0 465
0 573
0 375
0 563
0 242
0 388
0 237
0 575
0 369
0 250
0 585
0 895
0 349
0 843
0 403
0 831
0 380
0 452
0 521
0 484
0 373
0 883
0 278
0 407
0 473
0 258
0 718
0 1214
0 381
0 491
0 193
0 1409
0 1323
0 308
0 144
0 503
0 244
0 707
0 623
0 1054
0 657
0 703
0 523
0 762
0 356
0 180
0 225
0 324
0 796
0 393
0 289
0 170
0 129
0 336
0 426
0 133
0 968
0 404
0 2573
0 320
0 232
0 401
0 329
0 250
0 168
0 274
0 331
0 303
0 521
0 247
0 597
0 335
0 420
0 831
0 269
0 3427
0 316
0 268
0 305
0 837
0 423
0 487
0 349
0 666
0 599
0 331
0 252
0 327
0 390
0 870
0 1039
0 433
0 335
0 181
0 495
0 437
0 281
0 514
0 400
0 759
0 356
0 592
0 1012
0 531
0 90
1 4096
0 1218
0 125
0 485
0 416
0 819
0 494
0 326
0 876
1 4096
0 177
0 516
0 118
0 592
0 338
0 404
0 228
0 463
0 172
0 405
0 348
0 427
0 131
0 656
0 1054
0 520
0 292
0 682
0 287
0 139
0 221
0 653
0 395
0 818
0 359
0 174
0 672
0 530
0 961
0 434
0 210
0 352
0 785
0 303
0 526
0 670
0 1232
0 427
0 324
0 709
1 4096
0 630
0 209
0 250
0 406
0 375
0 196
0 444
0 1881
0 867
0 207
0 373
0 355
0 479
0 418
0 266
0 358
0 183
0 672
0 747
0 174
0 427
0 268
0 716
0 383
0 490
0 233
0 485
0 684
0 859
0 675
0 257
0 385
0 588
0 691
0 1061
0 515
0 499
0 444
0 398
0 641
0 220
0 452
0 758
0 303
0 608
0 528
0 376
0 417
0 303
0 148
0 534
0 320
0 864
0 558
0 372
0 538
0 241
0 1569
0 497
0 653
0 298
0 791
0 452
0 389
0 1425
0 608
0 729
0 634
0 362
0 750
0 330
0 206
0 123
0 476
0 1171
0 494
0 291
0 352
0 670
0 265
0 313
0 500
0 568
0 654
0 478
0 325
0 2527
0 1117
0 299
0 604
0 410
0 140
0 356
0 833
1 4096
0 351
0 810
0 603
0 338
0 157
0 361
0 413
0 523
0 634
0 519
0 871
0 217
0 276
0 517
0 374
0 276
0 534
0 350
0 107
0 246
0 296
0 486
0 151
0 825
0 589
0 171
0 559
0 591
0 444
0 4071
0 199
0 593
0 435
0 408
0 339
0 463
0 391
0 690
0 338
0 254
0 425
0 227
0 832
0 388
0 250
0 567
0 694
0 313
0 504
0 232
0 494
0 516
0 333
0 571
0 681
0 578
0 403
0 489
0 321
0 195
0 626
0 1415
0 265
0 248
0 349
0 248
0 959
0 846
0 353
0 375
0 396
0 787
0 794
0 926
0 162
0 240
0 273
1 4096
0 858
0 78
0 337
0 321
0 203
0 454
0 221
0 671
0 1188
0 734
0 668
0 112
0 635
0 612
0 338
0 234
0 301
0 484
0 349
0 426
0 588
0 415
0 181
0 542
0 196
0 434
0 611
0 459
0 546
0 351
0 156
0 492
0 370
0 177
0 426
0 377
0 180
0 247
2 4096
0 478
0 79
0 346
0 413
0 834
0 252
0 347
0 520
0 280
0 397
0 517
0 653
0 482
0 199
0 310
0 348
0 687
0 299
0 635
0 334
0 694
0 387
0 231
0 850
0 346
0 2100
0 402
0 647
0 352
0 265
0 453
0 525
0 469
0 250
0 920
0 191
0 642
0 577
0 339
0 563
0 1426
0 301
0 293
0 716
0 972
0 309
0 189
0 865
0 891
0 443
0 1154
0 393
0 294
0 516
0 276
0 309
0 387
0 300
0 547
0 417
0 325
0 676
0 418
0 195
0 339
0 972
0 258
0 827
0 689
0 474
0 283
0 1020
0 555
0 453
0 166
0 302
0 212
0 748
0 554
0 831
0 222
0 495
0 352
0 366
0 109
0 638
0 897
0 267
0 458
0 1489
0 846
0 522
0 499
0 620
0 709
0 673
0 695
0 2369
0 398
0 572
0 536
0 582
0 354
0 358
0 392
0 364
0 736
0 383
0 302
0 182
0 164
0 812
0 726
1 4096
0 318
0 280
0 835
0 192
0 519
0 94
0 251
0 740
0 302
0 944
0 401
0 208
0 429
0 178
0 343
0 239
0 462
0 255
0 453
0 264
0 852
0 528
0 380
0 889
0 330
0 806
0 545
0 187
0 276
0 555
0 1497
0 164
0 1197
0 1160
0 170
0 685
0 432
0 390
0 416
0 634
0 740
0 884
0 213
0 319
0 600
0 630
0 286
0 579
0 560
0 315
0 331
0 728
0 210
0 215
0 342
0 368
0 263
0 297
0 471
0 1048
0 260
0 1272
0 286
0 215
0 165
1 4096
0 278
0 148
0 243
0 718
0 429
0 252
0 364
0 862
0 265
0 544
0 647
0 588
0 524
0 570
0 512
0 757
0 831
0 632
0 439
0 478
0 277
0 425
0 610
0 214
0 895
0 190
0 387
0 770
0 862
0 274
0 259
0 278
0 1061
0 359
0 252
0 428
0 143
0 666
0 387
0 223
0 330
0 474
0 420
0 658
0 684
0 547
0 550
0 288
0 218
0 885
0 454
0 591
0 459
0 198
0 481
0 232
0 415
0 642
0 514
0 223
0 541
0 187
0 501
0 305
0 751
0 481
0 1326
0 268
0 959
0 700
0 830
0 209
0 719
0 794
0 375
0 178
0 729
0 330
0 927
0 688
0 633
0 591
0 319
0 430
0 348
0 271
0 324
0 343
0 495
0 555
0 910
0 507
0 412
0 514
0 297
0 180
0 402
0 164
0 294
0 1170
0 378
0 373
0 409
0 464
0 429
0 209
0 791
0 187
0 355
0 417
0 604
0 573
0 236
0 326
0 302
0 291
0 991
0 336
0 726
0 357
0 169
0 254
0 140
0 715
0 854
0 249
0 698
0 283
0 755
0 489
0 761
0 521
0 517
0 490
0 647
0 346
0 576
0 202
0 471
0 302
0 483
0 788
0 496
0 356
0 340
0 71
0 455
0 1821
0 396
0 562
0 255
0 1218
0 597
0 389
0 442
0 777
0 169
0 365
0 445
0 677
0 529
0 351
0 487
0 484
0 421
0 380
0 544
0 556
0 233
0 384
0 490
0 546
0 917
0 295
0 627
0 660
0 179
0 491
0 225
0 280
0 989
0 375
0 219
0 243
0 406
0 189
0 87
0 332
0 401
0 609
0 429
0 459
0 493
0 646
0 602
0 455
0 767
0 214
0 152
0 343
0 1041
0 455
0 502
0 305
0 285
0 1270
0 345
0 315
0 901
0 320
0 358
0 303
0 511
0 300
0 190
1 4096
0 246
0 512
0 341
0 574
0 397
0 143
0 214
0 429
0 331
0 798
0 1629
0 373
0 220
0 578
0 1135
0 399
0 339
0 352
0 390
0 262
0 302
0 175
0 922
0 284
0 589
0 428
0 265
0 233
0 511
0 481
0 830
0 319
0 288
0 257
0 485
0 438
0 450
0 985
0 316
0 282
0 202
0 237
0 1077
0 505
0 286
0 270
0 636
0 868
0 409
0 551
0 285
0 448
0 1046
0 260
0 813
0 778
0 245
0 665
0 852
0 299
0 446
0 557
0 527
0 149
0 546
0 608
0 565
0 525
0 422
0 1015
0 267
0 4055
0 729
0 331
0 737
0 171
0 380
0 315
0 429
0 629
0 235
0 328
0 653
0 180
0 890
0 226
0 169
0 917
0 363
0 626
0 561
0 348
0 477
0 196
0 354
0 1225
0 622
0 104
0 234
0 574
0 511
0 321
0 598
0 280
0 311
0 434
0 444
0 463
0 1390
0 317
0 116
0 116
0 289
0 411
0 732
0 261
0 923
0 340
0 285
0 329
0 316
0 702
0 196
0 227
0 609
0 412
0 482
0 829
0 382
0 282
0 391
0 815
0 730
0 899
0 509
0 218
0 424
0 289
0 488
0 214
0 900
0 455
0 544
0 470
0 333
0 567
0 153
0 450
0 850
0 343
0 177
0 459
0 696
0 587
0 522
0 292
0 338
0 629
0 486
0 1032
0 685
0 822
0 287
0 484
0 432
0 849
0 801
0 679
0 675
0 629
0 297
0 609
0 199
0 1159
0 2530
0 241
0 357
0 406
0 832
0 359
0 132
0 728
0 452
0 245
0 583
0 1202
0 564
0 750
0 469
0 110
0 480
0 214
0 409
0 425
0 172
0 324
0 719
0 660
0 343
0 2109
0 138
0 672
0 202
0 262
0 362
0 469
0 216
0 855
0 917
0 428
0 1084
0 354
0 447
0 690
0 821
0 519
0 220
0 564
0 286
0 327
0 684
0 262
0 445
0 380
0 919
0 344
0 444
0 185
0 249
0 502
0 758
0 585
0 632
0 409
0 284
0 437
0 227
0 302
0 512
0 915
0 649
0 690
0 609
0 350
0 331
0 426
0 450
0 535
0 391
0 379
0 526
0 447
0 457
0 378
0 230
0 231
0 202
0 158
0 329
0 466
0 378
0 499
0 251
0 376
0 372
0 897
0 1153
0 544
0 337
0 353
0 738
0 334
0 201
0 378
0 473
0 358
0 395
0 537
0 535
0 410
0 584
0 867
0 1207
0 424
0 360
0 290
0 543
0 782
0 440
0 620
0 1055
0 488
0 745
1 4096
0 293
0 441
0 400
0 681
0 2387
0 554
0 242
0 727
0 403
0 458
0 429
0 307
0 318
0 222
0 109
0 639
0 418
0 359
0 305
0 1482
0 1165
0 345
0 340
0 145
0 165
0 397
0 150
0 262
0 594
0 308
0 294
0 417
0 1367
0 259
0 180
0 304
0 292
0 230
0 422
0 404
0 521
0 361
0 470
0 659
0 471
0 660
0 673
0 466
0 312
0 405
0 466
0 1363
0 204
0 245
0 631
0 668
0 221
0 270
0 600
0 428
0 568
0 396
0 536
0 312
0 325
0 375
0 266
0 1800
0 1015
0 1245
0 203
0 1038
0 179
0 490
0 759
0 614
0 1230
0 240
0 553
0 358
0 188
0 404
0 684
0 1038
0 328
0 290
1 4096
0 526
0 226
0 158
0 409
0 788
0 586
0 522
0 353
0 412
0 671
0 236
0 586
0 705
0 702
0 168
0 232
0 527
0 390
0 611
0 515
0 127
0 396
0 120
0 364
0 856
0 471
0 324
0 1248
0 520
0 821
0 368
0 424
0 99
0 391
0 511
0 398
0 453
0 491
0 280
0 282
0 417
0 406
0 511
0 436
0 765
0 659
0 315
0 222
0 444
0 288
0 482
0 336
0 345
0 169
0 1576
0 307
0 447
0 438
0 595
0 410
0 259
0 933
0 434
0 194
0 306
0 323
0 607
0 689
0 362
0 458
0 356
0 321
0 432
0 360
0 250
0 482
0 424
0 144
0 298
0 285
0 212
0 223
0 306
0 366
0 439
0 333
0 723
0 574
0 684
0 409
0 635
0 473
0 612
0 414
0 686
0 191
0 169
0 588
0 542
0 318
0 505
0 257
0 526
0 947
0 240
0 157
0 816
0 431
0 138
0 414
0 243
0 445
0 1360
0 503
0 374
0 259
0 348
0 379
0 2821
0 358
0 331
0 589
0 365
0 544
0 271
0 552
0 347
0 430
0 555
0 250
0 299
0 743
0 973
0 159
0 360
0 1069
0 204
0 542
0 286
0 358
0 1861
0 427
0 203
0 448
0 578
0 286
0 325
0 1044
0 157
0 927
0 493
0 677
0 341
0 597
0 483
0 1498
1 4096
0 750
0 285
0 529
0 425
0 137
0 210
0 387
0 505
0 461
0 397
0 537
0 1116
0 555
0 351
0 198
0 187
0 363
0 669
0 761
0 673
0 434
0 544
0 515
0 560
0 238
0 375
0 304
0 296
0 3008
0 165
0 401
0 408
0 1583
0 318
0 456
0 364
0 242
0 321
0 417
0 330
0 566
0 195
0 379
0 298
0 132
0 362
0 478
0 307
0 332
0 230
0 280
0 296
0 647
0 524
0 138
0 343
0 718
0 195
0 494
0 186
0 384
0 254
0 179
0 683
0 779
0 477
0 739
0 336
0 166
0 438
0 451
0 492
0 264
0 235
0 208
0 458
0 813
0 237
0 233
0 259
0 668
0 526
0 1124
0 354
0 411
0 895
0 593
0 860
0 454
0 340
0 511
0 535
0 325
0 250
0 385
0 1130
0 290
0 102
0 488
0 170
0 419
0 668
0 484
0 555
0 759
0 346
0 374
0 262
0 292
0 144
0 295
0 135
0 353
0 638
0 373
0 287
0 166
0 474
0 382
0 726
0 234
0 116
0 412
0 397
0 338
0 169
0 688
0 537
0 407
0 532
0 1078
0 176
0 666
0 141
0 595
0 203
0 196
0 761
0 463
0 766
0 120
0 258
0 363
0 438
0 335
0 235
0 327
0 572
0 222
0 366
0 532
0 116
0 675
0 519
0 349
0 512
0 822
0 172
0 293
0 397
0 550
0 174
0 290
0 300
0 254
0 575
0 511
0 476
0 382
0 2139
0 329
0 185
0 664
0 532
0 371
0 239
0 157
0 237
0 301
0 505
0 667
0 362
0 516
0 1042
0 599
0 668
0 509
0 331
0 289
0 468
0 237
0 855
0 648
0 420
0 620
0 632
0 568
0 381
0 385
0 169
0 1579
0 592
0 1186
0 866
0 458
0 460
0 2413
0 513
0 191
0 407
0 373
0 1152
0 343
0 842
0 265
0 332
0 902
0 365
0 163
0 860
0 229
0 554
0 466
0 518
0 560
0 353
0 514
0 574
0 418
0 100
0 693
0 445
0 298
0 1005
0 582
0 895
0 270
0 442
0 449
0 1136
0 308
0 361
0 291
0 313
0 449
0 564
0 502
0 525
0 133
0 402
0 918
0 480
0 587
0 192
0 333
0 357
0 583
0 154
0 435
0 240
0 893
0 927
0 736
0 373
0 326
0 550
0 366
0 213
0 411
0 203
0 511
0 595
0 289
0 198
0 301
0 811
0 292
0 653
0 308
0 412
0 210
0 572
0 122
0 702
0 354
0 245
0 915
0 533
0 282
0 500
0 436
0 447
0 888
0 998
0 249
0 534
1 4096
0 183
0 1093
0 239
0 678
0 225
0 281
0 137
0 515
0 265
0 789
0 340
0 296
0 519
0 347
0 769
0 236
0 605
0 581
1 4096
0 988
0 370
0 236
0 544
0 441
0 256
0 409
0 476
0 728
0 1736
0 704
0 597
0 343
0 947
0 294
0 409
0 746
0 535
0 285
0 482
0 1395
0 499
0 1039
0 550
0 378
0 478
0 776
0 154
0 306
0 386
0 541
0 519
0 314
0 709
0 558
0 329
0 473
0 297
0 589
0 138
0 565
0 494
0 922
0 512
0 514
0 1525
0 1065
0 419
0 729
0 345
0 466
0 376
0 137
0 446
0 647
0 200
0 357
0 694
0 540
0 786
0 287
0 468
0 435
0 899
0 752
0 563
0 270
0 709
0 584
0 231
0 502
0 461
0 248
0 278
0 652
0 582
0 178
0 589
0 1021
0 379
0 416
0 235
0 420
0 552
0 654
0 117
0 413
0 436
0 579
0 275
0 416
0 253
1 4096
0 371
0 377
0 215
0 649
0 261
0 336
0 290
0 538
0 662
0 186
0 239
0 335
0 494
0 1258
0 628
0 509
0 344
0 457
0 444
0 781
0 294
0 566
0 302
0 116
0 538
0 409
0 430
0 359
0 708
0 514
0 556
0 994
0 410
0 1397
0 325
0 337
0 425
0 809
0 875
0 1229
0 506
0 532
0 656
0 314
0 480
0 373
0 395
0 481
0 211
0 504
0 615
0 627
0 504
0 473
0 323
0 260
0 900
0 318
0 286
0 423
0 303
0 485
0 477
0 752
0 689
0 411
0 479
0 275
0 235
0 651
0 621
0 150
0 334
0 198
1 4096
0 528
0 1119
0 985
0 454
0 243
0 484
0 438
0 649
0 330
0 550
0 444
0 387
0 767
0 418
0 356
0 370
0 287
0 767
0 372
0 442
0 627
0 187
0 362
0 331
0 445
0 304
0 109
0 798
0 107
0 1260
0 527
0 607
0 538
0 223
0 578
0 248
0 236
0 736
0 410
0 586
0 200
0 826
0 509
0 1159
0 533
0 952
0 1828
0 493
0 391
0 780
0 479
0 276
0 233
0 371
0 149
0 573
0 342
0 385
0 765
0 652
0 377
0 487
0 218
0 720
0 384
0 331
0 323
0 197
0 971
0 439
0 447
0 461
0 841
0 190
0 514
0 631
0 422
0 365
0 380
0 346
0 44
0 425
0 1069
0 770
0 714
0 587
0 238
0 464
0 546
0 196
0 647
0 451
0 386
0 244
0 285
0 552
0 224
0 909
0 478
0 460
0 449
0 158
0 539
0 750
0 332
0 335
0 525
0 507
0 551
0 937
0 693
0 139
0 64
0 420
0 700
0 692
0 958
0 374
0 638
0 666
0 887
0 623
0 151
0 697
0 269
0 286
0 206
0 330
0 489
0 777
0 544
0 354
0 267
0 1929
0 301
0 570
0 361
0 360
0 147
0 679
0 265
0 609
0 382
0 220
0 1493
0 941
0 1374
0 1058
0 703
0 564
0 205
0 463
0 423
0 643
0 151
0 441
0 182
0 651
0 339
0 1093
0 304
0 471
0 570
0 267
0 212
0 374
0 320
0 252
0 469
0 433
0 187
0 229
0 325
0 314
0 1046
0 615
0 460
0 285
0 1243
0 919
0 501
0 800
0 486
0 276
0 581
0 501
0 493
0 390
0 193
0 479
0 539
0 634
0 373
0 1045
0 344
0 628
0 340
0 252
0 159
0 940
0 646
0 438
0 309
0 272
0 580
0 160
0 327
0 308
0 207
0 285
0 525
0 589
0 530
0 520
0 430
0 429
0 237
0 3553
0 601
0 292
0 544
0 446
0 303
2 4096
0 389
0 247
0 339
0 827
0 254
0 407
0 377
0 137
0 353
0 461
0 474
0 588
0 396
0 558
0 629
0 504
0 176
0 286
0 645
0 358
0 305
0 220
0 282
0 189
0 556
0 1410
0 188
0 694
0 240
0 1387
0 482
0 464
0 75
0 237
0 164
0 308
0 188
0 284
0 404
0 337
0 807
0 287
0 297
0 424
0 410
0 286
0 546
0 377
0 368
0 435
0 169
0 554
0 215
0 167
0 324
0 363
0 698
0 388
0 254
0 249
0 106
0 391
0 612
0 744
0 584
0 1167
0 311
0 748
0 383
0 128
0 179
0 393
0 311
0 673
0 705
0 175
0 148
0 469
0 564
0 228
0 699
0 845
0 594
0 168
0 212
0 312
0 689
0 415
0 538
0 391
0 835
0 374
0 439
0 679
0 270
0 1363
0 380
0 814
0 458
0 257
0 552
0 1490
0 710
0 1089
0 845
0 268
0 446
0 354
0 352
0 1138
0 203
0 394
0 537
0 575
0 602
0 250
0 841
0 482
0 758
0 632
0 487
0 490
0 359
0 328
0 1008
0 430
0 236
0 275
0 763
0 466
0 396
1 4096
0 959
0 411
0 464
0 383
0 446
0 179
0 328
0 486
0 244
0 305
0 400
0 340
0 218
0 419
0 556
0 924
0 870
0 232
0 589
0 415
0 270
0 175
0 279
0 376
0 687
0 920
0 289
0 263
0 244
0 561
1 4096
0 374
0 236
0 639
0 247
0 383
0 741
0 469
0 183
0 292
0 473
0 556
0 614
0 327
0 441
0 477
0 400
0 568
0 110
0 303
0 414
0 486
1 4096
0 314
0 355
0 415
0 718
0 252
0 379
0 465
0 993
0 329
0 344
0 295
0 376
0 509
0 453
0 447
0 421
0 549
0 266
0 702
0 263
0 471
0 1089
0 237
0 334
0 502
0 616
0 620
0 783
0 454
0 482
0 555
0 323
0 239
0 290
0 579
0 496
0 353
0 402
0 438
0 249
0 281
0 368
0 306
0 220
0 610
0 518
0 460
0 391
0 684
0 434
0 332
0 649
0 292
0 370
0 420
0 408
0 1277
0 437
0 498
0 711
0 421
0 370
0 364
0 625
0 235
0 302
0 456
0 420
0 732
0 336
0 3075
0 741
0 259
0 356
0 387
0 522
0 531
0 278
0 652
0 362
0 301
0 1287
0 844
0 204
0 612
0 226
0 332
0 1170
0 375
0 937
0 435
0 892
0 244
0 529
1 4096
0 442
0 353
0 585
0 219
0 943
0 555
0 346
0 479
0 93
0 955
0 250
0 603
0 668
0 746
0 292
0 719
0 411
0 255
2 4096
0 548
0 1154
0 570
0 506
0 855
0 668
0 230
0 274
0 480
0 193
0 180
0 456
0 245
0 845
0 259
0 1219
0 405
0 712
0 772
0 86
1 4096
0 1096
0 1026
0 846
0 302
0 1570
0 161
0 421
0 427
0 510
0 531
0 256
0 394
0 576
0 115
0 319
0 498
0 398
0 115
0 891
0 154
0 249
0 854
0 132
0 496
0 394
0 278
0 559
0 261
0 658
0 799
0 112
0 645
0 685
0 500
0 995
0 852
0 469
0 246
0 465
0 205
0 1619
0 298
0 748
0 418
0 1662
0 807
0 305
0 459
0 839
0 486
0 331
0 1052
0 666
0 305
0 209
0 628
0 267
0 436
0 388
0 547
0 598
0 247
0 385
0 203
0 330
0 315
0 553
0 309
0 760
0 436
0 437
0 392
0 598
0 717
0 177
0 725
0 441
0 260
0 1022
0 363
0 564
0 627
0 561
0 600
0 570
0 172
0 760
0 145
0 375
0 689
0 421
0 628
0 551
0 177
0 515
0 310
0 452
0 479
0 608
0 450
0 310
0 150
0 697
0 589
0 984
0 419
0 660
0 693
0 255
0 378
0 369
0 257
0 317
0 546
0 1564
0 678
0 171
0 150
0 296
0 375
0 996
0 279
0 151
0 209
0 547
0 477
0 437
0 205
0 587
0 453
0 518
0 455
0 487
0 569
0 233
0 275
0 1628
0 516
0 259
0 336
0 562
0 416
0 499
0 422
0 441
0 160
0 517
0 342
0 508
0 532
0 285
0 504
0 270
0 650
0 187
0 515
0 140
0 371
0 370
0 346
0 148
0 397
0 535
0 556
0 941
0 479
0 525
0 99
0 475
0 253
0 1777
0 932
0 125
0 291
0 230
0 568
0 448
0 218
0 462
0 233
0 244
0 214
0 616
0 479
0 216
0 235
0 485
0 606
0 560
0 583
0 299
0 976
0 341
0 797
0 283
0 282
0 1425
0 145
0 144
0 528
0 350
0 771
0 218
0 720
0 361
0 931
0 376
0 269
0 227
0 360
0 556
0 386
0 807
0 590
0 405
0 624
0 744
0 818
0 445
0 255
0 363
0 285
0 139
0 561
0 392
0 312
0 361
0 301
0 237
0 386
0 241
0 647
0 163
0 273
0 152
0 289
0 800
0 322
1 4096
0 396
0 278
0 258
0 343
0 482
0 579
0 509
0 773
0 557
0 900
0 651
0 425
0 325
0 1083
0 645
0 371
0 481
0 674
0 373
0 564
0 312
0 105
0 241
0 647
0 350
0 408
0 370
0 561
0 308
0 399
0 1246
0 359
0 313
0 527
0 451
0 135
0 515
0 320
0 300
0 562
0 323
0 367
0 425
0 312
0 424
0 2244
0 217
0 364
0 472
0 158
0 283
0 604
0 330
0 440
0 600
0 347
0 1350
0 463
0 184
0 533
0 2454
0 882
0 572
0 517
0 605
0 581
0 578
0 535
0 752
0 420
0 228
0 291
0 277
0 664
0 811
0 802
0 740
0 154
0 265
0 668
0 893
0 164
0 391
0 468
0 183
0 679
0 793
0 1062
0 370
0 492
0 802
0 761
0 804
0 174
0 771
0 198
0 537
0 314
0 200
0 391
0 1049
0 252
0 593
0 258
0 385
0 632
0 438
0 377
0 244
0 1175
0 308
0 713
0 572
0 207
0 315
0 336
0 381
0 582
0 446
0 170
0 256
0 695
0 367
0 575
0 157
0 485
0 383
0 369
0 1543
0 491
0 123
0 409
0 325
0 297
0 632
0 576
0 700
0 290
0 193
0 904
0 351
0 1364
0 491
0 199
0 490
0 723
0 505
0 383
0 863
0 448
0 581
0 487
0 405
0 505
0 273
0 539
0 734
0 762
0 514
0 595
0 578
0 405
0 380
0 245
0 965
0 309
0 201
0 931
0 505
0 248
0 480
0 461
0 1291
0 228
0 607
0 285
0 278
0 277
0 330
0 227
0 375
0 203
0 168
0 566
0 840
0 326
0 356
0 3565
0 72
0 508
0 549
1 4096
0 903
0 339
0 643
0 102
0 311
0 83
0 396
0 409
0 374
0 99
0 487
0 276
0 72
0 552
0 776
0 419
0 488
0 366
0 269
0 204
0 512
0 619
0 127
0 1136
0 258
0 547
0 535
0 213
0 400
0 697
0 694
0 541
0 397
0 414
0 2122
0 341
0 441
0 660
0 238
0 297
0 629
0 529
0 871
0 514
0 560
0 723
0 341
0 371
0 1150
0 639
0 614
0 370
0 153
0 469
0 729
0 321
0 276
0 227
0 675
0 1085
0 566
0 286
0 1115
0 582
0 369
0 298
0 284
0 409
0 488
0 694
0 395
0 682
0 168
0 69
0 311
0 243
0 318
0 210
0 1039
0 768
0 388
0 134
0 621
0 863
0 399
0 918
0 334
0 278
0 188
0 283
0 438
0 286
0 146
0 385
0 139
0 805
0 388
0 432
0 230
0 493
0 517
0 276
0 315
0 297
0 196
0 420
0 302
0 625
0 538
0 573
0 964
0 402
0 336
0 417
0 411
0 454
0 359
0 218
0 443
0 531
0 423
0 354
0 273
0 184
0 242
0 1283
0 386
0 480
0 524
0 135
0 322
0 1016
0 691
0 575
0 674
0 293
0 1335
0 129
0 985
0 1691
0 687
0 1180
0 505
0 653
0 308
0 456
0 594
0 1088
0 658
0 402
0 168
0 227
0 109
0 784
0 350
0 904
0 82
0 596
0 172
0 215
0 385
0 589
0 367
0 932
0 267
0 863
0 119
0 417
0 388
0 194
0 339
0 891
0 322
0 146
0 300
0 533
0 251
0 466
0 650
0 340
0 575
0 487
0 229
0 346
0 548
0 412
0 742
0 241
0 250
0 463
0 285
0 578
0 708
0 747
0 774
0 608
0 281
0 613
0 335
0 196
0 242
0 738
0 744
0 974
0 292
0 302
0 867
0 391
0 295
0 260
0 540
0 704
0 282
0 465
0 1122
0 271
0 418
0 220
0 135
0 435
0 413
0 105
0 460
0 672
0 758
0 383
0 437
0 825
0 230
0 661
0 686
0 1421
0 481
0 704
0 761
0 378
0 742
0 295
0 506
0 347
0 541
0 1046
0 255
0 380
0 1633
0 610
0 536
0 222
0 754
