# SA for random K-SAT
# K = 4   N = 512   M = 4352   seed = 1391929008
# alpha = 8.500000   nIter = 4096  Tmax = 0.200000
# 1:lowestUnsat  2:runTime
0 189
0 93
0 565
0 247
0 145
0 641
0 731
0 306
0 467
0 360
0 40
1 4096
1 4096
0 436
0 374
0 340
0 824
0 30
0 438
0 199
0 481
0 250
1 4096
0 1958
0 1145
0 488
0 89
0 201
0 57
0 194
1 4096
0 277
1 4096
0 655
0 152
0 297
0 238
0 594
0 167
0 297
0 374
0 100
0 69
0 370
0 189
0 219
0 136
0 253
0 775
0 951
0 159
0 41
0 408
0 411
0 243
0 212
0 223
0 110
0 151
0 130
0 388
0 197
0 304
1 4096
0 266
0 147
0 237
0 96
0 225
0 355
0 229
0 126
0 70
0 460
0 400
0 687
0 378
0 191
0 138
0 114
0 220
0 225
0 244
0 155
0 357
0 310
0 252
0 85
0 481
0 553
0 99
0 1940
0 184
0 135
0 53
0 3237
0 113
0 240
0 424
0 287
0 161
0 267
0 385
0 235
0 763
0 141
0 202
0 447
0 590
0 130
0 387
0 150
0 32
0 594
0 420
0 254
0 161
0 359
0 374
0 316
0 511
0 297
0 290
0 430
0 1075
0 528
0 151
0 58
0 179
0 482
0 123
0 802
0 223
0 302
0 997
0 250
0 114
0 164
0 28
0 332
0 526
0 988
0 150
0 77
0 361
0 190
0 191
1 4096
0 205
0 204
0 382
0 645
0 187
0 164
0 259
1 4096
0 140
0 108
0 921
0 118
0 294
0 126
0 199
0 430
0 38
0 120
0 141
0 81
0 100
0 150
0 256
0 246
0 172
0 273
0 460
0 529
0 408
0 127
0 345
0 348
0 168
0 191
0 112
0 155
0 95
0 293
0 145
0 590
0 116
0 566
0 147
0 236
0 164
0 616
0 322
0 372
0 93
0 126
0 539
0 92
0 121
0 304
0 296
0 1357
0 104
0 240
0 107
0 137
0 435
0 300
0 349
0 287
0 141
0 110
0 151
0 814
0 106
0 401
0 389
0 352
0 133
0 262
0 303
0 116
0 205
0 145
0 136
0 173
0 77
0 180
0 203
0 41
0 154
0 539
0 468
0 1120
0 100
0 213
0 167
0 668
0 483
0 310
0 1463
0 211
0 561
0 263
0 384
0 38
0 60
0 362
0 220
0 360
2 4096
0 91
0 275
0 77
0 379
0 169
0 72
0 287
0 509
0 628
0 339
0 384
0 103
0 64
0 83
0 301
0 179
0 245
0 121
0 167
0 191
0 144
0 157
0 81
0 28
0 137
0 106
0 265
0 306
0 423
0 416
0 225
0 193
0 259
0 266
0 167
0 280
0 312
0 179
0 387
0 141
0 125
0 221
0 262
0 658
0 873
0 179
0 1005
0 213
0 420
0 452
0 600
0 195
0 178
0 752
0 315
0 222
0 300
0 586
0 193
0 169
0 218
0 414
0 844
0 346
0 519
0 389
0 169
0 296
0 1524
0 169
0 407
0 372
0 1182
0 62
0 1376
0 310
0 365
0 227
0 800
0 206
0 587
0 1169
0 289
0 634
0 295
0 204
0 123
0 122
0 356
0 221
0 193
0 307
0 107
0 158
0 459
0 123
0 514
0 2447
0 161
0 325
0 98
0 526
0 405
0 48
0 168
0 808
0 139
0 94
0 640
0 258
0 571
0 163
0 433
0 916
0 439
0 403
0 112
0 221
0 204
0 111
0 182
0 281
0 337
0 382
0 975
0 357
0 262
0 369
0 365
0 717
0 304
0 190
0 210
0 793
0 171
0 109
0 349
0 143
0 251
0 236
0 787
0 950
0 138
2 4096
0 71
0 73
0 341
0 161
0 408
0 221
0 143
0 99
0 619
0 149
0 913
0 269
0 365
0 176
0 294
0 205
0 86
0 434
0 438
0 237
0 137
0 314
0 545
0 125
0 63
0 173
0 676
0 237
0 198
0 1047
0 161
0 328
0 186
1 4096
0 121
0 325
0 226
1 4096
0 98
0 132
0 235
0 489
0 181
0 305
0 86
0 477
0 646
0 217
0 104
0 177
0 185
1 4096
0 2520
0 175
0 260
0 204
0 284
0 58
0 756
0 169
0 782
0 332
0 590
0 105
0 593
0 242
0 517
0 310
0 255
0 576
0 246
0 289
0 206
0 280
0 370
0 176
0 149
0 628
0 629
0 190
0 150
0 347
0 71
0 137
0 419
0 1919
0 794
0 286
0 238
0 162
0 149
0 285
1 4096
0 225
0 255
0 432
0 150
0 149
0 656
0 498
0 692
0 65
0 131
0 257
0 164
0 346
0 208
0 239
0 1278
0 152
0 126
0 267
0 186
0 158
0 143
0 319
0 457
0 982
0 258
0 89
0 312
0 233
0 355
0 131
0 151
0 733
0 390
0 125
0 318
0 91
0 90
0 154
0 80
0 348
0 314
0 95
0 323
0 189
0 214
0 294
0 119
0 326
0 114
0 177
0 580
0 796
0 323
0 226
0 565
0 373
0 421
0 168
0 101
0 266
0 369
0 481
0 89
0 277
0 359
0 730
0 473
0 112
0 97
0 467
0 107
0 516
0 422
0 225
0 302
0 435
0 1091
0 128
0 801
0 308
0 415
0 99
0 129
0 115
0 52
0 150
0 740
0 150
0 117
0 2974
0 404
0 141
0 184
0 413
0 439
0 129
0 493
0 146
0 187
0 174
0 237
0 507
0 419
0 187
0 239
0 322
0 34
0 104
0 283
0 167
0 208
0 247
0 184
0 218
0 680
1 4096
0 100
0 205
0 475
0 57
0 301
0 124
0 509
0 430
0 175
1 4096
0 190
0 156
0 200
0 141
0 499
0 296
0 113
0 146
0 111
0 281
0 679
0 128
0 327
0 266
0 282
0 136
0 447
0 346
0 167
0 143
0 130
1 4096
0 2661
0 165
0 407
0 131
0 954
0 347
0 262
0 200
0 189
0 637
0 737
0 213
0 262
0 24
0 175
0 302
0 456
0 295
0 233
0 307
0 205
0 771
0 69
0 1119
0 182
0 281
0 1232
0 115
0 140
0 251
0 46
0 235
0 353
0 382
0 184
0 98
0 291
0 176
0 759
0 72
0 774
0 256
0 254
0 174
0 307
0 402
0 408
0 245
0 411
0 92
0 70
0 952
0 2582
0 328
0 376
0 55
0 572
0 157
0 123
0 184
0 906
0 279
0 390
0 1154
0 287
0 245
0 123
0 134
0 34
0 252
0 61
0 408
0 298
0 453
0 163
0 178
0 289
0 857
0 661
0 128
0 867
0 1274
0 140
0 425
0 827
0 749
0 486
0 165
0 276
0 420
0 121
0 648
0 117
0 137
0 318
0 1491
0 109
0 513
0 136
0 380
0 228
0 322
0 224
0 492
0 1247
0 179
0 69
0 1472
0 136
0 88
0 235
0 424
0 261
0 63
0 395
0 224
0 127
0 352
0 114
0 1067
0 114
0 59
0 204
0 433
0 387
0 224
0 165
0 259
0 643
0 61
0 640
0 170
0 305
0 86
0 478
1 4096
0 231
0 92
0 183
0 292
0 279
0 254
0 427
0 186
0 270
0 218
0 285
0 517
0 63
0 855
0 427
0 149
0 75
0 622
0 265
0 347
0 632
0 159
0 170
0 270
0 104
0 390
0 142
0 114
0 282
0 152
0 250
0 124
0 107
0 128
1 4096
0 117
0 227
0 89
0 1146
0 489
1 4096
0 269
0 240
0 204
0 69
0 320
0 94
0 631
0 165
0 196
0 3731
0 102
0 97
1 4096
1 4096
0 58
0 314
0 100
0 274
0 279
0 235
0 317
0 899
0 465
0 304
0 432
0 190
0 676
0 404
0 382
0 40
0 586
0 298
0 226
0 1104
0 164
0 203
0 193
0 237
0 65
0 239
0 586
0 520
0 531
0 1776
0 88
0 467
0 289
0 395
0 188
0 119
0 184
0 165
0 219
0 233
0 96
0 215
0 236
0 68
0 707
0 119
0 279
0 228
0 148
0 177
0 52
0 209
0 484
0 190
0 98
1 4096
1 4096
0 631
0 245
0 339
0 266
0 330
0 83
0 250
0 1635
0 261
0 345
0 149
0 131
0 152
0 160
0 343
0 326
0 2057
0 131
0 143
0 99
0 288
0 466
0 677
0 74
0 170
0 284
0 146
0 999
0 609
0 208
0 194
0 114
0 210
0 256
0 92
0 223
0 239
0 141
1 4096
0 475
0 185
0 251
0 55
0 116
0 163
1 4096
0 122
0 309
0 98
0 136
0 162
0 223
0 601
0 152
0 235
0 246
0 163
0 450
0 92
0 152
0 170
0 204
0 114
0 235
0 199
0 220
0 288
0 691
0 196
0 66
0 97
0 169
0 240
0 1332
0 238
0 596
0 356
0 168
0 3797
0 215
0 1618
0 167
0 275
0 319
0 134
0 202
0 304
0 294
0 171
0 284
0 184
0 160
0 113
0 120
0 468
0 387
0 431
0 117
0 326
0 239
0 361
0 54
0 457
0 499
0 383
0 250
0 77
0 254
0 302
0 241
0 323
0 417
0 164
0 212
0 964
0 118
0 159
0 240
0 89
0 406
0 207
0 469
0 2283
0 487
0 189
0 110
0 285
0 134
0 436
0 111
0 382
0 171
0 256
0 130
0 386
0 191
0 653
0 298
0 208
0 499
0 171
0 420
0 254
0 478
0 182
0 84
0 146
0 196
0 200
0 70
0 413
0 256
0 507
0 388
0 364
0 121
0 544
0 827
0 237
0 367
0 608
0 463
0 309
0 103
0 503
0 198
0 124
0 568
0 549
0 694
0 789
0 510
0 642
0 277
0 232
0 222
0 1160
0 163
0 293
0 212
0 107
0 53
0 555
0 244
0 49
0 121
0 1134
0 107
0 287
0 1471
0 610
0 59
0 200
0 62
0 326
0 158
0 213
0 188
0 614
0 99
0 286
0 484
0 368
0 298
0 35
0 54
0 170
0 210
0 84
0 149
0 227
0 345
0 92
0 981
0 136
0 38
0 254
2 4096
0 285
2 4096
0 139
0 122
0 216
0 664
0 185
0 342
0 141
0 206
0 218
0 807
0 881
0 511
0 92
0 83
0 156
0 260
0 146
0 57
0 311
0 128
0 131
0 147
0 2106
0 631
0 392
1 4096
0 149
0 350
0 158
0 759
0 162
0 149
0 118
0 213
0 277
0 1268
0 655
0 294
0 183
0 274
0 447
0 651
0 396
0 378
0 305
0 227
0 60
0 223
0 757
0 407
0 233
0 54
0 509
0 155
0 143
0 151
0 236
0 575
0 168
0 72
0 65
0 173
0 274
0 247
0 84
0 460
0 446
0 355
0 269
0 287
0 246
0 224
0 259
0 501
0 717
0 133
0 115
0 308
0 642
0 806
0 216
0 148
0 337
0 185
0 98
0 552
1 4096
0 239
0 106
0 69
0 513
0 513
0 90
0 90
0 289
0 806
0 240
0 312
0 695
0 223
0 42
0 543
0 205
0 373
0 374
0 123
0 103
0 429
0 255
0 347
0 84
0 121
0 187
0 288
0 161
0 395
0 59
0 194
0 160
0 249
0 159
0 387
0 779
0 114
0 138
0 280
0 145
0 608
0 148
0 2248
0 170
0 248
0 138
0 628
0 175
1 4096
0 541
0 188
0 83
0 53
0 84
0 382
0 140
0 296
0 251
0 637
0 120
0 171
0 132
0 560
0 399
0 377
0 380
0 308
0 142
0 309
0 586
0 626
0 328
0 151
0 130
0 120
0 928
0 1482
0 198
0 103
0 36
0 363
0 927
0 455
0 681
0 277
0 157
0 438
0 348
0 231
0 439
0 202
0 58
0 117
0 573
0 132
0 242
0 178
0 74
0 190
1 4096
0 396
0 3973
0 112
0 195
0 133
0 280
0 237
0 384
0 682
0 310
0 323
0 149
0 1104
0 201
0 298
0 152
0 2491
0 152
0 2531
0 185
0 512
0 163
0 533
1 4096
0 378
0 122
0 146
0 265
0 324
0 196
0 190
0 51
0 887
0 200
0 60
0 317
0 73
0 116
0 127
0 202
0 534
0 362
0 125
0 198
0 140
0 287
0 261
0 422
0 255
0 184
1 4096
0 444
0 59
0 439
0 342
0 327
0 157
0 200
0 431
0 76
0 146
0 139
0 239
0 1489
0 39
0 256
0 193
0 248
0 1079
0 112
0 113
0 226
0 87
0 163
0 38
0 55
0 142
0 214
0 99
0 151
0 75
0 95
0 171
0 116
0 178
0 72
0 191
0 1228
0 271
0 103
0 245
0 377
0 54
0 164
0 297
0 127
0 196
0 229
0 404
0 376
0 598
0 346
0 241
0 148
0 36
0 83
0 296
0 318
0 1272
0 665
0 73
0 130
0 689
0 169
0 175
0 405
0 154
0 210
0 173
0 134
0 273
0 70
0 320
0 2441
0 227
0 418
0 192
0 244
0 111
0 129
0 86
0 218
0 163
0 1293
0 129
0 161
0 573
0 86
0 637
0 170
0 366
0 562
0 165
0 131
0 71
0 464
0 175
0 337
0 388
0 280
0 519
0 509
0 1439
0 244
0 344
0 603
0 188
0 84
0 198
0 123
0 649
0 97
0 528
0 227
0 126
0 225
0 371
0 118
0 427
0 231
0 340
0 307
0 173
0 360
0 145
0 1928
0 258
0 268
0 514
0 640
0 100
1 4096
0 1769
0 227
0 726
0 2084
0 78
0 779
0 486
0 478
0 138
0 222
0 651
0 155
0 307
0 511
0 513
0 234
0 156
0 243
1 4096
1 4096
0 373
0 700
0 97
0 1129
0 767
0 383
0 177
0 769
0 264
0 515
0 369
0 113
0 34
0 190
0 97
0 185
0 422
0 52
0 158
0 243
0 94
0 936
0 152
0 109
0 345
0 313
0 216
0 245
0 432
0 125
0 272
0 104
0 573
0 170
0 85
0 221
0 619
0 820
0 184
0 653
0 393
0 370
1 4096
0 334
0 273
0 146
0 234
0 516
0 192
0 64
0 212
0 388
2 4096
0 283
0 81
0 264
0 512
0 729
0 46
0 480
0 41
0 182
0 246
0 326
0 430
0 100
0 151
0 183
0 319
0 69
0 245
1 4096
0 223
0 1151
1 4096
0 455
0 111
0 159
0 60
0 113
0 620
0 314
0 986
0 643
0 349
0 54
0 275
0 933
0 379
0 215
0 159
0 495
0 321
0 106
0 553
0 263
0 192
0 949
0 77
0 194
0 71
0 1089
0 152
0 897
0 973
0 345
0 217
0 201
0 527
0 1455
0 123
0 227
0 247
0 408
0 56
0 344
0 170
0 1807
0 181
0 365
0 137
0 253
0 170
0 418
0 243
0 220
0 81
0 312
0 252
0 573
0 144
0 643
0 350
0 298
0 107
0 404
0 228
0 174
0 272
0 582
0 70
0 265
0 428
0 542
0 220
0 95
0 372
2 4096
0 55
0 63
0 816
0 128
0 196
0 122
0 449
0 423
0 1112
0 343
0 91
0 221
0 72
0 392
0 482
0 106
0 58
0 205
0 52
0 362
0 655
0 199
1 4096
0 909
0 77
0 221
0 388
0 91
0 313
0 55
0 1144
1 4096
0 364
0 557
0 661
0 134
0 187
0 133
0 456
0 444
0 166
0 224
0 268
0 138
0 209
0 129
0 1253
0 640
0 215
0 120
0 133
0 1530
0 118
0 501
0 216
0 160
0 512
0 659
0 71
0 680
0 147
0 143
0 586
0 108
0 437
0 172
0 376
0 268
0 245
0 416
0 330
0 547
0 323
0 478
0 256
0 79
0 380
0 324
0 584
0 299
0 62
0 105
0 192
0 211
0 340
0 297
0 196
0 319
0 239
0 72
0 100
0 98
0 462
0 80
0 298
0 232
0 398
0 206
0 349
0 644
0 448
0 180
0 1444
0 411
0 370
0 195
0 216
0 390
0 398
0 321
0 297
0 161
0 137
0 48
0 748
0 342
0 173
0 56
0 138
0 1316
0 112
0 333
0 544
0 754
0 309
0 126
0 155
0 138
0 239
0 213
0 242
0 196
0 143
0 876
0 249
0 152
0 464
0 218
0 288
0 579
0 148
0 589
0 200
0 284
0 391
0 365
0 212
0 216
0 147
0 372
0 256
0 487
0 243
0 207
0 101
0 91
0 787
0 109
0 313
0 163
0 151
0 251
0 94
0 500
0 657
0 74
0 893
0 287
0 987
0 278
0 85
0 126
0 282
0 235
0 378
0 326
0 2140
0 625
0 470
1 4096
0 290
0 164
1 4096
0 1808
0 581
0 641
0 282
0 377
0 115
0 234
0 3839
0 168
0 321
0 84
0 97
0 287
0 301
0 293
0 152
0 545
0 292
0 170
0 60
0 675
0 151
0 316
0 317
0 377
0 215
0 81
0 1128
0 159
0 291
0 367
0 218
0 249
0 215
0 187
0 641
0 462
0 239
0 447
0 99
0 56
0 335
0 66
0 160
0 139
0 153
0 243
0 1060
0 157
0 119
0 237
0 95
0 90
0 213
0 93
0 217
0 187
0 954
0 233
0 581
0 629
0 3433
0 222
0 322
0 508
0 362
0 429
0 65
0 160
0 476
1 4096
1 4096
0 324
1 4096
0 726
0 224
0 294
0 135
0 262
0 202
0 352
0 88
0 348
0 231
0 3361
0 829
0 78
0 118
0 141
0 181
0 290
0 232
0 170
0 472
0 111
0 183
0 164
0 335
0 754
0 417
0 94
0 643
0 813
0 134
1 4096
0 425
0 329
0 120
0 196
0 402
0 335
0 123
0 1129
0 506
0 1499
0 179
0 48
0 129
0 46
0 268
0 145
0 274
0 164
0 136
0 83
0 169
0 220
0 231
0 137
0 83
0 157
1 4096
0 2000
0 400
0 274
0 175
0 780
0 460
0 169
0 278
0 350
0 1017
0 103
0 139
0 120
0 704
0 44
0 157
0 339
0 319
0 304
0 84
0 299
0 309
0 166
0 177
0 131
0 90
0 402
0 203
0 129
0 846
0 177
0 546
0 1224
0 692
0 175
0 205
0 317
0 152
0 503
0 524
0 268
0 167
0 135
0 154
0 243
0 653
0 142
0 333
0 58
1 4096
0 145
0 492
0 371
0 156
0 535
0 347
0 321
0 108
0 201
0 168
0 197
0 57
0 54
0 200
0 110
0 907
0 141
0 487
0 134
0 266
0 124
0 263
0 78
0 286
0 1102
0 362
0 161
0 291
0 246
0 357
0 144
0 114
0 408
0 365
0 169
0 244
0 1021
0 270
0 280
0 76
0 692
1 4096
0 372
0 180
0 199
0 631
0 288
0 258
0 79
0 251
0 445
0 484
0 302
0 180
0 154
0 460
0 142
0 343
0 1041
0 627
0 286
0 310
0 179
0 57
0 254
0 135
0 637
0 310
0 394
0 170
0 199
0 45
0 168
0 385
0 164
0 223
0 241
0 438
0 210
0 448
0 123
0 366
0 106
0 257
0 171
0 183
0 170
0 139
0 851
0 164
0 211
0 399
0 338
0 498
0 173
0 89
0 137
0 634
0 82
1 4096
0 902
0 302
0 69
0 363
0 400
0 123
0 85
0 205
0 232
0 158
0 199
0 806
0 275
0 176
0 1760
0 36
0 485
0 127
0 148
0 238
0 148
0 409
0 310
0 287
0 392
0 178
0 104
0 503
0 266
0 79
1 4096
0 112
0 266
1 4096
0 709
0 790
0 302
0 65
0 199
0 370
0 707
0 1665
0 682
0 695
0 122
0 126
0 232
0 297
0 116
0 616
0 99
0 146
0 352
0 89
0 535
0 172
0 355
0 702
0 260
0 277
0 163
0 248
0 632
0 282
0 80
0 274
0 77
0 644
0 476
0 170
0 342
0 427
0 137
0 751
0 251
0 233
0 87
0 427
0 393
0 375
0 605
0 202
0 247
0 207
0 224
0 89
0 341
0 312
0 141
0 256
0 187
0 263
0 993
0 229
0 428
0 227
0 490
0 308
0 149
0 177
0 196
0 233
0 145
0 243
0 241
0 408
0 764
0 40
1 4096
0 178
0 309
0 137
0 85
0 277
0 496
0 256
0 494
0 225
0 58
0 191
0 111
0 308
0 149
0 221
0 543
0 1261
0 1123
0 113
0 206
0 747
0 441
0 276
0 218
0 535
0 260
0 511
1 4096
0 257
0 378
0 228
0 113
0 401
0 548
0 494
0 1032
0 1256
0 561
0 753
0 676
0 918
0 418
0 142
0 121
0 366
0 1017
0 185
0 188
0 323
0 302
0 234
0 590
0 241
0 238
0 92
0 330
0 131
0 57
0 155
0 701
0 177
0 274
0 119
0 67
0 1592
0 40
0 353
0 77
0 133
0 97
0 68
0 461
0 153
0 878
0 282
0 375
0 270
0 195
0 160
0 818
0 599
0 504
0 371
0 149
0 440
0 198
1 4096
0 105
0 614
0 280
0 62
0 158
0 594
0 234
0 107
0 184
0 58
0 548
0 215
0 812
0 760
0 79
0 248
0 443
0 632
0 490
0 160
0 709
0 364
0 497
0 206
0 116
0 310
0 407
0 1081
0 276
0 516
0 243
0 246
0 76
0 150
0 522
1 4096
0 470
0 283
0 525
0 421
0 323
0 502
0 773
0 217
0 131
0 389
0 69
0 311
0 302
0 297
0 991
0 617
0 110
0 87
0 223
0 103
0 126
0 423
0 111
0 51
0 886
0 182
0 189
0 103
0 92
0 290
0 299
0 99
0 262
0 167
0 189
0 531
0 218
0 1489
0 326
0 73
0 206
0 192
0 397
0 73
0 95
0 526
0 205
0 319
0 86
0 116
0 150
0 403
0 142
0 176
0 194
0 262
0 183
0 61
0 709
0 341
0 95
0 738
0 159
0 425
0 519
0 310
0 1027
0 340
0 529
0 219
0 363
0 201
0 211
0 225
0 462
0 117
0 379
0 200
0 427
0 299
0 211
0 232
0 56
0 345
0 791
0 165
0 389
0 272
0 363
0 49
0 777
0 246
0 99
0 771
0 93
0 714
0 69
0 303
0 338
0 166
0 509
0 144
0 280
0 43
0 85
0 204
0 118
0 125
0 233
0 281
0 183
0 264
1 4096
0 210
0 242
0 63
0 156
0 1066
0 178
0 232
0 388
0 306
0 50
0 167
0 441
0 146
0 512
0 217
0 268
2 4096
0 336
0 181
0 172
0 54
0 609
0 255
0 221
0 284
0 213
0 689
0 78
0 296
0 1097
0 471
0 192
0 427
0 1073
0 226
0 276
0 804
0 416
0 253
0 179
0 164
0 818
0 324
0 1022
0 110
0 349
0 67
0 361
0 188
0 376
0 232
0 337
0 189
0 620
1 4096
0 264
0 106
0 101
0 160
0 577
0 206
0 276
0 118
0 191
0 675
0 134
0 241
0 301
0 336
0 217
0 286
0 319
0 256
0 243
0 426
0 114
0 738
0 313
0 112
0 191
0 870
0 381
0 115
0 558
0 458
0 329
0 302
0 26
0 234
0 956
0 207
0 378
0 475
0 355
0 438
0 200
0 1312
0 165
0 59
0 170
0 151
0 89
0 310
0 1055
0 194
0 187
0 169
0 590
0 595
0 341
0 559
0 272
0 300
0 1374
0 209
0 350
0 349
1 4096
0 47
0 423
0 255
0 206
0 85
0 514
0 1340
0 76
0 166
0 177
0 492
0 636
0 116
0 349
0 81
0 314
0 207
0 91
0 70
0 371
0 801
0 387
0 134
0 146
0 419
0 407
0 918
0 325
0 327
0 1497
0 255
0 463
0 95
0 572
0 271
0 370
0 323
0 1098
0 327
0 95
0 312
0 87
0 467
0 396
0 220
0 118
0 134
0 290
0 423
0 331
0 167
0 185
0 171
0 401
0 92
0 247
0 238
0 302
0 137
0 131
0 286
0 128
0 473
0 2195
0 208
0 178
0 624
0 238
0 679
0 532
0 121
0 608
0 134
0 452
0 291
0 195
0 209
0 616
0 141
0 124
0 386
0 808
0 163
0 238
1 4096
0 1118
0 100
0 230
0 232
0 257
0 53
0 192
0 81
0 475
0 78
0 81
0 383
0 839
0 348
0 77
0 83
0 244
0 294
0 184
0 251
0 236
0 499
0 401
0 157
2 4096
0 278
0 181
0 86
0 348
0 859
0 297
0 1440
0 260
0 1033
0 125
0 483
0 365
0 612
0 323
0 162
0 48
0 776
0 454
0 101
0 433
0 243
0 217
0 390
0 1402
0 113
0 907
0 102
0 1069
0 523
0 423
0 376
0 68
0 1067
0 216
0 172
0 267
0 82
0 418
0 71
0 504
0 356
0 197
0 77
0 228
0 108
0 136
0 139
0 142
0 408
1 4096
0 143
0 258
0 123
0 163
0 198
0 117
0 186
0 352
0 99
0 112
0 190
0 64
0 105
0 297
0 379
0 156
0 751
0 468
0 187
1 4096
0 447
0 227
0 152
0 168
0 50
0 127
0 87
0 118
0 52
0 1362
0 245
0 82
0 142
0 199
0 339
0 786
0 194
0 701
0 317
0 282
0 70
0 449
0 141
0 90
0 133
0 193
0 241
4 4096
0 244
0 456
0 345
0 104
0 134
0 479
0 370
0 310
0 457
0 394
0 117
0 130
0 290
0 258
0 653
0 245
0 346
0 113
0 174
0 152
0 128
1 4096
0 505
0 146
0 560
0 703
0 182
0 398
0 41
0 531
0 90
0 589
0 73
1 4096
0 343
0 116
0 178
0 270
0 694
0 295
0 71
0 358
0 200
0 151
0 60
0 487
0 323
0 323
0 810
0 579
0 87
0 581
0 615
0 194
0 462
0 145
0 267
0 214
0 508
0 105
0 262
0 117
0 87
0 589
0 69
0 364
0 976
0 775
0 128
0 130
0 642
0 54
0 499
0 177
0 766
0 147
0 128
0 426
0 383
0 35
0 90
0 124
0 315
0 414
0 422
0 325
0 427
0 1525
0 74
0 572
0 109
0 209
0 522
0 169
0 151
0 374
0 349
0 216
0 94
0 185
0 351
0 118
0 270
0 246
0 217
0 106
0 520
0 148
0 263
0 314
0 139
0 445
0 437
0 200
0 339
0 51
0 648
0 302
0 331
1 4096
0 57
0 130
0 66
0 120
0 102
0 233
0 573
1 4096
0 456
0 97
0 184
0 334
0 185
0 301
0 862
0 277
0 505
0 386
0 120
0 766
0 339
0 92
0 102
0 126
0 121
0 566
0 460
0 128
0 691
0 105
0 257
0 340
0 2279
0 129
0 263
0 122
0 851
0 166
0 164
0 235
0 88
0 345
0 354
0 324
0 52
0 207
0 133
0 798
0 247
0 240
0 440
0 227
0 145
0 171
0 323
0 306
0 413
0 115
0 119
0 491
0 425
0 193
0 188
0 69
0 685
0 741
0 79
0 267
0 335
0 265
0 142
0 491
0 173
0 109
0 406
0 209
0 59
0 180
0 222
0 103
0 264
0 159
0 130
0 342
0 136
0 163
0 445
0 442
0 1079
0 116
0 443
0 103
0 121
0 101
0 554
0 260
0 57
0 237
0 134
0 140
0 523
0 184
0 62
0 373
0 60
0 309
0 116
0 195
0 453
0 320
0 142
0 221
0 149
0 223
0 347
0 223
0 530
0 95
0 485
1 4096
0 235
0 484
0 459
0 116
0 2367
0 114
0 178
0 114
0 201
0 538
0 57
0 234
0 169
0 462
0 92
0 543
0 32
0 1422
0 414
0 381
0 153
0 206
0 157
0 207
0 303
0 321
0 114
0 341
0 118
0 329
0 80
0 194
0 153
0 174
0 866
0 171
0 191
0 351
0 217
0 363
0 188
0 336
0 164
0 334
0 257
0 76
0 159
0 66
0 116
0 104
0 287
0 233
0 178
0 159
0 85
0 281
0 373
0 385
0 235
0 453
0 443
0 183
0 198
0 309
0 171
0 131
0 365
0 95
0 114
0 350
0 598
0 376
0 182
0 127
0 110
0 272
0 68
0 85
0 517
0 339
0 272
0 494
0 135
0 140
0 243
0 168
0 277
0 327
0 114
0 790
0 119
0 193
0 343
0 260
0 881
0 270
0 343
0 170
0 114
0 283
0 149
0 461
0 318
0 257
0 109
0 554
0 412
0 291
0 152
0 292
0 142
0 212
0 272
0 472
0 345
0 173
0 254
0 488
0 81
0 168
0 566
0 1213
1 4096
0 158
0 286
0 176
0 162
0 631
0 233
0 262
0 662
0 344
0 160
0 460
0 560
0 111
0 466
0 845
0 222
0 267
0 191
0 384
0 296
0 283
0 198
0 676
0 259
0 331
0 99
0 160
0 260
0 344
0 245
0 406
0 109
0 141
0 515
0 349
0 854
0 187
0 277
0 276
0 217
0 1027
0 100
0 246
1 4096
0 114
0 354
0 333
0 197
0 150
0 304
0 505
0 158
0 137
0 544
0 253
0 135
0 228
0 199
0 253
0 289
0 71
0 409
0 227
0 44
0 543
0 730
0 310
0 351
0 149
0 330
0 463
1 4096
0 75
0 617
0 173
0 214
0 313
0 163
0 264
0 139
0 354
0 291
0 232
0 427
0 302
0 163
0 884
0 144
0 123
0 411
0 92
0 204
0 270
0 948
0 158
0 77
0 226
0 333
0 401
0 254
0 121
0 433
0 109
0 120
0 407
0 1403
0 54
0 160
0 456
0 207
0 336
0 211
0 168
0 170
0 305
0 171
0 151
0 329
0 240
0 139
0 118
0 50
0 508
0 110
0 92
0 273
0 1233
0 121
0 395
1 4096
0 141
0 430
0 188
0 193
0 811
0 263
0 218
0 472
0 271
0 148
0 356
0 162
0 116
0 310
0 276
0 238
0 226
0 715
0 569
0 71
0 574
0 122
0 690
0 143
1 4096
0 79
2 4096
0 163
0 387
0 779
1 4096
0 338
0 327
0 181
0 108
0 319
0 670
0 455
0 297
0 126
0 154
0 211
0 111
0 202
0 148
0 253
0 58
0 95
0 258
0 584
0 288
0 334
0 411
0 364
0 504
0 222
0 163
0 361
0 149
0 117
0 298
0 158
0 289
0 229
0 72
0 230
0 205
0 831
0 609
0 344
0 105
0 350
0 233
0 229
0 337
0 587
0 163
0 409
0 259
0 325
0 152
0 186
0 384
0 208
0 552
0 297
0 272
0 474
0 849
0 59
0 106
0 116
0 230
0 797
0 132
0 215
0 262
0 329
0 367
0 173
0 56
0 94
0 152
0 837
0 2811
0 427
0 55
0 493
0 141
0 743
0 294
0 294
0 436
0 228
0 492
0 525
0 209
0 231
0 289
0 372
1 4096
0 88
0 654
1 4096
0 554
0 155
0 252
0 232
1 4096
0 72
0 642
0 125
0 264
0 234
0 2238
0 143
0 72
0 284
0 137
0 131
0 197
0 185
0 300
0 103
0 176
0 167
0 273
0 211
0 66
0 458
0 129
0 166
0 131
0 110
0 72
0 181
0 356
0 588
0 345
0 142
0 215
0 160
0 363
0 561
0 157
0 215
0 152
0 493
0 593
0 304
1 4096
0 218
0 276
0 530
0 218
0 224
0 258
0 805
0 195
0 799
0 131
0 119
0 138
0 288
1 4096
0 127
0 198
0 109
0 202
0 486
0 400
0 370
0 88
0 175
0 448
0 1362
0 130
0 349
0 240
0 1133
0 248
0 274
0 240
0 106
0 237
0 417
0 676
0 2704
0 2523
0 120
0 120
0 2543
0 287
0 350
0 83
0 452
0 138
0 1189
0 520
0 312
0 499
0 60
0 371
0 105
0 69
0 293
0 207
0 113
0 359
0 258
0 634
0 290
0 452
0 151
0 480
0 304
0 445
0 258
0 61
0 2780
0 253
0 1425
0 210
0 218
0 239
0 353
0 189
0 224
0 54
0 284
0 309
0 552
0 565
0 186
0 117
0 379
0 339
0 111
0 424
0 113
0 144
0 481
0 107
0 362
0 203
0 238
0 405
1 4096
0 236
0 80
0 342
0 231
0 419
0 152
0 185
0 604
0 339
0 156
1 4096
0 266
0 639
1 4096
0 408
0 661
0 360
0 326
0 92
0 136
0 824
1 4096
0 202
0 64
0 200
0 447
0 345
0 240
0 88
0 625
0 169
0 412
0 339
0 144
0 590
0 126
0 296
0 84
0 607
0 130
0 93
0 239
0 96
0 82
0 391
0 111
0 284
0 714
0 209
0 70
0 1196
0 410
0 83
0 709
1 4096
0 315
0 941
0 118
0 325
0 108
0 138
0 119
0 210
0 206
0 281
0 383
0 236
0 1398
0 375
0 580
0 127
0 151
0 897
0 311
0 133
0 276
0 175
0 155
0 151
0 120
0 118
0 1863
0 412
0 158
1 4096
0 159
0 399
0 90
0 625
0 222
0 167
0 314
0 406
1 4096
0 397
0 103
0 85
0 362
0 165
0 308
0 389
0 284
0 170
0 279
0 568
0 208
0 320
0 383
0 670
0 167
0 173
0 261
0 875
0 294
0 214
0 592
0 153
0 3316
0 240
0 455
0 88
0 132
0 258
0 341
0 168
0 363
0 399
0 428
0 228
0 373
0 200
0 160
0 208
0 110
0 499
0 1299
0 127
0 629
0 150
0 813
0 265
0 197
0 298
0 591
0 273
0 155
0 495
0 420
0 216
0 190
0 130
0 252
0 620
0 510
0 203
0 272
0 909
0 189
0 28
0 210
0 359
0 365
0 134
0 420
0 489
0 72
0 332
0 527
1 4096
0 475
0 70
0 452
0 157
0 201
0 655
0 453
0 478
0 486
1 4096
0 959
0 61
0 96
0 618
0 52
0 171
0 698
0 1112
0 342
0 338
0 35
0 154
0 178
0 369
0 361
0 62
0 285
0 394
0 346
0 523
0 220
0 257
0 168
0 384
0 193
0 312
0 459
0 85
0 301
0 291
0 385
0 53
0 105
0 146
0 683
0 256
0 1003
0 63
0 146
0 142
0 205
0 405
0 446
0 339
0 73
0 119
0 285
0 314
0 135
0 78
0 425
0 908
0 292
0 197
0 199
0 323
0 3148
0 240
0 958
0 46
0 177
0 161
0 432
0 121
0 98
0 130
0 225
0 126
0 89
0 132
0 250
1 4096
0 285
0 323
0 291
0 242
0 190
0 255
0 425
0 653
0 143
0 672
0 119
0 214
0 194
0 421
0 56
0 214
0 203
0 750
0 1947
0 171
0 128
0 510
0 230
0 188
0 203
0 134
0 73
0 256
0 123
0 1842
0 194
0 616
0 559
0 674
0 910
0 321
0 271
0 315
0 503
0 124
0 441
0 398
0 66
0 357
0 63
0 1072
0 269
0 148
0 74
0 821
0 247
0 310
0 111
0 545
0 437
0 131
0 346
0 115
0 202
0 86
0 412
0 183
0 137
0 29
0 428
0 234
0 390
0 291
0 295
0 493
0 202
0 154
0 394
0 208
0 192
0 173
0 166
0 98
0 659
0 334
0 210
0 478
0 499
0 49
0 357
0 316
0 285
0 131
0 319
0 299
0 259
0 138
0 276
0 160
0 326
0 100
0 417
0 236
0 204
0 291
0 126
0 773
0 110
0 59
0 153
0 64
0 277
0 514
0 167
0 274
0 668
0 193
0 438
0 320
0 64
0 61
0 272
0 184
0 394
0 254
0 111
0 170
0 140
0 811
0 338
0 913
0 790
0 217
0 70
0 175
0 179
0 175
0 187
0 199
0 1085
0 698
0 350
0 238
0 341
1 4096
0 174
0 417
0 113
0 59
0 1127
0 135
0 361
0 393
0 1087
0 363
0 198
0 1184
0 277
0 175
0 909
0 229
0 224
0 108
0 105
0 233
0 81
1 4096
0 735
0 253
0 362
0 318
0 641
0 178
0 280
0 247
0 196
0 199
0 545
0 181
0 327
0 698
0 401
0 105
0 181
0 215
0 127
0 430
0 359
0 256
0 683
0 262
0 55
0 109
0 233
0 199
0 177
0 366
0 43
0 199
0 161
0 256
0 229
0 140
0 341
0 186
0 241
0 27
0 124
0 400
0 97
0 584
0 178
0 101
0 202
0 349
0 195
0 293
0 279
0 230
0 584
0 355
0 398
0 481
0 320
0 376
0 58
0 311
0 442
0 459
0 441
0 127
0 237
0 299
0 251
0 448
0 116
0 215
0 122
0 428
0 221
0 132
0 356
0 320
0 73
0 114
0 1210
0 186
0 330
0 171
0 156
0 160
0 178
0 1084
0 489
0 153
0 495
0 157
0 720
0 95
0 47
0 93
0 132
1 4096
0 556
0 112
0 1240
0 979
0 199
0 227
1 4096
0 393
0 456
0 64
0 202
0 271
0 400
0 190
0 338
0 188
0 193
0 137
0 680
0 378
0 38
0 424
0 256
0 111
0 158
0 894
0 220
0 549
0 200
0 742
0 797
0 177
0 778
0 458
0 193
0 735
0 88
0 234
0 114
0 413
0 290
0 62
0 237
0 230
0 125
0 251
0 575
0 284
0 371
0 119
0 69
0 238
0 69
0 400
0 981
0 241
0 48
0 243
0 128
0 593
0 239
0 238
1 4096
0 299
0 105
0 446
0 214
0 3349
0 178
0 244
0 179
0 592
0 105
0 102
0 191
0 111
0 239
0 221
0 355
0 422
0 207
0 102
0 547
0 447
0 477
0 737
0 950
0 331
0 103
0 379
0 63
0 191
0 126
0 142
0 174
0 186
1 4096
0 476
0 194
0 766
0 26
0 310
0 167
0 675
0 912
0 207
0 533
0 164
0 642
0 59
0 141
0 495
0 176
0 490
0 111
0 315
0 2082
0 390
0 1013
0 262
0 241
0 448
0 327
0 356
0 118
0 97
0 452
0 373
0 340
0 523
0 423
0 273
0 712
1 4096
0 103
0 201
0 355
0 265
2 4096
0 394
0 323
0 231
0 130
0 515
0 49
0 340
0 205
0 183
0 1015
0 226
0 57
0 364
0 1216
0 213
0 1117
0 301
0 177
0 155
0 376
0 979
0 336
0 206
0 129
0 169
0 423
0 417
0 301
0 122
0 851
0 79
0 174
0 565
0 883
0 138
0 300
0 233
0 1025
1 4096
0 82
0 477
0 117
0 265
0 227
0 154
0 578
0 249
0 468
0 243
0 252
0 245
0 307
0 159
0 418
0 164
0 66
0 222
0 173
0 109
0 166
0 555
0 2325
0 201
0 561
0 337
1 4096
0 90
0 559
0 816
0 166
0 120
0 362
0 114
0 265
0 52
0 199
0 121
0 617
0 101
0 350
0 141
0 118
0 821
0 630
0 372
0 672
0 539
0 333
0 160
0 124
0 188
0 524
0 331
0 25
0 813
0 307
0 183
0 335
0 220
0 403
0 167
0 1216
0 318
0 178
0 114
0 603
0 56
0 367
0 326
0 364
1 4096
0 313
0 729
0 87
0 210
0 268
0 72
0 233
0 449
0 270
0 85
0 237
0 728
0 86
0 846
0 2768
0 329
0 272
0 712
0 163
0 396
1 4096
0 527
0 781
0 180
0 719
0 283
0 351
0 204
0 827
0 315
0 327
0 325
2 4096
0 415
0 349
0 276
0 548
0 326
0 205
0 214
0 1030
0 630
0 272
0 548
0 388
0 431
0 2125
0 481
0 102
0 448
0 174
0 252
0 46
0 1212
0 159
0 223
0 257
0 831
0 77
0 129
0 173
0 193
0 80
0 121
0 390
0 87
0 303
0 154
0 500
0 315
0 145
0 262
0 307
1 4096
0 432
0 356
1 4096
0 56
0 159
0 208
0 856
0 445
0 184
0 271
0 447
0 114
0 124
0 443
0 345
0 46
0 161
0 2386
0 102
0 96
0 424
0 273
0 987
0 197
0 73
0 334
0 464
0 624
0 288
0 56
0 196
0 386
0 243
0 151
0 229
0 397
0 593
0 240
1 4096
0 85
0 273
0 460
0 178
0 159
0 344
0 66
0 80
0 64
0 37
0 141
0 161
0 324
0 142
0 75
0 220
0 307
0 477
0 226
0 644
0 249
0 249
0 558
0 388
0 257
0 90
0 316
0 299
0 443
0 174
0 198
0 838
0 55
0 186
0 127
0 262
0 145
0 209
0 56
0 388
0 337
0 316
0 166
0 186
0 645
0 243
0 67
0 256
0 786
0 254
0 402
0 358
0 489
0 405
0 174
0 541
0 505
0 103
0 141
0 406
0 173
0 219
0 405
0 92
0 761
0 216
0 861
0 231
0 31
0 276
0 367
0 67
0 370
0 85
0 1200
0 186
0 332
0 77
0 333
0 190
0 652
2 4096
0 365
0 644
0 126
0 270
0 378
0 295
0 190
0 755
0 292
0 43
0 204
0 310
0 148
0 326
0 734
0 52
0 365
1 4096
0 107
0 551
0 418
0 63
0 63
0 247
0 471
0 253
0 49
0 108
0 277
0 292
0 202
0 627
0 816
0 368
0 98
0 647
0 289
0 525
0 86
0 259
0 82
0 488
0 1251
0 427
0 473
0 947
0 311
1 4096
0 195
0 123
0 86
0 155
0 147
0 243
0 72
0 113
0 631
0 476
0 209
0 297
0 246
0 419
0 402
0 786
0 433
0 188
0 182
0 135
0 744
0 454
0 135
0 1218
0 330
0 102
0 288
0 689
0 248
0 170
0 193
0 186
0 160
0 139
0 85
0 119
0 183
0 123
0 255
0 138
0 208
0 847
0 443
0 547
0 198
0 683
0 915
0 193
0 745
0 316
0 335
0 130
0 421
0 224
0 109
0 620
0 250
0 307
0 206
0 391
0 113
0 490
0 101
0 598
0 350
0 271
0 123
0 525
0 1977
0 177
0 255
0 317
0 373
0 741
0 402
0 618
0 128
0 356
0 125
0 321
0 221
0 238
0 319
0 47
0 1094
0 156
0 373
0 245
0 436
0 686
0 202
0 583
0 438
0 292
0 444
0 39
0 308
0 133
0 592
0 116
0 307
0 70
0 520
0 246
0 2492
0 975
0 127
0 361
0 346
0 98
0 832
0 405
0 203
0 161
0 332
0 104
0 354
0 119
0 303
0 382
0 305
0 1220
0 244
0 226
0 846
0 250
0 261
0 611
0 447
0 169
0 377
0 92
0 48
0 273
0 338
0 495
0 263
0 916
0 1393
0 55
0 124
0 122
0 189
0 415
0 163
0 743
0 66
0 146
0 406
0 465
0 140
0 419
0 239
0 122
0 105
0 83
0 157
0 113
0 187
0 225
0 192
0 670
0 352
0 326
0 298
0 204
0 129
0 154
0 343
0 273
0 511
0 172
0 1635
0 333
0 183
0 303
0 178
0 467
0 1570
0 155
0 109
0 246
0 258
0 37
0 130
0 1088
0 242
0 168
0 631
0 252
0 159
0 101
0 50
0 129
0 226
0 317
0 156
0 126
0 140
0 123
0 183
0 453
0 322
0 528
0 574
0 540
0 182
0 422
0 161
0 389
0 289
0 228
0 302
0 83
0 886
0 404
0 391
0 438
0 273
0 286
0 373
0 177
0 279
0 296
0 212
0 743
0 297
0 536
0 366
0 193
0 168
0 346
0 258
0 231
0 266
0 300
0 782
0 395
0 296
0 166
0 76
0 150
0 131
0 346
0 298
0 1578
0 643
0 177
0 119
0 452
0 98
0 150
0 549
0 1093
0 92
1 4096
0 1173
0 203
0 485
0 568
0 651
0 90
0 158
0 509
0 221
0 739
0 543
0 630
0 272
0 181
0 373
0 293
0 485
0 38
0 737
0 265
0 119
0 173
0 437
0 115
0 92
0 158
0 297
0 95
0 592
0 261
0 145
0 258
0 482
0 258
0 338
0 364
0 294
0 430
0 125
0 80
0 100
0 276
0 196
0 407
0 485
0 2078
0 230
0 2125
0 576
0 43
0 395
0 414
0 748
0 248
0 195
0 1031
0 611
0 257
0 104
0 223
0 243
0 169
0 141
0 91
0 324
0 128
0 82
0 201
0 150
0 186
0 290
0 62
0 1123
0 195
0 2160
0 70
0 257
0 109
0 1318
0 254
0 751
0 236
0 88
1 4096
0 149
0 140
0 215
0 448
0 641
0 232
0 281
0 208
0 249
0 102
0 129
0 581
0 406
0 255
0 755
0 110
0 226
0 632
0 183
0 314
0 362
0 246
0 406
0 68
0 83
0 227
0 127
0 750
0 325
0 299
0 743
0 1166
0 128
1 4096
0 298
0 543
0 546
0 469
0 290
0 173
0 329
1 4096
0 228
0 428
0 414
0 519
0 94
0 564
0 113
0 134
0 192
0 731
0 563
0 360
0 69
0 630
0 858
0 504
0 181
0 273
0 241
0 564
0 297
0 322
0 461
0 38
0 96
0 291
0 132
0 422
0 322
0 239
0 158
0 1181
0 241
0 146
0 173
0 490
0 287
0 297
0 235
0 183
0 110
0 954
0 271
0 327
0 601
0 304
0 325
0 353
0 954
0 541
0 197
0 375
0 178
0 420
0 317
0 304
0 248
0 285
0 177
0 133
0 386
0 217
0 1201
0 763
0 162
0 622
0 145
0 95
0 446
0 318
0 138
0 193
0 160
0 367
0 477
0 173
0 2002
0 706
0 127
0 296
0 745
0 124
0 222
0 283
1 4096
0 203
1 4096
0 165
0 873
0 112
0 75
0 180
0 237
0 571
0 991
0 288
0 620
0 955
0 178
0 119
0 501
0 103
0 107
0 88
0 64
0 135
0 131
0 450
0 430
0 121
0 143
0 240
0 196
0 282
0 1113
0 540
0 279
0 247
0 175
0 891
0 147
0 661
0 262
0 244
0 877
0 58
0 78
0 418
0 370
0 120
0 1435
0 270
0 184
0 111
0 152
0 113
0 135
0 217
0 44
0 3760
0 226
0 85
0 667
0 95
0 755
0 885
0 363
0 359
0 201
0 384
0 462
0 292
0 397
0 389
0 225
0 164
0 916
0 215
0 326
0 110
0 121
0 153
0 199
0 236
0 213
0 335
0 112
0 514
0 67
0 74
0 429
0 709
0 579
0 166
0 330
0 121
0 670
0 351
0 486
0 78
0 1355
0 182
0 545
0 326
0 398
0 1308
0 170
0 269
0 34
0 172
0 213
0 145
0 127
0 2466
0 191
0 153
0 1744
0 31
0 277
0 250
0 180
1 4096
0 328
0 80
0 288
0 203
0 1324
0 228
0 618
0 404
0 503
0 715
0 193
0 1288
0 260
0 414
0 171
0 111
0 105
0 348
0 181
0 244
0 185
0 59
0 54
0 88
0 269
0 329
0 196
0 326
0 252
0 823
0 296
0 692
0 226
0 135
0 118
0 90
0 336
0 451
0 779
0 466
0 138
0 233
0 276
0 300
0 243
0 220
0 96
0 125
0 143
0 728
0 224
0 1299
0 194
0 386
0 597
0 141
1 4096
0 359
0 147
0 224
0 148
0 267
0 326
0 287
0 98
0 37
0 737
0 498
0 243
0 929
0 143
0 650
0 277
0 166
0 167
0 145
0 135
0 440
0 67
0 186
0 535
0 570
0 102
0 440
0 82
0 214
0 169
0 227
0 194
0 197
0 1482
0 212
0 258
0 107
0 152
0 210
0 290
0 104
0 169
0 712
0 334
0 221
0 132
0 232
0 288
0 1274
0 470
0 383
0 694
0 127
0 168
1 4096
0 414
0 325
0 357
0 438
0 564
1 4096
0 277
0 162
0 187
0 631
0 1113
0 301
0 496
0 198
0 191
0 212
0 76
0 167
0 669
0 1511
0 516
0 79
0 373
0 394
0 305
0 138
0 295
0 150
0 381
0 147
0 197
0 164
0 298
0 663
0 347
0 388
0 306
0 328
0 242
0 599
0 173
0 32
0 167
0 263
0 296
0 256
0 258
0 362
0 210
0 306
0 391
0 423
1 4096
0 65
0 1191
0 1944
0 520
0 710
0 175
0 784
0 104
0 430
0 918
0 112
0 74
0 180
0 233
0 1197
0 217
0 152
0 249
0 371
0 307
0 154
0 429
0 194
0 125
0 269
0 371
0 315
0 105
0 148
0 491
0 181
0 554
0 139
0 251
1 4096
0 239
0 125
0 166
0 196
0 279
0 361
0 341
0 517
0 328
0 400
0 298
0 299
0 299
0 271
0 1156
0 235
0 393
0 130
0 1612
0 181
0 221
0 365
0 178
0 260
0 717
0 126
0 66
0 603
0 93
0 68
0 323
0 126
0 223
0 183
0 272
0 176
0 198
0 231
0 619
0 159
0 1260
0 184
0 201
0 145
0 153
0 64
0 713
0 306
0 485
0 168
0 243
0 422
0 173
0 104
0 282
0 398
0 1952
0 669
0 410
0 620
0 394
0 180
0 72
0 213
0 58
0 85
0 385
0 669
0 147
0 99
0 666
0 366
0 470
0 107
0 154
0 73
0 79
0 156
0 142
0 104
0 65
0 163
0 697
0 534
0 355
0 299
0 958
0 173
0 374
0 261
0 163
0 670
0 374
0 540
0 336
0 168
0 92
0 251
0 468
0 146
0 1300
0 187
0 736
0 349
0 143
0 402
0 242
0 91
0 202
1 4096
0 417
0 161
0 1055
0 223
1 4096
0 106
0 200
0 423
0 101
0 642
0 169
0 221
0 142
0 273
0 588
0 441
0 139
0 283
0 396
1 4096
0 118
0 224
0 108
0 217
0 185
0 115
0 842
0 147
0 148
0 159
0 234
0 374
0 237
0 238
0 155
0 242
0 787
0 216
0 948
0 185
0 510
0 475
0 149
0 109
0 126
0 209
0 322
0 261
0 1427
0 610
1 4096
0 273
0 144
0 180
0 135
0 196
0 167
0 574
0 1265
0 536
0 328
0 156
0 78
0 574
0 631
0 917
0 156
0 219
0 417
0 90
0 630
0 128
0 515
0 708
0 297
0 856
0 762
0 285
0 304
0 199
0 221
0 693
0 212
0 350
0 125
0 914
0 194
0 245
0 159
0 232
0 176
0 185
0 209
0 440
0 156
0 99
0 350
0 426
0 208
0 220
0 100
0 134
0 223
0 110
0 389
0 290
0 151
0 93
0 504
0 204
0 177
0 212
0 140
0 306
0 308
0 357
0 591
0 186
0 204
0 128
0 154
0 411
0 159
0 278
0 302
0 140
0 45
0 1029
0 296
0 300
0 222
0 343
0 65
0 169
0 153
0 173
0 293
0 165
0 329
0 260
0 291
0 464
0 618
0 374
0 86
0 173
0 72
0 130
0 571
0 268
0 82
0 147
0 522
0 316
0 2027
0 162
0 255
0 236
0 159
0 332
0 594
0 237
0 134
0 157
0 59
0 150
0 504
0 282
0 327
0 111
0 426
0 333
0 556
0 320
0 985
0 127
0 117
0 666
0 82
0 226
0 1399
0 291
0 108
0 108
0 128
0 189
0 178
0 123
0 408
0 69
0 731
0 927
0 477
0 187
0 468
0 177
0 192
0 647
0 685
0 168
0 141
0 290
0 214
0 76
0 270
0 330
0 392
0 125
0 158
0 256
0 353
0 323
0 111
0 613
0 254
0 207
0 350
0 180
0 116
0 301
0 315
0 76
0 157
0 617
0 916
0 495
0 83
0 101
0 801
0 330
0 186
0 293
0 344
0 365
0 175
0 992
0 891
0 223
0 477
0 221
0 105
0 150
0 124
0 305
1 4096
0 701
0 500
0 336
0 511
0 396
0 1680
0 328
0 656
0 260
0 461
0 211
0 1067
0 142
0 361
0 233
0 255
0 229
0 129
0 1185
0 366
0 346
0 364
0 44
0 263
0 219
0 100
0 264
0 170
0 474
0 690
0 659
0 103
0 299
0 323
0 209
1 4096
0 493
0 244
0 325
0 59
0 534
0 343
0 47
0 394
0 222
0 238
0 829
0 393
0 157
0 35
0 529
0 218
0 164
0 201
0 212
0 185
0 83
0 327
0 583
0 418
0 188
0 52
0 113
0 2057
0 207
0 775
0 224
0 341
0 80
0 127
0 725
0 29
0 73
0 144
0 195
0 459
0 501
0 114
0 210
0 331
0 367
2 4096
0 238
0 151
0 162
0 271
0 152
0 278
0 204
0 150
0 105
0 171
0 115
1 4096
0 145
2 4096
0 293
0 255
0 269
0 213
0 56
0 135
0 287
0 104
0 643
0 309
0 220
0 569
0 66
0 175
0 51
0 123
0 333
0 272
0 101
0 522
0 83
0 144
0 839
0 852
0 198
0 114
0 487
0 135
0 368
0 684
0 84
0 548
0 81
0 132
0 140
0 248
0 441
0 324
0 231
0 94
0 110
0 534
0 451
0 278
0 793
0 106
0 370
0 66
0 682
0 191
0 73
0 213
0 162
0 267
0 173
0 53
0 97
0 343
0 227
0 551
0 86
0 214
0 87
0 188
0 422
0 728
1 4096
0 123
0 193
0 299
0 329
0 447
0 781
0 61
0 163
0 110
0 305
0 255
0 267
0 283
0 233
0 185
0 107
0 117
0 144
0 77
0 412
0 731
0 141
0 93
0 246
0 147
0 305
0 315
0 161
0 237
0 125
0 30
0 188
0 167
0 127
0 495
0 158
0 213
0 1099
0 188
0 115
0 410
0 353
0 201
0 284
0 253
0 57
0 295
0 659
0 241
0 673
0 432
0 174
0 120
0 199
0 87
0 621
0 466
0 275
0 156
0 135
0 283
0 92
0 253
2 4096
0 245
0 137
0 336
0 64
0 138
0 49
0 132
0 2009
0 328
0 336
0 201
0 77
0 114
0 707
0 92
0 120
0 2556
0 207
0 118
0 177
0 165
0 282
0 291
0 87
0 430
0 227
0 302
0 243
0 122
0 82
0 244
0 116
0 315
0 463
0 232
0 71
0 407
0 93
0 640
0 163
0 52
0 667
0 146
1 4096
0 326
0 430
0 991
0 104
0 146
0 175
0 742
0 912
0 275
0 137
1 4096
0 42
0 120
0 202
0 263
0 357
0 579
0 205
0 161
0 570
0 309
0 75
0 254
0 2663
0 98
0 176
0 225
0 1171
0 201
0 201
0 672
0 556
0 169
0 336
0 376
0 443
0 267
0 107
0 91
0 279
0 387
0 168
0 320
0 187
0 229
0 1228
0 145
0 430
0 501
0 293
0 141
0 490
0 199
0 64
0 55
0 295
0 887
0 192
0 300
0 96
0 146
0 241
0 565
0 119
0 111
0 170
0 285
0 253
0 176
0 123
0 155
0 175
0 283
0 334
0 1141
0 151
0 192
0 426
0 212
0 183
0 116
0 523
0 313
0 428
0 78
0 1092
0 228
0 523
0 203
0 289
0 155
0 219
0 417
0 237
0 294
0 426
0 359
0 195
0 75
0 530
0 219
1 4096
0 83
0 881
0 193
0 64
0 317
0 181
0 2467
0 300
0 477
0 299
0 315
0 439
0 99
0 593
1 4096
0 174
0 75
0 208
0 89
0 399
0 293
0 47
0 153
0 131
0 378
0 216
0 433
0 666
0 89
0 86
0 677
0 202
0 132
0 607
0 57
0 273
0 187
0 480
0 199
0 137
0 61
0 284
0 282
0 143
0 386
0 236
0 153
0 760
0 443
0 167
0 156
0 200
0 124
0 170
0 128
0 624
0 259
0 226
0 98
0 222
0 734
0 204
0 256
0 163
0 124
0 306
0 310
0 220
0 98
0 156
0 185
0 324
0 1011
0 274
0 532
0 493
0 134
0 240
0 132
0 135
0 150
0 48
0 558
0 103
0 296
0 363
0 327
0 196
0 275
0 315
0 323
0 56
0 164
0 76
0 259
0 365
0 109
0 283
0 269
0 944
0 56
0 223
0 424
0 170
0 857
1 4096
0 110
0 54
0 388
0 277
0 156
0 3161
0 318
0 663
0 505
0 53
0 356
0 326
0 243
0 276
0 53
0 427
0 737
0 335
0 302
0 362
0 287
0 271
0 464
0 68
0 49
0 152
0 374
1 4096
0 350
0 226
0 91
0 289
0 124
0 71
0 106
0 106
0 434
0 212
1 4096
0 170
0 218
0 386
0 217
0 287
0 249
0 170
0 116
0 58
0 181
0 292
1 4096
0 320
0 639
0 58
0 303
0 477
0 453
0 110
0 63
0 73
0 177
0 159
0 280
0 288
0 278
0 234
0 271
0 158
0 432
0 129
0 232
0 392
0 293
0 70
0 176
0 117
0 633
0 907
0 685
0 312
0 634
0 228
0 516
0 140
0 99
0 455
0 404
0 125
0 245
0 272
0 795
1 4096
0 335
0 415
0 380
0 568
0 716
0 196
0 524
0 1070
0 172
0 202
0 165
0 117
1 4096
0 466
0 166
0 210
0 238
0 290
0 153
0 131
0 90
0 272
0 1500
0 301
0 967
0 213
0 528
0 212
0 362
0 129
0 146
0 97
0 375
0 171
0 188
0 395
0 369
0 142
0 153
0 167
0 430
0 84
0 77
0 249
0 170
0 147
0 312
0 350
0 183
0 456
0 212
0 284
0 167
0 631
0 666
0 1989
0 92
0 189
0 778
0 214
0 2401
0 199
0 467
0 80
0 149
0 84
0 132
0 1305
0 136
0 167
0 358
0 858
0 488
0 284
0 257
0 68
0 114
0 797
0 215
0 145
0 126
0 69
1 4096
0 129
0 91
0 176
0 175
0 201
0 158
0 223
0 86
0 145
0 467
0 309
0 340
0 240
0 127
0 279
0 50
0 361
0 192
0 71
0 169
0 305
0 289
0 74
0 37
0 291
0 374
0 273
0 163
0 165
0 334
0 251
0 870
0 180
0 273
0 386
0 295
0 124
0 324
0 114
0 60
0 303
0 178
0 94
0 391
0 157
0 925
0 678
0 80
0 461
0 804
0 394
0 146
0 195
0 125
0 290
0 126
1 4096
0 575
0 85
0 1482
0 429
0 76
0 290
0 55
0 81
0 263
0 134
0 206
0 290
0 217
0 247
0 223
0 353
0 380
0 1494
0 195
0 137
0 353
0 110
0 244
0 1047
0 505
0 613
0 247
0 307
0 430
0 129
0 234
0 110
0 50
0 68
0 252
0 456
0 374
0 461
0 189
0 748
0 99
0 111
0 376
0 292
0 445
0 870
0 629
0 244
2 4096
0 78
0 108
0 151
0 236
0 171
0 252
0 365
0 616
0 518
0 128
0 119
0 567
0 226
0 203
0 597
0 148
0 232
0 370
0 139
0 135
0 362
0 564
0 204
0 166
0 239
0 170
0 294
0 283
0 470
0 436
0 178
0 255
0 207
0 283
0 219
0 851
0 114
0 93
0 737
0 723
0 567
0 607
0 33
0 60
0 320
0 48
0 1034
0 141
0 263
0 566
0 338
0 275
0 185
0 218
0 126
0 324
0 317
0 530
0 46
0 211
0 450
0 482
0 91
0 144
0 75
0 86
0 331
0 261
0 166
0 410
0 87
0 138
0 217
0 292
0 1307
0 319
0 544
0 1063
0 86
0 1264
1 4096
0 284
0 243
0 259
0 298
0 237
0 231
0 431
0 242
0 521
0 387
0 121
0 123
0 401
0 229
0 202
0 199
0 220
0 292
0 95
0 94
0 340
0 314
0 1181
0 770
0 541
0 590
0 333
0 239
1 4096
0 346
0 385
0 373
0 46
0 268
0 87
0 545
0 366
0 135
0 92
0 171
0 869
0 165
0 69
0 197
0 43
0 649
0 85
0 194
0 258
0 269
0 305
0 101
0 265
0 301
0 289
0 387
0 79
0 773
0 386
0 171
0 941
0 300
0 550
0 236
0 1808
0 269
0 312
0 606
0 319
0 324
0 251
0 126
0 145
0 466
0 222
0 281
0 603
0 359
0 386
0 238
0 115
0 180
0 240
0 201
0 166
0 200
0 575
0 565
0 287
0 795
0 202
0 71
0 1384
0 314
0 126
0 90
0 336
0 180
0 143
0 135
0 193
0 250
0 336
0 290
0 215
0 210
0 430
0 175
0 569
0 287
0 177
0 82
0 260
0 75
0 526
0 161
0 79
0 416
0 98
0 296
0 209
0 135
0 44
0 165
0 150
0 187
0 650
0 78
0 930
0 167
0 107
0 123
0 135
0 265
0 260
0 144
0 66
0 752
0 529
0 326
0 81
0 341
0 467
0 306
1 4096
0 305
0 140
0 174
0 169
0 717
0 288
0 183
0 202
0 82
0 594
0 298
0 1017
0 200
0 338
0 258
0 288
0 359
0 96
0 61
0 74
0 137
0 1038
0 445
0 454
0 2973
0 373
0 140
0 366
0 74
0 227
0 131
0 248
0 150
0 82
0 236
0 205
0 121
0 250
0 206
0 538
0 131
0 619
0 1200
0 135
0 133
0 575
0 261
0 741
0 172
0 308
0 538
0 411
0 98
0 218
0 105
0 305
0 91
0 128
1 4096
2 4096
0 127
0 282
0 323
0 824
0 383
0 495
0 236
1 4096
0 3144
0 541
0 83
0 313
0 533
0 627
0 214
0 140
0 268
0 732
0 77
0 128
0 430
0 37
0 307
0 147
1 4096
0 108
0 408
0 743
0 201
0 717
0 214
0 185
0 418
0 1064
0 184
1 4096
0 149
0 96
0 593
0 213
0 150
0 826
0 519
0 124
0 181
0 239
0 147
0 269
0 251
0 405
0 325
0 1472
0 89
0 247
0 148
0 392
0 252
0 361
0 187
0 124
0 584
0 345
0 129
0 235
0 60
0 52
0 413
0 311
0 213
0 137
0 311
0 201
0 119
0 408
0 530
0 65
1 4096
1 4096
0 318
0 374
0 208
0 627
0 517
0 891
0 654
0 167
0 538
0 188
0 852
0 332
0 163
0 148
0 256
0 292
0 200
0 116
0 468
0 779
0 430
0 345
0 275
0 451
0 153
0 59
0 311
0 135
0 256
0 425
0 373
0 475
0 711
0 325
0 145
0 110
0 200
0 192
0 75
0 112
0 380
0 175
0 367
0 886
0 816
0 145
0 240
0 142
0 85
0 478
0 464
0 495
0 436
0 182
0 235
0 218
0 574
0 753
0 199
0 126
0 116
0 825
0 225
0 378
0 150
0 502
0 462
0 216
0 86
0 469
0 159
0 176
0 222
0 111
0 619
0 158
0 407
0 201
0 620
0 378
0 286
0 362
0 251
0 620
0 286
0 337
0 425
2 4096
0 757
0 836
0 77
0 1499
0 86
0 581
0 151
0 113
0 173
0 182
0 536
0 392
0 142
0 626
0 303
0 94
0 109
1 4096
0 91
0 67
1 4096
0 189
1 4096
0 797
0 336
0 122
0 1556
0 448
0 39
0 297
0 89
0 766
0 879
0 279
0 505
0 2026
0 140
0 214
0 400
0 290
0 234
0 216
0 128
0 122
0 147
0 73
0 193
0 465
0 893
0 79
0 773
0 109
0 423
0 78
0 404
0 172
0 517
0 349
0 88
0 483
0 531
0 643
0 321
0 671
0 281
0 2595
0 138
0 158
0 75
0 228
0 171
0 263
0 463
0 116
0 143
0 583
0 143
0 480
0 516
0 183
0 132
0 64
0 160
0 413
0 353
0 347
0 104
0 234
0 31
0 513
0 89
0 131
0 46
0 451
0 491
0 240
0 614
0 194
0 187
0 198
0 1820
0 422
0 484
1 4096
0 53
0 652
0 389
0 88
0 467
0 156
0 231
0 140
0 70
0 223
0 412
0 350
0 160
0 59
0 498
0 141
0 380
0 158
0 289
0 80
0 358
0 132
0 368
0 213
0 172
0 120
0 314
0 282
0 184
1 4096
0 458
0 117
0 116
0 250
0 109
0 237
0 186
0 150
0 221
0 150
0 303
0 337
0 952
0 386
0 285
0 79
0 328
0 672
0 967
0 306
0 274
0 163
0 79
0 484
0 727
0 104
0 399
0 473
0 286
0 203
0 77
0 177
0 236
0 484
0 65
0 153
0 589
0 150
0 229
0 256
0 372
0 871
0 521
0 155
0 335
0 1073
0 523
0 110
0 366
0 51
0 245
0 391
0 347
0 211
0 73
0 282
0 1159
0 195
0 687
0 120
0 118
0 305
0 432
0 170
0 175
0 253
0 449
0 194
0 209
0 67
0 163
0 57
2 4096
0 178
0 158
0 455
0 69
0 107
0 367
0 194
0 478
0 143
0 112
0 92
0 361
0 337
0 389
0 419
0 425
0 116
0 186
0 342
0 195
0 312
0 95
0 129
0 201
0 81
1 4096
0 231
0 327
0 345
0 622
0 239
0 167
0 107
0 202
0 146
0 112
0 964
0 178
0 101
0 375
0 244
0 1181
0 206
0 335
0 386
0 739
0 315
0 41
0 371
0 256
0 463
0 614
0 1541
0 64
0 266
0 933
0 336
0 245
0 325
0 734
0 671
0 691
0 163
0 313
0 305
0 146
0 433
0 2234
0 209
0 155
0 509
0 541
0 197
0 101
0 315
0 305
0 146
0 52
0 285
0 416
0 149
0 279
0 373
0 110
0 306
0 215
0 255
0 128
0 114
0 1814
0 1385
0 656
0 301
0 833
0 148
0 112
0 275
0 68
0 342
0 592
0 493
0 704
0 76
0 465
0 547
0 71
0 248
0 203
0 3461
2 4096
0 140
0 691
0 49
0 260
0 378
0 606
0 226
0 178
0 291
0 224
0 150
0 782
0 241
0 261
0 475
0 200
0 64
0 90
0 104
0 705
0 292
0 548
0 756
0 305
0 311
1 4096
0 374
0 410
0 247
0 191
0 383
0 165
0 492
0 614
0 97
0 609
0 210
0 323
0 339
0 271
0 752
0 167
0 172
0 165
0 104
0 247
0 292
0 246
0 302
0 415
0 279
0 190
0 438
0 115
0 277
0 71
0 57
0 271
0 888
0 194
0 104
0 162
0 130
0 507
0 176
0 551
1 4096
0 524
0 170
0 104
0 304
0 1082
0 117
0 76
0 400
0 109
0 630
0 531
0 118
0 352
0 46
0 319
0 153
0 238
0 202
0 505
0 132
0 416
0 288
0 407
0 736
0 154
0 380
0 546
0 524
0 558
0 242
0 513
0 353
0 209
0 229
0 313
0 504
0 2126
1 4096
0 91
0 266
0 386
0 87
0 541
0 510
0 309
0 166
0 58
0 234
0 171
0 920
0 187
0 235
0 782
0 60
0 160
0 123
0 193
0 742
0 1003
0 199
0 163
0 81
0 271
0 137
0 126
0 213
0 184
0 65
0 293
0 551
0 666
0 198
0 93
0 47
0 262
1 4096
0 128
0 204
0 379
0 244
0 472
0 185
0 306
0 452
0 301
0 84
0 162
0 252
0 402
0 197
0 255
0 161
0 56
0 518
0 148
0 170
0 110
0 190
0 878
0 554
0 232
0 631
0 212
0 267
0 327
0 753
0 3110
0 128
0 159
0 726
0 312
0 804
0 653
0 479
0 135
0 102
0 450
0 90
0 79
0 220
0 2494
0 130
0 565
0 257
0 281
0 765
0 310
0 549
0 761
0 344
0 603
0 246
0 91
0 311
0 101
0 491
0 94
0 250
0 120
0 89
0 89
0 141
0 190
0 112
0 515
0 374
0 49
0 246
0 689
0 147
0 36
0 119
0 406
0 105
0 126
0 304
0 202
0 87
0 426
0 1101
0 339
0 170
0 427
0 590
0 147
0 256
0 395
0 49
0 182
0 125
0 195
0 573
0 106
0 242
0 405
0 446
0 943
0 1872
0 438
0 394
0 359
0 601
0 359
0 119
0 1021
0 89
0 1856
0 335
0 465
0 137
0 264
0 195
0 590
0 343
0 861
0 184
0 137
0 166
0 84
0 293
0 411
0 85
0 101
0 449
0 251
0 98
0 324
0 156
0 682
0 755
0 717
0 557
0 714
0 226
0 1057
0 90
0 265
0 343
0 192
0 490
0 279
0 216
0 353
0 601
0 583
0 597
0 942
0 161
0 464
0 824
0 574
0 98
0 365
0 709
0 610
0 90
0 418
0 438
0 107
0 880
0 367
0 222
0 970
0 82
0 55
0 908
0 116
0 77
0 40
0 358
0 339
1 4096
0 126
0 250
0 546
0 596
0 670
0 761
0 265
0 391
0 445
0 244
0 149
0 296
0 97
0 115
0 366
2 4096
0 203
0 548
0 342
0 398
0 98
0 127
0 124
0 291
0 210
0 615
0 177
0 156
0 55
0 89
0 122
0 90
0 451
0 268
0 238
0 64
0 144
0 71
0 384
1 4096
0 230
0 98
0 322
0 669
0 86
0 131
0 226
0 26
0 165
0 108
0 286
0 780
0 742
0 466
0 401
0 129
0 153
0 146
0 369
0 215
0 734
0 237
0 453
0 132
0 364
0 139
0 121
0 66
0 555
0 319
0 242
0 136
0 932
0 147
0 349
0 1396
0 63
0 93
0 117
0 114
0 109
0 185
0 309
0 202
0 524
0 60
0 1195
0 88
0 154
0 292
0 319
0 218
0 326
0 70
0 347
0 362
0 276
0 225
0 159
0 317
0 282
0 269
0 364
0 402
0 307
0 140
0 314
0 206
0 146
0 1261
0 523
1 4096
0 256
0 288
0 215
0 194
0 660
0 66
0 203
0 342
0 36
0 42
0 407
0 110
0 474
0 454
0 373
0 92
0 146
0 108
0 375
0 657
0 249
0 63
0 71
0 210
0 339
0 159
0 39
0 69
0 233
0 69
0 200
1 4096
0 141
0 152
0 71
0 458
0 168
0 162
0 290
0 143
0 569
0 781
0 122
0 115
0 131
0 468
0 225
0 164
0 297
0 135
0 311
0 257
0 194
0 73
0 132
0 66
0 255
0 211
0 154
0 543
0 157
0 293
0 148
0 1599
0 122
0 642
0 244
0 654
0 236
0 156
0 52
0 160
0 271
0 267
0 310
0 52
0 422
0 788
0 790
0 78
0 282
0 249
0 116
0 150
0 142
0 209
0 341
0 1277
0 153
0 106
0 453
0 430
0 280
0 119
0 471
0 109
0 237
0 107
0 152
0 84
0 121
0 99
0 131
0 354
0 418
0 519
0 173
0 372
0 274
0 351
0 500
0 774
0 193
0 199
0 365
0 162
0 93
0 767
0 150
0 271
0 311
0 422
0 384
0 472
0 170
0 150
0 188
0 84
0 244
0 179
0 947
0 605
0 456
1 4096
0 806
0 136
0 134
0 1177
0 453
0 1067
0 336
0 817
0 460
0 258
0 130
0 142
0 121
0 295
0 243
0 222
0 297
0 492
0 3295
0 678
0 75
0 250
0 132
0 240
0 101
0 374
0 1692
0 972
0 130
0 1037
0 155
0 346
0 222
0 106
0 848
0 171
0 243
0 127
0 434
0 178
0 512
0 561
0 262
0 91
0 375
0 317
0 599
0 118
0 123
0 93
0 63
0 318
0 91
0 499
0 99
0 194
0 228
0 430
0 447
0 89
0 880
1 4096
0 254
0 153
0 245
0 814
0 139
0 38
0 307
0 492
0 133
0 170
0 290
0 90
0 219
0 288
0 365
0 325
0 76
0 45
0 563
0 352
0 391
0 109
0 61
0 317
0 979
0 61
0 285
0 266
0 93
0 307
0 191
0 91
0 107
0 142
0 189
0 158
0 107
0 725
0 195
0 242
0 245
0 119
0 237
0 855
0 316
0 266
0 49
0 178
0 111
0 269
0 275
0 268
0 94
0 232
0 179
0 88
0 153
0 228
0 293
0 294
0 41
0 241
0 249
2 4096
0 361
0 707
0 78
0 188
0 384
0 532
0 90
0 115
0 34
0 2430
0 789
0 407
1 4096
0 285
0 108
0 186
0 154
0 564
0 530
0 137
0 866
0 359
0 394
0 443
0 75
0 258
0 280
0 1208
0 293
0 224
0 888
0 64
0 153
0 50
0 1422
0 45
0 94
0 139
0 266
0 561
0 209
0 111
0 814
0 157
0 81
0 183
0 568
0 134
0 79
0 225
0 106
0 87
0 668
0 178
0 65
0 673
0 158
0 123
0 557
0 347
0 107
0 158
1 4096
0 120
0 318
0 458
0 479
0 125
0 183
0 84
0 205
0 133
0 346
0 260
1 4096
0 203
0 366
0 100
0 258
0 237
0 93
0 192
0 126
0 1304
0 354
0 494
0 178
0 101
0 516
0 313
0 183
0 53
0 146
0 249
0 717
0 161
0 129
0 210
0 308
0 368
0 194
0 203
0 159
0 509
0 53
0 222
0 301
0 347
0 208
0 2933
0 199
0 1171
0 202
0 557
0 274
0 172
0 122
0 153
0 1164
0 229
0 566
0 199
0 99
0 177
0 158
0 744
0 912
0 536
0 60
0 256
0 127
0 112
0 80
0 125
0 343
0 91
0 295
0 239
0 322
0 159
0 1044
0 189
0 118
0 200
0 3189
0 236
0 3078
0 373
0 138
1 4096
0 804
2 4096
0 547
0 245
0 353
0 266
0 304
0 69
0 295
0 222
0 240
0 221
0 197
0 239
0 41
0 493
0 75
0 578
0 113
0 115
0 1189
0 375
0 71
0 213
0 254
0 45
0 163
0 1089
0 342
0 380
0 625
0 466
0 550
0 169
0 91
0 174
0 151
0 145
0 344
0 583
0 381
0 239
0 137
0 149
1 4096
0 364
0 450
0 162
0 234
0 389
1 4096
0 271
0 280
0 388
0 527
0 415
0 334
0 477
0 544
0 636
0 456
0 589
0 446
0 363
0 226
0 72
0 390
0 150
0 1016
0 51
0 994
0 771
0 589
0 260
0 173
0 1264
0 194
0 218
0 377
0 433
0 202
0 227
0 234
0 84
0 133
0 599
0 188
0 389
0 373
0 869
0 100
0 227
0 2533
0 93
0 297
0 129
0 203
0 370
0 1003
0 107
0 371
0 138
1 4096
0 1693
0 1553
0 387
0 117
0 2471
0 417
0 931
0 168
0 1076
0 223
0 302
0 195
0 150
0 92
0 246
0 439
0 199
0 624
0 617
0 355
0 590
0 214
2 4096
0 616
0 63
0 403
0 475
0 361
1 4096
0 1207
0 284
0 603
0 183
0 57
0 202
0 205
0 201
0 215
0 364
0 267
0 452
0 438
0 103
0 278
0 104
0 444
0 875
0 102
0 308
0 417
0 570
0 265
0 148
0 448
0 260
0 198
0 539
0 534
0 947
0 162
0 269
0 38
0 186
0 129
0 190
0 329
0 92
0 263
0 120
0 364
0 500
0 67
0 385
0 664
0 317
0 592
2 4096
0 314
0 223
0 441
0 307
0 342
0 186
0 174
0 1197
0 111
0 513
0 238
0 332
0 118
0 79
0 249
0 281
0 71
0 723
0 376
1 4096
0 132
0 160
0 221
0 149
0 697
0 343
0 208
0 547
0 385
0 506
0 131
0 193
0 353
0 313
0 177
0 79
0 581
0 499
0 106
0 530
0 404
0 269
0 270
0 304
0 611
0 155
0 228
0 298
0 293
0 212
0 210
0 263
0 308
0 635
0 732
0 154
0 541
0 306
0 205
0 319
0 102
0 144
0 171
0 172
0 141
1 4096
0 763
1 4096
0 368
0 46
0 726
0 654
0 862
0 538
0 210
0 122
0 187
0 102
0 357
0 336
0 396
0 324
0 196
0 218
0 147
0 438
0 156
0 232
0 65
0 122
0 149
0 190
0 178
0 142
0 281
0 396
0 562
0 69
0 201
0 371
0 227
0 301
0 410
0 46
0 234
0 148
0 126
0 220
0 279
0 513
0 467
0 169
0 151
0 401
0 233
0 123
0 213
0 149
0 240
0 124
0 135
0 86
0 194
0 108
0 275
0 119
0 545
0 206
0 582
0 59
0 303
0 357
0 313
0 134
0 791
0 227
0 580
0 395
0 78
0 64
0 106
0 70
0 302
0 120
0 109
0 336
1 4096
0 1121
0 201
0 193
0 522
0 601
0 170
0 815
0 186
0 261
0 140
0 262
0 1044
0 190
0 107
0 1184
0 243
0 320
0 578
0 355
0 186
0 371
0 878
0 916
0 163
0 3404
0 516
0 145
0 292
0 313
0 151
0 722
0 509
0 124
0 308
0 484
0 121
0 552
0 189
0 143
0 551
0 412
0 298
0 402
0 216
0 58
0 418
0 668
0 169
0 390
0 69
0 306
0 255
0 369
0 240
0 146
0 305
0 417
0 793
0 216
0 431
0 67
0 554
0 564
0 377
0 472
0 146
0 532
0 499
0 257
0 172
0 309
0 183
0 119
0 197
0 171
0 82
0 166
0 164
0 158
0 165
0 827
0 549
0 269
0 389
0 239
0 164
0 146
0 104
0 146
0 273
0 380
0 75
0 323
0 384
0 271
0 539
0 1127
0 244
0 110
0 34
0 55
0 173
0 323
0 381
0 106
0 247
0 80
0 347
0 800
0 169
0 375
0 1137
0 1648
0 374
0 623
0 260
0 856
0 876
0 195
0 174
0 605
1 4096
0 236
0 293
0 202
0 488
0 66
0 38
0 258
0 342
0 105
0 310
0 186
0 69
0 62
0 197
0 245
0 130
0 557
0 241
0 327
0 547
0 72
1 4096
0 340
0 397
0 340
0 125
0 30
0 336
0 399
0 133
0 251
0 79
0 231
0 171
0 354
0 231
0 171
0 88
0 314
0 252
0 146
0 109
0 551
0 230
0 307
0 376
0 50
0 425
0 154
0 131
0 652
0 275
0 83
0 597
0 75
0 198
0 719
0 82
0 1170
0 277
0 1043
0 343
0 174
0 192
0 705
0 109
0 738
0 178
0 363
0 144
0 237
0 393
0 138
0 732
0 438
0 308
0 344
0 482
0 273
0 347
0 677
0 223
0 313
0 525
0 468
0 661
0 498
0 103
0 288
0 174
0 604
0 324
0 585
0 56
0 115
0 105
0 401
0 387
0 500
0 578
0 660
0 259
0 301
0 548
0 316
0 305
0 388
0 297
0 379
0 1148
0 2049
0 77
0 435
0 108
0 313
0 208
0 350
0 150
1 4096
0 252
0 449
0 84
0 797
0 186
0 447
0 450
0 408
0 135
0 89
0 125
0 803
0 648
0 237
0 158
0 389
0 78
0 330
0 115
0 470
2 4096
0 182
0 174
0 153
0 55
0 310
0 1213
0 283
0 137
0 176
0 337
0 252
1 4096
0 844
0 387
0 150
0 280
0 381
0 181
0 703
0 307
0 150
0 319
0 549
0 194
0 803
0 442
0 149
0 462
0 283
0 464
1 4096
0 300
0 1053
0 441
0 109
0 289
0 769
0 318
0 356
0 213
0 830
0 866
0 476
0 354
0 262
0 544
0 309
0 371
0 169
0 347
0 248
0 593
0 273
0 295
0 359
0 280
0 366
0 1014
0 134
0 236
0 297
0 355
0 980
0 595
0 235
0 88
0 226
0 1515
0 195
0 505
0 66
0 267
0 166
0 196
0 134
0 903
0 838
0 196
0 361
0 183
0 318
0 173
0 504
0 887
0 609
0 539
1 4096
0 150
0 112
0 301
0 342
0 164
0 335
0 459
0 293
0 201
0 667
0 229
0 142
0 44
0 212
0 350
0 1167
0 474
0 134
0 552
0 87
0 334
0 547
0 136
0 466
0 488
0 246
0 293
0 628
0 382
0 165
0 544
0 119
0 917
0 226
0 254
0 229
0 409
0 44
0 228
0 23
0 279
0 75
0 80
0 159
0 103
0 106
0 129
0 329
0 442
0 1324
0 119
0 523
0 303
0 73
0 299
0 593
0 254
0 857
0 58
0 715
0 1444
0 279
0 275
0 425
0 214
0 165
0 114
0 121
0 328
0 61
0 137
0 289
0 194
0 956
0 176
0 197
0 564
0 260
0 588
0 299
0 253
0 492
0 68
0 93
0 1468
0 38
0 207
0 229
0 136
0 346
0 186
0 134
0 118
1 4096
0 430
0 588
0 295
0 362
0 175
0 1221
0 270
0 465
0 367
0 146
0 682
0 567
0 152
0 855
0 186
0 574
0 137
0 483
0 54
0 874
0 335
0 218
0 394
0 268
0 809
0 96
0 570
0 95
0 218
0 669
0 93
0 248
0 311
0 172
0 263
0 226
0 234
0 275
0 391
0 257
0 103
0 247
0 664
0 188
0 1321
0 135
0 72
0 576
0 390
0 534
0 506
0 141
0 662
0 53
0 691
0 199
0 358
0 246
0 603
1 4096
0 276
0 67
0 218
0 230
0 689
0 246
0 112
0 62
0 119
0 394
2 4096
0 158
0 190
0 483
0 152
0 98
0 104
0 991
0 144
0 269
0 343
0 238
0 404
0 83
1 4096
0 84
0 761
0 221
0 69
0 341
0 154
0 472
0 292
0 678
1 4096
0 665
0 28
0 484
0 488
0 641
0 473
0 632
0 604
0 90
0 692
0 186
0 193
0 139
0 260
0 294
0 51
0 270
0 201
0 26
0 262
0 91
0 404
0 65
0 58
0 980
0 206
0 375
0 597
0 161
0 531
0 192
0 130
0 55
0 372
0 307
0 302
0 1086
0 808
0 201
0 339
0 384
0 169
0 819
0 249
0 850
0 461
0 54
0 225
0 52
0 135
0 111
0 102
0 391
0 492
0 79
0 948
0 139
0 430
0 326
0 163
0 434
0 548
0 273
1 4096
0 260
0 322
0 578
0 793
0 258
0 243
0 351
0 282
0 192
0 244
1 4096
0 288
0 146
0 351
0 606
0 357
0 129
0 423
0 42
0 532
0 148
0 100
0 160
0 52
0 778
0 245
0 165
0 101
0 989
0 365
0 131
0 136
0 1297
0 218
0 335
0 337
0 502
0 121
0 90
0 256
0 162
0 292
0 116
0 564
0 60
0 85
0 203
0 176
0 58
0 322
0 29
0 937
0 115
0 317
0 111
0 157
0 355
0 232
0 146
0 394
0 108
0 122
0 166
0 1736
0 163
0 2287
0 127
2 4096
0 354
0 165
0 188
0 544
0 74
0 606
0 53
1 4096
0 193
0 155
0 140
0 835
0 108
0 681
0 425
0 300
0 117
0 398
0 200
0 382
0 207
0 430
0 1303
0 208
0 184
0 177
0 219
0 327
0 40
0 233
0 311
0 197
0 329
0 730
0 274
0 127
0 407
0 624
0 350
0 255
0 104
0 623
0 156
0 119
0 351
0 87
0 196
0 108
0 277
0 211
0 181
0 152
0 248
0 102
0 265
0 272
0 83
0 103
0 140
0 234
0 148
0 35
0 274
0 564
0 265
0 271
0 161
0 72
0 586
0 286
0 582
0 84
0 168
0 53
0 132
0 245
0 592
0 263
0 249
0 154
0 382
0 372
0 183
0 547
0 397
0 421
0 132
0 406
0 179
0 1570
0 342
0 69
0 692
0 265
0 484
0 55
0 248
0 791
0 67
0 244
0 151
0 196
0 490
0 363
0 398
1 4096
0 280
0 287
0 105
1 4096
0 747
0 122
0 125
0 290
0 355
0 460
0 126
0 110
0 184
0 336
0 273
0 221
0 134
0 304
0 145
0 186
0 100
0 126
0 222
0 395
0 221
0 349
0 282
0 61
0 928
0 127
0 651
0 118
0 1471
0 199
0 129
0 312
0 366
0 584
0 171
0 456
0 213
0 139
0 194
0 237
0 1448
0 301
0 89
0 139
0 172
0 77
0 185
0 278
0 608
0 726
0 341
0 216
0 61
0 89
0 125
0 262
0 423
0 197
0 180
0 135
0 354
0 184
0 283
0 134
0 66
0 67
0 117
0 188
0 522
0 55
0 247
0 213
0 163
0 133
0 186
0 90
0 106
0 959
1 4096
0 237
0 175
0 532
0 126
0 178
0 459
0 759
0 234
0 201
0 210
0 199
0 141
0 117
0 229
0 251
1 4096
0 360
0 544
0 182
0 758
0 137
0 454
0 123
0 285
0 484
0 976
0 476
0 298
0 229
0 229
0 403
0 329
1 4096
0 380
0 86
0 146
0 71
0 71
0 330
0 437
1 4096
0 78
0 230
0 52
0 104
0 315
0 187
0 964
0 257
0 130
0 372
0 252
0 167
0 708
0 396
0 787
0 146
0 207
0 172
0 280
0 218
0 117
0 93
0 184
0 450
0 370
0 58
0 244
0 155
0 129
0 640
0 85
0 105
0 255
0 285
0 314
0 486
1 4096
0 490
0 203
0 131
0 137
0 271
0 121
0 733
0 108
0 141
0 328
0 72
0 176
0 441
0 87
0 165
0 65
0 145
0 729
0 154
0 695
0 103
0 263
0 350
0 129
0 217
0 265
0 140
0 486
0 429
0 559
0 27
0 53
0 92
0 314
0 314
0 700
0 835
0 1019
0 235
0 1071
0 283
0 206
0 775
0 159
0 192
0 600
0 480
0 142
0 298
0 67
0 262
0 519
0 102
0 115
0 289
0 42
0 310
0 85
0 310
0 2507
0 150
0 445
0 231
0 704
0 478
0 394
0 595
0 306
0 179
0 75
0 260
0 378
0 445
0 563
0 225
0 206
0 184
0 443
0 952
0 140
0 148
0 647
0 392
0 177
0 148
0 963
0 242
0 677
0 319
0 606
0 58
0 109
0 382
0 329
0 481
0 624
0 150
0 362
0 165
0 100
0 179
0 124
0 103
0 754
0 195
0 125
0 134
0 649
0 98
0 238
0 559
0 612
0 126
0 557
0 225
0 238
0 665
0 297
0 404
0 36
0 712
0 525
0 652
0 224
0 478
0 235
0 122
0 332
0 121
0 205
0 336
0 97
0 252
0 74
0 498
0 264
0 1058
0 240
0 329
0 504
0 137
0 578
0 730
0 262
0 110
0 461
0 156
0 317
0 86
0 156
0 244
0 585
0 53
0 418
0 993
0 449
0 239
0 97
0 60
0 536
0 160
0 424
0 247
0 374
0 103
0 459
0 137
0 479
0 128
0 1113
0 431
0 186
0 260
0 265
0 414
0 399
0 134
0 277
1 4096
0 155
0 285
0 149
0 629
0 100
0 675
0 473
0 227
0 551
1 4096
0 258
0 235
0 60
0 1054
0 577
0 396
0 96
0 444
0 111
0 259
0 145
0 73
0 318
0 318
0 161
0 55
0 132
0 347
0 141
0 420
0 544
0 84
0 197
0 206
0 434
0 176
0 166
0 69
0 1163
0 54
0 317
0 91
0 230
0 338
0 352
0 232
0 186
0 273
0 285
0 444
0 248
0 310
0 314
0 128
0 868
0 292
0 226
0 366
0 418
0 231
0 620
0 161
0 1281
0 267
0 242
0 432
0 414
0 315
0 52
0 780
0 301
0 496
0 69
0 55
0 328
0 770
0 229
0 141
0 106
0 65
0 77
0 380
0 327
0 414
0 184
0 752
0 70
0 71
0 98
0 408
0 137
0 168
0 134
0 346
0 1105
0 363
0 437
0 134
0 155
1 4096
0 314
0 313
0 126
0 185
0 134
0 678
0 336
0 210
0 146
0 658
0 208
0 892
0 226
0 500
0 298
0 381
0 143
0 386
0 186
0 289
0 98
0 72
0 247
0 209
0 39
0 422
0 104
0 1012
0 347
0 98
0 240
0 93
0 160
0 283
0 149
0 202
0 950
0 103
0 444
0 146
0 210
0 400
0 146
0 182
0 418
0 557
0 421
0 174
0 214
0 254
0 141
0 404
0 210
0 109
0 285
0 318
0 685
0 142
0 602
0 171
0 896
0 755
0 146
0 301
0 447
0 493
0 295
0 172
0 206
0 281
0 337
0 93
0 702
0 117
0 83
0 222
0 634
0 479
0 360
0 202
0 249
0 174
0 261
0 309
0 1358
0 392
0 799
0 322
0 148
0 87
0 556
0 334
0 420
0 443
0 59
0 66
0 195
0 186
0 130
0 310
0 96
0 416
0 312
0 233
0 105
0 148
0 361
0 142
0 281
0 160
0 103
0 530
0 170
0 38
0 168
0 852
0 90
0 1102
0 1011
0 328
0 203
0 157
0 368
0 232
0 405
0 105
0 562
0 179
0 498
0 645
0 73
0 163
0 492
0 331
0 80
0 138
0 297
1 4096
0 241
0 278
0 57
0 544
0 501
0 3708
0 233
0 239
0 246
0 158
0 485
0 113
0 57
0 318
0 124
0 203
0 197
0 429
0 267
0 1200
0 324
0 200
0 131
0 73
0 263
0 190
0 150
0 216
0 179
0 181
0 140
0 121
0 258
0 157
0 241
0 483
0 225
0 146
0 173
0 476
2 4096
0 616
0 184
0 342
0 528
0 116
0 287
0 736
0 325
0 890
0 645
0 663
0 277
0 633
0 903
0 148
0 622
0 101
0 419
0 285
0 150
0 256
0 626
0 169
0 52
0 270
1 4096
0 93
0 227
0 164
0 354
0 1879
0 233
0 160
0 277
0 254
0 294
0 64
0 541
0 661
0 125
0 500
0 964
0 173
1 4096
0 126
0 919
0 107
0 310
0 151
0 179
0 295
0 99
0 321
0 489
0 396
0 440
0 209
0 332
0 520
0 180
0 56
0 82
0 253
0 2823
0 186
0 176
0 224
0 497
0 271
0 564
0 166
0 120
0 331
0 137
0 263
0 631
0 431
0 234
0 173
0 203
0 106
0 133
0 753
0 90
0 421
0 466
0 105
0 163
0 459
0 334
0 159
0 457
0 599
0 221
0 86
0 314
0 293
0 145
0 99
0 320
0 473
0 144
0 835
0 239
0 108
0 260
0 881
0 158
0 839
0 1219
0 115
0 232
0 492
0 248
0 828
0 434
0 193
0 131
0 89
0 197
0 222
0 277
0 212
0 273
0 238
0 158
0 417
0 183
0 282
0 158
0 302
0 172
0 110
0 53
0 345
0 160
0 431
0 406
0 214
0 354
0 154
0 311
0 144
0 215
0 272
0 374
0 373
0 192
0 92
0 457
0 240
0 182
0 267
0 263
0 408
0 304
0 467
0 56
0 291
0 2107
0 270
0 1138
0 319
0 307
0 201
0 246
0 65
0 302
0 326
0 177
0 73
0 233
0 130
0 349
0 129
0 97
0 235
0 227
0 184
0 42
0 293
0 90
0 550
0 229
0 682
0 87
0 158
0 1092
0 826
0 151
0 269
0 561
0 282
0 244
0 473
0 148
0 489
0 383
0 320
0 91
0 731
0 188
0 235
0 82
0 129
0 442
0 603
0 366
0 157
0 883
0 538
0 175
0 835
0 204
0 60
0 173
0 238
0 65
0 122
0 50
0 204
0 96
0 481
0 253
0 259
0 338
