# SA for random K-SAT
# K = 4   N = 2048   M = 17408   seed = 3070816848
# alpha = 8.500000   nIter = 8192  Tmax = 0.200000
# 1:lowestUnsat  2:runTime
0 1210
0 1244
0 1328
0 1085
0 1464
0 1139
0 1976
0 790
0 1304
0 1040
0 673
0 381
0 856
0 1382
0 1584
0 721
0 1218
0 688
0 986
0 1238
0 426
0 1254
0 916
0 559
0 1587
0 1917
0 617
0 1441
0 1107
0 871
0 1588
0 803
0 1298
0 1260
0 721
0 393
0 790
0 1238
0 359
0 858
0 766
0 1098
0 841
0 689
0 1205
0 1276
0 1169
0 1395
0 1235
0 1572
0 1040
0 1295
0 1022
0 864
0 1082
0 937
0 508
0 470
0 1388
0 772
0 529
0 894
0 1486
0 651
0 832
0 1160
0 1147
0 1167
0 1203
0 844
0 948
0 1341
0 1472
0 1204
0 1875
0 754
0 1363
0 1215
0 1116
0 802
0 248
0 1204
0 833
0 1122
0 771
0 668
0 1422
0 1494
0 757
0 900
0 1019
0 1152
0 872
0 928
0 961
0 1914
0 576
0 872
0 1207
0 1153
0 798
0 718
0 1081
0 1052
0 1522
0 1171
0 1885
0 523
0 850
0 1686
0 944
0 537
0 701
0 733
0 868
0 1300
0 1717
0 1597
0 988
0 1104
0 903
0 984
0 778
0 920
0 1306
0 967
0 1024
0 978
0 1072
0 1000
0 995
0 775
0 689
0 802
0 801
0 1266
0 758
0 1108
0 1484
0 658
0 1653
0 487
0 1404
0 837
0 1298
0 1460
0 796
0 892
0 1424
0 1489
0 1636
0 1721
0 1027
0 515
0 831
0 673
0 811
0 1599
0 1015
0 1542
0 1137
0 654
0 1057
0 946
0 692
0 1111
0 906
0 915
0 872
0 1660
0 1190
0 1003
0 920
0 1710
0 1368
0 1026
0 1396
0 831
0 712
0 1215
0 1073
0 615
0 1202
0 994
0 2324
0 1031
0 1368
0 860
0 1063
0 616
0 1302
0 1231
0 878
0 1345
0 1816
0 1290
0 843
0 1057
0 1796
0 1461
0 1519
0 1221
0 1260
0 1464
0 1625
0 1186
0 1229
0 902
0 882
0 1240
0 1230
0 641
0 1131
0 1006
0 824
0 1865
0 1194
0 748
0 1301
0 960
0 1023
0 1023
0 642
0 951
0 715
0 624
0 1282
0 1586
0 678
0 941
0 949
0 897
0 1451
0 546
0 1209
0 1046
0 982
0 1844
0 1158
0 1021
0 867
0 844
0 949
0 1147
0 1072
0 1319
0 873
0 1757
0 911
0 1322
0 1165
0 1057
0 1905
0 1320
0 1462
0 1150
0 600
0 1288
0 766
0 1344
0 1236
0 1327
0 576
0 830
0 611
0 1079
0 804
0 1256
0 725
0 884
0 2716
0 803
0 489
0 699
0 1138
0 889
0 789
0 542
0 1039
0 1075
0 943
0 1265
0 761
0 1349
0 815
0 925
0 1781
0 1218
0 1104
0 671
0 1290
0 910
0 489
0 1082
0 1142
0 1495
0 986
0 1331
0 673
0 1324
0 1187
0 950
0 1090
0 1147
0 635
0 948
0 1330
0 906
0 779
0 1127
0 843
0 1387
0 847
0 1763
0 1457
0 656
0 1013
0 1499
0 1187
0 1414
0 966
0 1123
0 1177
0 1296
0 1668
0 1141
0 970
0 924
0 1104
0 1088
0 1105
0 1145
0 912
0 644
0 977
0 1029
0 1161
0 728
0 1699
0 1294
0 1248
0 754
0 867
0 1473
0 1953
0 1136
0 741
0 2032
0 868
0 1419
0 979
0 1237
0 892
0 1245
0 840
0 1580
0 690
0 597
0 841
0 1099
0 1105
0 1852
0 1914
0 835
0 857
0 1098
0 1018
0 1014
0 996
0 784
0 1053
0 1043
0 646
0 856
0 990
0 709
0 787
0 1008
0 1259
0 667
0 1672
0 1171
0 694
0 1161
0 1544
0 1113
0 1332
0 1403
0 1090
0 842
0 1174
0 514
0 1337
0 684
0 860
0 1769
0 1176
0 1580
0 1031
0 1267
0 1116
0 925
0 1453
0 1183
0 785
0 1237
0 1649
0 1467
0 1365
0 1091
0 1588
0 898
0 765
0 1529
0 1227
0 1137
0 667
0 987
0 998
0 981
0 1442
0 1984
0 1181
0 1228
0 906
0 1046
0 939
0 844
0 804
0 938
0 1450
0 1009
0 1491
0 1130
0 1449
0 903
0 996
0 1057
0 1638
0 918
0 1242
0 1394
0 1326
0 1146
0 689
0 824
0 1286
0 1230
0 1299
0 1298
0 749
0 1008
0 1243
0 931
0 1141
0 1262
0 682
0 1091
0 1265
0 1465
0 1196
0 1318
0 870
0 1005
0 743
0 803
0 956
0 853
0 1036
0 1007
0 1447
0 1735
0 1395
0 1370
0 1026
0 1352
0 899
0 1415
0 1301
0 1101
0 1151
0 1588
0 1149
0 1045
0 410
0 927
0 1131
0 504
0 1116
0 548
0 678
0 1513
0 1338
0 957
0 1349
0 1041
0 1166
0 1052
0 1324
0 1310
0 579
0 914
0 476
0 993
0 885
0 1764
0 1230
0 1068
0 1319
0 632
0 954
0 1228
0 616
0 1023
0 1291
0 684
0 1857
0 922
0 994
0 1297
0 934
0 739
0 926
0 1141
0 1145
0 1063
0 708
0 1794
0 1366
0 1004
0 539
0 1854
0 1078
0 607
0 289
0 958
0 1090
0 809
0 1341
0 1235
0 1331
0 923
0 480
0 714
0 1004
0 749
0 248
0 956
0 1203
0 1105
0 917
0 1477
0 1324
0 1344
0 1021
0 1245
0 1553
0 602
0 864
0 707
0 1444
0 1961
0 1058
0 1099
0 1417
0 931
0 717
0 574
0 769
0 910
0 586
0 1192
0 738
0 1053
0 799
0 794
0 619
0 1302
0 684
0 1325
0 712
0 749
0 679
0 844
0 1083
0 759
0 895
0 811
0 816
0 1075
0 1294
0 1195
0 1404
0 1124
0 1397
0 1496
0 1325
0 833
0 1020
0 1050
0 330
0 756
0 1218
0 876
0 1279
0 1740
0 703
0 1233
0 1280
0 564
0 1297
0 874
0 1042
0 1027
0 864
0 1264
0 743
0 1605
0 769
0 1238
0 1524
0 1380
0 1137
0 1179
0 720
0 1137
0 1910
0 1285
0 1053
0 986
0 934
0 1132
0 1038
0 852
0 1462
0 929
0 1025
0 1534
0 882
0 1086
0 1194
0 1200
0 934
0 1697
0 1295
0 1091
0 1012
0 1170
0 449
0 990
0 613
0 854
0 959
0 1594
0 1216
0 926
0 1236
0 1239
0 1154
0 1156
0 786
0 734
0 1008
0 791
0 784
0 1032
0 1473
0 598
0 989
0 1271
0 1036
0 1264
0 807
0 805
0 1026
0 1477
0 1370
0 845
0 747
0 1381
0 732
0 1037
0 633
0 1236
0 1278
0 874
0 1312
0 881
0 1088
0 1305
0 990
0 663
0 975
0 1172
0 1018
0 1537
0 1424
0 1233
0 1038
0 1033
0 1303
0 875
0 1610
0 1111
0 1084
0 1079
0 1293
0 1577
0 834
0 1290
0 975
0 795
0 1083
0 1257
0 1376
0 1094
0 1243
0 1571
0 1084
0 1056
0 619
0 1107
0 1212
0 1274
0 837
0 781
0 942
0 1572
0 889
0 704
0 1996
0 1569
0 1382
0 1371
0 1038
0 1308
0 1230
0 609
0 955
0 703
0 239
0 848
0 1246
0 1517
0 1082
0 1206
0 1083
0 827
0 1011
0 1116
0 1262
0 1268
0 1910
0 1877
0 545
0 1317
0 1271
0 1479
0 1295
0 1216
0 1186
0 1141
0 982
0 1468
0 1099
0 1177
0 500
0 1274
0 576
0 1330
0 1369
0 462
0 1038
0 1048
0 891
0 501
0 976
0 1205
0 1351
0 642
0 1105
0 1427
0 1349
0 1382
0 1580
0 484
0 803
0 769
0 1223
0 677
0 833
0 715
0 880
0 870
0 1332
0 1184
0 880
0 822
0 1299
0 1058
0 1072
0 1463
0 1638
0 436
0 1046
0 1543
0 1298
0 786
0 1393
0 1020
0 590
0 1022
0 472
0 1120
0 1472
0 999
0 1358
0 455
0 930
0 1113
0 973
0 697
0 751
0 1696
0 1037
0 886
0 825
0 1063
0 951
0 1497
0 991
0 971
0 1394
0 1097
0 1505
0 755
0 635
0 734
0 1077
0 1249
0 1135
0 443
0 807
0 1151
0 564
0 980
0 1223
0 1408
0 1499
0 1198
0 855
0 1639
0 1088
0 1347
0 1782
0 1005
0 935
0 1325
0 733
0 806
0 1107
0 1727
0 1403
0 1336
0 579
0 1570
0 826
0 884
0 892
0 1192
0 798
0 1135
0 1223
0 1106
0 919
0 1369
0 1332
0 720
0 990
0 1024
0 1099
0 1180
0 2017
0 1088
0 1114
0 1146
0 1212
0 1197
0 927
0 1103
0 1162
0 1129
0 1305
0 1004
0 1027
0 1324
0 959
0 963
0 792
0 1517
0 1468
0 1127
0 678
0 1061
0 1077
0 1261
0 664
0 993
0 1150
0 994
0 691
0 1107
0 604
0 1166
0 1232
0 1024
0 325
0 1028
0 1583
0 909
0 772
0 1221
0 1228
0 1407
0 1073
0 631
0 1359
0 653
0 1187
0 678
0 778
0 953
0 462
0 807
0 661
0 1154
0 910
0 1264
0 927
0 1056
0 864
0 520
0 1113
0 726
0 1089
0 1534
0 1738
0 1342
0 1489
0 804
0 1154
0 691
0 1256
0 1080
0 932
0 890
0 1505
0 914
0 1234
0 1424
0 777
0 897
0 1342
0 1006
0 1778
0 1314
0 850
0 1527
0 649
0 1692
0 1683
0 1257
0 562
0 701
0 1004
0 1601
0 668
0 1370
0 1180
0 774
0 1366
0 315
0 1338
0 736
0 1044
0 1199
0 766
0 1287
0 845
0 1989
0 606
0 463
0 1130
0 1602
0 1143
0 616
0 1061
0 1264
0 861
0 980
0 845
0 1508
0 903
0 1146
0 985
0 959
0 1233
0 457
0 1396
0 1218
0 1149
0 1420
0 1165
0 1308
0 1304
0 1290
0 648
0 1211
0 1345
0 519
0 712
0 901
0 643
0 1383
0 743
0 1245
0 1164
0 781
0 1413
0 1087
0 1150
0 2184
0 1854
0 913
0 1458
0 1054
0 992
0 848
0 823
0 1519
0 875
0 1246
0 803
0 2388
0 693
0 938
0 829
0 983
0 633
0 2238
0 427
0 1009
0 729
0 785
0 976
0 1294
0 1064
0 559
0 530
0 1376
0 775
0 1105
0 545
0 1126
0 1064
0 915
0 946
0 1138
0 804
0 1005
0 1361
0 1278
0 485
0 532
0 1081
0 1061
0 569
0 1389
0 715
0 1516
0 1109
0 1591
0 1243
0 1251
0 1261
0 780
0 1188
0 1044
0 714
0 1288
0 731
0 932
0 480
0 1710
0 769
0 1002
0 1886
0 1076
0 1232
0 1478
0 1449
0 679
0 902
0 1178
0 1282
0 1374
0 1370
0 823
0 986
0 1185
0 1380
0 679
0 853
0 1265
0 932
0 1711
0 1275
0 814
0 1267
0 1219
0 1421
0 1200
0 1099
0 1354
0 1257
0 1396
0 1170
0 671
0 1370
0 939
0 561
0 1034
0 1159
0 1138
0 864
0 346
0 1313
0 1415
0 781
0 1102
0 787
0 499
0 803
0 951
0 1452
0 1303
0 827
0 1233
0 1007
0 1232
0 1244
0 1098
0 854
0 994
0 906
0 2445
0 1024
0 1172
0 1200
0 1012
0 2223
0 611
0 949
0 1121
0 641
0 837
0 911
0 576
0 1587
0 1199
0 1063
0 1215
0 1024
0 1064
0 945
0 969
0 1029
0 1090
0 2186
0 620
0 1259
0 1134
0 1281
0 1063
0 591
0 1059
0 1497
0 628
0 716
0 1313
0 817
0 1415
0 1034
0 880
0 1158
0 1084
0 1190
0 924
0 1428
0 623
0 1362
0 1059
0 969
0 944
0 835
0 1222
0 779
0 1312
0 1316
0 1546
0 1742
0 953
0 1165
0 1578
0 682
0 975
0 1050
0 1199
0 700
0 1054
0 854
0 1373
0 1355
0 602
0 1774
0 1255
0 688
0 639
0 1130
0 684
0 1031
0 1243
0 1533
0 1211
0 942
0 1310
0 1298
0 667
0 1004
0 1474
0 1599
0 1806
0 1130
0 1007
0 1053
0 497
0 1039
0 985
0 1061
0 1275
0 960
0 1383
0 1146
0 817
0 1283
0 761
0 1606
0 1222
0 908
0 1103
0 977
0 1105
0 1123
0 846
0 1169
0 692
0 1002
0 1184
0 1260
0 759
0 1582
0 1769
0 606
0 928
0 799
0 1255
0 1046
0 579
0 878
0 882
0 982
0 611
0 1630
0 554
0 1238
0 1587
0 1352
0 522
0 1330
0 1404
0 1102
0 872
0 1100
0 739
0 958
0 1130
0 1367
0 850
0 946
0 1468
0 1282
0 1006
0 792
0 687
0 993
0 1530
0 1535
0 723
0 950
0 1307
0 895
0 1915
0 1012
0 734
0 1427
0 1292
0 609
0 760
0 873
0 1139
0 1132
0 1578
0 917
0 1415
0 824
0 1650
0 1352
0 1456
0 1137
0 314
0 1320
0 903
0 1014
0 1017
0 830
0 1332
0 1389
0 624
0 580
0 1316
0 1456
0 885
0 1699
0 1330
0 1212
0 844
0 924
0 1350
0 1580
0 1424
0 316
0 731
0 1096
0 1136
0 1521
0 951
0 819
0 1029
0 1517
0 1246
0 1222
0 1641
0 1131
0 647
0 1054
0 884
0 916
0 974
0 1052
0 971
0 967
0 1370
0 1033
0 1414
0 691
0 934
0 470
0 741
0 632
0 992
0 854
0 1318
0 906
0 1424
0 1154
0 950
0 1558
0 1342
0 1525
0 869
0 949
0 713
0 880
0 1265
0 1041
0 410
0 1204
0 1934
0 222
0 622
0 1443
0 964
0 1630
0 659
0 1520
0 853
0 1690
0 1578
0 1140
0 1217
0 517
0 1513
0 834
0 1565
0 1197
0 1012
0 1033
0 766
0 1633
0 959
0 823
0 1548
0 748
0 701
0 918
0 655
0 929
0 829
0 1163
0 1075
0 1463
0 1075
0 1013
0 1006
0 402
0 1181
0 1480
0 765
0 1612
0 1127
0 1482
0 843
0 1031
0 862
0 982
0 1007
0 1297
0 892
0 1251
0 681
0 740
0 2018
0 650
0 1592
0 1187
0 804
0 1254
0 1703
0 1027
0 1158
0 1190
0 1214
0 780
0 1593
0 686
0 1078
0 1255
0 801
0 938
0 998
0 976
0 765
0 1393
0 1414
0 544
0 1125
0 1335
0 904
0 1200
0 1383
0 1429
0 774
0 874
0 633
0 819
0 292
0 1139
0 664
0 670
0 812
0 1080
0 1302
0 767
0 1057
0 1325
0 842
0 1067
0 1052
0 1145
0 1162
0 1213
0 1405
0 1181
0 458
0 1016
0 810
0 1140
0 911
0 516
0 1556
0 1140
0 785
0 1072
0 1185
0 1365
0 800
0 1230
0 794
0 1334
0 775
0 611
0 787
0 902
0 930
0 973
0 1508
0 1691
0 1167
0 913
0 742
0 1466
0 1757
0 1073
0 1507
0 792
0 937
0 598
0 530
0 812
0 1769
0 561
0 836
0 942
0 1172
0 1510
0 1581
0 1139
0 997
0 753
0 1438
0 588
0 917
0 771
0 1064
0 885
0 720
0 1212
0 1108
0 1346
0 745
0 1046
0 1099
0 1102
0 858
0 1215
0 1438
0 878
0 1158
0 956
0 1007
0 1051
0 559
0 1041
0 1069
0 597
0 1198
0 1255
0 936
0 560
0 1628
0 732
0 1400
0 931
0 1031
0 1305
0 1459
0 876
0 1106
0 924
0 1239
0 1075
0 1449
0 520
0 1073
0 1159
0 1093
0 1216
0 1016
0 1081
0 1096
0 1450
0 774
0 755
0 948
0 1033
0 902
0 1382
0 872
0 1110
0 1369
0 1329
0 1210
0 1337
0 1126
0 1754
0 770
0 875
0 1319
0 1249
0 1352
0 1443
0 991
0 1183
0 829
0 1039
0 862
0 727
0 940
0 1237
0 876
0 858
0 725
0 949
0 807
0 924
0 450
0 890
0 961
0 936
0 1110
0 522
0 1502
0 1291
0 603
0 1584
0 1334
0 923
0 915
0 685
0 1610
0 1071
0 1004
0 722
0 750
0 1042
0 762
0 1301
0 1190
0 1746
0 807
0 1015
0 1862
0 1466
0 760
0 1211
0 961
0 1449
0 1334
0 606
0 1229
0 1338
0 1302
0 1651
0 735
0 1366
0 836
0 954
0 1470
0 983
0 970
0 1197
0 1488
0 729
0 932
0 947
0 931
0 1142
0 657
0 870
0 722
0 832
0 1392
0 1647
0 1450
0 667
0 1445
0 888
0 900
0 1066
0 1305
0 1267
0 1106
0 1162
0 1042
0 983
0 1019
0 1315
0 549
0 1229
0 993
0 1054
0 1585
0 970
0 1143
0 735
0 1008
0 1320
0 1641
0 1264
0 599
0 1133
0 1471
0 1022
0 1059
0 614
0 696
0 1782
0 910
0 960
0 772
0 925
0 1461
0 1219
0 1019
0 939
0 1045
0 2158
0 923
0 1628
0 1076
0 1020
0 1760
0 1223
0 788
0 905
0 1203
0 1071
0 666
0 1722
0 988
0 692
0 570
0 835
0 623
0 1123
0 659
0 1095
0 917
0 921
0 865
0 1006
0 358
0 1299
0 1159
0 1307
0 1304
0 1096
0 1154
0 1105
0 1001
0 797
0 1522
0 1313
0 1045
0 1332
0 1430
0 472
0 977
0 1129
0 875
0 1203
0 945
0 876
0 951
0 1271
0 1059
0 1582
0 1421
0 977
0 1181
0 723
0 1051
0 1228
0 1554
0 785
0 712
0 716
0 1088
0 503
0 1264
0 506
0 1380
0 1311
0 595
0 888
0 1008
0 1096
0 773
0 1058
0 1261
0 702
0 747
0 1321
0 344
0 1478
0 1180
0 756
0 910
0 780
0 1311
0 1319
0 514
0 1263
0 602
0 466
0 1223
0 1172
0 941
0 403
0 1145
0 919
0 1106
0 855
0 1165
0 828
0 565
0 1455
0 950
0 1194
0 1077
0 1561
0 1032
0 1191
0 1399
0 988
0 952
0 1152
0 1013
0 893
0 1064
0 1326
0 503
0 888
0 1228
0 933
0 1216
0 2118
0 490
0 1054
0 1428
0 1237
0 949
0 1499
0 552
0 734
0 544
0 881
0 719
0 1290
0 1385
0 782
0 1235
0 592
0 1854
0 1391
0 1158
0 755
0 439
0 1081
0 1271
0 928
0 1818
0 1592
0 919
0 960
0 1664
0 309
0 1392
0 1236
0 410
0 854
0 1141
0 1445
0 1443
0 978
0 1621
0 704
0 853
0 957
0 1120
0 492
0 598
0 475
0 1247
0 780
0 786
0 948
0 860
0 1032
0 1709
0 946
0 757
0 971
0 972
0 1192
0 1037
0 1365
0 1129
0 1794
0 1314
0 1754
0 440
0 1201
0 551
0 724
0 1361
0 1159
0 1308
0 775
0 1190
0 797
0 1484
0 1766
0 1072
0 1197
0 818
0 1071
0 931
0 700
0 1068
0 1157
0 1081
0 1323
0 593
0 1795
0 572
0 706
0 1160
0 684
0 444
0 1173
0 938
0 965
0 1023
0 996
0 2082
0 435
0 1093
0 961
0 808
0 863
0 922
0 1035
0 808
0 1193
0 1369
0 677
0 1143
0 732
0 1069
0 814
0 848
0 817
0 1729
0 856
0 646
0 1573
0 1025
0 1310
0 1025
0 959
0 922
0 877
0 1463
0 1006
0 945
0 2195
0 859
0 872
0 636
0 920
0 477
0 834
0 1352
0 998
0 1247
0 2269
0 1222
0 1301
0 886
0 1038
0 764
0 1108
0 1513
0 964
0 1106
0 1667
0 879
0 1217
0 1367
0 1323
0 1319
0 754
0 921
0 914
0 845
0 954
0 508
0 391
0 1094
0 634
0 920
0 735
0 725
0 788
0 1148
0 820
0 1180
0 991
0 750
0 1586
0 826
0 781
0 800
0 746
0 1131
0 873
0 1685
0 139
0 978
0 1357
0 823
0 2057
0 1114
0 799
0 1240
0 1504
0 785
0 1028
0 884
0 673
0 1036
0 850
0 786
0 1911
0 868
0 891
0 1051
0 443
0 598
0 1327
0 567
0 555
0 588
0 1307
0 865
0 960
0 1009
0 1194
0 694
0 952
0 909
0 586
0 1016
0 741
0 1193
0 1188
0 794
0 1738
0 1282
0 1033
0 834
0 728
0 1158
0 1394
0 1584
0 814
0 949
0 960
0 666
0 476
0 714
0 1766
0 720
0 515
0 760
0 961
0 1095
0 1350
0 1394
0 1696
0 1335
0 1514
0 1046
0 1319
0 712
0 1120
0 1466
0 1190
0 1560
0 1050
0 1227
0 960
0 1668
0 791
0 1339
0 1063
0 826
0 2071
0 942
0 1080
0 1408
0 1077
0 563
0 769
0 836
0 1121
0 1577
0 1420
0 826
0 632
0 1182
0 832
0 472
0 1429
0 1679
0 1177
0 908
0 1154
0 1038
0 877
0 1129
0 1303
0 1388
0 764
0 1349
0 1284
0 713
0 1118
0 1324
0 814
0 979
0 757
0 953
0 1470
0 1201
0 906
0 1267
0 1257
0 1591
0 1222
0 1403
0 1102
0 462
0 788
0 1010
0 1351
0 588
0 1039
0 1292
0 1197
0 1284
0 882
0 730
0 1509
0 828
0 609
0 642
0 1075
0 1724
0 1174
0 1063
0 1316
0 1395
0 1826
0 1049
0 881
0 1248
0 1117
0 737
0 1685
0 1300
0 860
0 687
0 754
0 1761
0 819
0 1124
0 1528
0 1078
0 1727
0 683
0 1056
0 833
0 796
0 620
0 1507
0 1181
0 1303
0 937
0 1010
0 819
0 936
0 1115
0 1374
0 898
0 1080
0 771
0 1098
0 1496
0 1356
0 1325
0 775
0 898
0 823
0 1341
0 1264
0 844
0 1140
0 1014
0 1077
0 892
0 1571
0 1164
0 699
0 1780
0 588
0 481
0 898
0 555
0 1139
0 858
0 847
0 833
0 880
0 1003
0 523
0 1240
0 604
0 1226
0 795
0 956
0 1068
0 1143
0 1158
0 923
0 429
0 1060
0 1233
0 1435
0 656
0 956
0 1088
0 1317
0 1175
0 1469
0 970
0 1029
0 525
0 744
0 183
0 594
0 1109
0 711
0 1193
0 880
0 882
0 1257
0 1267
0 1036
0 1461
0 1413
0 1216
0 1081
0 2223
0 1184
0 1322
0 735
0 444
0 612
0 954
0 1468
0 991
0 1040
0 831
0 1090
0 1050
0 1167
0 888
0 1034
0 1142
0 1191
0 965
0 1257
0 1151
0 1940
0 781
0 640
0 1315
0 1343
0 1691
0 874
0 749
0 1500
0 1170
0 1219
0 685
0 638
0 963
0 963
0 1187
0 968
0 1026
0 1244
0 1339
0 1326
0 1275
0 937
0 1008
0 621
0 1065
0 1838
0 588
0 939
0 1642
0 1477
0 450
0 1408
0 1658
0 1272
0 1817
0 805
0 1102
0 1766
0 1449
0 1214
0 951
0 570
0 1374
0 1276
0 619
0 938
0 820
0 1269
0 863
0 1226
0 1307
0 620
0 771
0 2061
0 1120
0 1171
0 1163
0 1175
0 536
0 1069
0 743
0 671
0 753
0 893
0 695
0 1400
0 1196
0 1606
0 1002
0 578
0 596
0 803
0 828
0 951
0 953
0 1340
0 805
0 1401
0 885
0 622
0 315
0 818
0 1228
0 1169
0 955
0 1573
0 458
0 378
0 1380
0 1087
0 1367
0 1128
0 1281
0 1150
0 592
0 1212
0 1118
0 1411
0 659
0 576
0 1676
0 1527
0 1215
0 1114
0 1474
0 1412
0 1190
0 787
0 1493
0 981
0 754
0 1349
0 2328
0 1030
0 802
0 541
0 1178
0 2043
0 1169
0 1299
0 1154
0 1266
0 1010
0 724
0 1333
0 790
0 1424
0 1085
0 744
0 971
0 1363
0 580
0 731
0 789
0 1340
0 980
0 772
0 1240
0 1517
0 1354
0 595
0 675
0 1112
0 720
0 996
0 894
0 933
0 902
0 1282
0 1158
0 1409
0 1224
0 1023
0 2084
0 1549
0 1111
0 1294
0 1513
0 533
0 981
0 1036
0 1048
0 1382
0 768
0 440
0 1189
0 1035
0 1054
0 1177
0 708
0 927
0 1119
0 1781
0 1242
0 1588
0 1110
0 1191
0 1956
0 1211
0 1121
0 1405
0 1847
0 966
0 1105
0 935
0 1400
0 998
0 661
0 1051
0 969
0 893
0 1776
0 593
0 735
0 985
0 1335
0 1522
0 1230
0 1280
0 1299
0 818
0 978
0 843
0 1252
0 762
0 1141
0 871
0 999
0 1258
0 1180
0 585
0 979
0 765
0 1725
0 607
0 949
0 1159
0 1519
0 1198
0 895
0 1106
0 988
0 1219
0 966
0 420
0 1302
0 942
0 1313
0 815
0 1155
0 1326
0 1003
0 1549
0 1651
0 1040
0 1081
0 1019
0 959
0 806
0 1098
0 926
0 559
0 915
0 1239
0 1368
0 998
0 1005
0 1118
0 1417
0 1205
0 1364
0 1311
0 948
0 890
0 558
0 1828
0 1655
0 1233
0 1669
0 983
0 1021
0 723
0 1371
0 1341
0 954
0 1071
0 1522
0 1643
0 1475
0 1309
0 1137
0 530
0 968
0 835
0 736
0 1280
0 985
0 1478
0 1004
0 1054
0 914
0 2051
0 1597
0 1071
0 1121
0 1084
0 1282
0 862
0 1295
0 1117
0 1175
0 917
0 1091
0 1681
0 1249
0 1278
0 1248
0 1265
0 1193
0 998
0 2383
0 616
0 871
0 836
0 1349
0 761
0 899
0 1871
0 899
0 1041
0 1234
0 458
0 1192
0 932
0 1069
0 1340
0 1652
0 989
0 769
0 704
0 979
0 1187
0 1005
0 1368
0 1055
0 1455
0 760
0 1057
0 634
0 1186
0 245
0 1436
0 743
0 1037
0 1293
0 932
0 1024
0 1128
0 1064
0 1742
0 985
0 1086
0 788
0 1272
0 1000
0 614
0 786
0 1082
0 1424
0 1264
0 912
0 937
0 1156
0 1371
0 1854
0 1079
0 991
0 1213
0 1052
0 663
0 1391
0 1634
0 715
0 1275
0 680
0 1846
0 504
0 1246
0 760
0 994
0 1181
0 1064
0 1052
0 1393
0 1217
0 946
0 1420
0 822
0 1652
0 858
0 1758
0 1022
0 1541
0 1108
0 1469
0 1099
0 947
0 725
0 838
0 1512
0 1148
0 1182
0 446
0 585
0 1029
0 725
0 786
0 651
0 1374
0 779
0 745
0 1028
0 1237
0 1175
0 1074
0 1071
0 732
0 1032
0 1237
0 1351
0 1242
0 1118
0 984
0 1428
0 810
0 1132
0 1271
0 725
0 595
0 871
0 1065
0 1201
0 972
0 843
0 1636
0 1029
0 660
0 1027
0 1267
0 1077
0 1236
0 1550
0 1036
0 1262
0 1181
0 1043
0 676
0 775
0 1110
0 765
0 705
0 771
0 2043
0 961
0 1353
0 1436
0 942
0 886
0 1116
0 1470
0 1545
0 570
0 715
0 1040
0 1471
0 1079
0 1188
0 874
0 775
0 553
0 1131
0 2485
0 863
0 1238
0 1917
0 1721
0 744
0 1236
0 743
0 1008
0 918
0 1126
0 948
0 1570
0 1427
0 1581
0 769
0 851
0 610
0 880
0 723
0 575
0 1533
0 753
0 1420
0 959
0 954
0 1156
0 259
0 713
0 1460
0 961
0 933
0 1137
0 848
0 1047
0 968
0 1069
0 407
0 1150
0 1624
0 748
0 1440
0 1386
0 1519
0 822
0 697
0 1322
0 1186
0 415
0 1060
0 787
0 1401
0 1419
0 955
0 1275
0 626
0 1067
0 914
0 741
0 2329
0 3018
0 1320
0 763
0 1248
0 1342
0 1331
0 1176
0 1391
0 1474
0 958
0 1058
0 946
0 1127
0 693
0 920
0 1831
0 1252
0 1306
0 1141
0 1085
0 1243
0 919
0 1042
0 1019
0 816
0 968
0 1683
0 1314
0 1469
0 1118
0 1021
0 1331
0 1235
0 1075
0 1250
0 684
0 1092
0 1139
0 913
0 858
0 732
0 624
0 1353
0 1158
0 1812
0 1556
0 1575
0 1410
0 1683
0 1177
0 1207
0 646
0 901
0 925
0 1493
0 1490
0 1126
0 870
0 1197
0 1073
0 552
0 1070
0 1420
0 832
0 1262
0 1122
0 1104
0 1184
0 1211
0 858
0 1169
0 978
0 677
0 1518
0 1139
0 1254
0 1392
0 631
0 802
0 1506
0 1310
0 1178
0 830
0 1316
0 1841
0 1053
0 739
0 1091
0 562
0 588
0 1089
0 1984
0 1145
0 1335
0 1178
0 1016
0 1032
0 1174
0 1431
0 975
0 1250
0 1073
0 1145
0 1440
0 1115
0 914
0 868
0 1787
0 1287
0 933
0 1657
0 1618
0 1634
0 1078
0 1303
0 624
0 795
0 1208
0 1025
0 1174
0 1347
0 777
0 1574
0 1349
0 643
0 612
0 1072
0 1061
0 725
0 728
0 1027
0 571
0 619
0 1882
0 948
0 893
0 776
0 1160
0 488
0 1217
0 1067
0 1449
0 1560
0 1083
0 1030
0 711
0 1769
0 1306
0 1271
0 1156
0 1263
0 1866
0 1103
0 1391
0 780
0 896
0 1435
0 625
0 1131
0 1290
0 923
0 969
0 1793
0 1064
0 1084
0 1297
0 1488
0 817
0 953
0 651
0 947
0 1196
0 955
0 1310
0 1814
0 1044
0 1484
0 985
0 1234
0 1277
0 1137
0 1637
0 997
0 1524
0 1170
0 1155
0 1339
0 836
0 1098
0 1365
0 1372
0 572
0 653
0 895
0 1262
0 1681
0 716
0 1432
0 743
0 1034
0 1175
0 563
0 1057
0 535
0 1115
0 1056
0 945
0 914
0 1430
0 1255
0 1003
0 1106
0 866
0 1198
0 1561
0 1417
0 931
0 1241
0 1542
0 596
0 637
0 1120
0 655
0 756
0 689
0 390
0 913
0 1494
0 1544
0 652
0 996
0 1567
0 1263
0 404
0 1119
0 1199
0 1121
0 1066
0 943
0 1842
0 968
0 804
0 1071
0 1069
0 1128
0 1756
0 1442
0 1604
0 1095
0 736
0 690
0 527
0 1255
0 727
0 1067
0 814
0 286
0 1628
0 1237
0 1433
0 1438
0 975
0 1070
0 1828
0 636
0 853
0 1022
0 1580
0 1824
0 1102
0 1568
0 1209
0 1094
0 599
0 1294
0 612
0 1423
0 784
0 936
0 1204
0 1362
0 1381
0 624
0 995
0 504
0 412
0 932
0 851
0 1453
0 854
0 1419
0 1522
0 809
0 1140
0 1286
0 980
0 1039
0 1061
0 1202
0 1653
0 1169
0 1214
0 878
0 1418
0 1268
0 1055
0 942
0 1272
0 783
0 874
0 1242
0 1130
0 857
0 1319
0 802
0 1030
0 1724
0 1156
0 731
0 822
0 1050
0 884
0 1281
0 1097
0 581
0 664
0 949
0 356
0 1103
0 945
0 991
0 1415
0 1701
0 1606
0 814
0 1111
0 1104
0 1298
0 742
0 711
0 901
0 1182
0 535
0 921
0 630
0 807
0 1084
0 1264
0 956
0 714
0 1098
0 1037
0 512
0 881
0 1051
0 1063
0 816
0 738
0 725
0 1039
0 481
0 1342
0 778
0 1416
0 1667
0 829
0 852
0 1045
0 628
0 780
0 1422
0 1257
0 1367
0 1170
0 1125
0 1138
0 1058
0 434
0 1028
0 746
0 1011
0 1490
0 517
0 829
0 523
0 816
0 1370
0 907
0 944
0 886
0 994
0 1157
0 1520
0 2029
0 1207
0 1329
0 1164
0 1265
0 1512
0 1062
0 938
0 649
0 914
0 1057
0 1406
0 1156
0 767
0 1229
0 1159
0 783
0 1104
0 765
0 1094
0 1055
0 672
0 1060
0 1727
0 777
0 388
0 1068
0 1410
0 736
0 589
0 1158
0 944
0 1206
0 696
0 784
0 838
0 1047
0 1394
0 973
0 949
0 747
0 1312
0 1099
0 1059
0 1275
0 872
0 920
0 967
0 919
0 661
0 721
0 925
0 875
0 859
0 719
0 2605
0 481
0 1524
0 1524
0 1691
0 1106
0 1251
0 1355
0 1023
0 1293
0 1165
0 1014
0 1381
0 1215
0 1101
0 768
0 438
0 1325
0 977
0 1026
0 617
0 971
0 1323
0 1066
0 1306
0 1680
0 719
0 902
0 735
0 1164
0 1313
0 1081
0 1019
0 441
0 1172
0 1044
0 1066
0 829
0 640
0 1142
0 1705
0 905
0 1257
0 1145
0 1140
0 1187
0 728
0 986
0 992
0 973
0 328
0 927
0 1056
0 1626
0 778
0 1276
0 1307
0 1071
0 704
0 1317
0 1395
0 807
0 1143
0 889
0 725
0 1239
0 1111
0 1264
0 1278
0 1253
0 1390
0 912
0 692
0 1232
0 1323
0 1136
0 997
0 1002
0 344
0 1753
0 949
0 1311
0 1197
0 796
0 1217
0 1165
0 969
0 816
0 1320
0 1423
0 815
0 1464
0 898
0 1157
0 1037
0 2111
0 1066
0 961
0 1318
0 599
0 1587
0 746
0 753
0 752
0 1059
0 1267
0 1433
0 1078
0 1367
0 557
0 1595
0 661
0 729
0 639
0 946
0 1504
0 962
0 842
0 1207
0 1635
0 798
0 998
0 1181
0 682
0 1114
0 1230
0 1180
0 903
0 1120
0 918
0 1064
0 1066
0 1093
0 1332
0 1203
0 893
0 1223
0 1012
0 896
0 333
0 1261
0 1208
0 1313
0 1303
0 1558
0 564
0 520
0 1081
0 1034
0 858
0 933
0 1380
0 825
0 846
0 730
0 963
0 1067
0 1555
0 1075
0 849
0 1125
0 642
0 1297
0 524
0 742
0 1328
0 1791
0 716
0 863
0 1319
0 736
0 717
0 839
0 514
0 913
0 286
0 664
0 1292
0 1073
0 952
0 1553
0 1091
0 1152
0 1147
0 1098
0 667
0 1251
0 1288
0 808
0 870
0 1468
0 799
0 1116
0 1272
0 1267
0 1419
0 942
0 578
0 840
0 778
0 1015
0 1368
0 906
0 1412
0 799
0 1347
0 1140
0 1509
0 1060
0 1324
0 763
0 1422
0 1079
0 928
0 1460
0 1337
0 922
0 1134
0 605
0 982
0 1065
0 1091
0 1521
0 1259
0 629
0 1967
0 831
0 848
0 1085
0 902
0 1098
0 971
0 938
0 1299
0 1112
0 635
0 908
0 897
0 1183
0 1348
0 1255
0 842
0 1368
0 668
0 1062
0 279
0 1317
0 1346
0 1166
0 800
0 1006
0 1226
0 863
0 876
0 1756
0 763
0 1119
0 854
0 759
0 1299
0 1064
0 1205
0 1490
0 795
0 993
0 1015
0 1042
0 865
0 969
0 1489
0 803
0 1020
0 1397
0 1307
0 1387
0 1582
0 1311
0 854
0 1418
0 806
0 1273
0 907
0 702
0 1397
0 641
0 860
0 1025
0 780
0 953
0 1445
0 1187
0 724
0 1059
0 792
0 1101
0 1129
0 725
0 738
0 586
0 1122
0 1055
0 1251
0 490
0 1250
0 1024
0 1126
0 1190
0 1507
0 929
0 1274
0 1016
0 785
0 1013
0 789
0 1278
0 845
0 1655
0 909
0 1182
0 1045
0 623
0 1102
0 1241
0 1706
0 866
0 861
0 1217
0 1095
0 1271
0 445
0 1084
0 1073
0 893
0 977
0 921
0 917
0 571
0 1001
0 491
0 1361
0 1043
0 1416
0 1234
0 1028
0 881
0 915
0 840
0 1467
0 1170
0 802
0 935
0 1001
0 1038
0 877
0 1399
0 1053
0 893
0 1348
0 832
0 999
0 1272
0 1027
0 1346
0 1052
0 1570
0 530
0 1343
0 480
0 1378
0 770
0 1242
0 1125
0 1349
0 1122
0 1716
0 933
0 939
0 1298
0 1424
0 772
0 1596
0 695
0 1212
0 1562
0 1444
0 610
0 945
0 837
0 1295
0 1481
0 823
0 1424
0 1258
0 503
0 1357
0 499
0 1028
0 1040
0 957
0 1003
0 1109
0 1213
0 885
0 967
0 1864
0 1455
0 1150
0 1308
0 1064
0 663
0 1358
0 939
0 911
0 568
0 1682
0 1486
0 1150
0 1235
0 344
0 784
0 1128
0 1345
0 1045
0 1004
0 1158
0 920
0 1052
0 699
0 871
0 844
0 1613
0 1896
0 1424
0 1077
0 457
0 1507
0 590
0 465
0 928
0 938
0 965
0 398
0 984
0 1110
0 715
0 1905
0 1307
0 659
0 852
0 995
0 1428
0 703
0 1941
0 1012
0 977
0 882
0 1331
0 651
0 762
0 1220
0 2044
0 1007
0 831
0 1995
0 939
0 1087
0 863
0 884
0 1230
0 909
0 1282
0 1470
0 1275
0 1070
0 970
0 1164
0 1991
0 1322
0 1497
0 950
0 1946
0 1151
0 1110
0 1144
0 1012
0 755
0 623
0 480
0 938
0 1216
0 952
0 693
0 1122
0 1609
0 1015
0 1486
0 1556
0 927
0 1258
0 976
0 1203
0 1053
0 1141
0 1264
0 903
0 656
0 902
0 1157
0 1299
0 1191
0 1194
0 1455
0 1759
0 731
0 1112
0 1435
0 1347
0 985
0 495
0 1790
0 1022
0 1353
0 444
0 769
0 1534
0 874
0 1009
0 1786
0 934
0 895
0 1419
0 1201
0 1595
0 1160
0 995
0 1098
0 532
0 610
0 1718
0 1140
0 941
0 881
0 999
0 1170
0 860
0 452
0 1220
0 1243
0 1113
0 747
0 1180
0 1054
0 869
0 1308
0 409
0 1131
0 457
0 801
0 418
0 1277
0 1374
0 989
0 1634
0 646
0 1493
0 1208
0 838
0 1433
0 982
0 1563
0 1142
0 1366
0 1076
0 960
0 561
0 1253
0 753
0 1276
0 755
0 1586
0 1097
0 1187
0 1048
0 1205
0 1457
0 1183
0 687
0 439
0 1254
0 870
0 437
0 1109
0 1612
0 929
0 645
0 985
0 886
0 1092
0 1758
0 947
0 1042
0 950
0 1003
0 541
0 1235
0 1020
0 1222
0 1044
0 1118
0 1072
0 1857
0 1514
0 1256
0 1527
0 1695
0 944
0 1069
0 1204
0 509
0 444
0 811
0 1386
0 1384
0 1108
0 1359
0 1203
0 933
0 1033
0 1076
0 927
0 874
0 1331
0 1252
0 1088
0 960
0 1161
0 1260
0 1018
0 1485
0 1383
0 1270
0 1245
0 936
0 817
0 1049
0 1438
0 1197
0 1655
0 661
0 582
0 1178
0 385
0 1121
0 1050
0 1635
0 767
0 945
0 1535
0 1560
0 1887
0 787
0 569
0 647
0 1055
0 1326
0 1163
0 1478
0 738
0 1026
0 357
0 496
0 1458
0 865
0 828
0 937
0 935
0 1205
0 1447
0 1363
0 1032
0 1193
0 1358
0 1614
0 1234
0 734
0 1029
0 1005
0 1054
0 1107
0 649
0 583
0 754
0 699
0 710
0 1320
0 1208
0 1637
0 1033
0 1487
0 886
0 704
0 1010
0 1276
0 996
0 1175
0 820
0 457
0 733
0 1116
0 1341
0 1055
0 1294
0 1824
0 1069
0 1136
0 1095
0 1177
0 1155
0 1351
0 944
0 1523
0 1537
0 1169
0 1186
0 1003
0 1042
0 1290
0 1371
0 1575
0 923
0 884
0 1506
0 1586
0 836
0 1034
0 444
0 1000
0 1219
0 904
0 734
0 853
0 920
0 1523
0 724
0 1799
0 655
0 1333
0 834
0 731
0 1041
0 1078
0 1285
0 891
0 1316
0 437
0 1115
0 1244
0 772
0 1287
0 1347
0 771
0 690
0 1048
0 1254
0 745
0 1322
0 1081
0 1240
0 1414
0 1094
0 1163
0 1169
0 1111
0 1566
0 1251
0 2426
0 905
0 1083
0 1068
0 806
0 1248
0 1108
0 827
0 1016
0 1151
0 1090
0 1081
0 776
0 817
0 819
0 1213
0 1261
0 552
0 456
0 1355
0 884
0 1512
0 592
0 2129
0 1109
0 660
0 1913
0 1088
0 1261
0 1510
0 1264
0 1066
0 947
0 1991
0 987
0 1083
0 737
0 1147
0 1014
0 397
0 1274
0 685
0 1040
0 1288
0 1633
0 865
0 1701
0 908
0 1163
0 440
0 909
0 1545
0 1178
0 1250
0 1663
0 837
0 1360
0 1279
0 968
0 1812
0 1606
0 1585
0 1049
0 1110
0 1351
0 1182
0 767
0 879
0 1309
0 949
0 1248
0 1147
0 711
0 1174
0 1059
0 1339
0 1204
0 1324
0 739
0 1035
0 796
0 1551
0 1217
0 998
0 1396
0 700
0 837
0 735
0 601
0 1143
0 1722
0 897
0 1013
0 736
0 1182
0 1168
0 1733
0 2178
0 982
0 1327
0 741
0 1490
0 1825
0 1342
0 1313
0 2028
0 1140
0 2512
0 1311
0 1174
0 324
0 735
0 725
0 1126
0 1149
0 1400
0 1034
0 732
0 1310
0 2130
0 1004
0 1554
0 986
0 927
0 882
0 649
0 1507
0 1260
0 1037
0 982
0 1000
0 704
0 506
0 831
0 1134
0 1398
0 1617
0 924
0 483
0 967
0 963
0 892
0 1000
0 521
0 948
0 2498
0 1132
0 678
0 856
0 581
0 1543
0 1081
0 932
0 1095
0 1316
0 1303
0 892
0 1058
0 984
0 1502
0 757
0 1143
0 938
0 1140
0 1077
0 865
0 2236
0 853
0 526
0 660
0 685
0 798
0 1006
0 1035
0 1030
0 545
0 1329
0 971
0 1436
0 889
0 894
0 885
0 2338
0 1053
0 932
0 1071
0 1057
0 1147
0 940
0 1450
0 2183
0 1616
0 853
0 2123
0 1495
0 928
0 1469
0 1024
0 1182
0 1236
0 726
0 1161
0 1211
0 902
0 1015
0 1026
0 1184
0 1349
0 1277
0 1067
0 1350
0 849
0 1865
0 1181
0 577
0 569
0 1262
0 1655
0 1036
0 578
0 1330
0 1534
0 707
0 832
0 733
0 1181
0 1081
0 1081
0 866
0 1155
0 1381
0 1229
0 914
0 1230
0 586
0 1120
0 1213
0 1400
0 1362
0 714
0 998
0 1909
0 886
0 1215
0 974
0 760
0 765
0 520
0 1340
0 770
0 990
0 755
0 1573
0 708
0 1621
0 857
0 2380
0 1615
0 1761
0 1027
0 953
0 1037
0 624
0 1420
0 718
0 1019
0 1022
0 874
0 710
0 728
0 1093
0 1033
0 738
0 1164
0 949
0 1056
0 834
0 963
0 823
0 525
0 1237
0 1102
0 923
0 973
0 381
0 1246
0 1330
0 1445
0 815
0 994
0 1021
0 1142
0 724
0 998
0 634
0 1419
0 917
0 833
0 1539
0 1607
0 1074
0 1097
0 909
0 1659
0 1704
0 1317
0 1092
0 929
0 601
0 1197
0 997
0 341
0 655
0 901
0 893
0 1052
0 1156
0 812
0 793
0 1138
0 333
0 1210
0 1813
0 940
0 1126
0 1574
0 2469
0 1024
0 1284
0 455
0 1605
0 1775
0 1627
0 836
0 741
0 1200
0 1297
0 1328
0 1231
0 755
0 1245
0 901
0 812
0 562
0 768
0 1253
0 1057
0 1774
0 1319
0 927
0 1058
0 1325
0 819
0 1049
0 687
0 577
0 1311
0 1943
0 1047
0 682
0 1114
0 822
0 1284
0 1235
0 1066
0 1477
0 588
0 804
0 1160
0 1409
0 1135
0 623
0 1053
0 664
0 1485
0 747
0 1157
0 938
0 934
0 637
0 1134
0 1500
0 877
0 1255
0 1168
0 550
0 2281
0 1634
0 930
0 1605
0 1324
0 1102
0 1569
0 865
0 1410
0 586
0 998
0 819
0 453
0 1005
0 1082
0 1353
0 1092
0 1206
0 1002
0 1004
0 780
0 825
0 1143
0 1555
0 973
0 1004
0 1113
0 1043
0 917
0 1275
0 1374
0 1149
0 842
0 830
0 663
0 1101
0 1295
0 1309
0 1532
0 1053
0 961
0 856
0 1123
0 886
0 1287
0 1103
0 936
0 1078
0 1190
0 1374
0 695
0 1102
0 1258
0 695
0 792
0 1535
0 1318
0 1464
0 1207
0 1008
0 1248
0 1156
0 1228
0 846
0 1151
0 1380
0 1220
0 741
0 980
0 1641
0 999
0 733
0 1072
0 685
0 1087
0 1492
0 1239
0 1166
0 742
0 954
0 956
0 1385
0 1015
0 1351
0 838
0 1198
0 1545
0 1152
0 501
0 1416
0 870
0 1587
0 900
0 721
0 1561
0 703
0 1219
0 1286
0 986
0 854
0 1286
0 989
0 401
0 1183
0 1112
0 1010
0 1334
0 2220
0 883
0 834
0 1134
0 904
0 1109
0 1392
0 889
0 951
0 893
0 1054
0 996
0 950
0 849
0 1128
0 1559
0 1742
0 1359
0 976
0 1039
0 1048
0 1489
0 1268
0 803
0 426
0 725
0 1219
0 703
0 1921
0 1038
0 896
0 1027
0 1917
0 1270
0 712
0 980
0 1187
0 1236
0 1159
0 1431
0 1059
0 775
0 1381
0 1110
0 682
0 784
0 1145
0 1030
0 1600
0 1258
0 685
0 616
0 1352
0 829
0 949
0 1357
0 1021
0 788
0 810
0 1283
0 1421
0 1292
0 1643
0 1268
0 1519
0 724
0 1146
0 1287
0 990
0 1607
0 1548
0 1204
0 505
0 1726
0 422
0 774
0 1818
0 926
0 1460
0 542
0 937
0 1324
0 1044
0 1610
0 1482
0 1036
0 1424
0 965
0 801
0 991
0 1021
0 1050
0 1610
0 581
0 1588
0 1261
0 881
0 1204
0 1196
0 913
0 1136
0 765
0 1080
0 1209
0 1121
0 1336
0 897
0 1295
0 1148
0 854
0 1150
0 737
0 1078
0 1133
0 188
0 981
0 553
0 784
0 732
0 435
0 833
0 1504
0 1177
0 1591
0 1198
0 666
0 1096
0 1216
0 1173
0 1204
0 1784
0 955
0 1255
0 459
0 1125
0 1048
0 803
0 1988
0 800
0 984
0 963
0 1232
0 1380
0 1404
0 914
0 1320
0 1210
0 1146
0 1444
0 1123
0 886
0 1282
0 1826
0 807
0 1463
0 1021
0 2422
0 868
0 863
0 1039
0 1449
0 1706
0 1112
0 1284
0 1026
0 1287
0 718
0 1221
0 1289
0 1214
0 1233
0 1266
0 1200
0 860
0 1060
0 1055
0 1327
0 862
0 1365
0 745
0 895
0 871
0 2008
0 807
0 783
0 1108
0 1065
0 873
0 1297
0 515
0 1449
0 856
0 1235
0 1033
0 1322
0 1191
0 1217
0 827
0 1576
0 628
0 1064
0 1068
0 947
0 953
0 1425
0 1674
0 845
0 1481
0 526
0 1354
0 1097
0 920
0 1145
0 1764
0 1298
0 1308
0 1381
0 695
0 1036
0 870
0 879
0 890
0 1500
0 1073
0 1397
0 1231
0 1268
0 794
0 1465
0 1620
0 862
0 1423
0 759
0 1425
0 885
0 1314
0 1646
0 682
0 1431
0 1225
0 1005
0 689
0 1029
0 1225
0 939
0 1915
0 834
0 1405
0 1046
0 1157
0 1026
0 493
0 1222
0 800
0 744
0 868
0 1541
0 1092
0 1386
0 1164
0 996
0 1322
0 1368
0 1150
0 1196
0 1301
0 1390
0 1247
0 1401
0 1275
0 1089
0 1019
0 1379
0 1049
0 935
0 1104
0 1705
0 1171
0 1185
0 1249
0 1399
0 1194
0 959
0 697
0 1102
0 1131
0 731
0 772
0 708
0 1006
0 1177
0 604
0 1501
0 616
0 971
0 740
0 420
0 856
0 1308
0 663
0 523
0 1313
0 1436
0 532
0 681
0 1363
0 1560
0 561
0 1942
0 1238
0 656
0 1341
0 1552
0 1404
0 2348
0 1363
0 805
0 1016
0 1048
0 1464
0 968
0 956
0 977
0 1147
0 1067
0 1322
0 1698
0 500
0 1061
0 1124
0 518
0 1768
0 962
0 644
0 859
0 859
0 979
0 1036
0 957
0 747
0 1141
0 685
0 1325
0 1466
0 1222
0 1281
0 1014
0 702
0 999
0 914
0 1178
0 1136
0 1169
0 1477
0 1414
0 581
0 767
0 1131
0 574
0 739
0 1798
0 933
0 571
0 1274
0 947
0 1651
0 925
0 937
0 876
0 1132
0 909
0 1040
0 1139
0 1337
0 1279
0 419
0 1183
0 2027
0 1392
0 1452
0 552
0 1064
0 958
0 1197
0 818
0 439
0 1336
0 1231
0 1128
0 1467
0 932
0 616
0 1220
0 1021
0 1344
0 370
0 753
0 1136
0 1315
0 751
0 971
0 1180
0 1103
0 612
0 778
0 948
0 1418
0 1255
0 754
0 830
0 755
0 1268
0 1480
0 1022
0 1065
0 984
0 1061
0 836
0 988
0 695
0 991
0 874
0 894
0 919
0 1549
0 853
0 554
0 1099
0 929
0 1267
0 770
0 923
0 1093
0 922
0 1199
0 1203
0 1106
0 1183
0 1149
0 1044
0 1156
0 801
0 884
0 850
0 1306
0 1258
0 1012
0 1043
0 467
0 1085
0 491
0 1211
0 1401
0 1072
0 1327
0 1759
0 1222
0 654
0 1277
0 1115
0 964
0 1082
0 1169
0 1757
0 1108
0 1185
0 1168
0 1170
0 840
0 1007
0 503
0 1300
0 1210
0 314
0 1149
0 859
0 1603
0 1595
0 1492
0 1091
0 1245
0 1230
0 894
0 831
0 544
0 964
0 1628
0 1043
0 1650
0 1048
0 925
0 918
0 883
0 1091
0 1143
0 657
0 1116
0 913
0 1345
0 983
0 737
0 892
0 277
0 1010
0 617
0 1149
0 965
0 766
0 1149
0 709
0 1169
0 1281
0 1410
0 767
0 870
0 707
0 895
0 735
0 1135
0 1210
0 792
0 1158
0 1139
0 886
0 356
0 806
0 1457
0 1252
0 1265
0 1261
0 1226
0 1579
0 1471
0 862
0 989
0 861
0 1221
0 681
0 492
0 1628
0 802
0 787
0 1217
0 802
0 1784
0 854
0 1181
0 1260
0 1367
0 1213
0 1553
0 1059
0 680
0 574
0 508
0 1485
0 774
0 1294
0 435
0 1303
0 1195
0 1269
0 1811
0 1397
0 978
0 1033
0 1562
0 1244
0 1068
0 1939
0 1032
0 2443
0 1477
0 1415
0 709
0 819
0 1265
0 624
0 792
0 1045
0 1285
0 996
0 1217
0 1870
0 1184
0 1281
0 1576
0 1264
0 1253
0 712
0 1123
0 849
0 489
0 590
0 665
0 901
0 1220
0 819
0 520
0 1106
0 1221
0 719
0 1037
0 1741
0 1096
0 1204
0 1575
0 466
0 1724
0 1448
0 919
0 817
0 956
0 773
0 1093
0 1353
0 989
0 1728
0 778
0 1354
0 718
0 703
0 1045
0 723
0 696
0 714
0 1633
0 899
0 1503
0 694
0 922
0 879
0 615
0 1352
0 1093
0 1497
0 1248
0 1247
0 1417
0 1831
0 450
0 1769
0 1014
0 1216
0 1092
0 1280
0 821
0 828
0 1733
0 1454
0 1012
0 517
0 1075
0 1423
0 1634
0 1176
0 1150
0 907
0 1018
0 1008
0 618
0 1044
0 991
0 767
0 1466
0 1924
0 1174
0 983
0 828
0 1439
0 1492
0 1010
0 1205
0 1580
0 1045
0 1384
0 707
0 616
0 863
0 1599
0 852
0 965
0 1206
0 1114
0 1228
0 537
0 1272
0 998
0 956
0 1185
0 1505
0 1353
0 936
0 603
0 611
0 1315
0 1253
0 1233
0 518
0 1460
0 1161
0 1154
0 764
0 618
0 573
0 955
0 1224
0 732
0 674
0 1303
0 849
0 942
0 1202
0 1240
0 1014
0 1164
0 1621
0 991
0 974
0 1127
0 1707
0 691
0 1042
0 1227
0 705
0 1394
0 930
0 766
0 2100
0 572
0 1484
0 1171
0 646
0 1040
0 1490
0 1228
0 1452
0 1117
0 879
0 585
0 1512
0 908
0 959
0 763
0 622
0 445
0 844
0 1482
0 1264
0 914
0 478
0 791
0 739
0 832
0 1057
0 944
0 1660
0 1020
0 1038
0 1069
0 1346
0 1650
0 487
0 712
0 1318
0 801
0 1080
0 1579
0 1415
0 1241
0 519
0 1966
0 1169
0 917
0 1320
0 653
0 443
0 1028
0 1090
0 1020
0 1387
0 1048
0 1158
0 957
0 1405
0 1069
0 1201
0 719
0 1005
0 838
0 1552
0 844
0 702
0 877
0 1349
0 594
0 1598
0 1379
0 1143
0 1142
0 820
0 986
0 1064
0 1086
0 1190
0 1672
0 1378
0 1222
0 587
0 922
0 1237
0 1094
0 1478
0 368
0 966
0 659
0 1374
0 738
0 798
0 843
0 1176
0 1246
0 1120
0 1443
0 1139
0 699
0 666
0 884
0 811
0 1297
0 1298
0 747
0 1621
0 829
0 1593
0 1264
0 889
0 1551
0 786
0 842
0 820
0 561
0 984
0 733
0 783
0 1076
0 1662
0 743
0 1174
0 1341
0 1025
0 1315
0 1528
0 383
0 772
0 1654
0 1946
0 620
0 1131
0 877
0 1080
0 900
0 736
0 1650
0 1190
0 1753
0 1344
0 1899
0 1164
0 509
0 1390
0 1621
0 1161
0 598
0 1085
0 1339
0 1210
0 892
0 1326
0 703
0 1187
0 1284
0 1141
0 933
0 723
0 1098
0 929
0 831
0 738
0 1406
0 601
0 1746
0 1504
0 460
0 1081
0 681
0 1520
0 976
0 763
0 979
0 804
0 750
0 1681
0 1117
0 739
0 1585
0 1315
0 1195
0 1463
0 1450
0 870
0 1288
0 588
0 941
0 912
0 478
0 1648
0 1037
0 872
0 704
0 890
0 815
0 1571
0 1200
0 1033
0 1006
0 1229
0 1392
0 1327
0 927
0 690
0 1117
0 1086
0 2690
0 1060
0 823
0 643
0 767
0 727
0 1383
0 890
0 1273
0 1091
0 1468
0 1298
0 392
0 984
0 804
0 1137
0 296
0 1655
0 1204
0 749
0 1295
0 1402
0 1439
0 1332
0 1122
0 1208
0 988
0 1448
0 1416
0 1035
0 689
0 1117
0 1825
0 591
0 759
0 604
0 805
0 1626
0 816
0 892
0 922
0 1276
0 1516
0 1320
0 1177
0 1046
0 701
0 1199
0 927
0 833
0 773
0 736
0 1024
0 974
0 712
0 1741
0 875
0 751
0 1146
0 1211
0 946
0 1299
0 1358
0 886
0 1291
0 1123
0 1321
0 1115
0 799
0 1288
0 1379
0 1066
0 1635
0 720
0 901
0 344
0 653
0 1216
0 718
0 1184
0 1444
0 1646
0 1509
0 1064
0 895
0 684
0 1442
0 678
0 1009
0 870
0 429
0 917
0 1122
0 1274
0 1087
0 790
0 1310
0 471
0 1213
0 414
0 759
0 1142
0 1397
0 1079
0 1354
0 2293
0 991
0 1594
0 912
0 1344
0 1278
0 1088
0 1010
0 1364
0 748
0 946
0 1919
0 1241
0 1035
0 1209
0 1116
0 1344
0 799
0 921
0 1190
0 1218
0 1115
0 1529
0 1193
0 994
0 1327
0 1280
0 1898
0 959
0 977
0 1182
0 1412
0 1158
0 1169
0 1265
0 949
0 1040
0 868
0 1432
0 947
0 770
0 997
0 824
0 1553
0 1051
0 1386
0 1067
0 1607
0 1693
0 1154
0 1484
0 1099
0 744
0 827
0 1446
0 625
0 1407
0 1163
0 1275
0 627
0 1092
0 704
0 1029
0 1781
0 983
0 912
0 652
0 945
0 1113
0 1077
0 975
0 735
0 1416
0 1002
0 1170
0 1529
0 1106
0 936
0 1484
0 1173
0 896
0 789
0 1413
0 1265
0 668
0 807
0 2065
0 731
0 1530
0 1208
0 1316
0 1247
0 706
0 1161
0 893
0 620
0 621
0 973
0 1384
0 907
0 1064
0 1218
0 834
0 1176
0 1255
0 1162
0 1269
0 1217
0 557
0 1078
0 198
0 376
0 1250
0 976
0 997
0 949
0 1062
0 1102
0 1277
0 1367
0 843
0 1808
0 523
0 964
0 1034
0 610
0 1652
0 576
0 1304
0 670
0 1445
0 1859
0 1172
0 1021
0 889
0 1161
0 1101
0 505
0 843
0 1063
0 1391
0 1604
0 1576
0 1034
0 1469
0 1333
0 473
0 821
0 997
0 875
0 1151
0 1440
0 1006
0 673
0 1617
0 1475
0 1079
0 1105
0 1283
0 1082
0 555
0 998
0 1817
0 1252
0 1385
0 1587
0 1329
0 517
0 938
0 526
0 453
0 585
0 1147
0 1299
0 1296
0 1181
0 1503
0 989
0 998
0 960
0 541
0 1214
0 564
0 630
0 883
0 1227
0 889
0 642
0 1428
0 814
0 1683
0 1022
0 1391
0 1228
0 1237
0 805
0 740
0 1071
0 1109
0 1613
0 1538
0 1427
0 1071
0 1367
0 886
0 1295
0 1015
0 1119
0 908
0 478
0 1082
0 482
0 1028
0 1442
0 1025
0 1206
0 1542
0 789
0 1787
0 916
0 1442
0 1017
0 872
0 1330
0 1429
0 939
0 1175
0 1011
0 738
0 721
0 1184
0 909
0 701
0 1178
0 864
0 1223
0 665
0 915
0 1548
0 533
0 842
0 1454
0 1198
0 958
0 1275
0 734
0 843
0 965
0 774
0 815
0 1211
0 1286
0 1224
0 1245
0 592
0 1538
0 1558
0 1269
0 1291
0 1369
0 890
0 221
0 1474
0 1122
0 747
0 1299
0 1264
0 1073
0 947
0 627
0 1023
0 842
0 426
0 1200
0 946
0 204
0 1449
0 767
0 1014
0 634
0 1281
0 1169
0 1124
0 1252
0 1000
0 1424
0 976
0 878
0 994
0 1155
0 1556
0 1205
0 469
0 1279
0 828
0 1138
0 1330
0 1203
0 1422
0 675
0 780
0 1997
0 1129
0 694
0 895
0 1098
0 966
0 631
0 1250
0 984
0 1471
0 1092
0 911
0 1745
0 898
0 1256
0 799
0 697
0 1232
0 1034
0 895
0 992
0 906
0 1111
0 1009
0 985
0 952
0 769
0 1143
0 1593
0 1021
0 1788
0 1374
0 906
0 1195
0 1155
0 1490
0 1212
0 1114
0 1063
0 548
0 1161
0 798
0 1083
0 1136
0 1209
0 1002
0 833
0 1138
0 1170
0 577
0 978
0 1247
0 702
0 1444
0 1161
0 993
0 1068
0 956
0 1431
0 956
0 597
0 826
0 1157
0 1136
0 914
0 1472
0 1504
0 1116
0 997
0 1386
0 699
0 739
0 1062
0 858
0 953
0 1579
0 620
0 1235
0 1276
0 1535
0 1535
0 1299
0 1453
0 857
0 1101
0 1409
0 1088
0 1113
0 1003
0 660
0 1551
0 1057
0 1224
0 793
0 753
0 1391
0 1145
0 877
0 1514
0 270
0 1040
0 750
0 1011
0 1100
0 1497
0 562
0 1695
0 1150
0 1691
0 852
0 1206
0 1079
0 1068
0 355
0 892
0 1051
0 1188
0 723
0 1504
0 902
0 1129
0 754
0 612
0 892
0 1368
0 1339
0 806
0 1427
0 1287
0 760
0 842
0 1176
0 708
0 1108
0 1236
0 859
0 1166
0 1042
0 1469
0 1396
0 635
0 1318
0 1557
0 1568
0 1240
0 846
0 1518
0 1057
0 1096
0 2123
0 483
0 1291
0 1291
0 836
0 888
0 1202
0 1232
0 1186
0 980
0 1010
0 1342
0 942
0 825
0 1119
0 1092
0 1125
0 1089
0 1687
0 1077
0 1213
0 1434
0 745
0 746
0 689
0 1213
0 1407
0 475
0 422
0 1177
0 775
0 1194
0 1544
0 509
0 734
0 1762
0 916
0 816
0 691
0 1173
0 1305
0 488
0 1129
0 453
0 1076
0 1850
0 1131
0 1162
0 1137
0 1239
0 1002
0 1367
0 733
0 1356
0 1014
0 811
0 1206
0 1424
0 392
0 963
0 419
0 845
0 768
0 2092
0 658
0 778
0 918
0 1016
0 1280
0 1724
0 1462
0 1706
0 521
0 1244
0 932
0 596
0 1635
0 1127
0 923
0 1306
0 735
0 1173
0 733
0 1387
0 970
0 2011
0 1035
0 1563
0 579
0 1834
0 697
0 903
0 2422
0 764
0 1083
0 1205
0 842
0 360
0 1023
0 1097
0 1875
0 1198
0 1233
0 874
0 1387
0 1275
0 1367
0 1046
0 948
0 1102
0 1262
0 944
0 600
0 939
0 1313
0 1258
0 925
0 1313
0 1275
0 931
0 1313
0 594
0 1052
0 1147
0 504
0 1242
0 1073
0 786
0 1220
0 1012
0 728
0 1558
0 1027
0 1219
0 501
0 1415
0 877
0 977
0 1387
0 1089
0 1118
0 1020
0 755
0 771
0 925
0 834
0 843
0 1273
0 1095
0 901
0 1418
0 893
0 1099
0 1210
0 529
0 1110
0 1248
0 794
0 960
0 819
0 1138
0 2994
0 702
0 1097
0 732
0 853
0 979
0 1400
0 689
0 1293
0 747
0 1643
0 1323
0 1515
0 1522
0 1047
0 1113
0 1553
0 1399
0 761
0 927
0 790
0 2336
0 1565
0 1311
0 1107
0 1084
0 1296
0 1240
0 934
0 1075
0 916
0 1793
0 1106
0 1147
0 1068
0 1240
0 508
0 1280
0 1038
0 697
0 829
0 737
0 1255
0 1096
0 1104
0 998
0 664
0 655
0 906
0 1901
0 925
0 803
0 1121
0 1271
0 845
0 842
0 1753
0 737
0 975
0 1172
0 1169
0 1371
0 1460
0 748
0 491
0 1142
0 891
0 1378
0 1280
0 1839
0 524
0 945
0 1245
0 302
0 1161
0 587
0 625
0 1034
0 1353
0 1212
0 792
0 995
0 963
0 829
0 1083
0 841
0 1348
0 970
0 906
0 703
0 968
0 1398
0 1588
0 1134
0 1343
0 1189
0 375
0 1343
0 1021
0 1124
0 792
0 1651
0 741
0 1000
0 802
0 953
0 465
0 1312
0 733
0 1255
0 1072
0 1272
0 903
0 697
0 482
0 518
0 1597
0 1326
0 1005
0 952
0 892
0 1414
0 661
0 1291
0 1463
0 1399
0 741
0 1065
0 859
0 786
0 484
0 1377
0 1140
0 914
0 1157
0 1087
0 756
0 1186
0 981
0 817
0 2009
0 1733
0 870
0 912
0 838
0 1102
0 1062
0 995
0 803
0 1496
0 1132
0 1508
0 605
0 574
0 1029
0 1761
0 861
0 1377
0 1524
0 611
0 1117
0 1345
0 993
0 1036
0 1215
0 920
0 1298
0 549
0 1030
0 928
0 1289
0 750
0 686
0 1104
0 1613
0 1837
0 1175
0 1094
0 1287
0 1073
0 1662
0 1214
0 1241
0 1385
0 1385
0 1017
0 786
0 1503
0 895
0 950
0 1268
0 509
0 698
0 1107
0 1287
0 1482
0 1006
0 1150
0 1374
0 1960
0 1053
0 1911
0 873
0 1635
0 1527
0 1017
0 1401
0 1719
0 600
0 2145
0 1998
0 867
0 1284
0 1175
0 903
0 1472
0 1116
0 1138
0 343
0 932
0 1010
0 856
0 1897
0 1521
0 1236
0 1255
0 954
0 1454
0 747
0 839
0 769
0 1320
0 1658
0 1310
0 1447
0 707
0 842
0 1196
0 1661
0 788
0 1122
0 1814
0 1199
0 826
0 902
0 874
0 682
0 606
0 983
0 2185
0 958
0 1337
0 1276
0 944
0 1366
0 1693
0 1208
0 993
0 549
0 1139
0 1019
0 1065
0 1134
0 1161
0 972
0 1109
0 1006
0 1108
0 1648
0 645
0 1105
0 708
0 1355
0 1106
0 1008
0 600
0 1053
0 1378
0 1257
0 1066
0 1717
0 1197
0 818
0 902
0 1168
0 1487
0 1277
0 826
0 1306
0 1069
0 608
0 970
0 1025
0 760
0 541
0 1268
0 1570
0 1023
0 1180
0 1146
0 901
0 1465
0 1126
0 312
0 1531
0 649
0 1313
0 1326
0 1222
0 1294
0 994
0 1914
0 956
0 1091
0 1558
0 1331
0 886
0 744
0 1292
0 542
0 1163
0 804
0 912
0 2449
0 1447
0 1029
0 607
0 767
0 677
0 753
0 1250
0 460
0 1118
0 1413
0 1044
0 1252
0 597
0 1029
0 1276
0 1091
0 699
0 1348
0 1368
0 1289
0 947
0 2429
0 1073
0 913
0 1137
0 709
0 1138
0 879
0 1417
0 717
0 667
0 2854
0 1408
0 665
0 626
0 1914
0 701
0 424
0 845
0 1332
0 714
0 690
0 1178
0 1052
0 628
0 1809
0 567
0 1083
0 1279
0 1428
0 1592
0 1005
0 795
0 1191
0 927
0 433
0 1277
0 1017
0 1325
0 1227
0 630
0 1260
0 1002
0 2511
0 1610
0 883
0 951
0 1317
0 1139
0 1105
0 984
0 1451
0 1055
0 2041
0 1246
0 825
0 1209
0 1366
0 720
0 933
0 1032
0 402
0 772
0 1011
0 1297
0 844
0 1179
0 862
0 1763
0 590
0 1174
0 1084
0 1289
0 856
0 960
0 1561
0 1099
0 1142
0 915
0 1015
0 1421
0 1024
0 474
0 1005
0 486
0 1119
0 1489
0 521
0 1696
0 1318
0 1062
0 539
0 1089
0 1555
0 1030
0 1048
0 1070
0 1631
0 585
0 923
0 767
0 1649
0 999
0 1092
0 1349
0 1582
0 764
0 762
0 589
0 978
0 1018
0 884
0 1304
0 720
0 1107
0 794
0 947
0 1193
0 1418
0 1146
0 1234
0 1235
0 1057
0 757
0 2031
0 1453
0 1324
0 877
0 1366
0 930
0 1528
0 1649
0 424
0 1294
0 1247
0 856
0 1471
0 1113
0 834
0 893
0 1365
0 1763
0 790
0 702
0 1040
0 1460
0 475
0 1114
0 949
0 759
0 1340
0 1184
0 1226
0 1390
0 941
0 862
0 636
0 1119
0 562
0 635
0 1166
0 943
0 733
0 863
0 935
0 1040
0 863
0 1556
0 723
0 1028
0 903
0 1212
0 1030
0 1283
0 2194
0 1044
0 528
0 897
0 760
0 1446
0 1274
0 1319
0 804
0 1358
0 812
0 749
0 1127
0 623
0 883
0 1290
0 1352
0 1030
0 1110
0 1239
0 1440
0 1398
0 896
0 1277
0 1300
0 760
0 946
0 935
0 1120
0 852
0 1017
0 1203
0 1473
0 1662
0 1036
0 830
0 1099
0 1213
0 811
0 1008
0 1356
0 959
0 747
0 978
0 788
0 1504
0 701
0 1014
0 718
0 1625
0 659
0 989
0 1307
0 962
0 1215
0 1591
0 1012
0 945
0 959
0 1492
0 1184
0 1288
0 474
0 799
0 980
0 758
0 655
0 1115
0 1027
0 1319
0 1057
0 1097
0 1226
0 1657
0 771
0 1184
0 764
0 450
0 764
0 1401
0 1043
0 923
0 1095
0 1106
0 1394
0 920
0 673
0 1356
0 706
0 1412
0 1095
0 1932
0 1306
0 868
0 484
0 486
0 706
0 1410
0 908
0 963
0 953
0 938
0 1130
0 1165
0 1123
0 883
0 601
0 1893
0 1160
0 633
0 1593
0 996
0 1481
0 952
0 1230
0 1142
0 1523
0 795
0 1014
0 1480
0 1311
0 671
0 653
0 558
0 1119
0 1346
0 1188
0 943
0 2383
0 1449
0 1410
0 1111
0 1105
0 837
0 1383
0 1136
0 1658
0 1273
0 1448
0 1572
0 1124
0 987
0 906
0 799
0 1362
0 1379
0 900
0 497
0 1239
0 1193
0 813
0 1049
0 1041
0 1023
0 835
0 1094
0 693
0 935
0 769
0 1372
0 816
0 1003
0 531
0 855
0 466
0 987
0 1419
0 1393
0 1084
0 1247
0 1203
0 1218
0 1497
0 1068
0 1289
0 1272
0 2030
0 1016
0 991
0 1200
0 1178
0 817
0 513
0 813
0 818
0 896
0 1771
0 969
0 587
0 1110
0 972
0 1339
0 1346
0 1502
0 1483
0 792
0 1087
0 451
0 1120
0 1121
0 1196
0 784
0 1314
0 916
0 1255
0 1300
0 867
0 1463
0 801
0 934
0 1189
0 942
0 1147
0 1203
0 581
0 566
0 1186
0 795
0 1254
0 410
0 1262
0 890
0 1742
0 1165
0 1168
0 911
0 1216
0 1067
0 1767
0 1108
0 646
0 1247
0 1802
0 1236
0 476
0 1108
0 1401
0 761
0 1176
0 734
0 935
0 566
0 607
0 1581
0 769
0 778
0 741
0 1050
0 1484
0 1232
0 1280
0 1495
0 866
0 927
0 1305
0 842
0 1050
0 1353
0 871
0 1064
0 1346
0 568
0 1414
0 814
0 1553
0 897
0 720
0 1523
0 1216
0 1049
0 927
0 933
0 852
0 1846
0 1244
0 1918
0 1057
0 1114
0 789
0 1350
0 829
0 794
0 885
0 835
0 1151
0 1094
0 994
0 1008
0 1617
0 895
0 1438
0 1266
0 868
0 862
0 1276
0 990
0 880
0 737
0 992
0 1197
0 944
0 1349
0 1221
0 496
0 561
0 1503
0 943
0 1265
0 992
0 1441
0 1120
0 843
0 578
0 1325
0 1223
0 1613
0 986
0 1063
0 874
0 1580
0 798
0 1493
0 1206
0 1441
0 1055
0 990
0 1135
0 783
0 1223
0 728
0 782
0 1195
0 1366
0 834
0 729
0 1162
0 649
0 1354
0 1479
0 1617
0 1363
0 1131
0 687
0 1569
0 912
0 1397
0 1281
0 944
0 1034
0 841
0 1018
0 1162
0 1026
0 1065
0 744
0 820
0 1057
0 946
0 1111
0 721
0 1045
0 1275
0 883
0 1123
0 703
0 729
0 567
0 1325
0 1091
0 637
0 1228
0 1222
0 481
0 618
0 1604
0 815
0 1089
0 1138
0 1112
0 1114
0 993
0 971
0 1368
0 1318
0 1278
0 1127
0 877
0 954
0 875
0 1270
0 846
0 833
0 1475
0 1462
0 737
0 1104
0 1332
0 878
0 712
0 1292
0 807
0 858
0 1116
0 1364
0 1648
0 1266
0 1054
0 999
0 1019
0 752
0 983
0 836
0 710
0 1288
0 695
0 1192
0 1372
0 720
0 687
0 848
0 1024
0 1082
0 540
0 1609
0 900
0 2062
0 1312
0 963
0 1190
0 1325
0 1533
0 1024
0 321
0 1722
0 912
0 2380
0 828
0 1758
0 968
0 890
0 865
0 1265
0 1048
0 795
0 1559
0 1370
0 1472
0 1275
0 597
0 1183
0 670
0 1600
0 1119
0 1766
0 1405
0 1437
0 840
0 1257
0 1371
0 787
0 732
0 952
0 2226
0 589
0 1189
0 1096
0 1589
0 893
0 800
0 844
0 1209
0 822
0 1031
0 1313
0 943
0 1011
0 1067
0 659
0 622
0 1006
0 1297
0 1786
0 566
0 1266
0 1188
0 1293
0 807
0 707
0 826
0 950
0 1030
0 988
0 1258
0 1512
0 912
0 929
0 916
0 926
0 1184
0 1564
0 698
0 1686
0 1344
0 931
0 1229
0 896
0 762
0 1219
0 1368
0 1111
0 1142
0 788
0 1030
0 974
0 1361
0 1220
0 1969
0 1337
0 1121
0 751
0 1069
0 1027
0 732
0 965
0 1293
0 1529
0 1376
0 1287
0 883
0 963
0 981
0 1253
0 1286
0 976
0 501
0 520
0 436
0 688
0 1227
0 1078
0 528
0 1307
0 2011
0 924
0 1349
0 1414
0 723
0 1007
0 1077
0 2612
0 574
0 1968
0 1036
0 1754
0 2040
0 1336
0 1150
0 1038
0 874
0 1167
0 832
0 505
0 1228
0 1380
0 1533
0 1388
0 1595
0 704
0 1031
0 1181
0 803
0 1462
0 1500
0 1318
0 1203
0 1670
0 629
0 1325
0 1496
0 1020
0 956
0 492
0 1490
0 731
0 1793
0 1698
0 339
0 1313
0 1315
0 719
0 696
0 1021
0 1087
0 1283
0 1112
0 1282
0 694
0 1166
0 1088
0 1682
0 767
0 777
0 1024
0 1491
0 1349
0 1059
0 1384
0 1121
0 991
0 1273
0 928
0 935
0 1033
0 1262
0 1376
0 1371
0 932
0 644
0 1391
0 813
0 803
0 1242
0 995
0 1038
0 831
0 1108
0 1160
0 456
0 1316
0 1694
0 1248
0 1885
0 916
0 1293
0 912
0 1372
0 1270
0 1515
0 977
0 1372
0 1347
0 1657
0 1234
0 1083
0 1435
0 1615
0 690
0 1691
0 1009
0 683
0 1013
0 694
0 1267
0 442
0 853
0 544
0 1436
0 1268
0 970
0 1571
0 1647
0 725
0 1228
0 1740
0 728
0 1008
0 1132
0 1302
0 990
0 1025
0 447
0 871
0 892
0 1550
0 1148
0 1192
0 715
0 837
0 1105
0 1044
0 1313
0 1116
0 1175
0 594
0 962
0 391
0 1171
0 464
0 1077
0 932
0 1557
0 1111
0 1307
0 710
0 1334
0 1108
0 986
0 1192
0 788
0 1723
0 1205
0 989
0 598
0 861
0 719
0 897
0 1415
0 1609
0 1446
0 1179
0 878
0 967
0 1634
0 1145
0 1055
0 700
0 1847
0 601
0 972
0 1132
0 1203
0 1471
0 1431
0 1128
0 1408
0 1035
0 692
0 1134
0 857
0 1318
0 824
0 961
0 1696
0 832
0 786
0 768
0 1540
0 1522
0 1039
0 736
0 1068
0 763
0 668
0 936
0 957
0 1232
0 1271
0 1170
0 1263
0 868
0 1254
0 1367
0 808
0 1291
0 597
0 534
0 959
0 1350
0 974
0 1174
0 1040
0 1246
0 574
0 742
0 1649
0 1064
0 636
0 1252
0 1538
0 1312
0 1000
0 1168
0 676
0 1113
0 836
0 624
0 1426
0 873
0 960
0 1539
0 1371
0 1434
0 897
0 963
0 754
0 3057
0 1061
0 1111
0 1577
0 1382
0 956
0 1570
0 1563
0 1142
0 748
0 680
0 818
0 1256
0 1254
0 1007
0 1043
0 1090
0 897
0 910
0 1425
0 1091
0 812
0 883
0 1340
0 1516
0 617
0 1173
0 885
0 1353
0 752
0 782
0 1172
0 925
0 1446
0 849
0 722
0 411
0 1031
0 1011
0 1686
0 1331
0 844
0 892
0 1637
0 1109
0 1044
0 1352
0 1127
0 1591
0 848
0 1233
0 1106
0 815
0 1172
0 1915
0 1719
0 1404
0 1455
0 1400
0 832
0 826
0 1498
0 1807
0 859
0 623
0 1542
0 739
0 885
0 766
0 1059
0 1037
0 1640
0 1384
0 1299
0 1060
0 980
0 1060
0 2123
0 1745
0 724
0 1043
0 925
0 997
0 533
0 1094
0 1305
0 869
0 964
0 551
0 1586
0 1212
0 531
0 876
0 797
0 760
0 1765
0 1331
0 911
0 926
0 1424
0 1026
0 1153
0 1767
0 1015
0 830
0 1643
0 1513
0 1568
0 933
0 893
0 1597
0 1919
0 1029
0 1432
0 1517
0 1472
0 1277
0 940
0 1627
0 1318
0 1023
0 1446
0 1653
0 1180
0 1578
0 1145
0 1358
0 1123
0 791
0 1186
0 947
0 1065
0 1308
0 1452
0 1376
0 980
0 1808
0 1128
0 1346
0 736
0 1316
0 1181
0 1008
0 489
0 1034
0 1045
0 1146
0 1181
0 1157
0 906
0 1215
0 1542
0 757
0 955
0 1486
0 1095
0 1113
0 1640
0 995
0 808
0 1521
0 1720
0 1366
0 937
0 1317
0 532
0 429
0 658
0 1393
0 1597
0 1465
0 1240
0 726
0 1326
0 1260
0 974
0 1101
0 1020
0 816
0 683
0 1594
0 1568
0 1016
0 605
0 1454
0 697
0 628
0 1260
0 1047
0 1691
0 1396
0 1669
0 735
0 1013
0 452
0 1173
0 315
0 1017
0 1028
0 1250
0 318
0 1595
0 1128
0 1507
0 1288
0 895
0 700
0 810
0 615
0 1166
0 1103
0 1130
0 674
0 984
0 1608
0 1387
0 740
0 1115
0 1548
0 1057
0 931
0 1748
0 1164
0 1175
0 1447
0 759
0 1059
0 800
0 907
0 1069
0 1449
0 1219
0 800
0 1289
0 1040
0 684
0 1013
0 1278
0 1028
0 1173
0 1368
0 1012
0 839
0 1559
0 1371
0 945
0 1153
0 1042
0 971
0 1151
0 916
0 861
0 1309
0 1488
0 1153
0 1130
0 923
0 648
0 1675
0 1186
0 1022
0 1379
0 1002
0 1154
0 1259
0 1762
0 1889
0 1505
0 750
0 902
0 735
0 1221
0 694
0 1193
0 1268
0 981
0 1077
0 1510
0 843
0 520
0 1298
0 1069
0 1067
0 1256
0 1125
0 837
0 1416
0 925
0 945
0 1080
0 848
0 663
0 1556
0 890
0 1185
0 1041
0 483
0 1010
0 931
0 1272
0 1266
0 1404
0 882
0 659
0 1315
0 423
0 901
0 855
0 1654
0 1014
0 1565
0 1328
0 441
0 1544
0 1075
0 1109
0 1986
0 1250
0 979
0 900
0 954
0 1541
0 2181
0 1829
0 1692
0 425
0 271
0 1311
0 1222
0 549
0 738
0 835
0 2952
0 1376
0 648
0 889
0 963
0 1286
0 1203
0 1018
0 1253
0 1030
0 940
0 1045
0 887
0 677
0 1651
0 1058
0 714
0 1078
0 1444
0 1464
0 1157
0 1028
0 1279
0 1152
0 758
0 489
0 1052
0 909
0 1145
0 1307
0 638
0 1106
0 1577
0 709
0 1397
0 836
0 854
0 1080
0 1469
0 964
0 1441
0 1695
0 1329
0 894
0 1306
0 753
0 1461
0 835
0 1115
0 887
0 966
0 776
0 1149
0 1086
0 655
0 1153
0 581
0 1158
0 1517
0 1917
0 1107
0 834
0 657
0 1011
0 491
0 781
0 1058
0 1395
0 1106
0 818
0 1168
0 1035
0 793
0 892
0 1764
0 872
0 1036
0 981
0 1549
0 1538
0 1529
0 1558
0 896
0 1152
0 916
0 1243
0 765
0 1581
0 1385
0 958
0 1274
0 525
0 932
0 1153
0 1600
0 1199
0 699
0 905
0 971
0 1094
0 1436
0 900
0 887
0 1282
0 964
0 1314
0 884
0 1251
0 568
0 1682
0 733
0 739
0 1132
0 1310
0 785
0 1187
0 1559
0 878
0 710
0 1058
0 1032
0 1090
0 927
0 822
0 1345
0 1433
0 876
0 726
0 1313
0 769
0 1056
0 1088
0 1177
0 1391
0 730
0 585
0 1195
0 795
0 1083
0 852
0 1012
0 1215
0 1187
0 661
0 1411
0 1129
0 1484
0 768
0 999
0 1257
0 1675
0 686
0 1069
0 836
0 1401
0 1588
0 584
0 1246
0 1316
0 1406
0 1264
0 1063
0 640
0 1583
0 673
0 1301
0 1075
0 1416
0 1181
0 859
0 1497
0 1296
0 1215
0 1376
0 1179
0 859
0 1080
0 1021
0 722
0 817
0 991
0 1539
0 1487
0 1807
0 1288
0 1030
0 962
0 1100
0 1026
0 929
0 1175
0 1240
0 847
0 546
0 876
0 961
0 1203
0 1307
0 1460
0 1492
0 798
0 971
0 938
0 434
0 1294
0 1110
0 1348
0 1217
0 890
0 1001
0 890
0 1192
0 794
0 1494
0 1385
0 935
0 915
0 1273
0 1354
0 1536
0 1436
0 733
0 1412
0 423
0 893
0 1330
0 662
0 1180
0 1525
0 1239
0 1665
0 1143
0 1520
0 1115
0 1191
0 1317
0 794
0 779
0 1660
0 989
0 1312
0 1559
0 1204
0 926
0 785
0 1562
0 1351
0 1488
0 1210
0 2064
0 933
0 685
0 1165
0 862
0 1740
0 902
0 993
0 598
0 1307
0 628
0 895
0 998
0 1672
0 1187
0 680
0 1397
0 1160
0 1075
0 1015
0 1420
0 1223
0 1330
0 1564
0 520
0 870
0 405
0 911
0 1097
0 1392
0 1018
0 648
0 1076
0 1282
0 570
0 494
0 1118
0 830
0 2016
0 989
0 849
0 1079
0 681
0 938
0 927
0 1085
0 666
0 952
0 1241
0 271
0 1146
0 778
0 1375
0 1172
0 1159
0 932
0 1315
0 1124
0 1043
0 1177
0 833
0 812
0 484
0 1602
0 671
0 711
0 1140
0 1234
0 1666
0 1199
0 1122
0 1134
0 718
0 960
0 728
0 715
0 1176
0 868
0 1115
0 1552
0 1195
0 1108
0 854
0 1023
0 1125
0 887
0 755
0 959
0 1189
0 1484
0 914
0 1126
0 1008
0 1303
0 1251
0 1401
0 1753
0 1018
0 1186
0 1644
0 1490
0 1169
0 1409
0 1038
0 1381
0 863
0 939
0 1489
0 1832
0 1282
0 815
0 1397
0 1248
0 2026
0 748
0 1270
0 1088
0 930
0 1674
0 1335
0 743
0 866
0 1418
0 385
0 1147
0 1073
0 1085
0 1071
0 809
0 1252
0 1099
0 2432
0 958
0 862
0 1080
0 776
0 697
0 1263
0 1310
0 937
0 1159
0 1012
0 1465
0 740
0 1121
0 1515
0 1416
0 799
0 1680
0 1157
0 1344
0 579
0 1036
0 960
0 646
0 889
0 515
0 1057
0 1414
0 1128
0 779
0 921
0 643
0 1088
0 707
0 1115
0 1028
0 1260
0 1097
0 984
0 1907
0 654
0 1357
0 883
0 1167
0 961
0 1472
0 1372
0 1044
0 1556
0 1103
0 1637
0 812
0 952
0 771
0 897
0 1156
0 1203
0 1270
0 964
0 1313
0 1755
0 1118
0 1491
0 1099
0 1183
0 1202
0 1472
0 1003
0 973
0 1002
0 1118
0 906
0 1113
0 1394
0 1394
0 1193
0 1033
0 954
0 837
0 1105
0 1180
0 1474
0 1098
0 1195
0 594
0 1161
0 668
0 1454
0 865
0 738
0 902
0 1007
0 1859
0 1066
0 1644
0 832
0 739
0 800
0 1017
0 974
0 1138
0 890
0 674
0 1427
0 735
0 1163
0 913
0 496
0 1058
0 843
0 1340
0 1354
0 1483
0 616
0 629
0 587
0 1534
0 1130
0 1571
0 301
0 2165
0 1512
0 1456
0 1672
0 1073
0 1080
0 1811
0 1343
0 833
0 1132
0 1098
0 1160
0 548
0 866
0 876
0 933
0 959
0 1637
0 843
0 823
0 1155
0 996
0 1296
0 817
0 1094
0 489
0 1994
0 1171
0 737
0 1067
0 1420
0 1592
0 1120
0 1032
0 1079
0 876
0 1297
0 1307
0 1043
0 1409
0 1112
0 1076
0 1118
0 588
0 1239
0 1191
0 928
0 1330
0 1051
0 812
0 982
0 725
0 1387
0 893
0 911
0 1134
0 362
0 563
0 1149
0 1312
0 1120
0 1263
0 2259
0 1093
0 995
0 1084
0 1196
0 708
0 1182
0 1044
0 1382
0 1184
0 1024
0 1139
0 1238
0 659
0 949
0 1559
0 1521
0 834
0 1068
0 1042
0 811
0 906
0 1112
0 1323
0 1037
0 1262
0 1012
0 1424
0 887
0 885
0 831
0 761
0 1493
0 1194
0 780
0 1038
0 970
0 1293
0 1824
0 1043
0 918
0 1061
0 780
0 1468
0 1320
0 1137
0 1141
0 1370
0 640
0 1247
0 484
0 1158
0 1217
0 673
0 903
0 1204
0 901
0 989
0 1189
0 1155
0 1009
0 972
0 1373
0 1447
0 1154
0 1063
0 1131
0 1046
0 1071
0 701
0 1504
0 437
0 1151
0 956
0 699
0 463
0 1103
0 894
0 758
0 963
0 376
0 1766
0 714
0 1321
0 1003
0 1228
0 742
0 486
0 926
0 1435
0 766
0 1153
0 1420
0 1454
0 1476
0 840
0 1191
0 983
0 1204
0 969
0 1148
0 663
0 2152
0 1287
0 732
0 1470
0 747
0 1147
0 1276
0 2225
0 782
0 820
0 826
0 841
0 715
0 1337
0 956
0 1267
0 474
0 1073
0 1110
0 991
0 1595
0 1060
0 1502
0 1167
0 1162
0 893
0 1092
0 1520
0 1516
0 1332
0 1166
0 1446
0 1495
0 877
0 699
0 1515
0 1068
0 966
0 1498
0 1628
0 998
0 824
0 1176
0 1244
0 1090
0 880
0 1014
0 1054
0 638
0 643
0 890
0 1122
0 1066
0 688
0 640
0 567
0 804
0 1272
0 1106
0 1364
0 1810
0 1505
0 1246
0 1707
0 1074
0 1128
0 1286
0 2197
0 987
0 1007
0 1037
0 829
0 1472
0 1395
0 1795
0 1002
0 1255
0 1070
0 885
0 1335
0 1806
0 1037
0 1440
0 950
0 1509
0 1125
0 1235
0 1356
0 1030
0 1062
0 659
0 972
0 980
0 983
0 842
0 1071
0 994
0 924
0 899
0 506
0 688
0 921
0 717
0 1498
0 1395
0 839
0 714
0 824
0 655
0 1561
0 904
0 1052
0 1029
0 1551
0 1006
0 1039
0 710
0 2134
0 989
0 936
0 1104
0 890
0 990
0 876
0 990
0 1417
0 1302
0 1216
0 854
0 875
0 1356
0 1225
0 551
0 1418
0 1071
0 979
0 610
0 1015
0 1184
0 963
0 880
0 1424
0 824
0 1364
0 1418
0 518
0 1214
0 877
0 1242
0 1070
0 1903
0 771
0 299
0 1314
0 360
0 990
0 1070
0 711
0 630
0 1219
0 1685
0 979
0 1175
0 1156
0 1458
0 1471
0 1098
0 730
0 1180
0 516
0 1337
0 975
0 860
0 584
0 1208
0 1490
0 1270
0 1525
0 632
0 1188
0 1191
0 884
0 1122
0 1201
0 1049
0 1438
0 1000
0 724
0 886
0 699
0 1443
0 1347
0 1167
0 900
0 1290
0 982
0 973
0 1307
0 1442
0 718
0 916
0 1440
0 1216
0 508
0 1714
0 857
0 875
0 1024
0 1039
0 1001
0 1518
0 1293
0 1224
0 1207
0 684
0 813
0 1019
0 939
0 1118
0 1337
0 1354
0 1478
0 731
0 1248
0 1189
0 1162
0 1419
0 1556
0 995
0 1115
0 1201
0 1076
0 1523
0 943
0 921
0 1379
0 1500
0 1425
0 1116
0 792
0 1285
0 537
0 1573
0 388
0 1373
0 1592
0 858
0 698
0 914
0 586
0 1240
0 873
0 1172
0 1370
0 1174
0 1074
0 1001
0 1187
0 792
0 1378
0 727
0 1518
0 1105
0 1294
0 1170
0 1082
0 1477
0 1536
0 1595
0 1182
0 1400
0 1132
0 1090
0 1159
0 452
0 954
0 926
0 737
0 822
0 1038
0 856
0 1359
0 1171
0 1452
0 1404
0 1373
0 1076
0 1002
0 625
0 2248
0 1315
0 911
0 672
0 964
0 1151
0 1247
0 1213
0 1127
0 873
0 1349
0 572
0 1543
0 1224
0 884
0 1043
0 1436
0 1033
0 317
0 511
0 1407
0 740
0 1025
0 916
0 1612
0 1944
0 826
0 817
0 1041
0 1081
0 1122
0 1641
0 1461
0 1143
0 697
0 464
0 784
0 1033
0 958
0 1628
0 1288
0 1211
0 1171
0 918
0 1153
0 759
0 2089
0 993
0 1235
0 895
0 1233
0 936
0 1047
0 1015
0 1343
0 742
0 1539
0 898
0 458
0 1216
0 593
0 697
0 833
0 886
0 775
0 1223
0 526
0 1831
0 1025
0 1344
0 1198
0 1293
0 1059
0 487
0 1200
0 1028
0 1238
0 1152
0 901
0 1214
0 944
0 1504
0 2224
0 552
0 1047
0 1232
0 1212
0 562
0 1291
0 1055
0 716
0 684
0 1189
0 1096
0 653
0 1464
0 1363
0 637
0 984
0 1096
0 1165
0 900
0 1167
0 1266
0 372
0 1026
0 762
0 800
0 2179
0 385
0 927
0 1121
0 661
0 623
0 1030
0 1315
0 661
0 1477
0 528
0 1072
0 1036
0 912
0 901
0 1011
0 1231
0 724
0 662
0 538
0 895
0 1022
0 777
0 1228
0 1011
0 1102
0 1161
0 1384
0 1093
0 1031
0 1070
0 1464
0 1145
0 1057
0 846
0 778
0 661
0 1628
0 1306
0 1664
0 1212
0 1122
0 1158
0 1059
0 1460
0 1266
0 1209
0 1809
0 722
0 945
0 1666
0 1084
0 1271
0 1207
0 518
0 1328
0 1156
0 1340
0 1207
0 1163
0 768
0 1028
0 786
0 833
0 1001
0 1272
0 1240
0 1055
0 1257
0 1084
0 745
0 1202
0 1921
0 1215
0 977
0 745
0 976
0 1523
0 1468
0 805
0 992
0 905
0 940
0 1339
0 1063
0 1464
0 1739
0 1219
0 854
0 1493
0 1275
0 880
0 1092
0 882
0 1050
0 1002
0 1214
0 746
0 584
0 1191
0 1253
0 1228
0 996
0 1805
0 747
0 1707
0 986
0 1094
0 1027
0 892
0 1382
0 331
0 1435
0 1211
0 1150
0 1232
0 817
0 865
0 1152
0 982
0 936
0 1075
0 902
0 766
0 1354
0 544
0 1134
0 1218
0 1445
0 828
0 926
0 1344
0 1702
0 1211
0 814
0 600
0 1004
0 832
0 577
0 1749
0 1309
0 969
0 1539
0 1403
0 1364
0 545
0 641
0 804
0 642
0 1184
0 1129
0 1046
0 1255
0 909
0 769
0 1236
0 1525
0 2240
0 1194
0 1186
0 1070
0 1241
0 761
0 930
0 1217
0 1543
0 945
0 1297
0 939
0 516
0 878
0 1049
0 1645
0 743
0 900
0 719
0 1062
0 917
0 1110
0 1035
0 1393
0 1002
0 1478
0 702
0 1244
0 420
0 1024
0 1236
0 1954
0 1246
0 811
0 1245
0 1185
0 1178
0 1007
0 1025
0 659
0 1138
0 1477
0 949
0 1506
0 692
0 748
0 976
0 1238
0 746
0 1328
0 1071
0 623
0 612
0 1296
0 1425
0 918
0 1543
0 1114
0 969
0 633
0 949
0 1549
0 572
0 1285
0 1163
0 1433
0 1275
0 526
0 189
0 2085
0 1084
0 1187
0 717
0 1364
0 1431
0 876
0 1667
0 791
0 1288
0 1388
0 499
0 1257
0 835
0 804
0 842
0 957
0 720
0 931
0 1084
0 755
0 828
0 1165
0 695
0 1003
0 1231
0 456
0 847
0 1508
0 1052
0 671
0 646
0 946
0 1329
0 922
0 815
0 1343
0 844
0 882
0 1565
0 1206
0 1585
0 1938
0 688
0 1028
0 1066
0 1222
0 841
0 403
0 1216
0 970
0 599
0 951
0 1007
0 723
0 1083
0 728
0 1081
0 1209
0 1421
0 998
0 599
0 1042
0 930
0 852
0 1388
0 1179
0 1505
0 874
0 914
0 1177
0 1060
0 1146
0 1106
0 466
0 1033
0 957
0 734
0 2126
0 313
0 1584
0 979
0 749
0 1502
0 1373
0 1758
0 1969
0 596
0 1168
0 391
0 1087
0 1160
0 1014
0 1574
0 785
0 791
0 1378
0 961
0 1012
0 1162
0 1084
0 1464
0 1126
0 1201
0 1201
0 1745
0 1028
0 1172
0 1305
0 652
0 966
0 1218
0 1171
0 1062
0 1012
0 643
0 1225
0 833
0 1041
0 1552
0 966
0 796
0 1115
0 821
0 726
0 1287
0 1212
0 1617
0 872
0 528
0 1047
0 1113
0 1516
0 728
0 1409
0 419
0 1080
0 1479
0 987
0 1037
0 898
0 643
0 1387
0 780
0 1151
0 943
0 1165
0 1147
0 1062
0 1376
0 1013
0 1128
0 1065
0 1103
0 1097
0 1418
0 485
0 1745
0 878
0 1006
0 1332
0 834
0 1040
0 1240
0 1357
0 1141
0 566
0 980
0 1598
0 1320
0 733
0 1616
0 624
0 1498
0 526
0 896
0 909
0 1025
0 2023
0 1315
0 1269
0 1292
0 844
0 474
0 523
0 853
0 1548
0 1035
0 442
0 1400
0 1299
0 876
0 1052
0 656
0 812
0 928
0 751
0 1782
0 616
0 923
0 1181
0 1617
0 812
0 1303
0 886
0 1213
0 749
0 742
0 1196
0 861
0 758
0 769
0 778
0 1660
0 1220
0 606
0 1217
0 1435
0 613
0 1269
0 1043
0 948
0 1459
0 824
0 1257
0 1144
0 860
0 1513
0 1180
0 1175
0 1498
0 1167
0 1200
0 956
0 1424
0 849
0 1672
0 1071
0 2081
0 702
0 849
0 1444
0 1053
0 998
0 1013
0 1233
0 1113
0 757
0 881
0 1313
0 795
0 1277
0 929
0 903
0 913
0 697
0 381
0 572
0 1011
0 1106
0 1076
0 899
0 1019
0 1210
0 994
0 896
0 1595
0 773
0 1228
0 1317
0 1286
0 1265
0 783
0 1145
0 1104
0 881
0 1009
0 1058
0 890
0 1590
0 1813
0 1054
0 730
0 1438
0 1021
0 980
0 863
0 698
0 1300
0 1455
0 1015
0 903
0 1230
0 628
0 750
0 951
0 987
0 726
0 1587
0 1337
0 1361
0 890
0 357
0 963
0 1611
0 1275
0 867
0 1088
0 2078
0 1826
0 1030
0 1074
0 1513
0 1073
0 793
0 1025
0 1501
0 1203
0 1648
0 645
0 1377
0 1540
0 1520
0 1237
0 953
0 1231
0 1344
0 1326
0 1243
0 1239
0 556
0 862
0 844
0 1712
0 1384
0 910
0 820
0 1108
0 1524
0 790
0 1419
0 1123
0 1141
0 923
0 928
0 829
0 1155
0 1229
0 1825
0 1034
0 1167
0 893
0 1326
0 1545
0 595
0 482
0 1517
0 923
0 863
0 707
0 1218
0 770
0 895
0 1098
0 1135
0 983
0 1154
0 954
0 873
0 764
0 678
0 948
0 1173
0 1485
0 1281
0 989
0 968
0 935
0 1376
0 1516
0 870
0 639
0 1338
0 1586
0 1230
0 634
0 944
0 1155
0 1080
0 959
0 969
0 1332
0 1094
0 1145
0 1859
0 1795
0 1188
0 1101
0 1188
0 1457
0 755
0 943
0 1026
0 823
0 1075
0 770
0 1029
0 1254
0 1438
0 659
0 985
0 968
0 848
0 1029
0 1457
0 596
0 1046
0 486
0 673
0 832
0 1466
0 1178
0 1548
0 1221
0 1392
0 1102
0 1469
0 1048
0 630
0 1346
0 836
0 918
0 942
0 1281
0 809
0 942
0 1011
0 1230
0 935
0 1547
0 1002
0 1109
0 1173
0 577
0 1317
0 1169
0 1044
0 1331
0 910
0 1411
0 1221
0 1197
0 415
0 1180
0 1416
0 1150
0 814
0 1367
0 1190
0 1224
0 912
0 1181
0 1384
0 1505
0 1509
0 703
0 916
0 777
0 839
0 1148
0 1497
0 1411
0 1268
0 1659
0 877
0 1945
0 970
0 583
0 877
0 1458
0 1665
0 882
0 1301
0 1669
0 1252
0 381
0 1654
0 1653
0 645
0 787
0 1223
0 854
0 1039
0 489
0 842
0 842
0 1190
0 979
0 1093
0 1375
0 1431
0 1112
0 745
0 451
0 1079
0 1254
0 1399
0 1210
0 852
0 1888
0 1216
0 1073
0 928
0 1580
0 1116
0 1330
0 909
0 1097
0 1197
0 1181
0 1287
0 990
0 1415
0 407
0 1410
0 996
0 1174
0 1094
0 804
0 492
0 1189
0 1964
0 1163
0 1046
0 1430
0 1017
0 1342
0 662
0 1255
0 1320
0 1192
0 850
0 1637
0 1108
0 1337
0 936
0 1038
0 470
0 1339
0 1346
0 965
0 1140
0 998
0 1189
0 1213
0 1451
0 1137
0 663
0 1435
0 2251
0 1256
0 1183
0 1061
0 1022
0 985
0 1405
0 1086
0 910
0 1827
0 1110
0 1130
0 1045
0 848
0 952
0 1058
0 1116
0 969
0 793
0 1160
0 1111
0 1047
0 1271
0 840
0 770
0 1169
0 883
0 516
0 1421
0 926
0 757
0 879
0 991
0 785
0 2475
0 839
0 1395
0 1307
0 964
0 802
0 857
0 1122
0 1042
0 1849
0 1618
0 767
0 1065
0 963
0 1108
0 471
0 1341
0 620
0 1000
0 868
0 1399
0 824
0 530
0 604
0 700
0 887
0 1191
0 1247
0 1099
0 754
0 800
0 737
0 591
0 837
0 1407
0 1155
0 930
0 556
0 706
0 1931
0 1184
0 945
0 1273
0 1182
0 1048
0 1243
0 1155
0 1034
0 655
0 1212
0 1236
0 542
0 1380
0 1289
0 830
0 1534
0 1000
0 920
0 897
0 511
0 1348
0 1325
0 918
0 1660
0 1160
0 1358
0 1552
0 930
0 1430
0 1011
0 1198
0 1564
0 1103
0 1063
0 1191
0 1169
0 1804
0 1758
0 1348
0 540
0 1327
0 1022
0 1124
0 1198
0 1817
0 1515
0 775
0 993
0 1863
0 1339
0 725
0 923
0 1122
0 647
0 949
0 1779
0 1485
0 1957
0 1506
0 1430
0 791
0 1196
0 914
0 557
0 1312
0 869
0 1143
0 1617
0 985
0 855
0 1396
0 611
0 1529
0 887
0 868
0 1084
0 1821
0 428
0 1081
0 1335
0 533
0 1068
0 749
0 881
0 1633
0 1477
0 1172
0 648
0 1054
0 1129
0 556
0 1499
0 586
0 574
0 1108
0 1285
0 1085
0 1207
0 902
0 1204
0 1490
0 828
0 1040
0 1731
0 1294
0 1180
0 379
0 978
0 360
0 1237
0 1365
0 1746
0 1330
0 937
0 1475
0 389
0 1109
0 1228
0 745
0 1068
0 903
0 1190
0 1646
0 1924
0 1436
0 1230
0 417
0 1316
0 242
0 1057
0 1196
0 2176
0 1341
0 829
0 1443
0 1389
0 1303
0 972
0 2124
0 617
0 1140
0 569
0 955
0 1745
0 764
0 1085
0 671
0 1173
0 1048
0 1081
0 847
0 980
0 1428
0 675
0 1481
0 682
0 1064
0 740
0 1382
0 1433
0 1049
0 981
0 1197
0 1367
0 1087
0 1309
0 822
0 1004
0 901
0 1439
0 623
0 1413
0 1009
0 1153
0 783
0 973
0 1288
0 600
0 502
0 594
0 804
0 466
0 1274
0 1108
0 480
0 1130
0 755
0 543
0 533
0 846
0 1175
0 667
0 1225
0 508
0 1052
0 1409
0 853
0 1000
0 962
0 718
0 1111
0 1500
0 341
0 815
0 1548
0 933
0 969
0 801
0 1245
0 1091
0 974
0 841
0 964
0 891
0 643
0 526
0 1232
0 1441
0 978
0 601
0 900
0 1060
0 1190
0 1010
0 1108
0 1033
0 647
0 457
0 1015
0 564
0 516
0 905
0 1711
0 931
0 1234
0 1568
0 1554
0 1295
0 464
0 378
0 771
0 1023
0 725
0 1120
0 596
0 870
0 1606
0 1227
0 1100
0 781
0 1291
0 688
0 1286
