# SA for random K-SAT
# K = 4   N = 4096   M = 35840   seed = 397205990
# alpha = 8.750000   nIter = 1024  Tmax = 0.200000
# 1:lowestUnsat  2:runTime
3 1024
7 1024
6 1024
3 1024
7 1024
4 1024
8 1024
5 1024
2 1024
4 1024
4 1024
4 1024
1 1024
2 1024
4 1024
6 1024
3 1024
2 1024
0 800
4 1024
5 1024
4 1024
4 1024
8 1024
5 1024
8 1024
6 1024
2 1024
8 1024
4 1024
5 1024
6 1024
2 1024
7 1024
5 1024
5 1024
8 1024
4 1024
8 1024
4 1024
2 1024
5 1024
3 1024
2 1024
7 1024
2 1024
3 1024
5 1024
3 1024
5 1024
5 1024
9 1024
6 1024
2 1024
3 1024
6 1024
6 1024
1 1024
0 797
6 1024
4 1024
3 1024
4 1024
4 1024
4 1024
5 1024
7 1024
6 1024
2 1024
4 1024
8 1024
2 1024
1 1024
2 1024
6 1024
4 1024
3 1024
2 1024
12 1024
3 1024
9 1024
4 1024
3 1024
4 1024
1 1024
0 728
3 1024
4 1024
1 1024
1 1024
6 1024
1 1024
6 1024
1 1024
5 1024
1 1024
5 1024
11 1024
6 1024
6 1024
7 1024
6 1024
3 1024
2 1024
6 1024
4 1024
2 1024
4 1024
8 1024
6 1024
3 1024
1 1024
1 1024
7 1024
2 1024
4 1024
1 1024
4 1024
3 1024
4 1024
1 1024
3 1024
4 1024
3 1024
5 1024
1 1024
5 1024
6 1024
2 1024
1 1024
4 1024
4 1024
2 1024
7 1024
5 1024
9 1024
7 1024
8 1024
5 1024
5 1024
2 1024
3 1024
7 1024
3 1024
8 1024
5 1024
11 1024
4 1024
4 1024
4 1024
5 1024
5 1024
4 1024
4 1024
2 1024
5 1024
5 1024
6 1024
5 1024
1 1024
16 1024
1 1024
4 1024
1 1024
3 1024
7 1024
2 1024
11 1024
2 1024
5 1024
4 1024
0 1022
4 1024
1 1024
4 1024
8 1024
1 1024
5 1024
8 1024
5 1024
3 1024
2 1024
5 1024
0 962
4 1024
6 1024
1 1024
13 1024
2 1024
4 1024
3 1024
3 1024
1 1024
0 628
6 1024
9 1024
3 1024
7 1024
5 1024
9 1024
16 1024
3 1024
6 1024
6 1024
10 1024
3 1024
4 1024
4 1024
6 1024
6 1024
3 1024
3 1024
6 1024
7 1024
14 1024
4 1024
3 1024
3 1024
2 1024
1 1024
4 1024
2 1024
3 1024
2 1024
4 1024
2 1024
3 1024
6 1024
1 1024
2 1024
9 1024
2 1024
5 1024
1 1024
4 1024
11 1024
3 1024
7 1024
3 1024
1 1024
8 1024
3 1024
5 1024
0 1001
6 1024
7 1024
4 1024
3 1024
8 1024
6 1024
5 1024
7 1024
7 1024
2 1024
2 1024
3 1024
5 1024
7 1024
7 1024
1 1024
2 1024
2 1024
7 1024
2 1024
3 1024
6 1024
5 1024
5 1024
3 1024
4 1024
5 1024
1 1024
2 1024
5 1024
5 1024
5 1024
3 1024
8 1024
2 1024
4 1024
5 1024
3 1024
4 1024
5 1024
5 1024
6 1024
4 1024
2 1024
4 1024
2 1024
5 1024
6 1024
5 1024
10 1024
5 1024
4 1024
4 1024
10 1024
3 1024
7 1024
7 1024
1 1024
5 1024
7 1024
10 1024
2 1024
4 1024
4 1024
2 1024
8 1024
5 1024
4 1024
4 1024
3 1024
1 1024
4 1024
5 1024
7 1024
6 1024
2 1024
4 1024
2 1024
4 1024
3 1024
5 1024
0 868
3 1024
1 1024
2 1024
2 1024
5 1024
10 1024
9 1024
1 1024
5 1024
0 589
5 1024
3 1024
4 1024
1 1024
0 698
3 1024
4 1024
5 1024
3 1024
1 1024
7 1024
2 1024
0 954
3 1024
2 1024
3 1024
2 1024
9 1024
7 1024
2 1024
3 1024
2 1024
9 1024
1 1024
5 1024
0 499
1 1024
8 1024
6 1024
7 1024
2 1024
1 1024
2 1024
4 1024
6 1024
3 1024
1 1024
6 1024
6 1024
3 1024
5 1024
6 1024
9 1024
6 1024
7 1024
0 977
2 1024
5 1024
7 1024
4 1024
4 1024
8 1024
7 1024
2 1024
3 1024
3 1024
3 1024
4 1024
3 1024
2 1024
9 1024
10 1024
3 1024
3 1024
6 1024
4 1024
7 1024
3 1024
6 1024
6 1024
2 1024
7 1024
5 1024
1 1024
8 1024
4 1024
7 1024
4 1024
1 1024
6 1024
4 1024
6 1024
1 1024
6 1024
0 601
1 1024
6 1024
5 1024
1 1024
5 1024
5 1024
6 1024
4 1024
4 1024
5 1024
3 1024
3 1024
5 1024
8 1024
1 1024
2 1024
6 1024
3 1024
3 1024
4 1024
7 1024
5 1024
5 1024
3 1024
9 1024
7 1024
6 1024
7 1024
4 1024
3 1024
3 1024
5 1024
5 1024
7 1024
3 1024
3 1024
2 1024
7 1024
2 1024
7 1024
0 865
1 1024
1 1024
6 1024
9 1024
2 1024
8 1024
2 1024
0 662
5 1024
6 1024
6 1024
3 1024
6 1024
3 1024
4 1024
0 485
4 1024
10 1024
5 1024
4 1024
3 1024
6 1024
9 1024
3 1024
7 1024
9 1024
6 1024
6 1024
3 1024
6 1024
2 1024
4 1024
4 1024
3 1024
1 1024
6 1024
3 1024
5 1024
6 1024
0 926
9 1024
4 1024
2 1024
3 1024
2 1024
3 1024
10 1024
6 1024
7 1024
6 1024
2 1024
7 1024
1 1024
2 1024
3 1024
5 1024
0 573
6 1024
5 1024
3 1024
7 1024
1 1024
3 1024
5 1024
5 1024
7 1024
5 1024
4 1024
4 1024
2 1024
6 1024
5 1024
3 1024
2 1024
3 1024
4 1024
4 1024
5 1024
1 1024
7 1024
2 1024
6 1024
2 1024
3 1024
5 1024
8 1024
2 1024
5 1024
5 1024
6 1024
2 1024
4 1024
2 1024
1 1024
4 1024
3 1024
4 1024
5 1024
6 1024
9 1024
0 578
5 1024
5 1024
6 1024
10 1024
2 1024
6 1024
9 1024
0 987
4 1024
2 1024
6 1024
5 1024
2 1024
7 1024
9 1024
13 1024
8 1024
6 1024
0 925
5 1024
8 1024
8 1024
3 1024
5 1024
7 1024
2 1024
6 1024
8 1024
3 1024
3 1024
4 1024
12 1024
1 1024
4 1024
6 1024
6 1024
5 1024
1 1024
1 1024
5 1024
3 1024
2 1024
2 1024
1 1024
1 1024
3 1024
3 1024
4 1024
6 1024
6 1024
3 1024
3 1024
5 1024
3 1024
0 733
3 1024
7 1024
5 1024
3 1024
3 1024
8 1024
3 1024
4 1024
7 1024
0 984
14 1024
8 1024
6 1024
11 1024
10 1024
1 1024
4 1024
6 1024
1 1024
7 1024
6 1024
1 1024
7 1024
9 1024
4 1024
2 1024
3 1024
4 1024
6 1024
7 1024
0 868
1 1024
3 1024
6 1024
2 1024
6 1024
6 1024
2 1024
3 1024
1 1024
1 1024
5 1024
0 830
5 1024
7 1024
1 1024
2 1024
8 1024
2 1024
5 1024
0 573
1 1024
5 1024
3 1024
2 1024
2 1024
5 1024
9 1024
4 1024
6 1024
1 1024
11 1024
4 1024
5 1024
7 1024
0 562
3 1024
4 1024
3 1024
6 1024
4 1024
8 1024
8 1024
3 1024
0 598
9 1024
4 1024
7 1024
2 1024
4 1024
15 1024
4 1024
5 1024
0 683
7 1024
4 1024
3 1024
1 1024
7 1024
5 1024
2 1024
6 1024
10 1024
2 1024
1 1024
4 1024
5 1024
2 1024
1 1024
10 1024
1 1024
4 1024
3 1024
5 1024
5 1024
0 860
6 1024
4 1024
4 1024
7 1024
0 892
0 852
3 1024
4 1024
3 1024
3 1024
5 1024
3 1024
5 1024
6 1024
3 1024
7 1024
0 561
6 1024
2 1024
10 1024
6 1024
7 1024
4 1024
0 521
4 1024
2 1024
2 1024
5 1024
2 1024
4 1024
7 1024
4 1024
2 1024
1 1024
5 1024
1 1024
3 1024
5 1024
4 1024
2 1024
9 1024
1 1024
4 1024
3 1024
2 1024
2 1024
2 1024
8 1024
9 1024
7 1024
7 1024
3 1024
2 1024
4 1024
2 1024
5 1024
6 1024
2 1024
3 1024
4 1024
5 1024
8 1024
9 1024
2 1024
3 1024
8 1024
9 1024
6 1024
4 1024
4 1024
0 829
5 1024
5 1024
1 1024
8 1024
1 1024
6 1024
10 1024
4 1024
3 1024
3 1024
2 1024
7 1024
8 1024
1 1024
1 1024
6 1024
0 781
4 1024
3 1024
1 1024
2 1024
2 1024
9 1024
2 1024
8 1024
3 1024
4 1024
3 1024
1 1024
4 1024
3 1024
2 1024
8 1024
4 1024
5 1024
1 1024
5 1024
8 1024
6 1024
7 1024
5 1024
4 1024
10 1024
2 1024
6 1024
2 1024
2 1024
5 1024
2 1024
1 1024
4 1024
3 1024
3 1024
7 1024
1 1024
6 1024
1 1024
4 1024
4 1024
1 1024
7 1024
8 1024
7 1024
6 1024
5 1024
4 1024
3 1024
2 1024
1 1024
7 1024
3 1024
0 915
1 1024
2 1024
4 1024
0 661
8 1024
3 1024
7 1024
3 1024
5 1024
1 1024
5 1024
3 1024
4 1024
7 1024
2 1024
1 1024
1 1024
6 1024
1 1024
2 1024
2 1024
1 1024
1 1024
1 1024
4 1024
10 1024
1 1024
3 1024
1 1024
2 1024
11 1024
8 1024
4 1024
6 1024
2 1024
3 1024
4 1024
9 1024
12 1024
5 1024
4 1024
0 492
5 1024
3 1024
2 1024
3 1024
3 1024
1 1024
4 1024
6 1024
1 1024
7 1024
4 1024
6 1024
9 1024
5 1024
3 1024
6 1024
10 1024
7 1024
5 1024
6 1024
0 437
8 1024
6 1024
7 1024
4 1024
3 1024
9 1024
4 1024
2 1024
0 898
4 1024
6 1024
0 530
2 1024
6 1024
2 1024
2 1024
4 1024
5 1024
2 1024
4 1024
5 1024
5 1024
10 1024
1 1024
6 1024
3 1024
1 1024
3 1024
7 1024
2 1024
4 1024
6 1024
5 1024
7 1024
3 1024
5 1024
5 1024
1 1024
6 1024
3 1024
3 1024
2 1024
6 1024
12 1024
3 1024
3 1024
0 932
3 1024
1 1024
8 1024
2 1024
2 1024
6 1024
3 1024
9 1024
6 1024
6 1024
5 1024
1 1024
7 1024
2 1024
1 1024
8 1024
8 1024
2 1024
1 1024
4 1024
6 1024
14 1024
5 1024
7 1024
5 1024
5 1024
4 1024
8 1024
6 1024
8 1024
6 1024
3 1024
6 1024
3 1024
3 1024
9 1024
0 771
4 1024
12 1024
3 1024
19 1024
5 1024
4 1024
5 1024
6 1024
3 1024
2 1024
4 1024
5 1024
2 1024
3 1024
5 1024
3 1024
1 1024
8 1024
3 1024
2 1024
4 1024
5 1024
1 1024
3 1024
9 1024
4 1024
4 1024
4 1024
1 1024
3 1024
3 1024
2 1024
2 1024
0 968
3 1024
9 1024
3 1024
3 1024
5 1024
3 1024
4 1024
4 1024
2 1024
2 1024
4 1024
2 1024
2 1024
8 1024
4 1024
6 1024
7 1024
7 1024
10 1024
5 1024
3 1024
2 1024
1 1024
6 1024
2 1024
4 1024
3 1024
4 1024
5 1024
7 1024
9 1024
2 1024
2 1024
5 1024
4 1024
2 1024
4 1024
3 1024
3 1024
2 1024
6 1024
5 1024
6 1024
10 1024
7 1024
7 1024
2 1024
1 1024
3 1024
9 1024
1 1024
5 1024
2 1024
4 1024
5 1024
11 1024
3 1024
3 1024
13 1024
3 1024
4 1024
4 1024
8 1024
2 1024
7 1024
4 1024
6 1024
1 1024
2 1024
4 1024
4 1024
3 1024
5 1024
3 1024
2 1024
1 1024
14 1024
4 1024
2 1024
6 1024
3 1024
4 1024
9 1024
5 1024
3 1024
5 1024
10 1024
4 1024
2 1024
11 1024
5 1024
6 1024
3 1024
5 1024
7 1024
5 1024
4 1024
11 1024
1 1024
4 1024
4 1024
7 1024
7 1024
4 1024
8 1024
9 1024
8 1024
2 1024
2 1024
12 1024
1 1024
7 1024
7 1024
2 1024
5 1024
3 1024
2 1024
3 1024
10 1024
10 1024
4 1024
6 1024
6 1024
4 1024
2 1024
3 1024
7 1024
1 1024
4 1024
8 1024
2 1024
6 1024
1 1024
8 1024
3 1024
5 1024
3 1024
8 1024
1 1024
3 1024
3 1024
7 1024
8 1024
4 1024
2 1024
4 1024
1 1024
7 1024
7 1024
5 1024
4 1024
2 1024
8 1024
1 1024
10 1024
4 1024
2 1024
4 1024
11 1024
7 1024
7 1024
5 1024
9 1024
5 1024
4 1024
2 1024
8 1024
2 1024
6 1024
5 1024
5 1024
3 1024
4 1024
5 1024
5 1024
3 1024
3 1024
7 1024
7 1024
9 1024
2 1024
4 1024
2 1024
3 1024
2 1024
5 1024
8 1024
3 1024
0 486
2 1024
4 1024
5 1024
7 1024
15 1024
8 1024
3 1024
3 1024
4 1024
0 801
8 1024
2 1024
3 1024
7 1024
0 731
3 1024
4 1024
2 1024
5 1024
6 1024
7 1024
2 1024
5 1024
10 1024
1 1024
9 1024
4 1024
3 1024
1 1024
1 1024
1 1024
7 1024
4 1024
4 1024
11 1024
4 1024
11 1024
13 1024
6 1024
3 1024
0 773
2 1024
7 1024
2 1024
8 1024
5 1024
4 1024
3 1024
2 1024
6 1024
1 1024
10 1024
4 1024
3 1024
3 1024
3 1024
1 1024
3 1024
7 1024
2 1024
4 1024
2 1024
2 1024
10 1024
1 1024
1 1024
3 1024
3 1024
6 1024
3 1024
4 1024
7 1024
6 1024
1 1024
3 1024
4 1024
5 1024
5 1024
3 1024
4 1024
5 1024
8 1024
1 1024
1 1024
8 1024
3 1024
1 1024
7 1024
5 1024
3 1024
5 1024
4 1024
10 1024
12 1024
4 1024
9 1024
9 1024
7 1024
6 1024
4 1024
7 1024
4 1024
2 1024
6 1024
7 1024
1 1024
6 1024
6 1024
4 1024
12 1024
0 478
4 1024
5 1024
2 1024
3 1024
5 1024
4 1024
1 1024
7 1024
4 1024
8 1024
4 1024
2 1024
2 1024
2 1024
4 1024
3 1024
1 1024
0 820
7 1024
4 1024
3 1024
4 1024
4 1024
1 1024
4 1024
5 1024
5 1024
11 1024
4 1024
7 1024
1 1024
4 1024
5 1024
2 1024
0 981
9 1024
2 1024
4 1024
1 1024
7 1024
4 1024
1 1024
5 1024
4 1024
5 1024
2 1024
3 1024
5 1024
9 1024
3 1024
9 1024
4 1024
5 1024
4 1024
4 1024
3 1024
3 1024
4 1024
1 1024
2 1024
4 1024
0 509
5 1024
5 1024
7 1024
7 1024
4 1024
3 1024
3 1024
7 1024
2 1024
5 1024
7 1024
3 1024
8 1024
8 1024
3 1024
11 1024
2 1024
5 1024
1 1024
5 1024
1 1024
10 1024
2 1024
6 1024
8 1024
1 1024
5 1024
8 1024
4 1024
2 1024
2 1024
5 1024
2 1024
3 1024
3 1024
3 1024
3 1024
2 1024
10 1024
5 1024
1 1024
1 1024
9 1024
7 1024
4 1024
7 1024
1 1024
9 1024
5 1024
3 1024
5 1024
1 1024
2 1024
2 1024
7 1024
2 1024
6 1024
2 1024
7 1024
2 1024
3 1024
6 1024
6 1024
3 1024
3 1024
1 1024
2 1024
8 1024
2 1024
2 1024
1 1024
11 1024
4 1024
4 1024
2 1024
4 1024
4 1024
3 1024
6 1024
7 1024
1 1024
1 1024
6 1024
7 1024
8 1024
2 1024
10 1024
5 1024
10 1024
1 1024
2 1024
4 1024
2 1024
3 1024
4 1024
5 1024
6 1024
0 735
1 1024
4 1024
4 1024
0 875
6 1024
4 1024
4 1024
6 1024
4 1024
4 1024
3 1024
7 1024
5 1024
5 1024
4 1024
3 1024
1 1024
3 1024
6 1024
3 1024
3 1024
3 1024
1 1024
1 1024
5 1024
7 1024
4 1024
2 1024
5 1024
4 1024
2 1024
5 1024
4 1024
4 1024
6 1024
4 1024
5 1024
8 1024
3 1024
5 1024
5 1024
9 1024
4 1024
3 1024
5 1024
1 1024
4 1024
2 1024
1 1024
3 1024
5 1024
3 1024
5 1024
7 1024
3 1024
8 1024
3 1024
4 1024
1 1024
1 1024
4 1024
2 1024
1 1024
8 1024
9 1024
2 1024
3 1024
7 1024
6 1024
5 1024
2 1024
6 1024
4 1024
2 1024
4 1024
6 1024
5 1024
1 1024
1 1024
6 1024
7 1024
7 1024
4 1024
4 1024
3 1024
8 1024
3 1024
2 1024
6 1024
8 1024
2 1024
3 1024
3 1024
1 1024
9 1024
0 471
4 1024
11 1024
7 1024
6 1024
6 1024
1 1024
1 1024
1 1024
2 1024
2 1024
4 1024
3 1024
0 934
5 1024
6 1024
2 1024
7 1024
3 1024
4 1024
4 1024
5 1024
5 1024
2 1024
1 1024
4 1024
6 1024
5 1024
3 1024
7 1024
0 999
3 1024
2 1024
5 1024
1 1024
3 1024
5 1024
2 1024
10 1024
2 1024
2 1024
3 1024
7 1024
5 1024
1 1024
6 1024
12 1024
7 1024
2 1024
9 1024
5 1024
2 1024
5 1024
7 1024
4 1024
5 1024
7 1024
6 1024
4 1024
1 1024
8 1024
6 1024
5 1024
6 1024
1 1024
5 1024
1 1024
10 1024
11 1024
11 1024
1 1024
0 450
4 1024
5 1024
3 1024
5 1024
4 1024
3 1024
4 1024
3 1024
5 1024
4 1024
6 1024
3 1024
1 1024
4 1024
4 1024
4 1024
2 1024
6 1024
4 1024
1 1024
3 1024
2 1024
5 1024
0 526
6 1024
7 1024
6 1024
6 1024
4 1024
7 1024
1 1024
3 1024
3 1024
3 1024
4 1024
15 1024
3 1024
9 1024
1 1024
7 1024
11 1024
4 1024
3 1024
2 1024
0 799
2 1024
5 1024
1 1024
8 1024
10 1024
8 1024
9 1024
0 560
1 1024
4 1024
1 1024
2 1024
2 1024
1 1024
3 1024
2 1024
16 1024
2 1024
3 1024
3 1024
2 1024
6 1024
3 1024
2 1024
9 1024
4 1024
3 1024
4 1024
8 1024
2 1024
8 1024
1 1024
3 1024
4 1024
5 1024
3 1024
4 1024
7 1024
9 1024
1 1024
4 1024
1 1024
5 1024
3 1024
2 1024
2 1024
0 876
4 1024
6 1024
9 1024
4 1024
2 1024
5 1024
5 1024
9 1024
6 1024
4 1024
1 1024
1 1024
7 1024
6 1024
2 1024
4 1024
5 1024
2 1024
5 1024
7 1024
3 1024
6 1024
6 1024
7 1024
6 1024
2 1024
8 1024
1 1024
6 1024
6 1024
5 1024
5 1024
1 1024
4 1024
1 1024
3 1024
9 1024
3 1024
1 1024
1 1024
3 1024
5 1024
0 904
1 1024
1 1024
0 843
2 1024
2 1024
7 1024
2 1024
1 1024
4 1024
3 1024
9 1024
4 1024
3 1024
0 881
3 1024
1 1024
1 1024
6 1024
3 1024
2 1024
4 1024
4 1024
2 1024
3 1024
2 1024
6 1024
6 1024
2 1024
5 1024
2 1024
8 1024
6 1024
1 1024
3 1024
3 1024
10 1024
9 1024
7 1024
3 1024
11 1024
2 1024
4 1024
2 1024
1 1024
2 1024
11 1024
6 1024
0 1001
5 1024
2 1024
5 1024
3 1024
6 1024
0 552
2 1024
7 1024
5 1024
6 1024
5 1024
3 1024
6 1024
5 1024
4 1024
3 1024
8 1024
3 1024
6 1024
4 1024
3 1024
2 1024
6 1024
1 1024
0 811
3 1024
3 1024
3 1024
4 1024
4 1024
5 1024
8 1024
3 1024
6 1024
0 657
1 1024
3 1024
7 1024
2 1024
2 1024
12 1024
5 1024
2 1024
6 1024
2 1024
1 1024
6 1024
5 1024
9 1024
1 1024
8 1024
5 1024
2 1024
4 1024
6 1024
5 1024
0 866
4 1024
8 1024
3 1024
7 1024
8 1024
3 1024
2 1024
4 1024
7 1024
4 1024
5 1024
9 1024
3 1024
7 1024
3 1024
3 1024
7 1024
3 1024
5 1024
8 1024
3 1024
9 1024
3 1024
2 1024
2 1024
7 1024
3 1024
3 1024
3 1024
3 1024
8 1024
7 1024
6 1024
2 1024
2 1024
10 1024
1 1024
6 1024
6 1024
3 1024
1 1024
5 1024
2 1024
6 1024
10 1024
6 1024
4 1024
3 1024
3 1024
0 706
5 1024
9 1024
7 1024
3 1024
3 1024
4 1024
4 1024
11 1024
2 1024
7 1024
4 1024
5 1024
8 1024
1 1024
4 1024
2 1024
4 1024
5 1024
5 1024
4 1024
5 1024
3 1024
5 1024
4 1024
2 1024
6 1024
4 1024
6 1024
0 859
0 867
6 1024
7 1024
8 1024
1 1024
10 1024
2 1024
10 1024
1 1024
1 1024
10 1024
4 1024
1 1024
0 762
10 1024
4 1024
1 1024
8 1024
2 1024
1 1024
5 1024
5 1024
5 1024
3 1024
1 1024
6 1024
11 1024
5 1024
5 1024
1 1024
8 1024
8 1024
2 1024
6 1024
7 1024
7 1024
7 1024
2 1024
13 1024
1 1024
11 1024
1 1024
1 1024
0 485
5 1024
4 1024
1 1024
4 1024
6 1024
8 1024
1 1024
4 1024
2 1024
4 1024
5 1024
4 1024
3 1024
8 1024
10 1024
6 1024
1 1024
2 1024
6 1024
4 1024
3 1024
6 1024
9 1024
3 1024
2 1024
2 1024
9 1024
2 1024
9 1024
2 1024
7 1024
3 1024
5 1024
1 1024
5 1024
4 1024
4 1024
1 1024
5 1024
6 1024
6 1024
0 757
1 1024
0 628
9 1024
11 1024
3 1024
6 1024
3 1024
3 1024
1 1024
4 1024
5 1024
6 1024
9 1024
6 1024
3 1024
9 1024
4 1024
3 1024
2 1024
4 1024
0 796
3 1024
14 1024
3 1024
4 1024
5 1024
4 1024
1 1024
3 1024
4 1024
3 1024
5 1024
3 1024
9 1024
5 1024
2 1024
7 1024
3 1024
2 1024
5 1024
6 1024
4 1024
5 1024
9 1024
1 1024
6 1024
9 1024
4 1024
2 1024
4 1024
3 1024
5 1024
4 1024
3 1024
5 1024
6 1024
2 1024
5 1024
2 1024
1 1024
8 1024
4 1024
3 1024
4 1024
5 1024
5 1024
6 1024
2 1024
3 1024
2 1024
2 1024
5 1024
11 1024
4 1024
1 1024
3 1024
5 1024
6 1024
6 1024
7 1024
8 1024
4 1024
2 1024
5 1024
1 1024
9 1024
1 1024
5 1024
13 1024
0 992
1 1024
2 1024
0 817
1 1024
2 1024
9 1024
1 1024
6 1024
3 1024
4 1024
6 1024
14 1024
2 1024
5 1024
6 1024
0 584
3 1024
4 1024
4 1024
3 1024
9 1024
5 1024
4 1024
5 1024
3 1024
3 1024
5 1024
4 1024
6 1024
9 1024
4 1024
5 1024
0 833
3 1024
2 1024
9 1024
6 1024
1 1024
2 1024
5 1024
7 1024
3 1024
0 723
3 1024
0 977
8 1024
6 1024
1 1024
8 1024
2 1024
3 1024
6 1024
7 1024
3 1024
4 1024
4 1024
3 1024
0 686
1 1024
10 1024
10 1024
3 1024
5 1024
5 1024
5 1024
2 1024
1 1024
3 1024
5 1024
2 1024
2 1024
7 1024
3 1024
5 1024
6 1024
3 1024
9 1024
4 1024
2 1024
2 1024
4 1024
5 1024
2 1024
2 1024
1 1024
3 1024
4 1024
6 1024
1 1024
10 1024
1 1024
9 1024
3 1024
3 1024
4 1024
3 1024
6 1024
3 1024
4 1024
1 1024
4 1024
7 1024
4 1024
3 1024
4 1024
3 1024
6 1024
4 1024
3 1024
1 1024
3 1024
7 1024
2 1024
1 1024
0 419
2 1024
1 1024
6 1024
6 1024
3 1024
14 1024
6 1024
1 1024
8 1024
6 1024
0 977
11 1024
2 1024
5 1024
5 1024
6 1024
1 1024
2 1024
2 1024
1 1024
4 1024
1 1024
5 1024
2 1024
1 1024
3 1024
2 1024
3 1024
6 1024
3 1024
4 1024
4 1024
3 1024
6 1024
3 1024
3 1024
8 1024
4 1024
3 1024
0 532
2 1024
1 1024
4 1024
5 1024
5 1024
8 1024
4 1024
2 1024
1 1024
5 1024
9 1024
5 1024
3 1024
6 1024
2 1024
3 1024
8 1024
2 1024
2 1024
1 1024
4 1024
1 1024
7 1024
3 1024
1 1024
7 1024
1 1024
2 1024
3 1024
12 1024
4 1024
5 1024
3 1024
7 1024
2 1024
7 1024
8 1024
3 1024
6 1024
7 1024
7 1024
11 1024
8 1024
5 1024
2 1024
3 1024
5 1024
1 1024
4 1024
4 1024
1 1024
8 1024
3 1024
0 614
3 1024
7 1024
1 1024
1 1024
2 1024
13 1024
5 1024
5 1024
1 1024
9 1024
5 1024
0 909
3 1024
4 1024
8 1024
3 1024
5 1024
4 1024
2 1024
4 1024
2 1024
0 891
6 1024
4 1024
5 1024
0 780
0 896
1 1024
7 1024
0 420
4 1024
4 1024
5 1024
1 1024
5 1024
3 1024
4 1024
1 1024
7 1024
3 1024
3 1024
2 1024
2 1024
3 1024
3 1024
9 1024
1 1024
1 1024
8 1024
2 1024
3 1024
1 1024
3 1024
2 1024
1 1024
1 1024
1 1024
5 1024
3 1024
2 1024
4 1024
4 1024
5 1024
6 1024
1 1024
4 1024
6 1024
8 1024
2 1024
8 1024
3 1024
1 1024
11 1024
1 1024
6 1024
1 1024
4 1024
2 1024
2 1024
7 1024
2 1024
6 1024
5 1024
0 788
6 1024
14 1024
2 1024
5 1024
6 1024
7 1024
5 1024
2 1024
2 1024
12 1024
3 1024
1 1024
5 1024
5 1024
6 1024
4 1024
3 1024
4 1024
0 764
1 1024
5 1024
4 1024
4 1024
2 1024
5 1024
3 1024
2 1024
3 1024
8 1024
4 1024
4 1024
8 1024
4 1024
6 1024
2 1024
3 1024
0 844
7 1024
8 1024
3 1024
5 1024
2 1024
3 1024
2 1024
2 1024
5 1024
5 1024
5 1024
2 1024
9 1024
3 1024
5 1024
3 1024
4 1024
13 1024
5 1024
4 1024
10 1024
3 1024
8 1024
0 948
2 1024
3 1024
9 1024
4 1024
4 1024
7 1024
4 1024
3 1024
0 548
5 1024
13 1024
2 1024
4 1024
0 840
4 1024
4 1024
4 1024
4 1024
3 1024
3 1024
3 1024
5 1024
3 1024
9 1024
2 1024
6 1024
6 1024
9 1024
1 1024
1 1024
4 1024
9 1024
3 1024
2 1024
4 1024
2 1024
4 1024
4 1024
1 1024
3 1024
4 1024
3 1024
2 1024
3 1024
2 1024
2 1024
0 736
8 1024
5 1024
8 1024
4 1024
3 1024
11 1024
6 1024
1 1024
2 1024
3 1024
3 1024
3 1024
5 1024
11 1024
4 1024
4 1024
2 1024
6 1024
7 1024
7 1024
8 1024
6 1024
9 1024
8 1024
8 1024
1 1024
3 1024
1 1024
7 1024
9 1024
4 1024
4 1024
7 1024
1 1024
7 1024
3 1024
4 1024
8 1024
4 1024
6 1024
5 1024
3 1024
3 1024
4 1024
7 1024
6 1024
4 1024
7 1024
1 1024
3 1024
5 1024
5 1024
2 1024
2 1024
4 1024
5 1024
3 1024
1 1024
4 1024
1 1024
5 1024
6 1024
3 1024
6 1024
2 1024
3 1024
6 1024
4 1024
6 1024
7 1024
2 1024
3 1024
2 1024
0 867
1 1024
4 1024
8 1024
5 1024
6 1024
2 1024
5 1024
3 1024
7 1024
6 1024
3 1024
8 1024
0 664
5 1024
4 1024
2 1024
2 1024
1 1024
2 1024
3 1024
8 1024
4 1024
4 1024
6 1024
4 1024
10 1024
3 1024
12 1024
3 1024
4 1024
11 1024
3 1024
9 1024
2 1024
3 1024
10 1024
4 1024
3 1024
2 1024
4 1024
2 1024
2 1024
4 1024
1 1024
6 1024
3 1024
4 1024
8 1024
3 1024
3 1024
3 1024
3 1024
8 1024
5 1024
4 1024
3 1024
6 1024
1 1024
4 1024
5 1024
6 1024
5 1024
7 1024
3 1024
1 1024
3 1024
4 1024
6 1024
2 1024
4 1024
6 1024
8 1024
3 1024
6 1024
5 1024
3 1024
5 1024
2 1024
7 1024
5 1024
4 1024
5 1024
2 1024
3 1024
4 1024
5 1024
5 1024
2 1024
5 1024
3 1024
3 1024
4 1024
1 1024
0 918
1 1024
5 1024
0 715
11 1024
4 1024
6 1024
2 1024
2 1024
7 1024
10 1024
5 1024
2 1024
2 1024
2 1024
2 1024
3 1024
5 1024
2 1024
3 1024
2 1024
5 1024
3 1024
11 1024
6 1024
4 1024
5 1024
2 1024
5 1024
3 1024
7 1024
7 1024
3 1024
2 1024
7 1024
6 1024
6 1024
1 1024
2 1024
5 1024
8 1024
7 1024
1 1024
2 1024
4 1024
4 1024
4 1024
5 1024
9 1024
6 1024
7 1024
8 1024
3 1024
4 1024
0 721
2 1024
1 1024
8 1024
5 1024
1 1024
9 1024
3 1024
1 1024
8 1024
1 1024
3 1024
11 1024
1 1024
2 1024
0 985
1 1024
6 1024
6 1024
2 1024
14 1024
0 729
0 807
4 1024
4 1024
4 1024
4 1024
5 1024
3 1024
6 1024
2 1024
2 1024
4 1024
5 1024
3 1024
2 1024
6 1024
2 1024
1 1024
4 1024
5 1024
0 738
3 1024
6 1024
2 1024
2 1024
7 1024
1 1024
5 1024
4 1024
6 1024
4 1024
1 1024
8 1024
4 1024
9 1024
0 970
2 1024
4 1024
5 1024
3 1024
9 1024
4 1024
0 590
4 1024
2 1024
3 1024
9 1024
1 1024
1 1024
11 1024
5 1024
3 1024
2 1024
5 1024
8 1024
2 1024
4 1024
1 1024
1 1024
4 1024
13 1024
2 1024
2 1024
6 1024
8 1024
6 1024
1 1024
4 1024
3 1024
3 1024
4 1024
8 1024
8 1024
7 1024
3 1024
2 1024
4 1024
4 1024
6 1024
2 1024
7 1024
5 1024
4 1024
6 1024
2 1024
2 1024
0 413
7 1024
2 1024
4 1024
12 1024
9 1024
3 1024
4 1024
4 1024
2 1024
6 1024
3 1024
2 1024
4 1024
5 1024
4 1024
5 1024
3 1024
5 1024
4 1024
1 1024
6 1024
4 1024
1 1024
10 1024
2 1024
7 1024
2 1024
4 1024
4 1024
6 1024
5 1024
0 967
2 1024
8 1024
3 1024
2 1024
11 1024
5 1024
2 1024
3 1024
4 1024
4 1024
12 1024
8 1024
1 1024
4 1024
4 1024
0 607
4 1024
5 1024
3 1024
4 1024
1 1024
3 1024
2 1024
10 1024
4 1024
6 1024
4 1024
4 1024
1 1024
3 1024
3 1024
3 1024
8 1024
0 629
3 1024
6 1024
5 1024
3 1024
9 1024
2 1024
5 1024
3 1024
8 1024
4 1024
3 1024
1 1024
4 1024
6 1024
2 1024
5 1024
2 1024
5 1024
3 1024
1 1024
16 1024
1 1024
2 1024
3 1024
6 1024
1 1024
5 1024
1 1024
3 1024
3 1024
4 1024
12 1024
5 1024
3 1024
4 1024
6 1024
7 1024
5 1024
3 1024
8 1024
5 1024
2 1024
3 1024
2 1024
2 1024
4 1024
2 1024
4 1024
2 1024
7 1024
8 1024
7 1024
4 1024
7 1024
2 1024
0 1004
6 1024
3 1024
3 1024
3 1024
3 1024
3 1024
7 1024
7 1024
4 1024
3 1024
6 1024
4 1024
4 1024
6 1024
9 1024
7 1024
3 1024
4 1024
6 1024
4 1024
7 1024
5 1024
2 1024
3 1024
5 1024
1 1024
5 1024
3 1024
2 1024
5 1024
5 1024
7 1024
1 1024
1 1024
2 1024
4 1024
0 890
7 1024
3 1024
10 1024
4 1024
3 1024
0 520
6 1024
4 1024
1 1024
8 1024
2 1024
6 1024
4 1024
5 1024
1 1024
3 1024
8 1024
5 1024
3 1024
1 1024
1 1024
4 1024
1 1024
5 1024
9 1024
9 1024
5 1024
2 1024
4 1024
2 1024
1 1024
7 1024
5 1024
5 1024
3 1024
3 1024
5 1024
2 1024
2 1024
4 1024
3 1024
9 1024
5 1024
1 1024
4 1024
6 1024
9 1024
3 1024
2 1024
5 1024
5 1024
7 1024
0 967
3 1024
5 1024
3 1024
3 1024
0 749
3 1024
4 1024
11 1024
3 1024
5 1024
2 1024
1 1024
2 1024
5 1024
5 1024
5 1024
1 1024
7 1024
3 1024
1 1024
3 1024
9 1024
4 1024
3 1024
4 1024
5 1024
4 1024
4 1024
5 1024
0 606
1 1024
4 1024
3 1024
2 1024
4 1024
2 1024
2 1024
2 1024
2 1024
0 962
5 1024
6 1024
1 1024
4 1024
5 1024
10 1024
3 1024
0 725
7 1024
7 1024
1 1024
2 1024
1 1024
8 1024
2 1024
6 1024
5 1024
8 1024
2 1024
3 1024
8 1024
4 1024
8 1024
5 1024
6 1024
2 1024
7 1024
1 1024
1 1024
1 1024
6 1024
3 1024
4 1024
4 1024
4 1024
2 1024
3 1024
7 1024
5 1024
4 1024
3 1024
1 1024
4 1024
8 1024
3 1024
6 1024
7 1024
9 1024
1 1024
7 1024
2 1024
7 1024
1 1024
4 1024
3 1024
4 1024
2 1024
5 1024
2 1024
6 1024
4 1024
2 1024
1 1024
6 1024
9 1024
10 1024
5 1024
5 1024
12 1024
2 1024
9 1024
3 1024
12 1024
6 1024
5 1024
5 1024
1 1024
7 1024
2 1024
3 1024
6 1024
0 656
4 1024
1 1024
2 1024
2 1024
0 600
2 1024
0 647
5 1024
0 718
6 1024
2 1024
4 1024
1 1024
10 1024
3 1024
7 1024
6 1024
4 1024
4 1024
3 1024
2 1024
2 1024
3 1024
9 1024
6 1024
5 1024
5 1024
2 1024
4 1024
4 1024
6 1024
7 1024
10 1024
5 1024
1 1024
8 1024
4 1024
11 1024
6 1024
3 1024
3 1024
1 1024
3 1024
2 1024
1 1024
8 1024
9 1024
2 1024
8 1024
0 671
8 1024
6 1024
4 1024
4 1024
0 531
3 1024
17 1024
2 1024
2 1024
8 1024
2 1024
2 1024
6 1024
6 1024
3 1024
3 1024
4 1024
4 1024
5 1024
5 1024
6 1024
1 1024
6 1024
1 1024
6 1024
7 1024
7 1024
7 1024
2 1024
5 1024
0 761
2 1024
0 335
4 1024
4 1024
5 1024
2 1024
6 1024
5 1024
3 1024
6 1024
3 1024
7 1024
3 1024
5 1024
1 1024
0 644
8 1024
9 1024
3 1024
3 1024
8 1024
4 1024
5 1024
6 1024
0 994
3 1024
4 1024
1 1024
6 1024
6 1024
3 1024
5 1024
2 1024
1 1024
2 1024
10 1024
4 1024
7 1024
2 1024
6 1024
3 1024
7 1024
6 1024
8 1024
2 1024
3 1024
7 1024
9 1024
5 1024
5 1024
3 1024
5 1024
2 1024
1 1024
5 1024
5 1024
1 1024
2 1024
2 1024
5 1024
6 1024
4 1024
4 1024
1 1024
4 1024
2 1024
1 1024
1 1024
0 845
5 1024
2 1024
1 1024
1 1024
7 1024
2 1024
7 1024
3 1024
4 1024
4 1024
6 1024
2 1024
8 1024
6 1024
5 1024
4 1024
2 1024
2 1024
3 1024
6 1024
5 1024
3 1024
4 1024
1 1024
9 1024
0 597
5 1024
1 1024
1 1024
3 1024
4 1024
5 1024
2 1024
3 1024
1 1024
8 1024
3 1024
1 1024
1 1024
1 1024
7 1024
4 1024
3 1024
3 1024
3 1024
3 1024
3 1024
5 1024
3 1024
1 1024
2 1024
5 1024
1 1024
5 1024
4 1024
9 1024
4 1024
3 1024
1 1024
4 1024
4 1024
4 1024
3 1024
5 1024
5 1024
8 1024
6 1024
5 1024
4 1024
2 1024
4 1024
5 1024
6 1024
8 1024
3 1024
2 1024
7 1024
8 1024
10 1024
6 1024
2 1024
7 1024
9 1024
1 1024
10 1024
5 1024
4 1024
6 1024
6 1024
5 1024
10 1024
2 1024
6 1024
8 1024
6 1024
5 1024
4 1024
7 1024
6 1024
1 1024
4 1024
1 1024
2 1024
4 1024
4 1024
0 926
8 1024
6 1024
3 1024
1 1024
9 1024
5 1024
1 1024
0 635
5 1024
0 652
7 1024
4 1024
3 1024
8 1024
4 1024
4 1024
4 1024
2 1024
7 1024
3 1024
2 1024
4 1024
9 1024
4 1024
1 1024
7 1024
10 1024
5 1024
2 1024
5 1024
2 1024
4 1024
4 1024
5 1024
11 1024
6 1024
5 1024
2 1024
0 540
3 1024
9 1024
1 1024
9 1024
1 1024
1 1024
7 1024
1 1024
7 1024
9 1024
5 1024
1 1024
0 834
4 1024
1 1024
4 1024
0 655
6 1024
4 1024
6 1024
7 1024
3 1024
7 1024
1 1024
2 1024
6 1024
2 1024
8 1024
2 1024
4 1024
5 1024
4 1024
2 1024
5 1024
3 1024
1 1024
7 1024
4 1024
5 1024
6 1024
3 1024
11 1024
3 1024
4 1024
8 1024
7 1024
4 1024
1 1024
1 1024
2 1024
7 1024
7 1024
5 1024
3 1024
3 1024
0 621
0 731
0 481
5 1024
4 1024
5 1024
7 1024
5 1024
2 1024
3 1024
4 1024
6 1024
3 1024
5 1024
4 1024
9 1024
6 1024
7 1024
1 1024
3 1024
7 1024
2 1024
2 1024
7 1024
4 1024
3 1024
6 1024
6 1024
6 1024
5 1024
7 1024
3 1024
5 1024
5 1024
1 1024
5 1024
4 1024
6 1024
5 1024
1 1024
5 1024
6 1024
4 1024
2 1024
5 1024
9 1024
2 1024
6 1024
6 1024
3 1024
4 1024
4 1024
0 872
13 1024
1 1024
6 1024
4 1024
6 1024
3 1024
3 1024
5 1024
9 1024
2 1024
3 1024
3 1024
6 1024
4 1024
3 1024
8 1024
2 1024
9 1024
0 985
8 1024
1 1024
6 1024
8 1024
5 1024
1 1024
1 1024
2 1024
5 1024
3 1024
8 1024
2 1024
7 1024
9 1024
2 1024
0 412
3 1024
1 1024
4 1024
3 1024
3 1024
2 1024
5 1024
4 1024
6 1024
1 1024
4 1024
4 1024
8 1024
1 1024
0 559
3 1024
5 1024
9 1024
0 1004
4 1024
4 1024
2 1024
4 1024
5 1024
7 1024
1 1024
4 1024
2 1024
10 1024
6 1024
4 1024
4 1024
3 1024
5 1024
4 1024
3 1024
4 1024
3 1024
3 1024
3 1024
5 1024
6 1024
3 1024
10 1024
3 1024
8 1024
2 1024
3 1024
7 1024
3 1024
0 772
3 1024
2 1024
6 1024
4 1024
13 1024
1 1024
5 1024
3 1024
4 1024
1 1024
5 1024
10 1024
4 1024
4 1024
5 1024
4 1024
10 1024
6 1024
8 1024
4 1024
3 1024
4 1024
8 1024
6 1024
10 1024
7 1024
4 1024
1 1024
0 869
13 1024
10 1024
6 1024
1 1024
7 1024
2 1024
3 1024
3 1024
7 1024
11 1024
1 1024
1 1024
1 1024
6 1024
3 1024
3 1024
3 1024
1 1024
3 1024
7 1024
4 1024
8 1024
4 1024
5 1024
0 990
1 1024
1 1024
1 1024
7 1024
15 1024
5 1024
6 1024
2 1024
8 1024
5 1024
5 1024
4 1024
6 1024
8 1024
2 1024
2 1024
0 652
2 1024
4 1024
12 1024
4 1024
5 1024
2 1024
5 1024
3 1024
4 1024
9 1024
3 1024
1 1024
0 807
3 1024
4 1024
5 1024
6 1024
9 1024
3 1024
4 1024
5 1024
5 1024
0 811
6 1024
5 1024
2 1024
0 901
6 1024
2 1024
8 1024
11 1024
5 1024
5 1024
6 1024
4 1024
1 1024
4 1024
2 1024
0 526
3 1024
3 1024
3 1024
9 1024
4 1024
4 1024
7 1024
4 1024
4 1024
7 1024
3 1024
5 1024
2 1024
2 1024
7 1024
5 1024
10 1024
10 1024
1 1024
4 1024
0 628
2 1024
2 1024
7 1024
5 1024
3 1024
5 1024
1 1024
3 1024
1 1024
3 1024
5 1024
1 1024
4 1024
4 1024
5 1024
5 1024
0 654
1 1024
0 994
2 1024
3 1024
5 1024
6 1024
0 1012
2 1024
2 1024
10 1024
7 1024
3 1024
2 1024
2 1024
11 1024
3 1024
6 1024
2 1024
6 1024
1 1024
1 1024
1 1024
4 1024
3 1024
3 1024
6 1024
11 1024
3 1024
8 1024
1 1024
7 1024
6 1024
18 1024
1 1024
4 1024
5 1024
4 1024
3 1024
4 1024
9 1024
5 1024
7 1024
2 1024
2 1024
2 1024
6 1024
1 1024
11 1024
5 1024
0 984
5 1024
3 1024
0 855
6 1024
5 1024
3 1024
4 1024
3 1024
9 1024
2 1024
5 1024
6 1024
8 1024
3 1024
3 1024
7 1024
4 1024
13 1024
2 1024
3 1024
0 804
6 1024
4 1024
0 790
6 1024
8 1024
1 1024
8 1024
8 1024
7 1024
2 1024
3 1024
2 1024
4 1024
3 1024
6 1024
5 1024
5 1024
4 1024
4 1024
7 1024
8 1024
3 1024
8 1024
3 1024
2 1024
2 1024
6 1024
1 1024
5 1024
1 1024
7 1024
3 1024
9 1024
7 1024
11 1024
8 1024
4 1024
2 1024
2 1024
11 1024
0 867
6 1024
4 1024
8 1024
7 1024
1 1024
1 1024
0 717
4 1024
2 1024
1 1024
7 1024
1 1024
5 1024
2 1024
4 1024
1 1024
2 1024
2 1024
0 848
6 1024
3 1024
2 1024
3 1024
6 1024
5 1024
0 735
3 1024
0 741
3 1024
0 810
1 1024
7 1024
5 1024
6 1024
3 1024
0 497
6 1024
0 532
6 1024
3 1024
7 1024
10 1024
3 1024
8 1024
1 1024
7 1024
3 1024
4 1024
4 1024
1 1024
6 1024
6 1024
0 792
4 1024
2 1024
2 1024
6 1024
5 1024
2 1024
2 1024
8 1024
0 722
11 1024
3 1024
7 1024
5 1024
2 1024
2 1024
0 951
3 1024
9 1024
1 1024
3 1024
3 1024
3 1024
6 1024
5 1024
9 1024
3 1024
3 1024
5 1024
5 1024
7 1024
6 1024
11 1024
6 1024
6 1024
2 1024
2 1024
11 1024
4 1024
2 1024
2 1024
3 1024
4 1024
1 1024
9 1024
3 1024
3 1024
8 1024
4 1024
1 1024
6 1024
5 1024
9 1024
6 1024
5 1024
5 1024
3 1024
6 1024
6 1024
1 1024
2 1024
13 1024
4 1024
5 1024
3 1024
4 1024
5 1024
9 1024
6 1024
5 1024
7 1024
4 1024
6 1024
4 1024
2 1024
2 1024
3 1024
3 1024
5 1024
4 1024
5 1024
8 1024
12 1024
5 1024
3 1024
1 1024
1 1024
6 1024
7 1024
0 799
7 1024
5 1024
2 1024
3 1024
8 1024
9 1024
4 1024
12 1024
13 1024
1 1024
3 1024
4 1024
5 1024
5 1024
3 1024
8 1024
4 1024
12 1024
2 1024
0 828
3 1024
13 1024
4 1024
1 1024
4 1024
2 1024
4 1024
6 1024
1 1024
1 1024
4 1024
6 1024
6 1024
3 1024
8 1024
5 1024
4 1024
4 1024
3 1024
3 1024
3 1024
2 1024
3 1024
4 1024
1 1024
10 1024
1 1024
4 1024
5 1024
1 1024
0 483
10 1024
6 1024
5 1024
6 1024
0 953
1 1024
2 1024
4 1024
6 1024
0 922
9 1024
3 1024
7 1024
4 1024
11 1024
0 705
3 1024
8 1024
0 803
1 1024
8 1024
9 1024
0 657
2 1024
4 1024
4 1024
4 1024
1 1024
1 1024
3 1024
5 1024
6 1024
6 1024
4 1024
5 1024
6 1024
5 1024
1 1024
4 1024
4 1024
0 926
3 1024
1 1024
5 1024
6 1024
6 1024
5 1024
2 1024
1 1024
4 1024
7 1024
5 1024
5 1024
5 1024
6 1024
5 1024
6 1024
3 1024
8 1024
2 1024
4 1024
8 1024
6 1024
2 1024
3 1024
8 1024
0 693
4 1024
2 1024
0 731
5 1024
5 1024
6 1024
8 1024
3 1024
4 1024
4 1024
1 1024
4 1024
3 1024
1 1024
2 1024
4 1024
7 1024
1 1024
3 1024
1 1024
7 1024
2 1024
3 1024
2 1024
1 1024
1 1024
1 1024
1 1024
8 1024
4 1024
4 1024
8 1024
3 1024
5 1024
0 831
4 1024
2 1024
11 1024
7 1024
2 1024
4 1024
7 1024
4 1024
5 1024
3 1024
1 1024
5 1024
3 1024
2 1024
1 1024
12 1024
1 1024
1 1024
5 1024
1 1024
1 1024
8 1024
3 1024
1 1024
7 1024
7 1024
8 1024
8 1024
6 1024
4 1024
3 1024
3 1024
4 1024
1 1024
3 1024
9 1024
4 1024
7 1024
5 1024
1 1024
4 1024
1 1024
4 1024
7 1024
3 1024
10 1024
6 1024
1 1024
2 1024
3 1024
11 1024
6 1024
2 1024
9 1024
6 1024
0 690
2 1024
4 1024
7 1024
5 1024
1 1024
2 1024
10 1024
3 1024
4 1024
10 1024
5 1024
3 1024
3 1024
4 1024
3 1024
7 1024
4 1024
9 1024
8 1024
3 1024
2 1024
6 1024
2 1024
5 1024
5 1024
6 1024
9 1024
5 1024
1 1024
2 1024
1 1024
5 1024
4 1024
5 1024
3 1024
9 1024
11 1024
3 1024
1 1024
3 1024
3 1024
6 1024
4 1024
2 1024
0 848
2 1024
4 1024
2 1024
6 1024
3 1024
5 1024
6 1024
15 1024
10 1024
1 1024
2 1024
8 1024
4 1024
5 1024
5 1024
4 1024
5 1024
4 1024
0 939
6 1024
6 1024
3 1024
3 1024
6 1024
0 843
7 1024
3 1024
2 1024
4 1024
1 1024
4 1024
7 1024
11 1024
0 780
12 1024
5 1024
0 747
8 1024
2 1024
6 1024
5 1024
5 1024
1 1024
2 1024
3 1024
4 1024
7 1024
6 1024
2 1024
4 1024
5 1024
5 1024
4 1024
2 1024
2 1024
2 1024
3 1024
0 898
3 1024
2 1024
3 1024
5 1024
7 1024
3 1024
2 1024
10 1024
3 1024
1 1024
8 1024
0 607
1 1024
5 1024
14 1024
2 1024
4 1024
3 1024
1 1024
3 1024
6 1024
1 1024
4 1024
0 876
3 1024
4 1024
8 1024
2 1024
4 1024
8 1024
3 1024
6 1024
11 1024
6 1024
3 1024
0 824
9 1024
5 1024
2 1024
0 751
2 1024
0 810
3 1024
5 1024
2 1024
1 1024
5 1024
1 1024
4 1024
3 1024
5 1024
3 1024
3 1024
2 1024
8 1024
4 1024
2 1024
1 1024
4 1024
6 1024
5 1024
6 1024
2 1024
6 1024
3 1024
2 1024
3 1024
4 1024
3 1024
6 1024
4 1024
5 1024
4 1024
1 1024
7 1024
3 1024
3 1024
1 1024
2 1024
5 1024
5 1024
4 1024
9 1024
4 1024
3 1024
11 1024
4 1024
5 1024
1 1024
2 1024
6 1024
2 1024
3 1024
9 1024
5 1024
5 1024
3 1024
3 1024
8 1024
4 1024
2 1024
1 1024
3 1024
4 1024
6 1024
1 1024
10 1024
4 1024
5 1024
5 1024
8 1024
6 1024
0 897
9 1024
5 1024
5 1024
11 1024
2 1024
5 1024
5 1024
1 1024
7 1024
2 1024
4 1024
2 1024
1 1024
4 1024
0 858
2 1024
2 1024
7 1024
0 992
4 1024
6 1024
6 1024
4 1024
9 1024
4 1024
5 1024
1 1024
3 1024
6 1024
4 1024
0 736
3 1024
6 1024
3 1024
5 1024
3 1024
6 1024
9 1024
13 1024
5 1024
4 1024
3 1024
6 1024
2 1024
4 1024
7 1024
3 1024
12 1024
6 1024
3 1024
1 1024
4 1024
1 1024
1 1024
1 1024
8 1024
5 1024
5 1024
3 1024
1 1024
3 1024
3 1024
6 1024
3 1024
0 780
5 1024
6 1024
2 1024
8 1024
2 1024
2 1024
4 1024
6 1024
2 1024
4 1024
6 1024
0 422
1 1024
7 1024
1 1024
7 1024
4 1024
1 1024
1 1024
2 1024
3 1024
8 1024
5 1024
1 1024
7 1024
4 1024
5 1024
4 1024
5 1024
1 1024
1 1024
5 1024
2 1024
5 1024
4 1024
5 1024
8 1024
1 1024
3 1024
11 1024
5 1024
11 1024
4 1024
3 1024
1 1024
10 1024
6 1024
3 1024
2 1024
7 1024
3 1024
1 1024
3 1024
5 1024
5 1024
7 1024
7 1024
3 1024
5 1024
6 1024
1 1024
4 1024
1 1024
7 1024
2 1024
6 1024
5 1024
3 1024
7 1024
4 1024
7 1024
5 1024
3 1024
3 1024
10 1024
3 1024
2 1024
1 1024
2 1024
4 1024
2 1024
2 1024
10 1024
1 1024
4 1024
4 1024
0 603
6 1024
3 1024
6 1024
6 1024
3 1024
6 1024
7 1024
8 1024
4 1024
3 1024
5 1024
5 1024
8 1024
6 1024
4 1024
5 1024
3 1024
0 987
3 1024
3 1024
7 1024
3 1024
7 1024
6 1024
1 1024
1 1024
2 1024
8 1024
4 1024
8 1024
9 1024
5 1024
4 1024
10 1024
6 1024
6 1024
9 1024
8 1024
3 1024
6 1024
6 1024
9 1024
5 1024
6 1024
2 1024
5 1024
2 1024
7 1024
4 1024
1 1024
11 1024
6 1024
5 1024
5 1024
5 1024
8 1024
5 1024
5 1024
5 1024
2 1024
2 1024
4 1024
3 1024
3 1024
0 631
1 1024
3 1024
6 1024
5 1024
3 1024
1 1024
3 1024
6 1024
1 1024
7 1024
5 1024
3 1024
5 1024
0 624
3 1024
2 1024
4 1024
4 1024
8 1024
3 1024
3 1024
2 1024
6 1024
5 1024
4 1024
4 1024
2 1024
6 1024
6 1024
2 1024
6 1024
2 1024
5 1024
2 1024
1 1024
2 1024
7 1024
7 1024
2 1024
3 1024
2 1024
0 907
1 1024
5 1024
11 1024
6 1024
2 1024
9 1024
1 1024
6 1024
3 1024
5 1024
2 1024
7 1024
2 1024
7 1024
7 1024
5 1024
6 1024
2 1024
4 1024
9 1024
7 1024
11 1024
2 1024
1 1024
3 1024
2 1024
5 1024
1 1024
1 1024
2 1024
6 1024
3 1024
7 1024
2 1024
0 848
2 1024
6 1024
4 1024
6 1024
5 1024
2 1024
8 1024
9 1024
8 1024
4 1024
7 1024
4 1024
3 1024
3 1024
3 1024
4 1024
6 1024
5 1024
2 1024
1 1024
0 710
1 1024
8 1024
3 1024
3 1024
2 1024
7 1024
3 1024
8 1024
4 1024
2 1024
2 1024
8 1024
3 1024
5 1024
2 1024
3 1024
6 1024
7 1024
6 1024
4 1024
5 1024
6 1024
1 1024
4 1024
6 1024
3 1024
9 1024
6 1024
1 1024
2 1024
5 1024
1 1024
4 1024
8 1024
3 1024
2 1024
5 1024
2 1024
1 1024
5 1024
1 1024
5 1024
1 1024
7 1024
4 1024
6 1024
3 1024
2 1024
7 1024
6 1024
2 1024
3 1024
1 1024
3 1024
1 1024
2 1024
6 1024
7 1024
3 1024
7 1024
3 1024
3 1024
9 1024
4 1024
5 1024
7 1024
6 1024
4 1024
5 1024
5 1024
2 1024
1 1024
3 1024
6 1024
3 1024
1 1024
0 795
4 1024
6 1024
4 1024
3 1024
4 1024
7 1024
2 1024
2 1024
5 1024
3 1024
7 1024
5 1024
6 1024
1 1024
6 1024
3 1024
0 893
3 1024
0 909
9 1024
1 1024
1 1024
7 1024
6 1024
6 1024
4 1024
1 1024
1 1024
1 1024
7 1024
4 1024
2 1024
9 1024
7 1024
2 1024
8 1024
2 1024
7 1024
7 1024
5 1024
2 1024
6 1024
4 1024
1 1024
1 1024
1 1024
2 1024
3 1024
0 840
2 1024
5 1024
3 1024
4 1024
0 628
7 1024
7 1024
3 1024
3 1024
4 1024
5 1024
4 1024
4 1024
6 1024
3 1024
3 1024
0 851
2 1024
6 1024
6 1024
1 1024
3 1024
2 1024
4 1024
3 1024
6 1024
1 1024
5 1024
5 1024
10 1024
13 1024
9 1024
4 1024
5 1024
3 1024
0 588
4 1024
5 1024
5 1024
6 1024
6 1024
1 1024
7 1024
3 1024
0 699
2 1024
6 1024
6 1024
6 1024
4 1024
3 1024
7 1024
7 1024
9 1024
6 1024
9 1024
7 1024
4 1024
6 1024
6 1024
4 1024
3 1024
7 1024
3 1024
3 1024
6 1024
3 1024
3 1024
2 1024
0 808
2 1024
8 1024
6 1024
1 1024
4 1024
4 1024
1 1024
7 1024
4 1024
14 1024
7 1024
2 1024
6 1024
3 1024
3 1024
1 1024
0 627
4 1024
1 1024
9 1024
12 1024
4 1024
2 1024
2 1024
7 1024
5 1024
9 1024
8 1024
1 1024
3 1024
2 1024
0 678
2 1024
3 1024
3 1024
7 1024
3 1024
1 1024
2 1024
1 1024
4 1024
8 1024
7 1024
9 1024
2 1024
9 1024
1 1024
9 1024
11 1024
5 1024
4 1024
3 1024
3 1024
5 1024
5 1024
10 1024
0 570
3 1024
11 1024
0 1018
5 1024
6 1024
4 1024
4 1024
3 1024
3 1024
4 1024
4 1024
0 577
10 1024
2 1024
6 1024
4 1024
3 1024
5 1024
4 1024
5 1024
4 1024
3 1024
3 1024
2 1024
8 1024
3 1024
5 1024
5 1024
3 1024
6 1024
2 1024
2 1024
7 1024
5 1024
5 1024
9 1024
6 1024
2 1024
5 1024
5 1024
1 1024
6 1024
7 1024
5 1024
3 1024
4 1024
4 1024
8 1024
5 1024
5 1024
4 1024
9 1024
1 1024
2 1024
3 1024
6 1024
3 1024
1 1024
6 1024
6 1024
4 1024
2 1024
5 1024
1 1024
9 1024
6 1024
6 1024
1 1024
3 1024
5 1024
9 1024
1 1024
5 1024
3 1024
1 1024
7 1024
2 1024
10 1024
3 1024
6 1024
5 1024
3 1024
4 1024
6 1024
8 1024
6 1024
6 1024
5 1024
3 1024
8 1024
11 1024
3 1024
11 1024
5 1024
3 1024
11 1024
5 1024
6 1024
4 1024
3 1024
4 1024
4 1024
5 1024
5 1024
5 1024
5 1024
6 1024
2 1024
3 1024
2 1024
7 1024
8 1024
1 1024
4 1024
3 1024
4 1024
2 1024
4 1024
3 1024
5 1024
10 1024
3 1024
0 777
4 1024
3 1024
4 1024
5 1024
4 1024
3 1024
6 1024
4 1024
11 1024
2 1024
4 1024
0 914
5 1024
7 1024
5 1024
4 1024
3 1024
1 1024
4 1024
6 1024
8 1024
7 1024
2 1024
3 1024
1 1024
2 1024
10 1024
4 1024
3 1024
4 1024
1 1024
7 1024
5 1024
4 1024
6 1024
2 1024
5 1024
4 1024
5 1024
1 1024
1 1024
7 1024
5 1024
2 1024
7 1024
4 1024
2 1024
3 1024
9 1024
3 1024
5 1024
0 726
3 1024
2 1024
1 1024
6 1024
7 1024
3 1024
4 1024
6 1024
1 1024
8 1024
6 1024
2 1024
4 1024
2 1024
3 1024
8 1024
1 1024
8 1024
4 1024
2 1024
6 1024
1 1024
3 1024
1 1024
5 1024
4 1024
5 1024
8 1024
10 1024
3 1024
8 1024
9 1024
0 363
8 1024
8 1024
7 1024
5 1024
0 810
2 1024
3 1024
8 1024
2 1024
5 1024
2 1024
8 1024
4 1024
1 1024
8 1024
5 1024
12 1024
1 1024
10 1024
1 1024
4 1024
3 1024
0 719
4 1024
6 1024
2 1024
0 669
3 1024
6 1024
4 1024
9 1024
1 1024
13 1024
10 1024
0 917
5 1024
6 1024
3 1024
3 1024
4 1024
0 1007
3 1024
8 1024
1 1024
1 1024
3 1024
6 1024
2 1024
8 1024
1 1024
4 1024
8 1024
11 1024
3 1024
3 1024
6 1024
4 1024
11 1024
3 1024
5 1024
1 1024
2 1024
7 1024
6 1024
7 1024
2 1024
1 1024
5 1024
5 1024
9 1024
2 1024
5 1024
3 1024
4 1024
5 1024
6 1024
3 1024
1 1024
10 1024
3 1024
1 1024
4 1024
3 1024
3 1024
6 1024
0 774
5 1024
5 1024
2 1024
0 621
4 1024
8 1024
2 1024
6 1024
2 1024
8 1024
5 1024
6 1024
3 1024
5 1024
2 1024
13 1024
5 1024
7 1024
11 1024
4 1024
1 1024
6 1024
8 1024
8 1024
2 1024
6 1024
3 1024
3 1024
4 1024
8 1024
1 1024
2 1024
8 1024
2 1024
2 1024
2 1024
3 1024
0 844
4 1024
0 469
4 1024
7 1024
3 1024
4 1024
5 1024
4 1024
4 1024
3 1024
1 1024
7 1024
7 1024
3 1024
3 1024
2 1024
1 1024
4 1024
3 1024
0 646
2 1024
2 1024
3 1024
2 1024
2 1024
3 1024
3 1024
1 1024
3 1024
9 1024
5 1024
8 1024
2 1024
3 1024
2 1024
9 1024
11 1024
3 1024
2 1024
1 1024
2 1024
9 1024
2 1024
4 1024
5 1024
7 1024
8 1024
2 1024
5 1024
1 1024
4 1024
6 1024
6 1024
3 1024
6 1024
3 1024
6 1024
2 1024
4 1024
3 1024
13 1024
5 1024
5 1024
3 1024
3 1024
3 1024
4 1024
11 1024
8 1024
6 1024
3 1024
4 1024
1 1024
5 1024
2 1024
3 1024
3 1024
5 1024
0 620
3 1024
7 1024
3 1024
6 1024
4 1024
7 1024
7 1024
3 1024
4 1024
3 1024
4 1024
1 1024
1 1024
3 1024
5 1024
5 1024
6 1024
3 1024
5 1024
10 1024
4 1024
5 1024
5 1024
0 731
3 1024
1 1024
5 1024
5 1024
3 1024
4 1024
9 1024
0 816
2 1024
5 1024
9 1024
3 1024
2 1024
4 1024
4 1024
2 1024
4 1024
2 1024
1 1024
7 1024
1 1024
2 1024
1 1024
7 1024
3 1024
10 1024
2 1024
7 1024
7 1024
7 1024
5 1024
3 1024
3 1024
10 1024
1 1024
3 1024
5 1024
1 1024
3 1024
6 1024
8 1024
3 1024
1 1024
5 1024
7 1024
2 1024
2 1024
3 1024
5 1024
3 1024
0 887
2 1024
4 1024
7 1024
5 1024
2 1024
9 1024
6 1024
3 1024
3 1024
9 1024
6 1024
2 1024
2 1024
7 1024
1 1024
2 1024
4 1024
6 1024
13 1024
1 1024
3 1024
4 1024
2 1024
3 1024
6 1024
5 1024
4 1024
2 1024
6 1024
4 1024
3 1024
6 1024
2 1024
6 1024
2 1024
10 1024
4 1024
1 1024
6 1024
2 1024
8 1024
0 890
3 1024
4 1024
12 1024
0 991
3 1024
9 1024
8 1024
2 1024
7 1024
5 1024
9 1024
0 989
5 1024
5 1024
6 1024
7 1024
4 1024
1 1024
3 1024
6 1024
2 1024
6 1024
8 1024
2 1024
1 1024
2 1024
6 1024
3 1024
1 1024
1 1024
5 1024
8 1024
5 1024
5 1024
3 1024
3 1024
4 1024
1 1024
3 1024
2 1024
5 1024
4 1024
8 1024
3 1024
8 1024
8 1024
8 1024
1 1024
7 1024
2 1024
5 1024
8 1024
2 1024
2 1024
5 1024
2 1024
1 1024
1 1024
1 1024
10 1024
4 1024
3 1024
7 1024
2 1024
2 1024
5 1024
2 1024
4 1024
10 1024
4 1024
3 1024
1 1024
2 1024
6 1024
2 1024
2 1024
10 1024
3 1024
1 1024
2 1024
6 1024
7 1024
5 1024
4 1024
2 1024
5 1024
6 1024
2 1024
3 1024
1 1024
2 1024
4 1024
2 1024
5 1024
2 1024
3 1024
6 1024
3 1024
1 1024
4 1024
5 1024
6 1024
1 1024
4 1024
2 1024
3 1024
5 1024
4 1024
5 1024
3 1024
7 1024
9 1024
3 1024
4 1024
9 1024
3 1024
7 1024
3 1024
6 1024
4 1024
3 1024
4 1024
5 1024
2 1024
8 1024
4 1024
5 1024
5 1024
1 1024
4 1024
8 1024
10 1024
5 1024
5 1024
3 1024
6 1024
8 1024
6 1024
1 1024
8 1024
4 1024
3 1024
6 1024
2 1024
6 1024
3 1024
4 1024
5 1024
5 1024
1 1024
2 1024
0 880
8 1024
8 1024
8 1024
5 1024
1 1024
4 1024
3 1024
2 1024
4 1024
8 1024
6 1024
2 1024
8 1024
3 1024
4 1024
3 1024
2 1024
6 1024
4 1024
1 1024
2 1024
7 1024
1 1024
5 1024
0 427
9 1024
6 1024
4 1024
2 1024
1 1024
3 1024
7 1024
2 1024
0 894
6 1024
5 1024
6 1024
4 1024
3 1024
11 1024
6 1024
3 1024
8 1024
1 1024
12 1024
6 1024
2 1024
7 1024
2 1024
2 1024
6 1024
4 1024
5 1024
2 1024
0 593
11 1024
6 1024
3 1024
7 1024
3 1024
4 1024
11 1024
2 1024
1 1024
4 1024
4 1024
11 1024
0 975
7 1024
1 1024
4 1024
8 1024
6 1024
2 1024
1 1024
15 1024
3 1024
3 1024
7 1024
8 1024
2 1024
2 1024
5 1024
3 1024
5 1024
4 1024
2 1024
0 490
1 1024
8 1024
4 1024
0 823
2 1024
4 1024
6 1024
0 409
6 1024
13 1024
7 1024
3 1024
3 1024
5 1024
6 1024
2 1024
8 1024
5 1024
6 1024
0 1014
4 1024
1 1024
6 1024
3 1024
3 1024
1 1024
2 1024
3 1024
1 1024
3 1024
3 1024
0 948
5 1024
1 1024
5 1024
10 1024
5 1024
10 1024
4 1024
6 1024
1 1024
7 1024
9 1024
8 1024
7 1024
4 1024
3 1024
4 1024
8 1024
2 1024
3 1024
11 1024
7 1024
4 1024
1 1024
2 1024
2 1024
4 1024
1 1024
1 1024
1 1024
4 1024
3 1024
6 1024
5 1024
6 1024
3 1024
2 1024
1 1024
2 1024
6 1024
5 1024
4 1024
8 1024
4 1024
13 1024
5 1024
2 1024
1 1024
4 1024
11 1024
5 1024
7 1024
10 1024
6 1024
7 1024
4 1024
4 1024
8 1024
2 1024
10 1024
3 1024
7 1024
7 1024
5 1024
3 1024
7 1024
4 1024
7 1024
4 1024
1 1024
4 1024
3 1024
2 1024
4 1024
5 1024
2 1024
6 1024
12 1024
6 1024
8 1024
2 1024
4 1024
5 1024
8 1024
3 1024
6 1024
4 1024
5 1024
3 1024
0 1021
2 1024
3 1024
5 1024
5 1024
7 1024
2 1024
3 1024
4 1024
1 1024
7 1024
8 1024
7 1024
3 1024
3 1024
2 1024
1 1024
9 1024
2 1024
3 1024
2 1024
3 1024
4 1024
5 1024
0 661
8 1024
6 1024
5 1024
4 1024
4 1024
1 1024
4 1024
2 1024
3 1024
5 1024
9 1024
2 1024
5 1024
9 1024
8 1024
6 1024
2 1024
3 1024
4 1024
4 1024
12 1024
6 1024
5 1024
5 1024
2 1024
8 1024
7 1024
4 1024
4 1024
4 1024
5 1024
1 1024
12 1024
5 1024
2 1024
8 1024
5 1024
1 1024
6 1024
6 1024
11 1024
7 1024
9 1024
8 1024
4 1024
7 1024
3 1024
3 1024
6 1024
8 1024
1 1024
5 1024
5 1024
2 1024
1 1024
6 1024
0 828
1 1024
4 1024
9 1024
3 1024
5 1024
3 1024
3 1024
2 1024
1 1024
6 1024
3 1024
2 1024
6 1024
6 1024
1 1024
1 1024
2 1024
8 1024
2 1024
3 1024
2 1024
7 1024
4 1024
0 679
3 1024
3 1024
4 1024
4 1024
2 1024
5 1024
5 1024
4 1024
2 1024
2 1024
2 1024
3 1024
5 1024
7 1024
2 1024
3 1024
1 1024
4 1024
3 1024
2 1024
5 1024
2 1024
7 1024
2 1024
3 1024
6 1024
3 1024
6 1024
11 1024
8 1024
4 1024
4 1024
2 1024
3 1024
4 1024
2 1024
3 1024
8 1024
3 1024
6 1024
5 1024
0 674
4 1024
3 1024
6 1024
1 1024
1 1024
4 1024
8 1024
6 1024
8 1024
5 1024
7 1024
12 1024
8 1024
4 1024
4 1024
0 881
5 1024
2 1024
4 1024
7 1024
8 1024
2 1024
4 1024
8 1024
5 1024
5 1024
8 1024
6 1024
6 1024
2 1024
11 1024
1 1024
9 1024
5 1024
8 1024
4 1024
7 1024
5 1024
1 1024
1 1024
2 1024
6 1024
4 1024
2 1024
7 1024
3 1024
2 1024
1 1024
2 1024
4 1024
4 1024
4 1024
4 1024
7 1024
6 1024
1 1024
2 1024
3 1024
7 1024
5 1024
4 1024
3 1024
6 1024
3 1024
2 1024
11 1024
8 1024
3 1024
3 1024
5 1024
5 1024
4 1024
12 1024
10 1024
9 1024
2 1024
4 1024
0 736
5 1024
1 1024
9 1024
6 1024
6 1024
3 1024
8 1024
5 1024
1 1024
2 1024
4 1024
6 1024
2 1024
3 1024
5 1024
4 1024
4 1024
1 1024
4 1024
6 1024
7 1024
5 1024
2 1024
5 1024
3 1024
0 778
0 686
1 1024
1 1024
3 1024
2 1024
6 1024
6 1024
3 1024
9 1024
7 1024
3 1024
8 1024
2 1024
3 1024
3 1024
5 1024
1 1024
0 867
0 878
4 1024
6 1024
3 1024
3 1024
3 1024
6 1024
2 1024
4 1024
2 1024
3 1024
3 1024
6 1024
4 1024
7 1024
5 1024
2 1024
2 1024
2 1024
5 1024
1 1024
3 1024
3 1024
2 1024
7 1024
1 1024
2 1024
4 1024
1 1024
1 1024
7 1024
3 1024
5 1024
5 1024
4 1024
5 1024
2 1024
8 1024
7 1024
6 1024
5 1024
1 1024
2 1024
1 1024
7 1024
3 1024
8 1024
2 1024
1 1024
7 1024
10 1024
2 1024
7 1024
3 1024
7 1024
6 1024
8 1024
2 1024
9 1024
2 1024
0 837
0 949
12 1024
2 1024
3 1024
8 1024
2 1024
4 1024
7 1024
4 1024
7 1024
3 1024
2 1024
5 1024
4 1024
4 1024
8 1024
3 1024
10 1024
7 1024
1 1024
2 1024
2 1024
2 1024
8 1024
3 1024
5 1024
1 1024
1 1024
6 1024
11 1024
5 1024
4 1024
3 1024
7 1024
1 1024
11 1024
5 1024
9 1024
1 1024
7 1024
1 1024
6 1024
6 1024
9 1024
5 1024
1 1024
5 1024
1 1024
3 1024
6 1024
6 1024
4 1024
8 1024
5 1024
5 1024
7 1024
3 1024
5 1024
4 1024
2 1024
5 1024
3 1024
7 1024
7 1024
2 1024
6 1024
5 1024
2 1024
5 1024
7 1024
3 1024
2 1024
5 1024
3 1024
4 1024
5 1024
7 1024
1 1024
1 1024
1 1024
6 1024
9 1024
3 1024
3 1024
2 1024
3 1024
1 1024
8 1024
3 1024
2 1024
5 1024
4 1024
6 1024
4 1024
4 1024
6 1024
1 1024
8 1024
5 1024
7 1024
2 1024
7 1024
3 1024
0 956
9 1024
2 1024
5 1024
2 1024
12 1024
9 1024
6 1024
2 1024
2 1024
2 1024
4 1024
0 778
0 996
7 1024
10 1024
5 1024
5 1024
8 1024
9 1024
1 1024
3 1024
2 1024
3 1024
1 1024
2 1024
5 1024
5 1024
2 1024
5 1024
2 1024
7 1024
3 1024
0 1014
2 1024
9 1024
4 1024
1 1024
8 1024
2 1024
7 1024
2 1024
3 1024
8 1024
5 1024
3 1024
4 1024
8 1024
4 1024
7 1024
3 1024
9 1024
2 1024
2 1024
2 1024
4 1024
10 1024
5 1024
5 1024
4 1024
2 1024
3 1024
1 1024
5 1024
4 1024
2 1024
2 1024
6 1024
4 1024
2 1024
8 1024
3 1024
7 1024
4 1024
4 1024
9 1024
5 1024
3 1024
12 1024
9 1024
9 1024
5 1024
3 1024
6 1024
1 1024
1 1024
2 1024
7 1024
7 1024
5 1024
1 1024
7 1024
6 1024
7 1024
4 1024
1 1024
1 1024
2 1024
4 1024
2 1024
2 1024
3 1024
8 1024
13 1024
4 1024
6 1024
4 1024
1 1024
2 1024
4 1024
10 1024
1 1024
3 1024
3 1024
3 1024
6 1024
3 1024
6 1024
1 1024
4 1024
5 1024
5 1024
5 1024
3 1024
1 1024
3 1024
3 1024
5 1024
5 1024
6 1024
1 1024
2 1024
1 1024
10 1024
7 1024
3 1024
1 1024
5 1024
8 1024
4 1024
6 1024
6 1024
1 1024
1 1024
2 1024
3 1024
4 1024
0 575
9 1024
5 1024
2 1024
5 1024
0 1008
1 1024
6 1024
2 1024
0 859
4 1024
4 1024
2 1024
2 1024
8 1024
4 1024
5 1024
6 1024
8 1024
7 1024
1 1024
1 1024
5 1024
8 1024
5 1024
1 1024
2 1024
1 1024
2 1024
2 1024
3 1024
4 1024
7 1024
6 1024
3 1024
10 1024
11 1024
3 1024
4 1024
10 1024
4 1024
2 1024
4 1024
5 1024
4 1024
2 1024
7 1024
5 1024
3 1024
4 1024
6 1024
7 1024
5 1024
3 1024
5 1024
1 1024
2 1024
2 1024
4 1024
13 1024
6 1024
1 1024
9 1024
4 1024
2 1024
4 1024
3 1024
5 1024
4 1024
7 1024
5 1024
1 1024
1 1024
2 1024
3 1024
2 1024
0 833
8 1024
1 1024
5 1024
9 1024
3 1024
3 1024
5 1024
2 1024
7 1024
4 1024
2 1024
6 1024
4 1024
5 1024
1 1024
3 1024
12 1024
2 1024
6 1024
4 1024
2 1024
5 1024
3 1024
4 1024
8 1024
1 1024
3 1024
2 1024
8 1024
4 1024
5 1024
3 1024
3 1024
3 1024
3 1024
4 1024
10 1024
6 1024
3 1024
1 1024
5 1024
4 1024
6 1024
4 1024
4 1024
2 1024
6 1024
3 1024
7 1024
5 1024
3 1024
5 1024
4 1024
7 1024
2 1024
1 1024
4 1024
3 1024
7 1024
2 1024
3 1024
1 1024
2 1024
2 1024
4 1024
2 1024
4 1024
4 1024
9 1024
2 1024
7 1024
0 762
8 1024
7 1024
3 1024
1 1024
1 1024
4 1024
3 1024
4 1024
7 1024
7 1024
4 1024
14 1024
6 1024
6 1024
3 1024
15 1024
0 754
4 1024
4 1024
10 1024
7 1024
7 1024
11 1024
4 1024
3 1024
0 722
5 1024
4 1024
1 1024
3 1024
7 1024
6 1024
2 1024
7 1024
1 1024
4 1024
4 1024
3 1024
3 1024
3 1024
2 1024
3 1024
3 1024
7 1024
7 1024
4 1024
2 1024
1 1024
2 1024
3 1024
1 1024
7 1024
4 1024
5 1024
10 1024
8 1024
1 1024
1 1024
2 1024
1 1024
0 486
4 1024
4 1024
4 1024
3 1024
3 1024
7 1024
4 1024
3 1024
5 1024
7 1024
9 1024
3 1024
4 1024
1 1024
8 1024
7 1024
6 1024
2 1024
2 1024
3 1024
4 1024
2 1024
1 1024
4 1024
5 1024
4 1024
5 1024
2 1024
8 1024
5 1024
5 1024
2 1024
4 1024
3 1024
11 1024
4 1024
13 1024
1 1024
3 1024
2 1024
8 1024
2 1024
2 1024
7 1024
2 1024
8 1024
6 1024
3 1024
2 1024
4 1024
6 1024
4 1024
7 1024
0 914
6 1024
10 1024
4 1024
8 1024
2 1024
3 1024
5 1024
2 1024
5 1024
5 1024
4 1024
0 827
4 1024
10 1024
4 1024
4 1024
1 1024
0 847
6 1024
3 1024
4 1024
5 1024
4 1024
2 1024
6 1024
5 1024
0 564
5 1024
1 1024
3 1024
3 1024
5 1024
4 1024
1 1024
4 1024
7 1024
0 963
8 1024
2 1024
5 1024
2 1024
1 1024
3 1024
5 1024
4 1024
5 1024
0 960
5 1024
7 1024
9 1024
1 1024
2 1024
3 1024
3 1024
6 1024
10 1024
6 1024
5 1024
1 1024
4 1024
2 1024
6 1024
1 1024
1 1024
2 1024
8 1024
1 1024
7 1024
2 1024
1 1024
3 1024
0 552
4 1024
3 1024
5 1024
3 1024
7 1024
6 1024
7 1024
3 1024
2 1024
10 1024
0 829
2 1024
2 1024
0 397
1 1024
7 1024
11 1024
7 1024
3 1024
2 1024
6 1024
5 1024
7 1024
2 1024
4 1024
3 1024
1 1024
0 980
3 1024
8 1024
7 1024
6 1024
3 1024
3 1024
2 1024
5 1024
0 759
3 1024
5 1024
2 1024
3 1024
2 1024
8 1024
4 1024
2 1024
7 1024
2 1024
0 931
13 1024
8 1024
5 1024
4 1024
1 1024
2 1024
2 1024
5 1024
3 1024
1 1024
1 1024
8 1024
6 1024
0 565
1 1024
2 1024
1 1024
0 773
11 1024
4 1024
2 1024
3 1024
4 1024
4 1024
9 1024
7 1024
3 1024
5 1024
3 1024
11 1024
3 1024
4 1024
1 1024
3 1024
2 1024
1 1024
5 1024
1 1024
9 1024
7 1024
11 1024
6 1024
1 1024
2 1024
4 1024
0 596
6 1024
4 1024
4 1024
3 1024
3 1024
6 1024
7 1024
2 1024
2 1024
2 1024
8 1024
0 567
5 1024
3 1024
8 1024
4 1024
6 1024
2 1024
1 1024
4 1024
4 1024
7 1024
3 1024
1 1024
2 1024
1 1024
3 1024
4 1024
10 1024
4 1024
6 1024
4 1024
7 1024
6 1024
5 1024
4 1024
6 1024
4 1024
5 1024
2 1024
4 1024
5 1024
3 1024
13 1024
3 1024
3 1024
6 1024
3 1024
5 1024
1 1024
1 1024
0 978
5 1024
11 1024
3 1024
13 1024
1 1024
2 1024
0 705
3 1024
2 1024
2 1024
1 1024
3 1024
1 1024
3 1024
7 1024
6 1024
3 1024
2 1024
5 1024
3 1024
5 1024
5 1024
2 1024
2 1024
1 1024
4 1024
0 724
5 1024
2 1024
1 1024
5 1024
6 1024
4 1024
1 1024
7 1024
1 1024
6 1024
5 1024
8 1024
4 1024
6 1024
3 1024
7 1024
4 1024
4 1024
5 1024
5 1024
0 515
5 1024
3 1024
4 1024
2 1024
12 1024
1 1024
5 1024
4 1024
0 577
5 1024
5 1024
8 1024
2 1024
7 1024
4 1024
5 1024
1 1024
6 1024
10 1024
5 1024
3 1024
2 1024
0 767
3 1024
2 1024
1 1024
3 1024
5 1024
2 1024
5 1024
5 1024
3 1024
2 1024
3 1024
2 1024
4 1024
6 1024
4 1024
3 1024
10 1024
3 1024
5 1024
6 1024
7 1024
3 1024
0 660
1 1024
1 1024
4 1024
4 1024
2 1024
4 1024
3 1024
13 1024
6 1024
2 1024
3 1024
3 1024
9 1024
0 875
4 1024
2 1024
4 1024
10 1024
7 1024
4 1024
8 1024
10 1024
3 1024
2 1024
4 1024
8 1024
4 1024
2 1024
6 1024
6 1024
4 1024
10 1024
5 1024
1 1024
7 1024
3 1024
8 1024
1 1024
2 1024
6 1024
9 1024
1 1024
3 1024
9 1024
10 1024
5 1024
1 1024
7 1024
3 1024
10 1024
0 814
4 1024
5 1024
3 1024
6 1024
7 1024
2 1024
1 1024
4 1024
4 1024
1 1024
6 1024
8 1024
4 1024
0 767
4 1024
2 1024
5 1024
3 1024
1 1024
4 1024
0 847
7 1024
1 1024
1 1024
5 1024
4 1024
2 1024
8 1024
6 1024
0 937
3 1024
7 1024
3 1024
0 545
4 1024
0 698
2 1024
3 1024
5 1024
1 1024
2 1024
4 1024
3 1024
6 1024
8 1024
2 1024
6 1024
5 1024
1 1024
2 1024
5 1024
7 1024
2 1024
9 1024
6 1024
5 1024
6 1024
2 1024
9 1024
6 1024
4 1024
0 702
6 1024
5 1024
1 1024
3 1024
8 1024
1 1024
3 1024
3 1024
9 1024
6 1024
1 1024
4 1024
6 1024
6 1024
6 1024
6 1024
11 1024
6 1024
1 1024
2 1024
1 1024
2 1024
4 1024
4 1024
4 1024
1 1024
8 1024
5 1024
3 1024
5 1024
5 1024
5 1024
4 1024
4 1024
10 1024
5 1024
0 675
3 1024
3 1024
4 1024
5 1024
6 1024
1 1024
5 1024
3 1024
2 1024
6 1024
10 1024
4 1024
7 1024
7 1024
4 1024
3 1024
0 632
10 1024
8 1024
6 1024
2 1024
0 713
9 1024
11 1024
1 1024
7 1024
5 1024
7 1024
2 1024
3 1024
4 1024
1 1024
4 1024
1 1024
2 1024
3 1024
8 1024
8 1024
4 1024
1 1024
3 1024
2 1024
3 1024
1 1024
14 1024
0 778
3 1024
2 1024
6 1024
5 1024
6 1024
4 1024
2 1024
4 1024
2 1024
0 557
7 1024
3 1024
2 1024
3 1024
9 1024
7 1024
5 1024
3 1024
4 1024
0 532
5 1024
7 1024
3 1024
13 1024
2 1024
1 1024
10 1024
2 1024
3 1024
4 1024
4 1024
3 1024
8 1024
0 885
4 1024
4 1024
5 1024
2 1024
7 1024
3 1024
6 1024
6 1024
5 1024
4 1024
3 1024
4 1024
0 806
5 1024
3 1024
6 1024
1 1024
1 1024
5 1024
6 1024
7 1024
2 1024
4 1024
1 1024
3 1024
5 1024
2 1024
1 1024
5 1024
2 1024
1 1024
2 1024
5 1024
5 1024
0 836
4 1024
5 1024
4 1024
8 1024
2 1024
4 1024
0 546
5 1024
8 1024
8 1024
4 1024
1 1024
2 1024
3 1024
3 1024
5 1024
0 809
9 1024
0 425
8 1024
4 1024
3 1024
4 1024
1 1024
4 1024
0 609
0 684
8 1024
4 1024
1 1024
4 1024
5 1024
0 769
4 1024
9 1024
2 1024
2 1024
8 1024
3 1024
5 1024
5 1024
6 1024
10 1024
2 1024
3 1024
5 1024
1 1024
2 1024
3 1024
4 1024
5 1024
1 1024
9 1024
2 1024
3 1024
3 1024
1 1024
4 1024
1 1024
4 1024
8 1024
6 1024
6 1024
4 1024
5 1024
2 1024
4 1024
7 1024
2 1024
7 1024
7 1024
4 1024
4 1024
3 1024
4 1024
8 1024
2 1024
1 1024
1 1024
6 1024
3 1024
4 1024
4 1024
5 1024
8 1024
9 1024
4 1024
6 1024
8 1024
4 1024
7 1024
4 1024
1 1024
2 1024
3 1024
4 1024
0 321
10 1024
2 1024
7 1024
4 1024
2 1024
0 795
10 1024
3 1024
1 1024
10 1024
3 1024
3 1024
3 1024
3 1024
3 1024
6 1024
4 1024
5 1024
0 513
6 1024
9 1024
6 1024
6 1024
2 1024
4 1024
6 1024
3 1024
4 1024
6 1024
7 1024
8 1024
3 1024
2 1024
8 1024
4 1024
7 1024
9 1024
3 1024
3 1024
4 1024
1 1024
1 1024
2 1024
7 1024
7 1024
2 1024
4 1024
6 1024
2 1024
3 1024
2 1024
7 1024
7 1024
2 1024
5 1024
6 1024
0 813
5 1024
6 1024
2 1024
3 1024
5 1024
2 1024
4 1024
5 1024
5 1024
5 1024
5 1024
5 1024
2 1024
5 1024
5 1024
5 1024
13 1024
5 1024
1 1024
2 1024
2 1024
6 1024
4 1024
3 1024
8 1024
1 1024
12 1024
2 1024
9 1024
0 667
1 1024
3 1024
1 1024
3 1024
0 771
5 1024
2 1024
14 1024
3 1024
8 1024
3 1024
1 1024
4 1024
8 1024
5 1024
1 1024
9 1024
0 684
2 1024
3 1024
6 1024
5 1024
6 1024
2 1024
3 1024
9 1024
4 1024
3 1024
5 1024
0 655
3 1024
4 1024
3 1024
7 1024
4 1024
4 1024
5 1024
3 1024
7 1024
4 1024
7 1024
4 1024
4 1024
0 696
6 1024
7 1024
7 1024
6 1024
8 1024
3 1024
6 1024
2 1024
8 1024
3 1024
4 1024
5 1024
9 1024
3 1024
7 1024
3 1024
6 1024
8 1024
2 1024
5 1024
8 1024
0 591
0 308
2 1024
3 1024
1 1024
1 1024
7 1024
2 1024
3 1024
8 1024
5 1024
1 1024
3 1024
7 1024
0 960
7 1024
5 1024
3 1024
1 1024
11 1024
4 1024
1 1024
1 1024
8 1024
5 1024
3 1024
4 1024
8 1024
8 1024
3 1024
1 1024
2 1024
7 1024
7 1024
7 1024
3 1024
8 1024
6 1024
7 1024
1 1024
5 1024
3 1024
2 1024
5 1024
4 1024
1 1024
3 1024
10 1024
4 1024
2 1024
4 1024
6 1024
3 1024
4 1024
5 1024
2 1024
2 1024
9 1024
1 1024
5 1024
5 1024
2 1024
4 1024
5 1024
6 1024
6 1024
7 1024
5 1024
2 1024
0 712
7 1024
3 1024
3 1024
4 1024
4 1024
4 1024
3 1024
5 1024
3 1024
3 1024
4 1024
2 1024
5 1024
3 1024
1 1024
4 1024
2 1024
3 1024
5 1024
11 1024
9 1024
4 1024
4 1024
5 1024
2 1024
5 1024
2 1024
0 861
7 1024
2 1024
10 1024
6 1024
4 1024
5 1024
3 1024
8 1024
3 1024
6 1024
4 1024
4 1024
4 1024
1 1024
11 1024
0 979
4 1024
5 1024
10 1024
5 1024
7 1024
2 1024
3 1024
5 1024
2 1024
13 1024
8 1024
6 1024
1 1024
5 1024
4 1024
4 1024
8 1024
3 1024
1 1024
1 1024
3 1024
15 1024
8 1024
12 1024
2 1024
1 1024
7 1024
1 1024
7 1024
5 1024
7 1024
0 956
1 1024
4 1024
2 1024
7 1024
3 1024
0 901
1 1024
4 1024
3 1024
1 1024
6 1024
9 1024
3 1024
2 1024
4 1024
5 1024
5 1024
7 1024
5 1024
3 1024
3 1024
7 1024
5 1024
7 1024
4 1024
4 1024
1 1024
7 1024
4 1024
4 1024
2 1024
3 1024
4 1024
2 1024
3 1024
4 1024
6 1024
1 1024
5 1024
3 1024
7 1024
2 1024
4 1024
1 1024
4 1024
9 1024
1 1024
2 1024
4 1024
6 1024
4 1024
0 822
5 1024
6 1024
7 1024
8 1024
2 1024
3 1024
8 1024
0 927
4 1024
0 987
10 1024
6 1024
3 1024
3 1024
7 1024
7 1024
2 1024
1 1024
2 1024
4 1024
4 1024
2 1024
6 1024
9 1024
6 1024
3 1024
3 1024
4 1024
5 1024
5 1024
3 1024
0 922
2 1024
4 1024
1 1024
11 1024
4 1024
6 1024
4 1024
6 1024
5 1024
6 1024
0 1001
0 579
5 1024
2 1024
1 1024
8 1024
5 1024
6 1024
13 1024
6 1024
6 1024
5 1024
5 1024
5 1024
5 1024
3 1024
3 1024
1 1024
5 1024
4 1024
2 1024
4 1024
2 1024
8 1024
2 1024
2 1024
2 1024
4 1024
8 1024
2 1024
5 1024
3 1024
4 1024
0 840
6 1024
3 1024
5 1024
2 1024
3 1024
9 1024
4 1024
6 1024
5 1024
5 1024
3 1024
9 1024
3 1024
3 1024
4 1024
2 1024
1 1024
4 1024
3 1024
8 1024
1 1024
0 615
3 1024
6 1024
6 1024
2 1024
1 1024
2 1024
7 1024
5 1024
4 1024
2 1024
3 1024
3 1024
1 1024
5 1024
3 1024
7 1024
8 1024
6 1024
8 1024
3 1024
7 1024
6 1024
1 1024
4 1024
3 1024
5 1024
4 1024
3 1024
7 1024
4 1024
6 1024
2 1024
6 1024
3 1024
5 1024
3 1024
7 1024
3 1024
3 1024
2 1024
1 1024
4 1024
7 1024
1 1024
15 1024
4 1024
5 1024
2 1024
6 1024
3 1024
8 1024
5 1024
8 1024
6 1024
10 1024
6 1024
6 1024
7 1024
9 1024
5 1024
7 1024
4 1024
3 1024
3 1024
1 1024
6 1024
7 1024
1 1024
9 1024
5 1024
2 1024
7 1024
4 1024
2 1024
7 1024
6 1024
2 1024
6 1024
7 1024
4 1024
3 1024
4 1024
1 1024
10 1024
2 1024
2 1024
1 1024
3 1024
0 736
3 1024
5 1024
9 1024
9 1024
4 1024
3 1024
5 1024
1 1024
3 1024
6 1024
8 1024
5 1024
10 1024
0 722
4 1024
5 1024
5 1024
7 1024
4 1024
3 1024
6 1024
6 1024
9 1024
4 1024
4 1024
4 1024
3 1024
3 1024
6 1024
3 1024
5 1024
5 1024
1 1024
3 1024
3 1024
1 1024
8 1024
4 1024
2 1024
3 1024
5 1024
1 1024
5 1024
5 1024
6 1024
2 1024
0 597
3 1024
8 1024
4 1024
3 1024
0 515
4 1024
8 1024
4 1024
6 1024
6 1024
1 1024
1 1024
4 1024
4 1024
3 1024
2 1024
4 1024
4 1024
6 1024
2 1024
2 1024
1 1024
5 1024
3 1024
0 814
2 1024
1 1024
7 1024
5 1024
0 761
3 1024
8 1024
2 1024
9 1024
2 1024
7 1024
4 1024
3 1024
1 1024
10 1024
3 1024
1 1024
1 1024
5 1024
5 1024
6 1024
5 1024
1 1024
4 1024
5 1024
6 1024
4 1024
2 1024
2 1024
5 1024
0 751
2 1024
4 1024
4 1024
6 1024
1 1024
2 1024
10 1024
19 1024
3 1024
2 1024
14 1024
0 624
3 1024
4 1024
5 1024
4 1024
4 1024
6 1024
5 1024
3 1024
3 1024
6 1024
4 1024
7 1024
6 1024
8 1024
4 1024
3 1024
7 1024
2 1024
1 1024
6 1024
0 815
8 1024
6 1024
1 1024
12 1024
6 1024
3 1024
2 1024
7 1024
1 1024
3 1024
4 1024
3 1024
11 1024
2 1024
3 1024
3 1024
6 1024
5 1024
10 1024
3 1024
5 1024
1 1024
11 1024
4 1024
3 1024
5 1024
6 1024
2 1024
6 1024
2 1024
1 1024
6 1024
7 1024
7 1024
8 1024
8 1024
7 1024
3 1024
10 1024
10 1024
6 1024
8 1024
1 1024
0 805
2 1024
6 1024
7 1024
7 1024
14 1024
6 1024
9 1024
7 1024
2 1024
7 1024
6 1024
4 1024
3 1024
4 1024
3 1024
2 1024
2 1024
1 1024
2 1024
3 1024
4 1024
6 1024
4 1024
1 1024
2 1024
2 1024
4 1024
8 1024
3 1024
5 1024
6 1024
6 1024
5 1024
0 653
2 1024
8 1024
2 1024
3 1024
4 1024
3 1024
7 1024
5 1024
4 1024
0 848
6 1024
4 1024
1 1024
1 1024
4 1024
7 1024
2 1024
3 1024
5 1024
0 740
5 1024
3 1024
13 1024
2 1024
2 1024
4 1024
6 1024
4 1024
1 1024
1 1024
7 1024
1 1024
2 1024
9 1024
1 1024
0 1015
1 1024
5 1024
2 1024
4 1024
1 1024
11 1024
1 1024
1 1024
5 1024
12 1024
11 1024
4 1024
4 1024
1 1024
6 1024
10 1024
2 1024
3 1024
6 1024
2 1024
4 1024
2 1024
2 1024
8 1024
2 1024
2 1024
0 970
5 1024
5 1024
3 1024
3 1024
4 1024
1 1024
7 1024
3 1024
4 1024
5 1024
6 1024
5 1024
5 1024
3 1024
7 1024
9 1024
7 1024
5 1024
4 1024
5 1024
4 1024
4 1024
1 1024
7 1024
1 1024
3 1024
5 1024
6 1024
1 1024
5 1024
0 891
2 1024
3 1024
12 1024
4 1024
6 1024
4 1024
0 803
9 1024
1 1024
8 1024
10 1024
2 1024
6 1024
7 1024
9 1024
12 1024
9 1024
1 1024
3 1024
0 948
1 1024
4 1024
10 1024
5 1024
2 1024
9 1024
3 1024
5 1024
2 1024
10 1024
7 1024
4 1024
7 1024
4 1024
4 1024
3 1024
3 1024
5 1024
7 1024
1 1024
5 1024
5 1024
7 1024
1 1024
6 1024
9 1024
4 1024
3 1024
1 1024
4 1024
10 1024
0 440
8 1024
6 1024
6 1024
2 1024
7 1024
7 1024
2 1024
1 1024
5 1024
6 1024
9 1024
2 1024
5 1024
8 1024
1 1024
4 1024
4 1024
2 1024
14 1024
1 1024
4 1024
4 1024
6 1024
1 1024
4 1024
5 1024
1 1024
2 1024
3 1024
0 937
8 1024
6 1024
4 1024
2 1024
4 1024
1 1024
6 1024
6 1024
1 1024
7 1024
8 1024
3 1024
4 1024
5 1024
4 1024
4 1024
8 1024
3 1024
6 1024
8 1024
3 1024
7 1024
7 1024
0 939
8 1024
3 1024
4 1024
6 1024
3 1024
1 1024
3 1024
2 1024
3 1024
2 1024
2 1024
3 1024
10 1024
3 1024
3 1024
3 1024
5 1024
8 1024
6 1024
0 959
10 1024
10 1024
3 1024
4 1024
3 1024
3 1024
6 1024
4 1024
6 1024
9 1024
0 969
7 1024
9 1024
5 1024
3 1024
7 1024
1 1024
2 1024
5 1024
9 1024
3 1024
2 1024
4 1024
3 1024
8 1024
7 1024
4 1024
6 1024
4 1024
2 1024
1 1024
2 1024
5 1024
2 1024
4 1024
2 1024
4 1024
4 1024
5 1024
0 700
5 1024
4 1024
5 1024
4 1024
5 1024
2 1024
1 1024
4 1024
7 1024
3 1024
3 1024
4 1024
10 1024
8 1024
1 1024
4 1024
1 1024
3 1024
6 1024
5 1024
3 1024
1 1024
2 1024
6 1024
1 1024
2 1024
7 1024
6 1024
6 1024
1 1024
10 1024
5 1024
3 1024
4 1024
1 1024
5 1024
4 1024
5 1024
3 1024
3 1024
3 1024
9 1024
3 1024
2 1024
2 1024
5 1024
7 1024
4 1024
3 1024
7 1024
3 1024
3 1024
2 1024
0 681
1 1024
6 1024
6 1024
1 1024
6 1024
6 1024
3 1024
5 1024
7 1024
5 1024
3 1024
6 1024
1 1024
2 1024
7 1024
3 1024
3 1024
3 1024
3 1024
4 1024
0 763
9 1024
1 1024
2 1024
4 1024
6 1024
1 1024
3 1024
6 1024
7 1024
5 1024
6 1024
6 1024
7 1024
2 1024
1 1024
1 1024
5 1024
6 1024
8 1024
6 1024
0 1001
3 1024
6 1024
5 1024
1 1024
3 1024
10 1024
1 1024
4 1024
5 1024
4 1024
10 1024
0 585
3 1024
3 1024
0 981
8 1024
6 1024
2 1024
5 1024
4 1024
0 712
3 1024
3 1024
4 1024
1 1024
9 1024
3 1024
6 1024
3 1024
1 1024
13 1024
6 1024
6 1024
3 1024
6 1024
12 1024
4 1024
5 1024
4 1024
3 1024
10 1024
6 1024
1 1024
4 1024
5 1024
2 1024
6 1024
2 1024
4 1024
8 1024
3 1024
2 1024
1 1024
2 1024
0 568
1 1024
6 1024
8 1024
2 1024
4 1024
3 1024
8 1024
2 1024
5 1024
7 1024
4 1024
7 1024
8 1024
1 1024
1 1024
9 1024
2 1024
6 1024
3 1024
3 1024
2 1024
0 1021
6 1024
4 1024
4 1024
1 1024
8 1024
2 1024
3 1024
5 1024
3 1024
4 1024
5 1024
5 1024
1 1024
7 1024
3 1024
5 1024
9 1024
3 1024
5 1024
6 1024
2 1024
3 1024
0 837
3 1024
5 1024
2 1024
6 1024
4 1024
2 1024
5 1024
1 1024
3 1024
6 1024
5 1024
6 1024
8 1024
5 1024
3 1024
6 1024
2 1024
5 1024
4 1024
4 1024
7 1024
7 1024
5 1024
14 1024
4 1024
4 1024
2 1024
8 1024
5 1024
5 1024
9 1024
7 1024
4 1024
5 1024
6 1024
5 1024
3 1024
4 1024
5 1024
1 1024
3 1024
4 1024
4 1024
3 1024
1 1024
3 1024
3 1024
6 1024
8 1024
7 1024
5 1024
3 1024
2 1024
9 1024
7 1024
3 1024
0 1020
2 1024
4 1024
3 1024
4 1024
1 1024
4 1024
1 1024
3 1024
1 1024
8 1024
1 1024
5 1024
3 1024
3 1024
11 1024
11 1024
7 1024
5 1024
4 1024
5 1024
10 1024
7 1024
1 1024
3 1024
6 1024
6 1024
2 1024
3 1024
5 1024
0 882
2 1024
3 1024
5 1024
3 1024
4 1024
6 1024
3 1024
4 1024
4 1024
3 1024
7 1024
3 1024
0 846
3 1024
5 1024
3 1024
5 1024
2 1024
3 1024
3 1024
3 1024
7 1024
5 1024
5 1024
5 1024
6 1024
10 1024
3 1024
0 539
7 1024
3 1024
2 1024
6 1024
3 1024
3 1024
4 1024
0 432
5 1024
4 1024
5 1024
4 1024
1 1024
1 1024
3 1024
4 1024
10 1024
3 1024
5 1024
6 1024
1 1024
3 1024
4 1024
1 1024
4 1024
2 1024
8 1024
3 1024
4 1024
3 1024
2 1024
8 1024
4 1024
3 1024
4 1024
4 1024
12 1024
4 1024
0 719
2 1024
6 1024
3 1024
3 1024
2 1024
1 1024
4 1024
9 1024
4 1024
8 1024
1 1024
3 1024
2 1024
1 1024
4 1024
3 1024
2 1024
3 1024
5 1024
2 1024
3 1024
1 1024
7 1024
7 1024
2 1024
5 1024
1 1024
1 1024
7 1024
1 1024
2 1024
1 1024
3 1024
6 1024
12 1024
1 1024
3 1024
5 1024
3 1024
5 1024
5 1024
5 1024
2 1024
4 1024
1 1024
2 1024
4 1024
4 1024
4 1024
4 1024
4 1024
7 1024
6 1024
4 1024
1 1024
7 1024
4 1024
2 1024
10 1024
4 1024
3 1024
11 1024
3 1024
3 1024
9 1024
5 1024
12 1024
3 1024
6 1024
4 1024
3 1024
2 1024
0 925
3 1024
5 1024
4 1024
1 1024
4 1024
1 1024
3 1024
4 1024
3 1024
8 1024
5 1024
3 1024
5 1024
5 1024
5 1024
2 1024
5 1024
2 1024
6 1024
0 888
2 1024
3 1024
6 1024
4 1024
7 1024
3 1024
13 1024
5 1024
2 1024
4 1024
2 1024
7 1024
1 1024
5 1024
1 1024
2 1024
5 1024
5 1024
2 1024
2 1024
8 1024
5 1024
6 1024
2 1024
1 1024
1 1024
1 1024
4 1024
1 1024
3 1024
4 1024
8 1024
3 1024
1 1024
6 1024
5 1024
6 1024
8 1024
0 520
7 1024
0 735
6 1024
2 1024
5 1024
0 829
4 1024
3 1024
3 1024
9 1024
1 1024
3 1024
8 1024
0 716
3 1024
8 1024
4 1024
1 1024
2 1024
3 1024
1 1024
0 903
4 1024
5 1024
0 643
4 1024
3 1024
4 1024
7 1024
1 1024
5 1024
3 1024
2 1024
3 1024
6 1024
5 1024
1 1024
4 1024
2 1024
5 1024
4 1024
8 1024
2 1024
5 1024
1 1024
4 1024
11 1024
5 1024
3 1024
3 1024
4 1024
3 1024
6 1024
3 1024
2 1024
9 1024
0 819
5 1024
4 1024
4 1024
0 721
4 1024
1 1024
7 1024
3 1024
4 1024
3 1024
6 1024
1 1024
1 1024
2 1024
2 1024
3 1024
4 1024
5 1024
4 1024
7 1024
1 1024
4 1024
3 1024
5 1024
5 1024
5 1024
1 1024
3 1024
5 1024
5 1024
6 1024
3 1024
1 1024
6 1024
5 1024
1 1024
2 1024
6 1024
3 1024
5 1024
3 1024
1 1024
0 955
1 1024
6 1024
5 1024
2 1024
3 1024
4 1024
5 1024
4 1024
2 1024
1 1024
0 766
5 1024
3 1024
6 1024
7 1024
2 1024
3 1024
3 1024
4 1024
1 1024
8 1024
1 1024
2 1024
3 1024
3 1024
4 1024
4 1024
3 1024
3 1024
5 1024
3 1024
3 1024
3 1024
7 1024
3 1024
4 1024
9 1024
6 1024
1 1024
3 1024
9 1024
10 1024
3 1024
7 1024
4 1024
5 1024
4 1024
2 1024
3 1024
4 1024
1 1024
6 1024
3 1024
4 1024
5 1024
3 1024
6 1024
3 1024
7 1024
3 1024
8 1024
2 1024
7 1024
4 1024
1 1024
4 1024
6 1024
4 1024
9 1024
2 1024
3 1024
0 910
5 1024
7 1024
0 1014
1 1024
7 1024
3 1024
2 1024
5 1024
1 1024
2 1024
6 1024
1 1024
4 1024
7 1024
2 1024
1 1024
2 1024
9 1024
8 1024
1 1024
6 1024
5 1024
2 1024
5 1024
2 1024
5 1024
5 1024
4 1024
5 1024
1 1024
7 1024
2 1024
4 1024
6 1024
4 1024
3 1024
6 1024
4 1024
5 1024
3 1024
2 1024
3 1024
2 1024
8 1024
7 1024
2 1024
9 1024
7 1024
1 1024
4 1024
8 1024
1 1024
1 1024
4 1024
4 1024
4 1024
8 1024
5 1024
0 866
5 1024
3 1024
6 1024
7 1024
3 1024
6 1024
3 1024
5 1024
4 1024
8 1024
8 1024
4 1024
2 1024
8 1024
1 1024
2 1024
5 1024
0 862
0 1012
7 1024
1 1024
4 1024
3 1024
3 1024
13 1024
8 1024
2 1024
4 1024
1 1024
4 1024
3 1024
6 1024
1 1024
3 1024
2 1024
1 1024
3 1024
4 1024
5 1024
7 1024
2 1024
2 1024
7 1024
6 1024
6 1024
1 1024
10 1024
4 1024
7 1024
3 1024
5 1024
5 1024
12 1024
3 1024
3 1024
5 1024
3 1024
3 1024
7 1024
4 1024
5 1024
4 1024
5 1024
7 1024
3 1024
2 1024
4 1024
5 1024
7 1024
7 1024
4 1024
2 1024
1 1024
0 927
7 1024
0 744
7 1024
9 1024
2 1024
6 1024
10 1024
0 907
3 1024
3 1024
8 1024
6 1024
0 865
1 1024
3 1024
2 1024
6 1024
4 1024
1 1024
4 1024
4 1024
1 1024
3 1024
16 1024
4 1024
6 1024
3 1024
1 1024
2 1024
0 888
6 1024
5 1024
2 1024
3 1024
3 1024
4 1024
13 1024
6 1024
7 1024
7 1024
2 1024
6 1024
7 1024
5 1024
9 1024
5 1024
5 1024
9 1024
7 1024
6 1024
4 1024
3 1024
12 1024
9 1024
11 1024
1 1024
8 1024
3 1024
1 1024
4 1024
2 1024
7 1024
1 1024
3 1024
7 1024
3 1024
7 1024
4 1024
4 1024
2 1024
4 1024
4 1024
1 1024
1 1024
1 1024
2 1024
3 1024
3 1024
2 1024
4 1024
11 1024
3 1024
2 1024
3 1024
4 1024
3 1024
7 1024
2 1024
5 1024
1 1024
8 1024
2 1024
4 1024
8 1024
9 1024
3 1024
2 1024
4 1024
6 1024
13 1024
3 1024
3 1024
14 1024
7 1024
6 1024
4 1024
4 1024
1 1024
6 1024
8 1024
2 1024
4 1024
3 1024
0 893
4 1024
4 1024
4 1024
1 1024
1 1024
5 1024
2 1024
5 1024
9 1024
3 1024
8 1024
1 1024
3 1024
0 850
6 1024
3 1024
5 1024
4 1024
6 1024
2 1024
6 1024
3 1024
3 1024
4 1024
2 1024
8 1024
1 1024
6 1024
3 1024
7 1024
2 1024
3 1024
2 1024
1 1024
8 1024
1 1024
4 1024
4 1024
6 1024
10 1024
1 1024
7 1024
5 1024
9 1024
4 1024
1 1024
1 1024
2 1024
3 1024
4 1024
3 1024
4 1024
2 1024
11 1024
3 1024
8 1024
9 1024
2 1024
7 1024
2 1024
5 1024
11 1024
4 1024
3 1024
5 1024
0 497
3 1024
4 1024
4 1024
2 1024
1 1024
1 1024
3 1024
4 1024
6 1024
5 1024
6 1024
5 1024
6 1024
5 1024
3 1024
6 1024
0 956
6 1024
0 649
1 1024
2 1024
1 1024
6 1024
6 1024
1 1024
0 958
0 735
15 1024
4 1024
3 1024
3 1024
0 784
6 1024
11 1024
3 1024
4 1024
5 1024
6 1024
9 1024
3 1024
6 1024
7 1024
2 1024
5 1024
3 1024
5 1024
5 1024
1 1024
5 1024
2 1024
4 1024
10 1024
8 1024
1 1024
8 1024
4 1024
3 1024
6 1024
2 1024
7 1024
6 1024
9 1024
3 1024
8 1024
9 1024
2 1024
2 1024
4 1024
7 1024
4 1024
2 1024
7 1024
6 1024
1 1024
1 1024
4 1024
3 1024
1 1024
2 1024
1 1024
3 1024
5 1024
3 1024
2 1024
8 1024
6 1024
8 1024
6 1024
7 1024
6 1024
4 1024
6 1024
5 1024
6 1024
3 1024
2 1024
3 1024
2 1024
5 1024
8 1024
0 778
1 1024
3 1024
4 1024
4 1024
2 1024
3 1024
3 1024
5 1024
2 1024
3 1024
1 1024
6 1024
3 1024
0 437
7 1024
2 1024
5 1024
3 1024
1 1024
5 1024
5 1024
5 1024
2 1024
3 1024
6 1024
3 1024
0 557
3 1024
4 1024
4 1024
3 1024
1 1024
2 1024
0 911
5 1024
1 1024
3 1024
4 1024
5 1024
5 1024
12 1024
3 1024
7 1024
3 1024
3 1024
8 1024
4 1024
0 807
3 1024
3 1024
4 1024
3 1024
1 1024
4 1024
8 1024
8 1024
2 1024
6 1024
5 1024
4 1024
0 527
1 1024
2 1024
6 1024
3 1024
13 1024
0 958
9 1024
4 1024
9 1024
3 1024
5 1024
5 1024
4 1024
2 1024
5 1024
8 1024
1 1024
2 1024
1 1024
1 1024
3 1024
7 1024
4 1024
2 1024
1 1024
0 802
5 1024
5 1024
4 1024
8 1024
3 1024
9 1024
0 768
4 1024
5 1024
5 1024
8 1024
4 1024
8 1024
3 1024
4 1024
6 1024
5 1024
0 870
2 1024
8 1024
2 1024
5 1024
5 1024
4 1024
6 1024
0 972
4 1024
3 1024
7 1024
3 1024
2 1024
6 1024
5 1024
10 1024
5 1024
7 1024
4 1024
8 1024
6 1024
2 1024
3 1024
0 548
1 1024
1 1024
1 1024
11 1024
7 1024
2 1024
0 804
5 1024
3 1024
5 1024
4 1024
3 1024
4 1024
3 1024
10 1024
2 1024
3 1024
0 680
5 1024
4 1024
1 1024
2 1024
7 1024
11 1024
9 1024
4 1024
8 1024
5 1024
0 610
6 1024
1 1024
2 1024
2 1024
2 1024
1 1024
4 1024
2 1024
8 1024
3 1024
2 1024
1 1024
6 1024
1 1024
3 1024
5 1024
4 1024
2 1024
6 1024
3 1024
4 1024
11 1024
6 1024
4 1024
3 1024
3 1024
3 1024
6 1024
3 1024
3 1024
1 1024
2 1024
3 1024
4 1024
5 1024
7 1024
5 1024
3 1024
3 1024
2 1024
2 1024
1 1024
5 1024
6 1024
5 1024
8 1024
13 1024
4 1024
5 1024
5 1024
10 1024
5 1024
9 1024
2 1024
2 1024
6 1024
5 1024
4 1024
1 1024
13 1024
3 1024
5 1024
1 1024
2 1024
8 1024
4 1024
2 1024
5 1024
4 1024
3 1024
1 1024
10 1024
4 1024
6 1024
2 1024
0 921
10 1024
10 1024
12 1024
1 1024
2 1024
5 1024
5 1024
8 1024
8 1024
7 1024
3 1024
8 1024
5 1024
6 1024
1 1024
4 1024
4 1024
7 1024
7 1024
3 1024
6 1024
5 1024
6 1024
2 1024
10 1024
3 1024
9 1024
5 1024
3 1024
6 1024
4 1024
2 1024
7 1024
2 1024
5 1024
6 1024
6 1024
6 1024
0 741
1 1024
5 1024
4 1024
7 1024
1 1024
4 1024
11 1024
8 1024
3 1024
0 1007
7 1024
1 1024
5 1024
5 1024
3 1024
4 1024
4 1024
9 1024
4 1024
2 1024
9 1024
2 1024
1 1024
3 1024
7 1024
4 1024
5 1024
1 1024
5 1024
1 1024
2 1024
1 1024
1 1024
2 1024
4 1024
5 1024
3 1024
2 1024
2 1024
7 1024
5 1024
12 1024
5 1024
5 1024
5 1024
8 1024
2 1024
2 1024
8 1024
3 1024
7 1024
1 1024
2 1024
2 1024
4 1024
6 1024
6 1024
2 1024
9 1024
7 1024
2 1024
5 1024
3 1024
7 1024
5 1024
3 1024
5 1024
4 1024
2 1024
0 591
8 1024
9 1024
5 1024
3 1024
5 1024
4 1024
4 1024
4 1024
10 1024
3 1024
3 1024
6 1024
0 503
3 1024
6 1024
8 1024
5 1024
3 1024
2 1024
5 1024
3 1024
5 1024
5 1024
4 1024
7 1024
7 1024
2 1024
3 1024
8 1024
4 1024
5 1024
5 1024
4 1024
6 1024
7 1024
1 1024
2 1024
0 513
4 1024
6 1024
2 1024
5 1024
7 1024
3 1024
11 1024
1 1024
3 1024
3 1024
2 1024
5 1024
3 1024
4 1024
