# SA for random K-SAT
# K = 4   N = 1024   M = 8960   seed = 1384431876
# alpha = 8.750000   nIter = 4096  Tmax = 0.200000
# 1:lowestUnsat  2:runTime
0 317
0 2512
0 1282
0 1691
0 1144
0 1134
0 1127
1 4096
0 1012
1 4096
0 958
0 1927
0 251
0 560
2 4096
0 567
0 242
0 224
2 4096
0 654
0 1038
0 1200
0 631
0 593
1 4096
1 4096
0 1158
0 369
0 785
0 2056
0 297
2 4096
0 558
0 874
0 398
1 4096
0 1132
0 1422
0 1041
0 687
0 3902
0 553
0 1196
0 1220
0 1034
0 1024
0 641
0 1669
0 513
0 619
0 718
0 271
0 1159
2 4096
1 4096
0 168
0 1069
0 394
1 4096
0 625
0 741
0 1074
0 2376
0 358
0 582
1 4096
0 511
0 345
2 4096
1 4096
0 794
0 3285
0 1552
0 778
0 1347
0 718
2 4096
0 1491
0 431
0 1976
0 676
0 327
1 4096
1 4096
1 4096
1 4096
0 962
0 400
0 1075
0 178
0 597
1 4096
0 3856
0 1147
0 965
0 886
2 4096
0 190
0 381
0 216
0 1420
0 466
0 2986
0 492
0 1366
3 4096
1 4096
1 4096
2 4096
2 4096
0 566
0 1229
1 4096
0 574
0 876
0 355
0 364
0 385
0 531
0 1578
0 634
0 1402
0 757
0 147
1 4096
0 848
0 679
0 928
0 948
0 1265
0 1026
0 1010
0 476
0 404
0 996
0 391
0 553
0 528
0 879
1 4096
0 765
0 672
1 4096
1 4096
0 313
0 491
0 1929
0 1231
0 882
1 4096
0 883
0 1022
2 4096
0 1186
1 4096
0 1519
0 678
1 4096
0 1119
0 618
1 4096
0 363
0 467
0 965
1 4096
0 250
0 1167
0 2298
0 557
0 717
0 623
0 534
0 1125
0 247
0 1572
0 1009
0 314
0 768
1 4096
1 4096
0 801
1 4096
0 2178
0 573
0 713
2 4096
0 272
0 246
0 227
0 1287
0 712
0 664
0 1174
0 428
0 1133
0 1276
0 1624
0 876
0 2240
1 4096
0 706
0 358
0 1466
0 2145
0 912
0 617
0 565
0 831
0 471
0 2322
0 1683
0 896
0 812
1 4096
0 1080
0 2654
0 846
0 683
0 2581
0 1094
1 4096
0 970
0 1004
0 867
0 334
2 4096
0 529
0 1945
0 290
0 1233
0 568
0 864
1 4096
0 747
3 4096
0 267
1 4096
0 2432
0 918
0 426
0 657
0 1109
0 1450
0 556
0 1403
0 705
0 1340
0 644
0 1878
0 1364
0 1646
0 600
0 848
0 766
0 672
0 1223
1 4096
1 4096
1 4096
0 335
0 455
0 505
0 1620
0 567
0 1099
0 730
0 1171
0 1954
0 579
0 176
0 1018
1 4096
0 603
0 436
0 913
0 898
1 4096
0 1918
0 375
0 469
0 394
0 1734
0 636
0 874
0 658
0 832
0 418
2 4096
0 519
3 4096
3 4096
0 1034
0 1377
0 612
1 4096
0 381
0 1171
0 1144
0 1033
0 376
0 1126
0 2797
0 443
0 1117
0 730
0 2226
1 4096
0 472
1 4096
0 603
0 633
0 739
0 544
0 797
0 1907
2 4096
0 1007
0 592
0 878
3 4096
1 4096
0 1800
1 4096
1 4096
0 997
1 4096
0 716
1 4096
0 949
0 3405
0 501
0 1067
0 388
0 1219
0 1421
0 1532
0 521
0 474
0 566
0 657
0 799
0 906
0 643
0 402
0 142
0 576
0 759
0 863
0 1448
1 4096
0 1639
0 638
0 401
0 655
1 4096
3 4096
0 548
0 817
1 4096
0 1949
0 634
0 490
0 1027
0 1948
0 2616
0 889
0 898
0 1368
0 784
0 1719
0 1572
1 4096
0 718
0 1669
1 4096
0 835
0 739
0 609
2 4096
0 634
0 599
0 2050
1 4096
1 4096
0 813
0 745
0 607
0 808
0 785
0 971
0 1935
0 340
0 436
0 3737
0 1074
0 317
0 956
1 4096
0 1565
0 368
0 251
0 1405
0 1032
0 1494
0 489
0 836
0 538
0 264
0 581
0 813
0 679
0 917
0 253
0 1026
0 955
0 541
0 684
0 770
0 455
0 763
2 4096
0 588
0 2458
0 3268
0 458
0 211
0 1564
0 1127
0 521
0 1053
0 491
0 2974
0 1693
0 397
0 840
1 4096
0 728
0 630
0 553
0 777
0 1416
0 362
0 475
0 640
0 2772
0 617
0 867
1 4096
0 322
0 917
0 446
0 580
0 1863
0 1334
0 499
0 1195
0 622
0 688
0 638
0 500
0 556
0 813
0 359
0 1886
0 596
0 2605
0 909
0 508
0 745
0 571
0 303
0 357
0 3441
0 819
0 123
1 4096
0 2512
0 784
2 4096
1 4096
0 1558
0 757
0 411
3 4096
0 638
0 1123
0 387
0 946
0 1316
1 4096
0 886
0 1349
0 1138
0 1815
0 580
0 536
0 499
0 1222
0 822
0 780
0 398
0 961
1 4096
0 1092
0 1879
0 1087
0 785
0 924
0 1890
0 516
1 4096
0 894
1 4096
0 1265
0 1953
1 4096
0 835
0 983
2 4096
0 1678
1 4096
0 1190
0 504
2 4096
0 742
0 848
0 488
0 3530
0 508
0 1028
0 913
0 495
0 775
0 1321
0 635
0 3616
1 4096
0 1296
2 4096
0 1027
1 4096
0 1664
0 217
0 2385
0 729
0 475
0 357
0 570
0 647
0 879
0 1487
0 326
0 312
0 1142
0 837
0 347
0 713
1 4096
1 4096
0 661
0 1283
0 644
0 1272
0 535
0 572
0 3368
0 542
2 4096
0 890
0 449
0 704
0 234
0 2913
0 1013
0 474
0 689
1 4096
1 4096
1 4096
0 2138
0 968
0 1224
0 173
0 750
0 1515
0 1709
0 584
0 1734
0 1307
0 726
1 4096
1 4096
0 3624
0 1264
0 449
0 429
0 1502
0 518
0 647
0 624
0 364
0 612
2 4096
0 746
1 4096
0 404
0 755
0 722
0 898
0 1183
2 4096
0 573
0 864
2 4096
0 503
0 643
1 4096
0 2044
3 4096
0 935
0 1823
0 387
1 4096
1 4096
0 1223
0 294
2 4096
0 2686
0 284
0 526
0 1208
0 900
0 1831
0 1507
1 4096
2 4096
0 676
0 1481
0 831
0 605
1 4096
0 2144
0 297
0 308
0 2679
0 1578
1 4096
0 468
0 678
0 437
0 1334
0 786
1 4096
0 1287
1 4096
0 2577
0 1011
1 4096
0 983
1 4096
0 980
0 1451
0 1329
0 592
0 1242
2 4096
1 4096
0 396
0 1631
0 438
0 246
1 4096
0 2746
0 381
1 4096
0 358
0 1585
0 973
0 493
0 1558
0 616
0 1408
0 486
0 627
1 4096
0 667
0 383
0 2582
0 783
0 354
0 522
0 1097
1 4096
0 768
0 273
0 1208
0 428
1 4096
0 1230
0 924
0 734
0 436
0 1233
0 420
0 544
0 725
0 558
0 2903
0 868
0 441
0 480
1 4096
0 462
0 2264
1 4096
0 1100
0 608
0 3468
0 721
0 887
0 1414
2 4096
0 542
1 4096
0 893
0 839
0 981
0 1745
0 1679
0 1253
0 243
0 1705
0 740
0 583
0 1908
0 1732
0 537
0 707
0 388
0 419
0 960
1 4096
0 386
0 3219
0 635
0 481
0 812
1 4096
1 4096
2 4096
1 4096
0 1037
1 4096
1 4096
0 497
0 1460
0 863
1 4096
1 4096
0 1447
0 737
0 595
2 4096
0 1212
0 745
0 633
0 1129
0 713
1 4096
0 1008
0 760
0 1190
0 385
0 2607
0 1624
0 696
2 4096
0 1290
0 1222
0 517
0 581
0 975
0 1359
0 698
1 4096
0 184
0 819
0 1196
0 1526
0 578
1 4096
1 4096
0 1116
0 2091
0 951
0 657
0 1265
0 3603
0 1086
0 215
0 1195
0 479
0 596
0 395
0 682
0 970
0 998
0 422
0 606
0 952
0 502
0 513
0 1265
0 1315
0 1398
0 200
0 1312
1 4096
0 384
0 928
1 4096
0 771
0 1321
0 739
0 820
0 257
1 4096
0 332
0 994
0 265
2 4096
0 1074
0 579
0 385
0 425
0 416
0 249
0 365
0 226
0 854
1 4096
0 437
0 1635
0 1502
0 658
0 1844
1 4096
0 619
1 4096
0 906
0 2795
0 488
0 714
0 278
0 716
0 620
0 414
1 4096
0 314
0 2788
0 1364
0 2063
0 705
0 295
0 925
5 4096
0 506
0 608
0 2008
0 200
2 4096
0 553
1 4096
0 417
0 1202
0 3917
0 399
0 784
0 568
1 4096
0 1251
1 4096
0 709
0 1338
0 2815
0 523
0 2301
0 899
0 724
0 2736
0 675
0 1149
0 1212
1 4096
0 342
0 416
0 862
0 1664
0 319
0 3625
0 532
0 1249
2 4096
1 4096
0 737
0 1366
0 814
0 1291
0 449
0 381
0 671
0 2148
0 639
2 4096
0 2279
0 1506
0 191
1 4096
3 4096
0 951
0 2195
2 4096
0 1085
0 312
1 4096
0 790
0 697
1 4096
0 336
0 760
0 1025
0 636
0 510
0 1065
0 2440
0 626
2 4096
2 4096
0 522
1 4096
0 317
1 4096
0 1019
2 4096
0 907
0 1069
0 324
2 4096
0 1498
0 1338
0 2083
0 438
2 4096
0 1017
1 4096
0 1143
0 564
0 252
0 660
1 4096
0 2941
0 873
0 308
0 502
0 547
0 372
1 4096
0 710
0 466
0 613
0 407
0 1348
0 396
0 2644
0 892
1 4096
1 4096
0 699
0 866
0 1271
0 1520
2 4096
0 649
0 837
2 4096
0 632
0 1171
0 249
0 769
0 1013
3 4096
0 771
0 976
0 1375
0 1051
0 1016
0 271
0 1062
1 4096
0 1675
0 2686
0 1136
0 425
2 4096
0 859
0 433
0 1080
0 1057
0 1972
0 342
0 412
0 831
0 1087
0 293
0 480
0 91
0 809
0 706
0 1524
0 501
0 681
0 1375
3 4096
0 2229
0 1158
0 502
0 593
0 563
0 582
0 812
0 2385
1 4096
0 887
0 1735
0 1770
0 996
0 970
0 1884
0 1203
1 4096
0 889
2 4096
0 476
0 1577
1 4096
0 661
1 4096
0 452
1 4096
0 1296
2 4096
0 810
0 458
0 1754
0 854
0 1505
0 520
0 650
0 580
0 1632
0 357
0 521
0 377
0 1347
0 473
0 2770
0 323
0 505
0 560
0 842
0 2551
0 871
0 982
0 721
1 4096
0 1187
0 1183
0 561
0 1123
0 389
0 862
0 500
0 1817
1 4096
1 4096
1 4096
0 606
0 2322
0 739
0 373
2 4096
0 265
0 697
0 821
0 198
0 2120
0 283
0 614
1 4096
0 1038
0 1160
0 1499
0 2495
0 1143
0 1233
1 4096
2 4096
0 569
0 466
0 948
0 673
0 1471
0 524
1 4096
0 313
0 669
0 781
0 2073
0 1431
0 1110
0 665
0 654
2 4096
0 951
1 4096
0 526
0 606
0 341
0 911
0 1258
0 959
0 1044
0 349
0 838
0 762
0 315
0 314
0 753
0 533
0 1014
0 970
1 4096
0 714
0 1616
0 1980
0 706
0 628
1 4096
0 932
0 2623
0 474
0 1415
2 4096
0 303
0 1657
0 655
3 4096
0 520
0 506
0 2240
0 397
2 4096
0 951
0 938
0 2069
2 4096
0 1328
0 848
0 730
0 452
0 459
1 4096
0 571
0 1416
0 1482
0 1005
0 1053
0 923
0 1318
0 809
0 635
0 429
0 2799
0 2098
0 640
2 4096
0 1612
0 332
1 4096
0 1475
0 623
0 525
0 919
0 286
0 654
1 4096
0 954
0 1383
0 1161
0 1528
0 1253
0 1277
0 126
0 1146
0 692
0 955
1 4096
1 4096
0 1068
0 449
0 997
0 646
2 4096
0 1850
0 363
0 1225
0 2580
0 390
0 294
0 842
0 1303
0 701
0 736
0 815
0 950
0 1154
0 347
0 1178
0 866
0 433
0 872
0 677
0 1157
0 973
0 1835
2 4096
0 1375
0 784
0 1186
0 2711
0 442
0 688
0 1447
0 762
1 4096
0 463
0 1189
0 1018
1 4096
0 637
0 695
0 927
0 620
0 473
0 811
0 813
0 491
0 801
0 732
0 2377
0 508
1 4096
1 4096
0 2768
0 761
1 4096
0 2404
0 532
0 787
0 1042
0 1222
0 1491
0 268
0 472
0 806
0 722
0 589
0 931
0 847
0 831
0 663
0 2843
0 3633
0 1276
1 4096
0 1225
0 973
0 1042
0 241
0 1043
1 4096
0 728
0 591
1 4096
1 4096
0 566
0 614
0 517
1 4096
0 1085
2 4096
0 1148
0 963
1 4096
2 4096
0 501
0 873
0 1284
0 662
0 527
0 962
2 4096
4 4096
0 616
1 4096
1 4096
0 1396
0 1074
0 877
2 4096
0 645
0 571
0 968
0 308
4 4096
0 470
0 3142
0 758
1 4096
0 472
1 4096
0 838
0 506
0 406
0 1344
0 944
0 233
0 1851
1 4096
0 735
0 725
0 1260
0 532
3 4096
0 1091
1 4096
0 501
0 430
1 4096
0 1382
0 1121
0 1072
0 662
0 354
0 524
0 1449
0 707
1 4096
1 4096
0 1024
0 346
0 696
0 1148
0 1284
0 772
1 4096
0 2810
0 2067
0 841
0 977
0 881
0 1470
0 1204
0 1196
0 1389
3 4096
0 1091
0 668
0 375
0 406
0 1105
0 1478
0 542
0 702
0 566
0 399
0 939
0 821
0 503
0 1125
0 1191
0 1162
0 841
0 1240
0 1167
0 510
0 535
0 960
1 4096
0 1203
0 525
0 262
4 4096
0 522
2 4096
0 363
0 386
1 4096
0 919
0 1242
0 778
0 1712
0 528
3 4096
1 4096
0 465
0 246
1 4096
0 482
0 1086
0 701
0 569
0 1346
1 4096
0 435
0 877
0 541
0 696
0 321
0 291
0 2003
0 536
1 4096
1 4096
0 1960
0 536
0 414
0 332
0 822
1 4096
0 1607
1 4096
0 842
0 869
0 225
1 4096
0 1030
0 861
1 4096
2 4096
0 653
0 351
0 644
0 643
0 766
0 699
0 664
0 377
0 1076
0 2486
0 896
0 622
0 526
0 1719
0 570
0 529
0 365
0 751
0 586
0 478
0 399
0 827
0 302
1 4096
1 4096
0 823
0 1397
0 828
0 638
0 595
0 2585
1 4096
0 1133
0 1021
0 156
1 4096
0 384
0 2344
0 596
0 3617
0 878
5 4096
0 634
2 4096
0 429
0 540
0 637
0 919
3 4096
0 1520
0 1062
0 985
0 645
0 3879
0 555
0 787
0 697
0 924
0 879
0 2678
1 4096
0 1141
0 394
0 524
0 1910
0 1970
0 868
0 1088
1 4096
0 1183
0 2897
0 915
1 4096
0 1861
0 692
0 862
0 1558
1 4096
1 4096
0 1391
0 486
0 1920
0 849
0 239
0 412
0 621
2 4096
0 467
0 793
0 3220
0 1337
0 1531
0 770
0 953
0 1175
0 615
0 1529
0 683
0 761
0 3336
0 608
0 625
1 4096
0 377
0 169
1 4096
0 1795
0 816
1 4096
0 1036
0 346
0 757
0 288
0 449
0 291
0 1022
1 4096
0 1106
0 840
0 912
0 953
0 654
6 4096
0 1186
0 1235
0 350
0 579
0 1335
0 1172
0 1850
0 371
0 810
0 1646
0 1479
1 4096
1 4096
0 814
2 4096
0 551
0 565
0 701
0 2109
0 686
0 642
0 903
2 4096
5 4096
0 2142
0 356
0 425
0 300
0 892
2 4096
0 1840
0 873
0 797
0 1908
1 4096
0 505
0 503
1 4096
0 872
1 4096
0 926
1 4096
0 614
0 657
0 1928
1 4096
0 418
0 986
0 949
0 1744
0 1527
1 4096
0 3375
0 1150
0 2258
0 650
2 4096
0 707
0 424
0 2049
0 1379
0 837
0 373
0 1195
0 3371
0 862
0 582
0 521
0 641
0 1145
0 405
0 509
1 4096
0 1408
0 526
0 1032
0 570
0 915
0 799
0 280
0 1620
0 3457
0 1504
0 2664
2 4096
0 781
0 314
0 235
0 595
0 394
0 1289
2 4096
1 4096
0 884
2 4096
0 139
0 2226
0 1043
0 497
0 774
0 650
0 784
0 663
0 535
0 320
0 650
0 1387
0 3048
0 1210
0 325
0 404
0 670
0 813
0 1500
0 470
0 661
0 843
0 1904
0 855
4 4096
0 1301
0 2540
0 804
0 778
0 674
0 908
0 1142
1 4096
0 707
0 1865
0 965
0 687
0 274
0 527
0 401
0 1538
1 4096
0 488
0 276
0 1073
0 1165
0 854
0 235
0 368
0 1044
0 519
0 298
1 4096
0 1892
0 927
1 4096
0 427
0 795
0 748
0 3039
0 2501
0 542
0 2452
0 1138
0 841
0 845
0 867
0 2247
0 537
2 4096
0 1361
0 779
0 1294
1 4096
0 491
1 4096
0 681
0 351
0 258
0 447
0 614
0 854
0 1827
0 1342
2 4096
0 418
0 1515
0 923
0 709
0 711
3 4096
0 1352
0 196
0 399
0 1438
0 331
0 1226
0 2366
0 657
0 337
0 386
3 4096
0 586
0 256
0 1258
0 532
0 1259
0 560
0 1589
0 3123
0 601
0 591
0 457
0 681
0 3380
0 2083
0 488
1 4096
0 503
0 673
0 1492
0 713
0 889
0 858
0 405
1 4096
1 4096
0 573
0 1175
0 1570
0 609
1 4096
1 4096
0 502
0 322
0 662
0 893
0 1797
0 912
0 687
1 4096
0 1349
0 1569
0 520
2 4096
0 1346
0 566
1 4096
0 334
0 814
0 3323
1 4096
0 1474
0 660
0 203
0 245
0 860
0 794
0 842
0 616
0 1692
0 554
2 4096
0 811
0 2406
1 4096
0 734
0 693
0 824
0 520
0 429
0 1183
0 959
0 567
0 1876
0 1118
1 4096
0 1786
0 711
1 4096
0 367
0 910
0 1036
0 1598
1 4096
0 762
0 409
0 1009
0 594
0 432
0 1092
0 721
0 666
0 505
2 4096
1 4096
0 757
0 400
0 182
0 585
0 441
0 662
0 3056
0 623
0 679
0 2050
1 4096
1 4096
0 776
0 524
0 787
0 746
0 345
0 503
0 425
0 1023
0 388
1 4096
0 750
0 571
0 516
0 517
0 265
0 498
2 4096
0 231
0 2765
0 954
0 711
0 965
0 582
0 1209
0 957
0 532
0 735
0 363
1 4096
0 405
0 661
0 609
0 1245
0 1428
0 670
4 4096
1 4096
1 4096
0 473
1 4096
0 1657
1 4096
0 275
0 284
1 4096
0 383
0 1880
1 4096
0 421
0 413
0 907
0 290
0 1238
0 890
0 366
0 1995
0 390
0 1655
0 3870
0 561
0 838
3 4096
1 4096
0 699
0 505
0 1148
0 1233
0 855
0 748
0 1394
0 732
0 1267
2 4096
0 406
0 1474
0 880
0 2615
0 517
1 4096
0 319
0 517
2 4096
0 433
0 1168
0 377
0 1044
0 928
0 794
0 593
0 710
4 4096
0 701
0 1126
1 4096
0 404
0 2141
1 4096
0 737
0 1194
0 1128
0 1021
0 398
0 456
0 133
0 1558
1 4096
0 747
0 869
0 542
0 910
0 1252
0 249
0 2289
0 952
0 3748
0 734
0 282
0 451
0 417
0 793
0 1352
0 796
1 4096
0 134
0 354
0 1057
0 1765
0 291
0 352
1 4096
0 547
0 357
0 1265
0 943
0 1733
0 1225
1 4096
3 4096
0 653
0 554
0 753
0 756
0 676
0 444
1 4096
0 710
0 448
0 1274
0 353
0 670
1 4096
1 4096
0 769
0 3385
1 4096
0 1292
1 4096
0 848
0 1099
2 4096
0 808
0 999
0 1743
0 564
1 4096
0 697
0 795
0 1769
0 493
0 2159
1 4096
0 371
0 618
1 4096
1 4096
0 346
0 2964
0 498
0 671
0 3849
1 4096
0 117
0 1921
2 4096
0 828
0 1634
0 3272
0 936
0 343
1 4096
0 787
0 675
1 4096
3 4096
0 637
1 4096
0 346
0 1602
2 4096
0 1110
0 567
0 919
0 759
0 2878
2 4096
0 275
0 782
0 137
0 2398
0 655
0 2563
0 926
1 4096
0 1675
0 736
0 382
1 4096
0 193
0 1038
3 4096
0 304
0 451
0 227
0 158
0 1781
0 1017
1 4096
0 2116
0 2816
0 2102
2 4096
1 4096
0 529
0 858
0 1276
0 3787
0 613
0 590
2 4096
2 4096
0 761
0 825
2 4096
0 1620
1 4096
0 426
0 1043
0 466
2 4096
0 539
0 377
0 1033
1 4096
1 4096
0 732
0 1886
0 1858
0 885
0 679
0 279
0 529
0 1218
0 760
0 604
0 398
0 576
1 4096
1 4096
2 4096
0 159
0 346
0 579
0 1365
0 1046
0 503
0 725
1 4096
0 1072
0 1125
0 1333
0 1207
0 753
0 1099
0 227
0 824
0 856
0 471
1 4096
0 1917
3 4096
1 4096
0 364
0 318
1 4096
0 1181
0 1296
0 815
0 619
0 618
0 560
0 386
1 4096
0 268
2 4096
0 2258
0 607
0 237
1 4096
0 1445
0 574
0 268
0 2514
1 4096
0 1405
0 959
0 701
0 1853
0 718
1 4096
1 4096
0 370
0 479
0 1386
0 3026
0 592
2 4096
0 427
0 767
0 1548
0 1682
0 2254
0 1726
0 378
2 4096
1 4096
0 592
0 480
0 1781
0 1436
2 4096
0 1167
0 335
0 1088
0 1001
1 4096
1 4096
0 646
0 683
1 4096
0 659
0 1175
0 2433
0 950
0 422
0 794
0 1214
0 470
0 828
1 4096
0 1162
0 335
0 428
0 664
0 1695
0 1286
0 847
0 1368
0 403
0 828
0 1048
0 312
0 1586
0 1321
0 2544
0 488
0 1384
0 955
0 1076
0 704
0 869
0 213
0 3296
0 1699
0 408
0 740
0 1675
0 940
2 4096
0 1200
0 846
0 852
0 336
0 1073
0 568
0 454
0 813
3 4096
0 1226
0 406
0 527
1 4096
0 392
1 4096
0 754
0 1012
0 521
0 882
0 522
0 333
0 1149
0 644
0 1247
1 4096
0 1317
0 1176
0 3958
0 3005
0 844
0 3005
0 976
0 1328
2 4096
0 604
0 232
0 1396
0 1310
1 4096
0 2063
0 1603
0 970
2 4096
0 503
0 697
0 2297
0 275
0 1199
0 601
0 529
0 559
0 953
1 4096
0 718
0 1536
2 4096
0 382
0 466
0 355
0 429
1 4096
0 414
0 690
0 799
1 4096
0 816
0 1500
0 922
0 520
0 947
0 1451
0 1692
0 805
1 4096
1 4096
0 871
0 579
0 1296
0 1664
0 912
0 787
0 625
1 4096
0 1552
0 2318
1 4096
0 2284
0 556
0 1799
0 937
0 1879
1 4096
1 4096
0 581
1 4096
3 4096
0 1099
0 233
0 1059
0 344
0 2671
2 4096
0 808
0 1052
0 858
0 433
0 676
0 287
0 591
0 1682
0 3920
1 4096
1 4096
0 1031
1 4096
0 471
0 1172
0 729
0 591
1 4096
0 898
0 277
0 1128
1 4096
0 452
0 1636
0 870
0 1492
0 535
0 835
0 834
0 804
0 2532
1 4096
0 635
0 350
0 899
0 884
0 1337
0 182
4 4096
0 414
0 636
0 594
0 2144
0 607
2 4096
0 2919
0 165
0 805
0 627
1 4096
0 269
0 1191
0 634
2 4096
1 4096
0 1483
0 352
0 487
0 1128
0 966
0 757
0 1068
0 800
0 254
0 654
0 1352
0 428
0 2433
0 618
1 4096
1 4096
0 269
0 657
0 3276
0 538
0 1503
0 291
0 2535
0 483
0 695
1 4096
0 1638
0 1614
0 300
0 292
0 949
0 619
1 4096
0 707
0 1627
0 3398
0 920
0 888
0 727
0 586
0 3981
0 936
0 2070
0 434
0 389
1 4096
0 2015
0 1281
0 281
1 4096
0 690
1 4096
0 930
0 1014
0 910
0 1221
0 3540
0 542
0 651
0 2094
0 301
0 587
0 687
0 771
0 2452
0 507
0 839
0 1115
0 3879
0 493
0 1179
0 1130
0 752
0 238
0 577
0 546
0 288
0 857
0 128
0 1384
0 1325
0 990
1 4096
0 918
0 590
0 2655
0 910
0 1372
0 1078
0 736
0 668
0 551
0 944
0 776
0 1627
0 3549
0 742
0 921
0 1469
0 1086
0 810
0 308
0 776
0 419
0 598
0 1327
0 876
0 913
0 1020
0 1135
1 4096
0 665
0 918
0 565
0 468
0 697
0 492
0 430
0 955
0 477
0 897
0 337
0 738
0 851
0 1144
1 4096
0 3219
0 906
0 604
1 4096
1 4096
0 711
0 230
1 4096
0 1468
1 4096
0 576
0 639
0 683
2 4096
0 669
0 2162
4 4096
0 419
0 635
0 688
0 978
0 1672
0 871
0 445
0 281
1 4096
0 300
0 1173
0 314
1 4096
0 862
0 2108
0 1277
0 235
0 878
0 564
0 1156
0 267
0 348
0 1919
0 3719
0 317
1 4096
0 729
0 442
2 4096
0 145
0 149
0 422
1 4096
0 712
0 559
0 1202
0 517
0 1750
0 445
0 170
0 3509
0 410
0 868
0 468
0 1384
0 1257
0 999
0 293
1 4096
0 582
0 864
0 286
0 717
0 877
2 4096
0 831
0 1033
0 411
0 424
0 1198
0 276
0 806
1 4096
0 139
0 624
0 268
0 860
0 335
0 747
0 2429
1 4096
0 1957
2 4096
0 1058
1 4096
0 1104
0 1439
1 4096
1 4096
0 1291
0 1406
0 1223
0 1218
0 835
0 1169
1 4096
1 4096
0 2057
0 945
0 1607
0 1272
0 970
0 739
0 403
0 941
0 745
0 2578
0 583
0 800
1 4096
0 1979
0 305
2 4096
0 519
0 1153
0 858
0 530
0 449
0 493
0 2454
0 379
0 888
0 1042
0 709
0 391
1 4096
0 492
0 953
0 484
0 1111
0 169
0 503
0 1114
2 4096
0 2178
0 1027
0 3159
0 611
0 591
0 263
0 966
1 4096
0 835
0 619
0 1558
0 459
1 4096
0 703
0 1054
3 4096
0 712
0 1052
0 2815
0 279
0 862
1 4096
0 431
0 646
0 808
1 4096
2 4096
0 727
0 713
0 882
0 1834
0 553
1 4096
0 853
0 621
0 683
0 1160
0 797
0 765
0 332
1 4096
0 588
0 281
0 841
0 1263
1 4096
0 1220
0 457
0 213
0 4015
0 1143
0 400
0 2479
0 648
2 4096
0 854
0 1478
0 292
0 803
0 1288
1 4096
2 4096
0 1925
0 720
0 737
1 4096
0 1337
0 701
1 4096
0 733
2 4096
0 282
0 822
0 651
1 4096
0 2688
0 928
1 4096
0 510
0 934
0 2438
0 360
0 464
0 650
2 4096
0 766
0 2490
0 730
0 943
0 336
0 1171
1 4096
0 2156
0 1468
0 420
0 769
0 905
0 779
1 4096
0 494
0 317
0 399
1 4096
0 2565
0 545
0 1105
0 1248
0 261
0 606
0 648
1 4096
0 682
0 1414
0 1475
0 534
0 484
0 635
0 1169
0 346
2 4096
1 4096
0 1264
0 365
0 1805
1 4096
0 564
0 892
2 4096
0 540
1 4096
0 1577
0 848
1 4096
0 1233
0 568
0 588
0 979
0 485
0 390
0 359
0 1050
0 779
0 418
0 708
1 4096
1 4096
0 299
0 348
0 3392
0 492
0 446
0 942
3 4096
0 535
0 829
0 366
0 2918
1 4096
0 499
0 717
0 3247
0 550
0 1368
0 313
0 3669
0 1065
0 526
1 4096
0 294
0 545
0 1141
0 893
0 908
0 388
0 320
0 1901
0 507
0 566
0 994
0 1901
0 1813
0 567
0 667
0 450
0 3441
1 4096
0 415
0 980
0 494
0 815
0 412
0 917
0 2088
1 4096
0 368
0 1611
0 867
1 4096
0 720
0 417
0 604
1 4096
0 632
0 508
0 1261
0 2120
0 326
0 1320
0 939
0 1234
0 1004
0 1171
0 1667
0 837
0 699
1 4096
0 409
0 644
0 1458
0 1800
0 1844
0 498
0 1502
0 759
0 890
1 4096
0 1034
0 802
0 246
0 3004
0 297
0 588
0 807
0 337
0 3179
0 663
1 4096
0 507
2 4096
0 3269
0 1288
0 1213
0 1735
0 476
0 833
1 4096
0 751
0 734
0 209
2 4096
0 982
0 1092
0 453
0 686
0 859
1 4096
0 1249
1 4096
0 1318
0 419
1 4096
0 1378
0 1023
0 995
0 480
0 922
1 4096
1 4096
0 955
0 490
0 860
2 4096
0 402
0 1038
0 629
1 4096
0 624
0 968
0 994
3 4096
6 4096
0 975
0 691
0 392
0 599
0 789
0 687
1 4096
0 675
1 4096
1 4096
0 648
1 4096
0 1929
0 399
0 1498
0 1535
0 1133
0 1424
0 3417
0 560
0 703
0 593
0 1537
0 3078
0 749
0 434
2 4096
0 554
0 1064
0 530
0 528
2 4096
0 610
0 843
0 731
0 2049
0 916
0 535
0 899
0 1112
0 1157
0 1874
0 1103
0 558
0 739
0 720
0 515
0 529
1 4096
0 553
0 2568
0 815
0 351
0 730
0 682
0 123
0 322
0 1088
0 1091
0 948
2 4096
0 553
0 146
0 533
3 4096
0 463
0 580
0 419
0 933
0 675
0 1161
0 1167
0 598
0 388
1 4096
0 1737
0 1661
1 4096
0 625
0 2651
0 3140
2 4096
0 569
0 371
0 889
0 535
0 273
0 878
2 4096
0 673
0 754
0 783
1 4096
0 936
1 4096
0 443
1 4096
0 623
2 4096
0 597
0 1150
0 2067
0 864
0 436
0 509
0 3982
0 430
0 1735
0 1092
0 1363
0 982
0 311
0 219
1 4096
1 4096
0 1246
0 1399
0 1227
0 1264
0 1733
1 4096
2 4096
0 310
1 4096
2 4096
0 517
0 955
0 1977
1 4096
0 1575
0 351
0 3869
1 4096
0 250
0 547
0 2964
1 4096
0 457
0 333
0 553
0 1508
1 4096
1 4096
0 1587
0 579
0 718
0 1741
1 4096
0 3654
1 4096
1 4096
0 3012
1 4096
0 819
0 412
0 3599
0 1344
0 201
0 2213
0 147
0 729
0 3951
0 923
0 729
0 610
0 1370
0 1660
0 1023
0 759
0 795
0 571
0 1102
0 760
0 1213
0 330
1 4096
0 1286
2 4096
0 672
0 644
2 4096
1 4096
0 1528
1 4096
0 655
0 1195
0 305
0 960
0 328
0 838
0 404
0 520
0 429
3 4096
0 554
0 1875
0 585
0 800
0 580
0 439
0 582
1 4096
0 700
0 1006
0 1068
0 910
0 1026
0 1076
0 2073
0 1235
1 4096
0 642
0 472
0 955
1 4096
1 4096
0 630
0 970
0 2784
0 495
0 1726
0 512
0 220
0 640
0 1098
0 702
1 4096
0 504
0 563
0 602
0 996
0 854
0 572
0 3397
0 369
0 958
1 4096
0 1442
0 380
0 1105
0 308
1 4096
0 352
0 542
0 640
1 4096
0 751
0 1486
0 464
0 553
1 4096
0 589
0 785
0 606
0 563
0 1223
0 415
0 804
0 785
0 1147
0 632
0 1667
0 1410
0 811
0 556
0 1983
0 683
0 599
0 1568
0 456
0 479
0 1822
0 1008
1 4096
0 1598
0 1342
0 1482
0 1042
0 842
0 2108
1 4096
0 228
2 4096
0 788
1 4096
0 537
4 4096
0 1655
1 4096
0 633
0 1649
1 4096
1 4096
0 870
0 2014
0 854
1 4096
0 613
0 345
0 943
0 605
0 419
0 347
0 697
0 436
0 273
1 4096
0 975
0 731
1 4096
0 718
0 1159
0 957
0 434
0 1093
0 1759
0 1096
1 4096
0 372
1 4096
0 2406
0 1781
1 4096
0 805
1 4096
1 4096
0 327
0 526
0 507
0 1358
1 4096
0 539
1 4096
0 1070
1 4096
0 712
0 253
0 1439
0 1817
1 4096
0 628
0 735
0 950
0 1414
0 748
0 1303
0 893
0 885
0 1257
0 526
0 618
0 255
1 4096
0 562
0 979
0 366
0 1111
4 4096
0 925
2 4096
0 534
0 2658
0 1870
0 1215
0 982
0 824
1 4096
0 376
0 487
1 4096
1 4096
0 1686
0 1388
1 4096
0 1704
0 748
0 784
0 2351
0 327
0 479
0 407
0 599
0 1234
0 485
0 1191
0 855
0 527
0 652
0 359
1 4096
1 4096
2 4096
0 760
0 1043
0 509
2 4096
0 542
1 4096
0 589
0 552
1 4096
0 1319
3 4096
0 509
0 189
0 2202
1 4096
0 787
0 842
0 1577
0 1046
3 4096
0 754
0 401
0 1222
1 4096
0 531
0 393
0 576
0 493
0 585
0 1489
0 879
0 587
0 1206
0 296
0 407
0 1809
0 864
0 629
0 455
0 1422
0 174
0 430
0 1159
0 344
0 2810
0 760
0 617
0 1229
0 1405
0 487
0 1422
0 901
1 4096
0 844
0 1461
0 538
0 1502
0 1626
0 1364
0 384
1 4096
0 853
0 1088
0 1936
0 2619
0 2935
0 606
0 345
0 852
0 366
0 263
0 815
0 505
0 319
0 742
2 4096
0 363
0 1043
0 2743
0 483
0 1259
0 831
0 537
0 549
0 1709
0 1196
0 887
0 615
0 759
0 970
0 903
0 747
0 1086
0 558
0 1426
0 613
0 631
0 433
0 1262
0 1267
0 800
0 786
1 4096
0 587
0 488
0 3033
0 607
0 729
0 385
0 704
1 4096
0 2922
0 1463
2 4096
0 310
0 376
0 1138
0 203
0 363
0 271
0 164
0 1807
0 1428
0 564
0 623
0 1734
0 253
0 1370
0 999
2 4096
0 965
0 529
0 590
4 4096
0 440
0 218
0 1205
0 559
0 2170
0 383
3 4096
0 917
2 4096
0 599
0 543
0 328
0 219
0 784
0 2885
0 331
0 721
0 516
0 1464
0 458
0 413
0 378
0 3262
0 1170
1 4096
1 4096
0 725
0 814
0 604
0 558
0 575
1 4096
0 2539
0 457
1 4096
0 1984
0 583
1 4096
0 1722
0 538
0 795
0 395
0 2174
1 4096
0 506
2 4096
0 1387
0 492
0 1059
0 1100
0 211
0 493
0 1689
0 432
0 629
1 4096
0 835
0 402
0 565
0 1282
0 549
0 820
0 1405
0 614
0 734
0 3142
0 3203
0 189
1 4096
0 666
0 675
0 1159
2 4096
0 175
0 1198
1 4096
0 546
0 500
0 603
0 365
0 529
0 785
1 4096
1 4096
0 2400
1 4096
0 911
0 768
0 684
1 4096
0 481
0 873
1 4096
0 2849
0 1839
0 769
0 125
0 1931
0 156
1 4096
0 694
0 1492
0 440
0 861
2 4096
0 1439
1 4096
1 4096
0 1789
0 1502
2 4096
0 2448
0 277
1 4096
2 4096
0 495
0 1197
0 183
0 661
1 4096
0 325
0 500
0 681
0 895
0 500
0 1269
0 1344
0 1207
2 4096
0 711
0 496
0 455
0 1089
0 513
0 1334
1 4096
0 225
0 765
0 834
0 333
0 1917
0 1032
0 345
0 1776
3 4096
0 427
1 4096
1 4096
0 659
0 1165
0 377
2 4096
0 3767
0 608
1 4096
1 4096
0 1379
0 508
0 971
0 634
1 4096
0 1305
2 4096
0 636
0 1157
0 1728
0 618
0 319
0 679
0 504
0 445
0 628
0 891
0 520
0 645
1 4096
0 646
0 1497
0 668
0 1002
0 844
0 721
0 2216
0 402
0 1354
0 1531
0 1421
0 625
0 1415
0 979
0 504
0 307
4 4096
0 2023
0 423
0 617
0 449
0 556
0 590
0 1148
0 287
0 842
0 556
0 2112
0 1093
0 157
0 1214
0 748
0 630
0 1358
0 1207
0 551
0 1853
1 4096
0 918
0 1667
0 281
0 669
0 3663
0 1227
0 1574
0 2062
1 4096
0 646
0 3755
0 295
0 1922
0 1152
0 1170
0 1154
0 574
0 1247
0 296
0 621
0 509
0 711
0 711
0 728
0 599
0 2273
0 2365
0 373
0 993
0 863
1 4096
0 313
1 4096
3 4096
0 611
0 1156
0 1089
0 2314
0 1108
0 621
0 594
0 372
0 3576
0 678
0 301
0 290
2 4096
0 949
0 420
0 896
0 1747
0 1250
3 4096
0 957
0 159
0 1336
0 961
0 919
0 1351
2 4096
0 1037
1 4096
0 2392
1 4096
0 1860
0 536
0 522
0 1061
0 1807
0 1226
0 766
0 1060
0 574
0 655
0 1013
0 2084
0 356
0 1119
0 680
0 584
0 684
0 1239
0 1075
2 4096
0 3028
2 4096
0 1252
1 4096
0 364
1 4096
0 688
0 951
0 971
0 1245
0 395
0 798
2 4096
1 4096
0 1095
0 640
2 4096
1 4096
0 1397
1 4096
0 1274
0 1070
0 1621
0 905
0 537
0 752
1 4096
0 847
0 1227
1 4096
1 4096
0 1537
0 293
0 1662
0 809
0 1352
0 424
0 1803
1 4096
0 1278
0 856
0 620
0 2230
0 392
1 4096
0 594
0 918
3 4096
0 931
0 721
0 482
0 391
2 4096
0 620
0 601
0 2183
0 1111
0 876
0 1033
0 370
0 200
3 4096
0 411
0 1086
0 1317
0 1052
0 1692
0 672
0 673
0 376
0 627
0 741
0 328
0 1706
0 303
0 2700
2 4096
0 532
0 1351
0 790
0 1060
1 4096
0 515
0 1009
1 4096
0 1186
0 2154
0 543
0 2152
0 806
0 1607
0 949
0 467
0 469
0 236
0 805
0 937
0 836
0 454
1 4096
0 902
0 1060
0 1077
1 4096
0 414
0 1093
0 952
0 651
0 759
2 4096
0 1261
0 575
0 474
0 1935
0 886
0 1556
1 4096
0 354
0 314
0 481
0 672
1 4096
0 876
0 1191
0 911
0 489
0 884
0 331
0 1176
0 1423
0 308
0 1061
0 738
1 4096
0 566
0 661
0 899
1 4096
0 852
0 519
0 3394
0 1145
0 3148
0 452
1 4096
0 909
1 4096
0 1014
0 843
0 331
0 643
0 1644
1 4096
0 683
0 1174
0 2482
0 999
1 4096
0 819
0 381
0 496
2 4096
1 4096
0 927
1 4096
1 4096
1 4096
0 574
0 722
0 708
0 961
0 372
2 4096
0 2693
0 646
0 372
1 4096
0 535
0 426
1 4096
0 1637
1 4096
0 956
0 432
1 4096
0 492
0 841
1 4096
0 643
0 1599
1 4096
0 1210
0 254
0 1205
0 382
0 828
1 4096
0 285
0 976
0 712
1 4096
1 4096
0 494
1 4096
0 655
0 843
0 1147
0 795
0 729
1 4096
1 4096
0 117
0 1241
0 904
0 592
3 4096
0 1189
0 885
1 4096
1 4096
1 4096
0 533
0 407
0 1450
0 474
0 622
1 4096
0 3725
0 449
0 1306
0 1409
0 493
0 693
0 412
0 611
1 4096
0 395
0 345
0 455
0 353
0 1104
0 713
0 901
0 271
0 469
1 4096
2 4096
0 1678
1 4096
0 2293
1 4096
2 4096
0 278
0 1376
0 374
0 989
0 422
0 753
0 662
0 608
0 998
1 4096
0 371
0 752
0 931
0 739
0 817
1 4096
1 4096
0 167
0 2086
0 3321
0 316
0 1359
0 635
0 2019
0 285
0 1027
0 229
0 349
0 260
0 695
0 470
0 1046
0 1348
0 407
0 660
0 857
0 876
0 1864
0 1181
0 645
0 565
1 4096
2 4096
0 484
0 3426
0 260
1 4096
0 1462
1 4096
0 499
0 1451
0 578
0 1081
0 711
0 716
0 794
0 744
0 725
0 519
0 576
0 378
1 4096
0 1030
0 990
0 644
0 375
0 763
0 642
0 1224
0 346
0 1129
0 1993
0 850
0 1242
0 1349
0 627
0 740
0 858
0 522
1 4096
0 2194
0 598
0 3784
0 634
0 701
1 4096
0 801
0 864
0 710
0 691
0 770
0 1547
0 661
0 1926
0 1671
0 755
0 1896
0 1132
0 829
0 1265
2 4096
0 763
1 4096
0 332
0 2389
0 587
0 456
2 4096
2 4096
4 4096
0 2225
2 4096
0 1144
1 4096
0 326
0 1453
1 4096
0 2207
0 557
0 1035
0 394
0 591
0 207
0 730
0 863
0 771
0 1312
1 4096
0 1002
0 778
1 4096
2 4096
0 489
0 619
0 2127
0 2037
1 4096
0 973
0 3315
2 4096
2 4096
0 740
0 741
0 2007
0 1040
0 934
0 421
0 370
0 1039
0 380
0 1263
0 842
0 656
0 1503
0 1633
0 988
0 322
0 1283
1 4096
0 1020
0 482
1 4096
3 4096
0 981
0 510
2 4096
0 1225
1 4096
0 483
0 408
0 374
0 698
0 1072
0 377
2 4096
0 757
0 534
1 4096
0 1507
2 4096
0 678
0 2766
0 318
0 922
1 4096
1 4096
1 4096
0 494
2 4096
0 906
0 689
1 4096
0 1788
0 514
0 488
0 472
1 4096
0 376
0 555
0 562
0 1024
0 400
1 4096
0 608
0 180
0 524
1 4096
0 486
0 808
0 1074
1 4096
0 695
0 1167
0 526
0 1150
1 4096
0 975
0 844
0 2444
1 4096
0 420
0 1012
0 799
0 815
0 673
0 460
0 456
0 1205
0 433
0 756
0 1003
0 474
0 663
0 711
0 2838
0 2917
0 1583
0 589
0 753
0 913
0 652
1 4096
0 278
0 858
0 1178
0 888
0 818
0 662
0 532
1 4096
0 874
0 618
0 712
0 334
0 2969
0 2582
0 63
0 338
0 1132
0 559
1 4096
0 1308
2 4096
0 802
2 4096
0 1578
0 1214
0 1774
1 4096
0 438
0 1929
0 1366
0 1435
0 1750
0 675
0 595
1 4096
0 963
0 826
0 930
0 224
0 268
0 487
0 580
0 780
0 1042
0 781
1 4096
0 469
0 590
0 1374
0 264
0 2624
0 628
0 2828
0 667
0 1086
0 2997
3 4096
0 773
0 2984
0 542
0 2747
0 946
0 1285
1 4096
0 1030
1 4096
0 415
0 1818
1 4096
0 1500
0 581
1 4096
0 2333
0 1070
0 657
1 4096
1 4096
0 721
0 1794
0 3026
0 226
1 4096
0 457
0 766
0 599
0 399
1 4096
0 954
0 684
0 1301
0 1159
1 4096
0 2206
0 697
0 400
0 834
0 1395
0 596
0 563
0 1702
0 1412
0 582
0 565
0 1166
0 1693
0 2792
0 1135
0 512
1 4096
0 1402
0 1106
0 1458
0 968
0 1177
0 432
0 566
0 1978
0 3332
0 491
0 537
0 792
1 4096
0 522
2 4096
1 4096
0 456
0 889
0 1052
0 535
0 1443
0 462
0 738
0 530
0 865
0 898
0 622
0 877
0 3326
1 4096
0 2506
0 247
0 1032
0 351
0 1085
0 910
0 553
0 674
1 4096
0 980
1 4096
0 932
0 1808
0 788
0 1084
0 883
0 445
1 4096
0 640
0 533
1 4096
0 613
0 494
1 4096
0 571
0 625
0 1834
0 1181
0 2183
1 4096
0 654
0 1975
1 4096
0 2578
0 975
0 407
0 493
0 693
0 471
2 4096
0 1716
0 1812
0 1435
0 603
0 908
0 1297
0 2200
0 479
0 1271
0 531
0 2309
0 962
0 678
3 4096
0 1292
0 2698
0 943
0 803
0 1021
0 1054
0 1156
1 4096
0 1247
0 1296
0 805
0 710
0 471
0 688
0 287
0 1409
1 4096
0 1991
0 1696
0 861
1 4096
0 1188
0 266
0 668
0 955
0 2264
0 371
0 766
0 952
2 4096
0 963
0 193
1 4096
0 949
0 1410
0 726
0 360
1 4096
0 571
0 417
0 629
0 3048
0 247
0 536
0 921
0 1312
0 490
0 792
0 850
0 623
0 585
0 1134
0 1001
0 942
0 149
0 1411
0 906
0 523
1 4096
0 1229
0 809
0 982
0 1939
1 4096
0 1734
0 573
0 671
0 1229
0 1006
2 4096
0 1773
0 881
0 1918
2 4096
0 637
0 956
0 502
1 4096
0 263
0 384
0 507
0 539
0 869
2 4096
0 1180
0 695
4 4096
1 4096
0 405
1 4096
0 195
0 246
0 2424
0 709
0 333
1 4096
0 265
0 1641
0 870
0 946
0 1267
0 610
0 513
0 1240
0 921
0 2349
0 430
0 790
0 853
0 427
0 417
0 1170
1 4096
2 4096
0 487
0 733
0 495
0 3160
4 4096
0 665
0 511
0 3552
0 1586
1 4096
0 445
0 661
0 417
0 879
1 4096
0 1218
0 599
0 297
0 645
1 4096
0 567
1 4096
0 570
0 1456
0 372
0 526
1 4096
0 1103
0 339
0 1949
0 890
0 1939
0 366
0 435
0 1103
1 4096
0 1045
0 411
0 693
0 1332
0 529
0 1330
0 1470
1 4096
0 1143
0 584
0 380
0 1267
0 627
0 1599
0 464
1 4096
0 869
0 854
0 506
0 1151
0 544
0 546
1 4096
1 4096
1 4096
1 4096
0 422
0 711
0 405
0 841
0 566
0 821
1 4096
0 1077
0 357
0 655
0 874
0 693
1 4096
0 1175
0 189
0 698
0 740
0 578
0 567
0 1014
0 699
0 922
0 707
0 403
0 1638
0 2283
2 4096
0 1392
1 4096
0 1453
0 494
0 867
1 4096
0 630
0 1752
0 620
0 729
1 4096
0 641
0 215
0 1156
0 570
0 737
0 3225
0 879
0 536
0 1819
0 1777
0 1572
0 362
0 632
0 578
0 311
0 400
0 302
1 4096
0 2019
0 547
0 2064
0 2827
0 1788
0 331
1 4096
0 1010
0 865
0 275
0 1720
0 603
0 603
0 796
0 1096
0 1546
1 4096
0 290
0 871
0 760
0 584
0 872
0 824
0 836
0 401
0 476
0 3907
0 293
0 608
0 1102
1 4096
0 633
0 721
1 4096
0 563
0 1260
0 689
0 892
1 4096
0 1176
0 816
0 2408
0 1374
0 336
0 362
0 466
0 799
0 515
0 637
0 1904
0 1361
0 591
1 4096
0 1241
0 1091
0 992
0 1068
0 2937
0 1210
0 991
0 636
0 831
1 4096
0 722
0 826
0 516
3 4096
2 4096
0 317
0 316
0 582
0 623
0 766
0 656
0 377
0 368
0 496
1 4096
0 880
2 4096
0 750
3 4096
0 855
1 4096
0 535
0 542
0 1022
0 1072
1 4096
1 4096
1 4096
0 632
0 297
0 1343
1 4096
0 347
0 1017
1 4096
0 953
0 634
0 161
0 268
1 4096
0 693
0 705
0 929
0 938
0 802
0 1149
1 4096
2 4096
0 680
2 4096
1 4096
2 4096
0 462
0 790
0 965
1 4096
0 1872
1 4096
0 488
0 1564
0 554
4 4096
2 4096
0 498
0 660
0 1025
2 4096
0 2309
0 550
1 4096
0 1198
0 473
0 1364
0 3350
0 544
0 492
0 1561
0 490
0 1205
0 1721
0 1965
0 1346
0 503
0 1193
1 4096
0 673
0 1531
0 1405
0 929
0 433
1 4096
0 791
0 766
0 106
0 1037
0 2452
0 868
0 538
0 1033
0 663
0 1061
1 4096
0 625
0 782
0 2186
0 581
0 917
0 398
0 1760
0 583
0 889
0 2225
0 1120
3 4096
0 1127
0 2168
0 845
1 4096
1 4096
0 429
0 922
0 564
0 238
0 346
0 612
0 1448
1 4096
0 880
0 327
0 1515
0 2866
0 720
0 322
0 1959
0 992
0 726
2 4096
0 1370
0 821
0 847
0 1151
0 1005
0 977
0 748
0 1031
0 437
0 914
0 393
0 457
0 980
0 1625
2 4096
0 1569
0 362
0 1313
0 3224
0 906
0 1119
0 1003
1 4096
0 672
0 406
0 703
0 547
0 715
0 2646
0 1855
0 3977
0 598
0 1313
0 343
0 1555
1 4096
2 4096
0 504
0 866
0 219
0 284
2 4096
0 901
0 645
1 4096
0 1005
1 4096
0 1202
0 3999
0 786
0 695
0 312
0 1258
0 910
1 4096
1 4096
0 2012
0 2856
0 784
0 1330
1 4096
0 693
0 433
0 613
0 889
1 4096
0 1833
1 4096
0 450
0 2033
0 321
0 1286
0 1235
0 496
0 1741
0 1663
0 1203
0 375
0 816
0 684
0 818
0 1963
0 1789
0 2086
0 676
2 4096
0 734
0 576
0 772
0 610
0 583
0 470
0 609
0 989
0 533
0 670
0 667
3 4096
1 4096
0 918
2 4096
0 389
0 837
0 1032
0 354
0 834
0 289
0 568
0 351
0 640
0 399
0 751
0 821
1 4096
0 517
0 1151
0 1128
0 1399
0 613
0 927
0 591
0 422
0 1081
0 1207
0 249
0 2399
1 4096
0 1593
1 4096
0 827
0 1096
0 296
0 504
1 4096
1 4096
0 859
1 4096
0 548
1 4096
0 798
0 379
0 1004
0 502
1 4096
0 1317
0 561
1 4096
0 2014
0 926
0 92
0 514
3 4096
0 247
2 4096
0 1213
0 276
0 1586
0 693
2 4096
0 530
0 975
0 579
0 822
0 1018
0 1362
0 353
0 764
0 409
0 840
0 961
1 4096
0 1573
0 721
0 1424
0 1420
0 843
0 1001
0 853
0 2099
0 1654
0 1008
0 377
0 687
0 327
0 1068
0 1064
0 530
0 2005
0 724
0 821
0 363
0 874
0 606
0 567
0 612
0 598
0 2403
0 944
0 1480
0 1161
1 4096
0 467
0 438
0 604
0 948
0 289
0 446
0 672
0 592
0 803
2 4096
0 161
0 1158
0 1738
0 346
1 4096
0 1752
0 463
0 431
0 560
0 521
0 240
0 814
0 1064
1 4096
0 319
0 687
0 204
0 1247
0 432
0 595
0 499
0 1611
0 1069
0 584
0 696
0 1188
0 386
0 933
2 4096
1 4096
0 713
1 4096
1 4096
0 1035
0 574
0 452
0 649
0 608
0 2644
0 1046
0 1068
0 1068
0 748
2 4096
0 890
1 4096
0 661
0 836
0 805
0 847
0 204
0 639
0 1153
0 1101
0 177
0 1532
1 4096
0 670
0 129
0 626
1 4096
0 1140
0 756
0 681
0 1135
0 552
0 1010
0 502
0 422
0 632
1 4096
0 668
0 504
0 1590
1 4096
1 4096
0 333
0 776
0 932
1 4096
0 508
0 1158
0 826
0 927
0 436
1 4096
0 857
0 972
0 797
0 252
0 472
0 660
1 4096
0 1052
0 565
1 4096
0 523
0 1083
0 284
0 1125
0 334
0 379
0 1596
1 4096
0 364
1 4096
0 803
0 713
0 1754
1 4096
0 1958
0 535
1 4096
0 1074
0 727
0 607
0 690
0 1725
1 4096
0 531
0 1339
0 1964
0 937
0 372
0 810
0 1090
2 4096
1 4096
1 4096
0 2267
1 4096
0 2882
0 1306
1 4096
0 338
0 1177
0 1177
0 783
0 570
0 829
0 399
0 2040
0 1315
0 667
0 1484
0 3791
0 645
0 676
0 627
0 799
0 1208
0 647
0 634
0 1218
0 3652
0 2097
0 394
0 363
0 547
0 917
1 4096
0 2030
0 661
1 4096
0 1009
0 2184
0 1201
0 1382
0 1128
0 631
0 590
0 461
0 874
1 4096
0 1047
0 576
0 232
0 1479
0 638
0 797
0 2775
0 1336
0 871
0 406
1 4096
0 323
0 726
0 1013
0 461
0 1137
3 4096
1 4096
0 483
0 386
0 593
0 380
0 672
0 1274
0 3139
0 2142
1 4096
0 1066
0 534
0 1839
0 588
0 625
0 311
0 644
0 1418
1 4096
3 4096
1 4096
0 1243
0 2702
0 2672
0 546
0 1112
0 419
0 1408
0 890
0 325
2 4096
0 536
0 1130
0 1244
0 1005
0 406
1 4096
0 822
0 851
0 506
0 3230
0 873
0 1668
0 657
1 4096
0 2451
0 880
0 764
2 4096
0 2267
0 1213
3 4096
0 639
1 4096
0 581
0 1852
0 619
0 1671
0 718
0 1181
0 522
0 478
0 790
0 440
1 4096
0 2545
0 578
0 1601
0 901
0 788
0 387
0 729
0 4095
0 1582
0 694
1 4096
0 2278
1 4096
0 540
0 481
0 454
0 916
0 596
0 1404
1 4096
2 4096
0 732
0 1040
1 4096
0 518
0 356
0 659
1 4096
0 595
0 362
2 4096
0 677
1 4096
1 4096
0 1159
0 762
0 2614
0 672
0 1056
0 1049
0 848
0 990
0 1219
0 244
0 1198
0 2564
0 420
1 4096
0 170
2 4096
0 975
1 4096
0 1943
0 2980
0 691
2 4096
1 4096
0 830
0 883
3 4096
0 1285
0 844
0 1200
0 799
0 827
1 4096
0 762
1 4096
0 1254
0 1179
1 4096
0 585
0 734
0 515
0 795
1 4096
5 4096
2 4096
0 1079
0 558
0 1309
0 1587
0 773
0 616
0 1416
0 1284
0 646
1 4096
0 995
3 4096
0 574
0 139
0 978
0 981
0 1095
0 368
1 4096
0 1251
1 4096
0 459
0 678
0 753
0 2486
0 712
0 444
1 4096
0 373
0 661
0 214
0 543
2 4096
0 1308
0 247
0 1216
0 439
0 917
1 4096
0 802
0 823
0 701
0 552
0 1129
0 432
0 535
0 2272
0 1409
0 1045
0 2394
0 2906
0 265
0 565
1 4096
0 395
0 244
0 540
0 443
1 4096
2 4096
0 1647
1 4096
0 673
0 1144
0 1069
0 1455
0 857
0 737
0 672
1 4096
1 4096
0 1666
1 4096
0 915
1 4096
0 333
0 466
0 732
1 4096
1 4096
0 1027
2 4096
0 1796
0 999
0 783
0 2790
0 607
0 131
0 1691
0 1238
0 775
1 4096
0 3455
0 2124
0 546
0 743
0 376
1 4096
0 1018
0 407
0 898
1 4096
0 452
1 4096
0 3648
0 352
0 1409
2 4096
0 884
1 4096
0 790
0 1686
1 4096
0 593
0 290
0 805
0 195
1 4096
0 1999
0 435
0 1327
0 1355
0 617
0 1617
0 733
2 4096
3 4096
0 1515
0 721
0 1812
1 4096
0 398
0 1315
0 1088
0 644
0 296
0 291
0 779
0 637
0 508
0 3498
0 825
0 1737
1 4096
0 317
0 475
1 4096
2 4096
0 706
0 333
0 1638
0 775
1 4096
0 859
0 1738
2 4096
0 933
0 757
0 761
0 842
0 757
0 448
1 4096
0 1159
2 4096
0 1949
1 4096
0 757
0 564
0 412
1 4096
0 414
0 1442
0 733
0 538
0 580
0 281
0 728
1 4096
0 592
1 4096
1 4096
1 4096
0 1016
0 477
0 3095
0 1347
0 409
0 916
0 634
0 2642
2 4096
0 223
0 657
2 4096
0 2201
1 4096
1 4096
0 984
0 479
0 451
0 370
0 742
0 753
0 3695
0 2951
1 4096
0 3371
0 1050
1 4096
0 1214
0 1913
0 941
2 4096
0 2687
0 467
0 2171
0 1440
0 2647
0 770
0 737
0 394
0 2252
0 288
0 1873
0 1160
0 1590
0 921
0 1130
0 727
0 208
0 1458
0 582
0 1582
0 356
0 1542
1 4096
0 872
0 541
0 1107
1 4096
1 4096
0 452
2 4096
2 4096
3 4096
0 1388
0 712
0 411
0 1120
1 4096
0 3059
1 4096
0 245
0 543
0 660
0 932
0 353
0 703
0 997
0 966
0 416
0 1253
0 398
0 536
0 1020
0 1110
1 4096
0 554
0 413
2 4096
0 279
1 4096
0 1338
0 534
0 1029
1 4096
0 544
0 465
0 1322
0 686
0 2116
0 966
0 801
0 1254
0 617
0 1946
0 557
0 1154
0 3804
0 802
0 1251
1 4096
0 1202
0 1516
0 1201
0 517
0 495
0 1521
0 601
0 1796
0 703
0 1304
0 2268
0 737
0 678
0 462
0 216
0 1351
0 2926
3 4096
0 631
0 2419
0 1748
0 2570
0 480
0 346
0 875
0 1440
1 4096
0 391
0 871
0 767
2 4096
0 693
0 1391
0 1361
0 1194
0 500
0 537
0 639
0 1088
0 933
1 4096
0 911
1 4096
0 3516
1 4096
0 336
0 972
0 1371
0 1261
0 259
0 239
0 1348
0 437
0 1122
0 1144
0 557
0 802
0 892
0 458
0 906
0 442
0 653
0 2558
0 1096
0 888
0 335
0 293
0 2855
1 4096
0 1407
0 1556
0 1388
0 326
0 894
0 170
0 1002
0 1126
0 125
0 1080
0 409
0 1873
0 471
0 1022
0 965
0 892
0 614
0 398
0 665
0 210
0 1030
0 977
0 1437
0 485
0 1055
0 496
0 1256
0 1176
0 289
1 4096
0 501
0 1968
0 857
0 410
0 503
0 408
0 298
0 989
0 434
0 533
0 805
2 4096
0 1140
0 805
0 1381
0 349
0 750
1 4096
0 2900
2 4096
0 2197
0 950
0 799
1 4096
0 753
1 4096
0 458
1 4096
0 211
0 1728
0 2375
0 1171
0 657
1 4096
0 817
1 4096
0 3061
0 298
0 754
0 1693
0 3776
1 4096
0 773
0 964
0 778
0 455
0 822
1 4096
0 1659
0 1153
0 364
0 958
0 685
2 4096
0 1164
0 355
1 4096
0 1302
0 541
0 931
0 1584
0 760
0 915
1 4096
2 4096
0 730
0 880
0 741
0 2396
1 4096
0 228
0 495
1 4096
0 777
0 563
0 372
0 471
1 4096
0 303
0 1286
0 606
1 4096
0 260
0 482
0 1068
0 241
0 496
0 322
0 144
0 581
0 848
0 1158
2 4096
0 397
0 410
0 1568
0 356
0 243
0 754
0 839
0 833
0 531
0 597
1 4096
0 1104
0 517
2 4096
0 2182
0 1180
0 533
0 2129
1 4096
0 855
0 593
1 4096
0 272
3 4096
0 617
0 831
0 522
0 1253
0 344
1 4096
0 453
1 4096
0 618
0 2334
0 326
0 526
0 1150
0 486
0 720
0 407
1 4096
1 4096
0 804
0 438
0 620
0 680
0 972
0 628
0 792
0 561
0 1550
0 853
0 862
0 755
0 576
0 754
0 867
0 1609
0 468
2 4096
0 1699
0 1138
2 4096
1 4096
0 876
0 736
0 1371
0 1544
0 462
0 740
0 1120
0 1567
0 534
0 988
0 1971
1 4096
0 592
0 478
0 813
0 458
0 965
0 1205
2 4096
0 640
0 595
0 547
0 1978
0 937
0 1434
0 691
0 1604
0 1964
0 313
0 816
0 3311
0 391
0 381
0 1031
0 512
0 1394
0 474
0 2160
0 422
0 793
0 642
0 609
0 982
0 1289
0 767
0 211
5 4096
0 979
1 4096
0 2532
0 1768
0 744
1 4096
2 4096
0 390
0 273
1 4096
2 4096
0 716
1 4096
0 505
0 540
0 1430
1 4096
0 1472
0 260
0 344
0 604
0 3351
0 732
0 449
0 688
0 361
0 638
0 469
3 4096
0 624
0 873
0 609
0 691
0 1211
0 747
0 415
0 244
0 1028
0 418
0 572
0 2460
1 4096
0 610
0 885
0 1051
0 133
0 259
3 4096
0 422
0 497
2 4096
0 630
0 860
4 4096
0 193
0 545
1 4096
0 563
0 348
0 835
0 501
0 1183
0 2114
0 919
0 674
0 1048
0 787
0 731
0 721
1 4096
0 735
0 779
0 807
0 210
0 1400
0 478
0 507
0 872
0 422
1 4096
0 396
0 1407
0 2154
0 1287
0 940
0 944
0 492
0 545
0 614
0 1240
0 1072
0 1805
1 4096
0 1026
0 3390
0 389
0 442
0 1374
0 1011
0 860
0 1015
0 1226
0 377
0 570
0 1691
1 4096
1 4096
0 656
0 1698
0 381
0 1060
0 1929
0 2026
0 810
0 1322
0 931
0 951
2 4096
0 1488
0 219
0 2215
2 4096
0 1061
0 380
0 1729
0 245
0 413
0 742
0 1179
0 848
0 1056
0 325
0 423
0 781
0 697
0 1037
0 618
0 1361
0 288
1 4096
0 459
0 365
0 1200
0 547
0 603
1 4096
0 284
1 4096
1 4096
0 1098
0 1559
0 1437
0 355
0 510
2 4096
0 1044
0 526
1 4096
0 333
0 415
0 1066
0 325
0 640
0 933
1 4096
0 587
0 739
2 4096
0 270
0 1271
0 795
0 915
1 4096
0 504
0 584
1 4096
0 368
0 1823
0 1077
4 4096
0 3344
1 4096
0 488
1 4096
0 358
0 1450
0 1234
0 490
0 1105
0 363
0 1191
0 934
0 419
0 599
0 1032
0 1081
1 4096
0 1290
0 758
0 868
0 1248
0 701
0 498
1 4096
3 4096
0 1389
0 427
0 3790
2 4096
0 462
2 4096
0 821
0 868
0 187
2 4096
0 694
0 922
0 800
0 433
0 1345
0 2376
0 591
0 572
0 925
0 813
0 430
0 357
0 522
0 626
0 477
0 297
0 589
1 4096
0 2101
0 1565
0 1239
1 4096
0 575
0 439
0 364
0 889
0 3068
0 784
0 1220
1 4096
0 2429
0 593
0 792
0 1477
0 869
0 744
1 4096
2 4096
0 733
0 869
0 761
1 4096
0 1200
0 768
0 698
0 553
0 845
0 842
2 4096
1 4096
2 4096
0 636
0 509
0 813
0 1049
0 1125
0 286
0 648
0 372
0 478
1 4096
1 4096
0 1765
0 432
0 739
1 4096
0 463
0 284
1 4096
0 374
1 4096
1 4096
0 504
0 1048
0 1551
0 494
0 1630
0 597
0 489
0 921
0 663
0 601
0 612
0 1492
1 4096
0 888
0 1344
0 584
0 461
0 883
0 1290
0 136
0 1843
3 4096
0 992
0 376
1 4096
0 272
0 692
0 318
0 380
0 1704
0 2840
1 4096
0 761
0 1507
0 365
0 930
0 1079
0 209
0 709
0 690
0 2051
0 573
0 732
0 1248
0 477
1 4096
0 345
0 709
0 1548
0 596
1 4096
0 1316
0 362
0 786
0 738
0 515
0 509
1 4096
0 365
1 4096
0 303
0 792
0 600
0 1369
0 458
0 485
0 339
0 753
0 451
1 4096
1 4096
0 414
0 1277
0 676
0 571
0 747
0 547
1 4096
0 1079
0 532
2 4096
0 1315
0 775
1 4096
0 1470
0 526
0 893
0 460
0 1206
1 4096
1 4096
0 488
0 2692
1 4096
0 822
0 1504
0 2498
0 336
0 4054
0 353
0 1166
0 711
0 1291
0 769
4 4096
0 1582
0 724
2 4096
0 497
0 904
0 1049
0 1029
0 707
0 859
0 428
1 4096
1 4096
0 887
0 277
0 535
0 928
0 405
2 4096
0 950
0 198
0 1189
0 470
0 490
0 394
0 689
0 221
0 442
0 643
0 669
1 4096
1 4096
0 589
2 4096
0 696
0 899
0 199
0 610
0 1257
0 508
1 4096
0 1147
0 945
0 1206
0 315
0 609
0 232
0 1850
0 1200
1 4096
0 1073
0 849
0 746
0 512
0 1106
1 4096
0 335
0 570
0 398
1 4096
2 4096
0 817
0 1060
0 766
0 621
0 645
0 372
0 779
0 1267
0 281
0 1175
0 1095
0 861
0 589
0 616
0 1614
0 487
0 867
1 4096
0 606
0 1525
0 538
0 901
1 4096
0 665
0 2609
1 4096
0 911
2 4096
1 4096
0 895
0 1900
0 935
0 1439
0 675
0 1199
0 1613
0 917
0 545
0 241
0 618
0 279
0 704
0 2113
0 1331
0 472
0 1340
0 1082
1 4096
0 340
0 731
0 1506
0 1541
0 1244
0 509
0 974
0 534
1 4096
0 1025
1 4096
0 635
0 1671
0 266
0 314
0 1445
0 1186
0 283
0 587
0 2639
0 720
0 681
0 502
0 1312
0 1061
0 1010
0 385
0 723
2 4096
0 4096
0 350
1 4096
1 4096
2 4096
0 1078
0 1738
0 170
0 347
1 4096
0 742
0 926
0 490
0 1375
1 4096
0 2484
0 1448
0 1090
0 876
0 578
0 561
0 2967
0 1119
0 1089
0 472
0 757
0 937
1 4096
0 893
0 1080
0 925
0 991
0 589
2 4096
0 250
0 2610
0 2798
0 328
0 571
0 1779
0 865
0 286
1 4096
0 1070
0 490
0 1576
0 766
0 1674
0 1489
0 885
0 176
0 754
0 283
0 776
0 1348
0 423
0 965
0 504
0 1228
0 143
0 354
0 1051
0 650
1 4096
0 344
1 4096
0 635
1 4096
0 904
1 4096
0 287
0 1828
0 1628
0 1123
0 1076
0 1051
0 1151
0 567
0 325
1 4096
1 4096
1 4096
1 4096
0 929
0 787
0 506
1 4096
0 2270
0 1055
0 471
0 344
0 1618
0 682
0 976
0 747
1 4096
1 4096
0 491
0 2569
0 834
0 793
0 862
1 4096
0 547
0 821
0 503
0 372
0 659
0 1103
0 444
0 455
0 627
0 640
0 1133
0 963
0 1126
0 1564
0 1178
0 1080
2 4096
1 4096
0 616
1 4096
0 1292
1 4096
0 1115
0 750
0 982
0 557
0 1369
1 4096
0 626
0 633
0 1095
0 878
0 2213
0 572
0 850
0 773
0 465
0 274
0 874
0 2319
1 4096
0 790
0 1350
0 680
0 1105
0 1711
0 1127
0 615
0 1037
0 2801
0 485
0 864
1 4096
0 738
0 1188
0 2937
0 540
1 4096
0 1320
1 4096
1 4096
0 948
0 345
0 2399
0 670
0 1037
0 3430
0 2286
0 377
0 1104
0 402
0 475
0 1733
1 4096
0 1109
0 1651
0 606
0 249
0 1352
0 407
0 1206
0 1104
1 4096
0 737
0 1293
1 4096
0 330
0 712
0 1540
0 872
0 3237
0 693
1 4096
0 2544
1 4096
2 4096
0 352
0 636
0 1762
0 788
0 629
0 1245
0 651
0 568
0 646
1 4096
0 1385
0 661
0 585
0 450
0 573
0 247
0 434
1 4096
0 965
2 4096
0 560
2 4096
0 774
0 855
0 996
0 2139
0 1020
1 4096
0 384
2 4096
0 1482
0 679
0 758
0 997
0 705
0 477
0 2037
0 1950
0 856
0 1718
0 780
0 1125
0 1188
0 270
0 582
0 525
0 2334
0 2372
0 596
0 1060
0 451
0 224
4 4096
0 515
0 882
0 1051
0 828
0 349
3 4096
1 4096
0 1183
0 416
0 1214
0 876
0 534
0 1533
0 327
0 715
0 747
0 872
0 1121
0 1192
1 4096
0 3122
0 1253
0 1167
0 1084
0 594
0 941
0 503
0 2386
0 1361
0 959
1 4096
0 1106
0 591
0 1476
0 1517
0 566
0 395
0 1487
0 1075
1 4096
0 1581
1 4096
0 390
0 1137
0 977
1 4096
1 4096
0 776
1 4096
1 4096
0 428
0 692
0 689
0 764
0 315
0 1326
0 751
1 4096
0 949
0 799
0 975
0 1782
0 1305
0 1289
0 805
0 4065
0 793
0 171
2 4096
0 641
0 502
0 2213
0 741
1 4096
0 232
0 2015
1 4096
0 542
0 2889
1 4096
0 957
0 212
0 1066
0 845
0 1443
0 760
0 897
0 2492
0 1969
1 4096
0 1412
1 4096
0 394
0 324
0 1173
1 4096
0 990
0 749
0 1007
0 559
0 515
0 2696
0 495
0 124
1 4096
1 4096
0 844
0 350
0 538
2 4096
1 4096
0 559
0 1097
0 405
0 663
0 1225
0 1571
0 518
1 4096
0 983
1 4096
0 1009
2 4096
0 1055
0 842
0 523
0 571
0 210
1 4096
0 1082
0 488
0 443
0 1486
0 447
0 930
0 1138
0 930
3 4096
0 481
0 318
0 1312
0 1335
0 2007
1 4096
0 254
0 1739
0 660
0 341
1 4096
0 1179
0 534
0 920
0 785
0 1973
0 433
0 1639
0 3032
0 2185
0 1216
0 395
3 4096
0 291
0 796
0 848
0 550
0 839
0 467
0 3490
0 778
1 4096
1 4096
0 556
0 1465
1 4096
0 871
1 4096
1 4096
0 1980
0 608
1 4096
0 704
0 284
2 4096
0 1610
0 1082
0 560
0 434
0 1010
0 605
0 574
0 890
0 370
0 396
0 3286
0 402
0 1481
0 468
0 629
0 1812
0 1600
0 1055
0 1656
0 849
2 4096
0 425
0 1173
0 957
0 1214
0 763
0 558
0 1098
0 880
0 1343
0 579
0 1170
0 591
0 1466
0 3556
0 739
0 661
0 766
0 558
2 4096
0 573
0 517
0 828
1 4096
1 4096
1 4096
0 1004
0 605
0 949
0 501
0 333
4 4096
0 730
0 381
0 1136
0 805
2 4096
0 665
0 516
0 943
0 1110
0 720
0 2591
0 1330
0 488
1 4096
0 631
0 555
2 4096
1 4096
2 4096
1 4096
0 1048
0 690
0 1868
1 4096
0 1071
0 2138
0 469
1 4096
0 1041
3 4096
0 712
0 415
0 1126
0 667
0 564
0 688
0 694
0 749
0 1881
3 4096
0 712
0 348
0 525
1 4096
0 713
0 537
0 288
0 555
0 886
1 4096
0 1220
0 1585
0 510
0 459
0 665
2 4096
0 1240
0 2171
0 477
2 4096
0 566
0 652
1 4096
0 240
0 487
1 4096
0 553
0 636
0 995
1 4096
0 692
2 4096
0 2025
0 519
1 4096
0 2020
0 1332
0 841
0 3239
0 659
0 470
1 4096
0 645
0 1028
0 792
0 474
0 819
0 678
0 336
0 661
0 697
0 546
0 823
0 727
1 4096
0 168
0 1346
0 3468
0 382
0 621
0 1383
0 684
1 4096
0 3952
1 4096
0 729
0 1517
2 4096
0 502
0 929
0 2543
0 842
0 583
0 578
0 706
0 382
0 468
1 4096
0 905
0 1166
0 702
0 1118
0 130
0 1521
0 628
0 994
0 279
3 4096
0 387
0 940
0 582
0 1196
1 4096
0 673
0 1371
0 511
0 2195
0 1148
0 500
0 1215
0 1725
0 2898
0 259
0 1504
2 4096
0 577
1 4096
0 407
0 214
0 1253
0 718
0 395
0 1073
0 260
2 4096
0 270
0 385
0 645
0 2737
0 1558
0 1792
0 1622
0 816
1 4096
0 772
0 703
2 4096
0 748
0 944
4 4096
0 811
0 805
0 421
0 1088
0 1096
0 763
0 1077
0 508
0 822
2 4096
0 545
0 605
0 2320
0 2811
0 737
0 310
0 316
0 368
1 4096
0 439
0 679
1 4096
0 432
0 955
0 946
0 430
0 1090
0 414
1 4096
0 851
0 2912
0 1254
0 1293
0 823
0 452
1 4096
0 515
0 687
0 738
0 1071
0 646
1 4096
0 708
0 1657
0 454
0 2928
0 1465
0 475
0 902
0 1126
0 1929
0 2006
0 566
0 822
0 705
0 579
0 819
0 1396
1 4096
0 3277
0 1644
0 506
0 823
0 725
1 4096
1 4096
0 404
0 1830
1 4096
0 941
0 866
0 381
0 728
1 4096
0 388
0 2811
1 4096
0 795
0 1302
0 812
0 1196
0 3173
0 705
1 4096
0 1537
2 4096
0 684
0 729
0 1115
0 983
0 799
0 880
1 4096
3 4096
0 2070
0 1750
0 391
0 3272
0 1570
0 593
0 529
0 522
0 631
0 1458
0 306
3 4096
0 119
0 1331
0 893
0 962
0 645
0 731
0 1684
0 441
1 4096
0 639
0 1262
0 607
0 1535
0 508
0 418
0 586
0 1029
1 4096
0 705
0 1921
0 948
0 425
1 4096
0 238
0 1774
0 498
0 764
0 725
0 488
1 4096
0 395
0 364
0 358
0 298
0 433
0 763
1 4096
0 396
0 498
0 752
0 790
0 1537
0 3769
0 424
0 723
0 355
0 2102
0 1599
2 4096
0 609
0 635
0 1848
0 560
0 548
0 1440
0 3102
0 406
4 4096
0 991
1 4096
0 251
2 4096
0 1687
0 576
0 407
0 482
0 599
0 705
1 4096
0 626
1 4096
0 347
0 1686
0 580
0 466
0 535
0 450
0 413
0 609
0 1413
0 193
1 4096
0 1076
0 770
0 1159
0 445
0 465
0 1422
0 930
1 4096
0 766
0 854
0 3029
0 1061
0 1059
0 550
0 699
0 1361
0 525
0 3100
0 1623
0 1301
0 1305
0 969
0 948
0 269
0 358
1 4096
0 1939
0 614
2 4096
1 4096
1 4096
0 1729
0 391
0 1014
0 148
0 1617
0 1361
0 589
0 402
0 663
0 151
0 543
0 2101
0 971
0 477
0 565
2 4096
0 134
0 336
0 1836
0 537
0 1596
0 3039
0 899
0 2619
0 2194
0 689
0 633
0 469
2 4096
0 688
0 960
0 798
0 293
0 2642
0 2299
0 1668
0 533
1 4096
0 1644
2 4096
1 4096
0 462
0 441
2 4096
0 960
0 1464
1 4096
0 614
0 650
0 1136
0 1295
0 783
1 4096
0 1526
0 532
0 649
0 891
0 980
0 684
0 352
0 252
0 1511
0 235
0 576
0 322
0 847
0 640
0 388
0 207
1 4096
0 1191
0 1187
1 4096
0 445
1 4096
0 201
2 4096
0 1180
0 1069
0 508
0 483
0 1106
0 436
0 687
0 440
0 523
0 737
0 520
0 837
1 4096
1 4096
0 1589
0 337
0 736
0 1377
1 4096
0 513
0 289
0 886
0 793
0 717
0 419
0 1481
0 815
0 952
0 825
0 644
0 713
1 4096
0 1858
0 597
0 802
1 4096
0 1260
0 672
0 944
0 589
0 1203
0 111
0 829
1 4096
0 647
0 1231
0 740
0 2667
1 4096
0 856
2 4096
0 692
1 4096
0 780
1 4096
0 1268
0 902
1 4096
0 880
1 4096
0 1042
1 4096
0 259
0 631
0 1161
0 220
0 841
0 1353
0 1279
0 3909
1 4096
0 1607
0 1200
0 242
0 343
0 494
0 307
0 1205
0 1060
0 615
0 481
0 1486
0 3847
0 435
0 661
0 728
0 867
0 1640
0 526
0 933
1 4096
0 1553
1 4096
0 2790
0 353
0 1923
0 718
0 754
0 442
0 526
0 686
1 4096
1 4096
0 2359
0 490
0 1100
0 602
0 955
0 794
0 3271
0 778
1 4096
0 1183
0 474
2 4096
1 4096
0 1260
1 4096
0 738
0 1607
0 512
0 2157
0 508
0 949
0 886
0 809
0 939
0 854
0 528
0 752
0 342
0 1132
0 210
0 1350
1 4096
0 894
0 1364
0 1040
0 843
0 459
0 1109
0 569
0 778
0 780
1 4096
4 4096
0 465
1 4096
0 1472
1 4096
0 1231
0 369
0 444
1 4096
0 844
0 655
1 4096
0 1044
0 414
0 3773
0 308
1 4096
0 436
0 604
0 577
0 340
0 1051
0 702
1 4096
0 542
0 878
0 775
0 594
2 4096
0 799
0 1575
2 4096
0 482
3 4096
0 2175
0 968
0 990
0 1795
0 887
0 1169
0 1219
0 568
0 2012
1 4096
0 715
0 269
0 2316
0 714
1 4096
0 773
0 1304
0 3416
0 1822
0 273
0 882
0 467
1 4096
0 552
0 2693
0 1620
1 4096
2 4096
0 558
0 916
0 929
0 1174
1 4096
0 1026
0 1145
0 1068
0 2114
0 386
0 1095
0 284
1 4096
1 4096
0 1104
0 1435
0 219
0 872
0 1094
0 986
0 702
0 1499
0 973
0 531
1 4096
0 485
1 4096
0 898
0 588
0 400
0 311
1 4096
0 571
1 4096
0 886
3 4096
0 1193
0 1612
2 4096
0 1989
0 2902
0 965
3 4096
0 1437
1 4096
0 487
1 4096
0 2070
0 2954
2 4096
0 707
0 683
0 646
0 1156
0 445
1 4096
0 754
0 1278
1 4096
0 418
0 496
2 4096
1 4096
0 478
0 872
1 4096
0 900
1 4096
0 826
0 1813
1 4096
2 4096
0 1340
0 721
2 4096
0 985
0 451
0 496
2 4096
0 1682
7 4096
2 4096
1 4096
0 1065
1 4096
0 1591
0 875
0 1814
1 4096
0 710
0 744
0 1646
0 694
0 735
0 601
0 641
3 4096
0 932
0 917
0 804
0 345
0 288
0 1960
2 4096
0 670
0 323
3 4096
0 684
0 299
0 890
0 2896
0 1664
0 1121
1 4096
0 989
0 470
0 762
0 907
0 462
2 4096
0 1001
0 692
0 1222
1 4096
0 1843
0 1053
1 4096
1 4096
0 427
2 4096
0 941
0 1023
0 1202
1 4096
0 701
0 1478
0 2394
0 572
0 433
0 3752
1 4096
0 801
1 4096
0 542
1 4096
0 1187
0 3371
0 594
1 4096
0 1331
0 1468
0 1838
0 748
0 660
0 2334
0 3437
0 1433
0 1720
0 312
0 320
0 1498
0 750
0 574
0 713
0 699
0 548
0 585
0 510
0 790
0 1318
0 1267
0 904
0 922
0 397
0 1503
0 1210
0 554
0 708
0 507
0 1042
0 279
1 4096
0 1328
0 1361
0 351
0 413
0 664
0 1238
0 539
0 196
1 4096
0 1058
0 978
0 1351
0 670
0 1242
0 1383
1 4096
0 669
0 1099
1 4096
0 1597
0 726
1 4096
0 615
0 904
3 4096
1 4096
0 270
1 4096
0 775
0 383
0 452
0 623
0 1462
0 966
0 602
0 511
0 1300
0 1954
1 4096
0 906
0 239
1 4096
0 745
1 4096
1 4096
0 688
3 4096
2 4096
0 1852
0 457
0 1864
0 447
0 261
0 398
0 533
0 164
1 4096
0 2335
0 635
0 898
0 474
0 2058
0 917
0 1416
0 814
0 1786
0 1077
0 1309
1 4096
3 4096
0 2310
0 266
0 3179
0 1387
0 915
0 451
0 575
0 999
0 1440
0 887
0 219
2 4096
0 1111
0 678
0 196
0 777
0 645
1 4096
0 367
0 955
0 788
0 569
0 417
0 784
0 406
0 206
0 1286
1 4096
0 1077
0 764
0 931
0 1201
0 491
0 846
0 304
1 4096
0 1161
0 667
0 253
0 2631
0 770
0 499
0 1572
0 476
0 1064
0 1316
1 4096
0 925
0 783
0 450
0 637
0 3093
0 2246
0 732
0 1150
0 936
1 4096
0 782
0 2081
0 1056
0 1205
0 2407
0 1593
0 788
0 1917
0 298
0 811
0 2523
0 908
0 478
0 890
0 477
0 1353
0 1166
0 825
0 2826
0 537
0 438
0 442
0 1536
0 292
0 1482
0 1003
0 348
0 585
0 619
0 559
0 1329
0 701
1 4096
0 843
0 949
0 153
0 671
0 1078
1 4096
0 372
0 406
0 872
0 376
0 3222
0 1089
0 1023
0 657
0 1183
0 565
0 1047
0 833
0 719
0 763
0 3789
0 487
0 581
0 630
1 4096
1 4096
1 4096
0 1787
0 808
0 1247
0 645
0 188
0 611
0 256
0 617
0 1436
0 1534
0 514
0 683
2 4096
0 620
0 1255
0 752
0 1062
2 4096
0 855
0 463
0 292
0 746
0 1153
0 543
2 4096
1 4096
0 464
0 912
1 4096
0 2335
2 4096
0 1291
0 1933
1 4096
1 4096
0 639
1 4096
0 652
1 4096
0 2322
0 915
0 658
0 1553
0 521
0 336
0 1306
0 555
0 844
1 4096
1 4096
0 639
0 1080
0 1823
0 1248
0 1595
0 303
0 1016
0 412
1 4096
0 577
0 626
0 281
0 1528
3 4096
0 306
0 204
0 1394
0 933
0 768
0 820
0 354
0 590
1 4096
0 1840
0 469
1 4096
0 455
0 567
1 4096
0 2719
0 525
0 1313
0 240
0 804
0 859
0 666
0 1312
1 4096
0 779
0 631
0 232
0 2727
0 852
0 847
0 892
0 433
0 892
1 4096
1 4096
0 819
0 631
0 694
0 1042
0 796
0 675
0 627
0 1136
0 677
1 4096
0 591
0 783
0 2149
0 1000
0 430
0 322
0 1162
0 452
0 557
0 529
0 699
0 1912
0 685
0 829
0 2209
0 356
0 569
0 933
0 1985
0 1378
0 975
0 1199
0 609
0 320
0 2330
0 557
0 350
0 621
0 246
0 795
0 1325
0 1094
0 855
0 1316
0 1637
0 448
0 339
0 856
0 795
0 1568
0 2799
1 4096
0 969
0 1147
0 143
1 4096
0 629
1 4096
0 1056
0 1128
0 690
0 1933
0 396
0 1309
0 766
4 4096
0 804
2 4096
1 4096
0 2228
0 1753
0 2058
0 436
0 396
0 633
0 959
0 682
1 4096
0 608
0 847
0 942
0 297
0 612
1 4096
0 995
1 4096
0 1299
0 2352
0 789
0 963
0 689
0 875
0 2454
0 1191
0 275
0 298
0 690
0 1392
0 399
0 2390
0 243
0 726
0 411
0 649
0 1400
0 326
1 4096
1 4096
1 4096
0 340
0 871
0 3025
0 1109
0 1241
2 4096
0 1360
0 721
0 625
0 1485
0 843
1 4096
0 1812
0 1043
0 1491
0 1219
0 625
0 395
0 429
0 516
0 944
0 252
0 1796
0 757
0 472
0 1215
0 558
0 1321
0 837
1 4096
0 475
0 666
0 702
0 492
2 4096
0 601
0 777
0 456
0 381
0 2530
0 750
0 698
0 991
0 506
0 1579
1 4096
1 4096
0 541
0 710
0 957
0 660
0 553
0 796
1 4096
0 538
0 2803
0 554
0 277
2 4096
0 940
0 2202
0 548
0 1285
1 4096
0 936
1 4096
1 4096
0 708
1 4096
0 538
0 473
0 454
0 807
0 714
0 1043
1 4096
0 430
2 4096
0 753
1 4096
0 351
0 915
0 1175
2 4096
0 896
0 526
0 2555
0 609
0 522
0 404
0 472
0 439
0 1107
0 525
0 779
0 523
2 4096
0 934
0 464
0 936
1 4096
0 623
0 565
0 694
0 489
0 436
0 649
0 1104
0 1017
0 320
0 730
0 1010
0 2877
0 921
1 4096
0 465
1 4096
0 483
1 4096
0 790
1 4096
0 773
0 381
0 791
0 1807
0 877
0 256
0 799
2 4096
0 1349
0 2676
1 4096
0 691
0 326
0 463
1 4096
0 1742
1 4096
1 4096
0 612
0 198
1 4096
0 436
0 130
0 270
0 386
1 4096
0 559
0 422
0 248
2 4096
0 2668
0 636
2 4096
0 660
0 919
1 4096
0 285
0 1090
0 860
1 4096
0 521
0 1678
0 1411
0 1879
0 1469
0 506
0 3080
0 947
0 692
1 4096
1 4096
1 4096
0 545
0 1333
0 729
0 3949
0 3180
0 1198
0 2206
0 1385
1 4096
0 373
0 455
0 893
3 4096
0 314
0 241
0 1435
0 626
0 3568
0 1168
2 4096
0 877
0 2072
0 1409
1 4096
0 127
0 854
0 977
0 1116
0 1077
0 575
0 680
0 450
0 975
0 1251
0 580
0 371
0 392
2 4096
0 269
0 4083
0 3335
0 760
0 1046
0 971
0 819
0 469
0 960
0 864
0 562
0 984
0 672
0 561
0 2037
2 4096
1 4096
0 449
0 374
2 4096
0 945
0 1893
0 269
0 303
0 650
0 589
0 865
0 396
0 273
0 2325
0 1033
0 868
0 254
0 271
1 4096
0 275
0 379
0 991
0 417
0 843
0 3499
0 1322
0 537
0 3253
0 619
0 932
0 1550
2 4096
0 1002
1 4096
1 4096
1 4096
0 428
0 1053
2 4096
0 1024
0 1027
0 1255
0 2519
1 4096
0 212
1 4096
0 369
0 452
0 1033
0 1003
0 427
0 574
1 4096
0 620
0 328
0 607
0 409
0 1217
0 613
0 469
0 1162
0 965
0 1685
1 4096
0 358
0 447
1 4096
0 574
0 323
1 4096
0 581
0 849
0 911
0 1529
1 4096
0 1033
0 573
0 692
0 652
0 936
0 2932
0 1114
0 834
1 4096
0 851
0 2018
1 4096
0 542
0 1103
0 533
0 271
0 1071
0 564
1 4096
0 2509
0 687
0 880
0 1064
1 4096
0 1022
0 1062
0 822
1 4096
0 1244
1 4096
0 988
2 4096
0 1760
0 438
0 1288
0 627
0 842
0 469
0 217
0 1009
3 4096
3 4096
0 217
0 790
0 951
0 1445
0 633
0 1066
0 652
0 953
0 405
0 620
1 4096
0 1722
0 1458
0 1016
0 3721
0 368
0 1085
0 1045
0 540
1 4096
0 494
0 687
0 1355
0 3462
0 1174
0 1203
0 258
0 1081
0 1748
0 429
0 978
0 1074
1 4096
0 451
1 4096
0 491
1 4096
0 830
0 855
0 514
2 4096
0 1984
0 323
2 4096
0 797
0 710
3 4096
0 464
0 2309
0 280
0 1248
0 1986
0 684
0 1013
0 2743
0 3163
0 1360
0 875
1 4096
0 468
0 214
2 4096
0 1578
0 738
0 634
0 1710
0 1152
1 4096
0 570
0 751
0 960
0 1895
0 1019
0 1601
0 1078
0 659
0 1361
0 775
0 702
0 940
0 430
0 735
0 981
0 321
0 615
0 870
0 224
1 4096
0 1917
1 4096
0 2357
0 1545
0 397
1 4096
0 292
0 1077
1 4096
0 1542
0 260
0 1649
0 801
0 629
2 4096
0 401
0 768
0 1600
0 953
0 456
0 472
3 4096
0 819
1 4096
0 1031
0 735
0 1281
0 769
0 1172
0 2561
0 351
0 480
0 453
0 1573
0 990
0 562
0 414
0 2619
0 1064
0 2034
0 1388
0 917
0 522
1 4096
0 2640
0 368
0 238
0 530
0 317
2 4096
3 4096
0 2128
1 4096
0 478
0 374
0 3219
0 671
0 1309
3 4096
0 605
0 1297
0 917
0 871
0 306
0 415
0 880
0 3856
0 380
1 4096
0 461
0 3542
0 852
0 566
1 4096
0 1152
0 1305
0 1249
0 652
0 1036
0 868
0 431
1 4096
0 324
2 4096
0 461
0 1283
0 1536
0 945
0 779
0 255
0 1019
0 1815
0 1594
0 1088
0 1009
0 886
0 2537
0 938
0 1465
0 1067
0 1237
0 999
0 906
0 1148
0 651
0 1438
0 1130
0 2663
0 380
0 844
3 4096
0 535
0 553
0 539
1 4096
0 478
0 658
0 1040
0 560
0 1036
0 1516
0 934
0 1239
1 4096
0 341
0 335
0 1520
0 636
0 1218
0 507
0 296
0 612
0 3319
0 1088
0 975
0 409
0 431
1 4096
1 4096
1 4096
2 4096
0 251
0 670
0 873
0 1322
0 566
0 1208
0 2741
0 509
0 1697
1 4096
0 2571
0 1309
0 666
0 464
0 804
1 4096
0 518
1 4096
0 1218
0 767
0 2300
4 4096
0 2815
2 4096
0 734
0 308
0 332
1 4096
0 813
0 709
0 871
0 555
0 817
0 888
0 762
0 1119
0 511
1 4096
0 410
0 589
1 4096
0 1632
0 246
0 605
0 336
0 640
0 397
0 2273
1 4096
1 4096
0 554
1 4096
0 508
1 4096
0 907
0 431
0 751
0 1260
0 918
0 1116
0 1590
0 671
0 903
0 1485
0 843
0 2017
1 4096
0 524
0 256
0 434
0 692
0 791
0 1243
0 446
0 477
0 2771
0 835
2 4096
0 1484
0 298
0 667
0 3859
0 1864
0 264
2 4096
0 2629
0 1594
0 456
0 1278
0 401
1 4096
0 416
0 1009
0 479
0 240
1 4096
0 627
0 440
0 268
0 806
2 4096
0 855
0 1299
3 4096
0 2460
0 649
0 702
0 898
0 1367
2 4096
0 403
0 467
2 4096
0 1109
0 518
0 916
5 4096
0 807
1 4096
0 1618
1 4096
0 2129
0 373
0 418
1 4096
0 646
0 1685
0 497
0 347
0 1120
0 1305
0 802
0 1468
0 1328
0 2092
1 4096
1 4096
0 760
0 528
0 784
0 1024
2 4096
0 987
2 4096
0 2248
0 472
0 907
0 486
0 260
0 2194
0 966
0 391
0 2007
0 917
1 4096
0 1284
1 4096
0 700
0 915
0 796
0 365
0 503
0 856
0 848
1 4096
0 1171
0 1688
0 1508
0 2992
3 4096
0 709
0 173
3 4096
0 642
0 584
0 1496
0 798
0 939
0 1376
2 4096
0 569
0 1493
0 1456
3 4096
0 769
0 848
0 1597
0 810
0 343
0 390
0 434
0 420
0 304
1 4096
0 824
0 1214
0 1710
1 4096
0 378
0 509
0 403
0 1968
0 1644
0 637
0 2249
3 4096
1 4096
0 1749
1 4096
0 717
0 3224
0 692
0 615
0 339
0 983
0 1491
0 930
0 325
0 1541
0 535
1 4096
0 1447
0 302
0 3698
0 499
0 925
0 290
1 4096
3 4096
0 230
0 1460
0 613
0 3608
0 385
0 415
0 646
0 1363
0 2684
0 310
0 352
1 4096
0 1255
0 1176
0 1070
0 724
0 1115
0 739
2 4096
0 394
1 4096
0 1043
0 839
0 300
0 1762
0 1497
0 1489
0 708
0 585
0 777
0 1289
1 4096
1 4096
0 790
0 695
0 285
0 346
1 4096
0 896
0 160
0 2186
0 226
1 4096
0 971
0 1697
1 4096
0 632
0 500
0 251
0 934
0 909
0 935
0 254
0 591
0 422
0 804
1 4096
0 1290
0 1286
0 2302
0 878
0 499
0 194
0 2275
0 537
0 786
0 1862
0 698
0 2447
0 691
0 646
0 1013
1 4096
0 262
1 4096
0 2017
1 4096
0 1546
0 802
0 932
0 273
1 4096
0 698
0 1355
0 494
0 535
0 429
0 708
0 659
0 4022
0 924
2 4096
0 1224
0 1253
0 882
0 391
0 952
2 4096
2 4096
0 1263
2 4096
0 323
0 1488
2 4096
0 697
0 566
0 340
0 284
0 978
0 716
0 1138
0 763
0 259
0 904
0 2137
1 4096
0 695
1 4096
0 639
0 272
0 2073
2 4096
0 546
0 447
4 4096
0 820
0 425
2 4096
0 371
0 465
0 226
0 733
0 733
0 677
0 2302
0 727
0 3645
0 365
0 931
0 597
1 4096
0 715
1 4096
0 711
0 525
0 1379
0 757
0 701
0 521
0 886
0 3434
0 1389
0 954
2 4096
0 722
0 473
0 1832
0 3411
0 324
1 4096
0 438
0 1307
1 4096
0 1211
0 1460
0 271
0 3991
0 1302
0 648
0 445
0 1175
0 555
0 1092
0 1410
1 4096
0 470
0 471
0 227
0 1045
0 182
0 2835
0 226
0 703
0 882
0 513
0 400
0 510
0 848
0 1412
0 616
0 570
0 676
0 1545
0 2930
0 897
0 387
0 454
0 781
0 621
2 4096
0 329
0 2775
0 323
1 4096
0 1312
0 467
0 1281
0 2839
2 4096
0 1015
0 997
2 4096
0 353
0 910
0 734
0 1535
0 647
0 1440
0 638
0 720
0 1348
0 935
0 1128
0 602
0 785
1 4096
1 4096
0 838
4 4096
2 4096
2 4096
1 4096
0 558
0 577
0 377
0 206
2 4096
0 689
0 803
0 1128
0 342
0 1250
0 2962
0 298
0 1140
0 2526
0 1314
0 844
0 501
0 1279
2 4096
1 4096
0 2913
0 545
0 972
0 1115
0 805
1 4096
0 710
0 601
0 741
0 973
0 765
0 429
0 1255
0 555
1 4096
0 969
0 524
0 976
0 1192
0 924
0 1359
0 508
0 1215
1 4096
0 382
0 2185
1 4096
0 857
0 991
0 898
0 730
0 439
0 1114
0 1031
0 668
0 717
1 4096
2 4096
0 2109
0 733
0 488
0 1259
0 1281
0 162
0 327
0 407
0 1399
0 800
0 1139
0 602
0 275
0 774
0 900
0 364
0 2472
1 4096
0 1114
0 1892
0 532
0 579
0 840
0 471
0 716
0 641
0 447
0 1069
0 618
0 707
0 324
0 3451
1 4096
0 634
1 4096
0 2056
0 1064
0 405
4 4096
0 709
0 795
1 4096
0 1053
0 365
1 4096
0 682
0 885
0 1376
0 942
0 705
0 396
0 1318
0 785
0 1157
0 1402
0 662
0 571
0 2305
1 4096
2 4096
1 4096
0 634
1 4096
3 4096
1 4096
0 297
1 4096
0 1207
2 4096
0 966
0 928
0 699
2 4096
0 1219
0 509
0 1477
0 1577
0 782
0 427
1 4096
0 830
0 2136
3 4096
0 895
0 760
0 3556
0 755
0 300
0 913
0 1623
1 4096
0 245
0 922
0 783
1 4096
1 4096
0 887
0 322
0 2947
1 4096
0 666
0 445
1 4096
0 595
0 591
0 588
0 1453
2 4096
0 1247
0 1485
0 108
0 644
0 1233
0 257
0 2990
1 4096
0 1265
0 1089
2 4096
1 4096
0 177
0 1581
0 3784
1 4096
1 4096
0 370
1 4096
0 864
0 1357
0 1887
0 3361
0 1147
0 534
0 763
0 359
0 402
0 544
0 159
1 4096
0 401
0 916
0 696
0 1058
0 979
0 1090
0 399
3 4096
2 4096
0 635
3 4096
0 536
0 756
0 267
0 2110
0 916
0 701
0 1652
0 780
1 4096
0 703
0 896
0 1463
0 1317
0 1322
0 1132
0 3908
0 643
0 962
0 418
0 688
0 561
1 4096
0 2615
0 852
0 678
0 110
0 1597
0 177
0 569
0 779
0 552
0 1009
1 4096
0 899
0 879
4 4096
0 734
1 4096
1 4096
0 810
0 1092
3 4096
0 518
0 1103
0 1153
0 301
0 393
0 869
0 882
0 712
0 642
0 1131
0 2822
0 997
0 426
0 611
0 625
0 932
0 760
0 388
0 1101
0 558
0 941
0 809
0 838
0 284
1 4096
0 380
1 4096
0 1328
1 4096
0 241
0 764
0 827
0 305
0 614
0 364
0 740
0 406
0 505
1 4096
0 645
0 826
0 937
0 349
0 948
1 4096
0 3647
0 579
0 1162
0 1120
0 1383
0 855
0 685
0 912
0 493
0 825
0 1383
0 534
0 334
0 769
1 4096
1 4096
0 564
0 2589
0 414
0 496
0 983
1 4096
0 706
0 303
0 1514
1 4096
0 615
0 2036
0 577
0 886
0 1300
0 579
0 340
0 896
0 1109
0 795
2 4096
0 1606
0 1130
0 1132
0 469
0 246
0 1041
0 3111
0 1861
0 726
0 444
0 306
0 1104
0 1262
0 330
1 4096
0 1728
1 4096
0 734
0 393
1 4096
0 1110
0 715
0 1275
0 474
0 1545
0 3425
0 822
0 315
0 823
0 2076
0 382
0 1172
0 1029
0 582
0 663
0 873
0 370
0 819
0 476
0 1034
0 525
0 1458
0 1505
2 4096
0 337
0 318
0 629
0 1253
0 819
0 1353
0 1171
0 1174
1 4096
0 984
0 329
0 905
0 812
0 1236
1 4096
0 1058
0 1529
1 4096
2 4096
0 799
2 4096
1 4096
0 1046
0 259
0 2018
0 464
2 4096
0 466
0 923
3 4096
0 2181
0 455
0 897
0 959
0 709
0 733
0 1541
0 282
0 816
0 2868
0 1340
1 4096
0 2197
0 1216
2 4096
0 2920
0 468
0 741
1 4096
0 750
0 219
0 1360
0 951
0 1850
0 1075
0 1062
0 935
2 4096
0 3980
0 677
1 4096
0 701
0 1733
0 1264
1 4096
0 1009
0 282
0 804
0 837
0 783
0 511
1 4096
0 712
0 1158
0 1212
0 1133
0 691
0 1143
1 4096
0 1012
0 898
0 830
0 2879
0 2510
0 303
0 664
0 655
0 731
0 1007
0 1047
0 680
0 3985
0 3030
1 4096
0 1038
1 4096
1 4096
0 393
0 634
0 844
0 1055
0 657
1 4096
0 714
0 1265
0 1896
0 1385
0 1160
0 467
1 4096
2 4096
0 1366
0 506
0 805
1 4096
0 521
0 2248
0 917
0 332
0 520
0 787
1 4096
0 781
0 3343
0 677
1 4096
1 4096
2 4096
0 1112
0 671
0 334
0 1622
0 530
0 289
2 4096
0 979
0 690
0 300
1 4096
0 743
0 1854
0 330
0 1000
0 741
2 4096
0 1671
1 4096
0 744
0 966
0 744
0 513
0 719
2 4096
0 781
1 4096
0 438
0 1117
0 743
1 4096
0 1541
0 852
0 990
2 4096
0 659
0 383
2 4096
3 4096
0 417
0 2713
1 4096
0 645
1 4096
0 391
0 686
0 507
0 375
0 705
0 3267
0 871
0 1046
0 154
0 638
0 2134
0 732
0 552
0 731
0 1338
0 692
1 4096
0 331
0 703
0 468
0 794
0 2543
0 307
0 242
1 4096
1 4096
0 1071
1 4096
0 566
0 449
0 571
0 385
1 4096
0 496
0 194
1 4096
0 677
0 518
0 2670
0 1695
0 405
0 237
0 1749
0 989
0 940
4 4096
0 384
1 4096
0 652
1 4096
0 307
0 967
0 176
0 972
0 1419
0 851
3 4096
2 4096
0 509
0 2099
0 439
0 801
3 4096
2 4096
0 2104
0 227
0 654
1 4096
1 4096
0 246
0 667
0 606
0 2031
0 668
0 319
0 361
0 834
0 604
0 969
0 565
0 823
1 4096
0 1012
0 895
0 599
1 4096
0 686
0 681
0 1541
0 1098
0 583
0 791
0 782
0 399
0 728
0 757
0 1412
0 432
0 753
