# SA for random K-SAT
# K = 4   N = 512   M = 4480   seed = 3693096145
# alpha = 8.750000   nIter = 2048  Tmax = 0.200000
# 1:lowestUnsat  2:runTime
2 2048
0 899
0 597
0 401
1 2048
1 2048
0 113
0 573
0 398
0 718
0 302
1 2048
0 315
6 2048
0 891
0 1090
1 2048
0 81
0 328
0 162
2 2048
0 86
0 294
0 965
0 618
1 2048
0 369
0 644
0 193
0 294
0 594
2 2048
0 1449
0 1025
0 320
0 288
0 297
0 427
0 739
0 1157
1 2048
0 289
0 416
0 516
1 2048
0 432
1 2048
0 684
0 132
1 2048
1 2048
0 25
1 2048
2 2048
0 299
0 292
0 80
0 293
2 2048
0 389
1 2048
1 2048
0 542
0 257
1 2048
2 2048
1 2048
1 2048
0 182
1 2048
0 294
0 767
0 200
0 389
1 2048
0 374
0 119
0 164
2 2048
0 532
1 2048
0 378
0 348
0 695
0 539
0 223
1 2048
1 2048
0 532
0 1448
2 2048
0 1149
0 62
0 253
3 2048
0 932
2 2048
1 2048
0 188
0 516
1 2048
1 2048
0 543
0 695
1 2048
0 1073
0 713
1 2048
2 2048
1 2048
0 373
0 873
0 113
1 2048
1 2048
0 473
0 337
0 426
2 2048
0 752
1 2048
0 233
2 2048
2 2048
0 68
0 107
3 2048
2 2048
0 283
0 689
0 387
0 87
0 535
4 2048
3 2048
2 2048
2 2048
0 466
0 853
0 656
0 798
0 224
3 2048
5 2048
0 798
1 2048
0 601
0 349
1 2048
0 277
0 267
1 2048
0 321
1 2048
2 2048
0 430
2 2048
0 337
1 2048
0 392
1 2048
1 2048
0 362
0 219
0 221
0 718
0 143
0 431
1 2048
0 201
0 82
0 316
1 2048
0 191
1 2048
0 265
3 2048
2 2048
3 2048
0 387
0 1083
0 395
0 486
1 2048
1 2048
2 2048
0 489
0 163
2 2048
0 481
0 315
0 427
1 2048
2 2048
0 76
1 2048
1 2048
0 142
0 1145
0 669
0 764
0 504
0 293
1 2048
0 286
2 2048
1 2048
2 2048
0 248
0 418
0 423
1 2048
1 2048
0 181
0 237
1 2048
0 384
0 582
1 2048
3 2048
2 2048
1 2048
2 2048
0 193
0 236
1 2048
1 2048
0 787
0 455
2 2048
3 2048
0 88
0 1798
0 160
1 2048
0 476
0 1030
2 2048
2 2048
1 2048
0 1402
1 2048
0 820
1 2048
0 261
0 163
1 2048
1 2048
0 473
0 320
0 634
2 2048
0 594
0 277
3 2048
0 249
1 2048
0 174
3 2048
0 295
1 2048
0 368
1 2048
0 241
0 362
4 2048
3 2048
0 1280
0 215
0 462
0 286
0 118
0 189
0 289
0 743
1 2048
0 404
0 298
1 2048
0 395
0 167
0 691
0 29
2 2048
2 2048
0 144
0 483
2 2048
0 399
1 2048
1 2048
3 2048
0 540
1 2048
0 678
3 2048
1 2048
0 1424
1 2048
0 279
0 350
0 226
2 2048
0 313
0 230
2 2048
0 614
1 2048
2 2048
1 2048
0 507
0 171
1 2048
0 857
0 180
0 1565
3 2048
4 2048
0 365
0 974
0 387
0 669
0 539
0 110
1 2048
0 1225
0 185
0 176
4 2048
1 2048
1 2048
1 2048
0 210
0 1483
2 2048
0 253
0 1954
0 375
2 2048
0 126
1 2048
0 1577
3 2048
0 434
0 423
1 2048
3 2048
0 282
1 2048
2 2048
0 433
1 2048
0 439
0 250
0 396
0 339
3 2048
0 181
0 95
0 363
0 235
0 437
0 355
1 2048
0 133
1 2048
1 2048
1 2048
0 76
0 102
3 2048
0 153
1 2048
3 2048
0 166
1 2048
0 101
0 184
3 2048
0 969
1 2048
0 444
2 2048
1 2048
0 622
4 2048
0 550
0 230
1 2048
0 111
0 522
0 513
0 212
1 2048
0 672
1 2048
0 149
3 2048
0 364
0 1555
1 2048
0 203
0 272
0 254
0 266
1 2048
0 143
2 2048
2 2048
0 1492
1 2048
1 2048
0 294
0 140
0 645
2 2048
0 296
1 2048
1 2048
0 302
1 2048
6 2048
0 677
2 2048
0 131
0 212
2 2048
0 191
4 2048
0 999
1 2048
1 2048
0 355
6 2048
2 2048
1 2048
0 684
3 2048
0 1826
0 356
0 298
1 2048
0 582
0 1303
4 2048
1 2048
0 482
0 108
0 126
2 2048
0 745
0 428
1 2048
1 2048
1 2048
0 618
2 2048
0 128
1 2048
0 442
1 2048
0 304
0 583
2 2048
0 427
0 413
1 2048
0 317
1 2048
2 2048
0 902
1 2048
0 235
2 2048
0 1382
0 726
0 802
0 220
0 224
2 2048
2 2048
4 2048
2 2048
0 377
1 2048
0 129
0 247
0 418
3 2048
0 195
1 2048
0 274
0 507
1 2048
0 1898
1 2048
0 476
0 130
0 707
0 908
2 2048
1 2048
0 393
2 2048
0 261
0 357
2 2048
1 2048
0 942
0 482
1 2048
0 794
1 2048
1 2048
2 2048
0 172
2 2048
0 370
1 2048
0 493
0 306
0 253
0 277
0 94
0 262
0 694
0 230
0 322
0 791
2 2048
0 294
0 505
1 2048
0 295
0 192
1 2048
0 184
0 73
0 569
0 190
0 55
2 2048
1 2048
0 82
0 642
0 498
2 2048
2 2048
0 241
1 2048
0 596
0 101
0 458
0 685
1 2048
0 425
0 349
0 509
1 2048
0 541
2 2048
0 104
1 2048
0 208
0 96
1 2048
1 2048
5 2048
2 2048
0 91
0 542
3 2048
0 131
1 2048
0 2029
7 2048
0 117
0 362
0 1304
2 2048
1 2048
1 2048
0 348
1 2048
2 2048
0 216
0 636
0 384
2 2048
0 275
0 258
0 413
1 2048
0 314
0 186
0 504
1 2048
2 2048
2 2048
0 620
0 451
0 543
0 273
0 678
0 335
1 2048
0 435
0 242
0 559
0 503
1 2048
2 2048
0 667
0 318
0 277
0 1001
0 171
0 594
0 279
0 490
4 2048
0 134
2 2048
1 2048
0 101
0 271
2 2048
0 679
0 691
0 106
0 132
0 103
3 2048
1 2048
0 431
1 2048
0 369
0 163
0 998
0 242
0 134
0 1289
0 564
0 258
1 2048
3 2048
1 2048
0 357
2 2048
0 471
1 2048
1 2048
0 450
0 651
0 271
0 202
1 2048
2 2048
0 183
1 2048
0 697
0 299
0 486
0 1301
1 2048
1 2048
0 186
0 313
1 2048
0 327
2 2048
0 375
0 172
3 2048
0 651
2 2048
0 1432
0 96
1 2048
0 245
0 321
1 2048
0 524
0 257
0 322
0 893
2 2048
0 265
1 2048
0 506
0 375
0 148
0 71
1 2048
0 362
0 1599
3 2048
0 744
1 2048
0 604
0 283
0 471
0 1228
3 2048
0 208
1 2048
0 198
1 2048
2 2048
0 99
0 381
2 2048
0 335
3 2048
0 821
0 308
0 735
0 44
0 88
0 444
0 195
0 534
0 527
0 442
1 2048
1 2048
2 2048
0 214
0 211
0 494
0 1814
0 581
1 2048
0 107
1 2048
0 567
0 253
0 222
0 580
0 183
0 737
2 2048
0 679
0 177
2 2048
0 142
0 705
0 170
0 1276
0 1164
1 2048
0 182
1 2048
1 2048
0 563
1 2048
0 846
4 2048
2 2048
1 2048
0 348
3 2048
0 134
2 2048
0 217
0 118
1 2048
2 2048
0 268
0 431
0 1587
2 2048
1 2048
1 2048
1 2048
1 2048
1 2048
1 2048
0 683
0 894
0 254
0 346
0 241
1 2048
0 484
0 232
1 2048
2 2048
4 2048
0 354
1 2048
0 269
2 2048
1 2048
1 2048
0 314
1 2048
0 244
0 150
1 2048
2 2048
0 256
1 2048
2 2048
0 284
0 571
0 145
0 194
0 257
0 215
1 2048
1 2048
0 896
1 2048
0 669
0 137
1 2048
0 207
3 2048
2 2048
0 189
0 967
0 239
1 2048
0 1671
0 181
0 307
0 277
0 401
0 623
0 704
0 715
0 63
1 2048
3 2048
0 365
1 2048
2 2048
3 2048
0 940
3 2048
0 275
0 163
0 301
1 2048
0 452
0 624
3 2048
0 330
1 2048
2 2048
1 2048
1 2048
0 286
1 2048
1 2048
2 2048
0 208
0 151
0 165
1 2048
0 395
3 2048
1 2048
0 772
0 306
1 2048
0 624
0 1339
1 2048
0 496
0 203
0 281
0 253
2 2048
0 248
0 213
0 152
1 2048
0 265
0 283
0 301
0 205
0 170
0 138
0 277
0 106
1 2048
0 61
2 2048
1 2048
0 296
0 1817
1 2048
3 2048
3 2048
0 73
0 739
1 2048
0 354
0 181
0 202
0 861
2 2048
0 304
0 480
0 368
0 165
1 2048
0 612
1 2048
1 2048
0 220
0 605
1 2048
0 378
0 789
1 2048
0 350
0 854
0 636
1 2048
1 2048
0 317
3 2048
0 1780
3 2048
0 382
3 2048
0 429
0 520
4 2048
0 651
0 389
0 116
1 2048
1 2048
0 213
1 2048
1 2048
5 2048
0 246
1 2048
1 2048
1 2048
2 2048
0 79
0 470
2 2048
0 228
0 425
0 193
0 67
2 2048
1 2048
0 296
0 534
0 435
0 311
1 2048
0 553
0 724
0 132
1 2048
0 404
0 322
1 2048
0 558
0 247
0 842
0 566
0 435
0 860
0 271
0 143
0 216
1 2048
0 178
0 301
0 164
0 684
0 313
0 178
0 680
4 2048
1 2048
3 2048
0 223
0 100
0 486
1 2048
0 182
0 382
1 2048
1 2048
0 399
0 1100
0 242
2 2048
0 388
0 405
1 2048
4 2048
0 228
0 106
0 1166
0 341
0 427
0 411
1 2048
0 398
0 923
0 188
0 95
0 949
2 2048
0 1083
2 2048
0 336
0 498
1 2048
0 172
0 110
0 58
0 391
0 123
0 201
0 976
0 479
2 2048
0 822
0 1492
0 463
0 35
0 174
0 67
0 973
1 2048
1 2048
0 508
0 299
0 233
2 2048
2 2048
1 2048
0 1098
2 2048
1 2048
0 822
4 2048
0 88
0 77
2 2048
1 2048
1 2048
0 204
1 2048
1 2048
1 2048
0 935
1 2048
0 489
0 336
0 465
1 2048
1 2048
0 448
0 460
0 1634
0 312
0 337
0 87
1 2048
0 427
2 2048
2 2048
1 2048
0 587
1 2048
3 2048
1 2048
1 2048
1 2048
0 490
1 2048
0 259
0 362
1 2048
1 2048
0 422
0 221
0 427
0 396
1 2048
2 2048
0 192
0 253
0 206
0 240
0 392
0 292
2 2048
0 376
0 274
0 1640
1 2048
0 272
0 1144
1 2048
2 2048
0 155
0 139
0 170
0 352
2 2048
0 769
1 2048
0 228
0 75
0 499
0 411
1 2048
0 348
1 2048
0 1016
1 2048
3 2048
0 1239
0 222
0 1022
1 2048
0 219
0 771
1 2048
2 2048
0 285
0 422
0 659
0 58
4 2048
0 1039
0 132
0 293
0 848
1 2048
0 147
0 151
0 285
0 122
0 774
1 2048
1 2048
2 2048
0 312
1 2048
1 2048
0 186
2 2048
2 2048
0 379
0 864
0 391
1 2048
0 342
0 221
0 95
2 2048
2 2048
0 992
0 129
0 336
0 535
0 135
0 359
0 272
0 486
0 207
3 2048
3 2048
1 2048
0 200
0 1178
2 2048
1 2048
2 2048
2 2048
0 499
0 263
0 203
0 555
0 692
1 2048
1 2048
1 2048
1 2048
1 2048
2 2048
0 708
0 1111
3 2048
0 101
0 302
1 2048
0 181
1 2048
1 2048
2 2048
0 266
0 417
0 1243
0 256
0 345
2 2048
1 2048
1 2048
0 376
1 2048
0 575
0 145
0 311
0 986
0 1682
0 673
0 520
0 67
0 332
1 2048
0 458
2 2048
0 275
0 162
0 790
2 2048
2 2048
2 2048
0 123
1 2048
2 2048
1 2048
4 2048
0 226
0 297
1 2048
1 2048
2 2048
0 248
0 153
1 2048
4 2048
0 313
1 2048
0 80
0 874
0 191
0 181
1 2048
0 492
0 227
1 2048
0 323
0 147
0 598
0 369
0 968
0 143
1 2048
0 585
1 2048
1 2048
2 2048
0 739
1 2048
0 336
3 2048
3 2048
0 809
0 299
0 650
1 2048
0 308
1 2048
0 446
2 2048
4 2048
1 2048
0 613
0 243
1 2048
0 650
0 301
0 353
0 154
0 48
1 2048
1 2048
0 615
1 2048
0 1938
1 2048
0 329
2 2048
0 303
2 2048
0 975
1 2048
0 185
0 1170
0 297
0 266
1 2048
1 2048
0 262
0 124
1 2048
0 281
0 171
1 2048
0 436
3 2048
1 2048
0 87
0 181
3 2048
1 2048
0 250
0 605
0 96
0 354
0 445
0 109
0 463
1 2048
0 1304
0 187
2 2048
0 69
0 113
0 286
1 2048
1 2048
0 468
0 719
0 920
2 2048
0 381
0 198
1 2048
0 156
2 2048
0 222
0 437
2 2048
0 583
0 548
0 346
0 517
1 2048
0 443
1 2048
0 295
2 2048
1 2048
0 152
0 423
2 2048
0 464
1 2048
0 251
2 2048
0 168
1 2048
0 218
1 2048
0 121
1 2048
2 2048
0 101
1 2048
0 98
1 2048
0 43
1 2048
0 337
0 185
0 1691
0 434
0 212
0 1092
1 2048
0 512
0 1340
0 273
1 2048
0 242
2 2048
0 517
0 191
0 142
0 538
0 87
2 2048
0 724
0 261
0 686
1 2048
0 390
0 243
1 2048
2 2048
2 2048
0 202
0 70
0 348
1 2048
2 2048
0 256
1 2048
1 2048
0 284
0 236
0 221
1 2048
0 124
0 234
1 2048
0 261
0 339
0 272
0 296
0 235
1 2048
1 2048
1 2048
0 332
0 188
0 137
1 2048
0 235
0 267
1 2048
0 407
0 1963
0 500
0 242
0 414
0 236
0 249
0 227
1 2048
0 443
1 2048
2 2048
0 305
2 2048
0 669
0 183
3 2048
0 247
0 137
0 263
1 2048
3 2048
0 131
0 907
2 2048
0 466
1 2048
0 85
1 2048
2 2048
0 1289
0 192
0 541
0 465
0 120
2 2048
0 34
1 2048
1 2048
0 208
0 355
1 2048
0 345
0 563
1 2048
0 167
0 566
0 266
0 368
2 2048
0 387
0 1369
1 2048
2 2048
0 157
2 2048
0 229
0 1284
3 2048
2 2048
4 2048
1 2048
1 2048
2 2048
0 319
1 2048
1 2048
1 2048
0 236
0 264
2 2048
2 2048
0 337
0 483
3 2048
0 1192
0 230
0 140
1 2048
4 2048
0 337
1 2048
0 429
1 2048
0 801
0 189
1 2048
1 2048
1 2048
1 2048
0 702
0 47
0 577
0 958
2 2048
0 486
0 157
2 2048
0 264
0 239
3 2048
0 214
1 2048
0 146
1 2048
0 286
0 61
0 273
1 2048
1 2048
0 62
0 487
0 94
0 204
0 272
0 556
0 349
0 782
2 2048
1 2048
0 449
0 461
0 876
1 2048
0 59
1 2048
1 2048
2 2048
0 39
2 2048
3 2048
0 437
0 418
1 2048
0 242
1 2048
0 118
0 1403
0 285
0 278
0 310
1 2048
0 416
0 94
0 302
0 112
4 2048
1 2048
1 2048
1 2048
2 2048
0 681
0 843
0 258
0 361
4 2048
0 998
0 110
0 886
1 2048
1 2048
0 61
1 2048
0 189
0 554
1 2048
0 236
1 2048
0 1828
0 968
3 2048
0 214
1 2048
1 2048
0 76
0 448
1 2048
0 412
0 524
3 2048
2 2048
1 2048
0 263
1 2048
0 874
1 2048
0 848
0 644
0 240
0 178
0 1371
1 2048
0 963
0 256
0 247
1 2048
1 2048
0 598
0 462
1 2048
3 2048
0 447
0 241
3 2048
0 213
0 777
1 2048
0 1618
0 322
0 652
0 648
2 2048
1 2048
1 2048
1 2048
1 2048
0 589
2 2048
0 92
0 339
0 556
0 975
0 453
0 429
0 247
0 216
0 344
0 115
0 481
0 388
0 859
0 665
0 570
1 2048
0 300
2 2048
0 273
0 629
0 549
1 2048
1 2048
0 383
1 2048
0 318
0 402
0 593
2 2048
0 47
0 318
1 2048
0 288
1 2048
2 2048
1 2048
0 533
1 2048
1 2048
0 334
0 229
1 2048
1 2048
0 127
0 1380
0 581
1 2048
1 2048
0 485
0 400
4 2048
0 135
1 2048
0 298
1 2048
0 616
2 2048
0 263
0 281
0 100
0 330
0 297
0 579
0 236
0 514
1 2048
0 1122
0 242
1 2048
0 1097
2 2048
0 526
0 555
0 111
0 793
0 829
0 285
2 2048
1 2048
0 621
0 1013
1 2048
1 2048
0 763
0 785
0 386
1 2048
1 2048
2 2048
2 2048
0 320
0 395
1 2048
0 128
0 327
1 2048
1 2048
1 2048
2 2048
0 218
0 138
0 514
0 487
0 1353
2 2048
0 272
0 1870
0 148
2 2048
0 192
2 2048
2 2048
0 807
0 170
0 1352
0 558
0 281
3 2048
1 2048
1 2048
1 2048
0 80
0 1056
1 2048
0 473
0 318
0 638
2 2048
4 2048
1 2048
1 2048
0 214
0 192
0 280
0 908
0 407
0 332
0 1519
2 2048
0 311
0 189
0 351
2 2048
2 2048
0 142
1 2048
0 1029
1 2048
1 2048
2 2048
0 53
0 220
1 2048
0 419
0 556
0 691
1 2048
0 411
0 187
2 2048
1 2048
0 296
1 2048
0 302
0 103
3 2048
0 87
1 2048
0 329
0 469
1 2048
0 386
0 1442
0 501
1 2048
2 2048
1 2048
1 2048
0 223
0 209
2 2048
0 111
1 2048
1 2048
0 195
1 2048
0 103
0 582
1 2048
0 305
0 270
0 210
1 2048
2 2048
1 2048
0 186
0 245
0 141
0 144
0 137
0 448
2 2048
1 2048
0 89
0 1675
0 259
1 2048
0 431
1 2048
0 307
1 2048
0 373
0 298
0 372
0 942
0 226
1 2048
0 410
0 338
0 349
1 2048
4 2048
0 586
0 535
1 2048
1 2048
0 561
0 1549
1 2048
0 150
0 782
0 151
0 776
1 2048
1 2048
1 2048
2 2048
1 2048
1 2048
0 492
1 2048
3 2048
2 2048
0 70
0 226
2 2048
0 1121
0 370
1 2048
1 2048
0 65
0 822
0 621
0 156
0 771
0 354
0 725
0 143
1 2048
1 2048
1 2048
0 226
2 2048
1 2048
0 364
0 144
0 906
0 1933
1 2048
0 437
0 128
0 1580
1 2048
1 2048
0 932
0 417
0 285
0 471
0 318
0 132
0 422
0 314
0 318
0 1057
0 312
2 2048
2 2048
0 449
1 2048
0 181
0 84
0 372
2 2048
1 2048
0 819
0 566
0 319
0 209
1 2048
2 2048
0 807
0 918
5 2048
3 2048
0 78
0 629
0 516
0 575
0 448
1 2048
2 2048
0 292
0 443
1 2048
2 2048
0 348
0 413
0 926
1 2048
0 1276
0 895
0 394
0 1122
1 2048
1 2048
1 2048
0 833
0 148
0 295
0 427
0 305
3 2048
1 2048
0 136
0 126
0 519
0 896
1 2048
0 396
0 610
0 506
0 317
0 313
1 2048
2 2048
1 2048
0 254
0 338
1 2048
2 2048
0 617
0 346
0 414
3 2048
0 404
1 2048
1 2048
2 2048
0 295
0 240
0 217
2 2048
0 295
0 539
2 2048
1 2048
0 661
0 528
1 2048
0 468
1 2048
0 1167
2 2048
0 134
0 153
0 454
1 2048
0 651
0 301
2 2048
1 2048
0 289
0 285
0 1073
2 2048
0 442
1 2048
0 1036
0 194
2 2048
0 277
0 164
1 2048
1 2048
0 598
0 259
0 528
1 2048
1 2048
0 318
1 2048
3 2048
0 1053
1 2048
1 2048
2 2048
0 53
1 2048
0 1270
0 163
0 999
0 509
0 717
0 164
1 2048
0 1735
0 318
0 118
1 2048
0 602
1 2048
0 111
1 2048
1 2048
0 684
1 2048
0 70
0 48
1 2048
2 2048
1 2048
0 301
0 764
4 2048
1 2048
2 2048
0 848
0 202
0 96
1 2048
0 130
0 319
0 300
0 720
1 2048
0 237
1 2048
0 400
0 1178
0 678
0 268
0 1009
1 2048
0 380
2 2048
0 558
1 2048
0 50
0 561
0 1527
0 969
0 203
3 2048
0 329
0 180
1 2048
0 129
0 321
0 1514
0 164
0 728
1 2048
1 2048
0 154
0 696
2 2048
2 2048
0 242
1 2048
0 922
0 137
1 2048
0 293
1 2048
1 2048
1 2048
0 159
0 798
0 260
0 1584
0 242
0 348
1 2048
2 2048
1 2048
0 170
0 239
2 2048
0 247
0 1031
0 252
0 354
0 222
0 316
1 2048
0 290
1 2048
0 259
0 229
1 2048
0 302
0 373
0 311
0 203
1 2048
0 251
0 646
0 174
5 2048
0 119
0 130
0 861
0 360
0 92
0 235
0 499
1 2048
0 80
0 615
0 463
1 2048
0 748
1 2048
1 2048
1 2048
0 509
0 341
0 241
0 399
1 2048
1 2048
0 295
0 377
0 322
1 2048
0 1387
4 2048
1 2048
0 136
0 90
0 825
1 2048
0 144
0 200
1 2048
1 2048
0 527
1 2048
0 187
0 1516
0 404
1 2048
0 501
2 2048
0 455
1 2048
0 731
0 57
1 2048
0 440
1 2048
1 2048
0 318
0 675
0 373
2 2048
4 2048
1 2048
1 2048
1 2048
0 163
3 2048
0 267
0 352
0 238
0 441
2 2048
0 461
0 183
1 2048
2 2048
1 2048
0 440
0 874
0 232
0 809
0 273
1 2048
0 285
0 1080
0 1769
0 858
1 2048
1 2048
1 2048
0 695
0 543
0 367
0 243
0 195
2 2048
1 2048
2 2048
2 2048
1 2048
1 2048
0 130
0 287
0 245
0 429
0 422
0 412
2 2048
0 89
0 673
1 2048
0 181
1 2048
0 426
0 173
2 2048
1 2048
0 621
1 2048
1 2048
0 358
0 397
0 1221
3 2048
1 2048
1 2048
1 2048
2 2048
1 2048
1 2048
1 2048
0 278
0 885
1 2048
0 298
0 163
0 291
0 131
2 2048
0 613
0 150
0 413
0 365
1 2048
2 2048
0 492
0 312
1 2048
0 288
4 2048
1 2048
0 184
0 269
2 2048
0 321
0 462
2 2048
0 377
0 183
1 2048
0 523
0 594
0 405
6 2048
0 341
1 2048
1 2048
1 2048
0 414
0 1575
0 266
0 645
3 2048
0 328
1 2048
0 308
1 2048
0 234
0 386
0 63
0 1090
0 706
1 2048
0 179
0 224
2 2048
0 176
0 302
0 807
0 132
0 491
1 2048
0 987
1 2048
3 2048
0 567
0 560
0 332
0 485
0 651
0 188
1 2048
0 461
0 770
2 2048
0 180
1 2048
0 100
2 2048
0 1382
0 817
0 578
1 2048
0 353
0 229
0 514
0 166
2 2048
0 255
2 2048
0 372
0 362
0 236
2 2048
0 476
0 995
0 1772
0 671
0 513
0 758
0 67
0 781
0 179
0 252
1 2048
0 567
2 2048
2 2048
0 906
1 2048
1 2048
0 120
1 2048
2 2048
0 109
0 198
0 517
0 292
0 1210
0 105
0 369
0 283
0 582
1 2048
0 239
0 231
1 2048
1 2048
0 410
0 349
0 656
0 503
0 374
2 2048
0 320
0 521
0 139
0 44
0 196
0 1215
2 2048
0 294
0 205
1 2048
2 2048
1 2048
0 193
0 314
2 2048
1 2048
0 737
0 227
0 229
0 181
0 1060
0 222
0 195
0 146
1 2048
1 2048
0 1052
0 378
2 2048
0 525
1 2048
0 260
0 1864
0 449
0 568
0 543
0 705
0 260
0 1762
0 461
1 2048
0 327
0 333
0 713
1 2048
0 103
0 614
1 2048
0 168
0 105
0 84
0 209
0 400
0 113
0 777
1 2048
0 458
0 421
2 2048
0 550
0 146
1 2048
0 509
0 301
2 2048
3 2048
0 500
0 79
0 517
0 573
2 2048
1 2048
2 2048
0 450
0 333
0 166
1 2048
0 521
0 154
0 498
1 2048
0 141
0 489
1 2048
0 156
0 141
0 379
1 2048
0 319
0 1087
1 2048
0 398
1 2048
3 2048
0 483
1 2048
0 326
0 1052
1 2048
2 2048
0 251
0 1162
0 354
2 2048
2 2048
0 377
1 2048
1 2048
2 2048
0 400
1 2048
0 259
0 192
0 276
1 2048
0 735
0 742
1 2048
2 2048
0 1199
0 414
0 356
2 2048
1 2048
0 239
3 2048
0 485
3 2048
2 2048
0 752
1 2048
0 611
0 291
0 249
0 774
1 2048
0 234
1 2048
1 2048
0 616
0 142
0 198
0 177
0 223
1 2048
0 256
0 1504
1 2048
0 685
0 151
0 247
0 247
1 2048
0 1012
0 539
0 132
0 423
0 167
1 2048
1 2048
1 2048
0 1083
0 687
2 2048
0 443
0 1329
2 2048
0 209
1 2048
2 2048
0 822
0 103
1 2048
0 111
2 2048
0 426
2 2048
1 2048
0 277
4 2048
2 2048
1 2048
0 592
0 773
1 2048
0 233
0 504
1 2048
0 1338
0 623
0 243
1 2048
0 229
1 2048
0 260
0 129
0 220
1 2048
0 183
0 254
1 2048
3 2048
0 896
0 518
0 729
1 2048
0 207
0 84
0 165
2 2048
0 275
0 390
1 2048
0 311
1 2048
0 120
0 154
0 141
0 674
1 2048
0 938
0 1087
6 2048
0 1498
0 146
1 2048
2 2048
0 796
1 2048
0 307
1 2048
0 224
2 2048
0 93
0 1829
0 1331
0 507
0 406
0 118
2 2048
0 98
0 65
0 427
0 229
0 285
2 2048
1 2048
2 2048
1 2048
1 2048
1 2048
1 2048
0 1134
0 253
0 534
0 409
1 2048
1 2048
0 373
0 287
1 2048
2 2048
2 2048
3 2048
0 138
0 507
1 2048
0 178
2 2048
0 76
0 325
0 738
2 2048
1 2048
0 483
0 268
0 648
1 2048
0 461
1 2048
1 2048
0 268
0 202
1 2048
0 477
1 2048
1 2048
0 484
0 701
0 453
0 66
2 2048
0 261
1 2048
0 101
0 150
1 2048
0 342
0 365
0 110
4 2048
2 2048
1 2048
2 2048
0 412
1 2048
0 168
0 292
0 220
0 373
0 691
0 280
0 267
0 705
0 618
0 353
0 1308
0 561
1 2048
0 192
2 2048
0 628
1 2048
0 389
0 228
1 2048
1 2048
1 2048
2 2048
3 2048
1 2048
0 1029
0 242
0 93
2 2048
1 2048
1 2048
0 221
0 209
0 185
1 2048
0 773
0 404
0 350
0 96
0 416
1 2048
0 370
0 791
0 315
0 120
0 1128
0 627
0 640
0 228
0 405
1 2048
0 261
0 758
0 234
0 269
0 536
0 478
1 2048
0 161
0 158
0 277
0 164
2 2048
0 364
3 2048
1 2048
1 2048
0 204
1 2048
1 2048
1 2048
0 383
1 2048
0 1145
1 2048
0 145
0 571
2 2048
0 469
0 482
0 220
2 2048
0 429
0 556
1 2048
0 682
1 2048
0 126
1 2048
1 2048
1 2048
1 2048
1 2048
0 435
1 2048
0 1165
1 2048
0 237
0 484
0 50
1 2048
0 349
0 248
1 2048
2 2048
0 185
0 992
0 643
0 561
2 2048
0 509
0 519
0 70
2 2048
0 174
0 319
1 2048
1 2048
0 1056
0 1865
0 99
2 2048
2 2048
1 2048
1 2048
0 452
1 2048
0 438
0 1637
3 2048
1 2048
1 2048
0 688
0 178
0 771
0 503
1 2048
0 377
0 356
0 291
0 347
1 2048
0 270
2 2048
0 996
0 557
0 282
2 2048
0 1020
3 2048
4 2048
1 2048
1 2048
2 2048
1 2048
0 1446
2 2048
1 2048
0 306
1 2048
2 2048
1 2048
0 158
0 765
0 156
0 1216
0 113
0 271
1 2048
0 115
0 110
2 2048
1 2048
1 2048
1 2048
0 274
1 2048
0 294
0 400
0 246
0 582
0 208
1 2048
1 2048
0 174
1 2048
0 663
0 414
0 472
0 1295
0 1376
0 927
0 607
0 1360
0 2038
0 874
0 365
0 111
2 2048
0 171
0 1345
0 1396
0 144
1 2048
1 2048
1 2048
0 984
0 161
0 457
2 2048
0 506
0 143
1 2048
0 667
1 2048
1 2048
0 859
0 1526
0 522
0 329
0 1515
0 289
1 2048
0 276
0 326
0 273
4 2048
0 691
0 114
3 2048
0 397
3 2048
0 401
0 193
0 813
0 139
0 1190
3 2048
2 2048
1 2048
1 2048
1 2048
0 602
1 2048
2 2048
0 809
0 376
0 668
0 305
1 2048
0 748
1 2048
1 2048
1 2048
2 2048
2 2048
0 312
0 510
1 2048
0 1120
0 666
0 570
0 560
3 2048
0 341
0 364
0 1606
1 2048
0 151
0 316
1 2048
0 216
0 852
1 2048
0 375
2 2048
0 314
1 2048
1 2048
0 401
2 2048
0 305
1 2048
0 919
1 2048
0 272
0 194
3 2048
2 2048
1 2048
0 390
2 2048
1 2048
0 207
0 308
0 305
2 2048
0 524
0 284
0 298
1 2048
3 2048
0 385
0 350
3 2048
0 386
2 2048
1 2048
2 2048
1 2048
3 2048
0 998
1 2048
1 2048
0 410
0 610
1 2048
0 287
0 185
3 2048
0 437
0 113
0 320
1 2048
0 322
0 501
0 216
0 213
0 764
0 570
2 2048
0 585
1 2048
0 272
0 308
0 545
1 2048
0 263
0 247
1 2048
0 91
0 156
2 2048
0 224
0 493
2 2048
1 2048
4 2048
0 273
2 2048
0 1145
0 607
0 147
0 1921
0 364
2 2048
2 2048
0 209
1 2048
0 363
0 430
0 965
2 2048
0 417
1 2048
0 312
0 610
0 1302
3 2048
0 1805
0 288
0 64
0 842
0 69
1 2048
1 2048
1 2048
0 89
0 186
0 313
0 1219
1 2048
0 621
0 1042
1 2048
0 759
0 378
2 2048
0 315
0 394
3 2048
1 2048
0 131
0 567
1 2048
0 67
0 258
0 749
0 244
3 2048
0 27
1 2048
1 2048
0 381
0 392
0 384
1 2048
0 593
0 1704
0 586
0 358
0 1570
0 1014
0 362
1 2048
1 2048
1 2048
4 2048
0 643
3 2048
0 657
0 191
0 636
1 2048
1 2048
0 551
2 2048
0 205
0 647
0 285
2 2048
2 2048
0 230
2 2048
1 2048
2 2048
0 172
0 165
0 535
1 2048
1 2048
0 372
0 783
1 2048
0 1030
0 361
2 2048
1 2048
0 736
0 274
1 2048
1 2048
1 2048
1 2048
1 2048
0 232
0 772
0 231
1 2048
3 2048
0 153
1 2048
0 319
0 729
1 2048
0 269
0 710
0 355
0 1142
0 775
0 592
2 2048
1 2048
0 71
1 2048
0 487
0 1047
1 2048
2 2048
0 169
0 202
1 2048
1 2048
3 2048
1 2048
0 147
0 170
1 2048
0 392
4 2048
0 503
0 147
0 1095
0 682
0 388
0 480
0 339
4 2048
1 2048
1 2048
0 191
1 2048
0 328
0 254
1 2048
1 2048
0 793
2 2048
0 698
1 2048
1 2048
2 2048
0 226
0 512
1 2048
0 714
0 1181
0 740
0 1748
0 595
0 1085
0 290
0 758
0 169
0 403
2 2048
1 2048
1 2048
0 314
0 350
0 697
0 1366
0 1047
0 286
0 214
2 2048
0 305
0 513
0 652
0 463
0 326
0 268
0 85
0 1121
0 351
0 376
1 2048
1 2048
0 1067
0 286
0 593
0 382
0 176
1 2048
0 304
0 297
0 466
0 354
1 2048
0 429
0 469
0 399
0 236
0 825
1 2048
1 2048
5 2048
1 2048
0 857
0 470
1 2048
0 639
0 671
0 1989
1 2048
0 375
0 903
0 1440
0 1281
3 2048
2 2048
2 2048
0 150
0 295
0 1328
0 289
2 2048
1 2048
0 1660
1 2048
0 597
0 646
0 329
0 553
0 405
1 2048
0 181
1 2048
0 120
1 2048
1 2048
0 628
0 357
1 2048
2 2048
0 1343
0 968
3 2048
1 2048
0 461
0 133
0 902
2 2048
0 922
1 2048
0 566
0 203
1 2048
0 581
0 301
2 2048
0 101
0 442
0 974
0 1051
0 1072
0 614
0 355
0 442
1 2048
0 342
0 120
0 699
0 359
3 2048
1 2048
4 2048
0 260
0 313
0 400
1 2048
0 569
0 246
0 342
0 1978
0 355
0 669
1 2048
0 907
0 192
0 1399
0 519
1 2048
3 2048
1 2048
0 1903
0 139
0 858
0 235
0 467
1 2048
0 133
0 91
0 166
0 1929
0 259
1 2048
1 2048
0 498
1 2048
0 501
0 308
1 2048
1 2048
1 2048
1 2048
0 1059
1 2048
0 174
1 2048
0 571
0 1650
1 2048
0 158
0 300
1 2048
1 2048
0 517
0 205
0 799
1 2048
0 186
0 687
2 2048
0 543
0 511
1 2048
0 173
0 276
2 2048
0 195
1 2048
2 2048
1 2048
2 2048
1 2048
0 230
0 168
0 903
0 308
2 2048
0 387
0 214
4 2048
1 2048
0 493
1 2048
1 2048
0 355
2 2048
1 2048
0 543
1 2048
0 547
0 1813
2 2048
0 177
0 272
0 442
2 2048
1 2048
1 2048
0 247
1 2048
0 191
1 2048
1 2048
0 80
0 400
0 272
2 2048
0 336
0 203
1 2048
0 403
0 384
2 2048
1 2048
0 341
0 1251
0 195
1 2048
1 2048
0 584
3 2048
0 608
0 106
1 2048
0 545
0 398
0 156
0 169
0 450
0 240
1 2048
1 2048
0 32
0 140
2 2048
0 119
2 2048
1 2048
0 330
1 2048
0 63
0 284
2 2048
0 311
1 2048
0 1692
0 128
2 2048
0 1219
0 383
2 2048
0 239
0 97
1 2048
0 127
0 803
2 2048
4 2048
2 2048
1 2048
0 264
1 2048
0 168
0 687
1 2048
0 628
1 2048
0 324
0 240
0 1405
0 306
0 97
0 173
0 284
1 2048
1 2048
0 951
1 2048
0 982
1 2048
0 463
0 773
1 2048
0 1198
3 2048
0 179
0 370
2 2048
0 408
0 311
0 330
2 2048
0 400
0 265
0 593
1 2048
0 444
1 2048
0 453
0 210
0 136
0 208
1 2048
0 209
2 2048
0 438
0 695
2 2048
0 230
0 1054
0 461
1 2048
1 2048
0 667
3 2048
0 417
1 2048
0 180
2 2048
0 599
2 2048
0 116
0 71
0 790
1 2048
2 2048
1 2048
1 2048
0 437
0 168
0 470
1 2048
3 2048
0 209
3 2048
1 2048
0 438
0 680
0 298
3 2048
1 2048
1 2048
0 524
0 1216
1 2048
0 89
1 2048
3 2048
1 2048
1 2048
0 529
0 115
1 2048
1 2048
0 237
0 848
0 1849
1 2048
1 2048
1 2048
2 2048
0 1870
3 2048
2 2048
0 361
0 126
4 2048
0 222
4 2048
1 2048
0 972
2 2048
1 2048
0 254
1 2048
0 1621
0 308
0 263
2 2048
1 2048
0 232
0 1026
4 2048
0 325
1 2048
1 2048
0 419
1 2048
0 423
1 2048
0 204
0 174
0 367
0 386
0 194
0 595
0 276
0 845
1 2048
0 199
0 122
0 643
1 2048
0 377
1 2048
0 1191
0 315
0 390
0 352
0 1559
1 2048
1 2048
2 2048
0 103
0 384
1 2048
0 230
0 243
2 2048
1 2048
1 2048
0 210
1 2048
0 81
1 2048
0 397
0 201
0 91
0 633
1 2048
0 303
0 608
1 2048
0 410
0 161
0 167
0 609
0 965
1 2048
0 162
0 732
0 392
1 2048
1 2048
0 1307
0 158
0 148
1 2048
0 391
0 218
0 954
3 2048
0 1162
1 2048
1 2048
3 2048
0 812
1 2048
1 2048
0 197
1 2048
0 145
1 2048
0 464
0 474
3 2048
0 206
0 275
0 166
0 273
0 539
3 2048
0 157
0 215
0 545
0 227
0 413
0 318
2 2048
0 1300
3 2048
0 791
0 311
1 2048
0 1143
0 157
0 454
0 375
1 2048
0 704
0 371
0 32
3 2048
0 293
0 966
0 174
0 461
0 639
0 455
0 147
0 236
0 305
0 584
1 2048
2 2048
1 2048
0 592
1 2048
0 67
1 2048
0 882
0 1298
0 336
0 747
0 219
0 495
0 305
0 353
0 189
3 2048
0 301
0 428
0 1629
2 2048
0 482
0 165
2 2048
1 2048
0 194
0 266
2 2048
0 316
1 2048
0 218
0 803
0 167
1 2048
0 314
0 225
1 2048
1 2048
1 2048
0 704
0 154
4 2048
0 392
0 1629
1 2048
2 2048
0 158
1 2048
0 189
0 171
0 668
0 346
1 2048
0 451
0 175
0 398
0 203
0 399
0 221
0 193
1 2048
2 2048
2 2048
2 2048
0 727
2 2048
0 145
1 2048
2 2048
0 237
1 2048
1 2048
3 2048
0 153
1 2048
2 2048
0 71
2 2048
0 520
2 2048
1 2048
3 2048
1 2048
0 303
0 213
2 2048
0 232
0 407
1 2048
0 85
0 155
1 2048
2 2048
0 743
0 168
1 2048
3 2048
0 282
1 2048
0 434
0 220
3 2048
1 2048
1 2048
0 153
0 356
0 555
0 271
0 257
0 1188
0 65
0 622
0 188
1 2048
0 1819
0 370
0 387
0 550
1 2048
0 662
0 1046
0 204
1 2048
1 2048
1 2048
1 2048
0 244
0 94
0 171
0 772
0 155
2 2048
0 135
0 1574
0 561
0 213
1 2048
1 2048
0 596
1 2048
0 226
0 987
0 141
3 2048
1 2048
2 2048
1 2048
0 364
1 2048
0 537
2 2048
0 106
0 156
0 311
1 2048
0 449
0 415
0 386
1 2048
2 2048
1 2048
0 862
0 607
0 201
0 448
0 734
1 2048
0 338
0 182
0 192
0 277
1 2048
0 1690
0 231
0 845
1 2048
1 2048
0 401
0 937
5 2048
1 2048
2 2048
0 249
0 123
0 173
2 2048
0 261
0 336
0 219
0 206
1 2048
2 2048
1 2048
0 509
0 349
0 1372
0 142
0 539
0 202
1 2048
0 1651
1 2048
0 1439
0 451
1 2048
1 2048
0 1750
1 2048
3 2048
0 207
0 104
0 1298
3 2048
1 2048
1 2048
0 315
0 180
0 210
0 568
1 2048
0 544
1 2048
1 2048
0 679
0 259
0 265
0 670
1 2048
0 448
0 683
0 471
0 510
0 177
1 2048
1 2048
4 2048
0 757
0 357
1 2048
0 139
0 546
0 332
0 443
0 400
0 530
0 802
0 255
2 2048
0 652
0 180
0 458
0 277
0 162
0 667
2 2048
0 200
0 565
0 165
3 2048
0 265
0 195
2 2048
0 336
4 2048
0 732
0 86
1 2048
0 1578
0 98
0 144
1 2048
1 2048
0 419
0 867
0 884
0 141
0 854
1 2048
3 2048
0 1244
0 103
2 2048
0 215
0 529
0 597
0 507
1 2048
0 535
2 2048
0 337
2 2048
1 2048
0 204
1 2048
0 654
0 457
1 2048
1 2048
0 292
0 110
0 689
0 604
0 324
0 76
0 889
2 2048
1 2048
0 292
1 2048
0 411
0 235
1 2048
0 215
0 965
1 2048
0 220
0 383
1 2048
0 300
0 748
0 311
0 176
0 186
0 34
0 614
0 84
0 311
0 1585
0 214
1 2048
0 634
0 65
0 323
0 312
0 303
0 458
0 141
1 2048
0 500
0 762
1 2048
1 2048
0 635
0 288
0 305
0 596
1 2048
2 2048
4 2048
0 255
0 300
1 2048
2 2048
0 338
0 1825
0 541
0 29
2 2048
0 1848
1 2048
0 536
1 2048
1 2048
1 2048
2 2048
3 2048
0 87
0 157
0 515
1 2048
1 2048
1 2048
1 2048
0 859
2 2048
1 2048
1 2048
0 100
0 300
1 2048
0 410
1 2048
1 2048
0 129
0 342
2 2048
1 2048
0 280
1 2048
1 2048
0 135
2 2048
0 248
0 816
2 2048
1 2048
0 1291
0 498
1 2048
2 2048
1 2048
0 221
0 591
0 617
0 497
0 159
2 2048
0 157
0 1738
1 2048
0 180
3 2048
0 656
0 592
0 158
0 479
0 196
1 2048
0 363
0 398
0 90
2 2048
0 1275
0 439
0 449
0 134
2 2048
0 559
1 2048
0 339
0 223
0 667
0 317
0 282
1 2048
0 736
2 2048
0 123
0 513
0 294
0 253
0 271
0 75
2 2048
0 306
0 475
2 2048
4 2048
3 2048
1 2048
0 696
1 2048
2 2048
0 259
0 491
0 197
0 99
3 2048
1 2048
0 315
0 553
4 2048
1 2048
0 567
0 492
0 1872
0 328
0 210
1 2048
0 470
1 2048
1 2048
0 174
2 2048
0 769
1 2048
1 2048
0 60
0 770
0 355
0 388
0 399
0 702
0 499
0 273
0 222
1 2048
3 2048
1 2048
0 151
0 606
2 2048
0 483
0 686
1 2048
0 1468
0 925
1 2048
1 2048
1 2048
1 2048
0 367
1 2048
0 465
1 2048
0 514
1 2048
0 82
0 607
1 2048
1 2048
0 369
1 2048
1 2048
1 2048
0 896
1 2048
0 254
1 2048
0 719
3 2048
1 2048
1 2048
1 2048
0 665
2 2048
0 161
0 360
1 2048
0 610
1 2048
0 387
1 2048
2 2048
2 2048
1 2048
1 2048
0 481
0 842
1 2048
0 101
0 449
0 443
1 2048
0 304
0 315
0 412
0 477
0 409
2 2048
2 2048
0 680
0 592
0 326
1 2048
0 120
2 2048
1 2048
3 2048
0 434
0 620
0 662
2 2048
0 310
5 2048
1 2048
1 2048
0 634
1 2048
0 391
0 131
1 2048
0 855
1 2048
0 335
0 281
0 566
1 2048
2 2048
0 586
0 1838
0 739
0 414
1 2048
0 200
1 2048
2 2048
0 668
0 367
0 374
0 206
0 1694
0 476
0 322
0 341
0 1530
1 2048
0 114
1 2048
0 1202
0 266
0 1995
1 2048
2 2048
2 2048
0 288
0 503
0 304
1 2048
0 215
0 398
1 2048
0 392
0 208
0 746
0 346
0 662
0 416
2 2048
0 451
0 308
0 455
0 401
0 252
0 540
0 947
0 176
2 2048
0 569
0 606
0 383
0 458
2 2048
0 145
1 2048
1 2048
1 2048
0 334
0 1552
4 2048
0 426
1 2048
0 280
2 2048
0 642
1 2048
0 859
1 2048
0 431
0 1325
3 2048
0 432
2 2048
3 2048
2 2048
0 256
0 233
1 2048
3 2048
1 2048
1 2048
1 2048
1 2048
1 2048
0 868
0 758
0 758
0 490
0 286
1 2048
1 2048
0 235
2 2048
0 120
0 168
0 160
2 2048
2 2048
0 235
0 91
0 871
1 2048
1 2048
1 2048
1 2048
0 648
1 2048
2 2048
2 2048
0 404
1 2048
0 1187
1 2048
1 2048
0 373
1 2048
0 392
0 131
0 262
0 895
0 413
0 103
1 2048
0 268
0 181
0 457
1 2048
2 2048
0 147
0 581
1 2048
0 181
0 386
1 2048
1 2048
0 142
1 2048
0 453
0 449
0 140
0 128
1 2048
1 2048
0 441
1 2048
1 2048
3 2048
2 2048
0 899
0 126
1 2048
1 2048
0 156
0 247
0 87
1 2048
2 2048
1 2048
0 338
0 304
0 353
0 412
1 2048
0 951
2 2048
3 2048
0 1249
1 2048
0 203
0 230
0 406
1 2048
0 261
0 198
0 464
1 2048
0 1330
0 772
1 2048
0 400
1 2048
1 2048
0 107
0 43
0 83
0 133
1 2048
0 359
0 135
1 2048
2 2048
1 2048
0 244
0 309
0 145
0 109
0 115
1 2048
0 1034
0 171
0 389
0 612
0 572
0 165
1 2048
0 139
0 494
2 2048
1 2048
0 532
1 2048
2 2048
0 633
0 150
0 138
0 792
2 2048
1 2048
0 837
1 2048
1 2048
3 2048
0 349
0 193
0 915
2 2048
2 2048
1 2048
0 429
2 2048
1 2048
3 2048
1 2048
0 260
2 2048
0 119
1 2048
0 209
0 208
1 2048
0 116
0 650
1 2048
2 2048
0 709
0 364
1 2048
0 471
0 43
0 273
0 629
0 92
0 199
0 410
0 835
1 2048
1 2048
0 120
0 483
2 2048
3 2048
0 333
1 2048
0 282
1 2048
0 284
0 502
0 566
1 2048
0 345
0 167
0 444
0 216
0 463
2 2048
0 446
0 372
1 2048
3 2048
1 2048
0 280
0 339
0 358
0 196
2 2048
1 2048
0 436
0 153
1 2048
0 446
0 457
1 2048
0 348
0 363
2 2048
1 2048
0 889
2 2048
0 168
0 375
0 410
0 297
3 2048
1 2048
0 533
1 2048
0 316
1 2048
0 1272
1 2048
1 2048
0 1552
0 85
0 279
0 529
1 2048
0 216
0 633
0 1205
0 428
1 2048
2 2048
1 2048
1 2048
3 2048
1 2048
4 2048
1 2048
0 435
0 209
0 112
0 457
0 110
0 418
0 321
0 230
2 2048
1 2048
0 232
3 2048
1 2048
0 380
1 2048
0 347
1 2048
0 367
1 2048
0 624
1 2048
0 166
0 135
1 2048
2 2048
0 1597
0 237
0 421
0 640
1 2048
0 368
2 2048
1 2048
0 93
0 1129
1 2048
3 2048
0 427
1 2048
0 1123
0 444
1 2048
3 2048
0 569
2 2048
0 534
0 173
0 75
1 2048
1 2048
2 2048
1 2048
1 2048
1 2048
0 41
1 2048
0 398
0 284
0 207
1 2048
1 2048
0 692
0 594
0 890
0 588
0 117
2 2048
0 1375
3 2048
1 2048
0 357
1 2048
2 2048
0 371
1 2048
1 2048
1 2048
3 2048
0 168
0 631
0 459
0 469
0 126
1 2048
0 158
0 282
1 2048
1 2048
2 2048
0 208
0 404
1 2048
1 2048
0 251
0 1296
0 180
1 2048
0 340
0 424
2 2048
0 185
1 2048
1 2048
2 2048
0 725
1 2048
0 385
1 2048
0 455
0 257
1 2048
0 124
2 2048
0 665
0 281
1 2048
0 652
0 168
0 166
0 147
2 2048
3 2048
0 1566
0 322
0 468
0 1004
0 252
0 179
2 2048
0 85
0 176
1 2048
0 126
1 2048
3 2048
0 275
2 2048
0 338
1 2048
2 2048
0 165
0 245
1 2048
1 2048
0 1868
0 382
0 538
2 2048
2 2048
0 438
0 433
2 2048
0 804
0 1326
0 729
0 467
0 1095
2 2048
2 2048
0 1309
1 2048
1 2048
0 1229
0 77
0 156
0 150
0 795
0 619
2 2048
2 2048
1 2048
1 2048
0 404
1 2048
0 396
1 2048
1 2048
0 535
0 814
2 2048
0 276
0 263
0 657
1 2048
0 1175
0 412
2 2048
0 290
0 335
0 124
0 274
0 368
0 993
1 2048
0 459
0 230
0 377
0 902
0 459
2 2048
0 263
0 104
0 429
1 2048
0 536
1 2048
0 334
0 749
0 231
0 490
0 436
1 2048
0 487
0 798
0 180
0 511
0 247
0 909
0 885
1 2048
0 126
0 66
0 479
0 914
1 2048
0 576
0 266
1 2048
0 296
0 1102
1 2048
0 513
0 307
0 629
1 2048
0 91
0 371
0 374
2 2048
1 2048
0 1331
2 2048
0 399
1 2048
1 2048
0 555
1 2048
3 2048
0 320
1 2048
1 2048
2 2048
0 149
1 2048
0 261
1 2048
0 141
0 673
0 1125
0 1035
1 2048
1 2048
1 2048
1 2048
1 2048
2 2048
1 2048
1 2048
1 2048
0 175
0 98
2 2048
1 2048
0 539
0 457
2 2048
1 2048
0 810
2 2048
0 225
1 2048
1 2048
1 2048
0 634
2 2048
4 2048
0 389
0 261
0 302
0 423
1 2048
0 733
0 825
0 58
2 2048
0 60
0 182
0 95
2 2048
0 214
0 324
0 150
1 2048
0 786
0 679
1 2048
0 422
0 224
2 2048
0 529
0 439
0 309
0 126
0 249
1 2048
0 711
0 358
0 668
0 209
1 2048
2 2048
3 2048
0 188
1 2048
0 547
0 398
1 2048
0 420
1 2048
1 2048
3 2048
0 230
2 2048
0 102
2 2048
0 540
0 154
0 417
2 2048
1 2048
3 2048
0 471
1 2048
0 968
0 1181
0 115
0 427
2 2048
1 2048
2 2048
3 2048
3 2048
0 362
0 175
0 290
1 2048
1 2048
1 2048
0 111
0 438
1 2048
0 556
1 2048
0 510
1 2048
2 2048
0 34
0 433
0 296
0 662
0 283
2 2048
0 346
0 337
1 2048
1 2048
0 307
0 350
1 2048
0 163
0 431
0 894
0 667
0 509
0 308
0 135
0 529
2 2048
1 2048
3 2048
0 544
1 2048
1 2048
0 386
1 2048
1 2048
1 2048
0 360
1 2048
2 2048
0 289
2 2048
3 2048
0 1030
0 1055
0 518
1 2048
1 2048
0 768
0 262
2 2048
0 1070
0 505
0 528
0 665
0 184
0 115
1 2048
0 508
1 2048
1 2048
0 609
0 663
2 2048
0 1018
1 2048
0 447
0 474
1 2048
1 2048
1 2048
0 247
0 159
1 2048
1 2048
2 2048
0 519
0 487
1 2048
1 2048
0 1866
0 1278
0 414
0 955
0 447
1 2048
0 158
0 301
1 2048
0 142
3 2048
0 650
0 148
0 424
0 1609
1 2048
0 593
0 116
0 993
0 461
0 1624
0 241
0 195
0 806
1 2048
2 2048
1 2048
0 65
0 287
0 72
0 410
0 1173
1 2048
2 2048
0 294
1 2048
0 251
1 2048
0 436
1 2048
1 2048
1 2048
0 253
1 2048
0 630
0 1209
0 293
5 2048
0 492
0 169
0 291
1 2048
1 2048
0 469
2 2048
0 1479
3 2048
0 683
0 384
1 2048
0 216
0 131
1 2048
0 166
0 425
0 352
1 2048
0 635
1 2048
0 810
1 2048
2 2048
0 188
0 82
1 2048
0 271
3 2048
0 180
0 126
0 244
0 414
0 239
1 2048
2 2048
0 685
1 2048
0 286
2 2048
1 2048
0 520
4 2048
2 2048
0 954
0 597
0 285
0 447
1 2048
0 107
2 2048
0 405
0 192
0 1487
3 2048
1 2048
2 2048
0 243
3 2048
1 2048
0 190
0 481
0 759
0 552
3 2048
1 2048
0 192
0 752
7 2048
0 107
1 2048
0 656
0 678
0 531
0 337
0 708
1 2048
2 2048
0 183
1 2048
0 404
0 353
0 216
0 687
2 2048
0 982
1 2048
0 1325
0 192
1 2048
0 510
0 115
0 513
0 398
2 2048
0 1815
0 335
0 1642
3 2048
0 254
0 153
3 2048
0 137
0 393
0 542
0 188
0 203
1 2048
1 2048
0 819
0 1047
2 2048
1 2048
1 2048
0 694
1 2048
0 161
0 119
0 291
0 407
0 162
2 2048
0 388
2 2048
0 115
0 127
0 662
1 2048
2 2048
0 219
0 83
0 567
0 76
1 2048
0 492
2 2048
0 749
0 444
0 330
1 2048
0 1054
1 2048
1 2048
0 410
0 445
1 2048
2 2048
0 560
1 2048
0 431
1 2048
0 228
0 1302
1 2048
0 400
0 615
0 229
0 1248
3 2048
0 706
0 538
1 2048
2 2048
1 2048
1 2048
1 2048
2 2048
0 212
0 94
0 130
1 2048
1 2048
0 261
1 2048
0 322
0 405
1 2048
3 2048
0 417
2 2048
0 251
1 2048
0 64
0 905
1 2048
2 2048
1 2048
0 290
3 2048
0 1236
2 2048
0 43
2 2048
0 305
1 2048
2 2048
0 908
1 2048
2 2048
1 2048
1 2048
1 2048
1 2048
1 2048
0 825
1 2048
1 2048
0 389
0 795
1 2048
0 178
0 302
1 2048
1 2048
0 557
0 274
0 1654
0 551
0 209
0 1699
0 97
0 285
0 825
0 683
2 2048
3 2048
2 2048
1 2048
0 1045
1 2048
0 107
0 542
1 2048
0 191
1 2048
0 1174
0 673
0 98
0 140
1 2048
4 2048
0 144
0 244
1 2048
2 2048
1 2048
0 594
0 328
2 2048
0 459
0 40
0 898
0 242
0 361
0 365
1 2048
2 2048
0 127
2 2048
0 81
2 2048
1 2048
1 2048
0 363
0 461
0 547
1 2048
1 2048
1 2048
0 447
0 940
1 2048
0 532
0 600
0 993
0 832
2 2048
0 90
1 2048
2 2048
0 402
0 509
0 101
0 55
0 484
2 2048
0 56
2 2048
2 2048
0 243
0 698
0 811
1 2048
0 177
0 593
2 2048
0 138
0 251
0 492
0 365
0 1325
0 102
1 2048
1 2048
0 147
0 1866
0 274
1 2048
1 2048
0 1840
0 357
1 2048
1 2048
3 2048
0 91
1 2048
2 2048
0 310
0 108
1 2048
1 2048
0 207
0 664
0 818
0 2038
2 2048
0 454
0 249
2 2048
0 512
2 2048
0 206
1 2048
0 236
0 1274
2 2048
0 779
0 204
0 753
3 2048
2 2048
1 2048
1 2048
1 2048
0 770
0 175
0 333
2 2048
0 216
3 2048
0 183
0 460
0 315
0 144
0 616
0 193
2 2048
0 376
0 1150
0 370
0 262
2 2048
1 2048
3 2048
0 436
1 2048
0 648
1 2048
0 514
0 463
0 524
0 800
2 2048
0 314
0 135
0 138
0 124
0 312
0 416
1 2048
0 592
0 73
0 230
4 2048
0 661
2 2048
0 148
0 354
2 2048
0 409
0 503
1 2048
2 2048
2 2048
0 157
0 922
1 2048
0 279
3 2048
0 171
0 130
0 204
1 2048
0 243
0 283
0 72
1 2048
2 2048
0 473
0 377
0 279
0 180
0 262
0 863
0 312
1 2048
0 252
0 345
0 247
1 2048
2 2048
1 2048
0 1745
2 2048
0 1055
2 2048
0 734
0 1056
1 2048
0 422
0 622
1 2048
3 2048
0 829
1 2048
1 2048
1 2048
0 1106
1 2048
1 2048
1 2048
0 198
1 2048
0 656
0 440
1 2048
0 934
1 2048
1 2048
1 2048
1 2048
0 751
1 2048
1 2048
1 2048
0 332
0 327
2 2048
0 403
0 486
0 742
0 318
2 2048
1 2048
0 715
0 650
0 284
0 868
0 167
0 947
1 2048
0 397
0 638
0 1297
0 1104
1 2048
1 2048
1 2048
1 2048
0 247
0 218
0 73
1 2048
0 371
1 2048
0 434
0 1704
0 592
1 2048
0 430
0 508
0 118
0 78
1 2048
0 303
1 2048
2 2048
1 2048
0 540
1 2048
0 484
0 400
0 154
0 584
0 1006
0 126
4 2048
4 2048
0 843
1 2048
0 815
2 2048
2 2048
3 2048
0 408
4 2048
0 707
0 127
0 416
0 347
0 824
0 281
0 698
0 797
0 265
0 349
0 345
0 228
0 507
0 1747
2 2048
0 328
1 2048
0 368
0 475
0 340
0 206
0 767
1 2048
1 2048
2 2048
1 2048
1 2048
0 2039
0 97
1 2048
2 2048
0 869
0 381
1 2048
0 327
0 151
1 2048
1 2048
0 251
0 475
3 2048
1 2048
0 499
0 165
0 867
0 238
2 2048
2 2048
1 2048
1 2048
0 75
1 2048
0 359
1 2048
1 2048
0 528
0 1459
1 2048
1 2048
0 205
0 1483
1 2048
0 326
0 386
2 2048
1 2048
2 2048
0 247
0 299
1 2048
1 2048
1 2048
0 583
1 2048
0 475
0 110
0 1889
0 864
1 2048
0 1543
2 2048
1 2048
3 2048
0 1353
1 2048
1 2048
0 629
0 115
1 2048
0 156
0 683
0 236
0 302
0 697
0 360
1 2048
1 2048
1 2048
0 445
0 125
1 2048
0 138
0 302
0 246
1 2048
0 152
0 267
0 762
1 2048
0 1199
0 399
3 2048
0 1559
0 332
0 522
0 469
0 156
0 479
0 389
0 110
0 467
0 238
1 2048
1 2048
0 262
0 1197
1 2048
0 497
0 106
3 2048
1 2048
0 704
0 393
0 385
0 423
0 721
1 2048
2 2048
1 2048
1 2048
0 199
0 1502
1 2048
0 575
0 660
0 187
0 636
0 291
1 2048
3 2048
1 2048
1 2048
2 2048
1 2048
0 265
0 713
2 2048
0 267
1 2048
0 432
2 2048
0 172
0 184
1 2048
0 235
0 385
1 2048
0 924
0 339
0 90
0 299
3 2048
3 2048
1 2048
1 2048
0 653
1 2048
1 2048
0 528
0 497
1 2048
0 170
0 629
0 227
2 2048
2 2048
0 502
0 89
0 215
0 298
0 933
1 2048
1 2048
1 2048
0 535
1 2048
0 171
0 65
0 157
0 516
3 2048
1 2048
2 2048
0 95
1 2048
0 564
0 798
0 211
1 2048
0 785
0 148
0 351
0 129
2 2048
0 306
0 876
1 2048
0 208
0 297
0 777
0 236
4 2048
1 2048
0 605
4 2048
2 2048
0 402
0 1325
0 161
0 178
1 2048
3 2048
0 310
0 217
0 388
0 280
1 2048
0 1163
2 2048
1 2048
0 835
1 2048
1 2048
2 2048
1 2048
3 2048
0 198
2 2048
0 177
1 2048
0 544
0 390
0 1107
0 209
2 2048
1 2048
3 2048
0 634
0 408
0 196
2 2048
0 507
0 482
0 267
0 422
1 2048
0 157
1 2048
0 194
0 494
0 84
1 2048
1 2048
1 2048
0 928
0 203
0 820
0 422
0 399
2 2048
1 2048
0 292
1 2048
2 2048
0 277
0 590
3 2048
0 803
0 157
0 225
0 316
2 2048
0 632
0 1851
0 216
0 352
0 514
1 2048
0 429
1 2048
0 307
2 2048
0 225
0 73
0 573
1 2048
0 743
1 2048
2 2048
2 2048
0 336
2 2048
1 2048
1 2048
0 397
1 2048
0 692
0 519
1 2048
0 652
0 502
1 2048
0 308
0 409
1 2048
0 107
0 148
0 80
0 1270
0 114
0 457
0 193
0 196
1 2048
0 259
0 120
0 371
0 137
0 698
0 1062
0 1265
1 2048
0 1023
0 107
1 2048
0 393
2 2048
1 2048
0 116
0 251
0 501
0 474
0 435
0 539
0 630
1 2048
1 2048
0 602
3 2048
0 935
0 234
0 645
0 157
2 2048
0 227
2 2048
0 337
0 179
0 584
0 174
2 2048
0 699
1 2048
0 86
1 2048
0 611
2 2048
2 2048
1 2048
0 132
2 2048
1 2048
0 387
1 2048
1 2048
0 412
0 100
0 288
0 773
0 318
1 2048
0 440
2 2048
0 394
0 331
1 2048
1 2048
0 1656
1 2048
0 1939
0 399
0 1182
0 650
0 254
0 388
0 300
2 2048
0 392
0 572
0 160
2 2048
0 218
0 315
2 2048
0 228
1 2048
0 62
0 344
2 2048
1 2048
0 316
1 2048
0 512
0 427
1 2048
1 2048
0 415
1 2048
0 161
0 154
0 395
2 2048
0 144
0 374
1 2048
1 2048
0 353
2 2048
1 2048
2 2048
0 139
1 2048
1 2048
0 713
0 1997
0 608
4 2048
1 2048
1 2048
0 512
0 421
1 2048
0 467
0 278
0 109
0 675
0 1222
0 1058
0 428
1 2048
2 2048
1 2048
3 2048
0 353
1 2048
0 263
1 2048
0 90
0 909
2 2048
0 1544
0 392
0 242
0 77
0 469
0 173
0 235
3 2048
2 2048
0 961
2 2048
0 160
0 791
1 2048
0 592
0 128
0 441
0 417
1 2048
0 360
0 290
0 800
3 2048
2 2048
1 2048
0 1330
1 2048
0 174
2 2048
0 673
1 2048
0 470
0 131
0 162
0 239
0 682
1 2048
3 2048
0 123
0 802
0 806
0 748
1 2048
2 2048
0 270
0 585
0 67
0 382
0 592
0 186
1 2048
0 343
0 509
0 655
0 214
0 357
0 162
1 2048
1 2048
2 2048
0 560
4 2048
1 2048
0 879
0 166
1 2048
1 2048
0 321
1 2048
0 342
0 767
1 2048
0 390
0 594
0 223
1 2048
0 512
0 123
0 72
2 2048
0 1952
1 2048
0 75
0 1661
0 237
1 2048
0 554
0 406
0 527
0 541
0 501
0 175
2 2048
1 2048
0 345
1 2048
0 173
0 353
0 1592
1 2048
0 57
1 2048
0 555
2 2048
0 491
2 2048
0 469
1 2048
0 351
2 2048
1 2048
0 1308
0 313
0 1898
0 444
0 858
0 1275
0 432
0 251
0 218
2 2048
2 2048
1 2048
2 2048
0 287
2 2048
1 2048
0 682
0 288
1 2048
2 2048
0 204
0 671
0 495
0 520
3 2048
0 240
1 2048
0 200
1 2048
0 1095
0 647
1 2048
1 2048
1 2048
0 247
0 185
0 312
3 2048
0 315
0 317
0 1101
1 2048
1 2048
0 612
0 513
0 277
0 283
1 2048
0 505
0 272
1 2048
1 2048
0 491
0 310
2 2048
1 2048
0 224
0 336
0 278
0 973
1 2048
7 2048
0 551
0 489
0 1384
1 2048
0 849
1 2048
0 446
2 2048
0 359
1 2048
0 264
0 588
0 455
0 452
3 2048
0 185
2 2048
0 111
2 2048
0 202
1 2048
2 2048
0 228
1 2048
1 2048
0 336
0 1541
0 714
1 2048
3 2048
1 2048
0 624
2 2048
0 104
0 994
1 2048
0 933
0 362
0 336
1 2048
0 302
0 279
2 2048
0 646
0 353
1 2048
0 141
0 720
0 207
0 1377
1 2048
0 1081
1 2048
1 2048
3 2048
0 464
2 2048
3 2048
0 295
0 212
0 1493
2 2048
2 2048
0 1178
1 2048
0 68
0 646
4 2048
0 178
0 435
0 293
1 2048
5 2048
2 2048
1 2048
1 2048
0 228
0 244
0 427
0 1080
2 2048
0 471
0 480
1 2048
3 2048
2 2048
0 648
0 370
0 173
0 91
0 442
0 774
0 774
0 190
0 389
0 941
0 900
1 2048
0 344
0 101
1 2048
0 526
0 185
1 2048
0 205
1 2048
1 2048
0 333
0 271
1 2048
2 2048
1 2048
1 2048
0 883
2 2048
2 2048
1 2048
0 195
0 770
1 2048
1 2048
0 217
0 172
1 2048
0 270
0 116
0 219
0 140
1 2048
0 470
1 2048
2 2048
0 83
0 179
1 2048
2 2048
3 2048
1 2048
2 2048
0 254
2 2048
0 166
1 2048
0 515
1 2048
0 389
0 976
0 211
0 1118
0 140
0 674
0 350
0 545
0 391
1 2048
1 2048
0 707
0 500
0 62
0 459
0 711
1 2048
0 485
1 2048
2 2048
0 1192
1 2048
0 289
0 632
2 2048
0 467
1 2048
0 594
0 878
4 2048
0 463
1 2048
0 201
0 445
0 416
0 322
1 2048
0 865
0 290
1 2048
0 80
0 375
1 2048
2 2048
1 2048
0 649
1 2048
0 596
0 705
0 187
0 187
0 502
1 2048
0 1341
2 2048
1 2048
1 2048
0 379
0 736
0 1087
2 2048
1 2048
0 262
0 66
1 2048
0 641
0 241
1 2048
0 539
1 2048
2 2048
0 597
1 2048
0 583
0 205
0 542
0 604
1 2048
0 359
0 750
1 2048
0 140
1 2048
1 2048
0 130
0 202
0 177
1 2048
0 354
0 302
2 2048
0 259
0 557
2 2048
2 2048
2 2048
0 125
0 196
0 97
0 373
1 2048
1 2048
5 2048
0 473
0 407
0 890
0 210
0 322
0 1232
0 162
2 2048
1 2048
1 2048
1 2048
0 518
1 2048
1 2048
0 189
0 283
3 2048
0 488
0 1040
0 832
0 69
1 2048
2 2048
2 2048
0 60
0 605
0 249
0 324
0 178
0 660
0 303
0 349
0 330
0 366
0 194
1 2048
0 449
1 2048
0 204
0 331
0 357
0 100
0 45
0 442
0 270
2 2048
0 612
0 1101
0 323
0 363
0 695
0 189
1 2048
0 282
1 2048
3 2048
0 407
0 1607
2 2048
0 333
0 375
0 338
0 527
1 2048
1 2048
0 800
2 2048
4 2048
0 311
0 193
0 76
1 2048
0 302
0 417
0 407
1 2048
0 378
0 258
0 293
3 2048
0 229
3 2048
1 2048
0 445
1 2048
0 623
0 867
4 2048
0 883
1 2048
0 876
1 2048
1 2048
0 319
0 243
2 2048
0 1749
2 2048
0 250
0 648
0 875
3 2048
0 350
0 141
1 2048
3 2048
0 510
0 135
0 259
4 2048
0 186
1 2048
0 1309
0 897
0 604
0 238
1 2048
1 2048
1 2048
0 600
1 2048
0 314
0 487
3 2048
0 190
0 1731
0 384
0 450
0 726
1 2048
0 518
0 326
0 188
0 169
0 765
2 2048
0 323
2 2048
0 747
0 419
0 430
0 461
0 424
0 474
0 331
0 468
0 149
0 1757
1 2048
1 2048
0 200
1 2048
1 2048
1 2048
0 664
2 2048
1 2048
1 2048
0 1640
0 331
0 534
0 292
1 2048
0 644
0 1371
2 2048
2 2048
1 2048
2 2048
1 2048
0 165
1 2048
2 2048
0 148
0 153
0 264
0 163
1 2048
0 275
0 226
1 2048
0 1077
0 493
2 2048
0 871
0 423
1 2048
0 203
0 454
0 1138
0 529
0 330
1 2048
0 417
1 2048
1 2048
2 2048
1 2048
2 2048
3 2048
2 2048
1 2048
1 2048
0 375
1 2048
2 2048
0 360
2 2048
2 2048
0 517
0 56
1 2048
0 279
0 910
1 2048
2 2048
3 2048
2 2048
2 2048
0 483
0 108
2 2048
0 132
0 1632
0 88
0 432
1 2048
1 2048
0 193
0 163
1 2048
0 204
1 2048
2 2048
0 133
0 238
0 605
2 2048
1 2048
0 302
0 183
2 2048
1 2048
1 2048
0 319
2 2048
0 1248
0 855
0 229
3 2048
0 446
0 360
0 183
0 398
0 153
0 122
0 703
0 123
1 2048
0 787
3 2048
0 285
0 270
1 2048
0 595
2 2048
0 586
0 920
0 325
1 2048
0 299
0 136
0 1766
0 330
0 64
0 709
0 411
0 438
3 2048
0 348
1 2048
2 2048
6 2048
1 2048
0 118
0 257
1 2048
0 320
0 465
0 60
0 176
2 2048
1 2048
2 2048
0 78
1 2048
0 122
0 343
0 179
1 2048
0 672
0 1043
0 348
0 321
2 2048
2 2048
0 223
0 180
0 736
2 2048
0 938
1 2048
1 2048
3 2048
1 2048
1 2048
0 94
0 125
0 186
3 2048
2 2048
0 197
0 798
2 2048
1 2048
0 490
0 203
0 145
0 363
0 122
0 592
0 507
0 232
0 188
2 2048
0 549
1 2048
0 368
0 341
1 2048
1 2048
0 284
0 729
3 2048
0 168
1 2048
3 2048
0 360
2 2048
0 146
0 107
2 2048
2 2048
3 2048
1 2048
0 542
2 2048
0 1457
0 379
1 2048
0 139
1 2048
1 2048
0 253
0 370
1 2048
0 1319
0 463
0 104
0 409
0 347
1 2048
0 238
0 104
0 1228
0 238
1 2048
2 2048
0 732
1 2048
1 2048
0 495
1 2048
0 428
0 664
0 328
0 608
0 701
0 423
0 138
0 359
1 2048
2 2048
0 42
1 2048
0 641
1 2048
1 2048
0 966
1 2048
0 476
0 251
0 91
0 82
0 151
3 2048
0 140
0 273
0 290
2 2048
1 2048
0 673
0 369
0 657
1 2048
0 504
0 58
3 2048
0 639
1 2048
0 319
0 276
1 2048
1 2048
0 118
0 521
0 791
0 173
3 2048
0 114
1 2048
1 2048
5 2048
0 65
0 174
0 146
1 2048
2 2048
0 256
2 2048
0 504
0 318
1 2048
0 318
0 222
1 2048
0 309
0 778
0 193
0 1085
0 207
0 268
0 195
0 965
1 2048
2 2048
0 657
0 375
0 358
1 2048
1 2048
1 2048
0 275
0 362
0 209
1 2048
1 2048
0 607
0 146
0 646
0 452
0 594
0 287
0 279
0 703
0 129
1 2048
0 208
0 457
0 692
2 2048
0 138
0 935
0 312
1 2048
0 466
0 129
0 412
0 415
0 277
0 1040
1 2048
0 101
0 432
2 2048
1 2048
1 2048
1 2048
0 252
1 2048
0 117
2 2048
0 123
1 2048
1 2048
0 88
1 2048
0 609
0 811
0 734
0 335
0 207
1 2048
1 2048
0 891
1 2048
0 130
0 875
0 322
0 186
0 128
6 2048
0 259
1 2048
2 2048
1 2048
1 2048
1 2048
1 2048
3 2048
2 2048
0 189
0 375
1 2048
0 944
1 2048
0 167
0 128
1 2048
1 2048
0 260
3 2048
0 484
0 811
0 340
1 2048
2 2048
0 130
0 959
0 1650
0 669
0 126
1 2048
2 2048
0 96
0 92
1 2048
0 809
0 355
0 942
1 2048
1 2048
0 94
1 2048
0 559
0 177
0 369
0 360
0 123
0 1128
0 543
0 287
0 310
0 587
0 272
3 2048
0 720
0 1041
0 1192
1 2048
1 2048
0 221
2 2048
0 167
2 2048
0 403
1 2048
2 2048
1 2048
1 2048
0 240
0 170
0 301
0 208
2 2048
0 619
1 2048
0 248
0 690
1 2048
0 834
0 134
0 272
1 2048
1 2048
0 227
0 120
0 2005
1 2048
1 2048
1 2048
3 2048
0 210
0 665
0 869
3 2048
1 2048
3 2048
0 411
1 2048
0 117
2 2048
0 235
0 280
1 2048
0 219
0 413
0 361
2 2048
1 2048
1 2048
0 287
1 2048
0 92
0 640
0 99
0 104
0 81
1 2048
0 572
0 178
0 540
1 2048
2 2048
0 1345
0 381
0 849
1 2048
0 513
3 2048
4 2048
2 2048
0 422
0 246
0 86
0 156
0 332
1 2048
2 2048
0 498
0 399
0 261
0 255
0 592
4 2048
0 493
0 445
0 325
0 273
1 2048
0 164
0 905
1 2048
0 1640
0 866
1 2048
1 2048
0 633
1 2048
1 2048
0 197
0 248
0 1554
0 1028
1 2048
1 2048
1 2048
1 2048
0 170
1 2048
0 282
1 2048
0 507
0 232
0 419
0 262
2 2048
1 2048
2 2048
0 118
0 653
0 762
1 2048
0 427
1 2048
0 127
0 1131
0 108
1 2048
0 89
1 2048
2 2048
0 212
0 218
1 2048
1 2048
2 2048
0 489
0 361
0 483
0 153
3 2048
0 566
0 317
2 2048
1 2048
0 979
2 2048
1 2048
0 468
0 384
0 466
0 240
1 2048
1 2048
1 2048
0 152
1 2048
0 292
0 105
2 2048
1 2048
0 422
0 656
1 2048
2 2048
1 2048
6 2048
2 2048
0 257
0 359
0 1429
3 2048
1 2048
0 241
1 2048
1 2048
0 113
0 447
0 476
0 525
1 2048
0 201
0 361
0 558
0 353
0 66
0 126
1 2048
0 110
1 2048
0 296
0 544
1 2048
1 2048
3 2048
1 2048
3 2048
0 104
2 2048
0 179
0 182
0 137
0 543
2 2048
1 2048
1 2048
1 2048
3 2048
0 1077
7 2048
0 219
0 648
3 2048
0 649
4 2048
0 530
0 273
1 2048
0 350
1 2048
1 2048
0 254
0 91
0 233
0 138
0 17
1 2048
2 2048
0 72
2 2048
1 2048
2 2048
0 120
1 2048
2 2048
0 1094
1 2048
0 336
0 509
1 2048
0 614
1 2048
0 126
0 283
0 302
2 2048
0 459
2 2048
0 157
0 371
0 347
0 464
0 290
2 2048
1 2048
0 151
0 190
0 452
1 2048
2 2048
0 478
0 412
1 2048
1 2048
0 420
1 2048
1 2048
0 326
0 257
1 2048
1 2048
3 2048
0 242
1 2048
0 457
1 2048
0 159
0 203
0 357
3 2048
1 2048
1 2048
0 679
0 1224
0 149
1 2048
0 379
0 99
2 2048
1 2048
0 108
1 2048
0 874
0 518
0 687
0 149
2 2048
0 1223
3 2048
1 2048
1 2048
0 632
0 371
0 331
1 2048
4 2048
0 333
1 2048
0 252
0 1335
0 182
0 388
1 2048
0 348
1 2048
1 2048
0 939
0 246
0 408
0 1883
0 421
0 141
1 2048
0 154
2 2048
2 2048
1 2048
1 2048
0 894
0 304
0 165
0 355
0 175
0 599
3 2048
0 174
0 92
1 2048
2 2048
0 532
0 115
0 551
0 1413
0 28
0 249
0 143
0 769
1 2048
0 1589
1 2048
1 2048
0 277
0 1984
2 2048
2 2048
0 171
0 91
1 2048
1 2048
0 1764
1 2048
1 2048
0 812
0 114
0 99
1 2048
0 246
2 2048
0 524
0 82
0 1195
0 473
0 1176
2 2048
0 413
0 294
2 2048
0 521
0 118
1 2048
0 483
1 2048
0 412
0 130
1 2048
1 2048
0 223
1 2048
0 260
1 2048
4 2048
0 187
0 235
0 185
0 263
0 80
2 2048
1 2048
0 63
0 962
0 172
0 407
0 679
1 2048
1 2048
0 508
0 136
0 295
0 206
1 2048
3 2048
0 428
1 2048
0 585
1 2048
1 2048
1 2048
0 763
0 382
0 228
0 414
1 2048
0 486
0 842
1 2048
0 86
0 211
1 2048
1 2048
0 671
0 166
0 272
2 2048
0 311
0 131
0 330
0 651
3 2048
3 2048
2 2048
0 168
0 722
1 2048
0 290
0 1852
2 2048
0 814
2 2048
0 338
0 395
2 2048
0 372
0 399
0 442
0 1008
3 2048
1 2048
0 919
0 859
2 2048
0 1311
1 2048
0 904
1 2048
0 131
2 2048
0 100
2 2048
1 2048
0 176
1 2048
0 743
1 2048
1 2048
0 588
2 2048
0 1477
1 2048
1 2048
0 59
0 162
1 2048
0 184
0 439
2 2048
0 412
0 374
0 236
1 2048
0 100
1 2048
1 2048
0 161
2 2048
0 117
2 2048
0 203
0 471
0 1046
0 292
0 402
0 427
1 2048
2 2048
0 187
0 241
2 2048
1 2048
0 395
1 2048
1 2048
0 269
1 2048
0 264
1 2048
0 306
0 501
2 2048
1 2048
0 179
0 210
1 2048
1 2048
0 646
0 663
1 2048
0 142
0 713
0 410
0 271
0 47
0 388
0 242
0 244
1 2048
1 2048
1 2048
0 373
0 224
0 503
0 149
0 282
0 948
3 2048
0 313
0 557
0 291
0 720
0 252
1 2048
0 733
0 1078
1 2048
1 2048
0 595
0 409
0 535
0 536
0 654
0 321
0 120
4 2048
0 71
1 2048
0 1010
4 2048
0 218
2 2048
2 2048
0 222
1 2048
0 895
0 796
1 2048
0 401
0 268
2 2048
1 2048
2 2048
1 2048
1 2048
0 469
1 2048
0 60
2 2048
1 2048
2 2048
0 524
0 429
0 142
2 2048
1 2048
3 2048
0 915
0 351
2 2048
0 579
2 2048
0 112
0 206
1 2048
1 2048
0 447
0 154
0 371
1 2048
0 371
1 2048
1 2048
0 232
0 296
0 162
0 546
0 457
0 200
1 2048
2 2048
2 2048
1 2048
1 2048
0 628
2 2048
0 337
0 187
1 2048
0 292
0 467
0 241
2 2048
0 79
2 2048
1 2048
2 2048
0 625
0 357
1 2048
0 501
0 116
0 323
2 2048
1 2048
0 1544
1 2048
0 225
0 183
0 254
0 182
3 2048
1 2048
0 152
0 207
0 118
0 1419
0 794
0 447
0 998
0 488
1 2048
0 201
0 253
0 280
1 2048
1 2048
2 2048
1 2048
0 244
0 130
1 2048
1 2048
1 2048
0 997
1 2048
2 2048
1 2048
2 2048
2 2048
0 483
1 2048
0 529
0 158
3 2048
0 291
0 673
1 2048
2 2048
2 2048
1 2048
0 597
2 2048
0 85
0 447
0 120
2 2048
1 2048
1 2048
0 708
1 2048
0 552
1 2048
1 2048
2 2048
0 401
0 274
0 344
0 248
1 2048
0 1286
0 215
0 357
0 389
2 2048
3 2048
2 2048
1 2048
1 2048
0 1161
1 2048
1 2048
0 607
0 1913
0 448
2 2048
2 2048
0 251
0 355
0 1643
1 2048
0 88
0 410
0 276
2 2048
0 163
0 236
0 936
0 806
1 2048
0 644
0 351
3 2048
0 1944
0 297
0 237
0 446
2 2048
2 2048
0 497
1 2048
0 290
1 2048
0 315
0 407
0 118
1 2048
0 535
1 2048
0 163
0 640
0 39
3 2048
1 2048
0 479
1 2048
0 1035
1 2048
0 277
0 398
1 2048
0 638
0 164
0 346
1 2048
0 367
2 2048
2 2048
0 182
0 1050
0 561
4 2048
1 2048
0 102
0 501
0 237
0 376
0 205
0 671
1 2048
0 252
0 149
2 2048
0 106
0 299
0 645
0 750
2 2048
0 157
0 233
0 231
0 882
3 2048
0 253
0 350
0 579
1 2048
1 2048
0 234
1 2048
0 436
0 154
0 424
0 80
0 282
1 2048
0 297
0 626
3 2048
0 547
0 332
3 2048
2 2048
0 211
0 695
1 2048
0 780
0 160
0 985
1 2048
1 2048
0 217
0 172
0 1956
1 2048
0 300
0 504
3 2048
2 2048
0 613
3 2048
2 2048
0 566
0 365
1 2048
0 237
0 479
2 2048
1 2048
1 2048
0 92
0 187
2 2048
0 175
3 2048
0 696
0 236
0 197
0 467
0 997
2 2048
2 2048
1 2048
0 282
0 656
0 70
2 2048
1 2048
0 292
0 198
2 2048
0 115
1 2048
0 1486
0 651
0 619
0 788
0 789
0 800
2 2048
0 994
0 506
1 2048
0 288
0 646
0 142
0 380
0 348
0 1055
0 278
0 117
0 182
3 2048
1 2048
0 180
0 856
0 564
0 111
0 116
1 2048
1 2048
1 2048
1 2048
2 2048
0 232
0 170
0 1846
0 214
0 475
3 2048
0 137
3 2048
1 2048
0 218
1 2048
0 1096
0 351
0 436
0 305
0 348
0 439
2 2048
0 565
0 1933
1 2048
1 2048
1 2048
2 2048
1 2048
0 499
1 2048
0 425
0 535
0 387
0 256
3 2048
0 547
1 2048
0 221
3 2048
0 1335
1 2048
0 782
0 1768
0 1519
1 2048
0 576
2 2048
0 1781
2 2048
0 554
2 2048
0 495
1 2048
0 159
0 1934
2 2048
1 2048
0 304
0 1162
0 394
0 165
2 2048
0 177
2 2048
1 2048
1 2048
0 260
0 92
0 207
2 2048
0 697
1 2048
1 2048
1 2048
0 571
0 257
0 215
2 2048
0 671
2 2048
0 262
0 341
1 2048
1 2048
2 2048
0 582
0 161
0 223
0 484
0 1482
0 96
2 2048
0 336
0 503
1 2048
1 2048
1 2048
0 311
0 177
0 385
1 2048
0 239
0 136
1 2048
0 604
0 139
1 2048
0 499
0 1876
0 905
0 914
0 1580
0 612
0 740
1 2048
1 2048
1 2048
2 2048
0 1570
2 2048
0 232
0 111
0 190
0 160
0 352
0 1002
1 2048
2 2048
1 2048
0 1162
0 537
0 372
0 1246
0 470
1 2048
1 2048
3 2048
1 2048
0 865
0 152
1 2048
0 308
0 154
1 2048
0 328
0 227
1 2048
1 2048
0 777
0 1501
0 413
1 2048
0 320
2 2048
0 110
1 2048
0 342
2 2048
0 431
1 2048
1 2048
0 186
1 2048
2 2048
0 144
0 211
0 531
1 2048
0 255
1 2048
0 168
2 2048
1 2048
0 379
0 421
0 428
4 2048
1 2048
1 2048
0 344
0 106
2 2048
0 440
0 598
0 43
1 2048
0 150
0 136
2 2048
0 849
2 2048
0 461
0 422
0 584
1 2048
0 803
0 804
1 2048
0 376
0 555
2 2048
0 162
0 194
1 2048
3 2048
1 2048
1 2048
0 331
1 2048
0 348
1 2048
0 162
0 248
0 1071
0 159
0 432
1 2048
0 1561
0 527
1 2048
0 1270
0 47
0 84
1 2048
0 202
1 2048
0 265
1 2048
0 431
0 373
0 283
0 229
0 698
2 2048
1 2048
0 76
1 2048
0 368
1 2048
0 236
0 80
4 2048
0 344
0 724
0 774
1 2048
0 541
3 2048
0 237
0 158
0 327
0 178
2 2048
0 710
0 300
0 444
0 238
1 2048
0 368
0 188
0 302
0 124
0 957
0 1166
0 242
0 297
0 386
1 2048
0 295
0 553
0 286
2 2048
0 1186
1 2048
0 1656
0 234
0 410
0 80
0 286
0 804
1 2048
0 497
0 343
1 2048
0 646
0 1301
2 2048
0 377
0 401
1 2048
1 2048
0 139
0 1105
0 315
0 821
0 374
0 336
1 2048
1 2048
0 429
1 2048
0 362
1 2048
0 123
1 2048
0 1242
1 2048
2 2048
1 2048
1 2048
0 392
0 233
1 2048
0 328
0 1145
0 168
0 1450
0 162
1 2048
0 205
2 2048
0 102
0 169
1 2048
0 538
0 591
2 2048
1 2048
1 2048
1 2048
1 2048
0 538
0 316
1 2048
2 2048
0 127
0 218
0 422
1 2048
0 406
0 686
1 2048
1 2048
3 2048
0 657
0 170
1 2048
0 294
3 2048
0 358
0 298
0 366
1 2048
0 943
1 2048
0 525
0 91
2 2048
1 2048
0 460
0 569
1 2048
1 2048
0 539
0 112
0 535
0 112
3 2048
0 190
0 416
1 2048
1 2048
1 2048
1 2048
0 397
1 2048
0 173
0 256
0 349
0 645
1 2048
0 209
0 431
1 2048
0 708
3 2048
0 360
1 2048
2 2048
0 1376
0 149
1 2048
0 540
0 60
0 481
1 2048
0 444
1 2048
0 296
1 2048
1 2048
0 472
1 2048
1 2048
1 2048
0 637
0 204
2 2048
0 194
0 1509
0 1703
0 336
1 2048
0 183
0 492
0 783
1 2048
2 2048
0 238
1 2048
1 2048
0 554
1 2048
2 2048
1 2048
0 879
0 205
0 248
2 2048
0 385
1 2048
0 732
0 751
0 721
0 1071
0 150
0 600
0 1083
0 390
1 2048
0 338
2 2048
0 256
0 593
2 2048
0 222
0 674
0 397
0 564
0 760
0 441
2 2048
0 97
1 2048
0 208
0 232
0 233
1 2048
2 2048
1 2048
0 693
1 2048
1 2048
3 2048
0 387
1 2048
1 2048
0 528
0 295
1 2048
2 2048
0 630
0 570
0 384
0 429
1 2048
3 2048
0 204
2 2048
2 2048
0 268
2 2048
0 1429
1 2048
0 311
0 720
2 2048
0 142
1 2048
0 498
0 315
1 2048
2 2048
1 2048
1 2048
1 2048
2 2048
0 381
0 988
0 847
0 470
0 549
0 1271
0 1353
0 199
3 2048
4 2048
0 243
0 192
1 2048
4 2048
2 2048
0 277
2 2048
2 2048
0 1352
2 2048
0 257
0 595
0 466
3 2048
0 1755
0 408
1 2048
0 915
0 364
0 504
1 2048
1 2048
1 2048
0 107
0 241
3 2048
0 329
0 198
0 229
2 2048
1 2048
1 2048
1 2048
0 302
1 2048
0 223
0 530
0 558
1 2048
0 195
4 2048
0 587
0 436
2 2048
0 373
0 748
0 425
0 213
0 358
0 400
0 1602
0 240
0 208
0 150
0 334
0 910
2 2048
0 486
0 258
0 48
0 114
0 792
1 2048
0 235
1 2048
0 543
1 2048
1 2048
0 248
0 539
1 2048
0 417
1 2048
2 2048
1 2048
0 506
0 1061
4 2048
0 248
2 2048
0 327
1 2048
0 292
0 285
0 136
0 216
0 473
0 213
0 467
0 340
1 2048
2 2048
0 195
1 2048
1 2048
0 178
0 221
1 2048
1 2048
0 475
2 2048
1 2048
1 2048
0 287
0 52
0 522
1 2048
1 2048
2 2048
0 194
0 649
0 695
1 2048
2 2048
3 2048
2 2048
0 256
0 558
0 70
1 2048
2 2048
3 2048
1 2048
0 123
1 2048
1 2048
1 2048
1 2048
2 2048
1 2048
1 2048
0 613
0 186
0 456
0 289
0 442
2 2048
0 214
1 2048
0 267
1 2048
0 180
1 2048
0 511
0 440
1 2048
3 2048
1 2048
2 2048
0 282
0 348
1 2048
1 2048
0 1677
0 470
0 731
1 2048
2 2048
1 2048
0 336
0 700
0 1311
2 2048
0 371
0 512
0 616
0 1306
2 2048
0 470
1 2048
1 2048
0 281
1 2048
0 343
2 2048
1 2048
0 221
0 292
0 191
0 1609
0 809
2 2048
3 2048
0 400
0 289
2 2048
0 89
0 285
0 293
0 148
1 2048
0 243
0 193
6 2048
0 498
1 2048
0 197
0 153
1 2048
1 2048
0 325
1 2048
0 1386
0 921
2 2048
0 41
0 843
0 453
4 2048
0 1311
1 2048
1 2048
2 2048
0 473
1 2048
0 413
0 506
0 333
2 2048
2 2048
0 241
0 107
2 2048
0 693
1 2048
0 568
0 1146
1 2048
0 230
1 2048
1 2048
0 770
1 2048
1 2048
0 597
0 1594
0 903
0 581
0 532
0 555
0 79
1 2048
2 2048
0 187
0 448
0 1051
0 951
0 491
1 2048
0 518
3 2048
1 2048
0 529
0 254
1 2048
0 347
2 2048
1 2048
2 2048
2 2048
4 2048
1 2048
0 474
0 456
1 2048
4 2048
0 525
0 687
1 2048
0 260
0 158
0 826
0 632
1 2048
1 2048
2 2048
0 998
1 2048
0 297
0 446
0 484
0 573
0 300
0 324
0 205
1 2048
0 150
1 2048
1 2048
1 2048
1 2048
0 333
2 2048
2 2048
0 346
2 2048
2 2048
0 1156
0 523
1 2048
2 2048
1 2048
0 177
1 2048
0 409
3 2048
1 2048
0 184
0 794
3 2048
1 2048
1 2048
2 2048
0 462
1 2048
1 2048
0 727
1 2048
0 1691
0 481
1 2048
0 174
0 428
1 2048
0 408
1 2048
0 645
0 581
1 2048
3 2048
0 1225
0 392
0 467
0 702
2 2048
0 311
0 349
3 2048
0 588
0 148
3 2048
1 2048
2 2048
1 2048
0 163
0 381
3 2048
0 101
2 2048
1 2048
0 67
1 2048
0 158
1 2048
1 2048
0 998
0 159
0 454
1 2048
2 2048
0 125
0 366
0 141
0 280
0 238
0 345
0 512
0 164
0 95
0 590
2 2048
0 85
1 2048
0 639
0 207
1 2048
2 2048
0 897
0 885
1 2048
0 1581
1 2048
0 214
2 2048
1 2048
0 426
1 2048
1 2048
0 798
1 2048
1 2048
1 2048
0 129
0 670
0 133
0 247
3 2048
0 437
0 426
0 174
0 585
2 2048
0 328
0 138
2 2048
0 165
4 2048
0 439
3 2048
0 413
1 2048
1 2048
2 2048
0 174
0 333
0 152
0 106
0 417
0 690
1 2048
0 508
2 2048
2 2048
2 2048
1 2048
0 375
0 515
1 2048
2 2048
1 2048
0 1172
1 2048
1 2048
2 2048
0 255
3 2048
0 105
0 1508
0 720
0 104
1 2048
1 2048
0 154
0 428
0 261
0 976
0 940
0 270
0 758
0 182
0 348
0 819
0 848
0 1769
0 379
0 854
0 748
0 558
1 2048
1 2048
0 132
3 2048
2 2048
0 578
3 2048
2 2048
0 378
3 2048
0 255
1 2048
2 2048
1 2048
2 2048
2 2048
0 1941
0 149
1 2048
0 238
0 334
2 2048
1 2048
0 272
0 252
0 276
0 1357
0 762
3 2048
0 460
0 491
0 131
0 624
1 2048
1 2048
0 216
0 683
1 2048
1 2048
2 2048
0 371
2 2048
0 388
2 2048
1 2048
0 585
2 2048
1 2048
0 238
1 2048
0 490
0 267
0 423
1 2048
1 2048
0 308
0 358
0 122
0 589
0 253
0 497
4 2048
0 276
0 143
1 2048
0 471
2 2048
0 639
0 268
0 288
1 2048
0 188
1 2048
1 2048
0 352
0 581
0 291
0 459
1 2048
2 2048
0 604
0 252
0 338
0 267
1 2048
2 2048
0 217
0 1662
1 2048
2 2048
1 2048
0 125
1 2048
1 2048
0 999
0 400
0 362
0 105
0 2024
0 433
0 163
0 414
0 402
0 393
0 509
0 466
0 349
0 147
1 2048
0 130
0 383
0 179
1 2048
0 238
0 174
0 777
0 380
2 2048
0 122
0 261
0 1288
2 2048
0 1721
0 925
0 266
1 2048
1 2048
0 291
1 2048
0 183
1 2048
0 125
0 219
1 2048
0 418
1 2048
0 67
0 655
0 79
0 189
0 174
2 2048
1 2048
0 326
1 2048
1 2048
0 1230
0 57
0 266
0 226
2 2048
0 190
0 177
0 618
0 511
2 2048
1 2048
0 1126
0 718
1 2048
0 414
1 2048
0 330
0 160
1 2048
0 50
0 109
1 2048
0 921
0 534
0 251
0 517
0 539
1 2048
2 2048
0 190
0 620
0 209
3 2048
3 2048
0 220
1 2048
1 2048
0 211
0 1657
0 837
0 412
0 544
1 2048
0 180
2 2048
0 433
0 477
0 216
0 267
0 278
1 2048
1 2048
0 416
0 560
0 154
0 146
1 2048
0 585
1 2048
0 206
1 2048
0 1033
1 2048
1 2048
0 683
0 1014
0 219
4 2048
1 2048
0 286
0 166
0 804
0 51
0 432
0 200
0 264
0 126
0 489
0 450
0 369
0 352
2 2048
2 2048
0 252
0 344
2 2048
1 2048
0 2016
0 1653
0 179
0 219
0 342
0 1150
0 483
2 2048
0 157
2 2048
0 363
1 2048
0 395
0 845
0 1282
1 2048
0 322
1 2048
0 854
0 1050
0 445
0 585
0 985
1 2048
0 78
1 2048
0 153
1 2048
0 335
1 2048
0 282
3 2048
0 611
1 2048
2 2048
0 181
0 417
0 744
2 2048
1 2048
1 2048
0 315
0 426
0 63
0 252
0 628
1 2048
0 1000
0 141
0 180
0 254
0 254
0 122
0 507
0 276
1 2048
0 395
1 2048
0 244
1 2048
1 2048
0 993
0 186
1 2048
1 2048
1 2048
0 148
0 160
0 192
1 2048
0 554
0 314
4 2048
0 497
0 408
0 102
0 599
0 760
3 2048
0 165
2 2048
0 333
0 122
0 302
0 175
2 2048
0 107
0 1541
0 378
3 2048
0 194
0 924
0 358
0 224
0 152
1 2048
0 167
2 2048
1 2048
4 2048
1 2048
1 2048
0 342
0 116
1 2048
4 2048
1 2048
1 2048
0 417
2 2048
0 179
2 2048
1 2048
0 339
2 2048
1 2048
1 2048
3 2048
0 529
2 2048
2 2048
0 98
0 376
0 680
2 2048
0 621
0 353
0 105
3 2048
3 2048
1 2048
0 77
2 2048
0 473
2 2048
0 293
1 2048
0 726
2 2048
2 2048
0 323
0 744
0 454
1 2048
0 341
0 1602
0 179
3 2048
0 95
0 471
1 2048
3 2048
0 1446
0 422
0 448
1 2048
0 109
0 470
0 875
0 260
0 481
2 2048
0 417
0 209
0 148
0 175
0 318
0 484
0 455
1 2048
0 452
0 57
1 2048
1 2048
1 2048
1 2048
1 2048
0 1382
0 368
0 89
0 340
0 1996
2 2048
0 793
1 2048
0 317
0 133
1 2048
0 200
0 948
0 378
0 489
0 1697
1 2048
0 227
0 85
2 2048
1 2048
0 882
0 394
1 2048
0 148
1 2048
0 412
2 2048
0 258
1 2048
0 1996
1 2048
1 2048
0 249
1 2048
1 2048
0 239
2 2048
1 2048
0 233
2 2048
0 1141
0 301
0 198
0 1096
0 255
0 223
0 204
1 2048
0 879
0 868
2 2048
1 2048
1 2048
0 968
1 2048
0 361
0 329
0 985
1 2048
0 528
0 330
0 151
0 423
3 2048
0 241
0 1798
0 227
0 895
1 2048
0 866
4 2048
1 2048
0 349
1 2048
4 2048
0 1353
1 2048
2 2048
1 2048
0 299
0 231
0 257
1 2048
0 214
2 2048
0 60
0 642
0 972
0 835
3 2048
0 130
0 337
0 128
0 298
1 2048
0 333
1 2048
0 212
1 2048
2 2048
3 2048
0 797
0 355
0 86
0 305
3 2048
1 2048
0 174
0 335
0 218
0 341
1 2048
1 2048
0 474
1 2048
2 2048
1 2048
0 700
0 386
0 536
1 2048
1 2048
1 2048
0 198
1 2048
0 189
0 277
1 2048
3 2048
0 85
2 2048
0 92
1 2048
0 180
0 220
1 2048
0 359
2 2048
0 170
1 2048
1 2048
0 384
0 1044
0 308
1 2048
0 206
0 382
2 2048
1 2048
2 2048
1 2048
0 316
0 321
1 2048
0 582
0 148
0 517
0 227
0 319
0 564
0 262
0 53
0 230
1 2048
0 148
0 221
1 2048
0 256
1 2048
0 1715
0 423
0 457
1 2048
1 2048
0 312
1 2048
0 154
0 660
0 558
0 141
0 592
2 2048
1 2048
0 339
0 1099
0 468
0 172
2 2048
0 113
3 2048
0 657
0 263
0 1075
0 549
1 2048
0 493
4 2048
0 115
0 217
2 2048
2 2048
3 2048
4 2048
0 325
0 1666
0 423
0 95
0 431
0 82
2 2048
0 184
1 2048
1 2048
1 2048
1 2048
0 262
1 2048
0 1249
1 2048
0 567
0 176
0 184
1 2048
2 2048
1 2048
0 508
1 2048
0 584
3 2048
0 809
0 253
0 187
0 306
5 2048
2 2048
1 2048
1 2048
1 2048
1 2048
0 183
0 295
0 146
1 2048
0 346
3 2048
2 2048
1 2048
1 2048
0 57
0 626
0 351
0 353
0 1408
3 2048
0 213
1 2048
1 2048
3 2048
0 160
0 838
2 2048
0 664
0 194
4 2048
1 2048
0 232
2 2048
0 316
0 1235
0 284
3 2048
0 344
1 2048
0 91
0 472
1 2048
0 705
0 377
0 179
1 2048
1 2048
0 307
0 266
1 2048
1 2048
0 255
2 2048
0 465
0 759
1 2048
0 386
0 334
0 334
0 478
2 2048
0 1461
0 153
0 64
3 2048
0 728
1 2048
2 2048
3 2048
0 430
1 2048
0 1511
0 122
0 564
0 207
0 277
1 2048
1 2048
0 234
1 2048
1 2048
0 1233
0 1060
0 260
0 354
0 423
0 350
1 2048
2 2048
1 2048
0 1567
1 2048
1 2048
0 502
1 2048
0 488
0 419
1 2048
1 2048
0 200
1 2048
0 562
0 279
0 191
1 2048
1 2048
0 487
1 2048
0 742
0 274
0 731
1 2048
1 2048
0 296
2 2048
0 595
0 922
2 2048
1 2048
1 2048
2 2048
0 115
1 2048
0 466
0 156
0 911
0 930
2 2048
0 381
0 150
1 2048
0 439
0 290
1 2048
0 124
2 2048
1 2048
0 205
1 2048
1 2048
0 619
1 2048
1 2048
0 1256
2 2048
0 252
0 306
1 2048
3 2048
0 365
1 2048
0 320
0 83
0 246
0 743
0 711
0 676
0 258
0 326
0 1552
2 2048
2 2048
2 2048
0 326
3 2048
1 2048
1 2048
1 2048
0 980
1 2048
0 332
0 575
1 2048
1 2048
2 2048
2 2048
1 2048
1 2048
3 2048
1 2048
1 2048
0 155
0 161
1 2048
0 385
0 391
0 348
1 2048
0 379
0 222
0 258
2 2048
1 2048
4 2048
0 627
0 363
0 279
2 2048
0 150
2 2048
0 479
0 219
0 329
1 2048
0 122
0 225
0 224
0 160
0 1178
1 2048
0 158
0 321
0 187
0 193
1 2048
1 2048
3 2048
0 1464
2 2048
0 313
0 239
1 2048
1 2048
2 2048
0 1911
0 115
0 1754
1 2048
0 866
0 422
3 2048
1 2048
0 308
0 598
1 2048
1 2048
0 388
2 2048
0 197
1 2048
2 2048
3 2048
0 303
0 283
1 2048
1 2048
1 2048
0 199
0 168
4 2048
0 359
2 2048
1 2048
0 395
0 547
0 482
1 2048
0 508
0 257
3 2048
0 372
0 316
1 2048
0 298
1 2048
0 267
0 98
1 2048
1 2048
1 2048
0 605
2 2048
1 2048
0 500
5 2048
2 2048
2 2048
1 2048
0 283
0 266
1 2048
2 2048
1 2048
2 2048
1 2048
0 841
1 2048
0 346
2 2048
1 2048
0 80
0 1429
1 2048
2 2048
0 313
0 500
1 2048
0 199
1 2048
0 649
0 195
0 596
0 816
0 1256
3 2048
0 453
0 919
2 2048
1 2048
0 201
1 2048
0 130
0 1154
0 137
3 2048
0 592
1 2048
0 242
2 2048
0 198
0 349
1 2048
0 143
0 450
0 208
1 2048
0 446
0 380
1 2048
