# SA for random K-SAT
# K = 4   N = 256   M = 2432   seed = 1189817949
# alpha = 9.500000   nIter = 2048  Tmax = 0.200000
# 1:lowestUnsat  2:runTime
3 2048
4 2048
2 2048
5 2048
2 2048
5 2048
1 2048
3 2048
3 2048
3 2048
3 2048
3 2048
2 2048
4 2048
5 2048
6 2048
2 2048
5 2048
3 2048
1 2048
2 2048
2 2048
3 2048
2 2048
1 2048
2 2048
5 2048
3 2048
4 2048
5 2048
2 2048
1 2048
2 2048
2 2048
3 2048
2 2048
2 2048
3 2048
4 2048
2 2048
5 2048
7 2048
2 2048
2 2048
1 2048
5 2048
3 2048
4 2048
1 2048
6 2048
2 2048
3 2048
1 2048
2 2048
4 2048
3 2048
1 2048
2 2048
5 2048
1 2048
2 2048
4 2048
3 2048
4 2048
5 2048
3 2048
7 2048
5 2048
4 2048
2 2048
5 2048
3 2048
6 2048
3 2048
7 2048
2 2048
1 2048
3 2048
3 2048
3 2048
4 2048
5 2048
2 2048
6 2048
7 2048
0 765
3 2048
5 2048
3 2048
3 2048
3 2048
2 2048
6 2048
4 2048
2 2048
3 2048
3 2048
1 2048
1 2048
2 2048
2 2048
4 2048
6 2048
1 2048
0 655
5 2048
8 2048
5 2048
3 2048
4 2048
4 2048
2 2048
4 2048
6 2048
2 2048
1 2048
4 2048
2 2048
2 2048
2 2048
1 2048
1 2048
3 2048
1 2048
4 2048
3 2048
2 2048
2 2048
1 2048
2 2048
3 2048
3 2048
1 2048
4 2048
4 2048
4 2048
5 2048
1 2048
4 2048
4 2048
2 2048
6 2048
2 2048
5 2048
0 611
1 2048
0 462
5 2048
2 2048
2 2048
3 2048
4 2048
1 2048
4 2048
3 2048
1 2048
1 2048
3 2048
5 2048
3 2048
2 2048
4 2048
2 2048
3 2048
1 2048
2 2048
4 2048
1 2048
3 2048
3 2048
2 2048
2 2048
2 2048
2 2048
4 2048
4 2048
5 2048
1 2048
1 2048
3 2048
4 2048
4 2048
2 2048
2 2048
3 2048
2 2048
5 2048
4 2048
3 2048
2 2048
1 2048
5 2048
2 2048
9 2048
2 2048
1 2048
3 2048
3 2048
7 2048
3 2048
1 2048
2 2048
1 2048
1 2048
5 2048
1 2048
2 2048
2 2048
2 2048
0 569
3 2048
0 383
2 2048
6 2048
1 2048
2 2048
7 2048
4 2048
1 2048
6 2048
0 527
1 2048
1 2048
3 2048
2 2048
5 2048
6 2048
0 242
1 2048
1 2048
2 2048
2 2048
2 2048
0 283
5 2048
4 2048
5 2048
4 2048
2 2048
1 2048
2 2048
0 694
6 2048
0 588
0 326
4 2048
5 2048
7 2048
4 2048
1 2048
4 2048
5 2048
3 2048
1 2048
2 2048
2 2048
5 2048
3 2048
2 2048
3 2048
5 2048
4 2048
3 2048
2 2048
5 2048
5 2048
0 1378
1 2048
2 2048
3 2048
3 2048
4 2048
4 2048
0 194
2 2048
2 2048
6 2048
2 2048
4 2048
3 2048
0 626
4 2048
2 2048
6 2048
2 2048
3 2048
3 2048
1 2048
1 2048
1 2048
2 2048
3 2048
5 2048
2 2048
3 2048
3 2048
4 2048
5 2048
5 2048
3 2048
3 2048
1 2048
4 2048
3 2048
3 2048
2 2048
3 2048
6 2048
4 2048
2 2048
3 2048
4 2048
6 2048
6 2048
2 2048
2 2048
2 2048
4 2048
4 2048
3 2048
4 2048
2 2048
5 2048
2 2048
2 2048
4 2048
7 2048
1 2048
6 2048
1 2048
2 2048
4 2048
1 2048
1 2048
2 2048
4 2048
1 2048
3 2048
2 2048
1 2048
2 2048
1 2048
3 2048
1 2048
1 2048
4 2048
4 2048
3 2048
4 2048
4 2048
2 2048
4 2048
3 2048
5 2048
5 2048
2 2048
4 2048
5 2048
1 2048
4 2048
3 2048
2 2048
3 2048
5 2048
1 2048
1 2048
2 2048
2 2048
0 442
5 2048
3 2048
4 2048
1 2048
4 2048
0 794
2 2048
3 2048
3 2048
3 2048
3 2048
3 2048
5 2048
4 2048
1 2048
6 2048
1 2048
3 2048
4 2048
2 2048
4 2048
3 2048
4 2048
5 2048
2 2048
3 2048
1 2048
5 2048
2 2048
1 2048
2 2048
4 2048
1 2048
3 2048
0 313
2 2048
5 2048
3 2048
1 2048
2 2048
2 2048
4 2048
3 2048
4 2048
2 2048
2 2048
2 2048
2 2048
2 2048
2 2048
7 2048
4 2048
0 185
1 2048
5 2048
2 2048
0 742
1 2048
2 2048
1 2048
3 2048
4 2048
3 2048
2 2048
1 2048
1 2048
2 2048
0 201
5 2048
3 2048
5 2048
1 2048
1 2048
2 2048
4 2048
3 2048
3 2048
5 2048
3 2048
4 2048
2 2048
2 2048
1 2048
3 2048
1 2048
3 2048
4 2048
5 2048
2 2048
4 2048
1 2048
2 2048
1 2048
5 2048
2 2048
3 2048
2 2048
0 1203
2 2048
2 2048
0 114
2 2048
0 59
2 2048
5 2048
3 2048
1 2048
4 2048
3 2048
4 2048
2 2048
5 2048
1 2048
3 2048
2 2048
2 2048
3 2048
3 2048
4 2048
0 276
3 2048
4 2048
6 2048
2 2048
2 2048
4 2048
3 2048
5 2048
2 2048
3 2048
3 2048
2 2048
3 2048
3 2048
3 2048
4 2048
1 2048
1 2048
3 2048
3 2048
7 2048
1 2048
5 2048
0 73
5 2048
2 2048
2 2048
4 2048
2 2048
2 2048
4 2048
2 2048
5 2048
3 2048
4 2048
5 2048
5 2048
1 2048
6 2048
3 2048
2 2048
2 2048
1 2048
4 2048
5 2048
3 2048
4 2048
4 2048
2 2048
3 2048
5 2048
4 2048
3 2048
5 2048
1 2048
0 195
4 2048
5 2048
4 2048
1 2048
6 2048
3 2048
4 2048
4 2048
2 2048
5 2048
3 2048
1 2048
2 2048
2 2048
5 2048
2 2048
2 2048
2 2048
2 2048
3 2048
1 2048
4 2048
5 2048
3 2048
4 2048
2 2048
1 2048
0 144
5 2048
5 2048
5 2048
5 2048
1 2048
0 858
5 2048
1 2048
4 2048
3 2048
5 2048
4 2048
2 2048
1 2048
3 2048
5 2048
6 2048
2 2048
2 2048
3 2048
5 2048
2 2048
2 2048
6 2048
2 2048
4 2048
3 2048
3 2048
4 2048
2 2048
3 2048
4 2048
4 2048
5 2048
6 2048
5 2048
4 2048
3 2048
1 2048
3 2048
5 2048
6 2048
1 2048
3 2048
3 2048
3 2048
0 624
4 2048
2 2048
5 2048
4 2048
3 2048
1 2048
2 2048
3 2048
5 2048
2 2048
4 2048
2 2048
4 2048
2 2048
6 2048
0 660
4 2048
3 2048
4 2048
4 2048
4 2048
3 2048
2 2048
4 2048
2 2048
4 2048
2 2048
4 2048
4 2048
3 2048
3 2048
1 2048
4 2048
5 2048
1 2048
2 2048
5 2048
3 2048
5 2048
4 2048
3 2048
2 2048
3 2048
5 2048
1 2048
3 2048
1 2048
2 2048
3 2048
2 2048
3 2048
5 2048
3 2048
8 2048
8 2048
2 2048
0 332
4 2048
3 2048
3 2048
2 2048
5 2048
1 2048
5 2048
5 2048
1 2048
5 2048
2 2048
2 2048
1 2048
4 2048
2 2048
0 1251
4 2048
3 2048
5 2048
1 2048
5 2048
1 2048
3 2048
4 2048
3 2048
3 2048
4 2048
4 2048
1 2048
7 2048
3 2048
4 2048
2 2048
5 2048
4 2048
3 2048
4 2048
2 2048
4 2048
4 2048
5 2048
2 2048
3 2048
4 2048
6 2048
5 2048
2 2048
2 2048
3 2048
0 303
3 2048
2 2048
5 2048
4 2048
5 2048
1 2048
3 2048
3 2048
2 2048
4 2048
4 2048
2 2048
1 2048
4 2048
0 208
4 2048
1 2048
3 2048
2 2048
2 2048
3 2048
2 2048
3 2048
2 2048
3 2048
2 2048
2 2048
6 2048
1 2048
3 2048
1 2048
3 2048
6 2048
7 2048
3 2048
2 2048
4 2048
2 2048
3 2048
2 2048
3 2048
2 2048
5 2048
6 2048
5 2048
5 2048
3 2048
2 2048
4 2048
1 2048
3 2048
2 2048
2 2048
4 2048
2 2048
3 2048
2 2048
4 2048
3 2048
4 2048
2 2048
1 2048
2 2048
2 2048
0 276
3 2048
1 2048
4 2048
1 2048
2 2048
6 2048
5 2048
3 2048
4 2048
3 2048
3 2048
3 2048
5 2048
5 2048
5 2048
3 2048
0 240
4 2048
1 2048
3 2048
3 2048
0 221
4 2048
4 2048
1 2048
3 2048
5 2048
2 2048
4 2048
5 2048
4 2048
2 2048
4 2048
4 2048
3 2048
3 2048
3 2048
1 2048
3 2048
3 2048
3 2048
2 2048
4 2048
0 343
5 2048
4 2048
3 2048
3 2048
5 2048
4 2048
3 2048
1 2048
1 2048
5 2048
4 2048
2 2048
6 2048
6 2048
4 2048
4 2048
5 2048
5 2048
0 150
3 2048
4 2048
2 2048
2 2048
3 2048
0 219
2 2048
2 2048
3 2048
6 2048
5 2048
1 2048
4 2048
7 2048
5 2048
2 2048
2 2048
3 2048
5 2048
5 2048
5 2048
3 2048
2 2048
5 2048
4 2048
1 2048
2 2048
3 2048
5 2048
1 2048
2 2048
0 158
3 2048
2 2048
2 2048
3 2048
0 610
6 2048
2 2048
4 2048
2 2048
3 2048
3 2048
5 2048
5 2048
3 2048
3 2048
4 2048
4 2048
6 2048
4 2048
3 2048
6 2048
3 2048
0 1065
3 2048
0 518
1 2048
2 2048
4 2048
1 2048
4 2048
3 2048
4 2048
4 2048
3 2048
3 2048
3 2048
2 2048
2 2048
1 2048
5 2048
3 2048
1 2048
3 2048
4 2048
1 2048
4 2048
1 2048
2 2048
3 2048
1 2048
6 2048
3 2048
2 2048
2 2048
4 2048
4 2048
2 2048
5 2048
3 2048
3 2048
2 2048
3 2048
4 2048
3 2048
2 2048
3 2048
3 2048
4 2048
1 2048
2 2048
3 2048
1 2048
3 2048
5 2048
1 2048
3 2048
4 2048
4 2048
4 2048
2 2048
1 2048
1 2048
2 2048
5 2048
4 2048
4 2048
7 2048
3 2048
3 2048
4 2048
1 2048
5 2048
2 2048
6 2048
3 2048
4 2048
1 2048
3 2048
2 2048
2 2048
5 2048
5 2048
1 2048
6 2048
2 2048
3 2048
1 2048
4 2048
3 2048
2 2048
1 2048
1 2048
1 2048
3 2048
4 2048
2 2048
1 2048
1 2048
6 2048
2 2048
0 485
4 2048
2 2048
7 2048
4 2048
9 2048
4 2048
4 2048
2 2048
3 2048
4 2048
1 2048
2 2048
6 2048
3 2048
6 2048
4 2048
3 2048
4 2048
0 201
3 2048
2 2048
3 2048
3 2048
3 2048
4 2048
5 2048
1 2048
4 2048
2 2048
3 2048
2 2048
1 2048
2 2048
1 2048
3 2048
5 2048
2 2048
5 2048
5 2048
3 2048
4 2048
4 2048
5 2048
2 2048
4 2048
2 2048
3 2048
4 2048
4 2048
5 2048
3 2048
4 2048
5 2048
2 2048
2 2048
4 2048
4 2048
4 2048
3 2048
5 2048
4 2048
2 2048
3 2048
6 2048
4 2048
1 2048
4 2048
2 2048
3 2048
3 2048
3 2048
1 2048
4 2048
5 2048
2 2048
3 2048
4 2048
3 2048
2 2048
3 2048
2 2048
2 2048
2 2048
2 2048
3 2048
3 2048
3 2048
3 2048
2 2048
8 2048
2 2048
4 2048
2 2048
2 2048
3 2048
4 2048
3 2048
2 2048
5 2048
3 2048
4 2048
6 2048
3 2048
2 2048
0 226
4 2048
2 2048
3 2048
2 2048
3 2048
3 2048
2 2048
3 2048
1 2048
1 2048
2 2048
2 2048
4 2048
2 2048
3 2048
3 2048
1 2048
2 2048
2 2048
2 2048
4 2048
4 2048
1 2048
4 2048
5 2048
1 2048
4 2048
2 2048
3 2048
2 2048
3 2048
3 2048
3 2048
5 2048
3 2048
3 2048
3 2048
3 2048
1 2048
2 2048
6 2048
3 2048
7 2048
2 2048
1 2048
3 2048
0 36
5 2048
1 2048
5 2048
2 2048
6 2048
1 2048
1 2048
4 2048
4 2048
4 2048
3 2048
3 2048
4 2048
4 2048
4 2048
5 2048
0 912
2 2048
3 2048
5 2048
3 2048
2 2048
2 2048
2 2048
4 2048
4 2048
5 2048
6 2048
5 2048
5 2048
1 2048
3 2048
1 2048
3 2048
3 2048
2 2048
1 2048
4 2048
1 2048
4 2048
3 2048
1 2048
3 2048
4 2048
3 2048
4 2048
1 2048
4 2048
5 2048
2 2048
4 2048
4 2048
2 2048
4 2048
1 2048
2 2048
0 691
2 2048
5 2048
0 316
4 2048
2 2048
2 2048
5 2048
3 2048
3 2048
3 2048
2 2048
4 2048
0 539
3 2048
2 2048
2 2048
5 2048
6 2048
2 2048
5 2048
3 2048
2 2048
1 2048
1 2048
2 2048
4 2048
2 2048
2 2048
3 2048
4 2048
2 2048
5 2048
4 2048
4 2048
1 2048
2 2048
4 2048
8 2048
1 2048
4 2048
1 2048
1 2048
5 2048
3 2048
5 2048
2 2048
3 2048
2 2048
3 2048
3 2048
2 2048
3 2048
4 2048
3 2048
5 2048
2 2048
3 2048
0 210
3 2048
2 2048
4 2048
3 2048
2 2048
2 2048
1 2048
3 2048
3 2048
4 2048
3 2048
4 2048
1 2048
3 2048
4 2048
7 2048
2 2048
4 2048
2 2048
3 2048
4 2048
3 2048
3 2048
1 2048
1 2048
2 2048
2 2048
1 2048
3 2048
4 2048
1 2048
2 2048
2 2048
4 2048
6 2048
3 2048
5 2048
3 2048
3 2048
4 2048
3 2048
2 2048
2 2048
2 2048
1 2048
1 2048
5 2048
4 2048
3 2048
2 2048
3 2048
1 2048
4 2048
4 2048
3 2048
2 2048
5 2048
3 2048
3 2048
4 2048
2 2048
5 2048
4 2048
2 2048
3 2048
1 2048
4 2048
6 2048
3 2048
4 2048
1 2048
3 2048
1 2048
3 2048
2 2048
3 2048
3 2048
3 2048
3 2048
2 2048
5 2048
1 2048
1 2048
2 2048
3 2048
2 2048
2 2048
0 180
3 2048
3 2048
3 2048
1 2048
5 2048
4 2048
4 2048
1 2048
3 2048
5 2048
3 2048
4 2048
2 2048
2 2048
1 2048
4 2048
2 2048
3 2048
7 2048
3 2048
3 2048
1 2048
1 2048
3 2048
2 2048
2 2048
3 2048
3 2048
3 2048
2 2048
2 2048
3 2048
1 2048
4 2048
3 2048
3 2048
6 2048
1 2048
2 2048
3 2048
1 2048
4 2048
4 2048
1 2048
1 2048
4 2048
1 2048
1 2048
4 2048
2 2048
2 2048
3 2048
2 2048
2 2048
3 2048
5 2048
4 2048
3 2048
1 2048
3 2048
3 2048
5 2048
4 2048
4 2048
4 2048
3 2048
2 2048
4 2048
4 2048
3 2048
4 2048
5 2048
2 2048
4 2048
3 2048
5 2048
4 2048
3 2048
3 2048
4 2048
3 2048
2 2048
6 2048
4 2048
3 2048
5 2048
2 2048
3 2048
4 2048
4 2048
2 2048
4 2048
1 2048
0 1003
3 2048
1 2048
1 2048
4 2048
5 2048
2 2048
4 2048
5 2048
4 2048
1 2048
2 2048
6 2048
1 2048
3 2048
2 2048
2 2048
6 2048
2 2048
1 2048
2 2048
5 2048
4 2048
1 2048
0 183
2 2048
4 2048
2 2048
5 2048
4 2048
3 2048
0 537
3 2048
2 2048
4 2048
2 2048
0 1106
3 2048
2 2048
1 2048
4 2048
6 2048
3 2048
2 2048
4 2048
1 2048
1 2048
2 2048
6 2048
3 2048
3 2048
1 2048
4 2048
2 2048
2 2048
1 2048
2 2048
2 2048
4 2048
3 2048
3 2048
3 2048
1 2048
2 2048
3 2048
4 2048
3 2048
3 2048
4 2048
3 2048
0 263
4 2048
2 2048
1 2048
4 2048
1 2048
2 2048
4 2048
2 2048
2 2048
3 2048
4 2048
4 2048
3 2048
3 2048
5 2048
2 2048
3 2048
4 2048
5 2048
2 2048
2 2048
5 2048
6 2048
6 2048
6 2048
3 2048
2 2048
2 2048
2 2048
5 2048
2 2048
3 2048
2 2048
3 2048
5 2048
1 2048
1 2048
3 2048
3 2048
5 2048
3 2048
4 2048
2 2048
7 2048
3 2048
2 2048
3 2048
3 2048
4 2048
4 2048
5 2048
5 2048
4 2048
4 2048
0 301
2 2048
3 2048
3 2048
0 642
2 2048
7 2048
0 145
3 2048
3 2048
4 2048
3 2048
0 231
5 2048
2 2048
1 2048
2 2048
3 2048
3 2048
3 2048
2 2048
4 2048
4 2048
4 2048
3 2048
1 2048
2 2048
1 2048
3 2048
4 2048
1 2048
4 2048
3 2048
5 2048
1 2048
1 2048
9 2048
8 2048
7 2048
3 2048
2 2048
2 2048
3 2048
4 2048
8 2048
0 114
4 2048
1 2048
2 2048
1 2048
3 2048
2 2048
1 2048
4 2048
2 2048
2 2048
4 2048
1 2048
5 2048
2 2048
3 2048
0 190
1 2048
2 2048
2 2048
5 2048
1 2048
4 2048
1 2048
2 2048
3 2048
2 2048
3 2048
3 2048
3 2048
1 2048
0 510
5 2048
4 2048
6 2048
4 2048
5 2048
2 2048
1 2048
3 2048
2 2048
3 2048
3 2048
4 2048
5 2048
2 2048
1 2048
4 2048
2 2048
3 2048
2 2048
3 2048
1 2048
4 2048
2 2048
7 2048
3 2048
2 2048
3 2048
5 2048
3 2048
3 2048
3 2048
4 2048
3 2048
5 2048
2 2048
3 2048
4 2048
5 2048
3 2048
3 2048
2 2048
0 319
5 2048
2 2048
3 2048
3 2048
2 2048
6 2048
3 2048
1 2048
3 2048
2 2048
4 2048
3 2048
3 2048
4 2048
5 2048
2 2048
2 2048
2 2048
1 2048
5 2048
3 2048
3 2048
3 2048
0 104
2 2048
4 2048
1 2048
2 2048
1 2048
2 2048
2 2048
4 2048
3 2048
1 2048
1 2048
5 2048
2 2048
3 2048
3 2048
2 2048
2 2048
4 2048
3 2048
4 2048
2 2048
2 2048
1 2048
3 2048
0 83
3 2048
6 2048
6 2048
4 2048
3 2048
5 2048
2 2048
2 2048
4 2048
2 2048
2 2048
4 2048
4 2048
2 2048
5 2048
1 2048
5 2048
4 2048
3 2048
2 2048
4 2048
3 2048
1 2048
3 2048
8 2048
3 2048
2 2048
3 2048
4 2048
1 2048
3 2048
3 2048
3 2048
1 2048
2 2048
2 2048
0 388
4 2048
3 2048
4 2048
4 2048
3 2048
4 2048
5 2048
2 2048
3 2048
3 2048
3 2048
2 2048
3 2048
8 2048
3 2048
2 2048
3 2048
2 2048
4 2048
4 2048
4 2048
3 2048
3 2048
4 2048
0 282
0 439
2 2048
3 2048
3 2048
4 2048
4 2048
3 2048
1 2048
4 2048
3 2048
5 2048
2 2048
5 2048
7 2048
2 2048
3 2048
3 2048
1 2048
2 2048
2 2048
2 2048
1 2048
3 2048
1 2048
3 2048
2 2048
5 2048
3 2048
2 2048
2 2048
2 2048
3 2048
4 2048
1 2048
5 2048
3 2048
2 2048
2 2048
4 2048
5 2048
4 2048
5 2048
3 2048
4 2048
0 55
5 2048
4 2048
5 2048
4 2048
4 2048
4 2048
2 2048
8 2048
5 2048
6 2048
1 2048
4 2048
3 2048
3 2048
2 2048
4 2048
1 2048
4 2048
1 2048
2 2048
2 2048
7 2048
4 2048
2 2048
4 2048
3 2048
3 2048
3 2048
3 2048
3 2048
5 2048
5 2048
4 2048
4 2048
3 2048
4 2048
3 2048
3 2048
4 2048
2 2048
1 2048
5 2048
3 2048
5 2048
3 2048
1 2048
3 2048
3 2048
2 2048
2 2048
4 2048
4 2048
1 2048
4 2048
2 2048
5 2048
1 2048
0 251
6 2048
4 2048
6 2048
1 2048
5 2048
8 2048
2 2048
1 2048
3 2048
6 2048
5 2048
4 2048
0 149
2 2048
4 2048
6 2048
0 106
2 2048
2 2048
2 2048
1 2048
6 2048
3 2048
3 2048
4 2048
2 2048
2 2048
2 2048
2 2048
2 2048
3 2048
3 2048
2 2048
4 2048
6 2048
3 2048
5 2048
4 2048
6 2048
2 2048
2 2048
3 2048
2 2048
2 2048
2 2048
2 2048
4 2048
0 212
5 2048
1 2048
2 2048
3 2048
3 2048
2 2048
1 2048
3 2048
1 2048
3 2048
4 2048
4 2048
4 2048
4 2048
3 2048
3 2048
3 2048
5 2048
2 2048
2 2048
5 2048
5 2048
1 2048
2 2048
3 2048
3 2048
5 2048
4 2048
4 2048
4 2048
6 2048
4 2048
2 2048
5 2048
2 2048
1 2048
3 2048
2 2048
3 2048
5 2048
1 2048
6 2048
4 2048
3 2048
2 2048
2 2048
4 2048
4 2048
1 2048
4 2048
4 2048
2 2048
8 2048
2 2048
2 2048
6 2048
3 2048
3 2048
2 2048
4 2048
3 2048
5 2048
4 2048
3 2048
7 2048
5 2048
2 2048
7 2048
5 2048
4 2048
5 2048
3 2048
1 2048
4 2048
1 2048
3 2048
3 2048
0 83
3 2048
2 2048
4 2048
2 2048
4 2048
4 2048
4 2048
6 2048
4 2048
1 2048
4 2048
2 2048
2 2048
2 2048
4 2048
3 2048
6 2048
7 2048
6 2048
2 2048
1 2048
4 2048
2 2048
3 2048
2 2048
4 2048
2 2048
4 2048
1 2048
3 2048
4 2048
3 2048
3 2048
3 2048
0 625
2 2048
1 2048
2 2048
1 2048
2 2048
1 2048
4 2048
3 2048
2 2048
3 2048
1 2048
2 2048
5 2048
4 2048
2 2048
0 250
1 2048
3 2048
1 2048
5 2048
2 2048
4 2048
4 2048
3 2048
3 2048
6 2048
3 2048
1 2048
4 2048
2 2048
4 2048
4 2048
4 2048
1 2048
2 2048
5 2048
2 2048
3 2048
3 2048
4 2048
2 2048
1 2048
3 2048
3 2048
3 2048
2 2048
3 2048
4 2048
8 2048
1 2048
3 2048
6 2048
1 2048
2 2048
0 206
0 695
3 2048
4 2048
3 2048
3 2048
2 2048
5 2048
1 2048
4 2048
4 2048
3 2048
2 2048
3 2048
3 2048
3 2048
1 2048
4 2048
6 2048
1 2048
1 2048
4 2048
1 2048
2 2048
2 2048
3 2048
1 2048
4 2048
1 2048
1 2048
3 2048
1 2048
3 2048
3 2048
1 2048
2 2048
3 2048
6 2048
4 2048
4 2048
3 2048
5 2048
1 2048
1 2048
3 2048
4 2048
7 2048
1 2048
3 2048
3 2048
4 2048
3 2048
1 2048
1 2048
4 2048
1 2048
1 2048
3 2048
3 2048
4 2048
1 2048
3 2048
3 2048
2 2048
4 2048
3 2048
4 2048
2 2048
3 2048
1 2048
1 2048
3 2048
4 2048
5 2048
2 2048
3 2048
4 2048
1 2048
5 2048
2 2048
3 2048
1 2048
4 2048
3 2048
3 2048
5 2048
4 2048
5 2048
3 2048
6 2048
2 2048
3 2048
1 2048
2 2048
2 2048
4 2048
5 2048
1 2048
3 2048
2 2048
5 2048
2 2048
5 2048
7 2048
2 2048
1 2048
2 2048
2 2048
2 2048
2 2048
1 2048
3 2048
0 451
3 2048
5 2048
1 2048
0 365
7 2048
2 2048
3 2048
4 2048
0 207
4 2048
2 2048
4 2048
2 2048
3 2048
3 2048
5 2048
2 2048
4 2048
5 2048
6 2048
4 2048
1 2048
7 2048
4 2048
2 2048
4 2048
1 2048
4 2048
4 2048
5 2048
7 2048
2 2048
1 2048
4 2048
4 2048
5 2048
1 2048
4 2048
3 2048
2 2048
1 2048
1 2048
1 2048
3 2048
2 2048
3 2048
2 2048
2 2048
2 2048
3 2048
2 2048
2 2048
1 2048
2 2048
3 2048
1 2048
2 2048
6 2048
3 2048
2 2048
4 2048
2 2048
3 2048
1 2048
1 2048
4 2048
1 2048
6 2048
4 2048
5 2048
3 2048
6 2048
2 2048
3 2048
5 2048
4 2048
5 2048
4 2048
4 2048
3 2048
1 2048
1 2048
2 2048
3 2048
2 2048
3 2048
2 2048
2 2048
1 2048
4 2048
1 2048
2 2048
4 2048
4 2048
3 2048
5 2048
2 2048
3 2048
2 2048
3 2048
2 2048
2 2048
3 2048
4 2048
1 2048
2 2048
5 2048
5 2048
5 2048
4 2048
0 718
7 2048
3 2048
4 2048
2 2048
3 2048
4 2048
4 2048
4 2048
4 2048
1 2048
4 2048
5 2048
5 2048
3 2048
3 2048
1 2048
2 2048
3 2048
2 2048
2 2048
4 2048
1 2048
2 2048
7 2048
1 2048
1 2048
6 2048
1 2048
4 2048
2 2048
3 2048
3 2048
4 2048
0 224
2 2048
3 2048
3 2048
3 2048
1 2048
3 2048
3 2048
4 2048
1 2048
2 2048
5 2048
3 2048
3 2048
4 2048
2 2048
5 2048
2 2048
1 2048
2 2048
2 2048
2 2048
5 2048
2 2048
2 2048
6 2048
2 2048
4 2048
1 2048
0 52
6 2048
4 2048
1 2048
0 692
1 2048
6 2048
3 2048
2 2048
4 2048
4 2048
2 2048
1 2048
2 2048
3 2048
2 2048
3 2048
5 2048
3 2048
6 2048
0 95
1 2048
2 2048
3 2048
3 2048
5 2048
4 2048
3 2048
4 2048
5 2048
2 2048
5 2048
2 2048
3 2048
3 2048
3 2048
4 2048
2 2048
1 2048
4 2048
3 2048
3 2048
6 2048
1 2048
2 2048
1 2048
3 2048
5 2048
5 2048
2 2048
2 2048
2 2048
1 2048
4 2048
2 2048
3 2048
3 2048
4 2048
2 2048
5 2048
4 2048
2 2048
6 2048
1 2048
2 2048
3 2048
5 2048
4 2048
3 2048
3 2048
7 2048
2 2048
3 2048
1 2048
2 2048
3 2048
2 2048
0 55
3 2048
6 2048
2 2048
2 2048
2 2048
1 2048
5 2048
2 2048
3 2048
5 2048
3 2048
3 2048
1 2048
2 2048
4 2048
5 2048
3 2048
4 2048
2 2048
4 2048
4 2048
3 2048
3 2048
2 2048
3 2048
1 2048
5 2048
6 2048
6 2048
2 2048
4 2048
2 2048
1 2048
3 2048
5 2048
4 2048
2 2048
5 2048
3 2048
5 2048
2 2048
2 2048
3 2048
3 2048
2 2048
2 2048
1 2048
4 2048
4 2048
2 2048
3 2048
4 2048
1 2048
0 397
4 2048
1 2048
3 2048
2 2048
0 96
4 2048
3 2048
3 2048
4 2048
1 2048
2 2048
2 2048
4 2048
2 2048
2 2048
6 2048
4 2048
2 2048
1 2048
4 2048
5 2048
5 2048
3 2048
1 2048
3 2048
3 2048
5 2048
1 2048
5 2048
2 2048
3 2048
1 2048
6 2048
2 2048
4 2048
4 2048
2 2048
1 2048
2 2048
2 2048
3 2048
2 2048
3 2048
2 2048
3 2048
1 2048
3 2048
1 2048
3 2048
3 2048
5 2048
3 2048
1 2048
4 2048
2 2048
3 2048
1 2048
1 2048
4 2048
4 2048
6 2048
3 2048
4 2048
2 2048
4 2048
3 2048
3 2048
4 2048
3 2048
2 2048
1 2048
1 2048
4 2048
4 2048
4 2048
3 2048
2 2048
1 2048
1 2048
3 2048
2 2048
3 2048
2 2048
1 2048
4 2048
4 2048
2 2048
3 2048
1 2048
2 2048
2 2048
5 2048
4 2048
5 2048
6 2048
2 2048
3 2048
6 2048
4 2048
3 2048
1 2048
4 2048
4 2048
2 2048
4 2048
6 2048
1 2048
4 2048
3 2048
4 2048
4 2048
3 2048
3 2048
2 2048
3 2048
6 2048
4 2048
4 2048
5 2048
3 2048
0 204
3 2048
6 2048
0 87
4 2048
4 2048
1 2048
3 2048
3 2048
2 2048
1 2048
3 2048
2 2048
1 2048
2 2048
3 2048
3 2048
7 2048
3 2048
3 2048
2 2048
3 2048
2 2048
2 2048
3 2048
4 2048
5 2048
0 278
2 2048
3 2048
3 2048
4 2048
2 2048
3 2048
2 2048
2 2048
5 2048
3 2048
2 2048
4 2048
7 2048
1 2048
4 2048
3 2048
2 2048
5 2048
3 2048
3 2048
3 2048
2 2048
1 2048
2 2048
4 2048
4 2048
1 2048
4 2048
4 2048
5 2048
1 2048
4 2048
4 2048
2 2048
3 2048
1 2048
2 2048
1 2048
3 2048
4 2048
1 2048
2 2048
2 2048
3 2048
5 2048
2 2048
5 2048
2 2048
0 212
4 2048
3 2048
3 2048
5 2048
2 2048
1 2048
3 2048
1 2048
2 2048
4 2048
3 2048
2 2048
4 2048
3 2048
0 231
5 2048
5 2048
1 2048
3 2048
0 406
6 2048
2 2048
3 2048
6 2048
2 2048
2 2048
3 2048
4 2048
2 2048
0 232
2 2048
5 2048
3 2048
4 2048
4 2048
1 2048
1 2048
3 2048
4 2048
2 2048
4 2048
6 2048
3 2048
2 2048
0 289
1 2048
6 2048
3 2048
6 2048
3 2048
1 2048
4 2048
2 2048
2 2048
2 2048
2 2048
4 2048
3 2048
4 2048
1 2048
1 2048
5 2048
4 2048
3 2048
4 2048
1 2048
2 2048
3 2048
2 2048
2 2048
1 2048
3 2048
3 2048
2 2048
4 2048
3 2048
1 2048
5 2048
2 2048
1 2048
2 2048
3 2048
2 2048
4 2048
2 2048
1 2048
1 2048
3 2048
2 2048
2 2048
4 2048
2 2048
6 2048
2 2048
3 2048
2 2048
3 2048
1 2048
0 578
3 2048
2 2048
1 2048
2 2048
2 2048
2 2048
3 2048
3 2048
1 2048
2 2048
3 2048
5 2048
3 2048
3 2048
1 2048
2 2048
3 2048
2 2048
2 2048
5 2048
3 2048
3 2048
3 2048
2 2048
1 2048
1 2048
1 2048
4 2048
3 2048
6 2048
2 2048
4 2048
5 2048
4 2048
4 2048
9 2048
3 2048
4 2048
0 289
3 2048
3 2048
4 2048
2 2048
5 2048
2 2048
3 2048
0 339
4 2048
1 2048
2 2048
1 2048
3 2048
3 2048
3 2048
2 2048
4 2048
0 423
1 2048
1 2048
0 768
2 2048
4 2048
2 2048
5 2048
2 2048
2 2048
2 2048
4 2048
2 2048
1 2048
2 2048
2 2048
3 2048
4 2048
2 2048
4 2048
4 2048
5 2048
4 2048
3 2048
1 2048
2 2048
1 2048
3 2048
2 2048
3 2048
2 2048
1 2048
0 142
2 2048
1 2048
0 186
3 2048
3 2048
3 2048
1 2048
2 2048
3 2048
5 2048
1 2048
1 2048
3 2048
2 2048
3 2048
4 2048
3 2048
1 2048
3 2048
2 2048
5 2048
1 2048
3 2048
1 2048
2 2048
7 2048
4 2048
1 2048
3 2048
3 2048
3 2048
4 2048
2 2048
0 179
6 2048
3 2048
2 2048
4 2048
2 2048
3 2048
6 2048
2 2048
2 2048
1 2048
2 2048
4 2048
2 2048
1 2048
3 2048
0 647
1 2048
1 2048
4 2048
2 2048
2 2048
4 2048
3 2048
2 2048
1 2048
3 2048
2 2048
3 2048
3 2048
1 2048
2 2048
4 2048
3 2048
3 2048
0 629
4 2048
3 2048
4 2048
5 2048
3 2048
3 2048
1 2048
4 2048
2 2048
2 2048
1 2048
4 2048
3 2048
0 68
4 2048
2 2048
4 2048
4 2048
4 2048
3 2048
3 2048
4 2048
3 2048
1 2048
4 2048
6 2048
6 2048
2 2048
1 2048
2 2048
4 2048
2 2048
3 2048
2 2048
2 2048
4 2048
2 2048
2 2048
4 2048
4 2048
6 2048
5 2048
2 2048
4 2048
1 2048
4 2048
3 2048
4 2048
5 2048
1 2048
1 2048
1 2048
4 2048
3 2048
3 2048
3 2048
2 2048
3 2048
7 2048
3 2048
3 2048
3 2048
1 2048
1 2048
3 2048
1 2048
3 2048
3 2048
2 2048
3 2048
5 2048
3 2048
2 2048
5 2048
3 2048
4 2048
2 2048
2 2048
7 2048
2 2048
3 2048
3 2048
2 2048
1 2048
2 2048
3 2048
3 2048
2 2048
4 2048
1 2048
4 2048
2 2048
4 2048
5 2048
2 2048
2 2048
4 2048
2 2048
5 2048
5 2048
4 2048
3 2048
4 2048
3 2048
3 2048
4 2048
2 2048
3 2048
1 2048
0 160
2 2048
2 2048
2 2048
3 2048
3 2048
4 2048
3 2048
2 2048
3 2048
2 2048
3 2048
6 2048
3 2048
2 2048
4 2048
1 2048
1 2048
3 2048
2 2048
2 2048
2 2048
2 2048
0 521
0 357
2 2048
4 2048
2 2048
1 2048
3 2048
4 2048
2 2048
5 2048
6 2048
4 2048
4 2048
3 2048
3 2048
2 2048
3 2048
4 2048
3 2048
5 2048
2 2048
1 2048
1 2048
1 2048
1 2048
4 2048
3 2048
4 2048
3 2048
3 2048
4 2048
2 2048
4 2048
3 2048
3 2048
7 2048
2 2048
6 2048
3 2048
3 2048
5 2048
4 2048
4 2048
2 2048
2 2048
4 2048
5 2048
3 2048
3 2048
4 2048
2 2048
2 2048
1 2048
4 2048
4 2048
6 2048
2 2048
4 2048
5 2048
4 2048
2 2048
7 2048
2 2048
6 2048
2 2048
3 2048
2 2048
4 2048
3 2048
3 2048
2 2048
1 2048
1 2048
2 2048
2 2048
1 2048
1 2048
4 2048
4 2048
2 2048
4 2048
4 2048
4 2048
2 2048
4 2048
2 2048
3 2048
4 2048
3 2048
2 2048
4 2048
4 2048
6 2048
4 2048
3 2048
5 2048
0 1173
4 2048
2 2048
1 2048
2 2048
6 2048
3 2048
4 2048
3 2048
1 2048
6 2048
2 2048
2 2048
3 2048
5 2048
5 2048
2 2048
3 2048
2 2048
2 2048
5 2048
1 2048
2 2048
1 2048
4 2048
2 2048
3 2048
1 2048
3 2048
2 2048
0 450
3 2048
2 2048
1 2048
3 2048
3 2048
7 2048
1 2048
4 2048
3 2048
3 2048
5 2048
5 2048
2 2048
1 2048
4 2048
4 2048
1 2048
3 2048
2 2048
2 2048
5 2048
4 2048
1 2048
6 2048
6 2048
2 2048
2 2048
4 2048
3 2048
1 2048
2 2048
3 2048
6 2048
4 2048
1 2048
4 2048
4 2048
2 2048
5 2048
3 2048
4 2048
4 2048
2 2048
2 2048
0 299
6 2048
2 2048
2 2048
2 2048
0 139
3 2048
4 2048
1 2048
3 2048
3 2048
4 2048
2 2048
2 2048
4 2048
2 2048
3 2048
4 2048
4 2048
3 2048
5 2048
3 2048
2 2048
6 2048
4 2048
5 2048
1 2048
4 2048
4 2048
0 43
1 2048
3 2048
3 2048
1 2048
5 2048
3 2048
4 2048
3 2048
2 2048
4 2048
3 2048
1 2048
3 2048
1 2048
0 297
2 2048
4 2048
3 2048
4 2048
4 2048
6 2048
6 2048
3 2048
3 2048
3 2048
4 2048
2 2048
2 2048
2 2048
2 2048
3 2048
1 2048
4 2048
6 2048
5 2048
2 2048
3 2048
4 2048
0 403
3 2048
3 2048
2 2048
3 2048
2 2048
5 2048
3 2048
5 2048
5 2048
2 2048
1 2048
6 2048
4 2048
2 2048
3 2048
2 2048
5 2048
2 2048
1 2048
2 2048
4 2048
2 2048
1 2048
5 2048
3 2048
1 2048
3 2048
0 475
3 2048
3 2048
6 2048
2 2048
2 2048
2 2048
1 2048
3 2048
5 2048
6 2048
2 2048
2 2048
8 2048
3 2048
2 2048
0 670
1 2048
2 2048
3 2048
4 2048
3 2048
3 2048
4 2048
6 2048
0 474
0 231
1 2048
4 2048
3 2048
3 2048
2 2048
4 2048
5 2048
4 2048
3 2048
4 2048
3 2048
2 2048
3 2048
3 2048
3 2048
3 2048
1 2048
6 2048
1 2048
3 2048
2 2048
2 2048
2 2048
3 2048
4 2048
2 2048
2 2048
3 2048
2 2048
3 2048
2 2048
2 2048
3 2048
3 2048
3 2048
1 2048
4 2048
3 2048
1 2048
5 2048
1 2048
2 2048
1 2048
3 2048
3 2048
2 2048
4 2048
3 2048
5 2048
4 2048
4 2048
1 2048
4 2048
5 2048
2 2048
4 2048
5 2048
2 2048
1 2048
4 2048
2 2048
5 2048
1 2048
2 2048
3 2048
2 2048
3 2048
2 2048
1 2048
4 2048
2 2048
5 2048
3 2048
3 2048
7 2048
3 2048
2 2048
4 2048
1 2048
2 2048
3 2048
7 2048
5 2048
5 2048
1 2048
2 2048
1 2048
5 2048
2 2048
4 2048
6 2048
3 2048
4 2048
4 2048
2 2048
4 2048
1 2048
1 2048
3 2048
1 2048
4 2048
1 2048
0 412
5 2048
3 2048
4 2048
2 2048
2 2048
6 2048
2 2048
4 2048
1 2048
2 2048
0 732
5 2048
4 2048
4 2048
4 2048
3 2048
4 2048
7 2048
3 2048
4 2048
3 2048
2 2048
2 2048
3 2048
4 2048
2 2048
1 2048
3 2048
0 452
1 2048
1 2048
1 2048
1 2048
2 2048
3 2048
2 2048
4 2048
3 2048
3 2048
4 2048
1 2048
7 2048
2 2048
4 2048
2 2048
1 2048
3 2048
2 2048
2 2048
5 2048
3 2048
2 2048
0 882
4 2048
4 2048
4 2048
4 2048
3 2048
3 2048
3 2048
4 2048
5 2048
4 2048
2 2048
2 2048
4 2048
3 2048
4 2048
2 2048
3 2048
3 2048
3 2048
5 2048
3 2048
4 2048
1 2048
4 2048
4 2048
4 2048
4 2048
4 2048
2 2048
5 2048
2 2048
3 2048
4 2048
3 2048
4 2048
5 2048
1 2048
2 2048
4 2048
2 2048
2 2048
2 2048
2 2048
5 2048
5 2048
3 2048
2 2048
4 2048
2 2048
8 2048
5 2048
2 2048
3 2048
2 2048
4 2048
5 2048
0 684
5 2048
4 2048
3 2048
6 2048
3 2048
6 2048
1 2048
3 2048
3 2048
3 2048
2 2048
4 2048
2 2048
3 2048
3 2048
2 2048
6 2048
2 2048
3 2048
3 2048
5 2048
3 2048
1 2048
3 2048
2 2048
5 2048
4 2048
3 2048
4 2048
4 2048
3 2048
3 2048
4 2048
1 2048
2 2048
7 2048
2 2048
3 2048
2 2048
4 2048
4 2048
3 2048
1 2048
7 2048
2 2048
1 2048
5 2048
3 2048
3 2048
4 2048
3 2048
3 2048
2 2048
2 2048
1 2048
2 2048
2 2048
5 2048
3 2048
2 2048
2 2048
2 2048
2 2048
2 2048
4 2048
3 2048
0 125
4 2048
1 2048
9 2048
3 2048
5 2048
3 2048
0 1446
5 2048
6 2048
1 2048
4 2048
4 2048
3 2048
4 2048
3 2048
4 2048
3 2048
2 2048
5 2048
4 2048
4 2048
5 2048
1 2048
3 2048
0 129
2 2048
1 2048
0 521
1 2048
3 2048
3 2048
5 2048
2 2048
3 2048
2 2048
3 2048
4 2048
2 2048
3 2048
2 2048
1 2048
5 2048
1 2048
3 2048
5 2048
3 2048
2 2048
3 2048
2 2048
3 2048
1 2048
1 2048
3 2048
1 2048
1 2048
2 2048
2 2048
3 2048
4 2048
4 2048
1 2048
3 2048
2 2048
3 2048
3 2048
2 2048
3 2048
1 2048
4 2048
2 2048
4 2048
4 2048
2 2048
6 2048
5 2048
0 79
0 226
1 2048
4 2048
6 2048
2 2048
1 2048
3 2048
3 2048
2 2048
7 2048
4 2048
1 2048
4 2048
2 2048
3 2048
2 2048
3 2048
4 2048
3 2048
3 2048
1 2048
2 2048
1 2048
2 2048
3 2048
5 2048
1 2048
2 2048
3 2048
2 2048
3 2048
3 2048
2 2048
3 2048
4 2048
3 2048
2 2048
1 2048
2 2048
4 2048
1 2048
3 2048
1 2048
3 2048
2 2048
4 2048
4 2048
2 2048
2 2048
2 2048
3 2048
5 2048
1 2048
1 2048
5 2048
2 2048
2 2048
2 2048
3 2048
4 2048
5 2048
2 2048
2 2048
6 2048
6 2048
4 2048
3 2048
3 2048
4 2048
1 2048
4 2048
2 2048
5 2048
4 2048
3 2048
3 2048
2 2048
3 2048
3 2048
2 2048
2 2048
1 2048
5 2048
4 2048
1 2048
3 2048
2 2048
6 2048
1 2048
0 747
1 2048
5 2048
3 2048
3 2048
3 2048
3 2048
2 2048
3 2048
3 2048
4 2048
1 2048
6 2048
4 2048
4 2048
4 2048
4 2048
1 2048
4 2048
4 2048
3 2048
3 2048
3 2048
1 2048
4 2048
1 2048
3 2048
7 2048
1 2048
4 2048
2 2048
5 2048
1 2048
4 2048
4 2048
2 2048
4 2048
3 2048
7 2048
3 2048
4 2048
2 2048
6 2048
2 2048
5 2048
2 2048
3 2048
5 2048
1 2048
4 2048
1 2048
1 2048
2 2048
4 2048
3 2048
2 2048
2 2048
2 2048
4 2048
4 2048
7 2048
5 2048
4 2048
5 2048
2 2048
2 2048
3 2048
4 2048
2 2048
1 2048
3 2048
4 2048
1 2048
3 2048
2 2048
5 2048
5 2048
2 2048
5 2048
4 2048
3 2048
2 2048
5 2048
3 2048
1 2048
4 2048
5 2048
2 2048
6 2048
4 2048
1 2048
1 2048
5 2048
3 2048
2 2048
3 2048
2 2048
3 2048
0 271
4 2048
4 2048
2 2048
4 2048
2 2048
2 2048
9 2048
3 2048
4 2048
2 2048
5 2048
5 2048
2 2048
2 2048
1 2048
2 2048
2 2048
1 2048
4 2048
3 2048
2 2048
1 2048
5 2048
2 2048
2 2048
3 2048
3 2048
2 2048
6 2048
2 2048
3 2048
3 2048
6 2048
3 2048
1 2048
2 2048
6 2048
2 2048
7 2048
2 2048
5 2048
2 2048
7 2048
5 2048
7 2048
3 2048
4 2048
0 235
2 2048
4 2048
2 2048
5 2048
4 2048
2 2048
0 513
2 2048
2 2048
3 2048
3 2048
0 504
4 2048
4 2048
3 2048
5 2048
1 2048
3 2048
3 2048
3 2048
3 2048
2 2048
1 2048
1 2048
3 2048
2 2048
2 2048
3 2048
3 2048
1 2048
1 2048
2 2048
2 2048
0 1219
2 2048
5 2048
4 2048
3 2048
3 2048
6 2048
4 2048
1 2048
3 2048
4 2048
2 2048
1 2048
4 2048
5 2048
4 2048
2 2048
4 2048
1 2048
2 2048
5 2048
2 2048
0 160
4 2048
3 2048
3 2048
5 2048
2 2048
5 2048
3 2048
1 2048
2 2048
1 2048
2 2048
4 2048
1 2048
5 2048
2 2048
3 2048
5 2048
4 2048
3 2048
2 2048
7 2048
0 178
1 2048
5 2048
2 2048
8 2048
5 2048
4 2048
3 2048
5 2048
5 2048
4 2048
5 2048
6 2048
2 2048
1 2048
3 2048
2 2048
5 2048
2 2048
2 2048
4 2048
1 2048
1 2048
2 2048
4 2048
3 2048
1 2048
3 2048
1 2048
1 2048
3 2048
2 2048
2 2048
5 2048
2 2048
1 2048
3 2048
2 2048
4 2048
1 2048
2 2048
4 2048
4 2048
5 2048
1 2048
6 2048
5 2048
5 2048
3 2048
4 2048
3 2048
6 2048
3 2048
3 2048
3 2048
3 2048
2 2048
5 2048
3 2048
1 2048
1 2048
2 2048
7 2048
2 2048
2 2048
4 2048
2 2048
3 2048
1 2048
2 2048
2 2048
1 2048
2 2048
3 2048
4 2048
7 2048
3 2048
3 2048
4 2048
1 2048
2 2048
2 2048
2 2048
2 2048
4 2048
4 2048
2 2048
3 2048
2 2048
4 2048
2 2048
1 2048
4 2048
2 2048
2 2048
4 2048
2 2048
3 2048
3 2048
3 2048
2 2048
4 2048
2 2048
4 2048
4 2048
2 2048
2 2048
3 2048
2 2048
5 2048
1 2048
2 2048
1 2048
2 2048
1 2048
1 2048
2 2048
3 2048
5 2048
4 2048
5 2048
1 2048
2 2048
4 2048
2 2048
2 2048
2 2048
1 2048
1 2048
1 2048
2 2048
5 2048
2 2048
2 2048
1 2048
1 2048
1 2048
3 2048
0 407
5 2048
2 2048
7 2048
5 2048
4 2048
2 2048
3 2048
7 2048
7 2048
4 2048
4 2048
1 2048
1 2048
3 2048
0 449
4 2048
1 2048
0 484
3 2048
4 2048
3 2048
3 2048
5 2048
3 2048
5 2048
3 2048
3 2048
3 2048
4 2048
3 2048
5 2048
2 2048
2 2048
2 2048
4 2048
3 2048
1 2048
4 2048
2 2048
4 2048
2 2048
6 2048
4 2048
2 2048
1 2048
1 2048
4 2048
4 2048
3 2048
2 2048
5 2048
4 2048
5 2048
1 2048
1 2048
2 2048
5 2048
2 2048
2 2048
6 2048
2 2048
3 2048
2 2048
2 2048
3 2048
2 2048
3 2048
3 2048
4 2048
0 162
4 2048
1 2048
4 2048
2 2048
2 2048
4 2048
4 2048
2 2048
0 149
7 2048
5 2048
1 2048
4 2048
4 2048
6 2048
4 2048
6 2048
3 2048
4 2048
4 2048
1 2048
3 2048
0 310
3 2048
3 2048
5 2048
1 2048
2 2048
3 2048
1 2048
3 2048
3 2048
4 2048
3 2048
0 602
6 2048
2 2048
5 2048
3 2048
2 2048
4 2048
5 2048
4 2048
3 2048
3 2048
2 2048
4 2048
3 2048
3 2048
0 553
4 2048
1 2048
2 2048
1 2048
3 2048
1 2048
2 2048
3 2048
4 2048
1 2048
5 2048
1 2048
3 2048
4 2048
2 2048
4 2048
2 2048
1 2048
3 2048
4 2048
1 2048
4 2048
1 2048
4 2048
2 2048
3 2048
4 2048
1 2048
3 2048
2 2048
3 2048
2 2048
4 2048
3 2048
5 2048
5 2048
4 2048
0 607
2 2048
5 2048
2 2048
4 2048
3 2048
1 2048
2 2048
2 2048
2 2048
2 2048
2 2048
2 2048
6 2048
2 2048
2 2048
3 2048
3 2048
4 2048
2 2048
2 2048
3 2048
3 2048
3 2048
4 2048
4 2048
5 2048
0 207
1 2048
4 2048
3 2048
3 2048
3 2048
3 2048
4 2048
1 2048
5 2048
6 2048
3 2048
3 2048
2 2048
2 2048
2 2048
2 2048
2 2048
4 2048
3 2048
5 2048
3 2048
4 2048
2 2048
4 2048
5 2048
4 2048
6 2048
2 2048
4 2048
1 2048
0 655
3 2048
0 243
5 2048
3 2048
4 2048
3 2048
6 2048
2 2048
2 2048
2 2048
1 2048
4 2048
2 2048
5 2048
3 2048
3 2048
4 2048
1 2048
1 2048
7 2048
2 2048
1 2048
6 2048
4 2048
4 2048
2 2048
3 2048
2 2048
4 2048
2 2048
2 2048
2 2048
5 2048
3 2048
3 2048
3 2048
9 2048
2 2048
1 2048
4 2048
2 2048
1 2048
0 240
5 2048
4 2048
4 2048
2 2048
4 2048
5 2048
2 2048
1 2048
2 2048
4 2048
5 2048
6 2048
4 2048
3 2048
1 2048
4 2048
3 2048
4 2048
3 2048
7 2048
3 2048
2 2048
5 2048
2 2048
1 2048
0 331
2 2048
2 2048
4 2048
1 2048
3 2048
3 2048
2 2048
5 2048
2 2048
3 2048
3 2048
4 2048
3 2048
2 2048
5 2048
3 2048
6 2048
3 2048
3 2048
3 2048
3 2048
4 2048
3 2048
4 2048
3 2048
6 2048
3 2048
1 2048
6 2048
3 2048
2 2048
3 2048
7 2048
2 2048
2 2048
4 2048
3 2048
1 2048
4 2048
1 2048
7 2048
3 2048
4 2048
6 2048
2 2048
5 2048
2 2048
2 2048
2 2048
3 2048
1 2048
4 2048
3 2048
3 2048
2 2048
2 2048
3 2048
2 2048
6 2048
3 2048
2 2048
4 2048
3 2048
6 2048
6 2048
4 2048
2 2048
4 2048
5 2048
2 2048
3 2048
2 2048
3 2048
6 2048
3 2048
4 2048
2 2048
7 2048
3 2048
5 2048
2 2048
4 2048
5 2048
3 2048
6 2048
1 2048
5 2048
2 2048
3 2048
3 2048
4 2048
4 2048
4 2048
4 2048
4 2048
2 2048
3 2048
1 2048
4 2048
2 2048
1 2048
2 2048
3 2048
1 2048
2 2048
2 2048
3 2048
3 2048
4 2048
2 2048
0 359
3 2048
2 2048
2 2048
3 2048
2 2048
0 581
3 2048
2 2048
2 2048
5 2048
8 2048
2 2048
2 2048
5 2048
0 265
1 2048
2 2048
3 2048
6 2048
2 2048
1 2048
2 2048
6 2048
5 2048
1 2048
6 2048
2 2048
2 2048
4 2048
3 2048
5 2048
2 2048
6 2048
1 2048
0 361
3 2048
0 476
2 2048
2 2048
5 2048
1 2048
1 2048
2 2048
0 197
3 2048
1 2048
3 2048
3 2048
3 2048
1 2048
2 2048
3 2048
3 2048
3 2048
2 2048
0 489
2 2048
1 2048
4 2048
4 2048
2 2048
2 2048
3 2048
3 2048
5 2048
4 2048
3 2048
4 2048
1 2048
3 2048
4 2048
2 2048
2 2048
1 2048
2 2048
1 2048
5 2048
4 2048
1 2048
2 2048
2 2048
4 2048
1 2048
0 166
2 2048
4 2048
1 2048
2 2048
4 2048
5 2048
2 2048
1 2048
1 2048
2 2048
2 2048
2 2048
4 2048
6 2048
5 2048
3 2048
5 2048
1 2048
1 2048
3 2048
3 2048
4 2048
1 2048
2 2048
2 2048
0 51
4 2048
3 2048
1 2048
2 2048
3 2048
2 2048
3 2048
4 2048
2 2048
2 2048
3 2048
5 2048
2 2048
5 2048
1 2048
5 2048
1 2048
3 2048
4 2048
1 2048
6 2048
2 2048
1 2048
7 2048
6 2048
0 1225
3 2048
3 2048
6 2048
3 2048
2 2048
3 2048
3 2048
3 2048
1 2048
5 2048
3 2048
4 2048
1 2048
2 2048
0 113
3 2048
3 2048
2 2048
4 2048
0 989
4 2048
5 2048
1 2048
3 2048
2 2048
3 2048
4 2048
2 2048
4 2048
2 2048
4 2048
2 2048
3 2048
0 115
4 2048
1 2048
4 2048
2 2048
6 2048
2 2048
2 2048
5 2048
5 2048
1 2048
4 2048
5 2048
1 2048
2 2048
4 2048
2 2048
4 2048
6 2048
3 2048
6 2048
3 2048
3 2048
3 2048
4 2048
3 2048
4 2048
3 2048
1 2048
2 2048
0 92
3 2048
1 2048
3 2048
2 2048
3 2048
4 2048
1 2048
2 2048
3 2048
1 2048
1 2048
2 2048
4 2048
3 2048
7 2048
4 2048
3 2048
7 2048
1 2048
6 2048
8 2048
2 2048
5 2048
4 2048
1 2048
1 2048
4 2048
4 2048
4 2048
1 2048
4 2048
3 2048
3 2048
1 2048
4 2048
7 2048
4 2048
5 2048
1 2048
5 2048
4 2048
1 2048
2 2048
2 2048
6 2048
4 2048
2 2048
2 2048
4 2048
4 2048
2 2048
4 2048
5 2048
1 2048
5 2048
4 2048
4 2048
1 2048
5 2048
3 2048
2 2048
5 2048
0 686
2 2048
3 2048
4 2048
6 2048
1 2048
3 2048
2 2048
4 2048
2 2048
3 2048
2 2048
3 2048
3 2048
5 2048
3 2048
5 2048
6 2048
3 2048
5 2048
3 2048
2 2048
2 2048
1 2048
3 2048
2 2048
4 2048
2 2048
4 2048
5 2048
3 2048
3 2048
3 2048
5 2048
4 2048
7 2048
4 2048
3 2048
5 2048
3 2048
4 2048
2 2048
6 2048
4 2048
3 2048
3 2048
2 2048
4 2048
4 2048
5 2048
5 2048
2 2048
4 2048
6 2048
1 2048
4 2048
4 2048
1 2048
2 2048
1 2048
5 2048
2 2048
5 2048
6 2048
2 2048
3 2048
5 2048
5 2048
5 2048
4 2048
3 2048
2 2048
1 2048
4 2048
5 2048
5 2048
2 2048
2 2048
4 2048
2 2048
1 2048
6 2048
2 2048
3 2048
1 2048
3 2048
5 2048
2 2048
3 2048
4 2048
2 2048
1 2048
3 2048
3 2048
2 2048
8 2048
2 2048
1 2048
3 2048
2 2048
2 2048
4 2048
2 2048
4 2048
5 2048
4 2048
1 2048
2 2048
2 2048
0 194
6 2048
1 2048
2 2048
5 2048
2 2048
1 2048
2 2048
4 2048
3 2048
3 2048
3 2048
2 2048
2 2048
2 2048
1 2048
1 2048
2 2048
1 2048
3 2048
1 2048
0 915
4 2048
1 2048
4 2048
3 2048
3 2048
2 2048
3 2048
5 2048
6 2048
2 2048
3 2048
2 2048
5 2048
2 2048
4 2048
4 2048
4 2048
1 2048
1 2048
0 748
4 2048
4 2048
1 2048
1 2048
3 2048
0 990
4 2048
4 2048
3 2048
2 2048
3 2048
5 2048
3 2048
3 2048
3 2048
2 2048
2 2048
4 2048
3 2048
1 2048
2 2048
2 2048
4 2048
4 2048
3 2048
4 2048
2 2048
4 2048
5 2048
3 2048
1 2048
4 2048
3 2048
2 2048
1 2048
1 2048
2 2048
3 2048
3 2048
3 2048
3 2048
1 2048
3 2048
3 2048
1 2048
5 2048
3 2048
4 2048
6 2048
2 2048
3 2048
6 2048
1 2048
1 2048
4 2048
2 2048
6 2048
2 2048
4 2048
4 2048
3 2048
3 2048
2 2048
4 2048
7 2048
3 2048
5 2048
2 2048
0 1351
3 2048
3 2048
2 2048
3 2048
5 2048
5 2048
1 2048
4 2048
5 2048
4 2048
6 2048
4 2048
2 2048
3 2048
2 2048
5 2048
5 2048
9 2048
2 2048
3 2048
1 2048
2 2048
3 2048
4 2048
8 2048
9 2048
1 2048
3 2048
5 2048
2 2048
2 2048
5 2048
0 1228
3 2048
3 2048
3 2048
2 2048
2 2048
3 2048
4 2048
4 2048
2 2048
2 2048
3 2048
4 2048
2 2048
3 2048
3 2048
0 431
2 2048
8 2048
3 2048
2 2048
4 2048
2 2048
5 2048
2 2048
4 2048
3 2048
2 2048
2 2048
5 2048
1 2048
4 2048
4 2048
0 555
3 2048
3 2048
4 2048
5 2048
2 2048
3 2048
3 2048
2 2048
5 2048
2 2048
2 2048
2 2048
4 2048
4 2048
3 2048
0 194
3 2048
3 2048
2 2048
5 2048
2 2048
4 2048
2 2048
2 2048
3 2048
2 2048
2 2048
4 2048
4 2048
2 2048
2 2048
3 2048
1 2048
0 62
3 2048
6 2048
1 2048
4 2048
3 2048
0 951
7 2048
2 2048
6 2048
1 2048
2 2048
3 2048
2 2048
5 2048
4 2048
6 2048
3 2048
0 820
1 2048
3 2048
2 2048
5 2048
4 2048
1 2048
3 2048
6 2048
1 2048
3 2048
4 2048
4 2048
6 2048
5 2048
1 2048
1 2048
4 2048
4 2048
2 2048
2 2048
1 2048
4 2048
4 2048
5 2048
2 2048
4 2048
1 2048
3 2048
0 728
3 2048
5 2048
2 2048
1 2048
4 2048
4 2048
4 2048
2 2048
1 2048
2 2048
1 2048
5 2048
1 2048
3 2048
5 2048
1 2048
5 2048
3 2048
4 2048
4 2048
5 2048
2 2048
5 2048
2 2048
1 2048
4 2048
6 2048
3 2048
4 2048
1 2048
2 2048
7 2048
5 2048
5 2048
5 2048
3 2048
5 2048
2 2048
3 2048
5 2048
2 2048
5 2048
1 2048
3 2048
1 2048
4 2048
3 2048
2 2048
2 2048
1 2048
3 2048
1 2048
5 2048
3 2048
1 2048
2 2048
1 2048
3 2048
4 2048
2 2048
7 2048
1 2048
4 2048
3 2048
0 449
4 2048
4 2048
6 2048
2 2048
5 2048
3 2048
3 2048
4 2048
2 2048
3 2048
5 2048
5 2048
3 2048
5 2048
2 2048
3 2048
2 2048
3 2048
0 720
3 2048
3 2048
3 2048
3 2048
2 2048
3 2048
3 2048
2 2048
3 2048
3 2048
2 2048
2 2048
3 2048
0 1009
2 2048
5 2048
3 2048
3 2048
3 2048
2 2048
1 2048
4 2048
4 2048
2 2048
6 2048
2 2048
5 2048
2 2048
1 2048
5 2048
3 2048
3 2048
4 2048
5 2048
3 2048
6 2048
4 2048
3 2048
4 2048
0 68
3 2048
6 2048
1 2048
3 2048
4 2048
1 2048
1 2048
5 2048
4 2048
4 2048
1 2048
4 2048
4 2048
3 2048
3 2048
3 2048
1 2048
3 2048
2 2048
2 2048
0 185
0 49
4 2048
2 2048
3 2048
3 2048
3 2048
1 2048
2 2048
6 2048
4 2048
0 347
1 2048
3 2048
2 2048
6 2048
3 2048
6 2048
3 2048
2 2048
0 49
3 2048
2 2048
2 2048
1 2048
3 2048
4 2048
1 2048
1 2048
2 2048
3 2048
4 2048
3 2048
1 2048
1 2048
5 2048
3 2048
2 2048
8 2048
7 2048
0 166
0 252
5 2048
2 2048
0 428
3 2048
2 2048
5 2048
2 2048
3 2048
1 2048
1 2048
4 2048
3 2048
3 2048
3 2048
2 2048
4 2048
6 2048
3 2048
5 2048
5 2048
2 2048
4 2048
5 2048
1 2048
2 2048
2 2048
1 2048
4 2048
4 2048
4 2048
4 2048
1 2048
2 2048
3 2048
2 2048
4 2048
3 2048
3 2048
2 2048
4 2048
6 2048
4 2048
0 139
1 2048
2 2048
1 2048
3 2048
3 2048
5 2048
2 2048
3 2048
6 2048
1 2048
1 2048
3 2048
3 2048
1 2048
2 2048
1 2048
2 2048
0 835
2 2048
1 2048
4 2048
6 2048
4 2048
4 2048
3 2048
2 2048
8 2048
4 2048
3 2048
4 2048
3 2048
4 2048
2 2048
1 2048
5 2048
6 2048
5 2048
3 2048
4 2048
1 2048
1 2048
0 210
2 2048
4 2048
2 2048
3 2048
5 2048
2 2048
3 2048
4 2048
3 2048
2 2048
3 2048
2 2048
3 2048
4 2048
3 2048
3 2048
4 2048
0 143
4 2048
3 2048
1 2048
5 2048
4 2048
7 2048
2 2048
5 2048
2 2048
6 2048
3 2048
6 2048
0 62
3 2048
2 2048
3 2048
0 103
6 2048
2 2048
2 2048
3 2048
4 2048
2 2048
5 2048
2 2048
1 2048
2 2048
5 2048
3 2048
6 2048
3 2048
5 2048
2 2048
5 2048
3 2048
4 2048
3 2048
1 2048
5 2048
3 2048
3 2048
8 2048
5 2048
4 2048
5 2048
2 2048
6 2048
1 2048
3 2048
4 2048
3 2048
4 2048
2 2048
2 2048
3 2048
5 2048
5 2048
1 2048
3 2048
3 2048
2 2048
2 2048
2 2048
2 2048
1 2048
4 2048
5 2048
3 2048
0 74
0 191
1 2048
4 2048
2 2048
3 2048
1 2048
3 2048
1 2048
4 2048
6 2048
3 2048
3 2048
3 2048
3 2048
3 2048
4 2048
4 2048
2 2048
1 2048
1 2048
3 2048
6 2048
2 2048
1 2048
6 2048
3 2048
4 2048
3 2048
3 2048
2 2048
4 2048
2 2048
6 2048
6 2048
4 2048
2 2048
2 2048
7 2048
4 2048
4 2048
3 2048
3 2048
3 2048
3 2048
1 2048
4 2048
3 2048
1 2048
1 2048
3 2048
4 2048
4 2048
4 2048
4 2048
7 2048
2 2048
1 2048
5 2048
2 2048
4 2048
3 2048
4 2048
4 2048
5 2048
3 2048
1 2048
7 2048
4 2048
5 2048
3 2048
4 2048
8 2048
2 2048
1 2048
2 2048
1 2048
3 2048
2 2048
4 2048
0 527
3 2048
3 2048
3 2048
3 2048
2 2048
1 2048
4 2048
2 2048
2 2048
4 2048
5 2048
2 2048
2 2048
4 2048
2 2048
3 2048
2 2048
2 2048
2 2048
2 2048
7 2048
4 2048
2 2048
4 2048
5 2048
3 2048
3 2048
2 2048
2 2048
2 2048
4 2048
1 2048
1 2048
3 2048
4 2048
3 2048
2 2048
4 2048
5 2048
5 2048
0 123
3 2048
3 2048
1 2048
2 2048
2 2048
4 2048
1 2048
2 2048
2 2048
3 2048
1 2048
2 2048
1 2048
3 2048
3 2048
3 2048
2 2048
2 2048
1 2048
2 2048
5 2048
4 2048
3 2048
2 2048
2 2048
5 2048
3 2048
2 2048
4 2048
4 2048
4 2048
3 2048
4 2048
3 2048
4 2048
4 2048
0 140
4 2048
4 2048
4 2048
3 2048
2 2048
5 2048
0 155
4 2048
2 2048
3 2048
4 2048
3 2048
3 2048
1 2048
1 2048
4 2048
5 2048
2 2048
3 2048
4 2048
2 2048
1 2048
2 2048
4 2048
7 2048
3 2048
4 2048
4 2048
2 2048
5 2048
2 2048
3 2048
4 2048
4 2048
0 649
3 2048
3 2048
2 2048
3 2048
0 306
4 2048
3 2048
6 2048
1 2048
1 2048
4 2048
2 2048
2 2048
4 2048
2 2048
6 2048
3 2048
1 2048
2 2048
1 2048
2 2048
4 2048
6 2048
4 2048
4 2048
3 2048
5 2048
2 2048
3 2048
3 2048
1 2048
1 2048
2 2048
4 2048
4 2048
3 2048
2 2048
2 2048
6 2048
2 2048
2 2048
4 2048
2 2048
1 2048
1 2048
2 2048
1 2048
1 2048
4 2048
2 2048
4 2048
0 141
2 2048
2 2048
1 2048
3 2048
2 2048
2 2048
0 304
1 2048
5 2048
3 2048
3 2048
3 2048
5 2048
4 2048
4 2048
3 2048
3 2048
1 2048
2 2048
4 2048
4 2048
4 2048
3 2048
3 2048
0 604
2 2048
2 2048
2 2048
5 2048
1 2048
3 2048
3 2048
4 2048
1 2048
2 2048
3 2048
1 2048
1 2048
1 2048
6 2048
5 2048
3 2048
3 2048
1 2048
5 2048
3 2048
4 2048
5 2048
2 2048
3 2048
4 2048
4 2048
4 2048
1 2048
4 2048
3 2048
4 2048
3 2048
4 2048
4 2048
2 2048
0 812
4 2048
2 2048
2 2048
2 2048
7 2048
4 2048
2 2048
3 2048
2 2048
5 2048
4 2048
3 2048
2 2048
2 2048
3 2048
1 2048
1 2048
4 2048
3 2048
2 2048
4 2048
2 2048
4 2048
1 2048
2 2048
3 2048
3 2048
3 2048
4 2048
4 2048
1 2048
4 2048
4 2048
4 2048
2 2048
3 2048
3 2048
1 2048
1 2048
3 2048
1 2048
4 2048
3 2048
2 2048
2 2048
3 2048
2 2048
1 2048
3 2048
2 2048
4 2048
2 2048
2 2048
4 2048
2 2048
6 2048
2 2048
3 2048
2 2048
3 2048
3 2048
2 2048
2 2048
4 2048
4 2048
3 2048
3 2048
4 2048
3 2048
3 2048
3 2048
4 2048
3 2048
1 2048
2 2048
4 2048
7 2048
1 2048
4 2048
0 89
4 2048
2 2048
4 2048
6 2048
7 2048
3 2048
2 2048
2 2048
3 2048
2 2048
4 2048
4 2048
3 2048
5 2048
4 2048
2 2048
3 2048
3 2048
2 2048
2 2048
1 2048
4 2048
4 2048
2 2048
2 2048
3 2048
4 2048
5 2048
1 2048
1 2048
4 2048
2 2048
5 2048
1 2048
4 2048
3 2048
3 2048
2 2048
4 2048
2 2048
3 2048
6 2048
5 2048
2 2048
1 2048
4 2048
2 2048
1 2048
1 2048
4 2048
2 2048
3 2048
5 2048
3 2048
4 2048
7 2048
2 2048
4 2048
1 2048
1 2048
4 2048
3 2048
1 2048
2 2048
3 2048
2 2048
3 2048
6 2048
5 2048
4 2048
2 2048
7 2048
3 2048
2 2048
5 2048
2 2048
3 2048
4 2048
3 2048
4 2048
4 2048
7 2048
3 2048
4 2048
6 2048
4 2048
4 2048
3 2048
2 2048
2 2048
0 942
3 2048
1 2048
3 2048
2 2048
6 2048
7 2048
3 2048
0 345
2 2048
1 2048
5 2048
6 2048
4 2048
2 2048
5 2048
2 2048
4 2048
2 2048
4 2048
4 2048
2 2048
1 2048
4 2048
5 2048
2 2048
3 2048
2 2048
2 2048
5 2048
5 2048
2 2048
1 2048
1 2048
5 2048
8 2048
3 2048
4 2048
2 2048
1 2048
5 2048
3 2048
4 2048
5 2048
4 2048
2 2048
4 2048
3 2048
4 2048
4 2048
4 2048
1 2048
2 2048
3 2048
4 2048
4 2048
4 2048
3 2048
4 2048
6 2048
3 2048
3 2048
3 2048
5 2048
2 2048
2 2048
6 2048
5 2048
2 2048
1 2048
3 2048
4 2048
4 2048
1 2048
4 2048
1 2048
3 2048
4 2048
1 2048
0 388
3 2048
4 2048
2 2048
6 2048
4 2048
3 2048
1 2048
3 2048
3 2048
6 2048
3 2048
4 2048
5 2048
2 2048
5 2048
3 2048
4 2048
1 2048
3 2048
1 2048
6 2048
5 2048
1 2048
1 2048
4 2048
3 2048
4 2048
3 2048
3 2048
6 2048
1 2048
4 2048
6 2048
5 2048
6 2048
4 2048
3 2048
2 2048
3 2048
5 2048
1 2048
4 2048
2 2048
4 2048
5 2048
3 2048
1 2048
3 2048
3 2048
1 2048
3 2048
2 2048
3 2048
4 2048
3 2048
4 2048
8 2048
7 2048
4 2048
2 2048
0 609
3 2048
3 2048
3 2048
6 2048
5 2048
0 138
3 2048
2 2048
3 2048
2 2048
6 2048
3 2048
4 2048
6 2048
2 2048
3 2048
4 2048
3 2048
4 2048
3 2048
3 2048
3 2048
4 2048
1 2048
6 2048
5 2048
2 2048
5 2048
4 2048
1 2048
3 2048
2 2048
5 2048
5 2048
3 2048
1 2048
2 2048
6 2048
3 2048
1 2048
3 2048
3 2048
2 2048
0 369
3 2048
0 449
0 151
1 2048
5 2048
2 2048
4 2048
4 2048
2 2048
3 2048
3 2048
3 2048
5 2048
3 2048
0 1219
5 2048
2 2048
3 2048
3 2048
4 2048
2 2048
3 2048
1 2048
1 2048
3 2048
6 2048
2 2048
3 2048
1 2048
3 2048
2 2048
6 2048
3 2048
2 2048
3 2048
4 2048
4 2048
2 2048
2 2048
1 2048
2 2048
4 2048
1 2048
3 2048
3 2048
3 2048
4 2048
3 2048
4 2048
1 2048
2 2048
2 2048
2 2048
2 2048
5 2048
4 2048
2 2048
1 2048
2 2048
3 2048
4 2048
0 491
5 2048
3 2048
2 2048
1 2048
1 2048
3 2048
1 2048
4 2048
4 2048
3 2048
3 2048
2 2048
4 2048
2 2048
3 2048
2 2048
1 2048
5 2048
3 2048
2 2048
5 2048
5 2048
3 2048
3 2048
2 2048
2 2048
4 2048
1 2048
2 2048
5 2048
5 2048
2 2048
3 2048
3 2048
4 2048
5 2048
5 2048
1 2048
1 2048
3 2048
4 2048
3 2048
2 2048
2 2048
5 2048
0 59
4 2048
2 2048
2 2048
3 2048
1 2048
4 2048
4 2048
1 2048
4 2048
2 2048
3 2048
4 2048
4 2048
6 2048
4 2048
2 2048
4 2048
6 2048
6 2048
3 2048
1 2048
2 2048
5 2048
0 148
3 2048
3 2048
5 2048
1 2048
4 2048
1 2048
0 555
3 2048
1 2048
7 2048
3 2048
4 2048
3 2048
0 194
2 2048
3 2048
5 2048
2 2048
4 2048
3 2048
3 2048
2 2048
5 2048
2 2048
1 2048
0 305
1 2048
2 2048
3 2048
3 2048
3 2048
2 2048
3 2048
4 2048
5 2048
3 2048
2 2048
3 2048
3 2048
4 2048
5 2048
1 2048
5 2048
3 2048
3 2048
4 2048
1 2048
3 2048
4 2048
3 2048
1 2048
2 2048
1 2048
1 2048
6 2048
3 2048
5 2048
4 2048
5 2048
5 2048
3 2048
5 2048
4 2048
2 2048
2 2048
4 2048
2 2048
2 2048
5 2048
2 2048
3 2048
7 2048
4 2048
2 2048
4 2048
4 2048
4 2048
3 2048
3 2048
6 2048
0 461
5 2048
3 2048
3 2048
5 2048
3 2048
3 2048
3 2048
4 2048
4 2048
6 2048
3 2048
7 2048
2 2048
3 2048
1 2048
5 2048
3 2048
3 2048
6 2048
4 2048
6 2048
1 2048
4 2048
3 2048
2 2048
1 2048
1 2048
1 2048
3 2048
4 2048
4 2048
6 2048
5 2048
4 2048
5 2048
4 2048
2 2048
8 2048
4 2048
3 2048
2 2048
1 2048
6 2048
4 2048
2 2048
2 2048
3 2048
1 2048
2 2048
4 2048
2 2048
1 2048
5 2048
2 2048
1 2048
4 2048
2 2048
2 2048
1 2048
2 2048
3 2048
2 2048
2 2048
2 2048
3 2048
4 2048
4 2048
2 2048
7 2048
3 2048
2 2048
2 2048
3 2048
6 2048
3 2048
7 2048
1 2048
5 2048
1 2048
4 2048
6 2048
5 2048
3 2048
2 2048
3 2048
1 2048
0 113
2 2048
4 2048
0 907
1 2048
5 2048
1 2048
1 2048
6 2048
5 2048
1 2048
1 2048
1 2048
3 2048
2 2048
3 2048
3 2048
6 2048
2 2048
3 2048
4 2048
2 2048
3 2048
4 2048
3 2048
6 2048
3 2048
5 2048
1 2048
3 2048
4 2048
4 2048
1 2048
4 2048
5 2048
0 387
1 2048
1 2048
3 2048
2 2048
4 2048
1 2048
4 2048
3 2048
6 2048
2 2048
0 211
4 2048
4 2048
1 2048
4 2048
3 2048
1 2048
4 2048
1 2048
1 2048
3 2048
3 2048
0 1659
4 2048
2 2048
1 2048
5 2048
3 2048
3 2048
2 2048
3 2048
3 2048
5 2048
3 2048
2 2048
3 2048
5 2048
4 2048
2 2048
1 2048
3 2048
4 2048
3 2048
4 2048
3 2048
2 2048
0 240
2 2048
4 2048
2 2048
4 2048
3 2048
4 2048
5 2048
3 2048
5 2048
2 2048
1 2048
4 2048
5 2048
2 2048
1 2048
5 2048
4 2048
4 2048
3 2048
3 2048
2 2048
3 2048
2 2048
2 2048
4 2048
1 2048
5 2048
3 2048
1 2048
6 2048
5 2048
3 2048
4 2048
1 2048
3 2048
0 135
4 2048
4 2048
3 2048
7 2048
0 471
2 2048
2 2048
3 2048
3 2048
3 2048
1 2048
4 2048
3 2048
4 2048
1 2048
4 2048
1 2048
2 2048
3 2048
3 2048
4 2048
4 2048
3 2048
2 2048
2 2048
1 2048
3 2048
1 2048
3 2048
6 2048
2 2048
1 2048
4 2048
5 2048
3 2048
2 2048
6 2048
1 2048
3 2048
2 2048
2 2048
3 2048
4 2048
1 2048
3 2048
3 2048
4 2048
4 2048
2 2048
3 2048
4 2048
3 2048
3 2048
3 2048
6 2048
2 2048
2 2048
5 2048
5 2048
5 2048
2 2048
2 2048
0 373
2 2048
4 2048
2 2048
4 2048
4 2048
2 2048
2 2048
4 2048
2 2048
2 2048
2 2048
5 2048
2 2048
4 2048
2 2048
4 2048
5 2048
5 2048
2 2048
4 2048
1 2048
0 71
3 2048
4 2048
1 2048
2 2048
3 2048
3 2048
4 2048
3 2048
3 2048
2 2048
5 2048
1 2048
2 2048
4 2048
1 2048
3 2048
3 2048
7 2048
3 2048
4 2048
5 2048
3 2048
5 2048
3 2048
3 2048
1 2048
2 2048
6 2048
2 2048
2 2048
4 2048
3 2048
3 2048
3 2048
3 2048
1 2048
1 2048
3 2048
3 2048
4 2048
3 2048
4 2048
2 2048
4 2048
4 2048
0 305
2 2048
1 2048
1 2048
1 2048
2 2048
3 2048
3 2048
1 2048
2 2048
5 2048
3 2048
1 2048
4 2048
5 2048
3 2048
5 2048
1 2048
1 2048
4 2048
2 2048
2 2048
5 2048
1 2048
1 2048
1 2048
4 2048
5 2048
3 2048
3 2048
4 2048
1 2048
4 2048
7 2048
7 2048
3 2048
1 2048
3 2048
4 2048
3 2048
2 2048
2 2048
2 2048
2 2048
2 2048
1 2048
3 2048
8 2048
1 2048
1 2048
1 2048
0 395
4 2048
3 2048
4 2048
3 2048
2 2048
3 2048
4 2048
5 2048
5 2048
6 2048
4 2048
1 2048
2 2048
3 2048
4 2048
2 2048
5 2048
4 2048
4 2048
2 2048
4 2048
3 2048
2 2048
2 2048
4 2048
2 2048
3 2048
5 2048
1 2048
3 2048
2 2048
2 2048
3 2048
2 2048
2 2048
6 2048
4 2048
2 2048
3 2048
2 2048
1 2048
3 2048
4 2048
7 2048
4 2048
2 2048
5 2048
1 2048
2 2048
1 2048
4 2048
5 2048
3 2048
2 2048
3 2048
8 2048
6 2048
3 2048
2 2048
0 102
5 2048
2 2048
3 2048
6 2048
4 2048
3 2048
5 2048
5 2048
5 2048
4 2048
2 2048
2 2048
3 2048
2 2048
4 2048
3 2048
3 2048
1 2048
1 2048
3 2048
3 2048
4 2048
3 2048
5 2048
1 2048
2 2048
1 2048
4 2048
5 2048
3 2048
4 2048
2 2048
2 2048
4 2048
1 2048
4 2048
4 2048
2 2048
3 2048
3 2048
0 645
7 2048
1 2048
6 2048
7 2048
7 2048
2 2048
5 2048
6 2048
2 2048
2 2048
2 2048
3 2048
4 2048
2 2048
3 2048
1 2048
1 2048
3 2048
4 2048
4 2048
0 149
1 2048
2 2048
5 2048
3 2048
2 2048
6 2048
3 2048
1 2048
1 2048
6 2048
4 2048
3 2048
5 2048
3 2048
1 2048
2 2048
3 2048
2 2048
0 181
5 2048
4 2048
2 2048
0 567
5 2048
4 2048
2 2048
1 2048
3 2048
2 2048
3 2048
1 2048
4 2048
3 2048
5 2048
5 2048
2 2048
3 2048
2 2048
2 2048
3 2048
1 2048
6 2048
3 2048
1 2048
8 2048
5 2048
2 2048
3 2048
2 2048
5 2048
2 2048
2 2048
4 2048
2 2048
1 2048
3 2048
2 2048
2 2048
1 2048
5 2048
6 2048
3 2048
1 2048
5 2048
2 2048
6 2048
5 2048
2 2048
3 2048
1 2048
5 2048
3 2048
1 2048
3 2048
4 2048
2 2048
2 2048
1 2048
3 2048
3 2048
4 2048
3 2048
2 2048
2 2048
2 2048
3 2048
3 2048
3 2048
0 562
3 2048
3 2048
3 2048
4 2048
4 2048
2 2048
4 2048
3 2048
3 2048
5 2048
1 2048
1 2048
4 2048
1 2048
4 2048
5 2048
6 2048
3 2048
3 2048
5 2048
5 2048
1 2048
3 2048
3 2048
3 2048
1 2048
5 2048
1 2048
3 2048
4 2048
1 2048
3 2048
3 2048
7 2048
4 2048
1 2048
4 2048
4 2048
3 2048
2 2048
2 2048
1 2048
1 2048
0 439
1 2048
4 2048
2 2048
7 2048
2 2048
0 205
0 667
2 2048
4 2048
3 2048
5 2048
4 2048
5 2048
2 2048
5 2048
1 2048
3 2048
1 2048
5 2048
5 2048
1 2048
4 2048
4 2048
4 2048
1 2048
1 2048
2 2048
2 2048
2 2048
3 2048
5 2048
4 2048
3 2048
7 2048
4 2048
2 2048
5 2048
2 2048
3 2048
1 2048
3 2048
2 2048
3 2048
3 2048
4 2048
6 2048
5 2048
3 2048
5 2048
1 2048
4 2048
2 2048
3 2048
1 2048
1 2048
6 2048
3 2048
1 2048
3 2048
3 2048
0 93
3 2048
2 2048
4 2048
3 2048
5 2048
6 2048
2 2048
3 2048
3 2048
2 2048
1 2048
2 2048
2 2048
2 2048
4 2048
0 497
5 2048
3 2048
2 2048
5 2048
4 2048
0 148
3 2048
1 2048
6 2048
2 2048
2 2048
5 2048
1 2048
5 2048
3 2048
2 2048
4 2048
0 771
4 2048
3 2048
4 2048
6 2048
1 2048
5 2048
2 2048
4 2048
6 2048
2 2048
4 2048
5 2048
5 2048
3 2048
3 2048
3 2048
2 2048
2 2048
5 2048
4 2048
3 2048
1 2048
2 2048
1 2048
1 2048
4 2048
4 2048
0 862
5 2048
2 2048
3 2048
1 2048
3 2048
1 2048
3 2048
3 2048
1 2048
1 2048
4 2048
4 2048
3 2048
5 2048
5 2048
2 2048
3 2048
4 2048
1 2048
5 2048
5 2048
3 2048
5 2048
3 2048
1 2048
5 2048
1 2048
1 2048
5 2048
6 2048
3 2048
1 2048
1 2048
4 2048
4 2048
3 2048
3 2048
5 2048
2 2048
4 2048
3 2048
3 2048
2 2048
2 2048
4 2048
1 2048
5 2048
5 2048
2 2048
4 2048
3 2048
3 2048
2 2048
5 2048
2 2048
2 2048
3 2048
4 2048
4 2048
2 2048
1 2048
3 2048
3 2048
4 2048
2 2048
5 2048
1 2048
2 2048
2 2048
0 372
5 2048
2 2048
3 2048
2 2048
5 2048
3 2048
3 2048
5 2048
0 271
3 2048
6 2048
3 2048
1 2048
2 2048
6 2048
1 2048
2 2048
4 2048
2 2048
1 2048
4 2048
4 2048
2 2048
5 2048
3 2048
3 2048
6 2048
3 2048
2 2048
3 2048
2 2048
0 1425
2 2048
3 2048
4 2048
0 407
2 2048
4 2048
1 2048
2 2048
0 353
2 2048
3 2048
3 2048
2 2048
2 2048
2 2048
4 2048
6 2048
2 2048
4 2048
3 2048
3 2048
1 2048
2 2048
6 2048
1 2048
3 2048
4 2048
3 2048
2 2048
4 2048
1 2048
3 2048
7 2048
3 2048
3 2048
5 2048
2 2048
4 2048
3 2048
6 2048
1 2048
2 2048
2 2048
2 2048
3 2048
3 2048
3 2048
4 2048
6 2048
6 2048
5 2048
5 2048
3 2048
5 2048
3 2048
3 2048
2 2048
1 2048
6 2048
1 2048
3 2048
6 2048
2 2048
1 2048
3 2048
3 2048
4 2048
4 2048
0 422
1 2048
3 2048
4 2048
3 2048
2 2048
1 2048
5 2048
1 2048
2 2048
4 2048
2 2048
1 2048
1 2048
2 2048
2 2048
1 2048
2 2048
4 2048
2 2048
4 2048
4 2048
2 2048
1 2048
3 2048
3 2048
3 2048
4 2048
5 2048
1 2048
5 2048
2 2048
4 2048
3 2048
2 2048
4 2048
3 2048
0 1089
2 2048
3 2048
1 2048
2 2048
1 2048
2 2048
2 2048
3 2048
2 2048
3 2048
6 2048
4 2048
2 2048
5 2048
6 2048
6 2048
2 2048
3 2048
1 2048
4 2048
4 2048
4 2048
3 2048
6 2048
2 2048
1 2048
1 2048
3 2048
3 2048
5 2048
4 2048
2 2048
5 2048
6 2048
4 2048
4 2048
4 2048
0 324
2 2048
4 2048
5 2048
2 2048
3 2048
1 2048
3 2048
2 2048
3 2048
2 2048
3 2048
5 2048
3 2048
3 2048
4 2048
3 2048
3 2048
2 2048
3 2048
3 2048
5 2048
1 2048
2 2048
3 2048
2 2048
4 2048
3 2048
5 2048
5 2048
2 2048
2 2048
2 2048
3 2048
3 2048
2 2048
4 2048
2 2048
5 2048
3 2048
0 697
3 2048
5 2048
3 2048
4 2048
3 2048
3 2048
6 2048
4 2048
2 2048
2 2048
6 2048
6 2048
1 2048
4 2048
6 2048
1 2048
2 2048
3 2048
2 2048
2 2048
5 2048
2 2048
1 2048
3 2048
3 2048
4 2048
2 2048
2 2048
5 2048
3 2048
5 2048
3 2048
4 2048
3 2048
4 2048
4 2048
4 2048
3 2048
2 2048
4 2048
2 2048
3 2048
6 2048
3 2048
5 2048
8 2048
3 2048
2 2048
2 2048
5 2048
5 2048
4 2048
3 2048
4 2048
4 2048
6 2048
2 2048
2 2048
2 2048
3 2048
4 2048
3 2048
2 2048
0 595
4 2048
6 2048
3 2048
2 2048
2 2048
4 2048
1 2048
4 2048
3 2048
4 2048
5 2048
3 2048
4 2048
5 2048
2 2048
3 2048
4 2048
1 2048
4 2048
2 2048
3 2048
2 2048
3 2048
1 2048
2 2048
5 2048
4 2048
3 2048
5 2048
2 2048
2 2048
4 2048
0 515
2 2048
2 2048
2 2048
3 2048
1 2048
1 2048
4 2048
1 2048
0 466
3 2048
0 377
3 2048
4 2048
1 2048
3 2048
1 2048
5 2048
2 2048
4 2048
4 2048
2 2048
4 2048
1 2048
5 2048
3 2048
3 2048
4 2048
2 2048
4 2048
8 2048
5 2048
4 2048
3 2048
1 2048
2 2048
4 2048
2 2048
7 2048
2 2048
2 2048
3 2048
2 2048
2 2048
4 2048
3 2048
7 2048
3 2048
3 2048
2 2048
5 2048
2 2048
4 2048
2 2048
3 2048
2 2048
3 2048
5 2048
2 2048
1 2048
3 2048
2 2048
2 2048
3 2048
2 2048
2 2048
7 2048
3 2048
1 2048
3 2048
1 2048
2 2048
2 2048
1 2048
3 2048
2 2048
1 2048
4 2048
8 2048
4 2048
4 2048
5 2048
1 2048
4 2048
3 2048
5 2048
3 2048
1 2048
0 745
3 2048
3 2048
3 2048
4 2048
3 2048
1 2048
4 2048
3 2048
4 2048
2 2048
3 2048
3 2048
3 2048
1 2048
1 2048
4 2048
2 2048
5 2048
2 2048
2 2048
0 190
1 2048
4 2048
4 2048
4 2048
2 2048
2 2048
4 2048
2 2048
4 2048
3 2048
5 2048
2 2048
5 2048
1 2048
5 2048
3 2048
4 2048
4 2048
4 2048
6 2048
6 2048
0 298
5 2048
3 2048
3 2048
5 2048
4 2048
3 2048
2 2048
0 297
4 2048
5 2048
3 2048
5 2048
2 2048
0 543
4 2048
0 121
3 2048
5 2048
3 2048
4 2048
2 2048
5 2048
2 2048
3 2048
3 2048
1 2048
2 2048
2 2048
2 2048
2 2048
5 2048
2 2048
3 2048
1 2048
4 2048
4 2048
6 2048
5 2048
2 2048
2 2048
2 2048
1 2048
2 2048
2 2048
2 2048
4 2048
1 2048
2 2048
4 2048
3 2048
2 2048
6 2048
5 2048
4 2048
4 2048
3 2048
3 2048
2 2048
2 2048
4 2048
2 2048
4 2048
3 2048
2 2048
1 2048
2 2048
5 2048
2 2048
3 2048
4 2048
3 2048
6 2048
2 2048
4 2048
3 2048
4 2048
1 2048
6 2048
4 2048
6 2048
5 2048
3 2048
4 2048
2 2048
2 2048
1 2048
3 2048
3 2048
3 2048
1 2048
0 565
3 2048
3 2048
3 2048
5 2048
1 2048
6 2048
3 2048
5 2048
3 2048
0 228
5 2048
0 432
0 271
2 2048
6 2048
1 2048
4 2048
4 2048
3 2048
2 2048
0 164
6 2048
5 2048
2 2048
3 2048
2 2048
2 2048
2 2048
4 2048
2 2048
2 2048
1 2048
1 2048
3 2048
3 2048
4 2048
3 2048
1 2048
4 2048
5 2048
5 2048
2 2048
2 2048
1 2048
3 2048
3 2048
3 2048
5 2048
2 2048
2 2048
3 2048
3 2048
2 2048
2 2048
1 2048
4 2048
5 2048
6 2048
7 2048
4 2048
4 2048
4 2048
4 2048
4 2048
8 2048
3 2048
1 2048
3 2048
3 2048
3 2048
3 2048
3 2048
2 2048
4 2048
3 2048
3 2048
4 2048
4 2048
3 2048
3 2048
3 2048
5 2048
3 2048
6 2048
2 2048
3 2048
3 2048
2 2048
1 2048
3 2048
1 2048
2 2048
1 2048
2 2048
4 2048
2 2048
3 2048
2 2048
2 2048
2 2048
3 2048
6 2048
3 2048
2 2048
2 2048
3 2048
2 2048
5 2048
3 2048
4 2048
4 2048
2 2048
2 2048
3 2048
3 2048
4 2048
1 2048
4 2048
5 2048
1 2048
3 2048
6 2048
3 2048
1 2048
2 2048
2 2048
5 2048
5 2048
2 2048
4 2048
5 2048
2 2048
1 2048
0 51
3 2048
3 2048
4 2048
3 2048
2 2048
1 2048
3 2048
2 2048
5 2048
2 2048
3 2048
5 2048
2 2048
5 2048
1 2048
4 2048
3 2048
2 2048
5 2048
0 376
4 2048
6 2048
4 2048
4 2048
5 2048
6 2048
2 2048
0 196
3 2048
2 2048
2 2048
2 2048
1 2048
4 2048
0 205
2 2048
1 2048
2 2048
3 2048
1 2048
3 2048
3 2048
2 2048
2 2048
5 2048
4 2048
1 2048
5 2048
6 2048
3 2048
2 2048
3 2048
6 2048
2 2048
1 2048
3 2048
3 2048
3 2048
1 2048
1 2048
5 2048
3 2048
3 2048
3 2048
4 2048
2 2048
0 207
1 2048
4 2048
4 2048
4 2048
1 2048
2 2048
5 2048
1 2048
2 2048
2 2048
2 2048
2 2048
0 776
2 2048
3 2048
4 2048
3 2048
4 2048
3 2048
2 2048
2 2048
2 2048
2 2048
8 2048
4 2048
2 2048
3 2048
3 2048
6 2048
7 2048
2 2048
3 2048
1 2048
5 2048
2 2048
6 2048
6 2048
1 2048
3 2048
3 2048
4 2048
2 2048
5 2048
2 2048
2 2048
5 2048
3 2048
2 2048
3 2048
6 2048
2 2048
3 2048
2 2048
2 2048
3 2048
2 2048
0 511
3 2048
4 2048
3 2048
2 2048
4 2048
1 2048
4 2048
3 2048
4 2048
3 2048
1 2048
2 2048
6 2048
3 2048
1 2048
2 2048
2 2048
4 2048
3 2048
5 2048
4 2048
2 2048
3 2048
0 309
3 2048
4 2048
3 2048
5 2048
4 2048
2 2048
3 2048
6 2048
2 2048
1 2048
4 2048
2 2048
6 2048
1 2048
3 2048
0 380
5 2048
2 2048
4 2048
4 2048
2 2048
1 2048
4 2048
4 2048
3 2048
3 2048
3 2048
2 2048
2 2048
2 2048
4 2048
4 2048
4 2048
2 2048
2 2048
4 2048
5 2048
0 344
2 2048
0 873
2 2048
1 2048
3 2048
5 2048
7 2048
2 2048
1 2048
1 2048
5 2048
4 2048
1 2048
3 2048
2 2048
3 2048
3 2048
3 2048
2 2048
3 2048
1 2048
1 2048
3 2048
2 2048
3 2048
3 2048
1 2048
3 2048
3 2048
1 2048
2 2048
3 2048
0 565
1 2048
1 2048
2 2048
3 2048
3 2048
5 2048
2 2048
4 2048
2 2048
2 2048
6 2048
1 2048
6 2048
4 2048
3 2048
4 2048
5 2048
2 2048
5 2048
5 2048
1 2048
4 2048
5 2048
0 1337
2 2048
3 2048
3 2048
3 2048
4 2048
5 2048
7 2048
2 2048
3 2048
1 2048
4 2048
2 2048
3 2048
6 2048
3 2048
4 2048
1 2048
3 2048
3 2048
1 2048
0 702
6 2048
2 2048
1 2048
2 2048
6 2048
2 2048
5 2048
3 2048
3 2048
3 2048
2 2048
2 2048
3 2048
2 2048
2 2048
1 2048
2 2048
3 2048
3 2048
3 2048
2 2048
3 2048
3 2048
1 2048
4 2048
3 2048
3 2048
5 2048
3 2048
4 2048
2 2048
3 2048
2 2048
2 2048
2 2048
4 2048
3 2048
3 2048
3 2048
7 2048
5 2048
2 2048
4 2048
3 2048
1 2048
5 2048
4 2048
3 2048
3 2048
3 2048
7 2048
2 2048
7 2048
2 2048
0 383
3 2048
5 2048
3 2048
3 2048
4 2048
2 2048
2 2048
2 2048
6 2048
1 2048
2 2048
2 2048
0 864
2 2048
6 2048
2 2048
6 2048
1 2048
2 2048
2 2048
3 2048
3 2048
1 2048
0 168
1 2048
4 2048
5 2048
2 2048
3 2048
2 2048
2 2048
3 2048
5 2048
3 2048
4 2048
3 2048
3 2048
3 2048
1 2048
5 2048
1 2048
2 2048
0 168
3 2048
3 2048
3 2048
3 2048
2 2048
6 2048
5 2048
5 2048
5 2048
2 2048
5 2048
4 2048
5 2048
3 2048
3 2048
1 2048
5 2048
4 2048
4 2048
5 2048
1 2048
3 2048
6 2048
3 2048
3 2048
3 2048
2 2048
4 2048
2 2048
3 2048
2 2048
4 2048
2 2048
3 2048
0 141
3 2048
6 2048
3 2048
0 828
2 2048
2 2048
6 2048
2 2048
3 2048
4 2048
2 2048
2 2048
4 2048
1 2048
3 2048
2 2048
7 2048
4 2048
5 2048
4 2048
3 2048
3 2048
2 2048
2 2048
3 2048
2 2048
0 38
3 2048
2 2048
3 2048
2 2048
1 2048
4 2048
2 2048
3 2048
5 2048
3 2048
3 2048
2 2048
7 2048
3 2048
2 2048
2 2048
5 2048
1 2048
2 2048
5 2048
3 2048
4 2048
2 2048
0 249
1 2048
4 2048
4 2048
3 2048
1 2048
2 2048
3 2048
4 2048
5 2048
3 2048
2 2048
4 2048
5 2048
4 2048
3 2048
4 2048
2 2048
3 2048
0 118
6 2048
1 2048
3 2048
3 2048
3 2048
3 2048
4 2048
2 2048
1 2048
5 2048
1 2048
0 869
5 2048
1 2048
4 2048
5 2048
2 2048
3 2048
4 2048
1 2048
4 2048
3 2048
7 2048
4 2048
2 2048
7 2048
5 2048
3 2048
3 2048
3 2048
5 2048
2 2048
2 2048
3 2048
2 2048
4 2048
6 2048
6 2048
4 2048
4 2048
1 2048
3 2048
2 2048
5 2048
0 117
3 2048
6 2048
3 2048
1 2048
3 2048
5 2048
2 2048
4 2048
2 2048
5 2048
1 2048
2 2048
2 2048
4 2048
4 2048
4 2048
6 2048
6 2048
3 2048
4 2048
2 2048
1 2048
5 2048
3 2048
3 2048
2 2048
3 2048
3 2048
3 2048
4 2048
1 2048
2 2048
2 2048
3 2048
3 2048
2 2048
3 2048
3 2048
3 2048
3 2048
4 2048
5 2048
5 2048
3 2048
2 2048
3 2048
4 2048
3 2048
6 2048
1 2048
4 2048
1 2048
3 2048
3 2048
1 2048
5 2048
2 2048
5 2048
3 2048
2 2048
5 2048
4 2048
3 2048
4 2048
2 2048
1 2048
3 2048
3 2048
1 2048
2 2048
3 2048
2 2048
2 2048
3 2048
4 2048
4 2048
4 2048
1 2048
2 2048
4 2048
1 2048
2 2048
4 2048
2 2048
3 2048
6 2048
3 2048
6 2048
2 2048
4 2048
3 2048
6 2048
3 2048
3 2048
2 2048
4 2048
1 2048
4 2048
3 2048
6 2048
0 322
2 2048
4 2048
1 2048
5 2048
4 2048
2 2048
2 2048
1 2048
2 2048
1 2048
8 2048
2 2048
2 2048
3 2048
4 2048
0 758
4 2048
3 2048
3 2048
5 2048
3 2048
2 2048
2 2048
5 2048
5 2048
4 2048
3 2048
2 2048
2 2048
3 2048
2 2048
5 2048
3 2048
2 2048
4 2048
1 2048
3 2048
5 2048
2 2048
1 2048
3 2048
1 2048
5 2048
6 2048
2 2048
2 2048
2 2048
3 2048
2 2048
3 2048
2 2048
1 2048
4 2048
4 2048
1 2048
8 2048
4 2048
3 2048
0 291
6 2048
5 2048
3 2048
4 2048
2 2048
1 2048
2 2048
4 2048
1 2048
2 2048
1 2048
4 2048
1 2048
3 2048
2 2048
4 2048
2 2048
5 2048
3 2048
4 2048
1 2048
2 2048
1 2048
3 2048
4 2048
6 2048
3 2048
2 2048
2 2048
1 2048
2 2048
3 2048
3 2048
5 2048
4 2048
4 2048
3 2048
7 2048
1 2048
2 2048
3 2048
3 2048
1 2048
2 2048
5 2048
2 2048
1 2048
4 2048
3 2048
5 2048
1 2048
5 2048
2 2048
5 2048
2 2048
1 2048
4 2048
3 2048
5 2048
3 2048
5 2048
5 2048
4 2048
4 2048
5 2048
3 2048
2 2048
3 2048
2 2048
3 2048
2 2048
2 2048
0 115
4 2048
3 2048
2 2048
4 2048
5 2048
3 2048
3 2048
0 340
4 2048
3 2048
3 2048
0 199
3 2048
3 2048
3 2048
3 2048
3 2048
6 2048
1 2048
1 2048
6 2048
2 2048
4 2048
2 2048
5 2048
5 2048
1 2048
3 2048
3 2048
3 2048
0 265
0 170
4 2048
1 2048
2 2048
3 2048
2 2048
4 2048
2 2048
5 2048
1 2048
4 2048
3 2048
4 2048
1 2048
2 2048
4 2048
4 2048
3 2048
3 2048
5 2048
6 2048
1 2048
1 2048
5 2048
5 2048
1 2048
2 2048
4 2048
2 2048
4 2048
2 2048
1 2048
1 2048
3 2048
6 2048
3 2048
4 2048
4 2048
3 2048
4 2048
4 2048
3 2048
4 2048
2 2048
1 2048
6 2048
7 2048
1 2048
1 2048
5 2048
4 2048
4 2048
2 2048
5 2048
2 2048
2 2048
3 2048
1 2048
3 2048
3 2048
3 2048
1 2048
2 2048
0 1336
0 507
6 2048
6 2048
2 2048
3 2048
3 2048
4 2048
1 2048
3 2048
2 2048
2 2048
6 2048
0 198
2 2048
1 2048
3 2048
4 2048
4 2048
6 2048
4 2048
3 2048
2 2048
3 2048
4 2048
6 2048
2 2048
4 2048
2 2048
4 2048
3 2048
3 2048
3 2048
3 2048
4 2048
2 2048
1 2048
2 2048
1 2048
3 2048
3 2048
1 2048
1 2048
2 2048
1 2048
3 2048
3 2048
5 2048
5 2048
1 2048
1 2048
4 2048
4 2048
2 2048
2 2048
6 2048
1 2048
3 2048
3 2048
5 2048
3 2048
2 2048
1 2048
6 2048
3 2048
1 2048
1 2048
1 2048
2 2048
3 2048
2 2048
3 2048
4 2048
2 2048
0 209
2 2048
3 2048
3 2048
2 2048
8 2048
7 2048
1 2048
5 2048
8 2048
4 2048
2 2048
4 2048
5 2048
2 2048
4 2048
2 2048
3 2048
5 2048
7 2048
3 2048
3 2048
3 2048
4 2048
2 2048
4 2048
1 2048
3 2048
2 2048
3 2048
4 2048
2 2048
2 2048
1 2048
5 2048
5 2048
0 319
5 2048
4 2048
1 2048
6 2048
7 2048
3 2048
1 2048
1 2048
2 2048
1 2048
2 2048
3 2048
1 2048
0 308
4 2048
2 2048
4 2048
0 60
4 2048
3 2048
3 2048
2 2048
3 2048
3 2048
3 2048
4 2048
2 2048
1 2048
5 2048
2 2048
2 2048
3 2048
1 2048
1 2048
3 2048
5 2048
1 2048
2 2048
4 2048
5 2048
3 2048
3 2048
1 2048
2 2048
3 2048
1 2048
1 2048
5 2048
2 2048
6 2048
2 2048
4 2048
5 2048
3 2048
5 2048
4 2048
3 2048
3 2048
4 2048
2 2048
3 2048
2 2048
2 2048
3 2048
4 2048
2 2048
4 2048
1 2048
2 2048
1 2048
3 2048
3 2048
5 2048
5 2048
5 2048
8 2048
2 2048
5 2048
4 2048
2 2048
3 2048
1 2048
2 2048
3 2048
1 2048
4 2048
2 2048
5 2048
0 142
4 2048
4 2048
3 2048
1 2048
3 2048
1 2048
3 2048
4 2048
1 2048
1 2048
2 2048
2 2048
5 2048
4 2048
4 2048
5 2048
6 2048
1 2048
2 2048
3 2048
3 2048
2 2048
4 2048
4 2048
3 2048
4 2048
5 2048
3 2048
4 2048
3 2048
4 2048
2 2048
3 2048
4 2048
4 2048
7 2048
4 2048
4 2048
3 2048
2 2048
5 2048
4 2048
2 2048
6 2048
3 2048
4 2048
5 2048
3 2048
5 2048
4 2048
1 2048
4 2048
5 2048
4 2048
3 2048
2 2048
1 2048
6 2048
4 2048
7 2048
4 2048
3 2048
1 2048
4 2048
1 2048
3 2048
2 2048
4 2048
3 2048
2 2048
1 2048
5 2048
2 2048
5 2048
2 2048
4 2048
2 2048
3 2048
4 2048
3 2048
1 2048
3 2048
1 2048
2 2048
2 2048
1 2048
4 2048
4 2048
6 2048
2 2048
1 2048
3 2048
3 2048
1 2048
0 196
6 2048
2 2048
2 2048
3 2048
2 2048
4 2048
3 2048
3 2048
2 2048
1 2048
3 2048
3 2048
3 2048
3 2048
5 2048
7 2048
3 2048
4 2048
1 2048
1 2048
1 2048
4 2048
4 2048
8 2048
2 2048
3 2048
5 2048
2 2048
4 2048
3 2048
2 2048
4 2048
5 2048
1 2048
1 2048
3 2048
3 2048
1 2048
5 2048
2 2048
6 2048
2 2048
5 2048
2 2048
1 2048
1 2048
0 1794
2 2048
0 259
1 2048
3 2048
4 2048
3 2048
2 2048
4 2048
3 2048
3 2048
3 2048
4 2048
0 485
2 2048
1 2048
2 2048
3 2048
3 2048
5 2048
4 2048
2 2048
1 2048
2 2048
3 2048
2 2048
6 2048
2 2048
3 2048
3 2048
2 2048
5 2048
1 2048
3 2048
5 2048
3 2048
4 2048
4 2048
3 2048
2 2048
1 2048
2 2048
3 2048
4 2048
2 2048
3 2048
6 2048
4 2048
1 2048
2 2048
4 2048
5 2048
2 2048
3 2048
4 2048
2 2048
2 2048
2 2048
5 2048
3 2048
1 2048
4 2048
2 2048
3 2048
3 2048
5 2048
5 2048
2 2048
1 2048
3 2048
2 2048
2 2048
4 2048
4 2048
2 2048
1 2048
5 2048
2 2048
3 2048
2 2048
0 106
4 2048
0 341
4 2048
3 2048
3 2048
2 2048
2 2048
1 2048
3 2048
4 2048
3 2048
3 2048
2 2048
5 2048
4 2048
8 2048
4 2048
6 2048
2 2048
4 2048
2 2048
2 2048
2 2048
5 2048
3 2048
3 2048
4 2048
3 2048
3 2048
6 2048
2 2048
1 2048
2 2048
3 2048
4 2048
6 2048
3 2048
3 2048
1 2048
6 2048
4 2048
2 2048
2 2048
3 2048
3 2048
5 2048
5 2048
1 2048
4 2048
2 2048
5 2048
3 2048
4 2048
1 2048
1 2048
3 2048
2 2048
5 2048
6 2048
2 2048
4 2048
7 2048
4 2048
5 2048
1 2048
2 2048
2 2048
2 2048
0 833
2 2048
5 2048
2 2048
2 2048
3 2048
1 2048
3 2048
5 2048
0 763
3 2048
2 2048
4 2048
2 2048
4 2048
7 2048
2 2048
5 2048
3 2048
2 2048
5 2048
2 2048
0 440
3 2048
6 2048
1 2048
1 2048
3 2048
1 2048
3 2048
5 2048
1 2048
7 2048
1 2048
4 2048
1 2048
2 2048
0 616
2 2048
1 2048
3 2048
2 2048
3 2048
1 2048
3 2048
3 2048
2 2048
5 2048
5 2048
4 2048
1 2048
4 2048
2 2048
6 2048
5 2048
2 2048
4 2048
5 2048
1 2048
2 2048
4 2048
3 2048
3 2048
4 2048
1 2048
4 2048
2 2048
4 2048
4 2048
3 2048
5 2048
2 2048
0 393
5 2048
5 2048
6 2048
3 2048
4 2048
3 2048
2 2048
2 2048
2 2048
3 2048
1 2048
2 2048
3 2048
4 2048
2 2048
6 2048
2 2048
4 2048
4 2048
5 2048
4 2048
6 2048
4 2048
3 2048
4 2048
3 2048
2 2048
2 2048
4 2048
4 2048
2 2048
6 2048
2 2048
3 2048
5 2048
2 2048
5 2048
3 2048
4 2048
2 2048
3 2048
3 2048
1 2048
1 2048
4 2048
1 2048
2 2048
4 2048
2 2048
3 2048
3 2048
2 2048
6 2048
3 2048
2 2048
2 2048
4 2048
3 2048
4 2048
4 2048
5 2048
1 2048
2 2048
3 2048
3 2048
4 2048
3 2048
4 2048
3 2048
3 2048
1 2048
2 2048
6 2048
1 2048
2 2048
4 2048
3 2048
1 2048
3 2048
4 2048
1 2048
2 2048
2 2048
5 2048
5 2048
4 2048
1 2048
2 2048
2 2048
3 2048
4 2048
4 2048
2 2048
1 2048
2 2048
2 2048
6 2048
4 2048
2 2048
3 2048
1 2048
2 2048
2 2048
1 2048
3 2048
3 2048
1 2048
1 2048
3 2048
2 2048
4 2048
5 2048
5 2048
4 2048
2 2048
1 2048
4 2048
3 2048
3 2048
4 2048
2 2048
3 2048
1 2048
3 2048
4 2048
0 80
4 2048
2 2048
1 2048
1 2048
2 2048
5 2048
2 2048
0 202
2 2048
5 2048
4 2048
2 2048
5 2048
3 2048
2 2048
2 2048
2 2048
2 2048
2 2048
4 2048
3 2048
3 2048
2 2048
3 2048
2 2048
3 2048
3 2048
3 2048
1 2048
2 2048
4 2048
5 2048
4 2048
2 2048
3 2048
1 2048
1 2048
6 2048
2 2048
1 2048
2 2048
2 2048
4 2048
1 2048
1 2048
0 909
3 2048
3 2048
6 2048
4 2048
8 2048
4 2048
1 2048
5 2048
1 2048
3 2048
5 2048
2 2048
2 2048
1 2048
4 2048
2 2048
6 2048
4 2048
3 2048
2 2048
3 2048
0 289
5 2048
3 2048
3 2048
2 2048
2 2048
3 2048
1 2048
2 2048
5 2048
4 2048
3 2048
2 2048
2 2048
7 2048
5 2048
3 2048
1 2048
2 2048
6 2048
5 2048
1 2048
2 2048
1 2048
3 2048
2 2048
4 2048
1 2048
1 2048
7 2048
4 2048
4 2048
3 2048
4 2048
1 2048
4 2048
1 2048
2 2048
4 2048
4 2048
7 2048
4 2048
3 2048
8 2048
4 2048
3 2048
2 2048
1 2048
3 2048
4 2048
4 2048
4 2048
3 2048
4 2048
2 2048
4 2048
3 2048
3 2048
1 2048
7 2048
3 2048
5 2048
7 2048
5 2048
3 2048
3 2048
3 2048
2 2048
4 2048
4 2048
3 2048
2 2048
2 2048
2 2048
2 2048
1 2048
2 2048
2 2048
4 2048
5 2048
0 226
3 2048
2 2048
4 2048
0 136
1 2048
2 2048
2 2048
4 2048
3 2048
2 2048
2 2048
2 2048
2 2048
3 2048
4 2048
3 2048
3 2048
3 2048
2 2048
4 2048
2 2048
2 2048
4 2048
5 2048
5 2048
5 2048
3 2048
1 2048
5 2048
2 2048
3 2048
0 1175
3 2048
3 2048
1 2048
2 2048
1 2048
2 2048
2 2048
4 2048
2 2048
4 2048
2 2048
2 2048
0 482
1 2048
1 2048
2 2048
4 2048
2 2048
5 2048
2 2048
3 2048
3 2048
5 2048
2 2048
2 2048
2 2048
4 2048
5 2048
2 2048
3 2048
4 2048
2 2048
0 318
2 2048
3 2048
2 2048
0 403
2 2048
3 2048
2 2048
2 2048
3 2048
4 2048
2 2048
4 2048
2 2048
1 2048
4 2048
0 1093
1 2048
4 2048
4 2048
2 2048
0 400
0 65
3 2048
1 2048
2 2048
5 2048
2 2048
2 2048
2 2048
0 371
3 2048
3 2048
2 2048
3 2048
5 2048
6 2048
2 2048
4 2048
5 2048
1 2048
0 416
4 2048
5 2048
3 2048
4 2048
4 2048
8 2048
4 2048
4 2048
2 2048
2 2048
4 2048
2 2048
1 2048
2 2048
4 2048
4 2048
0 245
2 2048
3 2048
2 2048
3 2048
4 2048
5 2048
4 2048
2 2048
4 2048
3 2048
5 2048
3 2048
4 2048
2 2048
5 2048
9 2048
2 2048
2 2048
6 2048
3 2048
3 2048
6 2048
3 2048
2 2048
2 2048
3 2048
2 2048
2 2048
2 2048
2 2048
2 2048
3 2048
3 2048
4 2048
3 2048
4 2048
4 2048
2 2048
5 2048
6 2048
2 2048
3 2048
1 2048
3 2048
2 2048
4 2048
3 2048
4 2048
3 2048
5 2048
2 2048
3 2048
3 2048
4 2048
1 2048
4 2048
4 2048
1 2048
4 2048
3 2048
4 2048
5 2048
2 2048
4 2048
1 2048
1 2048
2 2048
2 2048
4 2048
3 2048
5 2048
1 2048
6 2048
4 2048
3 2048
1 2048
3 2048
5 2048
2 2048
3 2048
5 2048
2 2048
4 2048
1 2048
3 2048
2 2048
3 2048
2 2048
5 2048
3 2048
2 2048
1 2048
2 2048
3 2048
6 2048
3 2048
1 2048
4 2048
2 2048
2 2048
2 2048
5 2048
0 607
1 2048
0 2035
3 2048
0 374
4 2048
3 2048
7 2048
4 2048
1 2048
4 2048
6 2048
1 2048
2 2048
1 2048
2 2048
5 2048
2 2048
3 2048
4 2048
5 2048
5 2048
3 2048
2 2048
2 2048
6 2048
4 2048
1 2048
4 2048
4 2048
3 2048
2 2048
2 2048
6 2048
5 2048
3 2048
6 2048
2 2048
2 2048
4 2048
0 218
2 2048
3 2048
4 2048
2 2048
3 2048
3 2048
3 2048
5 2048
5 2048
3 2048
4 2048
4 2048
4 2048
1 2048
7 2048
4 2048
2 2048
6 2048
4 2048
1 2048
3 2048
3 2048
1 2048
3 2048
1 2048
1 2048
3 2048
1 2048
4 2048
1 2048
5 2048
2 2048
5 2048
4 2048
0 226
3 2048
6 2048
4 2048
2 2048
2 2048
2 2048
2 2048
4 2048
4 2048
3 2048
2 2048
2 2048
5 2048
2 2048
5 2048
3 2048
8 2048
1 2048
4 2048
4 2048
3 2048
0 551
6 2048
1 2048
5 2048
3 2048
