# SA for random K-SAT
# K = 4   N = 512   M = 4608   seed = 4056940413
# alpha = 9.000000   nIter = 4096  Tmax = 0.200000
# 1:lowestUnsat  2:runTime
1 4096
0 2029
0 2002
1 4096
0 443
3 4096
2 4096
0 152
1 4096
0 564
2 4096
2 4096
0 1631
5 4096
0 591
0 1476
0 1882
2 4096
0 2593
1 4096
0 409
1 4096
2 4096
1 4096
2 4096
1 4096
0 862
3 4096
1 4096
1 4096
1 4096
2 4096
1 4096
2 4096
3 4096
0 706
0 569
0 296
2 4096
1 4096
0 488
0 361
0 1872
2 4096
0 581
2 4096
0 530
0 413
1 4096
1 4096
1 4096
1 4096
0 249
0 214
1 4096
1 4096
1 4096
1 4096
3 4096
1 4096
0 1156
2 4096
2 4096
1 4096
1 4096
4 4096
2 4096
3 4096
1 4096
0 417
0 836
0 1307
0 1461
1 4096
1 4096
0 221
3 4096
0 1858
0 1436
2 4096
0 59
0 1270
0 716
1 4096
1 4096
1 4096
0 174
0 970
0 764
1 4096
2 4096
2 4096
0 412
4 4096
2 4096
2 4096
2 4096
0 433
2 4096
2 4096
1 4096
5 4096
2 4096
0 252
0 323
0 686
1 4096
1 4096
1 4096
4 4096
1 4096
0 622
3 4096
3 4096
3 4096
1 4096
1 4096
0 460
0 2495
0 665
0 268
1 4096
1 4096
2 4096
2 4096
0 699
0 681
1 4096
0 131
2 4096
0 762
0 335
1 4096
0 1449
0 493
7 4096
0 1391
0 301
0 1224
1 4096
2 4096
2 4096
3 4096
2 4096
0 1725
0 444
3 4096
1 4096
0 602
0 1910
2 4096
0 1294
3 4096
0 168
1 4096
5 4096
2 4096
2 4096
0 226
0 496
2 4096
2 4096
2 4096
3 4096
0 558
0 1162
0 216
1 4096
0 451
0 487
1 4096
0 1702
1 4096
1 4096
2 4096
2 4096
3 4096
2 4096
1 4096
2 4096
2 4096
1 4096
0 429
2 4096
3 4096
3 4096
0 1020
0 672
3 4096
2 4096
1 4096
3 4096
2 4096
1 4096
1 4096
0 807
0 962
1 4096
0 1692
0 164
0 524
1 4096
1 4096
1 4096
1 4096
2 4096
0 891
0 783
0 514
0 227
0 698
0 736
1 4096
1 4096
0 3388
1 4096
0 788
0 2185
0 860
1 4096
0 366
4 4096
0 440
0 1008
2 4096
1 4096
1 4096
3 4096
0 762
1 4096
2 4096
1 4096
0 406
2 4096
2 4096
1 4096
1 4096
2 4096
1 4096
2 4096
0 252
2 4096
5 4096
1 4096
1 4096
2 4096
1 4096
3 4096
3 4096
1 4096
0 1425
1 4096
1 4096
1 4096
0 582
2 4096
1 4096
2 4096
2 4096
1 4096
2 4096
0 729
0 525
3 4096
1 4096
1 4096
0 713
1 4096
3 4096
4 4096
0 874
0 557
1 4096
1 4096
0 1106
0 907
0 637
4 4096
0 385
0 862
1 4096
1 4096
0 1723
2 4096
0 727
2 4096
0 479
0 1274
1 4096
2 4096
0 256
1 4096
1 4096
3 4096
0 721
1 4096
0 734
1 4096
0 797
1 4096
3 4096
0 257
2 4096
1 4096
1 4096
0 208
2 4096
2 4096
3 4096
0 1529
2 4096
1 4096
3 4096
0 332
0 1140
3 4096
2 4096
0 1074
4 4096
0 1321
0 480
1 4096
1 4096
1 4096
0 1833
2 4096
0 851
0 465
0 216
0 617
3 4096
0 1236
1 4096
0 1254
0 912
0 1675
1 4096
1 4096
1 4096
0 186
0 772
2 4096
2 4096
1 4096
0 335
0 1626
0 439
1 4096
3 4096
0 1141
0 514
1 4096
0 1723
1 4096
1 4096
0 2974
1 4096
0 968
0 687
0 809
2 4096
1 4096
1 4096
0 745
1 4096
2 4096
1 4096
0 1089
1 4096
0 725
1 4096
3 4096
8 4096
1 4096
1 4096
1 4096
1 4096
4 4096
0 1398
2 4096
1 4096
1 4096
0 677
2 4096
0 263
0 950
1 4096
2 4096
2 4096
1 4096
1 4096
2 4096
0 1728
2 4096
2 4096
2 4096
0 618
0 649
0 560
0 1473
2 4096
4 4096
3 4096
1 4096
1 4096
1 4096
2 4096
0 742
1 4096
1 4096
0 147
0 1474
0 1199
1 4096
3 4096
0 272
1 4096
0 196
3 4096
1 4096
1 4096
5 4096
1 4096
1 4096
2 4096
2 4096
2 4096
4 4096
1 4096
0 160
2 4096
0 164
1 4096
2 4096
0 153
0 1145
0 362
5 4096
0 1384
0 1424
2 4096
1 4096
1 4096
1 4096
1 4096
1 4096
1 4096
0 836
1 4096
0 989
0 298
0 374
1 4096
1 4096
1 4096
1 4096
2 4096
0 1556
0 1691
4 4096
0 2781
0 179
2 4096
0 2072
1 4096
2 4096
0 1367
0 853
2 4096
2 4096
2 4096
1 4096
0 1108
2 4096
1 4096
1 4096
1 4096
1 4096
0 2013
0 586
2 4096
1 4096
1 4096
2 4096
1 4096
4 4096
0 2224
1 4096
0 1192
0 1593
0 229
4 4096
1 4096
1 4096
3 4096
0 796
0 722
4 4096
1 4096
1 4096
1 4096
0 1614
0 841
3 4096
2 4096
4 4096
0 2047
0 1042
3 4096
2 4096
0 1140
1 4096
0 130
0 770
0 442
2 4096
1 4096
2 4096
2 4096
2 4096
1 4096
0 752
1 4096
0 1675
0 445
0 1152
2 4096
2 4096
1 4096
1 4096
2 4096
1 4096
9 4096
4 4096
0 378
3 4096
3 4096
1 4096
0 381
1 4096
2 4096
3 4096
1 4096
0 598
1 4096
3 4096
2 4096
1 4096
1 4096
3 4096
1 4096
1 4096
1 4096
0 442
0 470
0 908
2 4096
1 4096
0 165
0 785
2 4096
2 4096
0 248
0 804
0 963
2 4096
1 4096
2 4096
0 1982
1 4096
1 4096
0 871
0 954
1 4096
2 4096
1 4096
1 4096
0 111
0 703
1 4096
3 4096
0 638
1 4096
3 4096
0 241
0 612
2 4096
0 383
0 480
3 4096
1 4096
0 615
1 4096
1 4096
1 4096
0 1410
3 4096
4 4096
1 4096
0 590
1 4096
0 283
1 4096
0 954
0 478
0 458
1 4096
0 252
1 4096
1 4096
2 4096
0 428
2 4096
0 1463
4 4096
5 4096
0 581
4 4096
0 1054
0 671
1 4096
0 213
2 4096
1 4096
1 4096
4 4096
4 4096
3 4096
2 4096
1 4096
1 4096
1 4096
0 677
0 185
0 3810
0 142
1 4096
0 449
1 4096
2 4096
0 237
2 4096
1 4096
4 4096
1 4096
4 4096
4 4096
1 4096
1 4096
0 2302
1 4096
1 4096
1 4096
0 878
1 4096
2 4096
2 4096
1 4096
1 4096
1 4096
0 305
0 456
1 4096
0 79
1 4096
1 4096
1 4096
0 1741
4 4096
1 4096
2 4096
1 4096
1 4096
0 888
0 442
0 255
2 4096
0 1955
2 4096
0 613
2 4096
1 4096
0 249
1 4096
0 311
0 775
1 4096
0 1213
1 4096
0 1887
2 4096
2 4096
0 1670
2 4096
2 4096
1 4096
1 4096
0 421
4 4096
2 4096
0 877
0 1078
2 4096
2 4096
2 4096
0 959
0 1748
2 4096
1 4096
1 4096
1 4096
0 322
0 448
0 1274
0 633
0 146
3 4096
3 4096
1 4096
0 1857
0 389
2 4096
0 704
0 2072
2 4096
3 4096
2 4096
4 4096
3 4096
2 4096
3 4096
4 4096
0 942
1 4096
3 4096
0 337
0 457
0 1228
1 4096
1 4096
2 4096
0 490
1 4096
0 3059
2 4096
1 4096
1 4096
0 329
0 556
3 4096
0 1032
0 3350
0 648
0 513
3 4096
2 4096
2 4096
0 420
0 872
2 4096
1 4096
4 4096
1 4096
1 4096
2 4096
1 4096
0 1501
1 4096
1 4096
0 3201
0 1577
1 4096
0 1339
2 4096
0 677
1 4096
1 4096
2 4096
0 335
1 4096
1 4096
1 4096
1 4096
1 4096
0 1353
1 4096
0 188
0 1398
0 495
0 392
1 4096
1 4096
2 4096
2 4096
0 675
2 4096
2 4096
2 4096
2 4096
0 731
1 4096
1 4096
0 641
0 631
0 183
0 1525
4 4096
0 1341
1 4096
1 4096
1 4096
3 4096
1 4096
2 4096
1 4096
3 4096
1 4096
1 4096
1 4096
0 791
1 4096
2 4096
1 4096
0 414
1 4096
1 4096
0 954
1 4096
3 4096
1 4096
1 4096
1 4096
3 4096
0 543
3 4096
1 4096
0 971
1 4096
2 4096
1 4096
0 1162
2 4096
1 4096
2 4096
3 4096
2 4096
2 4096
3 4096
3 4096
2 4096
2 4096
2 4096
0 418
0 654
0 421
1 4096
1 4096
3 4096
1 4096
2 4096
1 4096
4 4096
0 667
1 4096
1 4096
0 639
0 575
0 594
4 4096
1 4096
1 4096
0 408
3 4096
1 4096
0 273
0 1216
0 1393
3 4096
0 4007
1 4096
0 87
2 4096
2 4096
1 4096
2 4096
0 256
2 4096
2 4096
2 4096
0 640
0 115
1 4096
1 4096
1 4096
0 618
0 720
1 4096
2 4096
0 842
0 640
2 4096
1 4096
1 4096
2 4096
0 2275
2 4096
4 4096
0 1571
0 870
1 4096
2 4096
3 4096
0 1671
2 4096
0 561
0 1905
0 1409
0 821
1 4096
1 4096
1 4096
0 493
0 498
0 970
0 420
0 1209
1 4096
4 4096
1 4096
0 694
0 1649
0 1525
1 4096
3 4096
0 334
3 4096
0 1062
0 910
3 4096
0 161
2 4096
1 4096
2 4096
1 4096
0 228
3 4096
0 730
3 4096
1 4096
0 186
3 4096
1 4096
1 4096
0 1906
0 1144
0 418
0 644
2 4096
2 4096
0 145
1 4096
0 759
1 4096
4 4096
1 4096
1 4096
1 4096
1 4096
2 4096
0 1000
2 4096
0 260
0 860
1 4096
2 4096
1 4096
6 4096
0 3576
2 4096
0 356
0 806
7 4096
0 349
0 408
1 4096
0 478
0 410
1 4096
0 892
0 612
4 4096
0 830
0 160
1 4096
0 948
2 4096
1 4096
1 4096
1 4096
1 4096
2 4096
2 4096
0 2533
1 4096
0 591
0 2025
0 690
2 4096
0 289
2 4096
1 4096
4 4096
2 4096
0 435
1 4096
0 517
0 1043
0 212
1 4096
0 3049
0 454
0 617
2 4096
2 4096
3 4096
1 4096
1 4096
0 1163
0 509
1 4096
2 4096
1 4096
2 4096
4 4096
1 4096
1 4096
1 4096
0 1099
0 470
0 1321
1 4096
4 4096
1 4096
4 4096
2 4096
2 4096
2 4096
3 4096
0 462
1 4096
1 4096
0 1285
2 4096
1 4096
0 1151
0 335
1 4096
2 4096
0 574
2 4096
0 553
0 466
1 4096
3 4096
2 4096
1 4096
0 868
1 4096
0 856
0 723
2 4096
0 1365
0 514
0 456
0 267
2 4096
4 4096
2 4096
0 1576
1 4096
1 4096
0 1464
1 4096
2 4096
1 4096
0 797
0 695
0 2186
1 4096
0 212
0 2998
1 4096
2 4096
0 426
0 438
0 164
2 4096
0 971
0 1009
0 741
0 1034
1 4096
0 598
2 4096
2 4096
3 4096
0 542
0 1594
1 4096
2 4096
0 549
3 4096
1 4096
0 1579
0 449
2 4096
2 4096
0 3157
1 4096
0 719
0 251
1 4096
0 924
1 4096
1 4096
1 4096
1 4096
0 468
1 4096
1 4096
1 4096
2 4096
1 4096
2 4096
1 4096
3 4096
0 489
0 453
3 4096
2 4096
2 4096
2 4096
0 716
3 4096
0 994
3 4096
5 4096
0 278
3 4096
6 4096
3 4096
1 4096
1 4096
0 1895
2 4096
1 4096
3 4096
0 669
0 561
2 4096
1 4096
1 4096
0 814
1 4096
1 4096
0 660
2 4096
0 776
1 4096
0 936
2 4096
0 282
0 1200
1 4096
0 497
1 4096
1 4096
2 4096
3 4096
3 4096
2 4096
0 373
2 4096
1 4096
0 805
2 4096
4 4096
0 460
1 4096
0 789
2 4096
3 4096
0 844
3 4096
3 4096
3 4096
0 722
1 4096
0 414
2 4096
0 878
1 4096
1 4096
1 4096
0 387
2 4096
2 4096
3 4096
1 4096
4 4096
1 4096
1 4096
0 3155
0 2484
0 639
1 4096
0 156
1 4096
1 4096
3 4096
0 1527
1 4096
1 4096
0 405
3 4096
0 247
0 2904
2 4096
0 367
1 4096
2 4096
1 4096
0 2397
0 357
2 4096
0 319
2 4096
1 4096
2 4096
0 205
0 394
1 4096
1 4096
1 4096
1 4096
1 4096
1 4096
1 4096
0 785
0 1086
0 709
1 4096
0 345
1 4096
2 4096
0 1016
0 615
3 4096
3 4096
0 1546
1 4096
1 4096
0 604
0 659
0 755
0 211
2 4096
3 4096
0 1829
0 854
1 4096
0 1002
0 1130
0 2270
0 1815
0 1306
1 4096
0 323
2 4096
2 4096
0 262
1 4096
0 1376
3 4096
2 4096
1 4096
5 4096
0 1303
3 4096
1 4096
0 627
3 4096
1 4096
2 4096
1 4096
4 4096
0 728
0 498
1 4096
1 4096
2 4096
1 4096
3 4096
1 4096
0 865
1 4096
0 615
2 4096
1 4096
2 4096
0 450
1 4096
0 2552
2 4096
3 4096
2 4096
4 4096
1 4096
1 4096
0 370
1 4096
0 1575
0 1143
1 4096
0 494
0 1139
0 667
2 4096
2 4096
0 105
0 186
0 2583
2 4096
3 4096
0 506
0 890
0 148
2 4096
1 4096
2 4096
0 330
0 588
2 4096
0 814
1 4096
1 4096
1 4096
0 481
0 375
3 4096
4 4096
0 627
0 407
0 3571
1 4096
4 4096
1 4096
2 4096
0 219
1 4096
0 621
1 4096
0 1831
0 1852
2 4096
1 4096
3 4096
2 4096
1 4096
0 1324
1 4096
0 468
1 4096
1 4096
2 4096
2 4096
0 1593
0 1492
0 994
2 4096
0 2166
1 4096
0 541
1 4096
1 4096
1 4096
4 4096
2 4096
2 4096
0 1314
1 4096
1 4096
3 4096
0 1901
3 4096
0 2028
0 1152
1 4096
2 4096
0 873
0 2326
1 4096
1 4096
0 297
5 4096
0 928
4 4096
2 4096
0 409
0 1141
0 2027
2 4096
2 4096
1 4096
1 4096
0 478
0 627
3 4096
1 4096
1 4096
1 4096
2 4096
3 4096
0 802
1 4096
0 775
0 625
1 4096
1 4096
0 2255
0 352
1 4096
0 506
0 366
0 494
0 792
0 1428
1 4096
0 404
1 4096
2 4096
1 4096
1 4096
1 4096
2 4096
0 199
2 4096
0 656
0 206
1 4096
0 494
2 4096
2 4096
0 988
0 193
3 4096
1 4096
1 4096
1 4096
1 4096
1 4096
0 2773
0 1066
1 4096
2 4096
1 4096
0 169
0 404
2 4096
0 1191
1 4096
0 1130
3 4096
0 636
1 4096
1 4096
0 676
1 4096
0 3670
0 345
0 1141
1 4096
3 4096
0 669
1 4096
2 4096
2 4096
2 4096
0 379
2 4096
0 1657
1 4096
2 4096
0 949
2 4096
1 4096
1 4096
1 4096
3 4096
1 4096
1 4096
0 557
2 4096
0 1848
1 4096
0 163
4 4096
4 4096
2 4096
1 4096
0 788
2 4096
0 1381
2 4096
0 133
1 4096
1 4096
0 202
0 1012
2 4096
0 180
2 4096
0 321
1 4096
2 4096
2 4096
1 4096
0 655
1 4096
2 4096
0 818
0 521
1 4096
1 4096
1 4096
0 185
1 4096
0 205
0 809
2 4096
0 1114
1 4096
2 4096
4 4096
2 4096
2 4096
2 4096
1 4096
1 4096
0 645
1 4096
2 4096
1 4096
2 4096
3 4096
1 4096
0 821
0 626
0 632
1 4096
2 4096
1 4096
2 4096
1 4096
0 343
0 412
3 4096
3 4096
2 4096
1 4096
2 4096
1 4096
0 905
0 618
0 1042
1 4096
0 562
2 4096
0 354
1 4096
2 4096
1 4096
3 4096
3 4096
2 4096
1 4096
4 4096
0 212
1 4096
1 4096
2 4096
0 1181
0 1798
0 858
2 4096
0 594
0 1152
2 4096
5 4096
1 4096
1 4096
3 4096
0 541
1 4096
0 107
2 4096
1 4096
1 4096
1 4096
1 4096
1 4096
3 4096
0 450
0 128
2 4096
1 4096
0 382
1 4096
1 4096
1 4096
1 4096
0 846
2 4096
0 269
0 1238
1 4096
2 4096
1 4096
0 2118
0 310
2 4096
0 337
0 633
1 4096
0 664
2 4096
1 4096
0 381
0 1347
1 4096
2 4096
0 775
1 4096
3 4096
0 86
1 4096
1 4096
1 4096
3 4096
3 4096
0 357
2 4096
0 289
1 4096
2 4096
1 4096
0 267
1 4096
2 4096
0 1224
0 684
6 4096
2 4096
2 4096
0 441
0 554
3 4096
1 4096
1 4096
0 456
0 297
0 891
1 4096
1 4096
1 4096
1 4096
2 4096
0 719
0 626
0 1187
1 4096
2 4096
0 632
3 4096
2 4096
1 4096
3 4096
1 4096
2 4096
1 4096
0 572
0 865
1 4096
0 400
0 2761
1 4096
0 502
0 244
2 4096
2 4096
0 1706
1 4096
1 4096
1 4096
0 1109
0 1132
1 4096
2 4096
1 4096
1 4096
2 4096
1 4096
0 926
4 4096
0 722
1 4096
1 4096
3 4096
0 243
0 552
2 4096
2 4096
3 4096
0 852
1 4096
0 636
2 4096
0 1604
0 577
2 4096
1 4096
0 700
0 473
0 933
0 681
1 4096
0 1496
0 1072
0 344
1 4096
0 626
0 467
0 503
1 4096
1 4096
2 4096
0 1151
0 109
0 1113
4 4096
0 488
0 351
1 4096
1 4096
1 4096
1 4096
1 4096
0 61
3 4096
0 1008
0 470
1 4096
5 4096
1 4096
0 992
1 4096
5 4096
1 4096
3 4096
0 421
3 4096
1 4096
0 454
4 4096
0 228
0 2171
2 4096
1 4096
1 4096
2 4096
1 4096
0 593
0 313
0 695
2 4096
0 306
1 4096
0 545
0 439
3 4096
3 4096
0 721
0 335
1 4096
2 4096
0 855
3 4096
0 188
1 4096
0 1186
0 602
3 4096
1 4096
0 2535
2 4096
0 922
5 4096
0 572
1 4096
0 1534
0 1401
3 4096
0 231
3 4096
0 2648
0 1454
1 4096
6 4096
3 4096
0 371
0 1560
2 4096
2 4096
1 4096
1 4096
0 3724
3 4096
0 696
0 1608
3 4096
1 4096
0 409
4 4096
0 1314
3 4096
0 572
0 471
0 186
0 446
3 4096
1 4096
3 4096
1 4096
0 2279
1 4096
1 4096
0 2946
1 4096
0 810
0 1043
1 4096
0 1411
2 4096
0 2070
0 2327
0 1391
0 2371
1 4096
1 4096
3 4096
0 169
0 298
0 928
0 790
0 281
0 429
0 529
0 657
2 4096
0 629
1 4096
0 206
1 4096
2 4096
0 962
3 4096
2 4096
0 402
4 4096
2 4096
1 4096
2 4096
0 846
0 453
0 2258
0 567
1 4096
0 226
0 540
1 4096
1 4096
2 4096
3 4096
1 4096
1 4096
2 4096
1 4096
1 4096
0 355
0 491
0 1064
1 4096
1 4096
0 777
3 4096
3 4096
0 251
3 4096
0 979
2 4096
1 4096
2 4096
0 1018
0 1311
0 3012
1 4096
1 4096
0 1456
0 372
1 4096
1 4096
2 4096
1 4096
0 2226
0 1295
2 4096
1 4096
1 4096
1 4096
4 4096
1 4096
1 4096
0 1017
2 4096
1 4096
0 564
2 4096
0 313
0 404
0 768
0 790
0 1172
0 162
1 4096
0 1141
4 4096
2 4096
1 4096
1 4096
0 264
1 4096
0 643
2 4096
2 4096
1 4096
0 2535
0 831
1 4096
1 4096
1 4096
1 4096
2 4096
1 4096
0 1364
1 4096
2 4096
0 1351
3 4096
2 4096
2 4096
0 1710
0 227
0 251
0 1297
0 325
1 4096
0 702
3 4096
2 4096
1 4096
1 4096
1 4096
2 4096
1 4096
0 317
2 4096
1 4096
1 4096
2 4096
1 4096
0 1196
1 4096
1 4096
1 4096
4 4096
0 742
0 1690
1 4096
0 1534
1 4096
0 1142
1 4096
1 4096
0 525
0 598
3 4096
0 520
0 330
0 132
1 4096
4 4096
4 4096
3 4096
3 4096
1 4096
0 589
3 4096
1 4096
0 398
1 4096
2 4096
0 541
2 4096
0 547
1 4096
1 4096
2 4096
0 486
0 234
0 426
1 4096
2 4096
0 1989
0 548
1 4096
0 538
0 623
1 4096
2 4096
2 4096
0 133
0 365
1 4096
0 318
0 481
2 4096
0 807
0 677
0 338
2 4096
0 663
1 4096
2 4096
2 4096
1 4096
1 4096
0 491
0 508
0 737
1 4096
1 4096
2 4096
0 461
1 4096
2 4096
0 674
0 901
2 4096
5 4096
2 4096
0 619
0 618
2 4096
2 4096
0 719
3 4096
0 1313
1 4096
1 4096
1 4096
2 4096
1 4096
1 4096
1 4096
0 142
1 4096
3 4096
0 977
1 4096
2 4096
0 2507
2 4096
3 4096
0 354
2 4096
2 4096
1 4096
1 4096
0 789
0 290
2 4096
3 4096
0 608
1 4096
0 129
4 4096
1 4096
0 546
3 4096
0 194
1 4096
0 1070
2 4096
0 317
2 4096
1 4096
1 4096
1 4096
0 1603
4 4096
2 4096
0 1371
4 4096
3 4096
2 4096
2 4096
0 3475
0 1166
0 1897
0 1072
0 1851
1 4096
0 1152
3 4096
4 4096
0 555
0 2613
3 4096
0 873
2 4096
2 4096
0 3144
0 317
0 431
0 288
2 4096
0 1020
0 160
0 236
2 4096
0 801
1 4096
0 210
1 4096
0 1467
2 4096
1 4096
1 4096
0 352
2 4096
0 362
0 1623
0 1130
0 895
1 4096
0 591
1 4096
1 4096
1 4096
1 4096
0 720
0 1288
0 1065
1 4096
3 4096
0 80
2 4096
1 4096
1 4096
0 850
0 98
0 235
0 595
1 4096
1 4096
0 1259
1 4096
2 4096
0 759
1 4096
0 1649
3 4096
0 206
4 4096
0 703
1 4096
0 1440
1 4096
2 4096
0 871
0 841
1 4096
0 124
0 163
0 255
4 4096
2 4096
0 1533
1 4096
1 4096
1 4096
1 4096
0 423
3 4096
0 939
0 854
4 4096
1 4096
2 4096
0 1020
0 1459
2 4096
6 4096
4 4096
3 4096
1 4096
3 4096
0 295
0 2149
3 4096
2 4096
1 4096
1 4096
0 1530
3 4096
3 4096
1 4096
0 1765
0 617
0 419
2 4096
0 189
0 597
2 4096
1 4096
0 329
0 1733
0 503
1 4096
1 4096
2 4096
0 1207
1 4096
3 4096
1 4096
0 969
0 1386
0 3962
2 4096
1 4096
0 957
0 2023
1 4096
3 4096
0 682
0 450
0 283
1 4096
0 227
3 4096
2 4096
2 4096
2 4096
2 4096
0 334
0 400
1 4096
2 4096
1 4096
2 4096
4 4096
1 4096
2 4096
0 1106
1 4096
0 1512
1 4096
3 4096
0 577
0 168
3 4096
0 591
5 4096
0 443
0 834
0 724
2 4096
2 4096
4 4096
0 733
1 4096
2 4096
2 4096
0 1255
2 4096
2 4096
2 4096
1 4096
0 1811
0 451
0 174
1 4096
2 4096
1 4096
1 4096
1 4096
2 4096
1 4096
0 1886
2 4096
2 4096
0 1020
2 4096
2 4096
3 4096
0 475
0 250
0 407
2 4096
2 4096
0 871
1 4096
0 2174
2 4096
2 4096
0 1098
0 1006
0 341
0 421
2 4096
3 4096
1 4096
2 4096
1 4096
1 4096
1 4096
5 4096
1 4096
0 3372
0 2454
0 814
3 4096
1 4096
4 4096
0 230
0 195
1 4096
1 4096
0 708
5 4096
1 4096
4 4096
0 1611
2 4096
1 4096
0 916
0 529
2 4096
1 4096
0 103
1 4096
1 4096
3 4096
1 4096
2 4096
1 4096
0 794
0 329
0 617
1 4096
0 185
0 563
1 4096
3 4096
0 322
1 4096
2 4096
0 368
0 391
2 4096
1 4096
0 1156
0 292
2 4096
0 3713
1 4096
2 4096
5 4096
0 573
2 4096
3 4096
1 4096
1 4096
1 4096
1 4096
3 4096
0 509
1 4096
0 448
3 4096
1 4096
1 4096
1 4096
1 4096
0 504
0 310
2 4096
1 4096
0 803
1 4096
1 4096
0 639
1 4096
2 4096
0 663
0 228
1 4096
3 4096
0 1435
0 623
1 4096
0 833
0 295
1 4096
1 4096
0 542
0 1866
0 481
0 553
1 4096
0 535
1 4096
0 480
2 4096
4 4096
2 4096
0 657
0 592
0 585
0 801
2 4096
1 4096
3 4096
0 426
1 4096
0 526
0 416
0 382
0 366
2 4096
1 4096
2 4096
2 4096
0 58
1 4096
2 4096
0 405
1 4096
1 4096
2 4096
0 471
4 4096
0 1650
2 4096
1 4096
3 4096
1 4096
2 4096
3 4096
0 157
2 4096
2 4096
0 208
0 1512
0 925
0 715
1 4096
4 4096
0 830
0 387
1 4096
1 4096
1 4096
2 4096
0 1696
0 1964
1 4096
1 4096
0 764
1 4096
1 4096
3 4096
2 4096
2 4096
1 4096
0 398
1 4096
3 4096
0 1399
0 412
2 4096
1 4096
0 953
0 579
3 4096
1 4096
0 596
0 66
0 239
0 1031
0 519
2 4096
3 4096
0 718
1 4096
0 2893
0 1050
0 887
2 4096
2 4096
3 4096
0 533
0 713
4 4096
1 4096
2 4096
1 4096
1 4096
0 1057
0 1390
1 4096
2 4096
2 4096
0 2150
0 571
3 4096
0 1502
0 904
0 627
1 4096
2 4096
1 4096
0 999
1 4096
1 4096
2 4096
2 4096
3 4096
0 564
0 404
0 1538
0 420
3 4096
3 4096
1 4096
0 263
0 318
1 4096
1 4096
2 4096
1 4096
0 223
0 321
0 577
1 4096
0 260
1 4096
6 4096
3 4096
0 143
4 4096
0 1635
0 960
0 177
0 141
1 4096
0 536
2 4096
0 416
0 159
1 4096
0 150
2 4096
1 4096
0 1786
1 4096
1 4096
1 4096
1 4096
0 274
2 4096
0 641
1 4096
1 4096
3 4096
0 1272
1 4096
5 4096
1 4096
0 594
1 4096
1 4096
1 4096
2 4096
0 524
0 284
1 4096
1 4096
0 795
1 4096
3 4096
0 186
0 3741
0 766
0 1409
0 312
0 1023
2 4096
1 4096
1 4096
1 4096
1 4096
1 4096
2 4096
1 4096
0 1575
2 4096
0 543
0 630
2 4096
3 4096
3 4096
0 960
0 1014
1 4096
2 4096
0 650
0 378
0 845
4 4096
0 401
1 4096
0 198
1 4096
1 4096
2 4096
1 4096
0 396
0 332
0 893
2 4096
4 4096
1 4096
0 379
1 4096
3 4096
0 277
2 4096
0 259
0 479
0 2268
0 1490
0 179
1 4096
2 4096
2 4096
0 2467
2 4096
0 271
0 751
1 4096
0 1102
4 4096
0 610
0 586
2 4096
1 4096
1 4096
0 1833
2 4096
1 4096
0 406
2 4096
3 4096
2 4096
0 1435
0 674
0 1373
0 1748
0 557
2 4096
2 4096
0 1665
0 234
1 4096
0 1231
1 4096
3 4096
4 4096
0 1053
1 4096
0 2777
2 4096
2 4096
1 4096
0 164
3 4096
0 4011
0 211
1 4096
1 4096
1 4096
0 2538
0 581
1 4096
2 4096
0 138
1 4096
3 4096
0 1218
1 4096
0 453
1 4096
0 1177
1 4096
3 4096
0 428
0 588
4 4096
3 4096
4 4096
2 4096
2 4096
0 112
2 4096
0 489
1 4096
2 4096
2 4096
1 4096
2 4096
1 4096
2 4096
0 231
1 4096
2 4096
0 598
0 710
5 4096
1 4096
1 4096
2 4096
4 4096
1 4096
2 4096
0 561
0 310
2 4096
2 4096
3 4096
0 1005
0 843
3 4096
1 4096
1 4096
2 4096
0 1818
1 4096
0 341
0 521
0 738
2 4096
2 4096
0 1476
0 337
0 1074
1 4096
3 4096
1 4096
2 4096
0 770
0 205
1 4096
2 4096
0 445
2 4096
1 4096
0 746
0 287
2 4096
0 314
2 4096
3 4096
0 400
0 308
4 4096
0 303
0 440
0 949
0 1019
0 964
0 386
1 4096
0 674
1 4096
4 4096
3 4096
0 1095
0 897
0 252
0 774
0 558
0 1129
3 4096
1 4096
0 244
0 393
2 4096
0 695
2 4096
1 4096
1 4096
0 763
0 1726
4 4096
0 723
0 877
0 352
1 4096
0 1235
1 4096
2 4096
0 392
0 403
3 4096
0 907
0 419
0 114
0 1833
1 4096
2 4096
2 4096
1 4096
0 553
1 4096
0 88
2 4096
1 4096
0 567
0 222
1 4096
6 4096
0 824
0 358
0 2232
0 613
3 4096
1 4096
0 2116
1 4096
0 1332
1 4096
2 4096
1 4096
0 790
0 342
2 4096
1 4096
0 854
1 4096
4 4096
0 2623
1 4096
0 640
2 4096
1 4096
0 814
3 4096
1 4096
1 4096
0 3566
1 4096
0 505
1 4096
2 4096
2 4096
3 4096
3 4096
1 4096
2 4096
0 1641
1 4096
0 764
0 341
0 312
0 1095
1 4096
2 4096
1 4096
0 1926
0 1515
0 236
1 4096
0 1094
1 4096
1 4096
1 4096
0 1395
0 644
1 4096
1 4096
0 325
2 4096
2 4096
1 4096
0 188
2 4096
0 234
1 4096
1 4096
4 4096
1 4096
1 4096
0 1210
0 662
2 4096
2 4096
2 4096
1 4096
1 4096
1 4096
0 981
3 4096
2 4096
0 1189
0 1223
1 4096
0 1629
2 4096
3 4096
0 368
0 501
3 4096
1 4096
1 4096
3 4096
2 4096
0 1711
1 4096
2 4096
0 252
3 4096
1 4096
0 1438
0 435
1 4096
3 4096
1 4096
1 4096
0 1565
2 4096
0 773
2 4096
4 4096
0 2457
0 302
0 147
2 4096
1 4096
3 4096
0 250
3 4096
0 2707
1 4096
0 348
4 4096
1 4096
0 1217
1 4096
0 2018
1 4096
1 4096
0 274
1 4096
0 590
0 1242
0 380
0 281
1 4096
1 4096
1 4096
4 4096
0 1003
3 4096
0 331
2 4096
0 274
0 1147
3 4096
2 4096
3 4096
1 4096
2 4096
1 4096
3 4096
0 930
3 4096
3 4096
1 4096
1 4096
1 4096
0 2920
2 4096
1 4096
2 4096
1 4096
1 4096
1 4096
0 806
2 4096
3 4096
1 4096
1 4096
0 93
1 4096
1 4096
1 4096
1 4096
1 4096
2 4096
2 4096
1 4096
1 4096
1 4096
0 220
0 445
0 702
3 4096
0 552
2 4096
2 4096
0 124
2 4096
2 4096
4 4096
1 4096
0 1430
4 4096
2 4096
1 4096
1 4096
1 4096
1 4096
1 4096
1 4096
2 4096
1 4096
0 631
0 295
3 4096
0 821
2 4096
5 4096
3 4096
1 4096
1 4096
2 4096
2 4096
0 427
2 4096
0 259
0 108
6 4096
3 4096
3 4096
0 1542
0 232
0 217
0 1050
2 4096
1 4096
3 4096
0 449
0 435
0 2595
0 3069
0 495
2 4096
1 4096
0 206
1 4096
1 4096
0 1257
0 2660
2 4096
2 4096
1 4096
2 4096
2 4096
0 388
1 4096
0 1221
2 4096
4 4096
1 4096
1 4096
3 4096
1 4096
1 4096
0 409
2 4096
3 4096
0 261
1 4096
1 4096
0 259
0 668
0 1643
1 4096
0 746
2 4096
1 4096
1 4096
0 566
1 4096
0 175
2 4096
1 4096
3 4096
1 4096
1 4096
0 534
1 4096
1 4096
0 235
0 595
0 1398
0 375
3 4096
0 433
0 782
2 4096
2 4096
2 4096
1 4096
1 4096
1 4096
3 4096
1 4096
2 4096
1 4096
2 4096
0 575
0 1371
2 4096
1 4096
2 4096
1 4096
0 329
3 4096
1 4096
0 1708
1 4096
3 4096
0 850
4 4096
0 897
2 4096
0 128
1 4096
1 4096
0 626
0 1092
2 4096
0 619
1 4096
0 144
2 4096
0 735
0 95
0 662
2 4096
0 2435
4 4096
1 4096
1 4096
1 4096
1 4096
1 4096
2 4096
2 4096
0 507
3 4096
3 4096
0 182
4 4096
0 1162
2 4096
0 625
1 4096
0 785
1 4096
2 4096
4 4096
0 706
0 386
1 4096
2 4096
4 4096
1 4096
2 4096
2 4096
4 4096
0 364
1 4096
0 431
3 4096
3 4096
0 1792
0 394
2 4096
0 261
0 75
0 652
3 4096
0 381
0 1197
3 4096
2 4096
2 4096
1 4096
1 4096
0 770
0 598
2 4096
0 450
3 4096
2 4096
2 4096
2 4096
0 3951
0 173
0 698
4 4096
0 336
2 4096
0 259
3 4096
0 1363
1 4096
0 319
0 351
3 4096
2 4096
0 295
0 991
1 4096
5 4096
1 4096
2 4096
0 184
4 4096
1 4096
1 4096
2 4096
0 708
0 666
0 738
2 4096
2 4096
2 4096
1 4096
4 4096
2 4096
0 933
3 4096
0 850
2 4096
2 4096
0 718
0 1045
0 1482
0 461
0 246
2 4096
4 4096
3 4096
2 4096
1 4096
0 270
2 4096
2 4096
0 361
0 691
0 130
4 4096
0 604
2 4096
3 4096
2 4096
2 4096
1 4096
0 376
1 4096
2 4096
5 4096
0 1711
0 1890
2 4096
0 165
1 4096
2 4096
0 594
0 239
3 4096
0 1281
1 4096
0 1665
1 4096
0 441
1 4096
0 153
2 4096
0 76
0 586
1 4096
0 1035
1 4096
1 4096
3 4096
0 1024
1 4096
0 273
4 4096
1 4096
0 336
1 4096
2 4096
0 909
0 535
2 4096
2 4096
1 4096
0 648
0 338
0 126
0 2395
4 4096
0 1144
1 4096
1 4096
1 4096
2 4096
0 875
1 4096
1 4096
1 4096
0 569
0 892
1 4096
2 4096
2 4096
0 648
0 1158
0 287
1 4096
0 153
0 1118
1 4096
2 4096
1 4096
0 985
0 1711
0 1373
1 4096
1 4096
0 314
4 4096
0 381
2 4096
1 4096
0 1947
1 4096
2 4096
0 188
3 4096
2 4096
1 4096
0 199
3 4096
0 653
6 4096
0 2117
2 4096
1 4096
0 2335
0 532
1 4096
1 4096
0 586
0 108
0 1344
0 598
0 1133
0 255
0 243
0 302
0 961
1 4096
1 4096
0 1955
0 105
4 4096
0 1106
2 4096
2 4096
0 1283
5 4096
3 4096
1 4096
2 4096
0 392
1 4096
1 4096
1 4096
4 4096
0 1042
1 4096
1 4096
4 4096
0 602
2 4096
0 890
1 4096
1 4096
0 3866
1 4096
3 4096
2 4096
3 4096
1 4096
0 1690
0 224
3 4096
1 4096
1 4096
3 4096
1 4096
3 4096
0 499
2 4096
0 106
0 3785
0 493
0 3210
2 4096
0 737
0 446
0 310
1 4096
1 4096
3 4096
1 4096
0 654
0 133
0 1077
0 288
1 4096
2 4096
1 4096
2 4096
0 941
2 4096
1 4096
2 4096
0 128
0 582
4 4096
3 4096
0 685
0 252
1 4096
0 385
0 408
2 4096
2 4096
4 4096
1 4096
1 4096
0 564
1 4096
2 4096
1 4096
1 4096
0 155
1 4096
1 4096
1 4096
1 4096
2 4096
0 769
1 4096
2 4096
1 4096
1 4096
2 4096
2 4096
0 1690
0 875
1 4096
1 4096
1 4096
0 1164
0 506
1 4096
0 1327
4 4096
3 4096
0 725
0 964
2 4096
0 753
2 4096
0 1003
2 4096
2 4096
3 4096
0 1316
0 1339
1 4096
2 4096
2 4096
2 4096
3 4096
0 964
0 1269
0 120
1 4096
0 169
1 4096
0 200
1 4096
1 4096
0 1204
1 4096
2 4096
2 4096
3 4096
1 4096
4 4096
2 4096
3 4096
1 4096
0 1209
3 4096
2 4096
3 4096
2 4096
0 1081
1 4096
0 1262
0 977
2 4096
1 4096
1 4096
1 4096
3 4096
2 4096
2 4096
3 4096
0 463
0 1371
3 4096
1 4096
2 4096
2 4096
1 4096
1 4096
0 1320
1 4096
1 4096
0 197
0 839
2 4096
1 4096
0 1024
2 4096
0 57
0 328
0 457
2 4096
2 4096
1 4096
0 791
1 4096
1 4096
1 4096
1 4096
3 4096
1 4096
0 410
2 4096
3 4096
1 4096
4 4096
1 4096
0 1947
2 4096
0 1281
1 4096
1 4096
2 4096
3 4096
1 4096
0 252
0 1232
3 4096
0 1292
2 4096
2 4096
1 4096
1 4096
1 4096
1 4096
0 511
2 4096
1 4096
1 4096
2 4096
0 420
0 270
2 4096
2 4096
0 639
1 4096
1 4096
4 4096
0 1069
0 1332
5 4096
0 473
4 4096
2 4096
3 4096
0 812
2 4096
0 2665
0 1223
1 4096
3 4096
0 459
1 4096
0 1140
0 748
1 4096
0 536
2 4096
1 4096
0 746
0 252
0 323
0 151
4 4096
3 4096
2 4096
0 655
1 4096
1 4096
0 566
0 913
2 4096
0 617
2 4096
4 4096
2 4096
0 1654
1 4096
0 314
0 811
0 556
1 4096
1 4096
0 146
2 4096
2 4096
1 4096
2 4096
2 4096
2 4096
0 2322
1 4096
0 1818
0 716
0 567
1 4096
0 807
1 4096
1 4096
0 460
4 4096
0 985
2 4096
1 4096
1 4096
1 4096
3 4096
1 4096
0 775
1 4096
1 4096
0 368
2 4096
3 4096
0 1077
0 832
0 501
1 4096
2 4096
0 186
0 583
2 4096
2 4096
0 3919
1 4096
1 4096
2 4096
1 4096
3 4096
1 4096
0 1272
1 4096
0 1409
2 4096
2 4096
0 1084
4 4096
0 641
0 335
0 287
3 4096
0 470
3 4096
1 4096
2 4096
1 4096
0 941
1 4096
2 4096
2 4096
0 2007
0 379
0 1924
2 4096
0 317
2 4096
2 4096
1 4096
0 489
0 261
0 144
1 4096
2 4096
1 4096
1 4096
0 1296
0 2323
0 1116
0 562
2 4096
2 4096
1 4096
0 850
0 482
0 406
0 507
0 928
0 943
0 2070
2 4096
0 710
2 4096
3 4096
2 4096
3 4096
0 885
0 233
2 4096
0 680
0 3070
1 4096
0 1467
1 4096
0 344
0 378
0 395
1 4096
0 1251
2 4096
6 4096
0 1014
3 4096
3 4096
0 735
0 664
0 1354
2 4096
1 4096
0 1038
0 599
3 4096
1 4096
1 4096
2 4096
0 353
0 521
2 4096
0 711
1 4096
0 2012
0 684
3 4096
1 4096
0 308
2 4096
1 4096
0 344
0 762
1 4096
3 4096
0 181
4 4096
0 797
0 42
0 384
3 4096
1 4096
0 1078
0 775
0 810
2 4096
0 3443
1 4096
4 4096
1 4096
2 4096
2 4096
2 4096
2 4096
4 4096
0 844
0 1954
3 4096
2 4096
0 3337
1 4096
0 539
2 4096
3 4096
3 4096
0 407
0 602
1 4096
1 4096
2 4096
0 691
1 4096
3 4096
2 4096
0 237
1 4096
3 4096
2 4096
0 4026
2 4096
0 88
0 287
0 533
0 427
2 4096
3 4096
1 4096
1 4096
0 1126
1 4096
0 456
3 4096
2 4096
1 4096
2 4096
0 283
0 241
2 4096
1 4096
0 740
3 4096
1 4096
2 4096
2 4096
0 210
2 4096
3 4096
0 820
0 86
1 4096
1 4096
0 754
2 4096
2 4096
0 1767
1 4096
2 4096
2 4096
1 4096
2 4096
0 296
1 4096
2 4096
4 4096
1 4096
1 4096
0 977
0 581
0 1720
0 1197
1 4096
0 59
0 1150
0 2263
0 893
2 4096
1 4096
0 350
2 4096
1 4096
0 881
1 4096
0 1502
0 495
1 4096
0 583
1 4096
0 113
1 4096
1 4096
0 1523
0 383
2 4096
0 556
0 289
0 331
1 4096
5 4096
0 1123
1 4096
3 4096
0 2019
0 180
1 4096
0 2108
1 4096
0 326
1 4096
1 4096
0 1021
0 276
1 4096
0 1241
2 4096
1 4096
0 350
0 1495
0 748
0 812
1 4096
2 4096
0 193
0 1221
0 437
0 568
0 1210
1 4096
2 4096
2 4096
1 4096
1 4096
2 4096
3 4096
0 793
1 4096
1 4096
2 4096
3 4096
0 671
0 452
1 4096
1 4096
0 597
2 4096
0 290
0 746
0 834
0 1020
1 4096
0 1970
3 4096
1 4096
1 4096
1 4096
0 395
0 183
1 4096
3 4096
0 426
0 364
0 1012
1 4096
0 460
0 591
1 4096
0 598
1 4096
1 4096
0 1361
3 4096
3 4096
1 4096
2 4096
0 1713
0 151
0 827
1 4096
1 4096
1 4096
2 4096
4 4096
0 635
0 2037
0 356
0 2146
1 4096
1 4096
0 254
0 1636
0 2071
1 4096
1 4096
0 252
0 1518
1 4096
0 779
2 4096
0 545
0 305
3 4096
0 1057
3 4096
0 869
2 4096
0 346
1 4096
1 4096
1 4096
4 4096
0 1912
1 4096
2 4096
0 189
1 4096
1 4096
0 863
2 4096
4 4096
0 610
1 4096
1 4096
0 1965
1 4096
2 4096
3 4096
0 385
2 4096
0 2150
4 4096
0 1511
1 4096
0 753
0 1696
0 577
0 733
2 4096
1 4096
0 1188
1 4096
2 4096
1 4096
0 319
2 4096
1 4096
1 4096
1 4096
0 1442
1 4096
0 873
2 4096
1 4096
0 1510
4 4096
3 4096
0 485
1 4096
0 798
3 4096
1 4096
2 4096
1 4096
1 4096
0 304
2 4096
0 344
0 1044
2 4096
0 1011
0 168
0 284
0 812
1 4096
0 860
1 4096
0 133
2 4096
1 4096
1 4096
2 4096
6 4096
0 318
0 251
0 797
1 4096
0 1024
0 943
2 4096
0 628
0 205
0 148
0 269
2 4096
0 2202
1 4096
2 4096
0 766
0 1918
3 4096
1 4096
0 876
3 4096
1 4096
0 1633
0 240
1 4096
1 4096
2 4096
3 4096
1 4096
1 4096
0 779
0 1252
3 4096
0 1263
2 4096
2 4096
0 2276
0 1289
3 4096
1 4096
2 4096
3 4096
2 4096
0 1097
5 4096
1 4096
3 4096
1 4096
1 4096
0 1846
2 4096
0 1020
2 4096
1 4096
1 4096
1 4096
2 4096
1 4096
0 904
0 225
0 1018
1 4096
1 4096
3 4096
0 801
2 4096
1 4096
0 189
4 4096
0 665
1 4096
3 4096
0 290
1 4096
1 4096
1 4096
2 4096
2 4096
2 4096
3 4096
0 479
0 497
0 90
1 4096
1 4096
0 239
0 330
1 4096
1 4096
4 4096
1 4096
2 4096
0 249
1 4096
0 420
0 1273
1 4096
2 4096
2 4096
3 4096
3 4096
1 4096
0 1082
0 308
3 4096
0 1032
2 4096
4 4096
1 4096
1 4096
0 295
0 316
0 867
3 4096
1 4096
4 4096
3 4096
1 4096
0 4095
3 4096
0 2442
0 801
2 4096
2 4096
1 4096
0 467
1 4096
0 1376
2 4096
2 4096
2 4096
0 1604
1 4096
1 4096
2 4096
0 1256
0 434
1 4096
2 4096
0 430
1 4096
2 4096
3 4096
1 4096
1 4096
0 630
2 4096
3 4096
1 4096
1 4096
1 4096
1 4096
0 370
1 4096
0 747
1 4096
0 597
0 1179
1 4096
1 4096
0 157
1 4096
1 4096
1 4096
2 4096
1 4096
0 155
1 4096
1 4096
4 4096
0 883
0 801
0 1034
4 4096
0 374
0 990
1 4096
1 4096
0 3592
2 4096
3 4096
2 4096
2 4096
0 992
0 3873
0 769
1 4096
1 4096
1 4096
2 4096
1 4096
1 4096
2 4096
0 1800
4 4096
0 3939
2 4096
2 4096
0 674
2 4096
0 373
1 4096
0 679
0 705
1 4096
1 4096
0 580
2 4096
0 753
0 373
4 4096
0 686
0 625
1 4096
0 801
0 286
0 53
2 4096
5 4096
1 4096
0 1527
0 3981
1 4096
2 4096
0 2807
1 4096
2 4096
0 528
1 4096
1 4096
1 4096
0 536
3 4096
2 4096
6 4096
1 4096
1 4096
0 657
1 4096
1 4096
1 4096
1 4096
1 4096
2 4096
1 4096
0 743
0 3086
0 317
0 190
0 314
1 4096
0 2653
0 1426
0 1016
0 330
2 4096
2 4096
0 291
3 4096
2 4096
0 382
1 4096
2 4096
2 4096
0 198
0 493
0 439
0 172
0 350
3 4096
0 1037
2 4096
3 4096
1 4096
0 253
1 4096
0 1315
2 4096
4 4096
1 4096
0 454
4 4096
2 4096
0 232
2 4096
1 4096
0 991
0 450
3 4096
1 4096
2 4096
1 4096
0 618
0 89
1 4096
0 1287
0 1254
0 347
2 4096
0 524
0 261
0 534
1 4096
1 4096
2 4096
1 4096
1 4096
1 4096
1 4096
0 529
0 991
2 4096
1 4096
0 395
0 743
2 4096
2 4096
1 4096
1 4096
4 4096
2 4096
0 884
0 343
0 711
0 1373
2 4096
1 4096
2 4096
1 4096
1 4096
1 4096
2 4096
3 4096
1 4096
1 4096
1 4096
2 4096
1 4096
0 690
1 4096
1 4096
2 4096
1 4096
0 1080
2 4096
2 4096
1 4096
2 4096
0 760
1 4096
0 331
1 4096
2 4096
0 633
0 487
1 4096
0 416
8 4096
2 4096
1 4096
4 4096
1 4096
1 4096
1 4096
1 4096
1 4096
3 4096
1 4096
0 1237
2 4096
0 471
0 693
0 291
2 4096
1 4096
1 4096
1 4096
0 220
0 193
1 4096
1 4096
1 4096
1 4096
0 1442
0 461
2 4096
2 4096
0 946
5 4096
2 4096
0 363
0 400
0 677
1 4096
0 1331
0 222
1 4096
1 4096
0 1626
0 1080
2 4096
0 40
0 1477
2 4096
1 4096
3 4096
1 4096
0 1365
3 4096
0 380
2 4096
1 4096
4 4096
0 628
0 3032
2 4096
0 923
4 4096
2 4096
1 4096
1 4096
1 4096
0 379
0 814
0 112
0 175
0 825
1 4096
1 4096
1 4096
0 2875
0 2100
1 4096
1 4096
3 4096
2 4096
0 171
1 4096
1 4096
1 4096
1 4096
0 335
1 4096
2 4096
0 719
2 4096
2 4096
1 4096
1 4096
0 2556
0 2233
1 4096
0 571
0 748
2 4096
1 4096
0 473
0 685
1 4096
1 4096
0 1678
0 582
2 4096
0 103
2 4096
2 4096
2 4096
1 4096
1 4096
0 1071
1 4096
1 4096
0 293
0 1304
2 4096
0 268
0 64
0 322
1 4096
1 4096
3 4096
0 2509
2 4096
0 894
0 1530
0 423
0 892
0 435
1 4096
2 4096
2 4096
1 4096
1 4096
2 4096
3 4096
3 4096
0 1097
0 423
1 4096
1 4096
0 589
0 514
2 4096
0 1675
0 745
0 778
1 4096
1 4096
0 2099
2 4096
0 912
4 4096
0 173
0 257
0 641
3 4096
0 703
2 4096
2 4096
2 4096
0 156
1 4096
0 395
0 2740
1 4096
1 4096
0 627
0 547
2 4096
3 4096
1 4096
0 538
1 4096
1 4096
0 1317
2 4096
0 786
0 1404
1 4096
0 933
3 4096
0 2289
3 4096
4 4096
1 4096
0 744
0 688
0 769
1 4096
0 823
2 4096
2 4096
0 237
0 1469
2 4096
0 1368
3 4096
0 85
0 212
2 4096
2 4096
0 1299
2 4096
2 4096
0 1228
0 1445
0 836
1 4096
2 4096
1 4096
0 730
0 280
2 4096
0 548
0 288
1 4096
1 4096
3 4096
0 280
1 4096
3 4096
0 1310
1 4096
0 245
3 4096
2 4096
0 2212
1 4096
4 4096
1 4096
0 454
2 4096
0 2177
1 4096
0 3599
3 4096
0 244
1 4096
3 4096
1 4096
1 4096
0 1344
0 947
1 4096
1 4096
0 1554
2 4096
0 1653
1 4096
1 4096
1 4096
1 4096
2 4096
2 4096
0 605
0 71
1 4096
0 1387
1 4096
2 4096
2 4096
0 797
1 4096
0 503
1 4096
1 4096
3 4096
1 4096
0 370
3 4096
1 4096
2 4096
3 4096
2 4096
1 4096
0 564
0 478
1 4096
0 326
0 367
4 4096
2 4096
1 4096
2 4096
3 4096
3 4096
1 4096
1 4096
2 4096
3 4096
4 4096
1 4096
1 4096
0 917
3 4096
4 4096
0 1939
0 1114
1 4096
4 4096
0 1867
1 4096
0 883
1 4096
1 4096
0 664
2 4096
2 4096
2 4096
1 4096
1 4096
0 766
2 4096
0 1855
3 4096
1 4096
0 1218
2 4096
0 1463
3 4096
1 4096
1 4096
0 2155
1 4096
0 268
4 4096
2 4096
1 4096
0 2918
1 4096
1 4096
1 4096
2 4096
0 225
2 4096
1 4096
2 4096
0 505
0 238
0 1677
1 4096
1 4096
0 548
1 4096
0 1228
2 4096
1 4096
1 4096
2 4096
1 4096
3 4096
0 478
0 154
0 759
0 695
0 722
1 4096
0 908
0 455
1 4096
1 4096
0 299
2 4096
1 4096
1 4096
1 4096
4 4096
3 4096
0 474
1 4096
0 259
2 4096
0 496
0 119
0 1995
1 4096
0 326
2 4096
2 4096
0 223
1 4096
1 4096
3 4096
2 4096
3 4096
0 300
0 953
0 1108
0 699
0 1352
2 4096
1 4096
0 646
2 4096
0 332
4 4096
1 4096
1 4096
0 909
1 4096
2 4096
0 204
1 4096
0 185
3 4096
1 4096
0 258
1 4096
0 1883
2 4096
0 453
0 582
1 4096
1 4096
2 4096
0 2157
0 690
1 4096
2 4096
0 996
1 4096
4 4096
2 4096
2 4096
0 173
2 4096
0 388
2 4096
1 4096
0 561
3 4096
2 4096
1 4096
2 4096
0 958
1 4096
0 730
1 4096
4 4096
0 1455
1 4096
0 618
2 4096
0 2060
0 1846
2 4096
0 434
3 4096
0 290
0 1401
0 881
1 4096
2 4096
1 4096
0 872
0 533
1 4096
1 4096
0 2223
1 4096
1 4096
0 626
4 4096
2 4096
1 4096
1 4096
1 4096
1 4096
0 792
1 4096
2 4096
1 4096
2 4096
2 4096
0 901
1 4096
1 4096
1 4096
0 402
0 1655
2 4096
4 4096
2 4096
0 150
2 4096
0 958
4 4096
0 471
0 248
2 4096
2 4096
3 4096
4 4096
1 4096
1 4096
0 226
0 1877
0 272
0 112
1 4096
4 4096
0 1196
3 4096
0 485
1 4096
1 4096
1 4096
0 487
1 4096
2 4096
0 141
1 4096
2 4096
1 4096
1 4096
1 4096
4 4096
0 491
4 4096
0 673
0 610
0 359
0 1417
4 4096
0 583
1 4096
1 4096
1 4096
1 4096
2 4096
0 439
2 4096
2 4096
2 4096
0 766
0 563
0 234
1 4096
0 1542
1 4096
1 4096
0 249
0 1379
2 4096
1 4096
0 199
0 1122
0 300
3 4096
2 4096
0 442
1 4096
1 4096
4 4096
1 4096
2 4096
3 4096
0 180
0 1288
2 4096
1 4096
1 4096
0 169
1 4096
1 4096
0 568
2 4096
1 4096
0 1289
0 656
0 430
3 4096
0 1918
0 2042
1 4096
2 4096
0 309
0 698
0 1730
1 4096
1 4096
0 654
5 4096
0 790
1 4096
0 981
4 4096
1 4096
2 4096
2 4096
2 4096
0 734
2 4096
0 187
0 921
0 1965
3 4096
2 4096
3 4096
0 304
3 4096
2 4096
0 406
2 4096
1 4096
1 4096
1 4096
0 1275
0 1198
0 640
1 4096
0 841
0 807
1 4096
1 4096
4 4096
1 4096
1 4096
0 928
1 4096
3 4096
0 1531
0 253
2 4096
2 4096
2 4096
1 4096
0 766
0 398
0 2192
1 4096
0 2963
0 250
0 910
0 1387
0 344
0 524
0 1415
1 4096
0 989
0 529
1 4096
1 4096
1 4096
0 1260
3 4096
0 771
2 4096
1 4096
1 4096
0 353
0 1896
1 4096
2 4096
0 290
1 4096
1 4096
0 1177
0 1381
0 305
0 1996
0 373
2 4096
1 4096
0 1958
0 823
2 4096
1 4096
0 549
0 444
1 4096
0 346
0 896
2 4096
1 4096
1 4096
0 474
2 4096
1 4096
0 1254
1 4096
0 399
0 1216
0 202
0 387
2 4096
2 4096
0 296
4 4096
1 4096
1 4096
0 402
1 4096
0 728
1 4096
2 4096
6 4096
0 742
1 4096
1 4096
0 1656
3 4096
0 720
6 4096
0 3098
0 854
1 4096
0 139
2 4096
1 4096
1 4096
1 4096
1 4096
0 1351
2 4096
1 4096
2 4096
1 4096
1 4096
0 3467
0 109
1 4096
1 4096
4 4096
0 1771
0 1263
2 4096
2 4096
1 4096
0 67
0 503
2 4096
3 4096
2 4096
0 334
4 4096
2 4096
2 4096
1 4096
0 348
0 1406
3 4096
0 165
2 4096
0 590
2 4096
2 4096
1 4096
0 302
1 4096
1 4096
1 4096
4 4096
0 673
1 4096
0 598
1 4096
1 4096
1 4096
1 4096
1 4096
0 821
2 4096
1 4096
0 2061
2 4096
0 972
2 4096
0 575
4 4096
2 4096
0 426
1 4096
3 4096
2 4096
0 771
0 775
0 494
1 4096
2 4096
0 512
0 791
1 4096
0 395
0 784
0 715
1 4096
0 456
0 328
1 4096
0 319
0 632
0 669
1 4096
0 1411
0 264
0 1014
0 231
0 1215
0 790
0 1147
0 237
2 4096
2 4096
1 4096
3 4096
0 583
1 4096
1 4096
7 4096
0 3156
0 125
1 4096
4 4096
0 1258
1 4096
1 4096
0 247
0 809
0 794
1 4096
0 333
1 4096
0 905
1 4096
0 244
2 4096
2 4096
3 4096
0 326
4 4096
0 454
0 616
1 4096
1 4096
0 1649
2 4096
3 4096
4 4096
0 409
3 4096
2 4096
2 4096
0 396
1 4096
1 4096
0 909
4 4096
1 4096
4 4096
0 207
0 218
4 4096
1 4096
1 4096
2 4096
0 316
0 651
1 4096
2 4096
3 4096
0 1610
2 4096
0 398
0 3539
1 4096
1 4096
0 818
0 395
0 353
2 4096
2 4096
4 4096
2 4096
1 4096
3 4096
0 3215
1 4096
1 4096
1 4096
1 4096
0 421
0 272
1 4096
0 132
4 4096
3 4096
3 4096
0 1346
0 972
0 607
1 4096
0 159
0 768
2 4096
0 465
1 4096
1 4096
2 4096
1 4096
0 323
1 4096
0 585
1 4096
3 4096
1 4096
0 848
1 4096
0 1618
2 4096
0 1692
0 1284
1 4096
0 889
0 1464
1 4096
0 1131
0 866
0 1167
2 4096
2 4096
0 1680
1 4096
1 4096
0 375
2 4096
0 428
1 4096
1 4096
3 4096
0 940
2 4096
0 432
0 1054
2 4096
0 502
0 906
0 1428
2 4096
0 472
3 4096
0 1161
0 335
2 4096
0 452
2 4096
0 224
0 457
0 736
0 1943
1 4096
1 4096
0 1951
2 4096
2 4096
0 763
5 4096
0 1263
0 255
1 4096
1 4096
0 710
3 4096
1 4096
1 4096
4 4096
1 4096
2 4096
1 4096
0 516
2 4096
2 4096
3 4096
0 230
0 495
0 1216
1 4096
0 612
0 248
1 4096
0 4008
0 2785
4 4096
1 4096
0 976
1 4096
0 403
1 4096
2 4096
0 2393
1 4096
0 638
0 555
2 4096
1 4096
0 1057
1 4096
0 1032
0 226
0 317
3 4096
0 1538
3 4096
4 4096
1 4096
0 73
4 4096
1 4096
1 4096
4 4096
1 4096
0 1676
1 4096
0 1569
1 4096
0 1000
1 4096
1 4096
0 1052
0 666
1 4096
2 4096
2 4096
1 4096
1 4096
0 1791
1 4096
2 4096
3 4096
2 4096
0 764
0 1775
1 4096
1 4096
0 385
0 298
0 337
1 4096
0 1406
0 311
1 4096
0 908
1 4096
3 4096
1 4096
2 4096
1 4096
0 961
4 4096
1 4096
1 4096
3 4096
1 4096
0 577
1 4096
0 775
1 4096
0 329
0 259
2 4096
0 971
1 4096
1 4096
1 4096
0 643
1 4096
2 4096
0 579
4 4096
1 4096
1 4096
1 4096
1 4096
0 1173
0 1539
0 898
0 270
3 4096
0 88
1 4096
2 4096
4 4096
1 4096
0 334
5 4096
0 357
1 4096
0 155
2 4096
2 4096
1 4096
4 4096
1 4096
0 1632
1 4096
0 140
3 4096
1 4096
0 685
0 625
3 4096
3 4096
1 4096
2 4096
0 317
0 1033
2 4096
0 453
0 220
0 526
0 355
0 301
3 4096
1 4096
5 4096
1 4096
2 4096
2 4096
1 4096
0 449
0 994
1 4096
3 4096
3 4096
2 4096
1 4096
3 4096
1 4096
0 778
0 811
0 935
1 4096
1 4096
3 4096
2 4096
1 4096
1 4096
2 4096
0 817
0 1593
1 4096
2 4096
3 4096
0 593
1 4096
3 4096
0 850
1 4096
1 4096
3 4096
1 4096
2 4096
1 4096
0 589
0 520
1 4096
1 4096
0 235
5 4096
0 290
3 4096
1 4096
5 4096
1 4096
1 4096
0 667
0 1007
3 4096
0 1097
2 4096
1 4096
1 4096
2 4096
1 4096
4 4096
0 666
2 4096
0 520
0 633
0 254
0 614
1 4096
0 1303
0 367
1 4096
1 4096
0 1125
0 326
2 4096
1 4096
0 290
1 4096
0 389
0 676
2 4096
4 4096
0 168
0 808
1 4096
4 4096
0 160
3 4096
2 4096
2 4096
2 4096
4 4096
1 4096
1 4096
1 4096
3 4096
3 4096
1 4096
1 4096
2 4096
0 172
1 4096
0 1137
0 471
3 4096
1 4096
1 4096
0 3420
0 962
5 4096
1 4096
1 4096
0 700
1 4096
0 647
0 317
2 4096
0 689
1 4096
0 840
0 685
1 4096
2 4096
0 1351
3 4096
2 4096
1 4096
0 2322
1 4096
0 384
0 783
2 4096
5 4096
0 216
2 4096
0 933
0 774
1 4096
4 4096
1 4096
3 4096
3 4096
2 4096
2 4096
0 535
0 804
2 4096
5 4096
2 4096
1 4096
5 4096
2 4096
1 4096
2 4096
1 4096
1 4096
2 4096
3 4096
0 267
0 1136
0 2042
4 4096
1 4096
1 4096
0 514
1 4096
0 859
3 4096
0 1614
2 4096
2 4096
0 271
1 4096
0 741
1 4096
2 4096
1 4096
0 2103
4 4096
3 4096
0 415
2 4096
1 4096
0 299
2 4096
1 4096
2 4096
0 327
3 4096
1 4096
0 242
0 2907
2 4096
3 4096
0 1143
1 4096
0 790
0 224
0 161
2 4096
1 4096
1 4096
4 4096
1 4096
0 967
0 988
2 4096
2 4096
0 259
0 3427
0 1367
4 4096
2 4096
1 4096
0 1389
2 4096
1 4096
0 1869
0 640
0 331
0 136
0 1067
4 4096
2 4096
0 2938
1 4096
1 4096
1 4096
1 4096
3 4096
1 4096
3 4096
1 4096
2 4096
0 417
2 4096
1 4096
2 4096
0 678
0 233
3 4096
0 1444
2 4096
2 4096
3 4096
0 611
2 4096
0 1241
0 777
1 4096
3 4096
0 816
1 4096
1 4096
3 4096
2 4096
1 4096
3 4096
0 2114
0 410
0 933
1 4096
1 4096
2 4096
0 154
1 4096
4 4096
2 4096
0 362
1 4096
2 4096
2 4096
1 4096
3 4096
1 4096
3 4096
3 4096
1 4096
3 4096
1 4096
0 1413
3 4096
3 4096
1 4096
1 4096
0 1370
1 4096
2 4096
0 346
0 543
0 255
1 4096
1 4096
1 4096
0 787
1 4096
2 4096
0 3027
0 749
1 4096
0 622
2 4096
0 2555
1 4096
1 4096
0 332
3 4096
0 366
1 4096
0 605
1 4096
1 4096
2 4096
1 4096
3 4096
5 4096
1 4096
0 1035
1 4096
1 4096
4 4096
4 4096
1 4096
1 4096
0 1193
0 245
0 2932
3 4096
0 994
2 4096
2 4096
0 1050
0 596
3 4096
2 4096
1 4096
0 698
2 4096
0 840
1 4096
3 4096
1 4096
1 4096
0 1146
0 345
1 4096
1 4096
2 4096
2 4096
0 1029
1 4096
0 1281
2 4096
2 4096
2 4096
1 4096
1 4096
1 4096
1 4096
1 4096
1 4096
1 4096
0 1522
3 4096
0 121
1 4096
1 4096
3 4096
1 4096
1 4096
1 4096
1 4096
1 4096
2 4096
0 404
2 4096
2 4096
0 1514
2 4096
1 4096
0 805
2 4096
0 598
0 706
1 4096
0 106
1 4096
1 4096
1 4096
3 4096
3 4096
0 408
2 4096
3 4096
1 4096
1 4096
0 1128
3 4096
3 4096
0 623
0 419
1 4096
0 666
0 839
1 4096
0 524
1 4096
0 523
1 4096
0 990
0 615
0 1704
0 238
0 612
2 4096
1 4096
0 1015
0 128
0 467
1 4096
3 4096
0 85
2 4096
1 4096
3 4096
1 4096
0 891
0 771
0 154
1 4096
1 4096
0 357
1 4096
0 1010
3 4096
1 4096
1 4096
7 4096
1 4096
2 4096
1 4096
1 4096
1 4096
0 821
1 4096
1 4096
0 542
1 4096
2 4096
1 4096
1 4096
1 4096
2 4096
1 4096
2 4096
0 394
1 4096
0 717
1 4096
3 4096
2 4096
0 2232
2 4096
1 4096
0 1726
0 622
5 4096
0 1708
0 581
3 4096
2 4096
1 4096
1 4096
3 4096
1 4096
0 1081
4 4096
2 4096
2 4096
0 1051
0 553
1 4096
2 4096
1 4096
4 4096
1 4096
0 773
4 4096
0 405
1 4096
1 4096
2 4096
1 4096
1 4096
1 4096
0 692
2 4096
0 746
1 4096
0 338
0 415
3 4096
0 1493
1 4096
1 4096
0 118
0 1225
0 316
4 4096
1 4096
3 4096
0 669
4 4096
0 939
0 405
5 4096
3 4096
1 4096
0 162
0 146
4 4096
0 412
5 4096
0 893
0 731
0 575
1 4096
2 4096
3 4096
2 4096
1 4096
3 4096
0 158
3 4096
2 4096
4 4096
1 4096
1 4096
0 594
3 4096
0 1427
1 4096
1 4096
1 4096
0 1521
0 1362
0 550
2 4096
3 4096
1 4096
0 1033
1 4096
1 4096
1 4096
1 4096
0 1134
1 4096
2 4096
1 4096
2 4096
1 4096
3 4096
0 394
1 4096
0 318
0 368
0 957
2 4096
0 2866
0 1506
4 4096
0 394
1 4096
0 555
1 4096
1 4096
0 1318
3 4096
0 604
2 4096
1 4096
1 4096
0 293
3 4096
0 958
0 384
0 894
1 4096
0 459
1 4096
0 211
1 4096
0 702
0 668
2 4096
0 419
0 1006
2 4096
3 4096
0 1133
0 493
2 4096
1 4096
0 113
1 4096
0 517
0 163
1 4096
0 439
0 606
0 1052
1 4096
0 1041
2 4096
0 266
1 4096
1 4096
1 4096
0 2357
2 4096
1 4096
1 4096
3 4096
3 4096
3 4096
1 4096
4 4096
0 90
1 4096
1 4096
1 4096
1 4096
1 4096
2 4096
0 301
0 790
1 4096
4 4096
1 4096
2 4096
2 4096
0 695
2 4096
1 4096
0 1678
0 1041
3 4096
0 421
1 4096
0 1475
3 4096
0 3397
1 4096
0 324
2 4096
2 4096
0 1057
0 1124
1 4096
0 486
0 520
0 191
1 4096
1 4096
0 653
1 4096
3 4096
0 651
2 4096
2 4096
2 4096
2 4096
1 4096
0 461
0 275
2 4096
2 4096
4 4096
1 4096
0 1346
1 4096
1 4096
0 3224
2 4096
0 968
3 4096
2 4096
0 697
1 4096
1 4096
3 4096
1 4096
1 4096
4 4096
4 4096
2 4096
0 636
1 4096
0 633
3 4096
0 126
1 4096
1 4096
2 4096
0 989
0 769
2 4096
3 4096
3 4096
2 4096
1 4096
0 405
0 546
3 4096
4 4096
3 4096
0 1977
6 4096
0 911
2 4096
1 4096
1 4096
2 4096
0 371
1 4096
1 4096
2 4096
0 160
2 4096
0 1006
0 440
0 1915
2 4096
1 4096
1 4096
0 685
0 1674
2 4096
1 4096
3 4096
1 4096
0 674
0 844
1 4096
0 262
0 2735
2 4096
0 1209
2 4096
1 4096
1 4096
0 244
0 1247
0 322
1 4096
1 4096
2 4096
3 4096
2 4096
1 4096
1 4096
2 4096
1 4096
0 162
0 436
2 4096
0 1043
2 4096
0 3027
3 4096
2 4096
3 4096
0 841
4 4096
2 4096
0 258
0 1606
1 4096
3 4096
3 4096
0 786
1 4096
3 4096
1 4096
1 4096
1 4096
2 4096
0 240
3 4096
1 4096
0 830
0 494
2 4096
1 4096
0 391
0 1235
1 4096
1 4096
0 1357
3 4096
2 4096
1 4096
5 4096
3 4096
4 4096
1 4096
0 1682
2 4096
0 2106
1 4096
0 1577
1 4096
0 1157
1 4096
0 881
4 4096
0 724
0 2597
2 4096
0 1235
2 4096
1 4096
1 4096
0 485
0 294
1 4096
2 4096
2 4096
1 4096
1 4096
0 540
2 4096
1 4096
1 4096
1 4096
2 4096
3 4096
1 4096
1 4096
0 221
0 1809
0 1335
1 4096
0 562
0 911
0 162
2 4096
0 668
0 297
1 4096
3 4096
0 719
0 113
1 4096
0 1236
2 4096
1 4096
2 4096
2 4096
0 2093
2 4096
0 247
2 4096
3 4096
0 401
3 4096
1 4096
2 4096
1 4096
3 4096
0 548
0 1190
0 452
1 4096
1 4096
0 516
0 1161
1 4096
0 738
3 4096
1 4096
1 4096
4 4096
2 4096
3 4096
2 4096
4 4096
1 4096
2 4096
0 1328
2 4096
1 4096
0 285
2 4096
0 215
0 749
0 663
0 462
1 4096
0 419
1 4096
0 373
0 468
0 437
2 4096
1 4096
0 854
1 4096
0 409
4 4096
0 496
4 4096
0 1057
0 1276
0 795
0 865
0 624
1 4096
5 4096
0 1113
1 4096
1 4096
0 369
1 4096
0 315
0 3633
1 4096
1 4096
1 4096
0 254
4 4096
3 4096
1 4096
3 4096
2 4096
1 4096
1 4096
2 4096
2 4096
0 527
1 4096
2 4096
2 4096
0 1097
0 823
0 97
1 4096
1 4096
2 4096
2 4096
2 4096
5 4096
2 4096
1 4096
2 4096
2 4096
2 4096
1 4096
0 1100
0 2800
1 4096
1 4096
0 1015
1 4096
0 1740
2 4096
2 4096
0 765
1 4096
0 507
2 4096
0 320
0 1130
0 285
6 4096
1 4096
2 4096
1 4096
0 819
1 4096
2 4096
2 4096
1 4096
3 4096
1 4096
2 4096
2 4096
0 1251
4 4096
0 659
2 4096
0 1249
2 4096
0 1136
1 4096
1 4096
1 4096
1 4096
1 4096
0 1130
1 4096
1 4096
1 4096
0 775
2 4096
0 520
1 4096
0 1197
2 4096
1 4096
3 4096
2 4096
3 4096
0 186
0 1649
1 4096
2 4096
0 466
1 4096
2 4096
2 4096
1 4096
2 4096
6 4096
2 4096
2 4096
0 2345
0 548
3 4096
0 736
2 4096
0 541
3 4096
0 651
2 4096
0 969
0 967
2 4096
1 4096
2 4096
0 308
3 4096
0 308
1 4096
1 4096
0 506
1 4096
0 624
1 4096
2 4096
0 2902
1 4096
3 4096
0 396
1 4096
0 222
2 4096
0 770
2 4096
0 623
1 4096
2 4096
0 103
1 4096
0 985
1 4096
0 479
0 3709
4 4096
0 241
1 4096
1 4096
1 4096
1 4096
0 1898
0 4089
2 4096
2 4096
0 1546
1 4096
0 147
0 747
1 4096
2 4096
0 202
1 4096
1 4096
2 4096
2 4096
2 4096
0 2666
0 1104
0 96
0 938
0 616
3 4096
1 4096
0 107
1 4096
1 4096
1 4096
1 4096
0 660
0 429
1 4096
0 479
4 4096
2 4096
0 409
1 4096
0 2034
0 689
1 4096
3 4096
0 1210
3 4096
2 4096
0 801
0 648
0 578
0 604
1 4096
2 4096
0 537
1 4096
1 4096
5 4096
0 938
0 639
0 1640
3 4096
1 4096
0 913
3 4096
0 583
3 4096
4 4096
0 201
4 4096
1 4096
0 665
2 4096
0 343
1 4096
0 130
2 4096
0 1101
1 4096
2 4096
1 4096
0 460
0 1383
0 809
3 4096
4 4096
2 4096
0 762
1 4096
1 4096
3 4096
0 272
0 1154
1 4096
4 4096
4 4096
0 593
2 4096
5 4096
0 3898
0 1040
0 1181
1 4096
1 4096
0 157
0 584
0 842
0 749
2 4096
0 447
0 513
0 994
0 325
0 1078
4 4096
2 4096
1 4096
1 4096
2 4096
3 4096
1 4096
1 4096
0 1155
0 1374
1 4096
1 4096
1 4096
0 548
2 4096
1 4096
1 4096
0 1545
0 1614
1 4096
0 484
0 848
3 4096
0 323
2 4096
1 4096
0 516
2 4096
2 4096
0 562
0 1891
5 4096
1 4096
0 4003
0 1621
0 167
0 281
1 4096
0 1124
1 4096
1 4096
0 380
0 599
3 4096
1 4096
2 4096
3 4096
0 155
2 4096
2 4096
3 4096
0 1426
2 4096
3 4096
2 4096
1 4096
0 235
1 4096
2 4096
2 4096
0 382
1 4096
1 4096
0 2338
3 4096
1 4096
1 4096
0 841
0 603
0 335
1 4096
1 4096
2 4096
0 773
0 271
2 4096
2 4096
0 2333
2 4096
1 4096
1 4096
9 4096
3 4096
1 4096
0 2128
2 4096
0 487
1 4096
1 4096
1 4096
0 3368
0 1481
5 4096
1 4096
1 4096
1 4096
0 699
2 4096
1 4096
1 4096
1 4096
2 4096
2 4096
0 384
1 4096
1 4096
1 4096
0 203
0 775
1 4096
1 4096
2 4096
4 4096
0 354
0 1860
0 1422
3 4096
1 4096
0 954
0 500
0 819
1 4096
2 4096
0 426
1 4096
1 4096
0 1016
1 4096
2 4096
1 4096
1 4096
0 156
1 4096
2 4096
0 320
1 4096
0 565
1 4096
1 4096
0 766
1 4096
1 4096
2 4096
1 4096
3 4096
1 4096
3 4096
1 4096
1 4096
2 4096
0 931
4 4096
0 291
2 4096
0 1117
1 4096
3 4096
2 4096
0 547
0 628
1 4096
2 4096
3 4096
0 226
1 4096
3 4096
3 4096
3 4096
2 4096
1 4096
2 4096
3 4096
0 930
0 3513
1 4096
3 4096
4 4096
2 4096
5 4096
1 4096
1 4096
3 4096
1 4096
0 1284
2 4096
1 4096
1 4096
1 4096
0 1308
1 4096
1 4096
1 4096
1 4096
0 393
0 549
1 4096
0 604
2 4096
2 4096
0 1191
0 1049
1 4096
2 4096
1 4096
1 4096
1 4096
0 1511
1 4096
2 4096
1 4096
0 1261
3 4096
3 4096
1 4096
3 4096
0 277
0 1453
2 4096
1 4096
3 4096
0 3660
1 4096
3 4096
3 4096
1 4096
1 4096
0 2300
0 444
0 946
3 4096
2 4096
0 712
0 841
0 512
0 1295
0 804
1 4096
0 718
0 929
3 4096
1 4096
0 849
0 632
1 4096
0 967
0 264
3 4096
0 487
3 4096
2 4096
1 4096
3 4096
0 527
2 4096
3 4096
3 4096
1 4096
0 797
0 809
2 4096
0 2171
0 2829
2 4096
0 1527
2 4096
0 487
2 4096
1 4096
1 4096
0 1197
2 4096
0 389
0 434
0 393
2 4096
0 1427
0 1864
0 289
1 4096
0 899
1 4096
0 406
1 4096
1 4096
0 1104
2 4096
0 361
1 4096
1 4096
0 457
0 969
2 4096
2 4096
0 581
0 595
1 4096
1 4096
1 4096
0 358
0 687
1 4096
2 4096
2 4096
0 556
1 4096
1 4096
0 254
1 4096
2 4096
4 4096
1 4096
0 859
1 4096
1 4096
3 4096
2 4096
2 4096
0 266
1 4096
0 511
2 4096
1 4096
0 1590
0 2003
0 441
2 4096
2 4096
0 1108
1 4096
0 546
1 4096
1 4096
3 4096
0 1017
1 4096
0 649
0 574
0 1139
1 4096
0 422
0 1112
1 4096
1 4096
1 4096
0 253
0 677
0 482
3 4096
1 4096
0 128
0 1030
1 4096
0 688
2 4096
0 397
0 682
2 4096
3 4096
1 4096
2 4096
4 4096
0 479
4 4096
1 4096
0 741
0 317
3 4096
3 4096
1 4096
3 4096
0 638
3 4096
0 732
0 325
0 178
1 4096
1 4096
1 4096
3 4096
2 4096
2 4096
6 4096
1 4096
1 4096
3 4096
3 4096
4 4096
1 4096
3 4096
1 4096
0 651
0 250
0 665
0 839
1 4096
0 500
0 937
0 1182
0 562
0 628
5 4096
0 3507
1 4096
1 4096
0 853
1 4096
2 4096
0 91
1 4096
2 4096
1 4096
0 291
0 1064
1 4096
2 4096
1 4096
0 867
2 4096
0 849
2 4096
1 4096
2 4096
0 833
1 4096
1 4096
6 4096
2 4096
0 940
2 4096
2 4096
0 488
3 4096
2 4096
1 4096
3 4096
0 569
0 796
2 4096
1 4096
2 4096
2 4096
1 4096
0 544
0 2641
0 661
1 4096
1 4096
0 3331
1 4096
0 465
0 1464
0 1153
0 309
1 4096
2 4096
6 4096
1 4096
5 4096
1 4096
3 4096
0 507
0 590
0 1637
0 141
2 4096
3 4096
1 4096
1 4096
0 105
1 4096
2 4096
0 418
0 277
0 948
0 1245
0 3649
1 4096
0 594
1 4096
1 4096
1 4096
0 235
1 4096
1 4096
4 4096
3 4096
1 4096
1 4096
0 648
1 4096
1 4096
0 562
0 307
0 333
2 4096
3 4096
2 4096
0 1348
1 4096
2 4096
2 4096
1 4096
0 350
1 4096
0 1144
0 2513
1 4096
0 2561
3 4096
4 4096
2 4096
3 4096
0 635
3 4096
1 4096
1 4096
2 4096
0 228
0 371
1 4096
1 4096
0 219
1 4096
0 417
1 4096
0 1329
0 580
2 4096
0 565
0 190
2 4096
1 4096
2 4096
2 4096
3 4096
1 4096
0 163
3 4096
4 4096
3 4096
3 4096
3 4096
0 795
2 4096
0 3264
2 4096
1 4096
2 4096
4 4096
1 4096
3 4096
1 4096
0 262
1 4096
1 4096
0 416
0 331
0 928
2 4096
0 415
2 4096
0 1095
0 516
0 503
0 993
0 551
1 4096
1 4096
0 569
4 4096
1 4096
0 349
1 4096
1 4096
1 4096
0 666
0 1406
3 4096
0 400
0 363
1 4096
2 4096
0 164
0 1362
1 4096
1 4096
1 4096
4 4096
3 4096
4 4096
1 4096
3 4096
0 1352
0 1153
2 4096
0 1923
2 4096
1 4096
5 4096
1 4096
0 940
3 4096
0 1070
0 206
2 4096
0 865
2 4096
2 4096
3 4096
0 1542
2 4096
1 4096
1 4096
0 1484
1 4096
0 1527
5 4096
0 434
1 4096
2 4096
3 4096
1 4096
0 551
1 4096
1 4096
1 4096
1 4096
1 4096
4 4096
2 4096
0 1703
4 4096
2 4096
1 4096
1 4096
1 4096
2 4096
0 1112
0 213
0 537
0 226
2 4096
1 4096
2 4096
0 2675
0 458
0 1251
0 480
2 4096
0 1544
0 950
1 4096
0 1400
1 4096
3 4096
1 4096
0 334
2 4096
0 197
3 4096
0 3040
5 4096
1 4096
2 4096
0 306
1 4096
0 1179
1 4096
1 4096
0 285
1 4096
4 4096
0 384
0 924
3 4096
2 4096
1 4096
0 501
0 434
2 4096
2 4096
0 634
0 1998
0 801
1 4096
2 4096
0 272
2 4096
1 4096
0 1589
1 4096
1 4096
1 4096
1 4096
3 4096
1 4096
1 4096
3 4096
2 4096
2 4096
1 4096
1 4096
1 4096
1 4096
2 4096
2 4096
0 1292
3 4096
4 4096
0 860
1 4096
2 4096
0 1001
2 4096
1 4096
1 4096
2 4096
3 4096
0 344
1 4096
0 1505
0 1581
0 1024
1 4096
1 4096
0 3876
0 308
3 4096
3 4096
1 4096
1 4096
0 1171
0 179
0 1226
1 4096
3 4096
3 4096
0 476
4 4096
0 2747
0 375
1 4096
2 4096
0 670
1 4096
4 4096
0 206
0 547
2 4096
4 4096
2 4096
0 2264
1 4096
1 4096
3 4096
0 1013
0 1396
0 1255
0 4035
1 4096
0 1656
0 736
0 1099
2 4096
1 4096
2 4096
3 4096
0 2267
1 4096
2 4096
1 4096
1 4096
0 1707
4 4096
1 4096
0 3286
2 4096
4 4096
0 2612
0 492
0 448
3 4096
0 724
0 503
0 260
1 4096
1 4096
0 1014
3 4096
0 617
3 4096
0 197
2 4096
0 585
3 4096
0 909
3 4096
1 4096
3 4096
0 371
2 4096
0 597
1 4096
1 4096
1 4096
3 4096
1 4096
1 4096
1 4096
3 4096
1 4096
1 4096
2 4096
0 649
0 1479
1 4096
2 4096
1 4096
2 4096
1 4096
3 4096
1 4096
0 1225
0 120
0 992
1 4096
1 4096
0 592
0 242
0 329
1 4096
0 669
0 351
0 1181
0 937
4 4096
0 642
2 4096
1 4096
1 4096
0 504
2 4096
1 4096
0 796
1 4096
3 4096
1 4096
2 4096
1 4096
0 732
1 4096
0 1501
0 257
0 631
1 4096
0 309
0 473
1 4096
1 4096
2 4096
0 1034
0 637
0 1442
0 1608
2 4096
1 4096
1 4096
1 4096
0 499
2 4096
4 4096
0 165
0 2946
1 4096
0 287
1 4096
1 4096
2 4096
2 4096
2 4096
0 396
2 4096
0 670
2 4096
4 4096
0 1726
2 4096
0 275
0 557
0 407
1 4096
0 1040
2 4096
0 226
2 4096
4 4096
2 4096
3 4096
2 4096
0 460
0 470
4 4096
1 4096
0 736
0 1186
0 1765
0 327
1 4096
3 4096
1 4096
1 4096
5 4096
1 4096
3 4096
1 4096
1 4096
2 4096
0 146
1 4096
1 4096
0 477
4 4096
0 1083
0 286
2 4096
1 4096
6 4096
1 4096
1 4096
0 3737
0 465
2 4096
2 4096
0 1082
1 4096
2 4096
0 454
0 1046
3 4096
1 4096
2 4096
0 413
0 585
2 4096
0 1028
0 970
2 4096
2 4096
0 848
1 4096
1 4096
0 655
0 821
3 4096
1 4096
0 634
1 4096
1 4096
0 1254
1 4096
0 376
2 4096
0 1582
1 4096
0 496
0 427
2 4096
0 216
2 4096
5 4096
3 4096
1 4096
2 4096
0 1328
0 430
1 4096
3 4096
0 136
0 603
1 4096
0 747
1 4096
0 1222
0 557
1 4096
0 177
0 2292
0 527
1 4096
0 298
3 4096
3 4096
2 4096
1 4096
1 4096
1 4096
2 4096
0 745
0 3033
1 4096
1 4096
3 4096
1 4096
2 4096
2 4096
1 4096
0 539
1 4096
2 4096
2 4096
0 1182
1 4096
1 4096
1 4096
0 91
2 4096
0 1263
1 4096
2 4096
0 427
0 739
1 4096
0 1476
0 695
2 4096
0 686
0 2507
2 4096
4 4096
1 4096
1 4096
0 717
0 2869
0 477
1 4096
1 4096
2 4096
0 880
0 456
1 4096
1 4096
0 154
0 486
1 4096
1 4096
0 1138
1 4096
1 4096
0 1201
1 4096
0 700
1 4096
0 826
1 4096
3 4096
2 4096
0 441
4 4096
0 768
0 302
1 4096
0 3723
1 4096
1 4096
1 4096
0 182
1 4096
2 4096
0 274
1 4096
2 4096
3 4096
0 328
0 969
1 4096
3 4096
0 1384
0 1007
0 1017
1 4096
2 4096
1 4096
5 4096
1 4096
2 4096
3 4096
3 4096
1 4096
1 4096
0 360
0 2454
0 883
0 354
2 4096
1 4096
1 4096
2 4096
2 4096
2 4096
0 1289
2 4096
3 4096
0 3038
2 4096
1 4096
1 4096
0 241
0 1005
1 4096
0 1674
0 277
1 4096
0 261
1 4096
0 438
2 4096
1 4096
1 4096
1 4096
1 4096
0 706
0 453
0 1218
1 4096
0 787
1 4096
0 533
0 325
0 689
4 4096
0 1772
1 4096
0 679
2 4096
3 4096
0 258
3 4096
0 567
0 1703
2 4096
3 4096
0 836
0 955
0 400
0 549
1 4096
2 4096
0 479
0 235
0 1052
0 131
1 4096
0 1665
1 4096
1 4096
0 231
1 4096
1 4096
0 281
1 4096
4 4096
1 4096
0 984
0 234
1 4096
3 4096
0 904
0 1185
2 4096
2 4096
0 269
0 412
0 275
2 4096
2 4096
4 4096
0 359
1 4096
3 4096
2 4096
4 4096
2 4096
2 4096
0 345
0 638
2 4096
2 4096
1 4096
4 4096
0 3581
1 4096
2 4096
1 4096
1 4096
0 1098
1 4096
0 526
1 4096
0 775
0 634
1 4096
1 4096
1 4096
0 1795
1 4096
2 4096
3 4096
2 4096
1 4096
1 4096
1 4096
1 4096
0 799
1 4096
0 1455
1 4096
1 4096
0 922
0 2324
0 1314
3 4096
0 1291
0 88
0 1192
1 4096
0 1239
4 4096
0 959
2 4096
0 1070
3 4096
2 4096
2 4096
1 4096
0 297
0 480
1 4096
0 139
1 4096
0 463
2 4096
1 4096
3 4096
1 4096
0 302
1 4096
0 1722
0 510
2 4096
3 4096
3 4096
0 726
0 1832
2 4096
2 4096
3 4096
3 4096
0 643
3 4096
2 4096
4 4096
1 4096
0 1708
3 4096
0 3907
0 3621
1 4096
0 858
0 1235
6 4096
1 4096
1 4096
1 4096
1 4096
2 4096
2 4096
1 4096
1 4096
2 4096
1 4096
0 1024
0 942
0 512
1 4096
2 4096
0 509
1 4096
0 360
0 659
0 1291
0 114
3 4096
1 4096
1 4096
1 4096
0 732
0 2548
2 4096
1 4096
0 650
1 4096
0 872
0 345
0 222
2 4096
1 4096
0 121
0 431
1 4096
3 4096
3 4096
1 4096
0 1070
2 4096
3 4096
2 4096
1 4096
0 418
3 4096
0 1147
1 4096
2 4096
3 4096
1 4096
1 4096
2 4096
0 1008
0 648
0 875
1 4096
1 4096
0 251
2 4096
2 4096
0 959
0 555
0 175
4 4096
0 1713
0 1004
0 354
2 4096
0 1033
1 4096
0 613
1 4096
1 4096
0 2517
0 2033
0 236
1 4096
1 4096
0 1078
1 4096
0 528
0 844
1 4096
0 367
1 4096
1 4096
2 4096
1 4096
0 2090
1 4096
1 4096
1 4096
1 4096
0 3563
1 4096
4 4096
1 4096
2 4096
0 645
2 4096
0 793
1 4096
1 4096
3 4096
1 4096
0 926
2 4096
3 4096
0 239
1 4096
1 4096
1 4096
5 4096
2 4096
0 528
0 460
4 4096
0 325
2 4096
1 4096
0 754
2 4096
0 219
3 4096
1 4096
0 64
0 711
0 804
3 4096
1 4096
0 1058
0 1961
0 1886
1 4096
1 4096
0 1741
1 4096
1 4096
0 414
1 4096
0 904
1 4096
2 4096
0 1448
1 4096
0 1703
0 654
1 4096
0 1467
1 4096
1 4096
1 4096
1 4096
1 4096
1 4096
0 2719
0 604
1 4096
0 1005
1 4096
2 4096
1 4096
0 596
2 4096
3 4096
4 4096
1 4096
1 4096
0 530
0 3117
0 1033
0 738
2 4096
1 4096
2 4096
0 386
2 4096
0 634
0 628
1 4096
0 370
0 917
3 4096
1 4096
2 4096
3 4096
1 4096
2 4096
2 4096
0 660
0 689
3 4096
0 352
2 4096
1 4096
0 363
1 4096
2 4096
1 4096
2 4096
0 515
0 954
1 4096
0 2636
0 705
0 686
0 1300
1 4096
1 4096
0 1127
0 659
2 4096
0 965
2 4096
5 4096
1 4096
2 4096
2 4096
1 4096
0 195
1 4096
0 473
2 4096
0 1881
1 4096
0 1623
1 4096
1 4096
0 593
0 608
0 252
0 882
2 4096
0 1093
1 4096
3 4096
0 714
0 1004
1 4096
1 4096
3 4096
0 646
1 4096
2 4096
2 4096
0 278
0 637
2 4096
2 4096
2 4096
1 4096
0 670
0 1285
5 4096
3 4096
1 4096
2 4096
0 187
2 4096
0 1427
0 524
1 4096
1 4096
0 488
0 313
3 4096
0 1187
1 4096
0 512
0 707
5 4096
0 250
3 4096
0 324
0 1335
1 4096
2 4096
0 1468
1 4096
5 4096
4 4096
0 436
1 4096
0 303
0 840
0 235
5 4096
0 2949
1 4096
1 4096
0 1319
1 4096
2 4096
0 673
1 4096
1 4096
0 469
1 4096
2 4096
1 4096
1 4096
2 4096
0 756
3 4096
0 281
0 1480
0 361
3 4096
0 1411
0 807
1 4096
1 4096
1 4096
2 4096
1 4096
0 1680
3 4096
0 778
2 4096
0 807
1 4096
4 4096
0 550
2 4096
1 4096
1 4096
1 4096
1 4096
1 4096
1 4096
0 2794
1 4096
0 1683
3 4096
0 422
0 1141
0 425
0 1023
0 576
2 4096
1 4096
1 4096
0 397
1 4096
1 4096
0 1641
0 678
1 4096
1 4096
0 483
1 4096
1 4096
0 411
1 4096
3 4096
0 440
0 801
2 4096
0 393
0 1347
0 530
0 120
3 4096
1 4096
0 409
0 440
0 868
4 4096
3 4096
1 4096
0 957
1 4096
1 4096
1 4096
3 4096
0 836
1 4096
3 4096
4 4096
3 4096
3 4096
1 4096
0 210
2 4096
1 4096
1 4096
1 4096
2 4096
1 4096
0 370
1 4096
0 2403
0 939
0 350
0 2557
0 1779
2 4096
2 4096
1 4096
1 4096
1 4096
0 2026
0 213
1 4096
1 4096
0 1413
1 4096
0 596
1 4096
2 4096
1 4096
1 4096
0 817
0 212
1 4096
2 4096
0 389
3 4096
1 4096
2 4096
0 1684
1 4096
1 4096
4 4096
0 163
0 3831
2 4096
0 780
1 4096
1 4096
1 4096
1 4096
3 4096
1 4096
1 4096
2 4096
2 4096
0 2112
1 4096
0 273
1 4096
2 4096
0 587
0 334
0 1060
0 373
5 4096
2 4096
0 116
4 4096
0 206
1 4096
1 4096
0 1538
2 4096
0 276
0 1296
0 460
0 616
2 4096
2 4096
2 4096
1 4096
0 378
0 191
0 957
2 4096
1 4096
1 4096
3 4096
0 485
0 564
2 4096
2 4096
1 4096
2 4096
0 698
0 307
4 4096
0 558
1 4096
1 4096
0 661
1 4096
0 856
2 4096
0 477
5 4096
3 4096
2 4096
2 4096
1 4096
1 4096
0 554
4 4096
1 4096
3 4096
0 1249
2 4096
1 4096
2 4096
1 4096
1 4096
0 669
1 4096
0 1096
1 4096
0 224
2 4096
3 4096
0 143
0 561
1 4096
2 4096
0 458
0 607
2 4096
0 126
0 126
0 779
1 4096
0 1120
1 4096
1 4096
2 4096
0 2622
2 4096
0 936
0 218
1 4096
1 4096
0 240
2 4096
1 4096
2 4096
3 4096
0 1376
0 472
0 357
2 4096
3 4096
5 4096
0 793
3 4096
4 4096
3 4096
1 4096
0 624
2 4096
2 4096
0 395
3 4096
2 4096
0 393
6 4096
1 4096
0 573
1 4096
0 643
0 389
0 290
2 4096
1 4096
0 457
0 868
0 1095
1 4096
1 4096
3 4096
1 4096
4 4096
0 629
0 173
0 612
1 4096
0 533
1 4096
1 4096
2 4096
2 4096
0 710
1 4096
1 4096
0 745
1 4096
1 4096
0 204
4 4096
2 4096
1 4096
0 734
0 3278
2 4096
0 481
2 4096
0 660
3 4096
0 478
1 4096
1 4096
2 4096
2 4096
0 1316
2 4096
0 249
0 3523
1 4096
1 4096
1 4096
1 4096
2 4096
2 4096
2 4096
1 4096
0 267
1 4096
0 456
0 602
4 4096
0 176
1 4096
0 2069
2 4096
0 1034
1 4096
2 4096
2 4096
1 4096
0 166
2 4096
1 4096
1 4096
3 4096
1 4096
0 811
0 1668
2 4096
0 810
0 961
0 290
1 4096
0 688
2 4096
1 4096
0 353
0 1289
0 1734
1 4096
2 4096
1 4096
1 4096
1 4096
0 132
1 4096
0 766
1 4096
3 4096
0 540
0 490
0 702
1 4096
0 779
0 365
1 4096
0 1663
0 1006
1 4096
0 232
0 347
3 4096
6 4096
1 4096
0 465
2 4096
0 413
3 4096
1 4096
0 262
0 537
1 4096
0 400
1 4096
0 511
0 275
2 4096
0 2613
0 3668
2 4096
0 2727
1 4096
1 4096
0 1171
2 4096
3 4096
2 4096
0 635
2 4096
0 628
0 274
1 4096
2 4096
0 293
2 4096
0 1052
0 1683
0 789
3 4096
2 4096
1 4096
2 4096
0 167
0 817
2 4096
3 4096
0 743
0 2228
3 4096
1 4096
1 4096
1 4096
1 4096
1 4096
2 4096
0 1116
0 1902
3 4096
0 234
0 992
0 192
3 4096
1 4096
0 856
4 4096
2 4096
1 4096
2 4096
1 4096
1 4096
1 4096
1 4096
0 776
0 714
0 2471
0 259
0 210
0 3939
0 406
0 519
1 4096
2 4096
1 4096
1 4096
0 918
2 4096
1 4096
1 4096
0 431
1 4096
1 4096
0 533
2 4096
0 213
1 4096
1 4096
1 4096
0 647
0 200
0 329
3 4096
3 4096
2 4096
0 3290
0 1396
1 4096
4 4096
0 1379
3 4096
1 4096
1 4096
1 4096
2 4096
3 4096
0 1178
1 4096
1 4096
2 4096
0 124
1 4096
0 631
1 4096
1 4096
4 4096
2 4096
3 4096
1 4096
0 282
0 547
0 396
1 4096
0 1088
0 423
1 4096
1 4096
2 4096
1 4096
5 4096
1 4096
0 1647
0 1190
1 4096
1 4096
0 497
1 4096
3 4096
1 4096
1 4096
0 309
1 4096
0 1117
0 359
1 4096
3 4096
2 4096
2 4096
0 605
3 4096
1 4096
0 758
1 4096
0 1019
1 4096
3 4096
0 714
0 1222
0 3063
1 4096
3 4096
2 4096
1 4096
2 4096
1 4096
0 1342
0 87
0 510
1 4096
0 1221
0 275
2 4096
0 4092
4 4096
1 4096
1 4096
0 496
2 4096
0 1174
0 1003
0 322
0 380
0 208
2 4096
2 4096
1 4096
1 4096
6 4096
0 903
0 366
0 1438
0 686
4 4096
2 4096
2 4096
1 4096
2 4096
1 4096
0 344
3 4096
0 974
1 4096
2 4096
1 4096
0 1043
3 4096
2 4096
1 4096
3 4096
0 772
1 4096
0 991
1 4096
2 4096
1 4096
0 1286
1 4096
0 704
2 4096
0 339
2 4096
0 179
2 4096
1 4096
0 427
1 4096
0 924
1 4096
2 4096
0 627
2 4096
0 1214
0 1351
0 1028
1 4096
0 1024
0 473
1 4096
1 4096
1 4096
0 1068
2 4096
1 4096
0 319
1 4096
3 4096
2 4096
1 4096
2 4096
1 4096
1 4096
1 4096
3 4096
2 4096
2 4096
1 4096
1 4096
0 938
2 4096
1 4096
1 4096
0 2734
2 4096
1 4096
4 4096
0 4025
0 655
4 4096
1 4096
0 668
1 4096
2 4096
1 4096
1 4096
0 840
1 4096
1 4096
0 500
0 324
1 4096
0 475
0 820
1 4096
3 4096
0 906
1 4096
0 309
1 4096
2 4096
1 4096
1 4096
1 4096
0 1103
0 1617
0 1121
4 4096
3 4096
1 4096
0 1515
2 4096
0 2709
2 4096
2 4096
0 874
2 4096
2 4096
0 389
1 4096
0 2041
1 4096
3 4096
2 4096
0 939
1 4096
0 673
2 4096
1 4096
5 4096
6 4096
0 172
2 4096
0 1708
1 4096
0 1050
2 4096
2 4096
1 4096
1 4096
1 4096
0 163
1 4096
1 4096
0 967
1 4096
1 4096
3 4096
2 4096
2 4096
0 537
1 4096
0 829
2 4096
0 1018
1 4096
3 4096
0 1026
2 4096
4 4096
1 4096
0 1257
1 4096
0 833
0 1001
1 4096
2 4096
1 4096
1 4096
1 4096
0 559
1 4096
0 447
0 369
2 4096
0 331
0 1018
2 4096
0 1806
1 4096
0 995
1 4096
0 1443
1 4096
0 519
0 314
0 383
1 4096
3 4096
2 4096
2 4096
1 4096
0 208
1 4096
3 4096
0 212
0 1081
3 4096
4 4096
0 1202
0 663
0 143
0 763
0 999
1 4096
1 4096
2 4096
1 4096
0 743
2 4096
0 1905
0 280
2 4096
4 4096
1 4096
2 4096
0 304
0 909
0 554
1 4096
1 4096
1 4096
0 874
0 154
1 4096
1 4096
2 4096
3 4096
0 443
0 445
0 447
0 1387
1 4096
2 4096
4 4096
0 1377
1 4096
0 333
2 4096
0 607
0 590
0 1490
1 4096
1 4096
1 4096
0 352
1 4096
0 2569
2 4096
1 4096
3 4096
0 1077
0 403
1 4096
0 1115
2 4096
1 4096
0 386
1 4096
1 4096
0 993
0 351
2 4096
0 684
0 1239
1 4096
0 704
1 4096
1 4096
1 4096
0 1685
2 4096
1 4096
0 1050
0 1551
1 4096
0 506
1 4096
0 410
1 4096
1 4096
2 4096
0 837
2 4096
0 684
0 228
3 4096
0 246
0 734
0 620
2 4096
5 4096
3 4096
1 4096
2 4096
3 4096
1 4096
2 4096
0 2665
4 4096
2 4096
0 972
2 4096
2 4096
0 339
1 4096
0 405
0 2034
4 4096
0 1312
1 4096
0 220
0 240
0 155
2 4096
3 4096
0 477
3 4096
0 168
2 4096
3 4096
2 4096
0 295
3 4096
0 707
1 4096
1 4096
4 4096
3 4096
0 1870
0 1169
2 4096
2 4096
4 4096
1 4096
0 316
2 4096
1 4096
0 3295
0 594
4 4096
2 4096
2 4096
0 705
3 4096
2 4096
2 4096
0 1857
0 466
1 4096
0 1127
0 453
1 4096
1 4096
0 684
0 819
1 4096
0 2859
1 4096
0 3094
0 654
0 187
0 136
0 513
0 124
0 473
0 639
0 266
0 368
1 4096
0 500
0 322
0 261
0 396
1 4096
0 1028
0 459
2 4096
0 467
0 609
1 4096
0 2179
2 4096
0 341
2 4096
0 370
0 153
0 364
1 4096
0 886
2 4096
1 4096
1 4096
1 4096
3 4096
0 2837
3 4096
1 4096
2 4096
4 4096
0 372
2 4096
3 4096
1 4096
0 447
3 4096
3 4096
1 4096
1 4096
3 4096
2 4096
3 4096
0 677
2 4096
1 4096
1 4096
1 4096
0 364
2 4096
0 308
2 4096
1 4096
0 656
1 4096
0 206
0 2457
2 4096
0 707
0 277
0 538
0 62
0 756
5 4096
0 213
0 84
0 1025
2 4096
2 4096
1 4096
0 1991
2 4096
0 951
1 4096
1 4096
0 1233
0 2123
2 4096
1 4096
2 4096
0 1204
0 634
1 4096
1 4096
0 395
0 816
0 1655
3 4096
1 4096
2 4096
3 4096
2 4096
0 590
1 4096
2 4096
0 979
1 4096
2 4096
2 4096
0 359
1 4096
2 4096
0 448
0 423
1 4096
5 4096
0 1192
2 4096
0 736
3 4096
0 2747
2 4096
0 2760
0 417
0 153
2 4096
2 4096
1 4096
2 4096
2 4096
0 835
0 3088
0 481
3 4096
3 4096
0 169
0 1268
0 434
0 989
1 4096
0 772
1 4096
2 4096
3 4096
0 397
1 4096
3 4096
0 468
2 4096
1 4096
1 4096
0 1052
2 4096
1 4096
0 811
0 1504
0 879
2 4096
2 4096
1 4096
3 4096
1 4096
1 4096
1 4096
0 1039
3 4096
0 603
3 4096
2 4096
1 4096
0 537
1 4096
1 4096
3 4096
1 4096
2 4096
0 864
1 4096
1 4096
1 4096
0 1467
0 408
0 693
5 4096
1 4096
0 604
1 4096
2 4096
1 4096
2 4096
0 2355
1 4096
2 4096
1 4096
3 4096
1 4096
2 4096
0 3695
1 4096
1 4096
1 4096
1 4096
1 4096
0 590
1 4096
4 4096
0 520
0 1001
1 4096
0 3168
0 219
1 4096
1 4096
1 4096
0 769
0 810
0 216
1 4096
1 4096
0 340
3 4096
0 1069
2 4096
3 4096
0 716
1 4096
3 4096
0 379
0 1018
0 108
0 1064
0 976
2 4096
0 1542
1 4096
4 4096
1 4096
1 4096
0 615
0 703
1 4096
4 4096
0 374
1 4096
2 4096
0 511
0 488
1 4096
2 4096
1 4096
0 86
1 4096
2 4096
0 2240
1 4096
2 4096
2 4096
1 4096
2 4096
0 1213
1 4096
2 4096
2 4096
2 4096
0 418
0 740
0 142
2 4096
1 4096
0 563
0 1148
0 459
0 1782
2 4096
0 581
0 1052
1 4096
0 2326
1 4096
1 4096
0 667
4 4096
1 4096
2 4096
4 4096
1 4096
1 4096
3 4096
2 4096
1 4096
1 4096
0 846
0 869
1 4096
1 4096
4 4096
1 4096
0 810
0 1039
2 4096
1 4096
2 4096
4 4096
0 1158
1 4096
4 4096
1 4096
0 1384
1 4096
0 585
1 4096
1 4096
1 4096
4 4096
0 75
3 4096
2 4096
4 4096
3 4096
0 116
1 4096
2 4096
4 4096
1 4096
1 4096
0 1549
0 542
0 2205
2 4096
4 4096
3 4096
1 4096
1 4096
2 4096
2 4096
1 4096
3 4096
0 502
2 4096
5 4096
0 729
0 1237
1 4096
0 572
0 247
3 4096
0 133
1 4096
2 4096
2 4096
2 4096
0 536
0 1620
1 4096
5 4096
1 4096
2 4096
7 4096
1 4096
2 4096
1 4096
1 4096
2 4096
1 4096
1 4096
0 484
1 4096
0 1732
2 4096
0 174
1 4096
4 4096
2 4096
2 4096
0 713
2 4096
2 4096
0 1607
6 4096
0 1718
2 4096
2 4096
0 186
0 272
0 243
2 4096
2 4096
4 4096
1 4096
0 518
1 4096
2 4096
0 185
0 303
2 4096
1 4096
0 552
2 4096
0 286
0 376
1 4096
4 4096
0 122
0 1784
1 4096
0 3618
0 1340
0 343
1 4096
0 843
0 2670
3 4096
0 298
1 4096
3 4096
1 4096
2 4096
0 2464
1 4096
2 4096
1 4096
2 4096
0 365
2 4096
2 4096
0 862
1 4096
1 4096
1 4096
0 875
2 4096
3 4096
1 4096
2 4096
1 4096
1 4096
3 4096
0 1347
1 4096
1 4096
1 4096
1 4096
3 4096
1 4096
1 4096
1 4096
0 838
1 4096
0 1435
0 644
2 4096
1 4096
1 4096
3 4096
0 409
0 864
0 2043
2 4096
1 4096
0 1155
4 4096
1 4096
3 4096
0 1499
1 4096
2 4096
0 266
0 883
2 4096
0 774
0 145
0 919
0 131
0 100
2 4096
0 2581
1 4096
3 4096
1 4096
1 4096
0 268
1 4096
2 4096
1 4096
1 4096
3 4096
1 4096
0 1645
1 4096
2 4096
0 656
3 4096
3 4096
0 1165
3 4096
1 4096
2 4096
0 360
0 499
1 4096
0 176
1 4096
3 4096
1 4096
5 4096
1 4096
1 4096
0 837
1 4096
0 1151
0 1614
0 3007
1 4096
1 4096
0 644
1 4096
0 2753
0 2763
0 395
1 4096
0 978
2 4096
2 4096
1 4096
2 4096
0 662
1 4096
4 4096
1 4096
0 211
0 838
4 4096
1 4096
1 4096
1 4096
0 488
2 4096
0 925
0 300
0 384
5 4096
4 4096
4 4096
0 1448
0 510
1 4096
1 4096
0 1334
1 4096
0 775
0 635
1 4096
3 4096
2 4096
1 4096
0 603
0 825
0 549
0 460
0 319
2 4096
0 679
2 4096
1 4096
1 4096
0 680
0 420
0 1649
0 532
2 4096
1 4096
0 463
1 4096
1 4096
2 4096
0 1731
2 4096
1 4096
0 1395
1 4096
1 4096
0 596
1 4096
2 4096
0 213
0 313
0 590
1 4096
0 534
3 4096
3 4096
0 2358
2 4096
1 4096
1 4096
2 4096
1 4096
4 4096
0 341
1 4096
0 212
2 4096
3 4096
1 4096
2 4096
1 4096
0 1192
2 4096
0 642
0 1411
1 4096
0 388
0 722
2 4096
3 4096
3 4096
2 4096
0 1109
5 4096
1 4096
4 4096
0 1895
2 4096
0 317
3 4096
1 4096
3 4096
4 4096
1 4096
1 4096
3 4096
0 335
0 533
2 4096
2 4096
2 4096
0 1076
1 4096
2 4096
2 4096
0 419
0 676
1 4096
3 4096
3 4096
2 4096
1 4096
1 4096
1 4096
2 4096
0 1176
1 4096
0 73
3 4096
2 4096
1 4096
1 4096
0 411
1 4096
0 1604
0 233
2 4096
3 4096
0 120
1 4096
0 658
0 595
0 630
0 214
0 532
0 965
3 4096
1 4096
0 649
0 2031
4 4096
1 4096
0 615
2 4096
1 4096
1 4096
1 4096
0 295
6 4096
0 222
4 4096
0 285
0 921
1 4096
0 455
0 1130
0 1304
1 4096
1 4096
0 338
1 4096
1 4096
2 4096
0 508
0 306
1 4096
1 4096
