# SA for random K-SAT
# K = 4   N = 128   M = 1152   seed = 1254564403
# alpha = 9.000000   nIter = 512  Tmax = 0.200000
# 1:lowestUnsat  2:runTime
2 512
2 512
1 512
0 186
0 45
2 512
0 152
1 512
1 512
2 512
1 512
2 512
1 512
3 512
0 262
1 512
3 512
0 12
3 512
0 105
1 512
3 512
1 512
1 512
1 512
1 512
1 512
0 51
0 145
1 512
2 512
3 512
3 512
0 106
1 512
3 512
3 512
0 34
0 98
0 11
1 512
2 512
1 512
2 512
1 512
1 512
1 512
3 512
3 512
3 512
2 512
1 512
2 512
1 512
1 512
0 167
1 512
2 512
1 512
0 76
1 512
1 512
1 512
1 512
2 512
1 512
1 512
1 512
3 512
3 512
2 512
3 512
0 149
0 17
1 512
1 512
1 512
2 512
1 512
2 512
1 512
0 95
0 90
2 512
2 512
1 512
3 512
0 38
2 512
1 512
0 111
0 175
1 512
3 512
0 443
1 512
1 512
0 125
3 512
2 512
1 512
1 512
2 512
3 512
0 73
2 512
4 512
0 16
0 62
2 512
2 512
1 512
5 512
1 512
1 512
2 512
0 48
0 74
4 512
1 512
1 512
1 512
3 512
1 512
1 512
0 44
1 512
2 512
2 512
0 101
0 125
3 512
0 290
1 512
2 512
1 512
1 512
4 512
1 512
2 512
1 512
2 512
0 70
1 512
3 512
1 512
2 512
3 512
2 512
2 512
3 512
2 512
0 77
2 512
0 153
0 10
0 72
2 512
4 512
2 512
1 512
0 65
0 11
2 512
2 512
2 512
1 512
0 49
1 512
2 512
0 348
2 512
0 43
0 88
2 512
1 512
0 12
0 263
1 512
1 512
0 120
0 80
2 512
2 512
0 114
2 512
2 512
1 512
2 512
2 512
0 229
3 512
1 512
3 512
2 512
2 512
0 20
1 512
2 512
1 512
0 16
0 46
1 512
1 512
0 162
0 87
1 512
1 512
1 512
1 512
2 512
0 77
1 512
0 82
1 512
0 70
1 512
1 512
1 512
0 170
3 512
1 512
0 127
3 512
1 512
0 20
1 512
0 158
1 512
6 512
2 512
2 512
2 512
0 37
0 107
0 41
1 512
1 512
0 48
3 512
0 334
0 223
2 512
3 512
0 51
1 512
2 512
2 512
2 512
2 512
1 512
2 512
1 512
2 512
2 512
1 512
3 512
5 512
0 63
1 512
0 432
1 512
2 512
1 512
2 512
2 512
0 34
0 148
2 512
1 512
1 512
0 10
0 89
3 512
4 512
3 512
2 512
2 512
3 512
1 512
2 512
2 512
1 512
2 512
0 111
2 512
0 114
3 512
2 512
1 512
1 512
0 165
1 512
2 512
1 512
3 512
2 512
2 512
1 512
1 512
2 512
1 512
0 54
0 8
1 512
1 512
2 512
2 512
1 512
1 512
0 10
0 113
0 24
2 512
2 512
2 512
0 41
1 512
2 512
2 512
0 24
1 512
2 512
1 512
0 31
2 512
2 512
1 512
1 512
0 93
1 512
2 512
3 512
1 512
0 15
2 512
0 118
4 512
3 512
2 512
2 512
2 512
1 512
1 512
2 512
1 512
1 512
1 512
0 181
2 512
1 512
1 512
0 68
2 512
0 26
2 512
2 512
1 512
0 249
3 512
4 512
1 512
2 512
0 96
0 20
0 196
2 512
1 512
0 38
4 512
1 512
2 512
3 512
0 22
2 512
1 512
2 512
1 512
3 512
0 186
0 76
1 512
0 65
1 512
1 512
0 452
0 116
3 512
1 512
1 512
1 512
1 512
2 512
0 50
1 512
2 512
5 512
1 512
3 512
3 512
1 512
2 512
0 133
0 116
5 512
2 512
3 512
1 512
2 512
0 195
5 512
0 39
2 512
1 512
1 512
1 512
2 512
1 512
1 512
0 132
1 512
0 135
1 512
2 512
2 512
2 512
1 512
1 512
2 512
1 512
3 512
1 512
2 512
0 15
2 512
0 128
5 512
1 512
1 512
1 512
4 512
0 130
2 512
0 14
1 512
1 512
2 512
1 512
1 512
3 512
1 512
1 512
1 512
0 111
0 119
4 512
1 512
2 512
1 512
3 512
2 512
1 512
2 512
0 51
2 512
2 512
1 512
1 512
2 512
1 512
0 23
1 512
0 17
1 512
1 512
2 512
2 512
4 512
0 31
2 512
2 512
1 512
1 512
1 512
0 105
0 162
1 512
2 512
2 512
2 512
3 512
2 512
2 512
0 6
0 64
0 13
1 512
2 512
1 512
1 512
1 512
0 7
0 419
3 512
3 512
1 512
2 512
1 512
1 512
1 512
2 512
0 104
2 512
0 38
2 512
0 30
2 512
3 512
1 512
2 512
2 512
3 512
1 512
2 512
3 512
0 366
1 512
1 512
1 512
1 512
2 512
3 512
2 512
1 512
0 68
1 512
1 512
2 512
1 512
2 512
1 512
2 512
2 512
1 512
1 512
1 512
0 103
1 512
1 512
0 19
1 512
1 512
0 73
0 49
0 309
1 512
3 512
1 512
3 512
0 21
3 512
1 512
3 512
1 512
1 512
1 512
1 512
2 512
1 512
2 512
0 27
2 512
2 512
2 512
3 512
0 283
2 512
2 512
2 512
2 512
0 133
1 512
0 111
1 512
0 32
1 512
1 512
1 512
2 512
2 512
3 512
1 512
0 122
1 512
2 512
0 8
1 512
2 512
1 512
1 512
3 512
1 512
0 179
0 16
1 512
0 72
0 155
2 512
1 512
1 512
3 512
1 512
3 512
4 512
2 512
2 512
0 27
1 512
2 512
1 512
2 512
2 512
0 137
1 512
1 512
0 57
1 512
2 512
0 171
1 512
1 512
1 512
3 512
4 512
0 107
3 512
2 512
1 512
0 78
2 512
0 29
1 512
0 15
0 87
0 85
2 512
1 512
1 512
1 512
1 512
1 512
0 47
1 512
2 512
1 512
1 512
2 512
2 512
2 512
0 53
1 512
3 512
4 512
1 512
0 47
4 512
2 512
2 512
3 512
1 512
0 254
1 512
2 512
1 512
2 512
0 203
1 512
1 512
1 512
3 512
3 512
1 512
0 35
0 8
0 34
1 512
0 77
2 512
1 512
1 512
0 13
2 512
2 512
3 512
0 61
1 512
2 512
1 512
1 512
2 512
2 512
0 118
3 512
5 512
0 118
0 123
1 512
1 512
1 512
0 80
2 512
2 512
0 136
1 512
1 512
2 512
1 512
1 512
3 512
4 512
0 178
2 512
1 512
1 512
0 25
0 211
0 394
0 10
2 512
1 512
1 512
1 512
2 512
0 27
0 13
2 512
1 512
1 512
0 209
1 512
2 512
3 512
0 43
1 512
1 512
1 512
1 512
1 512
1 512
1 512
4 512
2 512
3 512
3 512
2 512
2 512
1 512
1 512
2 512
4 512
0 80
3 512
1 512
1 512
2 512
1 512
1 512
1 512
1 512
2 512
2 512
4 512
1 512
3 512
3 512
0 52
1 512
0 90
0 54
2 512
2 512
3 512
1 512
0 23
0 284
0 47
1 512
1 512
3 512
3 512
0 263
0 180
4 512
0 45
1 512
1 512
0 81
1 512
1 512
1 512
0 14
2 512
3 512
0 15
0 8
1 512
0 34
1 512
0 107
2 512
1 512
1 512
2 512
4 512
2 512
1 512
0 97
2 512
2 512
0 89
1 512
1 512
0 159
1 512
0 94
1 512
0 40
0 67
0 226
2 512
2 512
1 512
2 512
0 40
2 512
2 512
0 40
1 512
1 512
1 512
1 512
1 512
2 512
2 512
1 512
1 512
1 512
3 512
2 512
0 73
1 512
0 42
2 512
2 512
0 335
0 9
0 39
3 512
4 512
0 51
1 512
2 512
3 512
2 512
2 512
0 22
1 512
1 512
0 95
1 512
3 512
0 86
4 512
0 150
2 512
2 512
1 512
0 80
1 512
1 512
1 512
1 512
2 512
2 512
2 512
2 512
2 512
2 512
1 512
2 512
0 14
0 37
0 13
1 512
2 512
1 512
2 512
0 156
0 40
1 512
0 83
0 23
2 512
0 60
3 512
0 27
2 512
1 512
2 512
4 512
1 512
0 136
1 512
1 512
0 25
0 98
0 93
1 512
1 512
1 512
0 124
1 512
3 512
2 512
1 512
2 512
2 512
0 78
2 512
0 108
1 512
5 512
1 512
1 512
0 43
0 73
1 512
1 512
1 512
1 512
0 100
1 512
1 512
0 144
0 100
1 512
3 512
1 512
0 143
1 512
0 369
2 512
2 512
2 512
1 512
1 512
0 17
2 512
0 62
4 512
1 512
1 512
1 512
0 8
3 512
3 512
1 512
0 36
1 512
5 512
1 512
1 512
1 512
2 512
0 136
1 512
2 512
2 512
0 47
2 512
2 512
1 512
1 512
1 512
2 512
0 80
1 512
0 41
1 512
2 512
1 512
1 512
0 33
1 512
1 512
1 512
0 233
2 512
1 512
3 512
1 512
2 512
1 512
0 154
0 40
0 50
0 113
3 512
0 24
1 512
1 512
3 512
1 512
2 512
1 512
1 512
1 512
1 512
1 512
1 512
0 187
2 512
3 512
2 512
1 512
2 512
3 512
0 15
1 512
0 25
2 512
0 125
0 223
1 512
1 512
2 512
1 512
2 512
1 512
0 315
2 512
0 9
1 512
1 512
1 512
0 93
1 512
0 140
2 512
3 512
1 512
0 13
1 512
1 512
0 140
2 512
1 512
1 512
0 175
3 512
0 322
2 512
1 512
1 512
1 512
3 512
1 512
0 14
2 512
1 512
0 84
0 10
2 512
1 512
5 512
1 512
1 512
0 116
0 61
2 512
2 512
3 512
2 512
0 41
1 512
2 512
1 512
1 512
0 73
1 512
2 512
1 512
1 512
1 512
0 90
1 512
3 512
0 44
0 22
1 512
2 512
0 19
2 512
1 512
1 512
1 512
3 512
3 512
0 123
1 512
1 512
1 512
3 512
1 512
1 512
0 133
2 512
0 55
0 35
1 512
3 512
1 512
1 512
3 512
3 512
1 512
2 512
2 512
2 512
1 512
3 512
1 512
2 512
1 512
1 512
4 512
2 512
0 243
2 512
3 512
0 30
3 512
1 512
2 512
0 28
2 512
2 512
3 512
0 89
2 512
0 38
1 512
1 512
1 512
1 512
4 512
0 200
1 512
0 143
1 512
0 24
1 512
1 512
2 512
2 512
2 512
1 512
1 512
2 512
0 21
1 512
0 105
1 512
0 215
2 512
1 512
3 512
1 512
1 512
2 512
1 512
0 11
1 512
0 133
1 512
1 512
1 512
1 512
2 512
1 512
2 512
0 11
1 512
1 512
0 12
0 30
0 133
1 512
2 512
0 114
4 512
1 512
0 265
0 44
1 512
1 512
0 40
1 512
2 512
1 512
1 512
4 512
3 512
3 512
3 512
4 512
3 512
0 35
0 80
1 512
1 512
2 512
1 512
1 512
1 512
3 512
3 512
1 512
2 512
2 512
1 512
0 11
1 512
1 512
0 58
2 512
2 512
1 512
1 512
1 512
3 512
0 89
2 512
1 512
2 512
2 512
1 512
1 512
2 512
1 512
0 21
1 512
2 512
0 83
1 512
1 512
0 29
3 512
0 136
1 512
1 512
0 64
2 512
2 512
1 512
2 512
1 512
0 352
0 170
2 512
1 512
1 512
1 512
1 512
0 332
2 512
1 512
3 512
1 512
2 512
0 20
2 512
0 141
2 512
2 512
2 512
0 22
2 512
4 512
0 366
1 512
1 512
2 512
1 512
2 512
5 512
2 512
1 512
2 512
1 512
0 84
1 512
1 512
1 512
1 512
3 512
0 127
1 512
1 512
1 512
1 512
2 512
1 512
2 512
1 512
4 512
1 512
0 125
0 13
2 512
1 512
1 512
2 512
1 512
1 512
2 512
1 512
1 512
0 167
2 512
1 512
2 512
3 512
3 512
4 512
1 512
0 134
1 512
1 512
0 211
0 16
3 512
1 512
1 512
1 512
0 26
1 512
2 512
1 512
1 512
1 512
2 512
3 512
0 55
1 512
2 512
2 512
0 52
2 512
2 512
2 512
1 512
2 512
3 512
2 512
1 512
1 512
1 512
1 512
2 512
0 45
3 512
1 512
1 512
1 512
2 512
2 512
1 512
3 512
2 512
2 512
0 165
3 512
1 512
0 112
1 512
0 206
2 512
2 512
1 512
2 512
1 512
2 512
0 20
3 512
0 31
1 512
0 54
2 512
2 512
3 512
1 512
0 31
2 512
1 512
1 512
0 40
2 512
1 512
0 84
1 512
1 512
2 512
0 146
1 512
2 512
1 512
1 512
1 512
1 512
3 512
1 512
0 477
1 512
1 512
1 512
1 512
4 512
2 512
1 512
2 512
3 512
2 512
2 512
2 512
1 512
2 512
2 512
1 512
0 62
0 113
1 512
2 512
1 512
2 512
1 512
3 512
1 512
1 512
1 512
1 512
2 512
1 512
2 512
1 512
0 17
2 512
2 512
1 512
1 512
4 512
3 512
0 140
2 512
3 512
2 512
1 512
1 512
1 512
3 512
2 512
2 512
2 512
0 54
2 512
2 512
1 512
0 76
2 512
2 512
0 132
3 512
2 512
0 62
1 512
2 512
1 512
0 14
2 512
0 81
0 28
2 512
0 47
1 512
2 512
2 512
1 512
1 512
1 512
1 512
1 512
1 512
1 512
1 512
0 9
1 512
0 46
2 512
1 512
0 16
0 108
3 512
2 512
1 512
3 512
2 512
2 512
2 512
0 78
2 512
1 512
1 512
0 11
4 512
1 512
0 28
0 120
1 512
3 512
2 512
0 20
1 512
2 512
4 512
1 512
3 512
1 512
1 512
3 512
1 512
1 512
1 512
2 512
2 512
0 62
1 512
2 512
1 512
1 512
0 22
1 512
2 512
1 512
1 512
1 512
1 512
3 512
0 210
0 119
1 512
1 512
0 61
1 512
1 512
0 250
2 512
0 82
3 512
0 14
1 512
1 512
1 512
1 512
0 128
0 225
1 512
2 512
0 91
1 512
1 512
0 54
1 512
1 512
1 512
1 512
2 512
1 512
1 512
2 512
0 12
1 512
2 512
3 512
0 118
1 512
2 512
1 512
2 512
0 61
0 36
4 512
0 48
1 512
2 512
1 512
2 512
1 512
1 512
0 30
3 512
1 512
0 148
3 512
2 512
1 512
2 512
1 512
2 512
1 512
4 512
1 512
1 512
1 512
0 148
1 512
0 66
2 512
0 57
0 15
1 512
3 512
1 512
1 512
1 512
1 512
2 512
1 512
2 512
1 512
1 512
0 97
2 512
0 56
0 100
3 512
0 225
1 512
1 512
0 147
1 512
2 512
2 512
0 40
3 512
4 512
1 512
0 159
1 512
2 512
3 512
1 512
1 512
0 49
2 512
3 512
0 75
4 512
4 512
1 512
1 512
2 512
2 512
1 512
3 512
0 123
2 512
1 512
0 41
2 512
1 512
2 512
2 512
1 512
2 512
0 95
1 512
1 512
1 512
1 512
0 12
0 22
0 31
2 512
2 512
1 512
1 512
2 512
1 512
3 512
1 512
2 512
1 512
2 512
0 210
1 512
2 512
1 512
0 15
3 512
0 127
1 512
1 512
1 512
1 512
1 512
2 512
3 512
3 512
1 512
1 512
1 512
2 512
1 512
4 512
1 512
1 512
1 512
2 512
4 512
0 59
2 512
2 512
3 512
1 512
0 146
1 512
0 12
1 512
0 154
2 512
1 512
0 63
1 512
2 512
2 512
0 233
2 512
0 67
2 512
0 24
2 512
1 512
3 512
0 417
1 512
1 512
1 512
1 512
2 512
1 512
1 512
0 79
1 512
0 13
1 512
2 512
2 512
1 512
3 512
1 512
2 512
1 512
2 512
0 34
1 512
1 512
1 512
2 512
1 512
1 512
3 512
1 512
1 512
3 512
5 512
2 512
2 512
3 512
1 512
1 512
1 512
0 12
1 512
2 512
2 512
1 512
3 512
1 512
1 512
0 44
2 512
0 131
0 64
4 512
4 512
1 512
1 512
2 512
1 512
1 512
0 12
2 512
1 512
1 512
0 43
3 512
1 512
1 512
1 512
0 280
2 512
1 512
2 512
1 512
1 512
0 76
1 512
1 512
4 512
0 69
3 512
2 512
0 33
0 92
2 512
0 24
3 512
1 512
0 19
0 58
0 23
1 512
2 512
0 47
1 512
1 512
2 512
1 512
1 512
2 512
1 512
1 512
1 512
4 512
1 512
0 95
0 301
0 223
0 59
0 29
2 512
1 512
1 512
2 512
0 49
0 62
2 512
2 512
0 85
1 512
1 512
2 512
4 512
0 46
1 512
2 512
0 91
0 82
1 512
3 512
1 512
4 512
2 512
1 512
2 512
0 74
1 512
1 512
2 512
1 512
1 512
1 512
0 28
0 77
1 512
1 512
1 512
1 512
0 42
2 512
4 512
1 512
1 512
0 148
2 512
3 512
1 512
2 512
2 512
1 512
3 512
0 200
2 512
2 512
1 512
1 512
1 512
2 512
1 512
0 99
3 512
3 512
2 512
2 512
1 512
0 62
0 110
1 512
0 56
2 512
2 512
0 90
2 512
2 512
2 512
0 241
2 512
0 135
0 85
2 512
3 512
1 512
2 512
2 512
0 40
1 512
1 512
2 512
0 75
3 512
3 512
1 512
0 68
0 9
3 512
2 512
1 512
0 65
2 512
2 512
0 119
2 512
1 512
2 512
2 512
2 512
2 512
2 512
3 512
1 512
2 512
0 33
1 512
0 207
0 84
1 512
1 512
1 512
1 512
1 512
3 512
1 512
4 512
0 52
1 512
1 512
1 512
1 512
1 512
0 44
1 512
3 512
0 69
3 512
6 512
0 31
2 512
3 512
1 512
2 512
1 512
1 512
1 512
1 512
1 512
2 512
0 80
1 512
2 512
2 512
0 96
1 512
0 69
0 158
0 70
0 26
2 512
0 101
3 512
1 512
3 512
1 512
0 84
1 512
3 512
5 512
1 512
0 152
2 512
2 512
1 512
1 512
1 512
0 90
0 244
1 512
0 66
3 512
2 512
0 73
1 512
2 512
3 512
2 512
1 512
1 512
3 512
2 512
4 512
1 512
0 91
2 512
1 512
0 304
0 84
2 512
1 512
4 512
0 130
0 183
1 512
4 512
0 183
4 512
0 43
1 512
1 512
2 512
2 512
0 89
2 512
1 512
1 512
1 512
0 112
1 512
2 512
0 17
0 143
3 512
2 512
1 512
1 512
2 512
2 512
1 512
2 512
1 512
1 512
0 112
2 512
2 512
0 99
0 457
0 218
2 512
2 512
1 512
0 75
0 47
2 512
3 512
1 512
1 512
2 512
0 138
1 512
2 512
2 512
1 512
1 512
1 512
0 46
1 512
2 512
4 512
0 19
1 512
4 512
2 512
2 512
0 467
1 512
0 43
3 512
0 90
3 512
3 512
3 512
3 512
1 512
4 512
1 512
2 512
2 512
2 512
1 512
1 512
1 512
0 30
3 512
0 135
1 512
2 512
0 140
1 512
0 89
1 512
2 512
1 512
1 512
0 20
0 41
0 78
0 56
2 512
2 512
0 73
1 512
1 512
0 112
1 512
3 512
2 512
1 512
0 74
1 512
0 45
1 512
0 80
1 512
0 16
2 512
0 16
1 512
1 512
2 512
1 512
2 512
3 512
4 512
2 512
1 512
1 512
2 512
0 22
1 512
0 337
0 187
1 512
2 512
1 512
3 512
1 512
0 14
1 512
1 512
1 512
1 512
2 512
0 27
2 512
2 512
3 512
0 255
0 137
2 512
3 512
2 512
1 512
0 21
3 512
0 90
1 512
2 512
3 512
2 512
2 512
2 512
2 512
1 512
0 123
0 47
2 512
1 512
2 512
1 512
1 512
1 512
1 512
1 512
0 59
1 512
2 512
0 43
1 512
0 15
2 512
2 512
3 512
3 512
0 54
3 512
3 512
1 512
2 512
1 512
1 512
0 81
1 512
2 512
2 512
0 20
3 512
1 512
5 512
2 512
0 141
1 512
1 512
1 512
1 512
1 512
4 512
1 512
2 512
0 16
1 512
0 84
0 38
1 512
1 512
0 11
2 512
1 512
0 12
1 512
2 512
2 512
1 512
2 512
1 512
1 512
2 512
3 512
1 512
0 14
0 68
0 130
2 512
3 512
3 512
3 512
2 512
0 41
1 512
0 30
3 512
2 512
3 512
1 512
1 512
2 512
0 44
0 33
0 19
1 512
2 512
3 512
1 512
4 512
2 512
1 512
1 512
1 512
0 37
3 512
0 413
1 512
4 512
0 73
5 512
2 512
1 512
3 512
5 512
1 512
1 512
1 512
1 512
1 512
0 132
2 512
3 512
3 512
1 512
0 50
0 94
2 512
0 34
1 512
0 46
1 512
2 512
1 512
2 512
2 512
1 512
3 512
1 512
0 81
0 305
1 512
1 512
1 512
1 512
0 54
2 512
1 512
1 512
2 512
0 67
2 512
3 512
2 512
1 512
3 512
2 512
1 512
3 512
2 512
2 512
2 512
1 512
1 512
0 66
3 512
1 512
1 512
3 512
1 512
2 512
1 512
0 67
2 512
1 512
3 512
0 133
2 512
1 512
1 512
0 24
1 512
1 512
0 34
1 512
3 512
0 39
0 30
1 512
1 512
0 36
2 512
1 512
0 181
2 512
0 114
3 512
0 83
0 10
0 9
0 7
3 512
1 512
0 92
0 9
1 512
2 512
1 512
1 512
0 69
1 512
1 512
2 512
0 22
1 512
2 512
1 512
3 512
0 8
2 512
1 512
1 512
0 57
2 512
0 32
0 260
3 512
0 9
1 512
2 512
2 512
1 512
2 512
1 512
1 512
2 512
2 512
2 512
0 26
0 182
0 73
2 512
1 512
4 512
1 512
1 512
1 512
0 256
2 512
1 512
1 512
4 512
0 61
0 111
0 29
1 512
2 512
1 512
2 512
1 512
1 512
0 86
0 83
1 512
2 512
2 512
2 512
2 512
1 512
1 512
0 179
3 512
1 512
0 9
2 512
3 512
0 89
1 512
1 512
1 512
0 31
1 512
2 512
0 44
1 512
1 512
2 512
1 512
1 512
0 20
2 512
0 98
1 512
1 512
0 36
4 512
0 64
0 283
0 59
0 54
0 82
1 512
0 13
2 512
2 512
1 512
1 512
0 35
2 512
2 512
3 512
1 512
0 61
2 512
1 512
2 512
1 512
0 52
0 149
3 512
2 512
2 512
1 512
0 16
3 512
0 38
3 512
1 512
0 321
1 512
1 512
1 512
1 512
0 21
1 512
1 512
0 266
0 130
0 224
1 512
1 512
3 512
1 512
1 512
0 63
0 93
1 512
2 512
0 61
2 512
0 98
1 512
2 512
2 512
0 94
2 512
1 512
1 512
1 512
1 512
2 512
0 132
2 512
1 512
0 39
0 112
1 512
1 512
1 512
1 512
1 512
4 512
1 512
2 512
5 512
0 105
1 512
0 6
2 512
5 512
0 38
0 31
2 512
0 85
1 512
1 512
1 512
0 114
1 512
0 17
1 512
1 512
2 512
1 512
1 512
0 39
1 512
4 512
1 512
0 54
2 512
2 512
0 76
1 512
2 512
1 512
0 17
0 70
0 30
2 512
0 264
0 41
0 68
2 512
1 512
1 512
0 25
1 512
2 512
3 512
1 512
0 76
0 96
0 447
0 15
0 156
1 512
1 512
2 512
1 512
2 512
0 106
1 512
2 512
2 512
1 512
1 512
1 512
2 512
4 512
0 261
0 67
0 30
4 512
1 512
0 63
3 512
1 512
2 512
1 512
3 512
1 512
1 512
4 512
0 69
0 94
1 512
0 239
0 22
0 137
1 512
1 512
0 133
1 512
0 66
1 512
0 27
0 129
2 512
0 153
1 512
1 512
1 512
2 512
1 512
0 33
3 512
0 94
3 512
2 512
0 109
2 512
1 512
1 512
1 512
0 12
1 512
1 512
1 512
1 512
0 40
2 512
1 512
0 33
3 512
2 512
1 512
0 36
2 512
1 512
1 512
1 512
5 512
1 512
0 109
0 131
1 512
2 512
3 512
1 512
2 512
0 183
0 74
2 512
4 512
4 512
0 92
1 512
3 512
1 512
2 512
1 512
1 512
2 512
3 512
1 512
2 512
0 35
2 512
0 27
3 512
4 512
0 198
2 512
0 68
2 512
0 19
3 512
3 512
1 512
0 190
0 363
2 512
2 512
1 512
0 177
0 18
0 31
3 512
1 512
1 512
2 512
3 512
3 512
2 512
0 50
1 512
0 68
1 512
1 512
3 512
0 29
0 17
0 90
1 512
0 50
3 512
1 512
3 512
3 512
2 512
1 512
3 512
1 512
0 14
2 512
3 512
2 512
0 70
4 512
1 512
2 512
2 512
2 512
1 512
2 512
2 512
1 512
1 512
3 512
1 512
2 512
1 512
2 512
0 68
2 512
1 512
3 512
1 512
0 14
1 512
1 512
1 512
0 181
1 512
1 512
0 279
0 95
1 512
0 158
4 512
3 512
0 98
0 40
2 512
3 512
0 24
1 512
1 512
1 512
1 512
2 512
1 512
1 512
1 512
0 66
1 512
2 512
2 512
1 512
0 151
2 512
1 512
2 512
2 512
2 512
1 512
0 44
1 512
0 96
2 512
2 512
0 48
0 169
1 512
1 512
3 512
2 512
1 512
3 512
1 512
0 122
0 63
0 153
0 45
0 201
2 512
1 512
2 512
0 56
3 512
2 512
1 512
4 512
1 512
3 512
4 512
0 41
3 512
0 131
2 512
2 512
0 55
0 35
0 307
3 512
3 512
0 27
4 512
2 512
3 512
1 512
2 512
1 512
1 512
2 512
2 512
3 512
0 64
0 29
2 512
1 512
1 512
1 512
3 512
1 512
1 512
0 22
1 512
3 512
1 512
0 34
0 16
0 135
3 512
0 89
0 145
1 512
3 512
3 512
2 512
1 512
0 57
2 512
1 512
1 512
2 512
2 512
2 512
2 512
0 9
1 512
0 16
0 46
2 512
3 512
2 512
1 512
1 512
1 512
0 58
0 43
2 512
1 512
0 115
2 512
3 512
2 512
0 180
3 512
5 512
2 512
1 512
1 512
0 100
0 95
1 512
0 27
2 512
1 512
2 512
2 512
1 512
1 512
1 512
1 512
0 188
2 512
0 32
0 119
1 512
0 197
1 512
4 512
1 512
0 46
1 512
1 512
1 512
1 512
1 512
0 53
1 512
1 512
1 512
2 512
0 33
1 512
1 512
3 512
1 512
2 512
5 512
0 167
2 512
4 512
1 512
1 512
1 512
1 512
1 512
2 512
1 512
3 512
1 512
0 124
2 512
0 305
1 512
1 512
4 512
1 512
3 512
0 11
2 512
1 512
0 29
2 512
1 512
2 512
1 512
4 512
1 512
0 9
4 512
1 512
1 512
2 512
1 512
1 512
2 512
1 512
1 512
3 512
0 39
1 512
0 99
1 512
4 512
2 512
1 512
1 512
3 512
3 512
1 512
1 512
3 512
2 512
2 512
2 512
1 512
1 512
0 28
1 512
0 125
2 512
3 512
1 512
0 52
2 512
3 512
0 174
1 512
1 512
1 512
3 512
4 512
2 512
1 512
1 512
1 512
1 512
2 512
1 512
4 512
0 14
2 512
1 512
1 512
1 512
1 512
1 512
3 512
1 512
2 512
1 512
0 39
1 512
1 512
1 512
1 512
1 512
0 13
0 34
2 512
3 512
2 512
1 512
1 512
3 512
0 136
1 512
3 512
0 142
3 512
0 84
0 66
1 512
1 512
2 512
1 512
1 512
1 512
1 512
1 512
1 512
0 128
1 512
0 8
1 512
0 11
0 26
2 512
1 512
3 512
0 25
0 12
0 187
1 512
0 17
3 512
1 512
0 222
2 512
1 512
1 512
3 512
2 512
1 512
3 512
1 512
1 512
0 61
1 512
1 512
1 512
2 512
1 512
1 512
1 512
1 512
2 512
3 512
2 512
1 512
5 512
2 512
3 512
2 512
2 512
1 512
1 512
5 512
3 512
3 512
1 512
1 512
2 512
1 512
2 512
1 512
0 61
1 512
1 512
2 512
3 512
0 44
2 512
0 19
3 512
1 512
0 69
0 70
3 512
1 512
1 512
0 56
2 512
0 22
2 512
4 512
1 512
4 512
1 512
2 512
1 512
2 512
1 512
3 512
1 512
1 512
0 430
0 26
3 512
2 512
1 512
1 512
1 512
0 184
2 512
1 512
1 512
1 512
0 105
0 18
1 512
3 512
2 512
0 7
4 512
2 512
2 512
0 164
2 512
1 512
0 20
2 512
1 512
2 512
0 37
0 150
1 512
2 512
1 512
2 512
3 512
0 26
5 512
3 512
1 512
3 512
1 512
2 512
2 512
1 512
2 512
1 512
2 512
1 512
1 512
3 512
3 512
2 512
3 512
1 512
3 512
3 512
0 10
2 512
0 33
2 512
3 512
2 512
2 512
1 512
4 512
2 512
1 512
1 512
2 512
1 512
1 512
1 512
0 136
2 512
2 512
0 262
0 59
1 512
0 89
1 512
1 512
2 512
2 512
2 512
1 512
1 512
1 512
2 512
1 512
1 512
2 512
1 512
2 512
3 512
2 512
2 512
1 512
0 38
2 512
0 61
1 512
1 512
0 29
0 47
1 512
2 512
2 512
2 512
2 512
0 30
2 512
1 512
0 9
1 512
0 133
3 512
3 512
2 512
3 512
1 512
2 512
1 512
0 124
2 512
1 512
0 37
0 107
3 512
1 512
2 512
4 512
0 34
3 512
0 16
0 211
2 512
0 61
0 412
2 512
2 512
2 512
1 512
1 512
4 512
3 512
1 512
0 48
0 246
1 512
0 126
1 512
1 512
1 512
2 512
1 512
1 512
1 512
0 226
0 68
1 512
0 186
1 512
1 512
5 512
1 512
5 512
2 512
2 512
4 512
1 512
2 512
0 71
3 512
0 51
1 512
0 69
1 512
1 512
0 145
1 512
1 512
2 512
0 44
1 512
2 512
1 512
4 512
3 512
1 512
0 56
2 512
2 512
0 38
0 237
1 512
3 512
2 512
2 512
0 231
1 512
1 512
0 194
0 18
1 512
2 512
0 26
1 512
1 512
3 512
0 43
2 512
0 21
1 512
0 89
0 80
1 512
0 368
3 512
1 512
0 109
1 512
0 147
1 512
2 512
0 222
1 512
3 512
2 512
1 512
1 512
0 80
0 180
1 512
1 512
0 15
3 512
0 74
0 154
2 512
2 512
0 135
1 512
0 24
0 25
3 512
0 56
0 51
0 180
3 512
0 40
0 37
2 512
1 512
2 512
2 512
1 512
2 512
1 512
2 512
1 512
2 512
0 35
1 512
0 89
0 9
5 512
2 512
1 512
0 37
1 512
1 512
2 512
1 512
1 512
1 512
1 512
3 512
3 512
1 512
1 512
3 512
2 512
2 512
1 512
2 512
1 512
3 512
1 512
1 512
2 512
1 512
2 512
1 512
3 512
0 58
2 512
2 512
1 512
1 512
2 512
2 512
5 512
0 44
1 512
3 512
0 90
0 249
2 512
2 512
3 512
0 149
0 408
1 512
0 19
1 512
2 512
0 32
2 512
1 512
1 512
3 512
3 512
2 512
4 512
4 512
2 512
1 512
0 30
1 512
1 512
1 512
1 512
0 118
0 33
1 512
1 512
3 512
1 512
0 13
3 512
1 512
2 512
1 512
0 27
2 512
1 512
1 512
1 512
0 201
2 512
2 512
1 512
3 512
1 512
1 512
1 512
1 512
1 512
1 512
0 29
1 512
0 25
2 512
2 512
3 512
0 26
1 512
2 512
4 512
1 512
2 512
5 512
1 512
2 512
0 189
2 512
2 512
0 125
1 512
0 20
0 78
0 426
3 512
1 512
1 512
1 512
1 512
3 512
1 512
0 19
1 512
1 512
0 23
2 512
5 512
2 512
3 512
1 512
0 15
2 512
1 512
3 512
0 50
2 512
0 9
2 512
2 512
1 512
0 28
2 512
0 5
2 512
2 512
4 512
1 512
4 512
4 512
1 512
0 25
1 512
1 512
1 512
0 8
1 512
1 512
0 26
0 107
1 512
2 512
0 13
0 107
2 512
1 512
1 512
1 512
2 512
2 512
2 512
2 512
1 512
2 512
2 512
2 512
4 512
0 132
1 512
1 512
0 191
1 512
5 512
3 512
0 13
3 512
2 512
1 512
0 238
2 512
1 512
1 512
0 19
1 512
2 512
0 81
2 512
0 168
1 512
1 512
2 512
5 512
4 512
1 512
1 512
1 512
1 512
1 512
0 59
2 512
2 512
0 41
2 512
2 512
1 512
2 512
2 512
1 512
1 512
1 512
3 512
2 512
1 512
0 117
2 512
1 512
2 512
0 75
1 512
0 143
0 95
1 512
0 84
1 512
2 512
1 512
0 44
1 512
1 512
2 512
2 512
2 512
1 512
0 24
2 512
2 512
1 512
2 512
2 512
3 512
3 512
3 512
4 512
2 512
2 512
3 512
0 61
1 512
1 512
2 512
0 31
3 512
2 512
3 512
1 512
2 512
1 512
2 512
3 512
0 131
2 512
0 50
2 512
2 512
0 125
1 512
1 512
2 512
1 512
0 8
2 512
1 512
2 512
1 512
2 512
1 512
3 512
1 512
1 512
2 512
0 119
0 37
2 512
2 512
1 512
1 512
0 13
2 512
0 26
0 128
3 512
2 512
1 512
1 512
1 512
1 512
5 512
0 22
2 512
1 512
1 512
1 512
1 512
1 512
2 512
1 512
1 512
4 512
1 512
1 512
2 512
1 512
2 512
0 113
3 512
1 512
4 512
2 512
1 512
1 512
0 6
1 512
1 512
1 512
1 512
1 512
1 512
0 138
2 512
2 512
0 60
1 512
1 512
1 512
1 512
0 23
2 512
1 512
1 512
2 512
1 512
2 512
1 512
3 512
2 512
0 96
1 512
1 512
2 512
0 385
1 512
1 512
0 217
3 512
1 512
2 512
1 512
2 512
1 512
1 512
2 512
1 512
2 512
1 512
2 512
1 512
2 512
1 512
2 512
1 512
0 246
1 512
2 512
0 266
2 512
1 512
0 46
0 23
1 512
3 512
3 512
0 22
2 512
2 512
3 512
3 512
4 512
1 512
0 35
1 512
1 512
2 512
3 512
1 512
0 159
1 512
1 512
0 11
1 512
1 512
0 196
3 512
0 53
0 138
1 512
3 512
0 15
1 512
1 512
1 512
0 65
1 512
1 512
1 512
1 512
0 19
2 512
2 512
2 512
2 512
1 512
0 247
3 512
1 512
1 512
0 34
2 512
3 512
3 512
1 512
3 512
0 19
1 512
1 512
1 512
3 512
2 512
2 512
1 512
2 512
1 512
1 512
3 512
2 512
1 512
0 86
0 35
1 512
1 512
3 512
2 512
1 512
0 150
1 512
0 259
3 512
2 512
4 512
1 512
2 512
3 512
1 512
1 512
1 512
0 56
1 512
1 512
1 512
3 512
0 36
1 512
2 512
0 57
2 512
1 512
1 512
2 512
3 512
2 512
1 512
1 512
0 264
0 61
2 512
2 512
2 512
0 68
0 36
0 95
1 512
3 512
1 512
1 512
1 512
0 93
1 512
1 512
0 13
1 512
3 512
1 512
1 512
0 30
3 512
0 6
4 512
0 94
0 92
2 512
2 512
1 512
1 512
2 512
1 512
0 146
3 512
0 97
2 512
2 512
3 512
2 512
0 199
2 512
0 12
4 512
5 512
0 14
2 512
1 512
1 512
1 512
2 512
0 23
3 512
3 512
0 75
1 512
2 512
0 35
1 512
1 512
1 512
3 512
2 512
1 512
1 512
0 27
1 512
1 512
0 62
0 35
1 512
0 70
1 512
1 512
3 512
2 512
3 512
1 512
1 512
0 60
0 102
1 512
3 512
0 56
1 512
1 512
0 94
3 512
2 512
2 512
1 512
1 512
2 512
2 512
1 512
0 54
2 512
1 512
1 512
1 512
0 65
0 33
0 40
0 65
2 512
0 142
0 19
0 37
1 512
1 512
2 512
1 512
1 512
0 9
1 512
3 512
0 26
3 512
3 512
1 512
0 106
1 512
0 168
1 512
1 512
1 512
1 512
2 512
1 512
3 512
3 512
2 512
1 512
4 512
0 48
4 512
2 512
2 512
0 202
1 512
2 512
3 512
3 512
1 512
4 512
0 38
1 512
1 512
0 80
0 147
2 512
0 15
2 512
2 512
1 512
2 512
1 512
3 512
3 512
4 512
2 512
0 200
2 512
2 512
0 42
2 512
1 512
1 512
1 512
0 20
3 512
4 512
1 512
0 176
0 98
1 512
1 512
0 60
1 512
1 512
2 512
2 512
3 512
3 512
1 512
1 512
2 512
0 54
2 512
1 512
2 512
0 103
0 110
1 512
2 512
1 512
2 512
3 512
1 512
3 512
1 512
1 512
2 512
1 512
1 512
4 512
2 512
2 512
0 27
0 105
5 512
2 512
2 512
1 512
1 512
3 512
1 512
2 512
3 512
0 68
2 512
0 93
0 151
1 512
2 512
2 512
2 512
1 512
0 33
3 512
4 512
1 512
0 106
2 512
1 512
2 512
1 512
0 31
0 31
0 131
0 89
1 512
3 512
3 512
1 512
2 512
0 41
3 512
1 512
1 512
1 512
0 18
3 512
3 512
0 223
0 97
3 512
1 512
1 512
0 25
0 264
1 512
1 512
0 267
0 29
2 512
3 512
0 31
0 110
2 512
0 79
1 512
2 512
0 43
2 512
4 512
1 512
0 27
2 512
1 512
1 512
0 90
0 10
0 56
1 512
3 512
2 512
0 160
0 46
0 12
1 512
4 512
0 16
1 512
0 325
1 512
4 512
2 512
2 512
1 512
2 512
1 512
2 512
4 512
1 512
3 512
0 63
1 512
1 512
2 512
1 512
1 512
3 512
0 12
1 512
2 512
1 512
3 512
2 512
1 512
1 512
2 512
1 512
0 118
2 512
3 512
0 60
2 512
1 512
0 22
0 31
0 34
0 68
1 512
1 512
1 512
1 512
2 512
1 512
0 89
1 512
1 512
2 512
3 512
2 512
2 512
1 512
0 49
1 512
0 30
0 54
0 100
1 512
3 512
1 512
3 512
0 53
0 52
2 512
4 512
1 512
3 512
1 512
0 141
0 12
1 512
3 512
2 512
2 512
0 66
3 512
2 512
1 512
0 113
3 512
0 48
3 512
0 368
2 512
1 512
2 512
1 512
1 512
1 512
2 512
1 512
1 512
1 512
0 34
2 512
2 512
0 297
1 512
2 512
0 106
0 18
1 512
4 512
3 512
4 512
3 512
1 512
1 512
0 38
1 512
2 512
3 512
0 190
1 512
2 512
1 512
0 80
3 512
1 512
0 50
3 512
0 32
1 512
2 512
1 512
0 93
3 512
1 512
1 512
0 10
1 512
1 512
1 512
0 160
2 512
2 512
0 350
1 512
2 512
2 512
1 512
1 512
3 512
1 512
0 37
1 512
4 512
3 512
0 35
2 512
1 512
2 512
1 512
0 41
0 100
1 512
0 22
0 100
2 512
1 512
0 43
1 512
1 512
1 512
0 188
0 48
1 512
1 512
1 512
1 512
1 512
1 512
2 512
1 512
1 512
2 512
0 143
1 512
0 34
0 41
1 512
5 512
1 512
2 512
1 512
0 52
2 512
1 512
2 512
3 512
2 512
1 512
2 512
4 512
1 512
1 512
0 17
1 512
2 512
1 512
0 152
0 52
0 14
2 512
1 512
2 512
1 512
1 512
3 512
1 512
1 512
2 512
3 512
1 512
0 60
1 512
5 512
0 25
0 7
1 512
1 512
0 81
2 512
2 512
0 186
0 10
1 512
1 512
3 512
2 512
3 512
1 512
3 512
2 512
4 512
2 512
0 225
3 512
1 512
2 512
1 512
1 512
2 512
3 512
1 512
1 512
1 512
3 512
1 512
2 512
0 105
2 512
2 512
1 512
3 512
1 512
2 512
0 13
2 512
2 512
1 512
2 512
3 512
0 90
0 106
0 151
2 512
1 512
2 512
0 19
2 512
2 512
1 512
1 512
1 512
1 512
1 512
2 512
0 29
0 165
0 28
0 73
0 12
3 512
0 73
1 512
2 512
0 44
1 512
1 512
1 512
0 24
3 512
0 33
1 512
3 512
0 99
2 512
0 49
1 512
1 512
2 512
2 512
2 512
2 512
1 512
2 512
0 135
3 512
3 512
0 96
0 55
3 512
2 512
0 30
2 512
2 512
5 512
0 84
3 512
1 512
1 512
1 512
1 512
2 512
0 106
2 512
1 512
3 512
1 512
2 512
2 512
3 512
4 512
1 512
2 512
1 512
3 512
0 14
0 77
0 36
3 512
0 108
1 512
1 512
2 512
1 512
2 512
1 512
4 512
3 512
1 512
0 21
0 129
2 512
1 512
1 512
0 30
2 512
1 512
0 26
3 512
1 512
1 512
1 512
0 64
0 51
2 512
0 363
1 512
1 512
0 12
1 512
3 512
1 512
1 512
0 26
1 512
1 512
1 512
2 512
5 512
1 512
4 512
1 512
2 512
1 512
3 512
2 512
1 512
1 512
1 512
0 227
1 512
2 512
3 512
2 512
1 512
2 512
1 512
1 512
0 66
1 512
0 173
1 512
3 512
0 142
1 512
0 100
4 512
3 512
0 15
2 512
1 512
0 13
3 512
0 175
2 512
0 16
3 512
0 58
1 512
0 314
1 512
0 137
1 512
2 512
1 512
2 512
2 512
1 512
1 512
2 512
0 95
1 512
0 60
1 512
0 109
2 512
1 512
0 69
2 512
1 512
2 512
0 96
0 24
1 512
0 85
2 512
3 512
3 512
1 512
3 512
1 512
0 38
1 512
2 512
4 512
0 106
0 422
2 512
1 512
2 512
0 22
1 512
2 512
0 48
1 512
1 512
0 42
2 512
1 512
2 512
2 512
1 512
2 512
2 512
0 114
2 512
0 62
0 53
2 512
1 512
1 512
2 512
0 68
0 413
2 512
0 105
1 512
0 203
2 512
1 512
2 512
2 512
2 512
3 512
0 34
2 512
2 512
3 512
1 512
1 512
2 512
0 5
0 151
0 40
4 512
0 88
4 512
1 512
0 20
1 512
3 512
3 512
3 512
1 512
0 149
4 512
0 12
0 44
1 512
1 512
1 512
2 512
1 512
0 182
1 512
0 11
1 512
1 512
3 512
3 512
1 512
2 512
1 512
3 512
0 8
1 512
1 512
0 19
3 512
2 512
2 512
1 512
0 62
2 512
3 512
1 512
2 512
2 512
0 30
3 512
3 512
1 512
1 512
3 512
2 512
1 512
2 512
3 512
2 512
2 512
0 43
2 512
3 512
0 29
0 51
2 512
1 512
1 512
2 512
1 512
1 512
0 15
1 512
0 55
2 512
2 512
1 512
2 512
1 512
1 512
0 26
5 512
1 512
0 384
0 103
1 512
1 512
1 512
3 512
1 512
0 140
1 512
0 188
2 512
1 512
1 512
1 512
2 512
2 512
0 22
1 512
4 512
0 26
0 126
1 512
1 512
1 512
4 512
0 270
0 31
1 512
2 512
5 512
1 512
0 72
2 512
1 512
2 512
3 512
3 512
1 512
1 512
4 512
1 512
4 512
0 72
2 512
2 512
2 512
1 512
5 512
1 512
1 512
2 512
0 72
3 512
1 512
1 512
1 512
0 40
3 512
3 512
2 512
1 512
0 280
1 512
1 512
2 512
2 512
1 512
2 512
1 512
3 512
2 512
0 11
1 512
2 512
0 9
5 512
2 512
2 512
1 512
0 13
1 512
1 512
0 33
3 512
1 512
1 512
1 512
1 512
1 512
1 512
1 512
1 512
1 512
0 453
1 512
1 512
2 512
0 165
0 78
2 512
2 512
3 512
4 512
1 512
0 79
2 512
1 512
0 17
2 512
5 512
2 512
3 512
4 512
1 512
0 33
1 512
1 512
2 512
2 512
0 26
1 512
1 512
0 37
3 512
0 18
0 63
1 512
4 512
4 512
4 512
1 512
1 512
2 512
3 512
2 512
1 512
1 512
1 512
1 512
1 512
2 512
2 512
0 182
1 512
2 512
4 512
2 512
0 49
0 77
2 512
1 512
4 512
1 512
2 512
3 512
3 512
3 512
2 512
2 512
0 38
1 512
2 512
1 512
2 512
0 34
3 512
0 90
0 92
1 512
2 512
4 512
3 512
1 512
1 512
1 512
1 512
1 512
0 8
0 46
2 512
3 512
1 512
1 512
2 512
0 236
1 512
3 512
1 512
1 512
0 139
2 512
1 512
0 51
2 512
0 37
1 512
1 512
2 512
2 512
0 205
2 512
0 66
1 512
0 27
0 48
0 40
2 512
2 512
1 512
2 512
1 512
2 512
2 512
0 45
3 512
0 44
0 110
1 512
0 427
1 512
2 512
2 512
0 137
2 512
1 512
4 512
1 512
2 512
2 512
1 512
1 512
0 115
0 34
0 106
1 512
0 46
0 97
1 512
1 512
4 512
3 512
2 512
1 512
1 512
1 512
3 512
2 512
1 512
2 512
3 512
1 512
0 7
5 512
1 512
0 173
1 512
1 512
1 512
1 512
2 512
2 512
1 512
0 310
2 512
1 512
1 512
1 512
2 512
0 17
0 17
1 512
1 512
2 512
0 11
3 512
2 512
1 512
1 512
0 13
1 512
0 116
0 19
4 512
0 36
3 512
0 24
2 512
1 512
0 85
1 512
3 512
0 94
2 512
1 512
1 512
0 52
2 512
1 512
0 44
2 512
2 512
1 512
2 512
1 512
2 512
0 66
2 512
0 100
1 512
0 34
3 512
6 512
2 512
2 512
0 118
1 512
1 512
2 512
1 512
3 512
3 512
2 512
1 512
2 512
1 512
1 512
1 512
0 38
0 134
2 512
1 512
1 512
2 512
3 512
1 512
3 512
1 512
1 512
2 512
1 512
1 512
1 512
0 52
0 44
1 512
2 512
0 41
2 512
2 512
3 512
3 512
4 512
0 17
4 512
2 512
1 512
2 512
4 512
1 512
1 512
2 512
0 31
2 512
2 512
1 512
1 512
2 512
1 512
1 512
2 512
1 512
2 512
0 33
0 60
2 512
2 512
1 512
3 512
0 34
0 432
2 512
0 20
3 512
2 512
2 512
1 512
2 512
2 512
1 512
1 512
1 512
2 512
2 512
1 512
0 207
1 512
3 512
1 512
2 512
1 512
2 512
0 61
0 18
5 512
1 512
2 512
1 512
3 512
2 512
0 175
1 512
0 45
1 512
3 512
1 512
4 512
0 13
1 512
1 512
1 512
3 512
2 512
1 512
1 512
2 512
0 87
2 512
0 17
0 225
0 53
3 512
2 512
0 115
1 512
3 512
1 512
2 512
1 512
0 214
1 512
0 119
0 48
2 512
3 512
1 512
0 74
2 512
0 44
0 25
2 512
2 512
0 220
2 512
2 512
3 512
2 512
2 512
3 512
1 512
3 512
3 512
3 512
2 512
1 512
1 512
2 512
1 512
2 512
3 512
1 512
1 512
0 114
0 19
0 42
0 190
2 512
2 512
0 219
1 512
5 512
1 512
2 512
2 512
3 512
0 96
2 512
1 512
0 85
0 260
2 512
2 512
2 512
0 70
1 512
1 512
3 512
1 512
4 512
2 512
0 38
0 22
2 512
2 512
1 512
2 512
1 512
0 30
0 53
1 512
0 51
0 16
1 512
1 512
0 8
2 512
2 512
0 122
2 512
0 16
1 512
1 512
1 512
1 512
2 512
1 512
0 145
3 512
2 512
2 512
2 512
1 512
1 512
4 512
1 512
0 13
3 512
2 512
1 512
3 512
1 512
1 512
1 512
1 512
0 33
2 512
1 512
1 512
0 21
4 512
1 512
1 512
0 40
2 512
0 116
1 512
1 512
2 512
0 35
2 512
1 512
2 512
1 512
2 512
1 512
0 208
2 512
1 512
3 512
1 512
4 512
1 512
2 512
3 512
2 512
4 512
2 512
2 512
0 28
2 512
5 512
1 512
2 512
3 512
1 512
1 512
3 512
2 512
1 512
2 512
1 512
1 512
6 512
3 512
1 512
1 512
1 512
2 512
0 24
0 18
1 512
1 512
2 512
3 512
2 512
0 271
0 77
1 512
0 36
3 512
0 43
2 512
2 512
0 110
0 143
2 512
1 512
1 512
3 512
2 512
0 81
2 512
1 512
1 512
1 512
0 40
1 512
2 512
1 512
1 512
2 512
1 512
1 512
2 512
1 512
0 53
0 105
2 512
1 512
1 512
2 512
2 512
0 312
3 512
1 512
1 512
3 512
1 512
1 512
1 512
1 512
3 512
2 512
3 512
2 512
0 18
1 512
1 512
1 512
2 512
3 512
1 512
2 512
3 512
1 512
1 512
2 512
1 512
1 512
0 37
0 156
0 59
0 60
0 55
2 512
2 512
1 512
1 512
1 512
1 512
0 132
2 512
2 512
1 512
2 512
1 512
0 57
1 512
1 512
1 512
2 512
0 206
1 512
0 180
0 46
1 512
4 512
1 512
0 46
0 92
1 512
1 512
2 512
1 512
1 512
0 19
3 512
4 512
0 37
1 512
2 512
2 512
1 512
0 42
2 512
1 512
2 512
3 512
2 512
1 512
1 512
0 43
2 512
1 512
2 512
1 512
1 512
2 512
0 41
2 512
0 222
0 146
4 512
1 512
1 512
1 512
0 24
0 460
1 512
1 512
0 499
2 512
4 512
1 512
1 512
1 512
2 512
0 49
1 512
2 512
2 512
1 512
1 512
2 512
1 512
2 512
1 512
1 512
1 512
1 512
0 24
1 512
2 512
2 512
0 72
0 11
0 47
2 512
1 512
1 512
0 119
0 27
2 512
1 512
1 512
2 512
1 512
1 512
1 512
1 512
2 512
2 512
1 512
3 512
0 141
1 512
2 512
4 512
3 512
2 512
0 18
3 512
1 512
0 139
3 512
0 53
0 21
2 512
0 496
1 512
0 74
1 512
1 512
1 512
1 512
2 512
3 512
1 512
0 170
3 512
1 512
0 94
0 30
1 512
1 512
0 31
1 512
1 512
1 512
0 31
2 512
2 512
4 512
1 512
1 512
2 512
3 512
0 126
1 512
1 512
2 512
1 512
0 75
0 40
2 512
3 512
0 10
0 66
2 512
3 512
1 512
0 46
1 512
2 512
2 512
1 512
3 512
1 512
0 20
1 512
3 512
1 512
2 512
3 512
1 512
0 14
1 512
1 512
3 512
0 23
1 512
0 40
1 512
1 512
3 512
3 512
1 512
2 512
0 86
1 512
0 84
1 512
2 512
1 512
3 512
2 512
2 512
1 512
1 512
1 512
1 512
3 512
0 104
0 153
2 512
0 65
2 512
3 512
1 512
2 512
1 512
1 512
0 53
2 512
3 512
3 512
2 512
0 198
1 512
2 512
2 512
2 512
1 512
0 15
2 512
0 216
2 512
1 512
0 81
1 512
0 31
0 149
2 512
2 512
1 512
1 512
1 512
1 512
1 512
0 30
1 512
1 512
2 512
0 35
2 512
5 512
1 512
0 73
2 512
1 512
3 512
2 512
1 512
0 106
2 512
0 99
1 512
2 512
0 107
2 512
2 512
4 512
0 7
0 126
1 512
2 512
0 24
2 512
1 512
0 27
3 512
0 16
1 512
1 512
2 512
1 512
1 512
1 512
1 512
2 512
1 512
2 512
1 512
2 512
0 29
2 512
3 512
1 512
1 512
1 512
3 512
2 512
0 32
0 82
1 512
2 512
2 512
1 512
0 54
1 512
0 29
0 50
0 44
1 512
1 512
0 77
1 512
0 361
0 40
2 512
4 512
1 512
2 512
3 512
3 512
2 512
0 33
2 512
0 36
2 512
1 512
1 512
3 512
1 512
1 512
1 512
1 512
1 512
2 512
4 512
1 512
0 40
1 512
3 512
1 512
2 512
0 16
2 512
1 512
1 512
1 512
0 170
3 512
0 12
1 512
0 29
3 512
1 512
3 512
3 512
1 512
1 512
3 512
0 191
2 512
1 512
2 512
1 512
0 49
0 10
1 512
2 512
1 512
0 181
2 512
1 512
1 512
3 512
2 512
0 90
2 512
0 53
2 512
3 512
2 512
0 47
2 512
0 25
1 512
0 17
2 512
0 100
5 512
2 512
1 512
4 512
0 64
2 512
1 512
0 299
3 512
1 512
0 73
2 512
0 333
3 512
2 512
2 512
1 512
2 512
1 512
1 512
1 512
3 512
3 512
1 512
1 512
0 64
0 34
2 512
0 17
0 190
1 512
0 191
1 512
1 512
2 512
2 512
2 512
4 512
2 512
0 78
3 512
1 512
1 512
2 512
1 512
1 512
1 512
1 512
0 12
1 512
0 128
1 512
1 512
0 71
0 53
0 35
2 512
1 512
2 512
1 512
1 512
3 512
1 512
0 96
3 512
0 54
1 512
1 512
1 512
3 512
1 512
2 512
1 512
2 512
1 512
2 512
2 512
1 512
1 512
2 512
1 512
2 512
1 512
1 512
1 512
2 512
0 33
0 29
1 512
3 512
0 33
0 16
1 512
2 512
0 44
0 92
0 46
0 41
0 68
2 512
1 512
1 512
2 512
2 512
2 512
3 512
4 512
0 138
2 512
1 512
0 30
1 512
0 96
4 512
3 512
1 512
3 512
1 512
1 512
1 512
3 512
1 512
0 95
2 512
3 512
1 512
2 512
0 26
0 248
3 512
1 512
1 512
2 512
3 512
1 512
2 512
2 512
1 512
2 512
1 512
2 512
1 512
4 512
1 512
1 512
1 512
0 72
2 512
2 512
2 512
0 181
2 512
0 270
2 512
1 512
1 512
2 512
0 146
1 512
2 512
0 103
2 512
2 512
1 512
0 73
1 512
0 133
3 512
0 68
1 512
2 512
0 34
1 512
2 512
1 512
1 512
0 176
2 512
0 32
4 512
2 512
1 512
0 365
1 512
4 512
2 512
1 512
0 12
1 512
0 16
1 512
1 512
1 512
2 512
1 512
0 93
0 43
0 87
0 40
3 512
1 512
0 75
3 512
4 512
1 512
3 512
0 18
0 103
2 512
2 512
2 512
3 512
1 512
2 512
0 150
3 512
1 512
0 91
3 512
1 512
2 512
1 512
1 512
3 512
1 512
1 512
2 512
0 14
2 512
2 512
1 512
1 512
2 512
3 512
1 512
2 512
0 62
1 512
0 89
1 512
2 512
0 60
1 512
2 512
1 512
1 512
1 512
1 512
2 512
2 512
0 119
1 512
2 512
3 512
3 512
0 43
1 512
2 512
2 512
0 203
0 83
1 512
2 512
2 512
2 512
3 512
1 512
0 24
1 512
1 512
2 512
3 512
3 512
1 512
1 512
1 512
0 213
2 512
1 512
1 512
2 512
1 512
3 512
1 512
2 512
1 512
0 170
2 512
2 512
1 512
2 512
2 512
1 512
3 512
2 512
3 512
0 21
5 512
1 512
1 512
2 512
3 512
3 512
2 512
1 512
2 512
1 512
3 512
1 512
0 57
1 512
2 512
3 512
1 512
0 12
1 512
0 410
1 512
2 512
1 512
1 512
2 512
1 512
2 512
0 27
0 80
1 512
3 512
2 512
2 512
3 512
3 512
2 512
1 512
0 43
3 512
2 512
1 512
0 35
1 512
5 512
2 512
1 512
2 512
0 35
0 79
1 512
0 161
0 112
1 512
2 512
2 512
4 512
0 131
1 512
2 512
3 512
1 512
2 512
2 512
1 512
1 512
1 512
4 512
1 512
0 121
1 512
2 512
1 512
0 91
2 512
2 512
0 59
1 512
1 512
0 50
1 512
2 512
0 27
1 512
0 12
2 512
1 512
1 512
3 512
2 512
1 512
1 512
1 512
4 512
0 38
3 512
0 18
3 512
0 127
1 512
1 512
1 512
0 69
2 512
2 512
3 512
0 40
1 512
2 512
0 30
1 512
0 61
0 9
1 512
2 512
0 9
2 512
0 14
5 512
0 421
0 77
1 512
0 310
0 54
2 512
1 512
3 512
3 512
2 512
1 512
2 512
1 512
0 58
0 32
2 512
1 512
2 512
2 512
1 512
0 227
2 512
1 512
1 512
0 73
1 512
1 512
2 512
1 512
2 512
3 512
2 512
0 191
4 512
2 512
2 512
2 512
3 512
1 512
4 512
3 512
4 512
3 512
1 512
2 512
1 512
1 512
1 512
0 87
0 412
2 512
1 512
1 512
1 512
1 512
1 512
3 512
0 83
2 512
2 512
2 512
0 71
0 146
2 512
1 512
0 140
1 512
0 219
2 512
2 512
1 512
1 512
3 512
2 512
0 33
1 512
2 512
1 512
3 512
0 277
0 103
0 142
0 9
2 512
2 512
3 512
0 49
0 195
2 512
1 512
0 57
1 512
1 512
1 512
2 512
2 512
1 512
1 512
1 512
4 512
2 512
3 512
1 512
1 512
0 18
1 512
0 35
2 512
0 125
0 254
0 68
0 101
2 512
0 168
1 512
1 512
3 512
4 512
0 158
1 512
1 512
1 512
0 44
0 41
1 512
0 13
0 57
3 512
2 512
2 512
1 512
1 512
2 512
1 512
2 512
1 512
3 512
0 9
0 94
3 512
2 512
0 80
2 512
0 109
1 512
1 512
1 512
4 512
1 512
1 512
3 512
2 512
1 512
5 512
0 17
3 512
1 512
1 512
0 47
1 512
1 512
4 512
1 512
0 108
1 512
0 51
0 56
1 512
4 512
0 146
0 106
2 512
1 512
2 512
3 512
1 512
1 512
5 512
1 512
1 512
2 512
1 512
0 120
0 70
2 512
2 512
0 124
0 8
1 512
3 512
1 512
1 512
0 21
1 512
1 512
4 512
3 512
0 83
0 358
1 512
1 512
1 512
1 512
4 512
2 512
3 512
4 512
0 10
2 512
1 512
1 512
1 512
2 512
1 512
2 512
3 512
1 512
1 512
1 512
1 512
1 512
2 512
1 512
1 512
0 125
1 512
1 512
0 49
2 512
1 512
2 512
0 183
0 52
3 512
1 512
0 80
0 427
2 512
2 512
1 512
0 86
1 512
1 512
1 512
2 512
0 57
1 512
0 119
3 512
3 512
1 512
1 512
1 512
1 512
1 512
1 512
0 132
1 512
0 156
2 512
1 512
1 512
0 45
0 47
2 512
1 512
0 24
0 53
3 512
0 147
1 512
2 512
2 512
0 119
0 92
0 49
2 512
0 85
1 512
0 97
1 512
1 512
3 512
0 21
0 100
3 512
1 512
1 512
0 66
1 512
1 512
4 512
1 512
0 201
1 512
0 304
0 48
0 17
4 512
1 512
1 512
0 95
1 512
1 512
1 512
1 512
0 152
2 512
0 32
1 512
2 512
1 512
0 246
1 512
1 512
1 512
1 512
0 33
0 219
2 512
1 512
1 512
1 512
3 512
0 252
1 512
2 512
0 19
3 512
3 512
0 27
1 512
2 512
1 512
2 512
1 512
1 512
2 512
2 512
1 512
1 512
1 512
0 52
1 512
2 512
0 110
1 512
1 512
2 512
1 512
1 512
1 512
1 512
1 512
0 31
2 512
1 512
3 512
1 512
1 512
0 146
2 512
2 512
1 512
1 512
0 21
2 512
2 512
0 83
2 512
0 80
2 512
2 512
2 512
2 512
2 512
0 23
1 512
1 512
2 512
2 512
1 512
1 512
0 12
2 512
0 21
2 512
1 512
1 512
1 512
0 71
0 57
2 512
4 512
3 512
4 512
1 512
1 512
0 15
2 512
6 512
0 90
2 512
5 512
4 512
1 512
1 512
0 66
0 128
2 512
1 512
3 512
0 73
1 512
5 512
1 512
2 512
4 512
3 512
1 512
0 10
1 512
0 18
0 50
1 512
1 512
1 512
1 512
1 512
1 512
1 512
0 81
1 512
1 512
1 512
1 512
5 512
1 512
2 512
2 512
0 165
0 65
0 408
0 79
0 18
0 31
1 512
1 512
1 512
2 512
2 512
2 512
0 428
3 512
1 512
1 512
1 512
2 512
4 512
2 512
2 512
3 512
1 512
1 512
0 65
0 86
4 512
2 512
3 512
1 512
1 512
1 512
0 18
2 512
0 101
2 512
4 512
0 28
0 13
2 512
0 345
2 512
0 100
1 512
0 163
4 512
2 512
2 512
0 397
1 512
3 512
0 20
0 31
0 138
3 512
0 6
0 16
1 512
1 512
2 512
1 512
1 512
0 111
1 512
4 512
1 512
1 512
0 30
2 512
1 512
1 512
2 512
2 512
4 512
3 512
2 512
1 512
2 512
3 512
1 512
1 512
0 358
3 512
0 23
1 512
2 512
2 512
1 512
2 512
0 120
0 62
1 512
3 512
1 512
1 512
1 512
1 512
0 16
2 512
1 512
0 24
3 512
1 512
3 512
2 512
1 512
2 512
0 11
1 512
0 84
1 512
3 512
3 512
0 34
1 512
1 512
1 512
1 512
1 512
3 512
1 512
1 512
0 43
1 512
1 512
1 512
3 512
1 512
0 196
2 512
0 73
1 512
0 109
3 512
2 512
3 512
1 512
0 93
3 512
1 512
0 96
0 178
1 512
1 512
1 512
2 512
0 135
1 512
1 512
1 512
0 45
1 512
1 512
1 512
1 512
0 85
4 512
0 73
1 512
1 512
1 512
1 512
1 512
2 512
2 512
2 512
0 19
0 14
0 46
2 512
2 512
4 512
0 47
3 512
1 512
1 512
3 512
1 512
3 512
1 512
3 512
3 512
3 512
1 512
0 127
3 512
2 512
3 512
0 55
0 158
0 20
0 136
3 512
3 512
2 512
1 512
4 512
0 172
0 144
0 272
1 512
1 512
2 512
0 55
1 512
3 512
2 512
4 512
2 512
1 512
0 146
1 512
2 512
1 512
2 512
2 512
2 512
1 512
1 512
1 512
3 512
3 512
1 512
0 113
1 512
1 512
1 512
2 512
2 512
2 512
1 512
1 512
0 34
0 68
0 290
2 512
3 512
2 512
2 512
1 512
3 512
1 512
1 512
0 38
2 512
2 512
0 151
2 512
2 512
1 512
1 512
0 156
3 512
2 512
0 134
1 512
0 139
1 512
2 512
1 512
1 512
1 512
0 37
1 512
1 512
3 512
2 512
1 512
0 42
1 512
0 298
1 512
2 512
0 52
1 512
1 512
1 512
2 512
0 231
0 33
0 228
0 16
4 512
0 15
1 512
0 50
0 120
3 512
2 512
1 512
2 512
2 512
1 512
0 314
0 75
1 512
0 135
2 512
0 36
4 512
1 512
3 512
0 226
3 512
1 512
1 512
2 512
1 512
0 92
1 512
2 512
0 162
1 512
3 512
0 111
0 68
2 512
1 512
0 75
0 81
1 512
0 91
0 76
2 512
2 512
1 512
1 512
1 512
3 512
0 50
1 512
1 512
0 72
2 512
2 512
0 123
1 512
0 36
1 512
1 512
1 512
4 512
3 512
1 512
1 512
1 512
0 414
1 512
0 80
3 512
4 512
2 512
1 512
3 512
2 512
0 206
2 512
2 512
1 512
1 512
1 512
0 109
1 512
1 512
0 10
2 512
2 512
1 512
0 116
1 512
3 512
1 512
0 53
3 512
0 73
2 512
2 512
1 512
0 21
1 512
1 512
0 70
1 512
2 512
1 512
4 512
0 360
0 8
1 512
1 512
2 512
1 512
0 44
3 512
2 512
2 512
2 512
2 512
1 512
1 512
1 512
1 512
1 512
1 512
2 512
2 512
0 67
1 512
3 512
1 512
4 512
0 26
1 512
1 512
1 512
2 512
2 512
0 27
1 512
3 512
2 512
1 512
0 243
3 512
2 512
0 139
2 512
3 512
1 512
1 512
1 512
3 512
0 175
3 512
0 135
2 512
3 512
3 512
3 512
3 512
1 512
3 512
2 512
1 512
1 512
2 512
1 512
1 512
1 512
0 35
1 512
1 512
2 512
2 512
0 345
1 512
0 16
3 512
0 34
3 512
2 512
2 512
1 512
1 512
0 86
0 103
2 512
0 60
4 512
3 512
2 512
1 512
0 71
1 512
1 512
0 20
1 512
3 512
3 512
0 16
0 76
0 171
4 512
0 20
1 512
1 512
1 512
0 49
2 512
1 512
1 512
0 71
1 512
0 23
1 512
0 23
1 512
1 512
5 512
0 73
0 67
2 512
0 264
2 512
3 512
1 512
1 512
1 512
0 127
1 512
2 512
1 512
1 512
1 512
2 512
0 64
3 512
1 512
4 512
2 512
0 21
1 512
1 512
1 512
3 512
3 512
2 512
0 25
3 512
1 512
3 512
1 512
0 88
4 512
0 32
0 11
2 512
2 512
1 512
1 512
1 512
0 15
3 512
1 512
1 512
3 512
2 512
1 512
2 512
1 512
1 512
1 512
0 130
0 86
1 512
4 512
2 512
1 512
1 512
1 512
5 512
1 512
1 512
2 512
5 512
0 84
0 253
0 17
1 512
2 512
1 512
1 512
1 512
1 512
0 18
2 512
1 512
1 512
2 512
2 512
3 512
1 512
2 512
1 512
1 512
1 512
2 512
1 512
0 168
2 512
1 512
0 101
0 133
0 51
4 512
0 27
1 512
1 512
1 512
2 512
3 512
1 512
3 512
1 512
1 512
0 105
1 512
0 21
1 512
2 512
1 512
2 512
1 512
1 512
2 512
2 512
1 512
1 512
1 512
0 48
3 512
0 11
1 512
1 512
2 512
2 512
1 512
2 512
2 512
0 14
3 512
0 46
1 512
0 37
4 512
1 512
2 512
0 60
0 263
1 512
0 55
3 512
2 512
4 512
3 512
0 39
3 512
1 512
3 512
0 8
0 91
1 512
4 512
2 512
2 512
1 512
0 28
1 512
2 512
0 130
1 512
0 82
1 512
1 512
2 512
2 512
1 512
4 512
2 512
3 512
1 512
2 512
1 512
2 512
1 512
0 407
1 512
2 512
2 512
0 18
2 512
3 512
0 119
2 512
0 23
3 512
1 512
3 512
1 512
0 32
0 45
1 512
2 512
2 512
0 212
1 512
3 512
4 512
1 512
3 512
1 512
0 171
0 45
1 512
1 512
0 210
0 134
1 512
1 512
0 40
0 46
2 512
1 512
0 232
2 512
5 512
1 512
3 512
1 512
3 512
1 512
2 512
2 512
1 512
2 512
1 512
2 512
2 512
0 73
0 478
1 512
1 512
1 512
1 512
0 84
3 512
1 512
2 512
0 23
0 49
0 15
0 46
1 512
2 512
1 512
2 512
2 512
3 512
3 512
2 512
3 512
1 512
2 512
1 512
1 512
2 512
0 48
3 512
0 37
2 512
0 334
2 512
1 512
2 512
1 512
0 44
2 512
2 512
1 512
1 512
2 512
0 62
2 512
1 512
0 23
4 512
1 512
1 512
0 60
1 512
2 512
1 512
1 512
1 512
3 512
1 512
1 512
0 121
1 512
1 512
1 512
0 158
2 512
2 512
1 512
2 512
3 512
0 186
2 512
1 512
2 512
0 82
0 16
2 512
2 512
2 512
1 512
1 512
2 512
2 512
1 512
2 512
3 512
1 512
1 512
1 512
4 512
2 512
0 45
2 512
0 16
1 512
5 512
1 512
2 512
1 512
1 512
1 512
1 512
0 7
4 512
0 39
1 512
4 512
3 512
0 280
0 199
1 512
1 512
1 512
3 512
1 512
2 512
3 512
0 22
0 13
1 512
1 512
0 195
1 512
2 512
2 512
0 68
0 43
1 512
1 512
3 512
0 86
1 512
2 512
3 512
1 512
1 512
1 512
2 512
1 512
2 512
1 512
1 512
1 512
3 512
3 512
0 18
2 512
0 81
1 512
0 128
1 512
1 512
1 512
3 512
1 512
1 512
1 512
1 512
1 512
1 512
0 146
3 512
1 512
0 81
1 512
0 81
1 512
0 134
2 512
2 512
3 512
0 67
2 512
1 512
1 512
0 124
2 512
1 512
1 512
3 512
4 512
0 89
3 512
0 42
2 512
0 54
0 46
2 512
0 52
2 512
0 70
1 512
1 512
2 512
0 87
0 482
1 512
2 512
1 512
0 47
2 512
0 100
2 512
1 512
1 512
0 10
1 512
3 512
0 63
4 512
0 27
1 512
1 512
0 25
0 190
1 512
0 70
2 512
0 103
0 10
0 35
1 512
1 512
2 512
1 512
2 512
0 64
2 512
2 512
1 512
0 19
0 33
1 512
2 512
1 512
1 512
0 8
2 512
2 512
3 512
2 512
3 512
3 512
1 512
1 512
0 41
0 103
0 39
3 512
0 65
2 512
2 512
1 512
2 512
0 63
1 512
2 512
3 512
3 512
1 512
3 512
1 512
0 9
0 20
1 512
0 14
2 512
2 512
1 512
1 512
1 512
1 512
1 512
1 512
1 512
2 512
1 512
0 125
2 512
0 93
2 512
0 91
2 512
0 100
1 512
3 512
0 61
1 512
2 512
0 108
3 512
1 512
2 512
1 512
1 512
0 123
3 512
4 512
2 512
3 512
0 99
0 46
0 203
2 512
5 512
1 512
3 512
0 25
1 512
1 512
2 512
1 512
0 337
2 512
1 512
2 512
1 512
2 512
1 512
2 512
2 512
0 228
2 512
1 512
3 512
2 512
1 512
2 512
1 512
1 512
1 512
1 512
3 512
1 512
0 38
3 512
2 512
0 11
3 512
1 512
2 512
1 512
1 512
0 55
2 512
0 249
0 124
0 13
0 347
5 512
1 512
1 512
2 512
1 512
2 512
2 512
1 512
1 512
1 512
1 512
2 512
0 107
3 512
3 512
0 62
3 512
1 512
0 48
1 512
2 512
1 512
0 143
2 512
1 512
4 512
3 512
1 512
0 50
1 512
1 512
0 188
2 512
2 512
1 512
1 512
2 512
0 59
0 203
2 512
1 512
1 512
1 512
1 512
0 19
0 92
3 512
1 512
3 512
1 512
1 512
1 512
0 59
0 104
0 66
1 512
3 512
3 512
1 512
2 512
0 73
2 512
5 512
2 512
1 512
1 512
2 512
0 31
0 29
2 512
2 512
2 512
1 512
3 512
1 512
1 512
2 512
2 512
3 512
2 512
1 512
2 512
2 512
0 133
1 512
3 512
1 512
1 512
1 512
3 512
2 512
0 110
2 512
3 512
1 512
0 289
1 512
0 20
2 512
1 512
1 512
2 512
1 512
3 512
3 512
1 512
1 512
2 512
1 512
0 457
1 512
0 52
0 23
1 512
1 512
4 512
1 512
0 50
1 512
4 512
0 38
2 512
2 512
1 512
1 512
1 512
1 512
1 512
1 512
2 512
3 512
3 512
1 512
2 512
4 512
1 512
2 512
1 512
4 512
1 512
1 512
0 67
2 512
1 512
1 512
0 26
1 512
2 512
1 512
2 512
0 41
2 512
1 512
2 512
0 10
3 512
0 292
2 512
1 512
1 512
2 512
0 94
3 512
1 512
0 183
1 512
2 512
1 512
0 29
1 512
2 512
1 512
1 512
0 83
1 512
1 512
3 512
1 512
2 512
2 512
1 512
0 181
0 109
2 512
0 70
0 65
1 512
1 512
1 512
1 512
2 512
0 129
0 62
2 512
0 170
1 512
1 512
1 512
0 156
1 512
1 512
0 169
0 181
2 512
1 512
3 512
3 512
0 125
0 18
4 512
1 512
2 512
0 87
1 512
1 512
0 259
3 512
1 512
2 512
2 512
2 512
1 512
0 11
3 512
1 512
4 512
1 512
4 512
1 512
1 512
1 512
1 512
4 512
2 512
1 512
0 93
0 46
1 512
2 512
1 512
0 37
1 512
3 512
2 512
0 68
1 512
3 512
0 21
6 512
0 25
1 512
2 512
2 512
1 512
2 512
0 163
1 512
0 144
0 141
2 512
0 19
1 512
0 55
0 75
3 512
1 512
1 512
1 512
0 65
2 512
3 512
1 512
0 82
1 512
0 164
1 512
2 512
1 512
3 512
1 512
0 8
0 45
1 512
1 512
1 512
2 512
1 512
1 512
1 512
0 212
2 512
1 512
1 512
0 37
0 106
1 512
2 512
3 512
0 52
1 512
2 512
1 512
1 512
1 512
0 117
2 512
2 512
0 41
1 512
1 512
1 512
1 512
2 512
1 512
2 512
2 512
1 512
0 171
1 512
0 24
1 512
1 512
2 512
2 512
0 279
0 110
0 27
1 512
0 48
4 512
2 512
2 512
3 512
1 512
2 512
0 216
2 512
2 512
0 125
2 512
0 24
3 512
1 512
2 512
0 47
0 144
1 512
2 512
1 512
2 512
0 50
2 512
2 512
0 12
2 512
3 512
2 512
3 512
1 512
2 512
3 512
0 474
1 512
1 512
1 512
1 512
3 512
1 512
0 26
1 512
2 512
1 512
1 512
1 512
0 15
0 34
3 512
0 17
3 512
0 41
2 512
1 512
2 512
1 512
1 512
0 35
1 512
1 512
2 512
4 512
2 512
2 512
3 512
3 512
3 512
2 512
2 512
0 82
3 512
1 512
1 512
3 512
0 41
1 512
1 512
3 512
0 8
0 108
2 512
2 512
1 512
2 512
1 512
2 512
3 512
1 512
0 7
1 512
1 512
0 51
1 512
1 512
1 512
1 512
0 28
2 512
0 109
3 512
2 512
2 512
1 512
0 220
2 512
1 512
1 512
2 512
2 512
0 77
2 512
0 61
2 512
2 512
1 512
1 512
3 512
0 78
0 26
1 512
2 512
1 512
4 512
0 89
1 512
1 512
1 512
3 512
1 512
1 512
2 512
2 512
1 512
3 512
3 512
2 512
1 512
2 512
2 512
1 512
1 512
1 512
1 512
3 512
0 37
2 512
0 32
2 512
0 74
1 512
2 512
0 79
1 512
3 512
0 35
2 512
1 512
3 512
1 512
0 50
1 512
1 512
1 512
1 512
1 512
2 512
0 171
2 512
1 512
3 512
1 512
3 512
3 512
0 273
1 512
2 512
0 20
0 27
1 512
1 512
0 188
1 512
2 512
1 512
1 512
2 512
1 512
2 512
3 512
2 512
0 94
0 192
1 512
2 512
2 512
1 512
1 512
0 57
0 52
2 512
2 512
2 512
2 512
2 512
1 512
1 512
2 512
0 404
0 114
2 512
1 512
0 36
1 512
2 512
4 512
1 512
1 512
0 49
1 512
1 512
0 21
4 512
4 512
1 512
2 512
1 512
4 512
0 28
1 512
1 512
2 512
0 76
1 512
1 512
4 512
1 512
1 512
2 512
2 512
0 32
2 512
1 512
4 512
3 512
0 130
2 512
0 37
1 512
2 512
5 512
0 167
1 512
0 28
0 116
1 512
0 154
1 512
1 512
1 512
1 512
0 169
4 512
1 512
1 512
1 512
2 512
2 512
0 189
2 512
2 512
3 512
0 250
1 512
1 512
2 512
0 22
1 512
0 73
3 512
2 512
1 512
3 512
1 512
0 18
1 512
1 512
3 512
2 512
2 512
1 512
1 512
0 67
0 35
0 104
1 512
1 512
2 512
2 512
2 512
0 26
1 512
2 512
0 78
1 512
0 72
1 512
0 14
3 512
0 16
2 512
1 512
2 512
1 512
1 512
0 96
1 512
1 512
1 512
1 512
3 512
0 12
0 114
5 512
0 68
0 18
1 512
1 512
2 512
2 512
3 512
3 512
1 512
0 111
2 512
1 512
1 512
1 512
1 512
0 485
0 45
0 33
3 512
0 9
1 512
2 512
1 512
2 512
1 512
1 512
2 512
1 512
0 68
1 512
2 512
2 512
1 512
4 512
1 512
0 92
2 512
0 104
0 85
0 15
2 512
1 512
1 512
2 512
2 512
2 512
1 512
1 512
0 27
1 512
3 512
1 512
1 512
2 512
0 41
0 105
7 512
0 259
5 512
2 512
1 512
1 512
1 512
3 512
0 106
1 512
2 512
4 512
0 151
2 512
3 512
0 141
2 512
1 512
4 512
1 512
1 512
1 512
1 512
2 512
1 512
4 512
2 512
2 512
1 512
1 512
2 512
1 512
0 28
0 81
1 512
0 51
1 512
1 512
0 45
2 512
0 163
1 512
1 512
1 512
2 512
0 9
0 254
2 512
1 512
1 512
1 512
0 41
0 18
1 512
1 512
3 512
0 68
0 234
0 242
2 512
2 512
1 512
1 512
3 512
1 512
1 512
1 512
0 93
1 512
4 512
0 94
0 108
2 512
1 512
1 512
0 107
1 512
0 72
3 512
1 512
1 512
4 512
1 512
1 512
1 512
2 512
0 55
1 512
2 512
1 512
1 512
1 512
0 85
0 32
0 501
1 512
1 512
0 66
2 512
1 512
1 512
1 512
1 512
0 136
0 74
2 512
1 512
1 512
0 58
2 512
0 10
1 512
2 512
1 512
1 512
0 26
1 512
1 512
1 512
2 512
1 512
1 512
3 512
3 512
1 512
3 512
1 512
0 77
1 512
2 512
2 512
1 512
2 512
1 512
0 20
1 512
3 512
1 512
3 512
2 512
1 512
1 512
0 282
4 512
3 512
1 512
2 512
3 512
1 512
1 512
1 512
1 512
1 512
4 512
3 512
0 34
2 512
1 512
0 220
3 512
1 512
1 512
0 101
1 512
1 512
2 512
3 512
1 512
1 512
1 512
4 512
1 512
1 512
1 512
1 512
1 512
1 512
2 512
1 512
1 512
3 512
1 512
2 512
2 512
4 512
0 16
4 512
3 512
2 512
1 512
2 512
3 512
3 512
0 133
1 512
1 512
4 512
0 12
1 512
2 512
1 512
2 512
0 114
3 512
1 512
1 512
2 512
1 512
1 512
2 512
1 512
2 512
1 512
0 18
1 512
2 512
1 512
1 512
2 512
1 512
0 17
2 512
0 36
1 512
4 512
1 512
1 512
2 512
0 204
0 53
1 512
3 512
1 512
0 123
1 512
1 512
0 80
0 45
3 512
2 512
0 46
2 512
3 512
1 512
0 34
0 62
1 512
1 512
1 512
2 512
1 512
1 512
0 57
3 512
3 512
4 512
1 512
1 512
1 512
1 512
1 512
0 52
4 512
1 512
0 17
3 512
0 129
0 16
0 111
1 512
2 512
1 512
0 118
2 512
1 512
1 512
0 42
3 512
3 512
0 259
0 103
0 56
4 512
2 512
1 512
3 512
2 512
1 512
0 117
2 512
1 512
2 512
3 512
3 512
0 148
2 512
3 512
2 512
2 512
3 512
2 512
4 512
3 512
1 512
0 13
0 82
1 512
0 46
1 512
3 512
2 512
3 512
1 512
0 265
0 73
2 512
1 512
2 512
2 512
3 512
0 124
1 512
1 512
2 512
0 89
2 512
2 512
2 512
1 512
1 512
3 512
0 87
1 512
0 103
2 512
1 512
1 512
1 512
3 512
0 33
0 112
2 512
3 512
0 11
1 512
0 60
2 512
0 29
4 512
0 338
1 512
2 512
0 91
4 512
3 512
1 512
1 512
3 512
0 65
1 512
2 512
2 512
0 17
0 91
4 512
1 512
0 27
2 512
1 512
2 512
2 512
0 103
0 21
1 512
1 512
1 512
1 512
3 512
1 512
0 67
2 512
1 512
0 25
3 512
1 512
1 512
3 512
4 512
0 225
1 512
0 7
2 512
2 512
1 512
2 512
2 512
0 119
1 512
2 512
3 512
0 149
0 133
0 68
2 512
3 512
1 512
2 512
1 512
1 512
0 200
2 512
1 512
2 512
2 512
2 512
2 512
1 512
0 24
3 512
1 512
0 146
0 42
1 512
3 512
1 512
1 512
0 19
1 512
1 512
1 512
4 512
4 512
2 512
0 126
1 512
3 512
0 107
1 512
2 512
4 512
1 512
1 512
1 512
0 52
3 512
3 512
2 512
0 10
2 512
1 512
1 512
2 512
2 512
1 512
1 512
2 512
0 77
2 512
2 512
1 512
0 112
2 512
0 38
1 512
0 80
1 512
1 512
2 512
4 512
1 512
3 512
4 512
2 512
0 205
3 512
0 63
2 512
1 512
0 95
1 512
3 512
2 512
1 512
4 512
1 512
3 512
0 13
1 512
2 512
0 57
0 50
1 512
2 512
1 512
0 274
1 512
2 512
1 512
3 512
1 512
4 512
0 68
2 512
2 512
0 45
0 63
2 512
2 512
3 512
2 512
1 512
2 512
3 512
0 80
1 512
2 512
2 512
5 512
2 512
3 512
2 512
0 16
1 512
0 76
2 512
3 512
0 38
0 59
1 512
1 512
0 58
0 15
2 512
0 21
0 144
4 512
0 198
0 25
1 512
3 512
0 128
2 512
0 22
2 512
0 77
0 34
1 512
4 512
2 512
3 512
3 512
0 16
1 512
2 512
1 512
2 512
0 11
2 512
2 512
0 234
1 512
4 512
0 79
1 512
2 512
2 512
2 512
1 512
1 512
1 512
1 512
1 512
1 512
2 512
3 512
0 23
0 47
1 512
2 512
0 335
1 512
1 512
1 512
2 512
1 512
6 512
1 512
3 512
0 10
5 512
0 203
2 512
0 194
3 512
2 512
0 133
3 512
0 142
1 512
2 512
1 512
1 512
2 512
2 512
1 512
3 512
2 512
2 512
1 512
2 512
2 512
1 512
0 21
1 512
3 512
3 512
1 512
3 512
1 512
1 512
0 125
3 512
0 84
3 512
0 61
2 512
2 512
0 40
1 512
0 11
0 75
0 119
2 512
0 45
0 17
1 512
3 512
0 325
1 512
4 512
4 512
1 512
1 512
0 142
4 512
1 512
0 83
1 512
1 512
1 512
0 16
1 512
1 512
2 512
3 512
0 38
2 512
2 512
7 512
3 512
2 512
2 512
1 512
0 74
2 512
5 512
0 117
2 512
0 18
1 512
1 512
2 512
2 512
0 73
1 512
3 512
2 512
1 512
2 512
3 512
2 512
0 179
1 512
0 53
1 512
0 80
1 512
0 48
1 512
3 512
1 512
1 512
1 512
0 82
2 512
1 512
1 512
0 39
5 512
1 512
0 100
1 512
1 512
2 512
2 512
0 101
1 512
0 85
0 102
0 112
0 33
0 60
2 512
4 512
3 512
1 512
0 98
3 512
1 512
2 512
0 35
1 512
1 512
4 512
1 512
1 512
2 512
1 512
0 114
2 512
5 512
1 512
0 12
0 33
3 512
2 512
3 512
2 512
1 512
3 512
0 100
2 512
2 512
0 12
1 512
1 512
2 512
5 512
0 32
1 512
2 512
0 45
1 512
0 17
1 512
0 23
1 512
2 512
1 512
0 213
0 59
0 12
2 512
1 512
0 37
1 512
1 512
1 512
0 7
2 512
0 41
1 512
0 11
0 11
4 512
2 512
2 512
1 512
0 195
1 512
2 512
3 512
1 512
0 259
0 100
1 512
2 512
1 512
0 64
1 512
1 512
1 512
1 512
2 512
2 512
0 28
4 512
1 512
1 512
3 512
4 512
0 101
2 512
5 512
0 44
2 512
3 512
1 512
0 105
1 512
2 512
1 512
1 512
2 512
2 512
0 330
1 512
1 512
2 512
1 512
1 512
2 512
0 90
3 512
2 512
3 512
0 25
1 512
1 512
1 512
1 512
4 512
4 512
1 512
0 106
3 512
2 512
2 512
1 512
0 124
2 512
1 512
1 512
1 512
2 512
1 512
1 512
1 512
2 512
1 512
1 512
3 512
2 512
2 512
0 87
3 512
1 512
0 119
0 111
1 512
2 512
0 22
3 512
1 512
0 91
1 512
0 54
2 512
5 512
3 512
2 512
2 512
2 512
2 512
1 512
3 512
1 512
1 512
1 512
1 512
2 512
2 512
2 512
0 9
2 512
3 512
1 512
2 512
0 448
2 512
0 210
1 512
1 512
0 311
3 512
2 512
1 512
3 512
2 512
1 512
3 512
2 512
0 75
0 38
2 512
1 512
0 7
0 76
1 512
1 512
2 512
2 512
1 512
3 512
1 512
2 512
3 512
2 512
2 512
2 512
1 512
1 512
0 473
2 512
0 133
2 512
2 512
2 512
1 512
1 512
2 512
0 357
1 512
1 512
1 512
1 512
1 512
1 512
1 512
1 512
1 512
0 17
4 512
1 512
1 512
3 512
1 512
1 512
2 512
0 12
2 512
2 512
2 512
1 512
1 512
1 512
2 512
1 512
1 512
0 12
2 512
2 512
1 512
0 33
3 512
0 147
0 75
1 512
1 512
2 512
1 512
1 512
0 151
1 512
0 15
0 49
0 8
4 512
3 512
3 512
3 512
1 512
3 512
2 512
3 512
1 512
1 512
0 37
1 512
1 512
1 512
1 512
2 512
1 512
1 512
2 512
0 64
3 512
0 48
2 512
0 16
2 512
2 512
2 512
0 157
3 512
3 512
1 512
0 92
2 512
1 512
1 512
2 512
2 512
3 512
0 62
0 16
3 512
1 512
3 512
2 512
2 512
2 512
0 133
0 23
1 512
1 512
0 99
2 512
2 512
1 512
0 25
2 512
2 512
1 512
1 512
2 512
0 67
1 512
1 512
1 512
1 512
2 512
1 512
4 512
0 12
2 512
2 512
0 62
0 16
1 512
0 18
1 512
0 26
2 512
1 512
4 512
1 512
3 512
0 179
0 24
3 512
1 512
1 512
1 512
1 512
0 36
1 512
0 278
1 512
3 512
1 512
0 73
0 144
1 512
3 512
1 512
1 512
1 512
3 512
0 19
2 512
2 512
2 512
1 512
0 61
2 512
2 512
0 93
1 512
3 512
3 512
1 512
0 106
1 512
0 54
0 52
0 44
3 512
1 512
0 315
2 512
0 79
2 512
2 512
1 512
1 512
1 512
2 512
2 512
3 512
1 512
1 512
0 92
2 512
0 14
0 407
0 26
2 512
2 512
0 93
3 512
2 512
3 512
0 361
1 512
2 512
1 512
2 512
0 16
1 512
1 512
3 512
1 512
4 512
0 19
1 512
1 512
2 512
2 512
3 512
2 512
1 512
0 20
0 73
0 54
2 512
2 512
1 512
2 512
3 512
0 63
3 512
0 430
2 512
1 512
1 512
1 512
1 512
1 512
1 512
0 19
3 512
1 512
2 512
4 512
1 512
1 512
2 512
3 512
2 512
0 109
0 158
0 45
0 56
0 19
0 163
3 512
3 512
1 512
1 512
2 512
2 512
0 10
0 57
2 512
0 18
2 512
1 512
2 512
1 512
3 512
1 512
1 512
2 512
1 512
4 512
2 512
1 512
1 512
1 512
1 512
0 43
2 512
2 512
2 512
3 512
1 512
1 512
0 72
5 512
0 9
2 512
2 512
2 512
1 512
1 512
1 512
0 218
1 512
2 512
2 512
0 53
1 512
2 512
1 512
1 512
2 512
3 512
1 512
0 15
4 512
2 512
2 512
1 512
1 512
2 512
0 35
0 14
1 512
3 512
0 11
0 137
1 512
1 512
0 9
2 512
2 512
3 512
3 512
0 24
1 512
2 512
1 512
0 28
2 512
1 512
3 512
1 512
1 512
2 512
1 512
4 512
3 512
0 51
2 512
0 140
3 512
0 205
2 512
2 512
0 110
1 512
1 512
3 512
2 512
2 512
0 85
3 512
0 270
2 512
1 512
0 110
0 11
0 88
1 512
0 38
1 512
1 512
3 512
3 512
2 512
0 37
3 512
2 512
0 77
1 512
2 512
2 512
0 24
1 512
2 512
0 49
3 512
0 81
2 512
2 512
1 512
1 512
0 172
2 512
2 512
0 47
2 512
2 512
2 512
1 512
0 56
0 9
2 512
1 512
0 205
3 512
1 512
2 512
4 512
3 512
3 512
3 512
1 512
1 512
2 512
0 107
2 512
2 512
1 512
1 512
2 512
2 512
1 512
3 512
3 512
2 512
0 67
1 512
1 512
1 512
1 512
1 512
2 512
1 512
2 512
2 512
1 512
1 512
0 125
0 71
0 65
1 512
2 512
1 512
1 512
1 512
1 512
2 512
0 103
1 512
3 512
1 512
2 512
2 512
1 512
2 512
3 512
2 512
2 512
2 512
0 67
1 512
1 512
2 512
4 512
0 25
1 512
0 48
0 27
1 512
3 512
2 512
3 512
1 512
0 56
1 512
0 147
0 101
1 512
2 512
1 512
0 33
2 512
1 512
0 94
0 33
2 512
0 90
1 512
1 512
2 512
1 512
0 64
1 512
0 50
2 512
1 512
2 512
2 512
0 58
2 512
1 512
0 22
2 512
1 512
1 512
2 512
1 512
4 512
1 512
3 512
1 512
1 512
0 119
1 512
0 50
1 512
1 512
1 512
2 512
1 512
5 512
0 180
0 31
0 73
0 68
1 512
1 512
0 25
3 512
2 512
2 512
2 512
1 512
0 21
0 85
3 512
1 512
0 42
1 512
1 512
1 512
1 512
