# SA for random K-SAT
# K = 4   N = 1024   M = 9216   seed = 3370886518
# alpha = 9.000000   nIter = 4096  Tmax = 0.200000
# 1:lowestUnsat  2:runTime
3 4096
0 3867
3 4096
3 4096
0 3068
2 4096
3 4096
1 4096
2 4096
2 4096
1 4096
4 4096
0 938
1 4096
1 4096
0 558
1 4096
0 1047
1 4096
4 4096
0 825
4 4096
0 1159
6 4096
0 1286
1 4096
3 4096
5 4096
0 547
2 4096
4 4096
0 3932
3 4096
0 2325
0 561
0 1797
4 4096
2 4096
1 4096
0 1049
4 4096
2 4096
0 1536
3 4096
2 4096
0 1007
1 4096
0 1270
4 4096
2 4096
2 4096
4 4096
2 4096
2 4096
2 4096
0 1988
0 3710
0 1520
0 762
0 1089
2 4096
0 1478
1 4096
0 1246
0 708
1 4096
2 4096
0 412
3 4096
0 1023
0 1571
0 1514
1 4096
2 4096
1 4096
0 3002
1 4096
0 1681
2 4096
2 4096
2 4096
0 2213
0 781
2 4096
2 4096
3 4096
1 4096
1 4096
0 1244
1 4096
0 2301
1 4096
4 4096
0 501
3 4096
3 4096
1 4096
1 4096
2 4096
1 4096
3 4096
1 4096
2 4096
1 4096
2 4096
1 4096
1 4096
4 4096
1 4096
0 2133
1 4096
1 4096
1 4096
5 4096
7 4096
1 4096
2 4096
5 4096
0 776
3 4096
1 4096
4 4096
3 4096
2 4096
1 4096
1 4096
0 541
1 4096
3 4096
5 4096
0 518
2 4096
1 4096
2 4096
5 4096
0 537
2 4096
0 1776
0 1965
5 4096
0 958
2 4096
0 2628
3 4096
1 4096
3 4096
2 4096
5 4096
0 2287
3 4096
5 4096
1 4096
2 4096
6 4096
0 475
4 4096
0 1047
5 4096
2 4096
1 4096
0 1213
1 4096
1 4096
1 4096
1 4096
0 2559
2 4096
1 4096
0 3840
1 4096
1 4096
4 4096
2 4096
5 4096
5 4096
0 2261
2 4096
1 4096
2 4096
3 4096
0 2709
2 4096
4 4096
5 4096
0 3171
0 3450
2 4096
6 4096
5 4096
0 1108
2 4096
2 4096
1 4096
0 350
4 4096
1 4096
7 4096
2 4096
1 4096
0 569
1 4096
5 4096
2 4096
5 4096
2 4096
0 2552
0 2141
1 4096
0 1041
4 4096
0 905
3 4096
3 4096
0 1283
4 4096
2 4096
3 4096
4 4096
4 4096
1 4096
3 4096
2 4096
1 4096
2 4096
1 4096
1 4096
0 862
2 4096
1 4096
1 4096
2 4096
0 3968
3 4096
1 4096
3 4096
4 4096
0 2591
4 4096
3 4096
1 4096
3 4096
2 4096
2 4096
0 2301
1 4096
5 4096
0 1761
4 4096
1 4096
2 4096
1 4096
2 4096
1 4096
0 2503
1 4096
3 4096
0 1038
3 4096
3 4096
3 4096
0 1873
3 4096
1 4096
5 4096
1 4096
0 489
1 4096
0 3113
0 924
0 1732
0 867
2 4096
2 4096
4 4096
0 1523
3 4096
1 4096
2 4096
1 4096
0 3867
3 4096
0 378
2 4096
1 4096
2 4096
1 4096
2 4096
5 4096
0 804
0 1166
4 4096
1 4096
2 4096
1 4096
0 1388
1 4096
0 331
1 4096
0 1243
0 1184
1 4096
6 4096
0 1169
1 4096
2 4096
0 490
3 4096
3 4096
4 4096
1 4096
0 551
4 4096
4 4096
1 4096
0 1311
1 4096
6 4096
2 4096
1 4096
5 4096
3 4096
5 4096
1 4096
1 4096
0 4000
2 4096
1 4096
1 4096
0 2725
1 4096
0 371
0 831
0 1295
1 4096
2 4096
1 4096
1 4096
5 4096
1 4096
7 4096
1 4096
1 4096
2 4096
0 1529
5 4096
0 3932
1 4096
5 4096
3 4096
0 1255
1 4096
1 4096
0 1670
1 4096
6 4096
1 4096
1 4096
3 4096
3 4096
3 4096
5 4096
4 4096
2 4096
3 4096
0 783
3 4096
1 4096
0 1467
3 4096
0 1668
1 4096
0 1224
3 4096
0 1138
3 4096
3 4096
2 4096
3 4096
1 4096
3 4096
4 4096
2 4096
1 4096
0 1274
3 4096
3 4096
1 4096
2 4096
5 4096
1 4096
2 4096
3 4096
0 1083
2 4096
2 4096
0 1155
2 4096
3 4096
1 4096
5 4096
2 4096
1 4096
2 4096
0 1538
2 4096
3 4096
0 1022
4 4096
2 4096
5 4096
3 4096
0 335
2 4096
2 4096
3 4096
4 4096
2 4096
2 4096
3 4096
4 4096
1 4096
0 759
2 4096
2 4096
0 1749
2 4096
3 4096
2 4096
1 4096
7 4096
1 4096
5 4096
9 4096
0 733
1 4096
1 4096
0 210
2 4096
1 4096
0 1220
3 4096
1 4096
0 435
1 4096
0 589
1 4096
2 4096
0 2359
1 4096
1 4096
3 4096
4 4096
1 4096
0 1116
1 4096
1 4096
1 4096
1 4096
0 1362
4 4096
2 4096
1 4096
0 1093
4 4096
1 4096
2 4096
2 4096
5 4096
1 4096
1 4096
1 4096
1 4096
1 4096
0 1344
1 4096
0 656
0 649
5 4096
0 857
5 4096
3 4096
0 1162
1 4096
2 4096
2 4096
3 4096
2 4096
1 4096
5 4096
3 4096
3 4096
2 4096
0 4061
1 4096
0 947
0 932
2 4096
1 4096
0 825
3 4096
3 4096
0 2015
0 428
3 4096
2 4096
0 2187
2 4096
8 4096
1 4096
2 4096
0 1012
3 4096
0 1259
2 4096
2 4096
0 2244
0 898
1 4096
4 4096
1 4096
2 4096
5 4096
2 4096
0 1788
1 4096
5 4096
4 4096
3 4096
5 4096
0 918
2 4096
0 653
0 1045
0 496
0 483
0 665
1 4096
8 4096
3 4096
4 4096
0 1437
2 4096
4 4096
0 1421
2 4096
0 922
0 1033
5 4096
3 4096
1 4096
1 4096
0 426
0 1236
2 4096
1 4096
1 4096
1 4096
4 4096
2 4096
3 4096
0 1119
0 1040
1 4096
0 1101
1 4096
0 1157
0 551
1 4096
2 4096
2 4096
1 4096
1 4096
2 4096
0 1888
2 4096
2 4096
5 4096
2 4096
2 4096
2 4096
1 4096
0 2796
0 541
0 383
1 4096
1 4096
0 510
1 4096
2 4096
0 1174
2 4096
2 4096
1 4096
0 916
1 4096
6 4096
2 4096
0 2358
0 677
1 4096
1 4096
2 4096
5 4096
2 4096
1 4096
1 4096
0 1106
3 4096
0 197
0 1288
1 4096
3 4096
3 4096
1 4096
1 4096
0 2020
4 4096
0 698
0 744
1 4096
3 4096
2 4096
0 679
1 4096
4 4096
5 4096
0 1997
2 4096
4 4096
0 1202
1 4096
2 4096
3 4096
4 4096
6 4096
0 1705
0 2298
0 1096
1 4096
1 4096
1 4096
0 3105
2 4096
2 4096
4 4096
0 1274
0 961
2 4096
3 4096
0 1394
1 4096
1 4096
1 4096
3 4096
2 4096
3 4096
2 4096
2 4096
3 4096
2 4096
1 4096
1 4096
0 1800
3 4096
1 4096
1 4096
3 4096
4 4096
0 1111
0 777
0 3014
0 732
1 4096
0 710
0 1219
1 4096
0 664
1 4096
0 1551
5 4096
0 887
5 4096
0 1266
0 1529
0 3239
1 4096
0 730
1 4096
2 4096
2 4096
0 2928
2 4096
1 4096
2 4096
2 4096
2 4096
8 4096
3 4096
1 4096
1 4096
2 4096
1 4096
4 4096
2 4096
1 4096
4 4096
1 4096
1 4096
0 731
2 4096
3 4096
0 800
1 4096
0 606
0 1306
0 644
0 731
2 4096
0 587
1 4096
1 4096
1 4096
4 4096
4 4096
2 4096
3 4096
1 4096
1 4096
2 4096
0 1322
0 2069
2 4096
3 4096
0 730
1 4096
4 4096
2 4096
0 1137
3 4096
1 4096
1 4096
0 1413
0 2132
3 4096
2 4096
1 4096
5 4096
6 4096
0 638
0 507
1 4096
0 446
1 4096
5 4096
2 4096
1 4096
0 519
0 678
0 2862
0 1505
3 4096
5 4096
4 4096
1 4096
2 4096
1 4096
0 1149
0 1212
1 4096
2 4096
1 4096
1 4096
2 4096
3 4096
3 4096
3 4096
0 1110
1 4096
1 4096
2 4096
4 4096
1 4096
2 4096
2 4096
0 3677
0 2594
0 1308
3 4096
1 4096
0 995
3 4096
1 4096
1 4096
2 4096
2 4096
3 4096
4 4096
1 4096
0 1056
4 4096
3 4096
0 2215
1 4096
4 4096
3 4096
0 433
2 4096
7 4096
1 4096
3 4096
3 4096
1 4096
1 4096
0 1083
4 4096
0 959
1 4096
2 4096
3 4096
0 760
1 4096
2 4096
0 2282
1 4096
2 4096
1 4096
1 4096
4 4096
1 4096
1 4096
1 4096
0 1442
1 4096
3 4096
5 4096
4 4096
0 662
0 764
2 4096
4 4096
2 4096
1 4096
0 600
1 4096
0 2701
0 1102
1 4096
3 4096
2 4096
3 4096
2 4096
1 4096
0 1431
1 4096
3 4096
1 4096
3 4096
3 4096
3 4096
1 4096
0 1139
2 4096
1 4096
2 4096
2 4096
1 4096
2 4096
3 4096
1 4096
2 4096
0 1624
1 4096
2 4096
1 4096
2 4096
0 1746
2 4096
0 461
3 4096
0 1213
2 4096
1 4096
5 4096
1 4096
1 4096
1 4096
0 1581
5 4096
3 4096
0 935
2 4096
1 4096
2 4096
0 1773
4 4096
0 1599
2 4096
1 4096
3 4096
0 642
1 4096
5 4096
0 750
3 4096
3 4096
1 4096
1 4096
3 4096
0 3546
3 4096
3 4096
2 4096
3 4096
0 3744
1 4096
1 4096
0 1236
3 4096
0 524
1 4096
1 4096
0 1614
2 4096
4 4096
0 1620
2 4096
1 4096
1 4096
3 4096
3 4096
2 4096
4 4096
3 4096
1 4096
4 4096
2 4096
0 1483
0 787
1 4096
0 940
0 1516
0 990
1 4096
0 952
1 4096
0 1477
0 1232
1 4096
1 4096
4 4096
0 450
1 4096
0 1620
1 4096
2 4096
2 4096
1 4096
0 1435
3 4096
2 4096
5 4096
2 4096
2 4096
1 4096
1 4096
1 4096
1 4096
5 4096
0 632
1 4096
0 1671
0 2434
0 596
3 4096
4 4096
0 1069
0 983
1 4096
0 699
0 1225
6 4096
0 2453
2 4096
3 4096
0 1019
1 4096
4 4096
2 4096
0 716
1 4096
0 3810
3 4096
2 4096
3 4096
0 1565
0 516
3 4096
0 630
1 4096
0 1588
1 4096
1 4096
1 4096
2 4096
1 4096
0 1514
2 4096
2 4096
1 4096
1 4096
0 509
1 4096
6 4096
2 4096
1 4096
1 4096
0 978
2 4096
4 4096
0 2670
4 4096
3 4096
3 4096
2 4096
2 4096
2 4096
5 4096
2 4096
1 4096
1 4096
0 1892
1 4096
4 4096
0 1299
2 4096
8 4096
3 4096
1 4096
1 4096
2 4096
2 4096
2 4096
1 4096
1 4096
3 4096
3 4096
2 4096
1 4096
0 381
1 4096
4 4096
0 2397
3 4096
1 4096
0 1563
4 4096
0 816
3 4096
1 4096
3 4096
4 4096
1 4096
0 3888
1 4096
0 1045
0 1113
0 1258
0 595
1 4096
0 574
1 4096
0 841
1 4096
3 4096
0 673
2 4096
0 1995
2 4096
2 4096
1 4096
0 3728
2 4096
2 4096
0 625
3 4096
2 4096
4 4096
1 4096
2 4096
3 4096
3 4096
1 4096
2 4096
4 4096
1 4096
1 4096
1 4096
1 4096
1 4096
0 2619
2 4096
0 1741
1 4096
3 4096
1 4096
1 4096
0 2392
1 4096
4 4096
0 1337
1 4096
4 4096
2 4096
0 1176
2 4096
3 4096
2 4096
0 872
0 1140
2 4096
4 4096
1 4096
1 4096
2 4096
1 4096
1 4096
5 4096
3 4096
0 841
0 1055
0 1173
3 4096
1 4096
0 677
4 4096
5 4096
2 4096
2 4096
0 528
0 1906
3 4096
1 4096
1 4096
0 580
0 2046
1 4096
7 4096
2 4096
0 1450
5 4096
4 4096
3 4096
1 4096
0 1605
3 4096
3 4096
6 4096
0 1024
2 4096
3 4096
0 1190
6 4096
0 1952
1 4096
3 4096
1 4096
3 4096
3 4096
0 929
2 4096
0 2679
3 4096
0 1468
4 4096
2 4096
2 4096
1 4096
1 4096
0 2063
2 4096
3 4096
4 4096
1 4096
4 4096
2 4096
0 1158
0 1122
4 4096
2 4096
2 4096
0 1602
0 3726
3 4096
9 4096
1 4096
0 2022
4 4096
0 3569
1 4096
3 4096
2 4096
2 4096
4 4096
0 998
1 4096
0 1265
2 4096
2 4096
4 4096
1 4096
0 2460
6 4096
3 4096
2 4096
4 4096
1 4096
2 4096
0 956
0 1256
3 4096
0 1208
2 4096
2 4096
3 4096
2 4096
1 4096
0 1958
0 1376
7 4096
2 4096
0 2291
1 4096
2 4096
1 4096
3 4096
0 820
1 4096
0 1390
5 4096
3 4096
1 4096
1 4096
3 4096
1 4096
2 4096
1 4096
3 4096
0 985
3 4096
2 4096
1 4096
2 4096
2 4096
1 4096
2 4096
2 4096
3 4096
4 4096
0 633
4 4096
0 1360
3 4096
1 4096
0 1023
5 4096
3 4096
1 4096
2 4096
1 4096
2 4096
0 1699
1 4096
1 4096
1 4096
3 4096
2 4096
1 4096
1 4096
1 4096
1 4096
2 4096
0 1543
3 4096
1 4096
1 4096
2 4096
4 4096
0 486
0 2091
2 4096
0 1067
1 4096
1 4096
4 4096
0 240
1 4096
1 4096
1 4096
3 4096
0 1315
1 4096
1 4096
1 4096
1 4096
1 4096
0 1066
0 1779
1 4096
2 4096
0 743
0 1118
2 4096
2 4096
0 3353
0 1823
2 4096
0 925
1 4096
0 1514
0 2375
0 378
0 698
1 4096
1 4096
3 4096
0 931
1 4096
1 4096
1 4096
2 4096
0 753
0 1844
1 4096
1 4096
6 4096
1 4096
0 829
0 1299
1 4096
0 646
0 730
1 4096
1 4096
0 1318
3 4096
0 434
3 4096
1 4096
0 1708
0 1427
4 4096
0 1183
2 4096
2 4096
1 4096
2 4096
1 4096
0 782
0 677
1 4096
1 4096
4 4096
3 4096
1 4096
4 4096
0 1992
0 1417
0 1771
1 4096
3 4096
1 4096
2 4096
3 4096
1 4096
1 4096
4 4096
0 2613
1 4096
2 4096
1 4096
0 1511
2 4096
0 926
3 4096
0 593
1 4096
2 4096
0 362
1 4096
4 4096
0 1378
3 4096
1 4096
2 4096
1 4096
2 4096
2 4096
6 4096
3 4096
1 4096
0 3667
1 4096
2 4096
1 4096
1 4096
0 1180
0 1930
0 1441
1 4096
0 1748
5 4096
0 1330
0 3216
5 4096
2 4096
1 4096
0 1679
1 4096
0 1184
2 4096
0 827
2 4096
2 4096
0 1186
1 4096
0 716
2 4096
1 4096
2 4096
1 4096
2 4096
0 1333
6 4096
6 4096
3 4096
0 539
2 4096
0 3351
0 668
3 4096
2 4096
1 4096
0 664
3 4096
2 4096
1 4096
2 4096
0 1295
2 4096
4 4096
0 1102
1 4096
1 4096
0 798
2 4096
0 1498
0 1396
3 4096
1 4096
3 4096
0 1162
1 4096
2 4096
1 4096
1 4096
1 4096
1 4096
2 4096
0 2345
1 4096
1 4096
0 510
3 4096
0 741
0 462
1 4096
3 4096
1 4096
1 4096
1 4096
6 4096
5 4096
0 3579
4 4096
0 2070
2 4096
4 4096
0 2812
1 4096
2 4096
2 4096
2 4096
4 4096
1 4096
1 4096
1 4096
0 1466
1 4096
0 2022
4 4096
1 4096
4 4096
1 4096
0 292
3 4096
0 3250
1 4096
2 4096
4 4096
1 4096
3 4096
2 4096
2 4096
3 4096
0 413
1 4096
0 857
1 4096
1 4096
1 4096
6 4096
4 4096
3 4096
0 1259
1 4096
2 4096
2 4096
2 4096
4 4096
3 4096
4 4096
0 4083
0 3941
5 4096
3 4096
0 1223
5 4096
0 1167
0 1407
4 4096
1 4096
2 4096
1 4096
0 525
1 4096
0 1447
7 4096
1 4096
1 4096
0 604
0 1396
2 4096
0 1127
1 4096
0 788
3 4096
0 582
4 4096
1 4096
0 841
3 4096
0 2605
2 4096
3 4096
2 4096
1 4096
0 1076
2 4096
1 4096
2 4096
0 1228
2 4096
0 1337
0 764
0 1604
8 4096
0 1372
1 4096
0 544
3 4096
1 4096
0 498
4 4096
1 4096
1 4096
3 4096
2 4096
2 4096
0 1134
1 4096
1 4096
4 4096
5 4096
5 4096
0 1750
5 4096
0 1179
0 1535
2 4096
0 1280
1 4096
0 1733
0 791
0 1881
6 4096
5 4096
1 4096
1 4096
4 4096
0 1347
0 1460
0 1245
4 4096
1 4096
0 1275
4 4096
0 756
4 4096
3 4096
1 4096
2 4096
1 4096
2 4096
0 2284
2 4096
0 2862
1 4096
2 4096
2 4096
2 4096
1 4096
0 1608
5 4096
5 4096
4 4096
1 4096
0 922
2 4096
5 4096
1 4096
4 4096
1 4096
3 4096
1 4096
1 4096
3 4096
3 4096
0 1010
0 1567
1 4096
1 4096
0 785
3 4096
6 4096
2 4096
3 4096
7 4096
1 4096
2 4096
1 4096
0 1039
1 4096
4 4096
1 4096
3 4096
5 4096
0 1073
0 1999
2 4096
1 4096
4 4096
1 4096
3 4096
4 4096
0 2071
1 4096
1 4096
2 4096
3 4096
1 4096
3 4096
0 792
0 757
1 4096
0 1038
3 4096
1 4096
0 985
2 4096
2 4096
0 1042
1 4096
2 4096
0 1481
1 4096
1 4096
0 2232
2 4096
3 4096
1 4096
2 4096
1 4096
1 4096
0 935
0 1059
2 4096
3 4096
1 4096
2 4096
1 4096
1 4096
2 4096
2 4096
4 4096
3 4096
0 659
4 4096
1 4096
0 3649
0 773
3 4096
1 4096
2 4096
0 1438
2 4096
5 4096
3 4096
0 1445
4 4096
1 4096
4 4096
6 4096
2 4096
3 4096
4 4096
0 3504
2 4096
1 4096
2 4096
2 4096
0 726
1 4096
3 4096
3 4096
3 4096
0 1008
1 4096
2 4096
1 4096
0 1741
2 4096
2 4096
1 4096
0 721
0 907
3 4096
2 4096
1 4096
5 4096
0 1637
2 4096
0 2243
4 4096
0 1561
1 4096
0 564
2 4096
1 4096
1 4096
4 4096
3 4096
1 4096
0 1860
3 4096
0 1463
0 459
1 4096
7 4096
3 4096
4 4096
2 4096
2 4096
1 4096
1 4096
2 4096
1 4096
3 4096
0 944
0 2579
1 4096
0 1684
2 4096
2 4096
1 4096
3 4096
0 1869
2 4096
3 4096
0 1201
3 4096
6 4096
0 234
0 1468
2 4096
4 4096
2 4096
3 4096
0 758
2 4096
0 1352
4 4096
0 1067
0 1683
1 4096
0 1110
3 4096
1 4096
3 4096
0 681
1 4096
1 4096
2 4096
2 4096
1 4096
0 605
2 4096
0 2723
1 4096
0 780
1 4096
0 652
3 4096
3 4096
4 4096
0 1279
4 4096
0 1381
2 4096
1 4096
1 4096
0 1285
3 4096
2 4096
0 980
2 4096
2 4096
1 4096
0 1821
6 4096
2 4096
1 4096
2 4096
1 4096
5 4096
3 4096
0 823
0 2707
2 4096
1 4096
0 812
2 4096
2 4096
0 1472
1 4096
2 4096
3 4096
2 4096
2 4096
2 4096
3 4096
0 2830
2 4096
0 1953
0 2040
4 4096
3 4096
1 4096
2 4096
0 3803
0 2786
1 4096
2 4096
1 4096
0 1412
3 4096
1 4096
3 4096
0 508
2 4096
2 4096
0 2315
1 4096
2 4096
1 4096
2 4096
2 4096
4 4096
2 4096
6 4096
0 3026
1 4096
0 1088
1 4096
0 1108
0 1146
0 1555
2 4096
3 4096
2 4096
4 4096
0 688
0 742
1 4096
0 1483
2 4096
3 4096
1 4096
0 715
2 4096
2 4096
3 4096
0 1567
0 1620
1 4096
1 4096
0 1617
2 4096
1 4096
0 1201
2 4096
0 2122
1 4096
2 4096
2 4096
1 4096
0 391
1 4096
1 4096
1 4096
2 4096
3 4096
4 4096
2 4096
3 4096
2 4096
2 4096
1 4096
2 4096
1 4096
3 4096
4 4096
0 496
1 4096
3 4096
0 327
2 4096
3 4096
1 4096
1 4096
0 1016
5 4096
0 2396
3 4096
2 4096
2 4096
2 4096
5 4096
3 4096
1 4096
3 4096
1 4096
2 4096
1 4096
0 741
2 4096
0 641
4 4096
3 4096
2 4096
1 4096
0 1959
4 4096
2 4096
2 4096
1 4096
0 1011
1 4096
0 2811
2 4096
3 4096
3 4096
1 4096
0 1471
3 4096
0 3560
0 625
1 4096
1 4096
2 4096
0 1694
2 4096
0 1914
0 1564
4 4096
3 4096
3 4096
3 4096
3 4096
1 4096
0 1298
0 991
2 4096
1 4096
1 4096
0 547
1 4096
0 1054
3 4096
2 4096
0 1922
2 4096
1 4096
1 4096
2 4096
0 653
2 4096
1 4096
0 2228
0 1887
1 4096
0 582
1 4096
2 4096
0 1032
4 4096
6 4096
4 4096
2 4096
2 4096
2 4096
0 1004
3 4096
0 3087
3 4096
2 4096
0 1468
4 4096
0 722
3 4096
1 4096
4 4096
2 4096
5 4096
4 4096
2 4096
2 4096
5 4096
2 4096
1 4096
0 1388
1 4096
1 4096
0 759
3 4096
2 4096
1 4096
1 4096
8 4096
2 4096
1 4096
4 4096
5 4096
1 4096
2 4096
1 4096
4 4096
0 865
1 4096
4 4096
1 4096
0 1659
1 4096
0 420
0 322
1 4096
1 4096
3 4096
5 4096
1 4096
1 4096
3 4096
4 4096
0 1493
5 4096
3 4096
0 1725
1 4096
2 4096
4 4096
0 691
0 665
0 1687
0 794
1 4096
5 4096
0 1040
3 4096
1 4096
4 4096
1 4096
1 4096
5 4096
1 4096
1 4096
1 4096
0 830
2 4096
2 4096
5 4096
4 4096
1 4096
4 4096
0 754
0 985
1 4096
2 4096
0 1346
0 2864
3 4096
1 4096
0 784
0 1408
0 2916
0 776
5 4096
1 4096
3 4096
3 4096
1 4096
0 566
0 2292
0 968
2 4096
2 4096
0 1024
2 4096
6 4096
5 4096
0 609
3 4096
5 4096
0 854
0 460
2 4096
1 4096
0 925
3 4096
3 4096
1 4096
4 4096
0 502
4 4096
6 4096
4 4096
1 4096
2 4096
2 4096
1 4096
2 4096
1 4096
1 4096
3 4096
1 4096
1 4096
4 4096
2 4096
1 4096
2 4096
2 4096
0 2187
3 4096
0 1871
0 617
2 4096
2 4096
3 4096
2 4096
2 4096
4 4096
3 4096
0 490
0 774
4 4096
0 849
2 4096
3 4096
2 4096
2 4096
2 4096
1 4096
0 2828
0 1340
0 1040
0 661
3 4096
0 1961
2 4096
0 1520
4 4096
5 4096
2 4096
3 4096
0 547
1 4096
1 4096
1 4096
0 1193
1 4096
0 3813
1 4096
0 1381
0 417
0 1098
4 4096
2 4096
1 4096
5 4096
1 4096
1 4096
3 4096
1 4096
0 1639
4 4096
1 4096
2 4096
1 4096
0 1537
1 4096
2 4096
2 4096
1 4096
1 4096
0 427
2 4096
3 4096
3 4096
1 4096
2 4096
1 4096
0 1069
0 3773
1 4096
3 4096
1 4096
0 2896
6 4096
0 1046
3 4096
2 4096
1 4096
3 4096
1 4096
1 4096
3 4096
1 4096
2 4096
2 4096
0 1484
3 4096
0 1203
1 4096
0 1043
1 4096
1 4096
3 4096
0 1327
1 4096
0 1016
1 4096
1 4096
3 4096
1 4096
1 4096
1 4096
4 4096
1 4096
2 4096
5 4096
1 4096
1 4096
1 4096
3 4096
1 4096
1 4096
1 4096
2 4096
3 4096
1 4096
0 625
2 4096
2 4096
0 818
5 4096
4 4096
1 4096
2 4096
1 4096
1 4096
1 4096
4 4096
3 4096
4 4096
0 3599
5 4096
0 1913
0 1437
1 4096
5 4096
1 4096
3 4096
3 4096
2 4096
2 4096
2 4096
1 4096
3 4096
1 4096
2 4096
0 3181
2 4096
0 771
1 4096
3 4096
1 4096
0 1972
2 4096
0 1477
5 4096
2 4096
3 4096
0 1392
5 4096
1 4096
3 4096
4 4096
1 4096
2 4096
0 909
0 1016
2 4096
0 304
0 1209
0 1924
1 4096
4 4096
5 4096
0 1038
6 4096
1 4096
1 4096
2 4096
2 4096
4 4096
1 4096
1 4096
3 4096
1 4096
3 4096
2 4096
5 4096
6 4096
0 1031
1 4096
2 4096
2 4096
3 4096
4 4096
2 4096
0 928
0 1119
2 4096
0 1511
1 4096
3 4096
3 4096
5 4096
1 4096
1 4096
1 4096
4 4096
1 4096
3 4096
2 4096
0 1015
1 4096
5 4096
3 4096
0 1201
2 4096
1 4096
3 4096
6 4096
1 4096
4 4096
3 4096
0 1062
1 4096
2 4096
0 1491
2 4096
2 4096
1 4096
0 1230
0 1212
2 4096
1 4096
0 1088
0 1271
0 947
6 4096
2 4096
3 4096
0 3348
0 1758
3 4096
0 1366
0 743
2 4096
1 4096
1 4096
2 4096
3 4096
3 4096
0 1850
1 4096
3 4096
1 4096
3 4096
2 4096
2 4096
1 4096
3 4096
4 4096
1 4096
2 4096
0 773
0 1698
3 4096
2 4096
0 1039
1 4096
1 4096
2 4096
0 1709
1 4096
2 4096
1 4096
2 4096
3 4096
2 4096
0 971
1 4096
2 4096
6 4096
1 4096
2 4096
2 4096
0 1480
3 4096
1 4096
2 4096
6 4096
0 929
1 4096
2 4096
0 1013
3 4096
0 2096
0 1404
2 4096
2 4096
2 4096
0 665
5 4096
2 4096
3 4096
6 4096
0 675
0 1159
2 4096
1 4096
6 4096
3 4096
4 4096
0 1610
1 4096
2 4096
0 971
1 4096
1 4096
2 4096
3 4096
3 4096
1 4096
1 4096
2 4096
1 4096
1 4096
0 763
0 1295
2 4096
1 4096
1 4096
3 4096
0 768
1 4096
2 4096
0 689
4 4096
1 4096
2 4096
3 4096
5 4096
6 4096
1 4096
0 1406
2 4096
4 4096
2 4096
2 4096
3 4096
3 4096
3 4096
2 4096
3 4096
1 4096
4 4096
0 1200
2 4096
0 3631
0 1742
3 4096
2 4096
6 4096
5 4096
1 4096
1 4096
0 1062
5 4096
0 1312
3 4096
1 4096
1 4096
2 4096
2 4096
2 4096
3 4096
2 4096
0 1024
2 4096
2 4096
3 4096
0 2914
0 1618
2 4096
0 1559
3 4096
1 4096
1 4096
2 4096
4 4096
2 4096
2 4096
3 4096
2 4096
0 627
1 4096
1 4096
0 294
1 4096
0 802
1 4096
1 4096
3 4096
0 591
1 4096
3 4096
3 4096
3 4096
1 4096
1 4096
1 4096
1 4096
5 4096
6 4096
2 4096
0 2024
3 4096
1 4096
0 943
2 4096
0 2223
0 1247
2 4096
1 4096
0 1087
1 4096
4 4096
0 1943
3 4096
3 4096
0 902
1 4096
2 4096
1 4096
2 4096
0 890
1 4096
0 1553
3 4096
2 4096
3 4096
3 4096
3 4096
2 4096
0 868
1 4096
0 1632
0 1689
0 1008
0 1211
2 4096
3 4096
3 4096
0 3400
0 525
2 4096
2 4096
1 4096
0 1022
3 4096
3 4096
3 4096
0 945
1 4096
0 2300
1 4096
3 4096
4 4096
1 4096
2 4096
3 4096
3 4096
2 4096
4 4096
2 4096
1 4096
1 4096
3 4096
0 765
1 4096
0 993
1 4096
2 4096
1 4096
3 4096
0 2319
1 4096
0 2297
1 4096
1 4096
0 462
3 4096
0 789
1 4096
1 4096
3 4096
5 4096
0 2019
1 4096
2 4096
0 874
0 873
1 4096
0 984
5 4096
1 4096
6 4096
4 4096
0 1967
1 4096
2 4096
6 4096
0 836
2 4096
2 4096
2 4096
1 4096
1 4096
2 4096
2 4096
1 4096
0 1778
2 4096
2 4096
0 2690
2 4096
5 4096
1 4096
3 4096
1 4096
1 4096
1 4096
1 4096
2 4096
1 4096
0 985
1 4096
0 3219
0 2806
2 4096
2 4096
3 4096
1 4096
2 4096
1 4096
0 1035
4 4096
4 4096
1 4096
2 4096
6 4096
3 4096
2 4096
3 4096
3 4096
2 4096
1 4096
1 4096
1 4096
1 4096
1 4096
0 1189
0 1157
1 4096
0 1580
2 4096
4 4096
2 4096
8 4096
2 4096
3 4096
0 3339
0 2454
4 4096
1 4096
3 4096
1 4096
0 1509
1 4096
0 1398
3 4096
3 4096
0 753
0 1451
1 4096
1 4096
1 4096
4 4096
4 4096
3 4096
2 4096
1 4096
2 4096
3 4096
0 1546
5 4096
3 4096
4 4096
0 487
0 741
1 4096
2 4096
1 4096
1 4096
0 552
1 4096
3 4096
0 771
3 4096
2 4096
4 4096
3 4096
0 2212
1 4096
2 4096
1 4096
1 4096
3 4096
4 4096
3 4096
0 766
2 4096
0 1615
3 4096
0 836
2 4096
2 4096
1 4096
0 1224
3 4096
3 4096
1 4096
0 863
0 685
1 4096
0 1411
2 4096
0 2637
4 4096
2 4096
1 4096
1 4096
0 678
2 4096
1 4096
3 4096
1 4096
3 4096
5 4096
1 4096
0 1123
1 4096
0 1607
2 4096
0 619
1 4096
5 4096
3 4096
1 4096
0 964
7 4096
6 4096
1 4096
2 4096
1 4096
1 4096
3 4096
5 4096
3 4096
2 4096
0 1120
4 4096
3 4096
1 4096
2 4096
5 4096
0 4078
2 4096
5 4096
1 4096
1 4096
1 4096
2 4096
1 4096
0 597
1 4096
0 1273
4 4096
0 564
1 4096
2 4096
2 4096
1 4096
1 4096
0 3382
0 940
2 4096
0 920
2 4096
1 4096
4 4096
1 4096
0 1059
7 4096
0 728
2 4096
2 4096
1 4096
0 3736
1 4096
1 4096
1 4096
0 3176
1 4096
3 4096
4 4096
0 791
1 4096
0 1341
7 4096
1 4096
2 4096
2 4096
0 825
1 4096
4 4096
2 4096
1 4096
2 4096
0 1064
3 4096
1 4096
2 4096
0 1431
3 4096
1 4096
1 4096
0 732
0 921
0 3481
4 4096
2 4096
1 4096
2 4096
2 4096
3 4096
2 4096
2 4096
2 4096
0 1020
7 4096
4 4096
0 782
1 4096
1 4096
5 4096
1 4096
3 4096
3 4096
1 4096
6 4096
1 4096
3 4096
2 4096
2 4096
1 4096
0 1726
1 4096
1 4096
0 4037
1 4096
2 4096
1 4096
2 4096
1 4096
3 4096
1 4096
0 1654
0 3455
4 4096
0 3439
0 1247
3 4096
2 4096
7 4096
1 4096
0 423
0 512
0 353
2 4096
4 4096
1 4096
6 4096
3 4096
1 4096
2 4096
0 643
1 4096
2 4096
2 4096
1 4096
2 4096
1 4096
4 4096
5 4096
1 4096
2 4096
1 4096
0 3686
1 4096
0 1603
0 903
5 4096
2 4096
0 1883
2 4096
0 2450
2 4096
0 873
3 4096
2 4096
1 4096
6 4096
0 262
4 4096
0 950
0 1234
0 1502
0 1317
0 1683
0 2358
0 1145
1 4096
6 4096
1 4096
0 1106
3 4096
1 4096
1 4096
1 4096
1 4096
0 413
2 4096
1 4096
1 4096
2 4096
0 1106
5 4096
0 2200
1 4096
5 4096
1 4096
3 4096
2 4096
1 4096
1 4096
3 4096
3 4096
0 1600
2 4096
3 4096
1 4096
5 4096
1 4096
2 4096
1 4096
3 4096
2 4096
0 2387
0 696
3 4096
3 4096
0 3698
0 637
3 4096
2 4096
3 4096
1 4096
3 4096
3 4096
0 2785
6 4096
1 4096
3 4096
0 438
5 4096
0 1013
2 4096
1 4096
0 1480
1 4096
0 1012
2 4096
1 4096
1 4096
3 4096
0 1602
0 3074
1 4096
0 2544
0 1523
0 932
0 2423
1 4096
1 4096
0 1054
6 4096
5 4096
1 4096
0 662
0 2636
2 4096
3 4096
1 4096
1 4096
1 4096
3 4096
5 4096
0 1975
3 4096
2 4096
1 4096
0 660
2 4096
0 796
1 4096
0 4028
2 4096
3 4096
0 3173
1 4096
3 4096
2 4096
4 4096
2 4096
2 4096
6 4096
1 4096
1 4096
1 4096
2 4096
0 1140
1 4096
2 4096
2 4096
2 4096
4 4096
0 925
0 2072
0 2915
1 4096
0 1208
1 4096
0 795
2 4096
4 4096
0 1410
0 361
0 1302
1 4096
0 903
1 4096
3 4096
3 4096
1 4096
0 2395
2 4096
4 4096
4 4096
0 1082
4 4096
2 4096
0 1013
1 4096
0 1100
1 4096
0 760
2 4096
3 4096
2 4096
0 1666
1 4096
2 4096
4 4096
0 2221
3 4096
1 4096
1 4096
4 4096
2 4096
5 4096
1 4096
4 4096
2 4096
0 448
3 4096
0 2819
2 4096
5 4096
1 4096
1 4096
3 4096
1 4096
4 4096
1 4096
6 4096
1 4096
1 4096
2 4096
2 4096
0 1538
2 4096
3 4096
3 4096
1 4096
0 254
5 4096
1 4096
3 4096
0 2053
4 4096
0 784
2 4096
0 2226
0 840
0 599
1 4096
1 4096
0 2209
6 4096
0 2346
1 4096
2 4096
3 4096
3 4096
2 4096
0 983
1 4096
0 1878
5 4096
2 4096
1 4096
0 1217
0 2096
4 4096
5 4096
2 4096
4 4096
6 4096
0 592
2 4096
0 640
1 4096
0 2072
4 4096
1 4096
0 888
4 4096
1 4096
3 4096
1 4096
0 978
1 4096
2 4096
0 704
1 4096
2 4096
1 4096
1 4096
0 924
0 928
4 4096
1 4096
0 1160
0 374
2 4096
5 4096
2 4096
3 4096
1 4096
1 4096
3 4096
1 4096
0 2012
5 4096
3 4096
0 871
0 1592
2 4096
2 4096
7 4096
4 4096
0 3062
0 928
0 4030
3 4096
0 301
1 4096
0 266
2 4096
0 1368
0 1542
1 4096
2 4096
2 4096
5 4096
5 4096
1 4096
1 4096
1 4096
0 3351
1 4096
2 4096
0 2095
1 4096
2 4096
0 2938
0 2073
2 4096
1 4096
2 4096
3 4096
1 4096
1 4096
3 4096
2 4096
1 4096
0 2062
0 1354
1 4096
1 4096
0 1634
0 1013
1 4096
6 4096
0 850
1 4096
2 4096
1 4096
1 4096
4 4096
1 4096
1 4096
4 4096
2 4096
5 4096
6 4096
0 1184
1 4096
2 4096
2 4096
1 4096
0 676
2 4096
2 4096
0 3607
1 4096
1 4096
0 3589
5 4096
3 4096
0 1649
2 4096
0 2920
4 4096
1 4096
1 4096
0 1950
0 1005
1 4096
3 4096
0 695
4 4096
0 1653
2 4096
2 4096
2 4096
2 4096
0 1229
5 4096
1 4096
4 4096
0 689
5 4096
0 1415
1 4096
1 4096
2 4096
1 4096
3 4096
1 4096
1 4096
0 725
0 1186
0 1030
3 4096
0 2013
0 1227
2 4096
0 2880
0 1878
2 4096
1 4096
1 4096
2 4096
1 4096
2 4096
3 4096
0 751
3 4096
0 2127
3 4096
1 4096
0 2502
2 4096
2 4096
0 2641
3 4096
0 1290
3 4096
1 4096
0 649
1 4096
0 2494
2 4096
0 1418
1 4096
0 1699
3 4096
2 4096
1 4096
0 810
1 4096
2 4096
0 1109
0 459
1 4096
2 4096
1 4096
1 4096
2 4096
0 2934
3 4096
0 3900
0 1353
1 4096
0 909
3 4096
6 4096
0 686
2 4096
0 1100
2 4096
0 2777
3 4096
0 1664
3 4096
1 4096
0 638
4 4096
0 1088
1 4096
2 4096
0 1639
4 4096
2 4096
2 4096
0 1490
0 915
0 449
0 212
3 4096
5 4096
3 4096
1 4096
3 4096
1 4096
3 4096
4 4096
3 4096
2 4096
2 4096
1 4096
1 4096
3 4096
1 4096
2 4096
1 4096
2 4096
2 4096
0 595
2 4096
2 4096
2 4096
0 1234
7 4096
2 4096
0 670
4 4096
0 1356
3 4096
1 4096
0 1185
1 4096
2 4096
2 4096
4 4096
0 3025
2 4096
0 3124
3 4096
1 4096
3 4096
5 4096
4 4096
3 4096
1 4096
6 4096
1 4096
0 3757
0 1538
1 4096
8 4096
2 4096
0 748
0 3564
5 4096
2 4096
2 4096
1 4096
1 4096
1 4096
1 4096
4 4096
2 4096
0 2740
4 4096
0 1310
3 4096
2 4096
1 4096
2 4096
3 4096
3 4096
2 4096
4 4096
2 4096
0 1623
1 4096
1 4096
0 1692
2 4096
0 1312
2 4096
0 421
2 4096
4 4096
0 3799
2 4096
0 485
3 4096
0 990
2 4096
6 4096
5 4096
5 4096
3 4096
2 4096
5 4096
2 4096
3 4096
0 699
3 4096
2 4096
3 4096
1 4096
4 4096
0 1630
2 4096
1 4096
5 4096
2 4096
0 2664
4 4096
3 4096
1 4096
3 4096
2 4096
0 944
1 4096
2 4096
0 1085
0 611
1 4096
0 2566
1 4096
1 4096
1 4096
3 4096
2 4096
0 1275
1 4096
4 4096
0 759
1 4096
1 4096
7 4096
2 4096
0 1192
2 4096
5 4096
1 4096
1 4096
1 4096
2 4096
3 4096
2 4096
0 1448
3 4096
4 4096
1 4096
2 4096
2 4096
3 4096
3 4096
0 1103
0 1864
2 4096
1 4096
2 4096
0 1273
1 4096
0 1108
1 4096
2 4096
0 852
1 4096
0 572
5 4096
1 4096
1 4096
1 4096
1 4096
1 4096
1 4096
3 4096
0 3048
4 4096
5 4096
2 4096
2 4096
1 4096
2 4096
1 4096
2 4096
4 4096
3 4096
0 3956
1 4096
2 4096
3 4096
1 4096
0 1290
1 4096
1 4096
2 4096
1 4096
0 1083
3 4096
4 4096
2 4096
3 4096
0 1021
0 3546
0 2286
2 4096
1 4096
2 4096
6 4096
2 4096
0 1199
3 4096
0 844
1 4096
4 4096
2 4096
5 4096
0 3265
0 236
2 4096
2 4096
2 4096
1 4096
0 1897
2 4096
1 4096
2 4096
2 4096
4 4096
1 4096
2 4096
0 1815
0 2232
2 4096
2 4096
1 4096
2 4096
0 973
1 4096
2 4096
1 4096
3 4096
1 4096
3 4096
3 4096
3 4096
6 4096
3 4096
2 4096
1 4096
1 4096
5 4096
0 537
5 4096
3 4096
1 4096
0 2215
1 4096
2 4096
1 4096
1 4096
2 4096
1 4096
2 4096
0 3767
6 4096
1 4096
2 4096
1 4096
1 4096
1 4096
2 4096
1 4096
2 4096
2 4096
1 4096
7 4096
2 4096
3 4096
1 4096
2 4096
2 4096
1 4096
0 1404
0 1299
1 4096
0 2273
1 4096
2 4096
0 1336
2 4096
3 4096
0 1147
1 4096
3 4096
0 1012
2 4096
0 1734
5 4096
7 4096
1 4096
0 1440
3 4096
4 4096
0 2000
0 2127
5 4096
3 4096
0 399
0 1246
0 2541
2 4096
4 4096
0 998
0 1157
2 4096
1 4096
1 4096
0 1415
2 4096
1 4096
2 4096
2 4096
4 4096
1 4096
0 3650
0 1084
1 4096
4 4096
2 4096
0 1928
2 4096
0 1192
3 4096
2 4096
2 4096
4 4096
4 4096
1 4096
2 4096
1 4096
6 4096
3 4096
1 4096
0 2195
0 1500
0 539
0 1114
1 4096
0 2210
1 4096
0 681
0 1703
0 1281
1 4096
1 4096
2 4096
5 4096
0 1691
0 1580
0 478
0 2851
2 4096
4 4096
0 1028
2 4096
2 4096
3 4096
2 4096
0 540
3 4096
0 1391
5 4096
0 1349
4 4096
0 4036
3 4096
1 4096
1 4096
1 4096
1 4096
5 4096
1 4096
0 1941
0 1188
1 4096
0 918
1 4096
2 4096
0 4005
0 1596
0 992
3 4096
1 4096
1 4096
2 4096
0 1044
2 4096
1 4096
5 4096
5 4096
3 4096
2 4096
0 1011
2 4096
0 1388
2 4096
1 4096
0 2295
2 4096
0 1267
0 1705
2 4096
2 4096
0 791
0 563
2 4096
1 4096
0 498
1 4096
0 1292
0 2292
3 4096
0 1152
4 4096
1 4096
1 4096
1 4096
2 4096
0 1547
2 4096
3 4096
1 4096
2 4096
1 4096
4 4096
1 4096
3 4096
0 1379
1 4096
0 812
4 4096
2 4096
1 4096
0 952
8 4096
2 4096
1 4096
2 4096
3 4096
1 4096
1 4096
3 4096
3 4096
2 4096
2 4096
0 1054
2 4096
0 1132
0 467
0 1198
1 4096
1 4096
2 4096
1 4096
2 4096
3 4096
1 4096
4 4096
0 2594
0 796
0 1764
4 4096
3 4096
2 4096
0 1580
1 4096
0 2294
0 2479
2 4096
1 4096
0 910
1 4096
5 4096
4 4096
0 684
0 528
6 4096
5 4096
1 4096
2 4096
3 4096
3 4096
2 4096
3 4096
2 4096
1 4096
0 1830
2 4096
4 4096
0 1449
2 4096
1 4096
0 3877
2 4096
2 4096
0 923
0 2236
1 4096
0 1102
4 4096
2 4096
1 4096
2 4096
1 4096
1 4096
3 4096
1 4096
2 4096
1 4096
0 716
2 4096
5 4096
1 4096
2 4096
3 4096
1 4096
2 4096
4 4096
1 4096
2 4096
0 2492
1 4096
1 4096
0 1488
0 638
0 995
3 4096
0 1303
1 4096
0 786
2 4096
0 456
1 4096
5 4096
2 4096
1 4096
1 4096
1 4096
0 387
5 4096
1 4096
1 4096
3 4096
0 1113
5 4096
0 1662
7 4096
1 4096
3 4096
1 4096
1 4096
8 4096
2 4096
0 715
1 4096
0 898
1 4096
0 1680
0 1096
3 4096
0 681
0 895
3 4096
4 4096
2 4096
0 1227
2 4096
1 4096
0 2959
1 4096
1 4096
1 4096
5 4096
6 4096
4 4096
0 843
3 4096
1 4096
3 4096
0 1805
0 1112
0 1067
0 1901
5 4096
2 4096
3 4096
2 4096
1 4096
4 4096
1 4096
0 2441
1 4096
1 4096
3 4096
1 4096
1 4096
2 4096
0 1181
3 4096
1 4096
0 1307
0 856
0 1499
1 4096
3 4096
1 4096
3 4096
1 4096
1 4096
2 4096
3 4096
1 4096
1 4096
3 4096
1 4096
1 4096
2 4096
4 4096
1 4096
0 701
3 4096
3 4096
0 985
3 4096
2 4096
2 4096
0 1229
4 4096
0 906
1 4096
4 4096
4 4096
3 4096
2 4096
1 4096
2 4096
0 1386
0 1011
0 511
1 4096
5 4096
0 3502
8 4096
0 1951
0 964
1 4096
4 4096
3 4096
1 4096
0 2268
2 4096
1 4096
0 1050
1 4096
0 905
2 4096
0 521
5 4096
0 1419
0 1452
0 1317
6 4096
5 4096
1 4096
1 4096
1 4096
3 4096
4 4096
3 4096
3 4096
0 1062
1 4096
0 1238
1 4096
2 4096
1 4096
0 927
4 4096
2 4096
1 4096
3 4096
1 4096
2 4096
0 960
0 876
1 4096
2 4096
1 4096
0 1389
3 4096
0 1054
0 1119
0 1296
4 4096
0 1370
5 4096
4 4096
0 3972
2 4096
2 4096
0 2205
3 4096
1 4096
0 1080
2 4096
0 1863
3 4096
1 4096
6 4096
0 721
0 532
2 4096
3 4096
1 4096
2 4096
1 4096
2 4096
1 4096
1 4096
2 4096
2 4096
0 1627
7 4096
2 4096
0 932
5 4096
2 4096
1 4096
1 4096
1 4096
1 4096
1 4096
2 4096
1 4096
6 4096
0 694
1 4096
0 3445
1 4096
1 4096
3 4096
1 4096
1 4096
7 4096
0 2070
1 4096
1 4096
2 4096
0 1064
1 4096
6 4096
2 4096
0 1276
1 4096
3 4096
1 4096
0 1421
5 4096
0 3297
2 4096
0 496
1 4096
2 4096
0 451
1 4096
4 4096
1 4096
1 4096
4 4096
2 4096
0 815
0 1005
2 4096
0 2115
1 4096
2 4096
1 4096
1 4096
1 4096
1 4096
1 4096
2 4096
2 4096
4 4096
2 4096
0 3924
1 4096
4 4096
3 4096
0 760
4 4096
2 4096
0 1487
0 854
1 4096
0 840
4 4096
3 4096
6 4096
1 4096
1 4096
1 4096
0 1139
4 4096
0 576
3 4096
2 4096
3 4096
1 4096
1 4096
0 1370
6 4096
5 4096
2 4096
0 769
0 2144
1 4096
2 4096
3 4096
1 4096
5 4096
0 2196
2 4096
0 1178
0 994
1 4096
2 4096
1 4096
0 582
0 842
0 493
0 1612
0 863
2 4096
1 4096
0 1379
0 482
2 4096
0 726
4 4096
1 4096
0 2775
1 4096
1 4096
0 959
1 4096
2 4096
4 4096
1 4096
0 770
0 1711
0 577
4 4096
2 4096
3 4096
3 4096
3 4096
1 4096
4 4096
0 774
2 4096
1 4096
3 4096
0 1122
4 4096
1 4096
6 4096
1 4096
2 4096
2 4096
1 4096
2 4096
4 4096
2 4096
8 4096
0 1114
0 2915
0 936
0 744
5 4096
0 1338
0 788
3 4096
0 868
2 4096
3 4096
1 4096
0 3593
1 4096
2 4096
0 661
3 4096
6 4096
1 4096
1 4096
0 3115
0 1185
3 4096
0 395
2 4096
0 1284
0 733
4 4096
1 4096
3 4096
4 4096
5 4096
3 4096
0 1388
1 4096
3 4096
2 4096
3 4096
0 1371
1 4096
1 4096
0 1310
1 4096
2 4096
1 4096
3 4096
4 4096
5 4096
3 4096
3 4096
3 4096
0 1185
0 1184
1 4096
4 4096
3 4096
3 4096
3 4096
1 4096
1 4096
0 851
5 4096
0 2007
1 4096
0 1647
1 4096
4 4096
1 4096
1 4096
1 4096
3 4096
3 4096
0 788
1 4096
4 4096
0 1546
2 4096
2 4096
2 4096
4 4096
0 3819
3 4096
7 4096
1 4096
1 4096
1 4096
1 4096
3 4096
1 4096
1 4096
2 4096
0 698
2 4096
2 4096
6 4096
2 4096
2 4096
0 1183
5 4096
1 4096
1 4096
4 4096
1 4096
1 4096
1 4096
0 1210
1 4096
2 4096
6 4096
0 2801
4 4096
1 4096
1 4096
4 4096
2 4096
0 2044
1 4096
2 4096
3 4096
0 2245
1 4096
0 910
2 4096
3 4096
0 784
0 3049
2 4096
0 806
0 1692
0 563
1 4096
3 4096
4 4096
2 4096
2 4096
1 4096
4 4096
1 4096
3 4096
8 4096
0 2290
0 1513
0 717
1 4096
1 4096
4 4096
0 2308
1 4096
0 1617
2 4096
1 4096
2 4096
1 4096
1 4096
0 3560
0 2282
0 403
2 4096
1 4096
1 4096
1 4096
0 2389
0 3187
0 1196
1 4096
1 4096
3 4096
1 4096
2 4096
1 4096
4 4096
0 1893
1 4096
0 3139
0 1739
1 4096
3 4096
1 4096
2 4096
0 2860
3 4096
3 4096
3 4096
2 4096
3 4096
0 1420
2 4096
1 4096
1 4096
1 4096
0 2039
1 4096
4 4096
3 4096
5 4096
4 4096
1 4096
2 4096
4 4096
0 2890
0 2029
1 4096
3 4096
4 4096
3 4096
0 3183
2 4096
2 4096
3 4096
3 4096
1 4096
2 4096
1 4096
1 4096
1 4096
5 4096
6 4096
3 4096
1 4096
3 4096
2 4096
1 4096
1 4096
0 399
1 4096
1 4096
3 4096
1 4096
0 1985
3 4096
1 4096
1 4096
0 778
2 4096
5 4096
3 4096
4 4096
1 4096
3 4096
1 4096
2 4096
1 4096
3 4096
2 4096
1 4096
1 4096
3 4096
2 4096
0 1089
3 4096
2 4096
0 1604
1 4096
0 3561
2 4096
0 3115
1 4096
2 4096
0 1270
1 4096
4 4096
3 4096
0 739
2 4096
2 4096
0 710
1 4096
2 4096
1 4096
0 1086
0 1232
2 4096
3 4096
0 445
1 4096
1 4096
2 4096
2 4096
4 4096
1 4096
1 4096
0 1341
0 1326
5 4096
3 4096
4 4096
1 4096
1 4096
4 4096
0 471
3 4096
1 4096
2 4096
1 4096
1 4096
2 4096
0 1021
5 4096
2 4096
1 4096
0 654
4 4096
1 4096
0 1113
1 4096
0 618
3 4096
0 1023
1 4096
1 4096
2 4096
2 4096
4 4096
0 2852
1 4096
0 1829
0 2794
1 4096
3 4096
0 1171
1 4096
2 4096
0 299
5 4096
3 4096
1 4096
3 4096
0 2584
0 1384
0 780
1 4096
1 4096
1 4096
3 4096
5 4096
0 978
3 4096
0 809
5 4096
1 4096
1 4096
2 4096
0 2670
1 4096
3 4096
4 4096
0 1411
2 4096
0 761
2 4096
2 4096
5 4096
0 1000
5 4096
2 4096
0 1214
0 3134
1 4096
2 4096
1 4096
4 4096
3 4096
1 4096
0 1515
6 4096
3 4096
1 4096
2 4096
2 4096
1 4096
0 662
1 4096
0 1901
1 4096
4 4096
2 4096
1 4096
6 4096
1 4096
0 1037
0 828
0 1078
2 4096
2 4096
0 552
0 365
2 4096
1 4096
3 4096
2 4096
1 4096
6 4096
0 1901
0 1226
0 199
1 4096
0 1317
3 4096
6 4096
7 4096
2 4096
0 791
0 404
3 4096
2 4096
1 4096
1 4096
1 4096
1 4096
2 4096
0 2477
1 4096
1 4096
2 4096
0 2977
1 4096
2 4096
0 1327
4 4096
1 4096
3 4096
2 4096
1 4096
0 1193
1 4096
0 859
3 4096
2 4096
2 4096
0 786
1 4096
0 548
2 4096
3 4096
2 4096
3 4096
1 4096
0 2063
1 4096
2 4096
1 4096
2 4096
2 4096
0 915
2 4096
2 4096
2 4096
0 524
1 4096
3 4096
5 4096
1 4096
1 4096
4 4096
2 4096
2 4096
1 4096
2 4096
1 4096
1 4096
1 4096
0 730
0 675
1 4096
2 4096
0 1827
3 4096
1 4096
4 4096
1 4096
3 4096
0 780
3 4096
0 346
0 538
0 2851
1 4096
0 1079
1 4096
1 4096
0 519
2 4096
2 4096
1 4096
0 913
3 4096
2 4096
1 4096
0 2485
1 4096
5 4096
0 2273
1 4096
0 1201
4 4096
1 4096
0 1578
1 4096
1 4096
4 4096
0 728
2 4096
1 4096
2 4096
2 4096
2 4096
1 4096
2 4096
1 4096
1 4096
0 1455
0 1226
3 4096
3 4096
0 818
4 4096
1 4096
2 4096
3 4096
4 4096
1 4096
1 4096
3 4096
1 4096
8 4096
1 4096
0 1849
1 4096
2 4096
0 1097
4 4096
3 4096
0 1958
1 4096
0 2830
3 4096
4 4096
0 1733
1 4096
3 4096
2 4096
4 4096
0 1587
0 1948
5 4096
3 4096
1 4096
0 489
1 4096
3 4096
3 4096
5 4096
1 4096
2 4096
2 4096
0 587
0 2347
3 4096
2 4096
3 4096
1 4096
1 4096
0 1896
10 4096
1 4096
0 1104
6 4096
2 4096
1 4096
4 4096
0 647
2 4096
2 4096
1 4096
1 4096
0 976
1 4096
6 4096
0 1564
0 1703
1 4096
0 2278
4 4096
3 4096
1 4096
0 1638
0 1531
1 4096
0 2547
2 4096
6 4096
4 4096
4 4096
1 4096
0 701
2 4096
1 4096
1 4096
1 4096
4 4096
1 4096
6 4096
2 4096
2 4096
4 4096
2 4096
4 4096
0 678
4 4096
1 4096
3 4096
4 4096
2 4096
3 4096
3 4096
2 4096
2 4096
1 4096
0 720
0 2644
1 4096
1 4096
0 889
0 1489
1 4096
2 4096
0 944
0 3257
0 640
3 4096
1 4096
3 4096
3 4096
1 4096
0 1133
3 4096
0 2226
1 4096
4 4096
1 4096
2 4096
2 4096
0 527
0 627
3 4096
2 4096
0 1799
4 4096
4 4096
1 4096
4 4096
2 4096
2 4096
2 4096
0 2741
0 1411
0 1876
0 1555
3 4096
1 4096
1 4096
1 4096
0 1724
2 4096
3 4096
1 4096
3 4096
0 1972
2 4096
7 4096
3 4096
3 4096
3 4096
4 4096
2 4096
0 866
2 4096
0 1095
1 4096
4 4096
0 2469
1 4096
2 4096
0 1627
4 4096
0 2171
2 4096
1 4096
1 4096
0 1199
2 4096
4 4096
2 4096
3 4096
0 1460
0 1383
2 4096
0 1591
2 4096
1 4096
2 4096
1 4096
1 4096
0 433
2 4096
1 4096
2 4096
0 3525
2 4096
1 4096
0 1781
1 4096
2 4096
6 4096
5 4096
0 2514
4 4096
2 4096
2 4096
2 4096
0 855
1 4096
5 4096
0 1685
1 4096
1 4096
3 4096
1 4096
2 4096
3 4096
3 4096
0 952
1 4096
2 4096
2 4096
2 4096
1 4096
4 4096
3 4096
1 4096
0 972
1 4096
2 4096
1 4096
1 4096
3 4096
2 4096
0 943
1 4096
1 4096
5 4096
3 4096
3 4096
1 4096
5 4096
6 4096
0 1778
0 2697
1 4096
2 4096
4 4096
1 4096
2 4096
1 4096
2 4096
2 4096
1 4096
3 4096
2 4096
2 4096
4 4096
2 4096
2 4096
2 4096
0 2111
1 4096
3 4096
0 2274
1 4096
0 494
1 4096
1 4096
0 2460
6 4096
1 4096
0 2544
4 4096
0 3926
3 4096
2 4096
1 4096
0 1075
0 2278
1 4096
4 4096
2 4096
0 828
0 1907
0 1370
1 4096
0 1011
5 4096
1 4096
0 1396
4 4096
1 4096
2 4096
2 4096
0 2928
0 1124
2 4096
0 2082
0 1261
2 4096
2 4096
1 4096
2 4096
1 4096
6 4096
3 4096
4 4096
1 4096
0 341
2 4096
0 833
1 4096
2 4096
2 4096
1 4096
2 4096
4 4096
0 2690
3 4096
3 4096
3 4096
0 423
3 4096
3 4096
1 4096
0 1560
0 689
3 4096
1 4096
0 3096
0 824
3 4096
3 4096
2 4096
0 727
1 4096
1 4096
3 4096
0 633
1 4096
0 942
5 4096
1 4096
2 4096
2 4096
1 4096
2 4096
2 4096
4 4096
1 4096
2 4096
1 4096
0 1926
1 4096
1 4096
1 4096
3 4096
3 4096
2 4096
0 2111
6 4096
2 4096
1 4096
0 1104
0 1832
1 4096
2 4096
1 4096
3 4096
1 4096
7 4096
0 809
1 4096
3 4096
1 4096
1 4096
2 4096
8 4096
7 4096
3 4096
4 4096
0 1218
2 4096
0 512
1 4096
2 4096
3 4096
4 4096
7 4096
4 4096
4 4096
4 4096
0 1805
0 708
6 4096
2 4096
3 4096
1 4096
1 4096
0 438
4 4096
3 4096
1 4096
1 4096
2 4096
0 1737
1 4096
1 4096
0 1401
1 4096
0 1191
1 4096
3 4096
0 754
1 4096
4 4096
2 4096
1 4096
1 4096
2 4096
0 1157
0 634
1 4096
2 4096
0 2025
0 1132
0 3836
1 4096
1 4096
0 700
4 4096
3 4096
0 388
0 1980
4 4096
1 4096
6 4096
1 4096
3 4096
1 4096
2 4096
0 1279
5 4096
1 4096
1 4096
2 4096
2 4096
3 4096
5 4096
0 1025
1 4096
0 1004
1 4096
3 4096
2 4096
4 4096
1 4096
0 1151
2 4096
2 4096
1 4096
1 4096
3 4096
0 559
2 4096
1 4096
2 4096
3 4096
1 4096
1 4096
1 4096
3 4096
3 4096
6 4096
2 4096
2 4096
0 963
2 4096
4 4096
1 4096
2 4096
0 3237
1 4096
1 4096
1 4096
1 4096
0 477
5 4096
1 4096
1 4096
1 4096
4 4096
3 4096
0 884
2 4096
0 833
0 1604
2 4096
0 1441
0 744
0 763
2 4096
4 4096
6 4096
1 4096
0 1133
0 3931
0 677
1 4096
4 4096
2 4096
0 373
5 4096
2 4096
2 4096
0 1118
0 493
1 4096
2 4096
0 1682
3 4096
0 923
2 4096
2 4096
1 4096
1 4096
2 4096
5 4096
1 4096
2 4096
0 1599
1 4096
1 4096
1 4096
4 4096
0 1683
0 650
1 4096
1 4096
1 4096
3 4096
4 4096
2 4096
6 4096
0 1553
2 4096
5 4096
2 4096
2 4096
2 4096
2 4096
5 4096
2 4096
1 4096
1 4096
5 4096
1 4096
0 1243
3 4096
0 1122
0 1320
0 441
4 4096
2 4096
2 4096
1 4096
2 4096
2 4096
5 4096
2 4096
3 4096
0 434
2 4096
3 4096
2 4096
2 4096
6 4096
1 4096
4 4096
0 1356
4 4096
3 4096
1 4096
6 4096
2 4096
2 4096
5 4096
4 4096
1 4096
2 4096
1 4096
3 4096
4 4096
0 889
2 4096
1 4096
2 4096
3 4096
0 1455
1 4096
0 2346
5 4096
0 1390
2 4096
1 4096
0 1628
0 2836
2 4096
3 4096
0 666
3 4096
3 4096
1 4096
3 4096
1 4096
4 4096
0 949
4 4096
1 4096
1 4096
5 4096
4 4096
2 4096
5 4096
0 1014
3 4096
1 4096
0 895
2 4096
1 4096
0 638
0 783
1 4096
4 4096
1 4096
0 484
0 1512
0 3563
1 4096
5 4096
1 4096
5 4096
1 4096
0 1336
0 1104
2 4096
1 4096
3 4096
0 1033
0 890
0 3560
1 4096
0 912
1 4096
1 4096
4 4096
2 4096
4 4096
2 4096
1 4096
0 488
1 4096
4 4096
1 4096
2 4096
3 4096
1 4096
0 836
5 4096
2 4096
0 574
0 1225
2 4096
0 447
3 4096
0 666
2 4096
0 3686
4 4096
5 4096
1 4096
4 4096
4 4096
0 646
1 4096
0 733
0 1049
1 4096
2 4096
2 4096
3 4096
1 4096
2 4096
2 4096
3 4096
1 4096
4 4096
3 4096
3 4096
6 4096
0 1408
2 4096
0 901
0 2137
0 2822
0 929
1 4096
1 4096
0 523
1 4096
0 550
5 4096
3 4096
3 4096
3 4096
0 2274
1 4096
1 4096
1 4096
0 1582
0 896
2 4096
0 1363
3 4096
0 3148
1 4096
1 4096
0 522
3 4096
2 4096
1 4096
6 4096
4 4096
1 4096
1 4096
2 4096
2 4096
5 4096
2 4096
2 4096
1 4096
3 4096
3 4096
2 4096
3 4096
3 4096
1 4096
2 4096
1 4096
1 4096
1 4096
2 4096
8 4096
2 4096
2 4096
3 4096
0 481
2 4096
2 4096
0 513
2 4096
0 1523
2 4096
1 4096
2 4096
0 1203
1 4096
4 4096
0 1311
3 4096
2 4096
2 4096
4 4096
0 440
2 4096
1 4096
0 924
0 1547
0 708
1 4096
1 4096
1 4096
2 4096
0 1814
0 1019
2 4096
2 4096
1 4096
0 4037
0 780
2 4096
0 2744
2 4096
2 4096
4 4096
2 4096
1 4096
2 4096
3 4096
2 4096
0 3452
1 4096
2 4096
2 4096
3 4096
1 4096
0 1967
2 4096
1 4096
0 882
2 4096
3 4096
0 521
0 504
2 4096
3 4096
0 1534
6 4096
0 1731
2 4096
0 663
2 4096
3 4096
0 1362
0 1312
1 4096
0 3877
1 4096
2 4096
1 4096
1 4096
2 4096
3 4096
7 4096
0 1020
1 4096
0 2766
1 4096
2 4096
2 4096
1 4096
0 2404
1 4096
1 4096
1 4096
2 4096
1 4096
2 4096
2 4096
3 4096
2 4096
3 4096
0 890
5 4096
6 4096
1 4096
3 4096
3 4096
3 4096
2 4096
0 1327
4 4096
2 4096
2 4096
4 4096
4 4096
2 4096
3 4096
2 4096
2 4096
3 4096
1 4096
1 4096
0 1617
1 4096
0 665
0 1894
0 1302
0 1191
0 936
0 2909
6 4096
3 4096
1 4096
1 4096
4 4096
0 1013
1 4096
2 4096
2 4096
2 4096
0 523
1 4096
0 959
2 4096
6 4096
1 4096
0 1568
1 4096
4 4096
4 4096
1 4096
1 4096
6 4096
1 4096
3 4096
2 4096
1 4096
2 4096
0 702
0 2256
4 4096
3 4096
0 483
2 4096
0 355
1 4096
2 4096
4 4096
0 3225
0 1244
1 4096
0 3885
0 1639
3 4096
2 4096
1 4096
1 4096
2 4096
0 1226
0 810
2 4096
1 4096
3 4096
0 678
1 4096
3 4096
1 4096
0 479
0 1178
0 2200
2 4096
3 4096
0 2850
1 4096
2 4096
1 4096
3 4096
1 4096
2 4096
4 4096
4 4096
2 4096
1 4096
2 4096
4 4096
3 4096
4 4096
0 1409
3 4096
1 4096
1 4096
0 571
5 4096
2 4096
5 4096
0 491
4 4096
1 4096
1 4096
6 4096
1 4096
1 4096
1 4096
3 4096
1 4096
0 808
3 4096
0 396
3 4096
0 750
0 515
2 4096
1 4096
1 4096
3 4096
3 4096
2 4096
2 4096
2 4096
0 1230
0 3961
5 4096
0 1403
1 4096
3 4096
3 4096
1 4096
1 4096
0 693
2 4096
1 4096
2 4096
3 4096
0 2266
3 4096
3 4096
2 4096
4 4096
3 4096
1 4096
5 4096
1 4096
2 4096
4 4096
1 4096
4 4096
3 4096
6 4096
2 4096
1 4096
1 4096
2 4096
6 4096
1 4096
1 4096
2 4096
1 4096
5 4096
2 4096
0 476
1 4096
0 1554
1 4096
5 4096
2 4096
1 4096
1 4096
1 4096
0 1189
2 4096
3 4096
0 1397
2 4096
0 850
0 745
1 4096
0 3262
1 4096
0 2307
4 4096
1 4096
1 4096
1 4096
0 1496
2 4096
2 4096
0 462
1 4096
2 4096
0 1204
1 4096
2 4096
0 1190
0 955
1 4096
1 4096
3 4096
5 4096
2 4096
0 1462
0 2909
2 4096
1 4096
4 4096
3 4096
1 4096
1 4096
0 222
1 4096
0 941
1 4096
1 4096
4 4096
0 1850
0 687
0 824
4 4096
6 4096
0 806
1 4096
0 1102
1 4096
2 4096
0 916
1 4096
0 429
1 4096
3 4096
0 1705
3 4096
1 4096
2 4096
3 4096
0 1560
7 4096
0 1804
2 4096
2 4096
3 4096
3 4096
3 4096
0 1412
0 1180
3 4096
1 4096
1 4096
4 4096
2 4096
1 4096
1 4096
1 4096
1 4096
4 4096
0 3713
0 2487
2 4096
0 792
1 4096
4 4096
3 4096
0 1013
3 4096
0 1616
0 2136
3 4096
6 4096
2 4096
0 856
3 4096
1 4096
2 4096
2 4096
4 4096
3 4096
2 4096
2 4096
0 3269
0 726
2 4096
1 4096
2 4096
2 4096
0 898
3 4096
0 819
0 748
2 4096
4 4096
1 4096
2 4096
1 4096
5 4096
3 4096
2 4096
3 4096
0 950
2 4096
4 4096
1 4096
2 4096
1 4096
2 4096
1 4096
1 4096
0 2264
3 4096
2 4096
1 4096
0 613
2 4096
0 544
0 1149
1 4096
2 4096
1 4096
2 4096
1 4096
3 4096
4 4096
2 4096
0 1453
0 1684
4 4096
3 4096
1 4096
0 1216
3 4096
0 1333
0 1671
0 1020
4 4096
1 4096
4 4096
0 780
2 4096
4 4096
1 4096
1 4096
2 4096
2 4096
0 872
0 878
0 1259
3 4096
1 4096
0 2797
1 4096
3 4096
0 2036
1 4096
0 1705
2 4096
3 4096
3 4096
1 4096
1 4096
4 4096
1 4096
3 4096
1 4096
1 4096
3 4096
2 4096
1 4096
4 4096
3 4096
0 2531
1 4096
0 1154
4 4096
2 4096
5 4096
4 4096
4 4096
3 4096
4 4096
4 4096
4 4096
2 4096
3 4096
1 4096
1 4096
4 4096
6 4096
3 4096
2 4096
3 4096
1 4096
1 4096
1 4096
4 4096
1 4096
2 4096
1 4096
4 4096
2 4096
0 945
3 4096
0 397
0 2743
0 2355
2 4096
1 4096
5 4096
0 3467
2 4096
4 4096
1 4096
3 4096
0 415
0 3044
1 4096
0 1105
0 571
2 4096
3 4096
5 4096
0 1992
5 4096
0 441
3 4096
0 474
6 4096
0 2616
4 4096
4 4096
2 4096
3 4096
0 1198
2 4096
1 4096
4 4096
3 4096
2 4096
0 1507
0 1690
3 4096
1 4096
2 4096
4 4096
1 4096
0 1489
1 4096
1 4096
0 1564
1 4096
4 4096
4 4096
0 1913
0 3014
0 411
0 4000
1 4096
3 4096
2 4096
3 4096
1 4096
4 4096
0 1039
1 4096
3 4096
0 1253
3 4096
0 618
0 1121
0 1141
0 1087
0 712
4 4096
1 4096
2 4096
0 585
1 4096
3 4096
0 1509
2 4096
0 668
3 4096
1 4096
2 4096
4 4096
2 4096
5 4096
1 4096
3 4096
3 4096
0 1215
0 2378
2 4096
4 4096
1 4096
3 4096
0 927
1 4096
0 1459
0 873
0 3165
5 4096
2 4096
4 4096
2 4096
0 1505
1 4096
1 4096
3 4096
2 4096
2 4096
1 4096
0 1554
0 2509
4 4096
7 4096
1 4096
0 1556
2 4096
3 4096
4 4096
2 4096
1 4096
0 1156
3 4096
0 1578
0 850
2 4096
0 1002
6 4096
1 4096
0 774
0 1872
1 4096
1 4096
3 4096
3 4096
0 1734
1 4096
0 811
2 4096
0 1185
0 2301
6 4096
3 4096
1 4096
1 4096
1 4096
2 4096
0 2210
1 4096
1 4096
0 3599
0 417
1 4096
4 4096
2 4096
0 1375
3 4096
0 762
1 4096
3 4096
2 4096
1 4096
0 768
2 4096
1 4096
0 2238
2 4096
3 4096
2 4096
1 4096
2 4096
1 4096
4 4096
4 4096
2 4096
1 4096
1 4096
1 4096
5 4096
3 4096
2 4096
0 1476
4 4096
1 4096
4 4096
1 4096
1 4096
0 431
1 4096
5 4096
2 4096
6 4096
1 4096
1 4096
2 4096
2 4096
1 4096
3 4096
5 4096
0 1520
0 2832
0 872
4 4096
2 4096
2 4096
3 4096
0 1190
0 563
0 2488
3 4096
2 4096
1 4096
6 4096
0 1699
1 4096
3 4096
1 4096
2 4096
0 1167
0 675
4 4096
0 2209
1 4096
2 4096
0 985
0 3019
2 4096
2 4096
0 1641
1 4096
3 4096
0 1371
0 1176
4 4096
0 1099
0 3191
0 1144
1 4096
1 4096
1 4096
3 4096
1 4096
3 4096
0 2460
1 4096
4 4096
1 4096
2 4096
2 4096
3 4096
2 4096
0 1168
1 4096
1 4096
5 4096
0 1275
3 4096
3 4096
0 1627
0 830
1 4096
5 4096
3 4096
2 4096
2 4096
5 4096
1 4096
0 2454
2 4096
0 744
2 4096
1 4096
2 4096
2 4096
4 4096
5 4096
1 4096
3 4096
2 4096
1 4096
1 4096
1 4096
2 4096
3 4096
2 4096
2 4096
2 4096
1 4096
0 958
4 4096
2 4096
3 4096
1 4096
1 4096
3 4096
1 4096
4 4096
1 4096
4 4096
3 4096
1 4096
2 4096
4 4096
2 4096
1 4096
0 645
1 4096
1 4096
0 827
2 4096
0 643
4 4096
2 4096
5 4096
2 4096
3 4096
5 4096
1 4096
2 4096
0 1667
2 4096
1 4096
5 4096
0 287
1 4096
8 4096
4 4096
6 4096
1 4096
2 4096
4 4096
0 1297
3 4096
1 4096
2 4096
1 4096
0 2408
3 4096
1 4096
0 703
2 4096
0 1164
1 4096
2 4096
1 4096
2 4096
0 2789
0 2838
2 4096
3 4096
4 4096
2 4096
5 4096
1 4096
3 4096
0 833
3 4096
0 703
0 1109
0 645
6 4096
2 4096
2 4096
4 4096
0 3670
3 4096
2 4096
1 4096
0 1495
1 4096
2 4096
0 1684
0 2216
3 4096
1 4096
2 4096
0 1068
3 4096
1 4096
2 4096
1 4096
3 4096
3 4096
1 4096
2 4096
0 1418
2 4096
1 4096
1 4096
1 4096
1 4096
0 2165
1 4096
1 4096
3 4096
2 4096
1 4096
3 4096
1 4096
1 4096
0 735
1 4096
1 4096
3 4096
1 4096
0 2841
1 4096
0 2590
0 622
3 4096
0 3503
2 4096
3 4096
6 4096
4 4096
3 4096
3 4096
4 4096
2 4096
3 4096
2 4096
0 1829
4 4096
2 4096
1 4096
0 708
2 4096
1 4096
1 4096
1 4096
1 4096
1 4096
1 4096
2 4096
5 4096
2 4096
0 919
0 913
1 4096
1 4096
1 4096
2 4096
4 4096
3 4096
0 641
2 4096
2 4096
3 4096
0 3325
3 4096
1 4096
0 2716
2 4096
1 4096
0 1527
1 4096
2 4096
4 4096
0 2733
2 4096
0 1290
2 4096
2 4096
2 4096
0 540
1 4096
0 824
1 4096
1 4096
2 4096
1 4096
3 4096
3 4096
1 4096
2 4096
1 4096
6 4096
1 4096
2 4096
5 4096
8 4096
1 4096
0 1635
1 4096
2 4096
0 893
1 4096
0 320
7 4096
0 1418
4 4096
1 4096
2 4096
0 918
3 4096
1 4096
1 4096
1 4096
0 764
2 4096
0 1178
3 4096
2 4096
3 4096
3 4096
2 4096
4 4096
3 4096
0 2052
3 4096
3 4096
3 4096
1 4096
0 1074
5 4096
0 2257
0 985
1 4096
4 4096
1 4096
3 4096
0 2692
2 4096
0 670
4 4096
2 4096
0 1729
2 4096
2 4096
2 4096
0 539
0 2050
3 4096
1 4096
3 4096
1 4096
0 839
2 4096
3 4096
0 962
2 4096
1 4096
1 4096
1 4096
0 1108
0 851
1 4096
1 4096
0 1585
1 4096
0 1295
3 4096
3 4096
2 4096
1 4096
4 4096
2 4096
3 4096
3 4096
3 4096
3 4096
1 4096
3 4096
0 784
2 4096
0 3363
0 603
0 600
5 4096
0 874
0 1361
2 4096
0 2246
5 4096
2 4096
1 4096
1 4096
4 4096
2 4096
2 4096
0 1634
2 4096
1 4096
1 4096
2 4096
0 533
1 4096
2 4096
1 4096
4 4096
5 4096
3 4096
0 764
0 3447
1 4096
4 4096
0 1843
2 4096
0 1958
4 4096
1 4096
6 4096
2 4096
1 4096
0 1565
4 4096
0 953
0 1056
1 4096
0 827
2 4096
1 4096
2 4096
1 4096
3 4096
4 4096
7 4096
1 4096
3 4096
1 4096
0 3887
4 4096
1 4096
1 4096
0 303
6 4096
5 4096
0 1951
4 4096
3 4096
3 4096
0 795
1 4096
1 4096
0 476
3 4096
1 4096
6 4096
0 699
1 4096
3 4096
0 3911
1 4096
2 4096
5 4096
1 4096
4 4096
0 1536
0 437
0 2829
2 4096
2 4096
1 4096
1 4096
2 4096
3 4096
6 4096
1 4096
0 1271
1 4096
0 719
2 4096
2 4096
5 4096
3 4096
3 4096
1 4096
2 4096
2 4096
2 4096
1 4096
4 4096
4 4096
4 4096
2 4096
0 1770
3 4096
0 2529
2 4096
2 4096
3 4096
3 4096
0 1612
1 4096
1 4096
2 4096
1 4096
3 4096
3 4096
1 4096
1 4096
7 4096
2 4096
1 4096
0 1738
2 4096
0 1101
1 4096
3 4096
2 4096
4 4096
1 4096
1 4096
1 4096
0 429
2 4096
5 4096
1 4096
0 685
0 640
3 4096
2 4096
7 4096
2 4096
4 4096
7 4096
2 4096
2 4096
1 4096
1 4096
2 4096
2 4096
3 4096
2 4096
0 1525
4 4096
1 4096
3 4096
0 2436
1 4096
3 4096
0 1421
0 855
1 4096
1 4096
4 4096
4 4096
0 340
1 4096
0 2227
1 4096
1 4096
0 1397
2 4096
0 2231
0 655
1 4096
2 4096
0 2217
4 4096
2 4096
2 4096
0 616
1 4096
2 4096
3 4096
1 4096
1 4096
1 4096
1 4096
1 4096
2 4096
3 4096
1 4096
4 4096
2 4096
0 1444
3 4096
7 4096
2 4096
1 4096
4 4096
1 4096
2 4096
3 4096
0 1464
0 1357
1 4096
4 4096
0 614
4 4096
0 1414
0 1054
3 4096
0 1959
5 4096
1 4096
5 4096
1 4096
1 4096
0 1340
3 4096
2 4096
0 1170
3 4096
2 4096
2 4096
5 4096
2 4096
2 4096
0 738
1 4096
1 4096
5 4096
1 4096
3 4096
5 4096
0 839
4 4096
4 4096
3 4096
4 4096
0 737
2 4096
2 4096
0 716
1 4096
2 4096
0 700
1 4096
0 514
1 4096
2 4096
2 4096
1 4096
0 581
4 4096
0 475
0 736
1 4096
1 4096
4 4096
0 808
0 1511
0 3257
3 4096
0 1997
2 4096
0 638
1 4096
1 4096
0 798
5 4096
4 4096
3 4096
1 4096
1 4096
0 1269
2 4096
0 569
1 4096
2 4096
4 4096
2 4096
0 740
1 4096
3 4096
4 4096
2 4096
4 4096
3 4096
4 4096
2 4096
1 4096
0 996
1 4096
3 4096
0 1398
1 4096
3 4096
3 4096
2 4096
1 4096
3 4096
2 4096
1 4096
0 968
0 670
2 4096
1 4096
3 4096
0 2613
0 474
3 4096
1 4096
0 576
0 854
6 4096
2 4096
2 4096
1 4096
0 3940
0 1433
2 4096
1 4096
0 1132
0 1206
2 4096
0 809
3 4096
0 3629
0 1761
2 4096
0 542
2 4096
4 4096
1 4096
2 4096
2 4096
1 4096
4 4096
1 4096
4 4096
4 4096
0 723
1 4096
0 1393
0 1703
1 4096
0 1279
1 4096
1 4096
4 4096
1 4096
0 1352
0 3348
1 4096
1 4096
0 1127
2 4096
5 4096
1 4096
3 4096
1 4096
1 4096
0 1688
0 1086
3 4096
1 4096
4 4096
4 4096
2 4096
4 4096
0 473
1 4096
4 4096
2 4096
3 4096
1 4096
1 4096
2 4096
1 4096
0 686
4 4096
4 4096
1 4096
1 4096
0 818
1 4096
0 3997
7 4096
1 4096
4 4096
0 1541
1 4096
2 4096
1 4096
4 4096
1 4096
4 4096
1 4096
0 1140
2 4096
3 4096
0 3425
2 4096
3 4096
0 1005
1 4096
0 1257
1 4096
2 4096
3 4096
0 544
4 4096
0 1787
1 4096
2 4096
2 4096
1 4096
1 4096
1 4096
1 4096
0 1333
1 4096
1 4096
1 4096
0 507
3 4096
1 4096
2 4096
3 4096
2 4096
3 4096
4 4096
3 4096
3 4096
1 4096
3 4096
3 4096
2 4096
1 4096
0 447
4 4096
2 4096
1 4096
2 4096
2 4096
3 4096
2 4096
0 655
7 4096
0 1803
1 4096
3 4096
1 4096
1 4096
2 4096
1 4096
3 4096
3 4096
0 2255
3 4096
1 4096
2 4096
0 1498
3 4096
4 4096
0 965
3 4096
1 4096
2 4096
3 4096
0 1543
0 3633
2 4096
1 4096
4 4096
2 4096
0 1608
5 4096
0 1925
4 4096
0 799
1 4096
0 1440
1 4096
0 1233
0 2650
2 4096
0 1206
3 4096
0 740
0 1024
0 3451
3 4096
1 4096
1 4096
0 1377
2 4096
0 896
0 939
5 4096
2 4096
1 4096
1 4096
3 4096
3 4096
0 1984
0 641
0 1527
0 956
1 4096
1 4096
3 4096
1 4096
4 4096
1 4096
3 4096
2 4096
4 4096
1 4096
3 4096
0 1370
1 4096
1 4096
3 4096
1 4096
1 4096
5 4096
1 4096
1 4096
9 4096
4 4096
2 4096
1 4096
1 4096
2 4096
0 440
2 4096
6 4096
5 4096
1 4096
0 933
2 4096
3 4096
2 4096
2 4096
1 4096
0 3624
4 4096
1 4096
1 4096
0 1236
0 1067
2 4096
0 1103
0 880
2 4096
4 4096
11 4096
2 4096
4 4096
2 4096
4 4096
3 4096
0 1600
1 4096
0 1469
2 4096
5 4096
0 634
0 3410
3 4096
0 1391
0 400
4 4096
0 608
5 4096
1 4096
3 4096
2 4096
4 4096
3 4096
4 4096
0 488
2 4096
0 1052
2 4096
1 4096
1 4096
0 2689
4 4096
2 4096
0 3108
2 4096
3 4096
1 4096
3 4096
1 4096
1 4096
0 872
1 4096
3 4096
0 1114
3 4096
4 4096
2 4096
3 4096
0 1794
0 649
0 2198
5 4096
0 3402
1 4096
1 4096
3 4096
3 4096
1 4096
2 4096
1 4096
1 4096
1 4096
3 4096
1 4096
0 324
2 4096
5 4096
2 4096
0 701
1 4096
0 2378
0 1499
2 4096
4 4096
0 1024
2 4096
3 4096
0 1162
1 4096
0 846
3 4096
0 2930
1 4096
2 4096
1 4096
4 4096
0 1975
1 4096
3 4096
3 4096
3 4096
6 4096
1 4096
0 1875
4 4096
1 4096
2 4096
3 4096
3 4096
5 4096
3 4096
1 4096
0 643
0 1273
2 4096
6 4096
0 2944
0 673
3 4096
2 4096
0 987
5 4096
2 4096
3 4096
0 1204
2 4096
1 4096
0 1523
1 4096
5 4096
1 4096
0 882
4 4096
1 4096
0 843
2 4096
2 4096
6 4096
3 4096
1 4096
0 229
2 4096
1 4096
0 2165
3 4096
0 2781
2 4096
0 892
0 1076
6 4096
2 4096
1 4096
1 4096
1 4096
1 4096
1 4096
2 4096
1 4096
1 4096
1 4096
3 4096
3 4096
1 4096
0 2355
0 602
2 4096
2 4096
1 4096
3 4096
2 4096
0 1420
1 4096
4 4096
0 1219
1 4096
3 4096
0 1296
1 4096
0 301
0 1074
4 4096
1 4096
1 4096
3 4096
2 4096
4 4096
5 4096
3 4096
0 690
3 4096
3 4096
0 793
2 4096
1 4096
1 4096
0 1115
1 4096
3 4096
7 4096
1 4096
3 4096
2 4096
0 968
0 2893
0 2298
1 4096
3 4096
0 3097
3 4096
3 4096
2 4096
1 4096
3 4096
2 4096
1 4096
0 1279
5 4096
0 726
3 4096
3 4096
0 1595
0 793
0 2117
2 4096
1 4096
0 2383
0 1654
6 4096
3 4096
0 2203
1 4096
2 4096
3 4096
4 4096
0 615
2 4096
0 2620
0 3558
1 4096
2 4096
3 4096
1 4096
0 904
3 4096
1 4096
2 4096
3 4096
0 1717
3 4096
0 1416
2 4096
0 827
0 2508
0 863
2 4096
1 4096
0 3531
1 4096
3 4096
1 4096
3 4096
4 4096
0 1828
3 4096
1 4096
3 4096
1 4096
6 4096
1 4096
0 825
3 4096
0 757
0 503
3 4096
4 4096
4 4096
2 4096
2 4096
0 1032
1 4096
0 1199
6 4096
1 4096
1 4096
0 478
2 4096
1 4096
1 4096
3 4096
2 4096
2 4096
1 4096
0 1723
4 4096
3 4096
2 4096
6 4096
0 1820
0 445
2 4096
5 4096
1 4096
0 498
0 1112
2 4096
3 4096
2 4096
1 4096
0 1041
2 4096
2 4096
2 4096
2 4096
0 968
2 4096
1 4096
0 1116
1 4096
2 4096
1 4096
1 4096
4 4096
4 4096
0 1916
4 4096
2 4096
2 4096
0 540
0 1412
4 4096
1 4096
2 4096
1 4096
2 4096
1 4096
0 1199
1 4096
2 4096
2 4096
1 4096
0 943
3 4096
0 1832
2 4096
1 4096
2 4096
1 4096
0 617
4 4096
0 3365
4 4096
1 4096
1 4096
0 668
3 4096
1 4096
2 4096
3 4096
2 4096
4 4096
1 4096
0 1036
4 4096
0 1055
1 4096
0 4055
1 4096
0 424
1 4096
5 4096
0 1118
0 1194
2 4096
2 4096
0 1430
2 4096
0 2124
1 4096
0 813
1 4096
1 4096
0 680
6 4096
6 4096
1 4096
0 1412
3 4096
3 4096
0 1356
3 4096
3 4096
3 4096
1 4096
2 4096
2 4096
1 4096
2 4096
2 4096
0 1589
3 4096
0 3095
2 4096
4 4096
0 1895
2 4096
3 4096
0 1214
3 4096
2 4096
0 473
2 4096
2 4096
0 2745
1 4096
0 2640
4 4096
1 4096
4 4096
0 1394
3 4096
2 4096
1 4096
3 4096
1 4096
2 4096
2 4096
2 4096
5 4096
1 4096
1 4096
1 4096
1 4096
3 4096
0 634
1 4096
0 2343
1 4096
0 1678
0 537
0 644
2 4096
2 4096
4 4096
3 4096
1 4096
2 4096
1 4096
1 4096
1 4096
0 1154
2 4096
3 4096
1 4096
1 4096
2 4096
1 4096
3 4096
0 1464
2 4096
0 558
6 4096
2 4096
2 4096
2 4096
1 4096
3 4096
1 4096
4 4096
4 4096
3 4096
1 4096
2 4096
4 4096
4 4096
4 4096
1 4096
3 4096
1 4096
3 4096
4 4096
4 4096
1 4096
0 2672
2 4096
6 4096
0 599
5 4096
5 4096
0 288
0 2349
1 4096
0 440
4 4096
2 4096
1 4096
0 947
1 4096
2 4096
1 4096
3 4096
3 4096
3 4096
2 4096
1 4096
5 4096
1 4096
5 4096
2 4096
1 4096
0 1017
1 4096
0 675
2 4096
0 913
0 2266
0 1085
0 2723
0 2629
1 4096
2 4096
1 4096
3 4096
2 4096
0 804
0 972
1 4096
1 4096
4 4096
5 4096
2 4096
1 4096
2 4096
0 1001
2 4096
2 4096
1 4096
0 1485
1 4096
1 4096
1 4096
2 4096
1 4096
0 1739
2 4096
0 1103
2 4096
1 4096
3 4096
7 4096
3 4096
2 4096
0 858
3 4096
2 4096
0 1773
0 993
3 4096
0 1222
1 4096
1 4096
3 4096
2 4096
5 4096
2 4096
0 1957
0 1279
0 871
0 547
0 842
2 4096
2 4096
2 4096
0 2581
2 4096
2 4096
0 3653
1 4096
1 4096
1 4096
2 4096
0 3679
1 4096
2 4096
0 1903
1 4096
1 4096
2 4096
3 4096
2 4096
0 748
4 4096
0 2656
2 4096
2 4096
0 462
4 4096
1 4096
1 4096
2 4096
1 4096
0 863
8 4096
2 4096
3 4096
0 1202
0 568
3 4096
1 4096
2 4096
3 4096
3 4096
0 2083
5 4096
2 4096
0 510
3 4096
1 4096
2 4096
0 1654
0 309
2 4096
2 4096
0 1039
1 4096
1 4096
1 4096
3 4096
2 4096
2 4096
2 4096
1 4096
1 4096
1 4096
2 4096
2 4096
5 4096
3 4096
4 4096
3 4096
1 4096
1 4096
2 4096
1 4096
1 4096
1 4096
3 4096
0 1191
0 924
3 4096
2 4096
1 4096
0 3514
3 4096
5 4096
3 4096
1 4096
1 4096
2 4096
2 4096
1 4096
0 664
0 1316
0 697
1 4096
0 1162
4 4096
1 4096
1 4096
1 4096
1 4096
1 4096
2 4096
3 4096
1 4096
2 4096
1 4096
1 4096
1 4096
2 4096
3 4096
0 1577
4 4096
1 4096
0 786
0 1077
3 4096
1 4096
0 1656
0 1017
1 4096
0 1136
2 4096
2 4096
2 4096
2 4096
0 856
1 4096
2 4096
0 937
1 4096
1 4096
4 4096
3 4096
1 4096
2 4096
0 1335
1 4096
6 4096
1 4096
0 2445
1 4096
4 4096
1 4096
3 4096
1 4096
1 4096
2 4096
0 707
3 4096
2 4096
5 4096
3 4096
3 4096
2 4096
1 4096
2 4096
3 4096
0 607
5 4096
1 4096
3 4096
2 4096
1 4096
5 4096
1 4096
2 4096
0 979
0 1968
0 1363
3 4096
2 4096
0 2006
3 4096
2 4096
0 1244
2 4096
2 4096
1 4096
2 4096
1 4096
0 1977
1 4096
1 4096
4 4096
1 4096
3 4096
6 4096
1 4096
2 4096
2 4096
2 4096
0 1208
0 894
2 4096
0 1610
3 4096
2 4096
2 4096
3 4096
2 4096
0 1623
2 4096
4 4096
1 4096
4 4096
1 4096
0 1293
2 4096
0 2119
6 4096
1 4096
2 4096
2 4096
0 2584
2 4096
1 4096
0 2273
2 4096
1 4096
6 4096
2 4096
0 532
2 4096
3 4096
2 4096
2 4096
2 4096
1 4096
2 4096
0 3872
4 4096
1 4096
0 1980
2 4096
1 4096
4 4096
0 513
1 4096
7 4096
4 4096
0 1218
1 4096
2 4096
0 1476
2 4096
0 812
2 4096
4 4096
0 1136
0 830
0 826
1 4096
3 4096
1 4096
0 1752
1 4096
8 4096
1 4096
1 4096
2 4096
2 4096
1 4096
1 4096
1 4096
2 4096
0 1372
2 4096
1 4096
1 4096
2 4096
3 4096
0 1350
3 4096
2 4096
0 1653
3 4096
0 3118
0 1049
3 4096
1 4096
0 1096
0 2243
3 4096
0 2017
0 1036
1 4096
1 4096
2 4096
1 4096
2 4096
3 4096
2 4096
0 2273
0 2405
0 1063
1 4096
6 4096
0 778
3 4096
0 870
3 4096
0 1476
3 4096
3 4096
4 4096
1 4096
1 4096
1 4096
0 971
1 4096
3 4096
2 4096
0 1533
0 1912
4 4096
3 4096
1 4096
2 4096
1 4096
0 1516
0 2545
0 891
4 4096
0 1604
3 4096
0 2364
1 4096
3 4096
1 4096
4 4096
5 4096
4 4096
0 615
0 1470
1 4096
1 4096
0 3007
0 736
2 4096
1 4096
0 2385
3 4096
4 4096
5 4096
5 4096
2 4096
4 4096
0 1154
0 1045
3 4096
1 4096
1 4096
3 4096
0 1729
3 4096
0 394
1 4096
1 4096
1 4096
0 3273
4 4096
1 4096
2 4096
1 4096
1 4096
0 2717
0 959
4 4096
0 1407
0 947
1 4096
1 4096
4 4096
3 4096
0 3040
3 4096
6 4096
0 618
1 4096
1 4096
3 4096
2 4096
0 953
1 4096
1 4096
5 4096
1 4096
0 1195
1 4096
0 1241
1 4096
3 4096
0 386
4 4096
8 4096
0 674
1 4096
4 4096
4 4096
1 4096
1 4096
3 4096
2 4096
4 4096
2 4096
1 4096
1 4096
8 4096
1 4096
2 4096
2 4096
1 4096
2 4096
2 4096
2 4096
4 4096
3 4096
0 343
3 4096
0 1841
1 4096
2 4096
1 4096
3 4096
0 685
1 4096
1 4096
1 4096
0 935
7 4096
3 4096
5 4096
4 4096
1 4096
0 973
0 3344
6 4096
3 4096
1 4096
2 4096
2 4096
1 4096
3 4096
1 4096
0 772
0 1982
4 4096
6 4096
3 4096
5 4096
5 4096
1 4096
2 4096
0 1757
2 4096
3 4096
1 4096
2 4096
1 4096
0 1185
0 2141
1 4096
3 4096
1 4096
2 4096
1 4096
1 4096
3 4096
4 4096
0 988
1 4096
4 4096
0 1480
4 4096
2 4096
3 4096
1 4096
2 4096
5 4096
0 852
3 4096
1 4096
0 2241
3 4096
5 4096
1 4096
1 4096
1 4096
1 4096
1 4096
3 4096
5 4096
2 4096
1 4096
2 4096
3 4096
2 4096
1 4096
2 4096
0 1053
0 1594
4 4096
7 4096
0 976
4 4096
3 4096
0 957
1 4096
0 2612
0 985
4 4096
5 4096
1 4096
5 4096
0 2380
3 4096
4 4096
2 4096
4 4096
3 4096
0 932
5 4096
1 4096
2 4096
0 1467
1 4096
0 567
5 4096
0 1648
1 4096
0 3143
2 4096
5 4096
0 464
1 4096
4 4096
6 4096
0 968
0 1047
0 1965
4 4096
1 4096
1 4096
2 4096
0 1535
1 4096
0 1675
3 4096
1 4096
2 4096
2 4096
0 382
0 634
1 4096
0 1022
3 4096
2 4096
3 4096
3 4096
2 4096
1 4096
0 2232
0 387
2 4096
1 4096
1 4096
2 4096
2 4096
3 4096
0 2593
2 4096
1 4096
1 4096
2 4096
0 2433
1 4096
0 858
5 4096
1 4096
1 4096
1 4096
0 1092
2 4096
4 4096
4 4096
1 4096
0 2161
1 4096
3 4096
0 704
0 663
2 4096
0 1543
5 4096
0 2721
2 4096
6 4096
1 4096
2 4096
0 3759
0 1347
6 4096
1 4096
1 4096
6 4096
2 4096
3 4096
1 4096
2 4096
2 4096
1 4096
1 4096
5 4096
3 4096
3 4096
4 4096
1 4096
0 1412
7 4096
1 4096
3 4096
2 4096
2 4096
4 4096
0 3763
3 4096
0 1489
5 4096
2 4096
1 4096
1 4096
2 4096
3 4096
0 2296
3 4096
3 4096
4 4096
1 4096
0 931
3 4096
0 1320
6 4096
3 4096
1 4096
0 1378
0 1090
0 896
2 4096
1 4096
2 4096
3 4096
4 4096
0 2694
4 4096
2 4096
0 1411
5 4096
0 2287
0 533
5 4096
4 4096
0 851
0 1008
4 4096
2 4096
1 4096
0 1188
3 4096
1 4096
0 1796
0 1807
1 4096
2 4096
0 552
3 4096
0 1116
2 4096
0 487
2 4096
1 4096
0 2154
0 1213
0 1515
1 4096
1 4096
1 4096
4 4096
1 4096
2 4096
2 4096
2 4096
0 1538
3 4096
0 906
1 4096
2 4096
0 1893
3 4096
1 4096
0 2860
2 4096
2 4096
2 4096
1 4096
1 4096
3 4096
3 4096
0 3270
0 2223
0 1282
4 4096
1 4096
0 603
0 2933
3 4096
6 4096
1 4096
0 1604
0 1279
1 4096
1 4096
0 2926
1 4096
2 4096
2 4096
4 4096
0 2994
0 3052
2 4096
1 4096
4 4096
1 4096
0 305
0 698
1 4096
0 944
1 4096
5 4096
1 4096
4 4096
6 4096
1 4096
0 1833
2 4096
2 4096
5 4096
2 4096
0 914
4 4096
0 1902
0 741
0 2383
0 924
1 4096
1 4096
2 4096
0 1769
3 4096
3 4096
1 4096
0 1119
1 4096
1 4096
0 2136
1 4096
0 674
2 4096
1 4096
1 4096
4 4096
3 4096
2 4096
4 4096
3 4096
2 4096
1 4096
3 4096
2 4096
0 1240
1 4096
0 510
2 4096
3 4096
0 533
1 4096
0 968
0 212
1 4096
0 583
1 4096
3 4096
3 4096
0 899
1 4096
1 4096
3 4096
1 4096
4 4096
0 1935
0 428
0 550
0 664
1 4096
0 1303
4 4096
1 4096
2 4096
1 4096
1 4096
1 4096
1 4096
0 2298
4 4096
0 1401
1 4096
4 4096
2 4096
2 4096
0 1116
3 4096
0 2618
2 4096
2 4096
1 4096
2 4096
1 4096
2 4096
2 4096
3 4096
2 4096
4 4096
4 4096
2 4096
2 4096
1 4096
0 1063
4 4096
2 4096
1 4096
4 4096
0 945
1 4096
2 4096
0 1286
2 4096
6 4096
0 1116
1 4096
0 1996
0 877
3 4096
2 4096
1 4096
2 4096
1 4096
2 4096
1 4096
1 4096
0 1646
2 4096
2 4096
0 695
0 403
3 4096
3 4096
4 4096
1 4096
2 4096
2 4096
2 4096
3 4096
3 4096
1 4096
2 4096
0 2013
6 4096
0 669
0 3598
1 4096
2 4096
0 681
0 687
3 4096
1 4096
4 4096
3 4096
0 856
6 4096
2 4096
3 4096
1 4096
1 4096
1 4096
5 4096
2 4096
3 4096
3 4096
2 4096
2 4096
1 4096
7 4096
0 1989
1 4096
4 4096
0 773
2 4096
0 1541
1 4096
0 1937
2 4096
0 2002
2 4096
2 4096
4 4096
0 300
1 4096
0 635
1 4096
2 4096
3 4096
0 1067
4 4096
2 4096
2 4096
5 4096
0 1368
0 1334
1 4096
4 4096
1 4096
0 967
4 4096
0 957
3 4096
2 4096
2 4096
5 4096
2 4096
2 4096
5 4096
0 1934
2 4096
2 4096
6 4096
2 4096
2 4096
0 2545
1 4096
4 4096
0 3536
0 876
3 4096
0 1456
2 4096
0 297
5 4096
1 4096
2 4096
4 4096
5 4096
1 4096
0 906
0 2132
1 4096
2 4096
1 4096
2 4096
4 4096
0 1811
1 4096
0 1726
1 4096
1 4096
1 4096
0 1614
2 4096
6 4096
5 4096
0 1893
1 4096
0 944
1 4096
1 4096
4 4096
2 4096
2 4096
5 4096
0 1156
0 1769
1 4096
1 4096
2 4096
1 4096
2 4096
1 4096
4 4096
0 677
0 1828
2 4096
6 4096
0 2635
3 4096
3 4096
0 1186
0 1318
1 4096
0 3634
3 4096
5 4096
4 4096
1 4096
0 1968
3 4096
0 1115
1 4096
5 4096
2 4096
2 4096
1 4096
3 4096
2 4096
2 4096
2 4096
3 4096
0 1590
0 1538
0 1203
3 4096
0 3629
1 4096
2 4096
3 4096
4 4096
4 4096
2 4096
1 4096
1 4096
2 4096
2 4096
2 4096
3 4096
2 4096
0 1513
4 4096
2 4096
4 4096
0 1933
1 4096
3 4096
3 4096
1 4096
0 594
0 662
1 4096
4 4096
2 4096
6 4096
0 510
1 4096
4 4096
0 2955
3 4096
0 1603
0 1015
3 4096
2 4096
1 4096
2 4096
3 4096
5 4096
2 4096
2 4096
1 4096
0 950
2 4096
2 4096
1 4096
0 433
1 4096
4 4096
0 910
4 4096
0 2628
0 1644
2 4096
0 422
1 4096
1 4096
0 733
3 4096
1 4096
5 4096
3 4096
1 4096
3 4096
2 4096
0 2984
2 4096
0 1532
2 4096
3 4096
0 2174
2 4096
4 4096
1 4096
1 4096
2 4096
0 3322
2 4096
3 4096
5 4096
5 4096
0 3736
0 1804
1 4096
5 4096
4 4096
2 4096
0 1068
2 4096
1 4096
0 1573
3 4096
2 4096
2 4096
1 4096
1 4096
0 1333
2 4096
0 1547
1 4096
4 4096
0 3676
2 4096
0 1749
0 1699
2 4096
5 4096
0 766
0 819
1 4096
3 4096
1 4096
0 1056
2 4096
0 710
0 4040
0 363
2 4096
4 4096
2 4096
5 4096
3 4096
4 4096
2 4096
2 4096
1 4096
5 4096
0 1480
2 4096
0 3411
3 4096
3 4096
6 4096
1 4096
2 4096
5 4096
3 4096
2 4096
2 4096
7 4096
5 4096
3 4096
0 670
0 632
1 4096
3 4096
2 4096
1 4096
3 4096
1 4096
3 4096
1 4096
3 4096
1 4096
1 4096
0 568
0 1300
0 516
0 672
3 4096
1 4096
1 4096
1 4096
2 4096
0 1432
1 4096
4 4096
1 4096
0 2145
1 4096
0 894
3 4096
2 4096
1 4096
0 2568
2 4096
3 4096
3 4096
0 1160
1 4096
2 4096
4 4096
0 1837
0 1350
2 4096
1 4096
2 4096
2 4096
0 1089
3 4096
1 4096
2 4096
1 4096
5 4096
0 1297
0 354
0 2832
0 1986
0 200
2 4096
0 997
1 4096
4 4096
1 4096
1 4096
0 1050
1 4096
0 1393
3 4096
0 1858
0 1270
1 4096
2 4096
2 4096
1 4096
1 4096
2 4096
2 4096
2 4096
1 4096
0 2910
2 4096
0 3993
2 4096
2 4096
5 4096
7 4096
0 1915
2 4096
1 4096
1 4096
0 1739
1 4096
3 4096
0 760
1 4096
5 4096
2 4096
1 4096
0 3924
1 4096
0 1774
0 1085
0 556
1 4096
1 4096
4 4096
0 749
1 4096
7 4096
1 4096
4 4096
1 4096
3 4096
2 4096
1 4096
0 1247
2 4096
1 4096
2 4096
1 4096
0 433
3 4096
1 4096
3 4096
0 1336
2 4096
1 4096
2 4096
0 3268
0 1402
2 4096
2 4096
2 4096
2 4096
3 4096
1 4096
6 4096
0 299
2 4096
1 4096
0 535
5 4096
2 4096
0 1435
0 2174
1 4096
3 4096
1 4096
2 4096
1 4096
0 3172
1 4096
3 4096
1 4096
2 4096
3 4096
1 4096
0 581
1 4096
1 4096
0 1093
2 4096
2 4096
1 4096
3 4096
0 470
0 1428
3 4096
4 4096
1 4096
1 4096
7 4096
2 4096
3 4096
0 1142
1 4096
4 4096
2 4096
4 4096
1 4096
1 4096
2 4096
0 544
4 4096
0 1685
3 4096
6 4096
0 1031
1 4096
6 4096
1 4096
1 4096
1 4096
0 1096
1 4096
2 4096
2 4096
2 4096
3 4096
1 4096
1 4096
2 4096
2 4096
1 4096
1 4096
0 635
1 4096
3 4096
1 4096
2 4096
7 4096
1 4096
1 4096
3 4096
1 4096
0 1286
2 4096
0 1211
1 4096
1 4096
0 686
0 1096
1 4096
2 4096
4 4096
5 4096
2 4096
2 4096
6 4096
2 4096
0 1283
3 4096
1 4096
7 4096
0 1792
2 4096
1 4096
0 737
4 4096
4 4096
1 4096
0 442
1 4096
2 4096
2 4096
3 4096
0 1065
7 4096
3 4096
1 4096
1 4096
1 4096
3 4096
3 4096
2 4096
1 4096
1 4096
3 4096
1 4096
2 4096
0 1058
2 4096
5 4096
3 4096
2 4096
1 4096
0 1090
2 4096
1 4096
2 4096
3 4096
3 4096
1 4096
2 4096
1 4096
2 4096
1 4096
0 1560
3 4096
2 4096
0 3177
0 1192
4 4096
1 4096
2 4096
3 4096
1 4096
0 679
5 4096
5 4096
3 4096
4 4096
1 4096
0 2031
0 1275
0 3029
5 4096
2 4096
1 4096
1 4096
0 821
2 4096
0 1036
3 4096
1 4096
1 4096
2 4096
8 4096
1 4096
2 4096
2 4096
1 4096
3 4096
3 4096
2 4096
0 1124
3 4096
3 4096
2 4096
0 1329
0 2354
0 1226
3 4096
1 4096
2 4096
2 4096
1 4096
3 4096
1 4096
1 4096
0 2066
0 938
4 4096
1 4096
0 1803
0 3769
1 4096
0 2199
3 4096
0 554
1 4096
0 3196
2 4096
2 4096
3 4096
0 3077
0 2857
2 4096
1 4096
4 4096
3 4096
3 4096
2 4096
2 4096
1 4096
2 4096
4 4096
0 1413
1 4096
3 4096
2 4096
0 206
2 4096
1 4096
0 1630
0 1279
0 3289
0 1672
4 4096
0 577
3 4096
0 1144
2 4096
3 4096
2 4096
2 4096
0 1040
1 4096
6 4096
4 4096
1 4096
3 4096
1 4096
1 4096
4 4096
1 4096
1 4096
1 4096
3 4096
0 938
2 4096
3 4096
0 1599
4 4096
2 4096
0 680
0 1145
2 4096
3 4096
1 4096
2 4096
4 4096
0 985
0 483
2 4096
5 4096
4 4096
1 4096
2 4096
0 1899
1 4096
2 4096
0 2405
5 4096
0 2951
1 4096
2 4096
6 4096
1 4096
8 4096
4 4096
5 4096
0 2753
2 4096
4 4096
3 4096
4 4096
1 4096
1 4096
1 4096
0 1714
0 334
1 4096
1 4096
3 4096
3 4096
2 4096
3 4096
2 4096
1 4096
2 4096
2 4096
5 4096
3 4096
4 4096
0 1129
4 4096
3 4096
0 990
2 4096
2 4096
2 4096
1 4096
0 715
0 255
3 4096
0 1811
1 4096
0 1902
1 4096
3 4096
1 4096
3 4096
1 4096
2 4096
0 1099
2 4096
1 4096
0 1638
4 4096
3 4096
2 4096
3 4096
1 4096
0 2449
0 1204
0 531
3 4096
0 1931
2 4096
1 4096
3 4096
1 4096
1 4096
0 484
0 718
0 3891
0 2469
2 4096
1 4096
1 4096
2 4096
0 3249
2 4096
0 1889
2 4096
2 4096
0 1871
1 4096
4 4096
1 4096
3 4096
1 4096
0 362
0 358
8 4096
0 903
2 4096
4 4096
5 4096
2 4096
1 4096
4 4096
1 4096
2 4096
2 4096
0 844
2 4096
0 2786
0 682
0 598
0 681
3 4096
3 4096
2 4096
0 1293
1 4096
0 880
2 4096
4 4096
2 4096
2 4096
0 428
1 4096
1 4096
3 4096
3 4096
1 4096
1 4096
1 4096
2 4096
3 4096
0 3022
2 4096
4 4096
2 4096
2 4096
3 4096
3 4096
0 3029
0 2766
0 1625
2 4096
0 1923
2 4096
1 4096
1 4096
2 4096
1 4096
0 915
1 4096
6 4096
0 1597
5 4096
0 1077
2 4096
2 4096
0 789
1 4096
0 466
2 4096
1 4096
0 1474
1 4096
0 740
4 4096
3 4096
1 4096
1 4096
5 4096
0 350
0 1301
3 4096
0 439
1 4096
1 4096
0 1025
0 1200
3 4096
2 4096
5 4096
4 4096
0 2117
1 4096
0 2060
0 1883
0 3918
1 4096
0 1841
1 4096
1 4096
2 4096
1 4096
3 4096
3 4096
0 1242
3 4096
1 4096
1 4096
0 767
4 4096
1 4096
1 4096
0 551
2 4096
2 4096
1 4096
1 4096
1 4096
1 4096
4 4096
2 4096
0 3697
1 4096
0 1008
1 4096
3 4096
2 4096
2 4096
1 4096
1 4096
2 4096
0 1161
0 3106
2 4096
3 4096
4 4096
2 4096
0 3063
0 1403
0 689
0 1269
0 1757
0 525
5 4096
2 4096
1 4096
4 4096
0 807
0 1280
5 4096
1 4096
4 4096
1 4096
1 4096
2 4096
2 4096
0 474
3 4096
4 4096
1 4096
1 4096
1 4096
0 3797
0 698
2 4096
10 4096
1 4096
0 2389
2 4096
3 4096
2 4096
3 4096
0 459
2 4096
0 3984
4 4096
0 1181
3 4096
2 4096
1 4096
2 4096
2 4096
4 4096
3 4096
2 4096
0 3653
0 804
4 4096
2 4096
3 4096
2 4096
3 4096
1 4096
0 2655
1 4096
2 4096
2 4096
2 4096
0 893
0 1243
0 1302
2 4096
1 4096
0 2292
0 816
1 4096
3 4096
3 4096
0 1927
4 4096
0 661
5 4096
0 1294
5 4096
3 4096
1 4096
2 4096
1 4096
1 4096
2 4096
1 4096
5 4096
4 4096
3 4096
3 4096
2 4096
1 4096
0 1029
2 4096
3 4096
0 2173
1 4096
0 1379
2 4096
0 1369
0 835
2 4096
2 4096
1 4096
0 3397
4 4096
0 943
0 1768
2 4096
5 4096
0 409
3 4096
4 4096
1 4096
0 1950
1 4096
0 2462
0 431
0 652
1 4096
2 4096
1 4096
3 4096
0 416
2 4096
1 4096
3 4096
1 4096
1 4096
2 4096
2 4096
1 4096
0 1230
0 1395
0 2107
2 4096
1 4096
1 4096
2 4096
1 4096
0 679
3 4096
1 4096
0 535
0 1977
2 4096
0 2973
0 1193
1 4096
1 4096
1 4096
1 4096
1 4096
1 4096
3 4096
2 4096
1 4096
1 4096
1 4096
0 1046
1 4096
0 2832
6 4096
0 1070
4 4096
3 4096
4 4096
0 3012
0 775
2 4096
0 981
0 1051
1 4096
0 905
4 4096
1 4096
2 4096
1 4096
1 4096
1 4096
0 714
2 4096
2 4096
4 4096
5 4096
4 4096
1 4096
0 301
1 4096
0 476
2 4096
1 4096
5 4096
0 1113
2 4096
1 4096
1 4096
2 4096
2 4096
3 4096
4 4096
1 4096
3 4096
1 4096
0 1538
2 4096
5 4096
1 4096
2 4096
1 4096
3 4096
4 4096
0 1773
5 4096
4 4096
3 4096
3 4096
0 737
3 4096
0 1076
2 4096
2 4096
5 4096
1 4096
1 4096
1 4096
1 4096
1 4096
3 4096
1 4096
1 4096
5 4096
2 4096
1 4096
5 4096
2 4096
2 4096
1 4096
4 4096
0 2405
4 4096
2 4096
1 4096
1 4096
0 1075
0 1252
4 4096
1 4096
2 4096
0 1591
2 4096
2 4096
3 4096
0 332
4 4096
1 4096
3 4096
2 4096
3 4096
0 1557
3 4096
2 4096
0 2587
1 4096
0 916
0 898
0 227
1 4096
2 4096
1 4096
1 4096
3 4096
0 1040
0 1065
2 4096
1 4096
0 1149
3 4096
3 4096
2 4096
0 2639
1 4096
1 4096
2 4096
2 4096
2 4096
1 4096
6 4096
4 4096
6 4096
0 302
0 1787
4 4096
5 4096
2 4096
1 4096
3 4096
0 1816
4 4096
2 4096
1 4096
0 584
3 4096
0 940
2 4096
2 4096
0 1111
1 4096
0 597
1 4096
5 4096
4 4096
1 4096
1 4096
0 3154
3 4096
2 4096
2 4096
2 4096
2 4096
1 4096
1 4096
0 1090
3 4096
3 4096
1 4096
1 4096
2 4096
0 1524
0 2158
0 1262
1 4096
2 4096
1 4096
2 4096
0 481
1 4096
0 513
4 4096
2 4096
1 4096
3 4096
6 4096
4 4096
1 4096
2 4096
2 4096
3 4096
4 4096
1 4096
2 4096
1 4096
3 4096
5 4096
1 4096
2 4096
1 4096
0 1077
3 4096
1 4096
0 2342
3 4096
1 4096
2 4096
1 4096
1 4096
5 4096
0 1302
1 4096
0 2163
1 4096
0 1487
3 4096
3 4096
1 4096
0 839
0 2772
2 4096
0 1319
2 4096
3 4096
